[32m[I 2022-04-14 21:45:52,405][0m Trial 832 finished with value: 0.5 and parameters: {'n_estimators': 563, 'min_samples_split': 0.011911238990890773, 'min_samples_leaf': 0.010178116512984874, 'min_weight_fraction_leaf': 0.1809664279605411, 'max_features': 0.6389938430036004, 'bootstrap': True, 'max_samples': 0.020958601490816468, 'oob_score': True}. Best is trial 796 with value: 0.7934330659150641.[0m
[32m[I 2022-04-14 21:46:05,471][0m Trial 833 finished with value: 0.7834279011069217 and parameters: {'n_estimators': 153, 'min_samples_split': 0.03304421390560025, 'min_samples_leaf': 0.03204192850426493, 'min_weight_fraction_leaf': 0.017675900402871265, 'max_features': 0.518212865242467, 'bootstrap': True, 'max_samples': 0.6067048843505854, 'oob_score': False}. Best is trial 796 with value: 0.7934330659150641.[0m
[32m[I 2022-04-14 21:46:13,466][0m Trial 834 finished with value: 0.7528075475698233 and parameters: {'n_estimators': 518, 'min_samples_split': 0.019097254844996858, 'min_samples_leaf': 0.001001138241930181, 'min_weight_fraction_leaf': 0.008550073874291367, 'max_features': 0.5793897606551003, 'bootstrap': True, 'max_samples': 0.03213604748031474, 'oob_score': False}. Best is trial 796 with value: 0.7934330659150641.[0m
[32m[I 2022-04-14 21:46:22,888][0m Trial 835 finished with value: 0.5 and parameters: {'n_estimators': 539, 'min_samples_split': 0.010231526086590108, 'min_samples_leaf': 0.015796448583924254, 'min_weight_fraction_leaf': 0.00014441387858480737, 'max_features': 0.5486027933710061, 'bootstrap': True, 'max_samples': 0.02060647632886464, 'oob_score': True}. Best is trial 796 with value: 0.7934330659150641.[0m
[32m[I 2022-04-14 21:46:49,344][0m Trial 836 finished with value: 0.7722329738241088 and parameters: {'n_estimators': 399, 'min_samples_split': 0.0011915399476423545, 'min_samples_leaf': 0.05388373159566773, 'min_weight_fraction_leaf': 0.040362781565249764, 'max_features': 0.6149379404291271, 'bootstrap': True, 'max_samples': 0.6230255998212508, 'oob_score': False}. Best is trial 796 with value: 0.7934330659150641.[0m
[32m[I 2022-04-14 21:48:14,020][0m Trial 837 finished with value: 0.7861940943372747 and parameters: {'n_estimators': 480, 'min_samples_split': 0.0464515892161308, 'min_samples_leaf': 0.0012087432779686498, 'min_weight_fraction_leaf': 0.023283274150625886, 'max_features': 0.5631184589433244, 'bootstrap': True, 'max_samples': 0.5612552481638933, 'oob_score': False}. Best is trial 796 with value: 0.7934330659150641.[0m
[32m[I 2022-04-14 21:48:23,432][0m Trial 838 finished with value: -1.0 and parameters: {'n_estimators': 574, 'min_samples_split': 0.36420988172235036, 'min_samples_leaf': 0.02572128476674586, 'min_weight_fraction_leaf': 0.00925933954386561, 'max_features': 0.5051384218958421, 'bootstrap': True, 'max_samples': 0.00011833037151991535, 'oob_score': True}. Best is trial 796 with value: 0.7934330659150641.[0m
[32m[I 2022-04-14 21:48:24,865][0m Trial 839 finished with value: 0.5 and parameters: {'n_estimators': 180, 'min_samples_split': 0.027437693554104834, 'min_samples_leaf': 0.39519352129022367, 'min_weight_fraction_leaf': 0.03298688855193578, 'max_features': 0.5321517280985407, 'bootstrap': True, 'max_samples': 0.03994484681397786, 'oob_score': False}. Best is trial 796 with value: 0.7934330659150641.[0m
[32m[I 2022-04-14 21:48:28,466][0m Trial 840 finished with value: -1.0 and parameters: {'n_estimators': 510, 'min_samples_split': 0.017376536794287786, 'min_samples_leaf': 0.01164156700854845, 'min_weight_fraction_leaf': 0.00020388812658753976, 'max_features': 0.599166083770969, 'bootstrap': True, 'max_samples': 0.00040900799290981976, 'oob_score': False}. Best is trial 796 with value: 0.7934330659150641.[0m
[32m[I 2022-04-14 21:49:37,009][0m Trial 841 finished with value: 0.7860885018258817 and parameters: {'n_estimators': 541, 'min_samples_split': 0.03587479379107733, 'min_samples_leaf': 0.020816293223500884, 'min_weight_fraction_leaf': 0.016619269978617582, 'max_features': 0.5687729141948996, 'bootstrap': True, 'max_samples': 0.5962692399477787, 'oob_score': False}. Best is trial 796 with value: 0.7934330659150641.[0m
[32m[I 2022-04-14 21:51:08,289][0m Trial 842 finished with value: 0.792127882610375 and parameters: {'n_estimators': 492, 'min_samples_split': 0.010415554664651808, 'min_samples_leaf': 0.008831626712930316, 'min_weight_fraction_leaf': 0.017997895039611262, 'max_features': 0.5823070417125759, 'bootstrap': True, 'max_samples': 0.5756294491106717, 'oob_score': True}. Best is trial 796 with value: 0.7934330659150641.[0m
[32m[I 2022-04-14 21:52:25,033][0m Trial 843 finished with value: 0.7858929544566042 and parameters: {'n_estimators': 485, 'min_samples_split': 0.02583899695987315, 'min_samples_leaf': 0.00961936108054693, 'min_weight_fraction_leaf': 0.03167175937693102, 'max_features': 0.6220646278992922, 'bootstrap': True, 'max_samples': 0.5466659752334655, 'oob_score': True}. Best is trial 796 with value: 0.7934330659150641.[0m
[32m[I 2022-04-14 21:53:02,037][0m Trial 844 finished with value: 0.7817945451278426 and parameters: {'n_estimators': 469, 'min_samples_split': 0.036640165941042115, 'min_samples_leaf': 0.03609486581675281, 'min_weight_fraction_leaf': 0.042712346807570634, 'max_features': 0.5830651238779063, 'bootstrap': True, 'max_samples': 0.567573983592699, 'oob_score': True}. Best is trial 796 with value: 0.7934330659150641.[0m
[32m[I 2022-04-14 21:53:25,304][0m Trial 845 finished with value: 0.785598095697263 and parameters: {'n_estimators': 164, 'min_samples_split': 0.023810588503230586, 'min_samples_leaf': 0.018482583993383095, 'min_weight_fraction_leaf': 0.02383519813806168, 'max_features': 0.5998002214534934, 'bootstrap': True, 'max_samples': 0.5756969671644, 'oob_score': True}. Best is trial 796 with value: 0.7934330659150641.[0m
[32m[I 2022-04-14 21:53:31,507][0m Trial 846 finished with value: 0.5 and parameters: {'n_estimators': 496, 'min_samples_split': 0.016064168307240313, 'min_samples_leaf': 0.026597103329948198, 'min_weight_fraction_leaf': 0.28611307437043715, 'max_features': 0.6465090292221711, 'bootstrap': True, 'max_samples': 0.5486735673213349, 'oob_score': True}. Best is trial 796 with value: 0.7934330659150641.[0m
[32m[I 2022-04-14 21:54:06,953][0m Trial 847 finished with value: 0.758820740416935 and parameters: {'n_estimators': 449, 'min_samples_split': 0.20681543154808088, 'min_samples_leaf': 0.010346350730378597, 'min_weight_fraction_leaf': 0.049819483683582994, 'max_features': 0.5834918484434533, 'bootstrap': True, 'max_samples': 0.6032153606630891, 'oob_score': True}. Best is trial 796 with value: 0.7934330659150641.[0m
[32m[I 2022-04-14 21:55:39,415][0m Trial 848 finished with value: 0.7861811082507735 and parameters: {'n_estimators': 418, 'min_samples_split': 0.04097512487491421, 'min_samples_leaf': 0.0014486519711428298, 'min_weight_fraction_leaf': 0.017627655610570732, 'max_features': 0.616348872736461, 'bootstrap': True, 'max_samples': 0.5846233743754429, 'oob_score': True}. Best is trial 796 with value: 0.7934330659150641.[0m
[32m[I 2022-04-14 21:55:46,007][0m Trial 849 finished with value: 0.5 and parameters: {'n_estimators': 493, 'min_samples_split': 0.4760433564622577, 'min_samples_leaf': 0.017198782277474952, 'min_weight_fraction_leaf': 0.032380301991420876, 'max_features': 0.659764641007561, 'bootstrap': True, 'max_samples': 0.5837359441738962, 'oob_score': True}. Best is trial 796 with value: 0.7934330659150641.[0m
[32m[I 2022-04-14 21:57:02,103][0m Trial 850 finished with value: 0.7858767314780637 and parameters: {'n_estimators': 457, 'min_samples_split': 0.02747228475003434, 'min_samples_leaf': 0.010230417250044645, 'min_weight_fraction_leaf': 0.02292326939176853, 'max_features': 0.5450908001346242, 'bootstrap': True, 'max_samples': 0.6327279766840392, 'oob_score': True}. Best is trial 796 with value: 0.7934330659150641.[0m
[32m[I 2022-04-14 21:57:50,621][0m Trial 851 finished with value: 0.7835149212045435 and parameters: {'n_estimators': 515, 'min_samples_split': 0.05253704406951208, 'min_samples_leaf': 0.030198351850548068, 'min_weight_fraction_leaf': 0.01556817461918563, 'max_features': 0.5956880022716927, 'bootstrap': True, 'max_samples': 0.5585134895795695, 'oob_score': True}. Best is trial 796 with value: 0.7934330659150641.[0m
[32m[I 2022-04-14 21:58:21,289][0m Trial 852 finished with value: 0.7767024006677457 and parameters: {'n_estimators': 477, 'min_samples_split': 0.01146666063751169, 'min_samples_leaf': 0.04460876450879403, 'min_weight_fraction_leaf': 0.00977221055587846, 'max_features': 0.5748402739490511, 'bootstrap': True, 'max_samples': 0.5997886254489189, 'oob_score': False}. Best is trial 796 with value: 0.7934330659150641.[0m
[32m[I 2022-04-14 21:59:20,191][0m Trial 853 finished with value: 0.7849556534817344 and parameters: {'n_estimators': 511, 'min_samples_split': 0.018138829659997316, 'min_samples_leaf': 0.019347099223328286, 'min_weight_fraction_leaf': 0.027450344686870985, 'max_features': 0.5239242819914448, 'bootstrap': True, 'max_samples': 0.541077390460659, 'oob_score': True}. Best is trial 796 with value: 0.7934330659150641.[0m
[32m[I 2022-04-14 22:00:28,236][0m Trial 854 finished with value: 0.7908498719673291 and parameters: {'n_estimators': 232, 'min_samples_split': 0.03346310102271079, 'min_samples_leaf': 0.0013699535938418612, 'min_weight_fraction_leaf': 0.009248477896002444, 'max_features': 0.6327069104672356, 'bootstrap': True, 'max_samples': 0.6168241750819466, 'oob_score': False}. Best is trial 796 with value: 0.7934330659150641.[0m
[32m[I 2022-04-14 22:01:39,359][0m Trial 855 finished with value: 0.7858954747274574 and parameters: {'n_estimators': 433, 'min_samples_split': 0.06908334179039485, 'min_samples_leaf': 0.010102620363822468, 'min_weight_fraction_leaf': 0.037246409059544246, 'max_features': 0.5502590483959577, 'bootstrap': True, 'max_samples': 0.6600880594826962, 'oob_score': True}. Best is trial 796 with value: 0.7934330659150641.[0m
[32m[I 2022-04-14 22:02:23,254][0m Trial 856 finished with value: 0.7586512278874784 and parameters: {'n_estimators': 485, 'min_samples_split': 0.2411122376900755, 'min_samples_leaf': 0.0010490299118508704, 'min_weight_fraction_leaf': 0.0002439227609369191, 'max_features': 0.5715390201260111, 'bootstrap': True, 'max_samples': 0.5756252979070762, 'oob_score': False}. Best is trial 796 with value: 0.7934330659150641.[0m
[32m[I 2022-04-14 22:03:21,306][0m Trial 857 finished with value: 0.7852389288155008 and parameters: {'n_estimators': 523, 'min_samples_split': 0.010077448013730101, 'min_samples_leaf': 0.02627444518384313, 'min_weight_fraction_leaf': 0.01869987804284961, 'max_features': 0.6041495625663934, 'bootstrap': True, 'max_samples': 0.5905722314571987, 'oob_score': False}. Best is trial 796 with value: 0.7934330659150641.[0m
[32m[I 2022-04-14 22:04:00,075][0m Trial 858 finished with value: 0.7802917496402415 and parameters: {'n_estimators': 469, 'min_samples_split': 0.025077219327310336, 'min_samples_leaf': 0.0168573690536501, 'min_weight_fraction_leaf': 0.026118528258079855, 'max_features': 0.2681265360761109, 'bootstrap': True, 'max_samples': 0.6451974053894274, 'oob_score': True}. Best is trial 796 with value: 0.7934330659150641.[0m
[32m[I 2022-04-14 22:05:18,742][0m Trial 859 finished with value: 0.7905641604601381 and parameters: {'n_estimators': 504, 'min_samples_split': 0.046505056732239515, 'min_samples_leaf': 0.010583501750529085, 'min_weight_fraction_leaf': 0.009179197799261758, 'max_features': 0.4950884818315782, 'bootstrap': True, 'max_samples': 0.6152235495962417, 'oob_score': False}. Best is trial 796 with value: 0.7934330659150641.[0m
[32m[I 2022-04-14 22:05:45,063][0m Trial 860 finished with value: 0.7727894743254463 and parameters: {'n_estimators': 455, 'min_samples_split': 0.011206426089909795, 'min_samples_leaf': 0.036703671928339045, 'min_weight_fraction_leaf': 0.016903869512858168, 'max_features': 0.327402928116699, 'bootstrap': True, 'max_samples': 0.555012727676998, 'oob_score': True}. Best is trial 796 with value: 0.7934330659150641.[0m
[32m[I 2022-04-14 22:06:18,840][0m Trial 861 finished with value: 0.7842918876460632 and parameters: {'n_estimators': 360, 'min_samples_split': 0.02000127937702329, 'min_samples_leaf': 0.02406150776181829, 'min_weight_fraction_leaf': 0.008610137206628843, 'max_features': 0.53373776075366, 'bootstrap': True, 'max_samples': 0.5352745290291361, 'oob_score': False}. Best is trial 796 with value: 0.7934330659150641.[0m
[32m[I 2022-04-14 22:07:56,807][0m Trial 862 finished with value: 0.791097996321561 and parameters: {'n_estimators': 527, 'min_samples_split': 0.03583487159601571, 'min_samples_leaf': 0.009084846956955234, 'min_weight_fraction_leaf': 9.667121975762832e-05, 'max_features': 0.559004516854125, 'bootstrap': True, 'max_samples': 0.5738655514753125, 'oob_score': False}. Best is trial 796 with value: 0.7934330659150641.[0m
[32m[I 2022-04-14 22:09:35,956][0m Trial 863 finished with value: 0.7860030270137428 and parameters: {'n_estimators': 540, 'min_samples_split': 0.009792757437573307, 'min_samples_leaf': 0.0010544790065497318, 'min_weight_fraction_leaf': 0.02947479861657854, 'max_features': 0.5761900734696194, 'bootstrap': True, 'max_samples': 0.5981970067297614, 'oob_score': True}. Best is trial 796 with value: 0.7934330659150641.[0m
[32m[I 2022-04-14 22:10:39,122][0m Trial 864 finished with value: 0.7861767784486348 and parameters: {'n_estimators': 490, 'min_samples_split': 0.026627165081728216, 'min_samples_leaf': 0.0172415027903515, 'min_weight_fraction_leaf': 0.01729650393403523, 'max_features': 0.5145372919770694, 'bootstrap': True, 'max_samples': 0.6359356821453811, 'oob_score': False}. Best is trial 796 with value: 0.7934330659150641.[0m
[32m[I 2022-04-14 22:11:33,410][0m Trial 865 finished with value: 0.7842031777548633 and parameters: {'n_estimators': 562, 'min_samples_split': 0.01775055226832837, 'min_samples_leaf': 0.026341847924505758, 'min_weight_fraction_leaf': 0.04077731409047951, 'max_features': 0.5451763806824995, 'bootstrap': True, 'max_samples': 0.5842086004347159, 'oob_score': True}. Best is trial 796 with value: 0.7934330659150641.[0m
[32m[I 2022-04-14 22:14:28,043][0m Trial 866 finished with value: 0.7844863090057905 and parameters: {'n_estimators': 441, 'min_samples_split': 0.00925208162173534, 'min_samples_leaf': 0.010115295720039883, 'min_weight_fraction_leaf': 0.015358012238790844, 'max_features': 0.5947848878708817, 'bootstrap': False, 'max_samples': 0.612333786458539}. Best is trial 796 with value: 0.7934330659150641.[0m
[32m[I 2022-04-14 22:22:16,060][0m Trial 867 finished with value: 0.7855206088366479 and parameters: {'n_estimators': 504, 'min_samples_split': 0.03298619006663052, 'min_samples_leaf': 0.0010279469327467749, 'min_weight_fraction_leaf': 0.00014399053837458806, 'max_features': 0.61684818851252, 'bootstrap': False, 'max_samples': 0.687310624004232}. Best is trial 796 with value: 0.7934330659150641.[0m
[32m[I 2022-04-14 22:24:35,364][0m Trial 868 finished with value: 0.7919171112487248 and parameters: {'n_estimators': 475, 'min_samples_split': 0.04440243687218918, 'min_samples_leaf': 0.01872603606111079, 'min_weight_fraction_leaf': 1.989821077554889e-05, 'max_features': 0.5661838668464544, 'bootstrap': False, 'max_samples': 0.5621632663259138}. Best is trial 796 with value: 0.7934330659150641.[0m
[32m[I 2022-04-14 22:25:04,131][0m Trial 869 finished with value: 0.7801973093533201 and parameters: {'n_estimators': 412, 'min_samples_split': 0.057386597146972376, 'min_samples_leaf': 0.03597702269331328, 'min_weight_fraction_leaf': 0.007303966310417834, 'max_features': 0.5857691665650283, 'bootstrap': True, 'max_samples': 0.5344653913016666, 'oob_score': False}. Best is trial 796 with value: 0.7934330659150641.[0m
[32m[I 2022-04-14 22:26:19,994][0m Trial 870 finished with value: 0.7850514543239802 and parameters: {'n_estimators': 453, 'min_samples_split': 0.06415793563261561, 'min_samples_leaf': 0.03343036322547969, 'min_weight_fraction_leaf': 0.008846197393425003, 'max_features': 0.6047566791741944, 'bootstrap': False, 'max_samples': 0.545159039331007}. Best is trial 796 with value: 0.7934330659150641.[0m
[32m[I 2022-04-14 22:27:04,552][0m Trial 871 finished with value: 0.7820267621219238 and parameters: {'n_estimators': 427, 'min_samples_split': 0.04659258259629777, 'min_samples_leaf': 0.053724944325527206, 'min_weight_fraction_leaf': 0.02229108023167933, 'max_features': 0.5699620237770644, 'bootstrap': False, 'max_samples': 0.5708733527903955}. Best is trial 796 with value: 0.7934330659150641.[0m
[32m[I 2022-04-14 22:28:05,642][0m Trial 872 finished with value: 0.7833223781791562 and parameters: {'n_estimators': 466, 'min_samples_split': 0.04082801860215035, 'min_samples_leaf': 0.04469675319458884, 'min_weight_fraction_leaf': 0.008670474395792027, 'max_features': 0.6254133261197522, 'bootstrap': False, 'max_samples': 0.5573999726977976}. Best is trial 796 with value: 0.7934330659150641.[0m
[32m[I 2022-04-14 22:28:19,305][0m Trial 873 finished with value: 0.7534484545222343 and parameters: {'n_estimators': 480, 'min_samples_split': 0.05054725343591739, 'min_samples_leaf': 0.22260244687978895, 'min_weight_fraction_leaf': 0.01798563897699531, 'max_features': 0.5852230634932174, 'bootstrap': False, 'max_samples': 0.5900870912238785}. Best is trial 796 with value: 0.7934330659150641.[0m
[32m[I 2022-04-14 22:29:08,031][0m Trial 874 finished with value: 0.7856310781448776 and parameters: {'n_estimators': 442, 'min_samples_split': 0.04225649326770384, 'min_samples_leaf': 0.025326816293075993, 'min_weight_fraction_leaf': 0.0001736736821498861, 'max_features': 0.5610878751208687, 'bootstrap': True, 'max_samples': 0.5610095695752889, 'oob_score': False}. Best is trial 796 with value: 0.7934330659150641.[0m
[32m[I 2022-04-14 22:31:24,094][0m Trial 875 finished with value: 0.7907313988672902 and parameters: {'n_estimators': 465, 'min_samples_split': 0.05017106920475492, 'min_samples_leaf': 0.01887758618727825, 'min_weight_fraction_leaf': 0.000506917869217529, 'max_features': 0.5988763572173194, 'bootstrap': False, 'max_samples': 0.5062346156747626}. Best is trial 796 with value: 0.7934330659150641.[0m
[32m[I 2022-04-14 22:32:58,923][0m Trial 876 finished with value: 0.7849899232659621 and parameters: {'n_estimators': 486, 'min_samples_split': 0.03703865932370676, 'min_samples_leaf': 0.03176681304096129, 'min_weight_fraction_leaf': 8.539113880575249e-05, 'max_features': 0.6639600975867869, 'bootstrap': False, 'max_samples': 0.5736282418928189}. Best is trial 796 with value: 0.7934330659150641.[0m
[32m[I 2022-04-14 22:34:20,115][0m Trial 877 finished with value: 0.7842618427117958 and parameters: {'n_estimators': 497, 'min_samples_split': 0.03148304317719854, 'min_samples_leaf': 0.020171983415839534, 'min_weight_fraction_leaf': 0.028501428241054363, 'max_features': 0.4113644636422834, 'bootstrap': False, 'max_samples': 0.6226053680781399}. Best is trial 796 with value: 0.7934330659150641.[0m
[32m[I 2022-04-14 22:35:17,663][0m Trial 878 finished with value: 0.7850524386516791 and parameters: {'n_estimators': 468, 'min_samples_split': 0.057761822780355646, 'min_samples_leaf': 0.017548839455592397, 'min_weight_fraction_leaf': 0.016696473053548502, 'max_features': 0.5671721559391482, 'bootstrap': True, 'max_samples': 0.5286357163490304, 'oob_score': True}. Best is trial 796 with value: 0.7934330659150641.[0m
[32m[I 2022-04-14 22:35:41,245][0m Trial 879 finished with value: 0.7704829295424671 and parameters: {'n_estimators': 450, 'min_samples_split': 0.042872890320230055, 'min_samples_leaf': 0.04349154151914329, 'min_weight_fraction_leaf': 0.16271878502694637, 'max_features': 0.5516024320250227, 'bootstrap': False, 'max_samples': 0.5959514964996347}. Best is trial 796 with value: 0.7934330659150641.[0m
[32m[I 2022-04-14 22:36:16,006][0m Trial 880 finished with value: 0.7787445423360475 and parameters: {'n_estimators': 500, 'min_samples_split': 0.026302848278553802, 'min_samples_leaf': 0.0831382007120201, 'min_weight_fraction_leaf': 0.02554598639755168, 'max_features': 0.5835843409608437, 'bootstrap': False, 'max_samples': 0.559617275615003}. Best is trial 796 with value: 0.7934330659150641.[0m
[32m[I 2022-04-14 22:37:12,523][0m Trial 881 finished with value: 0.7730213080255284 and parameters: {'n_estimators': 524, 'min_samples_split': 0.22488037486140244, 'min_samples_leaf': 0.02721722278071924, 'min_weight_fraction_leaf': 0.014071423217799243, 'max_features': 0.6405507278769496, 'bootstrap': False, 'max_samples': 0.6023894841737684}. Best is trial 796 with value: 0.7934330659150641.[0m
[32m[I 2022-04-14 22:37:59,603][0m Trial 882 finished with value: 0.7746437166794276 and parameters: {'n_estimators': 480, 'min_samples_split': 0.025602218571281858, 'min_samples_leaf': 0.016092253097167067, 'min_weight_fraction_leaf': 0.0959335756055712, 'max_features': 0.6068566405229607, 'bootstrap': False, 'max_samples': 0.5774950859472501}. Best is trial 796 with value: 0.7934330659150641.[0m
[32m[I 2022-04-14 22:38:08,471][0m Trial 883 finished with value: 0.7445299905750777 and parameters: {'n_estimators': 590, 'min_samples_split': 0.03250662808897809, 'min_samples_leaf': 0.16475813416298865, 'min_weight_fraction_leaf': 0.03552755890004239, 'max_features': 0.5558215994090077, 'bootstrap': True, 'max_samples': 0.5882738373025562, 'oob_score': False}. Best is trial 796 with value: 0.7934330659150641.[0m
