[32m[I 2022-04-14 03:59:36,955][0m Trial 187 finished with value: 0.7807499036858215 and parameters: {'n_estimators': 106, 'min_samples_split': 0.011537109232401076, 'min_samples_leaf': 0.011802182604203779, 'min_weight_fraction_leaf': 0.05101626107383253, 'max_features': 0.7765996455367372, 'bootstrap': False, 'max_samples': 0.3427260478132188}. Best is trial 161 with value: 0.7897821417730769.[0m
[32m[I 2022-04-14 04:00:10,587][0m Trial 188 finished with value: 0.788623471221389 and parameters: {'n_estimators': 120, 'min_samples_split': 0.036240915616723206, 'min_samples_leaf': 0.024148147899419204, 'min_weight_fraction_leaf': 0.010351362769484613, 'max_features': 0.7911237741553917, 'bootstrap': False, 'max_samples': 0.37644451898955783}. Best is trial 161 with value: 0.7897821417730769.[0m
[32m[I 2022-04-14 04:00:35,831][0m Trial 189 finished with value: 0.7841611700790623 and parameters: {'n_estimators': 114, 'min_samples_split': 0.046297945427178966, 'min_samples_leaf': 0.0348787647474498, 'min_weight_fraction_leaf': 0.02566795811617866, 'max_features': 0.7245216861944319, 'bootstrap': False, 'max_samples': 0.36407857300353275}. Best is trial 161 with value: 0.7897821417730769.[0m
[32m[I 2022-04-14 04:01:15,482][0m Trial 190 finished with value: 0.7887649345107575 and parameters: {'n_estimators': 137, 'min_samples_split': 0.03581852062645029, 'min_samples_leaf': 0.022922200256162203, 'min_weight_fraction_leaf': 0.010713686010266996, 'max_features': 0.7543602980113908, 'bootstrap': False, 'max_samples': 0.43510208286036306}. Best is trial 161 with value: 0.7897821417730769.[0m
[32m[I 2022-04-14 04:01:53,508][0m Trial 191 finished with value: 0.787280007231717 and parameters: {'n_estimators': 125, 'min_samples_split': 0.03594416588135076, 'min_samples_leaf': 0.024985789228583667, 'min_weight_fraction_leaf': 0.008166907653299816, 'max_features': 0.7577363401176516, 'bootstrap': False, 'max_samples': 0.3829985347841976}. Best is trial 161 with value: 0.7897821417730769.[0m
[32m[I 2022-04-14 04:02:44,168][0m Trial 192 finished with value: 0.781083914848912 and parameters: {'n_estimators': 136, 'min_samples_split': 0.029568656029638582, 'min_samples_leaf': 0.009749568750664994, 'min_weight_fraction_leaf': 0.016824698637032127, 'max_features': 0.7451137220952917, 'bootstrap': False, 'max_samples': 0.4392634500562544}. Best is trial 161 with value: 0.7897821417730769.[0m
[32m[I 2022-04-14 04:03:21,234][0m Trial 193 finished with value: 0.7871005146741497 and parameters: {'n_estimators': 118, 'min_samples_split': 0.053455673475567386, 'min_samples_leaf': 0.018155769327332462, 'min_weight_fraction_leaf': 0.00020746331667005624, 'max_features': 0.7773313615546928, 'bootstrap': False, 'max_samples': 0.3961979916713481}. Best is trial 161 with value: 0.7897821417730769.[0m
[32m[I 2022-04-14 04:03:49,646][0m Trial 194 finished with value: 0.7825007425893821 and parameters: {'n_estimators': 128, 'min_samples_split': 0.023674967387637087, 'min_samples_leaf': 0.03679994792307859, 'min_weight_fraction_leaf': 0.02961522811577884, 'max_features': 0.7033224745359352, 'bootstrap': False, 'max_samples': 0.47232951004374474}. Best is trial 161 with value: 0.7897821417730769.[0m
[32m[I 2022-04-14 04:05:11,810][0m Trial 195 finished with value: 0.7832541360063158 and parameters: {'n_estimators': 147, 'min_samples_split': 0.01844592534539651, 'min_samples_leaf': 0.001428543156688767, 'min_weight_fraction_leaf': 0.011773013317860785, 'max_features': 0.7960976741560248, 'bootstrap': False, 'max_samples': 0.4497383602023499}. Best is trial 161 with value: 0.7897821417730769.[0m
[32m[I 2022-04-14 04:05:40,360][0m Trial 196 finished with value: 0.7818371707123161 and parameters: {'n_estimators': 107, 'min_samples_split': 0.03901006645844452, 'min_samples_leaf': 0.02993572034142478, 'min_weight_fraction_leaf': 0.020402343048835297, 'max_features': 0.758067443200211, 'bootstrap': False, 'max_samples': 0.4924294434336514}. Best is trial 161 with value: 0.7897821417730769.[0m
[32m[I 2022-04-14 04:06:07,389][0m Trial 197 finished with value: 0.7811465283828636 and parameters: {'n_estimators': 112, 'min_samples_split': 0.03367838826750101, 'min_samples_leaf': 0.044594462165720605, 'min_weight_fraction_leaf': 0.040875805264515425, 'max_features': 0.8178887785600446, 'bootstrap': False, 'max_samples': 0.41385879076428045}. Best is trial 161 with value: 0.7897821417730769.[0m
[32m[I 2022-04-14 04:06:15,827][0m Trial 198 finished with value: 0.7679372973955763 and parameters: {'n_estimators': 139, 'min_samples_split': 0.013439794995059318, 'min_samples_leaf': 0.0184033580823534, 'min_weight_fraction_leaf': 0.00970160481746454, 'max_features': 0.11096640454519857, 'bootstrap': False, 'max_samples': 0.4536592652323842}. Best is trial 161 with value: 0.7897821417730769.[0m
[32m[I 2022-04-14 04:06:26,456][0m Trial 199 finished with value: 0.7860066575967798 and parameters: {'n_estimators': 120, 'min_samples_split': 0.04510193297674685, 'min_samples_leaf': 0.02483087330780312, 'min_weight_fraction_leaf': 0.024694054445780714, 'max_features': 0.7313868073601801, 'bootstrap': True, 'max_samples': 0.4265597995484063, 'oob_score': True}. Best is trial 161 with value: 0.7897821417730769.[0m
[32m[I 2022-04-14 04:06:59,500][0m Trial 200 finished with value: 0.7810848232545838 and parameters: {'n_estimators': 100, 'min_samples_split': 0.022411301421049086, 'min_samples_leaf': 0.013346668987266469, 'min_weight_fraction_leaf': 0.03507979362848404, 'max_features': 0.7828743948514864, 'bootstrap': False, 'max_samples': 0.5198416182189904}. Best is trial 161 with value: 0.7897821417730769.[0m
[32m[I 2022-04-14 04:07:36,120][0m Trial 201 finished with value: 0.7887003892313187 and parameters: {'n_estimators': 122, 'min_samples_split': 0.009881813843533847, 'min_samples_leaf': 0.024287185703910516, 'min_weight_fraction_leaf': 0.011819738789556927, 'max_features': 0.8005167133509021, 'bootstrap': False, 'max_samples': 0.9728435187954408}. Best is trial 161 with value: 0.7897821417730769.[0m
[32m[I 2022-04-14 04:08:10,381][0m Trial 202 finished with value: 0.7816842303882219 and parameters: {'n_estimators': 132, 'min_samples_split': 0.01104620176568875, 'min_samples_leaf': 0.034745852060552106, 'min_weight_fraction_leaf': 0.008994900894358247, 'max_features': 0.8069675720154321, 'bootstrap': False, 'max_samples': 0.9782896883114901}. Best is trial 161 with value: 0.7897821417730769.[0m
[32m[I 2022-04-14 04:08:44,274][0m Trial 203 finished with value: 0.7910881346320834 and parameters: {'n_estimators': 113, 'min_samples_split': 0.028639433291088284, 'min_samples_leaf': 0.024500269874158515, 'min_weight_fraction_leaf': 0.01721684422885407, 'max_features': 0.7626864710804898, 'bootstrap': False, 'max_samples': 0.9719248373258803}. Best is trial 203 with value: 0.7910881346320834.[0m
[32m[I 2022-04-14 04:09:22,388][0m Trial 204 finished with value: 0.7850750569709442 and parameters: {'n_estimators': 126, 'min_samples_split': 0.0012383665205146967, 'min_samples_leaf': 0.0259667086989662, 'min_weight_fraction_leaf': 0.01992429464747636, 'max_features': 0.8392624655723409, 'bootstrap': False, 'max_samples': 0.9410704415836062}. Best is trial 203 with value: 0.7910881346320834.[0m
[32m[I 2022-04-14 04:09:47,102][0m Trial 205 finished with value: 0.7805686148719785 and parameters: {'n_estimators': 116, 'min_samples_split': 0.02859186734752, 'min_samples_leaf': 0.05715596815795715, 'min_weight_fraction_leaf': 9.851113855409259e-05, 'max_features': 0.7674194216597308, 'bootstrap': False, 'max_samples': 0.9257518928648975}. Best is trial 203 with value: 0.7910881346320834.[0m
[32m[I 2022-04-14 04:10:15,357][0m Trial 206 finished with value: 0.781469330290646 and parameters: {'n_estimators': 120, 'min_samples_split': 0.018289636363787793, 'min_samples_leaf': 0.0432137446437003, 'min_weight_fraction_leaf': 0.018306432837892853, 'max_features': 0.788298754391292, 'bootstrap': False, 'max_samples': 0.9987865912418358}. Best is trial 203 with value: 0.7910881346320834.[0m
[32m[I 2022-04-14 04:10:47,584][0m Trial 207 finished with value: 0.7815748438842557 and parameters: {'n_estimators': 112, 'min_samples_split': 0.009691306034071931, 'min_samples_leaf': 0.01985728117938384, 'min_weight_fraction_leaf': 0.03100544608812604, 'max_features': 0.7533933285292694, 'bootstrap': False, 'max_samples': 0.978704196382013}. Best is trial 203 with value: 0.7910881346320834.[0m
[32m[I 2022-04-14 04:11:12,644][0m Trial 208 finished with value: 0.772835556724986 and parameters: {'n_estimators': 124, 'min_samples_split': 0.03277477630230637, 'min_samples_leaf': 0.03333570648536069, 'min_weight_fraction_leaf': 0.15227910543460513, 'max_features': 0.8158094202613735, 'bootstrap': False, 'max_samples': 0.9773689464125043}. Best is trial 203 with value: 0.7910881346320834.[0m
[32m[I 2022-04-14 04:11:39,063][0m Trial 209 finished with value: 0.7713425295921137 and parameters: {'n_estimators': 115, 'min_samples_split': 0.2987721583055937, 'min_samples_leaf': 0.026117679113936483, 'min_weight_fraction_leaf': 0.010834071058311391, 'max_features': 0.7701532853841799, 'bootstrap': False, 'max_samples': 0.9483179720054253}. Best is trial 203 with value: 0.7910881346320834.[0m
[32m[I 2022-04-14 04:12:34,196][0m Trial 210 finished with value: 0.7876549065944171 and parameters: {'n_estimators': 131, 'min_samples_split': 0.018612410223980642, 'min_samples_leaf': 0.01081237471588285, 'min_weight_fraction_leaf': 0.022671877670703403, 'max_features': 0.7915648750937708, 'bootstrap': False, 'max_samples': 0.16375865994109856}. Best is trial 203 with value: 0.7910881346320834.[0m
[32m[I 2022-04-14 04:13:33,483][0m Trial 211 finished with value: 0.7874969452929771 and parameters: {'n_estimators': 106, 'min_samples_split': 0.010103237808022327, 'min_samples_leaf': 0.009679876343418034, 'min_weight_fraction_leaf': 0.008341412528992273, 'max_features': 0.746583357412384, 'bootstrap': False, 'max_samples': 0.9669511040995846}. Best is trial 203 with value: 0.7910881346320834.[0m
[32m[I 2022-04-14 04:14:11,390][0m Trial 212 finished with value: 0.788954230015951 and parameters: {'n_estimators': 108, 'min_samples_split': 0.025478596850261305, 'min_samples_leaf': 0.018856930591398067, 'min_weight_fraction_leaf': 0.013830069258133106, 'max_features': 0.7206200879222946, 'bootstrap': False, 'max_samples': 0.4833161402087927}. Best is trial 203 with value: 0.7910881346320834.[0m
[32m[I 2022-04-14 04:14:48,794][0m Trial 213 finished with value: 0.7888809041473455 and parameters: {'n_estimators': 110, 'min_samples_split': 0.02686750809036585, 'min_samples_leaf': 0.019059283419964164, 'min_weight_fraction_leaf': 0.015395304435626124, 'max_features': 0.7171903718756928, 'bootstrap': False, 'max_samples': 0.8906851360979527}. Best is trial 203 with value: 0.7910881346320834.[0m
[32m[I 2022-04-14 04:15:15,217][0m Trial 214 finished with value: 0.7875510731368391 and parameters: {'n_estimators': 112, 'min_samples_split': 0.0010568358800595017, 'min_samples_leaf': 0.03883451446574786, 'min_weight_fraction_leaf': 0.027470972852014604, 'max_features': 0.712223819240258, 'bootstrap': False, 'max_samples': 0.8802841337498746}. Best is trial 203 with value: 0.7910881346320834.[0m
[32m[I 2022-04-14 04:15:37,852][0m Trial 215 finished with value: 0.7751573263829474 and parameters: {'n_estimators': 120, 'min_samples_split': 0.331846771495115, 'min_samples_leaf': 0.019120189362773175, 'min_weight_fraction_leaf': 0.01848504360868701, 'max_features': 0.6836341957104387, 'bootstrap': False, 'max_samples': 0.9126557614140611}. Best is trial 203 with value: 0.7910881346320834.[0m
[32m[I 2022-04-14 04:16:07,270][0m Trial 216 finished with value: 0.7850169401259709 and parameters: {'n_estimators': 118, 'min_samples_split': 0.022390505376138178, 'min_samples_leaf': 0.03171043641075418, 'min_weight_fraction_leaf': 0.042422876061977505, 'max_features': 0.7252961247345127, 'bootstrap': False, 'max_samples': 0.9458724826530849}. Best is trial 203 with value: 0.7910881346320834.[0m
[32m[I 2022-04-14 04:16:52,675][0m Trial 217 finished with value: 0.7881702721515346 and parameters: {'n_estimators': 110, 'min_samples_split': 0.04127146460565073, 'min_samples_leaf': 0.01666684409746474, 'min_weight_fraction_leaf': 0.0008960166511244594, 'max_features': 0.7659458991789106, 'bootstrap': False, 'max_samples': 0.9116670228999109}. Best is trial 203 with value: 0.7910881346320834.[0m
[32m[I 2022-04-14 04:17:39,721][0m Trial 218 finished with value: 0.7798996300075475 and parameters: {'n_estimators': 109, 'min_samples_split': 0.04332051479240705, 'min_samples_leaf': 0.011808388728464311, 'min_weight_fraction_leaf': 0.000510118590690195, 'max_features': 0.7398920315831943, 'bootstrap': False, 'max_samples': 0.8672617657815188}. Best is trial 203 with value: 0.7910881346320834.[0m
[32m[I 2022-04-14 04:18:03,975][0m Trial 219 finished with value: 0.7801080365449125 and parameters: {'n_estimators': 112, 'min_samples_split': 0.039500084258232634, 'min_samples_leaf': 0.04840078682259457, 'min_weight_fraction_leaf': 0.015616128956375618, 'max_features': 0.7587385582022919, 'bootstrap': False, 'max_samples': 0.918636169478495}. Best is trial 203 with value: 0.7910881346320834.[0m
[32m[I 2022-04-14 04:18:39,415][0m Trial 220 finished with value: 0.7821085760429092 and parameters: {'n_estimators': 103, 'min_samples_split': 0.056860856264248215, 'min_samples_leaf': 0.0017564950212309756, 'min_weight_fraction_leaf': 0.029688029584452116, 'max_features': 0.6984564507098872, 'bootstrap': False, 'max_samples': 0.8940529612773676}. Best is trial 203 with value: 0.7910881346320834.[0m
[32m[I 2022-04-14 04:19:14,664][0m Trial 221 finished with value: 0.7914552734175826 and parameters: {'n_estimators': 124, 'min_samples_split': 0.02796047141449942, 'min_samples_leaf': 0.02418669073782201, 'min_weight_fraction_leaf': 0.009387076507651153, 'max_features': 0.7717474002598297, 'bootstrap': False, 'max_samples': 0.9543274521827544}. Best is trial 221 with value: 0.7914552734175826.[0m
[32m[I 2022-04-14 04:19:54,038][0m Trial 222 finished with value: 0.7870902309867202 and parameters: {'n_estimators': 116, 'min_samples_split': 0.029684058178192557, 'min_samples_leaf': 0.01774755664294629, 'min_weight_fraction_leaf': 0.017671235103821025, 'max_features': 0.7665548258751004, 'bootstrap': False, 'max_samples': 0.9637216186703387}. Best is trial 221 with value: 0.7914552734175826.[0m
[32m[I 2022-04-14 04:20:27,659][0m Trial 223 finished with value: 0.7828154342967915 and parameters: {'n_estimators': 123, 'min_samples_split': 0.017272403420666743, 'min_samples_leaf': 0.030158727253930987, 'min_weight_fraction_leaf': 0.0062616585895758844, 'max_features': 0.7389839708855007, 'bootstrap': False, 'max_samples': 0.9943037563415139}. Best is trial 221 with value: 0.7914552734175826.[0m
[32m[I 2022-04-14 04:21:05,101][0m Trial 224 finished with value: 0.7871516766289135 and parameters: {'n_estimators': 127, 'min_samples_split': 0.048995564355520466, 'min_samples_leaf': 0.02498377489947047, 'min_weight_fraction_leaf': 0.0003684234641631468, 'max_features': 0.7745807952728649, 'bootstrap': False, 'max_samples': 0.9427876932669799}. Best is trial 221 with value: 0.7914552734175826.[0m
[32m[I 2022-04-14 04:21:07,580][0m Trial 225 finished with value: 0.6398506229988932 and parameters: {'n_estimators': 109, 'min_samples_split': 0.2678604329357601, 'min_samples_leaf': 0.42792577147629085, 'min_weight_fraction_leaf': 0.01981457286832245, 'max_features': 0.7171588829015266, 'bootstrap': False, 'max_samples': 0.9250762445699345}. Best is trial 221 with value: 0.7914552734175826.[0m
[32m[I 2022-04-14 04:21:51,179][0m Trial 226 finished with value: 0.7807465070233347 and parameters: {'n_estimators': 115, 'min_samples_split': 0.03666784273698124, 'min_samples_leaf': 0.01619505651429914, 'min_weight_fraction_leaf': 0.011058723242198747, 'max_features': 0.753113068950225, 'bootstrap': False, 'max_samples': 0.47698599752674314}. Best is trial 221 with value: 0.7914552734175826.[0m
[32m[I 2022-04-14 04:22:15,877][0m Trial 227 finished with value: 0.7829350523404764 and parameters: {'n_estimators': 105, 'min_samples_split': 0.026154732279268563, 'min_samples_leaf': 0.03782995037197508, 'min_weight_fraction_leaf': 0.02714360425792832, 'max_features': 0.7840566979244266, 'bootstrap': False, 'max_samples': 0.5072584197700037}. Best is trial 221 with value: 0.7914552734175826.[0m
[32m[I 2022-04-14 04:22:56,924][0m Trial 228 finished with value: 0.7833562441717123 and parameters: {'n_estimators': 135, 'min_samples_split': 0.011025291362357435, 'min_samples_leaf': 0.008747324319994693, 'min_weight_fraction_leaf': 0.03786200750070311, 'max_features': 0.8036464122465214, 'bootstrap': False, 'max_samples': 0.9536727469414072}. Best is trial 221 with value: 0.7914552734175826.[0m
[32m[I 2022-04-14 04:23:06,434][0m Trial 229 finished with value: 0.7607693695305553 and parameters: {'n_estimators': 118, 'min_samples_split': 0.020745819448749668, 'min_samples_leaf': 0.1982648455567975, 'min_weight_fraction_leaf': 9.16457523443305e-05, 'max_features': 0.7346963301475192, 'bootstrap': False, 'max_samples': 0.964288748528761}. Best is trial 221 with value: 0.7914552734175826.[0m
[32m[I 2022-04-14 04:23:35,716][0m Trial 230 finished with value: 0.7873662040459115 and parameters: {'n_estimators': 110, 'min_samples_split': 0.03470680199796778, 'min_samples_leaf': 0.027900359216710663, 'min_weight_fraction_leaf': 0.01610409692718887, 'max_features': 0.7742619393322957, 'bootstrap': False, 'max_samples': 0.9069447047933016}. Best is trial 221 with value: 0.7914552734175826.[0m
[32m[I 2022-04-14 04:24:21,106][0m Trial 231 finished with value: 0.7870632031477376 and parameters: {'n_estimators': 126, 'min_samples_split': 0.007727226496851886, 'min_samples_leaf': 0.019801335156646074, 'min_weight_fraction_leaf': 0.01070952113051894, 'max_features': 0.8084071946354225, 'bootstrap': False, 'max_samples': 0.7867978238140368}. Best is trial 221 with value: 0.7914552734175826.[0m
[32m[I 2022-04-14 04:24:59,987][0m Trial 232 finished with value: 0.7851874112791976 and parameters: {'n_estimators': 121, 'min_samples_split': 0.013791215064390723, 'min_samples_leaf': 0.02650242062835189, 'min_weight_fraction_leaf': 0.009376763752539312, 'max_features': 0.8295078183978835, 'bootstrap': False, 'max_samples': 0.9295567400452298}. Best is trial 221 with value: 0.7914552734175826.[0m
[32m[I 2022-04-14 04:27:58,555][0m Trial 233 finished with value: 0.7877954146359221 and parameters: {'n_estimators': 485, 'min_samples_split': 0.0011545270678450167, 'min_samples_leaf': 0.015310064973498433, 'min_weight_fraction_leaf': 0.023156977297728427, 'max_features': 0.7945238857909188, 'bootstrap': False, 'max_samples': 0.48466749905251844}. Best is trial 221 with value: 0.7914552734175826.[0m
[32m[I 2022-04-14 04:28:10,296][0m Trial 234 finished with value: 0.6459254313001762 and parameters: {'n_estimators': 114, 'min_samples_split': 0.02258391295912886, 'min_samples_leaf': 0.03589989888291479, 'min_weight_fraction_leaf': 0.4844120408462844, 'max_features': 0.7569846952161776, 'bootstrap': False, 'max_samples': 0.8916805164793198}. Best is trial 221 with value: 0.7914552734175826.[0m
[32m[I 2022-04-14 04:28:44,696][0m Trial 235 finished with value: 0.7914275339391996 and parameters: {'n_estimators': 121, 'min_samples_split': 0.013062771330011835, 'min_samples_leaf': 0.024594718926883075, 'min_weight_fraction_leaf': 0.01576664361854702, 'max_features': 0.7669095339851701, 'bootstrap': False, 'max_samples': 0.3169620739696625}. Best is trial 221 with value: 0.7914552734175826.[0m
[32m[I 2022-04-14 04:29:25,534][0m Trial 236 finished with value: 0.7867237451911984 and parameters: {'n_estimators': 128, 'min_samples_split': 0.030020309063250192, 'min_samples_leaf': 0.009285215764457243, 'min_weight_fraction_leaf': 0.026691687882875927, 'max_features': 0.7612306098730537, 'bootstrap': False, 'max_samples': 0.3574686224221592}. Best is trial 221 with value: 0.7914552734175826.[0m
[32m[I 2022-04-14 04:29:29,629][0m Trial 237 finished with value: 0.7677603927960218 and parameters: {'n_estimators': 117, 'min_samples_split': 0.014439894427530086, 'min_samples_leaf': 0.04564838773025667, 'min_weight_fraction_leaf': 0.016685532795601997, 'max_features': 0.7448851967381465, 'bootstrap': True, 'max_samples': 0.3184080171435319, 'oob_score': False}. Best is trial 221 with value: 0.7914552734175826.[0m
[32m[I 2022-04-14 04:29:54,941][0m Trial 238 finished with value: 0.7852189114395319 and parameters: {'n_estimators': 108, 'min_samples_split': 0.043315357577435536, 'min_samples_leaf': 0.02456944016200952, 'min_weight_fraction_leaf': 0.03380505277248899, 'max_features': 0.7191860659785946, 'bootstrap': False, 'max_samples': 0.3844326761438958}. Best is trial 221 with value: 0.7914552734175826.[0m
[32m[I 2022-04-14 04:30:25,299][0m Trial 239 finished with value: 0.7799941660157168 and parameters: {'n_estimators': 123, 'min_samples_split': 0.024249691722219587, 'min_samples_leaf': 0.0356398841227767, 'min_weight_fraction_leaf': 0.007647052708234266, 'max_features': 0.7783162571803182, 'bootstrap': False, 'max_samples': 0.27122548799208984}. Best is trial 221 with value: 0.7914552734175826.[0m
[32m[I 2022-04-14 04:30:57,820][0m Trial 240 finished with value: 0.7880689350238461 and parameters: {'n_estimators': 103, 'min_samples_split': 0.01247845151495604, 'min_samples_leaf': 0.01754566946770529, 'min_weight_fraction_leaf': 0.01976164966861066, 'max_features': 0.7684169928494334, 'bootstrap': False, 'max_samples': 0.43222412868068344}. Best is trial 221 with value: 0.7914552734175826.[0m
