[32m[I 2022-04-14 14:56:48,589][0m Trial 619 finished with value: 0.763177616823221 and parameters: {'n_estimators': 628, 'min_samples_split': 0.0011814296374124036, 'min_samples_leaf': 0.14205214444459105, 'min_weight_fraction_leaf': 0.02433905824084909, 'max_features': 0.4794849690338051, 'bootstrap': False, 'max_samples': 0.012072067308534905}. Best is trial 525 with value: 0.7931633376737273.[0m
[32m[I 2022-04-14 15:01:32,150][0m Trial 620 finished with value: 0.7852698609028191 and parameters: {'n_estimators': 643, 'min_samples_split': 0.010690790856533525, 'min_samples_leaf': 0.0013727127516081402, 'min_weight_fraction_leaf': 0.015911932807492618, 'max_features': 0.5134893508953239, 'bootstrap': False, 'max_samples': 0.0027110330785687156}. Best is trial 525 with value: 0.7931633376737273.[0m
[32m[I 2022-04-14 15:07:47,112][0m Trial 621 finished with value: 0.789045502512123 and parameters: {'n_estimators': 605, 'min_samples_split': 0.001802164058155654, 'min_samples_leaf': 0.0012264133004946188, 'min_weight_fraction_leaf': 0.009677718194748934, 'max_features': 0.5017056632743043, 'bootstrap': False, 'max_samples': 0.022546053705269173}. Best is trial 525 with value: 0.7931633376737273.[0m
[32m[I 2022-04-14 15:07:56,445][0m Trial 622 finished with value: -1.0 and parameters: {'n_estimators': 597, 'min_samples_split': 0.013573161220383385, 'min_samples_leaf': 0.010810916036336167, 'min_weight_fraction_leaf': 0.033610991870842044, 'max_features': 0.5294064993942849, 'bootstrap': True, 'max_samples': 0.0008964914422673401, 'oob_score': True}. Best is trial 525 with value: 0.7931633376737273.[0m
[32m[I 2022-04-14 15:09:20,789][0m Trial 623 finished with value: 0.7834751008450387 and parameters: {'n_estimators': 635, 'min_samples_split': 0.0016349265050479473, 'min_samples_leaf': 0.04388470073527972, 'min_weight_fraction_leaf': 0.02309784511871506, 'max_features': 0.5136551605498207, 'bootstrap': False, 'max_samples': 0.02811033495098679}. Best is trial 525 with value: 0.7931633376737273.[0m
[32m[I 2022-04-14 15:12:33,977][0m Trial 624 finished with value: 0.7845821902874761 and parameters: {'n_estimators': 564, 'min_samples_split': 0.01010032018591664, 'min_samples_leaf': 0.017611835567570757, 'min_weight_fraction_leaf': 0.010805815045086296, 'max_features': 0.538227802308169, 'bootstrap': False, 'max_samples': 0.5704124152629183}. Best is trial 525 with value: 0.7931633376737273.[0m
[32m[I 2022-04-14 15:13:03,695][0m Trial 625 finished with value: 0.7565549371316045 and parameters: {'n_estimators': 666, 'min_samples_split': 0.01870374095129239, 'min_samples_leaf': 0.008731019402131035, 'min_weight_fraction_leaf': 0.25652066069289214, 'max_features': 0.5545100745393378, 'bootstrap': False, 'max_samples': 0.027564320318124128}. Best is trial 525 with value: 0.7931633376737273.[0m
[32m[I 2022-04-14 15:17:44,191][0m Trial 626 finished with value: 0.785235204340653 and parameters: {'n_estimators': 599, 'min_samples_split': 0.00965003015041041, 'min_samples_leaf': 0.0010595240793528742, 'min_weight_fraction_leaf': 0.017617651725556998, 'max_features': 0.4920372754586115, 'bootstrap': False, 'max_samples': 0.2761138676898743}. Best is trial 525 with value: 0.7931633376737273.[0m
[32m[I 2022-04-14 15:19:55,358][0m Trial 627 finished with value: 0.7842318298307597 and parameters: {'n_estimators': 576, 'min_samples_split': 0.0010828430887479187, 'min_samples_leaf': 0.024681894955289843, 'min_weight_fraction_leaf': 0.009134621114021893, 'max_features': 0.5334567528632541, 'bootstrap': False, 'max_samples': 0.03832576893578232}. Best is trial 525 with value: 0.7931633376737273.[0m
[32m[I 2022-04-14 15:21:17,443][0m Trial 628 finished with value: 0.7840290542041262 and parameters: {'n_estimators': 537, 'min_samples_split': 0.02831856611440235, 'min_samples_leaf': 0.03300412685938443, 'min_weight_fraction_leaf': 0.026346321461312747, 'max_features': 0.4330756147178254, 'bootstrap': False, 'max_samples': 0.6181101288015854}. Best is trial 525 with value: 0.7931633376737273.[0m
[32m[I 2022-04-14 15:23:50,857][0m Trial 629 finished with value: 0.7844063350347167 and parameters: {'n_estimators': 615, 'min_samples_split': 0.01968577953797284, 'min_samples_leaf': 0.01496663489500252, 'min_weight_fraction_leaf': 0.034623639746157654, 'max_features': 0.5159643509378198, 'bootstrap': False, 'max_samples': 0.013985889100759024}. Best is trial 525 with value: 0.7931633376737273.[0m
[32m[I 2022-04-14 15:26:39,600][0m Trial 630 finished with value: 0.7844036575047604 and parameters: {'n_estimators': 565, 'min_samples_split': 0.011369621511117173, 'min_samples_leaf': 0.018885547131009733, 'min_weight_fraction_leaf': 0.008939831686015101, 'max_features': 0.561760848382688, 'bootstrap': False, 'max_samples': 0.5206692303324836}. Best is trial 525 with value: 0.7931633376737273.[0m
[32m[I 2022-04-14 15:29:26,938][0m Trial 631 finished with value: 0.783954839853879 and parameters: {'n_estimators': 495, 'min_samples_split': 0.02699811285769936, 'min_samples_leaf': 0.009475020858001554, 'min_weight_fraction_leaf': 0.01971233698845172, 'max_features': 0.5406289177990554, 'bootstrap': False, 'max_samples': 0.5912054532700297}. Best is trial 525 with value: 0.7931633376737273.[0m
[32m[I 2022-04-14 15:30:40,994][0m Trial 632 finished with value: 0.7773397912297418 and parameters: {'n_estimators': 521, 'min_samples_split': 0.2165070750624718, 'min_samples_leaf': 0.0010551486370951012, 'min_weight_fraction_leaf': 0.008572102202723588, 'max_features': 0.5801935475118456, 'bootstrap': False, 'max_samples': 0.5509734454774142}. Best is trial 525 with value: 0.7931633376737273.[0m
[32m[I 2022-04-14 15:31:17,252][0m Trial 633 finished with value: 0.7725953150866129 and parameters: {'n_estimators': 472, 'min_samples_split': 0.2692356337269616, 'min_samples_leaf': 0.030033308573740078, 'min_weight_fraction_leaf': 0.0005168993101538468, 'max_features': 0.5559133344584528, 'bootstrap': False, 'max_samples': 0.045654995980103495}. Best is trial 525 with value: 0.7931633376737273.[0m
[32m[I 2022-04-14 15:32:06,177][0m Trial 634 finished with value: 0.7714353417792765 and parameters: {'n_estimators': 583, 'min_samples_split': 0.28821434668662166, 'min_samples_leaf': 0.01870036756497412, 'min_weight_fraction_leaf': 0.015436372602758519, 'max_features': 0.5273108252877456, 'bootstrap': False, 'max_samples': 0.31567069819810295}. Best is trial 525 with value: 0.7931633376737273.[0m
[32m[I 2022-04-14 15:35:24,218][0m Trial 635 finished with value: 0.7913694105487086 and parameters: {'n_estimators': 543, 'min_samples_split': 0.010237738425485574, 'min_samples_leaf': 0.009213485968300206, 'min_weight_fraction_leaf': 0.024543605879658537, 'max_features': 0.575923965147451, 'bootstrap': False, 'max_samples': 0.8002126499830509}. Best is trial 525 with value: 0.7931633376737273.[0m
[32m[I 2022-04-14 15:36:53,138][0m Trial 636 finished with value: 0.7815280290359092 and parameters: {'n_estimators': 551, 'min_samples_split': 0.027689288837941042, 'min_samples_leaf': 0.04080104833571207, 'min_weight_fraction_leaf': 0.03855058994521643, 'max_features': 0.6026538509045107, 'bootstrap': False, 'max_samples': 0.8319593974609465}. Best is trial 525 with value: 0.7931633376737273.[0m
[32m[I 2022-04-14 15:40:11,120][0m Trial 637 finished with value: 0.7840231425178279 and parameters: {'n_estimators': 607, 'min_samples_split': 0.02050871835586402, 'min_samples_leaf': 0.009661269414663103, 'min_weight_fraction_leaf': 0.026657453903827028, 'max_features': 0.5803931715843457, 'bootstrap': False, 'max_samples': 0.7642054702002319}. Best is trial 525 with value: 0.7931633376737273.[0m
[32m[I 2022-04-14 15:40:47,549][0m Trial 638 finished with value: 0.7564735533931864 and parameters: {'n_estimators': 652, 'min_samples_split': 0.01659970585270125, 'min_samples_leaf': 0.02483365209170232, 'min_weight_fraction_leaf': 0.1960537655497222, 'max_features': 0.5742396699289509, 'bootstrap': False, 'max_samples': 0.632601399905705}. Best is trial 525 with value: 0.7931633376737273.[0m
[32m[I 2022-04-14 15:42:51,789][0m Trial 639 finished with value: 0.7839663128707063 and parameters: {'n_estimators': 547, 'min_samples_split': 0.01018038175797074, 'min_samples_leaf': 0.00971037489726627, 'min_weight_fraction_leaf': 0.027396859176746953, 'max_features': 0.47032839724428294, 'bootstrap': False, 'max_samples': 0.676503267135982}. Best is trial 525 with value: 0.7931633376737273.[0m
[32m[I 2022-04-14 15:44:20,778][0m Trial 640 finished with value: 0.7863990450670485 and parameters: {'n_estimators': 576, 'min_samples_split': 0.030174737166024174, 'min_samples_leaf': 0.02372139131269196, 'min_weight_fraction_leaf': 0.042717561708179905, 'max_features': 0.613892764943336, 'bootstrap': True, 'max_samples': 0.8874361066071125, 'oob_score': False}. Best is trial 525 with value: 0.7931633376737273.[0m
[32m[I 2022-04-14 15:44:40,664][0m Trial 641 finished with value: 0.7711073328804463 and parameters: {'n_estimators': 628, 'min_samples_split': 0.018674044565775906, 'min_samples_leaf': 0.17417063941905828, 'min_weight_fraction_leaf': 6.0760929067302205e-05, 'max_features': 0.5903727855812392, 'bootstrap': False, 'max_samples': 0.8160022282434338}. Best is trial 525 with value: 0.7931633376737273.[0m
[32m[I 2022-04-14 15:47:20,838][0m Trial 642 finished with value: 0.7847862039614775 and parameters: {'n_estimators': 539, 'min_samples_split': 0.031455097009398275, 'min_samples_leaf': 0.018494950570506645, 'min_weight_fraction_leaf': 0.018830054493221726, 'max_features': 0.5691246066024936, 'bootstrap': False, 'max_samples': 0.7151094332089442}. Best is trial 525 with value: 0.7931633376737273.[0m
[32m[I 2022-04-14 15:48:02,319][0m Trial 643 finished with value: 0.7639454159741041 and parameters: {'n_estimators': 585, 'min_samples_split': 0.01107848119669141, 'min_samples_leaf': 0.0014747949735600362, 'min_weight_fraction_leaf': 0.13392328208461451, 'max_features': 0.5448571433998122, 'bootstrap': False, 'max_samples': 0.03606014348978294}. Best is trial 525 with value: 0.7931633376737273.[0m
[32m[I 2022-04-14 15:49:28,584][0m Trial 644 finished with value: 0.785231808127054 and parameters: {'n_estimators': 515, 'min_samples_split': 0.02002450125376001, 'min_samples_leaf': 0.03503068561894429, 'min_weight_fraction_leaf': 0.03462242550934902, 'max_features': 0.599544940498024, 'bootstrap': False, 'max_samples': 0.02693792081433528}. Best is trial 525 with value: 0.7931633376737273.[0m
[32m[I 2022-04-14 15:49:32,925][0m Trial 645 finished with value: 0.6048874788337486 and parameters: {'n_estimators': 530, 'min_samples_split': 0.0013273703476969815, 'min_samples_leaf': 0.009740180663280851, 'min_weight_fraction_leaf': 0.4967058914412681, 'max_features': 0.06948022245023677, 'bootstrap': False, 'max_samples': 0.001346874590433842}. Best is trial 525 with value: 0.7931633376737273.[0m
[32m[I 2022-04-14 15:54:41,908][0m Trial 646 finished with value: 0.7844683270066903 and parameters: {'n_estimators': 561, 'min_samples_split': 0.011032328323555943, 'min_samples_leaf': 0.0012829708207433895, 'min_weight_fraction_leaf': 0.016159362448444542, 'max_features': 0.565631442695694, 'bootstrap': False, 'max_samples': 0.01896196006598759}. Best is trial 525 with value: 0.7931633376737273.[0m
[32m[I 2022-04-14 15:57:43,083][0m Trial 647 finished with value: 0.7837578487486878 and parameters: {'n_estimators': 618, 'min_samples_split': 0.024164916185249213, 'min_samples_leaf': 0.017698466855731412, 'min_weight_fraction_leaf': 0.0224906222111587, 'max_features': 0.5123942256777158, 'bootstrap': False, 'max_samples': 0.6053719340473962}. Best is trial 525 with value: 0.7931633376737273.[0m
[32m[I 2022-04-14 15:59:54,238][0m Trial 648 finished with value: 0.7839874748258241 and parameters: {'n_estimators': 594, 'min_samples_split': 0.011659821788692898, 'min_samples_leaf': 0.028627099947104193, 'min_weight_fraction_leaf': 0.0004174771164648858, 'max_features': 0.6189971699934503, 'bootstrap': False, 'max_samples': 0.8514491653281969}. Best is trial 525 with value: 0.7931633376737273.[0m
[32m[I 2022-04-14 16:02:33,446][0m Trial 649 finished with value: 0.789279287494346 and parameters: {'n_estimators': 562, 'min_samples_split': 0.03155678451931416, 'min_samples_leaf': 0.010203506167439843, 'min_weight_fraction_leaf': 0.010589234604449434, 'max_features': 0.36332832532947107, 'bootstrap': False, 'max_samples': 0.7290149588472185}. Best is trial 525 with value: 0.7931633376737273.[0m
[32m[I 2022-04-14 16:03:33,999][0m Trial 650 finished with value: 0.7834628077767861 and parameters: {'n_estimators': 507, 'min_samples_split': 0.021556348800334097, 'min_samples_leaf': 0.047225720572560866, 'min_weight_fraction_leaf': 0.027841059256856194, 'max_features': 0.5362898640565397, 'bootstrap': False, 'max_samples': 0.6933412955818068}. Best is trial 525 with value: 0.7931633376737273.[0m
[32m[I 2022-04-14 16:06:42,367][0m Trial 651 finished with value: 0.7905669244611326 and parameters: {'n_estimators': 664, 'min_samples_split': 0.008875677529469527, 'min_samples_leaf': 0.01748422448317957, 'min_weight_fraction_leaf': 0.015639255723247432, 'max_features': 0.45465722710839046, 'bootstrap': False, 'max_samples': 0.648615975987449}. Best is trial 525 with value: 0.7931633376737273.[0m
[32m[I 2022-04-14 16:08:45,842][0m Trial 652 finished with value: 0.7837630823960458 and parameters: {'n_estimators': 538, 'min_samples_split': 0.01801832947731337, 'min_samples_leaf': 0.026511118842619762, 'min_weight_fraction_leaf': 0.00869134212178114, 'max_features': 0.4963682115713627, 'bootstrap': False, 'max_samples': 0.7922932171032899}. Best is trial 525 with value: 0.7931633376737273.[0m
[32m[I 2022-04-14 16:12:32,677][0m Trial 653 finished with value: 0.7915754351221025 and parameters: {'n_estimators': 594, 'min_samples_split': 0.001416304728108625, 'min_samples_leaf': 0.009497756347292751, 'min_weight_fraction_leaf': 0.022228475330271624, 'max_features': 0.590980545713806, 'bootstrap': False, 'max_samples': 0.05326849177137364}. Best is trial 525 with value: 0.7931633376737273.[0m
[32m[I 2022-04-14 16:14:31,169][0m Trial 654 finished with value: 0.7855047450999887 and parameters: {'n_estimators': 627, 'min_samples_split': 0.009957927139030391, 'min_samples_leaf': 0.035823939447469026, 'min_weight_fraction_leaf': 0.009073883486656546, 'max_features': 0.5923485152544873, 'bootstrap': False, 'max_samples': 0.04946073223242526}. Best is trial 525 with value: 0.7931633376737273.[0m
[32m[I 2022-04-14 16:15:24,350][0m Trial 655 finished with value: 0.782587285773673 and parameters: {'n_estimators': 161, 'min_samples_split': 0.0015939020072820679, 'min_samples_leaf': 0.0013755074925115751, 'min_weight_fraction_leaf': 0.03713062538991172, 'max_features': 0.6161180142673203, 'bootstrap': False, 'max_samples': 0.05558404929386678}. Best is trial 525 with value: 0.7931633376737273.[0m
[32m[I 2022-04-14 16:18:56,501][0m Trial 656 finished with value: 0.7904394231450407 and parameters: {'n_estimators': 601, 'min_samples_split': 0.03167809315270342, 'min_samples_leaf': 0.018731015382418854, 'min_weight_fraction_leaf': 0.00021108010491247404, 'max_features': 0.5488010492855923, 'bootstrap': False, 'max_samples': 0.04378810276336999}. Best is trial 525 with value: 0.7931633376737273.[0m
[32m[I 2022-04-14 16:21:42,677][0m Trial 657 finished with value: 0.7843532397241473 and parameters: {'n_estimators': 644, 'min_samples_split': 0.018775045209219868, 'min_samples_leaf': 0.026259083429181436, 'min_weight_fraction_leaf': 0.016823711677070672, 'max_features': 0.5907790884060043, 'bootstrap': False, 'max_samples': 0.02444760934528268}. Best is trial 525 with value: 0.7931633376737273.[0m
[32m[I 2022-04-14 16:21:44,311][0m Trial 658 finished with value: 0.6468100907543695 and parameters: {'n_estimators': 176, 'min_samples_split': 0.0018403640330940819, 'min_samples_leaf': 0.4574494393964373, 'min_weight_fraction_leaf': 0.00014887087768165484, 'max_features': 0.5270581847840778, 'bootstrap': False, 'max_samples': 0.21945921457789475}. Best is trial 525 with value: 0.7931633376737273.[0m
[32m[I 2022-04-14 16:21:55,226][0m Trial 659 finished with value: 0.7525270544539826 and parameters: {'n_estimators': 446, 'min_samples_split': 0.0016151246831568624, 'min_samples_leaf': 0.010556489808850827, 'min_weight_fraction_leaf': 0.0198125290076314, 'max_features': 0.5615316968627568, 'bootstrap': True, 'max_samples': 0.060262459443957486, 'oob_score': True}. Best is trial 525 with value: 0.7931633376737273.[0m
[32m[I 2022-04-14 16:22:21,646][0m Trial 660 finished with value: 0.7702233468392218 and parameters: {'n_estimators': 595, 'min_samples_split': 0.026225437560097438, 'min_samples_leaf': 0.15662882717344048, 'min_weight_fraction_leaf': 0.009076146826377193, 'max_features': 0.6079652360654362, 'bootstrap': False, 'max_samples': 0.0013815033891150866}. Best is trial 525 with value: 0.7931633376737273.[0m
[32m[I 2022-04-14 16:25:02,811][0m Trial 661 finished with value: 0.7846086058126295 and parameters: {'n_estimators': 582, 'min_samples_split': 0.015857824120810476, 'min_samples_leaf': 0.018442250910031925, 'min_weight_fraction_leaf': 0.030444666233230323, 'max_features': 0.577775794025535, 'bootstrap': False, 'max_samples': 0.0735281169691181}. Best is trial 525 with value: 0.7931633376737273.[0m
[32m[I 2022-04-14 16:26:58,817][0m Trial 662 finished with value: 0.7832596735904322 and parameters: {'n_estimators': 618, 'min_samples_split': 0.010580251072233112, 'min_samples_leaf': 0.008271880904268017, 'min_weight_fraction_leaf': 0.05034488742419255, 'max_features': 0.5528594994224908, 'bootstrap': False, 'max_samples': 0.030509648796042798}. Best is trial 525 with value: 0.7931633376737273.[0m
[32m[I 2022-04-14 16:27:49,367][0m Trial 663 finished with value: 0.7828232752444968 and parameters: {'n_estimators': 572, 'min_samples_split': 0.03869447873566489, 'min_samples_leaf': 0.062842967927773, 'min_weight_fraction_leaf': 0.016084016696965808, 'max_features': 0.5187636263781173, 'bootstrap': False, 'max_samples': 0.05035266902270122}. Best is trial 525 with value: 0.7931633376737273.[0m
[32m[I 2022-04-14 16:33:10,580][0m Trial 664 finished with value: 0.7923333438078961 and parameters: {'n_estimators': 468, 'min_samples_split': 0.023693546069322686, 'min_samples_leaf': 0.0012885266169646685, 'min_weight_fraction_leaf': 0.008638366850497283, 'max_features': 0.5388422048965709, 'bootstrap': False, 'max_samples': 0.00022602208997821172}. Best is trial 525 with value: 0.7931633376737273.[0m
[32m[I 2022-04-14 16:37:26,823][0m Trial 665 finished with value: 0.7903541040942883 and parameters: {'n_estimators': 457, 'min_samples_split': 0.035065419040312365, 'min_samples_leaf': 0.0015390231816198238, 'min_weight_fraction_leaf': 0.010332640914382173, 'max_features': 0.4914276341998363, 'bootstrap': False, 'max_samples': 0.0008727996320908732}. Best is trial 525 with value: 0.7931633376737273.[0m
[32m[I 2022-04-14 16:43:51,426][0m Trial 666 finished with value: 0.7885562089172394 and parameters: {'n_estimators': 409, 'min_samples_split': 0.025983658062167708, 'min_samples_leaf': 0.0013808992136793638, 'min_weight_fraction_leaf': 0.0005139071872184433, 'max_features': 0.5354187490314473, 'bootstrap': False, 'max_samples': 0.019284756776470662}. Best is trial 525 with value: 0.7931633376737273.[0m
[32m[I 2022-04-14 16:47:11,965][0m Trial 667 finished with value: 0.7850513821464193 and parameters: {'n_estimators': 483, 'min_samples_split': 0.021481772597961166, 'min_samples_leaf': 0.013474085181663662, 'min_weight_fraction_leaf': 0.00019462367649723456, 'max_features': 0.5211842463643884, 'bootstrap': False, 'max_samples': 0.025321660453507977}. Best is trial 525 with value: 0.7931633376737273.[0m
[32m[I 2022-04-14 16:50:09,087][0m Trial 668 finished with value: 0.7843594991770041 and parameters: {'n_estimators': 444, 'min_samples_split': 0.034520557871138585, 'min_samples_leaf': 0.009753940239578554, 'min_weight_fraction_leaf': 0.023252588256493158, 'max_features': 0.5505917669210034, 'bootstrap': False, 'max_samples': 0.019614684435120773}. Best is trial 525 with value: 0.7931633376737273.[0m
[32m[I 2022-04-14 16:54:38,746][0m Trial 669 finished with value: 0.7898214492583349 and parameters: {'n_estimators': 476, 'min_samples_split': 0.019696904717506732, 'min_samples_leaf': 0.00949224047279487, 'min_weight_fraction_leaf': 0.00925438624151679, 'max_features': 0.5669289692251228, 'bootstrap': False, 'max_samples': 0.0003877105999315726}. Best is trial 525 with value: 0.7931633376737273.[0m
[32m[I 2022-04-14 16:59:18,358][0m Trial 670 finished with value: 0.7741203502686258 and parameters: {'n_estimators': 497, 'min_samples_split': 0.01001576846300686, 'min_samples_leaf': 0.01671590874537627, 'min_weight_fraction_leaf': 0.009518174144751878, 'max_features': 0.9120973764562773, 'bootstrap': False, 'max_samples': 0.037315119975372416}. Best is trial 525 with value: 0.7931633376737273.[0m
[32m[I 2022-04-14 17:06:18,519][0m Trial 671 finished with value: 0.774974645264263 and parameters: {'n_estimators': 379, 'min_samples_split': 0.0017398852494816004, 'min_samples_leaf': 0.0013981613202294144, 'min_weight_fraction_leaf': 5.5829569579465485e-05, 'max_features': 0.5066983592093265, 'bootstrap': False, 'max_samples': 0.04734384495980626}. Best is trial 525 with value: 0.7931633376737273.[0m
[32m[I 2022-04-14 17:10:22,286][0m Trial 672 finished with value: 0.7840729605471647 and parameters: {'n_estimators': 461, 'min_samples_split': 0.028504846300451903, 'min_samples_leaf': 0.0010119839204911056, 'min_weight_fraction_leaf': 0.018661691446906367, 'max_features': 0.5869584121856954, 'bootstrap': False, 'max_samples': 0.026116811922273706}. Best is trial 525 with value: 0.7931633376737273.[0m
