[32m[I 2022-04-14 02:53:24,016][0m Trial 79 finished with value: 0.78303370590157 and parameters: {'n_estimators': 312, 'min_samples_split': 0.05954003916822734, 'min_samples_leaf': 0.044076723666580345, 'min_weight_fraction_leaf': 0.032974045929142326, 'max_features': 0.820551888845877, 'bootstrap': False, 'max_samples': 0.5309697938233918}. Best is trial 61 with value: 0.7894562868051375.[0m
[32m[I 2022-04-14 02:53:32,503][0m Trial 80 finished with value: 0.7487923849922136 and parameters: {'n_estimators': 400, 'min_samples_split': 0.1315961924473598, 'min_samples_leaf': 0.06631300764691506, 'min_weight_fraction_leaf': 0.2389624088297892, 'max_features': 0.5886312863401179, 'bootstrap': True, 'max_samples': 0.6590261188919407, 'oob_score': False}. Best is trial 61 with value: 0.7894562868051375.[0m
[32m[I 2022-04-14 02:54:02,363][0m Trial 81 finished with value: 0.7821298923214128 and parameters: {'n_estimators': 164, 'min_samples_split': 0.07941296176297735, 'min_samples_leaf': 0.06265206102417516, 'min_weight_fraction_leaf': 0.016690682426112522, 'max_features': 0.7262246297129945, 'bootstrap': False, 'max_samples': 0.5548854739102513}. Best is trial 61 with value: 0.7894562868051375.[0m
[32m[I 2022-04-14 02:54:26,679][0m Trial 82 finished with value: 0.771758050114115 and parameters: {'n_estimators': 181, 'min_samples_split': 0.08611221246750721, 'min_samples_leaf': 0.10176954577423289, 'min_weight_fraction_leaf': 0.001658708240768998, 'max_features': 0.6930133210068673, 'bootstrap': False, 'max_samples': 0.6151330811309078}. Best is trial 61 with value: 0.7894562868051375.[0m
[32m[I 2022-04-14 02:54:55,899][0m Trial 83 finished with value: 0.7845545522706059 and parameters: {'n_estimators': 132, 'min_samples_split': 0.1057748427588727, 'min_samples_leaf': 0.03857412070180541, 'min_weight_fraction_leaf': 0.030958991048796958, 'max_features': 0.7075370020982782, 'bootstrap': False, 'max_samples': 0.5022630297959916}. Best is trial 61 with value: 0.7894562868051375.[0m
[32m[I 2022-04-14 02:55:19,244][0m Trial 84 finished with value: 0.7801039677671019 and parameters: {'n_estimators': 137, 'min_samples_split': 0.16562277214635537, 'min_samples_leaf': 0.04906753557900945, 'min_weight_fraction_leaf': 0.04914818321393016, 'max_features': 0.6328339370076469, 'bootstrap': False, 'max_samples': 0.4395234297094124}. Best is trial 61 with value: 0.7894562868051375.[0m
[32m[I 2022-04-14 02:55:58,605][0m Trial 85 finished with value: 0.7729265412985872 and parameters: {'n_estimators': 339, 'min_samples_split': 0.06574273354486404, 'min_samples_leaf': 0.08853045185599756, 'min_weight_fraction_leaf': 0.0160961503037929, 'max_features': 0.5234217204128601, 'bootstrap': False, 'max_samples': 0.5446181990457033}. Best is trial 61 with value: 0.7894562868051375.[0m
[32m[I 2022-04-14 02:57:09,315][0m Trial 86 finished with value: 0.7840831924381217 and parameters: {'n_estimators': 298, 'min_samples_split': 0.03334755099416955, 'min_samples_leaf': 0.02975799105969872, 'min_weight_fraction_leaf': 0.06727740273420782, 'max_features': 0.7858875498320079, 'bootstrap': False, 'max_samples': 0.7363907659183022}. Best is trial 61 with value: 0.7894562868051375.[0m
[32m[I 2022-04-14 02:57:20,012][0m Trial 87 finished with value: 0.7574813076968272 and parameters: {'n_estimators': 150, 'min_samples_split': 0.09749431874731387, 'min_samples_leaf': 0.215508038239329, 'min_weight_fraction_leaf': 0.03724053082889813, 'max_features': 0.6658057258852917, 'bootstrap': False, 'max_samples': 0.6428286315763823}. Best is trial 61 with value: 0.7894562868051375.[0m
[32m[I 2022-04-14 02:58:02,327][0m Trial 88 finished with value: 0.7827361321712056 and parameters: {'n_estimators': 221, 'min_samples_split': 0.07544744408659132, 'min_samples_leaf': 0.07357557896794932, 'min_weight_fraction_leaf': 0.023180846491855128, 'max_features': 0.8693525003989951, 'bootstrap': False, 'max_samples': 0.4198107990563196}. Best is trial 61 with value: 0.7894562868051375.[0m
[32m[I 2022-04-14 02:58:25,008][0m Trial 89 finished with value: 0.7709051656792496 and parameters: {'n_estimators': 122, 'min_samples_split': 0.0564972394817599, 'min_samples_leaf': 0.013821840414479635, 'min_weight_fraction_leaf': 0.10903764201437405, 'max_features': 0.6098938501627971, 'bootstrap': False, 'max_samples': 0.5738142141182256}. Best is trial 61 with value: 0.7894562868051375.[0m
[32m[I 2022-04-14 02:58:48,924][0m Trial 90 finished with value: 0.7869196994632316 and parameters: {'n_estimators': 105, 'min_samples_split': 0.11694965636689658, 'min_samples_leaf': 0.04120844082692597, 'min_weight_fraction_leaf': 0.05678472616502865, 'max_features': 0.7347636811052516, 'bootstrap': False, 'max_samples': 0.20655787599726827}. Best is trial 61 with value: 0.7894562868051375.[0m
[32m[I 2022-04-14 02:59:16,666][0m Trial 91 finished with value: 0.783747780685599 and parameters: {'n_estimators': 105, 'min_samples_split': 0.12424604897432234, 'min_samples_leaf': 0.026756881101557665, 'min_weight_fraction_leaf': 0.05723486369271023, 'max_features': 0.7349675611828451, 'bootstrap': False, 'max_samples': 0.07584740239677995}. Best is trial 61 with value: 0.7894562868051375.[0m
[32m[I 2022-04-14 02:59:41,834][0m Trial 92 finished with value: 0.7845642815371539 and parameters: {'n_estimators': 115, 'min_samples_split': 0.0854756073344734, 'min_samples_leaf': 0.04081680680676355, 'min_weight_fraction_leaf': 0.02668608830875526, 'max_features': 0.7009138693473436, 'bootstrap': False, 'max_samples': 0.22367339183428003}. Best is trial 61 with value: 0.7894562868051375.[0m
[32m[I 2022-04-14 02:59:44,248][0m Trial 93 finished with value: 0.6442348193116247 and parameters: {'n_estimators': 104, 'min_samples_split': 0.10267776065632897, 'min_samples_leaf': 0.4474944685409582, 'min_weight_fraction_leaf': 0.01412069108125026, 'max_features': 0.8131510788772145, 'bootstrap': False, 'max_samples': 0.1714014493175291}. Best is trial 61 with value: 0.7894562868051375.[0m
[32m[I 2022-04-14 03:00:50,941][0m Trial 94 finished with value: 0.7495900561184001 and parameters: {'n_estimators': 583, 'min_samples_split': 0.47714683401432667, 'min_samples_leaf': 0.05949680292666426, 'min_weight_fraction_leaf': 0.07612765809605299, 'max_features': 0.5731702023327652, 'bootstrap': False, 'max_samples': 0.16177857947181934}. Best is trial 61 with value: 0.7894562868051375.[0m
[32m[I 2022-04-14 03:01:08,451][0m Trial 95 finished with value: 0.7552741305626375 and parameters: {'n_estimators': 126, 'min_samples_split': 0.11502958428214197, 'min_samples_leaf': 0.08088274727465765, 'min_weight_fraction_leaf': 0.2115712411172702, 'max_features': 0.7501541978928759, 'bootstrap': False, 'max_samples': 0.4803600597627441}. Best is trial 61 with value: 0.7894562868051375.[0m
[32m[I 2022-04-14 03:01:43,466][0m Trial 96 finished with value: 0.7820765027981118 and parameters: {'n_estimators': 113, 'min_samples_split': 0.13632394006444246, 'min_samples_leaf': 0.010380552427115105, 'min_weight_fraction_leaf': 0.04019344023781941, 'max_features': 0.8378390358898693, 'bootstrap': False, 'max_samples': 0.009309468982349522}. Best is trial 61 with value: 0.7894562868051375.[0m
[32m[I 2022-04-14 03:01:50,615][0m Trial 97 finished with value: 0.5 and parameters: {'n_estimators': 271, 'min_samples_split': 0.010583572602105101, 'min_samples_leaf': 0.2463329258673993, 'min_weight_fraction_leaf': 0.008854257788136859, 'max_features': 0.7658434916813925, 'bootstrap': True, 'max_samples': 0.04696975291047385, 'oob_score': True}. Best is trial 61 with value: 0.7894562868051375.[0m
[32m[I 2022-04-14 03:03:06,346][0m Trial 98 finished with value: 0.7778220795254314 and parameters: {'n_estimators': 384, 'min_samples_split': 0.1555945036968282, 'min_samples_leaf': 0.028459477601734492, 'min_weight_fraction_leaf': 0.048804036966516876, 'max_features': 0.6509540387572432, 'bootstrap': False, 'max_samples': 0.3034036422700529}. Best is trial 61 with value: 0.7894562868051375.[0m
[32m[I 2022-04-14 03:03:23,449][0m Trial 99 finished with value: 0.773911606776988 and parameters: {'n_estimators': 120, 'min_samples_split': 0.05541374730329251, 'min_samples_leaf': 0.06613489981227857, 'min_weight_fraction_leaf': 0.1261813977579233, 'max_features': 0.7188821981087887, 'bootstrap': False, 'max_samples': 0.1851659905782692}. Best is trial 61 with value: 0.7894562868051375.[0m
[32m[I 2022-04-14 03:03:46,762][0m Trial 100 finished with value: 0.7765343063712276 and parameters: {'n_estimators': 137, 'min_samples_split': 0.18721822729807247, 'min_samples_leaf': 0.048783099254410614, 'min_weight_fraction_leaf': 0.09059135012912922, 'max_features': 0.6770611688827403, 'bootstrap': False, 'max_samples': 0.6994164660815279}. Best is trial 61 with value: 0.7894562868051375.[0m
[32m[I 2022-04-14 03:04:10,851][0m Trial 101 finished with value: 0.7858694114132482 and parameters: {'n_estimators': 115, 'min_samples_split': 0.08778076763707487, 'min_samples_leaf': 0.03846083170048964, 'min_weight_fraction_leaf': 0.02454637303533095, 'max_features': 0.7004336356869304, 'bootstrap': False, 'max_samples': 0.23148621951689663}. Best is trial 61 with value: 0.7894562868051375.[0m
[32m[I 2022-04-14 03:04:33,144][0m Trial 102 finished with value: 0.7841417222366232 and parameters: {'n_estimators': 109, 'min_samples_split': 0.09085675115559085, 'min_samples_leaf': 0.0372557229398081, 'min_weight_fraction_leaf': 0.02746990194752392, 'max_features': 0.62795977059864, 'bootstrap': False, 'max_samples': 0.5152311265740999}. Best is trial 61 with value: 0.7894562868051375.[0m
[32m[I 2022-04-14 03:04:52,619][0m Trial 103 finished with value: 0.7832703566366855 and parameters: {'n_estimators': 104, 'min_samples_split': 0.07227153124623378, 'min_samples_leaf': 0.05457729045949663, 'min_weight_fraction_leaf': 0.0013591078258852712, 'max_features': 0.7830169462487014, 'bootstrap': False, 'max_samples': 0.12962810324320878}. Best is trial 61 with value: 0.7894562868051375.[0m
[32m[I 2022-04-14 03:05:11,042][0m Trial 104 finished with value: 0.7810869223778787 and parameters: {'n_estimators': 114, 'min_samples_split': 0.03742621423733966, 'min_samples_leaf': 0.07055667361584786, 'min_weight_fraction_leaf': 0.03944073476369816, 'max_features': 0.6962640309106035, 'bootstrap': False, 'max_samples': 0.2565764453595003}. Best is trial 61 with value: 0.7894562868051375.[0m
[32m[I 2022-04-14 03:05:36,552][0m Trial 105 finished with value: 0.7823552890292241 and parameters: {'n_estimators': 128, 'min_samples_split': 0.05110612969581926, 'min_samples_leaf': 0.022231261007299774, 'min_weight_fraction_leaf': 0.06126846525525248, 'max_features': 0.591567881846861, 'bootstrap': False, 'max_samples': 0.3681096310180889}. Best is trial 61 with value: 0.7894562868051375.[0m
[32m[I 2022-04-14 03:06:21,422][0m Trial 106 finished with value: 0.78783020378476 and parameters: {'n_estimators': 106, 'min_samples_split': 0.06611320554116085, 'min_samples_leaf': 0.0048548287194324895, 'min_weight_fraction_leaf': 0.010624066332866642, 'max_features': 0.7325056080007967, 'bootstrap': False, 'max_samples': 0.45280822976332025}. Best is trial 61 with value: 0.7894562868051375.[0m
[32m[I 2022-04-14 03:06:57,407][0m Trial 107 finished with value: 0.7885035267569594 and parameters: {'n_estimators': 100, 'min_samples_split': 0.02536654970742292, 'min_samples_leaf': 0.00922098029801001, 'min_weight_fraction_leaf': 0.023873676543563635, 'max_features': 0.8014390212032567, 'bootstrap': False, 'max_samples': 0.4478570285133099}. Best is trial 61 with value: 0.7894562868051375.[0m
[32m[I 2022-04-14 03:07:30,887][0m Trial 108 finished with value: 0.7796370991176829 and parameters: {'n_estimators': 108, 'min_samples_split': 0.06699674354572796, 'min_samples_leaf': 0.0076709459154062016, 'min_weight_fraction_leaf': 0.05042465255298331, 'max_features': 0.806896441074813, 'bootstrap': False, 'max_samples': 0.44257308151533364}. Best is trial 61 with value: 0.7894562868051375.[0m
[32m[I 2022-04-14 03:08:22,039][0m Trial 109 finished with value: 0.7842447984031133 and parameters: {'n_estimators': 100, 'min_samples_split': 0.023859589802251592, 'min_samples_leaf': 0.0023253997126035757, 'min_weight_fraction_leaf': 0.02037766263474078, 'max_features': 0.8580926349168865, 'bootstrap': False, 'max_samples': 0.06316091963729575}. Best is trial 61 with value: 0.7894562868051375.[0m
[32m[I 2022-04-14 03:12:56,076][0m Trial 110 finished with value: 0.7811698746111648 and parameters: {'n_estimators': 906, 'min_samples_split': 0.1164828686224475, 'min_samples_leaf': 0.01156143571599141, 'min_weight_fraction_leaf': 0.03183410764498448, 'max_features': 0.8894851921046524, 'bootstrap': False, 'max_samples': 0.4593986382835459}. Best is trial 61 with value: 0.7894562868051375.[0m
[32m[I 2022-04-14 03:13:19,822][0m Trial 111 finished with value: 0.7830053602237166 and parameters: {'n_estimators': 104, 'min_samples_split': 0.04157720546366364, 'min_samples_leaf': 0.03094145307548317, 'min_weight_fraction_leaf': 0.009139744558673247, 'max_features': 0.7438876100535703, 'bootstrap': False, 'max_samples': 0.48977081665335037}. Best is trial 61 with value: 0.7894562868051375.[0m
[32m[I 2022-04-14 03:13:36,011][0m Trial 112 finished with value: 0.7547342822234864 and parameters: {'n_estimators': 119, 'min_samples_split': 0.020650663581493943, 'min_samples_leaf': 0.0451040432002328, 'min_weight_fraction_leaf': 0.26324525989596387, 'max_features': 0.7710417960921915, 'bootstrap': False, 'max_samples': 0.4034659673027996}. Best is trial 61 with value: 0.7894562868051375.[0m
[32m[I 2022-04-14 03:14:11,001][0m Trial 113 finished with value: 0.7877167912960668 and parameters: {'n_estimators': 113, 'min_samples_split': 0.031034976446597376, 'min_samples_leaf': 0.021246855190325042, 'min_weight_fraction_leaf': 0.02125015390426654, 'max_features': 0.8323160335572543, 'bootstrap': False, 'max_samples': 0.4530820936188737}. Best is trial 61 with value: 0.7894562868051375.[0m
[32m[I 2022-04-14 03:14:42,740][0m Trial 114 finished with value: 0.7809015193372446 and parameters: {'n_estimators': 108, 'min_samples_split': 0.06207897199157424, 'min_samples_leaf': 0.019410038423061993, 'min_weight_fraction_leaf': 0.04289676397824412, 'max_features': 0.9203261180881342, 'bootstrap': False, 'max_samples': 0.31978546920697304}. Best is trial 61 with value: 0.7894562868051375.[0m
[32m[I 2022-04-14 03:16:04,661][0m Trial 115 finished with value: 0.7781020571269449 and parameters: {'n_estimators': 252, 'min_samples_split': 0.09949857575497636, 'min_samples_leaf': 0.0010819309723640348, 'min_weight_fraction_leaf': 0.023347000680530708, 'max_features': 0.8238737593630044, 'bootstrap': False, 'max_samples': 0.35874828544409965}. Best is trial 61 with value: 0.7894562868051375.[0m
[32m[I 2022-04-14 03:16:13,104][0m Trial 116 finished with value: 0.7755372025916991 and parameters: {'n_estimators': 124, 'min_samples_split': 0.07371204220803781, 'min_samples_leaf': 0.03719835229000427, 'min_weight_fraction_leaf': 0.06456372126145188, 'max_features': 0.8021043213073016, 'bootstrap': True, 'max_samples': 0.5262667095622824, 'oob_score': False}. Best is trial 61 with value: 0.7894562868051375.[0m
[32m[I 2022-04-14 03:16:48,434][0m Trial 117 finished with value: 0.7873361697944309 and parameters: {'n_estimators': 114, 'min_samples_split': 0.007691316505514141, 'min_samples_leaf': 0.022897166299940368, 'min_weight_fraction_leaf': 0.010217351091467533, 'max_features': 0.7848747336638534, 'bootstrap': False, 'max_samples': 0.2470945088395337}. Best is trial 61 with value: 0.7894562868051375.[0m
[32m[I 2022-04-14 03:17:39,810][0m Trial 118 finished with value: 0.7854874745258863 and parameters: {'n_estimators': 115, 'min_samples_split': 0.008475508609183065, 'min_samples_leaf': 0.011200911895469151, 'min_weight_fraction_leaf': 3.8287624443187826e-05, 'max_features': 0.7887196802917755, 'bootstrap': False, 'max_samples': 0.19395861079006033}. Best is trial 61 with value: 0.7894562868051375.[0m
[32m[I 2022-04-14 03:18:34,830][0m Trial 119 finished with value: 0.782328728673178 and parameters: {'n_estimators': 115, 'min_samples_split': 0.008314616621381521, 'min_samples_leaf': 0.011244728091979217, 'min_weight_fraction_leaf': 0.00045681356086316877, 'max_features': 0.8507749453359451, 'bootstrap': False, 'max_samples': 0.2719719767888247}. Best is trial 61 with value: 0.7894562868051375.[0m
[32m[I 2022-04-14 03:19:06,744][0m Trial 120 finished with value: 0.7885968107148416 and parameters: {'n_estimators': 107, 'min_samples_split': 0.028435231385477377, 'min_samples_leaf': 0.023816861192311956, 'min_weight_fraction_leaf': 0.010158244737522217, 'max_features': 0.782594031597129, 'bootstrap': False, 'max_samples': 0.19315755485642586}. Best is trial 61 with value: 0.7894562868051375.[0m
[32m[I 2022-04-14 03:19:40,192][0m Trial 121 finished with value: 0.787936749243652 and parameters: {'n_estimators': 107, 'min_samples_split': 0.02726087861515336, 'min_samples_leaf': 0.021807861595933856, 'min_weight_fraction_leaf': 0.010086430319131276, 'max_features': 0.7847983068794063, 'bootstrap': False, 'max_samples': 0.18596541764680805}. Best is trial 61 with value: 0.7894562868051375.[0m
[32m[I 2022-04-14 03:20:05,398][0m Trial 122 finished with value: 0.7802954593999732 and parameters: {'n_estimators': 100, 'min_samples_split': 0.03357506262533734, 'min_samples_leaf': 0.03208763382122087, 'min_weight_fraction_leaf': 0.011888215609887929, 'max_features': 0.7665441487854047, 'bootstrap': False, 'max_samples': 0.22695226278601133}. Best is trial 61 with value: 0.7894562868051375.[0m
[32m[I 2022-04-14 03:20:36,346][0m Trial 123 finished with value: 0.7809188977968244 and parameters: {'n_estimators': 109, 'min_samples_split': 0.049470389873368784, 'min_samples_leaf': 0.023271291697106213, 'min_weight_fraction_leaf': 0.03292230263121109, 'max_features': 0.8360420180943684, 'bootstrap': False, 'max_samples': 0.19242519569325367}. Best is trial 61 with value: 0.7894562868051375.[0m
[32m[I 2022-04-14 03:20:42,782][0m Trial 124 finished with value: 0.7606387611339259 and parameters: {'n_estimators': 106, 'min_samples_split': 0.026564376071470108, 'min_samples_leaf': 0.2706301210830234, 'min_weight_fraction_leaf': 0.022014436877222522, 'max_features': 0.7339684295360852, 'bootstrap': False, 'max_samples': 0.24228841379683097}. Best is trial 61 with value: 0.7894562868051375.[0m
[32m[I 2022-04-14 03:21:17,270][0m Trial 125 finished with value: 0.789133018025877 and parameters: {'n_estimators': 122, 'min_samples_split': 0.0018045049538770244, 'min_samples_leaf': 0.02455390569592582, 'min_weight_fraction_leaf': 0.00986271764292675, 'max_features': 0.7552889646319928, 'bootstrap': False, 'max_samples': 0.13249444246487305}. Best is trial 61 with value: 0.7894562868051375.[0m
[32m[I 2022-04-14 03:21:52,435][0m Trial 126 finished with value: 0.7885814328602144 and parameters: {'n_estimators': 121, 'min_samples_split': 0.0013814316445858055, 'min_samples_leaf': 0.027673054421492472, 'min_weight_fraction_leaf': 0.008351978611638512, 'max_features': 0.7912955635462009, 'bootstrap': False, 'max_samples': 0.12854577043292822}. Best is trial 61 with value: 0.7894562868051375.[0m
[32m[I 2022-04-14 03:22:30,307][0m Trial 127 finished with value: 0.7878000323661177 and parameters: {'n_estimators': 121, 'min_samples_split': 0.004715230596600541, 'min_samples_leaf': 0.022003786000216817, 'min_weight_fraction_leaf': 0.01173957785661108, 'max_features': 0.7924203917471635, 'bootstrap': False, 'max_samples': 0.13350254277744056}. Best is trial 61 with value: 0.7894562868051375.[0m
[32m[I 2022-04-14 03:23:07,260][0m Trial 128 finished with value: 0.7877194997662869 and parameters: {'n_estimators': 120, 'min_samples_split': 0.004201207218819577, 'min_samples_leaf': 0.021572096838735726, 'min_weight_fraction_leaf': 0.01175763399476085, 'max_features': 0.8213520678139506, 'bootstrap': False, 'max_samples': 0.14215252687006785}. Best is trial 61 with value: 0.7894562868051375.[0m
[32m[I 2022-04-14 03:23:51,602][0m Trial 129 finished with value: 0.7807038190784901 and parameters: {'n_estimators': 128, 'min_samples_split': 0.001621026067783196, 'min_samples_leaf': 0.021110122063266033, 'min_weight_fraction_leaf': 0.010780983630555187, 'max_features': 0.8825061860883519, 'bootstrap': False, 'max_samples': 0.178414695825305}. Best is trial 61 with value: 0.7894562868051375.[0m
[32m[I 2022-04-14 03:24:30,921][0m Trial 130 finished with value: 0.7821082245267236 and parameters: {'n_estimators': 120, 'min_samples_split': 0.01566934643202013, 'min_samples_leaf': 0.00921478418484306, 'min_weight_fraction_leaf': 0.03378957357831167, 'max_features': 0.8223366748139587, 'bootstrap': False, 'max_samples': 0.11903091450957648}. Best is trial 61 with value: 0.7894562868051375.[0m
[32m[I 2022-04-14 03:25:08,517][0m Trial 131 finished with value: 0.7872220328541257 and parameters: {'n_estimators': 130, 'min_samples_split': 0.003372583053316637, 'min_samples_leaf': 0.02551222171127051, 'min_weight_fraction_leaf': 0.009620543346942807, 'max_features': 0.7824533961218003, 'bootstrap': False, 'max_samples': 0.15759806398114495}. Best is trial 61 with value: 0.7894562868051375.[0m
[32m[I 2022-04-14 03:25:45,692][0m Trial 132 finished with value: 0.7879952344127945 and parameters: {'n_estimators': 122, 'min_samples_split': 0.0027532865868151596, 'min_samples_leaf': 0.023117988543041867, 'min_weight_fraction_leaf': 0.0105242702117331, 'max_features': 0.8003713230266044, 'bootstrap': False, 'max_samples': 0.1452531675976456}. Best is trial 61 with value: 0.7894562868051375.[0m
