[32m[I 2022-04-13 18:18:38,562][0m Trial 432 finished with value: 0.73068609841526 and parameters: {'n_estimators': 217, 'min_samples_split': 0.09864441047814061, 'min_samples_leaf': 0.06324279358380765, 'min_weight_fraction_leaf': 0.3998552193336018, 'max_features': 0.8469763362476145, 'bootstrap': False, 'max_samples': 0.8925050041249829}. Best is trial 394 with value: 0.8941171376114454.[0m
[32m[I 2022-04-13 18:19:32,691][0m Trial 433 finished with value: 0.8916574988862734 and parameters: {'n_estimators': 240, 'min_samples_split': 0.11918406913032467, 'min_samples_leaf': 0.04804639888289124, 'min_weight_fraction_leaf': 0.037763628564085334, 'max_features': 0.8250975376131341, 'bootstrap': False, 'max_samples': 0.865952437840204}. Best is trial 394 with value: 0.8941171376114454.[0m
[32m[I 2022-04-13 18:20:07,936][0m Trial 434 finished with value: 0.8908331194410216 and parameters: {'n_estimators': 192, 'min_samples_split': 0.10633193860323838, 'min_samples_leaf': 0.07759828391071696, 'min_weight_fraction_leaf': 0.011113587318491353, 'max_features': 0.8032329244323213, 'bootstrap': False, 'max_samples': 0.9230922809539931}. Best is trial 394 with value: 0.8941171376114454.[0m
[32m[I 2022-04-13 18:20:43,904][0m Trial 435 finished with value: 0.8877127763241475 and parameters: {'n_estimators': 205, 'min_samples_split': 0.08202508680569652, 'min_samples_leaf': 0.09312170647272008, 'min_weight_fraction_leaf': 0.030042087465100734, 'max_features': 0.8349833064287984, 'bootstrap': False, 'max_samples': 0.8968247288651677}. Best is trial 394 with value: 0.8941171376114454.[0m
[32m[I 2022-04-13 18:21:32,610][0m Trial 436 finished with value: 0.8936823393056793 and parameters: {'n_estimators': 228, 'min_samples_split': 0.12999578300065082, 'min_samples_leaf': 0.05796520916241945, 'min_weight_fraction_leaf': 0.023607888540181178, 'max_features': 0.8162372492153569, 'bootstrap': False, 'max_samples': 0.019053810855823847}. Best is trial 394 with value: 0.8941171376114454.[0m
[32m[I 2022-04-13 18:22:21,606][0m Trial 437 finished with value: 0.8918473309459248 and parameters: {'n_estimators': 243, 'min_samples_split': 0.12893119983447301, 'min_samples_leaf': 0.060983656149602314, 'min_weight_fraction_leaf': 0.023283517291491012, 'max_features': 0.7513088192755766, 'bootstrap': False, 'max_samples': 0.9397654164206197}. Best is trial 394 with value: 0.8941171376114454.[0m
[32m[I 2022-04-13 18:23:03,515][0m Trial 438 finished with value: 0.8919321661052069 and parameters: {'n_estimators': 231, 'min_samples_split': 0.1484857282121333, 'min_samples_leaf': 0.073025295748549, 'min_weight_fraction_leaf': 0.010330977986954672, 'max_features': 0.7849694230723642, 'bootstrap': False, 'max_samples': 0.9591402766329575}. Best is trial 394 with value: 0.8941171376114454.[0m
[32m[I 2022-04-13 18:23:57,149][0m Trial 439 finished with value: 0.8935022894704044 and parameters: {'n_estimators': 252, 'min_samples_split': 0.13514314916853487, 'min_samples_leaf': 0.05479673860102001, 'min_weight_fraction_leaf': 0.017770027411516384, 'max_features': 0.80544181457619, 'bootstrap': False, 'max_samples': 0.9195891428326187}. Best is trial 394 with value: 0.8941171376114454.[0m
[32m[I 2022-04-13 18:26:17,055][0m Trial 440 finished with value: 0.8929433293317878 and parameters: {'n_estimators': 726, 'min_samples_split': 0.12901248669219975, 'min_samples_leaf': 0.061891489624925335, 'min_weight_fraction_leaf': 0.016407366081338054, 'max_features': 0.803924261557668, 'bootstrap': False, 'max_samples': 0.8804402718497417}. Best is trial 394 with value: 0.8941171376114454.[0m
[32m[I 2022-04-13 18:27:02,715][0m Trial 441 finished with value: 0.8889795817049952 and parameters: {'n_estimators': 249, 'min_samples_split': 0.1220400466485084, 'min_samples_leaf': 0.08593304373210653, 'min_weight_fraction_leaf': 0.028552029467962887, 'max_features': 0.8469952824828056, 'bootstrap': False, 'max_samples': 0.9015762945893332}. Best is trial 394 with value: 0.8941171376114454.[0m
[32m[I 2022-04-13 18:28:01,569][0m Trial 442 finished with value: 0.8916722149468292 and parameters: {'n_estimators': 252, 'min_samples_split': 0.14131933769171218, 'min_samples_leaf': 0.05362675714616321, 'min_weight_fraction_leaf': 0.005110810347437933, 'max_features': 0.9062684182131654, 'bootstrap': False, 'max_samples': 0.9148065489456875}. Best is trial 394 with value: 0.8941171376114454.[0m
[32m[I 2022-04-13 18:28:08,989][0m Trial 443 finished with value: 0.45 and parameters: {'n_estimators': 238, 'min_samples_split': 0.15841053823195628, 'min_samples_leaf': 0.07029690334537395, 'min_weight_fraction_leaf': 0.03757986527616148, 'max_features': 0.8699461231299479, 'bootstrap': True, 'max_samples': 0.04930151112994857, 'oob_score': True}. Best is trial 394 with value: 0.8941171376114454.[0m
[32m[I 2022-04-13 18:29:07,711][0m Trial 444 finished with value: 0.8910397064633353 and parameters: {'n_estimators': 266, 'min_samples_split': 0.13449814265813953, 'min_samples_leaf': 0.0423969031680006, 'min_weight_fraction_leaf': 0.02393757011459626, 'max_features': 0.774386227527397, 'bootstrap': False, 'max_samples': 0.9273383113564704}. Best is trial 394 with value: 0.8941171376114454.[0m
[32m[I 2022-04-13 18:29:42,987][0m Trial 445 finished with value: 0.779524954774228 and parameters: {'n_estimators': 219, 'min_samples_split': 0.42482030871977894, 'min_samples_leaf': 0.05882243611787389, 'min_weight_fraction_leaf': 0.17339265339686283, 'max_features': 0.8214254731415028, 'bootstrap': False, 'max_samples': 0.8684860953794998}. Best is trial 394 with value: 0.8941171376114454.[0m
[32m[I 2022-04-13 18:30:28,169][0m Trial 446 finished with value: 0.8907253641291495 and parameters: {'n_estimators': 248, 'min_samples_split': 0.17156184107660336, 'min_samples_leaf': 0.07707990610689171, 'min_weight_fraction_leaf': 0.014660703647408242, 'max_features': 0.7967347672778768, 'bootstrap': False, 'max_samples': 0.9317306695147968}. Best is trial 394 with value: 0.8941171376114454.[0m
[32m[I 2022-04-13 18:31:49,648][0m Trial 447 finished with value: 0.8906468472423583 and parameters: {'n_estimators': 596, 'min_samples_split': 0.1207920985665826, 'min_samples_leaf': 0.05136989794679102, 'min_weight_fraction_leaf': 0.0008276841941238511, 'max_features': 0.45880323626360314, 'bootstrap': False, 'max_samples': 0.8984872780438686}. Best is trial 394 with value: 0.8941171376114454.[0m
[32m[I 2022-04-13 18:32:11,267][0m Trial 448 finished with value: 0.7787546541479099 and parameters: {'n_estimators': 229, 'min_samples_split': 0.13240569179462433, 'min_samples_leaf': 0.21793348077840838, 'min_weight_fraction_leaf': 0.03383021550411746, 'max_features': 0.8362739700638044, 'bootstrap': False, 'max_samples': 0.07842095521445194}. Best is trial 394 with value: 0.8941171376114454.[0m
[32m[I 2022-04-13 18:32:39,308][0m Trial 449 finished with value: 0.6972324248970013 and parameters: {'n_estimators': 258, 'min_samples_split': 0.14465701565711148, 'min_samples_leaf': 0.06576809275684518, 'min_weight_fraction_leaf': 0.49867188549750036, 'max_features': 0.8245532337592604, 'bootstrap': False, 'max_samples': 0.01764016776899209}. Best is trial 394 with value: 0.8941171376114454.[0m
[32m[I 2022-04-13 18:33:45,698][0m Trial 450 finished with value: 0.8905097400876109 and parameters: {'n_estimators': 269, 'min_samples_split': 0.10783709114151052, 'min_samples_leaf': 0.04349833856874112, 'min_weight_fraction_leaf': 0.04153458892302974, 'max_features': 0.8548783034069868, 'bootstrap': False, 'max_samples': 0.1898677271786811}. Best is trial 394 with value: 0.8941171376114454.[0m
[32m[I 2022-04-13 18:34:34,286][0m Trial 451 finished with value: 0.8928589845341328 and parameters: {'n_estimators': 240, 'min_samples_split': 0.124241287020812, 'min_samples_leaf': 0.06671254510716892, 'min_weight_fraction_leaf': 0.025057592050817118, 'max_features': 0.8066699177899982, 'bootstrap': False, 'max_samples': 0.5610901655941035}. Best is trial 394 with value: 0.8941171376114454.[0m
[32m[I 2022-04-13 18:35:12,292][0m Trial 452 finished with value: 0.8910056632997339 and parameters: {'n_estimators': 212, 'min_samples_split': 0.15115969143888086, 'min_samples_leaf': 0.08342188840440529, 'min_weight_fraction_leaf': 0.010255618468200436, 'max_features': 0.7818715535414255, 'bootstrap': False, 'max_samples': 0.4942554286761278}. Best is trial 394 with value: 0.8941171376114454.[0m
[32m[I 2022-04-13 18:36:10,080][0m Trial 453 finished with value: 0.8914842450984629 and parameters: {'n_estimators': 274, 'min_samples_split': 0.13450449730681893, 'min_samples_leaf': 0.05607289252619668, 'min_weight_fraction_leaf': 0.044075057629743924, 'max_features': 0.7591750241116753, 'bootstrap': False, 'max_samples': 0.9460646373101831}. Best is trial 394 with value: 0.8941171376114454.[0m
[32m[I 2022-04-13 18:37:02,787][0m Trial 454 finished with value: 0.8919827707210098 and parameters: {'n_estimators': 255, 'min_samples_split': 0.1206800714275075, 'min_samples_leaf': 0.07170093476537215, 'min_weight_fraction_leaf': 0.02991122723960571, 'max_features': 0.8193474459032953, 'bootstrap': False, 'max_samples': 0.9147850364851879}. Best is trial 394 with value: 0.8941171376114454.[0m
[32m[I 2022-04-13 18:38:02,688][0m Trial 455 finished with value: 0.8915585367681806 and parameters: {'n_estimators': 246, 'min_samples_split': 0.1415721270349717, 'min_samples_leaf': 0.04769659119630422, 'min_weight_fraction_leaf': 0.02193230921400069, 'max_features': 0.8749176480568729, 'bootstrap': False, 'max_samples': 0.8484252239055534}. Best is trial 394 with value: 0.8941171376114454.[0m
[32m[I 2022-04-13 18:38:43,126][0m Trial 456 finished with value: 0.8912778480486743 and parameters: {'n_estimators': 228, 'min_samples_split': 0.11536475938641477, 'min_samples_leaf': 0.05991093540100858, 'min_weight_fraction_leaf': 0.038666931611341396, 'max_features': 0.6590795740316928, 'bootstrap': False, 'max_samples': 0.9986146002139286}. Best is trial 394 with value: 0.8941171376114454.[0m
[32m[I 2022-04-13 18:39:52,045][0m Trial 457 finished with value: 0.8869618976764801 and parameters: {'n_estimators': 281, 'min_samples_split': 0.15723762791671853, 'min_samples_leaf': 0.03715981505698139, 'min_weight_fraction_leaf': 0.015764677121376493, 'max_features': 0.8425041327246565, 'bootstrap': False, 'max_samples': 0.8886247479405867}. Best is trial 394 with value: 0.8941171376114454.[0m
[32m[I 2022-04-13 18:40:48,094][0m Trial 458 finished with value: 0.8933405111778342 and parameters: {'n_estimators': 261, 'min_samples_split': 0.1306846981303345, 'min_samples_leaf': 0.05402724733850107, 'min_weight_fraction_leaf': 0.03150953838297126, 'max_features': 0.8087506874761907, 'bootstrap': False, 'max_samples': 0.9770333564896202}. Best is trial 394 with value: 0.8941171376114454.[0m
[32m[I 2022-04-13 18:41:24,736][0m Trial 459 finished with value: 0.8873494661468738 and parameters: {'n_estimators': 238, 'min_samples_split': 0.09309537420532883, 'min_samples_leaf': 0.10371806286171681, 'min_weight_fraction_leaf': 0.04757477612302895, 'max_features': 0.7908505504142341, 'bootstrap': False, 'max_samples': 0.9481367706725232}. Best is trial 394 with value: 0.8941171376114454.[0m
[32m[I 2022-04-13 18:41:35,724][0m Trial 460 finished with value: 0.7746484203755534 and parameters: {'n_estimators': 274, 'min_samples_split': 0.18371143310796192, 'min_samples_leaf': 0.38306352622151185, 'min_weight_fraction_leaf': 0.00744316520103413, 'max_features': 0.8360864248959431, 'bootstrap': False, 'max_samples': 0.038824527415471016}. Best is trial 394 with value: 0.8941171376114454.[0m
[32m[I 2022-04-13 18:41:40,292][0m Trial 461 finished with value: 0.7211039082736764 and parameters: {'n_estimators': 254, 'min_samples_split': 0.1092020924291515, 'min_samples_leaf': 0.4806988353619738, 'min_weight_fraction_leaf': 0.0003988727556027404, 'max_features': 0.707186062767863, 'bootstrap': False, 'max_samples': 0.9253047802264615}. Best is trial 394 with value: 0.8941171376114454.[0m
[32m[I 2022-04-13 18:42:37,650][0m Trial 462 finished with value: 0.8898845454021076 and parameters: {'n_estimators': 293, 'min_samples_split': 0.14645379159027236, 'min_samples_leaf': 0.07888421809030349, 'min_weight_fraction_leaf': 0.020526162285027242, 'max_features': 0.8541886288309783, 'bootstrap': False, 'max_samples': 0.11390602587870821}. Best is trial 394 with value: 0.8941171376114454.[0m
[32m[I 2022-04-13 18:42:57,656][0m Trial 463 finished with value: 0.887521168759832 and parameters: {'n_estimators': 270, 'min_samples_split': 0.12848667453905663, 'min_samples_leaf': 0.06891547368548319, 'min_weight_fraction_leaf': 0.0509169758207506, 'max_features': 0.7769307451799193, 'bootstrap': True, 'max_samples': 0.9072914085164681, 'oob_score': False}. Best is trial 394 with value: 0.8941171376114454.[0m
[32m[I 2022-04-13 18:43:36,499][0m Trial 464 finished with value: 0.8885481027426014 and parameters: {'n_estimators': 222, 'min_samples_split': 0.137683850407119, 'min_samples_leaf': 0.08849103116733836, 'min_weight_fraction_leaf': 0.03478272764378879, 'max_features': 0.8187114074156787, 'bootstrap': False, 'max_samples': 0.967789872942386}. Best is trial 394 with value: 0.8941171376114454.[0m
[32m[I 2022-04-13 18:44:30,384][0m Trial 465 finished with value: 0.8897778505944075 and parameters: {'n_estimators': 244, 'min_samples_split': 0.16538033856983142, 'min_samples_leaf': 0.045177041148049324, 'min_weight_fraction_leaf': 0.026972839235921885, 'max_features': 0.7947641184148919, 'bootstrap': False, 'max_samples': 0.9400410946754751}. Best is trial 394 with value: 0.8941171376114454.[0m
[32m[I 2022-04-13 18:45:28,999][0m Trial 466 finished with value: 0.8915901848706295 and parameters: {'n_estimators': 284, 'min_samples_split': 0.11681642258780933, 'min_samples_leaf': 0.060566290872652764, 'min_weight_fraction_leaf': 0.015374400814019853, 'max_features': 0.835001754626808, 'bootstrap': False, 'max_samples': 0.060540919056458906}. Best is trial 394 with value: 0.8941171376114454.[0m
[32m[I 2022-04-13 18:46:29,054][0m Trial 467 finished with value: 0.890581854331413 and parameters: {'n_estimators': 234, 'min_samples_split': 0.15006672321288347, 'min_samples_leaf': 0.03567420926528265, 'min_weight_fraction_leaf': 0.044114770323051486, 'max_features': 0.8842286805131974, 'bootstrap': False, 'max_samples': 0.875141392415679}. Best is trial 394 with value: 0.8941171376114454.[0m
[32m[I 2022-04-13 18:47:24,940][0m Trial 468 finished with value: 0.8902915386679918 and parameters: {'n_estimators': 261, 'min_samples_split': 0.10077667346675331, 'min_samples_leaf': 0.05201703493705937, 'min_weight_fraction_leaf': 0.03210849334594638, 'max_features': 0.7573832787207991, 'bootstrap': False, 'max_samples': 0.9691324733320581}. Best is trial 394 with value: 0.8941171376114454.[0m
[32m[I 2022-04-13 18:48:13,566][0m Trial 469 finished with value: 0.8923668765911963 and parameters: {'n_estimators': 250, 'min_samples_split': 0.12685287657150315, 'min_samples_leaf': 0.0670022575207427, 'min_weight_fraction_leaf': 0.05401982250559969, 'max_features': 0.803590917046708, 'bootstrap': False, 'max_samples': 0.018548507537224552}. Best is trial 394 with value: 0.8941171376114454.[0m
[32m[I 2022-04-13 18:48:44,938][0m Trial 470 finished with value: 0.7741723251295399 and parameters: {'n_estimators': 303, 'min_samples_split': 0.1416918660784035, 'min_samples_leaf': 0.07700018683675625, 'min_weight_fraction_leaf': 0.34560174888168593, 'max_features': 0.8205008843494568, 'bootstrap': False, 'max_samples': 0.9272973072853501}. Best is trial 394 with value: 0.8941171376114454.[0m
[32m[I 2022-04-13 18:49:41,305][0m Trial 471 finished with value: 0.8916389900346371 and parameters: {'n_estimators': 272, 'min_samples_split': 0.13399895814843793, 'min_samples_leaf': 0.05990180515572736, 'min_weight_fraction_leaf': 0.016451838750781975, 'max_features': 0.8477505204236324, 'bootstrap': False, 'max_samples': 0.9579286571672951}. Best is trial 394 with value: 0.8941171376114454.[0m
[32m[I 2022-04-13 18:50:48,646][0m Trial 472 finished with value: 0.8903195333789048 and parameters: {'n_estimators': 287, 'min_samples_split': 0.11425134404478526, 'min_samples_leaf': 0.04791708646236924, 'min_weight_fraction_leaf': 0.03678276801626764, 'max_features': 0.8676146496980016, 'bootstrap': False, 'max_samples': 0.09113621134391639}. Best is trial 394 with value: 0.8941171376114454.[0m
[32m[I 2022-04-13 18:51:30,173][0m Trial 473 finished with value: 0.8893453895471468 and parameters: {'n_estimators': 207, 'min_samples_split': 0.1564750209735316, 'min_samples_leaf': 0.06763793361866191, 'min_weight_fraction_leaf': 0.010513417482765273, 'max_features': 0.7775672476788639, 'bootstrap': False, 'max_samples': 0.9829800433910416}. Best is trial 394 with value: 0.8941171376114454.[0m
[32m[I 2022-04-13 18:52:25,030][0m Trial 474 finished with value: 0.891548703155513 and parameters: {'n_estimators': 232, 'min_samples_split': 0.12231635683940205, 'min_samples_leaf': 0.04036884529394767, 'min_weight_fraction_leaf': 0.00018511578620585, 'max_features': 0.7404883232682811, 'bootstrap': False, 'max_samples': 0.8968842739614239}. Best is trial 394 with value: 0.8941171376114454.[0m
[32m[I 2022-04-13 18:53:09,723][0m Trial 475 finished with value: 0.8867622426315055 and parameters: {'n_estimators': 247, 'min_samples_split': 0.13738414825726422, 'min_samples_leaf': 0.0951574541492958, 'min_weight_fraction_leaf': 0.022662665467866543, 'max_features': 0.8097396009207329, 'bootstrap': False, 'max_samples': 0.8526067624407212}. Best is trial 394 with value: 0.8941171376114454.[0m
[32m[I 2022-04-13 18:54:01,244][0m Trial 476 finished with value: 0.8919741075784465 and parameters: {'n_estimators': 217, 'min_samples_split': 0.10627864645328668, 'min_samples_leaf': 0.05731035282730117, 'min_weight_fraction_leaf': 0.04286583713591879, 'max_features': 0.8283760045898367, 'bootstrap': False, 'max_samples': 0.9468397357532463}. Best is trial 394 with value: 0.8941171376114454.[0m
[32m[I 2022-04-13 18:54:45,272][0m Trial 477 finished with value: 0.8877928781441771 and parameters: {'n_estimators': 261, 'min_samples_split': 0.3573550551610414, 'min_samples_leaf': 0.07690052149866576, 'min_weight_fraction_leaf': 0.12950451977450753, 'max_features': 0.7906150572259222, 'bootstrap': False, 'max_samples': 0.7121991047170579}. Best is trial 394 with value: 0.8941171376114454.[0m
[32m[I 2022-04-13 18:55:20,932][0m Trial 478 finished with value: 0.8844139073709385 and parameters: {'n_estimators': 344, 'min_samples_split': 0.1269238356361653, 'min_samples_leaf': 0.18112754189781985, 'min_weight_fraction_leaf': 0.025522499471013437, 'max_features': 0.8041941279127983, 'bootstrap': False, 'max_samples': 0.9166759366474158}. Best is trial 394 with value: 0.8941171376114454.[0m
[32m[I 2022-04-13 18:56:39,298][0m Trial 479 finished with value: 0.892761324007523 and parameters: {'n_estimators': 322, 'min_samples_split': 0.1453505661127894, 'min_samples_leaf': 0.04979063134014338, 'min_weight_fraction_leaf': 0.06106327079269032, 'max_features': 0.8558631318620838, 'bootstrap': False, 'max_samples': 0.04054517066859328}. Best is trial 394 with value: 0.8941171376114454.[0m
[32m[I 2022-04-13 18:57:24,750][0m Trial 480 finished with value: 0.7782341443559635 and parameters: {'n_estimators': 276, 'min_samples_split': 0.0933914226213318, 'min_samples_leaf': 0.06541099284784918, 'min_weight_fraction_leaf': 0.21323072375618615, 'max_features': 0.829789193688973, 'bootstrap': False, 'max_samples': 0.9543085453377781}. Best is trial 394 with value: 0.8941171376114454.[0m
[32m[I 2022-04-13 18:58:40,779][0m Trial 481 finished with value: 0.8901049759598614 and parameters: {'n_estimators': 301, 'min_samples_split': 0.11538092933806467, 'min_samples_leaf': 0.032038341249048724, 'min_weight_fraction_leaf': 0.050563909192663646, 'max_features': 0.7714588103595692, 'bootstrap': False, 'max_samples': 1.13411049364469e-05}. Best is trial 394 with value: 0.8941171376114454.[0m
[32m[I 2022-04-13 18:59:02,422][0m Trial 482 finished with value: 0.8846986493772164 and parameters: {'n_estimators': 257, 'min_samples_split': 0.13126951770952094, 'min_samples_leaf': 0.08508491084556512, 'min_weight_fraction_leaf': 0.011428218925146396, 'max_features': 0.8146594697515157, 'bootstrap': True, 'max_samples': 0.9839332980581581, 'oob_score': True}. Best is trial 394 with value: 0.8941171376114454.[0m
[32m[I 2022-04-13 18:59:55,673][0m Trial 483 finished with value: 0.892141261178679 and parameters: {'n_estimators': 240, 'min_samples_split': 0.15250373109842802, 'min_samples_leaf': 0.05657932228229514, 'min_weight_fraction_leaf': 0.03885945847422197, 'max_features': 0.8461347714594984, 'bootstrap': False, 'max_samples': 0.9332547350803271}. Best is trial 394 with value: 0.8941171376114454.[0m
[32m[I 2022-04-13 19:00:48,204][0m Trial 484 finished with value: 0.8916178168097545 and parameters: {'n_estimators': 267, 'min_samples_split': 0.1394872887707114, 'min_samples_leaf': 0.07260914748755534, 'min_weight_fraction_leaf': 0.029204104904652476, 'max_features': 0.7916022758109155, 'bootstrap': False, 'max_samples': 0.8834001388558786}. Best is trial 394 with value: 0.8941171376114454.[0m
[32m[I 2022-04-13 19:01:59,378][0m Trial 485 finished with value: 0.8919292924612812 and parameters: {'n_estimators': 292, 'min_samples_split': 0.12303774135727723, 'min_samples_leaf': 0.043286866228688846, 'min_weight_fraction_leaf': 0.019218995788994685, 'max_features': 0.8241216354503342, 'bootstrap': False, 'max_samples': 0.9071213567927334}. Best is trial 394 with value: 0.8941171376114454.[0m
