[32m[I 2022-04-14 19:08:02,864][0m Trial 727 finished with value: 0.7847053308682076 and parameters: {'n_estimators': 515, 'min_samples_split': 0.009824422763181719, 'min_samples_leaf': 0.01701488294763113, 'min_weight_fraction_leaf': 0.024040333138569812, 'max_features': 0.4792326180430613, 'bootstrap': False, 'max_samples': 0.03399099883216448}. Best is trial 525 with value: 0.7931633376737273.[0m
[32m[I 2022-04-14 19:12:29,950][0m Trial 728 finished with value: 0.7894381345519759 and parameters: {'n_estimators': 486, 'min_samples_split': 0.02197218148814121, 'min_samples_leaf': 0.001008207926071739, 'min_weight_fraction_leaf': 0.010106646361653574, 'max_features': 0.5203190393837671, 'bootstrap': False, 'max_samples': 0.052673740651995704}. Best is trial 525 with value: 0.7931633376737273.[0m
[32m[I 2022-04-14 19:12:46,237][0m Trial 729 finished with value: 0.7090285049903031 and parameters: {'n_estimators': 549, 'min_samples_split': 0.009137353282182993, 'min_samples_leaf': 0.01727871378884968, 'min_weight_fraction_leaf': 0.3921637132530167, 'max_features': 0.5454752098788099, 'bootstrap': False, 'max_samples': 0.020174182699708224}. Best is trial 525 with value: 0.7931633376737273.[0m
[32m[I 2022-04-14 19:15:33,977][0m Trial 730 finished with value: 0.7842873925118672 and parameters: {'n_estimators': 459, 'min_samples_split': 0.017886951897055484, 'min_samples_leaf': 0.010098674957034839, 'min_weight_fraction_leaf': 0.0168013343373831, 'max_features': 0.5750323887296223, 'bootstrap': False, 'max_samples': 0.03766952237814171}. Best is trial 525 with value: 0.7931633376737273.[0m
[32m[I 2022-04-14 19:18:07,700][0m Trial 731 finished with value: 0.7905895303529494 and parameters: {'n_estimators': 528, 'min_samples_split': 0.009903064411549927, 'min_samples_leaf': 0.01814961109892748, 'min_weight_fraction_leaf': 0.008283915791364579, 'max_features': 0.5856657211314784, 'bootstrap': False, 'max_samples': 0.668390587088633}. Best is trial 525 with value: 0.7931633376737273.[0m
[32m[I 2022-04-14 19:21:01,310][0m Trial 732 finished with value: 0.7844113282450701 and parameters: {'n_estimators': 577, 'min_samples_split': 0.0012025904044500931, 'min_samples_leaf': 0.0016414401167946062, 'min_weight_fraction_leaf': 0.028866094928817573, 'max_features': 0.5569675187409784, 'bootstrap': False, 'max_samples': 0.6104402816416304}. Best is trial 525 with value: 0.7931633376737273.[0m
[32m[I 2022-04-14 19:23:29,355][0m Trial 733 finished with value: 0.785035976301184 and parameters: {'n_estimators': 439, 'min_samples_split': 0.02649389064010995, 'min_samples_leaf': 0.00997341919526606, 'min_weight_fraction_leaf': 0.018623200488331104, 'max_features': 0.5358260321637631, 'bootstrap': False, 'max_samples': 0.0001278839652815479}. Best is trial 525 with value: 0.7931633376737273.[0m
[32m[I 2022-04-14 19:24:50,307][0m Trial 734 finished with value: 0.7824699055545109 and parameters: {'n_estimators': 493, 'min_samples_split': 0.016887220858944257, 'min_samples_leaf': 0.01833508677051736, 'min_weight_fraction_leaf': 0.043890335861596116, 'max_features': 0.5655535315016696, 'bootstrap': False, 'max_samples': 0.06685489632878949}. Best is trial 525 with value: 0.7931633376737273.[0m
[32m[I 2022-04-14 19:24:59,180][0m Trial 735 finished with value: 0.7508868750482582 and parameters: {'n_estimators': 364, 'min_samples_split': 0.03072426883839176, 'min_samples_leaf': 0.21019978200788442, 'min_weight_fraction_leaf': 3.910294670545454e-05, 'max_features': 0.5139258809000408, 'bootstrap': False, 'max_samples': 0.021489393502332373}. Best is trial 525 with value: 0.7931633376737273.[0m
[32m[I 2022-04-14 19:25:17,149][0m Trial 736 finished with value: 0.6474010017620058 and parameters: {'n_estimators': 555, 'min_samples_split': 0.001488390746829833, 'min_samples_leaf': 0.01045937236340172, 'min_weight_fraction_leaf': 0.4536989022051773, 'max_features': 0.5860057819970236, 'bootstrap': False, 'max_samples': 0.05598663528847488}. Best is trial 525 with value: 0.7931633376737273.[0m
[32m[I 2022-04-14 19:25:20,474][0m Trial 737 finished with value: 0.5 and parameters: {'n_estimators': 513, 'min_samples_split': 0.4027911455196459, 'min_samples_leaf': 0.0014516730650465225, 'min_weight_fraction_leaf': 0.009199792681502303, 'max_features': 0.5413984933073093, 'bootstrap': True, 'max_samples': 0.03777049072130365, 'oob_score': False}. Best is trial 525 with value: 0.7931633376737273.[0m
[32m[I 2022-04-14 19:26:59,725][0m Trial 738 finished with value: 0.7853057077345604 and parameters: {'n_estimators': 473, 'min_samples_split': 0.0012001981123467564, 'min_samples_leaf': 0.023225916158408813, 'min_weight_fraction_leaf': 0.028979632166774807, 'max_features': 0.5618501142930998, 'bootstrap': False, 'max_samples': 0.02072351077581047}. Best is trial 525 with value: 0.7931633376737273.[0m
[32m[I 2022-04-14 19:27:23,427][0m Trial 739 finished with value: 0.7567712681866728 and parameters: {'n_estimators': 588, 'min_samples_split': 0.019289488317185723, 'min_samples_leaf': 0.017315000511659934, 'min_weight_fraction_leaf': 0.27324877637636263, 'max_features': 0.497954578757149, 'bootstrap': False, 'max_samples': 0.00041605462483067235}. Best is trial 525 with value: 0.7931633376737273.[0m
[32m[I 2022-04-14 19:30:37,069][0m Trial 740 finished with value: 0.7839881603294975 and parameters: {'n_estimators': 533, 'min_samples_split': 0.017548597955816335, 'min_samples_leaf': 0.011117135347549606, 'min_weight_fraction_leaf': 0.016520234066659333, 'max_features': 0.5858069716392412, 'bootstrap': False, 'max_samples': 0.050277501400544405}. Best is trial 525 with value: 0.7931633376737273.[0m
[32m[I 2022-04-14 19:33:37,849][0m Trial 741 finished with value: 0.7901866144541911 and parameters: {'n_estimators': 424, 'min_samples_split': 0.03303598921799811, 'min_samples_leaf': 0.0010524358735807958, 'min_weight_fraction_leaf': 0.00862172831012867, 'max_features': 0.45120695464872784, 'bootstrap': False, 'max_samples': 0.5992760482791105}. Best is trial 525 with value: 0.7931633376737273.[0m
[32m[I 2022-04-14 19:35:49,296][0m Trial 742 finished with value: 0.7843974918465784 and parameters: {'n_estimators': 560, 'min_samples_split': 0.011488614723286095, 'min_samples_leaf': 0.019986948193830886, 'min_weight_fraction_leaf': 0.0006618472140114962, 'max_features': 0.5280077299527608, 'bootstrap': False, 'max_samples': 0.019999679350597287}. Best is trial 525 with value: 0.7931633376737273.[0m
[32m[I 2022-04-14 19:37:26,149][0m Trial 743 finished with value: 0.7842950458953171 and parameters: {'n_estimators': 498, 'min_samples_split': 0.026139809346054668, 'min_samples_leaf': 0.02662508524849369, 'min_weight_fraction_leaf': 0.022409005591676603, 'max_features': 0.5443690167552435, 'bootstrap': False, 'max_samples': 0.06416836301753572}. Best is trial 525 with value: 0.7931633376737273.[0m
[32m[I 2022-04-14 19:39:36,897][0m Trial 744 finished with value: 0.7836525791287874 and parameters: {'n_estimators': 596, 'min_samples_split': 0.009746232188062186, 'min_samples_leaf': 0.010343812375769717, 'min_weight_fraction_leaf': 0.036853382292171624, 'max_features': 0.5712822268357299, 'bootstrap': False, 'max_samples': 0.034368634431770115}. Best is trial 525 with value: 0.7931633376737273.[0m
[32m[I 2022-04-14 19:43:26,896][0m Trial 745 finished with value: 0.7842485901456949 and parameters: {'n_estimators': 463, 'min_samples_split': 0.0010582051123392367, 'min_samples_leaf': 0.00125149870670342, 'min_weight_fraction_leaf': 0.015918531792912423, 'max_features': 0.5926797331621878, 'bootstrap': False, 'max_samples': 0.6425679979361987}. Best is trial 525 with value: 0.7931633376737273.[0m
[32m[I 2022-04-14 19:44:03,007][0m Trial 746 finished with value: 0.767342314761906 and parameters: {'n_estimators': 528, 'min_samples_split': 0.019475993561857384, 'min_samples_leaf': 0.017426441473826836, 'min_weight_fraction_leaf': 0.11972237790474963, 'max_features': 0.5276532612279243, 'bootstrap': False, 'max_samples': 0.020424300691673287}. Best is trial 525 with value: 0.7931633376737273.[0m
[32m[I 2022-04-14 19:45:50,823][0m Trial 747 finished with value: 0.7845905974262392 and parameters: {'n_estimators': 576, 'min_samples_split': 0.04089019400848795, 'min_samples_leaf': 0.027805297358151515, 'min_weight_fraction_leaf': 4.117971706056947e-05, 'max_features': 0.5563571235299811, 'bootstrap': False, 'max_samples': 0.046667979126591166}. Best is trial 525 with value: 0.7931633376737273.[0m
[32m[I 2022-04-14 19:46:05,147][0m Trial 748 finished with value: 0.7570935640324767 and parameters: {'n_estimators': 399, 'min_samples_split': 0.16560643685054724, 'min_samples_leaf': 0.010538314685468113, 'min_weight_fraction_leaf': 0.30296208061580465, 'max_features': 0.49323236413025445, 'bootstrap': False, 'max_samples': 0.07470803304211182}. Best is trial 525 with value: 0.7931633376737273.[0m
[32m[I 2022-04-14 19:49:55,459][0m Trial 749 finished with value: 0.7902292999123699 and parameters: {'n_estimators': 506, 'min_samples_split': 0.029100034044859516, 'min_samples_leaf': 0.009178300033259468, 'min_weight_fraction_leaf': 0.009123760936718546, 'max_features': 0.5740507843279967, 'bootstrap': False, 'max_samples': 0.036163589101850746}. Best is trial 525 with value: 0.7931633376737273.[0m
[32m[I 2022-04-14 19:50:34,718][0m Trial 750 finished with value: 0.7911363573388733 and parameters: {'n_estimators': 189, 'min_samples_split': 0.012757018864942613, 'min_samples_leaf': 0.023667351246954224, 'min_weight_fraction_leaf': 0.026722442759118368, 'max_features': 0.5520817070577642, 'bootstrap': False, 'max_samples': 0.022092748864773675}. Best is trial 525 with value: 0.7931633376737273.[0m
[32m[I 2022-04-14 19:54:31,823][0m Trial 751 finished with value: 0.7847114286905015 and parameters: {'n_estimators': 549, 'min_samples_split': 0.01033659413922474, 'min_samples_leaf': 0.0013714449200287488, 'min_weight_fraction_leaf': 0.015952478076778825, 'max_features': 0.5173774394597757, 'bootstrap': False, 'max_samples': 0.5958337715807978}. Best is trial 525 with value: 0.7931633376737273.[0m
[32m[I 2022-04-14 19:54:40,053][0m Trial 752 finished with value: 0.7515787445604649 and parameters: {'n_estimators': 481, 'min_samples_split': 0.0011936144157462403, 'min_samples_leaf': 0.30677137809248356, 'min_weight_fraction_leaf': 0.009228141082374422, 'max_features': 0.6073681732317406, 'bootstrap': False, 'max_samples': 0.06273688567128002}. Best is trial 525 with value: 0.7931633376737273.[0m
[32m[I 2022-04-14 19:56:31,536][0m Trial 753 finished with value: 0.7908371514754302 and parameters: {'n_estimators': 447, 'min_samples_split': 0.022841586309615775, 'min_samples_leaf': 0.017704497400783628, 'min_weight_fraction_leaf': 0.02492589250518318, 'max_features': 0.5862752652878018, 'bootstrap': False, 'max_samples': 0.016562739785208877}. Best is trial 525 with value: 0.7931633376737273.[0m
[32m[I 2022-04-14 20:05:04,785][0m Trial 754 finished with value: 0.7877656167726261 and parameters: {'n_estimators': 617, 'min_samples_split': 0.03412559671428107, 'min_samples_leaf': 0.0011230213268930839, 'min_weight_fraction_leaf': 0.0003502656522428836, 'max_features': 0.5436672945811618, 'bootstrap': False, 'max_samples': 0.04530357165956118}. Best is trial 525 with value: 0.7931633376737273.[0m
[32m[I 2022-04-14 20:06:12,735][0m Trial 755 finished with value: 0.7822714534759321 and parameters: {'n_estimators': 524, 'min_samples_split': 0.12383759289310725, 'min_samples_leaf': 0.03220470549370983, 'min_weight_fraction_leaf': 0.03477949550193376, 'max_features': 0.629158626008701, 'bootstrap': False, 'max_samples': 0.5783281134963438}. Best is trial 525 with value: 0.7931633376737273.[0m
[32m[I 2022-04-14 20:10:07,928][0m Trial 756 finished with value: 0.7841554023354542 and parameters: {'n_estimators': 596, 'min_samples_split': 0.017805286401804156, 'min_samples_leaf': 0.011011126822541212, 'min_weight_fraction_leaf': 0.013384335641025834, 'max_features': 0.5681588723509661, 'bootstrap': False, 'max_samples': 0.015145951851994004}. Best is trial 525 with value: 0.7931633376737273.[0m
[32m[I 2022-04-14 20:10:17,780][0m Trial 757 finished with value: 0.6984349270334456 and parameters: {'n_estimators': 557, 'min_samples_split': 0.011020510552898785, 'min_samples_leaf': 0.01778759383921332, 'min_weight_fraction_leaf': 0.018220104105496824, 'max_features': 0.5143466527229209, 'bootstrap': True, 'max_samples': 0.03835270350799559, 'oob_score': True}. Best is trial 525 with value: 0.7931633376737273.[0m
[32m[I 2022-04-14 20:14:06,848][0m Trial 758 finished with value: 0.7904468179777165 and parameters: {'n_estimators': 497, 'min_samples_split': 0.025210793252690253, 'min_samples_leaf': 0.010382468572367319, 'min_weight_fraction_leaf': 0.007631067768263929, 'max_features': 0.5996846402376012, 'bootstrap': False, 'max_samples': 0.0013627191254892651}. Best is trial 525 with value: 0.7931633376737273.[0m
[32m[I 2022-04-14 20:19:57,297][0m Trial 759 finished with value: 0.7769608595227802 and parameters: {'n_estimators': 279, 'min_samples_split': 0.009700946069890892, 'min_samples_leaf': 0.001107847605514752, 'min_weight_fraction_leaf': 0.00036624704070503666, 'max_features': 0.5458441479305334, 'bootstrap': False, 'max_samples': 0.0006550503154819122}. Best is trial 525 with value: 0.7931633376737273.[0m
[32m[I 2022-04-14 20:20:07,999][0m Trial 760 finished with value: 0.752101400950378 and parameters: {'n_estimators': 650, 'min_samples_split': 0.041783463198726174, 'min_samples_leaf': 0.3746313555156711, 'min_weight_fraction_leaf': 0.05178858424666385, 'max_features': 0.5714955568972251, 'bootstrap': False, 'max_samples': 0.058907040088800336}. Best is trial 525 with value: 0.7931633376737273.[0m
[32m[I 2022-04-14 20:22:12,716][0m Trial 761 finished with value: 0.7841076240807274 and parameters: {'n_estimators': 575, 'min_samples_split': 0.01855185083865432, 'min_samples_leaf': 0.025922686667392503, 'min_weight_fraction_leaf': 0.025121775636793006, 'max_features': 0.5239015940982934, 'bootstrap': False, 'max_samples': 0.6257116334589005}. Best is trial 525 with value: 0.7931633376737273.[0m
[32m[I 2022-04-14 20:24:41,226][0m Trial 762 finished with value: 0.7850379102007177 and parameters: {'n_estimators': 539, 'min_samples_split': 0.03148848828052776, 'min_samples_leaf': 0.016755769682660595, 'min_weight_fraction_leaf': 0.01629938446862627, 'max_features': 0.483486448819562, 'bootstrap': False, 'max_samples': 0.07638849276953819}. Best is trial 525 with value: 0.7931633376737273.[0m
[32m[I 2022-04-14 20:26:00,545][0m Trial 763 finished with value: 0.784257100559519 and parameters: {'n_estimators': 477, 'min_samples_split': 0.009161434082306862, 'min_samples_leaf': 0.03097602994186211, 'min_weight_fraction_leaf': 0.009090851393745186, 'max_features': 0.5932449802479605, 'bootstrap': False, 'max_samples': 0.0381606121713755}. Best is trial 525 with value: 0.7931633376737273.[0m
[32m[I 2022-04-14 20:27:45,079][0m Trial 764 finished with value: 0.7817933756866864 and parameters: {'n_estimators': 511, 'min_samples_split': 0.020995458444468408, 'min_samples_leaf': 0.00972410084615198, 'min_weight_fraction_leaf': 0.039478393910741316, 'max_features': 0.5554487323844512, 'bootstrap': False, 'max_samples': 0.022456322589004634}. Best is trial 525 with value: 0.7931633376737273.[0m
[32m[I 2022-04-14 20:30:35,159][0m Trial 765 finished with value: 0.7903748791617666 and parameters: {'n_estimators': 612, 'min_samples_split': 0.008999099840423443, 'min_samples_leaf': 0.01949148642153381, 'min_weight_fraction_leaf': 6.052707096029612e-05, 'max_features': 0.6164769219475071, 'bootstrap': False, 'max_samples': 0.05457936295879308}. Best is trial 525 with value: 0.7931633376737273.[0m
[32m[I 2022-04-14 20:31:27,500][0m Trial 766 finished with value: 0.7841722918377709 and parameters: {'n_estimators': 448, 'min_samples_split': 0.026994065950852682, 'min_samples_leaf': 0.0384620483924152, 'min_weight_fraction_leaf': 0.029107015421846728, 'max_features': 0.5302521281262155, 'bootstrap': False, 'max_samples': 0.0324146652159845}. Best is trial 525 with value: 0.7931633376737273.[0m
[32m[I 2022-04-14 20:34:42,532][0m Trial 767 finished with value: 0.7846076980428416 and parameters: {'n_estimators': 573, 'min_samples_split': 0.017542872684559875, 'min_samples_leaf': 0.009982678464447975, 'min_weight_fraction_leaf': 0.018992827153043363, 'max_features': 0.5817886062914269, 'bootstrap': False, 'max_samples': 0.0001021204406846804}. Best is trial 525 with value: 0.7931633376737273.[0m
[32m[I 2022-04-14 20:40:28,809][0m Trial 768 finished with value: 0.7917694711333116 and parameters: {'n_estimators': 531, 'min_samples_split': 0.009687993368397742, 'min_samples_leaf': 0.0011635000595329771, 'min_weight_fraction_leaf': 0.009316661998405409, 'max_features': 0.5493415135838016, 'bootstrap': False, 'max_samples': 0.5934326076101124}. Best is trial 525 with value: 0.7931633376737273.[0m
[32m[I 2022-04-14 20:42:21,243][0m Trial 769 finished with value: 0.7844458194822203 and parameters: {'n_estimators': 526, 'min_samples_split': 0.036887638855091026, 'min_samples_leaf': 0.024645590020955566, 'min_weight_fraction_leaf': 0.017743501301556823, 'max_features': 0.5602849773704758, 'bootstrap': False, 'max_samples': 0.61172802469649}. Best is trial 525 with value: 0.7931633376737273.[0m
[32m[I 2022-04-14 20:45:48,344][0m Trial 770 finished with value: 0.7891800941756528 and parameters: {'n_estimators': 498, 'min_samples_split': 0.029248862289993682, 'min_samples_leaf': 0.0104811162843486, 'min_weight_fraction_leaf': 5.297574540401111e-05, 'max_features': 0.5755883525717128, 'bootstrap': False, 'max_samples': 0.5902309812422547}. Best is trial 525 with value: 0.7931633376737273.[0m
[32m[I 2022-04-14 20:47:39,748][0m Trial 771 finished with value: 0.7822645734991778 and parameters: {'n_estimators': 519, 'min_samples_split': 0.01801522092097462, 'min_samples_leaf': 0.01792774512886481, 'min_weight_fraction_leaf': 0.03147313390434277, 'max_features': 0.5520468537900105, 'bootstrap': False, 'max_samples': 0.6065422737801396}. Best is trial 525 with value: 0.7931633376737273.[0m
[32m[I 2022-04-14 20:50:57,786][0m Trial 772 finished with value: 0.7910978717778082 and parameters: {'n_estimators': 486, 'min_samples_split': 0.04573184773982103, 'min_samples_leaf': 0.010551943434333102, 'min_weight_fraction_leaf': 0.010158722109524235, 'max_features': 0.6090320042262908, 'bootstrap': False, 'max_samples': 0.5859627775254388}. Best is trial 525 with value: 0.7931633376737273.[0m
[32m[I 2022-04-14 20:52:53,760][0m Trial 773 finished with value: 0.7902508539530784 and parameters: {'n_estimators': 535, 'min_samples_split': 0.02540989657526388, 'min_samples_leaf': 0.025013023969975904, 'min_weight_fraction_leaf': 0.023912197547618093, 'max_features': 0.5888653673972136, 'bootstrap': False, 'max_samples': 0.6219550759575888}. Best is trial 525 with value: 0.7931633376737273.[0m
[32m[I 2022-04-14 20:54:23,201][0m Trial 774 finished with value: 0.7849560785937626 and parameters: {'n_estimators': 551, 'min_samples_split': 0.009268784323793758, 'min_samples_leaf': 0.03492861032605173, 'min_weight_fraction_leaf': 0.009749361834195365, 'max_features': 0.6370365186574258, 'bootstrap': False, 'max_samples': 0.5724746302851903}. Best is trial 525 with value: 0.7931633376737273.[0m
[32m[I 2022-04-14 20:55:59,734][0m Trial 775 finished with value: 0.7930108337839051 and parameters: {'n_estimators': 461, 'min_samples_split': 0.034875482616582035, 'min_samples_leaf': 0.0010436181631462852, 'min_weight_fraction_leaf': 0.01890104738248041, 'max_features': 0.5423733168181647, 'bootstrap': True, 'max_samples': 0.599496198336777, 'oob_score': False}. Best is trial 525 with value: 0.7931633376737273.[0m
[32m[I 2022-04-14 20:56:58,668][0m Trial 776 finished with value: 0.7825547833077101 and parameters: {'n_estimators': 471, 'min_samples_split': 0.05024509058155628, 'min_samples_leaf': 0.008248349645436345, 'min_weight_fraction_leaf': 0.0381478388535473, 'max_features': 0.5346956195953121, 'bootstrap': True, 'max_samples': 0.5710649114238375, 'oob_score': False}. Best is trial 525 with value: 0.7931633376737273.[0m
[32m[I 2022-04-14 20:58:06,877][0m Trial 777 finished with value: 0.7804813421069596 and parameters: {'n_estimators': 507, 'min_samples_split': 0.04261326385506508, 'min_samples_leaf': 0.001449997266816317, 'min_weight_fraction_leaf': 0.05588849949806585, 'max_features': 0.538055538508653, 'bootstrap': True, 'max_samples': 0.6418263681834059, 'oob_score': False}. Best is trial 525 with value: 0.7931633376737273.[0m
[32m[I 2022-04-14 20:59:15,862][0m Trial 778 finished with value: 0.7847813342991801 and parameters: {'n_estimators': 543, 'min_samples_split': 0.03613089864489714, 'min_samples_leaf': 0.01845572667764062, 'min_weight_fraction_leaf': 0.042234302329558375, 'max_features': 0.5653705949838836, 'bootstrap': True, 'max_samples': 0.6381711533940757, 'oob_score': False}. Best is trial 525 with value: 0.7931633376737273.[0m
[32m[I 2022-04-14 21:00:54,701][0m Trial 779 finished with value: 0.786315548446135 and parameters: {'n_estimators': 562, 'min_samples_split': 0.044319061607410074, 'min_samples_leaf': 0.010401087517832404, 'min_weight_fraction_leaf': 0.02881960082128219, 'max_features': 0.59718686729989, 'bootstrap': True, 'max_samples': 0.6735847694752971, 'oob_score': False}. Best is trial 525 with value: 0.7931633376737273.[0m
