[32m[I 2022-04-13 22:16:42,469][0m Trial 702 finished with value: 0.8907040184702266 and parameters: {'n_estimators': 313, 'min_samples_split': 0.1157824011042804, 'min_samples_leaf': 0.05805732573442284, 'min_weight_fraction_leaf': 0.07673550122992744, 'max_features': 0.7951002737529661, 'bootstrap': False, 'max_samples': 0.33475889904913064}. Best is trial 394 with value: 0.8941171376114454.[0m
[32m[I 2022-04-13 22:17:36,748][0m Trial 703 finished with value: 0.8873462202845873 and parameters: {'n_estimators': 313, 'min_samples_split': 0.15190228236121117, 'min_samples_leaf': 0.09999722447645581, 'min_weight_fraction_leaf': 0.040374392152382074, 'max_features': 0.845967257386523, 'bootstrap': False, 'max_samples': 0.9998334514922953}. Best is trial 394 with value: 0.8941171376114454.[0m
[32m[I 2022-04-13 22:17:58,646][0m Trial 704 finished with value: 0.7779650309202861 and parameters: {'n_estimators': 346, 'min_samples_split': 0.1252431731214891, 'min_samples_leaf': 0.2766950488040715, 'min_weight_fraction_leaf': 0.06342492914821549, 'max_features': 0.8138401855204934, 'bootstrap': False, 'max_samples': 0.9237013061728208}. Best is trial 394 with value: 0.8941171376114454.[0m
[32m[I 2022-04-13 22:18:44,464][0m Trial 705 finished with value: 0.891812536736747 and parameters: {'n_estimators': 225, 'min_samples_split': 0.09576062100556047, 'min_samples_leaf': 0.06403694232162029, 'min_weight_fraction_leaf': 0.05339611865975365, 'max_features': 0.7692497519061515, 'bootstrap': False, 'max_samples': 0.027633053547303915}. Best is trial 394 with value: 0.8941171376114454.[0m
[32m[I 2022-04-13 22:19:52,712][0m Trial 706 finished with value: 0.8922877423362099 and parameters: {'n_estimators': 327, 'min_samples_split': 0.13337594778201034, 'min_samples_leaf': 0.0491304999914987, 'min_weight_fraction_leaf': 0.04124533905274064, 'max_features': 0.7891440497647473, 'bootstrap': False, 'max_samples': 0.8900874468377252}. Best is trial 394 with value: 0.8941171376114454.[0m
[32m[I 2022-04-13 22:20:59,430][0m Trial 707 finished with value: 0.8924469830385011 and parameters: {'n_estimators': 360, 'min_samples_split': 0.1112308366009756, 'min_samples_leaf': 0.07337571305508249, 'min_weight_fraction_leaf': 0.033858242457455966, 'max_features': 0.8341673605985217, 'bootstrap': False, 'max_samples': 0.9661313842087282}. Best is trial 394 with value: 0.8941171376114454.[0m
[32m[I 2022-04-13 22:22:28,846][0m Trial 708 finished with value: 0.8917027847057739 and parameters: {'n_estimators': 369, 'min_samples_split': 0.14499654949678598, 'min_samples_leaf': 0.035499671732479865, 'min_weight_fraction_leaf': 0.0466212991866846, 'max_features': 0.8078405934539011, 'bootstrap': False, 'max_samples': 0.20581713985628614}. Best is trial 394 with value: 0.8941171376114454.[0m
[32m[I 2022-04-13 22:23:24,461][0m Trial 709 finished with value: 0.8913965722093439 and parameters: {'n_estimators': 238, 'min_samples_split': 0.13465639299826562, 'min_samples_leaf': 0.05200228139669183, 'min_weight_fraction_leaf': 0.06107789396142427, 'max_features': 0.9148716142766696, 'bootstrap': False, 'max_samples': 0.9474465472553293}. Best is trial 394 with value: 0.8941171376114454.[0m
[32m[I 2022-04-13 22:23:30,765][0m Trial 710 finished with value: 0.7701890999288642 and parameters: {'n_estimators': 308, 'min_samples_split': 0.12104254978051505, 'min_samples_leaf': 0.3402494764828125, 'min_weight_fraction_leaf': 0.07271170657150675, 'max_features': 0.2348737408590063, 'bootstrap': False, 'max_samples': 0.8592042170140156}. Best is trial 394 with value: 0.8941171376114454.[0m
[32m[I 2022-04-13 22:24:10,768][0m Trial 711 finished with value: 0.8903933867074662 and parameters: {'n_estimators': 210, 'min_samples_split': 0.15285363144460407, 'min_samples_leaf': 0.08396201988896405, 'min_weight_fraction_leaf': 0.03207509394075904, 'max_features': 0.8722271735001478, 'bootstrap': False, 'max_samples': 0.9070636795687474}. Best is trial 394 with value: 0.8941171376114454.[0m
[32m[I 2022-04-13 22:25:00,468][0m Trial 712 finished with value: 0.8928972325496286 and parameters: {'n_estimators': 248, 'min_samples_split': 0.1391780806766886, 'min_samples_leaf': 0.06718837290020635, 'min_weight_fraction_leaf': 0.041283798752525386, 'max_features': 0.827831803383855, 'bootstrap': False, 'max_samples': 0.9798872041679738}. Best is trial 394 with value: 0.8941171376114454.[0m
[32m[I 2022-04-13 22:25:06,932][0m Trial 713 finished with value: 0.45 and parameters: {'n_estimators': 230, 'min_samples_split': 0.17656364951767156, 'min_samples_leaf': 0.05769411984008355, 'min_weight_fraction_leaf': 0.026605217870982, 'max_features': 0.8544082851179223, 'bootstrap': True, 'max_samples': 0.05909627936890057, 'oob_score': True}. Best is trial 394 with value: 0.8941171376114454.[0m
[32m[I 2022-04-13 22:26:13,379][0m Trial 714 finished with value: 0.8919176914727489 and parameters: {'n_estimators': 291, 'min_samples_split': 0.12743610542303538, 'min_samples_leaf': 0.04203018694969478, 'min_weight_fraction_leaf': 0.00012270731231136698, 'max_features': 0.7859024418691286, 'bootstrap': False, 'max_samples': 0.927290484950419}. Best is trial 394 with value: 0.8941171376114454.[0m
[32m[I 2022-04-13 22:27:53,166][0m Trial 715 finished with value: 0.8913228259051055 and parameters: {'n_estimators': 384, 'min_samples_split': 0.10140613770281615, 'min_samples_leaf': 0.027960317541088412, 'min_weight_fraction_leaf': 0.05405055726769978, 'max_features': 0.8025931871734946, 'bootstrap': False, 'max_samples': 0.8736347938582857}. Best is trial 394 with value: 0.8941171376114454.[0m
[32m[I 2022-04-13 22:28:58,902][0m Trial 716 finished with value: 0.8919723581450768 and parameters: {'n_estimators': 340, 'min_samples_split': 0.11489305752910658, 'min_samples_leaf': 0.07263524833753447, 'min_weight_fraction_leaf': 0.037646285479121425, 'max_features': 0.8257247108395842, 'bootstrap': False, 'max_samples': 0.8291237880433924}. Best is trial 394 with value: 0.8941171376114454.[0m
[32m[I 2022-04-13 22:29:36,079][0m Trial 717 finished with value: 0.8888231236082204 and parameters: {'n_estimators': 185, 'min_samples_split': 0.1625705362642322, 'min_samples_leaf': 0.05842528527664235, 'min_weight_fraction_leaf': 0.020628313613919362, 'max_features': 0.7700493118796573, 'bootstrap': False, 'max_samples': 0.9584440956528717}. Best is trial 394 with value: 0.8941171376114454.[0m
[32m[I 2022-04-13 22:30:38,095][0m Trial 718 finished with value: 0.8900027615366394 and parameters: {'n_estimators': 267, 'min_samples_split': 0.14407332784931134, 'min_samples_leaf': 0.04357993500836242, 'min_weight_fraction_leaf': 0.04938945885347189, 'max_features': 0.8426819769329092, 'bootstrap': False, 'max_samples': 0.895071730490567}. Best is trial 394 with value: 0.8941171376114454.[0m
[32m[I 2022-04-13 22:31:35,612][0m Trial 719 finished with value: 0.8872983935603896 and parameters: {'n_estimators': 305, 'min_samples_split': 0.13375096033658138, 'min_samples_leaf': 0.08199645372334588, 'min_weight_fraction_leaf': 0.09707033247088873, 'max_features': 0.8126780692695397, 'bootstrap': False, 'max_samples': 0.014132772695704269}. Best is trial 394 with value: 0.8941171376114454.[0m
[32m[I 2022-04-13 22:32:38,063][0m Trial 720 finished with value: 0.8922084632376153 and parameters: {'n_estimators': 319, 'min_samples_split': 0.12234497225987538, 'min_samples_leaf': 0.0671482257468057, 'min_weight_fraction_leaf': 0.009088033475740425, 'max_features': 0.7895314764095502, 'bootstrap': False, 'max_samples': 0.926940277873489}. Best is trial 394 with value: 0.8941171376114454.[0m
[32m[I 2022-04-13 22:33:42,083][0m Trial 721 finished with value: 0.8901951891732889 and parameters: {'n_estimators': 256, 'min_samples_split': 0.15335049502818987, 'min_samples_leaf': 0.017594160772334243, 'min_weight_fraction_leaf': 0.029772598359467186, 'max_features': 0.7512228491854918, 'bootstrap': False, 'max_samples': 0.9461376694163639}. Best is trial 394 with value: 0.8941171376114454.[0m
[32m[I 2022-04-13 22:34:34,681][0m Trial 722 finished with value: 0.8902734813163791 and parameters: {'n_estimators': 220, 'min_samples_split': 0.10667557986593496, 'min_samples_leaf': 0.051294387952237716, 'min_weight_fraction_leaf': 0.040888578758961014, 'max_features': 0.8579340630504426, 'bootstrap': False, 'max_samples': 0.9853876477626247}. Best is trial 394 with value: 0.8941171376114454.[0m
[32m[I 2022-04-13 22:35:32,915][0m Trial 723 finished with value: 0.8939251151760071 and parameters: {'n_estimators': 283, 'min_samples_split': 0.14305689887876855, 'min_samples_leaf': 0.05969323054407991, 'min_weight_fraction_leaf': 0.021465459189903092, 'max_features': 0.8267241072304465, 'bootstrap': False, 'max_samples': 0.04216518278659408}. Best is trial 394 with value: 0.8941171376114454.[0m
[32m[I 2022-04-13 22:36:26,141][0m Trial 724 finished with value: 0.8877974162912604 and parameters: {'n_estimators': 294, 'min_samples_split': 0.14684519324384337, 'min_samples_leaf': 0.09188350430217446, 'min_weight_fraction_leaf': 0.009592906615792898, 'max_features': 0.8926858929290944, 'bootstrap': False, 'max_samples': 0.046665839989681976}. Best is trial 394 with value: 0.8941171376114454.[0m
[32m[I 2022-04-13 22:37:26,666][0m Trial 725 finished with value: 0.8910746452790544 and parameters: {'n_estimators': 304, 'min_samples_split': 0.14873597012419817, 'min_samples_leaf': 0.07480773217730155, 'min_weight_fraction_leaf': 2.362863090216862e-06, 'max_features': 0.8355636026875526, 'bootstrap': False, 'max_samples': 0.0708076823356815}. Best is trial 394 with value: 0.8941171376114454.[0m
[32m[I 2022-04-13 22:38:22,982][0m Trial 726 finished with value: 0.892240248897122 and parameters: {'n_estimators': 284, 'min_samples_split': 0.154629662111685, 'min_samples_leaf': 0.06450735259807536, 'min_weight_fraction_leaf': 0.018803729809765007, 'max_features': 0.8032062025604502, 'bootstrap': False, 'max_samples': 0.03338495665438078}. Best is trial 394 with value: 0.8941171376114454.[0m
[32m[I 2022-04-13 22:39:24,870][0m Trial 727 finished with value: 0.8926493315242704 and parameters: {'n_estimators': 287, 'min_samples_split': 0.14030606208868543, 'min_samples_leaf': 0.05128999197730461, 'min_weight_fraction_leaf': 0.02178538040622485, 'max_features': 0.8181086557622784, 'bootstrap': False, 'max_samples': 0.058999894013035}. Best is trial 394 with value: 0.8941171376114454.[0m
[32m[I 2022-04-13 22:39:31,643][0m Trial 728 finished with value: 0.7569812476601434 and parameters: {'n_estimators': 312, 'min_samples_split': 0.17027113037490832, 'min_samples_leaf': 0.03569922924849267, 'min_weight_fraction_leaf': 0.014255553088441463, 'max_features': 0.035923130843980855, 'bootstrap': False, 'max_samples': 0.06562714542653869}. Best is trial 394 with value: 0.8941171376114454.[0m
[32m[I 2022-04-13 22:40:27,951][0m Trial 729 finished with value: 0.8917897567560088 and parameters: {'n_estimators': 274, 'min_samples_split': 0.03364738154256228, 'min_samples_leaf': 0.06107109095822338, 'min_weight_fraction_leaf': 0.02361127285568182, 'max_features': 0.8484720722351751, 'bootstrap': False, 'max_samples': 0.027645879542070942}. Best is trial 394 with value: 0.8941171376114454.[0m
[32m[I 2022-04-13 22:41:20,016][0m Trial 730 finished with value: 0.8910733568883437 and parameters: {'n_estimators': 302, 'min_samples_split': 0.15980653240936735, 'min_samples_leaf': 0.07811117266953131, 'min_weight_fraction_leaf': 0.00883119215201568, 'max_features': 0.7821115860767266, 'bootstrap': False, 'max_samples': 0.014240857950709444}. Best is trial 394 with value: 0.8941171376114454.[0m
[32m[I 2022-04-13 22:41:43,929][0m Trial 731 finished with value: 0.7235943257137203 and parameters: {'n_estimators': 291, 'min_samples_split': 0.1365152684212245, 'min_samples_leaf': 0.1770564206232602, 'min_weight_fraction_leaf': 0.48341526048372285, 'max_features': 0.8766906998853723, 'bootstrap': False, 'max_samples': 0.11907113439559618}. Best is trial 394 with value: 0.8941171376114454.[0m
[32m[I 2022-04-13 22:41:48,730][0m Trial 732 finished with value: 0.65 and parameters: {'n_estimators': 323, 'min_samples_split': 0.18659643416731975, 'min_samples_leaf': 0.04604067551061279, 'min_weight_fraction_leaf': 0.35475893656028773, 'max_features': 0.8008915866439625, 'bootstrap': True, 'max_samples': 0.009906943585204605, 'oob_score': False}. Best is trial 394 with value: 0.8941171376114454.[0m
[32m[I 2022-04-13 22:42:43,861][0m Trial 733 finished with value: 0.8908098610870402 and parameters: {'n_estimators': 275, 'min_samples_split': 0.1618561418523917, 'min_samples_leaf': 0.06651252223261886, 'min_weight_fraction_leaf': 0.02840507298884993, 'max_features': 0.8306335295833248, 'bootstrap': False, 'max_samples': 0.09433294361355626}. Best is trial 394 with value: 0.8941171376114454.[0m
[32m[I 2022-04-13 22:43:52,762][0m Trial 734 finished with value: 0.8935741494983246 and parameters: {'n_estimators': 340, 'min_samples_split': 0.1469230936444126, 'min_samples_leaf': 0.05711777162444994, 'min_weight_fraction_leaf': 0.013471998947556126, 'max_features': 0.8178270907757876, 'bootstrap': False, 'max_samples': 0.8479845002183509}. Best is trial 394 with value: 0.8941171376114454.[0m
[32m[I 2022-04-13 22:44:58,316][0m Trial 735 finished with value: 0.8891382290267096 and parameters: {'n_estimators': 268, 'min_samples_split': 0.1654866128313503, 'min_samples_leaf': 0.040196063063354645, 'min_weight_fraction_leaf': 0.008105156639037448, 'max_features': 0.8555346534922329, 'bootstrap': False, 'max_samples': 0.8459439396668745}. Best is trial 394 with value: 0.8941171376114454.[0m
[32m[I 2022-04-13 22:46:07,523][0m Trial 736 finished with value: 0.8897019817863752 and parameters: {'n_estimators': 285, 'min_samples_split': 0.15445694626236425, 'min_samples_leaf': 0.02822590808122504, 'min_weight_fraction_leaf': 0.01616359597980921, 'max_features': 0.7678022604788741, 'bootstrap': False, 'max_samples': 0.041290040183444766}. Best is trial 394 with value: 0.8941171376114454.[0m
[32m[I 2022-04-13 22:46:46,473][0m Trial 737 finished with value: 0.7809731426710945 and parameters: {'n_estimators': 279, 'min_samples_split': 0.1464257917047908, 'min_samples_leaf': 0.052791053967630334, 'min_weight_fraction_leaf': 0.2986056594844789, 'max_features': 0.834582180906468, 'bootstrap': False, 'max_samples': 0.831772407128481}. Best is trial 394 with value: 0.8941171376114454.[0m
[32m[I 2022-04-13 22:47:25,110][0m Trial 738 finished with value: 0.8906717229963366 and parameters: {'n_estimators': 207, 'min_samples_split': 0.1765598937869953, 'min_samples_leaf': 0.0709717926109794, 'min_weight_fraction_leaf': 0.010296393871500433, 'max_features': 0.7967485737797225, 'bootstrap': False, 'max_samples': 0.8552793877132644}. Best is trial 394 with value: 0.8941171376114454.[0m
[32m[I 2022-04-13 22:48:29,803][0m Trial 739 finished with value: 0.8913574528284316 and parameters: {'n_estimators': 347, 'min_samples_split': 0.14413078905428325, 'min_samples_leaf': 0.04779000917579232, 'min_weight_fraction_leaf': 0.0008460206289494301, 'max_features': 0.731682400898517, 'bootstrap': False, 'max_samples': 0.0016025857119125637}. Best is trial 394 with value: 0.8941171376114454.[0m
[32m[I 2022-04-13 22:49:36,833][0m Trial 740 finished with value: 0.890439964946436 and parameters: {'n_estimators': 378, 'min_samples_split': 0.152565687241024, 'min_samples_leaf': 0.08340412010223192, 'min_weight_fraction_leaf': 0.018885825164472864, 'max_features': 0.8165235517687147, 'bootstrap': False, 'max_samples': 0.864108291179207}. Best is trial 394 with value: 0.8941171376114454.[0m
[32m[I 2022-04-13 22:50:14,402][0m Trial 741 finished with value: 0.8921620095840039 and parameters: {'n_estimators': 172, 'min_samples_split': 0.14130681734097844, 'min_samples_leaf': 0.05706915961772956, 'min_weight_fraction_leaf': 0.008735983043662889, 'max_features': 0.843420805074366, 'bootstrap': False, 'max_samples': 0.04599739473351398}. Best is trial 394 with value: 0.8941171376114454.[0m
[32m[I 2022-04-13 22:51:05,421][0m Trial 742 finished with value: 0.7843761186940543 and parameters: {'n_estimators': 264, 'min_samples_split': 0.13395988443624127, 'min_samples_leaf': 0.035832183570274775, 'min_weight_fraction_leaf': 0.12714586779681208, 'max_features': 0.7818513547083669, 'bootstrap': False, 'max_samples': 0.8369713591463078}. Best is trial 394 with value: 0.8941171376114454.[0m
[32m[I 2022-04-13 22:52:05,626][0m Trial 743 finished with value: 0.8903558595312026 and parameters: {'n_estimators': 297, 'min_samples_split': 0.1662426798162275, 'min_samples_leaf': 0.0687367414772412, 'min_weight_fraction_leaf': 0.024420975923385813, 'max_features': 0.872134367130684, 'bootstrap': False, 'max_samples': 0.8737911604740823}. Best is trial 394 with value: 0.8941171376114454.[0m
[32m[I 2022-04-13 22:53:07,346][0m Trial 744 finished with value: 0.8922524366189434 and parameters: {'n_estimators': 308, 'min_samples_split': 0.15425640324868684, 'min_samples_leaf': 0.056413429827683374, 'min_weight_fraction_leaf': 0.0168220681717881, 'max_features': 0.8038777375794025, 'bootstrap': False, 'max_samples': 0.8438352508449687}. Best is trial 394 with value: 0.8941171376114454.[0m
[32m[I 2022-04-13 22:54:01,323][0m Trial 745 finished with value: 0.8923288300241747 and parameters: {'n_estimators': 283, 'min_samples_split': 0.14346992543742826, 'min_samples_leaf': 0.04457524909644904, 'min_weight_fraction_leaf': 0.027977234677913927, 'max_features': 0.6166232461117929, 'bootstrap': False, 'max_samples': 0.8819237642757004}. Best is trial 394 with value: 0.8941171376114454.[0m
[32m[I 2022-04-13 22:55:38,679][0m Trial 746 finished with value: 0.8893620648964096 and parameters: {'n_estimators': 237, 'min_samples_split': 0.13225241756835848, 'min_samples_leaf': 0.001299349954266553, 'min_weight_fraction_leaf': 0.006318788662626494, 'max_features': 0.8218725280894295, 'bootstrap': False, 'max_samples': 0.8291174844698842}. Best is trial 394 with value: 0.8941171376114454.[0m
[32m[I 2022-04-13 22:56:26,947][0m Trial 747 finished with value: 0.8902094488263703 and parameters: {'n_estimators': 264, 'min_samples_split': 0.15908973180167238, 'min_samples_leaf': 0.07648228843469532, 'min_weight_fraction_leaf': 0.020212065342098944, 'max_features': 0.7592230995213028, 'bootstrap': False, 'max_samples': 0.034930544969158026}. Best is trial 394 with value: 0.8941171376114454.[0m
[32m[I 2022-04-13 22:57:20,450][0m Trial 748 finished with value: 0.8932683850637421 and parameters: {'n_estimators': 248, 'min_samples_split': 0.14652708578364892, 'min_samples_leaf': 0.06360827261198815, 'min_weight_fraction_leaf': 0.0006675198458963895, 'max_features': 0.8416101825345466, 'bootstrap': False, 'max_samples': 0.8112164858449292}. Best is trial 394 with value: 0.8941171376114454.[0m
[32m[I 2022-04-13 22:57:51,927][0m Trial 749 finished with value: 0.7787748651776465 and parameters: {'n_estimators': 197, 'min_samples_split': 0.13335751808937474, 'min_samples_leaf': 0.05112395941110147, 'min_weight_fraction_leaf': 0.27637623915081505, 'max_features': 0.7938891988161338, 'bootstrap': False, 'max_samples': 0.8561465684050008}. Best is trial 394 with value: 0.8941171376114454.[0m
[32m[I 2022-04-13 22:59:42,713][0m Trial 750 finished with value: 0.8877682676135998 and parameters: {'n_estimators': 634, 'min_samples_split': 0.14010567589158024, 'min_samples_leaf': 0.0909330161274812, 'min_weight_fraction_leaf': 0.03128857639153862, 'max_features': 0.817959600228426, 'bootstrap': False, 'max_samples': 0.07854806909446116}. Best is trial 394 with value: 0.8941171376114454.[0m
[32m[I 2022-04-13 23:01:25,707][0m Trial 751 finished with value: 0.8903310881223405 and parameters: {'n_estimators': 343, 'min_samples_split': 0.13133963647450272, 'min_samples_leaf': 0.017062139504213553, 'min_weight_fraction_leaf': 0.013884924644540341, 'max_features': 0.7772634309484946, 'bootstrap': False, 'max_samples': 0.8936050854479842}. Best is trial 394 with value: 0.8941171376114454.[0m
[32m[I 2022-04-13 23:01:33,043][0m Trial 752 finished with value: 0.25 and parameters: {'n_estimators': 295, 'min_samples_split': 0.15095874477575644, 'min_samples_leaf': 0.4816609804909904, 'min_weight_fraction_leaf': 0.0322638912376112, 'max_features': 0.8619271461036186, 'bootstrap': True, 'max_samples': 0.8716236664138739, 'oob_score': True}. Best is trial 394 with value: 0.8941171376114454.[0m
[32m[I 2022-04-13 23:02:27,610][0m Trial 753 finished with value: 0.8910576011105096 and parameters: {'n_estimators': 273, 'min_samples_split': 0.16694668350503844, 'min_samples_leaf': 0.06790161455103079, 'min_weight_fraction_leaf': 0.020702261897496604, 'max_features': 0.8313238192085065, 'bootstrap': False, 'max_samples': 0.021484723719929266}. Best is trial 394 with value: 0.8941171376114454.[0m
[32m[I 2022-04-13 23:03:16,777][0m Trial 754 finished with value: 0.8916091217969859 and parameters: {'n_estimators': 224, 'min_samples_split': 0.12710108362505282, 'min_samples_leaf': 0.039126100633265465, 'min_weight_fraction_leaf': 0.012355557492110758, 'max_features': 0.7124824378273742, 'bootstrap': False, 'max_samples': 0.9058107975338445}. Best is trial 394 with value: 0.8941171376114454.[0m
[32m[I 2022-04-13 23:04:23,470][0m Trial 755 finished with value: 0.8932371405606254 and parameters: {'n_estimators': 319, 'min_samples_split': 0.1420408917902879, 'min_samples_leaf': 0.05824666832141246, 'min_weight_fraction_leaf': 0.03089254148422164, 'max_features': 0.8031635112954065, 'bootstrap': False, 'max_samples': 0.8519199342996828}. Best is trial 394 with value: 0.8941171376114454.[0m
