[32m[I 2022-04-15 00:24:44,889][0m Trial 989 finished with value: 0.7518291568486501 and parameters: {'n_estimators': 601, 'min_samples_split': 0.01797170991296087, 'min_samples_leaf': 0.01914091208618153, 'min_weight_fraction_leaf': 0.14918928308997215, 'max_features': 0.4524464098189342, 'bootstrap': True, 'max_samples': 0.49637744432740266, 'oob_score': False}. Best is trial 971 with value: 0.7934743934756637.[0m
[32m[I 2022-04-15 00:25:28,071][0m Trial 990 finished with value: 0.7815348635896908 and parameters: {'n_estimators': 626, 'min_samples_split': 0.010108931796825555, 'min_samples_leaf': 0.02612667505798788, 'min_weight_fraction_leaf': 0.015661029384821543, 'max_features': 0.4424317589048152, 'bootstrap': True, 'max_samples': 0.48355507665358866, 'oob_score': False}. Best is trial 971 with value: 0.7934743934756637.[0m
[32m[I 2022-04-15 00:26:19,659][0m Trial 991 finished with value: 0.7819438143013657 and parameters: {'n_estimators': 581, 'min_samples_split': 0.01792131480663569, 'min_samples_leaf': 0.016877721765787435, 'min_weight_fraction_leaf': 0.009010062787907478, 'max_features': 0.4128248891401384, 'bootstrap': True, 'max_samples': 0.5096698556239849, 'oob_score': False}. Best is trial 971 with value: 0.7934743934756637.[0m
[32m[I 2022-04-15 00:27:19,183][0m Trial 992 finished with value: 0.7798971741658323 and parameters: {'n_estimators': 574, 'min_samples_split': 0.010215882407280144, 'min_samples_leaf': 0.00982707910368094, 'min_weight_fraction_leaf': 0.02387830924007612, 'max_features': 0.3529373613836334, 'bootstrap': True, 'max_samples': 0.5195394586163012, 'oob_score': False}. Best is trial 971 with value: 0.7934743934756637.[0m
[32m[I 2022-04-15 00:27:54,440][0m Trial 993 finished with value: 0.7803446383839721 and parameters: {'n_estimators': 554, 'min_samples_split': 0.019012278722313744, 'min_samples_leaf': 0.032386711122070644, 'min_weight_fraction_leaf': 0.01633851392940615, 'max_features': 0.45397760666296005, 'bootstrap': True, 'max_samples': 0.5230751479754283, 'oob_score': False}. Best is trial 971 with value: 0.7934743934756637.[0m
[32m[I 2022-04-15 00:28:56,110][0m Trial 994 finished with value: 0.7901123361105439 and parameters: {'n_estimators': 667, 'min_samples_split': 0.010768294171041979, 'min_samples_leaf': 0.00990839756021685, 'min_weight_fraction_leaf': 0.0001105668842284759, 'max_features': 0.4238746474488121, 'bootstrap': True, 'max_samples': 0.34679059155189995, 'oob_score': False}. Best is trial 971 with value: 0.7934743934756637.[0m
[32m[I 2022-04-15 00:29:52,654][0m Trial 995 finished with value: 0.7823036549041833 and parameters: {'n_estimators': 635, 'min_samples_split': 0.018420750104293532, 'min_samples_leaf': 0.022832206843736363, 'min_weight_fraction_leaf': 0.03253076380560003, 'max_features': 0.44030530207028207, 'bootstrap': True, 'max_samples': 0.4973475449566298, 'oob_score': False}. Best is trial 971 with value: 0.7934743934756637.[0m
[32m[I 2022-04-15 00:30:22,141][0m Trial 996 finished with value: 0.7737851335547409 and parameters: {'n_estimators': 565, 'min_samples_split': 0.0013417570776642178, 'min_samples_leaf': 0.05208573932068514, 'min_weight_fraction_leaf': 0.008853846184966707, 'max_features': 0.47496957507330034, 'bootstrap': True, 'max_samples': 0.5243252119039039, 'oob_score': False}. Best is trial 971 with value: 0.7934743934756637.[0m
[32m[I 2022-04-15 00:31:22,457][0m Trial 997 finished with value: 0.783210366179676 and parameters: {'n_estimators': 612, 'min_samples_split': 0.020862646201074184, 'min_samples_leaf': 0.017549608412679347, 'min_weight_fraction_leaf': 0.024572333339825492, 'max_features': 0.41502060286983333, 'bootstrap': True, 'max_samples': 0.4646068510432782, 'oob_score': False}. Best is trial 971 with value: 0.7934743934756637.[0m
[32m[I 2022-04-15 00:33:08,583][0m Trial 998 finished with value: 0.79087257998933 and parameters: {'n_estimators': 600, 'min_samples_split': 0.009641202450319157, 'min_samples_leaf': 0.009315008671803265, 'min_weight_fraction_leaf': 0.01496608488023214, 'max_features': 0.47270910992900533, 'bootstrap': True, 'max_samples': 0.5520474427657442, 'oob_score': False}. Best is trial 971 with value: 0.7934743934756637.[0m
[32m[I 2022-04-15 00:33:41,521][0m Trial 999 finished with value: 0.7745494266858503 and parameters: {'n_estimators': 536, 'min_samples_split': 0.023483681437341322, 'min_samples_leaf': 0.03962609047179708, 'min_weight_fraction_leaf': 0.00023540243572846287, 'max_features': 0.43818615937120187, 'bootstrap': True, 'max_samples': 0.532061271014851, 'oob_score': False}. Best is trial 971 with value: 0.7934743934756637.[0m
RandomSurvivalForest
Running Optimizer with LogRank binary scoring
{'n_estimators': 191, 'min_samples_split': 0.011178575906283055, 'min_samples_leaf': 0.010493031259528765, 'min_weight_fraction_leaf': 0.0005850989602748649, 'max_features': 0.49467891866296987, 'bootstrap': False, 'max_samples': 0.11184527789233159, 'UnoC_LR': 0.8962879544043598}
Running Optimizer normaly
{'n_estimators': 537, 'min_samples_split': 0.009721998497226114, 'min_samples_leaf': 0.017686434296861144, 'min_weight_fraction_leaf': 0.015223746797367854, 'max_features': 0.5443434345920365, 'bootstrap': True, 'max_samples': 0.5553505585334003, 'oob_score': False, 'UnoC': 0.7934743934756637}
