[32m[I 2022-04-14 04:31:28,477][0m Trial 241 finished with value: 0.788266186595877 and parameters: {'n_estimators': 102, 'min_samples_split': 0.011502697317044954, 'min_samples_leaf': 0.017834845052669288, 'min_weight_fraction_leaf': 0.02101809153674398, 'max_features': 0.770892599405013, 'bootstrap': False, 'max_samples': 0.434262864703505}. Best is trial 221 with value: 0.7914552734175826.[0m
[32m[I 2022-04-14 04:31:39,659][0m Trial 242 finished with value: 0.7479212906323798 and parameters: {'n_estimators': 100, 'min_samples_split': 0.01889371319938861, 'min_samples_leaf': 0.008471372159096612, 'min_weight_fraction_leaf': 0.35442601506282834, 'max_features': 0.7863205403952884, 'bootstrap': False, 'max_samples': 0.40443735720428314}. Best is trial 221 with value: 0.7914552734175826.[0m
[32m[I 2022-04-14 04:32:08,179][0m Trial 243 finished with value: 0.7894077990323491 and parameters: {'n_estimators': 113, 'min_samples_split': 0.01004647042673433, 'min_samples_leaf': 0.02653158184696214, 'min_weight_fraction_leaf': 0.007997643531830374, 'max_features': 0.743333701213216, 'bootstrap': False, 'max_samples': 0.4570500057812128}. Best is trial 221 with value: 0.7914552734175826.[0m
[32m[I 2022-04-14 04:32:28,119][0m Trial 244 finished with value: 0.7820035019974737 and parameters: {'n_estimators': 113, 'min_samples_split': 0.011936077687335738, 'min_samples_leaf': 0.02539213746254227, 'min_weight_fraction_leaf': 0.02512329669056962, 'max_features': 0.43328297105993735, 'bootstrap': False, 'max_samples': 0.46544576843390906}. Best is trial 221 with value: 0.7914552734175826.[0m
[32m[I 2022-04-14 04:32:56,198][0m Trial 245 finished with value: 0.7830427855061679 and parameters: {'n_estimators': 118, 'min_samples_split': 0.009031044224923943, 'min_samples_leaf': 0.031279541749516575, 'min_weight_fraction_leaf': 0.013864533956014695, 'max_features': 0.7393956784334705, 'bootstrap': False, 'max_samples': 0.4446469975350342}. Best is trial 221 with value: 0.7914552734175826.[0m
[32m[I 2022-04-14 04:33:17,692][0m Trial 246 finished with value: 0.786709309512274 and parameters: {'n_estimators': 105, 'min_samples_split': 0.0011738111677127776, 'min_samples_leaf': 0.03996973290994134, 'min_weight_fraction_leaf': 0.030320544384612878, 'max_features': 0.7296496152352295, 'bootstrap': False, 'max_samples': 0.4287435860962821}. Best is trial 221 with value: 0.7914552734175826.[0m
[32m[I 2022-04-14 04:33:51,859][0m Trial 247 finished with value: 0.7890229100169469 and parameters: {'n_estimators': 122, 'min_samples_split': 0.02489153651547353, 'min_samples_leaf': 0.023521397800402362, 'min_weight_fraction_leaf': 0.016822626271756975, 'max_features': 0.7513561250912656, 'bootstrap': False, 'max_samples': 0.46548733785027885}. Best is trial 221 with value: 0.7914552734175826.[0m
[32m[I 2022-04-14 04:34:22,901][0m Trial 248 finished with value: 0.7825213636862836 and parameters: {'n_estimators': 131, 'min_samples_split': 0.02702833509329763, 'min_samples_leaf': 0.029682024825523495, 'min_weight_fraction_leaf': 0.00916070836667874, 'max_features': 0.7051771999845775, 'bootstrap': False, 'max_samples': 0.4591065200818406}. Best is trial 221 with value: 0.7914552734175826.[0m
[32m[I 2022-04-14 04:34:57,344][0m Trial 249 finished with value: 0.7889042849905671 and parameters: {'n_estimators': 122, 'min_samples_split': 0.019618292805991516, 'min_samples_leaf': 0.02254931969318419, 'min_weight_fraction_leaf': 0.01651516142187811, 'max_features': 0.7484772300743869, 'bootstrap': False, 'max_samples': 0.4877904086045112}. Best is trial 221 with value: 0.7914552734175826.[0m
[32m[I 2022-04-14 04:35:24,590][0m Trial 250 finished with value: 0.7859199546798162 and parameters: {'n_estimators': 123, 'min_samples_split': 0.031163503828346276, 'min_samples_leaf': 0.04130648090795458, 'min_weight_fraction_leaf': 0.008933501180291221, 'max_features': 0.7458185480018248, 'bootstrap': False, 'max_samples': 0.4970713568687959}. Best is trial 221 with value: 0.7914552734175826.[0m
[32m[I 2022-04-14 04:35:57,510][0m Trial 251 finished with value: 0.7908387780552352 and parameters: {'n_estimators': 129, 'min_samples_split': 0.022135855716948944, 'min_samples_leaf': 0.0269203940358445, 'min_weight_fraction_leaf': 0.01614422386405041, 'max_features': 0.7171265697328651, 'bootstrap': False, 'max_samples': 0.5014034705522852}. Best is trial 221 with value: 0.7914552734175826.[0m
[32m[I 2022-04-14 04:36:06,999][0m Trial 252 finished with value: 0.7528229346417727 and parameters: {'n_estimators': 137, 'min_samples_split': 0.023184800193053287, 'min_samples_leaf': 0.22719992649308834, 'min_weight_fraction_leaf': 0.01675628698096293, 'max_features': 0.6707527765849997, 'bootstrap': False, 'max_samples': 0.4884115542807894}. Best is trial 221 with value: 0.7914552734175826.[0m
[32m[I 2022-04-14 04:36:37,545][0m Trial 253 finished with value: 0.7841923766917016 and parameters: {'n_estimators': 132, 'min_samples_split': 0.035493818305482344, 'min_samples_leaf': 0.031062591657631134, 'min_weight_fraction_leaf': 0.03647047516748913, 'max_features': 0.7142412822100819, 'bootstrap': False, 'max_samples': 0.5348443754537316}. Best is trial 221 with value: 0.7914552734175826.[0m
[32m[I 2022-04-14 04:37:02,286][0m Trial 254 finished with value: 0.7805844183835423 and parameters: {'n_estimators': 127, 'min_samples_split': 0.020629358958578547, 'min_samples_leaf': 0.05025406363251319, 'min_weight_fraction_leaf': 0.00016626612497279251, 'max_features': 0.6917793859341731, 'bootstrap': False, 'max_samples': 0.4632903272359895}. Best is trial 221 with value: 0.7914552734175826.[0m
[32m[I 2022-04-14 04:37:25,982][0m Trial 255 finished with value: 0.7682405095884914 and parameters: {'n_estimators': 123, 'min_samples_split': 0.028985095638075227, 'min_samples_leaf': 0.0026802824723923743, 'min_weight_fraction_leaf': 0.1889424975394391, 'max_features': 0.72562754034786, 'bootstrap': False, 'max_samples': 0.4798209009832599}. Best is trial 221 with value: 0.7914552734175826.[0m
[32m[I 2022-04-14 04:37:59,285][0m Trial 256 finished with value: 0.7874128316442081 and parameters: {'n_estimators': 128, 'min_samples_split': 0.02095916464188638, 'min_samples_leaf': 0.028091664391959984, 'min_weight_fraction_leaf': 0.01764490931029798, 'max_features': 0.7478955654066198, 'bootstrap': False, 'max_samples': 0.5031428872849381}. Best is trial 221 with value: 0.7914552734175826.[0m
[32m[I 2022-04-14 04:38:30,318][0m Trial 257 finished with value: 0.7829609567068502 and parameters: {'n_estimators': 139, 'min_samples_split': 0.049201616197399545, 'min_samples_leaf': 0.03787756315722311, 'min_weight_fraction_leaf': 0.028473456962463818, 'max_features': 0.7231805853731861, 'bootstrap': False, 'max_samples': 0.4530590585946767}. Best is trial 221 with value: 0.7914552734175826.[0m
[32m[I 2022-04-14 04:38:48,421][0m Trial 258 finished with value: 0.7598339736951208 and parameters: {'n_estimators': 121, 'min_samples_split': 0.035351592869537436, 'min_samples_leaf': 0.011301287031888808, 'min_weight_fraction_leaf': 0.26823778686408867, 'max_features': 0.7029906266764047, 'bootstrap': False, 'max_samples': 0.47984445118957303}. Best is trial 221 with value: 0.7914552734175826.[0m
[32m[I 2022-04-14 04:39:21,330][0m Trial 259 finished with value: 0.7875541744690826 and parameters: {'n_estimators': 116, 'min_samples_split': 0.009528518263007036, 'min_samples_leaf': 0.02511562679768522, 'min_weight_fraction_leaf': 0.0085328538995255, 'max_features': 0.7565878657053661, 'bootstrap': False, 'max_samples': 0.5094763172870138}. Best is trial 221 with value: 0.7914552734175826.[0m
[32m[I 2022-04-14 04:39:39,274][0m Trial 260 finished with value: 0.7796035883485867 and parameters: {'n_estimators': 132, 'min_samples_split': 0.0208240807495233, 'min_samples_leaf': 0.04454859817229684, 'min_weight_fraction_leaf': 0.04475893341705357, 'max_features': 0.3773878479089084, 'bootstrap': False, 'max_samples': 0.02875285638255575}. Best is trial 221 with value: 0.7914552734175826.[0m
[32m[I 2022-04-14 04:39:54,731][0m Trial 261 finished with value: 0.7854026496893797 and parameters: {'n_estimators': 144, 'min_samples_split': 0.028459934995755647, 'min_samples_leaf': 0.020346745869517416, 'min_weight_fraction_leaf': 0.020051071347563294, 'max_features': 0.7383353796662815, 'bootstrap': True, 'max_samples': 0.4572056236723374, 'oob_score': True}. Best is trial 221 with value: 0.7914552734175826.[0m
[32m[I 2022-04-14 04:40:20,756][0m Trial 262 finished with value: 0.7857431132157487 and parameters: {'n_estimators': 121, 'min_samples_split': 0.002771944505929701, 'min_samples_leaf': 0.03273174240628567, 'min_weight_fraction_leaf': 0.03372021257831323, 'max_features': 0.6813323457015631, 'bootstrap': False, 'max_samples': 0.9783487285739757}. Best is trial 221 with value: 0.7914552734175826.[0m
[32m[I 2022-04-14 04:41:22,422][0m Trial 263 finished with value: 0.7866715904126509 and parameters: {'n_estimators': 126, 'min_samples_split': 0.03988856234272882, 'min_samples_leaf': 0.008039157629966872, 'min_weight_fraction_leaf': 0.00021270646646858946, 'max_features': 0.758698316273474, 'bootstrap': False, 'max_samples': 0.47473647761274357}. Best is trial 221 with value: 0.7914552734175826.[0m
[32m[I 2022-04-14 04:42:02,417][0m Trial 264 finished with value: 0.7860789808430338 and parameters: {'n_estimators': 114, 'min_samples_split': 0.017833219165653353, 'min_samples_leaf': 0.018069915117036404, 'min_weight_fraction_leaf': 0.015342525170662868, 'max_features': 0.7912989453206057, 'bootstrap': False, 'max_samples': 0.5282476085331971}. Best is trial 221 with value: 0.7914552734175826.[0m
[32m[I 2022-04-14 04:42:40,190][0m Trial 265 finished with value: 0.7736314646156585 and parameters: {'n_estimators': 154, 'min_samples_split': 0.22023821643171676, 'min_samples_leaf': 0.0017244186416116858, 'min_weight_fraction_leaf': 0.027256324325551234, 'max_features': 0.7224462637594959, 'bootstrap': False, 'max_samples': 0.4215106782314718}. Best is trial 221 with value: 0.7914552734175826.[0m
[32m[I 2022-04-14 04:43:03,864][0m Trial 266 finished with value: 0.7815547453303501 and parameters: {'n_estimators': 119, 'min_samples_split': 0.05442150372284962, 'min_samples_leaf': 0.056656029484641074, 'min_weight_fraction_leaf': 0.008698686843790531, 'max_features': 0.7401001490059053, 'bootstrap': False, 'max_samples': 0.30648239668038085}. Best is trial 221 with value: 0.7914552734175826.[0m
[32m[I 2022-04-14 04:43:29,294][0m Trial 267 finished with value: 0.7741350081726537 and parameters: {'n_estimators': 134, 'min_samples_split': 0.3762646332641265, 'min_samples_leaf': 0.03567030048933277, 'min_weight_fraction_leaf': 0.01643719791134548, 'max_features': 0.7592301929412891, 'bootstrap': False, 'max_samples': 0.9566968880009789}. Best is trial 221 with value: 0.7914552734175826.[0m
[32m[I 2022-04-14 04:44:03,333][0m Trial 268 finished with value: 0.7883803442819357 and parameters: {'n_estimators': 113, 'min_samples_split': 0.0011792222530304704, 'min_samples_leaf': 0.024770817849146552, 'min_weight_fraction_leaf': 0.024530352653215303, 'max_features': 0.7881343532180299, 'bootstrap': False, 'max_samples': 0.4495194464277377}. Best is trial 221 with value: 0.7914552734175826.[0m
[32m[I 2022-04-14 04:45:04,044][0m Trial 269 finished with value: 0.7842512813315148 and parameters: {'n_estimators': 227, 'min_samples_split': 0.01601831021908419, 'min_samples_leaf': 0.01423146766856844, 'min_weight_fraction_leaf': 0.03435079173641301, 'max_features': 0.7091966642750748, 'bootstrap': False, 'max_samples': 0.40364877168872304}. Best is trial 221 with value: 0.7914552734175826.[0m
[32m[I 2022-04-14 04:45:32,459][0m Trial 270 finished with value: 0.7794815777973874 and parameters: {'n_estimators': 125, 'min_samples_split': 0.032201631809448655, 'min_samples_leaf': 0.04668709185087734, 'min_weight_fraction_leaf': 0.009536148330211896, 'max_features': 0.8201465917857621, 'bootstrap': False, 'max_samples': 0.4913168535541637}. Best is trial 221 with value: 0.7914552734175826.[0m
[32m[I 2022-04-14 04:46:06,747][0m Trial 271 finished with value: 0.7893530503104701 and parameters: {'n_estimators': 119, 'min_samples_split': 0.009969940110068737, 'min_samples_leaf': 0.02496560558824961, 'min_weight_fraction_leaf': 0.017259946738875948, 'max_features': 0.7411424230991562, 'bootstrap': False, 'max_samples': 0.0642136332124632}. Best is trial 221 with value: 0.7914552734175826.[0m
[32m[I 2022-04-14 04:46:36,336][0m Trial 272 finished with value: 0.7816506784869407 and parameters: {'n_estimators': 119, 'min_samples_split': 0.009229139476347879, 'min_samples_leaf': 0.03377965650572837, 'min_weight_fraction_leaf': 0.04308507730237904, 'max_features': 0.7347855207992106, 'bootstrap': False, 'max_samples': 0.05992370524438758}. Best is trial 221 with value: 0.7914552734175826.[0m
[32m[I 2022-04-14 04:46:47,794][0m Trial 273 finished with value: 0.6454310300623768 and parameters: {'n_estimators': 112, 'min_samples_split': 0.021817699216277346, 'min_samples_leaf': 0.013412073169651017, 'min_weight_fraction_leaf': 0.45132035893164835, 'max_features': 0.6547570008517347, 'bootstrap': False, 'max_samples': 0.07602215325072438}. Best is trial 221 with value: 0.7914552734175826.[0m
[32m[I 2022-04-14 04:47:22,348][0m Trial 274 finished with value: 0.7815253723338644 and parameters: {'n_estimators': 128, 'min_samples_split': 0.00983021547396001, 'min_samples_leaf': 0.02589940649454614, 'min_weight_fraction_leaf': 0.019456770299219175, 'max_features': 0.6928700347788849, 'bootstrap': False, 'max_samples': 0.04088005360163627}. Best is trial 221 with value: 0.7914552734175826.[0m
[32m[I 2022-04-14 04:48:09,826][0m Trial 275 finished with value: 0.7884858038690838 and parameters: {'n_estimators': 107, 'min_samples_split': 0.026461029648535778, 'min_samples_leaf': 0.010343510129404413, 'min_weight_fraction_leaf': 0.0007650347083183878, 'max_features': 0.7211599057610231, 'bootstrap': False, 'max_samples': 0.09704567923712992}. Best is trial 221 with value: 0.7914552734175826.[0m
[32m[I 2022-04-14 04:48:35,949][0m Trial 276 finished with value: 0.7857574286030234 and parameters: {'n_estimators': 118, 'min_samples_split': 0.017482164946404494, 'min_samples_leaf': 0.04131372370548558, 'min_weight_fraction_leaf': 0.00957754504711266, 'max_features': 0.751299196135975, 'bootstrap': False, 'max_samples': 0.9996225126987255}. Best is trial 221 with value: 0.7914552734175826.[0m
[32m[I 2022-04-14 04:49:18,032][0m Trial 277 finished with value: 0.7879191514492548 and parameters: {'n_estimators': 139, 'min_samples_split': 0.008966350832188077, 'min_samples_leaf': 0.02211580463417784, 'min_weight_fraction_leaf': 0.025026510222221344, 'max_features': 0.7693513062085445, 'bootstrap': False, 'max_samples': 0.4311718804714607}. Best is trial 221 with value: 0.7914552734175826.[0m
[32m[I 2022-04-14 04:49:57,033][0m Trial 278 finished with value: 0.7846990069915359 and parameters: {'n_estimators': 124, 'min_samples_split': 0.03626126465467146, 'min_samples_leaf': 0.0012477870360190942, 'min_weight_fraction_leaf': 0.01482722239140815, 'max_features': 0.5061854585996073, 'bootstrap': False, 'max_samples': 0.12042672153249062}. Best is trial 221 with value: 0.7914552734175826.[0m
[32m[I 2022-04-14 04:50:24,462][0m Trial 279 finished with value: 0.7830979490180103 and parameters: {'n_estimators': 110, 'min_samples_split': 0.02456178461112684, 'min_samples_leaf': 0.0306586736975685, 'min_weight_fraction_leaf': 0.027470793893115047, 'max_features': 0.7422594048720818, 'bootstrap': False, 'max_samples': 0.3285718264081315}. Best is trial 221 with value: 0.7914552734175826.[0m
[32m[I 2022-04-14 04:50:26,696][0m Trial 280 finished with value: 0.6458922534365021 and parameters: {'n_estimators': 116, 'min_samples_split': 0.0024061364952792513, 'min_samples_leaf': 0.4716804153340749, 'min_weight_fraction_leaf': 0.22676003708947035, 'max_features': 0.7080104288770536, 'bootstrap': False, 'max_samples': 0.07027032825922044}. Best is trial 221 with value: 0.7914552734175826.[0m
[32m[I 2022-04-14 04:50:34,295][0m Trial 281 finished with value: 0.7721674566699666 and parameters: {'n_estimators': 130, 'min_samples_split': 0.015054081993347016, 'min_samples_leaf': 0.016321694098546065, 'min_weight_fraction_leaf': 0.0368092526878538, 'max_features': 0.7700197934889673, 'bootstrap': True, 'max_samples': 0.2822830307529326, 'oob_score': False}. Best is trial 221 with value: 0.7914552734175826.[0m
[32m[I 2022-04-14 04:51:04,444][0m Trial 282 finished with value: 0.7838554240506348 and parameters: {'n_estimators': 123, 'min_samples_split': 0.030087589375337537, 'min_samples_leaf': 0.03789749111471658, 'min_weight_fraction_leaf': 0.007910925144414303, 'max_features': 0.8005570189466321, 'bootstrap': False, 'max_samples': 0.11003657881298201}. Best is trial 221 with value: 0.7914552734175826.[0m
[32m[I 2022-04-14 04:51:37,440][0m Trial 283 finished with value: 0.789120165910229 and parameters: {'n_estimators': 113, 'min_samples_split': 0.04627954025138785, 'min_samples_leaf': 0.024084284599083284, 'min_weight_fraction_leaf': 0.0188242147331007, 'max_features': 0.7508875433788934, 'bootstrap': False, 'max_samples': 0.012145259775544377}. Best is trial 221 with value: 0.7914552734175826.[0m
[32m[I 2022-04-14 04:52:01,423][0m Trial 284 finished with value: 0.7819841516541709 and parameters: {'n_estimators': 114, 'min_samples_split': 0.0458245098293018, 'min_samples_leaf': 0.05616857145492371, 'min_weight_fraction_leaf': 0.0004014550587903027, 'max_features': 0.7338760679676763, 'bootstrap': False, 'max_samples': 0.09684089766345788}. Best is trial 221 with value: 0.7914552734175826.[0m
[32m[I 2022-04-14 04:52:35,230][0m Trial 285 finished with value: 0.789351659258442 and parameters: {'n_estimators': 122, 'min_samples_split': 0.0016453492007327195, 'min_samples_leaf': 0.026587333577175205, 'min_weight_fraction_leaf': 0.015058082019811972, 'max_features': 0.7512012251218375, 'bootstrap': False, 'max_samples': 0.017798208187705042}. Best is trial 221 with value: 0.7914552734175826.[0m
[32m[I 2022-04-14 04:53:09,342][0m Trial 286 finished with value: 0.7830074536170324 and parameters: {'n_estimators': 135, 'min_samples_split': 0.0015317197274200764, 'min_samples_leaf': 0.030659573778880074, 'min_weight_fraction_leaf': 0.014380439492459053, 'max_features': 0.7489355920574531, 'bootstrap': False, 'max_samples': 0.010901826936270129}. Best is trial 221 with value: 0.7914552734175826.[0m
[32m[I 2022-04-14 04:53:33,237][0m Trial 287 finished with value: 0.7815830460418296 and parameters: {'n_estimators': 121, 'min_samples_split': 0.017820030259842162, 'min_samples_leaf': 0.04553046889309316, 'min_weight_fraction_leaf': 0.009646923274241036, 'max_features': 0.7244714067334141, 'bootstrap': False, 'max_samples': 0.038714595813609996}. Best is trial 221 with value: 0.7914552734175826.[0m
[32m[I 2022-04-14 04:54:04,131][0m Trial 288 finished with value: 0.7834858644206736 and parameters: {'n_estimators': 127, 'min_samples_split': 0.03956572684684828, 'min_samples_leaf': 0.0274373422653015, 'min_weight_fraction_leaf': 0.017642782783696524, 'max_features': 0.679936726350045, 'bootstrap': False, 'max_samples': 0.7514004261537119}. Best is trial 221 with value: 0.7914552734175826.[0m
[32m[I 2022-04-14 04:54:30,105][0m Trial 289 finished with value: 0.7833212576815294 and parameters: {'n_estimators': 120, 'min_samples_split': 0.0012219449569176905, 'min_samples_leaf': 0.038373246167697966, 'min_weight_fraction_leaf': 0.00723098177343298, 'max_features': 0.7101877422859195, 'bootstrap': False, 'max_samples': 0.004788407111271225}. Best is trial 221 with value: 0.7914552734175826.[0m
[32m[I 2022-04-14 04:55:06,120][0m Trial 290 finished with value: 0.7832384236922352 and parameters: {'n_estimators': 132, 'min_samples_split': 0.031361299348146465, 'min_samples_leaf': 0.022187026924333695, 'min_weight_fraction_leaf': 0.03157592798458461, 'max_features': 0.7527064683309628, 'bootstrap': False, 'max_samples': 0.9582739163974708}. Best is trial 221 with value: 0.7914552734175826.[0m
[32m[I 2022-04-14 04:56:19,076][0m Trial 291 finished with value: 0.7743134609063702 and parameters: {'n_estimators': 285, 'min_samples_split': 0.010583380379754086, 'min_samples_leaf': 0.04609372703594193, 'min_weight_fraction_leaf': 8.129143215646582e-05, 'max_features': 0.9930505247929069, 'bootstrap': False, 'max_samples': 0.020893952095482886}. Best is trial 221 with value: 0.7914552734175826.[0m
[32m[I 2022-04-14 04:56:54,330][0m Trial 292 finished with value: 0.7707482554597755 and parameters: {'n_estimators': 186, 'min_samples_split': 0.02017232879461936, 'min_samples_leaf': 0.03265476852409831, 'min_weight_fraction_leaf': 0.13879908523935466, 'max_features': 0.7329031595291351, 'bootstrap': False, 'max_samples': 0.02579807088230025}. Best is trial 221 with value: 0.7914552734175826.[0m
[32m[I 2022-04-14 04:57:35,400][0m Trial 293 finished with value: 0.7807104383918974 and parameters: {'n_estimators': 116, 'min_samples_split': 0.05209427867391174, 'min_samples_leaf': 0.01637047844678554, 'min_weight_fraction_leaf': 0.01730273053753973, 'max_features': 0.7649236959779026, 'bootstrap': False, 'max_samples': 0.04555647197480603}. Best is trial 221 with value: 0.7914552734175826.[0m
[32m[I 2022-04-14 04:57:42,092][0m Trial 294 finished with value: 0.7608167049349898 and parameters: {'n_estimators': 125, 'min_samples_split': 0.036797398306975974, 'min_samples_leaf': 0.28648490044017005, 'min_weight_fraction_leaf': 0.04754240554432446, 'max_features': 0.701414919555009, 'bootstrap': False, 'max_samples': 0.06345358828026762}. Best is trial 221 with value: 0.7914552734175826.[0m
