[32m[I 2022-04-14 21:00:57,865][0m Trial 780 finished with value: 0.5 and parameters: {'n_estimators': 515, 'min_samples_split': 0.09201736124742155, 'min_samples_leaf': 0.32854932358120287, 'min_weight_fraction_leaf': 0.01667472076162354, 'max_features': 0.5717811991024845, 'bootstrap': True, 'max_samples': 0.608969551998602, 'oob_score': False}. Best is trial 525 with value: 0.7931633376737273.[0m
[32m[I 2022-04-14 21:02:11,271][0m Trial 781 finished with value: 0.7869495184891422 and parameters: {'n_estimators': 461, 'min_samples_split': 0.03251202282380604, 'min_samples_leaf': 0.00982468025661852, 'min_weight_fraction_leaf': 0.025188130794489345, 'max_features': 0.5433891635201694, 'bootstrap': True, 'max_samples': 0.6048404933274536, 'oob_score': False}. Best is trial 525 with value: 0.7931633376737273.[0m
[32m[I 2022-04-14 21:03:59,525][0m Trial 782 finished with value: 0.7844721701621602 and parameters: {'n_estimators': 495, 'min_samples_split': 0.03492214913834377, 'min_samples_leaf': 0.022532569954387092, 'min_weight_fraction_leaf': 0.019585823826408555, 'max_features': 0.5577903583066418, 'bootstrap': False, 'max_samples': 0.635325429013485}. Best is trial 525 with value: 0.7931633376737273.[0m
[32m[I 2022-04-14 21:04:58,873][0m Trial 783 finished with value: 0.7685469718629878 and parameters: {'n_estimators': 535, 'min_samples_split': 0.025497874818105563, 'min_samples_leaf': 0.001349450332160816, 'min_weight_fraction_leaf': 0.0811486489735877, 'max_features': 0.6221138994657865, 'bootstrap': True, 'max_samples': 0.6644536400566237, 'oob_score': False}. Best is trial 525 with value: 0.7931633376737273.[0m
[32m[I 2022-04-14 21:06:45,670][0m Trial 784 finished with value: 0.7862336457297083 and parameters: {'n_estimators': 579, 'min_samples_split': 0.021936122051373536, 'min_samples_leaf': 0.0010654000325394332, 'min_weight_fraction_leaf': 0.03229320048177295, 'max_features': 0.5798320419966427, 'bootstrap': True, 'max_samples': 0.6168662241489529, 'oob_score': False}. Best is trial 525 with value: 0.7931633376737273.[0m
[32m[I 2022-04-14 21:07:54,172][0m Trial 785 finished with value: 0.7920840034185984 and parameters: {'n_estimators': 487, 'min_samples_split': 0.03983620642675352, 'min_samples_leaf': 0.01341898134075998, 'min_weight_fraction_leaf': 0.008833919823726378, 'max_features': 0.5309195237790896, 'bootstrap': True, 'max_samples': 0.5925460192234889, 'oob_score': False}. Best is trial 525 with value: 0.7931633376737273.[0m
[32m[I 2022-04-14 21:08:23,681][0m Trial 786 finished with value: 0.7767515703788579 and parameters: {'n_estimators': 483, 'min_samples_split': 0.050177175816709454, 'min_samples_leaf': 0.04387533941477832, 'min_weight_fraction_leaf': 0.012225026744748842, 'max_features': 0.5051812597873108, 'bootstrap': True, 'max_samples': 0.5998846420222275, 'oob_score': False}. Best is trial 525 with value: 0.7931633376737273.[0m
[32m[I 2022-04-14 21:10:09,566][0m Trial 787 finished with value: 0.7903457496386085 and parameters: {'n_estimators': 461, 'min_samples_split': 0.0397370924229188, 'min_samples_leaf': 0.0010176615567868863, 'min_weight_fraction_leaf': 0.009783274784805139, 'max_features': 0.5236711067797898, 'bootstrap': True, 'max_samples': 0.6547646827501548, 'oob_score': False}. Best is trial 525 with value: 0.7931633376737273.[0m
[32m[I 2022-04-14 21:10:54,329][0m Trial 788 finished with value: 0.7842353770201929 and parameters: {'n_estimators': 486, 'min_samples_split': 0.05075932687827179, 'min_samples_leaf': 0.028339583621258147, 'min_weight_fraction_leaf': 0.00012518449563509587, 'max_features': 0.5156360898750136, 'bootstrap': True, 'max_samples': 0.5940240586412788, 'oob_score': False}. Best is trial 525 with value: 0.7931633376737273.[0m
[32m[I 2022-04-14 21:11:50,193][0m Trial 789 finished with value: 0.7858838073847436 and parameters: {'n_estimators': 452, 'min_samples_split': 0.04317811846186033, 'min_samples_leaf': 0.01791956516152098, 'min_weight_fraction_leaf': 0.00044754406960956044, 'max_features': 0.5297199401345447, 'bootstrap': True, 'max_samples': 0.5801982750495529, 'oob_score': False}. Best is trial 525 with value: 0.7931633376737273.[0m
[32m[I 2022-04-14 21:12:48,186][0m Trial 790 finished with value: 0.7846296487788342 and parameters: {'n_estimators': 514, 'min_samples_split': 0.06434535164277357, 'min_samples_leaf': 0.01779360768976874, 'min_weight_fraction_leaf': 0.01044211736006765, 'max_features': 0.4951320439001185, 'bootstrap': True, 'max_samples': 0.5933500614682756, 'oob_score': False}. Best is trial 525 with value: 0.7931633376737273.[0m
[32m[I 2022-04-14 21:13:36,414][0m Trial 791 finished with value: 0.7856667882108854 and parameters: {'n_estimators': 483, 'min_samples_split': 0.03395439553560252, 'min_samples_leaf': 0.030962715004613468, 'min_weight_fraction_leaf': 0.016482447221282694, 'max_features': 0.5380789866129094, 'bootstrap': True, 'max_samples': 0.6366571070783852, 'oob_score': False}. Best is trial 525 with value: 0.7931633376737273.[0m
[32m[I 2022-04-14 21:14:50,556][0m Trial 792 finished with value: 0.7866916078194482 and parameters: {'n_estimators': 504, 'min_samples_split': 0.04321318588681806, 'min_samples_leaf': 0.016333293188351857, 'min_weight_fraction_leaf': 0.008486128233361163, 'max_features': 0.5472465810773318, 'bootstrap': True, 'max_samples': 0.6083271453508866, 'oob_score': False}. Best is trial 525 with value: 0.7931633376737273.[0m
[32m[I 2022-04-14 21:15:15,396][0m Trial 793 finished with value: 0.763368666664125 and parameters: {'n_estimators': 417, 'min_samples_split': 0.03340468144521788, 'min_samples_leaf': 0.009992398412797943, 'min_weight_fraction_leaf': 0.10886989261227413, 'max_features': 0.5072652856629887, 'bootstrap': True, 'max_samples': 0.5743524253364329, 'oob_score': False}. Best is trial 525 with value: 0.7931633376737273.[0m
[32m[I 2022-04-14 21:16:04,622][0m Trial 794 finished with value: 0.7856750531075869 and parameters: {'n_estimators': 470, 'min_samples_split': 0.05865931301824255, 'min_samples_leaf': 0.025450756469119578, 'min_weight_fraction_leaf': 0.00012633940266884233, 'max_features': 0.5326554224202209, 'bootstrap': True, 'max_samples': 0.6298436302263828, 'oob_score': False}. Best is trial 525 with value: 0.7931633376737273.[0m
[32m[I 2022-04-14 21:16:08,254][0m Trial 795 finished with value: 0.5 and parameters: {'n_estimators': 527, 'min_samples_split': 0.07370023046948235, 'min_samples_leaf': 0.0012790145387391125, 'min_weight_fraction_leaf': 0.35640448747778664, 'max_features': 0.5563725209170128, 'bootstrap': True, 'max_samples': 0.594921386192742, 'oob_score': False}. Best is trial 525 with value: 0.7931633376737273.[0m
[32m[I 2022-04-14 21:17:12,160][0m Trial 796 finished with value: 0.7934330659150641 and parameters: {'n_estimators': 434, 'min_samples_split': 0.02926335147447028, 'min_samples_leaf': 0.01746624390250495, 'min_weight_fraction_leaf': 0.017453918641140535, 'max_features': 0.5399350198182964, 'bootstrap': True, 'max_samples': 0.6256506429052084, 'oob_score': False}. Best is trial 796 with value: 0.7934330659150641.[0m
[32m[I 2022-04-14 21:17:40,829][0m Trial 797 finished with value: 0.7799028255251501 and parameters: {'n_estimators': 411, 'min_samples_split': 0.0391742657433811, 'min_samples_leaf': 0.0388978387323664, 'min_weight_fraction_leaf': 0.024649121876121716, 'max_features': 0.4772544879255051, 'bootstrap': True, 'max_samples': 0.6333828330051079, 'oob_score': False}. Best is trial 796 with value: 0.7934330659150641.[0m
[32m[I 2022-04-14 21:17:43,980][0m Trial 798 finished with value: 0.5 and parameters: {'n_estimators': 427, 'min_samples_split': 0.030860783321189328, 'min_samples_leaf': 0.2912929502965294, 'min_weight_fraction_leaf': 0.04359597863218809, 'max_features': 0.5163343301597806, 'bootstrap': True, 'max_samples': 0.6577455485815423, 'oob_score': False}. Best is trial 796 with value: 0.7934330659150641.[0m
[32m[I 2022-04-14 21:18:12,441][0m Trial 799 finished with value: 0.773529561420949 and parameters: {'n_estimators': 448, 'min_samples_split': 0.05091125551336664, 'min_samples_leaf': 0.05037121815811453, 'min_weight_fraction_leaf': 0.017860369395044616, 'max_features': 0.5637421857562726, 'bootstrap': True, 'max_samples': 0.6089801898635956, 'oob_score': False}. Best is trial 796 with value: 0.7934330659150641.[0m
[32m[I 2022-04-14 21:18:52,529][0m Trial 800 finished with value: 0.7829980814567087 and parameters: {'n_estimators': 458, 'min_samples_split': 0.029948191377692144, 'min_samples_leaf': 0.0356690621960528, 'min_weight_fraction_leaf': 0.031698090789935, 'max_features': 0.5430923695021178, 'bootstrap': True, 'max_samples': 0.6270275331996412, 'oob_score': False}. Best is trial 796 with value: 0.7934330659150641.[0m
[32m[I 2022-04-14 21:19:44,974][0m Trial 801 finished with value: 0.7860202309880767 and parameters: {'n_estimators': 469, 'min_samples_split': 0.043002201150999175, 'min_samples_leaf': 0.025954901177273747, 'min_weight_fraction_leaf': 0.02186023699940294, 'max_features': 0.5325471373182291, 'bootstrap': True, 'max_samples': 0.6783434114422542, 'oob_score': False}. Best is trial 796 with value: 0.7934330659150641.[0m
[32m[I 2022-04-14 21:20:31,542][0m Trial 802 finished with value: 0.7850740841376069 and parameters: {'n_estimators': 432, 'min_samples_split': 0.025089082696546316, 'min_samples_leaf': 0.025271327223846236, 'min_weight_fraction_leaf': 0.009655013550400895, 'max_features': 0.5076853793537145, 'bootstrap': True, 'max_samples': 0.6323129052548573, 'oob_score': False}. Best is trial 796 with value: 0.7934330659150641.[0m
[32m[I 2022-04-14 21:21:45,798][0m Trial 803 finished with value: 0.7852150242626628 and parameters: {'n_estimators': 488, 'min_samples_split': 0.02945325410233608, 'min_samples_leaf': 0.016953020844166944, 'min_weight_fraction_leaf': 0.01677634422722792, 'max_features': 0.5699151170040717, 'bootstrap': True, 'max_samples': 0.6162963040942316, 'oob_score': False}. Best is trial 796 with value: 0.7934330659150641.[0m
[32m[I 2022-04-14 21:22:19,827][0m Trial 804 finished with value: 0.780379356874465 and parameters: {'n_estimators': 444, 'min_samples_split': 0.045082526228829335, 'min_samples_leaf': 0.03885044532799736, 'min_weight_fraction_leaf': 0.00017694148375950632, 'max_features': 0.5522064719126607, 'bootstrap': True, 'max_samples': 0.6158293265453155, 'oob_score': False}. Best is trial 796 with value: 0.7934330659150641.[0m
[32m[I 2022-04-14 21:23:21,868][0m Trial 805 finished with value: 0.7870170021582699 and parameters: {'n_estimators': 493, 'min_samples_split': 0.019551404000187657, 'min_samples_leaf': 0.019277699603854774, 'min_weight_fraction_leaf': 0.031887213709135234, 'max_features': 0.578613252472005, 'bootstrap': True, 'max_samples': 0.5920619315122555, 'oob_score': True}. Best is trial 796 with value: 0.7934330659150641.[0m
[32m[I 2022-04-14 21:23:34,843][0m Trial 806 finished with value: 0.7458211395350702 and parameters: {'n_estimators': 469, 'min_samples_split': 0.41513450970040916, 'min_samples_leaf': 0.028554590211384463, 'min_weight_fraction_leaf': 0.008990405577772505, 'max_features': 0.4921236369238783, 'bootstrap': True, 'max_samples': 0.6553011304818301, 'oob_score': False}. Best is trial 796 with value: 0.7934330659150641.[0m
[32m[I 2022-04-14 21:24:36,571][0m Trial 807 finished with value: 0.7863242828383458 and parameters: {'n_estimators': 512, 'min_samples_split': 0.03810810421625817, 'min_samples_leaf': 0.014843423208034362, 'min_weight_fraction_leaf': 0.022989592621217154, 'max_features': 0.5262991511807679, 'bootstrap': True, 'max_samples': 0.570818264253279, 'oob_score': False}. Best is trial 796 with value: 0.7934330659150641.[0m
[32m[I 2022-04-14 21:25:57,226][0m Trial 808 finished with value: 0.7911276822594777 and parameters: {'n_estimators': 435, 'min_samples_split': 0.024714045836020507, 'min_samples_leaf': 0.010314717325483542, 'min_weight_fraction_leaf': 0.017028334266502392, 'max_features': 0.5588389453007583, 'bootstrap': True, 'max_samples': 0.6486032839129419, 'oob_score': True}. Best is trial 796 with value: 0.7934330659150641.[0m
[32m[I 2022-04-14 21:26:42,405][0m Trial 809 finished with value: 0.7840035513733601 and parameters: {'n_estimators': 501, 'min_samples_split': 0.022661761548976988, 'min_samples_leaf': 0.03283405159261667, 'min_weight_fraction_leaf': 0.008240411480642931, 'max_features': 0.6007828678933511, 'bootstrap': True, 'max_samples': 0.5871426156629488, 'oob_score': False}. Best is trial 796 with value: 0.7934330659150641.[0m
[32m[I 2022-04-14 21:27:33,821][0m Trial 810 finished with value: 0.7854885552914767 and parameters: {'n_estimators': 385, 'min_samples_split': 0.01661968263988498, 'min_samples_leaf': 0.01843533216352027, 'min_weight_fraction_leaf': 0.033798460858139534, 'max_features': 0.6550938065084525, 'bootstrap': True, 'max_samples': 0.6146930042563682, 'oob_score': False}. Best is trial 796 with value: 0.7934330659150641.[0m
[32m[I 2022-04-14 21:27:40,872][0m Trial 811 finished with value: 0.5 and parameters: {'n_estimators': 529, 'min_samples_split': 0.035616944975248754, 'min_samples_leaf': 0.2375567641434395, 'min_weight_fraction_leaf': 0.024920132834650176, 'max_features': 0.5429146961119128, 'bootstrap': True, 'max_samples': 0.5625130472673957, 'oob_score': True}. Best is trial 796 with value: 0.7934330659150641.[0m
[32m[I 2022-04-14 21:29:00,505][0m Trial 812 finished with value: 0.7856580233993496 and parameters: {'n_estimators': 464, 'min_samples_split': 0.057126069741215604, 'min_samples_leaf': 0.009895378886215942, 'min_weight_fraction_leaf': 0.008745749525387904, 'max_features': 0.5690222856722353, 'bootstrap': True, 'max_samples': 0.6037689552821348, 'oob_score': False}. Best is trial 796 with value: 0.7934330659150641.[0m
[32m[I 2022-04-14 21:30:58,342][0m Trial 813 finished with value: 0.7910155232576532 and parameters: {'n_estimators': 502, 'min_samples_split': 0.018249993236709148, 'min_samples_leaf': 0.0013557007914350053, 'min_weight_fraction_leaf': 0.01704647891335846, 'max_features': 0.5213113015863319, 'bootstrap': True, 'max_samples': 0.5857154548153567, 'oob_score': False}. Best is trial 796 with value: 0.7934330659150641.[0m
[32m[I 2022-04-14 21:31:25,047][0m Trial 814 finished with value: 0.7472331136719003 and parameters: {'n_estimators': 536, 'min_samples_split': 0.3161124652772934, 'min_samples_leaf': 0.02554209677596729, 'min_weight_fraction_leaf': 0.04396829861713899, 'max_features': 0.5883243500935252, 'bootstrap': True, 'max_samples': 0.62600932420294, 'oob_score': True}. Best is trial 796 with value: 0.7934330659150641.[0m
[32m[I 2022-04-14 21:31:42,903][0m Trial 815 finished with value: 0.7499152037869431 and parameters: {'n_estimators': 482, 'min_samples_split': 0.031117582513897117, 'min_samples_leaf': 0.015396711119814829, 'min_weight_fraction_leaf': 0.1997837522961954, 'max_features': 0.5455075713800845, 'bootstrap': True, 'max_samples': 0.6493221903097799, 'oob_score': False}. Best is trial 796 with value: 0.7934330659150641.[0m
[32m[I 2022-04-14 21:32:05,856][0m Trial 816 finished with value: 0.7645031270536015 and parameters: {'n_estimators': 549, 'min_samples_split': 0.18851314347948828, 'min_samples_leaf': 0.04227622768991329, 'min_weight_fraction_leaf': 0.009563626385135405, 'max_features': 0.30004835082948234, 'bootstrap': True, 'max_samples': 0.6894211929509747, 'oob_score': False}. Best is trial 796 with value: 0.7934330659150641.[0m
[32m[I 2022-04-14 21:33:09,245][0m Trial 817 finished with value: 0.7849468255673117 and parameters: {'n_estimators': 445, 'min_samples_split': 0.0161968673380752, 'min_samples_leaf': 0.009865141071172041, 'min_weight_fraction_leaf': 0.026383634231478617, 'max_features': 0.505047711251903, 'bootstrap': True, 'max_samples': 0.5579108556399105, 'oob_score': False}. Best is trial 796 with value: 0.7934330659150641.[0m
[32m[I 2022-04-14 21:34:03,127][0m Trial 818 finished with value: 0.7919303223248527 and parameters: {'n_estimators': 223, 'min_samples_split': 0.027252583750866154, 'min_samples_leaf': 0.0013015910306145512, 'min_weight_fraction_leaf': 0.017142220035957816, 'max_features': 0.5691106215435866, 'bootstrap': True, 'max_samples': 0.5763838256428779, 'oob_score': True}. Best is trial 796 with value: 0.7934330659150641.[0m
[32m[I 2022-04-14 21:34:33,558][0m Trial 819 finished with value: 0.7843661133390153 and parameters: {'n_estimators': 196, 'min_samples_split': 0.043266376821205016, 'min_samples_leaf': 0.001553002270322082, 'min_weight_fraction_leaf': 0.03520420057511105, 'max_features': 0.532962752337525, 'bootstrap': True, 'max_samples': 0.5940561639716676, 'oob_score': True}. Best is trial 796 with value: 0.7934330659150641.[0m
[32m[I 2022-04-14 21:35:00,880][0m Trial 820 finished with value: 0.7810759517693302 and parameters: {'n_estimators': 223, 'min_samples_split': 0.05038397545344764, 'min_samples_leaf': 0.018751688158034865, 'min_weight_fraction_leaf': 0.049011269786998365, 'max_features': 0.5609743210888305, 'bootstrap': True, 'max_samples': 0.6167232701529357, 'oob_score': True}. Best is trial 796 with value: 0.7934330659150641.[0m
[32m[I 2022-04-14 21:35:53,839][0m Trial 821 finished with value: 0.7860787612352749 and parameters: {'n_estimators': 261, 'min_samples_split': 0.03686755843931456, 'min_samples_leaf': 0.0013912216361782307, 'min_weight_fraction_leaf': 0.02402909763148999, 'max_features': 0.5459110869568985, 'bootstrap': True, 'max_samples': 0.5816330563424854, 'oob_score': True}. Best is trial 796 with value: 0.7934330659150641.[0m
[32m[I 2022-04-14 21:36:28,588][0m Trial 822 finished with value: 0.7906463020401568 and parameters: {'n_estimators': 172, 'min_samples_split': 0.029884114606468566, 'min_samples_leaf': 0.010305279143051776, 'min_weight_fraction_leaf': 0.01642909612931485, 'max_features': 0.5214597147665869, 'bootstrap': True, 'max_samples': 0.6420200407658821, 'oob_score': True}. Best is trial 796 with value: 0.7934330659150641.[0m
[32m[I 2022-04-14 21:37:28,093][0m Trial 823 finished with value: 0.775925263667992 and parameters: {'n_estimators': 551, 'min_samples_split': 0.05055461459568042, 'min_samples_leaf': 0.024096844939538536, 'min_weight_fraction_leaf': 0.060889172472510314, 'max_features': 0.5814068491217297, 'bootstrap': True, 'max_samples': 0.6011333149289546, 'oob_score': True}. Best is trial 796 with value: 0.7934330659150641.[0m
[32m[I 2022-04-14 21:37:50,658][0m Trial 824 finished with value: 0.7637925273011078 and parameters: {'n_estimators': 521, 'min_samples_split': 0.1456564175551571, 'min_samples_leaf': 0.010571403495838051, 'min_weight_fraction_leaf': 0.03725867923365822, 'max_features': 0.1966599321537657, 'bootstrap': True, 'max_samples': 0.5545777735954693, 'oob_score': True}. Best is trial 796 with value: 0.7934330659150641.[0m
[32m[I 2022-04-14 21:41:51,778][0m Trial 825 finished with value: 0.790279301261749 and parameters: {'n_estimators': 557, 'min_samples_split': 0.027710068690428732, 'min_samples_leaf': 0.001165879740829973, 'min_weight_fraction_leaf': 0.0006056597453763281, 'max_features': 0.6109432611542318, 'bootstrap': True, 'max_samples': 0.5861540913235769, 'oob_score': True}. Best is trial 796 with value: 0.7934330659150641.[0m
[32m[I 2022-04-14 21:42:24,252][0m Trial 826 finished with value: 0.7856697934779014 and parameters: {'n_estimators': 211, 'min_samples_split': 0.035324490837551514, 'min_samples_leaf': 0.017526472645573107, 'min_weight_fraction_leaf': 0.017928079163854117, 'max_features': 0.5632510800559405, 'bootstrap': True, 'max_samples': 0.6311897404670231, 'oob_score': True}. Best is trial 796 with value: 0.7934330659150641.[0m
[32m[I 2022-04-14 21:44:08,886][0m Trial 827 finished with value: 0.7846975824257103 and parameters: {'n_estimators': 514, 'min_samples_split': 0.05992945257159911, 'min_samples_leaf': 0.0013564142284237005, 'min_weight_fraction_leaf': 0.0005125200613322514, 'max_features': 0.48990160209059225, 'bootstrap': True, 'max_samples': 0.6668339275592224, 'oob_score': True}. Best is trial 796 with value: 0.7934330659150641.[0m
[32m[I 2022-04-14 21:44:52,952][0m Trial 828 finished with value: 0.7835452876717566 and parameters: {'n_estimators': 538, 'min_samples_split': 0.023113823602741262, 'min_samples_leaf': 0.03180472963518419, 'min_weight_fraction_leaf': 0.029035500743216022, 'max_features': 0.5360830417174304, 'bootstrap': True, 'max_samples': 0.6141393189089671, 'oob_score': True}. Best is trial 796 with value: 0.7934330659150641.[0m
[32m[I 2022-04-14 21:44:54,636][0m Trial 829 finished with value: 0.5 and parameters: {'n_estimators': 250, 'min_samples_split': 0.041664920758163554, 'min_samples_leaf': 0.01780872843211836, 'min_weight_fraction_leaf': 0.01520621119421127, 'max_features': 0.5938594930306195, 'bootstrap': True, 'max_samples': 0.022427524080513024, 'oob_score': False}. Best is trial 796 with value: 0.7934330659150641.[0m
[32m[I 2022-04-14 21:45:39,627][0m Trial 830 finished with value: 0.7912917295491715 and parameters: {'n_estimators': 299, 'min_samples_split': 0.017299842492183897, 'min_samples_leaf': 0.00999528419109692, 'min_weight_fraction_leaf': 0.008351935620399795, 'max_features': 0.4661996077576901, 'bootstrap': True, 'max_samples': 0.571631589454687, 'oob_score': False}. Best is trial 796 with value: 0.7934330659150641.[0m
[32m[I 2022-04-14 21:45:42,913][0m Trial 831 finished with value: -1.0 and parameters: {'n_estimators': 497, 'min_samples_split': 0.026788585107792383, 'min_samples_leaf': 0.02238180180446656, 'min_weight_fraction_leaf': 0.026013526528416334, 'max_features': 0.5565553376255691, 'bootstrap': True, 'max_samples': 0.001147265323518866, 'oob_score': False}. Best is trial 796 with value: 0.7934330659150641.[0m
