[32m[I 2022-04-14 06:45:16,698][0m Trial 403 finished with value: 0.7894055873658777 and parameters: {'n_estimators': 289, 'min_samples_split': 0.03770199114621006, 'min_samples_leaf': 0.009999683531346379, 'min_weight_fraction_leaf': 0.00017327038206081842, 'max_features': 0.5757842336326544, 'bootstrap': False, 'max_samples': 0.04376553399745986}. Best is trial 369 with value: 0.7926966230508788.[0m
[32m[I 2022-04-14 06:47:40,010][0m Trial 404 finished with value: 0.7892091817768807 and parameters: {'n_estimators': 338, 'min_samples_split': 0.022480653693392125, 'min_samples_leaf': 0.002622637197568547, 'min_weight_fraction_leaf': 0.009512299095457297, 'max_features': 0.5556941818192849, 'bootstrap': False, 'max_samples': 0.02791372164503484}. Best is trial 369 with value: 0.7926966230508788.[0m
[32m[I 2022-04-14 06:47:43,295][0m Trial 405 finished with value: -1.0 and parameters: {'n_estimators': 318, 'min_samples_split': 0.02920914276780224, 'min_samples_leaf': 0.0014459528238375038, 'min_weight_fraction_leaf': 0.00868532762177671, 'max_features': 0.5723552290435842, 'bootstrap': True, 'max_samples': 0.0003393265612504359, 'oob_score': False}. Best is trial 369 with value: 0.7926966230508788.[0m
[32m[I 2022-04-14 06:49:12,271][0m Trial 406 finished with value: 0.78407597578308 and parameters: {'n_estimators': 334, 'min_samples_split': 0.04758046387034162, 'min_samples_leaf': 0.01586099569734329, 'min_weight_fraction_leaf': 0.010259337169707594, 'max_features': 0.6302065964400179, 'bootstrap': False, 'max_samples': 0.053690073881941344}. Best is trial 369 with value: 0.7926966230508788.[0m
[32m[I 2022-04-14 06:51:41,169][0m Trial 407 finished with value: 0.7829813821149297 and parameters: {'n_estimators': 520, 'min_samples_split': 0.016836940510726983, 'min_samples_leaf': 0.014612362633589294, 'min_weight_fraction_leaf': 0.0007028903576630722, 'max_features': 0.6035811466221375, 'bootstrap': False, 'max_samples': 0.08080248494399282}. Best is trial 369 with value: 0.7926966230508788.[0m
[32m[I 2022-04-14 06:53:40,391][0m Trial 408 finished with value: 0.7855067804121387 and parameters: {'n_estimators': 351, 'min_samples_split': 0.03577241806095443, 'min_samples_leaf': 0.010735624058002678, 'min_weight_fraction_leaf': 0.012924872856085822, 'max_features': 0.5738940511418376, 'bootstrap': False, 'max_samples': 0.01814367618801396}. Best is trial 369 with value: 0.7926966230508788.[0m
[32m[I 2022-04-14 06:55:39,803][0m Trial 409 finished with value: 0.7836849396375598 and parameters: {'n_estimators': 378, 'min_samples_split': 0.019250682014326125, 'min_samples_leaf': 0.016151539417654525, 'min_weight_fraction_leaf': 0.011676743926382167, 'max_features': 0.6213794837330645, 'bootstrap': False, 'max_samples': 0.04037041541773999}. Best is trial 369 with value: 0.7926966230508788.[0m
[32m[I 2022-04-14 06:58:44,080][0m Trial 410 finished with value: 0.7930338207460208 and parameters: {'n_estimators': 579, 'min_samples_split': 0.025537032887352706, 'min_samples_leaf': 0.009632183574727393, 'min_weight_fraction_leaf': 5.740379016538205e-05, 'max_features': 0.5333770347463473, 'bootstrap': False, 'max_samples': 0.07026174941146242}. Best is trial 410 with value: 0.7930338207460208.[0m
[32m[I 2022-04-14 07:03:24,307][0m Trial 411 finished with value: 0.7916056406108893 and parameters: {'n_estimators': 597, 'min_samples_split': 0.02070438037925172, 'min_samples_leaf': 0.0017971966696156572, 'min_weight_fraction_leaf': 0.008911942233339427, 'max_features': 0.5450838358765233, 'bootstrap': False, 'max_samples': 0.07170654139790884}. Best is trial 410 with value: 0.7930338207460208.[0m
[32m[I 2022-04-14 07:08:18,351][0m Trial 412 finished with value: 0.7898864157904919 and parameters: {'n_estimators': 634, 'min_samples_split': 0.028297723826448355, 'min_samples_leaf': 0.0037909809751514294, 'min_weight_fraction_leaf': 0.0009705489784841418, 'max_features': 0.5433032014431373, 'bootstrap': False, 'max_samples': 0.07305671244939205}. Best is trial 410 with value: 0.7930338207460208.[0m
[32m[I 2022-04-14 07:12:38,546][0m Trial 413 finished with value: 0.7894710181258547 and parameters: {'n_estimators': 592, 'min_samples_split': 0.02858212030782878, 'min_samples_leaf': 0.0026471545879661615, 'min_weight_fraction_leaf': 0.0013752197704736057, 'max_features': 0.5081191159698751, 'bootstrap': False, 'max_samples': 0.1060361039741631}. Best is trial 410 with value: 0.7930338207460208.[0m
[32m[I 2022-04-14 07:16:55,387][0m Trial 414 finished with value: 0.7906397031798342 and parameters: {'n_estimators': 652, 'min_samples_split': 0.03583962930201208, 'min_samples_leaf': 0.001743094261698734, 'min_weight_fraction_leaf': 0.006253719007042805, 'max_features': 0.5427912694908313, 'bootstrap': False, 'max_samples': 0.07264386306741044}. Best is trial 410 with value: 0.7930338207460208.[0m
[32m[I 2022-04-14 07:21:36,608][0m Trial 415 finished with value: 0.7853566946464623 and parameters: {'n_estimators': 593, 'min_samples_split': 0.037678663519895975, 'min_samples_leaf': 0.0021638934417239544, 'min_weight_fraction_leaf': 0.0006130353091866091, 'max_features': 0.5280055534456969, 'bootstrap': False, 'max_samples': 0.058879885702158255}. Best is trial 410 with value: 0.7930338207460208.[0m
[32m[I 2022-04-14 07:22:55,014][0m Trial 416 finished with value: 0.7512682256115826 and parameters: {'n_estimators': 631, 'min_samples_split': 0.16373560223199463, 'min_samples_leaf': 0.0013171289743873493, 'min_weight_fraction_leaf': 0.208284711216981, 'max_features': 0.5152692280691471, 'bootstrap': False, 'max_samples': 0.023516661741683056}. Best is trial 410 with value: 0.7930338207460208.[0m
[32m[I 2022-04-14 07:26:33,357][0m Trial 417 finished with value: 0.7908555200459413 and parameters: {'n_estimators': 564, 'min_samples_split': 0.0316985252311761, 'min_samples_leaf': 0.0021203773657671975, 'min_weight_fraction_leaf': 0.009656272747684973, 'max_features': 0.5343219573668038, 'bootstrap': False, 'max_samples': 0.031102859857906992}. Best is trial 410 with value: 0.7930338207460208.[0m
[32m[I 2022-04-14 07:29:45,623][0m Trial 418 finished with value: 0.7851703419824858 and parameters: {'n_estimators': 544, 'min_samples_split': 0.04511459041482063, 'min_samples_leaf': 0.010115356131759895, 'min_weight_fraction_leaf': 0.011654311063313064, 'max_features': 0.5496496182603323, 'bootstrap': False, 'max_samples': 0.024423279183517062}. Best is trial 410 with value: 0.7930338207460208.[0m
[32m[I 2022-04-14 07:33:21,995][0m Trial 419 finished with value: 0.7903343207359838 and parameters: {'n_estimators': 502, 'min_samples_split': 0.03853241479845212, 'min_samples_leaf': 0.002071877521735042, 'min_weight_fraction_leaf': 0.008797434679401974, 'max_features': 0.5601273640483997, 'bootstrap': False, 'max_samples': 0.04538651319854802}. Best is trial 410 with value: 0.7930338207460208.[0m
[32m[I 2022-04-14 07:36:34,697][0m Trial 420 finished with value: 0.7836170262228477 and parameters: {'n_estimators': 549, 'min_samples_split': 0.05368859741865256, 'min_samples_leaf': 0.0012004469872826662, 'min_weight_fraction_leaf': 0.010760112467574336, 'max_features': 0.5283361323484903, 'bootstrap': False, 'max_samples': 0.03669337646806981}. Best is trial 410 with value: 0.7930338207460208.[0m
[32m[I 2022-04-14 07:39:58,414][0m Trial 421 finished with value: 0.7879307795785854 and parameters: {'n_estimators': 495, 'min_samples_split': 0.042241476805185744, 'min_samples_leaf': 0.0011903044770391006, 'min_weight_fraction_leaf': 0.00013811878929608312, 'max_features': 0.47882556093593653, 'bootstrap': False, 'max_samples': 0.014454012974517079}. Best is trial 410 with value: 0.7930338207460208.[0m
[32m[I 2022-04-14 07:43:06,303][0m Trial 422 finished with value: 0.7857395451656117 and parameters: {'n_estimators': 563, 'min_samples_split': 0.03636153243157717, 'min_samples_leaf': 0.008377865066212874, 'min_weight_fraction_leaf': 0.01102802510148905, 'max_features': 0.5601502081104973, 'bootstrap': False, 'max_samples': 0.03638188894593824}. Best is trial 410 with value: 0.7930338207460208.[0m
[32m[I 2022-04-14 07:45:10,986][0m Trial 423 finished with value: 0.7839756686856403 and parameters: {'n_estimators': 457, 'min_samples_split': 0.05213710897562654, 'min_samples_leaf': 0.010552522469670778, 'min_weight_fraction_leaf': 0.014085275001762473, 'max_features': 0.5837187336524065, 'bootstrap': False, 'max_samples': 0.01572186181954984}. Best is trial 410 with value: 0.7930338207460208.[0m
[32m[I 2022-04-14 07:45:48,504][0m Trial 424 finished with value: 0.770443446937458 and parameters: {'n_estimators': 520, 'min_samples_split': 0.034887748256553955, 'min_samples_leaf': 0.16602499825734146, 'min_weight_fraction_leaf': 0.00964575169107897, 'max_features': 0.5415969590333785, 'bootstrap': False, 'max_samples': 0.05579051944113134}. Best is trial 410 with value: 0.7930338207460208.[0m
[32m[I 2022-04-14 07:45:54,221][0m Trial 425 finished with value: 0.5 and parameters: {'n_estimators': 687, 'min_samples_split': 0.044170134915907225, 'min_samples_leaf': 0.015280094067900953, 'min_weight_fraction_leaf': 0.012827064954983269, 'max_features': 0.5685249867281543, 'bootstrap': True, 'max_samples': 0.0020306602924694463, 'oob_score': False}. Best is trial 410 with value: 0.7930338207460208.[0m
[32m[I 2022-04-14 07:48:43,501][0m Trial 426 finished with value: 0.7929838895921403 and parameters: {'n_estimators': 491, 'min_samples_split': 0.02910621972009189, 'min_samples_leaf': 0.0105751715446783, 'min_weight_fraction_leaf': 0.00034477706678583825, 'max_features': 0.591311678707671, 'bootstrap': False, 'max_samples': 0.639506407330705}. Best is trial 410 with value: 0.7930338207460208.[0m
[32m[I 2022-04-14 07:52:25,726][0m Trial 427 finished with value: 0.7764013031379486 and parameters: {'n_estimators': 499, 'min_samples_split': 0.0583549131085611, 'min_samples_leaf': 0.0014429876428988068, 'min_weight_fraction_leaf': 0.0002856899038848476, 'max_features': 0.5944627492938932, 'bootstrap': False, 'max_samples': 0.6652668864878954}. Best is trial 410 with value: 0.7930338207460208.[0m
[32m[I 2022-04-14 07:53:24,652][0m Trial 428 finished with value: 0.750887245874621 and parameters: {'n_estimators': 563, 'min_samples_split': 0.03546683997694484, 'min_samples_leaf': 0.009970896287204751, 'min_weight_fraction_leaf': 0.26229300918835724, 'max_features': 0.5323735620463083, 'bootstrap': False, 'max_samples': 0.6454030917769094}. Best is trial 410 with value: 0.7930338207460208.[0m
[32m[I 2022-04-14 07:55:33,316][0m Trial 429 finished with value: 0.7688080288488093 and parameters: {'n_estimators': 995, 'min_samples_split': 0.0284059861672369, 'min_samples_leaf': 0.00105774029075301, 'min_weight_fraction_leaf': 0.18058820044293747, 'max_features': 0.4927325530266574, 'bootstrap': False, 'max_samples': 0.10205270096680694}. Best is trial 410 with value: 0.7930338207460208.[0m
[32m[I 2022-04-14 07:57:55,481][0m Trial 430 finished with value: 0.7849796100436197 and parameters: {'n_estimators': 532, 'min_samples_split': 0.047615105067540534, 'min_samples_leaf': 0.010914616097699732, 'min_weight_fraction_leaf': 0.013538511906397283, 'max_features': 0.5658881970152502, 'bootstrap': False, 'max_samples': 0.5782039046632381}. Best is trial 410 with value: 0.7930338207460208.[0m
[32m[I 2022-04-14 07:59:44,905][0m Trial 431 finished with value: 0.7843757680215113 and parameters: {'n_estimators': 438, 'min_samples_split': 0.029189515699072768, 'min_samples_leaf': 0.017254484695359316, 'min_weight_fraction_leaf': 0.016123269794174163, 'max_features': 0.5852995529044864, 'bootstrap': False, 'max_samples': 0.6309196763540488}. Best is trial 410 with value: 0.7930338207460208.[0m
[32m[I 2022-04-14 08:03:11,428][0m Trial 432 finished with value: 0.7894447462714262 and parameters: {'n_estimators': 481, 'min_samples_split': 0.03927901091246762, 'min_samples_leaf': 0.0011690135928931356, 'min_weight_fraction_leaf': 0.0083534660701578, 'max_features': 0.547919646950611, 'bootstrap': False, 'max_samples': 0.03557772939701508}. Best is trial 410 with value: 0.7930338207460208.[0m
[32m[I 2022-04-14 08:07:04,285][0m Trial 433 finished with value: 0.7837777379862351 and parameters: {'n_estimators': 567, 'min_samples_split': 0.026870400461673445, 'min_samples_leaf': 0.0010306846990606605, 'min_weight_fraction_leaf': 0.016865008419022373, 'max_features': 0.603953084374546, 'bootstrap': False, 'max_samples': 0.07930294862383111}. Best is trial 410 with value: 0.7930338207460208.[0m
[32m[I 2022-04-14 08:09:00,537][0m Trial 434 finished with value: 0.7839568394571766 and parameters: {'n_estimators': 510, 'min_samples_split': 0.06156116147794938, 'min_samples_leaf': 0.015471741801626228, 'min_weight_fraction_leaf': 0.0005881918981574842, 'max_features': 0.569362552579173, 'bootstrap': False, 'max_samples': 0.02798211778320172}. Best is trial 410 with value: 0.7930338207460208.[0m
[32m[I 2022-04-14 08:10:49,713][0m Trial 435 finished with value: 0.7852409493686965 and parameters: {'n_estimators': 472, 'min_samples_split': 0.04999059389396886, 'min_samples_leaf': 0.012081905902727254, 'min_weight_fraction_leaf': 0.01666169987178948, 'max_features': 0.5157941631527725, 'bootstrap': False, 'max_samples': 0.7381422337585832}. Best is trial 410 with value: 0.7930338207460208.[0m
[32m[I 2022-04-14 08:13:25,509][0m Trial 436 finished with value: 0.7841741689410621 and parameters: {'n_estimators': 610, 'min_samples_split': 0.025238016875785484, 'min_samples_leaf': 0.02034803383332178, 'min_weight_fraction_leaf': 0.008442092315281539, 'max_features': 0.6087411780584585, 'bootstrap': False, 'max_samples': 0.06806963925410425}. Best is trial 410 with value: 0.7930338207460208.[0m
[32m[I 2022-04-14 08:15:01,751][0m Trial 437 finished with value: 0.7904014590403182 and parameters: {'n_estimators': 307, 'min_samples_split': 0.03612340596527849, 'min_samples_leaf': 0.011347366718240515, 'min_weight_fraction_leaf': 0.0177960369617945, 'max_features': 0.5925655989355977, 'bootstrap': False, 'max_samples': 0.7792566382732516}. Best is trial 410 with value: 0.7930338207460208.[0m
[32m[I 2022-04-14 08:15:07,915][0m Trial 438 finished with value: 0.6226697881741966 and parameters: {'n_estimators': 814, 'min_samples_split': 0.04151076115932397, 'min_samples_leaf': 0.49471194214641223, 'min_weight_fraction_leaf': 0.00032358027133645327, 'max_features': 0.5766540658135919, 'bootstrap': False, 'max_samples': 0.7655336137792214}. Best is trial 410 with value: 0.7930338207460208.[0m
[32m[I 2022-04-14 08:17:34,049][0m Trial 439 finished with value: 0.7842998523533964 and parameters: {'n_estimators': 406, 'min_samples_split': 0.037399305129271435, 'min_samples_leaf': 0.0010106581670713826, 'min_weight_fraction_leaf': 0.018116833331294286, 'max_features': 0.5905107511240634, 'bootstrap': False, 'max_samples': 0.8240663427953788}. Best is trial 410 with value: 0.7930338207460208.[0m
[32m[I 2022-04-14 08:17:59,857][0m Trial 440 finished with value: 0.6450799268307723 and parameters: {'n_estimators': 309, 'min_samples_split': 0.0528020972409947, 'min_samples_leaf': 0.010208536933166519, 'min_weight_fraction_leaf': 0.4420055959156134, 'max_features': 0.5526137413630051, 'bootstrap': False, 'max_samples': 0.6886478427055214}. Best is trial 410 with value: 0.7930338207460208.[0m
[32m[I 2022-04-14 08:21:42,261][0m Trial 441 finished with value: 0.7917979476824961 and parameters: {'n_estimators': 533, 'min_samples_split': 0.02236918947777993, 'min_samples_leaf': 0.01056796012923502, 'min_weight_fraction_leaf': 0.010241278150855283, 'max_features': 0.6085966534361757, 'bootstrap': False, 'max_samples': 0.09260354527775974}. Best is trial 410 with value: 0.7930338207460208.[0m
[32m[I 2022-04-14 08:24:16,047][0m Trial 442 finished with value: 0.7914553658855101 and parameters: {'n_estimators': 610, 'min_samples_split': 0.022115225038236763, 'min_samples_leaf': 0.021672393576774675, 'min_weight_fraction_leaf': 3.858885747839991e-05, 'max_features': 0.6067085986616519, 'bootstrap': False, 'max_samples': 0.09623502243994148}. Best is trial 410 with value: 0.7930338207460208.[0m
[32m[I 2022-04-14 08:26:45,862][0m Trial 443 finished with value: 0.7898608450291803 and parameters: {'n_estimators': 598, 'min_samples_split': 0.022356350449516386, 'min_samples_leaf': 0.023080532599195153, 'min_weight_fraction_leaf': 0.00048056649903566585, 'max_features': 0.6204628144512265, 'bootstrap': False, 'max_samples': 0.720574544745362}. Best is trial 410 with value: 0.7930338207460208.[0m
[32m[I 2022-04-14 08:29:26,921][0m Trial 444 finished with value: 0.784697060512568 and parameters: {'n_estimators': 655, 'min_samples_split': 0.020285098965652587, 'min_samples_leaf': 0.019696070379967404, 'min_weight_fraction_leaf': 0.014004828969960257, 'max_features': 0.6090075995030093, 'bootstrap': False, 'max_samples': 0.7881694406705526}. Best is trial 410 with value: 0.7930338207460208.[0m
[32m[I 2022-04-14 08:29:37,748][0m Trial 445 finished with value: 0.5 and parameters: {'n_estimators': 532, 'min_samples_split': 0.30374707319452915, 'min_samples_leaf': 0.018862769014404868, 'min_weight_fraction_leaf': 0.019115760638645098, 'max_features': 0.5956802239033234, 'bootstrap': True, 'max_samples': 0.1045891861331237, 'oob_score': True}. Best is trial 410 with value: 0.7930338207460208.[0m
[32m[I 2022-04-14 08:31:44,741][0m Trial 446 finished with value: 0.7850205765847902 and parameters: {'n_estimators': 577, 'min_samples_split': 0.023267145476534586, 'min_samples_leaf': 0.0270915606458594, 'min_weight_fraction_leaf': 0.00883896152582433, 'max_features': 0.6340981824399583, 'bootstrap': False, 'max_samples': 0.09398231089213903}. Best is trial 410 with value: 0.7930338207460208.[0m
[32m[I 2022-04-14 08:35:27,797][0m Trial 447 finished with value: 0.7909054520638084 and parameters: {'n_estimators': 718, 'min_samples_split': 0.024063780980410933, 'min_samples_leaf': 0.0116569286125511, 'min_weight_fraction_leaf': 0.019182315734920373, 'max_features': 0.6202401361595483, 'bootstrap': False, 'max_samples': 0.8658172770197012}. Best is trial 410 with value: 0.7930338207460208.[0m
[32m[I 2022-04-14 08:39:05,632][0m Trial 448 finished with value: 0.7908121197004885 and parameters: {'n_estimators': 762, 'min_samples_split': 0.02956824447848666, 'min_samples_leaf': 0.017529012943205975, 'min_weight_fraction_leaf': 0.02138134256617786, 'max_features': 0.6282773281239314, 'bootstrap': False, 'max_samples': 0.10175971007256857}. Best is trial 410 with value: 0.7930338207460208.[0m
[32m[I 2022-04-14 08:41:29,329][0m Trial 449 finished with value: 0.7799761339069489 and parameters: {'n_estimators': 741, 'min_samples_split': 0.14207142065788908, 'min_samples_leaf': 0.03119002815333638, 'min_weight_fraction_leaf': 0.023070688605426416, 'max_features': 0.6306255882643139, 'bootstrap': False, 'max_samples': 0.11794205381487255}. Best is trial 410 with value: 0.7930338207460208.[0m
[32m[I 2022-04-14 08:44:33,600][0m Trial 450 finished with value: 0.7912389960078364 and parameters: {'n_estimators': 759, 'min_samples_split': 0.020358365265703997, 'min_samples_leaf': 0.022059740227453068, 'min_weight_fraction_leaf': 0.027374273778287724, 'max_features': 0.6187278037600317, 'bootstrap': False, 'max_samples': 0.089596981681941}. Best is trial 410 with value: 0.7930338207460208.[0m
[32m[I 2022-04-14 08:46:53,093][0m Trial 451 finished with value: 0.7848252412578862 and parameters: {'n_estimators': 749, 'min_samples_split': 0.02934027527075531, 'min_samples_leaf': 0.029851306219703697, 'min_weight_fraction_leaf': 0.03324506906795097, 'max_features': 0.5351045164016835, 'bootstrap': False, 'max_samples': 0.09019254601009964}. Best is trial 410 with value: 0.7930338207460208.[0m
[32m[I 2022-04-14 08:48:55,412][0m Trial 452 finished with value: 0.769717272197486 and parameters: {'n_estimators': 781, 'min_samples_split': 0.024158773798229533, 'min_samples_leaf': 0.020847172716891908, 'min_weight_fraction_leaf': 0.15925848896409722, 'max_features': 0.6141770561903132, 'bootstrap': False, 'max_samples': 0.11256283120717507}. Best is trial 410 with value: 0.7930338207460208.[0m
[32m[I 2022-04-14 08:50:54,745][0m Trial 453 finished with value: 0.7845788370054034 and parameters: {'n_estimators': 697, 'min_samples_split': 0.03101964990885164, 'min_samples_leaf': 0.03307712648080631, 'min_weight_fraction_leaf': 0.03306010963256693, 'max_features': 0.49848200099462603, 'bootstrap': False, 'max_samples': 0.8458474289155276}. Best is trial 410 with value: 0.7930338207460208.[0m
[32m[I 2022-04-14 08:53:27,994][0m Trial 454 finished with value: 0.7843431317378512 and parameters: {'n_estimators': 647, 'min_samples_split': 0.04569288056950878, 'min_samples_leaf': 0.02116595599663176, 'min_weight_fraction_leaf': 0.024933901249017003, 'max_features': 0.574575282203845, 'bootstrap': False, 'max_samples': 0.07770263079844958}. Best is trial 410 with value: 0.7930338207460208.[0m
[32m[I 2022-04-14 08:56:09,120][0m Trial 455 finished with value: 0.7853845937279016 and parameters: {'n_estimators': 682, 'min_samples_split': 0.02529830829618218, 'min_samples_leaf': 0.020630326047608394, 'min_weight_fraction_leaf': 0.03360731909854306, 'max_features': 0.5946191446252806, 'bootstrap': False, 'max_samples': 0.10410414324806891}. Best is trial 410 with value: 0.7930338207460208.[0m
[32m[I 2022-04-14 09:00:09,558][0m Trial 456 finished with value: 0.7908141232991638 and parameters: {'n_estimators': 846, 'min_samples_split': 0.019839280900821647, 'min_samples_leaf': 0.01628255000563127, 'min_weight_fraction_leaf': 0.021338859157297864, 'max_features': 0.6361111610622147, 'bootstrap': False, 'max_samples': 0.08951048119635774}. Best is trial 410 with value: 0.7930338207460208.[0m
