[32m[I 2022-04-14 01:58:50,237][0m Trial 971 finished with value: 0.8941955252246784 and parameters: {'n_estimators': 142, 'min_samples_split': 0.0014538893241177752, 'min_samples_leaf': 0.010490673372313904, 'min_weight_fraction_leaf': 0.008200899227931492, 'max_features': 0.5180190140964189, 'bootstrap': False, 'max_samples': 0.27480321225773774}. Best is trial 858 with value: 0.8962879544043598.[0m
[32m[I 2022-04-14 01:59:25,118][0m Trial 972 finished with value: 0.8959907153379836 and parameters: {'n_estimators': 178, 'min_samples_split': 0.019093582728480066, 'min_samples_leaf': 0.027902825179864317, 'min_weight_fraction_leaf': 0.019665381991208205, 'max_features': 0.5616502654561997, 'bootstrap': False, 'max_samples': 0.19363510858383154}. Best is trial 858 with value: 0.8962879544043598.[0m
[32m[I 2022-04-14 02:00:01,993][0m Trial 973 finished with value: 0.8927410696906897 and parameters: {'n_estimators': 181, 'min_samples_split': 0.034369603889784495, 'min_samples_leaf': 0.028557323691445785, 'min_weight_fraction_leaf': 0.01929197104201977, 'max_features': 0.5681672733879444, 'bootstrap': False, 'max_samples': 0.1944646221123898}. Best is trial 858 with value: 0.8962879544043598.[0m
[32m[I 2022-04-14 02:00:55,098][0m Trial 974 finished with value: 0.8921631840858355 and parameters: {'n_estimators': 176, 'min_samples_split': 0.05046521194389088, 'min_samples_leaf': 0.0010394251997826887, 'min_weight_fraction_leaf': 0.020328279968214034, 'max_features': 0.577250763253232, 'bootstrap': False, 'max_samples': 0.25433118343221217}. Best is trial 858 with value: 0.8962879544043598.[0m
[32m[I 2022-04-14 02:01:17,770][0m Trial 975 finished with value: 0.8901024387694214 and parameters: {'n_estimators': 137, 'min_samples_split': 0.02198590240587992, 'min_samples_leaf': 0.0271213526053579, 'min_weight_fraction_leaf': 0.0002932001702916076, 'max_features': 0.45034570123904294, 'bootstrap': False, 'max_samples': 0.22487459073927418}. Best is trial 858 with value: 0.8962879544043598.[0m
[32m[I 2022-04-14 02:01:55,215][0m Trial 976 finished with value: 0.8917921710807406 and parameters: {'n_estimators': 170, 'min_samples_split': 0.01837034041194847, 'min_samples_leaf': 0.020954176974833656, 'min_weight_fraction_leaf': 0.020251184684993505, 'max_features': 0.550928787406269, 'bootstrap': False, 'max_samples': 0.2078455325266652}. Best is trial 858 with value: 0.8962879544043598.[0m
[32m[I 2022-04-14 02:02:26,568][0m Trial 977 finished with value: 0.8920692121462059 and parameters: {'n_estimators': 149, 'min_samples_split': 0.011127478180093861, 'min_samples_leaf': 0.01731397870911159, 'min_weight_fraction_leaf': 0.009381241897847663, 'max_features': 0.48499288346893926, 'bootstrap': False, 'max_samples': 0.18762826678716102}. Best is trial 858 with value: 0.8962879544043598.[0m
[32m[I 2022-04-14 02:02:52,490][0m Trial 978 finished with value: 0.8920820098474959 and parameters: {'n_estimators': 130, 'min_samples_split': 0.02724212289098426, 'min_samples_leaf': 0.026555194713028127, 'min_weight_fraction_leaf': 7.631949707593438e-05, 'max_features': 0.5558694052785205, 'bootstrap': False, 'max_samples': 0.16202712426139856}. Best is trial 858 with value: 0.8962879544043598.[0m
[32m[I 2022-04-14 02:03:37,231][0m Trial 979 finished with value: 0.8921520468535142 and parameters: {'n_estimators': 179, 'min_samples_split': 0.017625915417012895, 'min_samples_leaf': 0.009167770529669533, 'min_weight_fraction_leaf': 0.01934659648526199, 'max_features': 0.5024907793202937, 'bootstrap': False, 'max_samples': 0.23213222391619512}. Best is trial 858 with value: 0.8962879544043598.[0m
[32m[I 2022-04-14 02:04:05,939][0m Trial 980 finished with value: 0.8922111524455338 and parameters: {'n_estimators': 120, 'min_samples_split': 0.03820742116787328, 'min_samples_leaf': 0.016355431207018704, 'min_weight_fraction_leaf': 0.018545968184851762, 'max_features': 0.5351723113018304, 'bootstrap': False, 'max_samples': 0.14209278601049355}. Best is trial 858 with value: 0.8962879544043598.[0m
[32m[I 2022-04-14 02:04:40,815][0m Trial 981 finished with value: 0.8923390350425627 and parameters: {'n_estimators': 166, 'min_samples_split': 0.0016624509774199325, 'min_samples_leaf': 0.02730201930904749, 'min_weight_fraction_leaf': 0.00017972812014575433, 'max_features': 0.5956911676797458, 'bootstrap': False, 'max_samples': 0.20315468728475006}. Best is trial 858 with value: 0.8962879544043598.[0m
[32m[I 2022-04-14 02:05:14,529][0m Trial 982 finished with value: 0.8922705117802419 and parameters: {'n_estimators': 142, 'min_samples_split': 0.011410094647179092, 'min_samples_leaf': 0.009192384248437267, 'min_weight_fraction_leaf': 0.01942222048732734, 'max_features': 0.4806114008347232, 'bootstrap': False, 'max_samples': 0.18250692781243458}. Best is trial 858 with value: 0.8962879544043598.[0m
[32m[I 2022-04-14 02:05:47,882][0m Trial 983 finished with value: 0.8921366588931608 and parameters: {'n_estimators': 157, 'min_samples_split': 0.02720529281051566, 'min_samples_leaf': 0.020846936226778377, 'min_weight_fraction_leaf': 0.00951701368494517, 'max_features': 0.5089374502839611, 'bootstrap': False, 'max_samples': 0.12121467280870643}. Best is trial 858 with value: 0.8962879544043598.[0m
[32m[I 2022-04-14 02:06:50,757][0m Trial 984 finished with value: 0.896113604029995 and parameters: {'n_estimators': 148, 'min_samples_split': 0.009505105851216576, 'min_samples_leaf': 0.008863588162519927, 'min_weight_fraction_leaf': 0.010787233654672213, 'max_features': 0.5670542847126844, 'bootstrap': False, 'max_samples': 0.21516761168907506}. Best is trial 858 with value: 0.8962879544043598.[0m
[32m[I 2022-04-14 02:07:33,674][0m Trial 985 finished with value: 0.8922319211250519 and parameters: {'n_estimators': 135, 'min_samples_split': 0.02129495742619871, 'min_samples_leaf': 0.008902133360509563, 'min_weight_fraction_leaf': 0.021599746811888233, 'max_features': 0.5786363983547773, 'bootstrap': False, 'max_samples': 0.2589173442387242}. Best is trial 858 with value: 0.8962879544043598.[0m
[32m[I 2022-04-14 02:08:07,986][0m Trial 986 finished with value: 0.8912116524830738 and parameters: {'n_estimators': 145, 'min_samples_split': 0.009384161671326639, 'min_samples_leaf': 0.02657365930685362, 'min_weight_fraction_leaf': 0.021088472497166097, 'max_features': 0.5665188824822341, 'bootstrap': False, 'max_samples': 0.23996386036060577}. Best is trial 858 with value: 0.8962879544043598.[0m
[32m[I 2022-04-14 02:08:52,392][0m Trial 987 finished with value: 0.8923572850810387 and parameters: {'n_estimators': 150, 'min_samples_split': 0.0015594823445204877, 'min_samples_leaf': 0.018501229951147672, 'min_weight_fraction_leaf': 0.009200281551754175, 'max_features': 0.6252612499842, 'bootstrap': False, 'max_samples': 0.21858089540287406}. Best is trial 858 with value: 0.8962879544043598.[0m
[32m[I 2022-04-14 02:09:39,708][0m Trial 988 finished with value: 0.8955182739772477 and parameters: {'n_estimators': 139, 'min_samples_split': 0.04235801555834072, 'min_samples_leaf': 0.002647217584151696, 'min_weight_fraction_leaf': 0.022348453946037333, 'max_features': 0.5458605762522859, 'bootstrap': False, 'max_samples': 0.21129536065804516}. Best is trial 858 with value: 0.8962879544043598.[0m
[32m[I 2022-04-14 02:10:22,575][0m Trial 989 finished with value: 0.8919083981684232 and parameters: {'n_estimators': 125, 'min_samples_split': 0.047898037316221914, 'min_samples_leaf': 0.0013164255754076603, 'min_weight_fraction_leaf': 0.024255329489163084, 'max_features': 0.5927531593833472, 'bootstrap': False, 'max_samples': 0.21840940461164932}. Best is trial 858 with value: 0.8962879544043598.[0m
[32m[I 2022-04-14 02:11:03,599][0m Trial 990 finished with value: 0.8956315901865455 and parameters: {'n_estimators': 137, 'min_samples_split': 0.041132511580294955, 'min_samples_leaf': 0.008231918889551283, 'min_weight_fraction_leaf': 0.02253212930024721, 'max_features': 0.5524518030072881, 'bootstrap': False, 'max_samples': 0.23942133117841552}. Best is trial 858 with value: 0.8962879544043598.[0m
[32m[I 2022-04-14 02:11:52,420][0m Trial 991 finished with value: 0.8920768134227345 and parameters: {'n_estimators': 133, 'min_samples_split': 0.04151351525558014, 'min_samples_leaf': 0.0012020968786576013, 'min_weight_fraction_leaf': 0.023513262832944956, 'max_features': 0.6072915350884684, 'bootstrap': False, 'max_samples': 0.2438557157853915}. Best is trial 858 with value: 0.8962879544043598.[0m
[32m[I 2022-04-14 02:12:32,706][0m Trial 992 finished with value: 0.8951995827638959 and parameters: {'n_estimators': 137, 'min_samples_split': 0.05340238373630158, 'min_samples_leaf': 0.008090338199450318, 'min_weight_fraction_leaf': 0.023230024821462244, 'max_features': 0.5562211166836569, 'bootstrap': False, 'max_samples': 0.24738024965139}. Best is trial 858 with value: 0.8962879544043598.[0m
[32m[I 2022-04-14 02:13:20,022][0m Trial 993 finished with value: 0.8920322413221434 and parameters: {'n_estimators': 131, 'min_samples_split': 0.03749719805149744, 'min_samples_leaf': 0.0012837095147997715, 'min_weight_fraction_leaf': 0.020993322732905273, 'max_features': 0.5758219125390973, 'bootstrap': False, 'max_samples': 0.2297281537229457}. Best is trial 858 with value: 0.8962879544043598.[0m
[32m[I 2022-04-14 02:13:45,116][0m Trial 994 finished with value: 0.8926125389769192 and parameters: {'n_estimators': 115, 'min_samples_split': 0.035093571081510636, 'min_samples_leaf': 0.027572974247705436, 'min_weight_fraction_leaf': 0.024735379875993734, 'max_features': 0.5539929653761746, 'bootstrap': False, 'max_samples': 0.2974672366950063}. Best is trial 858 with value: 0.8962879544043598.[0m
[32m[I 2022-04-14 02:14:34,363][0m Trial 995 finished with value: 0.8922442074187222 and parameters: {'n_estimators': 140, 'min_samples_split': 0.04908720604004384, 'min_samples_leaf': 0.0010877142981071657, 'min_weight_fraction_leaf': 0.01708128304620505, 'max_features': 0.5391619135559483, 'bootstrap': False, 'max_samples': 0.2670513140655211}. Best is trial 858 with value: 0.8962879544043598.[0m
[32m[I 2022-04-14 02:15:08,077][0m Trial 996 finished with value: 0.8925346766122623 and parameters: {'n_estimators': 126, 'min_samples_split': 0.029585501310177564, 'min_samples_leaf': 0.018187353270380697, 'min_weight_fraction_leaf': 0.015936463430926927, 'max_features': 0.5739063876200835, 'bootstrap': False, 'max_samples': 0.19380407651696935}. Best is trial 858 with value: 0.8962879544043598.[0m
[32m[I 2022-04-14 02:15:43,008][0m Trial 997 finished with value: 0.8957946512146296 and parameters: {'n_estimators': 140, 'min_samples_split': 0.022682772965117184, 'min_samples_leaf': 0.018703357157874793, 'min_weight_fraction_leaf': 0.02399068288788631, 'max_features': 0.5480019464027638, 'bootstrap': False, 'max_samples': 0.21205882181976932}. Best is trial 858 with value: 0.8962879544043598.[0m
[32m[I 2022-04-14 02:15:55,112][0m Trial 998 finished with value: 0.7345103226633298 and parameters: {'n_estimators': 143, 'min_samples_split': 0.024139418440387507, 'min_samples_leaf': 0.027186979534561374, 'min_weight_fraction_leaf': 0.405130865762679, 'max_features': 0.5943468006910714, 'bootstrap': False, 'max_samples': 0.26449088927165243}. Best is trial 858 with value: 0.8962879544043598.[0m
[32m[I 2022-04-14 02:16:28,959][0m Trial 999 finished with value: 0.8921021355239056 and parameters: {'n_estimators': 133, 'min_samples_split': 0.019278122193834648, 'min_samples_leaf': 0.021269103143452414, 'min_weight_fraction_leaf': 0.01215819057724661, 'max_features': 0.5624397240267198, 'bootstrap': False, 'max_samples': 0.23123045333081485}. Best is trial 858 with value: 0.8962879544043598.[0m
[32m[I 2022-04-14 02:16:28,965][0m A new study created in memory with name: no-name-cc1a17c9-31aa-41d2-9fd3-130d69d38703[0m
[32m[I 2022-04-14 02:17:10,557][0m Trial 0 finished with value: 0.7469762962286632 and parameters: {'n_estimators': 463, 'min_samples_split': 0.20292364833535673, 'min_samples_leaf': 0.11897920254019691, 'min_weight_fraction_leaf': 0.38292231326937964, 'max_features': 0.869509794254604, 'bootstrap': False, 'max_samples': 0.8833092706401753}. Best is trial 0 with value: 0.7469762962286632.[0m
[32m[I 2022-04-14 02:17:27,807][0m Trial 1 finished with value: 0.7509576249632776 and parameters: {'n_estimators': 275, 'min_samples_split': 0.13315015536865066, 'min_samples_leaf': 0.2546422432459868, 'min_weight_fraction_leaf': 0.14482221182245586, 'max_features': 0.8527934108127894, 'bootstrap': False, 'max_samples': 0.0036537508213229097}. Best is trial 1 with value: 0.7509576249632776.[0m
[32m[I 2022-04-14 02:17:34,466][0m Trial 2 finished with value: 0.5 and parameters: {'n_estimators': 988, 'min_samples_split': 0.3736697062456843, 'min_samples_leaf': 0.4899437528073761, 'min_weight_fraction_leaf': 0.4013714684366139, 'max_features': 0.18667728729103406, 'bootstrap': True, 'max_samples': 0.030911486610611827, 'oob_score': False}. Best is trial 1 with value: 0.7509576249632776.[0m
[32m[I 2022-04-14 02:17:41,871][0m Trial 3 finished with value: 0.7560201683316483 and parameters: {'n_estimators': 133, 'min_samples_split': 0.22514236301040513, 'min_samples_leaf': 0.2007489238548406, 'min_weight_fraction_leaf': 0.029273152642778133, 'max_features': 0.4596321369944478, 'bootstrap': False, 'max_samples': 0.10995480950431313}. Best is trial 3 with value: 0.7560201683316483.[0m
[32m[I 2022-04-14 02:18:41,027][0m Trial 4 finished with value: 0.7632166933425479 and parameters: {'n_estimators': 601, 'min_samples_split': 0.2746360419471301, 'min_samples_leaf': 0.12817661923345314, 'min_weight_fraction_leaf': 0.03508223988802478, 'max_features': 0.600737509196991, 'bootstrap': False, 'max_samples': 0.7570718938003164}. Best is trial 4 with value: 0.7632166933425479.[0m
[32m[I 2022-04-14 02:18:43,926][0m Trial 5 finished with value: 0.5 and parameters: {'n_estimators': 315, 'min_samples_split': 0.49600961975418306, 'min_samples_leaf': 0.1918576693878088, 'min_weight_fraction_leaf': 0.1650639224880482, 'max_features': 0.6444871262690663, 'bootstrap': True, 'max_samples': 0.5379430989336671, 'oob_score': False}. Best is trial 4 with value: 0.7632166933425479.[0m
[32m[I 2022-04-14 02:18:49,243][0m Trial 6 finished with value: 0.5 and parameters: {'n_estimators': 727, 'min_samples_split': 0.2803396066426333, 'min_samples_leaf': 0.23725082553636206, 'min_weight_fraction_leaf': 0.36703075496766313, 'max_features': 0.9861428401359318, 'bootstrap': True, 'max_samples': 0.15009931496915008, 'oob_score': False}. Best is trial 4 with value: 0.7632166933425479.[0m
[32m[I 2022-04-14 02:18:52,832][0m Trial 7 finished with value: 0.5 and parameters: {'n_estimators': 152, 'min_samples_split': 0.2617237256608522, 'min_samples_leaf': 0.06259508817440672, 'min_weight_fraction_leaf': 0.3969845856718826, 'max_features': 0.5697780277160523, 'bootstrap': True, 'max_samples': 0.6703108484153675, 'oob_score': True}. Best is trial 4 with value: 0.7632166933425479.[0m
[32m[I 2022-04-14 02:18:55,325][0m Trial 8 finished with value: 0.5 and parameters: {'n_estimators': 229, 'min_samples_split': 0.008264281402337148, 'min_samples_leaf': 0.2995859569315307, 'min_weight_fraction_leaf': 0.22773254716160723, 'max_features': 0.013408036462863926, 'bootstrap': True, 'max_samples': 0.2140685135748961, 'oob_score': False}. Best is trial 4 with value: 0.7632166933425479.[0m
[32m[I 2022-04-14 02:19:18,565][0m Trial 9 finished with value: 0.6512526451989699 and parameters: {'n_estimators': 492, 'min_samples_split': 0.21942554400448908, 'min_samples_leaf': 0.3017960972487312, 'min_weight_fraction_leaf': 0.4692499577976506, 'max_features': 0.8149126454317507, 'bootstrap': False, 'max_samples': 0.5977336077491564}. Best is trial 4 with value: 0.7632166933425479.[0m
[32m[I 2022-04-14 02:20:17,804][0m Trial 10 finished with value: 0.7682020232742406 and parameters: {'n_estimators': 514, 'min_samples_split': 0.3893492310805615, 'min_samples_leaf': 0.0074874562933753, 'min_weight_fraction_leaf': 0.0005597027839920887, 'max_features': 0.3900921394492942, 'bootstrap': False, 'max_samples': 0.9593413101677408}. Best is trial 10 with value: 0.7682020232742406.[0m
[32m[I 2022-04-14 02:21:16,631][0m Trial 11 finished with value: 0.7591309799298052 and parameters: {'n_estimators': 528, 'min_samples_split': 0.393425167261767, 'min_samples_leaf': 0.011809519011429724, 'min_weight_fraction_leaf': 0.00042256256373726653, 'max_features': 0.3854776033269357, 'bootstrap': False, 'max_samples': 0.9850602990395863}. Best is trial 10 with value: 0.7682020232742406.[0m
[32m[I 2022-04-14 02:21:57,788][0m Trial 12 finished with value: 0.7614055517189862 and parameters: {'n_estimators': 706, 'min_samples_split': 0.3652553983223046, 'min_samples_leaf': 0.10447907504103632, 'min_weight_fraction_leaf': 0.08661040338022177, 'max_features': 0.3058389047622858, 'bootstrap': False, 'max_samples': 0.801661638706433}. Best is trial 10 with value: 0.7682020232742406.[0m
[32m[I 2022-04-14 02:22:58,654][0m Trial 13 finished with value: 0.7469140807604298 and parameters: {'n_estimators': 410, 'min_samples_split': 0.49222286450895003, 'min_samples_leaf': 0.00376230548263142, 'min_weight_fraction_leaf': 0.08643616032075084, 'max_features': 0.6422343443308453, 'bootstrap': False, 'max_samples': 0.7757043400072655}. Best is trial 10 with value: 0.7682020232742406.[0m
[32m[I 2022-04-14 02:23:23,426][0m Trial 14 finished with value: 0.7495549339216249 and parameters: {'n_estimators': 710, 'min_samples_split': 0.3259166384338015, 'min_samples_leaf': 0.1332540563295373, 'min_weight_fraction_leaf': 0.2469916431286763, 'max_features': 0.254968701631921, 'bootstrap': False, 'max_samples': 0.3303045082053462}. Best is trial 10 with value: 0.7682020232742406.[0m
[32m[I 2022-04-14 02:23:45,438][0m Trial 15 finished with value: 0.7536372549505028 and parameters: {'n_estimators': 191, 'min_samples_split': 0.4467006058022275, 'min_samples_leaf': 0.05990291000176107, 'min_weight_fraction_leaf': 0.06367276978368464, 'max_features': 0.5229150400947493, 'bootstrap': False, 'max_samples': 0.9992160946727783}. Best is trial 10 with value: 0.7682020232742406.[0m
[32m[I 2022-04-14 02:23:53,379][0m Trial 16 finished with value: 0.6681929616296071 and parameters: {'n_estimators': 378, 'min_samples_split': 0.1139440214036444, 'min_samples_leaf': 0.40461196933018206, 'min_weight_fraction_leaf': 0.1526934384795803, 'max_features': 0.7435441272342102, 'bootstrap': False, 'max_samples': 0.4130535006099779}. Best is trial 10 with value: 0.7682020232742406.[0m
[32m[I 2022-04-14 02:24:46,255][0m Trial 17 finished with value: 0.7626923201090787 and parameters: {'n_estimators': 990, 'min_samples_split': 0.3098443081406338, 'min_samples_leaf': 0.1594280142579094, 'min_weight_fraction_leaf': 0.0358392294206683, 'max_features': 0.4131225708527937, 'bootstrap': False, 'max_samples': 0.742663160442877}. Best is trial 10 with value: 0.7682020232742406.[0m
[32m[I 2022-04-14 02:24:58,025][0m Trial 18 finished with value: 0.7445411350388644 and parameters: {'n_estimators': 586, 'min_samples_split': 0.4096533739802691, 'min_samples_leaf': 0.07148775224619114, 'min_weight_fraction_leaf': 0.30122605784417794, 'max_features': 0.14119433119948538, 'bootstrap': False, 'max_samples': 0.8763703439538979}. Best is trial 10 with value: 0.7682020232742406.[0m
[32m[I 2022-04-14 02:26:02,062][0m Trial 19 finished with value: 0.7722021417835223 and parameters: {'n_estimators': 367, 'min_samples_split': 0.18017178760905314, 'min_samples_leaf': 0.0020578592921981498, 'min_weight_fraction_leaf': 0.10409854352075316, 'max_features': 0.5864961847365047, 'bootstrap': False, 'max_samples': 0.66872830305336}. Best is trial 19 with value: 0.7722021417835223.[0m
[32m[I 2022-04-14 02:26:15,716][0m Trial 20 finished with value: 0.7580595687659974 and parameters: {'n_estimators': 105, 'min_samples_split': 0.1526189103793496, 'min_samples_leaf': 0.0031594662315073945, 'min_weight_fraction_leaf': 0.1229954079610855, 'max_features': 0.34353189033995235, 'bootstrap': False, 'max_samples': 0.4721257691189973}. Best is trial 19 with value: 0.7722021417835223.[0m
[32m[I 2022-04-14 02:27:12,564][0m Trial 21 finished with value: 0.7817272340717315 and parameters: {'n_estimators': 357, 'min_samples_split': 0.07467997840658963, 'min_samples_leaf': 0.055031094649015726, 'min_weight_fraction_leaf': 0.0027234631043370205, 'max_features': 0.6407709306826606, 'bootstrap': False, 'max_samples': 0.6741622214274431}. Best is trial 21 with value: 0.7817272340717315.[0m
[32m[I 2022-04-14 02:28:15,803][0m Trial 22 finished with value: 0.7858881488828502 and parameters: {'n_estimators': 342, 'min_samples_split': 0.061773725015460815, 'min_samples_leaf': 0.04150662349533287, 'min_weight_fraction_leaf': 0.0011336112853174234, 'max_features': 0.7180176440314145, 'bootstrap': False, 'max_samples': 0.632743277282259}. Best is trial 22 with value: 0.7858881488828502.[0m
[32m[I 2022-04-14 02:28:56,750][0m Trial 23 finished with value: 0.7648577214601915 and parameters: {'n_estimators': 325, 'min_samples_split': 0.046088879423989565, 'min_samples_leaf': 0.06589925547386696, 'min_weight_fraction_leaf': 0.19586917265309675, 'max_features': 0.7338887034741809, 'bootstrap': False, 'max_samples': 0.6490703430257723}. Best is trial 22 with value: 0.7858881488828502.[0m
[32m[I 2022-04-14 02:29:36,059][0m Trial 24 finished with value: 0.7740518267916332 and parameters: {'n_estimators': 245, 'min_samples_split': 0.08226044601599047, 'min_samples_leaf': 0.05234801629213962, 'min_weight_fraction_leaf': 0.09738959616974514, 'max_features': 0.7297386872089573, 'bootstrap': False, 'max_samples': 0.5787481299354054}. Best is trial 22 with value: 0.7858881488828502.[0m
