No protocol specified
dropped categorical variable 'SEX', because it has only 1 values
[32m[I 2022-04-13 11:43:08,723][0m A new study created in memory with name: no-name-bca2ceab-215a-4aa0-9a07-4b69fcd7a1f8[0m
[32m[I 2022-04-13 11:43:11,931][0m Trial 0 finished with value: 0.8343059085617257 and parameters: {'n_estimators': 192, 'min_samples_split': 0.23045623380882088, 'min_samples_leaf': 0.40584586885415824, 'min_weight_fraction_leaf': 0.15150318059191148, 'max_features': 0.029034031061655807, 'bootstrap': False, 'max_samples': 0.2752752507828421}. Best is trial 0 with value: 0.8343059085617257.[0m
[32m[I 2022-04-13 11:43:15,715][0m Trial 1 finished with value: 0.35 and parameters: {'n_estimators': 279, 'min_samples_split': 0.25291454049152046, 'min_samples_leaf': 0.35814691274917176, 'min_weight_fraction_leaf': 0.031244784356391442, 'max_features': 0.40278217494369073, 'bootstrap': True, 'max_samples': 0.12648273987452563, 'oob_score': False}. Best is trial 0 with value: 0.8343059085617257.[0m
[32m[I 2022-04-13 11:43:24,924][0m Trial 2 finished with value: 0.7154669367597627 and parameters: {'n_estimators': 560, 'min_samples_split': 0.47256987977721204, 'min_samples_leaf': 0.08538604362588141, 'min_weight_fraction_leaf': 0.4216567541126112, 'max_features': 0.09184547704988599, 'bootstrap': False, 'max_samples': 0.3846303527166276}. Best is trial 0 with value: 0.8343059085617257.[0m
[32m[I 2022-04-13 11:43:28,938][0m Trial 3 finished with value: 0.25 and parameters: {'n_estimators': 292, 'min_samples_split': 0.4754105141842833, 'min_samples_leaf': 0.45248793839148066, 'min_weight_fraction_leaf': 0.1672752619506745, 'max_features': 0.6966106223903965, 'bootstrap': True, 'max_samples': 0.9385574762947875, 'oob_score': False}. Best is trial 0 with value: 0.8343059085617257.[0m
[32m[I 2022-04-13 11:43:46,403][0m Trial 4 finished with value: 0.7784982586882554 and parameters: {'n_estimators': 494, 'min_samples_split': 0.0021941421104710156, 'min_samples_leaf': 0.2970121654801365, 'min_weight_fraction_leaf': 0.15534512203727963, 'max_features': 0.47818253221684126, 'bootstrap': False, 'max_samples': 0.9134759792705134}. Best is trial 0 with value: 0.8343059085617257.[0m
[32m[I 2022-04-13 11:43:54,042][0m Trial 5 finished with value: 0.7768495074872225 and parameters: {'n_estimators': 137, 'min_samples_split': 0.21122944516521594, 'min_samples_leaf': 0.009010720037361905, 'min_weight_fraction_leaf': 0.2835278840298891, 'max_features': 0.21171475699346454, 'bootstrap': False, 'max_samples': 0.7811529824327271}. Best is trial 0 with value: 0.8343059085617257.[0m
[32m[I 2022-04-13 11:44:34,803][0m Trial 6 finished with value: 0.7777256058930279 and parameters: {'n_estimators': 401, 'min_samples_split': 0.1064710732347731, 'min_samples_leaf': 0.2051211033359491, 'min_weight_fraction_leaf': 0.14602403627569777, 'max_features': 0.909624454523883, 'bootstrap': False, 'max_samples': 0.5690340229753631}. Best is trial 0 with value: 0.8343059085617257.[0m
[32m[I 2022-04-13 11:45:15,613][0m Trial 7 finished with value: 0.7785197415723168 and parameters: {'n_estimators': 824, 'min_samples_split': 0.26007895721435814, 'min_samples_leaf': 0.1235144659971779, 'min_weight_fraction_leaf': 0.1785144046747702, 'max_features': 0.9334655835660057, 'bootstrap': True, 'max_samples': 0.5354293225273781, 'oob_score': True}. Best is trial 0 with value: 0.8343059085617257.[0m
[32m[I 2022-04-13 11:45:24,237][0m Trial 8 finished with value: 0.25 and parameters: {'n_estimators': 232, 'min_samples_split': 0.41534805209377096, 'min_samples_leaf': 0.266969749952417, 'min_weight_fraction_leaf': 0.25630842155843697, 'max_features': 0.19976112270803092, 'bootstrap': True, 'max_samples': 0.6204665558960892, 'oob_score': True}. Best is trial 0 with value: 0.8343059085617257.[0m
[32m[I 2022-04-13 11:45:33,955][0m Trial 9 finished with value: 0.774796757805172 and parameters: {'n_estimators': 185, 'min_samples_split': 0.34826013774708703, 'min_samples_leaf': 0.34727726357924205, 'min_weight_fraction_leaf': 0.0015318851495527697, 'max_features': 0.6645012887307246, 'bootstrap': False, 'max_samples': 0.472646072348861}. Best is trial 0 with value: 0.8343059085617257.[0m
[32m[I 2022-04-13 11:45:36,693][0m Trial 10 finished with value: 0.7176434868127526 and parameters: {'n_estimators': 105, 'min_samples_split': 0.15817281599404323, 'min_samples_leaf': 0.4785833506521708, 'min_weight_fraction_leaf': 0.385760474448238, 'max_features': 0.01240854513791046, 'bootstrap': False, 'max_samples': 0.010049235936873346}. Best is trial 0 with value: 0.8343059085617257.[0m
[32m[I 2022-04-13 11:46:02,099][0m Trial 11 finished with value: 0.25 and parameters: {'n_estimators': 827, 'min_samples_split': 0.33267652264579517, 'min_samples_leaf': 0.17712588933220294, 'min_weight_fraction_leaf': 0.09110163580364242, 'max_features': 0.9400748648888395, 'bootstrap': True, 'max_samples': 0.33994508552506514, 'oob_score': True}. Best is trial 0 with value: 0.8343059085617257.[0m
[32m[I 2022-04-13 11:46:34,600][0m Trial 12 finished with value: 0.25 and parameters: {'n_estimators': 999, 'min_samples_split': 0.2826101800619486, 'min_samples_leaf': 0.11571394540519273, 'min_weight_fraction_leaf': 0.3202424180264476, 'max_features': 0.6842494877087049, 'bootstrap': True, 'max_samples': 0.19800902257919034, 'oob_score': True}. Best is trial 0 with value: 0.8343059085617257.[0m
[32m[I 2022-04-13 11:46:42,314][0m Trial 13 finished with value: 0.25 and parameters: {'n_estimators': 163, 'min_samples_split': 0.16834852378624926, 'min_samples_leaf': 0.3986423929984336, 'min_weight_fraction_leaf': 0.1886623701527454, 'max_features': 0.3372033809698723, 'bootstrap': True, 'max_samples': 0.2790612199510619, 'oob_score': True}. Best is trial 0 with value: 0.8343059085617257.[0m
[32m[I 2022-04-13 11:47:10,524][0m Trial 14 finished with value: 0.7782344974335402 and parameters: {'n_estimators': 620, 'min_samples_split': 0.08524323722596322, 'min_samples_leaf': 0.15767579877970073, 'min_weight_fraction_leaf': 0.0921834089964223, 'max_features': 0.807605391310455, 'bootstrap': True, 'max_samples': 0.6985641994780115, 'oob_score': True}. Best is trial 0 with value: 0.8343059085617257.[0m
[32m[I 2022-04-13 11:47:51,897][0m Trial 15 finished with value: 0.7782833725429106 and parameters: {'n_estimators': 217, 'min_samples_split': 0.3152422025877103, 'min_samples_leaf': 0.022911371315274015, 'min_weight_fraction_leaf': 0.21618382918966203, 'max_features': 0.5966640370649547, 'bootstrap': False, 'max_samples': 0.48796438461542896}. Best is trial 0 with value: 0.8343059085617257.[0m
[32m[I 2022-04-13 11:48:07,886][0m Trial 16 finished with value: 0.7709829964883848 and parameters: {'n_estimators': 414, 'min_samples_split': 0.38437319909416545, 'min_samples_leaf': 0.23575182955408513, 'min_weight_fraction_leaf': 0.33061817825743345, 'max_features': 0.2590918085277687, 'bootstrap': False, 'max_samples': 0.38809059403278356}. Best is trial 0 with value: 0.8343059085617257.[0m
[32m[I 2022-04-13 11:48:17,328][0m Trial 17 finished with value: 0.25 and parameters: {'n_estimators': 756, 'min_samples_split': 0.21829247636973753, 'min_samples_leaf': 0.39992882334593555, 'min_weight_fraction_leaf': 0.09956000347736788, 'max_features': 0.5202573387603329, 'bootstrap': True, 'max_samples': 0.19315567670601086, 'oob_score': False}. Best is trial 0 with value: 0.8343059085617257.[0m
[32m[I 2022-04-13 11:48:32,917][0m Trial 18 finished with value: 0.55 and parameters: {'n_estimators': 365, 'min_samples_split': 0.15439965444303333, 'min_samples_leaf': 0.0795862682815533, 'min_weight_fraction_leaf': 0.4926864239152303, 'max_features': 0.8058617211870799, 'bootstrap': True, 'max_samples': 0.042594351713997725, 'oob_score': True}. Best is trial 0 with value: 0.8343059085617257.[0m
[32m[I 2022-04-13 11:48:43,936][0m Trial 19 finished with value: 0.7767262293937756 and parameters: {'n_estimators': 114, 'min_samples_split': 0.274967748280564, 'min_samples_leaf': 0.29847483433436683, 'min_weight_fraction_leaf': 0.22410936710329243, 'max_features': 0.9808537570021648, 'bootstrap': False, 'max_samples': 0.7058909606271394}. Best is trial 0 with value: 0.8343059085617257.[0m
[32m[I 2022-04-13 11:48:47,429][0m Trial 20 finished with value: 0.7693307125042316 and parameters: {'n_estimators': 149, 'min_samples_split': 0.2112898532669208, 'min_samples_leaf': 0.13745111643756888, 'min_weight_fraction_leaf': 0.0507105497284458, 'max_features': 0.005657422579100752, 'bootstrap': True, 'max_samples': 0.5442624046385419, 'oob_score': False}. Best is trial 0 with value: 0.8343059085617257.[0m
[32m[I 2022-04-13 11:49:08,388][0m Trial 21 finished with value: 0.7741946342664955 and parameters: {'n_estimators': 506, 'min_samples_split': 0.0019701557333621734, 'min_samples_leaf': 0.33314710505297007, 'min_weight_fraction_leaf': 0.1409522950304674, 'max_features': 0.45991866804036485, 'bootstrap': False, 'max_samples': 0.9955390398415646}. Best is trial 0 with value: 0.8343059085617257.[0m
[32m[I 2022-04-13 11:49:24,358][0m Trial 22 finished with value: 0.720703511224615 and parameters: {'n_estimators': 683, 'min_samples_split': 0.017269153267792582, 'min_samples_leaf': 0.4140624163185576, 'min_weight_fraction_leaf': 0.12618519458150132, 'max_features': 0.32919078098249566, 'bootstrap': False, 'max_samples': 0.841371621832594}. Best is trial 0 with value: 0.8343059085617257.[0m
[32m[I 2022-04-13 11:49:36,232][0m Trial 23 finished with value: 0.771331619115656 and parameters: {'n_estimators': 504, 'min_samples_split': 0.0651469081272619, 'min_samples_leaf': 0.2838517353794258, 'min_weight_fraction_leaf': 0.18848552117025655, 'max_features': 0.13319971482498213, 'bootstrap': False, 'max_samples': 0.8622901611672819}. Best is trial 0 with value: 0.8343059085617257.[0m
[32m[I 2022-04-13 11:51:29,101][0m Trial 24 finished with value: 0.7755806516503665 and parameters: {'n_estimators': 992, 'min_samples_split': 0.134278442703081, 'min_samples_leaf': 0.2077802721911757, 'min_weight_fraction_leaf': 0.24640157809851532, 'max_features': 0.8043332308993032, 'bootstrap': False, 'max_samples': 0.2830650211157721}. Best is trial 0 with value: 0.8343059085617257.[0m
[32m[I 2022-04-13 11:51:47,170][0m Trial 25 finished with value: 0.7787750763220856 and parameters: {'n_estimators': 352, 'min_samples_split': 0.04927651031471225, 'min_samples_leaf': 0.32062166486153026, 'min_weight_fraction_leaf': 0.18993534600725487, 'max_features': 0.5372104464604568, 'bootstrap': False, 'max_samples': 0.6910389950210081}. Best is trial 0 with value: 0.8343059085617257.[0m
[32m[I 2022-04-13 11:51:54,492][0m Trial 26 finished with value: 0.7199253114994466 and parameters: {'n_estimators': 246, 'min_samples_split': 0.19288934431472626, 'min_samples_leaf': 0.4315009258612477, 'min_weight_fraction_leaf': 0.28514357059546325, 'max_features': 0.5845094923384547, 'bootstrap': False, 'max_samples': 0.656505561969584}. Best is trial 0 with value: 0.8343059085617257.[0m
[32m[I 2022-04-13 11:52:00,270][0m Trial 27 finished with value: 0.696318671835033 and parameters: {'n_estimators': 338, 'min_samples_split': 0.04878116600056984, 'min_samples_leaf': 0.49908880075540174, 'min_weight_fraction_leaf': 0.20566921710937994, 'max_features': 0.8459104263982234, 'bootstrap': False, 'max_samples': 0.4319968768510929}. Best is trial 0 with value: 0.8343059085617257.[0m
[32m[I 2022-04-13 11:52:08,630][0m Trial 28 finished with value: 0.25 and parameters: {'n_estimators': 199, 'min_samples_split': 0.3863297865758847, 'min_samples_leaf': 0.3760989863862375, 'min_weight_fraction_leaf': 0.11673361432095317, 'max_features': 0.3903793247230538, 'bootstrap': True, 'max_samples': 0.7717485876382083, 'oob_score': True}. Best is trial 0 with value: 0.8343059085617257.[0m
[32m[I 2022-04-13 11:52:18,364][0m Trial 29 finished with value: 0.25 and parameters: {'n_estimators': 265, 'min_samples_split': 0.2503923448884982, 'min_samples_leaf': 0.3222637600727527, 'min_weight_fraction_leaf': 0.06114943501258932, 'max_features': 0.7523544053946137, 'bootstrap': True, 'max_samples': 0.5788687779324079, 'oob_score': True}. Best is trial 0 with value: 0.8343059085617257.[0m
[32m[I 2022-04-13 11:52:31,122][0m Trial 30 finished with value: 0.7762445371261523 and parameters: {'n_estimators': 304, 'min_samples_split': 0.24615188364224894, 'min_samples_leaf': 0.370345237989426, 'min_weight_fraction_leaf': 0.17592144889472552, 'max_features': 0.5687155182857608, 'bootstrap': False, 'max_samples': 0.0894897398275771}. Best is trial 0 with value: 0.8343059085617257.[0m
[32m[I 2022-04-13 11:52:58,174][0m Trial 31 finished with value: 0.7762778953699597 and parameters: {'n_estimators': 445, 'min_samples_split': 0.029773689119008795, 'min_samples_leaf': 0.24463165798628955, 'min_weight_fraction_leaf': 0.16501712837179056, 'max_features': 0.41754855120190554, 'bootstrap': False, 'max_samples': 0.9066633889189705}. Best is trial 0 with value: 0.8343059085617257.[0m
[32m[I 2022-04-13 11:53:08,960][0m Trial 32 finished with value: 0.7678678036644657 and parameters: {'n_estimators': 570, 'min_samples_split': 0.10042626502576309, 'min_samples_leaf': 0.31819657097267073, 'min_weight_fraction_leaf': 0.24565457491756143, 'max_features': 0.11603760486560274, 'bootstrap': False, 'max_samples': 0.7710390702241279}. Best is trial 0 with value: 0.8343059085617257.[0m
[32m[I 2022-04-13 11:53:53,237][0m Trial 33 finished with value: 0.7774052130621476 and parameters: {'n_estimators': 824, 'min_samples_split': 0.057420359742347014, 'min_samples_leaf': 0.28421482993029645, 'min_weight_fraction_leaf': 0.1445772423823429, 'max_features': 0.5106987840984973, 'bootstrap': False, 'max_samples': 0.5154502715229936}. Best is trial 0 with value: 0.8343059085617257.[0m
[32m[I 2022-04-13 11:54:06,400][0m Trial 34 finished with value: 0.7705493220157721 and parameters: {'n_estimators': 471, 'min_samples_split': 0.2983855504735328, 'min_samples_leaf': 0.36935815861467436, 'min_weight_fraction_leaf': 0.06625524711271834, 'max_features': 0.29788270263887734, 'bootstrap': False, 'max_samples': 0.7074750455904099}. Best is trial 0 with value: 0.8343059085617257.[0m
[32m[I 2022-04-13 11:55:28,930][0m Trial 35 finished with value: 0.7724276242477212 and parameters: {'n_estimators': 349, 'min_samples_split': 0.4457073888079666, 'min_samples_leaf': 0.046716358871938035, 'min_weight_fraction_leaf': 0.15245955042340265, 'max_features': 0.8900455864633463, 'bootstrap': False, 'max_samples': 0.648066680967418}. Best is trial 0 with value: 0.8343059085617257.[0m
[32m[I 2022-04-13 11:55:34,218][0m Trial 36 finished with value: 0.7166788925919086 and parameters: {'n_estimators': 286, 'min_samples_split': 0.4993497424937722, 'min_samples_leaf': 0.4426383866786008, 'min_weight_fraction_leaf': 0.2695723269490181, 'max_features': 0.21028612667740737, 'bootstrap': False, 'max_samples': 0.8123469221930908}. Best is trial 0 with value: 0.8343059085617257.[0m
[32m[I 2022-04-13 11:56:13,292][0m Trial 37 finished with value: 0.8778188542923917 and parameters: {'n_estimators': 380, 'min_samples_split': 0.1211105625133077, 'min_samples_leaf': 0.20794636409949474, 'min_weight_fraction_leaf': 0.218461219545533, 'max_features': 0.6306954649085676, 'bootstrap': False, 'max_samples': 0.9733415605896675}. Best is trial 37 with value: 0.8778188542923917.[0m
[32m[I 2022-04-13 11:56:26,343][0m Trial 38 finished with value: 0.7752728286837709 and parameters: {'n_estimators': 383, 'min_samples_split': 0.12040024538077224, 'min_samples_leaf': 0.2081624690936815, 'min_weight_fraction_leaf': 0.3166031352660139, 'max_features': 0.7373799406849209, 'bootstrap': True, 'max_samples': 0.9721943985266461, 'oob_score': False}. Best is trial 37 with value: 0.8778188542923917.[0m
[32m[I 2022-04-13 11:56:46,520][0m Trial 39 finished with value: 0.8780411846518978 and parameters: {'n_estimators': 131, 'min_samples_split': 0.18325142959936958, 'min_samples_leaf': 0.11439981753715353, 'min_weight_fraction_leaf': 0.21849468169156028, 'max_features': 0.6132352609827372, 'bootstrap': False, 'max_samples': 0.43962221885878294}. Best is trial 39 with value: 0.8780411846518978.[0m
[32m[I 2022-04-13 11:57:05,967][0m Trial 40 finished with value: 0.7762276206473262 and parameters: {'n_estimators': 131, 'min_samples_split': 0.18807040790279705, 'min_samples_leaf': 0.09765177588909327, 'min_weight_fraction_leaf': 0.22976066588659225, 'max_features': 0.6149864101671068, 'bootstrap': False, 'max_samples': 0.3227065423089364}. Best is trial 39 with value: 0.8780411846518978.[0m
[32m[I 2022-04-13 11:57:26,908][0m Trial 41 finished with value: 0.8810117737808245 and parameters: {'n_estimators': 175, 'min_samples_split': 0.24272948040515932, 'min_samples_leaf': 0.1756641894755173, 'min_weight_fraction_leaf': 0.19830503511581113, 'max_features': 0.637385565416035, 'bootstrap': False, 'max_samples': 0.42870815540211527}. Best is trial 41 with value: 0.8810117737808245.[0m
[32m[I 2022-04-13 11:57:46,118][0m Trial 42 finished with value: 0.8819560852789188 and parameters: {'n_estimators': 172, 'min_samples_split': 0.138047873800518, 'min_samples_leaf': 0.17134779417190854, 'min_weight_fraction_leaf': 0.19842320007260938, 'max_features': 0.6586527061169599, 'bootstrap': False, 'max_samples': 0.4141840088213624}. Best is trial 42 with value: 0.8819560852789188.[0m
[32m[I 2022-04-13 11:58:05,861][0m Trial 43 finished with value: 0.7778597514204822 and parameters: {'n_estimators': 165, 'min_samples_split': 0.22341835034556448, 'min_samples_leaf': 0.17550339159081357, 'min_weight_fraction_leaf': 0.21239447252428842, 'max_features': 0.6576333460368751, 'bootstrap': False, 'max_samples': 0.4115095109446759}. Best is trial 42 with value: 0.8819560852789188.[0m
[32m[I 2022-04-13 11:58:25,787][0m Trial 44 finished with value: 0.7791723086079276 and parameters: {'n_estimators': 188, 'min_samples_split': 0.1400027883950142, 'min_samples_leaf': 0.15568570412935365, 'min_weight_fraction_leaf': 0.28913387259188417, 'max_features': 0.6297555556319999, 'bootstrap': False, 'max_samples': 0.20789103230414058}. Best is trial 42 with value: 0.8819560852789188.[0m
[32m[I 2022-04-13 11:58:37,680][0m Trial 45 finished with value: 0.7758221180944529 and parameters: {'n_estimators': 121, 'min_samples_split': 0.18384410601623097, 'min_samples_leaf': 0.22615126130531096, 'min_weight_fraction_leaf': 0.37163659565257334, 'max_features': 0.7410093301387946, 'bootstrap': False, 'max_samples': 0.45128354395452197}. Best is trial 42 with value: 0.8819560852789188.[0m
[32m[I 2022-04-13 11:58:51,449][0m Trial 46 finished with value: 0.7760324897950258 and parameters: {'n_estimators': 166, 'min_samples_split': 0.23476500785569646, 'min_samples_leaf': 0.1886972068373529, 'min_weight_fraction_leaf': 0.23946101578789508, 'max_features': 0.45765904677977, 'bootstrap': False, 'max_samples': 0.3497595158173837}. Best is trial 42 with value: 0.8819560852789188.[0m
[32m[I 2022-04-13 11:59:17,141][0m Trial 47 finished with value: 0.7759166186851179 and parameters: {'n_estimators': 142, 'min_samples_split': 0.1706017788115749, 'min_samples_leaf': 0.06227600976442842, 'min_weight_fraction_leaf': 0.2081930314726413, 'max_features': 0.7036300720295938, 'bootstrap': False, 'max_samples': 0.269052845124424}. Best is trial 42 with value: 0.8819560852789188.[0m
[32m[I 2022-04-13 11:59:42,584][0m Trial 48 finished with value: 0.7807571290135122 and parameters: {'n_estimators': 203, 'min_samples_split': 0.10338709318999205, 'min_samples_leaf': 0.123997583462358, 'min_weight_fraction_leaf': 0.27003147451852644, 'max_features': 0.6536571340616477, 'bootstrap': False, 'max_samples': 0.3690762620932013}. Best is trial 42 with value: 0.8819560852789188.[0m
[32m[I 2022-04-13 11:59:57,373][0m Trial 49 finished with value: 0.8856431573851193 and parameters: {'n_estimators': 106, 'min_samples_split': 0.19848029565195396, 'min_samples_leaf': 0.15514453264358252, 'min_weight_fraction_leaf': 0.12424009469912414, 'max_features': 0.7133240517301703, 'bootstrap': False, 'max_samples': 0.48526905631621176}. Best is trial 49 with value: 0.8856431573851193.[0m
[32m[I 2022-04-13 12:00:15,293][0m Trial 50 finished with value: 0.8859169875244246 and parameters: {'n_estimators': 107, 'min_samples_split': 0.13966791141949939, 'min_samples_leaf': 0.14694737494344318, 'min_weight_fraction_leaf': 0.012200472719602784, 'max_features': 0.7042942954447065, 'bootstrap': False, 'max_samples': 0.5899928947913915}. Best is trial 50 with value: 0.8859169875244246.[0m
[32m[I 2022-04-13 12:00:30,155][0m Trial 51 finished with value: 0.8856442086145802 and parameters: {'n_estimators': 102, 'min_samples_split': 0.13856565088072467, 'min_samples_leaf': 0.14973159538530986, 'min_weight_fraction_leaf': 0.0004442492011382023, 'max_features': 0.6853122874987213, 'bootstrap': False, 'max_samples': 0.47916620399524806}. Best is trial 50 with value: 0.8859169875244246.[0m
[32m[I 2022-04-13 12:00:47,102][0m Trial 52 finished with value: 0.8858107814720648 and parameters: {'n_estimators': 105, 'min_samples_split': 0.14611003705094705, 'min_samples_leaf': 0.14571831816268488, 'min_weight_fraction_leaf': 0.002328616975851792, 'max_features': 0.6913131706625437, 'bootstrap': False, 'max_samples': 0.5782396169399262}. Best is trial 50 with value: 0.8859169875244246.[0m
[32m[I 2022-04-13 12:01:02,681][0m Trial 53 finished with value: 0.8856530474590876 and parameters: {'n_estimators': 104, 'min_samples_split': 0.14999183661347104, 'min_samples_leaf': 0.1573970879740721, 'min_weight_fraction_leaf': 0.024524047033076035, 'max_features': 0.7183428958898809, 'bootstrap': False, 'max_samples': 0.5700206079931441}. Best is trial 50 with value: 0.8859169875244246.[0m
