[32m[I 2022-04-13 23:50:44,370][0m Trial 810 finished with value: 0.8930451909802161 and parameters: {'n_estimators': 321, 'min_samples_split': 0.06812834650734693, 'min_samples_leaf': 0.00993932130819398, 'min_weight_fraction_leaf': 0.042936394758927264, 'max_features': 0.6928724446415989, 'bootstrap': True, 'max_samples': 0.8845646709455794, 'oob_score': False}. Best is trial 394 with value: 0.8941171376114454.[0m
[32m[I 2022-04-13 23:51:08,726][0m Trial 811 finished with value: 0.8890220890835698 and parameters: {'n_estimators': 300, 'min_samples_split': 0.09578950378077017, 'min_samples_leaf': 0.01686672220873881, 'min_weight_fraction_leaf': 0.031928874460608464, 'max_features': 0.37996832745503567, 'bootstrap': True, 'max_samples': 0.9004122074240242, 'oob_score': False}. Best is trial 394 with value: 0.8941171376114454.[0m
[32m[I 2022-04-13 23:51:17,978][0m Trial 812 finished with value: 0.8243976457358805 and parameters: {'n_estimators': 282, 'min_samples_split': 0.056901427150590364, 'min_samples_leaf': 0.02170301694001115, 'min_weight_fraction_leaf': 0.3356203736294064, 'max_features': 0.5347993276061748, 'bootstrap': True, 'max_samples': 0.6756506814382126, 'oob_score': False}. Best is trial 394 with value: 0.8941171376114454.[0m
[32m[I 2022-04-13 23:51:29,037][0m Trial 813 finished with value: 0.8863477726184769 and parameters: {'n_estimators': 306, 'min_samples_split': 0.08244095769255537, 'min_samples_leaf': 0.03472923530178636, 'min_weight_fraction_leaf': 0.0496532843975076, 'max_features': 0.32085992108207706, 'bootstrap': True, 'max_samples': 0.4637452978267972, 'oob_score': False}. Best is trial 394 with value: 0.8941171376114454.[0m
[32m[I 2022-04-13 23:52:10,903][0m Trial 814 finished with value: 0.8926248891689813 and parameters: {'n_estimators': 342, 'min_samples_split': 0.05404597164426725, 'min_samples_leaf': 0.026391632974022056, 'min_weight_fraction_leaf': 0.05753383198669373, 'max_features': 0.7165871225779865, 'bootstrap': True, 'max_samples': 0.8742199674256207, 'oob_score': False}. Best is trial 394 with value: 0.8941171376114454.[0m
[32m[I 2022-04-13 23:52:49,846][0m Trial 815 finished with value: 0.892279064225806 and parameters: {'n_estimators': 289, 'min_samples_split': 0.08191470418802363, 'min_samples_leaf': 0.034032376736492106, 'min_weight_fraction_leaf': 0.02795359659301297, 'max_features': 0.8822605624678008, 'bootstrap': True, 'max_samples': 0.9031494163451752, 'oob_score': False}. Best is trial 394 with value: 0.8941171376114454.[0m
[32m[I 2022-04-13 23:53:13,094][0m Trial 816 finished with value: 0.8919579234007398 and parameters: {'n_estimators': 277, 'min_samples_split': 0.08231425395072214, 'min_samples_leaf': 0.0416280997616712, 'min_weight_fraction_leaf': 0.0700922247249682, 'max_features': 0.5668528475362942, 'bootstrap': True, 'max_samples': 0.8623067249325684, 'oob_score': False}. Best is trial 394 with value: 0.8941171376114454.[0m
[32m[I 2022-04-13 23:53:29,190][0m Trial 817 finished with value: 0.8244602363440379 and parameters: {'n_estimators': 319, 'min_samples_split': 0.11015651855149937, 'min_samples_leaf': 0.041347138593460744, 'min_weight_fraction_leaf': 0.4343183907552238, 'max_features': 0.8585389916611613, 'bootstrap': True, 'max_samples': 0.8821556632428516, 'oob_score': False}. Best is trial 394 with value: 0.8941171376114454.[0m
[32m[I 2022-04-13 23:53:32,521][0m Trial 818 finished with value: 0.25 and parameters: {'n_estimators': 201, 'min_samples_split': 0.0914169721850158, 'min_samples_leaf': 0.4575437917967412, 'min_weight_fraction_leaf': 0.04237099982547556, 'max_features': 0.8232531964900854, 'bootstrap': True, 'max_samples': 0.3107167192702539, 'oob_score': False}. Best is trial 394 with value: 0.8941171376114454.[0m
[32m[I 2022-04-13 23:53:57,094][0m Trial 819 finished with value: 0.7847032367760483 and parameters: {'n_estimators': 304, 'min_samples_split': 0.09855534259717001, 'min_samples_leaf': 0.028239287117434467, 'min_weight_fraction_leaf': 0.18585369513790762, 'max_features': 0.8976583780600067, 'bootstrap': True, 'max_samples': 0.9159012631492811, 'oob_score': False}. Best is trial 394 with value: 0.8941171376114454.[0m
[32m[I 2022-04-13 23:54:14,744][0m Trial 820 finished with value: 0.8915000296921918 and parameters: {'n_estimators': 271, 'min_samples_split': 0.06891474835574121, 'min_samples_leaf': 0.04921537304287226, 'min_weight_fraction_leaf': 0.007698675602423376, 'max_features': 0.5078761996109874, 'bootstrap': True, 'max_samples': 0.8925396681798085, 'oob_score': False}. Best is trial 394 with value: 0.8941171376114454.[0m
[32m[I 2022-04-13 23:54:42,121][0m Trial 821 finished with value: 0.8921308937140218 and parameters: {'n_estimators': 285, 'min_samples_split': 0.07991016589494926, 'min_samples_leaf': 0.03939830016167265, 'min_weight_fraction_leaf': 0.03675128798009598, 'max_features': 0.7480295105799273, 'bootstrap': True, 'max_samples': 0.8522471217011396, 'oob_score': False}. Best is trial 394 with value: 0.8941171376114454.[0m
[32m[I 2022-04-13 23:55:26,162][0m Trial 822 finished with value: 0.8922715064165582 and parameters: {'n_estimators': 260, 'min_samples_split': 0.07774383207926225, 'min_samples_leaf': 0.021594882009468713, 'min_weight_fraction_leaf': 0.02567156079176752, 'max_features': 0.8420553715446766, 'bootstrap': True, 'max_samples': 0.9238731486620705, 'oob_score': False}. Best is trial 394 with value: 0.8941171376114454.[0m
[32m[I 2022-04-13 23:56:12,437][0m Trial 823 finished with value: 0.8914359473997052 and parameters: {'n_estimators': 291, 'min_samples_split': 0.11996493862649898, 'min_samples_leaf': 0.04818516544152268, 'min_weight_fraction_leaf': 0.04992622513132223, 'max_features': 0.5844378266824615, 'bootstrap': False, 'max_samples': 0.49574305905389116}. Best is trial 394 with value: 0.8941171376114454.[0m
[32m[I 2022-04-13 23:57:03,279][0m Trial 824 finished with value: 0.8871199710816292 and parameters: {'n_estimators': 251, 'min_samples_split': 0.226924470461706, 'min_samples_leaf': 0.05575991060682302, 'min_weight_fraction_leaf': 0.016948300059929835, 'max_features': 0.8119575592309797, 'bootstrap': False, 'max_samples': 0.8711995942985262}. Best is trial 394 with value: 0.8941171376114454.[0m
[32m[I 2022-04-13 23:57:25,539][0m Trial 825 finished with value: 0.8919550457499346 and parameters: {'n_estimators': 214, 'min_samples_split': 0.021756027718204424, 'min_samples_leaf': 0.03490364695745087, 'min_weight_fraction_leaf': 0.06109879034380619, 'max_features': 0.6581655138541453, 'bootstrap': True, 'max_samples': 0.8344267789706418, 'oob_score': True}. Best is trial 394 with value: 0.8941171376114454.[0m
[32m[I 2022-04-13 23:57:56,066][0m Trial 826 finished with value: 0.8918851835488244 and parameters: {'n_estimators': 332, 'min_samples_split': 0.0711374389878653, 'min_samples_leaf': 0.048407819264792984, 'min_weight_fraction_leaf': 0.03346376782151069, 'max_features': 0.7675610368435911, 'bootstrap': True, 'max_samples': 0.9006863919306414, 'oob_score': False}. Best is trial 394 with value: 0.8941171376114454.[0m
[32m[I 2022-04-13 23:58:48,511][0m Trial 827 finished with value: 0.8908491533300283 and parameters: {'n_estimators': 302, 'min_samples_split': 0.10411248792239419, 'min_samples_leaf': 0.06160879927502165, 'min_weight_fraction_leaf': 0.0006501828288922248, 'max_features': 0.6692447718047495, 'bootstrap': False, 'max_samples': 0.8138420567089919}. Best is trial 394 with value: 0.8941171376114454.[0m
[32m[I 2022-04-13 23:59:13,557][0m Trial 828 finished with value: 0.8904129638109843 and parameters: {'n_estimators': 239, 'min_samples_split': 0.13171427318201046, 'min_samples_leaf': 0.04501669473827169, 'min_weight_fraction_leaf': 0.08119840257482935, 'max_features': 0.7935742320012545, 'bootstrap': True, 'max_samples': 0.8753621642631197, 'oob_score': False}. Best is trial 394 with value: 0.8941171376114454.[0m
[32m[I 2022-04-13 23:59:49,942][0m Trial 829 finished with value: 0.7868483852326994 and parameters: {'n_estimators': 187, 'min_samples_split': 0.11693733504227759, 'min_samples_leaf': 0.05860697469199878, 'min_weight_fraction_leaf': 0.15291570781630784, 'max_features': 0.8558143932969322, 'bootstrap': False, 'max_samples': 0.9143584978767029}. Best is trial 394 with value: 0.8941171376114454.[0m
[32m[I 2022-04-13 23:59:58,026][0m Trial 830 finished with value: 0.7769622412341783 and parameters: {'n_estimators': 274, 'min_samples_split': 0.06313863025422511, 'min_samples_leaf': 0.20136977665439307, 'min_weight_fraction_leaf': 0.02554010314573113, 'max_features': 0.6120119155372493, 'bootstrap': True, 'max_samples': 0.8443726833655217, 'oob_score': True}. Best is trial 394 with value: 0.8941171376114454.[0m
[32m[I 2022-04-14 00:00:45,709][0m Trial 831 finished with value: 0.890827041826302 and parameters: {'n_estimators': 260, 'min_samples_split': 0.08936970856930332, 'min_samples_leaf': 0.07707995752960235, 'min_weight_fraction_leaf': 0.04114223283814065, 'max_features': 0.8338362847545849, 'bootstrap': False, 'max_samples': 0.22683741416907438}. Best is trial 394 with value: 0.8941171376114454.[0m
[32m[I 2022-04-14 00:01:51,483][0m Trial 832 finished with value: 0.8956415132966564 and parameters: {'n_estimators': 222, 'min_samples_split': 0.04516302094319171, 'min_samples_leaf': 0.010020665859805253, 'min_weight_fraction_leaf': 0.012670466131955497, 'max_features': 0.4874113379192422, 'bootstrap': False, 'max_samples': 0.03764107997366503}. Best is trial 832 with value: 0.8956415132966564.[0m
[32m[I 2022-04-14 00:03:16,249][0m Trial 833 finished with value: 0.8945793071387762 and parameters: {'n_estimators': 231, 'min_samples_split': 0.03851820728560524, 'min_samples_leaf': 0.0025782403913332504, 'min_weight_fraction_leaf': 0.009878986823077626, 'max_features': 0.4686572638074195, 'bootstrap': False, 'max_samples': 0.02463638648578934}. Best is trial 832 with value: 0.8956415132966564.[0m
[32m[I 2022-04-14 00:04:42,052][0m Trial 834 finished with value: 0.8953227907314062 and parameters: {'n_estimators': 229, 'min_samples_split': 0.03742280778274311, 'min_samples_leaf': 0.001292446618715179, 'min_weight_fraction_leaf': 0.007461009159583596, 'max_features': 0.4518645749419478, 'bootstrap': False, 'max_samples': 0.06242005651109027}. Best is trial 832 with value: 0.8956415132966564.[0m
[32m[I 2022-04-14 00:06:29,324][0m Trial 835 finished with value: 0.8939655114855105 and parameters: {'n_estimators': 233, 'min_samples_split': 0.04003782271118832, 'min_samples_leaf': 0.001299864004509394, 'min_weight_fraction_leaf': 0.001339279266979014, 'max_features': 0.4563837641192424, 'bootstrap': False, 'max_samples': 0.03902720989514991}. Best is trial 832 with value: 0.8956415132966564.[0m
[32m[I 2022-04-14 00:08:08,958][0m Trial 836 finished with value: 0.8946095733531472 and parameters: {'n_estimators': 223, 'min_samples_split': 0.01724224432912262, 'min_samples_leaf': 0.005510091758431362, 'min_weight_fraction_leaf': 0.0004302143726797287, 'max_features': 0.4603627054330916, 'bootstrap': False, 'max_samples': 0.06796199970577116}. Best is trial 832 with value: 0.8956415132966564.[0m
[32m[I 2022-04-14 00:09:39,953][0m Trial 837 finished with value: 0.8944816504383291 and parameters: {'n_estimators': 224, 'min_samples_split': 0.03877225202151194, 'min_samples_leaf': 0.004160836939625221, 'min_weight_fraction_leaf': 0.004016679296503923, 'max_features': 0.44279430271783743, 'bootstrap': False, 'max_samples': 0.05773283179520215}. Best is trial 832 with value: 0.8956415132966564.[0m
[32m[I 2022-04-14 00:11:25,865][0m Trial 838 finished with value: 0.8932158607600927 and parameters: {'n_estimators': 228, 'min_samples_split': 0.037122124195507686, 'min_samples_leaf': 0.002149804692222999, 'min_weight_fraction_leaf': 0.0014659284173915224, 'max_features': 0.44798859674864333, 'bootstrap': False, 'max_samples': 0.10794647051004724}. Best is trial 832 with value: 0.8956415132966564.[0m
[32m[I 2022-04-14 00:13:09,717][0m Trial 839 finished with value: 0.8949164837986793 and parameters: {'n_estimators': 220, 'min_samples_split': 0.026228242347804562, 'min_samples_leaf': 0.004080437748027718, 'min_weight_fraction_leaf': 0.004335037338181211, 'max_features': 0.46680113583503274, 'bootstrap': False, 'max_samples': 0.06975353695750067}. Best is trial 832 with value: 0.8956415132966564.[0m
[32m[I 2022-04-14 00:14:55,873][0m Trial 840 finished with value: 0.8938326573696879 and parameters: {'n_estimators': 216, 'min_samples_split': 0.042257473135621136, 'min_samples_leaf': 0.0022909191786310732, 'min_weight_fraction_leaf': 0.0004436372082364023, 'max_features': 0.47553006867762027, 'bootstrap': False, 'max_samples': 0.07958163291458734}. Best is trial 832 with value: 0.8956415132966564.[0m
[32m[I 2022-04-14 00:16:39,828][0m Trial 841 finished with value: 0.8952602722411817 and parameters: {'n_estimators': 210, 'min_samples_split': 0.02984617015275272, 'min_samples_leaf': 0.002362510318166749, 'min_weight_fraction_leaf': 0.003891187447073504, 'max_features': 0.4904842094069032, 'bootstrap': False, 'max_samples': 0.06257339750631033}. Best is trial 832 with value: 0.8956415132966564.[0m
[32m[I 2022-04-14 00:18:13,428][0m Trial 842 finished with value: 0.8950064967781131 and parameters: {'n_estimators': 215, 'min_samples_split': 0.027440423512517995, 'min_samples_leaf': 0.003679692032102914, 'min_weight_fraction_leaf': 0.002447824128364763, 'max_features': 0.47485078440806466, 'bootstrap': False, 'max_samples': 0.08994115888185397}. Best is trial 832 with value: 0.8956415132966564.[0m
[32m[I 2022-04-14 00:19:39,625][0m Trial 843 finished with value: 0.8939712643800503 and parameters: {'n_estimators': 221, 'min_samples_split': 0.031008077956042428, 'min_samples_leaf': 0.0018952047018995655, 'min_weight_fraction_leaf': 0.007142728108758362, 'max_features': 0.47021633371609095, 'bootstrap': False, 'max_samples': 0.09424193269598719}. Best is trial 832 with value: 0.8956415132966564.[0m
[32m[I 2022-04-14 00:21:09,933][0m Trial 844 finished with value: 0.8938398096386939 and parameters: {'n_estimators': 209, 'min_samples_split': 0.02954049312270876, 'min_samples_leaf': 0.0016806080934246767, 'min_weight_fraction_leaf': 0.002642641879305648, 'max_features': 0.47895311737558266, 'bootstrap': False, 'max_samples': 0.10114187087175132}. Best is trial 832 with value: 0.8956415132966564.[0m
[32m[I 2022-04-14 00:22:41,606][0m Trial 845 finished with value: 0.8944336306438206 and parameters: {'n_estimators': 207, 'min_samples_split': 0.029074878399636236, 'min_samples_leaf': 0.0012311913109778997, 'min_weight_fraction_leaf': 0.0010408416807201949, 'max_features': 0.46788225776299847, 'bootstrap': False, 'max_samples': 0.09918550004932067}. Best is trial 832 with value: 0.8956415132966564.[0m
[32m[I 2022-04-14 00:24:29,361][0m Trial 846 finished with value: 0.8944239462257763 and parameters: {'n_estimators': 202, 'min_samples_split': 0.02727050125681995, 'min_samples_leaf': 0.0010281663090212065, 'min_weight_fraction_leaf': 0.0011382899078511686, 'max_features': 0.4697874542739696, 'bootstrap': False, 'max_samples': 0.10082766629376591}. Best is trial 832 with value: 0.8956415132966564.[0m
[32m[I 2022-04-14 00:26:01,142][0m Trial 847 finished with value: 0.8942427584189213 and parameters: {'n_estimators': 203, 'min_samples_split': 0.027623151453546275, 'min_samples_leaf': 0.0013328133332393753, 'min_weight_fraction_leaf': 0.0001999927274646195, 'max_features': 0.472779613371092, 'bootstrap': False, 'max_samples': 0.10963009800140346}. Best is trial 832 with value: 0.8956415132966564.[0m
[32m[I 2022-04-14 00:27:26,649][0m Trial 848 finished with value: 0.8947168680277693 and parameters: {'n_estimators': 204, 'min_samples_split': 0.027438117131179753, 'min_samples_leaf': 0.0018661134622939986, 'min_weight_fraction_leaf': 0.004340392916807465, 'max_features': 0.48125200031346443, 'bootstrap': False, 'max_samples': 0.1266160978580478}. Best is trial 832 with value: 0.8956415132966564.[0m
[32m[I 2022-04-14 00:28:44,986][0m Trial 849 finished with value: 0.8930439469693725 and parameters: {'n_estimators': 202, 'min_samples_split': 0.026918940700040944, 'min_samples_leaf': 0.0030850691918171405, 'min_weight_fraction_leaf': 0.0022854912809656064, 'max_features': 0.4735050728842787, 'bootstrap': False, 'max_samples': 0.12728470272921066}. Best is trial 832 with value: 0.8956415132966564.[0m
[32m[I 2022-04-14 00:28:51,737][0m Trial 850 finished with value: 0.8911206571852297 and parameters: {'n_estimators': 203, 'min_samples_split': 0.01559291627191735, 'min_samples_leaf': 0.006928914687087973, 'min_weight_fraction_leaf': 0.0011627900586512305, 'max_features': 0.4904572280559602, 'bootstrap': True, 'max_samples': 0.09801256693250807, 'oob_score': False}. Best is trial 832 with value: 0.8956415132966564.[0m
[32m[I 2022-04-14 00:30:06,581][0m Trial 851 finished with value: 0.8936456928493632 and parameters: {'n_estimators': 207, 'min_samples_split': 0.042272374814453374, 'min_samples_leaf': 0.0016688505587516536, 'min_weight_fraction_leaf': 0.0001290779137298136, 'max_features': 0.46013137388825104, 'bootstrap': False, 'max_samples': 0.11099296244049292}. Best is trial 832 with value: 0.8956415132966564.[0m
/media/san2_ssd/data/Workdir/survival/utils.py:305: RuntimeWarning: invalid value encountered in true_divide
  pdfs = np.gradient(1-survs,axis=1)/norms
[32m[I 2022-04-14 00:32:12,918][0m Trial 852 finished with value: 0.8883669377589849 and parameters: {'n_estimators': 191, 'min_samples_split': 0.002706597838270375, 'min_samples_leaf': 0.0014114353907092151, 'min_weight_fraction_leaf': 0.0007691673825484919, 'max_features': 0.46068591645968726, 'bootstrap': False, 'max_samples': 0.08660407633701442}. Best is trial 832 with value: 0.8956415132966564.[0m
[32m[I 2022-04-14 00:33:42,073][0m Trial 853 finished with value: 0.8933371670488992 and parameters: {'n_estimators': 197, 'min_samples_split': 0.030018543966489432, 'min_samples_leaf': 0.0010797433136949378, 'min_weight_fraction_leaf': 9.470241450984518e-05, 'max_features': 0.4315696853374139, 'bootstrap': False, 'max_samples': 0.13092351617398373}. Best is trial 832 with value: 0.8956415132966564.[0m
[32m[I 2022-04-14 00:34:44,090][0m Trial 854 finished with value: 0.8961990513956757 and parameters: {'n_estimators': 209, 'min_samples_split': 0.0169621857838358, 'min_samples_leaf': 0.010305410638823561, 'min_weight_fraction_leaf': 0.001345196217314669, 'max_features': 0.4924142513271489, 'bootstrap': False, 'max_samples': 0.09646181191613064}. Best is trial 854 with value: 0.8961990513956757.[0m
[32m[I 2022-04-14 00:35:46,625][0m Trial 855 finished with value: 0.8962105408504545 and parameters: {'n_estimators': 207, 'min_samples_split': 0.017895491955739556, 'min_samples_leaf': 0.009940630228059334, 'min_weight_fraction_leaf': 0.0015239309645931898, 'max_features': 0.49319195772404606, 'bootstrap': False, 'max_samples': 0.10320980671411617}. Best is trial 855 with value: 0.8962105408504545.[0m
[32m[I 2022-04-14 00:36:47,867][0m Trial 856 finished with value: 0.8949144731386266 and parameters: {'n_estimators': 210, 'min_samples_split': 0.016449149095066867, 'min_samples_leaf': 0.010615060650814832, 'min_weight_fraction_leaf': 0.0010322606731036216, 'max_features': 0.4921853038982751, 'bootstrap': False, 'max_samples': 0.10734368435740875}. Best is trial 855 with value: 0.8962105408504545.[0m
[32m[I 2022-04-14 00:37:47,107][0m Trial 857 finished with value: 0.8949077647363508 and parameters: {'n_estimators': 205, 'min_samples_split': 0.014254293749762292, 'min_samples_leaf': 0.011055096567821929, 'min_weight_fraction_leaf': 0.0005437342638874539, 'max_features': 0.4958542250039195, 'bootstrap': False, 'max_samples': 0.11363186614672685}. Best is trial 855 with value: 0.8962105408504545.[0m
[32m[I 2022-04-14 00:38:46,329][0m Trial 858 finished with value: 0.8962879544043598 and parameters: {'n_estimators': 191, 'min_samples_split': 0.011178575906283055, 'min_samples_leaf': 0.010493031259528765, 'min_weight_fraction_leaf': 0.0005850989602748649, 'max_features': 0.49467891866296987, 'bootstrap': False, 'max_samples': 0.11184527789233159}. Best is trial 858 with value: 0.8962879544043598.[0m
[32m[I 2022-04-14 00:39:35,480][0m Trial 859 finished with value: 0.8952202978564868 and parameters: {'n_estimators': 184, 'min_samples_split': 0.01374027518503201, 'min_samples_leaf': 0.012030613183537875, 'min_weight_fraction_leaf': 0.0003165285102975897, 'max_features': 0.4951669871060805, 'bootstrap': False, 'max_samples': 0.15573780964625328}. Best is trial 858 with value: 0.8962879544043598.[0m
[32m[I 2022-04-14 00:40:25,730][0m Trial 860 finished with value: 0.8952440883868252 and parameters: {'n_estimators': 182, 'min_samples_split': 0.01536344363629614, 'min_samples_leaf': 0.011846686405271747, 'min_weight_fraction_leaf': 3.681556662254006e-06, 'max_features': 0.5069960457717593, 'bootstrap': False, 'max_samples': 0.14692705289406227}. Best is trial 858 with value: 0.8962879544043598.[0m
[32m[I 2022-04-14 00:41:16,871][0m Trial 861 finished with value: 0.8952015522665366 and parameters: {'n_estimators': 186, 'min_samples_split': 0.010195102317851333, 'min_samples_leaf': 0.011828690520297383, 'min_weight_fraction_leaf': 0.0015455669916079945, 'max_features': 0.5084374620465452, 'bootstrap': False, 'max_samples': 0.1659861134443203}. Best is trial 858 with value: 0.8962879544043598.[0m
[32m[I 2022-04-14 00:42:17,516][0m Trial 862 finished with value: 0.8960979292933875 and parameters: {'n_estimators': 184, 'min_samples_split': 0.014819327339475242, 'min_samples_leaf': 0.009748362465333477, 'min_weight_fraction_leaf': 0.0015504021032527215, 'max_features': 0.511759875173677, 'bootstrap': False, 'max_samples': 0.16146229526493605}. Best is trial 858 with value: 0.8962879544043598.[0m
