[32m[I 2022-04-13 20:38:06,644][0m Trial 594 finished with value: 0.8916301710602589 and parameters: {'n_estimators': 278, 'min_samples_split': 0.12459258125660949, 'min_samples_leaf': 0.03949247291614742, 'min_weight_fraction_leaf': 0.036691278810888184, 'max_features': 0.8272186926798021, 'bootstrap': False, 'max_samples': 0.818779615886342}. Best is trial 394 with value: 0.8941171376114454.[0m
[32m[I 2022-04-13 20:39:04,475][0m Trial 595 finished with value: 0.891397865349628 and parameters: {'n_estimators': 250, 'min_samples_split': 0.1361010389161744, 'min_samples_leaf': 0.051838768788940504, 'min_weight_fraction_leaf': 0.02504159539066003, 'max_features': 0.891641250358679, 'bootstrap': False, 'max_samples': 0.9227536284017431}. Best is trial 394 with value: 0.8941171376114454.[0m
[32m[I 2022-04-13 20:40:02,806][0m Trial 596 finished with value: 0.891908714854058 and parameters: {'n_estimators': 266, 'min_samples_split': 0.10800446170908855, 'min_samples_leaf': 0.061479537361945016, 'min_weight_fraction_leaf': 0.05291495826255278, 'max_features': 0.8484698713809378, 'bootstrap': False, 'max_samples': 0.9019503289476917}. Best is trial 394 with value: 0.8941171376114454.[0m
[32m[I 2022-04-13 20:40:36,632][0m Trial 597 finished with value: 0.8925353709723259 and parameters: {'n_estimators': 304, 'min_samples_split': 0.09384571200021721, 'min_samples_leaf': 0.0513206061616288, 'min_weight_fraction_leaf': 0.03206351021518239, 'max_features': 0.7899298006737451, 'bootstrap': True, 'max_samples': 0.9442093016042868, 'oob_score': True}. Best is trial 394 with value: 0.8941171376114454.[0m
[32m[I 2022-04-13 20:41:06,898][0m Trial 598 finished with value: 0.8868722848947576 and parameters: {'n_estimators': 252, 'min_samples_split': 0.15618498849933105, 'min_samples_leaf': 0.16606444199184056, 'min_weight_fraction_leaf': 0.01837500689324429, 'max_features': 0.8175117212963137, 'bootstrap': False, 'max_samples': 0.8630060158890142}. Best is trial 394 with value: 0.8941171376114454.[0m
[32m[I 2022-04-13 20:42:09,434][0m Trial 599 finished with value: 0.8914325424800349 and parameters: {'n_estimators': 279, 'min_samples_split': 0.143410653965834, 'min_samples_leaf': 0.07110673466744118, 'min_weight_fraction_leaf': 0.0424448893993996, 'max_features': 0.8662842823833256, 'bootstrap': False, 'max_samples': 0.8070656369994347}. Best is trial 394 with value: 0.8941171376114454.[0m
[32m[I 2022-04-13 20:43:07,398][0m Trial 600 finished with value: 0.8891499579641288 and parameters: {'n_estimators': 293, 'min_samples_split': 0.12138040018801954, 'min_samples_leaf': 0.08658384054708904, 'min_weight_fraction_leaf': 0.009339729111655154, 'max_features': 0.8345238975288434, 'bootstrap': False, 'max_samples': 0.8406547007972326}. Best is trial 394 with value: 0.8941171376114454.[0m
[32m[I 2022-04-13 20:44:06,291][0m Trial 601 finished with value: 0.8915058216616295 and parameters: {'n_estimators': 320, 'min_samples_split': 0.13108802069353603, 'min_samples_leaf': 0.032896909043311856, 'min_weight_fraction_leaf': 0.06261412734794718, 'max_features': 0.5840375774425685, 'bootstrap': False, 'max_samples': 0.9781429058891602}. Best is trial 394 with value: 0.8941171376114454.[0m
[32m[I 2022-04-13 20:44:34,089][0m Trial 602 finished with value: 0.8882392213429007 and parameters: {'n_estimators': 262, 'min_samples_split': 0.08432612927140826, 'min_samples_leaf': 0.062347252443048534, 'min_weight_fraction_leaf': 0.027064685654029336, 'max_features': 0.3604386151049944, 'bootstrap': False, 'max_samples': 0.8879610184615689}. Best is trial 394 with value: 0.8941171376114454.[0m
[32m[I 2022-04-13 20:45:31,377][0m Trial 603 finished with value: 0.8904422099937808 and parameters: {'n_estimators': 245, 'min_samples_split': 0.11330013606343638, 'min_samples_leaf': 0.043436330154388594, 'min_weight_fraction_leaf': 0.0006215984866416099, 'max_features': 0.7803205707836645, 'bootstrap': False, 'max_samples': 0.9152066746777648}. Best is trial 394 with value: 0.8941171376114454.[0m
[32m[I 2022-04-13 20:46:09,541][0m Trial 604 finished with value: 0.8936088263513124 and parameters: {'n_estimators': 196, 'min_samples_split': 0.14462774712729998, 'min_samples_leaf': 0.07801971458323777, 'min_weight_fraction_leaf': 0.04918364559695028, 'max_features': 0.8098849343118667, 'bootstrap': False, 'max_samples': 0.768238192347999}. Best is trial 394 with value: 0.8941171376114454.[0m
[32m[I 2022-04-13 20:46:44,442][0m Trial 605 finished with value: 0.890063443201981 and parameters: {'n_estimators': 185, 'min_samples_split': 0.1641854531795727, 'min_samples_leaf': 0.07799845405993847, 'min_weight_fraction_leaf': 0.07357271186811737, 'max_features': 0.7613529215798475, 'bootstrap': False, 'max_samples': 0.7588858340459051}. Best is trial 394 with value: 0.8941171376114454.[0m
[32m[I 2022-04-13 20:47:20,137][0m Trial 606 finished with value: 0.8915351518217081 and parameters: {'n_estimators': 163, 'min_samples_split': 0.149000006692341, 'min_samples_leaf': 0.056720147379109465, 'min_weight_fraction_leaf': 0.08137303372356236, 'max_features': 0.8002570223528441, 'bootstrap': False, 'max_samples': 0.7786442938708671}. Best is trial 394 with value: 0.8941171376114454.[0m
[32m[I 2022-04-13 20:47:59,250][0m Trial 607 finished with value: 0.8914681436327276 and parameters: {'n_estimators': 207, 'min_samples_split': 0.008609247942904935, 'min_samples_leaf': 0.01915108077468189, 'min_weight_fraction_leaf': 0.05722315940485123, 'max_features': 0.5105808420117568, 'bootstrap': False, 'max_samples': 0.7592656377743171}. Best is trial 394 with value: 0.8941171376114454.[0m
[32m[I 2022-04-13 20:48:31,838][0m Trial 608 finished with value: 0.7876059043562775 and parameters: {'n_estimators': 194, 'min_samples_split': 0.3324325725944175, 'min_samples_leaf': 0.09774137472565145, 'min_weight_fraction_leaf': 0.04464122063487989, 'max_features': 0.8195573275931338, 'bootstrap': False, 'max_samples': 0.7776057418082578}. Best is trial 394 with value: 0.8941171376114454.[0m
[32m[I 2022-04-13 20:48:59,230][0m Trial 609 finished with value: 0.7873953101487344 and parameters: {'n_estimators': 199, 'min_samples_split': 0.17099426060134323, 'min_samples_leaf': 0.13279501547090944, 'min_weight_fraction_leaf': 0.06541434165136645, 'max_features': 0.8455859467729806, 'bootstrap': False, 'max_samples': 0.789778241292633}. Best is trial 394 with value: 0.8941171376114454.[0m
[32m[I 2022-04-13 20:49:39,499][0m Trial 610 finished with value: 0.89177805157714 and parameters: {'n_estimators': 199, 'min_samples_split': 0.1532554006925393, 'min_samples_leaf': 0.06911801567531967, 'min_weight_fraction_leaf': 0.05123206994776012, 'max_features': 0.8009430090624887, 'bootstrap': False, 'max_samples': 0.7533754844007992}. Best is trial 394 with value: 0.8941171376114454.[0m
[32m[I 2022-04-13 20:50:29,262][0m Trial 611 finished with value: 0.8907018446697261 and parameters: {'n_estimators': 217, 'min_samples_split': 0.14059808969395066, 'min_samples_leaf': 0.0496238155091353, 'min_weight_fraction_leaf': 0.016758641938393805, 'max_features': 0.778106052106583, 'bootstrap': False, 'max_samples': 0.8066219558700773}. Best is trial 394 with value: 0.8941171376114454.[0m
[32m[I 2022-04-13 20:51:16,371][0m Trial 612 finished with value: 0.8902991442866787 and parameters: {'n_estimators': 225, 'min_samples_split': 0.13039609954704207, 'min_samples_leaf': 0.08031099451031948, 'min_weight_fraction_leaf': 0.048452882408643184, 'max_features': 0.9469771210542345, 'bootstrap': False, 'max_samples': 0.5957517560612952}. Best is trial 394 with value: 0.8941171376114454.[0m
[32m[I 2022-04-13 20:51:55,107][0m Trial 613 finished with value: 0.8934100676113277 and parameters: {'n_estimators': 177, 'min_samples_split': 0.14517648535507754, 'min_samples_leaf': 0.06257631642810776, 'min_weight_fraction_leaf': 0.03815488161500003, 'max_features': 0.8278434351215974, 'bootstrap': False, 'max_samples': 0.7940202243789456}. Best is trial 394 with value: 0.8941171376114454.[0m
[32m[I 2022-04-13 20:52:39,493][0m Trial 614 finished with value: 0.8887017738898708 and parameters: {'n_estimators': 178, 'min_samples_split': 0.1603369629297964, 'min_samples_leaf': 0.043542288004848564, 'min_weight_fraction_leaf': 0.028420457132981646, 'max_features': 0.8651223140092243, 'bootstrap': False, 'max_samples': 0.7157976097598093}. Best is trial 394 with value: 0.8941171376114454.[0m
[32m[I 2022-04-13 20:53:22,583][0m Trial 615 finished with value: 0.8926975669910115 and parameters: {'n_estimators': 187, 'min_samples_split': 0.1215235985615236, 'min_samples_leaf': 0.05527782758236105, 'min_weight_fraction_leaf': 0.008916164122244694, 'max_features': 0.8060553042220868, 'bootstrap': False, 'max_samples': 0.8381101871676889}. Best is trial 394 with value: 0.8941171376114454.[0m
[32m[I 2022-04-13 20:53:39,165][0m Trial 616 finished with value: 0.7842021791356414 and parameters: {'n_estimators': 211, 'min_samples_split': 0.10251800647126655, 'min_samples_leaf': 0.08819519117909613, 'min_weight_fraction_leaf': 0.09127625521024171, 'max_features': 0.8438532459020824, 'bootstrap': True, 'max_samples': 0.8199095204783595, 'oob_score': True}. Best is trial 394 with value: 0.8941171376114454.[0m
[32m[I 2022-04-13 20:54:22,580][0m Trial 617 finished with value: 0.8916224821415886 and parameters: {'n_estimators': 228, 'min_samples_split': 0.13764154898214107, 'min_samples_leaf': 0.07214296997788909, 'min_weight_fraction_leaf': 0.05450636761749049, 'max_features': 0.7835279747336478, 'bootstrap': False, 'max_samples': 0.7797291791912092}. Best is trial 394 with value: 0.8941171376114454.[0m
[32m[I 2022-04-13 20:55:06,476][0m Trial 618 finished with value: 0.891080182355348 and parameters: {'n_estimators': 199, 'min_samples_split': 0.1498566757373101, 'min_samples_leaf': 0.05257612743380402, 'min_weight_fraction_leaf': 0.01866064657256714, 'max_features': 0.7580546966230804, 'bootstrap': False, 'max_samples': 0.8692093139005324}. Best is trial 394 with value: 0.8941171376114454.[0m
[32m[I 2022-04-13 20:55:12,886][0m Trial 619 finished with value: 0.7223858687532501 and parameters: {'n_estimators': 238, 'min_samples_split': 0.11515936025897736, 'min_samples_leaf': 0.4398673915830513, 'min_weight_fraction_leaf': 0.036161209824512805, 'max_features': 0.8216553540155876, 'bootstrap': False, 'max_samples': 0.4779235262259339}. Best is trial 394 with value: 0.8941171376114454.[0m
[32m[I 2022-04-13 20:55:37,767][0m Trial 620 finished with value: 0.7743311398385335 and parameters: {'n_estimators': 309, 'min_samples_split': 0.12993144817185445, 'min_samples_leaf': 0.23565897662286905, 'min_weight_fraction_leaf': 0.023099343169123192, 'max_features': 0.8027616245299143, 'bootstrap': False, 'max_samples': 0.016496104394195837}. Best is trial 394 with value: 0.8941171376114454.[0m
[32m[I 2022-04-13 20:57:00,727][0m Trial 621 finished with value: 0.8900920080145935 and parameters: {'n_estimators': 322, 'min_samples_split': 0.13863597248115506, 'min_samples_leaf': 0.03308652430845049, 'min_weight_fraction_leaf': 0.04584773156249437, 'max_features': 0.8362027666663252, 'bootstrap': False, 'max_samples': 0.29263335689902203}. Best is trial 394 with value: 0.8941171376114454.[0m
[32m[I 2022-04-13 20:57:28,772][0m Trial 622 finished with value: 0.7784820965204158 and parameters: {'n_estimators': 288, 'min_samples_split': 0.23389212567771334, 'min_samples_leaf': 0.21100860284938966, 'min_weight_fraction_leaf': 0.06757009100449934, 'max_features': 0.8767106178170172, 'bootstrap': False, 'max_samples': 0.6898461561732845}. Best is trial 394 with value: 0.8941171376114454.[0m
[32m[I 2022-04-13 20:58:41,392][0m Trial 623 finished with value: 0.891245299378365 and parameters: {'n_estimators': 348, 'min_samples_split': 0.1235125168351427, 'min_samples_leaf': 0.0691311160470026, 'min_weight_fraction_leaf': 0.008599070532340923, 'max_features': 0.8560655666847539, 'bootstrap': False, 'max_samples': 0.8595013691338813}. Best is trial 394 with value: 0.8941171376114454.[0m
[32m[I 2022-04-13 20:59:17,258][0m Trial 624 finished with value: 0.8895175272254632 and parameters: {'n_estimators': 170, 'min_samples_split': 0.15604438772259643, 'min_samples_leaf': 0.06037910490077322, 'min_weight_fraction_leaf': 0.0008014778118053713, 'max_features': 0.8160272280291873, 'bootstrap': False, 'max_samples': 0.8243490937007654}. Best is trial 394 with value: 0.8941171376114454.[0m
[32m[I 2022-04-13 21:00:14,112][0m Trial 625 finished with value: 0.8885018243111029 and parameters: {'n_estimators': 257, 'min_samples_split': 0.20426651753583147, 'min_samples_leaf': 0.03935329786105067, 'min_weight_fraction_leaf': 0.03132825240507082, 'max_features': 0.7936734957977836, 'bootstrap': False, 'max_samples': 0.7209049506366099}. Best is trial 394 with value: 0.8941171376114454.[0m
[32m[I 2022-04-13 21:01:18,191][0m Trial 626 finished with value: 0.8914995815549254 and parameters: {'n_estimators': 242, 'min_samples_split': 0.10896186183717335, 'min_samples_leaf': 0.025861685523604076, 'min_weight_fraction_leaf': 0.058240096717772014, 'max_features': 0.8316461256231075, 'bootstrap': False, 'max_samples': 0.8928080848033135}. Best is trial 394 with value: 0.8941171376114454.[0m
[32m[I 2022-04-13 21:02:21,246][0m Trial 627 finished with value: 0.8906301732175663 and parameters: {'n_estimators': 273, 'min_samples_split': 0.1784834446394185, 'min_samples_leaf': 0.04755337881610891, 'min_weight_fraction_leaf': 0.01865135369918166, 'max_features': 0.8093262926452013, 'bootstrap': False, 'max_samples': 0.7973393952766643}. Best is trial 394 with value: 0.8941171376114454.[0m
[32m[I 2022-04-13 21:03:01,866][0m Trial 628 finished with value: 0.890066279939381 and parameters: {'n_estimators': 217, 'min_samples_split': 0.09159733062026405, 'min_samples_leaf': 0.07594714152777214, 'min_weight_fraction_leaf': 0.04164111036269942, 'max_features': 0.7768482749649652, 'bootstrap': False, 'max_samples': 0.763700295009893}. Best is trial 394 with value: 0.8941171376114454.[0m
[32m[I 2022-04-13 21:04:06,477][0m Trial 629 finished with value: 0.8931255210864288 and parameters: {'n_estimators': 299, 'min_samples_split': 0.1436455531259192, 'min_samples_leaf': 0.055667825605253414, 'min_weight_fraction_leaf': 0.032821585722965355, 'max_features': 0.8485268561155286, 'bootstrap': False, 'max_samples': 0.0021726164970706577}. Best is trial 394 with value: 0.8941171376114454.[0m
[32m[I 2022-04-13 21:04:53,421][0m Trial 630 finished with value: 0.890246693517 and parameters: {'n_estimators': 394, 'min_samples_split': 0.131621448299481, 'min_samples_leaf': 0.06396256469111641, 'min_weight_fraction_leaf': 0.010930492214381754, 'max_features': 0.43922079797156677, 'bootstrap': False, 'max_samples': 0.7377551504484857}. Best is trial 394 with value: 0.8941171376114454.[0m
[32m[I 2022-04-13 21:05:43,565][0m Trial 631 finished with value: 0.8887374386950677 and parameters: {'n_estimators': 253, 'min_samples_split': 0.11537283574075466, 'min_samples_leaf': 0.08760538416105138, 'min_weight_fraction_leaf': 0.023630375508705205, 'max_features': 0.902887940845603, 'bootstrap': False, 'max_samples': 0.99969891953161}. Best is trial 394 with value: 0.8941171376114454.[0m
[32m[I 2022-04-13 21:05:55,623][0m Trial 632 finished with value: 0.7656781308414277 and parameters: {'n_estimators': 231, 'min_samples_split': 0.14996079874493318, 'min_samples_leaf': 0.3646511484398062, 'min_weight_fraction_leaf': 0.04581035166475249, 'max_features': 0.9984671556191107, 'bootstrap': False, 'max_samples': 0.8495746659782607}. Best is trial 394 with value: 0.8941171376114454.[0m
[32m[I 2022-04-13 21:06:02,063][0m Trial 633 finished with value: 0.7547429181885453 and parameters: {'n_estimators': 282, 'min_samples_split': 0.1247121217586934, 'min_samples_leaf': 0.04128132032304882, 'min_weight_fraction_leaf': 0.030447392196846224, 'max_features': 0.005351088464489118, 'bootstrap': False, 'max_samples': 0.9137385417114997}. Best is trial 394 with value: 0.8941171376114454.[0m
[32m[I 2022-04-13 21:07:15,066][0m Trial 634 finished with value: 0.8928191353992148 and parameters: {'n_estimators': 329, 'min_samples_split': 0.13495235535892725, 'min_samples_leaf': 0.06594561408391611, 'min_weight_fraction_leaf': 0.05399890400237811, 'max_features': 0.818787101171885, 'bootstrap': False, 'max_samples': 0.9327035466709924}. Best is trial 394 with value: 0.8941171376114454.[0m
[32m[I 2022-04-13 21:07:39,806][0m Trial 635 finished with value: 0.8914903111059997 and parameters: {'n_estimators': 267, 'min_samples_split': 0.1015009358458692, 'min_samples_leaf': 0.05249781473193557, 'min_weight_fraction_leaf': 0.00034974775987834175, 'max_features': 0.79209166875951, 'bootstrap': True, 'max_samples': 0.8165103464745131, 'oob_score': False}. Best is trial 394 with value: 0.8941171376114454.[0m
[32m[I 2022-04-13 21:08:26,867][0m Trial 636 finished with value: 0.890416781997386 and parameters: {'n_estimators': 248, 'min_samples_split': 0.14166691883030816, 'min_samples_leaf': 0.07646877692600274, 'min_weight_fraction_leaf': 0.017096237462064838, 'max_features': 0.7543456065138322, 'bootstrap': False, 'max_samples': 0.8716242394816827}. Best is trial 394 with value: 0.8941171376114454.[0m
[32m[I 2022-04-13 21:09:34,761][0m Trial 637 finished with value: 0.8906415822416177 and parameters: {'n_estimators': 302, 'min_samples_split': 0.1643490325260485, 'min_samples_leaf': 0.061059224647346415, 'min_weight_fraction_leaf': 0.03830613850299193, 'max_features': 0.8298739271420744, 'bootstrap': False, 'max_samples': 0.5530106402473004}. Best is trial 394 with value: 0.8941171376114454.[0m
[32m[I 2022-04-13 21:10:22,828][0m Trial 638 finished with value: 0.8907594845537499 and parameters: {'n_estimators': 191, 'min_samples_split': 0.12415927806309965, 'min_samples_leaf': 0.048673707885897345, 'min_weight_fraction_leaf': 0.06610085915157048, 'max_features': 0.8578926170762216, 'bootstrap': False, 'max_samples': 0.9679800480071279}. Best is trial 394 with value: 0.8941171376114454.[0m
[32m[I 2022-04-13 21:11:12,835][0m Trial 639 finished with value: 0.8908644565098875 and parameters: {'n_estimators': 262, 'min_samples_split': 0.15503150635340596, 'min_samples_leaf': 0.07088985970956958, 'min_weight_fraction_leaf': 0.024277335285931633, 'max_features': 0.8035028827040299, 'bootstrap': False, 'max_samples': 0.25059009869201265}. Best is trial 394 with value: 0.8941171376114454.[0m
[32m[I 2022-04-13 21:12:33,124][0m Trial 640 finished with value: 0.8910568969957327 and parameters: {'n_estimators': 288, 'min_samples_split': 0.11012971049577307, 'min_samples_leaf': 0.03606367021441649, 'min_weight_fraction_leaf': 0.009555201162776047, 'max_features': 0.8394361924195686, 'bootstrap': False, 'max_samples': 0.9426266027978217}. Best is trial 394 with value: 0.8941171376114454.[0m
[32m[I 2022-04-13 21:13:18,083][0m Trial 641 finished with value: 0.8906297641902002 and parameters: {'n_estimators': 237, 'min_samples_split': 0.13247880136131976, 'min_samples_leaf': 0.08223247301082391, 'min_weight_fraction_leaf': 0.03980487155021433, 'max_features': 0.7701739476265543, 'bootstrap': False, 'max_samples': 0.9016506006017229}. Best is trial 394 with value: 0.8941171376114454.[0m
[32m[I 2022-04-13 21:14:19,901][0m Trial 642 finished with value: 0.8940324301217645 and parameters: {'n_estimators': 276, 'min_samples_split': 0.14244597389797858, 'min_samples_leaf': 0.057992451516568046, 'min_weight_fraction_leaf': 0.0532177938707188, 'max_features': 0.8152384568471746, 'bootstrap': False, 'max_samples': 0.8814794152220137}. Best is trial 394 with value: 0.8941171376114454.[0m
[32m[I 2022-04-13 21:15:05,458][0m Trial 643 finished with value: 0.886752770318974 and parameters: {'n_estimators': 279, 'min_samples_split': 0.1193688017776659, 'min_samples_leaf': 0.10741328036245824, 'min_weight_fraction_leaf': 0.030094873038844713, 'max_features': 0.7862129061215446, 'bootstrap': False, 'max_samples': 0.8702727081221058}. Best is trial 394 with value: 0.8941171376114454.[0m
[32m[I 2022-04-13 21:16:00,801][0m Trial 644 finished with value: 0.8920444303517332 and parameters: {'n_estimators': 309, 'min_samples_split': 0.13983359281409333, 'min_samples_leaf': 0.058510325772852846, 'min_weight_fraction_leaf': 0.0476718953571483, 'max_features': 0.632275129913991, 'bootstrap': False, 'max_samples': 0.8892488244827675}. Best is trial 394 with value: 0.8941171376114454.[0m
[32m[I 2022-04-13 21:17:15,589][0m Trial 645 finished with value: 0.8908697657966691 and parameters: {'n_estimators': 289, 'min_samples_split': 0.07480780776868068, 'min_samples_leaf': 0.04532019731364296, 'min_weight_fraction_leaf': 0.01887668164978375, 'max_features': 0.8091029878900236, 'bootstrap': False, 'max_samples': 0.8823349004075866}. Best is trial 394 with value: 0.8941171376114454.[0m
[32m[I 2022-04-13 21:18:30,062][0m Trial 646 finished with value: 0.7756654535466817 and parameters: {'n_estimators': 495, 'min_samples_split': 0.12854468100608943, 'min_samples_leaf': 0.06773543541643522, 'min_weight_fraction_leaf': 0.22490632246390838, 'max_features': 0.823301901915752, 'bootstrap': False, 'max_samples': 0.9163122565572265}. Best is trial 394 with value: 0.8941171376114454.[0m
[32m[I 2022-04-13 21:19:46,946][0m Trial 647 finished with value: 0.8900032177086212 and parameters: {'n_estimators': 272, 'min_samples_split': 0.1500853107133543, 'min_samples_leaf': 0.029815975449056117, 'min_weight_fraction_leaf': 0.010162503048068561, 'max_features': 0.880552554301571, 'bootstrap': False, 'max_samples': 0.9111315146820309}. Best is trial 394 with value: 0.8941171376114454.[0m
