[32m[I 2022-04-13 12:01:18,177][0m Trial 54 finished with value: 0.885677676116908 and parameters: {'n_estimators': 103, 'min_samples_split': 0.08251361831585932, 'min_samples_leaf': 0.14984270843579345, 'min_weight_fraction_leaf': 0.009397632273812424, 'max_features': 0.7037592383288156, 'bootstrap': False, 'max_samples': 0.5710921444986895}. Best is trial 50 with value: 0.8859169875244246.[0m
[32m[I 2022-04-13 12:01:34,478][0m Trial 55 finished with value: 0.8847676096916505 and parameters: {'n_estimators': 102, 'min_samples_split': 0.09029706870033205, 'min_samples_leaf': 0.13874760073439987, 'min_weight_fraction_leaf': 0.00403568069071461, 'max_features': 0.7060702103003798, 'bootstrap': False, 'max_samples': 0.5840319962350198}. Best is trial 50 with value: 0.8859169875244246.[0m
[32m[I 2022-04-13 12:02:02,880][0m Trial 56 finished with value: 0.8878162432245457 and parameters: {'n_estimators': 112, 'min_samples_split': 0.07648013365531585, 'min_samples_leaf': 0.08888074881929403, 'min_weight_fraction_leaf': 0.021715217851004116, 'max_features': 0.7644963934638204, 'bootstrap': False, 'max_samples': 0.49232749505933704}. Best is trial 56 with value: 0.8878162432245457.[0m
[32m[I 2022-04-13 12:02:29,144][0m Trial 57 finished with value: 0.8874525428616421 and parameters: {'n_estimators': 116, 'min_samples_split': 0.06881317710698699, 'min_samples_leaf': 0.09738797339964886, 'min_weight_fraction_leaf': 0.027142187861448248, 'max_features': 0.7739447926223323, 'bootstrap': False, 'max_samples': 0.61073694649421}. Best is trial 56 with value: 0.8878162432245457.[0m
[32m[I 2022-04-13 12:02:58,066][0m Trial 58 finished with value: 0.8891373068152566 and parameters: {'n_estimators': 116, 'min_samples_split': 0.07517889337250634, 'min_samples_leaf': 0.08927571706484447, 'min_weight_fraction_leaf': 0.03875323700528736, 'max_features': 0.7809215051821612, 'bootstrap': False, 'max_samples': 0.6070914496857748}. Best is trial 58 with value: 0.8891373068152566.[0m
[32m[I 2022-04-13 12:03:27,616][0m Trial 59 finished with value: 0.888837809172703 and parameters: {'n_estimators': 120, 'min_samples_split': 0.07485640368320431, 'min_samples_leaf': 0.08558511698190632, 'min_weight_fraction_leaf': 0.031123920137054117, 'max_features': 0.770518980571261, 'bootstrap': False, 'max_samples': 0.6213410520757362}. Best is trial 58 with value: 0.8891373068152566.[0m
[32m[I 2022-04-13 12:04:10,785][0m Trial 60 finished with value: 0.8917618202317847 and parameters: {'n_estimators': 117, 'min_samples_split': 0.030428868185433937, 'min_samples_leaf': 0.03133976436892693, 'min_weight_fraction_leaf': 0.03955473452831417, 'max_features': 0.7782119242223992, 'bootstrap': False, 'max_samples': 0.6209223929004951}. Best is trial 60 with value: 0.8917618202317847.[0m
[32m[I 2022-04-13 12:04:59,945][0m Trial 61 finished with value: 0.8909231486823774 and parameters: {'n_estimators': 117, 'min_samples_split': 0.07223269590382889, 'min_samples_leaf': 0.011436189306041206, 'min_weight_fraction_leaf': 0.042790990972028486, 'max_features': 0.7788216751858071, 'bootstrap': False, 'max_samples': 0.6106713114047831}. Best is trial 60 with value: 0.8917618202317847.[0m
[32m[I 2022-04-13 12:05:57,085][0m Trial 62 finished with value: 0.8895382845028672 and parameters: {'n_estimators': 116, 'min_samples_split': 0.029230524626929717, 'min_samples_leaf': 0.0033730520805993203, 'min_weight_fraction_leaf': 0.03540783931780267, 'max_features': 0.8501446301874032, 'bootstrap': False, 'max_samples': 0.6177300215388474}. Best is trial 60 with value: 0.8917618202317847.[0m
[32m[I 2022-04-13 12:06:56,991][0m Trial 63 finished with value: 0.889743153369135 and parameters: {'n_estimators': 118, 'min_samples_split': 0.07023246564735851, 'min_samples_leaf': 0.0026832447149714306, 'min_weight_fraction_leaf': 0.03752304351424032, 'max_features': 0.8651147174255636, 'bootstrap': False, 'max_samples': 0.6325601778260488}. Best is trial 60 with value: 0.8917618202317847.[0m
[32m[I 2022-04-13 12:08:05,745][0m Trial 64 finished with value: 0.8921473024216529 and parameters: {'n_estimators': 148, 'min_samples_split': 0.021169103793438553, 'min_samples_leaf': 0.008268479096527476, 'min_weight_fraction_leaf': 0.04063375680679234, 'max_features': 0.853864210576809, 'bootstrap': False, 'max_samples': 0.5354614585802887}. Best is trial 64 with value: 0.8921473024216529.[0m
[32m[I 2022-04-13 12:09:06,677][0m Trial 65 finished with value: 0.8892957348527538 and parameters: {'n_estimators': 149, 'min_samples_split': 0.02784477864673442, 'min_samples_leaf': 0.012202514835935084, 'min_weight_fraction_leaf': 0.048615676961646724, 'max_features': 0.8592661522015315, 'bootstrap': False, 'max_samples': 0.6554900934662096}. Best is trial 64 with value: 0.8921473024216529.[0m
[32m[I 2022-04-13 12:10:16,332][0m Trial 66 finished with value: 0.8893934628350497 and parameters: {'n_estimators': 153, 'min_samples_split': 0.03352641236035511, 'min_samples_leaf': 0.0013824111151571174, 'min_weight_fraction_leaf': 0.0467743239971916, 'max_features': 0.8686127862740692, 'bootstrap': False, 'max_samples': 0.7411069597159193}. Best is trial 64 with value: 0.8921473024216529.[0m
[32m[I 2022-04-13 12:11:16,125][0m Trial 67 finished with value: 0.8904426258999576 and parameters: {'n_estimators': 152, 'min_samples_split': 0.02502955480880735, 'min_samples_leaf': 0.005382807850700746, 'min_weight_fraction_leaf': 0.07467701751597514, 'max_features': 0.8554462503258319, 'bootstrap': False, 'max_samples': 0.7301785230721481}. Best is trial 64 with value: 0.8921473024216529.[0m
[32m[I 2022-04-13 12:12:25,956][0m Trial 68 finished with value: 0.8906829835596538 and parameters: {'n_estimators': 153, 'min_samples_split': 0.020672381151538105, 'min_samples_leaf': 0.001748456906873206, 'min_weight_fraction_leaf': 0.07856426150312056, 'max_features': 0.9986678330928662, 'bootstrap': False, 'max_samples': 0.7312132127295897}. Best is trial 64 with value: 0.8921473024216529.[0m
[32m[I 2022-04-13 12:13:13,112][0m Trial 69 finished with value: 0.8898941856583213 and parameters: {'n_estimators': 129, 'min_samples_split': 0.014270866784743085, 'min_samples_leaf': 0.03174629257226645, 'min_weight_fraction_leaf': 0.07502729223477038, 'max_features': 0.9424555271474857, 'bootstrap': False, 'max_samples': 0.5300577088116922}. Best is trial 64 with value: 0.8921473024216529.[0m
[32m[I 2022-04-13 12:13:59,729][0m Trial 70 finished with value: 0.8888110854350089 and parameters: {'n_estimators': 130, 'min_samples_split': 0.012921599546621363, 'min_samples_leaf': 0.0364445650996081, 'min_weight_fraction_leaf': 0.07957661126969906, 'max_features': 0.9566186339240541, 'bootstrap': False, 'max_samples': 0.6773124359125826}. Best is trial 64 with value: 0.8921473024216529.[0m
[32m[I 2022-04-13 12:14:53,317][0m Trial 71 finished with value: 0.8904745324817014 and parameters: {'n_estimators': 137, 'min_samples_split': 0.04317652022678904, 'min_samples_leaf': 0.02139506724051839, 'min_weight_fraction_leaf': 0.07018013530016218, 'max_features': 0.914001725294795, 'bootstrap': False, 'max_samples': 0.7213200471261638}. Best is trial 64 with value: 0.8921473024216529.[0m
[32m[I 2022-04-13 12:15:41,783][0m Trial 72 finished with value: 0.8857875003244834 and parameters: {'n_estimators': 139, 'min_samples_split': 0.0034063507870673686, 'min_samples_leaf': 0.023988685558646344, 'min_weight_fraction_leaf': 0.10703645601282218, 'max_features': 0.9311377490189493, 'bootstrap': False, 'max_samples': 0.7370165181938412}. Best is trial 64 with value: 0.8921473024216529.[0m
[32m[I 2022-04-13 12:16:22,012][0m Trial 73 finished with value: 0.8885224378422907 and parameters: {'n_estimators': 126, 'min_samples_split': 0.046649607310348506, 'min_samples_leaf': 0.06211609702346218, 'min_weight_fraction_leaf': 0.08391934819472964, 'max_features': 0.9870777218255664, 'bootstrap': False, 'max_samples': 0.5243539802834167}. Best is trial 64 with value: 0.8921473024216529.[0m
[32m[I 2022-04-13 12:17:18,711][0m Trial 74 finished with value: 0.8912820760501476 and parameters: {'n_estimators': 157, 'min_samples_split': 0.041732375810227845, 'min_samples_leaf': 0.037256491999472674, 'min_weight_fraction_leaf': 0.06719032055288648, 'max_features': 0.908403439152455, 'bootstrap': False, 'max_samples': 0.5470754544156826}. Best is trial 64 with value: 0.8921473024216529.[0m
[32m[I 2022-04-13 12:18:08,931][0m Trial 75 finished with value: 0.8902019614893815 and parameters: {'n_estimators': 154, 'min_samples_split': 0.04295087520165981, 'min_samples_leaf': 0.04565928613273158, 'min_weight_fraction_leaf': 0.07107580298500267, 'max_features': 0.9020090994165131, 'bootstrap': False, 'max_samples': 0.5422876900429988}. Best is trial 64 with value: 0.8921473024216529.[0m
[32m[I 2022-04-13 12:18:22,996][0m Trial 76 finished with value: 0.8863251251959138 and parameters: {'n_estimators': 157, 'min_samples_split': 0.049004584437033774, 'min_samples_leaf': 0.05828896918758625, 'min_weight_fraction_leaf': 0.0611789944452691, 'max_features': 0.8161813438795051, 'bootstrap': True, 'max_samples': 0.7302630242049738, 'oob_score': False}. Best is trial 64 with value: 0.8921473024216529.[0m
[32m[I 2022-04-13 12:19:08,382][0m Trial 77 finished with value: 0.8881823474951176 and parameters: {'n_estimators': 146, 'min_samples_split': 0.03452088495327608, 'min_samples_leaf': 0.04568199569925463, 'min_weight_fraction_leaf': 0.09908117265265182, 'max_features': 0.9000610328500223, 'bootstrap': False, 'max_samples': 0.8171776612749249}. Best is trial 64 with value: 0.8921473024216529.[0m
[32m[I 2022-04-13 12:20:06,031][0m Trial 78 finished with value: 0.8910733614112896 and parameters: {'n_estimators': 137, 'min_samples_split': 0.054344738061757596, 'min_samples_leaf': 0.020571276214760268, 'min_weight_fraction_leaf': 0.0626040220016759, 'max_features': 0.9158633074230553, 'bootstrap': False, 'max_samples': 0.6857942363678281}. Best is trial 64 with value: 0.8921473024216529.[0m
[32m[I 2022-04-13 12:21:43,313][0m Trial 79 finished with value: 0.8882321455294553 and parameters: {'n_estimators': 215, 'min_samples_split': 0.0594209498074352, 'min_samples_leaf': 0.019337372599545738, 'min_weight_fraction_leaf': 0.05757765905064799, 'max_features': 0.9716082795816285, 'bootstrap': False, 'max_samples': 0.6777184237716753}. Best is trial 64 with value: 0.8921473024216529.[0m
[32m[I 2022-04-13 12:22:33,066][0m Trial 80 finished with value: 0.8867591608746078 and parameters: {'n_estimators': 180, 'min_samples_split': 0.015457643002549627, 'min_samples_leaf': 0.06764975182769915, 'min_weight_fraction_leaf': 0.10980443479164542, 'max_features': 0.8281662300464052, 'bootstrap': False, 'max_samples': 0.8824073306008432}. Best is trial 64 with value: 0.8921473024216529.[0m
[32m[I 2022-04-13 12:23:23,109][0m Trial 81 finished with value: 0.8902320326918798 and parameters: {'n_estimators': 138, 'min_samples_split': 0.042033520539326893, 'min_samples_leaf': 0.04245440845469887, 'min_weight_fraction_leaf': 0.07161592105141158, 'max_features': 0.9267333119999057, 'bootstrap': False, 'max_samples': 0.5459958675905092}. Best is trial 64 with value: 0.8921473024216529.[0m
[32m[I 2022-04-13 12:24:16,254][0m Trial 82 finished with value: 0.8889746377541015 and parameters: {'n_estimators': 138, 'min_samples_split': 0.0018180640864982889, 'min_samples_leaf': 0.02855092016871423, 'min_weight_fraction_leaf': 0.08826287342371245, 'max_features': 0.9282921438675849, 'bootstrap': False, 'max_samples': 0.7617551596629247}. Best is trial 64 with value: 0.8921473024216529.[0m
[32m[I 2022-04-13 12:25:31,056][0m Trial 83 finished with value: 0.8874291205385015 and parameters: {'n_estimators': 162, 'min_samples_split': 0.09374650498876137, 'min_samples_leaf': 0.015814553975145508, 'min_weight_fraction_leaf': 0.05243548852119116, 'max_features': 0.999774896291529, 'bootstrap': False, 'max_samples': 0.8024912054893394}. Best is trial 64 with value: 0.8921473024216529.[0m
[32m[I 2022-04-13 12:26:13,350][0m Trial 84 finished with value: 0.7868815173415795 and parameters: {'n_estimators': 136, 'min_samples_split': 0.058804272838093294, 'min_samples_leaf': 0.03920810890983412, 'min_weight_fraction_leaf': 0.12740730038519513, 'max_features': 0.8774256856441264, 'bootstrap': False, 'max_samples': 0.6952103799563119}. Best is trial 64 with value: 0.8921473024216529.[0m
[32m[I 2022-04-13 12:26:56,998][0m Trial 85 finished with value: 0.8868078307728784 and parameters: {'n_estimators': 125, 'min_samples_split': 0.01970752090517699, 'min_samples_leaf': 0.05272593836571192, 'min_weight_fraction_leaf': 0.09430010031996842, 'max_features': 0.9189960883067246, 'bootstrap': False, 'max_samples': 0.7169291837909045}. Best is trial 64 with value: 0.8921473024216529.[0m
[32m[I 2022-04-13 12:27:08,914][0m Trial 86 finished with value: 0.783517519200024 and parameters: {'n_estimators': 144, 'min_samples_split': 0.025037042436497993, 'min_samples_leaf': 0.07576083678528144, 'min_weight_fraction_leaf': 0.07011941242455383, 'max_features': 0.9636837477633622, 'bootstrap': True, 'max_samples': 0.6640659522322735, 'oob_score': False}. Best is trial 64 with value: 0.8921473024216529.[0m
[32m[I 2022-04-13 12:27:39,679][0m Trial 87 finished with value: 0.7247071681457304 and parameters: {'n_estimators': 171, 'min_samples_split': 0.039250244604918716, 'min_samples_leaf': 0.020437100434250205, 'min_weight_fraction_leaf': 0.46845933983944005, 'max_features': 0.839302923452572, 'bootstrap': False, 'max_samples': 0.5470380144959395}. Best is trial 64 with value: 0.8921473024216529.[0m
[32m[I 2022-04-13 12:28:30,744][0m Trial 88 finished with value: 0.8915012088320109 and parameters: {'n_estimators': 135, 'min_samples_split': 0.056806110502480536, 'min_samples_leaf': 0.032715836737590286, 'min_weight_fraction_leaf': 0.015643456951401957, 'max_features': 0.7920702738974446, 'bootstrap': False, 'max_samples': 0.7591048902985962}. Best is trial 64 with value: 0.8921473024216529.[0m
[32m[I 2022-04-13 12:30:12,921][0m Trial 89 finished with value: 0.8915924911647448 and parameters: {'n_estimators': 192, 'min_samples_split': 0.0574400269113627, 'min_samples_leaf': 0.01128663300171391, 'min_weight_fraction_leaf': 0.021514584985965084, 'max_features': 0.8882952156334233, 'bootstrap': False, 'max_samples': 0.7893224587198812}. Best is trial 64 with value: 0.8921473024216529.[0m
[32m[I 2022-04-13 12:31:24,032][0m Trial 90 finished with value: 0.8903227620101613 and parameters: {'n_estimators': 197, 'min_samples_split': 0.12055706780974645, 'min_samples_leaf': 0.03174969573441624, 'min_weight_fraction_leaf': 0.01642785735060933, 'max_features': 0.814619049777536, 'bootstrap': False, 'max_samples': 0.8387121314301482}. Best is trial 64 with value: 0.8921473024216529.[0m
[32m[I 2022-04-13 12:32:28,916][0m Trial 91 finished with value: 0.8899105080774021 and parameters: {'n_estimators': 154, 'min_samples_split': 0.05624071335393329, 'min_samples_leaf': 0.013438778330645712, 'min_weight_fraction_leaf': 0.04543296507952053, 'max_features': 0.8873051085000457, 'bootstrap': False, 'max_samples': 0.7462340045911783}. Best is trial 64 with value: 0.8921473024216529.[0m
[32m[I 2022-04-13 12:32:59,050][0m Trial 92 finished with value: 0.8919386765640169 and parameters: {'n_estimators': 112, 'min_samples_split': 0.10692294145180803, 'min_samples_leaf': 0.0726229071247306, 'min_weight_fraction_leaf': 0.058179134545115876, 'max_features': 0.7883730221729071, 'bootstrap': False, 'max_samples': 0.7752318769546919}. Best is trial 64 with value: 0.8921473024216529.[0m
[32m[I 2022-04-13 12:33:45,994][0m Trial 93 finished with value: 0.8880660628572997 and parameters: {'n_estimators': 110, 'min_samples_split': 0.11008144073277905, 'min_samples_leaf': 0.028156152171924756, 'min_weight_fraction_leaf': 0.02010530501678364, 'max_features': 0.951284892474028, 'bootstrap': False, 'max_samples': 0.8531883056079119}. Best is trial 64 with value: 0.8921473024216529.[0m
[32m[I 2022-04-13 12:34:17,628][0m Trial 94 finished with value: 0.8920640417340875 and parameters: {'n_estimators': 123, 'min_samples_split': 0.09314762404190577, 'min_samples_leaf': 0.07330568689327044, 'min_weight_fraction_leaf': 0.04134139327314281, 'max_features': 0.7857252293858537, 'bootstrap': False, 'max_samples': 0.7941164883722612}. Best is trial 64 with value: 0.8921473024216529.[0m
[32m[I 2022-04-13 12:34:47,849][0m Trial 95 finished with value: 0.8919002600158331 and parameters: {'n_estimators': 111, 'min_samples_split': 0.08691000902821398, 'min_samples_leaf': 0.07217774113448673, 'min_weight_fraction_leaf': 0.03913581596434161, 'max_features': 0.7877387476864908, 'bootstrap': False, 'max_samples': 0.7881425661545362}. Best is trial 64 with value: 0.8921473024216529.[0m
[32m[I 2022-04-13 12:35:20,827][0m Trial 96 finished with value: 0.8918515936222441 and parameters: {'n_estimators': 122, 'min_samples_split': 0.08845425331355553, 'min_samples_leaf': 0.07168290147594422, 'min_weight_fraction_leaf': 0.0408957086314294, 'max_features': 0.7943899151389157, 'bootstrap': False, 'max_samples': 0.7997009303728618}. Best is trial 64 with value: 0.8921473024216529.[0m
[32m[I 2022-04-13 12:35:48,986][0m Trial 97 finished with value: 0.8907481809296488 and parameters: {'n_estimators': 110, 'min_samples_split': 0.09650815045398262, 'min_samples_leaf': 0.07669333248001368, 'min_weight_fraction_leaf': 0.030923035521266868, 'max_features': 0.7869169710266715, 'bootstrap': False, 'max_samples': 0.7862065925879712}. Best is trial 64 with value: 0.8921473024216529.[0m
[32m[I 2022-04-13 12:36:01,507][0m Trial 98 finished with value: 0.8868818518362737 and parameters: {'n_estimators': 124, 'min_samples_split': 0.0826625513354737, 'min_samples_leaf': 0.07164876544015648, 'min_weight_fraction_leaf': 0.059378036506854914, 'max_features': 0.80110333635165, 'bootstrap': True, 'max_samples': 0.8870209642365898, 'oob_score': False}. Best is trial 64 with value: 0.8921473024216529.[0m
[32m[I 2022-04-13 12:36:27,346][0m Trial 99 finished with value: 0.8868530639855534 and parameters: {'n_estimators': 123, 'min_samples_split': 0.10780707543023152, 'min_samples_leaf': 0.10930539879121123, 'min_weight_fraction_leaf': 0.01699704981082877, 'max_features': 0.745769764424835, 'bootstrap': False, 'max_samples': 0.8245773370439559}. Best is trial 64 with value: 0.8921473024216529.[0m
[32m[I 2022-04-13 12:37:06,382][0m Trial 100 finished with value: 0.8916148721812462 and parameters: {'n_estimators': 132, 'min_samples_split': 0.08896179552373173, 'min_samples_leaf': 0.05452131679062739, 'min_weight_fraction_leaf': 0.05364488808994017, 'max_features': 0.7943133426266071, 'bootstrap': False, 'max_samples': 0.8022156636045858}. Best is trial 64 with value: 0.8921473024216529.[0m
[32m[I 2022-04-13 12:37:47,037][0m Trial 101 finished with value: 0.8910131831741662 and parameters: {'n_estimators': 132, 'min_samples_split': 0.11922971528828298, 'min_samples_leaf': 0.05686309799448808, 'min_weight_fraction_leaf': 0.05571388232822486, 'max_features': 0.8339866522943119, 'bootstrap': False, 'max_samples': 0.7716082234086672}. Best is trial 64 with value: 0.8921473024216529.[0m
[32m[I 2022-04-13 12:38:18,365][0m Trial 102 finished with value: 0.8904336842054565 and parameters: {'n_estimators': 112, 'min_samples_split': 0.08550631549905532, 'min_samples_leaf': 0.05015273719652798, 'min_weight_fraction_leaf': 0.03531281188450035, 'max_features': 0.7317684768921621, 'bootstrap': False, 'max_samples': 0.7930443012969647}. Best is trial 64 with value: 0.8921473024216529.[0m
[32m[I 2022-04-13 12:38:39,446][0m Trial 103 finished with value: 0.8875282524203201 and parameters: {'n_estimators': 100, 'min_samples_split': 0.06413737712728237, 'min_samples_leaf': 0.1016206683965413, 'min_weight_fraction_leaf': 0.013066448348856643, 'max_features': 0.7905025010101399, 'bootstrap': False, 'max_samples': 0.762818883103884}. Best is trial 64 with value: 0.8921473024216529.[0m
[32m[I 2022-04-13 12:39:27,764][0m Trial 104 finished with value: 0.8902550175803248 and parameters: {'n_estimators': 144, 'min_samples_split': 0.056028663722681026, 'min_samples_leaf': 0.03646333769350753, 'min_weight_fraction_leaf': 0.02530092883125869, 'max_features': 0.8254230069662445, 'bootstrap': False, 'max_samples': 0.8305814449768161}. Best is trial 64 with value: 0.8921473024216529.[0m
[32m[I 2022-04-13 12:39:49,206][0m Trial 105 finished with value: 0.7837754469270979 and parameters: {'n_estimators': 122, 'min_samples_split': 0.0907618688222677, 'min_samples_leaf': 0.12681284972158527, 'min_weight_fraction_leaf': 0.04416533982927454, 'max_features': 0.7587701526647803, 'bootstrap': False, 'max_samples': 0.9386796470222092}. Best is trial 64 with value: 0.8921473024216529.[0m
[32m[I 2022-04-13 12:41:02,377][0m Trial 106 finished with value: 0.8914079221785036 and parameters: {'n_estimators': 263, 'min_samples_split': 0.1107152315699604, 'min_samples_leaf': 0.066348494817094, 'min_weight_fraction_leaf': 0.06262395828698694, 'max_features': 0.8807599728369976, 'bootstrap': False, 'max_samples': 0.8673323252735442}. Best is trial 64 with value: 0.8921473024216529.[0m
[32m[I 2022-04-13 12:42:15,149][0m Trial 107 finished with value: 0.8910737856237123 and parameters: {'n_estimators': 262, 'min_samples_split': 0.10965113908154865, 'min_samples_leaf': 0.06803223270664985, 'min_weight_fraction_leaf': 0.007989933406172614, 'max_features': 0.8706839681022173, 'bootstrap': False, 'max_samples': 0.8701892527661205}. Best is trial 64 with value: 0.8921473024216529.[0m
