[32m[I 2022-04-14 09:01:50,792][0m Trial 457 finished with value: 0.7709007789921822 and parameters: {'n_estimators': 815, 'min_samples_split': 0.017907209171903412, 'min_samples_leaf': 0.10502854700891037, 'min_weight_fraction_leaf': 0.07635676843229336, 'max_features': 0.6423085407502629, 'bootstrap': False, 'max_samples': 0.08610646542573308}. Best is trial 410 with value: 0.7930338207460208.[0m
[32m[I 2022-04-14 09:05:15,575][0m Trial 458 finished with value: 0.7844590524798531 and parameters: {'n_estimators': 960, 'min_samples_split': 0.020921964014133636, 'min_samples_leaf': 0.029527287610747396, 'min_weight_fraction_leaf': 0.024649519928375906, 'max_features': 0.6204264871885123, 'bootstrap': False, 'max_samples': 0.12466336167203287}. Best is trial 410 with value: 0.7930338207460208.[0m
[32m[I 2022-04-14 09:08:11,374][0m Trial 459 finished with value: 0.7836879185755562 and parameters: {'n_estimators': 833, 'min_samples_split': 0.021825057977660395, 'min_samples_leaf': 0.03577339124519958, 'min_weight_fraction_leaf': 0.03818589841238742, 'max_features': 0.6430825284655292, 'bootstrap': False, 'max_samples': 0.10307908505929454}. Best is trial 410 with value: 0.7930338207460208.[0m
[32m[I 2022-04-14 09:08:33,122][0m Trial 460 finished with value: 0.7560968217189252 and parameters: {'n_estimators': 767, 'min_samples_split': 0.017350399947578816, 'min_samples_leaf': 0.34330211240407776, 'min_weight_fraction_leaf': 0.02169006240009783, 'max_features': 0.606404451865224, 'bootstrap': False, 'max_samples': 0.09524544505287746}. Best is trial 410 with value: 0.7930338207460208.[0m
[32m[I 2022-04-14 09:11:45,184][0m Trial 461 finished with value: 0.7844885795070226 and parameters: {'n_estimators': 855, 'min_samples_split': 0.030741978566572282, 'min_samples_leaf': 0.019752702338890028, 'min_weight_fraction_leaf': 0.03204877933235679, 'max_features': 0.5941524395320621, 'bootstrap': False, 'max_samples': 0.1318448253099051}. Best is trial 410 with value: 0.7930338207460208.[0m
[32m[I 2022-04-14 09:16:02,120][0m Trial 462 finished with value: 0.7906759210997749 and parameters: {'n_estimators': 932, 'min_samples_split': 0.009714135479003258, 'min_samples_leaf': 0.015268609257843003, 'min_weight_fraction_leaf': 0.019679067604882167, 'max_features': 0.6294971217950198, 'bootstrap': False, 'max_samples': 0.07984324068288146}. Best is trial 410 with value: 0.7930338207460208.[0m
[32m[I 2022-04-14 09:16:08,788][0m Trial 463 finished with value: 0.7307264372086757 and parameters: {'n_estimators': 608, 'min_samples_split': 0.04255662423077132, 'min_samples_leaf': 0.02786201885132289, 'min_weight_fraction_leaf': 0.12267222483815138, 'max_features': 0.015428045433080517, 'bootstrap': False, 'max_samples': 0.11511238200465948}. Best is trial 410 with value: 0.7930338207460208.[0m
[32m[I 2022-04-14 09:17:45,616][0m Trial 464 finished with value: 0.7844471432570448 and parameters: {'n_estimators': 536, 'min_samples_split': 0.029059994405882594, 'min_samples_leaf': 0.03552137084479123, 'min_weight_fraction_leaf': 0.04756062104120136, 'max_features': 0.5820993382297913, 'bootstrap': False, 'max_samples': 0.08987016917112316}. Best is trial 410 with value: 0.7930338207460208.[0m
[32m[I 2022-04-14 09:17:52,091][0m Trial 465 finished with value: 0.5 and parameters: {'n_estimators': 871, 'min_samples_split': 0.01818338024616058, 'min_samples_leaf': 0.24465696520528524, 'min_weight_fraction_leaf': 0.018131077580967814, 'max_features': 0.6137920028714116, 'bootstrap': True, 'max_samples': 0.06275763940930905, 'oob_score': False}. Best is trial 410 with value: 0.7930338207460208.[0m
[32m[I 2022-04-14 09:21:09,991][0m Trial 466 finished with value: 0.7913039892956061 and parameters: {'n_estimators': 701, 'min_samples_split': 0.03139395141423863, 'min_samples_leaf': 0.014660702682370796, 'min_weight_fraction_leaf': 0.025920945613655426, 'max_features': 0.6396916972368402, 'bootstrap': False, 'max_samples': 0.5530409878900822}. Best is trial 410 with value: 0.7930338207460208.[0m
[32m[I 2022-04-14 09:23:59,485][0m Trial 467 finished with value: 0.782885019018108 and parameters: {'n_estimators': 752, 'min_samples_split': 0.04757484944399761, 'min_samples_leaf': 0.021950208074758802, 'min_weight_fraction_leaf': 0.053911251930705555, 'max_features': 0.651449058511998, 'bootstrap': False, 'max_samples': 0.04474681173232917}. Best is trial 410 with value: 0.7930338207460208.[0m
[32m[I 2022-04-14 09:26:26,414][0m Trial 468 finished with value: 0.7838151981039074 and parameters: {'n_estimators': 709, 'min_samples_split': 0.031982083020151514, 'min_samples_leaf': 0.040110738657662424, 'min_weight_fraction_leaf': 0.035001137415149465, 'max_features': 0.6389950705069946, 'bootstrap': False, 'max_samples': 0.861843150884317}. Best is trial 410 with value: 0.7930338207460208.[0m
[32m[I 2022-04-14 09:29:19,315][0m Trial 469 finished with value: 0.7834356393630706 and parameters: {'n_estimators': 711, 'min_samples_split': 0.03923561392371098, 'min_samples_leaf': 0.01631712393175211, 'min_weight_fraction_leaf': 0.04116626298162925, 'max_features': 0.6566093776155018, 'bootstrap': False, 'max_samples': 0.09901277583013633}. Best is trial 410 with value: 0.7930338207460208.[0m
[32m[I 2022-04-14 09:32:04,130][0m Trial 470 finished with value: 0.7853399986006243 and parameters: {'n_estimators': 808, 'min_samples_split': 0.053432494041154514, 'min_samples_leaf': 0.028239463980883978, 'min_weight_fraction_leaf': 0.025119293055033957, 'max_features': 0.5626049033962365, 'bootstrap': False, 'max_samples': 0.5456984177195329}. Best is trial 410 with value: 0.7930338207460208.[0m
[32m[I 2022-04-14 09:33:41,899][0m Trial 471 finished with value: 0.770987686766353 and parameters: {'n_estimators': 555, 'min_samples_split': 0.06813158767657114, 'min_samples_leaf': 0.01608418668465833, 'min_weight_fraction_leaf': 0.10190628420676959, 'max_features': 0.6318134792493664, 'bootstrap': False, 'max_samples': 0.02874064764935193}. Best is trial 410 with value: 0.7930338207460208.[0m
[32m[I 2022-04-14 09:36:27,495][0m Trial 472 finished with value: 0.7844205761722879 and parameters: {'n_estimators': 607, 'min_samples_split': 0.02826400855254317, 'min_samples_leaf': 0.012168177973833783, 'min_weight_fraction_leaf': 0.03032900895874086, 'max_features': 0.5875327137118603, 'bootstrap': False, 'max_samples': 0.6100952633326705}. Best is trial 410 with value: 0.7930338207460208.[0m
[32m[I 2022-04-14 09:38:00,655][0m Trial 473 finished with value: 0.754490350440854 and parameters: {'n_estimators': 778, 'min_samples_split': 0.04288332028029941, 'min_samples_leaf': 0.02421674754285538, 'min_weight_fraction_leaf': 0.23527782763281807, 'max_features': 0.6038350187948962, 'bootstrap': False, 'max_samples': 0.5952291441541495}. Best is trial 410 with value: 0.7930338207460208.[0m
[32m[I 2022-04-14 09:39:51,434][0m Trial 474 finished with value: 0.7833981816683346 and parameters: {'n_estimators': 723, 'min_samples_split': 0.021263750374949035, 'min_samples_leaf': 0.04586237774087504, 'min_weight_fraction_leaf': 0.0184253628040444, 'max_features': 0.527091348365187, 'bootstrap': False, 'max_samples': 0.5650050811432978}. Best is trial 410 with value: 0.7930338207460208.[0m
[32m[I 2022-04-14 09:42:40,093][0m Trial 475 finished with value: 0.7850018783756434 and parameters: {'n_estimators': 583, 'min_samples_split': 0.03337965690282568, 'min_samples_leaf': 0.011257154818676316, 'min_weight_fraction_leaf': 0.02657678095206175, 'max_features': 0.6264153288627836, 'bootstrap': False, 'max_samples': 0.07972171069402459}. Best is trial 410 with value: 0.7930338207460208.[0m
[32m[I 2022-04-14 09:42:48,170][0m Trial 476 finished with value: 0.6450799268307723 and parameters: {'n_estimators': 683, 'min_samples_split': 0.009873673176227667, 'min_samples_leaf': 0.4426588380108448, 'min_weight_fraction_leaf': 0.01594759195022032, 'max_features': 0.5775202969363781, 'bootstrap': False, 'max_samples': 0.05274890194289644}. Best is trial 410 with value: 0.7930338207460208.[0m
[32m[I 2022-04-14 09:45:32,601][0m Trial 477 finished with value: 0.7827396893139917 and parameters: {'n_estimators': 849, 'min_samples_split': 0.02533710901004859, 'min_samples_leaf': 0.03351802672725869, 'min_weight_fraction_leaf': 0.042213617837273044, 'max_features': 0.6564467534724373, 'bootstrap': False, 'max_samples': 0.023798382533828086}. Best is trial 410 with value: 0.7930338207460208.[0m
[32m[I 2022-04-14 09:47:05,459][0m Trial 478 finished with value: 0.7824381264233592 and parameters: {'n_estimators': 519, 'min_samples_split': 0.04242426587578102, 'min_samples_leaf': 0.022548492741931755, 'min_weight_fraction_leaf': 0.06016016352069608, 'max_features': 0.5608444378127041, 'bootstrap': False, 'max_samples': 0.5387564379295502}. Best is trial 410 with value: 0.7930338207460208.[0m
[32m[I 2022-04-14 09:48:51,204][0m Trial 479 finished with value: 0.7732806177465577 and parameters: {'n_estimators': 574, 'min_samples_split': 0.25198881144330804, 'min_samples_leaf': 0.010550589380388345, 'min_weight_fraction_leaf': 0.029290564642032793, 'max_features': 0.6138113519731174, 'bootstrap': False, 'max_samples': 0.12186251793693975}. Best is trial 410 with value: 0.7930338207460208.[0m
[32m[I 2022-04-14 09:50:52,893][0m Trial 480 finished with value: 0.7843238100472552 and parameters: {'n_estimators': 617, 'min_samples_split': 0.05463809773377729, 'min_samples_leaf': 0.02874448649526943, 'min_weight_fraction_leaf': 0.01312530626741053, 'max_features': 0.5933581531224094, 'bootstrap': False, 'max_samples': 0.03951841020755918}. Best is trial 410 with value: 0.7930338207460208.[0m
[32m[I 2022-04-14 09:53:31,219][0m Trial 481 finished with value: 0.7920455293572665 and parameters: {'n_estimators': 536, 'min_samples_split': 0.0347202666436695, 'min_samples_leaf': 0.011259125193445583, 'min_weight_fraction_leaf': 0.020117445688163163, 'max_features': 0.6424798701900938, 'bootstrap': False, 'max_samples': 0.5780929158936849}. Best is trial 410 with value: 0.7930338207460208.[0m
[32m[I 2022-04-14 09:54:41,925][0m Trial 482 finished with value: 0.7899624237056804 and parameters: {'n_estimators': 199, 'min_samples_split': 0.03745432384038376, 'min_samples_leaf': 0.010275252691145778, 'min_weight_fraction_leaf': 0.011672582338477412, 'max_features': 0.657656722388975, 'bootstrap': False, 'max_samples': 0.5644696213268345}. Best is trial 410 with value: 0.7930338207460208.[0m
[32m[I 2022-04-14 09:58:10,135][0m Trial 483 finished with value: 0.7850162050253287 and parameters: {'n_estimators': 946, 'min_samples_split': 0.06099363613029449, 'min_samples_leaf': 0.010544744077809996, 'min_weight_fraction_leaf': 0.033637566038458466, 'max_features': 0.5523419177706994, 'bootstrap': False, 'max_samples': 0.5461036146761511}. Best is trial 410 with value: 0.7930338207460208.[0m
[32m[I 2022-04-14 10:00:19,294][0m Trial 484 finished with value: 0.791263612668453 and parameters: {'n_estimators': 547, 'min_samples_split': 0.010653675640071882, 'min_samples_leaf': 0.024532554921753425, 'min_weight_fraction_leaf': 0.014022765665775847, 'max_features': 0.6425510629403095, 'bootstrap': False, 'max_samples': 0.5922657365523798}. Best is trial 410 with value: 0.7930338207460208.[0m
[32m[I 2022-04-14 10:00:29,234][0m Trial 485 finished with value: 0.7556772228289126 and parameters: {'n_estimators': 544, 'min_samples_split': 0.008777673357008785, 'min_samples_leaf': 0.037041563621164224, 'min_weight_fraction_leaf': 0.011391431087675388, 'max_features': 0.11906269840065414, 'bootstrap': True, 'max_samples': 0.5676715070823308, 'oob_score': False}. Best is trial 410 with value: 0.7930338207460208.[0m
[32m[I 2022-04-14 10:01:05,481][0m Trial 486 finished with value: 0.771933202945763 and parameters: {'n_estimators': 525, 'min_samples_split': 0.008589506268448736, 'min_samples_leaf': 0.05786380555191729, 'min_weight_fraction_leaf': 0.010394228768090753, 'max_features': 0.24019139204356393, 'bootstrap': False, 'max_samples': 0.6355225848053248}. Best is trial 410 with value: 0.7930338207460208.[0m
[32m[I 2022-04-14 10:02:51,264][0m Trial 487 finished with value: 0.7907186335246122 and parameters: {'n_estimators': 503, 'min_samples_split': 0.01956223868561621, 'min_samples_leaf': 0.025740201902144703, 'min_weight_fraction_leaf': 0.009297284038364108, 'max_features': 0.575061599373493, 'bootstrap': False, 'max_samples': 0.5851802018785428}. Best is trial 410 with value: 0.7930338207460208.[0m
[32m[I 2022-04-14 10:04:07,523][0m Trial 488 finished with value: 0.7830990076544199 and parameters: {'n_estimators': 547, 'min_samples_split': 0.04693559169804852, 'min_samples_leaf': 0.04318860602646486, 'min_weight_fraction_leaf': 0.02437951689108665, 'max_features': 0.47195217002685486, 'bootstrap': False, 'max_samples': 0.610559223785829}. Best is trial 410 with value: 0.7930338207460208.[0m
[32m[I 2022-04-14 10:04:47,983][0m Trial 489 finished with value: 0.7563336073508504 and parameters: {'n_estimators': 453, 'min_samples_split': 0.033386883580191276, 'min_samples_leaf': 0.009669746524805727, 'min_weight_fraction_leaf': 0.3354992173567727, 'max_features': 0.6085083234804595, 'bootstrap': False, 'max_samples': 0.5982571345690557}. Best is trial 410 with value: 0.7930338207460208.[0m
[32m[I 2022-04-14 10:07:43,817][0m Trial 490 finished with value: 0.7853472801848641 and parameters: {'n_estimators': 565, 'min_samples_split': 0.014839772491933599, 'min_samples_leaf': 0.00136393462830817, 'min_weight_fraction_leaf': 0.016899923189475058, 'max_features': 0.5152132927141309, 'bootstrap': False, 'max_samples': 0.622835999277002}. Best is trial 410 with value: 0.7930338207460208.[0m
[32m[I 2022-04-14 10:08:35,434][0m Trial 491 finished with value: 0.7838557909186532 and parameters: {'n_estimators': 218, 'min_samples_split': 0.02497868894793171, 'min_samples_leaf': 0.023384110859959704, 'min_weight_fraction_leaf': 0.036454807218784566, 'max_features': 0.6591621110922055, 'bootstrap': False, 'max_samples': 0.5752303310749312}. Best is trial 410 with value: 0.7930338207460208.[0m
[32m[I 2022-04-14 10:10:28,175][0m Trial 492 finished with value: 0.7850340250701133 and parameters: {'n_estimators': 586, 'min_samples_split': 0.009114738085577626, 'min_samples_leaf': 0.03372998292567339, 'min_weight_fraction_leaf': 0.010086941612057188, 'max_features': 0.5903847552572032, 'bootstrap': False, 'max_samples': 0.5885946374243376}. Best is trial 410 with value: 0.7930338207460208.[0m
[32m[I 2022-04-14 10:11:44,110][0m Trial 493 finished with value: 0.7574013401031463 and parameters: {'n_estimators': 534, 'min_samples_split': 0.3969339416648817, 'min_samples_leaf': 0.01894869376704466, 'min_weight_fraction_leaf': 0.029484885006068835, 'max_features': 0.5414693720477611, 'bootstrap': False, 'max_samples': 0.5217591917186053}. Best is trial 410 with value: 0.7930338207460208.[0m
[32m[I 2022-04-14 10:12:51,333][0m Trial 494 finished with value: 0.7592185445533604 and parameters: {'n_estimators': 505, 'min_samples_split': 0.036429027282383473, 'min_samples_leaf': 0.010950151201435892, 'min_weight_fraction_leaf': 0.27892122019201276, 'max_features': 0.6410792211621109, 'bootstrap': False, 'max_samples': 0.6068542354893025}. Best is trial 410 with value: 0.7930338207460208.[0m
[32m[I 2022-04-14 10:15:15,638][0m Trial 495 finished with value: 0.7848991634956637 and parameters: {'n_estimators': 672, 'min_samples_split': 0.049145064807508645, 'min_samples_leaf': 0.02784534685769847, 'min_weight_fraction_leaf': 0.00024495832301465667, 'max_features': 0.6114585953741246, 'bootstrap': False, 'max_samples': 0.549484675150947}. Best is trial 410 with value: 0.7930338207460208.[0m
[32m[I 2022-04-14 10:15:29,308][0m Trial 496 finished with value: 0.754474896067476 and parameters: {'n_estimators': 630, 'min_samples_split': 0.023605407458129092, 'min_samples_leaf': 0.38385196489677936, 'min_weight_fraction_leaf': 0.01641631394970867, 'max_features': 0.5732713539999409, 'bootstrap': False, 'max_samples': 0.5653263527501092}. Best is trial 410 with value: 0.7930338207460208.[0m
[32m[I 2022-04-14 10:15:49,287][0m Trial 497 finished with value: 0.7603571018418941 and parameters: {'n_estimators': 485, 'min_samples_split': 0.03276775851750952, 'min_samples_leaf': 0.2884363772625215, 'min_weight_fraction_leaf': 0.02069424632589386, 'max_features': 0.5962208789922537, 'bootstrap': False, 'max_samples': 0.0042631601344926065}. Best is trial 410 with value: 0.7930338207460208.[0m
[32m[I 2022-04-14 10:15:55,884][0m Trial 498 finished with value: 0.6408914641329381 and parameters: {'n_estimators': 582, 'min_samples_split': 0.01566304887780972, 'min_samples_leaf': 0.4780078732254103, 'min_weight_fraction_leaf': 0.043870788032124, 'max_features': 0.6458366779756476, 'bootstrap': False, 'max_samples': 0.591703244850861}. Best is trial 410 with value: 0.7930338207460208.[0m
[32m[I 2022-04-14 10:19:18,402][0m Trial 499 finished with value: 0.7917056835239109 and parameters: {'n_estimators': 560, 'min_samples_split': 0.001139009401641463, 'min_samples_leaf': 0.009393777123752545, 'min_weight_fraction_leaf': 0.008387241033349861, 'max_features': 0.5589150686619023, 'bootstrap': False, 'max_samples': 0.01969380891785452}. Best is trial 410 with value: 0.7930338207460208.[0m
[32m[I 2022-04-14 10:22:34,047][0m Trial 500 finished with value: 0.7918869772621295 and parameters: {'n_estimators': 549, 'min_samples_split': 0.0014412234573809857, 'min_samples_leaf': 0.00926966447977045, 'min_weight_fraction_leaf': 0.00013202460923070203, 'max_features': 0.5495557755928799, 'bootstrap': False, 'max_samples': 0.01961882265120109}. Best is trial 410 with value: 0.7930338207460208.[0m
[32m[I 2022-04-14 10:25:31,040][0m Trial 501 finished with value: 0.7928124154045182 and parameters: {'n_estimators': 519, 'min_samples_split': 0.010151087304538686, 'min_samples_leaf': 0.009839584988906261, 'min_weight_fraction_leaf': 0.0012241792845818656, 'max_features': 0.5516517565244193, 'bootstrap': False, 'max_samples': 0.012406127726555142}. Best is trial 410 with value: 0.7930338207460208.[0m
[32m[I 2022-04-14 10:26:21,093][0m Trial 502 finished with value: 0.768025558463272 and parameters: {'n_estimators': 519, 'min_samples_split': 0.0026104052717248576, 'min_samples_leaf': 0.11919210317890869, 'min_weight_fraction_leaf': 0.0013699387725532933, 'max_features': 0.5504942689155264, 'bootstrap': False, 'max_samples': 0.006429691523826095}. Best is trial 410 with value: 0.7930338207460208.[0m
[32m[I 2022-04-14 10:29:41,967][0m Trial 503 finished with value: 0.792901382168947 and parameters: {'n_estimators': 555, 'min_samples_split': 0.005278928982560733, 'min_samples_leaf': 0.009524941231279947, 'min_weight_fraction_leaf': 0.0004830285405187963, 'max_features': 0.5608833449562595, 'bootstrap': False, 'max_samples': 0.01906643618680709}. Best is trial 410 with value: 0.7930338207460208.[0m
[32m[I 2022-04-14 10:29:55,870][0m Trial 504 finished with value: 0.5 and parameters: {'n_estimators': 535, 'min_samples_split': 0.0012255136546401267, 'min_samples_leaf': 0.0014793210959526404, 'min_weight_fraction_leaf': 0.009544350601358668, 'max_features': 0.5576465230269194, 'bootstrap': True, 'max_samples': 0.0022078370010474857, 'oob_score': True}. Best is trial 410 with value: 0.7930338207460208.[0m
[32m[I 2022-04-14 10:32:12,533][0m Trial 505 finished with value: 0.7907690233217467 and parameters: {'n_estimators': 553, 'min_samples_split': 0.004177741855981711, 'min_samples_leaf': 0.01935821818785255, 'min_weight_fraction_leaf': 0.00023703788869146856, 'max_features': 0.5223698271685924, 'bootstrap': False, 'max_samples': 0.02560679765636196}. Best is trial 410 with value: 0.7930338207460208.[0m
[32m[I 2022-04-14 10:32:58,200][0m Trial 506 finished with value: 0.6508710339090509 and parameters: {'n_estimators': 507, 'min_samples_split': 0.00783631996422227, 'min_samples_leaf': 0.009893699266525257, 'min_weight_fraction_leaf': 0.4079697275592351, 'max_features': 0.5641564164617725, 'bootstrap': False, 'max_samples': 0.0014093710444317877}. Best is trial 410 with value: 0.7930338207460208.[0m
[32m[I 2022-04-14 10:34:56,565][0m Trial 507 finished with value: 0.7902104084230667 and parameters: {'n_estimators': 475, 'min_samples_split': 0.0040463034536419385, 'min_samples_leaf': 0.017701251190721648, 'min_weight_fraction_leaf': 0.00015873224687040945, 'max_features': 0.5406716184876033, 'bootstrap': False, 'max_samples': 0.03605879629260022}. Best is trial 410 with value: 0.7930338207460208.[0m
[32m[I 2022-04-14 10:38:36,670][0m Trial 508 finished with value: 0.7922117546224499 and parameters: {'n_estimators': 594, 'min_samples_split': 0.008699174229415726, 'min_samples_leaf': 0.00976021008983986, 'min_weight_fraction_leaf': 0.007213771024464126, 'max_features': 0.5816164781053756, 'bootstrap': False, 'max_samples': 0.021034220732117165}. Best is trial 410 with value: 0.7930338207460208.[0m
[32m[I 2022-04-14 10:40:36,888][0m Trial 509 finished with value: 0.7839461272254957 and parameters: {'n_estimators': 609, 'min_samples_split': 0.0027230846313309413, 'min_samples_leaf': 0.02326972075873997, 'min_weight_fraction_leaf': 5.085884356254835e-05, 'max_features': 0.4877521360264556, 'bootstrap': False, 'max_samples': 0.0005706042241835872}. Best is trial 410 with value: 0.7930338207460208.[0m
[32m[I 2022-04-14 10:43:38,947][0m Trial 510 finished with value: 0.7908117317202392 and parameters: {'n_estimators': 555, 'min_samples_split': 0.002617848372046738, 'min_samples_leaf': 0.010045254740876206, 'min_weight_fraction_leaf': 0.008760041384296218, 'max_features': 0.5105144895182733, 'bootstrap': False, 'max_samples': 0.020279301559215906}. Best is trial 410 with value: 0.7930338207460208.[0m
