[32m[I 2022-04-13 19:49:54,155][0m Trial 540 finished with value: 0.8914152850452783 and parameters: {'n_estimators': 276, 'min_samples_split': 0.11342155046274899, 'min_samples_leaf': 0.05092524357044946, 'min_weight_fraction_leaf': 0.00847208649456055, 'max_features': 0.8224826901282415, 'bootstrap': False, 'max_samples': 0.9380447666958289}. Best is trial 394 with value: 0.8941171376114454.[0m
[32m[I 2022-04-13 19:50:35,096][0m Trial 541 finished with value: 0.8915928173423342 and parameters: {'n_estimators': 218, 'min_samples_split': 0.09636395451915263, 'min_samples_leaf': 0.06491220736914356, 'min_weight_fraction_leaf': 0.07242281639781999, 'max_features': 0.795727881937968, 'bootstrap': False, 'max_samples': 0.050983022992015126}. Best is trial 394 with value: 0.8941171376114454.[0m
[32m[I 2022-04-13 19:51:31,978][0m Trial 542 finished with value: 0.8911159089570415 and parameters: {'n_estimators': 302, 'min_samples_split': 0.14241812375265353, 'min_samples_leaf': 0.07584471866041852, 'min_weight_fraction_leaf': 0.05317725663344834, 'max_features': 0.8515107291261376, 'bootstrap': False, 'max_samples': 0.8145781190780793}. Best is trial 394 with value: 0.8941171376114454.[0m
[32m[I 2022-04-13 19:52:15,756][0m Trial 543 finished with value: 0.7776808909505194 and parameters: {'n_estimators': 259, 'min_samples_split': 0.12271152467604567, 'min_samples_leaf': 0.028329696636353124, 'min_weight_fraction_leaf': 0.26541886255376546, 'max_features': 0.8231600658902358, 'bootstrap': False, 'max_samples': 0.9987658716983576}. Best is trial 394 with value: 0.8941171376114454.[0m
[32m[I 2022-04-13 19:53:08,805][0m Trial 544 finished with value: 0.8907765768748265 and parameters: {'n_estimators': 241, 'min_samples_split': 0.1543302968320943, 'min_samples_leaf': 0.057194596745632015, 'min_weight_fraction_leaf': 0.01924723633972819, 'max_features': 0.8812741066933691, 'bootstrap': False, 'max_samples': 0.6228202544979936}. Best is trial 394 with value: 0.8941171376114454.[0m
[32m[I 2022-04-13 19:53:55,350][0m Trial 545 finished with value: 0.8907739281035638 and parameters: {'n_estimators': 283, 'min_samples_split': 0.13289172087462614, 'min_samples_leaf': 0.04321106271363242, 'min_weight_fraction_leaf': 0.03317773968893177, 'max_features': 0.5443605916512533, 'bootstrap': False, 'max_samples': 0.9010300309070445}. Best is trial 394 with value: 0.8941171376114454.[0m
[32m[I 2022-04-13 19:54:02,517][0m Trial 546 finished with value: 0.7207187798195797 and parameters: {'n_estimators': 254, 'min_samples_split': 0.14189617111574715, 'min_samples_leaf': 0.42478960776807595, 'min_weight_fraction_leaf': 0.00012010653050442341, 'max_features': 0.7726869396806468, 'bootstrap': False, 'max_samples': 0.9584099794982356}. Best is trial 394 with value: 0.8941171376114454.[0m
[32m[I 2022-04-13 19:54:45,620][0m Trial 547 finished with value: 0.8900994345885396 and parameters: {'n_estimators': 231, 'min_samples_split': 0.10737982974477014, 'min_samples_leaf': 0.08566631793723786, 'min_weight_fraction_leaf': 0.04498309245280564, 'max_features': 0.8069700454730799, 'bootstrap': False, 'max_samples': 0.9300449369964299}. Best is trial 394 with value: 0.8941171376114454.[0m
[32m[I 2022-04-13 19:55:40,061][0m Trial 548 finished with value: 0.8926989636468544 and parameters: {'n_estimators': 269, 'min_samples_split': 0.126877308199747, 'min_samples_leaf': 0.06666367605865901, 'min_weight_fraction_leaf': 0.026321656698479582, 'max_features': 0.8378109030000156, 'bootstrap': False, 'max_samples': 0.8783489126477245}. Best is trial 394 with value: 0.8941171376114454.[0m
[32m[I 2022-04-13 19:56:31,165][0m Trial 549 finished with value: 0.88441403628221 and parameters: {'n_estimators': 292, 'min_samples_split': 0.11966567602745383, 'min_samples_leaf': 0.10818345127766765, 'min_weight_fraction_leaf': 0.015517298743045875, 'max_features': 0.9679323483045601, 'bootstrap': False, 'max_samples': 0.7589797981194366}. Best is trial 394 with value: 0.8941171376114454.[0m
[32m[I 2022-04-13 19:57:21,791][0m Trial 550 finished with value: 0.8896688854209301 and parameters: {'n_estimators': 241, 'min_samples_split': 0.16713998519803058, 'min_samples_leaf': 0.05352872270369269, 'min_weight_fraction_leaf': 0.05635514736549608, 'max_features': 0.7879851953194401, 'bootstrap': False, 'max_samples': 0.9818058415887407}. Best is trial 394 with value: 0.8941171376114454.[0m
[32m[I 2022-04-13 19:58:12,956][0m Trial 551 finished with value: 0.8919407040223104 and parameters: {'n_estimators': 259, 'min_samples_split': 0.1475028919750655, 'min_samples_leaf': 0.07283990520594563, 'min_weight_fraction_leaf': 0.03647765180609072, 'max_features': 0.8258058170273403, 'bootstrap': False, 'max_samples': 0.9623949502706671}. Best is trial 394 with value: 0.8941171376114454.[0m
[32m[I 2022-04-13 19:59:08,932][0m Trial 552 finished with value: 0.8905353474523675 and parameters: {'n_estimators': 221, 'min_samples_split': 0.13584009525490026, 'min_samples_leaf': 0.03572700394327647, 'min_weight_fraction_leaf': 0.028011138541047306, 'max_features': 0.862116194037698, 'bootstrap': False, 'max_samples': 0.03709161371420637}. Best is trial 394 with value: 0.8941171376114454.[0m
[32m[I 2022-04-13 20:00:13,582][0m Trial 553 finished with value: 0.8935905518091923 and parameters: {'n_estimators': 310, 'min_samples_split': 0.1156544303470134, 'min_samples_leaf': 0.057656649333063865, 'min_weight_fraction_leaf': 0.04287733023626274, 'max_features': 0.8100353890375556, 'bootstrap': False, 'max_samples': 0.8581715463537564}. Best is trial 394 with value: 0.8941171376114454.[0m
[32m[I 2022-04-13 20:01:30,859][0m Trial 554 finished with value: 0.8909271423065258 and parameters: {'n_estimators': 353, 'min_samples_split': 0.1283333113405536, 'min_samples_leaf': 0.048280850184072036, 'min_weight_fraction_leaf': 0.01758450920162193, 'max_features': 0.8074908716436336, 'bootstrap': False, 'max_samples': 0.8498295833736902}. Best is trial 394 with value: 0.8941171376114454.[0m
[32m[I 2022-04-13 20:02:58,776][0m Trial 555 finished with value: 0.891352314140007 and parameters: {'n_estimators': 318, 'min_samples_split': 0.11663043475183744, 'min_samples_leaf': 0.02157051067504401, 'min_weight_fraction_leaf': 0.03741094406637845, 'max_features': 0.8449182102700135, 'bootstrap': False, 'max_samples': 0.861374034803086}. Best is trial 394 with value: 0.8941171376114454.[0m
[32m[I 2022-04-13 20:04:05,125][0m Trial 556 finished with value: 0.8908040484471493 and parameters: {'n_estimators': 336, 'min_samples_split': 0.15556173024502187, 'min_samples_leaf': 0.05915731787991504, 'min_weight_fraction_leaf': 0.01070516069670444, 'max_features': 0.8249827274843589, 'bootstrap': False, 'max_samples': 0.7964201293794512}. Best is trial 394 with value: 0.8941171376114454.[0m
[32m[I 2022-04-13 20:04:50,739][0m Trial 557 finished with value: 0.8872875191076094 and parameters: {'n_estimators': 250, 'min_samples_split': 0.21970794951632944, 'min_samples_leaf': 0.039388518297631084, 'min_weight_fraction_leaf': 0.16197642473059876, 'max_features': 0.8033354148729231, 'bootstrap': False, 'max_samples': 0.8331990553838596}. Best is trial 394 with value: 0.8941171376114454.[0m
[32m[I 2022-04-13 20:04:58,309][0m Trial 558 finished with value: 0.25 and parameters: {'n_estimators': 308, 'min_samples_split': 0.13948357374464773, 'min_samples_leaf': 0.4060329474672344, 'min_weight_fraction_leaf': 0.026043988537515605, 'max_features': 0.8455829998339701, 'bootstrap': True, 'max_samples': 0.8639382310126664, 'oob_score': True}. Best is trial 394 with value: 0.8941171376114454.[0m
[32m[I 2022-04-13 20:05:48,556][0m Trial 559 finished with value: 0.8915452869005988 and parameters: {'n_estimators': 236, 'min_samples_split': 0.12758814930200849, 'min_samples_leaf': 0.050175027871157386, 'min_weight_fraction_leaf': 0.046001750565457265, 'max_features': 0.7877746362416148, 'bootstrap': False, 'max_samples': 0.8855847348026553}. Best is trial 394 with value: 0.8941171376114454.[0m
[32m[I 2022-04-13 20:06:45,316][0m Trial 560 finished with value: 0.8937729582411169 and parameters: {'n_estimators': 273, 'min_samples_split': 0.1460705921093461, 'min_samples_leaf': 0.060815568192055386, 'min_weight_fraction_leaf': 0.0004189436425457854, 'max_features': 0.8199799970405264, 'bootstrap': False, 'max_samples': 0.83980578721363}. Best is trial 394 with value: 0.8941171376114454.[0m
[32m[I 2022-04-13 20:07:38,393][0m Trial 561 finished with value: 0.8892392790991854 and parameters: {'n_estimators': 279, 'min_samples_split': 0.1763612647074164, 'min_samples_leaf': 0.07903466842531627, 'min_weight_fraction_leaf': 0.001725623204901855, 'max_features': 0.8701493744006679, 'bootstrap': False, 'max_samples': 0.8175108914872151}. Best is trial 394 with value: 0.8941171376114454.[0m
[32m[I 2022-04-13 20:08:36,389][0m Trial 562 finished with value: 0.8905418513330325 and parameters: {'n_estimators': 287, 'min_samples_split': 0.16215225084419527, 'min_samples_leaf': 0.06189083605630324, 'min_weight_fraction_leaf': 0.011223614163051192, 'max_features': 0.8293256230954451, 'bootstrap': False, 'max_samples': 0.8346058537673062}. Best is trial 394 with value: 0.8941171376114454.[0m
[32m[I 2022-04-13 20:09:28,751][0m Trial 563 finished with value: 0.8896751799430664 and parameters: {'n_estimators': 272, 'min_samples_split': 0.14708629370444604, 'min_samples_leaf': 0.08471762527540835, 'min_weight_fraction_leaf': 0.0009154162369034262, 'max_features': 0.9047646248870655, 'bootstrap': False, 'max_samples': 0.850963530797104}. Best is trial 394 with value: 0.8941171376114454.[0m
[32m[I 2022-04-13 20:10:22,538][0m Trial 564 finished with value: 0.8907324162471625 and parameters: {'n_estimators': 267, 'min_samples_split': 0.15596385467526439, 'min_samples_leaf': 0.06684897957146423, 'min_weight_fraction_leaf': 0.010349496120970882, 'max_features': 0.8468778399164734, 'bootstrap': False, 'max_samples': 0.8276747324314506}. Best is trial 394 with value: 0.8941171376114454.[0m
[32m[I 2022-04-13 20:11:25,098][0m Trial 565 finished with value: 0.8937930012147545 and parameters: {'n_estimators': 299, 'min_samples_split': 0.14717320429337316, 'min_samples_leaf': 0.05792519771824362, 'min_weight_fraction_leaf': 0.018521580502053294, 'max_features': 0.8142404362728716, 'bootstrap': False, 'max_samples': 0.8617083214392495}. Best is trial 394 with value: 0.8941171376114454.[0m
[32m[I 2022-04-13 20:12:27,583][0m Trial 566 finished with value: 0.8905071911634923 and parameters: {'n_estimators': 318, 'min_samples_split': 0.16825716725144257, 'min_samples_leaf': 0.07335061905861623, 'min_weight_fraction_leaf': 0.0007314877517589878, 'max_features': 0.8209831772408723, 'bootstrap': False, 'max_samples': 0.8509059930184787}. Best is trial 394 with value: 0.8941171376114454.[0m
[32m[I 2022-04-13 20:13:31,828][0m Trial 567 finished with value: 0.8913004468825203 and parameters: {'n_estimators': 301, 'min_samples_split': 0.15013727157856135, 'min_samples_leaf': 0.0653300918113272, 'min_weight_fraction_leaf': 0.018439524331400035, 'max_features': 0.881681850525642, 'bootstrap': False, 'max_samples': 0.7962028575109199}. Best is trial 394 with value: 0.8941171376114454.[0m
[32m[I 2022-04-13 20:14:23,058][0m Trial 568 finished with value: 0.8876692929317711 and parameters: {'n_estimators': 323, 'min_samples_split': 0.14546210360513395, 'min_samples_leaf': 0.09748740393620751, 'min_weight_fraction_leaf': 0.008240056307712063, 'max_features': 0.8555508766972644, 'bootstrap': False, 'max_samples': 0.8211412693800725}. Best is trial 394 with value: 0.8941171376114454.[0m
[32m[I 2022-04-13 20:15:25,795][0m Trial 569 finished with value: 0.8903800747186192 and parameters: {'n_estimators': 305, 'min_samples_split': 0.15993390199843763, 'min_samples_leaf': 0.0601247284042232, 'min_weight_fraction_leaf': 0.022763562587767967, 'max_features': 0.8360848446193226, 'bootstrap': False, 'max_samples': 0.8616728849694775}. Best is trial 394 with value: 0.8941171376114454.[0m
[32m[I 2022-04-13 20:16:20,373][0m Trial 570 finished with value: 0.8915094698600378 and parameters: {'n_estimators': 295, 'min_samples_split': 0.13968276178432917, 'min_samples_leaf': 0.07408339832050095, 'min_weight_fraction_leaf': 0.000359165882787722, 'max_features': 0.8137599515354803, 'bootstrap': False, 'max_samples': 0.8393124811807521}. Best is trial 394 with value: 0.8941171376114454.[0m
[32m[I 2022-04-13 20:17:22,564][0m Trial 571 finished with value: 0.8911427965819939 and parameters: {'n_estimators': 341, 'min_samples_split': 0.12096973015536303, 'min_samples_leaf': 0.08341194960191657, 'min_weight_fraction_leaf': 0.02792116502427864, 'max_features': 0.7932125940243754, 'bootstrap': False, 'max_samples': 0.8663206542006656}. Best is trial 394 with value: 0.8941171376114454.[0m
[32m[I 2022-04-13 20:18:25,019][0m Trial 572 finished with value: 0.8895017038717569 and parameters: {'n_estimators': 285, 'min_samples_split': 0.18048539726035545, 'min_samples_leaf': 0.05534321308780401, 'min_weight_fraction_leaf': 0.012184119898979568, 'max_features': 0.8308602977369608, 'bootstrap': False, 'max_samples': 0.8386491069659544}. Best is trial 394 with value: 0.8941171376114454.[0m
[32m[I 2022-04-13 20:19:38,334][0m Trial 573 finished with value: 0.89110376766541 and parameters: {'n_estimators': 308, 'min_samples_split': 0.14822361037355425, 'min_samples_leaf': 0.04610837856498378, 'min_weight_fraction_leaf': 0.03260691702529796, 'max_features': 0.8637313134679143, 'bootstrap': False, 'max_samples': 0.8167028028986197}. Best is trial 394 with value: 0.8941171376114454.[0m
[32m[I 2022-04-13 20:20:36,731][0m Trial 574 finished with value: 0.8914323621535051 and parameters: {'n_estimators': 283, 'min_samples_split': 0.11369077387690443, 'min_samples_leaf': 0.06560311217897247, 'min_weight_fraction_leaf': 0.020194999421924743, 'max_features': 0.7726366633231005, 'bootstrap': False, 'max_samples': 0.8655681053015603}. Best is trial 394 with value: 0.8941171376114454.[0m
[32m[I 2022-04-13 20:21:12,843][0m Trial 575 finished with value: 0.7739156816113338 and parameters: {'n_estimators': 324, 'min_samples_split': 0.25012362813712286, 'min_samples_leaf': 0.05662487118211387, 'min_weight_fraction_leaf': 0.3724928954341513, 'max_features': 0.8134050708880546, 'bootstrap': False, 'max_samples': 0.8793722547568436}. Best is trial 394 with value: 0.8941171376114454.[0m
[32m[I 2022-04-13 20:22:10,760][0m Trial 576 finished with value: 0.8907697224886004 and parameters: {'n_estimators': 295, 'min_samples_split': 0.1306917845680588, 'min_samples_leaf': 0.07687395869651528, 'min_weight_fraction_leaf': 0.03533886822441364, 'max_features': 0.8431217143001374, 'bootstrap': False, 'max_samples': 0.7773802830787633}. Best is trial 394 with value: 0.8941171376114454.[0m
[32m[I 2022-04-13 20:22:56,858][0m Trial 577 finished with value: 0.8918917440378904 and parameters: {'n_estimators': 191, 'min_samples_split': 0.13974226466713688, 'min_samples_leaf': 0.03601085838142039, 'min_weight_fraction_leaf': 0.01158038065448729, 'max_features': 0.7885275930174526, 'bootstrap': False, 'max_samples': 0.8331094368484255}. Best is trial 394 with value: 0.8941171376114454.[0m
[32m[I 2022-04-13 20:23:00,939][0m Trial 578 finished with value: 0.25 and parameters: {'n_estimators': 272, 'min_samples_split': 0.1537300706847228, 'min_samples_leaf': 0.06870170550649218, 'min_weight_fraction_leaf': 0.45825398523101746, 'max_features': 0.8188845381641285, 'bootstrap': True, 'max_samples': 0.8541671219777554, 'oob_score': False}. Best is trial 394 with value: 0.8941171376114454.[0m
[32m[I 2022-04-13 20:24:02,999][0m Trial 579 finished with value: 0.8915862342145019 and parameters: {'n_estimators': 282, 'min_samples_split': 0.124752489168108, 'min_samples_leaf': 0.04612942740634887, 'min_weight_fraction_leaf': 0.02486842660869704, 'max_features': 0.7993539912188679, 'bootstrap': False, 'max_samples': 0.7993442342069605}. Best is trial 394 with value: 0.8941171376114454.[0m
[32m[I 2022-04-13 20:25:07,178][0m Trial 580 finished with value: 0.8917974827462578 and parameters: {'n_estimators': 298, 'min_samples_split': 0.11184552286013287, 'min_samples_leaf': 0.05880857947373988, 'min_weight_fraction_leaf': 0.01680017639334572, 'max_features': 0.8323696342658805, 'bootstrap': False, 'max_samples': 0.880107884256503}. Best is trial 394 with value: 0.8941171376114454.[0m
[32m[I 2022-04-13 20:25:55,221][0m Trial 581 finished with value: 0.8883778011822567 and parameters: {'n_estimators': 265, 'min_samples_split': 0.09877530704503516, 'min_samples_leaf': 0.09058746395905398, 'min_weight_fraction_leaf': 0.04029674710818217, 'max_features': 0.8583451824266954, 'bootstrap': False, 'max_samples': 0.8949424472570829}. Best is trial 394 with value: 0.8941171376114454.[0m
[32m[I 2022-04-13 20:26:54,431][0m Trial 582 finished with value: 0.8897309308865493 and parameters: {'n_estimators': 313, 'min_samples_split': 0.1659067393704237, 'min_samples_leaf': 0.06869768869558086, 'min_weight_fraction_leaf': 0.0077663859692281775, 'max_features': 0.7729475279818393, 'bootstrap': False, 'max_samples': 0.8182112617908487}. Best is trial 394 with value: 0.8941171376114454.[0m
[32m[I 2022-04-13 20:27:57,373][0m Trial 583 finished with value: 0.8925735937377596 and parameters: {'n_estimators': 275, 'min_samples_split': 0.13665473312792156, 'min_samples_leaf': 0.0470957512201898, 'min_weight_fraction_leaf': 0.02970560982026444, 'max_features': 0.8124404980544171, 'bootstrap': False, 'max_samples': 0.8474946657779672}. Best is trial 394 with value: 0.8941171376114454.[0m
[32m[I 2022-04-13 20:28:50,621][0m Trial 584 finished with value: 0.8901499935264496 and parameters: {'n_estimators': 291, 'min_samples_split': 0.12803495014780167, 'min_samples_leaf': 0.0807529462132554, 'min_weight_fraction_leaf': 0.0004979837700556863, 'max_features': 0.8436794790180197, 'bootstrap': False, 'max_samples': 0.8017758388318516}. Best is trial 394 with value: 0.8941171376114454.[0m
[32m[I 2022-04-13 20:30:01,500][0m Trial 585 finished with value: 0.7837919159834053 and parameters: {'n_estimators': 370, 'min_samples_split': 0.14695523777225383, 'min_samples_leaf': 0.05868567543140652, 'min_weight_fraction_leaf': 0.14346899758223566, 'max_features': 0.8803748077083554, 'bootstrap': False, 'max_samples': 0.8797279464540266}. Best is trial 394 with value: 0.8941171376114454.[0m
[32m[I 2022-04-13 20:30:52,918][0m Trial 586 finished with value: 0.8868349501856192 and parameters: {'n_estimators': 270, 'min_samples_split': 0.11954427210462848, 'min_samples_leaf': 0.03131501996750523, 'min_weight_fraction_leaf': 0.1901924370137586, 'max_features': 0.7961663795619449, 'bootstrap': False, 'max_samples': 0.8657470788006761}. Best is trial 394 with value: 0.8941171376114454.[0m
[32m[I 2022-04-13 20:31:56,319][0m Trial 587 finished with value: 0.89279830600536 and parameters: {'n_estimators': 283, 'min_samples_split': 0.13779898273901398, 'min_samples_leaf': 0.052726262362174474, 'min_weight_fraction_leaf': 0.020703920247128853, 'max_features': 0.8255955331067881, 'bootstrap': False, 'max_samples': 0.8909631415802839}. Best is trial 394 with value: 0.8941171376114454.[0m
[32m[I 2022-04-13 20:32:15,826][0m Trial 588 finished with value: 0.7766772804858012 and parameters: {'n_estimators': 262, 'min_samples_split': 0.10462167614516754, 'min_samples_leaf': 0.26045978870294023, 'min_weight_fraction_leaf': 0.04230882046807377, 'max_features': 0.7871209226611211, 'bootstrap': False, 'max_samples': 0.9079712386584745}. Best is trial 394 with value: 0.8941171376114454.[0m
[32m[I 2022-04-13 20:33:18,457][0m Trial 589 finished with value: 0.8894654948195051 and parameters: {'n_estimators': 309, 'min_samples_split': 0.15813545239720084, 'min_samples_leaf': 0.0670541124954713, 'min_weight_fraction_leaf': 0.03361090370329121, 'max_features': 0.8118418983580287, 'bootstrap': False, 'max_samples': 0.8350751911338501}. Best is trial 394 with value: 0.8941171376114454.[0m
[32m[I 2022-04-13 20:34:23,277][0m Trial 590 finished with value: 0.8907722473487327 and parameters: {'n_estimators': 258, 'min_samples_split': 0.13022787331660995, 'min_samples_leaf': 0.04335878456829908, 'min_weight_fraction_leaf': 0.02589816758302481, 'max_features': 0.8592967537535074, 'bootstrap': False, 'max_samples': 0.9007373170967071}. Best is trial 394 with value: 0.8941171376114454.[0m
[32m[I 2022-04-13 20:35:12,575][0m Trial 591 finished with value: 0.7798162985590071 and parameters: {'n_estimators': 335, 'min_samples_split': 0.41120856043423876, 'min_samples_leaf': 0.0781082941342531, 'min_weight_fraction_leaf': 0.015314041546176955, 'max_features': 0.766182819740203, 'bootstrap': False, 'max_samples': 0.7858326133861218}. Best is trial 394 with value: 0.8941171376114454.[0m
[32m[I 2022-04-13 20:36:17,451][0m Trial 592 finished with value: 0.8916354780982548 and parameters: {'n_estimators': 293, 'min_samples_split': 0.11629106999143723, 'min_samples_leaf': 0.059451026914457306, 'min_weight_fraction_leaf': 0.045520318307840035, 'max_features': 0.8372066750985727, 'bootstrap': False, 'max_samples': 0.850748184375344}. Best is trial 394 with value: 0.8941171376114454.[0m
[32m[I 2022-04-13 20:36:58,214][0m Trial 593 finished with value: 0.8917624754091623 and parameters: {'n_estimators': 208, 'min_samples_split': 0.14528990599092811, 'min_samples_leaf': 0.07143388600171884, 'min_weight_fraction_leaf': 0.010033168398775778, 'max_features': 0.8033271802550354, 'bootstrap': False, 'max_samples': 0.8796186771671372}. Best is trial 394 with value: 0.8941171376114454.[0m
