[32m[I 2022-04-14 02:30:13,934][0m Trial 25 finished with value: 0.7751001001793453 and parameters: {'n_estimators': 246, 'min_samples_split': 0.08026329701654683, 'min_samples_leaf': 0.09191587014519276, 'min_weight_fraction_leaf': 0.05519585624394469, 'max_features': 0.7556837559374243, 'bootstrap': False, 'max_samples': 0.5367800144267588}. Best is trial 22 with value: 0.7858881488828502.[0m
[32m[I 2022-04-14 02:30:21,580][0m Trial 26 finished with value: 0.7554950333445173 and parameters: {'n_estimators': 205, 'min_samples_split': 0.0751107001323598, 'min_samples_leaf': 0.10171610267630622, 'min_weight_fraction_leaf': 0.05670581535431856, 'max_features': 0.9717737776475646, 'bootstrap': True, 'max_samples': 0.43616500364523936, 'oob_score': True}. Best is trial 22 with value: 0.7858881488828502.[0m
[32m[I 2022-04-14 02:30:41,744][0m Trial 27 finished with value: 0.7574377096921645 and parameters: {'n_estimators': 298, 'min_samples_split': 0.02457149854069099, 'min_samples_leaf': 0.17622771893445782, 'min_weight_fraction_leaf': 0.31676591094488227, 'max_features': 0.6868155326769929, 'bootstrap': False, 'max_samples': 0.3658915959642444}. Best is trial 22 with value: 0.7858881488828502.[0m
[32m[I 2022-04-14 02:31:10,874][0m Trial 28 finished with value: 0.7785814491514735 and parameters: {'n_estimators': 172, 'min_samples_split': 0.09136876452024957, 'min_samples_leaf': 0.0893389340980629, 'min_weight_fraction_leaf': 0.006057329431843575, 'max_features': 0.8023117915606612, 'bootstrap': False, 'max_samples': 0.5152203376800027}. Best is trial 22 with value: 0.7858881488828502.[0m
[32m[I 2022-04-14 02:31:33,008][0m Trial 29 finished with value: 0.7660797983093561 and parameters: {'n_estimators': 171, 'min_samples_split': 0.17902310444720337, 'min_samples_leaf': 0.1478534125015014, 'min_weight_fraction_leaf': 0.01076992523494239, 'max_features': 0.9092379494801873, 'bootstrap': False, 'max_samples': 0.33549848357444856}. Best is trial 22 with value: 0.7858881488828502.[0m
[32m[I 2022-04-14 02:32:52,716][0m Trial 30 finished with value: 0.766141601485647 and parameters: {'n_estimators': 449, 'min_samples_split': 0.10649213003566632, 'min_samples_leaf': 0.03546390111644937, 'min_weight_fraction_leaf': 0.19412226172610553, 'max_features': 0.8216475398108521, 'bootstrap': False, 'max_samples': 0.8581323979667592}. Best is trial 22 with value: 0.7858881488828502.[0m
[32m[I 2022-04-14 02:33:34,557][0m Trial 31 finished with value: 0.7752830690198029 and parameters: {'n_estimators': 266, 'min_samples_split': 0.05253431384472061, 'min_samples_leaf': 0.09605097835205109, 'min_weight_fraction_leaf': 0.06057178448020281, 'max_features': 0.7841867016941919, 'bootstrap': False, 'max_samples': 0.5268268400039632}. Best is trial 22 with value: 0.7858881488828502.[0m
[32m[I 2022-04-14 02:34:24,124][0m Trial 32 finished with value: 0.7739066189074576 and parameters: {'n_estimators': 277, 'min_samples_split': 0.05226863155629313, 'min_samples_leaf': 0.09377683081347489, 'min_weight_fraction_leaf': 0.06323887688035679, 'max_features': 0.9097655188168526, 'bootstrap': False, 'max_samples': 0.6050677312973012}. Best is trial 22 with value: 0.7858881488828502.[0m
[32m[I 2022-04-14 02:34:54,157][0m Trial 33 finished with value: 0.7825216666267156 and parameters: {'n_estimators': 126, 'min_samples_split': 0.14005109603012958, 'min_samples_leaf': 0.037382472502544534, 'min_weight_fraction_leaf': 0.028204721869456013, 'max_features': 0.7985311699891113, 'bootstrap': False, 'max_samples': 0.5004609233851701}. Best is trial 22 with value: 0.7858881488828502.[0m
[32m[I 2022-04-14 02:35:19,335][0m Trial 34 finished with value: 0.7811739899926771 and parameters: {'n_estimators': 109, 'min_samples_split': 0.14020761621450964, 'min_samples_leaf': 0.04258033150019801, 'min_weight_fraction_leaf': 0.03023717966302359, 'max_features': 0.8838204209250594, 'bootstrap': False, 'max_samples': 0.6987788471980813}. Best is trial 22 with value: 0.7858881488828502.[0m
[32m[I 2022-04-14 02:35:41,554][0m Trial 35 finished with value: 0.7719583447464459 and parameters: {'n_estimators': 108, 'min_samples_split': 0.14421604442564884, 'min_samples_leaf': 0.035811253848707654, 'min_weight_fraction_leaf': 0.12890077511844045, 'max_features': 0.8847249369098036, 'bootstrap': False, 'max_samples': 0.6956117279254433}. Best is trial 22 with value: 0.7858881488828502.[0m
[32m[I 2022-04-14 02:35:50,970][0m Trial 36 finished with value: 0.7777268975754326 and parameters: {'n_estimators': 128, 'min_samples_split': 0.12681416328889528, 'min_samples_leaf': 0.03993926293624893, 'min_weight_fraction_leaf': 0.036554663142378575, 'max_features': 0.5279290824614485, 'bootstrap': True, 'max_samples': 0.7240092458226549, 'oob_score': True}. Best is trial 22 with value: 0.7858881488828502.[0m
[32m[I 2022-04-14 02:35:59,530][0m Trial 37 finished with value: 0.755007084305874 and parameters: {'n_estimators': 127, 'min_samples_split': 0.17604851995059187, 'min_samples_leaf': 0.22104787956907973, 'min_weight_fraction_leaf': 0.03055439320197278, 'max_features': 0.6786477701736248, 'bootstrap': False, 'max_samples': 0.8186888706653872}. Best is trial 22 with value: 0.7858881488828502.[0m
[32m[I 2022-04-14 02:36:03,584][0m Trial 38 finished with value: 0.5 and parameters: {'n_estimators': 148, 'min_samples_split': 0.20206926322990393, 'min_samples_leaf': 0.4859047273739807, 'min_weight_fraction_leaf': 0.11468790535630165, 'max_features': 0.949230264668955, 'bootstrap': True, 'max_samples': 0.5886114877574166, 'oob_score': True}. Best is trial 22 with value: 0.7858881488828502.[0m
[32m[I 2022-04-14 02:36:09,125][0m Trial 39 finished with value: 0.7537759694157067 and parameters: {'n_estimators': 117, 'min_samples_split': 0.00434112629795208, 'min_samples_leaf': 0.27540485574056106, 'min_weight_fraction_leaf': 0.17649490378106014, 'max_features': 0.4722230430243851, 'bootstrap': False, 'max_samples': 0.25267353741861137}. Best is trial 22 with value: 0.7858881488828502.[0m
[32m[I 2022-04-14 02:36:20,938][0m Trial 40 finished with value: 0.7479212906323798 and parameters: {'n_estimators': 344, 'min_samples_split': 0.14859069683291165, 'min_samples_leaf': 0.36095178284797097, 'min_weight_fraction_leaf': 0.07704109010035075, 'max_features': 0.8496623674943011, 'bootstrap': False, 'max_samples': 0.6339671064512875}. Best is trial 22 with value: 0.7858881488828502.[0m
[32m[I 2022-04-14 02:36:47,127][0m Trial 41 finished with value: 0.7830838626295289 and parameters: {'n_estimators': 100, 'min_samples_split': 0.09650587052737944, 'min_samples_leaf': 0.03554652147226574, 'min_weight_fraction_leaf': 0.022657168436760453, 'max_features': 0.7930855953215965, 'bootstrap': False, 'max_samples': 0.48327983191324586}. Best is trial 22 with value: 0.7858881488828502.[0m
[32m[I 2022-04-14 02:37:10,837][0m Trial 42 finished with value: 0.7847246541924605 and parameters: {'n_estimators': 102, 'min_samples_split': 0.031257213404713526, 'min_samples_leaf': 0.02901864462869959, 'min_weight_fraction_leaf': 0.02589829811667793, 'max_features': 0.645444447975498, 'bootstrap': False, 'max_samples': 0.4796215362098257}. Best is trial 22 with value: 0.7858881488828502.[0m
[32m[I 2022-04-14 02:37:20,476][0m Trial 43 finished with value: 0.6408377583439696 and parameters: {'n_estimators': 142, 'min_samples_split': 0.03205493107828153, 'min_samples_leaf': 0.12328250067964133, 'min_weight_fraction_leaf': 0.4935303042779084, 'max_features': 0.6270191060433286, 'bootstrap': False, 'max_samples': 0.4626716388900841}. Best is trial 22 with value: 0.7858881488828502.[0m
[32m[I 2022-04-14 02:37:42,595][0m Trial 44 finished with value: 0.7860603797639245 and parameters: {'n_estimators': 103, 'min_samples_split': 0.06806718163364626, 'min_samples_leaf': 0.033647038195286146, 'min_weight_fraction_leaf': 0.02233944324028982, 'max_features': 0.6692000636539696, 'bootstrap': False, 'max_samples': 0.48540480499441396}. Best is trial 44 with value: 0.7860603797639245.[0m
[32m[I 2022-04-14 02:37:49,660][0m Trial 45 finished with value: 0.7737773578719667 and parameters: {'n_estimators': 100, 'min_samples_split': 0.10383686813546095, 'min_samples_leaf': 0.02067347960775278, 'min_weight_fraction_leaf': 0.04421277087842578, 'max_features': 0.6912868299360266, 'bootstrap': True, 'max_samples': 0.38831603887439986, 'oob_score': True}. Best is trial 44 with value: 0.7860603797639245.[0m
[32m[I 2022-04-14 02:38:15,920][0m Trial 46 finished with value: 0.782738480761942 and parameters: {'n_estimators': 123, 'min_samples_split': 0.028967679627674173, 'min_samples_leaf': 0.026239043255734378, 'min_weight_fraction_leaf': 0.02271266115089354, 'max_features': 0.5814019204379017, 'bootstrap': False, 'max_samples': 0.44497310298457476}. Best is trial 44 with value: 0.7860603797639245.[0m
[32m[I 2022-04-14 02:38:23,141][0m Trial 47 finished with value: 0.6398905454776245 and parameters: {'n_estimators': 116, 'min_samples_split': 0.020857367509532945, 'min_samples_leaf': 0.07449968370196972, 'min_weight_fraction_leaf': 0.4259935604350832, 'max_features': 0.5573646785214171, 'bootstrap': False, 'max_samples': 0.21437851819845455}. Best is trial 44 with value: 0.7860603797639245.[0m
[32m[I 2022-04-14 02:38:52,534][0m Trial 48 finished with value: 0.7792478957681918 and parameters: {'n_estimators': 167, 'min_samples_split': 0.05617899554396366, 'min_samples_leaf': 0.02682226445089599, 'min_weight_fraction_leaf': 0.0828415171602804, 'max_features': 0.5824692633437527, 'bootstrap': False, 'max_samples': 0.29215839125876814}. Best is trial 44 with value: 0.7860603797639245.[0m
[32m[I 2022-04-14 02:38:55,193][0m Trial 49 finished with value: 0.7603059142259793 and parameters: {'n_estimators': 137, 'min_samples_split': 0.002105119305465905, 'min_samples_leaf': 0.11873624832665054, 'min_weight_fraction_leaf': 0.026808341171242443, 'max_features': 0.46238026075124583, 'bootstrap': True, 'max_samples': 0.42510905095204005, 'oob_score': False}. Best is trial 44 with value: 0.7860603797639245.[0m
[32m[I 2022-04-14 02:39:07,493][0m Trial 50 finished with value: 0.7640053190013604 and parameters: {'n_estimators': 100, 'min_samples_split': 0.032176766125716585, 'min_samples_leaf': 0.07623325851903709, 'min_weight_fraction_leaf': 0.14198659325310684, 'max_features': 0.6779252413736727, 'bootstrap': False, 'max_samples': 0.5638341225704695}. Best is trial 44 with value: 0.7860603797639245.[0m
[32m[I 2022-04-14 02:39:45,064][0m Trial 51 finished with value: 0.7884541080925614 and parameters: {'n_estimators': 120, 'min_samples_split': 0.06188641867242041, 'min_samples_leaf': 0.024781731189972945, 'min_weight_fraction_leaf': 0.015136536755697741, 'max_features': 0.7856135322064693, 'bootstrap': False, 'max_samples': 0.48373302658739425}. Best is trial 51 with value: 0.7884541080925614.[0m
[32m[I 2022-04-14 02:40:08,603][0m Trial 52 finished with value: 0.7829840197658189 and parameters: {'n_estimators': 116, 'min_samples_split': 0.06324527670971886, 'min_samples_leaf': 0.030846973016100163, 'min_weight_fraction_leaf': 0.018278197648216143, 'max_features': 0.6067883118849056, 'bootstrap': False, 'max_samples': 0.4638455559475737}. Best is trial 51 with value: 0.7884541080925614.[0m
[32m[I 2022-04-14 02:40:43,563][0m Trial 53 finished with value: 0.7821623091793624 and parameters: {'n_estimators': 157, 'min_samples_split': 0.06326953018484041, 'min_samples_leaf': 0.01582287172189158, 'min_weight_fraction_leaf': 0.07453601108704411, 'max_features': 0.724030757069215, 'bootstrap': False, 'max_samples': 0.4680344786109746}. Best is trial 51 with value: 0.7884541080925614.[0m
[32m[I 2022-04-14 02:41:08,208][0m Trial 54 finished with value: 0.7829753028887959 and parameters: {'n_estimators': 120, 'min_samples_split': 0.09632679337461113, 'min_samples_leaf': 0.061872307043343025, 'min_weight_fraction_leaf': 0.0009572564900361125, 'max_features': 0.7674664937091842, 'bootstrap': False, 'max_samples': 0.3829220941641672}. Best is trial 51 with value: 0.7884541080925614.[0m
[32m[I 2022-04-14 02:41:24,433][0m Trial 55 finished with value: 0.7850228445889386 and parameters: {'n_estimators': 113, 'min_samples_split': 0.11694990360639398, 'min_samples_leaf': 0.07869673260261911, 'min_weight_fraction_leaf': 0.04526105298135521, 'max_features': 0.6113900156410252, 'bootstrap': False, 'max_samples': 0.07896050843765551}. Best is trial 51 with value: 0.7884541080925614.[0m
[32m[I 2022-04-14 02:41:37,813][0m Trial 56 finished with value: 0.7713694618603736 and parameters: {'n_estimators': 109, 'min_samples_split': 0.12040309440370123, 'min_samples_leaf': 0.14904350984713904, 'min_weight_fraction_leaf': 0.047311664594216526, 'max_features': 0.8386335271309863, 'bootstrap': False, 'max_samples': 0.027252435737189107}. Best is trial 51 with value: 0.7884541080925614.[0m
[32m[I 2022-04-14 02:42:08,310][0m Trial 57 finished with value: 0.7719777349736625 and parameters: {'n_estimators': 133, 'min_samples_split': 0.09321850971393306, 'min_samples_leaf': 0.0021666704455637793, 'min_weight_fraction_leaf': 0.10018809610112028, 'max_features': 0.7136336550058093, 'bootstrap': False, 'max_samples': 0.10184531363488963}. Best is trial 51 with value: 0.7884541080925614.[0m
[32m[I 2022-04-14 02:43:39,733][0m Trial 58 finished with value: 0.7700782660919442 and parameters: {'n_estimators': 819, 'min_samples_split': 0.040389488752769216, 'min_samples_leaf': 0.11261813416358396, 'min_weight_fraction_leaf': 0.04804911927187141, 'max_features': 0.6482132944220875, 'bootstrap': False, 'max_samples': 0.13568419859658876}. Best is trial 51 with value: 0.7884541080925614.[0m
[32m[I 2022-04-14 02:44:04,159][0m Trial 59 finished with value: 0.7791754333361044 and parameters: {'n_estimators': 193, 'min_samples_split': 0.16174827038369002, 'min_samples_leaf': 0.078062727809962, 'min_weight_fraction_leaf': 0.017298855435705668, 'max_features': 0.5455138098104098, 'bootstrap': False, 'max_samples': 0.5565115407519848}. Best is trial 51 with value: 0.7884541080925614.[0m
[32m[I 2022-04-14 02:44:20,159][0m Trial 60 finished with value: 0.7746366152038193 and parameters: {'n_estimators': 101, 'min_samples_split': 0.23707623210567622, 'min_samples_leaf': 0.05365991184257414, 'min_weight_fraction_leaf': 0.06837496008933389, 'max_features': 0.6551660607042646, 'bootstrap': False, 'max_samples': 0.08830362492082677}. Best is trial 51 with value: 0.7884541080925614.[0m
[32m[I 2022-04-14 02:44:50,255][0m Trial 61 finished with value: 0.7894562868051375 and parameters: {'n_estimators': 113, 'min_samples_split': 0.06965501735594919, 'min_samples_leaf': 0.019106618870448875, 'min_weight_fraction_leaf': 0.015196358850382619, 'max_features': 0.6153173619895679, 'bootstrap': False, 'max_samples': 0.9301184438021857}. Best is trial 61 with value: 0.7894562868051375.[0m
[32m[I 2022-04-14 02:45:01,696][0m Trial 62 finished with value: 0.7548903132787778 and parameters: {'n_estimators': 111, 'min_samples_split': 0.07077830483390146, 'min_samples_leaf': 0.017757732698956013, 'min_weight_fraction_leaf': 0.28657567060042316, 'max_features': 0.5007465559402831, 'bootstrap': False, 'max_samples': 0.6195851230426382}. Best is trial 61 with value: 0.7894562868051375.[0m
[32m[I 2022-04-14 02:45:28,864][0m Trial 63 finished with value: 0.7854231878658884 and parameters: {'n_estimators': 143, 'min_samples_split': 0.11888832046269818, 'min_samples_leaf': 0.04819949121700059, 'min_weight_fraction_leaf': 0.014496412904875475, 'max_features': 0.6124732306892272, 'bootstrap': False, 'max_samples': 0.4947680729245404}. Best is trial 61 with value: 0.7894562868051375.[0m
[32m[I 2022-04-14 02:45:53,161][0m Trial 64 finished with value: 0.782902357487832 and parameters: {'n_estimators': 143, 'min_samples_split': 0.11528833195552529, 'min_samples_leaf': 0.05030415002786293, 'min_weight_fraction_leaf': 0.045185985588836, 'max_features': 0.6186837182332124, 'bootstrap': False, 'max_samples': 0.9399689343915217}. Best is trial 61 with value: 0.7894562868051375.[0m
[32m[I 2022-04-14 02:46:18,490][0m Trial 65 finished with value: 0.7793126326820732 and parameters: {'n_estimators': 156, 'min_samples_split': 0.08458272492958926, 'min_samples_leaf': 0.07989605020248705, 'min_weight_fraction_leaf': 0.0004372219208768815, 'max_features': 0.7029122341245937, 'bootstrap': False, 'max_samples': 0.9437803575228298}. Best is trial 61 with value: 0.7894562868051375.[0m
[32m[I 2022-04-14 02:46:36,726][0m Trial 66 finished with value: 0.7768119757373727 and parameters: {'n_estimators': 131, 'min_samples_split': 0.016807692021006376, 'min_samples_leaf': 0.059827012604857774, 'min_weight_fraction_leaf': 0.09233269504860356, 'max_features': 0.49280234859759686, 'bootstrap': False, 'max_samples': 0.3444078524072327}. Best is trial 61 with value: 0.7894562868051375.[0m
[32m[I 2022-04-14 02:47:14,262][0m Trial 67 finished with value: 0.7836218411757173 and parameters: {'n_estimators': 112, 'min_samples_split': 0.045790735089828866, 'min_samples_leaf': 0.01504105508885787, 'min_weight_fraction_leaf': 0.010488780875372439, 'max_features': 0.6628675264080613, 'bootstrap': False, 'max_samples': 0.7804453147953786}. Best is trial 61 with value: 0.7894562868051375.[0m
[32m[I 2022-04-14 02:47:22,522][0m Trial 68 finished with value: 0.7628043372408817 and parameters: {'n_estimators': 143, 'min_samples_split': 0.07088226318051333, 'min_samples_leaf': 0.0017302444895231014, 'min_weight_fraction_leaf': 0.05538931524499153, 'max_features': 0.42947089735916866, 'bootstrap': True, 'max_samples': 0.40086577496655373, 'oob_score': True}. Best is trial 61 with value: 0.7894562868051375.[0m
[32m[I 2022-04-14 02:47:35,068][0m Trial 69 finished with value: 0.7563336073508504 and parameters: {'n_estimators': 418, 'min_samples_split': 0.12670702498159095, 'min_samples_leaf': 0.3353044452605452, 'min_weight_fraction_leaf': 0.04152855205856211, 'max_features': 0.6094263580130176, 'bootstrap': False, 'max_samples': 0.29115120836334374}. Best is trial 61 with value: 0.7894562868051375.[0m
[32m[I 2022-04-14 02:48:01,642][0m Trial 70 finished with value: 0.7723146254766621 and parameters: {'n_estimators': 208, 'min_samples_split': 0.20827435895605428, 'min_samples_leaf': 0.13774272175996533, 'min_weight_fraction_leaf': 0.07031294009335448, 'max_features': 0.7477551429004251, 'bootstrap': False, 'max_samples': 0.5117613802159537}. Best is trial 61 with value: 0.7894562868051375.[0m
[32m[I 2022-04-14 02:48:34,538][0m Trial 71 finished with value: 0.7841669270272567 and parameters: {'n_estimators': 110, 'min_samples_split': 0.04597318913396636, 'min_samples_leaf': 0.018628995246678326, 'min_weight_fraction_leaf': 0.00879495669628974, 'max_features': 0.6724974075316882, 'bootstrap': False, 'max_samples': 0.8304557007172512}. Best is trial 61 with value: 0.7894562868051375.[0m
[32m[I 2022-04-14 02:48:36,959][0m Trial 72 finished with value: 0.70994667368593 and parameters: {'n_estimators': 123, 'min_samples_split': 0.04235996735911213, 'min_samples_leaf': 0.04944309058113422, 'min_weight_fraction_leaf': 0.01756204599633484, 'max_features': 0.04432836365123405, 'bootstrap': False, 'max_samples': 0.8938554135841604}. Best is trial 61 with value: 0.7894562868051375.[0m
[32m[I 2022-04-14 02:48:45,212][0m Trial 73 finished with value: 0.7514853209952947 and parameters: {'n_estimators': 105, 'min_samples_split': 0.0163699979174696, 'min_samples_leaf': 0.019515786612788306, 'min_weight_fraction_leaf': 0.36451995736715015, 'max_features': 0.5530471506610041, 'bootstrap': False, 'max_samples': 0.9102665851478023}. Best is trial 61 with value: 0.7894562868051375.[0m
[32m[I 2022-04-14 02:49:00,513][0m Trial 74 finished with value: 0.7797960567130524 and parameters: {'n_estimators': 118, 'min_samples_split': 0.2897992528662148, 'min_samples_leaf': 0.08767651861014232, 'min_weight_fraction_leaf': 0.03666608345877478, 'max_features': 0.637123301225238, 'bootstrap': False, 'max_samples': 0.8442277875372135}. Best is trial 61 with value: 0.7894562868051375.[0m
[32m[I 2022-04-14 02:49:22,545][0m Trial 75 finished with value: 0.7846266843513419 and parameters: {'n_estimators': 134, 'min_samples_split': 0.08396063093994263, 'min_samples_leaf': 0.06436863411269808, 'min_weight_fraction_leaf': 0.01127563578856805, 'max_features': 0.7129687277442364, 'bootstrap': False, 'max_samples': 0.5505811384100744}. Best is trial 61 with value: 0.7894562868051375.[0m
[32m[I 2022-04-14 02:50:17,426][0m Trial 76 finished with value: 0.7876552661390159 and parameters: {'n_estimators': 305, 'min_samples_split': 0.08156244604326894, 'min_samples_leaf': 0.06584483680038551, 'min_weight_fraction_leaf': 0.05900976189208806, 'max_features': 0.754668460288046, 'bootstrap': False, 'max_samples': 0.5518589804131535}. Best is trial 61 with value: 0.7894562868051375.[0m
[32m[I 2022-04-14 02:51:30,168][0m Trial 77 finished with value: 0.7709153490717857 and parameters: {'n_estimators': 528, 'min_samples_split': 0.10959840137910985, 'min_samples_leaf': 0.11115774394731195, 'min_weight_fraction_leaf': 0.05707049658184937, 'max_features': 0.7712858522545225, 'bootstrap': False, 'max_samples': 0.5871301499819459}. Best is trial 61 with value: 0.7894562868051375.[0m
[32m[I 2022-04-14 02:52:08,960][0m Trial 78 finished with value: 0.7716276739055362 and parameters: {'n_estimators': 454, 'min_samples_split': 0.34933437043459137, 'min_samples_leaf': 0.18546464854957337, 'min_weight_fraction_leaf': 0.08476508239465233, 'max_features': 0.7493404873341455, 'bootstrap': False, 'max_samples': 0.493325099239655}. Best is trial 61 with value: 0.7894562868051375.[0m
