[32m[I 2022-04-13 15:38:14,445][0m Trial 270 finished with value: 0.7803843630802542 and parameters: {'n_estimators': 246, 'min_samples_split': 0.1573415990201806, 'min_samples_leaf': 0.30206917891668433, 'min_weight_fraction_leaf': 0.011791999860275675, 'max_features': 0.8549364540382933, 'bootstrap': False, 'max_samples': 0.8867307986742905}. Best is trial 219 with value: 0.894041154212266.[0m
[32m[I 2022-04-13 15:39:09,982][0m Trial 271 finished with value: 0.8883610789988232 and parameters: {'n_estimators': 234, 'min_samples_split': 0.14240353448735277, 'min_samples_leaf': 0.04800103442443174, 'min_weight_fraction_leaf': 0.13637072529575983, 'max_features': 0.8159545138117494, 'bootstrap': False, 'max_samples': 0.9228893804072766}. Best is trial 219 with value: 0.894041154212266.[0m
[32m[I 2022-04-13 15:40:17,539][0m Trial 272 finished with value: 0.8915292306187071 and parameters: {'n_estimators': 257, 'min_samples_split': 0.12897013424323114, 'min_samples_leaf': 0.06297233596106377, 'min_weight_fraction_leaf': 0.02228625359173355, 'max_features': 0.8438596648433729, 'bootstrap': False, 'max_samples': 0.9575024518224502}. Best is trial 219 with value: 0.894041154212266.[0m
[32m[I 2022-04-13 15:41:36,951][0m Trial 273 finished with value: 0.8883414180603104 and parameters: {'n_estimators': 264, 'min_samples_split': 0.16940954911533, 'min_samples_leaf': 0.03372999414515386, 'min_weight_fraction_leaf': 0.03389538394454788, 'max_features': 0.8089893582455968, 'bootstrap': False, 'max_samples': 0.9364412783865225}. Best is trial 219 with value: 0.894041154212266.[0m
[32m[I 2022-04-13 15:42:28,827][0m Trial 274 finished with value: 0.8909824314618684 and parameters: {'n_estimators': 215, 'min_samples_split': 0.11399492864355637, 'min_samples_leaf': 0.07493236556407515, 'min_weight_fraction_leaf': 0.04535240025902103, 'max_features': 0.7841896504487395, 'bootstrap': False, 'max_samples': 0.9056706965021606}. Best is trial 219 with value: 0.894041154212266.[0m
[32m[I 2022-04-13 15:43:27,517][0m Trial 275 finished with value: 0.8913375745386724 and parameters: {'n_estimators': 199, 'min_samples_split': 0.15011990830298821, 'min_samples_leaf': 0.051729629041814995, 'min_weight_fraction_leaf': 0.00993028816426358, 'max_features': 0.8675346348170357, 'bootstrap': False, 'max_samples': 0.9795758683006388}. Best is trial 219 with value: 0.894041154212266.[0m
[32m[I 2022-04-13 15:44:38,358][0m Trial 276 finished with value: 0.8939769539513037 and parameters: {'n_estimators': 272, 'min_samples_split': 0.13750047776003047, 'min_samples_leaf': 0.061668483994360555, 'min_weight_fraction_leaf': 2.7207676532122436e-05, 'max_features': 0.8354236379416285, 'bootstrap': False, 'max_samples': 0.9433380962253346}. Best is trial 219 with value: 0.894041154212266.[0m
[32m[I 2022-04-13 15:45:14,744][0m Trial 277 finished with value: 0.7222311001937382 and parameters: {'n_estimators': 247, 'min_samples_split': 0.12393396163554672, 'min_samples_leaf': 0.04558346658055572, 'min_weight_fraction_leaf': 0.4785468429840396, 'max_features': 0.8345982456299482, 'bootstrap': False, 'max_samples': 0.961875490553321}. Best is trial 219 with value: 0.894041154212266.[0m
[32m[I 2022-04-13 15:46:22,536][0m Trial 278 finished with value: 0.8918632988272277 and parameters: {'n_estimators': 275, 'min_samples_split': 0.13235414412276023, 'min_samples_leaf': 0.07137391242180512, 'min_weight_fraction_leaf': 0.024557524952917572, 'max_features': 0.8338163094172316, 'bootstrap': False, 'max_samples': 0.9457260249225284}. Best is trial 219 with value: 0.894041154212266.[0m
[32m[I 2022-04-13 15:47:46,522][0m Trial 279 finished with value: 0.8879357064098412 and parameters: {'n_estimators': 235, 'min_samples_split': 0.13666544387826549, 'min_samples_leaf': 0.025299521397905138, 'min_weight_fraction_leaf': 0.01376596879637303, 'max_features': 0.8566872336240827, 'bootstrap': False, 'max_samples': 0.9962686249650954}. Best is trial 219 with value: 0.894041154212266.[0m
[32m[I 2022-04-13 15:48:54,604][0m Trial 280 finished with value: 0.8935353859062374 and parameters: {'n_estimators': 254, 'min_samples_split': 0.11664924320813311, 'min_samples_leaf': 0.05768430374469319, 'min_weight_fraction_leaf': 0.037740477089302726, 'max_features': 0.8236605607749496, 'bootstrap': False, 'max_samples': 0.9717424116499858}. Best is trial 219 with value: 0.894041154212266.[0m
[32m[I 2022-04-13 15:49:51,112][0m Trial 281 finished with value: 0.8881324934212061 and parameters: {'n_estimators': 257, 'min_samples_split': 0.11029764041580305, 'min_samples_leaf': 0.08902557945251911, 'min_weight_fraction_leaf': 0.04460244527791303, 'max_features': 0.8683906648174862, 'bootstrap': False, 'max_samples': 0.9665333618223816}. Best is trial 219 with value: 0.894041154212266.[0m
[32m[I 2022-04-13 15:51:02,894][0m Trial 282 finished with value: 0.8915536995383772 and parameters: {'n_estimators': 275, 'min_samples_split': 0.11787205624512627, 'min_samples_leaf': 0.05960417084357622, 'min_weight_fraction_leaf': 0.03699152651357233, 'max_features': 0.8352902439442955, 'bootstrap': False, 'max_samples': 0.9796250073826887}. Best is trial 219 with value: 0.894041154212266.[0m
[32m[I 2022-04-13 15:52:11,879][0m Trial 283 finished with value: 0.890165578919707 and parameters: {'n_estimators': 285, 'min_samples_split': 0.12412419238459628, 'min_samples_leaf': 0.07679900934098541, 'min_weight_fraction_leaf': 0.0470514772789703, 'max_features': 0.824627474065524, 'bootstrap': False, 'max_samples': 0.950443678314716}. Best is trial 219 with value: 0.894041154212266.[0m
[32m[I 2022-04-13 15:53:24,717][0m Trial 284 finished with value: 0.890956108459011 and parameters: {'n_estimators': 254, 'min_samples_split': 0.10778165647487818, 'min_samples_leaf': 0.04075701444678853, 'min_weight_fraction_leaf': 0.03081220798710517, 'max_features': 0.777651944632981, 'bootstrap': False, 'max_samples': 0.9801416910964105}. Best is trial 219 with value: 0.894041154212266.[0m
[32m[I 2022-04-13 15:54:35,519][0m Trial 285 finished with value: 0.8927524156508155 and parameters: {'n_estimators': 290, 'min_samples_split': 0.1332035643107213, 'min_samples_leaf': 0.06589136632578275, 'min_weight_fraction_leaf': 0.050070468198966975, 'max_features': 0.8086544456349065, 'bootstrap': False, 'max_samples': 0.9996236339241973}. Best is trial 219 with value: 0.894041154212266.[0m
[32m[I 2022-04-13 15:55:49,895][0m Trial 286 finished with value: 0.8904705991155474 and parameters: {'n_estimators': 272, 'min_samples_split': 0.11955279467429403, 'min_samples_leaf': 0.05303955862144651, 'min_weight_fraction_leaf': 0.035426493532807246, 'max_features': 0.84216955792327, 'bootstrap': False, 'max_samples': 0.8923794423158786}. Best is trial 219 with value: 0.894041154212266.[0m
[32m[I 2022-04-13 15:56:18,298][0m Trial 287 finished with value: 0.886717580717613 and parameters: {'n_estimators': 262, 'min_samples_split': 0.13352659518273344, 'min_samples_leaf': 0.0706450135005124, 'min_weight_fraction_leaf': 0.02441100849678151, 'max_features': 0.757936147159705, 'bootstrap': True, 'max_samples': 0.9613981881788566, 'oob_score': True}. Best is trial 219 with value: 0.894041154212266.[0m
[32m[I 2022-04-13 15:57:14,262][0m Trial 288 finished with value: 0.8876954553553962 and parameters: {'n_estimators': 230, 'min_samples_split': 0.22910755599252366, 'min_samples_leaf': 0.05883548951703232, 'min_weight_fraction_leaf': 0.02542335028030254, 'max_features': 0.7918257454653393, 'bootstrap': False, 'max_samples': 0.9406823041333846}. Best is trial 219 with value: 0.894041154212266.[0m
[32m[I 2022-04-13 15:58:02,686][0m Trial 289 finished with value: 0.8834630716828998 and parameters: {'n_estimators': 248, 'min_samples_split': 0.15149292901691977, 'min_samples_leaf': 0.08294857500257595, 'min_weight_fraction_leaf': 0.18280520264183264, 'max_features': 0.822840352401737, 'bootstrap': False, 'max_samples': 0.9164957044854305}. Best is trial 219 with value: 0.894041154212266.[0m
[32m[I 2022-04-13 15:59:28,450][0m Trial 290 finished with value: 0.8896584330157028 and parameters: {'n_estimators': 273, 'min_samples_split': 0.12529316570905932, 'min_samples_leaf': 0.04496528637022866, 'min_weight_fraction_leaf': 0.010595572056240428, 'max_features': 0.8783634828087427, 'bootstrap': False, 'max_samples': 0.9714263979339423}. Best is trial 219 with value: 0.894041154212266.[0m
[32m[I 2022-04-13 16:00:49,862][0m Trial 291 finished with value: 0.8905193496772055 and parameters: {'n_estimators': 260, 'min_samples_split': 0.14136018097926653, 'min_samples_leaf': 0.03414523009302646, 'min_weight_fraction_leaf': 0.03873577204647709, 'max_features': 0.855186428363848, 'bootstrap': False, 'max_samples': 0.944133473651013}. Best is trial 219 with value: 0.894041154212266.[0m
[32m[I 2022-04-13 16:02:05,273][0m Trial 292 finished with value: 0.8937643525720151 and parameters: {'n_estimators': 293, 'min_samples_split': 0.11351469928690544, 'min_samples_leaf': 0.06157529649288155, 'min_weight_fraction_leaf': 0.01831194280325789, 'max_features': 0.8049540586108698, 'bootstrap': False, 'max_samples': 0.023199416642662896}. Best is trial 219 with value: 0.894041154212266.[0m
[32m[I 2022-04-13 16:03:13,862][0m Trial 293 finished with value: 0.8934931912223023 and parameters: {'n_estimators': 297, 'min_samples_split': 0.10564759595082589, 'min_samples_leaf': 0.06874200323548767, 'min_weight_fraction_leaf': 0.04749222129288881, 'max_features': 0.7425178202499867, 'bootstrap': False, 'max_samples': 0.06775476731481964}. Best is trial 219 with value: 0.894041154212266.[0m
[32m[I 2022-04-13 16:04:20,288][0m Trial 294 finished with value: 0.8913656051248766 and parameters: {'n_estimators': 294, 'min_samples_split': 0.10738708543761487, 'min_samples_leaf': 0.07146501968632356, 'min_weight_fraction_leaf': 0.03721181899830926, 'max_features': 0.7395837554115166, 'bootstrap': False, 'max_samples': 0.03155982263874011}. Best is trial 219 with value: 0.894041154212266.[0m
[32m[I 2022-04-13 16:05:21,587][0m Trial 295 finished with value: 0.8879753404390485 and parameters: {'n_estimators': 294, 'min_samples_split': 0.10512460182419661, 'min_samples_leaf': 0.09290447089068977, 'min_weight_fraction_leaf': 0.05410918436446831, 'max_features': 0.7749812293149873, 'bootstrap': False, 'max_samples': 0.045114980411464}. Best is trial 219 with value: 0.894041154212266.[0m
[32m[I 2022-04-13 16:05:25,821][0m Trial 296 finished with value: 0.5807330753703898 and parameters: {'n_estimators': 283, 'min_samples_split': 0.1142807765914414, 'min_samples_leaf': 0.49941894676080456, 'min_weight_fraction_leaf': 0.048384470466779045, 'max_features': 0.8124214824746964, 'bootstrap': False, 'max_samples': 0.05561345016591338}. Best is trial 219 with value: 0.894041154212266.[0m
[32m[I 2022-04-13 16:06:31,149][0m Trial 297 finished with value: 0.8909488994438552 and parameters: {'n_estimators': 297, 'min_samples_split': 0.11509760861599695, 'min_samples_leaf': 0.08104258926432335, 'min_weight_fraction_leaf': 0.0002988177624538464, 'max_features': 0.7895985095744171, 'bootstrap': False, 'max_samples': 0.054448646394754954}. Best is trial 219 with value: 0.894041154212266.[0m
[32m[I 2022-04-13 16:07:37,570][0m Trial 298 finished with value: 0.8918984033784229 and parameters: {'n_estimators': 279, 'min_samples_split': 0.09969967106602493, 'min_samples_leaf': 0.06709629961639045, 'min_weight_fraction_leaf': 0.04882553071040926, 'max_features': 0.7580271452401733, 'bootstrap': False, 'max_samples': 0.027206375008033738}. Best is trial 219 with value: 0.894041154212266.[0m
[32m[I 2022-04-13 16:09:06,396][0m Trial 299 finished with value: 0.891642807855453 and parameters: {'n_estimators': 319, 'min_samples_split': 0.11942585327052811, 'min_samples_leaf': 0.04924943301806011, 'min_weight_fraction_leaf': 0.03415043890050813, 'max_features': 0.8194985646245136, 'bootstrap': False, 'max_samples': 0.08200248814711414}. Best is trial 219 with value: 0.894041154212266.[0m
[32m[I 2022-04-13 16:10:13,265][0m Trial 300 finished with value: 0.8907356193798746 and parameters: {'n_estimators': 292, 'min_samples_split': 0.1615810751430274, 'min_samples_leaf': 0.07512428595502413, 'min_weight_fraction_leaf': 0.019915851424494802, 'max_features': 0.7989827830922219, 'bootstrap': False, 'max_samples': 0.9735416275861931}. Best is trial 219 with value: 0.894041154212266.[0m
[32m[I 2022-04-13 16:10:48,522][0m Trial 301 finished with value: 0.7735609930636527 and parameters: {'n_estimators': 272, 'min_samples_split': 0.3698245634214598, 'min_samples_leaf': 0.0645142082663201, 'min_weight_fraction_leaf': 0.3692608512470231, 'max_features': 0.8525806864959076, 'bootstrap': False, 'max_samples': 0.07820693862969139}. Best is trial 219 with value: 0.894041154212266.[0m
[32m[I 2022-04-13 16:13:11,658][0m Trial 302 finished with value: 0.8908181343595738 and parameters: {'n_estimators': 537, 'min_samples_split': 0.1257590956795723, 'min_samples_leaf': 0.05126932572958296, 'min_weight_fraction_leaf': 0.042662487490971304, 'max_features': 0.7763773840699087, 'bootstrap': False, 'max_samples': 0.23012101110806404}. Best is trial 219 with value: 0.894041154212266.[0m
[32m[I 2022-04-13 16:13:58,485][0m Trial 303 finished with value: 0.8915271329004352 and parameters: {'n_estimators': 222, 'min_samples_split': 0.10619807327932389, 'min_samples_leaf': 0.038871943549701235, 'min_weight_fraction_leaf': 0.02790055243242302, 'max_features': 0.5242649897831898, 'bootstrap': False, 'max_samples': 0.40868697344899496}. Best is trial 219 with value: 0.894041154212266.[0m
[32m[I 2022-04-13 16:15:01,768][0m Trial 304 finished with value: 0.8937025012917601 and parameters: {'n_estimators': 238, 'min_samples_split': 0.13607748920401186, 'min_samples_leaf': 0.05828784105280394, 'min_weight_fraction_leaf': 0.057224180165876604, 'max_features': 0.8207687225543845, 'bootstrap': False, 'max_samples': 0.0038279396002195883}. Best is trial 219 with value: 0.894041154212266.[0m
[32m[I 2022-04-13 16:16:09,475][0m Trial 305 finished with value: 0.8935010983676259 and parameters: {'n_estimators': 237, 'min_samples_split': 0.13396657771498088, 'min_samples_leaf': 0.048167790436536406, 'min_weight_fraction_leaf': 0.05549342200485072, 'max_features': 0.8125308754967503, 'bootstrap': False, 'max_samples': 0.9587306402682778}. Best is trial 219 with value: 0.894041154212266.[0m
[32m[I 2022-04-13 16:17:23,398][0m Trial 306 finished with value: 0.8934739198999802 and parameters: {'n_estimators': 225, 'min_samples_split': 0.11520340009854055, 'min_samples_leaf': 0.0241911569046385, 'min_weight_fraction_leaf': 0.058548265315225716, 'max_features': 0.8217103489733198, 'bootstrap': False, 'max_samples': 0.0018287946854587747}. Best is trial 219 with value: 0.894041154212266.[0m
[32m[I 2022-04-13 16:18:29,718][0m Trial 307 finished with value: 0.8932504607340797 and parameters: {'n_estimators': 211, 'min_samples_split': 0.09396556804606018, 'min_samples_leaf': 0.027361253544636782, 'min_weight_fraction_leaf': 0.06022301738355098, 'max_features': 0.8232106585457696, 'bootstrap': False, 'max_samples': 0.01729520723942097}. Best is trial 219 with value: 0.894041154212266.[0m
[32m[I 2022-04-13 16:18:39,706][0m Trial 308 finished with value: 0.55 and parameters: {'n_estimators': 224, 'min_samples_split': 0.11089755568705997, 'min_samples_leaf': 0.03481565830169789, 'min_weight_fraction_leaf': 0.0507819473081733, 'max_features': 0.8290058000667464, 'bootstrap': True, 'max_samples': 0.017992841554788898, 'oob_score': True}. Best is trial 219 with value: 0.894041154212266.[0m
[32m[I 2022-04-13 16:19:47,657][0m Trial 309 finished with value: 0.890771532084522 and parameters: {'n_estimators': 233, 'min_samples_split': 0.1213960350615147, 'min_samples_leaf': 0.04515109429155226, 'min_weight_fraction_leaf': 0.056957918825601, 'max_features': 0.8453674857638738, 'bootstrap': False, 'max_samples': 0.023556772561054987}. Best is trial 219 with value: 0.894041154212266.[0m
[32m[I 2022-04-13 16:20:53,461][0m Trial 310 finished with value: 0.8935702570600819 and parameters: {'n_estimators': 218, 'min_samples_split': 0.10233703612156105, 'min_samples_leaf': 0.039448108958020825, 'min_weight_fraction_leaf': 0.06420573928252547, 'max_features': 0.8145703223630973, 'bootstrap': False, 'max_samples': 0.038268312788595424}. Best is trial 219 with value: 0.894041154212266.[0m
[32m[I 2022-04-13 16:21:34,955][0m Trial 311 finished with value: 0.7750682723622834 and parameters: {'n_estimators': 202, 'min_samples_split': 0.09434056762941903, 'min_samples_leaf': 0.03176018968076026, 'min_weight_fraction_leaf': 0.2547216148600379, 'max_features': 0.7770885390964285, 'bootstrap': False, 'max_samples': 0.03585607727170745}. Best is trial 219 with value: 0.894041154212266.[0m
[32m[I 2022-04-13 16:22:42,624][0m Trial 312 finished with value: 0.8922911645017297 and parameters: {'n_estimators': 210, 'min_samples_split': 0.09811472455341587, 'min_samples_leaf': 0.02273288973776568, 'min_weight_fraction_leaf': 0.0655767200540121, 'max_features': 0.8045440404290575, 'bootstrap': False, 'max_samples': 0.05954318264119303}. Best is trial 219 with value: 0.894041154212266.[0m
[32m[I 2022-04-13 16:23:57,583][0m Trial 313 finished with value: 0.8913969899657594 and parameters: {'n_estimators': 216, 'min_samples_split': 0.10699306245165555, 'min_samples_leaf': 0.01812483153495644, 'min_weight_fraction_leaf': 0.07397708657510378, 'max_features': 0.8677610920700642, 'bootstrap': False, 'max_samples': 0.12178493523743998}. Best is trial 219 with value: 0.894041154212266.[0m
[32m[I 2022-04-13 16:25:16,541][0m Trial 314 finished with value: 0.8931111305616122 and parameters: {'n_estimators': 224, 'min_samples_split': 0.11600464349176105, 'min_samples_leaf': 0.014861917263677304, 'min_weight_fraction_leaf': 0.05790903943160967, 'max_features': 0.7899542874347015, 'bootstrap': False, 'max_samples': 0.03449531519448243}. Best is trial 219 with value: 0.894041154212266.[0m
[32m[I 2022-04-13 16:25:52,954][0m Trial 315 finished with value: 0.892310693120853 and parameters: {'n_estimators': 194, 'min_samples_split': 0.12113788995472634, 'min_samples_leaf': 0.04053992757758602, 'min_weight_fraction_leaf': 0.04811149962374443, 'max_features': 0.42900839088117265, 'bootstrap': False, 'max_samples': 0.005739361516497878}. Best is trial 219 with value: 0.894041154212266.[0m
[32m[I 2022-04-13 16:26:28,404][0m Trial 316 finished with value: 0.7795904174195576 and parameters: {'n_estimators': 237, 'min_samples_split': 0.10405098873930263, 'min_samples_leaf': 0.025466711218512468, 'min_weight_fraction_leaf': 0.2745349696571, 'max_features': 0.5574769893152036, 'bootstrap': False, 'max_samples': 0.002366710581348239}. Best is trial 219 with value: 0.894041154212266.[0m
[32m[I 2022-04-13 16:27:36,181][0m Trial 317 finished with value: 0.8915250748314172 and parameters: {'n_estimators': 240, 'min_samples_split': 0.1277081298375943, 'min_samples_leaf': 0.0489340343379652, 'min_weight_fraction_leaf': 0.05914599800277692, 'max_features': 0.8373873066209082, 'bootstrap': False, 'max_samples': 0.0055196086981913715}. Best is trial 219 with value: 0.894041154212266.[0m
[32m[I 2022-04-13 16:28:39,401][0m Trial 318 finished with value: 0.892821267424036 and parameters: {'n_estimators': 225, 'min_samples_split': 0.13763894012919436, 'min_samples_leaf': 0.04087750094895974, 'min_weight_fraction_leaf': 0.06799757421468468, 'max_features': 0.8151308657229703, 'bootstrap': False, 'max_samples': 0.10452600747678059}. Best is trial 219 with value: 0.894041154212266.[0m
[32m[I 2022-04-13 16:29:45,336][0m Trial 319 finished with value: 0.8916742676510214 and parameters: {'n_estimators': 248, 'min_samples_split': 0.11520741260694489, 'min_samples_leaf': 0.05096464976502159, 'min_weight_fraction_leaf': 0.04398179022040849, 'max_features': 0.7549808929720168, 'bootstrap': False, 'max_samples': 0.06357585961979756}. Best is trial 219 with value: 0.894041154212266.[0m
[32m[I 2022-04-13 16:30:50,915][0m Trial 320 finished with value: 0.8923712951209428 and parameters: {'n_estimators': 217, 'min_samples_split': 0.1251839240494969, 'min_samples_leaf': 0.03366639151792146, 'min_weight_fraction_leaf': 0.05148835669564307, 'max_features': 0.8119494401221784, 'bootstrap': False, 'max_samples': 0.00513817138415042}. Best is trial 219 with value: 0.894041154212266.[0m
[32m[I 2022-04-13 16:31:33,039][0m Trial 321 finished with value: 0.8904628028125716 and parameters: {'n_estimators': 228, 'min_samples_split': 0.13776163055016258, 'min_samples_leaf': 0.07411300844597077, 'min_weight_fraction_leaf': 0.040503763611503166, 'max_features': 0.5935556162467346, 'bootstrap': False, 'max_samples': 0.041930575755898106}. Best is trial 219 with value: 0.894041154212266.[0m
[32m[I 2022-04-13 16:32:52,722][0m Trial 322 finished with value: 0.7880620747382483 and parameters: {'n_estimators': 334, 'min_samples_split': 0.32929095833211214, 'min_samples_leaf': 0.052967727389965955, 'min_weight_fraction_leaf': 0.03691713995868024, 'max_features': 0.851410751405907, 'bootstrap': False, 'max_samples': 0.9915665673819923}. Best is trial 219 with value: 0.894041154212266.[0m
[32m[I 2022-04-13 16:33:53,125][0m Trial 323 finished with value: 0.8889994901720051 and parameters: {'n_estimators': 313, 'min_samples_split': 0.1043070160954045, 'min_samples_leaf': 0.0993558321145254, 'min_weight_fraction_leaf': 0.08082351606108332, 'max_features': 0.7854954579216804, 'bootstrap': False, 'max_samples': 0.015595409311237986}. Best is trial 219 with value: 0.894041154212266.[0m
