[32m[I 2022-04-14 05:30:47,729][0m Trial 349 finished with value: 0.7866221503157157 and parameters: {'n_estimators': 107, 'min_samples_split': 0.058387251641362464, 'min_samples_leaf': 0.016053317637113783, 'min_weight_fraction_leaf': 0.04057871602582229, 'max_features': 0.7298424918554574, 'bootstrap': False, 'max_samples': 0.06454550139718421}. Best is trial 221 with value: 0.7914552734175826.[0m
[32m[I 2022-04-14 05:31:19,125][0m Trial 350 finished with value: 0.7897606504392194 and parameters: {'n_estimators': 111, 'min_samples_split': 0.044785816431211996, 'min_samples_leaf': 0.01780985226426344, 'min_weight_fraction_leaf': 0.025718763293333263, 'max_features': 0.7047180392789808, 'bootstrap': False, 'max_samples': 0.050389217767158156}. Best is trial 221 with value: 0.7914552734175826.[0m
[32m[I 2022-04-14 05:31:46,049][0m Trial 351 finished with value: 0.7852987116947874 and parameters: {'n_estimators': 110, 'min_samples_split': 0.06350228874724229, 'min_samples_leaf': 0.011504185853699604, 'min_weight_fraction_leaf': 0.06430477859093625, 'max_features': 0.6966916886141584, 'bootstrap': False, 'max_samples': 0.020806718070017112}. Best is trial 221 with value: 0.7914552734175826.[0m
[32m[I 2022-04-14 05:32:00,620][0m Trial 352 finished with value: 0.7603084541871141 and parameters: {'n_estimators': 105, 'min_samples_split': 0.0448735142442548, 'min_samples_leaf': 0.018129596600610573, 'min_weight_fraction_leaf': 0.2942098196446182, 'max_features': 0.6709694612505811, 'bootstrap': False, 'max_samples': 0.05056240995256178}. Best is trial 221 with value: 0.7914552734175826.[0m
[32m[I 2022-04-14 05:32:04,414][0m Trial 353 finished with value: 0.6852839127469778 and parameters: {'n_estimators': 111, 'min_samples_split': 0.05173855104836672, 'min_samples_leaf': 0.3955053367478457, 'min_weight_fraction_leaf': 0.02832176437199404, 'max_features': 0.706199027096321, 'bootstrap': False, 'max_samples': 0.10285451328307435}. Best is trial 221 with value: 0.7914552734175826.[0m
[32m[I 2022-04-14 05:32:12,875][0m Trial 354 finished with value: 0.7562602503134797 and parameters: {'n_estimators': 108, 'min_samples_split': 0.04263730182372417, 'min_samples_leaf': 0.2127536997580351, 'min_weight_fraction_leaf': 0.03612338441525847, 'max_features': 0.7303652623427981, 'bootstrap': False, 'max_samples': 0.04213995527376658}. Best is trial 221 with value: 0.7914552734175826.[0m
[32m[I 2022-04-14 05:32:36,809][0m Trial 355 finished with value: 0.7715265214917223 and parameters: {'n_estimators': 100, 'min_samples_split': 0.0368181718412068, 'min_samples_leaf': 0.0019887362606371833, 'min_weight_fraction_leaf': 0.1123709105681446, 'max_features': 0.7418441274382344, 'bootstrap': False, 'max_samples': 0.06527790632211802}. Best is trial 221 with value: 0.7914552734175826.[0m
[32m[I 2022-04-14 05:33:09,649][0m Trial 356 finished with value: 0.7901549630896791 and parameters: {'n_estimators': 113, 'min_samples_split': 0.028711271496295564, 'min_samples_leaf': 0.018490728638874906, 'min_weight_fraction_leaf': 0.023847217104713294, 'max_features': 0.7121210157819996, 'bootstrap': False, 'max_samples': 0.0122398930016063}. Best is trial 221 with value: 0.7914552734175826.[0m
[32m[I 2022-04-14 05:33:42,363][0m Trial 357 finished with value: 0.7909044215609002 and parameters: {'n_estimators': 113, 'min_samples_split': 0.027597900048296965, 'min_samples_leaf': 0.013148615806729599, 'min_weight_fraction_leaf': 0.023543705477366797, 'max_features': 0.6974681073854988, 'bootstrap': False, 'max_samples': 0.014641957156511794}. Best is trial 221 with value: 0.7914552734175826.[0m
[32m[I 2022-04-14 05:34:09,140][0m Trial 358 finished with value: 0.7817108953376695 and parameters: {'n_estimators': 113, 'min_samples_split': 0.031198808332202517, 'min_samples_leaf': 0.011999350512453301, 'min_weight_fraction_leaf': 0.04908747472950538, 'max_features': 0.6534573144831178, 'bootstrap': False, 'max_samples': 0.013917395584896304}. Best is trial 221 with value: 0.7914552734175826.[0m
[32m[I 2022-04-14 05:34:29,180][0m Trial 359 finished with value: 0.7585488276527128 and parameters: {'n_estimators': 106, 'min_samples_split': 0.4214530961453691, 'min_samples_leaf': 0.0017653122571090682, 'min_weight_fraction_leaf': 0.04116334371519158, 'max_features': 0.6870166581964899, 'bootstrap': False, 'max_samples': 0.019992471318395166}. Best is trial 221 with value: 0.7914552734175826.[0m
[32m[I 2022-04-14 05:35:01,907][0m Trial 360 finished with value: 0.7874996982742112 and parameters: {'n_estimators': 111, 'min_samples_split': 0.024231116445020334, 'min_samples_leaf': 0.015239156532305783, 'min_weight_fraction_leaf': 0.02669679913322886, 'max_features': 0.706492828108511, 'bootstrap': False, 'max_samples': 0.006741815788429473}. Best is trial 221 with value: 0.7914552734175826.[0m
[32m[I 2022-04-14 05:35:26,846][0m Trial 361 finished with value: 0.7841317229897069 and parameters: {'n_estimators': 115, 'min_samples_split': 0.05247090035705663, 'min_samples_leaf': 0.0315392827761109, 'min_weight_fraction_leaf': 0.03183320553172285, 'max_features': 0.6198234806121987, 'bootstrap': False, 'max_samples': 0.037453453623364344}. Best is trial 221 with value: 0.7914552734175826.[0m
[32m[I 2022-04-14 05:35:30,777][0m Trial 362 finished with value: 0.5 and parameters: {'n_estimators': 104, 'min_samples_split': 0.042498244763387455, 'min_samples_leaf': 0.022069348656498115, 'min_weight_fraction_leaf': 0.05566124133301335, 'max_features': 0.6882675420635805, 'bootstrap': True, 'max_samples': 0.0037716585716659826, 'oob_score': True}. Best is trial 221 with value: 0.7914552734175826.[0m
[32m[I 2022-04-14 05:36:09,675][0m Trial 363 finished with value: 0.7882818231967766 and parameters: {'n_estimators': 115, 'min_samples_split': 0.024338766941853846, 'min_samples_leaf': 0.01023570655614299, 'min_weight_fraction_leaf': 0.020830527032500663, 'max_features': 0.7114792120758067, 'bootstrap': False, 'max_samples': 0.04019579643983378}. Best is trial 221 with value: 0.7914552734175826.[0m
[32m[I 2022-04-14 05:38:41,265][0m Trial 364 finished with value: 0.783999860290546 and parameters: {'n_estimators': 634, 'min_samples_split': 0.03822878174345708, 'min_samples_leaf': 0.030928943406007242, 'min_weight_fraction_leaf': 0.02299552915875083, 'max_features': 0.728960030445611, 'bootstrap': False, 'max_samples': 0.0770699388230926}. Best is trial 221 with value: 0.7914552734175826.[0m
[32m[I 2022-04-14 05:39:08,777][0m Trial 365 finished with value: 0.7871562863829226 and parameters: {'n_estimators': 111, 'min_samples_split': 0.08087327981112678, 'min_samples_leaf': 0.021187199260300278, 'min_weight_fraction_leaf': 0.026313266485997938, 'max_features': 0.6644874378843824, 'bootstrap': False, 'max_samples': 0.02624508762806961}. Best is trial 221 with value: 0.7914552734175826.[0m
[32m[I 2022-04-14 05:39:35,012][0m Trial 366 finished with value: 0.7787165698260022 and parameters: {'n_estimators': 106, 'min_samples_split': 0.20379815481756341, 'min_samples_leaf': 0.011296656051359013, 'min_weight_fraction_leaf': 0.04142684643372098, 'max_features': 0.7355021395465534, 'bootstrap': False, 'max_samples': 0.05460502583937586}. Best is trial 221 with value: 0.7914552734175826.[0m
[32m[I 2022-04-14 05:40:00,026][0m Trial 367 finished with value: 0.7854392703302262 and parameters: {'n_estimators': 114, 'min_samples_split': 0.05995982014430565, 'min_samples_leaf': 0.035964955029602744, 'min_weight_fraction_leaf': 0.0353414614799091, 'max_features': 0.7083064274949034, 'bootstrap': False, 'max_samples': 0.05605689345718109}. Best is trial 221 with value: 0.7914552734175826.[0m
[32m[I 2022-04-14 05:40:46,982][0m Trial 368 finished with value: 0.7874823282632188 and parameters: {'n_estimators': 108, 'min_samples_split': 0.028203233950511566, 'min_samples_leaf': 0.0012804000264583816, 'min_weight_fraction_leaf': 0.01865092288670668, 'max_features': 0.748906557858501, 'bootstrap': False, 'max_samples': 0.09453341529848112}. Best is trial 221 with value: 0.7914552734175826.[0m
[32m[I 2022-04-14 05:41:18,494][0m Trial 369 finished with value: 0.7926966230508788 and parameters: {'n_estimators': 116, 'min_samples_split': 0.018268895816419106, 'min_samples_leaf': 0.02337909850734308, 'min_weight_fraction_leaf': 0.018849067799269748, 'max_features': 0.691277606114479, 'bootstrap': False, 'max_samples': 0.017266735208202082}. Best is trial 369 with value: 0.7926966230508788.[0m
[32m[I 2022-04-14 05:41:25,535][0m Trial 370 finished with value: 0.749272480281383 and parameters: {'n_estimators': 100, 'min_samples_split': 0.048206894359663306, 'min_samples_leaf': 0.1406673633454025, 'min_weight_fraction_leaf': 0.3529249775612244, 'max_features': 0.6371043959535744, 'bootstrap': False, 'max_samples': 0.0006856325133514814}. Best is trial 369 with value: 0.7926966230508788.[0m
[32m[I 2022-04-14 05:41:50,580][0m Trial 371 finished with value: 0.7834285771638232 and parameters: {'n_estimators': 115, 'min_samples_split': 0.018448473562917223, 'min_samples_leaf': 0.026756421776430075, 'min_weight_fraction_leaf': 0.03160442056817587, 'max_features': 0.5629960559031558, 'bootstrap': False, 'max_samples': 0.025280330676094406}. Best is trial 369 with value: 0.7926966230508788.[0m
[32m[I 2022-04-14 05:43:20,373][0m Trial 372 finished with value: 0.7814268569602341 and parameters: {'n_estimators': 361, 'min_samples_split': 0.034264406179127196, 'min_samples_leaf': 0.014470492481122, 'min_weight_fraction_leaf': 0.04641499185696026, 'max_features': 0.6787040974187052, 'bootstrap': False, 'max_samples': 0.042491532349639705}. Best is trial 369 with value: 0.7926966230508788.[0m
[32m[I 2022-04-14 05:43:45,415][0m Trial 373 finished with value: 0.7855945219167353 and parameters: {'n_estimators': 111, 'min_samples_split': 0.02544448394246774, 'min_samples_leaf': 0.040195386142176055, 'min_weight_fraction_leaf': 0.02164869587672137, 'max_features': 0.6596648093188034, 'bootstrap': False, 'max_samples': 0.02734172168287679}. Best is trial 369 with value: 0.7926966230508788.[0m
[32m[I 2022-04-14 05:44:21,377][0m Trial 374 finished with value: 0.7898082457953242 and parameters: {'n_estimators': 116, 'min_samples_split': 0.016301608446425902, 'min_samples_leaf': 0.019416956533415467, 'min_weight_fraction_leaf': 0.018574204191055082, 'max_features': 0.6908611010785165, 'bootstrap': False, 'max_samples': 0.07844383581809002}. Best is trial 369 with value: 0.7926966230508788.[0m
[32m[I 2022-04-14 05:44:50,251][0m Trial 375 finished with value: 0.7837161896666645 and parameters: {'n_estimators': 117, 'min_samples_split': 0.014443515011807052, 'min_samples_leaf': 0.028842688958005208, 'min_weight_fraction_leaf': 0.03133260129335279, 'max_features': 0.6888280123645871, 'bootstrap': False, 'max_samples': 0.07115304547956919}. Best is trial 369 with value: 0.7926966230508788.[0m
[32m[I 2022-04-14 05:45:27,895][0m Trial 376 finished with value: 0.7898795524286263 and parameters: {'n_estimators': 118, 'min_samples_split': 0.010207090790862502, 'min_samples_leaf': 0.012761673689038465, 'min_weight_fraction_leaf': 0.021219446463602444, 'max_features': 0.6857157727651846, 'bootstrap': False, 'max_samples': 0.07468503648887033}. Best is trial 369 with value: 0.7926966230508788.[0m
[32m[I 2022-04-14 05:46:26,011][0m Trial 377 finished with value: 0.7824309532598567 and parameters: {'n_estimators': 239, 'min_samples_split': 0.0014063103000877375, 'min_samples_leaf': 0.009500798853176295, 'min_weight_fraction_leaf': 0.04264131239171902, 'max_features': 0.6483588231013558, 'bootstrap': False, 'max_samples': 0.0876254193980343}. Best is trial 369 with value: 0.7926966230508788.[0m
[32m[I 2022-04-14 05:46:31,361][0m Trial 378 finished with value: 0.7540323449400246 and parameters: {'n_estimators': 114, 'min_samples_split': 0.27925784816028193, 'min_samples_leaf': 0.31594836917959956, 'min_weight_fraction_leaf': 0.026837614099534855, 'max_features': 0.6824419670618259, 'bootstrap': False, 'max_samples': 0.1140408303285662}. Best is trial 369 with value: 0.7926966230508788.[0m
[32m[I 2022-04-14 05:47:13,945][0m Trial 379 finished with value: 0.7838741647676029 and parameters: {'n_estimators': 105, 'min_samples_split': 0.010296119391394666, 'min_samples_leaf': 0.0017239749086152764, 'min_weight_fraction_leaf': 0.02038491483696275, 'max_features': 0.6733444450154, 'bootstrap': False, 'max_samples': 0.08325210537641975}. Best is trial 369 with value: 0.7926966230508788.[0m
[32m[I 2022-04-14 05:47:48,230][0m Trial 380 finished with value: 0.7901231284437172 and parameters: {'n_estimators': 115, 'min_samples_split': 0.016104946983281198, 'min_samples_leaf': 0.017109578566143913, 'min_weight_fraction_leaf': 2.379973763164643e-05, 'max_features': 0.6610909945058108, 'bootstrap': False, 'max_samples': 0.05367071178614982}. Best is trial 369 with value: 0.7926966230508788.[0m
[32m[I 2022-04-14 05:48:31,370][0m Trial 381 finished with value: 0.7899583186414344 and parameters: {'n_estimators': 117, 'min_samples_split': 0.01403172777486766, 'min_samples_leaf': 0.010869204385646486, 'min_weight_fraction_leaf': 0.007314045959888452, 'max_features': 0.6401952626727312, 'bootstrap': False, 'max_samples': 0.054734823598700674}. Best is trial 369 with value: 0.7926966230508788.[0m
[32m[I 2022-04-14 05:49:17,098][0m Trial 382 finished with value: 0.7905587574334398 and parameters: {'n_estimators': 119, 'min_samples_split': 0.01492990104387816, 'min_samples_leaf': 0.009853218811795482, 'min_weight_fraction_leaf': 0.0003469770468541751, 'max_features': 0.6276100788272518, 'bootstrap': False, 'max_samples': 0.0657427727570055}. Best is trial 369 with value: 0.7926966230508788.[0m
[32m[I 2022-04-14 05:50:47,248][0m Trial 383 finished with value: 0.7797362026961346 and parameters: {'n_estimators': 119, 'min_samples_split': 0.015036360104630848, 'min_samples_leaf': 0.001501519261032258, 'min_weight_fraction_leaf': 0.0014023396119345437, 'max_features': 0.6282878946284517, 'bootstrap': False, 'max_samples': 0.04235413392845525}. Best is trial 369 with value: 0.7926966230508788.[0m
[32m[I 2022-04-14 05:50:51,190][0m Trial 384 finished with value: 0.7582174993745039 and parameters: {'n_estimators': 117, 'min_samples_split': 0.011306404091522164, 'min_samples_leaf': 0.014722986160085397, 'min_weight_fraction_leaf': 0.0020021303603792815, 'max_features': 0.6490903441530859, 'bootstrap': True, 'max_samples': 0.05248426681641707, 'oob_score': True}. Best is trial 369 with value: 0.7926966230508788.[0m
[32m[I 2022-04-14 05:51:36,010][0m Trial 385 finished with value: 0.790749492460736 and parameters: {'n_estimators': 118, 'min_samples_split': 0.016203347627493887, 'min_samples_leaf': 0.00996688815552585, 'min_weight_fraction_leaf': 0.006711458972373525, 'max_features': 0.6091614130888924, 'bootstrap': False, 'max_samples': 0.06822605560503274}. Best is trial 369 with value: 0.7926966230508788.[0m
[32m[I 2022-04-14 05:52:29,556][0m Trial 386 finished with value: 0.7903439263760587 and parameters: {'n_estimators': 116, 'min_samples_split': 0.017614559385479026, 'min_samples_leaf': 0.00814666835497525, 'min_weight_fraction_leaf': 0.0014410814187300388, 'max_features': 0.611172064686703, 'bootstrap': False, 'max_samples': 0.0602052761537191}. Best is trial 369 with value: 0.7926966230508788.[0m
[32m[I 2022-04-14 05:53:12,813][0m Trial 387 finished with value: 0.7909418516341019 and parameters: {'n_estimators': 113, 'min_samples_split': 0.01657839416100811, 'min_samples_leaf': 0.010049243949329796, 'min_weight_fraction_leaf': 0.0013101057999173708, 'max_features': 0.5968005143091244, 'bootstrap': False, 'max_samples': 0.06439034951218446}. Best is trial 369 with value: 0.7926966230508788.[0m
[32m[I 2022-04-14 06:00:56,734][0m Trial 388 finished with value: 0.7913179024431387 and parameters: {'n_estimators': 969, 'min_samples_split': 0.02075831460171065, 'min_samples_leaf': 0.007643612048463188, 'min_weight_fraction_leaf': 0.0011431876397849823, 'max_features': 0.5999079763003269, 'bootstrap': False, 'max_samples': 0.06769988808912092}. Best is trial 369 with value: 0.7926966230508788.[0m
[32m[I 2022-04-14 06:02:15,369][0m Trial 389 finished with value: 0.7883986807884014 and parameters: {'n_estimators': 111, 'min_samples_split': 0.021993171318825486, 'min_samples_leaf': 0.0017871791939335947, 'min_weight_fraction_leaf': 0.0024342063579040132, 'max_features': 0.5989668308531849, 'bootstrap': False, 'max_samples': 0.06782950669448698}. Best is trial 369 with value: 0.7926966230508788.[0m
[32m[I 2022-04-14 06:06:00,794][0m Trial 390 finished with value: 0.7912799941815342 and parameters: {'n_estimators': 522, 'min_samples_split': 0.03289454339881244, 'min_samples_leaf': 0.008669383731934075, 'min_weight_fraction_leaf': 0.00015108026935920654, 'max_features': 0.6081328722759358, 'bootstrap': False, 'max_samples': 0.06999629519190835}. Best is trial 369 with value: 0.7926966230508788.[0m
[32m[I 2022-04-14 06:12:38,000][0m Trial 391 finished with value: 0.7861377960219544 and parameters: {'n_estimators': 729, 'min_samples_split': 0.038325754461051575, 'min_samples_leaf': 0.002284726866144062, 'min_weight_fraction_leaf': 7.4843545331826355e-06, 'max_features': 0.5836365739704615, 'bootstrap': False, 'max_samples': 0.07091246373368373}. Best is trial 369 with value: 0.7926966230508788.[0m
[32m[I 2022-04-14 06:13:19,751][0m Trial 392 finished with value: 0.7887878053497734 and parameters: {'n_estimators': 105, 'min_samples_split': 0.03335826484488216, 'min_samples_leaf': 0.010563883301959669, 'min_weight_fraction_leaf': 0.0005984751124816449, 'max_features': 0.6072005665596475, 'bootstrap': False, 'max_samples': 0.08429444862619571}. Best is trial 369 with value: 0.7926966230508788.[0m
[32m[I 2022-04-14 06:14:18,783][0m Trial 393 finished with value: 0.7895636164695027 and parameters: {'n_estimators': 110, 'min_samples_split': 0.0331583138663733, 'min_samples_leaf': 0.0011621581791357027, 'min_weight_fraction_leaf': 0.00722281667996514, 'max_features': 0.6233400105542795, 'bootstrap': False, 'max_samples': 0.05644079660122784}. Best is trial 369 with value: 0.7926966230508788.[0m
[32m[I 2022-04-14 06:17:15,243][0m Trial 394 finished with value: 0.7763736722962856 and parameters: {'n_estimators': 894, 'min_samples_split': 0.32770125279506224, 'min_samples_leaf': 0.009165224007973576, 'min_weight_fraction_leaf': 0.001017188303920698, 'max_features': 0.6156485526696697, 'bootstrap': False, 'max_samples': 0.06463756399934587}. Best is trial 369 with value: 0.7926966230508788.[0m
[32m[I 2022-04-14 06:19:55,199][0m Trial 395 finished with value: 0.7910805037239867 and parameters: {'n_estimators': 325, 'min_samples_split': 0.036320450138738566, 'min_samples_leaf': 0.0010790631606122968, 'min_weight_fraction_leaf': 0.007482169917053186, 'max_features': 0.5781317701258384, 'bootstrap': False, 'max_samples': 0.04916768856731171}. Best is trial 369 with value: 0.7926966230508788.[0m
[32m[I 2022-04-14 06:28:05,438][0m Trial 396 finished with value: 0.7856903919003345 and parameters: {'n_estimators': 903, 'min_samples_split': 0.033643134316550465, 'min_samples_leaf': 0.0018871570339471424, 'min_weight_fraction_leaf': 0.0001443007888409023, 'max_features': 0.5902922875599532, 'bootstrap': False, 'max_samples': 0.039023564517374945}. Best is trial 369 with value: 0.7926966230508788.[0m
[32m[I 2022-04-14 06:30:25,141][0m Trial 397 finished with value: 0.7901575729819388 and parameters: {'n_estimators': 344, 'min_samples_split': 0.03304145231138751, 'min_samples_leaf': 0.0014751071934707202, 'min_weight_fraction_leaf': 0.008664737689383322, 'max_features': 0.5749998750357707, 'bootstrap': False, 'max_samples': 0.048495055636360175}. Best is trial 369 with value: 0.7926966230508788.[0m
[32m[I 2022-04-14 06:34:09,071][0m Trial 398 finished with value: 0.7912451636385308 and parameters: {'n_estimators': 507, 'min_samples_split': 0.031039708351492563, 'min_samples_leaf': 0.001089036516828435, 'min_weight_fraction_leaf': 0.008074372331435542, 'max_features': 0.5727533477522652, 'bootstrap': False, 'max_samples': 0.045351683280617214}. Best is trial 369 with value: 0.7926966230508788.[0m
[32m[I 2022-04-14 06:38:30,178][0m Trial 399 finished with value: 0.7830056541504391 and parameters: {'n_estimators': 325, 'min_samples_split': 0.021972422805383432, 'min_samples_leaf': 0.001089488375702139, 'min_weight_fraction_leaf': 8.396733556441036e-05, 'max_features': 0.5898745462328853, 'bootstrap': False, 'max_samples': 0.03967383044062568}. Best is trial 369 with value: 0.7926966230508788.[0m
[32m[I 2022-04-14 06:40:49,579][0m Trial 400 finished with value: 0.7852390095874561 and parameters: {'n_estimators': 483, 'min_samples_split': 0.03030454976574732, 'min_samples_leaf': 0.012048797282838548, 'min_weight_fraction_leaf': 0.009390053716164094, 'max_features': 0.5529181570119803, 'bootstrap': False, 'max_samples': 0.04758163365157236}. Best is trial 369 with value: 0.7926966230508788.[0m
[32m[I 2022-04-14 06:42:29,369][0m Trial 401 finished with value: 0.7912234019432327 and parameters: {'n_estimators': 293, 'min_samples_split': 0.020087482047602516, 'min_samples_leaf': 0.011058016294889027, 'min_weight_fraction_leaf': 0.00867389882563903, 'max_features': 0.6023892876441395, 'bootstrap': False, 'max_samples': 0.028217581462481114}. Best is trial 369 with value: 0.7926966230508788.[0m
[32m[I 2022-04-14 06:43:42,412][0m Trial 402 finished with value: 0.7819958401647501 and parameters: {'n_estimators': 388, 'min_samples_split': 0.34700928215321264, 'min_samples_leaf': 0.009578208546680867, 'min_weight_fraction_leaf': 0.010034245228685885, 'max_features': 0.6019319453976698, 'bootstrap': False, 'max_samples': 0.02556193384680484}. Best is trial 369 with value: 0.7926966230508788.[0m
