[32m[I 2022-04-13 23:05:13,112][0m Trial 756 finished with value: 0.8909782174786336 and parameters: {'n_estimators': 259, 'min_samples_split': 0.157036406101691, 'min_samples_leaf': 0.07643358211584461, 'min_weight_fraction_leaf': 0.02115839398110816, 'max_features': 0.8495219264270604, 'bootstrap': False, 'max_samples': 0.8255637204246833}. Best is trial 394 with value: 0.8941171376114454.[0m
[32m[I 2022-04-13 23:08:00,595][0m Trial 757 finished with value: 0.8925686967738106 and parameters: {'n_estimators': 765, 'min_samples_split': 0.1311041568950545, 'min_samples_leaf': 0.05108138593233675, 'min_weight_fraction_leaf': 0.00048234599728553954, 'max_features': 0.8139699245001252, 'bootstrap': False, 'max_samples': 0.0511877360668799}. Best is trial 394 with value: 0.8941171376114454.[0m
[32m[I 2022-04-13 23:08:51,955][0m Trial 758 finished with value: 0.8914261536114065 and parameters: {'n_estimators': 214, 'min_samples_split': 0.1456161739376416, 'min_samples_leaf': 0.03204901804383245, 'min_weight_fraction_leaf': 0.03691293646711217, 'max_features': 0.7929072740508213, 'bootstrap': False, 'max_samples': 0.8766991557165009}. Best is trial 394 with value: 0.8941171376114454.[0m
[32m[I 2022-04-13 23:09:53,496][0m Trial 759 finished with value: 0.8915734652701337 and parameters: {'n_estimators': 282, 'min_samples_split': 0.12624302789061417, 'min_samples_leaf': 0.063246249632861, 'min_weight_fraction_leaf': 0.010383707621689064, 'max_features': 0.8302893213115409, 'bootstrap': False, 'max_samples': 0.8919229024426933}. Best is trial 394 with value: 0.8941171376114454.[0m
[32m[I 2022-04-13 23:10:32,794][0m Trial 760 finished with value: 0.8904546409988703 and parameters: {'n_estimators': 245, 'min_samples_split': 0.13539346799117138, 'min_samples_leaf': 0.08355877813020354, 'min_weight_fraction_leaf': 0.026737044411246278, 'max_features': 0.754284252680925, 'bootstrap': False, 'max_samples': 0.81048446130502}. Best is trial 394 with value: 0.8941171376114454.[0m
[32m[I 2022-04-13 23:11:15,018][0m Trial 761 finished with value: 0.8899939676077191 and parameters: {'n_estimators': 301, 'min_samples_split': 0.15184877496278243, 'min_samples_leaf': 0.04453759180315078, 'min_weight_fraction_leaf': 0.04151607801933711, 'max_features': 0.47288182392287276, 'bootstrap': False, 'max_samples': 0.900772739192874}. Best is trial 394 with value: 0.8941171376114454.[0m
[32m[I 2022-04-13 23:12:07,999][0m Trial 762 finished with value: 0.8906701589647883 and parameters: {'n_estimators': 271, 'min_samples_split': 0.13810566813514338, 'min_samples_leaf': 0.07087667020662072, 'min_weight_fraction_leaf': 0.017125175224474036, 'max_features': 0.8841274831939354, 'bootstrap': False, 'max_samples': 0.8431403664474106}. Best is trial 394 with value: 0.8941171376114454.[0m
[32m[I 2022-04-13 23:13:07,728][0m Trial 763 finished with value: 0.8923761106117173 and parameters: {'n_estimators': 289, 'min_samples_split': 0.12463410109485602, 'min_samples_leaf': 0.056380801952840315, 'min_weight_fraction_leaf': 0.00015894193184314356, 'max_features': 0.7835289702453745, 'bootstrap': False, 'max_samples': 0.029736900092795206}. Best is trial 394 with value: 0.8941171376114454.[0m
[32m[I 2022-04-13 23:13:53,812][0m Trial 764 finished with value: 0.8906026099121733 and parameters: {'n_estimators': 233, 'min_samples_split': 0.17256283341977124, 'min_samples_leaf': 0.06500584198610826, 'min_weight_fraction_leaf': 0.03446878563276934, 'max_features': 0.8502502269765282, 'bootstrap': False, 'max_samples': 0.8649825215157659}. Best is trial 394 with value: 0.8941171376114454.[0m
[32m[I 2022-04-13 23:14:51,706][0m Trial 765 finished with value: 0.8925923602775413 and parameters: {'n_estimators': 255, 'min_samples_split': 0.14432550959799242, 'min_samples_leaf': 0.045932812811272455, 'min_weight_fraction_leaf': 0.027171778656422375, 'max_features': 0.8130319111323264, 'bootstrap': False, 'max_samples': 0.9154392402409154}. Best is trial 394 with value: 0.8941171376114454.[0m
[32m[I 2022-04-13 23:15:45,308][0m Trial 766 finished with value: 0.7783985585936787 and parameters: {'n_estimators': 325, 'min_samples_split': 0.16037671932883432, 'min_samples_leaf': 0.02187750148482976, 'min_weight_fraction_leaf': 0.260271488147583, 'max_features': 0.8319151625198294, 'bootstrap': False, 'max_samples': 0.8927773822219505}. Best is trial 394 with value: 0.8941171376114454.[0m
[32m[I 2022-04-13 23:16:17,256][0m Trial 767 finished with value: 0.8867145671949883 and parameters: {'n_estimators': 365, 'min_samples_split': 0.12929694794348282, 'min_samples_leaf': 0.055459676708426414, 'min_weight_fraction_leaf': 0.060153513552214925, 'max_features': 0.2940423034383205, 'bootstrap': False, 'max_samples': 0.8609824559771769}. Best is trial 394 with value: 0.8941171376114454.[0m
[32m[I 2022-04-13 23:17:11,524][0m Trial 768 finished with value: 0.8907203371838929 and parameters: {'n_estimators': 310, 'min_samples_split': 0.1384538135201536, 'min_samples_leaf': 0.0762087204985977, 'min_weight_fraction_leaf': 0.010420589333136256, 'max_features': 0.8020204088502042, 'bootstrap': False, 'max_samples': 0.01162331498095346}. Best is trial 394 with value: 0.8941171376114454.[0m
[32m[I 2022-04-13 23:18:16,396][0m Trial 769 finished with value: 0.8902302706270883 and parameters: {'n_estimators': 269, 'min_samples_split': 0.15206856117969578, 'min_samples_leaf': 0.039081383170088434, 'min_weight_fraction_leaf': 0.04057656533368421, 'max_features': 0.8622397405812534, 'bootstrap': False, 'max_samples': 0.04598267937770602}. Best is trial 394 with value: 0.8941171376114454.[0m
[32m[I 2022-04-13 23:18:30,059][0m Trial 770 finished with value: 0.8848443332824892 and parameters: {'n_estimators': 287, 'min_samples_split': 0.11939443815610512, 'min_samples_leaf': 0.09985610150542776, 'min_weight_fraction_leaf': 0.022522249530607875, 'max_features': 0.7756836984409965, 'bootstrap': True, 'max_samples': 0.8294460520905507, 'oob_score': False}. Best is trial 394 with value: 0.8941171376114454.[0m
[32m[I 2022-04-13 23:19:09,371][0m Trial 771 finished with value: 0.7758131554275145 and parameters: {'n_estimators': 255, 'min_samples_split': 0.4673645568808765, 'min_samples_leaf': 0.06281362078017595, 'min_weight_fraction_leaf': 0.015217462724705914, 'max_features': 0.8186632131626478, 'bootstrap': False, 'max_samples': 0.002515751975955491}. Best is trial 394 with value: 0.8941171376114454.[0m
[32m[I 2022-04-13 23:19:59,346][0m Trial 772 finished with value: 0.7824786109174701 and parameters: {'n_estimators': 339, 'min_samples_split': 0.30235181321303584, 'min_samples_leaf': 0.08796497851013113, 'min_weight_fraction_leaf': 0.20341246472411922, 'max_features': 0.838019139050847, 'bootstrap': False, 'max_samples': 0.8763920688156711}. Best is trial 394 with value: 0.8941171376114454.[0m
[32m[I 2022-04-13 23:20:51,651][0m Trial 773 finished with value: 0.8927987292740729 and parameters: {'n_estimators': 242, 'min_samples_split': 0.13910636678239546, 'min_samples_leaf': 0.05010152115160954, 'min_weight_fraction_leaf': 0.05270847184324362, 'max_features': 0.8064321632983165, 'bootstrap': False, 'max_samples': 0.9164162172069771}. Best is trial 394 with value: 0.8941171376114454.[0m
[32m[I 2022-04-13 23:22:08,383][0m Trial 774 finished with value: 0.8911465147894762 and parameters: {'n_estimators': 297, 'min_samples_split': 0.12518106357400186, 'min_samples_leaf': 0.027041773715574174, 'min_weight_fraction_leaf': 0.032091446140840536, 'max_features': 0.7898968085924164, 'bootstrap': False, 'max_samples': 0.7980401235419845}. Best is trial 394 with value: 0.8941171376114454.[0m
[32m[I 2022-04-13 23:22:57,375][0m Trial 775 finished with value: 0.8912906728496124 and parameters: {'n_estimators': 273, 'min_samples_split': 0.14881580575368256, 'min_samples_leaf': 0.07320914572136808, 'min_weight_fraction_leaf': 0.06983983358559004, 'max_features': 0.7639086217602907, 'bootstrap': False, 'max_samples': 0.9104902732902512}. Best is trial 394 with value: 0.8941171376114454.[0m
[32m[I 2022-04-13 23:23:43,116][0m Trial 776 finished with value: 0.8937339632662169 and parameters: {'n_estimators': 230, 'min_samples_split': 0.13333818387279683, 'min_samples_leaf': 0.05858877191637716, 'min_weight_fraction_leaf': 0.043354642774462174, 'max_features': 0.8283653223522084, 'bootstrap': False, 'max_samples': 0.8483119429740689}. Best is trial 394 with value: 0.8941171376114454.[0m
[32m[I 2022-04-13 23:24:30,911][0m Trial 777 finished with value: 0.8898986068097268 and parameters: {'n_estimators': 221, 'min_samples_split': 0.12194619391596973, 'min_samples_leaf': 0.04100998715680147, 'min_weight_fraction_leaf': 0.08504749024294317, 'max_features': 0.8763630119644774, 'bootstrap': False, 'max_samples': 0.8400000763010703}. Best is trial 394 with value: 0.8941171376114454.[0m
[32m[I 2022-04-13 23:25:16,590][0m Trial 778 finished with value: 0.8896178905809575 and parameters: {'n_estimators': 215, 'min_samples_split': 0.16356749891642713, 'min_samples_leaf': 0.05686795194898773, 'min_weight_fraction_leaf': 0.055752828596701665, 'max_features': 0.8552827233411651, 'bootstrap': False, 'max_samples': 0.8237871822882064}. Best is trial 394 with value: 0.8941171376114454.[0m
[32m[I 2022-04-13 23:26:04,382][0m Trial 779 finished with value: 0.7843051171158937 and parameters: {'n_estimators': 232, 'min_samples_split': 0.1344055496725574, 'min_samples_leaf': 0.047023064085334756, 'min_weight_fraction_leaf': 0.17390108810233063, 'max_features': 0.9084596083900898, 'bootstrap': False, 'max_samples': 0.8489776863686219}. Best is trial 394 with value: 0.8941171376114454.[0m
[32m[I 2022-04-13 23:26:41,515][0m Trial 780 finished with value: 0.7761988185279349 and parameters: {'n_estimators': 201, 'min_samples_split': 0.42960243541717524, 'min_samples_leaf': 0.029966372553199876, 'min_weight_fraction_leaf': 0.046119555950972155, 'max_features': 0.8463271975882207, 'bootstrap': False, 'max_samples': 0.8577756116444318}. Best is trial 394 with value: 0.8941171376114454.[0m
[32m[I 2022-04-13 23:27:27,572][0m Trial 781 finished with value: 0.8923663734111683 and parameters: {'n_estimators': 208, 'min_samples_split': 0.14548565072804934, 'min_samples_leaf': 0.05988561278258931, 'min_weight_fraction_leaf': 0.06456257116180156, 'max_features': 0.8321302571829535, 'bootstrap': False, 'max_samples': 0.8161694438759498}. Best is trial 394 with value: 0.8941171376114454.[0m
[32m[I 2022-04-13 23:28:12,626][0m Trial 782 finished with value: 0.8904521064719617 and parameters: {'n_estimators': 221, 'min_samples_split': 0.13097061890803807, 'min_samples_leaf': 0.06952843442048885, 'min_weight_fraction_leaf': 0.07424258839002074, 'max_features': 0.8687587676890585, 'bootstrap': False, 'max_samples': 0.8753120433153256}. Best is trial 394 with value: 0.8941171376114454.[0m
[32m[I 2022-04-13 23:29:04,200][0m Trial 783 finished with value: 0.8896244289089156 and parameters: {'n_estimators': 233, 'min_samples_split': 0.047882788976647814, 'min_samples_leaf': 0.04866654819051408, 'min_weight_fraction_leaf': 0.04382105549324164, 'max_features': 0.8247272144500263, 'bootstrap': False, 'max_samples': 0.844934114161763}. Best is trial 394 with value: 0.8941171376114454.[0m
[32m[I 2022-04-13 23:30:07,694][0m Trial 784 finished with value: 0.8924552177517671 and parameters: {'n_estimators': 223, 'min_samples_split': 0.11933159038083271, 'min_samples_leaf': 0.01042972112051768, 'min_weight_fraction_leaf': 0.05751215145309507, 'max_features': 0.8021167615298588, 'bootstrap': False, 'max_samples': 0.804464558285801}. Best is trial 394 with value: 0.8941171376114454.[0m
[32m[I 2022-04-13 23:30:59,748][0m Trial 785 finished with value: 0.8890562154544817 and parameters: {'n_estimators': 207, 'min_samples_split': 0.15200093053989866, 'min_samples_leaf': 0.03820956498684795, 'min_weight_fraction_leaf': 0.037682151297100536, 'max_features': 0.8402406086640746, 'bootstrap': False, 'max_samples': 0.8826246030205482}. Best is trial 394 with value: 0.8941171376114454.[0m
[32m[I 2022-04-13 23:31:34,376][0m Trial 786 finished with value: 0.7876021024636246 and parameters: {'n_estimators': 193, 'min_samples_split': 0.3450894341333535, 'min_samples_leaf': 0.05837019751634034, 'min_weight_fraction_leaf': 0.00965592601911992, 'max_features': 0.8225900450223977, 'bootstrap': False, 'max_samples': 0.8606473115525858}. Best is trial 394 with value: 0.8941171376114454.[0m
[32m[I 2022-04-13 23:32:18,301][0m Trial 787 finished with value: 0.8920229857774007 and parameters: {'n_estimators': 229, 'min_samples_split': 0.1412810894753086, 'min_samples_leaf': 0.06791494340216073, 'min_weight_fraction_leaf': 0.025465263897424643, 'max_features': 0.7936652235386468, 'bootstrap': False, 'max_samples': 0.8279376863312424}. Best is trial 394 with value: 0.8941171376114454.[0m
[32m[I 2022-04-13 23:33:28,351][0m Trial 788 finished with value: 0.8895535627970965 and parameters: {'n_estimators': 315, 'min_samples_split': 0.13025029611015143, 'min_samples_leaf': 0.0501406198358321, 'min_weight_fraction_leaf': 0.046460430285064844, 'max_features': 0.8502058560306905, 'bootstrap': False, 'max_samples': 0.8795410358502345}. Best is trial 394 with value: 0.8941171376114454.[0m
[32m[I 2022-04-13 23:34:12,441][0m Trial 789 finished with value: 0.8903205786716517 and parameters: {'n_estimators': 241, 'min_samples_split': 0.15658893846766675, 'min_samples_leaf': 0.08008151560056531, 'min_weight_fraction_leaf': 0.0004136472788884049, 'max_features': 0.8179169694177446, 'bootstrap': False, 'max_samples': 0.09564019505722937}. Best is trial 394 with value: 0.8941171376114454.[0m
[32m[I 2022-04-13 23:34:38,175][0m Trial 790 finished with value: 0.7877273952476754 and parameters: {'n_estimators': 299, 'min_samples_split': 0.18108485948459807, 'min_samples_leaf': 0.061127816410127794, 'min_weight_fraction_leaf': 0.018193571944144074, 'max_features': 0.7819414084087766, 'bootstrap': True, 'max_samples': 0.8599619617090658, 'oob_score': True}. Best is trial 394 with value: 0.8941171376114454.[0m
[32m[I 2022-04-13 23:35:38,274][0m Trial 791 finished with value: 0.8904283865397851 and parameters: {'n_estimators': 213, 'min_samples_split': 0.11615924481247801, 'min_samples_leaf': 0.033939457947789596, 'min_weight_fraction_leaf': 0.035820707434027446, 'max_features': 0.8858811767989953, 'bootstrap': False, 'max_samples': 0.00014274929994535128}. Best is trial 394 with value: 0.8941171376114454.[0m
[32m[I 2022-04-13 23:36:18,856][0m Trial 792 finished with value: 0.8917841045970369 and parameters: {'n_estimators': 180, 'min_samples_split': 0.13993819852746053, 'min_samples_leaf': 0.05459381610142658, 'min_weight_fraction_leaf': 0.051672223006832385, 'max_features': 0.8637829496295777, 'bootstrap': False, 'max_samples': 0.8330372914379331}. Best is trial 394 with value: 0.8941171376114454.[0m
[32m[I 2022-04-13 23:37:20,791][0m Trial 793 finished with value: 0.8909094610108808 and parameters: {'n_estimators': 332, 'min_samples_split': 0.12746603873017318, 'min_samples_leaf': 0.0738471288963863, 'min_weight_fraction_leaf': 0.06290265889883132, 'max_features': 0.740252961622526, 'bootstrap': False, 'max_samples': 0.5714026293601031}. Best is trial 394 with value: 0.8941171376114454.[0m
[32m[I 2022-04-13 23:38:30,463][0m Trial 794 finished with value: 0.8899254931739164 and parameters: {'n_estimators': 309, 'min_samples_split': 0.16702580458418448, 'min_samples_leaf': 0.04211018940934681, 'min_weight_fraction_leaf': 0.025070861391098324, 'max_features': 0.8044180319726617, 'bootstrap': False, 'max_samples': 0.7874850325708709}. Best is trial 394 with value: 0.8941171376114454.[0m
[32m[I 2022-04-13 23:39:28,003][0m Trial 795 finished with value: 0.892957081482385 and parameters: {'n_estimators': 284, 'min_samples_split': 0.14681110760266597, 'min_samples_leaf': 0.06624285802074086, 'min_weight_fraction_leaf': 0.010425135054934167, 'max_features': 0.8337250949561743, 'bootstrap': False, 'max_samples': 0.8930121985148981}. Best is trial 394 with value: 0.8941171376114454.[0m
[32m[I 2022-04-13 23:39:34,830][0m Trial 796 finished with value: 0.7429161717590932 and parameters: {'n_estimators': 229, 'min_samples_split': 0.12083484144807283, 'min_samples_leaf': 0.3935569200566732, 'min_weight_fraction_leaf': 0.039365825959891805, 'max_features': 0.8189949984312564, 'bootstrap': False, 'max_samples': 0.031218440905646017}. Best is trial 394 with value: 0.8941171376114454.[0m
[32m[I 2022-04-13 23:40:15,702][0m Trial 797 finished with value: 0.8907189058776834 and parameters: {'n_estimators': 244, 'min_samples_split': 0.13596165238531313, 'min_samples_leaf': 0.08555234321398233, 'min_weight_fraction_leaf': 0.032420155611191624, 'max_features': 0.7840876245295209, 'bootstrap': False, 'max_samples': 0.8448567670366908}. Best is trial 394 with value: 0.8941171376114454.[0m
[32m[I 2022-04-13 23:41:20,214][0m Trial 798 finished with value: 0.8897204681618603 and parameters: {'n_estimators': 280, 'min_samples_split': 0.1598248880270829, 'min_samples_leaf': 0.05123097033348172, 'min_weight_fraction_leaf': 0.021769047509483067, 'max_features': 0.8465284180956556, 'bootstrap': False, 'max_samples': 0.36824364750606514}. Best is trial 394 with value: 0.8941171376114454.[0m
[32m[I 2022-04-13 23:42:28,228][0m Trial 799 finished with value: 0.8935206772578524 and parameters: {'n_estimators': 297, 'min_samples_split': 0.14834926904500473, 'min_samples_leaf': 0.05700233181139644, 'min_weight_fraction_leaf': 0.008406310710264694, 'max_features': 0.809414465841631, 'bootstrap': False, 'max_samples': 0.07271347500166062}. Best is trial 394 with value: 0.8941171376114454.[0m
[32m[I 2022-04-13 23:43:36,520][0m Trial 800 finished with value: 0.890966662471764 and parameters: {'n_estimators': 359, 'min_samples_split': 0.11435618995182131, 'min_samples_leaf': 0.06950856647044151, 'min_weight_fraction_leaf': 0.07705566600705134, 'max_features': 0.833468087459164, 'bootstrap': False, 'max_samples': 0.8902863021799746}. Best is trial 394 with value: 0.8941171376114454.[0m
[32m[I 2022-04-13 23:44:42,116][0m Trial 801 finished with value: 0.8904859548522233 and parameters: {'n_estimators': 259, 'min_samples_split': 0.12931011932526032, 'min_samples_leaf': 0.028959336786671255, 'min_weight_fraction_leaf': 0.050084415287647316, 'max_features': 0.7678879446558847, 'bootstrap': False, 'max_samples': 0.8057706042038029}. Best is trial 394 with value: 0.8941171376114454.[0m
[32m[I 2022-04-13 23:45:50,528][0m Trial 802 finished with value: 0.8919384636233982 and parameters: {'n_estimators': 315, 'min_samples_split': 0.1381851381091834, 'min_samples_leaf': 0.04176545539194859, 'min_weight_fraction_leaf': 0.019827985912079252, 'max_features': 0.798209363888233, 'bootstrap': False, 'max_samples': 0.04968735341238918}. Best is trial 394 with value: 0.8941171376114454.[0m
[32m[I 2022-04-13 23:46:01,429][0m Trial 803 finished with value: 0.7801442004334765 and parameters: {'n_estimators': 270, 'min_samples_split': 0.12409836781818369, 'min_samples_leaf': 0.07862016072745351, 'min_weight_fraction_leaf': 0.033824086181926845, 'max_features': 0.13903120248174938, 'bootstrap': False, 'max_samples': 0.8669490603325125}. Best is trial 394 with value: 0.8941171376114454.[0m
[32m[I 2022-04-13 23:46:55,049][0m Trial 804 finished with value: 0.8920041547704075 and parameters: {'n_estimators': 248, 'min_samples_split': 0.10890667610393381, 'min_samples_leaf': 0.06233698917767642, 'min_weight_fraction_leaf': 0.043482423372668506, 'max_features': 0.8650894705118044, 'bootstrap': False, 'max_samples': 0.1395747325208001}. Best is trial 394 with value: 0.8941171376114454.[0m
[32m[I 2022-04-13 23:47:54,473][0m Trial 805 finished with value: 0.89287521181796 and parameters: {'n_estimators': 291, 'min_samples_split': 0.15145451715794012, 'min_samples_leaf': 0.04907214955087553, 'min_weight_fraction_leaf': 0.06492867652634121, 'max_features': 0.8220827212363775, 'bootstrap': False, 'max_samples': 0.9098389327931606}. Best is trial 394 with value: 0.8941171376114454.[0m
[32m[I 2022-04-13 23:48:20,872][0m Trial 806 finished with value: 0.7860046922282982 and parameters: {'n_estimators': 226, 'min_samples_split': 0.14007920753152336, 'min_samples_leaf': 0.16118335012606755, 'min_weight_fraction_leaf': 0.01396900770300921, 'max_features': 0.8402990926565268, 'bootstrap': False, 'max_samples': 0.8215495084234475}. Best is trial 394 with value: 0.8941171376114454.[0m
[32m[I 2022-04-13 23:49:03,185][0m Trial 807 finished with value: 0.8874138683113042 and parameters: {'n_estimators': 217, 'min_samples_split': 0.2589546303083456, 'min_samples_leaf': 0.05579556421143435, 'min_weight_fraction_leaf': 0.05495522533143363, 'max_features': 0.7997081505072261, 'bootstrap': False, 'max_samples': 0.021000419371193294}. Best is trial 394 with value: 0.8941171376114454.[0m
[32m[I 2022-04-13 23:49:29,647][0m Trial 808 finished with value: 0.7766857936067482 and parameters: {'n_estimators': 236, 'min_samples_split': 0.12913110900313768, 'min_samples_leaf': 0.06879189536795599, 'min_weight_fraction_leaf': 0.31398298672663294, 'max_features': 0.7790152037656618, 'bootstrap': False, 'max_samples': 0.8501498888081509}. Best is trial 394 with value: 0.8941171376114454.[0m
[32m[I 2022-04-13 23:49:55,175][0m Trial 809 finished with value: 0.8940009685518057 and parameters: {'n_estimators': 278, 'min_samples_split': 0.07951243874090655, 'min_samples_leaf': 0.038758105210518826, 'min_weight_fraction_leaf': 0.03060744507240172, 'max_features': 0.5748223279622208, 'bootstrap': True, 'max_samples': 0.8975948417989921, 'oob_score': False}. Best is trial 394 with value: 0.8941171376114454.[0m
