[32m[I 2022-04-14 17:12:28,337][0m Trial 673 finished with value: 0.784410810107065 and parameters: {'n_estimators': 431, 'min_samples_split': 0.0012627881915110604, 'min_samples_leaf': 0.017863844408593527, 'min_weight_fraction_leaf': 0.024096883572572392, 'max_features': 0.5378384854838993, 'bootstrap': False, 'max_samples': 0.015573709350353536}. Best is trial 525 with value: 0.7931633376737273.[0m
[32m[I 2022-04-14 17:12:35,746][0m Trial 674 finished with value: 0.7555189524355297 and parameters: {'n_estimators': 518, 'min_samples_split': 0.03735355389457715, 'min_samples_leaf': 0.3547539089497761, 'min_weight_fraction_leaf': 0.01062751999268629, 'max_features': 0.5701018388127113, 'bootstrap': False, 'max_samples': 0.060353300550161124}. Best is trial 525 with value: 0.7931633376737273.[0m
[32m[I 2022-04-14 17:15:23,259][0m Trial 675 finished with value: 0.7843228074152078 and parameters: {'n_estimators': 651, 'min_samples_split': 0.017667962421451643, 'min_samples_leaf': 0.010050421536511514, 'min_weight_fraction_leaf': 0.032072805097493454, 'max_features': 0.5445579321125171, 'bootstrap': False, 'max_samples': 0.03664509643605113}. Best is trial 525 with value: 0.7931633376737273.[0m
[32m[I 2022-04-14 17:17:53,516][0m Trial 676 finished with value: 0.7910176847622438 and parameters: {'n_estimators': 563, 'min_samples_split': 0.012253071104292374, 'min_samples_leaf': 0.02301398053383265, 'min_weight_fraction_leaf': 0.015642477809586233, 'max_features': 0.6021565534852462, 'bootstrap': False, 'max_samples': 0.0005951208204171589}. Best is trial 525 with value: 0.7931633376737273.[0m
[32m[I 2022-04-14 17:22:54,654][0m Trial 677 finished with value: 0.7907395185785596 and parameters: {'n_estimators': 523, 'min_samples_split': 0.02591707903426707, 'min_samples_leaf': 0.0013544206434231345, 'min_weight_fraction_leaf': 0.00760109015984567, 'max_features': 0.5090085368075657, 'bootstrap': False, 'max_samples': 0.07553253040134084}. Best is trial 525 with value: 0.7931633376737273.[0m
[32m[I 2022-04-14 17:25:38,932][0m Trial 678 finished with value: 0.7839738557526024 and parameters: {'n_estimators': 480, 'min_samples_split': 0.0175474127289332, 'min_samples_leaf': 0.01564215069072623, 'min_weight_fraction_leaf': 0.00028236241042186444, 'max_features': 0.565056391615841, 'bootstrap': False, 'max_samples': 0.05331483989417035}. Best is trial 525 with value: 0.7931633376737273.[0m
[32m[I 2022-04-14 17:27:30,782][0m Trial 679 finished with value: 0.7848693456200327 and parameters: {'n_estimators': 626, 'min_samples_split': 0.0012004733766440255, 'min_samples_leaf': 0.031773886765281756, 'min_weight_fraction_leaf': 0.024260037813092696, 'max_features': 0.6197502894404362, 'bootstrap': False, 'max_samples': 0.019051581572076794}. Best is trial 525 with value: 0.7931633376737273.[0m
[32m[I 2022-04-14 17:27:38,819][0m Trial 680 finished with value: -1.0 and parameters: {'n_estimators': 504, 'min_samples_split': 0.03724333937776331, 'min_samples_leaf': 0.009682278715351933, 'min_weight_fraction_leaf': 0.014846390464673329, 'max_features': 0.586074957704628, 'bootstrap': True, 'max_samples': 0.000696039488740096, 'oob_score': True}. Best is trial 525 with value: 0.7931633376737273.[0m
[32m[I 2022-04-14 17:29:29,614][0m Trial 681 finished with value: 0.7843908620582686 and parameters: {'n_estimators': 680, 'min_samples_split': 0.010614011513769743, 'min_samples_leaf': 0.025547003046421116, 'min_weight_fraction_leaf': 0.03750098921156056, 'max_features': 0.5312961360968564, 'bootstrap': False, 'max_samples': 0.03861453969907566}. Best is trial 525 with value: 0.7931633376737273.[0m
[32m[I 2022-04-14 17:29:55,678][0m Trial 682 finished with value: 0.7555892343457524 and parameters: {'n_estimators': 595, 'min_samples_split': 0.37826428645262156, 'min_samples_leaf': 0.010518031963671176, 'min_weight_fraction_leaf': 0.24691427589395384, 'max_features': 0.5543521941363158, 'bootstrap': False, 'max_samples': 0.5812408020022839}. Best is trial 525 with value: 0.7931633376737273.[0m
[32m[I 2022-04-14 17:32:43,683][0m Trial 683 finished with value: 0.784099989780226 and parameters: {'n_estimators': 548, 'min_samples_split': 0.029928561915998634, 'min_samples_leaf': 0.017894342160039614, 'min_weight_fraction_leaf': 0.008901798054913796, 'max_features': 0.5997887927505727, 'bootstrap': False, 'max_samples': 0.06010253997107248}. Best is trial 525 with value: 0.7931633376737273.[0m
[32m[I 2022-04-14 17:35:45,501][0m Trial 684 finished with value: 0.7918372647204546 and parameters: {'n_estimators': 452, 'min_samples_split': 0.019981390031111764, 'min_samples_leaf': 0.0014982514548827607, 'min_weight_fraction_leaf': 0.02220865087208805, 'max_features': 0.5794902331881358, 'bootstrap': False, 'max_samples': 0.024619711201863136}. Best is trial 525 with value: 0.7931633376737273.[0m
[32m[I 2022-04-14 17:38:12,283][0m Trial 685 finished with value: 0.7830815212641384 and parameters: {'n_estimators': 563, 'min_samples_split': 0.037934812479869, 'min_samples_leaf': 0.0012107875062759635, 'min_weight_fraction_leaf': 0.0430873508496729, 'max_features': 0.6214198468097967, 'bootstrap': False, 'max_samples': 0.021575969324989328}. Best is trial 525 with value: 0.7931633376737273.[0m
[32m[I 2022-04-14 17:39:04,625][0m Trial 686 finished with value: 0.7726051769011674 and parameters: {'n_estimators': 602, 'min_samples_split': 0.2543116762980019, 'min_samples_leaf': 0.01016228078077635, 'min_weight_fraction_leaf': 0.029098894124668317, 'max_features': 0.5807945123736697, 'bootstrap': False, 'max_samples': 0.03863670877829255}. Best is trial 525 with value: 0.7931633376737273.[0m
[32m[I 2022-04-14 17:41:17,094][0m Trial 687 finished with value: 0.782936170698068 and parameters: {'n_estimators': 515, 'min_samples_split': 0.025058233885360083, 'min_samples_leaf': 0.0015295050147168462, 'min_weight_fraction_leaf': 0.041139788158486554, 'max_features': 0.6008465588385303, 'bootstrap': False, 'max_samples': 0.07946711283298262}. Best is trial 525 with value: 0.7931633376737273.[0m
[32m[I 2022-04-14 17:42:58,253][0m Trial 688 finished with value: 0.7859722183188956 and parameters: {'n_estimators': 416, 'min_samples_split': 0.02071179231159727, 'min_samples_leaf': 0.02204411196139451, 'min_weight_fraction_leaf': 0.028502074286670898, 'max_features': 0.5781757167904399, 'bootstrap': False, 'max_samples': 0.026134589182549593}. Best is trial 525 with value: 0.7931633376737273.[0m
[32m[I 2022-04-14 17:46:02,602][0m Trial 689 finished with value: 0.7904487531229804 and parameters: {'n_estimators': 470, 'min_samples_split': 0.03998025231684543, 'min_samples_leaf': 0.001239861817470751, 'min_weight_fraction_leaf': 0.025375055526375097, 'max_features': 0.6275701831965421, 'bootstrap': False, 'max_samples': 0.05168938504840803}. Best is trial 525 with value: 0.7931633376737273.[0m
[32m[I 2022-04-14 17:48:37,416][0m Trial 690 finished with value: 0.7857426720049473 and parameters: {'n_estimators': 536, 'min_samples_split': 0.024398564149067877, 'min_samples_leaf': 0.01712284736083413, 'min_weight_fraction_leaf': 0.017331441312835698, 'max_features': 0.5311440632571778, 'bootstrap': False, 'max_samples': 0.01787780296466277}. Best is trial 525 with value: 0.7931633376737273.[0m
[32m[I 2022-04-14 17:50:53,711][0m Trial 691 finished with value: 0.7844425210148834 and parameters: {'n_estimators': 576, 'min_samples_split': 0.017423769448991096, 'min_samples_leaf': 0.009927758800317085, 'min_weight_fraction_leaf': 0.03511128489790957, 'max_features': 0.5682741268345792, 'bootstrap': False, 'max_samples': 0.047619914852525584}. Best is trial 525 with value: 0.7931633376737273.[0m
[32m[I 2022-04-14 17:51:06,622][0m Trial 692 finished with value: 0.7524265894168217 and parameters: {'n_estimators': 493, 'min_samples_split': 0.011841175750422357, 'min_samples_leaf': 0.03322149382190714, 'min_weight_fraction_leaf': 0.3372948742907501, 'max_features': 0.4851296003755028, 'bootstrap': False, 'max_samples': 0.030407382659193183}. Best is trial 525 with value: 0.7931633376737273.[0m
[32m[I 2022-04-14 17:53:22,147][0m Trial 693 finished with value: 0.7904090514382268 and parameters: {'n_estimators': 641, 'min_samples_split': 0.027814820075362297, 'min_samples_leaf': 0.02481208469859971, 'min_weight_fraction_leaf': 0.02000340362421238, 'max_features': 0.5975426637487603, 'bootstrap': False, 'max_samples': 0.07322312100911374}. Best is trial 525 with value: 0.7931633376737273.[0m
[32m[I 2022-04-14 17:54:34,228][0m Trial 694 finished with value: 0.7805137748216591 and parameters: {'n_estimators': 613, 'min_samples_split': 0.0010070367424719097, 'min_samples_leaf': 0.01046225257559398, 'min_weight_fraction_leaf': 0.06691994039616285, 'max_features': 0.5477321978855124, 'bootstrap': False, 'max_samples': 0.002239501685594017}. Best is trial 525 with value: 0.7931633376737273.[0m
[32m[I 2022-04-14 17:58:23,889][0m Trial 695 finished with value: 0.7907019326940716 and parameters: {'n_estimators': 550, 'min_samples_split': 0.010490360455152396, 'min_samples_leaf': 0.0010054316575799044, 'min_weight_fraction_leaf': 0.019677873950289776, 'max_features': 0.5160636204452358, 'bootstrap': False, 'max_samples': 0.018642131826469732}. Best is trial 525 with value: 0.7931633376737273.[0m
[32m[I 2022-04-14 18:00:42,550][0m Trial 696 finished with value: 0.7847836041889584 and parameters: {'n_estimators': 431, 'min_samples_split': 0.030736686710343894, 'min_samples_leaf': 0.00106770509381058, 'min_weight_fraction_leaf': 0.030741873015693935, 'max_features': 0.5829934039036474, 'bootstrap': False, 'max_samples': 0.06055223962019585}. Best is trial 525 with value: 0.7931633376737273.[0m
[32m[I 2022-04-14 18:00:56,572][0m Trial 697 finished with value: 0.7600641037952223 and parameters: {'n_estimators': 580, 'min_samples_split': 0.1063280191412356, 'min_samples_leaf': 0.27323817937762007, 'min_weight_fraction_leaf': 0.009642039611508819, 'max_features': 0.6177988064887436, 'bootstrap': False, 'max_samples': 0.03733773568058143}. Best is trial 525 with value: 0.7931633376737273.[0m
[32m[I 2022-04-14 18:01:05,621][0m Trial 698 finished with value: 0.7679016393872116 and parameters: {'n_estimators': 516, 'min_samples_split': 0.01781055250344778, 'min_samples_leaf': 0.01813606567234373, 'min_weight_fraction_leaf': 0.016569528308810706, 'max_features': 0.5610655056856683, 'bootstrap': True, 'max_samples': 0.08692126264149067, 'oob_score': False}. Best is trial 525 with value: 0.7931633376737273.[0m
[32m[I 2022-04-14 18:02:13,197][0m Trial 699 finished with value: 0.7813047398935574 and parameters: {'n_estimators': 477, 'min_samples_split': 0.03960933395758701, 'min_samples_leaf': 0.03958766610817199, 'min_weight_fraction_leaf': 0.011511892433403472, 'max_features': 0.5430813405950046, 'bootstrap': False, 'max_samples': 0.018408469352511586}. Best is trial 525 with value: 0.7931633376737273.[0m
[32m[I 2022-04-14 18:03:21,783][0m Trial 700 finished with value: 0.7832062304054155 and parameters: {'n_estimators': 536, 'min_samples_split': 0.001141033661133558, 'min_samples_leaf': 0.0242384643717872, 'min_weight_fraction_leaf': 0.05014233283490821, 'max_features': 0.5030321905486941, 'bootstrap': False, 'max_samples': 0.04467293918928955}. Best is trial 525 with value: 0.7931633376737273.[0m
[32m[I 2022-04-14 18:06:22,656][0m Trial 701 finished with value: 0.7907972428345261 and parameters: {'n_estimators': 593, 'min_samples_split': 0.020656837047130807, 'min_samples_leaf': 0.011631429394148204, 'min_weight_fraction_leaf': 0.02660850300993027, 'max_features': 0.5945263148738782, 'bootstrap': False, 'max_samples': 0.03678401504770119}. Best is trial 525 with value: 0.7931633376737273.[0m
[32m[I 2022-04-14 18:06:54,093][0m Trial 702 finished with value: 0.7718391207652234 and parameters: {'n_estimators': 457, 'min_samples_split': 0.013518264803620396, 'min_samples_leaf': 0.017346801285704275, 'min_weight_fraction_leaf': 0.15460209620043666, 'max_features': 0.5704094816861233, 'bootstrap': False, 'max_samples': 0.07228141579341778}. Best is trial 525 with value: 0.7931633376737273.[0m
[32m[I 2022-04-14 18:08:14,044][0m Trial 703 finished with value: 0.7850864150267788 and parameters: {'n_estimators': 497, 'min_samples_split': 0.02846216314586434, 'min_samples_leaf': 0.030497441277064788, 'min_weight_fraction_leaf': 0.008376356366019192, 'max_features': 0.5305825673780928, 'bootstrap': False, 'max_samples': 0.01511819702380571}. Best is trial 525 with value: 0.7931633376737273.[0m
[32m[I 2022-04-14 18:12:37,003][0m Trial 704 finished with value: 0.7909492282539683 and parameters: {'n_estimators': 678, 'min_samples_split': 0.00980528040560389, 'min_samples_leaf': 0.01118670741207747, 'min_weight_fraction_leaf': 0.01937435305720282, 'max_features': 0.6314479681558067, 'bootstrap': False, 'max_samples': 0.05335926828989515}. Best is trial 525 with value: 0.7931633376737273.[0m
[32m[I 2022-04-14 18:14:22,345][0m Trial 705 finished with value: 0.7819886751413895 and parameters: {'n_estimators': 566, 'min_samples_split': 0.020442839201796525, 'min_samples_leaf': 0.02374145555511553, 'min_weight_fraction_leaf': 0.039346523675009515, 'max_features': 0.6062840663923715, 'bootstrap': False, 'max_samples': 0.0020455117557748956}. Best is trial 525 with value: 0.7931633376737273.[0m
[32m[I 2022-04-14 18:14:35,492][0m Trial 706 finished with value: 0.7699043348224757 and parameters: {'n_estimators': 242, 'min_samples_split': 0.04123974572425458, 'min_samples_leaf': 0.11131056614436409, 'min_weight_fraction_leaf': 0.0002255294839535061, 'max_features': 0.5529850573544368, 'bootstrap': False, 'max_samples': 0.03630546706806007}. Best is trial 525 with value: 0.7931633376737273.[0m
[32m[I 2022-04-14 18:20:01,544][0m Trial 707 finished with value: 0.7902397263295838 and parameters: {'n_estimators': 617, 'min_samples_split': 0.014969082711855087, 'min_samples_leaf': 0.009315478970045662, 'min_weight_fraction_leaf': 0.008938949132773084, 'max_features': 0.5782917363155066, 'bootstrap': False, 'max_samples': 0.021287577623381272}. Best is trial 525 with value: 0.7931633376737273.[0m
[32m[I 2022-04-14 18:22:12,893][0m Trial 708 finished with value: 0.7909818496055271 and parameters: {'n_estimators': 529, 'min_samples_split': 0.0011155871498082556, 'min_samples_leaf': 0.01731007190862008, 'min_weight_fraction_leaf': 0.02407203889422592, 'max_features': 0.5207284673431509, 'bootstrap': False, 'max_samples': 0.061865038894140106}. Best is trial 525 with value: 0.7931633376737273.[0m
[32m[I 2022-04-14 18:23:43,742][0m Trial 709 finished with value: 0.783908187393475 and parameters: {'n_estimators': 639, 'min_samples_split': 0.032406224369306305, 'min_samples_leaf': 0.03199671552216402, 'min_weight_fraction_leaf': 0.01504692130085052, 'max_features': 0.4736601211182878, 'bootstrap': False, 'max_samples': 0.09297469218509946}. Best is trial 525 with value: 0.7931633376737273.[0m
[32m[I 2022-04-14 18:26:08,502][0m Trial 710 finished with value: 0.7829860492197306 and parameters: {'n_estimators': 562, 'min_samples_split': 0.009950519720124958, 'min_samples_leaf': 0.001300600298388542, 'min_weight_fraction_leaf': 0.03311565235952848, 'max_features': 0.5494245131596089, 'bootstrap': False, 'max_samples': 0.01827643344704181}. Best is trial 525 with value: 0.7931633376737273.[0m
[32m[I 2022-04-14 18:26:23,723][0m Trial 711 finished with value: 0.7494308033483045 and parameters: {'n_estimators': 445, 'min_samples_split': 0.49663717987495204, 'min_samples_leaf': 0.12941798347866512, 'min_weight_fraction_leaf': 0.009319263768157603, 'max_features': 0.5817312896590772, 'bootstrap': False, 'max_samples': 0.6202599045757987}. Best is trial 525 with value: 0.7931633376737273.[0m
[32m[I 2022-04-14 18:29:03,257][0m Trial 712 finished with value: 0.7904587945647115 and parameters: {'n_estimators': 488, 'min_samples_split': 0.025456350275753117, 'min_samples_leaf': 0.010112235574490652, 'min_weight_fraction_leaf': 0.023493896105042305, 'max_features': 0.607125581662759, 'bootstrap': False, 'max_samples': 0.049451006464155345}. Best is trial 525 with value: 0.7931633376737273.[0m
[32m[I 2022-04-14 18:34:57,508][0m Trial 713 finished with value: 0.7921146701293283 and parameters: {'n_estimators': 517, 'min_samples_split': 0.010983060607101986, 'min_samples_leaf': 0.0011350161869429919, 'min_weight_fraction_leaf': 0.00859217921410543, 'max_features': 0.5618042363493239, 'bootstrap': False, 'max_samples': 0.019510413777665384}. Best is trial 525 with value: 0.7931633376737273.[0m
[32m[I 2022-04-14 18:35:14,605][0m Trial 714 finished with value: 0.6398506229988932 and parameters: {'n_estimators': 512, 'min_samples_split': 0.45951596228486835, 'min_samples_leaf': 0.001949226827147675, 'min_weight_fraction_leaf': 0.4294482808758837, 'max_features': 0.5634605540528063, 'bootstrap': False, 'max_samples': 0.6497085064395138}. Best is trial 525 with value: 0.7931633376737273.[0m
[32m[I 2022-04-14 18:41:03,772][0m Trial 715 finished with value: 0.791752595889124 and parameters: {'n_estimators': 532, 'min_samples_split': 0.010122139193844956, 'min_samples_leaf': 0.0014692080983430712, 'min_weight_fraction_leaf': 0.008998137955803598, 'max_features': 0.5372792803660493, 'bootstrap': False, 'max_samples': 0.017052712658088016}. Best is trial 525 with value: 0.7931633376737273.[0m
[32m[I 2022-04-14 18:43:08,832][0m Trial 716 finished with value: 0.7828439302297002 and parameters: {'n_estimators': 511, 'min_samples_split': 0.001406656076461297, 'min_samples_leaf': 0.0012733095535297349, 'min_weight_fraction_leaf': 0.035266314921559475, 'max_features': 0.5087895418218521, 'bootstrap': False, 'max_samples': 0.016077108069505627}. Best is trial 525 with value: 0.7931633376737273.[0m
[32m[I 2022-04-14 18:45:52,179][0m Trial 717 finished with value: 0.7836585633125087 and parameters: {'n_estimators': 538, 'min_samples_split': 0.009381399523193518, 'min_samples_leaf': 0.010490335593305521, 'min_weight_fraction_leaf': 0.022588615535293403, 'max_features': 0.5328570764983362, 'bootstrap': False, 'max_samples': 0.002282680035627274}. Best is trial 525 with value: 0.7931633376737273.[0m
[32m[I 2022-04-14 18:46:00,078][0m Trial 718 finished with value: 0.5 and parameters: {'n_estimators': 473, 'min_samples_split': 0.3410985269452845, 'min_samples_leaf': 0.09561362625717947, 'min_weight_fraction_leaf': 0.015386669875274343, 'max_features': 0.49991809545418725, 'bootstrap': True, 'max_samples': 0.028073559853595872, 'oob_score': True}. Best is trial 525 with value: 0.7931633376737273.[0m
[32m[I 2022-04-14 18:47:40,829][0m Trial 719 finished with value: 0.7823756045784898 and parameters: {'n_estimators': 500, 'min_samples_split': 0.0012206730599274799, 'min_samples_leaf': 0.0018691265029293583, 'min_weight_fraction_leaf': 0.04745580481827167, 'max_features': 0.5438567214749837, 'bootstrap': False, 'max_samples': 0.03522247127541883}. Best is trial 525 with value: 0.7931633376737273.[0m
[32m[I 2022-04-14 18:50:20,796][0m Trial 720 finished with value: 0.7839477084618045 and parameters: {'n_estimators': 532, 'min_samples_split': 0.01141834215303893, 'min_samples_leaf': 0.0011931356549166779, 'min_weight_fraction_leaf': 0.02870036633917329, 'max_features': 0.5209638334787396, 'bootstrap': False, 'max_samples': 0.0038088892368366746}. Best is trial 525 with value: 0.7931633376737273.[0m
[32m[I 2022-04-14 18:50:26,346][0m Trial 721 finished with value: 0.6405476661893706 and parameters: {'n_estimators': 521, 'min_samples_split': 0.012019816167376615, 'min_samples_leaf': 0.41994872562312735, 'min_weight_fraction_leaf': 0.008601037351169457, 'max_features': 0.5367725795365339, 'bootstrap': False, 'max_samples': 0.02957110638356346}. Best is trial 525 with value: 0.7931633376737273.[0m
[32m[I 2022-04-14 18:53:41,079][0m Trial 722 finished with value: 0.7901184835260033 and parameters: {'n_estimators': 550, 'min_samples_split': 0.009771893109193207, 'min_samples_leaf': 0.01034221288502918, 'min_weight_fraction_leaf': 0.018193169897549613, 'max_features': 0.5503020575790134, 'bootstrap': False, 'max_samples': 0.015501546924998487}. Best is trial 525 with value: 0.7931633376737273.[0m
[32m[I 2022-04-14 18:57:40,764][0m Trial 723 finished with value: 0.7901364367780705 and parameters: {'n_estimators': 498, 'min_samples_split': 0.01820763391870876, 'min_samples_leaf': 0.009972434587416418, 'min_weight_fraction_leaf': 0.007950370909092256, 'max_features': 0.56388862409704, 'bootstrap': False, 'max_samples': 0.0004056675051106219}. Best is trial 525 with value: 0.7931633376737273.[0m
[32m[I 2022-04-14 19:00:52,370][0m Trial 724 finished with value: 0.7902720364879819 and parameters: {'n_estimators': 471, 'min_samples_split': 0.0012832818119754286, 'min_samples_leaf': 0.010867979985398627, 'min_weight_fraction_leaf': 0.00023870853135626174, 'max_features': 0.5300257763513817, 'bootstrap': False, 'max_samples': 0.041986321772418456}. Best is trial 525 with value: 0.7931633376737273.[0m
[32m[I 2022-04-14 19:03:46,081][0m Trial 725 finished with value: 0.7843144460152861 and parameters: {'n_estimators': 547, 'min_samples_split': 0.010078111339439312, 'min_samples_leaf': 0.009706816561099804, 'min_weight_fraction_leaf': 0.018229154629029774, 'max_features': 0.5007910901162066, 'bootstrap': False, 'max_samples': 0.6274162448346803}. Best is trial 525 with value: 0.7931633376737273.[0m
[32m[I 2022-04-14 19:06:15,719][0m Trial 726 finished with value: 0.7845523135470716 and parameters: {'n_estimators': 574, 'min_samples_split': 0.01993389491730272, 'min_samples_leaf': 0.001312060632264033, 'min_weight_fraction_leaf': 0.034986762975501004, 'max_features': 0.5646084933992886, 'bootstrap': False, 'max_samples': 0.0003748701462259335}. Best is trial 525 with value: 0.7931633376737273.[0m
