[32m[I 2022-04-14 23:46:55,421][0m Trial 937 finished with value: 0.5 and parameters: {'n_estimators': 653, 'min_samples_split': 0.02516270038190193, 'min_samples_leaf': 0.34094732868351435, 'min_weight_fraction_leaf': 0.018368187986596972, 'max_features': 0.5749403912490929, 'bootstrap': True, 'max_samples': 0.5447134813633174, 'oob_score': True}. Best is trial 796 with value: 0.7934330659150641.[0m
[32m[I 2022-04-14 23:47:36,627][0m Trial 938 finished with value: 0.783672583580618 and parameters: {'n_estimators': 471, 'min_samples_split': 0.027741684868970315, 'min_samples_leaf': 0.033012523349988256, 'min_weight_fraction_leaf': 0.03250955782006396, 'max_features': 0.5525180850784865, 'bootstrap': True, 'max_samples': 0.601121672199412, 'oob_score': True}. Best is trial 796 with value: 0.7934330659150641.[0m
[32m[I 2022-04-14 23:48:42,014][0m Trial 939 finished with value: 0.7861031995759871 and parameters: {'n_estimators': 506, 'min_samples_split': 0.04205944919111955, 'min_samples_leaf': 0.018783870144082147, 'min_weight_fraction_leaf': 0.01018771161473795, 'max_features': 0.5133702558719763, 'bootstrap': True, 'max_samples': 0.6157390452401087, 'oob_score': True}. Best is trial 796 with value: 0.7934330659150641.[0m
[32m[I 2022-04-14 23:49:57,833][0m Trial 940 finished with value: 0.7851756070336805 and parameters: {'n_estimators': 606, 'min_samples_split': 0.020015589016779266, 'min_samples_leaf': 0.020809073669467916, 'min_weight_fraction_leaf': 0.021366095299386705, 'max_features': 0.5974989928297971, 'bootstrap': True, 'max_samples': 0.5691900981601757, 'oob_score': True}. Best is trial 796 with value: 0.7934330659150641.[0m
[32m[I 2022-04-14 23:50:33,470][0m Trial 941 finished with value: 0.7748350203535026 and parameters: {'n_estimators': 567, 'min_samples_split': 0.03193946620518093, 'min_samples_leaf': 0.04223657243265343, 'min_weight_fraction_leaf': 0.00019467586907486096, 'max_features': 0.5688619561839328, 'bootstrap': True, 'max_samples': 0.49636825434843806, 'oob_score': True}. Best is trial 796 with value: 0.7934330659150641.[0m
[32m[I 2022-04-14 23:50:40,902][0m Trial 942 finished with value: 0.6441849853168511 and parameters: {'n_estimators': 487, 'min_samples_split': 0.02031220517916968, 'min_samples_leaf': 0.19576153731839913, 'min_weight_fraction_leaf': 0.24223314507268756, 'max_features': 0.538386724586619, 'bootstrap': True, 'max_samples': 0.5314450657917332, 'oob_score': True}. Best is trial 796 with value: 0.7934330659150641.[0m
[32m[I 2022-04-14 23:51:14,715][0m Trial 943 finished with value: 0.7787123640341811 and parameters: {'n_estimators': 311, 'min_samples_split': 0.11677304206741512, 'min_samples_leaf': 0.009208638054588164, 'min_weight_fraction_leaf': 0.04358649943449209, 'max_features': 0.6135355375015361, 'bootstrap': True, 'max_samples': 0.5917621703784588, 'oob_score': True}. Best is trial 796 with value: 0.7934330659150641.[0m
[32m[I 2022-04-14 23:51:58,597][0m Trial 944 finished with value: 0.7821583556892173 and parameters: {'n_estimators': 516, 'min_samples_split': 0.053984228390502056, 'min_samples_leaf': 0.029970408869345204, 'min_weight_fraction_leaf': 0.015785414905346816, 'max_features': 0.5025908807963367, 'bootstrap': True, 'max_samples': 0.5565477449989712, 'oob_score': True}. Best is trial 796 with value: 0.7934330659150641.[0m
[32m[I 2022-04-14 23:52:46,216][0m Trial 945 finished with value: 0.7856770774230205 and parameters: {'n_estimators': 379, 'min_samples_split': 0.03883232663938425, 'min_samples_leaf': 0.017816050901830676, 'min_weight_fraction_leaf': 0.026727876225182995, 'max_features': 0.5825116472778036, 'bootstrap': True, 'max_samples': 0.6119716271788905, 'oob_score': False}. Best is trial 796 with value: 0.7934330659150641.[0m
[32m[I 2022-04-14 23:52:50,749][0m Trial 946 finished with value: 0.7422232476578531 and parameters: {'n_estimators': 549, 'min_samples_split': 0.026710968401510424, 'min_samples_leaf': 0.1018510658611148, 'min_weight_fraction_leaf': 0.009692677262915237, 'max_features': 0.055518532331284176, 'bootstrap': True, 'max_samples': 0.573817707386642, 'oob_score': False}. Best is trial 796 with value: 0.7934330659150641.[0m
[32m[I 2022-04-14 23:52:56,716][0m Trial 947 finished with value: 0.5 and parameters: {'n_estimators': 466, 'min_samples_split': 0.08436783764832634, 'min_samples_leaf': 0.43842182640296046, 'min_weight_fraction_leaf': 0.009105435516966055, 'max_features': 0.5560484946056143, 'bootstrap': True, 'max_samples': 0.6270381442800848, 'oob_score': True}. Best is trial 796 with value: 0.7934330659150641.[0m
[32m[I 2022-04-14 23:54:26,949][0m Trial 948 finished with value: 0.786739719304222 and parameters: {'n_estimators': 586, 'min_samples_split': 0.015917044792492493, 'min_samples_leaf': 0.010369654926153877, 'min_weight_fraction_leaf': 0.024451156840492927, 'max_features': 0.528314455458809, 'bootstrap': True, 'max_samples': 0.6438563578943071, 'oob_score': False}. Best is trial 796 with value: 0.7934330659150641.[0m
[32m[I 2022-04-14 23:54:40,860][0m Trial 949 finished with value: 0.759176825127763 and parameters: {'n_estimators': 499, 'min_samples_split': 0.04709812925938084, 'min_samples_leaf': 0.12064651544766355, 'min_weight_fraction_leaf': 0.01696881574320376, 'max_features': 0.48818685585701177, 'bootstrap': True, 'max_samples': 0.57864685063249, 'oob_score': True}. Best is trial 796 with value: 0.7934330659150641.[0m
[32m[I 2022-04-14 23:55:35,679][0m Trial 950 finished with value: 0.7864168418956151 and parameters: {'n_estimators': 530, 'min_samples_split': 0.016900660275459646, 'min_samples_leaf': 0.02502120096588424, 'min_weight_fraction_leaf': 0.034983245145523145, 'max_features': 0.5709234664596741, 'bootstrap': True, 'max_samples': 0.60241516227108, 'oob_score': False}. Best is trial 796 with value: 0.7934330659150641.[0m
[32m[I 2022-04-14 23:56:53,189][0m Trial 951 finished with value: 0.7921620884676409 and parameters: {'n_estimators': 473, 'min_samples_split': 0.034283606905564395, 'min_samples_leaf': 0.00956812897335267, 'min_weight_fraction_leaf': 0.012614762127605246, 'max_features': 0.5432237221054023, 'bootstrap': True, 'max_samples': 0.5490394692050328, 'oob_score': True}. Best is trial 796 with value: 0.7934330659150641.[0m
[32m[I 2022-04-14 23:57:53,939][0m Trial 952 finished with value: 0.7728473523735196 and parameters: {'n_estimators': 629, 'min_samples_split': 0.03254689769147613, 'min_samples_leaf': 0.008338335146989149, 'min_weight_fraction_leaf': 0.05683013656166258, 'max_features': 0.5306274160719571, 'bootstrap': True, 'max_samples': 0.5168396222740905, 'oob_score': True}. Best is trial 796 with value: 0.7934330659150641.[0m
[32m[I 2022-04-14 23:59:04,788][0m Trial 953 finished with value: 0.780365392356278 and parameters: {'n_estimators': 553, 'min_samples_split': 0.02364883604232597, 'min_samples_leaf': 0.0011358984648096333, 'min_weight_fraction_leaf': 0.04365700606122663, 'max_features': 0.517077219015908, 'bootstrap': True, 'max_samples': 0.5513917819699907, 'oob_score': True}. Best is trial 796 with value: 0.7934330659150641.[0m
[32m[I 2022-04-15 00:00:07,366][0m Trial 954 finished with value: 0.7845103192526915 and parameters: {'n_estimators': 516, 'min_samples_split': 0.011340222399090322, 'min_samples_leaf': 0.010669272446764341, 'min_weight_fraction_leaf': 0.031371101624358286, 'max_features': 0.49944404566275435, 'bootstrap': True, 'max_samples': 0.5295414045785858, 'oob_score': True}. Best is trial 796 with value: 0.7934330659150641.[0m
[32m[I 2022-04-15 00:00:40,576][0m Trial 955 finished with value: 0.7858796555785645 and parameters: {'n_estimators': 167, 'min_samples_split': 0.03222889179512936, 'min_samples_leaf': 0.0013691656734478603, 'min_weight_fraction_leaf': 0.023638000489424917, 'max_features': 0.547266971127061, 'bootstrap': True, 'max_samples': 0.5874388613878929, 'oob_score': True}. Best is trial 796 with value: 0.7934330659150641.[0m
[32m[I 2022-04-15 00:00:46,825][0m Trial 956 finished with value: 0.5 and parameters: {'n_estimators': 459, 'min_samples_split': 0.018338311813464535, 'min_samples_leaf': 0.010445315873550609, 'min_weight_fraction_leaf': 0.46486578889501096, 'max_features': 0.5182514526676602, 'bootstrap': True, 'max_samples': 0.5745074935109575, 'oob_score': True}. Best is trial 796 with value: 0.7934330659150641.[0m
[32m[I 2022-04-15 00:01:45,773][0m Trial 957 finished with value: 0.7870185072306654 and parameters: {'n_estimators': 217, 'min_samples_split': 0.024074195881137128, 'min_samples_leaf': 0.0010307351767070566, 'min_weight_fraction_leaf': 0.01915417592871579, 'max_features': 0.6724173140243869, 'bootstrap': True, 'max_samples': 0.5420158159030573, 'oob_score': True}. Best is trial 796 with value: 0.7934330659150641.[0m
[32m[I 2022-04-15 00:03:04,765][0m Trial 958 finished with value: 0.7865282757966046 and parameters: {'n_estimators': 587, 'min_samples_split': 0.010992537696088212, 'min_samples_leaf': 0.01640036964392198, 'min_weight_fraction_leaf': 0.029874915706761714, 'max_features': 0.5424775074109688, 'bootstrap': True, 'max_samples': 0.6109898592684102, 'oob_score': True}. Best is trial 796 with value: 0.7934330659150641.[0m
[32m[I 2022-04-15 00:04:07,210][0m Trial 959 finished with value: 0.7921602351005566 and parameters: {'n_estimators': 497, 'min_samples_split': 0.03453919617847452, 'min_samples_leaf': 0.0179261170594744, 'min_weight_fraction_leaf': 0.014802686446250922, 'max_features': 0.5354165289271059, 'bootstrap': True, 'max_samples': 0.5923988492844801, 'oob_score': True}. Best is trial 796 with value: 0.7934330659150641.[0m
[32m[I 2022-04-15 00:04:13,698][0m Trial 960 finished with value: 0.5 and parameters: {'n_estimators': 492, 'min_samples_split': 0.06747522905207834, 'min_samples_leaf': 0.03528785990477174, 'min_weight_fraction_leaf': 0.33751026814301754, 'max_features': 0.48282712511938614, 'bootstrap': True, 'max_samples': 0.6332429667043837, 'oob_score': True}. Best is trial 796 with value: 0.7934330659150641.[0m
[32m[I 2022-04-15 00:04:58,509][0m Trial 961 finished with value: 0.7825963401949816 and parameters: {'n_estimators': 494, 'min_samples_split': 0.03595754200030688, 'min_samples_leaf': 0.03012014555902614, 'min_weight_fraction_leaf': 0.010187590830972268, 'max_features': 0.5061425079154193, 'bootstrap': True, 'max_samples': 0.5981562982043193, 'oob_score': True}. Best is trial 796 with value: 0.7934330659150641.[0m
[32m[I 2022-04-15 00:05:04,941][0m Trial 962 finished with value: 0.5 and parameters: {'n_estimators': 475, 'min_samples_split': 0.04688127480587685, 'min_samples_leaf': 0.2637933243920549, 'min_weight_fraction_leaf': 0.009604401386989264, 'max_features': 0.5162411539242412, 'bootstrap': True, 'max_samples': 0.648685223456513, 'oob_score': True}. Best is trial 796 with value: 0.7934330659150641.[0m
[32m[I 2022-04-15 00:05:31,386][0m Trial 963 finished with value: 0.7541099533574223 and parameters: {'n_estimators': 525, 'min_samples_split': 0.26179214596594913, 'min_samples_leaf': 0.025521176451539083, 'min_weight_fraction_leaf': 0.023017605391142504, 'max_features': 0.5257818783537431, 'bootstrap': True, 'max_samples': 0.6120968790823014, 'oob_score': False}. Best is trial 796 with value: 0.7934330659150641.[0m
[32m[I 2022-04-15 00:06:05,174][0m Trial 964 finished with value: 0.7765856492626906 and parameters: {'n_estimators': 503, 'min_samples_split': 0.03838261633059681, 'min_samples_leaf': 0.04052468395194708, 'min_weight_fraction_leaf': 0.0387210571432303, 'max_features': 0.44447238185636534, 'bootstrap': True, 'max_samples': 0.59350466070806, 'oob_score': True}. Best is trial 796 with value: 0.7934330659150641.[0m
[32m[I 2022-04-15 00:06:52,306][0m Trial 965 finished with value: 0.7842404404864488 and parameters: {'n_estimators': 447, 'min_samples_split': 0.010491159103108662, 'min_samples_leaf': 0.02209863131458848, 'min_weight_fraction_leaf': 0.014847777036305635, 'max_features': 0.47233298547144104, 'bootstrap': True, 'max_samples': 0.6216276106568628, 'oob_score': False}. Best is trial 796 with value: 0.7934330659150641.[0m
[32m[I 2022-04-15 00:07:27,135][0m Trial 966 finished with value: 0.7736226214167625 and parameters: {'n_estimators': 545, 'min_samples_split': 0.057272546438478816, 'min_samples_leaf': 0.047241545364677694, 'min_weight_fraction_leaf': 0.009685235706010532, 'max_features': 0.4956518311226859, 'bootstrap': True, 'max_samples': 0.5898753070430993, 'oob_score': True}. Best is trial 796 with value: 0.7934330659150641.[0m
[32m[I 2022-04-15 00:07:30,321][0m Trial 967 finished with value: 0.5 and parameters: {'n_estimators': 474, 'min_samples_split': 0.024160837989644156, 'min_samples_leaf': 0.4629485882939105, 'min_weight_fraction_leaf': 4.4129781453892275e-05, 'max_features': 0.1538294901414674, 'bootstrap': True, 'max_samples': 0.6606785983253113, 'oob_score': False}. Best is trial 796 with value: 0.7934330659150641.[0m
[32m[I 2022-04-15 00:07:50,814][0m Trial 968 finished with value: 0.7508634692247054 and parameters: {'n_estimators': 515, 'min_samples_split': 0.38740924020281353, 'min_samples_leaf': 0.01751208901887801, 'min_weight_fraction_leaf': 0.025666998499403924, 'max_features': 0.5368950160602743, 'bootstrap': True, 'max_samples': 0.6292978308314345, 'oob_score': True}. Best is trial 796 with value: 0.7934330659150641.[0m
[32m[I 2022-04-15 00:08:03,667][0m Trial 969 finished with value: 0.7047075944096782 and parameters: {'n_estimators': 495, 'min_samples_split': 0.03528626207290797, 'min_samples_leaf': 0.03202325558069856, 'min_weight_fraction_leaf': 0.23336778346934445, 'max_features': 0.5402540715161573, 'bootstrap': True, 'max_samples': 0.5614409583566266, 'oob_score': False}. Best is trial 796 with value: 0.7934330659150641.[0m
[32m[I 2022-04-15 00:08:09,684][0m Trial 970 finished with value: 0.5 and parameters: {'n_estimators': 458, 'min_samples_split': 0.017952156677610784, 'min_samples_leaf': 0.49904491381562244, 'min_weight_fraction_leaf': 0.032964743671830894, 'max_features': 0.5185652166575617, 'bootstrap': True, 'max_samples': 0.6066297217301594, 'oob_score': True}. Best is trial 796 with value: 0.7934330659150641.[0m
[32m[I 2022-04-15 00:09:16,123][0m Trial 971 finished with value: 0.7934743934756637 and parameters: {'n_estimators': 537, 'min_samples_split': 0.009721998497226114, 'min_samples_leaf': 0.017686434296861144, 'min_weight_fraction_leaf': 0.015223746797367854, 'max_features': 0.5443434345920365, 'bootstrap': True, 'max_samples': 0.5553505585334003, 'oob_score': False}. Best is trial 971 with value: 0.7934743934756637.[0m
[32m[I 2022-04-15 00:09:20,020][0m Trial 972 finished with value: 0.5 and parameters: {'n_estimators': 543, 'min_samples_split': 0.009015296342192319, 'min_samples_leaf': 0.4828104498769626, 'min_weight_fraction_leaf': 0.009225024427870826, 'max_features': 0.4948099566655854, 'bootstrap': True, 'max_samples': 0.5074168256538693, 'oob_score': False}. Best is trial 971 with value: 0.7934743934756637.[0m
[32m[I 2022-04-15 00:10:31,803][0m Trial 973 finished with value: 0.7863592185115662 and parameters: {'n_estimators': 567, 'min_samples_split': 0.009845338177816531, 'min_samples_leaf': 0.01574569670620521, 'min_weight_fraction_leaf': 0.01025893853748242, 'max_features': 0.5250241091944476, 'bootstrap': True, 'max_samples': 0.5362610276254325, 'oob_score': False}. Best is trial 971 with value: 0.7934743934756637.[0m
[32m[I 2022-04-15 00:12:05,024][0m Trial 974 finished with value: 0.7925129497661791 and parameters: {'n_estimators': 544, 'min_samples_split': 0.008320722353334005, 'min_samples_leaf': 0.010274036835299653, 'min_weight_fraction_leaf': 0.017029732036009534, 'max_features': 0.5398397164693421, 'bootstrap': True, 'max_samples': 0.5159846008360207, 'oob_score': False}. Best is trial 971 with value: 0.7934743934756637.[0m
[32m[I 2022-04-15 00:13:13,737][0m Trial 975 finished with value: 0.7902360072207673 and parameters: {'n_estimators': 565, 'min_samples_split': 0.0013596542398708888, 'min_samples_leaf': 0.01634436448408807, 'min_weight_fraction_leaf': 0.008340247038842521, 'max_features': 0.5022565237863413, 'bootstrap': True, 'max_samples': 0.5254150276549768, 'oob_score': False}. Best is trial 971 with value: 0.7934743934756637.[0m
[32m[I 2022-04-15 00:14:25,139][0m Trial 976 finished with value: 0.7926441851018177 and parameters: {'n_estimators': 523, 'min_samples_split': 0.009227861082934196, 'min_samples_leaf': 0.009921481128879224, 'min_weight_fraction_leaf': 0.01590841424360747, 'max_features': 0.48113341534308784, 'bootstrap': True, 'max_samples': 0.49337742209867413, 'oob_score': False}. Best is trial 971 with value: 0.7934743934756637.[0m
[32m[I 2022-04-15 00:15:30,258][0m Trial 977 finished with value: 0.7850250995213435 and parameters: {'n_estimators': 606, 'min_samples_split': 0.001931786878655417, 'min_samples_leaf': 0.010911692961492506, 'min_weight_fraction_leaf': 0.027976296510845315, 'max_features': 0.4750360802998553, 'bootstrap': True, 'max_samples': 0.5000182817477914, 'oob_score': False}. Best is trial 971 with value: 0.7934743934756637.[0m
[32m[I 2022-04-15 00:16:26,295][0m Trial 978 finished with value: 0.7844143652443554 and parameters: {'n_estimators': 552, 'min_samples_split': 0.0075157840763627505, 'min_samples_leaf': 0.023772601227761404, 'min_weight_fraction_leaf': 0.019515070454446417, 'max_features': 0.5224639438947504, 'bootstrap': True, 'max_samples': 0.5435986753503481, 'oob_score': False}. Best is trial 971 with value: 0.7934743934756637.[0m
[32m[I 2022-04-15 00:17:20,840][0m Trial 979 finished with value: 0.7759292200418897 and parameters: {'n_estimators': 576, 'min_samples_split': 0.011401732177883627, 'min_samples_leaf': 0.008821694443555269, 'min_weight_fraction_leaf': 0.04691765624735028, 'max_features': 0.4599114783319764, 'bootstrap': True, 'max_samples': 0.5187161810425303, 'oob_score': False}. Best is trial 971 with value: 0.7934743934756637.[0m
[32m[I 2022-04-15 00:18:19,419][0m Trial 980 finished with value: 0.7822043747670597 and parameters: {'n_estimators': 556, 'min_samples_split': 0.008735857974109647, 'min_samples_leaf': 0.009605263467344863, 'min_weight_fraction_leaf': 0.03719585120985793, 'max_features': 0.49082548021350286, 'bootstrap': True, 'max_samples': 0.5142605456746399, 'oob_score': False}. Best is trial 971 with value: 0.7934743934756637.[0m
[32m[I 2022-04-15 00:19:11,968][0m Trial 981 finished with value: 0.7915078285185329 and parameters: {'n_estimators': 533, 'min_samples_split': 0.001665545956034518, 'min_samples_leaf': 0.019405533653927307, 'min_weight_fraction_leaf': 0.017367223717232563, 'max_features': 0.5162453880286554, 'bootstrap': True, 'max_samples': 0.4897676188299456, 'oob_score': False}. Best is trial 971 with value: 0.7934743934756637.[0m
[32m[I 2022-04-15 00:20:04,449][0m Trial 982 finished with value: 0.781363370648003 and parameters: {'n_estimators': 525, 'min_samples_split': 0.0012891945739775769, 'min_samples_leaf': 0.009343719070774957, 'min_weight_fraction_leaf': 0.026411975592385183, 'max_features': 0.39989419485937305, 'bootstrap': True, 'max_samples': 0.5058611676887957, 'oob_score': False}. Best is trial 971 with value: 0.7934743934756637.[0m
[32m[I 2022-04-15 00:20:42,004][0m Trial 983 finished with value: 0.7792143387294218 and parameters: {'n_estimators': 604, 'min_samples_split': 0.014873566975977533, 'min_samples_leaf': 0.03132477924230953, 'min_weight_fraction_leaf': 0.008261037574557008, 'max_features': 0.46457567256606785, 'bootstrap': True, 'max_samples': 0.47892908665645606, 'oob_score': False}. Best is trial 971 with value: 0.7934743934756637.[0m
[32m[I 2022-04-15 00:21:33,621][0m Trial 984 finished with value: 0.7858696548214288 and parameters: {'n_estimators': 522, 'min_samples_split': 0.00950306376045939, 'min_samples_leaf': 0.019307355195346, 'min_weight_fraction_leaf': 0.016482292425269805, 'max_features': 0.4894557576417127, 'bootstrap': True, 'max_samples': 0.523766305666719, 'oob_score': False}. Best is trial 971 with value: 0.7934743934756637.[0m
[32m[I 2022-04-15 00:22:42,012][0m Trial 985 finished with value: 0.7931116854054231 and parameters: {'n_estimators': 572, 'min_samples_split': 0.015243882819141668, 'min_samples_leaf': 0.010933209584226448, 'min_weight_fraction_leaf': 0.00046411805448326807, 'max_features': 0.4460079405387502, 'bootstrap': True, 'max_samples': 0.49686397148062494, 'oob_score': False}. Best is trial 971 with value: 0.7934743934756637.[0m
[32m[I 2022-04-15 00:23:16,707][0m Trial 986 finished with value: 0.7796932362748425 and parameters: {'n_estimators': 645, 'min_samples_split': 0.01629204075164991, 'min_samples_leaf': 0.03157260922097371, 'min_weight_fraction_leaf': 0.0008741028448903601, 'max_features': 0.4513363372072749, 'bootstrap': True, 'max_samples': 0.47350524670601546, 'oob_score': False}. Best is trial 971 with value: 0.7934743934756637.[0m
[32m[I 2022-04-15 00:23:50,904][0m Trial 987 finished with value: 0.7798413396703512 and parameters: {'n_estimators': 586, 'min_samples_split': 0.01583123437712675, 'min_samples_leaf': 0.026295680694553947, 'min_weight_fraction_leaf': 0.0007242572966703721, 'max_features': 0.37962283067450026, 'bootstrap': True, 'max_samples': 0.4905949285476852, 'oob_score': False}. Best is trial 971 with value: 0.7934743934756637.[0m
[32m[I 2022-04-15 00:24:24,754][0m Trial 988 finished with value: 0.7727903712656344 and parameters: {'n_estimators': 690, 'min_samples_split': 0.0012441038899094104, 'min_samples_leaf': 0.04038927224155266, 'min_weight_fraction_leaf': 0.00026358840304460847, 'max_features': 0.42331876639514754, 'bootstrap': True, 'max_samples': 0.49376090643024967, 'oob_score': False}. Best is trial 971 with value: 0.7934743934756637.[0m
