[32m[I 2022-04-13 13:41:09,688][0m Trial 162 finished with value: 0.8876475897186603 and parameters: {'n_estimators': 294, 'min_samples_split': 0.20150647314822756, 'min_samples_leaf': 0.06882039158085568, 'min_weight_fraction_leaf': 0.029380196146255255, 'max_features': 0.8743092004308559, 'bootstrap': False, 'max_samples': 0.8270105664283386}. Best is trial 148 with value: 0.8939269006464292.[0m
[32m[I 2022-04-13 13:42:09,890][0m Trial 163 finished with value: 0.8934246768730407 and parameters: {'n_estimators': 265, 'min_samples_split': 0.13556539263705025, 'min_samples_leaf': 0.05756382903216618, 'min_weight_fraction_leaf': 0.05369620657745443, 'max_features': 0.8153642842829605, 'bootstrap': False, 'max_samples': 0.796040784597392}. Best is trial 148 with value: 0.8939269006464292.[0m
[32m[I 2022-04-13 13:43:08,170][0m Trial 164 finished with value: 0.8937693622646133 and parameters: {'n_estimators': 265, 'min_samples_split': 0.13276759514949094, 'min_samples_leaf': 0.05948465669667466, 'min_weight_fraction_leaf': 0.05588627166924849, 'max_features': 0.8221381928925544, 'bootstrap': False, 'max_samples': 0.7936722718273588}. Best is trial 148 with value: 0.8939269006464292.[0m
[32m[I 2022-04-13 13:44:07,074][0m Trial 165 finished with value: 0.8923222568416932 and parameters: {'n_estimators': 254, 'min_samples_split': 0.13389932151455283, 'min_samples_leaf': 0.05830698963540583, 'min_weight_fraction_leaf': 0.0693616916322112, 'max_features': 0.8487676081427687, 'bootstrap': False, 'max_samples': 0.7895098137818269}. Best is trial 148 with value: 0.8939269006464292.[0m
[32m[I 2022-04-13 13:45:07,856][0m Trial 166 finished with value: 0.8912978550940316 and parameters: {'n_estimators': 254, 'min_samples_split': 0.14440208314810415, 'min_samples_leaf': 0.059016142068939695, 'min_weight_fraction_leaf': 0.06856592967668206, 'max_features': 0.8863626885499891, 'bootstrap': False, 'max_samples': 0.7942477696152905}. Best is trial 148 with value: 0.8939269006464292.[0m
[32m[I 2022-04-13 13:46:04,955][0m Trial 167 finished with value: 0.8912280371756485 and parameters: {'n_estimators': 241, 'min_samples_split': 0.15910870300144972, 'min_samples_leaf': 0.054021594469787236, 'min_weight_fraction_leaf': 0.07239982085090318, 'max_features': 0.8443312167154476, 'bootstrap': False, 'max_samples': 0.12989674597376993}. Best is trial 148 with value: 0.8939269006464292.[0m
[32m[I 2022-04-13 13:46:58,517][0m Trial 168 finished with value: 0.8883373121886441 and parameters: {'n_estimators': 267, 'min_samples_split': 0.13704207846371755, 'min_samples_leaf': 0.08867905187131996, 'min_weight_fraction_leaf': 0.05028963400338045, 'max_features': 0.8060258863639372, 'bootstrap': False, 'max_samples': 0.7524919823311916}. Best is trial 148 with value: 0.8939269006464292.[0m
[32m[I 2022-04-13 13:47:42,857][0m Trial 169 finished with value: 0.8899398070210116 and parameters: {'n_estimators': 271, 'min_samples_split': 0.16472978373630542, 'min_samples_leaf': 0.07778128539077309, 'min_weight_fraction_leaf': 0.021320345295228, 'max_features': 0.5683929271986145, 'bootstrap': False, 'max_samples': 0.7759554655765407}. Best is trial 148 with value: 0.8939269006464292.[0m
[32m[I 2022-04-13 13:47:55,368][0m Trial 170 finished with value: 0.7839525933048389 and parameters: {'n_estimators': 207, 'min_samples_split': 0.13325084843358953, 'min_samples_leaf': 0.10208197317340481, 'min_weight_fraction_leaf': 0.034402660817956565, 'max_features': 0.8343898467423959, 'bootstrap': True, 'max_samples': 0.7994756178728493, 'oob_score': False}. Best is trial 148 with value: 0.8939269006464292.[0m
[32m[I 2022-04-13 13:49:09,181][0m Trial 171 finished with value: 0.8920539514671333 and parameters: {'n_estimators': 280, 'min_samples_split': 0.11913082362460378, 'min_samples_leaf': 0.04447491129687979, 'min_weight_fraction_leaf': 0.05878719691913042, 'max_features': 0.8674636075702187, 'bootstrap': False, 'max_samples': 0.811945585043136}. Best is trial 148 with value: 0.8939269006464292.[0m
[32m[I 2022-04-13 13:50:13,538][0m Trial 172 finished with value: 0.8920136672886105 and parameters: {'n_estimators': 253, 'min_samples_split': 0.11194268160123412, 'min_samples_leaf': 0.06297397286382651, 'min_weight_fraction_leaf': 0.05686033281093585, 'max_features': 0.8969757412986642, 'bootstrap': False, 'max_samples': 0.7895373451068142}. Best is trial 148 with value: 0.8939269006464292.[0m
[32m[I 2022-04-13 13:51:24,183][0m Trial 173 finished with value: 0.8894712156710538 and parameters: {'n_estimators': 225, 'min_samples_split': 0.11445733421790033, 'min_samples_leaf': 0.04866194168713947, 'min_weight_fraction_leaf': 0.05642338305282752, 'max_features': 0.9080790937333267, 'bootstrap': False, 'max_samples': 0.7660545267404475}. Best is trial 148 with value: 0.8939269006464292.[0m
[32m[I 2022-04-13 13:52:32,881][0m Trial 174 finished with value: 0.889302438572237 and parameters: {'n_estimators': 250, 'min_samples_split': 0.1245824324355705, 'min_samples_leaf': 0.060581748200524504, 'min_weight_fraction_leaf': 0.08747990706707656, 'max_features': 0.875004574332425, 'bootstrap': False, 'max_samples': 0.8171757809255822}. Best is trial 148 with value: 0.8939269006464292.[0m
[32m[I 2022-04-13 13:53:47,798][0m Trial 175 finished with value: 0.8911045270086394 and parameters: {'n_estimators': 241, 'min_samples_split': 0.13613495085487, 'min_samples_leaf': 0.045081896517903994, 'min_weight_fraction_leaf': 0.0672712074405142, 'max_features': 0.8585272843888132, 'bootstrap': False, 'max_samples': 0.7394069798344506}. Best is trial 148 with value: 0.8939269006464292.[0m
[32m[I 2022-04-13 13:55:04,572][0m Trial 176 finished with value: 0.8920815193314706 and parameters: {'n_estimators': 259, 'min_samples_split': 0.14601971170068512, 'min_samples_leaf': 0.06166468194775798, 'min_weight_fraction_leaf': 0.050297121149275786, 'max_features': 0.8955341370331154, 'bootstrap': False, 'max_samples': 0.7835106951526072}. Best is trial 148 with value: 0.8939269006464292.[0m
[32m[I 2022-04-13 13:56:25,889][0m Trial 177 finished with value: 0.8900182147812405 and parameters: {'n_estimators': 279, 'min_samples_split': 0.1475577142528899, 'min_samples_leaf': 0.06179703217661936, 'min_weight_fraction_leaf': 0.07535563973331036, 'max_features': 0.894898501397735, 'bootstrap': False, 'max_samples': 0.8543140534711359}. Best is trial 148 with value: 0.8939269006464292.[0m
[32m[I 2022-04-13 13:58:03,915][0m Trial 178 finished with value: 0.89064840975004 and parameters: {'n_estimators': 261, 'min_samples_split': 0.14788384825837536, 'min_samples_leaf': 0.025757484101644537, 'min_weight_fraction_leaf': 0.05646805935224118, 'max_features': 0.9367995009365604, 'bootstrap': False, 'max_samples': 0.8107646445228794}. Best is trial 148 with value: 0.8939269006464292.[0m
[32m[I 2022-04-13 13:59:29,676][0m Trial 179 finished with value: 0.8895290224590955 and parameters: {'n_estimators': 265, 'min_samples_split': 0.15764551052507933, 'min_samples_leaf': 0.03786647200712656, 'min_weight_fraction_leaf': 0.06634367824511925, 'max_features': 0.9062833912024658, 'bootstrap': False, 'max_samples': 0.8495264259733235}. Best is trial 148 with value: 0.8939269006464292.[0m
[32m[I 2022-04-13 14:00:36,827][0m Trial 180 finished with value: 0.8916854980159965 and parameters: {'n_estimators': 234, 'min_samples_split': 0.13071682409264704, 'min_samples_leaf': 0.05301125080329231, 'min_weight_fraction_leaf': 0.04735160643695163, 'max_features': 0.8741545100202085, 'bootstrap': False, 'max_samples': 0.7805973700602963}. Best is trial 148 with value: 0.8939269006464292.[0m
[32m[I 2022-04-13 14:01:41,767][0m Trial 181 finished with value: 0.8926821620562823 and parameters: {'n_estimators': 256, 'min_samples_split': 0.11310916034220647, 'min_samples_leaf': 0.06722950807036734, 'min_weight_fraction_leaf': 0.04048389054839365, 'max_features': 0.8304484957856376, 'bootstrap': False, 'max_samples': 0.7957209697139803}. Best is trial 148 with value: 0.8939269006464292.[0m
[32m[I 2022-04-13 14:02:48,384][0m Trial 182 finished with value: 0.8928560093785258 and parameters: {'n_estimators': 250, 'min_samples_split': 0.12045185983233289, 'min_samples_leaf': 0.0652128166739008, 'min_weight_fraction_leaf': 0.05562198624663796, 'max_features': 0.8331664469935577, 'bootstrap': False, 'max_samples': 0.7595488369438539}. Best is trial 148 with value: 0.8939269006464292.[0m
[32m[I 2022-04-13 14:03:53,636][0m Trial 183 finished with value: 0.8935250105206783 and parameters: {'n_estimators': 251, 'min_samples_split': 0.12097917736089232, 'min_samples_leaf': 0.06469177263093832, 'min_weight_fraction_leaf': 0.0309963734885225, 'max_features': 0.8341823324460194, 'bootstrap': False, 'max_samples': 0.7520806986989166}. Best is trial 148 with value: 0.8939269006464292.[0m
[32m[I 2022-04-13 14:04:35,322][0m Trial 184 finished with value: 0.7771904840538084 and parameters: {'n_estimators': 254, 'min_samples_split': 0.11543317025137134, 'min_samples_leaf': 0.06533231562024482, 'min_weight_fraction_leaf': 0.30488676701320716, 'max_features': 0.8546555195928223, 'bootstrap': False, 'max_samples': 0.7308404309360464}. Best is trial 148 with value: 0.8939269006464292.[0m
[32m[I 2022-04-13 14:05:27,655][0m Trial 185 finished with value: 0.8896694158358187 and parameters: {'n_estimators': 220, 'min_samples_split': 0.12337353455684172, 'min_samples_leaf': 0.08499231939340535, 'min_weight_fraction_leaf': 0.04425967474547376, 'max_features': 0.8367041055697777, 'bootstrap': False, 'max_samples': 0.7887320234279503}. Best is trial 148 with value: 0.8939269006464292.[0m
[32m[I 2022-04-13 14:06:25,831][0m Trial 186 finished with value: 0.7782746848229325 and parameters: {'n_estimators': 244, 'min_samples_split': 0.40059477211195527, 'min_samples_leaf': 0.05879735442427837, 'min_weight_fraction_leaf': 0.03240048584964417, 'max_features': 0.8909108561921975, 'bootstrap': False, 'max_samples': 0.7552279878613611}. Best is trial 148 with value: 0.8939269006464292.[0m
[32m[I 2022-04-13 14:07:34,136][0m Trial 187 finished with value: 0.8903112914610224 and parameters: {'n_estimators': 273, 'min_samples_split': 0.10959836360300382, 'min_samples_leaf': 0.07861982999910849, 'min_weight_fraction_leaf': 0.052005296365994456, 'max_features': 0.8674843675505263, 'bootstrap': False, 'max_samples': 0.308782356528562}. Best is trial 148 with value: 0.8939269006464292.[0m
[32m[I 2022-04-13 14:08:38,925][0m Trial 188 finished with value: 0.8907174356538728 and parameters: {'n_estimators': 257, 'min_samples_split': 0.12049254385079584, 'min_samples_leaf': 0.06486795333971217, 'min_weight_fraction_leaf': 0.07752754767013734, 'max_features': 0.8424987438272353, 'bootstrap': False, 'max_samples': 0.7608805957604888}. Best is trial 148 with value: 0.8939269006464292.[0m
[32m[I 2022-04-13 14:09:39,945][0m Trial 189 finished with value: 0.8871721487200859 and parameters: {'n_estimators': 281, 'min_samples_split': 0.14571238046887788, 'min_samples_leaf': 0.09155167121989242, 'min_weight_fraction_leaf': 0.06388735375591179, 'max_features': 0.8203275732792651, 'bootstrap': False, 'max_samples': 0.7145533756940639}. Best is trial 148 with value: 0.8939269006464292.[0m
[32m[I 2022-04-13 14:11:00,240][0m Trial 190 finished with value: 0.889364176115947 and parameters: {'n_estimators': 235, 'min_samples_split': 0.12757814322720568, 'min_samples_leaf': 0.03992631622161123, 'min_weight_fraction_leaf': 0.040643513942241, 'max_features': 0.9245974973381859, 'bootstrap': False, 'max_samples': 0.8042387013276632}. Best is trial 148 with value: 0.8939269006464292.[0m
[32m[I 2022-04-13 14:12:25,600][0m Trial 191 finished with value: 0.8923134076672916 and parameters: {'n_estimators': 306, 'min_samples_split': 0.14083486141546014, 'min_samples_leaf': 0.04863634874543106, 'min_weight_fraction_leaf': 0.026111450242165747, 'max_features': 0.8202721801920037, 'bootstrap': False, 'max_samples': 0.831594642462761}. Best is trial 148 with value: 0.8939269006464292.[0m
[32m[I 2022-04-13 14:13:30,965][0m Trial 192 finished with value: 0.7874431718662624 and parameters: {'n_estimators': 265, 'min_samples_split': 0.296259302935643, 'min_samples_leaf': 0.05443712359460148, 'min_weight_fraction_leaf': 0.028078618247819247, 'max_features': 0.8292487684359853, 'bootstrap': False, 'max_samples': 0.8443015640443712}. Best is trial 148 with value: 0.8939269006464292.[0m
[32m[I 2022-04-13 14:14:49,456][0m Trial 193 finished with value: 0.8928615807293812 and parameters: {'n_estimators': 306, 'min_samples_split': 0.13766901046670676, 'min_samples_leaf': 0.06649929962598512, 'min_weight_fraction_leaf': 0.014762818722279913, 'max_features': 0.8110190592370625, 'bootstrap': False, 'max_samples': 0.8179668964956415}. Best is trial 148 with value: 0.8939269006464292.[0m
[32m[I 2022-04-13 14:16:02,211][0m Trial 194 finished with value: 0.8925440230478594 and parameters: {'n_estimators': 304, 'min_samples_split': 0.1409963833785149, 'min_samples_leaf': 0.07318192852060079, 'min_weight_fraction_leaf': 0.013205338156092525, 'max_features': 0.8086226686306364, 'bootstrap': False, 'max_samples': 0.8268536758051813}. Best is trial 148 with value: 0.8939269006464292.[0m
[32m[I 2022-04-13 14:17:16,467][0m Trial 195 finished with value: 0.8901236336451277 and parameters: {'n_estimators': 306, 'min_samples_split': 0.15676263048728856, 'min_samples_leaf': 0.07649444903552303, 'min_weight_fraction_leaf': 0.01084319609211317, 'max_features': 0.8095155267914649, 'bootstrap': False, 'max_samples': 0.8320203580014616}. Best is trial 148 with value: 0.8939269006464292.[0m
[32m[I 2022-04-13 14:18:32,231][0m Trial 196 finished with value: 0.8922022670331952 and parameters: {'n_estimators': 315, 'min_samples_split': 0.14403020851726067, 'min_samples_leaf': 0.07184910344019835, 'min_weight_fraction_leaf': 0.017505046481061694, 'max_features': 0.8099379554056638, 'bootstrap': False, 'max_samples': 0.8898494829949837}. Best is trial 148 with value: 0.8939269006464292.[0m
[32m[I 2022-04-13 14:19:43,841][0m Trial 197 finished with value: 0.8904035947667139 and parameters: {'n_estimators': 319, 'min_samples_split': 0.17048047302157626, 'min_samples_leaf': 0.08385619846764703, 'min_weight_fraction_leaf': 0.016888090805799956, 'max_features': 0.8085053083101817, 'bootstrap': False, 'max_samples': 0.8992615022464927}. Best is trial 148 with value: 0.8939269006464292.[0m
[32m[I 2022-04-13 14:21:07,031][0m Trial 198 finished with value: 0.8928575675820138 and parameters: {'n_estimators': 305, 'min_samples_split': 0.1427065572010474, 'min_samples_leaf': 0.05416583771436161, 'min_weight_fraction_leaf': 0.005624086750873293, 'max_features': 0.8428594987947924, 'bootstrap': False, 'max_samples': 0.8720421054098227}. Best is trial 148 with value: 0.8939269006464292.[0m
[32m[I 2022-04-13 14:22:32,963][0m Trial 199 finished with value: 0.8924776111985786 and parameters: {'n_estimators': 305, 'min_samples_split': 0.1383123448684592, 'min_samples_leaf': 0.051879320501720005, 'min_weight_fraction_leaf': 0.005125239358649451, 'max_features': 0.8425122512784535, 'bootstrap': False, 'max_samples': 0.9190543436255733}. Best is trial 148 with value: 0.8939269006464292.[0m
[32m[I 2022-04-13 14:24:10,500][0m Trial 200 finished with value: 0.8898983779358522 and parameters: {'n_estimators': 313, 'min_samples_split': 0.14188271124657054, 'min_samples_leaf': 0.03180280695623791, 'min_weight_fraction_leaf': 0.0004117679587901449, 'max_features': 0.8265696952885586, 'bootstrap': False, 'max_samples': 0.911550186528425}. Best is trial 148 with value: 0.8939269006464292.[0m
[32m[I 2022-04-13 14:25:33,083][0m Trial 201 finished with value: 0.8905415939465232 and parameters: {'n_estimators': 297, 'min_samples_split': 0.13123354905321494, 'min_samples_leaf': 0.051162580438429785, 'min_weight_fraction_leaf': 0.010110040468131253, 'max_features': 0.8456031991948497, 'bootstrap': False, 'max_samples': 0.9271209854146696}. Best is trial 148 with value: 0.8939269006464292.[0m
[32m[I 2022-04-13 14:27:02,150][0m Trial 202 finished with value: 0.8910275690011789 and parameters: {'n_estimators': 348, 'min_samples_split': 0.15645931730499432, 'min_samples_leaf': 0.06896977938358825, 'min_weight_fraction_leaf': 0.006371796873210476, 'max_features': 0.8345878136961586, 'bootstrap': False, 'max_samples': 0.9442989014861192}. Best is trial 148 with value: 0.8939269006464292.[0m
[32m[I 2022-04-13 14:28:23,387][0m Trial 203 finished with value: 0.8934778685411822 and parameters: {'n_estimators': 303, 'min_samples_split': 0.13772022131184014, 'min_samples_leaf': 0.05306728482881205, 'min_weight_fraction_leaf': 0.019711967287461888, 'max_features': 0.8059805451920128, 'bootstrap': False, 'max_samples': 0.9609690751317921}. Best is trial 148 with value: 0.8939269006464292.[0m
[32m[I 2022-04-13 14:29:45,148][0m Trial 204 finished with value: 0.89372630634745 and parameters: {'n_estimators': 316, 'min_samples_split': 0.13674477877296992, 'min_samples_leaf': 0.055416875225524465, 'min_weight_fraction_leaf': 0.022039590690890173, 'max_features': 0.8119144412892918, 'bootstrap': False, 'max_samples': 0.8900694232326066}. Best is trial 148 with value: 0.8939269006464292.[0m
[32m[I 2022-04-13 14:31:07,173][0m Trial 205 finished with value: 0.8928657796150331 and parameters: {'n_estimators': 318, 'min_samples_split': 0.13845826504139733, 'min_samples_leaf': 0.05457570640916617, 'min_weight_fraction_leaf': 0.020291608103349252, 'max_features': 0.8014914408846825, 'bootstrap': False, 'max_samples': 0.9753505290268322}. Best is trial 148 with value: 0.8939269006464292.[0m
[32m[I 2022-04-13 14:31:23,777][0m Trial 206 finished with value: 0.7741723251295399 and parameters: {'n_estimators': 303, 'min_samples_split': 0.13549581531479313, 'min_samples_leaf': 0.34297869339867115, 'min_weight_fraction_leaf': 0.0001496562805019131, 'max_features': 0.7715131189802996, 'bootstrap': False, 'max_samples': 0.937537260267293}. Best is trial 148 with value: 0.8939269006464292.[0m
[32m[I 2022-04-13 14:32:51,081][0m Trial 207 finished with value: 0.8921080765253514 and parameters: {'n_estimators': 327, 'min_samples_split': 0.15192713036402225, 'min_samples_leaf': 0.054730358269871715, 'min_weight_fraction_leaf': 0.01989931129188591, 'max_features': 0.7987194241269363, 'bootstrap': False, 'max_samples': 0.9741778494673858}. Best is trial 148 with value: 0.8939269006464292.[0m
[32m[I 2022-04-13 14:33:29,797][0m Trial 208 finished with value: 0.8897652743778627 and parameters: {'n_estimators': 286, 'min_samples_split': 0.16315225502375136, 'min_samples_leaf': 0.04503621905743202, 'min_weight_fraction_leaf': 0.01229316126643288, 'max_features': 0.7541397252157269, 'bootstrap': True, 'max_samples': 0.9895132993099051, 'oob_score': True}. Best is trial 148 with value: 0.8939269006464292.[0m
[32m[I 2022-04-13 14:34:53,794][0m Trial 209 finished with value: 0.8935917337671098 and parameters: {'n_estimators': 299, 'min_samples_split': 0.13738462426837048, 'min_samples_leaf': 0.054656048985402626, 'min_weight_fraction_leaf': 0.02452220941268847, 'max_features': 0.8118327995054234, 'bootstrap': False, 'max_samples': 0.9617578462120404}. Best is trial 148 with value: 0.8939269006464292.[0m
[32m[I 2022-04-13 14:36:05,291][0m Trial 210 finished with value: 0.8932348316288763 and parameters: {'n_estimators': 287, 'min_samples_split': 0.13127650951531294, 'min_samples_leaf': 0.057920282391475196, 'min_weight_fraction_leaf': 0.012547190932656865, 'max_features': 0.7988064369241121, 'bootstrap': False, 'max_samples': 0.9587450588364679}. Best is trial 148 with value: 0.8939269006464292.[0m
[32m[I 2022-04-13 14:37:17,631][0m Trial 211 finished with value: 0.8928854737442646 and parameters: {'n_estimators': 281, 'min_samples_split': 0.13480264469641592, 'min_samples_leaf': 0.055984392718315845, 'min_weight_fraction_leaf': 0.008156894895525811, 'max_features': 0.7942778194560868, 'bootstrap': False, 'max_samples': 0.9587546287971301}. Best is trial 148 with value: 0.8939269006464292.[0m
[32m[I 2022-04-13 14:38:31,712][0m Trial 212 finished with value: 0.8910793814438749 and parameters: {'n_estimators': 288, 'min_samples_split': 0.1279546750796515, 'min_samples_leaf': 0.05661369455936483, 'min_weight_fraction_leaf': 0.010383402469360814, 'max_features': 0.7731989760369294, 'bootstrap': False, 'max_samples': 0.950196394032551}. Best is trial 148 with value: 0.8939269006464292.[0m
[32m[I 2022-04-13 14:39:58,684][0m Trial 213 finished with value: 0.8916422029743 and parameters: {'n_estimators': 298, 'min_samples_split': 0.13636724798420496, 'min_samples_leaf': 0.03756184174599532, 'min_weight_fraction_leaf': 0.01612585431042879, 'max_features': 0.7973972482466879, 'bootstrap': False, 'max_samples': 0.9654638019709315}. Best is trial 148 with value: 0.8939269006464292.[0m
[32m[I 2022-04-13 14:41:03,197][0m Trial 214 finished with value: 0.8923831576700394 and parameters: {'n_estimators': 276, 'min_samples_split': 0.12327260490833991, 'min_samples_leaf': 0.06529425417032651, 'min_weight_fraction_leaf': 0.009021526409872423, 'max_features': 0.7841178643640431, 'bootstrap': False, 'max_samples': 0.9684834655206467}. Best is trial 148 with value: 0.8939269006464292.[0m
[32m[I 2022-04-13 14:41:37,030][0m Trial 215 finished with value: 0.8836002148491957 and parameters: {'n_estimators': 277, 'min_samples_split': 0.12315154948436276, 'min_samples_leaf': 0.18927286494828405, 'min_weight_fraction_leaf': 0.004652767266749661, 'max_features': 0.7999608011573713, 'bootstrap': False, 'max_samples': 0.9804377818121608}. Best is trial 148 with value: 0.8939269006464292.[0m
