[32m[I 2022-04-14 22:38:30,188][0m Trial 884 finished with value: 0.7530644480735077 and parameters: {'n_estimators': 397, 'min_samples_split': 0.43803506186145624, 'min_samples_leaf': 0.011362729735869544, 'min_weight_fraction_leaf': 0.07245305225629656, 'max_features': 0.5310651439837953, 'bootstrap': False, 'max_samples': 0.6283431668863135}. Best is trial 796 with value: 0.7934330659150641.[0m
[32m[I 2022-04-14 22:39:59,615][0m Trial 885 finished with value: 0.7830257547819237 and parameters: {'n_estimators': 440, 'min_samples_split': 0.020161070065500247, 'min_samples_leaf': 0.026618951581521826, 'min_weight_fraction_leaf': 0.0001608449171906709, 'max_features': 0.5798097976926265, 'bootstrap': False, 'max_samples': 0.523975861264367}. Best is trial 796 with value: 0.7934330659150641.[0m
[32m[I 2022-04-14 22:41:19,055][0m Trial 886 finished with value: 0.782644450611212 and parameters: {'n_estimators': 558, 'min_samples_split': 0.043731226659437065, 'min_samples_leaf': 0.03508328368122395, 'min_weight_fraction_leaf': 0.010310524951166692, 'max_features': 0.5462907866453406, 'bootstrap': False, 'max_samples': 0.609766969549933}. Best is trial 796 with value: 0.7934330659150641.[0m
[32m[I 2022-04-14 22:41:52,271][0m Trial 887 finished with value: 0.7805837364385232 and parameters: {'n_estimators': 278, 'min_samples_split': 0.0191635722346353, 'min_samples_leaf': 0.010709745230410789, 'min_weight_fraction_leaf': 0.04866433245188265, 'max_features': 0.569755270323009, 'bootstrap': True, 'max_samples': 0.5674236499631177, 'oob_score': True}. Best is trial 796 with value: 0.7934330659150641.[0m
[32m[I 2022-04-14 22:42:26,226][0m Trial 888 finished with value: 0.7790926111213181 and parameters: {'n_estimators': 510, 'min_samples_split': 0.03372424649658495, 'min_samples_leaf': 0.06758901942717332, 'min_weight_fraction_leaf': 0.023236472535836158, 'max_features': 0.5152990160533387, 'bootstrap': False, 'max_samples': 0.542465318285584}. Best is trial 796 with value: 0.7934330659150641.[0m
[32m[I 2022-04-14 22:44:25,334][0m Trial 889 finished with value: 0.7908864350568112 and parameters: {'n_estimators': 465, 'min_samples_split': 0.0011036955023795095, 'min_samples_leaf': 0.021758977609388826, 'min_weight_fraction_leaf': 0.014421640394876901, 'max_features': 0.6253745376647368, 'bootstrap': False, 'max_samples': 0.6444273617038547}. Best is trial 796 with value: 0.7934330659150641.[0m
[32m[I 2022-04-14 22:47:09,535][0m Trial 890 finished with value: 0.7845128963858463 and parameters: {'n_estimators': 425, 'min_samples_split': 0.02345610800629297, 'min_samples_leaf': 0.012364642150653585, 'min_weight_fraction_leaf': 0.01021151436671233, 'max_features': 0.5940301857780432, 'bootstrap': False, 'max_samples': 0.604653108063165}. Best is trial 796 with value: 0.7934330659150641.[0m
[32m[I 2022-04-14 22:50:04,091][0m Trial 891 finished with value: 0.7921209938805757 and parameters: {'n_estimators': 487, 'min_samples_split': 0.038620225951525575, 'min_samples_leaf': 0.010781877075716812, 'min_weight_fraction_leaf': 0.0002713916802772636, 'max_features': 0.5352867327370979, 'bootstrap': False, 'max_samples': 0.5772765810419794}. Best is trial 796 with value: 0.7934330659150641.[0m
[32m[I 2022-04-14 22:50:07,310][0m Trial 892 finished with value: 0.5 and parameters: {'n_estimators': 460, 'min_samples_split': 0.05416823825890013, 'min_samples_leaf': 0.037638493491970834, 'min_weight_fraction_leaf': 0.41420132494838857, 'max_features': 0.4997541096903396, 'bootstrap': True, 'max_samples': 0.551623004717292, 'oob_score': False}. Best is trial 796 with value: 0.7934330659150641.[0m
[32m[I 2022-04-14 22:51:32,569][0m Trial 893 finished with value: 0.7841725564598834 and parameters: {'n_estimators': 481, 'min_samples_split': 0.05706393473345511, 'min_samples_leaf': 0.028819278412416674, 'min_weight_fraction_leaf': 0.00018895948224904348, 'max_features': 0.5282255770227455, 'bootstrap': False, 'max_samples': 0.5630021946439348}. Best is trial 796 with value: 0.7934330659150641.[0m
[32m[I 2022-04-14 22:51:52,892][0m Trial 894 finished with value: 0.7545657787567285 and parameters: {'n_estimators': 439, 'min_samples_split': 0.04556496276674141, 'min_samples_leaf': 0.022867631175214564, 'min_weight_fraction_leaf': 0.2179364091319435, 'max_features': 0.5221749426840954, 'bootstrap': False, 'max_samples': 0.5266934753338514}. Best is trial 796 with value: 0.7934330659150641.[0m
[32m[I 2022-04-14 22:53:31,880][0m Trial 895 finished with value: 0.7715116057510376 and parameters: {'n_estimators': 207, 'min_samples_split': 0.06499288606076616, 'min_samples_leaf': 0.017006268457748955, 'min_weight_fraction_leaf': 0.00872802079237359, 'max_features': 0.9347416942804889, 'bootstrap': False, 'max_samples': 0.5705601239331625}. Best is trial 796 with value: 0.7934330659150641.[0m
[32m[I 2022-04-14 22:53:55,090][0m Trial 896 finished with value: 0.7719148031424582 and parameters: {'n_estimators': 484, 'min_samples_split': 0.04675794914044274, 'min_samples_leaf': 0.04534883112375011, 'min_weight_fraction_leaf': 0.02212938542394695, 'max_features': 0.47947070080964693, 'bootstrap': True, 'max_samples': 0.5474129196022608, 'oob_score': False}. Best is trial 796 with value: 0.7934330659150641.[0m
[32m[I 2022-04-14 22:55:08,408][0m Trial 897 finished with value: 0.7837134248140434 and parameters: {'n_estimators': 456, 'min_samples_split': 0.0781670119984143, 'min_samples_leaf': 0.030582903659135727, 'min_weight_fraction_leaf': 0.008361438882033454, 'max_features': 0.5645253880884258, 'bootstrap': False, 'max_samples': 0.582181465643539}. Best is trial 796 with value: 0.7934330659150641.[0m
[32m[I 2022-04-14 22:57:23,904][0m Trial 898 finished with value: 0.7851658812343241 and parameters: {'n_estimators': 485, 'min_samples_split': 0.04259671438130194, 'min_samples_leaf': 0.016613732906128286, 'min_weight_fraction_leaf': 0.0002494228635095668, 'max_features': 0.5363062374626822, 'bootstrap': False, 'max_samples': 0.047970755624462846}. Best is trial 796 with value: 0.7934330659150641.[0m
[32m[I 2022-04-14 22:57:39,729][0m Trial 899 finished with value: 0.7560922914471913 and parameters: {'n_estimators': 503, 'min_samples_split': 0.06748831420262731, 'min_samples_leaf': 0.010033198676276793, 'min_weight_fraction_leaf': 0.3179723061170647, 'max_features': 0.5068927267310871, 'bootstrap': False, 'max_samples': 0.5759714873268015}. Best is trial 796 with value: 0.7934330659150641.[0m
[32m[I 2022-04-14 22:59:10,927][0m Trial 900 finished with value: 0.7919307290781992 and parameters: {'n_estimators': 415, 'min_samples_split': 0.03732222761994329, 'min_samples_leaf': 0.024522469806140743, 'min_weight_fraction_leaf': 0.019144768844905284, 'max_features': 0.6086449893287668, 'bootstrap': False, 'max_samples': 0.6102709614341831}. Best is trial 796 with value: 0.7934330659150641.[0m
[32m[I 2022-04-14 22:59:45,434][0m Trial 901 finished with value: 0.7781537408083228 and parameters: {'n_estimators': 375, 'min_samples_split': 0.06291569055865438, 'min_samples_leaf': 0.046280209461117695, 'min_weight_fraction_leaf': 0.03704393107750076, 'max_features': 0.580998049281874, 'bootstrap': True, 'max_samples': 0.6623102212976824, 'oob_score': True}. Best is trial 796 with value: 0.7934330659150641.[0m
[32m[I 2022-04-14 23:00:51,960][0m Trial 902 finished with value: 0.7813378414179282 and parameters: {'n_estimators': 414, 'min_samples_split': 0.04896549073516711, 'min_samples_leaf': 0.03826263570508806, 'min_weight_fraction_leaf': 0.030266484800034014, 'max_features': 0.5568537764341583, 'bootstrap': False, 'max_samples': 0.6185627778428925}. Best is trial 796 with value: 0.7934330659150641.[0m
[32m[I 2022-04-14 23:02:09,834][0m Trial 903 finished with value: 0.7848897007450171 and parameters: {'n_estimators': 446, 'min_samples_split': 0.05681953988213505, 'min_samples_leaf': 0.03550492302223215, 'min_weight_fraction_leaf': 0.02290198667530463, 'max_features': 0.6109444243460574, 'bootstrap': False, 'max_samples': 0.6215125122490092}. Best is trial 796 with value: 0.7934330659150641.[0m
[32m[I 2022-04-14 23:03:10,620][0m Trial 904 finished with value: 0.7828931776429902 and parameters: {'n_estimators': 394, 'min_samples_split': 0.04000992843741427, 'min_samples_leaf': 0.026225917737816892, 'min_weight_fraction_leaf': 0.04282641956589013, 'max_features': 0.5384301610245028, 'bootstrap': False, 'max_samples': 0.6376860026467301}. Best is trial 796 with value: 0.7934330659150641.[0m
[32m[I 2022-04-14 23:04:48,202][0m Trial 905 finished with value: 0.7833929487244969 and parameters: {'n_estimators': 434, 'min_samples_split': 0.07633539752385506, 'min_samples_leaf': 0.024323212779919334, 'min_weight_fraction_leaf': 0.018875936911736897, 'max_features': 0.5887209188122237, 'bootstrap': False, 'max_samples': 0.6004892842334876}. Best is trial 796 with value: 0.7934330659150641.[0m
[32m[I 2022-04-14 23:05:09,955][0m Trial 906 finished with value: 0.7681652410352302 and parameters: {'n_estimators': 426, 'min_samples_split': 0.05310649106040194, 'min_samples_leaf': 0.05807714653250274, 'min_weight_fraction_leaf': 0.053716397771794974, 'max_features': 0.568111612528406, 'bootstrap': True, 'max_samples': 0.5864335677904212, 'oob_score': False}. Best is trial 796 with value: 0.7934330659150641.[0m
[32m[I 2022-04-14 23:06:38,034][0m Trial 907 finished with value: 0.784746895283775 and parameters: {'n_estimators': 425, 'min_samples_split': 0.03870776838967197, 'min_samples_leaf': 0.019756408064417745, 'min_weight_fraction_leaf': 0.03052563710740825, 'max_features': 0.5158981379124229, 'bootstrap': False, 'max_samples': 0.6205222761243196}. Best is trial 796 with value: 0.7934330659150641.[0m
[32m[I 2022-04-14 23:06:53,289][0m Trial 908 finished with value: 0.7701619265750291 and parameters: {'n_estimators': 470, 'min_samples_split': 0.03605322849087345, 'min_samples_leaf': 0.1808820058184546, 'min_weight_fraction_leaf': 0.016803469468536933, 'max_features': 0.5461683881703455, 'bootstrap': False, 'max_samples': 0.6440804330151486}. Best is trial 796 with value: 0.7934330659150641.[0m
[32m[I 2022-04-14 23:07:03,056][0m Trial 909 finished with value: 0.7570434403508152 and parameters: {'n_estimators': 402, 'min_samples_split': 0.03873670082870645, 'min_samples_leaf': 0.2522294830683234, 'min_weight_fraction_leaf': 0.014539803566304771, 'max_features': 0.5750865568992446, 'bootstrap': False, 'max_samples': 0.6001734622726494}. Best is trial 796 with value: 0.7934330659150641.[0m
[32m[I 2022-04-14 23:07:40,725][0m Trial 910 finished with value: 0.7832701480993169 and parameters: {'n_estimators': 405, 'min_samples_split': 0.05345984549762754, 'min_samples_leaf': 0.03387097566764333, 'min_weight_fraction_leaf': 0.00032215160951738417, 'max_features': 0.6431744473793637, 'bootstrap': True, 'max_samples': 0.5555601631443038, 'oob_score': True}. Best is trial 796 with value: 0.7934330659150641.[0m
[32m[I 2022-04-14 23:07:57,830][0m Trial 911 finished with value: 0.7698342319647694 and parameters: {'n_estimators': 449, 'min_samples_split': 0.28620606353312195, 'min_samples_leaf': 0.14854976636032802, 'min_weight_fraction_leaf': 0.030192100513082194, 'max_features': 0.600257821489537, 'bootstrap': False, 'max_samples': 0.5799212535290681}. Best is trial 796 with value: 0.7934330659150641.[0m
[32m[I 2022-04-14 23:10:38,287][0m Trial 912 finished with value: 0.7837962687426486 and parameters: {'n_estimators': 458, 'min_samples_split': 0.03423269596299186, 'min_samples_leaf': 0.0175838933182934, 'min_weight_fraction_leaf': 0.00022751813819954316, 'max_features': 0.6657516885344481, 'bootstrap': False, 'max_samples': 0.6124368070423003}. Best is trial 796 with value: 0.7934330659150641.[0m
[32m[I 2022-04-14 23:12:55,128][0m Trial 913 finished with value: 0.7847029982502269 and parameters: {'n_estimators': 445, 'min_samples_split': 0.030551635775578897, 'min_samples_leaf': 0.010323613883556487, 'min_weight_fraction_leaf': 0.01676372721523319, 'max_features': 0.4871061346322078, 'bootstrap': False, 'max_samples': 0.6625847143749278}. Best is trial 796 with value: 0.7934330659150641.[0m
[32m[I 2022-04-14 23:13:34,055][0m Trial 914 finished with value: 0.7852216877251276 and parameters: {'n_estimators': 419, 'min_samples_split': 0.043820415835256796, 'min_samples_leaf': 0.02644284009153243, 'min_weight_fraction_leaf': 0.00837284120739189, 'max_features': 0.5554875812448249, 'bootstrap': True, 'max_samples': 0.5965940157959035, 'oob_score': False}. Best is trial 796 with value: 0.7934330659150641.[0m
[32m[I 2022-04-14 23:13:43,124][0m Trial 915 finished with value: 0.7543862092388143 and parameters: {'n_estimators': 348, 'min_samples_split': 0.029825543310584658, 'min_samples_leaf': 0.04876171570176309, 'min_weight_fraction_leaf': 0.37637803948171783, 'max_features': 0.5317681866906832, 'bootstrap': False, 'max_samples': 0.6316260875761813}. Best is trial 796 with value: 0.7934330659150641.[0m
[32m[I 2022-04-14 23:16:14,231][0m Trial 916 finished with value: 0.7907219801806631 and parameters: {'n_estimators': 473, 'min_samples_split': 0.027603458451082984, 'min_samples_leaf': 0.011255900585566095, 'min_weight_fraction_leaf': 0.023283714534178834, 'max_features': 0.589535895369717, 'bootstrap': False, 'max_samples': 0.5630571272833448}. Best is trial 796 with value: 0.7934330659150641.[0m
[32m[I 2022-04-14 23:17:39,177][0m Trial 917 finished with value: 0.7836100571684406 and parameters: {'n_estimators': 461, 'min_samples_split': 0.047537822823021186, 'min_samples_leaf': 0.02379875822821075, 'min_weight_fraction_leaf': 0.037504730568236846, 'max_features': 0.5615049231643142, 'bootstrap': False, 'max_samples': 0.5158298327442422}. Best is trial 796 with value: 0.7934330659150641.[0m
[32m[I 2022-04-14 23:18:50,180][0m Trial 918 finished with value: 0.784762899245383 and parameters: {'n_estimators': 435, 'min_samples_split': 0.034002708825385024, 'min_samples_leaf': 0.036193565807292494, 'min_weight_fraction_leaf': 0.010739686313744376, 'max_features': 0.6269596931600977, 'bootstrap': False, 'max_samples': 0.5853343045588426}. Best is trial 796 with value: 0.7934330659150641.[0m
[32m[I 2022-04-14 23:20:21,637][0m Trial 919 finished with value: 0.7856586205403293 and parameters: {'n_estimators': 488, 'min_samples_split': 0.023498427139878902, 'min_samples_leaf': 0.0010054406951446153, 'min_weight_fraction_leaf': 0.023770700378407818, 'max_features': 0.5125339643291796, 'bootstrap': True, 'max_samples': 0.5386276747787367, 'oob_score': True}. Best is trial 796 with value: 0.7934330659150641.[0m
[32m[I 2022-04-14 23:24:04,481][0m Trial 920 finished with value: 0.7928327493395776 and parameters: {'n_estimators': 498, 'min_samples_split': 0.02041872452187995, 'min_samples_leaf': 0.009557181115464067, 'min_weight_fraction_leaf': 0.009171034221376002, 'max_features': 0.5407798718709258, 'bootstrap': False, 'max_samples': 0.6078691482362532}. Best is trial 796 with value: 0.7934330659150641.[0m
[32m[I 2022-04-14 23:25:35,173][0m Trial 921 finished with value: 0.7850853691200026 and parameters: {'n_estimators': 502, 'min_samples_split': 0.05528988404431609, 'min_samples_leaf': 0.029685571498848144, 'min_weight_fraction_leaf': 0.008729078847753726, 'max_features': 0.5219084916486909, 'bootstrap': False, 'max_samples': 0.6228127096197851}. Best is trial 796 with value: 0.7934330659150641.[0m
[32m[I 2022-04-14 23:27:43,479][0m Trial 922 finished with value: 0.7839940570613684 and parameters: {'n_estimators': 507, 'min_samples_split': 0.036178193894914126, 'min_samples_leaf': 0.018885633364076167, 'min_weight_fraction_leaf': 0.007828494245293844, 'max_features': 0.4939114729736588, 'bootstrap': False, 'max_samples': 0.6418407805339151}. Best is trial 796 with value: 0.7934330659150641.[0m
[32m[I 2022-04-14 23:28:17,089][0m Trial 923 finished with value: 0.7767789347600468 and parameters: {'n_estimators': 520, 'min_samples_split': 0.018761124266002394, 'min_samples_leaf': 0.043791067633908734, 'min_weight_fraction_leaf': 0.00043423011373367945, 'max_features': 0.5375188084038313, 'bootstrap': True, 'max_samples': 0.6052707869417887, 'oob_score': False}. Best is trial 796 with value: 0.7934330659150641.[0m
[32m[I 2022-04-14 23:30:09,201][0m Trial 924 finished with value: 0.7837582702869329 and parameters: {'n_estimators': 486, 'min_samples_split': 0.02884497678745241, 'min_samples_leaf': 0.017040990607362392, 'min_weight_fraction_leaf': 0.008708752685865842, 'max_features': 0.4611769674059181, 'bootstrap': False, 'max_samples': 0.6059234750896169}. Best is trial 796 with value: 0.7934330659150641.[0m
[32m[I 2022-04-14 23:30:42,015][0m Trial 925 finished with value: 0.7838955079139386 and parameters: {'n_estimators': 186, 'min_samples_split': 0.04307083655295942, 'min_samples_leaf': 0.02893294978517584, 'min_weight_fraction_leaf': 0.015808382755252762, 'max_features': 0.5044818833181374, 'bootstrap': False, 'max_samples': 0.6544306847041363}. Best is trial 796 with value: 0.7934330659150641.[0m
[32m[I 2022-04-14 23:33:39,302][0m Trial 926 finished with value: 0.7849299809738552 and parameters: {'n_estimators': 501, 'min_samples_split': 0.016557933161295012, 'min_samples_leaf': 0.011724341405495255, 'min_weight_fraction_leaf': 0.016719719976347955, 'max_features': 0.5366674411521898, 'bootstrap': False, 'max_samples': 0.5864923165421778}. Best is trial 796 with value: 0.7934330659150641.[0m
[32m[I 2022-04-14 23:35:55,335][0m Trial 927 finished with value: 0.7842782414518907 and parameters: {'n_estimators': 582, 'min_samples_split': 0.0278899372720668, 'min_samples_leaf': 0.02128906088654468, 'min_weight_fraction_leaf': 0.007217584773821546, 'max_features': 0.5465968348843424, 'bootstrap': False, 'max_samples': 0.5675968413478364}. Best is trial 796 with value: 0.7934330659150641.[0m
[32m[I 2022-04-14 23:36:23,766][0m Trial 928 finished with value: 0.7730929741816481 and parameters: {'n_estimators': 480, 'min_samples_split': 0.17664976878895297, 'min_samples_leaf': 0.037820638940195744, 'min_weight_fraction_leaf': 0.0003019645239218799, 'max_features': 0.5211296985058061, 'bootstrap': True, 'max_samples': 0.6212333532194824, 'oob_score': False}. Best is trial 796 with value: 0.7934330659150641.[0m
[32m[I 2022-04-14 23:39:37,554][0m Trial 929 finished with value: 0.7851156478097512 and parameters: {'n_estimators': 524, 'min_samples_split': 0.011610628208387413, 'min_samples_leaf': 0.01029848491012678, 'min_weight_fraction_leaf': 0.016917395607661603, 'max_features': 0.5561029216979526, 'bootstrap': False, 'max_samples': 0.5993448435395394}. Best is trial 796 with value: 0.7934330659150641.[0m
[32m[I 2022-04-14 23:41:29,401][0m Trial 930 finished with value: 0.7909446549530965 and parameters: {'n_estimators': 539, 'min_samples_split': 0.03754844993821294, 'min_samples_leaf': 0.02487069793763562, 'min_weight_fraction_leaf': 0.00042726453115474183, 'max_features': 0.5318221501168402, 'bootstrap': False, 'max_samples': 0.6735981124601964}. Best is trial 796 with value: 0.7934330659150641.[0m
[32m[I 2022-04-14 23:42:59,357][0m Trial 931 finished with value: 0.783991252723446 and parameters: {'n_estimators': 327, 'min_samples_split': 0.0012254406739812818, 'min_samples_leaf': 0.011247267525240382, 'min_weight_fraction_leaf': 0.025140342682533665, 'max_features': 0.5071632417965899, 'bootstrap': False, 'max_samples': 0.6314268932419941}. Best is trial 796 with value: 0.7934330659150641.[0m
[32m[I 2022-04-14 23:44:10,196][0m Trial 932 finished with value: 0.7921821650668954 and parameters: {'n_estimators': 564, 'min_samples_split': 0.0189964693655291, 'min_samples_leaf': 0.018983524246084016, 'min_weight_fraction_leaf': 0.008848503512179197, 'max_features': 0.5528309047944857, 'bootstrap': True, 'max_samples': 0.5771188295048937, 'oob_score': True}. Best is trial 796 with value: 0.7934330659150641.[0m
[32m[I 2022-04-14 23:44:54,439][0m Trial 933 finished with value: 0.7773292720897319 and parameters: {'n_estimators': 595, 'min_samples_split': 0.04844601608891291, 'min_samples_leaf': 0.04028333891861695, 'min_weight_fraction_leaf': 0.0345320684642398, 'max_features': 0.5685363028715588, 'bootstrap': True, 'max_samples': 0.551593334235403, 'oob_score': True}. Best is trial 796 with value: 0.7934330659150641.[0m
[32m[I 2022-04-14 23:45:31,419][0m Trial 934 finished with value: 0.7684270225041171 and parameters: {'n_estimators': 620, 'min_samples_split': 0.06101459748223831, 'min_samples_leaf': 0.053603810028176324, 'min_weight_fraction_leaf': 0.027839203981590944, 'max_features': 0.47459818202585435, 'bootstrap': True, 'max_samples': 0.5820921675353542, 'oob_score': True}. Best is trial 796 with value: 0.7934330659150641.[0m
[32m[I 2022-04-14 23:45:44,093][0m Trial 935 finished with value: 0.7584643112740788 and parameters: {'n_estimators': 233, 'min_samples_split': 0.03236850638911221, 'min_samples_leaf': 0.03155892504586391, 'min_weight_fraction_leaf': 0.1310181854489994, 'max_features': 0.5513979053374979, 'bootstrap': True, 'max_samples': 0.5675775482079256, 'oob_score': True}. Best is trial 796 with value: 0.7934330659150641.[0m
[32m[I 2022-04-14 23:46:46,951][0m Trial 936 finished with value: 0.7854853898859627 and parameters: {'n_estimators': 571, 'min_samples_split': 0.04175805437982817, 'min_samples_leaf': 0.024099539215481906, 'min_weight_fraction_leaf': 0.014478083781402076, 'max_features': 0.5306746235525625, 'bootstrap': True, 'max_samples': 0.58576440393609, 'oob_score': True}. Best is trial 796 with value: 0.7934330659150641.[0m
