[32m[I 2022-04-13 14:42:52,961][0m Trial 216 finished with value: 0.8919507512996772 and parameters: {'n_estimators': 270, 'min_samples_split': 0.15032122422437458, 'min_samples_leaf': 0.05020305178704416, 'min_weight_fraction_leaf': 0.007232689367796483, 'max_features': 0.8159131736521583, 'bootstrap': False, 'max_samples': 0.9680585762184565}. Best is trial 148 with value: 0.8939269006464292.[0m
[32m[I 2022-04-13 14:44:00,049][0m Trial 217 finished with value: 0.8919209186834468 and parameters: {'n_estimators': 282, 'min_samples_split': 0.13320018591882912, 'min_samples_leaf': 0.06327534818781835, 'min_weight_fraction_leaf': 0.021017900401130322, 'max_features': 0.7783294046522552, 'bootstrap': False, 'max_samples': 0.9564733732187762}. Best is trial 148 with value: 0.8939269006464292.[0m
[32m[I 2022-04-13 14:45:11,289][0m Trial 218 finished with value: 0.8918509058174706 and parameters: {'n_estimators': 293, 'min_samples_split': 0.126725304784928, 'min_samples_leaf': 0.04165499163958776, 'min_weight_fraction_leaf': 0.027602229991343374, 'max_features': 0.7877729936441503, 'bootstrap': False, 'max_samples': 0.9949044273445099}. Best is trial 148 with value: 0.8939269006464292.[0m
[32m[I 2022-04-13 14:46:20,100][0m Trial 219 finished with value: 0.894041154212266 and parameters: {'n_estimators': 268, 'min_samples_split': 0.14200083049349516, 'min_samples_leaf': 0.05845531682628084, 'min_weight_fraction_leaf': 0.0011214013792437312, 'max_features': 0.8227260463415771, 'bootstrap': False, 'max_samples': 0.9533249687200984}. Best is trial 219 with value: 0.894041154212266.[0m
[32m[I 2022-04-13 14:47:28,296][0m Trial 220 finished with value: 0.8928037699760637 and parameters: {'n_estimators': 243, 'min_samples_split': 0.14393952261930865, 'min_samples_leaf': 0.05160814957229869, 'min_weight_fraction_leaf': 0.003147567403858017, 'max_features': 0.8261528376990954, 'bootstrap': False, 'max_samples': 0.9285004183033725}. Best is trial 219 with value: 0.894041154212266.[0m
[32m[I 2022-04-13 14:48:33,241][0m Trial 221 finished with value: 0.8930757678052966 and parameters: {'n_estimators': 244, 'min_samples_split': 0.14373771404507787, 'min_samples_leaf': 0.054800109343404506, 'min_weight_fraction_leaf': 0.015793574715684523, 'max_features': 0.8119748231140597, 'bootstrap': False, 'max_samples': 0.9290165112171571}. Best is trial 219 with value: 0.894041154212266.[0m
[32m[I 2022-04-13 14:49:35,506][0m Trial 222 finished with value: 0.8884869495500884 and parameters: {'n_estimators': 249, 'min_samples_split': 0.1658421219255128, 'min_samples_leaf': 0.05636243299613927, 'min_weight_fraction_leaf': 0.01791645773442946, 'max_features': 0.8224345445634397, 'bootstrap': False, 'max_samples': 0.9340028047080781}. Best is trial 219 with value: 0.894041154212266.[0m
[32m[I 2022-04-13 14:50:13,360][0m Trial 223 finished with value: 0.8899536955151053 and parameters: {'n_estimators': 244, 'min_samples_split': 0.14802194926177173, 'min_samples_leaf': 0.0767054095956988, 'min_weight_fraction_leaf': 0.028675945318031974, 'max_features': 0.4814016604696786, 'bootstrap': False, 'max_samples': 0.9530280926482148}. Best is trial 219 with value: 0.894041154212266.[0m
[32m[I 2022-04-13 14:50:37,857][0m Trial 224 finished with value: 0.8788821267044733 and parameters: {'n_estimators': 267, 'min_samples_split': 0.15929737272117095, 'min_samples_leaf': 0.03291606948105001, 'min_weight_fraction_leaf': 0.16332464656821577, 'max_features': 0.25445644723857463, 'bootstrap': False, 'max_samples': 0.9320698377964981}. Best is trial 219 with value: 0.894041154212266.[0m
[32m[I 2022-04-13 14:51:42,629][0m Trial 225 finished with value: 0.8920103184823406 and parameters: {'n_estimators': 229, 'min_samples_split': 0.14185619730053697, 'min_samples_leaf': 0.04506985387402781, 'min_weight_fraction_leaf': 0.015918973461946345, 'max_features': 0.8095601135320317, 'bootstrap': False, 'max_samples': 0.9524912504758519}. Best is trial 219 with value: 0.894041154212266.[0m
[32m[I 2022-04-13 14:51:53,748][0m Trial 226 finished with value: 0.7622848169109282 and parameters: {'n_estimators': 239, 'min_samples_split': 0.15115029014409861, 'min_samples_leaf': 0.38956856961651315, 'min_weight_fraction_leaf': 0.003498005784592806, 'max_features': 0.8294059765739092, 'bootstrap': False, 'max_samples': 0.9854204238877702}. Best is trial 219 with value: 0.894041154212266.[0m
[32m[I 2022-04-13 14:52:59,759][0m Trial 227 finished with value: 0.8932089249460523 and parameters: {'n_estimators': 262, 'min_samples_split': 0.133445087654927, 'min_samples_leaf': 0.05945225245920724, 'min_weight_fraction_leaf': 0.0010321330989494226, 'max_features': 0.8046381717457357, 'bootstrap': False, 'max_samples': 0.9269579994460848}. Best is trial 219 with value: 0.894041154212266.[0m
[32m[I 2022-04-13 14:53:25,631][0m Trial 228 finished with value: 0.7787258912374692 and parameters: {'n_estimators': 262, 'min_samples_split': 0.11609214888241476, 'min_samples_leaf': 0.22182268030970492, 'min_weight_fraction_leaf': 0.0012337573519199147, 'max_features': 0.8275585972525459, 'bootstrap': False, 'max_samples': 0.9240100208361888}. Best is trial 219 with value: 0.894041154212266.[0m
[32m[I 2022-04-13 14:54:28,442][0m Trial 229 finished with value: 0.8931208051072804 and parameters: {'n_estimators': 248, 'min_samples_split': 0.13046642520930923, 'min_samples_leaf': 0.05832069234259049, 'min_weight_fraction_leaf': 0.02612130897515327, 'max_features': 0.7990204065740723, 'bootstrap': False, 'max_samples': 0.9082436395055999}. Best is trial 219 with value: 0.894041154212266.[0m
[32m[I 2022-04-13 14:55:36,970][0m Trial 230 finished with value: 0.8912329106138435 and parameters: {'n_estimators': 242, 'min_samples_split': 0.12657137329897625, 'min_samples_leaf': 0.04237398010664861, 'min_weight_fraction_leaf': 0.025175780202978407, 'max_features': 0.8058119923085215, 'bootstrap': False, 'max_samples': 0.9045637901386336}. Best is trial 219 with value: 0.894041154212266.[0m
[32m[I 2022-04-13 14:56:40,406][0m Trial 231 finished with value: 0.8933509973966028 and parameters: {'n_estimators': 255, 'min_samples_split': 0.13355987742307251, 'min_samples_leaf': 0.06096384571290531, 'min_weight_fraction_leaf': 0.03497895791168349, 'max_features': 0.7949478668040143, 'bootstrap': False, 'max_samples': 0.9561086465631546}. Best is trial 219 with value: 0.894041154212266.[0m
[32m[I 2022-04-13 14:57:42,384][0m Trial 232 finished with value: 0.8933564564459081 and parameters: {'n_estimators': 249, 'min_samples_split': 0.1347107625194036, 'min_samples_leaf': 0.06067724697817634, 'min_weight_fraction_leaf': 0.03300530747896638, 'max_features': 0.7945168747532732, 'bootstrap': False, 'max_samples': 0.9425854681118204}. Best is trial 219 with value: 0.894041154212266.[0m
[32m[I 2022-04-13 14:58:38,603][0m Trial 233 finished with value: 0.8918663477324401 and parameters: {'n_estimators': 228, 'min_samples_split': 0.1363252539632165, 'min_samples_leaf': 0.05807089351711643, 'min_weight_fraction_leaf': 0.030951737382314354, 'max_features': 0.7657956047233673, 'bootstrap': False, 'max_samples': 0.939484436831821}. Best is trial 219 with value: 0.894041154212266.[0m
[32m[I 2022-04-13 14:59:42,983][0m Trial 234 finished with value: 0.8922222911696018 and parameters: {'n_estimators': 248, 'min_samples_split': 0.15145392046614797, 'min_samples_leaf': 0.05175443540480723, 'min_weight_fraction_leaf': 0.01834349945834926, 'max_features': 0.7866366925968872, 'bootstrap': False, 'max_samples': 0.9642078617337504}. Best is trial 219 with value: 0.894041154212266.[0m
[32m[I 2022-04-13 15:00:47,029][0m Trial 235 finished with value: 0.8929512707665463 and parameters: {'n_estimators': 266, 'min_samples_split': 0.14361363486787487, 'min_samples_leaf': 0.06379930667602639, 'min_weight_fraction_leaf': 0.000900433091821951, 'max_features': 0.8014438328810962, 'bootstrap': False, 'max_samples': 0.9242189364121572}. Best is trial 219 with value: 0.894041154212266.[0m
[32m[I 2022-04-13 15:01:54,163][0m Trial 236 finished with value: 0.8926909486170395 and parameters: {'n_estimators': 270, 'min_samples_split': 0.14509525130916215, 'min_samples_leaf': 0.06694042806288802, 'min_weight_fraction_leaf': 0.012505943919148683, 'max_features': 0.7967858370383885, 'bootstrap': False, 'max_samples': 0.9325563921690466}. Best is trial 219 with value: 0.894041154212266.[0m
[32m[I 2022-04-13 15:03:04,599][0m Trial 237 finished with value: 0.8889005845176596 and parameters: {'n_estimators': 266, 'min_samples_split': 0.1591997562090238, 'min_samples_leaf': 0.048583969144218905, 'min_weight_fraction_leaf': 0.0008236865106208066, 'max_features': 0.7962628973696925, 'bootstrap': False, 'max_samples': 0.9989182093858174}. Best is trial 219 with value: 0.894041154212266.[0m
[32m[I 2022-04-13 15:04:00,208][0m Trial 238 finished with value: 0.8937327740785921 and parameters: {'n_estimators': 217, 'min_samples_split': 0.13303639136424228, 'min_samples_leaf': 0.06084052141729703, 'min_weight_fraction_leaf': 0.03162612899642404, 'max_features': 0.8178339165314065, 'bootstrap': False, 'max_samples': 0.9069322810146516}. Best is trial 219 with value: 0.894041154212266.[0m
[32m[I 2022-04-13 15:05:04,536][0m Trial 239 finished with value: 0.8902889829274621 and parameters: {'n_estimators': 282, 'min_samples_split': 0.13017735987305304, 'min_samples_leaf': 0.07453097754174352, 'min_weight_fraction_leaf': 0.025585562913713163, 'max_features': 0.7741835992165089, 'bootstrap': False, 'max_samples': 0.9070170893444216}. Best is trial 219 with value: 0.894041154212266.[0m
[32m[I 2022-04-13 15:06:08,863][0m Trial 240 finished with value: 0.8936630219053356 and parameters: {'n_estimators': 261, 'min_samples_split': 0.13423034433541997, 'min_samples_leaf': 0.06337831779082172, 'min_weight_fraction_leaf': 0.03306443584164183, 'max_features': 0.8074078245438765, 'bootstrap': False, 'max_samples': 0.9521478973372255}. Best is trial 219 with value: 0.894041154212266.[0m
[32m[I 2022-04-13 15:07:17,685][0m Trial 241 finished with value: 0.8935127549407259 and parameters: {'n_estimators': 269, 'min_samples_split': 0.13528915152097595, 'min_samples_leaf': 0.06382034214422937, 'min_weight_fraction_leaf': 0.034929776266612055, 'max_features': 0.8147892503276513, 'bootstrap': False, 'max_samples': 0.9532326445873041}. Best is trial 219 with value: 0.894041154212266.[0m
[32m[I 2022-04-13 15:08:22,894][0m Trial 242 finished with value: 0.893550550286726 and parameters: {'n_estimators': 258, 'min_samples_split': 0.13521035702514914, 'min_samples_leaf': 0.06444888406118661, 'min_weight_fraction_leaf': 0.03186426743403632, 'max_features': 0.8136724347403814, 'bootstrap': False, 'max_samples': 0.959606313313585}. Best is trial 219 with value: 0.894041154212266.[0m
[32m[I 2022-04-13 15:09:19,145][0m Trial 243 finished with value: 0.8907515903640532 and parameters: {'n_estimators': 258, 'min_samples_split': 0.13490677583921667, 'min_samples_leaf': 0.0815684127475445, 'min_weight_fraction_leaf': 0.030680279908752623, 'max_features': 0.8057063053077916, 'bootstrap': False, 'max_samples': 0.9568964886176609}. Best is trial 219 with value: 0.894041154212266.[0m
[32m[I 2022-04-13 15:10:26,631][0m Trial 244 finished with value: 0.893557557120433 and parameters: {'n_estimators': 266, 'min_samples_split': 0.14070138685205671, 'min_samples_leaf': 0.06386172247907729, 'min_weight_fraction_leaf': 0.022479893250756198, 'max_features': 0.8102399137243916, 'bootstrap': False, 'max_samples': 0.9775013130556001}. Best is trial 219 with value: 0.894041154212266.[0m
[32m[I 2022-04-13 15:11:17,386][0m Trial 245 finished with value: 0.8922676456272451 and parameters: {'n_estimators': 211, 'min_samples_split': 0.13197633312053697, 'min_samples_leaf': 0.06897984169718767, 'min_weight_fraction_leaf': 0.023314525477488576, 'max_features': 0.791147075323059, 'bootstrap': False, 'max_samples': 0.9683375046398324}. Best is trial 219 with value: 0.894041154212266.[0m
[32m[I 2022-04-13 15:12:26,566][0m Trial 246 finished with value: 0.8927893284433933 and parameters: {'n_estimators': 264, 'min_samples_split': 0.1525363309499554, 'min_samples_leaf': 0.06334355793393759, 'min_weight_fraction_leaf': 0.0323163636894159, 'max_features': 0.8111726418213349, 'bootstrap': False, 'max_samples': 0.9794313470681483}. Best is trial 219 with value: 0.894041154212266.[0m
[32m[I 2022-04-13 15:13:21,301][0m Trial 247 finished with value: 0.8904501136344706 and parameters: {'n_estimators': 239, 'min_samples_split': 0.1353286908672137, 'min_samples_leaf': 0.07875037325649877, 'min_weight_fraction_leaf': 0.02026932398213162, 'max_features': 0.7822842553519638, 'bootstrap': False, 'max_samples': 0.9620485293787939}. Best is trial 219 with value: 0.894041154212266.[0m
[32m[I 2022-04-13 15:13:27,210][0m Trial 248 finished with value: 0.8226406275543632 and parameters: {'n_estimators': 267, 'min_samples_split': 0.44968992421688225, 'min_samples_leaf': 0.2792450085247153, 'min_weight_fraction_leaf': 0.03421977355860956, 'max_features': 0.8157187033147387, 'bootstrap': True, 'max_samples': 0.9458214435293616, 'oob_score': False}. Best is trial 219 with value: 0.894041154212266.[0m
[32m[I 2022-04-13 15:14:28,736][0m Trial 249 finished with value: 0.8891915951120983 and parameters: {'n_estimators': 254, 'min_samples_split': 0.17318263223904762, 'min_samples_leaf': 0.062073542084541744, 'min_weight_fraction_leaf': 0.018944877909559257, 'max_features': 0.8016926327454882, 'bootstrap': False, 'max_samples': 0.9829400227211982}. Best is trial 219 with value: 0.894041154212266.[0m
[32m[I 2022-04-13 15:15:30,070][0m Trial 250 finished with value: 0.890982536732779 and parameters: {'n_estimators': 222, 'min_samples_split': 0.1436868287097568, 'min_samples_leaf': 0.04137225142318159, 'min_weight_fraction_leaf': 0.03565595989743542, 'max_features': 0.7653342722854364, 'bootstrap': False, 'max_samples': 0.9194070023849441}. Best is trial 219 with value: 0.894041154212266.[0m
[32m[I 2022-04-13 15:16:38,708][0m Trial 251 finished with value: 0.8922037334241208 and parameters: {'n_estimators': 274, 'min_samples_split': 0.12613191224177553, 'min_samples_leaf': 0.07047892519711152, 'min_weight_fraction_leaf': 0.023943753163263345, 'max_features': 0.815343346846365, 'bootstrap': False, 'max_samples': 0.9506360689813913}. Best is trial 219 with value: 0.894041154212266.[0m
[32m[I 2022-04-13 15:17:39,581][0m Trial 252 finished with value: 0.8922583819729812 and parameters: {'n_estimators': 234, 'min_samples_split': 0.1533659837267439, 'min_samples_leaf': 0.05624576494807418, 'min_weight_fraction_leaf': 0.011492419590236818, 'max_features': 0.791205369396365, 'bootstrap': False, 'max_samples': 0.9737181752788471}. Best is trial 219 with value: 0.894041154212266.[0m
[32m[I 2022-04-13 15:18:50,866][0m Trial 253 finished with value: 0.8922029749393836 and parameters: {'n_estimators': 253, 'min_samples_split': 0.1368887456133364, 'min_samples_leaf': 0.045490804676450995, 'min_weight_fraction_leaf': 0.03316700329021462, 'max_features': 0.8219925166825385, 'bootstrap': False, 'max_samples': 0.9445932887431784}. Best is trial 219 with value: 0.894041154212266.[0m
[32m[I 2022-04-13 15:19:50,046][0m Trial 254 finished with value: 0.8897610377784467 and parameters: {'n_estimators': 286, 'min_samples_split': 0.12682619422787453, 'min_samples_leaf': 0.08584190690486587, 'min_weight_fraction_leaf': 0.013923206302184262, 'max_features': 0.7743495547711536, 'bootstrap': False, 'max_samples': 0.9059464454892742}. Best is trial 219 with value: 0.894041154212266.[0m
[32m[I 2022-04-13 15:21:13,976][0m Trial 255 finished with value: 0.8895899455960258 and parameters: {'n_estimators': 264, 'min_samples_split': 0.14374503753999837, 'min_samples_leaf': 0.03360566621553479, 'min_weight_fraction_leaf': 0.027156931222804253, 'max_features': 0.8424231099426904, 'bootstrap': False, 'max_samples': 0.9997563805028902}. Best is trial 219 with value: 0.894041154212266.[0m
[32m[I 2022-04-13 15:22:13,202][0m Trial 256 finished with value: 0.8911904641965755 and parameters: {'n_estimators': 245, 'min_samples_split': 0.16020374877816454, 'min_samples_leaf': 0.0729478291067329, 'min_weight_fraction_leaf': 0.040238851107660956, 'max_features': 0.8010708310560911, 'bootstrap': False, 'max_samples': 0.9258307579781765}. Best is trial 219 with value: 0.894041154212266.[0m
[32m[I 2022-04-13 15:23:26,231][0m Trial 257 finished with value: 0.8935262921753813 and parameters: {'n_estimators': 278, 'min_samples_split': 0.12064236615233942, 'min_samples_leaf': 0.06237995204004335, 'min_weight_fraction_leaf': 0.01830908974431546, 'max_features': 0.821884175954394, 'bootstrap': False, 'max_samples': 0.9619630523622664}. Best is trial 219 with value: 0.894041154212266.[0m
[32m[I 2022-04-13 15:24:39,880][0m Trial 258 finished with value: 0.8907420232197198 and parameters: {'n_estimators': 272, 'min_samples_split': 0.12014600823960092, 'min_samples_leaf': 0.056942997708186546, 'min_weight_fraction_leaf': 0.02602677749428026, 'max_features': 0.8336912381928541, 'bootstrap': False, 'max_samples': 0.9629477612650692}. Best is trial 219 with value: 0.894041154212266.[0m
[32m[I 2022-04-13 15:25:54,115][0m Trial 259 finished with value: 0.8894717633798057 and parameters: {'n_estimators': 258, 'min_samples_split': 0.12885336228723496, 'min_samples_leaf': 0.04738361730880253, 'min_weight_fraction_leaf': 0.03792327090716759, 'max_features': 0.8532048999822787, 'bootstrap': False, 'max_samples': 0.9813863348031976}. Best is trial 219 with value: 0.894041154212266.[0m
[32m[I 2022-04-13 15:26:04,329][0m Trial 260 finished with value: 0.7206999047997886 and parameters: {'n_estimators': 285, 'min_samples_split': 0.11829572452767077, 'min_samples_leaf': 0.4193285092887321, 'min_weight_fraction_leaf': 0.017160843158465625, 'max_features': 0.7864712302605967, 'bootstrap': False, 'max_samples': 0.9522154632444583}. Best is trial 219 with value: 0.894041154212266.[0m
[32m[I 2022-04-13 15:27:06,941][0m Trial 261 finished with value: 0.8932996700315602 and parameters: {'n_estimators': 239, 'min_samples_split': 0.14951733805663134, 'min_samples_leaf': 0.0631914536535179, 'min_weight_fraction_leaf': 0.024606915266802674, 'max_features': 0.8204295381699495, 'bootstrap': False, 'max_samples': 0.9409815015357789}. Best is trial 219 with value: 0.894041154212266.[0m
[32m[I 2022-04-13 15:28:03,523][0m Trial 262 finished with value: 0.8902631400163502 and parameters: {'n_estimators': 231, 'min_samples_split': 0.15112366792946114, 'min_samples_leaf': 0.07962770918387777, 'min_weight_fraction_leaf': 0.03577457536949759, 'max_features': 0.826531839473007, 'bootstrap': False, 'max_samples': 0.9168857932113166}. Best is trial 219 with value: 0.894041154212266.[0m
[32m[I 2022-04-13 15:29:03,266][0m Trial 263 finished with value: 0.8916152365348904 and parameters: {'n_estimators': 220, 'min_samples_split': 0.12850052494370126, 'min_samples_leaf': 0.06252890122673187, 'min_weight_fraction_leaf': 0.043799453503487254, 'max_features': 0.8485920889132978, 'bootstrap': False, 'max_samples': 0.9381897844111335}. Best is trial 219 with value: 0.894041154212266.[0m
[32m[I 2022-04-13 15:30:03,727][0m Trial 264 finished with value: 0.8905084621678026 and parameters: {'n_estimators': 239, 'min_samples_split': 0.16514689529089358, 'min_samples_leaf': 0.07200050662616317, 'min_weight_fraction_leaf': 0.0005461314034995376, 'max_features': 0.8208525521947488, 'bootstrap': False, 'max_samples': 0.9469742494385434}. Best is trial 219 with value: 0.894041154212266.[0m
[32m[I 2022-04-13 15:31:16,276][0m Trial 265 finished with value: 0.8905528105972144 and parameters: {'n_estimators': 250, 'min_samples_split': 0.15178853862854116, 'min_samples_leaf': 0.03970446175326051, 'min_weight_fraction_leaf': 0.027970849582536664, 'max_features': 0.7646393986398731, 'bootstrap': False, 'max_samples': 0.8968344305700637}. Best is trial 219 with value: 0.894041154212266.[0m
[32m[I 2022-04-13 15:32:30,045][0m Trial 266 finished with value: 0.8930809956522181 and parameters: {'n_estimators': 262, 'min_samples_split': 0.1426569513143393, 'min_samples_leaf': 0.05944011790295958, 'min_weight_fraction_leaf': 0.011272393835617196, 'max_features': 0.8371300812641794, 'bootstrap': False, 'max_samples': 0.9236590838682465}. Best is trial 219 with value: 0.894041154212266.[0m
[32m[I 2022-04-13 15:33:40,436][0m Trial 267 finished with value: 0.7882278275715812 and parameters: {'n_estimators': 667, 'min_samples_split': 0.14431877347647853, 'min_samples_leaf': 0.06511835312138511, 'min_weight_fraction_leaf': 0.0203784494028783, 'max_features': 0.8628553230014836, 'bootstrap': True, 'max_samples': 0.9194358635177362, 'oob_score': False}. Best is trial 219 with value: 0.894041154212266.[0m
[32m[I 2022-04-13 15:34:36,068][0m Trial 268 finished with value: 0.8869957597602374 and parameters: {'n_estimators': 263, 'min_samples_split': 0.12017501504999159, 'min_samples_leaf': 0.09137688881193165, 'min_weight_fraction_leaf': 0.04393295131827932, 'max_features': 0.8379220497994314, 'bootstrap': False, 'max_samples': 0.9019656042354599}. Best is trial 219 with value: 0.894041154212266.[0m
[32m[I 2022-04-13 15:37:55,933][0m Trial 269 finished with value: 0.8876742733811586 and parameters: {'n_estimators': 912, 'min_samples_split': 0.18883110538570308, 'min_samples_leaf': 0.08089871573357707, 'min_weight_fraction_leaf': 0.03100868570620305, 'max_features': 0.8233583507758999, 'bootstrap': False, 'max_samples': 0.9343590537633313}. Best is trial 219 with value: 0.894041154212266.[0m
