[32m[I 2022-04-13 17:25:24,590][0m Trial 378 finished with value: 0.8932215438171548 and parameters: {'n_estimators': 332, 'min_samples_split': 0.12742850094580574, 'min_samples_leaf': 0.061067822210964726, 'min_weight_fraction_leaf': 0.04343754239751947, 'max_features': 0.7938322082053686, 'bootstrap': False, 'max_samples': 0.9960850191219864}. Best is trial 219 with value: 0.894041154212266.[0m
[32m[I 2022-04-13 17:26:19,257][0m Trial 379 finished with value: 0.8904653817291932 and parameters: {'n_estimators': 216, 'min_samples_split': 0.15592961314577913, 'min_samples_leaf': 0.04992113453709478, 'min_weight_fraction_leaf': 0.07116069571497265, 'max_features': 0.7725942900467653, 'bootstrap': False, 'max_samples': 0.9315472110823724}. Best is trial 219 with value: 0.894041154212266.[0m
[32m[I 2022-04-13 17:27:23,458][0m Trial 380 finished with value: 0.7886495343238684 and parameters: {'n_estimators': 294, 'min_samples_split': 0.2911092560002174, 'min_samples_leaf': 0.09423013347659137, 'min_weight_fraction_leaf': 0.0626825932913399, 'max_features': 0.8787596104217715, 'bootstrap': False, 'max_samples': 0.859378420686879}. Best is trial 219 with value: 0.894041154212266.[0m
[32m[I 2022-04-13 17:28:12,248][0m Trial 381 finished with value: 0.8845017213671381 and parameters: {'n_estimators': 275, 'min_samples_split': 0.1400065687372262, 'min_samples_leaf': 0.11310154898830646, 'min_weight_fraction_leaf': 0.026187390836796512, 'max_features': 0.8487447336292976, 'bootstrap': False, 'max_samples': 0.03952209173109943}. Best is trial 219 with value: 0.894041154212266.[0m
[32m[I 2022-04-13 17:29:26,874][0m Trial 382 finished with value: 0.8910898019296549 and parameters: {'n_estimators': 255, 'min_samples_split': 0.10253486429143446, 'min_samples_leaf': 0.03751721800867807, 'min_weight_fraction_leaf': 0.05232557758957062, 'max_features': 0.8162659853831089, 'bootstrap': False, 'max_samples': 0.0011482500000655974}. Best is trial 219 with value: 0.894041154212266.[0m
[32m[I 2022-04-13 17:31:05,388][0m Trial 383 finished with value: 0.8913239542904279 and parameters: {'n_estimators': 308, 'min_samples_split': 0.11927719060479869, 'min_samples_leaf': 0.018285119096985936, 'min_weight_fraction_leaf': 0.03745739824882165, 'max_features': 0.8009927557628138, 'bootstrap': False, 'max_samples': 0.94796441131973}. Best is trial 219 with value: 0.894041154212266.[0m
[32m[I 2022-04-13 17:31:27,191][0m Trial 384 finished with value: 0.787781575913095 and parameters: {'n_estimators': 239, 'min_samples_split': 0.14715225406091414, 'min_samples_leaf': 0.06895833416205932, 'min_weight_fraction_leaf': 0.009772819034089716, 'max_features': 0.8390305047161334, 'bootstrap': True, 'max_samples': 0.9093849163484014, 'oob_score': False}. Best is trial 219 with value: 0.894041154212266.[0m
[32m[I 2022-04-13 17:32:18,489][0m Trial 385 finished with value: 0.8903464805890117 and parameters: {'n_estimators': 227, 'min_samples_split': 0.13244027185806742, 'min_samples_leaf': 0.08083138088922774, 'min_weight_fraction_leaf': 0.01976474236578935, 'max_features': 0.8226265607434087, 'bootstrap': False, 'max_samples': 0.9686325999050595}. Best is trial 219 with value: 0.894041154212266.[0m
[32m[I 2022-04-13 17:33:31,391][0m Trial 386 finished with value: 0.8912864534125463 and parameters: {'n_estimators': 266, 'min_samples_split': 0.11132106991878024, 'min_samples_leaf': 0.04769648849547296, 'min_weight_fraction_leaf': 0.032496594251576666, 'max_features': 0.7828495085209679, 'bootstrap': False, 'max_samples': 0.9578997375570778}. Best is trial 219 with value: 0.894041154212266.[0m
[32m[I 2022-04-13 17:34:38,533][0m Trial 387 finished with value: 0.8937905368579188 and parameters: {'n_estimators': 282, 'min_samples_split': 0.1386524590201461, 'min_samples_leaf': 0.05785816296816868, 'min_weight_fraction_leaf': 0.045870959176416135, 'max_features': 0.7552124570150788, 'bootstrap': False, 'max_samples': 0.8833999433917537}. Best is trial 219 with value: 0.894041154212266.[0m
[32m[I 2022-04-13 17:35:47,011][0m Trial 388 finished with value: 0.8907063594652703 and parameters: {'n_estimators': 289, 'min_samples_split': 0.16033078720587549, 'min_samples_leaf': 0.05662301131982521, 'min_weight_fraction_leaf': 0.05905812285284353, 'max_features': 0.7343590983922819, 'bootstrap': False, 'max_samples': 0.8760759317299344}. Best is trial 219 with value: 0.894041154212266.[0m
[32m[I 2022-04-13 17:37:12,697][0m Trial 389 finished with value: 0.8906610062500079 and parameters: {'n_estimators': 281, 'min_samples_split': 0.14193877425399856, 'min_samples_leaf': 0.0038623583006624426, 'min_weight_fraction_leaf': 0.07426358113014433, 'max_features': 0.7526533322778257, 'bootstrap': False, 'max_samples': 0.8778226966855719}. Best is trial 219 with value: 0.894041154212266.[0m
[32m[I 2022-04-13 17:37:47,409][0m Trial 390 finished with value: 0.8881070436214065 and parameters: {'n_estimators': 318, 'min_samples_split': 0.09619603990178419, 'min_samples_leaf': 0.040866927906156314, 'min_weight_fraction_leaf': 0.04655083146873303, 'max_features': 0.26801621373172724, 'bootstrap': False, 'max_samples': 0.853168503373391}. Best is trial 219 with value: 0.894041154212266.[0m
[32m[I 2022-04-13 17:38:54,154][0m Trial 391 finished with value: 0.8918871980690277 and parameters: {'n_estimators': 301, 'min_samples_split': 0.12402114031861673, 'min_samples_leaf': 0.06800991938770594, 'min_weight_fraction_leaf': 0.055604626288950555, 'max_features': 0.7684072360145889, 'bootstrap': False, 'max_samples': 0.023524865262274923}. Best is trial 219 with value: 0.894041154212266.[0m
[32m[I 2022-04-13 17:40:20,628][0m Trial 392 finished with value: 0.8913495788188243 and parameters: {'n_estimators': 278, 'min_samples_split': 0.1486914480270538, 'min_samples_leaf': 0.028504769495394648, 'min_weight_fraction_leaf': 0.04602532786219967, 'max_features': 0.8607047104364601, 'bootstrap': False, 'max_samples': 0.9025371514032761}. Best is trial 219 with value: 0.894041154212266.[0m
[32m[I 2022-04-13 17:41:53,774][0m Trial 393 finished with value: 0.8903907070179422 and parameters: {'n_estimators': 350, 'min_samples_split': 0.07618212893878179, 'min_samples_leaf': 0.05174914829555049, 'min_weight_fraction_leaf': 0.008946373905325005, 'max_features': 0.8107972613987358, 'bootstrap': False, 'max_samples': 0.8904214381396036}. Best is trial 219 with value: 0.894041154212266.[0m
[32m[I 2022-04-13 17:43:10,041][0m Trial 394 finished with value: 0.8941171376114454 and parameters: {'n_estimators': 296, 'min_samples_split': 0.1376393805574029, 'min_samples_leaf': 0.06144702347311479, 'min_weight_fraction_leaf': 0.020005881152879212, 'max_features': 0.8304704189329524, 'bootstrap': False, 'max_samples': 0.9215420630678488}. Best is trial 394 with value: 0.8941171376114454.[0m
[32m[I 2022-04-13 17:43:43,616][0m Trial 395 finished with value: 0.8849594548658957 and parameters: {'n_estimators': 296, 'min_samples_split': 0.15329310878430916, 'min_samples_leaf': 0.08266524933523786, 'min_weight_fraction_leaf': 0.01906932150613087, 'max_features': 0.3641984276465381, 'bootstrap': False, 'max_samples': 0.9170410134388753}. Best is trial 394 with value: 0.8941171376114454.[0m
[32m[I 2022-04-13 17:44:57,254][0m Trial 396 finished with value: 0.8907847837913405 and parameters: {'n_estimators': 307, 'min_samples_split': 0.12353779683344697, 'min_samples_leaf': 0.07219792479447301, 'min_weight_fraction_leaf': 0.009225570551867318, 'max_features': 0.8913247111231355, 'bootstrap': False, 'max_samples': 0.8891674737477482}. Best is trial 394 with value: 0.8941171376114454.[0m
[32m[I 2022-04-13 17:46:30,222][0m Trial 397 finished with value: 0.8904004926525305 and parameters: {'n_estimators': 331, 'min_samples_split': 0.17399549942968198, 'min_samples_leaf': 0.04321527992193264, 'min_weight_fraction_leaf': 0.02197698237226376, 'max_features': 0.8427391213044162, 'bootstrap': False, 'max_samples': 0.7728786520826794}. Best is trial 394 with value: 0.8941171376114454.[0m
[32m[I 2022-04-13 17:47:28,384][0m Trial 398 finished with value: 0.8893024257721676 and parameters: {'n_estimators': 290, 'min_samples_split': 0.1396120008557608, 'min_samples_leaf': 0.05769879310682873, 'min_weight_fraction_leaf': 0.08235981844572679, 'max_features': 0.6115318708367214, 'bootstrap': False, 'max_samples': 0.8646662901251359}. Best is trial 394 with value: 0.8941171376114454.[0m
[32m[I 2022-04-13 17:48:44,266][0m Trial 399 finished with value: 0.8909095250413415 and parameters: {'n_estimators': 309, 'min_samples_split': 0.11326676095722177, 'min_samples_leaf': 0.0648772281632915, 'min_weight_fraction_leaf': 0.00031079358235874127, 'max_features': 0.8609256404837067, 'bootstrap': False, 'max_samples': 0.05567686068547475}. Best is trial 394 with value: 0.8941171376114454.[0m
[32m[I 2022-04-13 17:49:47,945][0m Trial 400 finished with value: 0.8917966189241247 and parameters: {'n_estimators': 277, 'min_samples_split': 0.08645405076674519, 'min_samples_leaf': 0.048975294013325926, 'min_weight_fraction_leaf': 0.02728217305482646, 'max_features': 0.6902609709904656, 'bootstrap': False, 'max_samples': 0.6884381413717633}. Best is trial 394 with value: 0.8941171376114454.[0m
[32m[I 2022-04-13 17:51:39,692][0m Trial 401 finished with value: 0.7868138664850198 and parameters: {'n_estimators': 463, 'min_samples_split': 0.13032731716218507, 'min_samples_leaf': 0.03240490801142373, 'min_weight_fraction_leaf': 0.15246325770310876, 'max_features': 0.8375102739809804, 'bootstrap': False, 'max_samples': 0.8102800941978733}. Best is trial 394 with value: 0.8941171376114454.[0m
[32m[I 2022-04-13 17:52:29,206][0m Trial 402 finished with value: 0.8915881940019392 and parameters: {'n_estimators': 200, 'min_samples_split': 0.15011637019033658, 'min_samples_leaf': 0.07185064360298213, 'min_weight_fraction_leaf': 0.06148496547008189, 'max_features': 0.8181336544758958, 'bootstrap': False, 'max_samples': 0.9268093813548307}. Best is trial 394 with value: 0.8941171376114454.[0m
[32m[I 2022-04-13 17:53:40,823][0m Trial 403 finished with value: 0.8896806238729489 and parameters: {'n_estimators': 320, 'min_samples_split': 0.1377100332192883, 'min_samples_leaf': 0.08557144009959465, 'min_weight_fraction_leaf': 0.041440911655385125, 'max_features': 0.8323027230956307, 'bootstrap': False, 'max_samples': 0.9099836236404136}. Best is trial 394 with value: 0.8941171376114454.[0m
[32m[I 2022-04-13 17:54:09,381][0m Trial 404 finished with value: 0.8888151239892709 and parameters: {'n_estimators': 291, 'min_samples_split': 0.11975532788805052, 'min_samples_leaf': 0.05678428964684314, 'min_weight_fraction_leaf': 0.01832232670123512, 'max_features': 0.8679828882737526, 'bootstrap': True, 'max_samples': 0.8380473170769479, 'oob_score': False}. Best is trial 394 with value: 0.8941171376114454.[0m
[32m[I 2022-04-13 17:55:25,987][0m Trial 405 finished with value: 0.8891670275504069 and parameters: {'n_estimators': 268, 'min_samples_split': 0.16260426455851748, 'min_samples_leaf': 0.03802178240993721, 'min_weight_fraction_leaf': 0.030187288270760154, 'max_features': 0.8501859583869332, 'bootstrap': False, 'max_samples': 0.735769506183783}. Best is trial 394 with value: 0.8941171376114454.[0m
[32m[I 2022-04-13 17:56:43,277][0m Trial 406 finished with value: 0.8905635989060403 and parameters: {'n_estimators': 281, 'min_samples_split': 0.10490839993464779, 'min_samples_leaf': 0.04823572221801566, 'min_weight_fraction_leaf': 0.04962453260856796, 'max_features': 0.8211797660141873, 'bootstrap': False, 'max_samples': 0.002016760049452502}. Best is trial 394 with value: 0.8941171376114454.[0m
[32m[I 2022-04-13 17:57:01,507][0m Trial 407 finished with value: 0.7761635650827312 and parameters: {'n_estimators': 301, 'min_samples_split': 0.3105420240714619, 'min_samples_leaf': 0.062317104139935256, 'min_weight_fraction_leaf': 0.016218273219397093, 'max_features': 0.15326186230635758, 'bootstrap': False, 'max_samples': 0.5931909524113375}. Best is trial 394 with value: 0.8941171376114454.[0m
[32m[I 2022-04-13 17:57:16,627][0m Trial 408 finished with value: 0.7751780757637448 and parameters: {'n_estimators': 266, 'min_samples_split': 0.12890643928636425, 'min_samples_leaf': 0.3294681841675914, 'min_weight_fraction_leaf': 0.0696575781306496, 'max_features': 0.8038614933820952, 'bootstrap': False, 'max_samples': 0.9226135349343854}. Best is trial 394 with value: 0.8941171376114454.[0m
[32m[I 2022-04-13 17:58:04,119][0m Trial 409 finished with value: 0.8901905674036712 and parameters: {'n_estimators': 211, 'min_samples_split': 0.14217024674394077, 'min_samples_leaf': 0.07892004756892881, 'min_weight_fraction_leaf': 0.03972775046402112, 'max_features': 0.8309347786535508, 'bootstrap': False, 'max_samples': 0.9370574653636282}. Best is trial 394 with value: 0.8941171376114454.[0m
[32m[I 2022-04-13 17:59:11,242][0m Trial 410 finished with value: 0.8923300660660048 and parameters: {'n_estimators': 284, 'min_samples_split': 0.11527630633908992, 'min_samples_leaf': 0.06550807168894068, 'min_weight_fraction_leaf': 0.029632934861359556, 'max_features': 0.7897364175757788, 'bootstrap': False, 'max_samples': 0.02722234383988198}. Best is trial 394 with value: 0.8941171376114454.[0m
[32m[I 2022-04-13 18:00:40,562][0m Trial 411 finished with value: 0.8893189569440393 and parameters: {'n_estimators': 259, 'min_samples_split': 0.12879461969245923, 'min_samples_leaf': 0.02492063301963853, 'min_weight_fraction_leaf': 0.006428893848055688, 'max_features': 0.8767894544629266, 'bootstrap': False, 'max_samples': 0.6618912993406112}. Best is trial 394 with value: 0.8941171376114454.[0m
[32m[I 2022-04-13 18:01:46,323][0m Trial 412 finished with value: 0.892426076863104 and parameters: {'n_estimators': 243, 'min_samples_split': 0.1536637034284425, 'min_samples_leaf': 0.052545333796022865, 'min_weight_fraction_leaf': 0.05742762356302909, 'max_features': 0.81019582766347, 'bootstrap': False, 'max_samples': 0.9970399354185377}. Best is trial 394 with value: 0.8941171376114454.[0m
[32m[I 2022-04-13 18:02:51,770][0m Trial 413 finished with value: 0.8870344165338645 and parameters: {'n_estimators': 314, 'min_samples_split': 0.09867165375360813, 'min_samples_leaf': 0.0927192570848786, 'min_weight_fraction_leaf': 0.03996600199988779, 'max_features': 0.8531551849486976, 'bootstrap': False, 'max_samples': 0.8904980229076137}. Best is trial 394 with value: 0.8941171376114454.[0m
[32m[I 2022-04-13 18:03:28,703][0m Trial 414 finished with value: 0.721154754684947 and parameters: {'n_estimators': 267, 'min_samples_split': 0.14013337381071242, 'min_samples_leaf': 0.038753622788029886, 'min_weight_fraction_leaf': 0.41985988489238746, 'max_features': 0.7690116330778043, 'bootstrap': False, 'max_samples': 0.9776950654768423}. Best is trial 394 with value: 0.8941171376114454.[0m
[32m[I 2022-04-13 18:04:32,792][0m Trial 415 finished with value: 0.8906612079165152 and parameters: {'n_estimators': 278, 'min_samples_split': 0.12124602817693221, 'min_samples_leaf': 0.07486940057112129, 'min_weight_fraction_leaf': 0.016789911543555497, 'max_features': 0.8291347340905708, 'bootstrap': False, 'max_samples': 0.2925992655459635}. Best is trial 394 with value: 0.8941171376114454.[0m
[32m[I 2022-04-13 18:05:56,314][0m Trial 416 finished with value: 0.8884698727750695 and parameters: {'n_estimators': 363, 'min_samples_split': 0.11013008400070863, 'min_samples_leaf': 0.05744419037299195, 'min_weight_fraction_leaf': 0.0967278393879289, 'max_features': 0.788044004656159, 'bootstrap': False, 'max_samples': 0.9537357387410403}. Best is trial 394 with value: 0.8941171376114454.[0m
[32m[I 2022-04-13 18:07:07,885][0m Trial 417 finished with value: 0.8925123006260087 and parameters: {'n_estimators': 297, 'min_samples_split': 0.1338101904611037, 'min_samples_leaf': 0.04570125689761999, 'min_weight_fraction_leaf': 0.0254397757011199, 'max_features': 0.8094545605380955, 'bootstrap': False, 'max_samples': 0.8061143848422831}. Best is trial 394 with value: 0.8941171376114454.[0m
[32m[I 2022-04-13 18:07:35,598][0m Trial 418 finished with value: 0.8861893117904268 and parameters: {'n_estimators': 226, 'min_samples_split': 0.1450549027086471, 'min_samples_leaf': 0.14168546173570462, 'min_weight_fraction_leaf': 0.053106396806957126, 'max_features': 0.74371791867965, 'bootstrap': False, 'max_samples': 0.8514915243429002}. Best is trial 394 with value: 0.8941171376114454.[0m
[32m[I 2022-04-13 18:09:02,381][0m Trial 419 finished with value: 0.889335981312942 and parameters: {'n_estimators': 257, 'min_samples_split': 0.12508942150516683, 'min_samples_leaf': 0.011952008616948354, 'min_weight_fraction_leaf': 0.009244105911299282, 'max_features': 0.8396552368623017, 'bootstrap': False, 'max_samples': 0.9344971872314148}. Best is trial 394 with value: 0.8941171376114454.[0m
[32m[I 2022-04-13 18:09:49,255][0m Trial 420 finished with value: 0.8903595286797745 and parameters: {'n_estimators': 236, 'min_samples_split': 0.16418584988006177, 'min_samples_leaf': 0.06658391320872462, 'min_weight_fraction_leaf': 0.03660232575251611, 'max_features': 0.8562535532323529, 'bootstrap': False, 'max_samples': 0.06681675113739322}. Best is trial 394 with value: 0.8941171376114454.[0m
[32m[I 2022-04-13 18:10:11,290][0m Trial 421 finished with value: 0.7775008920392379 and parameters: {'n_estimators': 330, 'min_samples_split': 0.1477022815770332, 'min_samples_leaf': 0.2678684507240229, 'min_weight_fraction_leaf': 0.06429357446720285, 'max_features': 0.819445701041024, 'bootstrap': False, 'max_samples': 0.9109853582445724}. Best is trial 394 with value: 0.8941171376114454.[0m
[32m[I 2022-04-13 18:11:02,264][0m Trial 422 finished with value: 0.8919680355939061 and parameters: {'n_estimators': 248, 'min_samples_split': 0.13734009780356574, 'min_samples_leaf': 0.05217328844601264, 'min_weight_fraction_leaf': 0.04795883648348662, 'max_features': 0.7921003423158454, 'bootstrap': False, 'max_samples': 0.7535805391347028}. Best is trial 394 with value: 0.8941171376114454.[0m
[32m[I 2022-04-13 18:11:22,828][0m Trial 423 finished with value: 0.8835272767502718 and parameters: {'n_estimators': 275, 'min_samples_split': 0.11151839381199638, 'min_samples_leaf': 0.07464587132007361, 'min_weight_fraction_leaf': 0.0008004225787836619, 'max_features': 0.884196987598677, 'bootstrap': True, 'max_samples': 0.7871117257405484, 'oob_score': True}. Best is trial 394 with value: 0.8941171376114454.[0m
[32m[I 2022-04-13 18:12:25,427][0m Trial 424 finished with value: 0.8928420318448097 and parameters: {'n_estimators': 292, 'min_samples_split': 0.12163581058722948, 'min_samples_leaf': 0.06510526691357992, 'min_weight_fraction_leaf': 0.02610130487375047, 'max_features': 0.8336913577423567, 'bootstrap': False, 'max_samples': 0.967093645971867}. Best is trial 394 with value: 0.8941171376114454.[0m
[32m[I 2022-04-13 18:13:18,755][0m Trial 425 finished with value: 0.890349666869182 and parameters: {'n_estimators': 263, 'min_samples_split': 0.091500861208638, 'min_samples_leaf': 0.03461586367065453, 'min_weight_fraction_leaf': 0.07598083506540898, 'max_features': 0.7237583618069728, 'bootstrap': False, 'max_samples': 0.03875513402513932}. Best is trial 394 with value: 0.8941171376114454.[0m
[32m[I 2022-04-13 18:14:02,333][0m Trial 426 finished with value: 0.8906912866144641 and parameters: {'n_estimators': 223, 'min_samples_split': 0.15512832958720243, 'min_samples_leaf': 0.05619882259232348, 'min_weight_fraction_leaf': 0.017061127654546617, 'max_features': 0.7674532641297827, 'bootstrap': False, 'max_samples': 0.9451635948412649}. Best is trial 394 with value: 0.8941171376114454.[0m
[32m[I 2022-04-13 18:15:13,487][0m Trial 427 finished with value: 0.8918168245483834 and parameters: {'n_estimators': 311, 'min_samples_split': 0.12960677976856572, 'min_samples_leaf': 0.04444709334029619, 'min_weight_fraction_leaf': 0.03298234702139677, 'max_features': 0.8054937376179433, 'bootstrap': False, 'max_samples': 0.9790165747921796}. Best is trial 394 with value: 0.8941171376114454.[0m
[32m[I 2022-04-13 18:15:45,989][0m Trial 428 finished with value: 0.8891426206831984 and parameters: {'n_estimators': 255, 'min_samples_split': 0.10335999373202473, 'min_samples_leaf': 0.08289159534570492, 'min_weight_fraction_leaf': 0.045876321586700214, 'max_features': 0.4900851657867087, 'bootstrap': False, 'max_samples': 0.8758488600322222}. Best is trial 394 with value: 0.8941171376114454.[0m
[32m[I 2022-04-13 18:17:00,826][0m Trial 429 finished with value: 0.8905532873099793 and parameters: {'n_estimators': 286, 'min_samples_split': 0.14142816601454422, 'min_samples_leaf': 0.021047577140608745, 'min_weight_fraction_leaf': 0.021372172593044792, 'max_features': 0.7814366056258466, 'bootstrap': False, 'max_samples': 0.825446864769137}. Best is trial 394 with value: 0.8941171376114454.[0m
[32m[I 2022-04-13 18:17:49,951][0m Trial 430 finished with value: 0.8936315213221953 and parameters: {'n_estimators': 239, 'min_samples_split': 0.11759036547080598, 'min_samples_leaf': 0.061455492105650676, 'min_weight_fraction_leaf': 0.03867846782796341, 'max_features': 0.8216217496138736, 'bootstrap': False, 'max_samples': 0.9004836699429372}. Best is trial 394 with value: 0.8941171376114454.[0m
[32m[I 2022-04-13 18:18:14,973][0m Trial 431 finished with value: 0.7223858687532501 and parameters: {'n_estimators': 234, 'min_samples_split': 0.11301743721504984, 'min_samples_leaf': 0.07108212801571624, 'min_weight_fraction_leaf': 0.44294997915704126, 'max_features': 0.8613982310697517, 'bootstrap': False, 'max_samples': 0.9111047257541699}. Best is trial 394 with value: 0.8941171376114454.[0m
