[32m[I 2022-04-14 01:18:51,821][0m Trial 917 finished with value: 0.8946472255133109 and parameters: {'n_estimators': 149, 'min_samples_split': 0.021245688825862988, 'min_samples_leaf': 0.01030056797473994, 'min_weight_fraction_leaf': 3.548446474728288e-05, 'max_features': 0.5203264545657452, 'bootstrap': False, 'max_samples': 0.21492239616621922}. Best is trial 858 with value: 0.8962879544043598.[0m
[32m[I 2022-04-14 01:19:27,894][0m Trial 918 finished with value: 0.8952777539350214 and parameters: {'n_estimators': 157, 'min_samples_split': 0.001386571790096043, 'min_samples_leaf': 0.023296572364593007, 'min_weight_fraction_leaf': 0.012535766756712089, 'max_features': 0.5497149376680649, 'bootstrap': False, 'max_samples': 0.19918466978850471}. Best is trial 858 with value: 0.8962879544043598.[0m
[32m[I 2022-04-14 01:20:12,906][0m Trial 919 finished with value: 0.8953788401243592 and parameters: {'n_estimators': 140, 'min_samples_split': 0.013902409763975134, 'min_samples_leaf': 0.009967456220048769, 'min_weight_fraction_leaf': 0.011217866953982301, 'max_features': 0.5174243752274131, 'bootstrap': False, 'max_samples': 0.15842537359540584}. Best is trial 858 with value: 0.8962879544043598.[0m
[32m[I 2022-04-14 01:20:46,289][0m Trial 920 finished with value: 0.8922515669891504 and parameters: {'n_estimators': 140, 'min_samples_split': 0.02206543749895201, 'min_samples_leaf': 0.021034068410476826, 'min_weight_fraction_leaf': 0.01030643705657242, 'max_features': 0.5711060218089514, 'bootstrap': False, 'max_samples': 0.1454181686230237}. Best is trial 858 with value: 0.8962879544043598.[0m
[32m[I 2022-04-14 01:21:24,678][0m Trial 921 finished with value: 0.8918047071032268 and parameters: {'n_estimators': 121, 'min_samples_split': 0.012010473196184528, 'min_samples_leaf': 0.009103993694966275, 'min_weight_fraction_leaf': 0.013667201660332286, 'max_features': 0.514896143383735, 'bootstrap': False, 'max_samples': 0.18769255798905865}. Best is trial 858 with value: 0.8962879544043598.[0m
[32m[I 2022-04-14 01:21:55,708][0m Trial 922 finished with value: 0.8951993664892077 and parameters: {'n_estimators': 136, 'min_samples_split': 0.02301358350121486, 'min_samples_leaf': 0.02343993284047932, 'min_weight_fraction_leaf': 0.014562095405219454, 'max_features': 0.5388790135699221, 'bootstrap': False, 'max_samples': 0.22968694712181595}. Best is trial 858 with value: 0.8962879544043598.[0m
[32m[I 2022-04-14 01:22:37,228][0m Trial 923 finished with value: 0.8955503914070582 and parameters: {'n_estimators': 144, 'min_samples_split': 0.0014287675623625552, 'min_samples_leaf': 0.010941709153261732, 'min_weight_fraction_leaf': 0.015726941875619065, 'max_features': 0.5150492647469322, 'bootstrap': False, 'max_samples': 0.16961050662292956}. Best is trial 858 with value: 0.8962879544043598.[0m
[32m[I 2022-04-14 01:23:06,723][0m Trial 924 finished with value: 0.8926061625061076 and parameters: {'n_estimators': 145, 'min_samples_split': 0.014134258952595636, 'min_samples_leaf': 0.022984621640897963, 'min_weight_fraction_leaf': 0.016981187432441126, 'max_features': 0.5113779786768816, 'bootstrap': False, 'max_samples': 0.15723381264536318}. Best is trial 858 with value: 0.8962879544043598.[0m
[32m[I 2022-04-14 01:23:49,440][0m Trial 925 finished with value: 0.8930340860910139 and parameters: {'n_estimators': 151, 'min_samples_split': 0.03377158803228893, 'min_samples_leaf': 0.011781631385099571, 'min_weight_fraction_leaf': 0.016512978830069563, 'max_features': 0.5576547443857146, 'bootstrap': False, 'max_samples': 0.17188483878378738}. Best is trial 858 with value: 0.8962879544043598.[0m
[32m[I 2022-04-14 01:24:25,281][0m Trial 926 finished with value: 0.8951438676573099 and parameters: {'n_estimators': 175, 'min_samples_split': 0.009366295908916696, 'min_samples_leaf': 0.023548957783841862, 'min_weight_fraction_leaf': 0.009745463664517569, 'max_features': 0.5182726968045602, 'bootstrap': False, 'max_samples': 0.14020228072190902}. Best is trial 858 with value: 0.8962879544043598.[0m
[32m[I 2022-04-14 01:25:05,585][0m Trial 927 finished with value: 0.8930795213047237 and parameters: {'n_estimators': 141, 'min_samples_split': 0.0013156482343439886, 'min_samples_leaf': 0.009816553139027922, 'min_weight_fraction_leaf': 0.01672949520725958, 'max_features': 0.5385810486447017, 'bootstrap': False, 'max_samples': 0.2568866876424226}. Best is trial 858 with value: 0.8962879544043598.[0m
[32m[I 2022-04-14 01:25:42,907][0m Trial 928 finished with value: 0.892299285903839 and parameters: {'n_estimators': 157, 'min_samples_split': 0.018512821325464966, 'min_samples_leaf': 0.018054643254662692, 'min_weight_fraction_leaf': 0.009913713847985128, 'max_features': 0.4924910348180912, 'bootstrap': False, 'max_samples': 0.18596344059889683}. Best is trial 858 with value: 0.8962879544043598.[0m
[32m[I 2022-04-14 01:26:12,461][0m Trial 929 finished with value: 0.8924202260384988 and parameters: {'n_estimators': 128, 'min_samples_split': 0.026748864310410625, 'min_samples_leaf': 0.024508977670506665, 'min_weight_fraction_leaf': 6.002048142261644e-05, 'max_features': 0.5840079049435314, 'bootstrap': False, 'max_samples': 0.15993477472414988}. Best is trial 858 with value: 0.8962879544043598.[0m
[32m[I 2022-04-14 01:26:57,593][0m Trial 930 finished with value: 0.8918828118124896 and parameters: {'n_estimators': 149, 'min_samples_split': 0.011914604572030613, 'min_samples_leaf': 0.010624317474381606, 'min_weight_fraction_leaf': 0.017351033250360352, 'max_features': 0.5624432034658187, 'bootstrap': False, 'max_samples': 0.12954657342479556}. Best is trial 858 with value: 0.8962879544043598.[0m
[32m[I 2022-04-14 01:27:43,776][0m Trial 931 finished with value: 0.8954447517445203 and parameters: {'n_estimators': 163, 'min_samples_split': 0.0012415904070823282, 'min_samples_leaf': 0.008431877961387066, 'min_weight_fraction_leaf': 0.01745009723185605, 'max_features': 0.5148340726778923, 'bootstrap': False, 'max_samples': 0.2420598161822717}. Best is trial 858 with value: 0.8962879544043598.[0m
[32m[I 2022-04-14 01:28:25,931][0m Trial 932 finished with value: 0.8923689653396597 and parameters: {'n_estimators': 173, 'min_samples_split': 0.0015522408910069948, 'min_samples_leaf': 0.019315744812553725, 'min_weight_fraction_leaf': 0.008810313467662706, 'max_features': 0.5486495667116078, 'bootstrap': False, 'max_samples': 0.2374171987101327}. Best is trial 858 with value: 0.8962879544043598.[0m
[32m[I 2022-04-14 01:29:47,681][0m Trial 933 finished with value: 0.8938252231306147 and parameters: {'n_estimators': 158, 'min_samples_split': 0.023096203080495543, 'min_samples_leaf': 0.0014151729916920645, 'min_weight_fraction_leaf': 3.504191178409352e-05, 'max_features': 0.49894736818522045, 'bootstrap': False, 'max_samples': 0.21528418423027532}. Best is trial 858 with value: 0.8962879544043598.[0m
[32m[I 2022-04-14 01:30:24,472][0m Trial 934 finished with value: 0.8941893099147611 and parameters: {'n_estimators': 165, 'min_samples_split': 0.012267233404658831, 'min_samples_leaf': 0.025641729344622773, 'min_weight_fraction_leaf': 0.019346796203336993, 'max_features': 0.5969481295431933, 'bootstrap': False, 'max_samples': 0.1924670941165878}. Best is trial 858 with value: 0.8962879544043598.[0m
[32m[I 2022-04-14 01:31:07,432][0m Trial 935 finished with value: 0.8924060008601122 and parameters: {'n_estimators': 153, 'min_samples_split': 0.03364563116181226, 'min_samples_leaf': 0.00967477185702291, 'min_weight_fraction_leaf': 0.017493998429784014, 'max_features': 0.4889883229408222, 'bootstrap': False, 'max_samples': 0.2239208964743743}. Best is trial 858 with value: 0.8962879544043598.[0m
[32m[I 2022-04-14 01:31:47,125][0m Trial 936 finished with value: 0.8955286479792564 and parameters: {'n_estimators': 157, 'min_samples_split': 0.009730943977909617, 'min_samples_leaf': 0.017612311708804798, 'min_weight_fraction_leaf': 0.009652360021890122, 'max_features': 0.5191396923146546, 'bootstrap': False, 'max_samples': 0.2815377814190835}. Best is trial 858 with value: 0.8962879544043598.[0m
[32m[I 2022-04-14 01:32:42,121][0m Trial 937 finished with value: 0.8950211882250857 and parameters: {'n_estimators': 163, 'min_samples_split': 0.023841911308321508, 'min_samples_leaf': 0.009356361774059699, 'min_weight_fraction_leaf': 0.008394216629513968, 'max_features': 0.509681170169487, 'bootstrap': False, 'max_samples': 0.25981236250573775}. Best is trial 858 with value: 0.8962879544043598.[0m
[32m[I 2022-04-14 01:33:24,014][0m Trial 938 finished with value: 0.8922160476569552 and parameters: {'n_estimators': 177, 'min_samples_split': 0.046558762385080735, 'min_samples_leaf': 0.01734468862994809, 'min_weight_fraction_leaf': 0.00033859702884406206, 'max_features': 0.5277096746956362, 'bootstrap': False, 'max_samples': 0.28648885966372206}. Best is trial 858 with value: 0.8962879544043598.[0m
[32m[I 2022-04-14 01:34:30,477][0m Trial 939 finished with value: 0.8944032248884277 and parameters: {'n_estimators': 147, 'min_samples_split': 0.01271348544527913, 'min_samples_leaf': 0.0012141615786531012, 'min_weight_fraction_leaf': 0.007997335150170249, 'max_features': 0.486697127680416, 'bootstrap': False, 'max_samples': 0.19768688922193522}. Best is trial 858 with value: 0.8962879544043598.[0m
[32m[I 2022-04-14 01:35:07,032][0m Trial 940 finished with value: 0.895104845835237 and parameters: {'n_estimators': 165, 'min_samples_split': 0.011119093470554873, 'min_samples_leaf': 0.02368332732988266, 'min_weight_fraction_leaf': 0.018008637000262232, 'max_features': 0.5134118161762018, 'bootstrap': False, 'max_samples': 0.24532019112323422}. Best is trial 858 with value: 0.8962879544043598.[0m
[32m[I 2022-04-14 01:35:47,664][0m Trial 941 finished with value: 0.8921983753714825 and parameters: {'n_estimators': 153, 'min_samples_split': 0.0012711471963057289, 'min_samples_leaf': 0.010271382358834047, 'min_weight_fraction_leaf': 0.018536114339167645, 'max_features': 0.5364802386803622, 'bootstrap': False, 'max_samples': 0.17797964822855528}. Best is trial 858 with value: 0.8962879544043598.[0m
[32m[I 2022-04-14 01:36:22,049][0m Trial 942 finished with value: 0.8913223182876109 and parameters: {'n_estimators': 159, 'min_samples_split': 0.021691434895323596, 'min_samples_leaf': 0.02662161715037184, 'min_weight_fraction_leaf': 0.01058042273154035, 'max_features': 0.5663348465734219, 'bootstrap': False, 'max_samples': 0.13197145596067583}. Best is trial 858 with value: 0.8962879544043598.[0m
[32m[I 2022-04-14 01:37:04,569][0m Trial 943 finished with value: 0.895241250349169 and parameters: {'n_estimators': 173, 'min_samples_split': 0.03303042530449569, 'min_samples_leaf': 0.01666710088524976, 'min_weight_fraction_leaf': 0.009563382710133524, 'max_features': 0.5175128433658087, 'bootstrap': False, 'max_samples': 0.2796382068473622}. Best is trial 858 with value: 0.8962879544043598.[0m
[32m[I 2022-04-14 01:38:04,730][0m Trial 944 finished with value: 0.8956753851351328 and parameters: {'n_estimators': 149, 'min_samples_split': 0.012056152671788981, 'min_samples_leaf': 0.009452097112082756, 'min_weight_fraction_leaf': 0.0008450048070134282, 'max_features': 0.4924225086285202, 'bootstrap': False, 'max_samples': 0.20709323618757053}. Best is trial 858 with value: 0.8962879544043598.[0m
[32m[I 2022-04-14 01:39:27,745][0m Trial 945 finished with value: 0.8960912264959646 and parameters: {'n_estimators': 146, 'min_samples_split': 0.01873833731535887, 'min_samples_leaf': 0.001017164186192538, 'min_weight_fraction_leaf': 0.007669826658882654, 'max_features': 0.4951667911229284, 'bootstrap': False, 'max_samples': 0.20464634466966009}. Best is trial 858 with value: 0.8962879544043598.[0m
[32m[I 2022-04-14 01:40:36,431][0m Trial 946 finished with value: 0.8931849098869872 and parameters: {'n_estimators': 143, 'min_samples_split': 0.022815821926366244, 'min_samples_leaf': 0.0010696387386100025, 'min_weight_fraction_leaf': 0.009267073790798837, 'max_features': 0.4848898861075477, 'bootstrap': False, 'max_samples': 0.19708349319798554}. Best is trial 858 with value: 0.8962879544043598.[0m
[32m[I 2022-04-14 01:41:03,621][0m Trial 947 finished with value: 0.8921907195337152 and parameters: {'n_estimators': 138, 'min_samples_split': 0.028384513934997004, 'min_samples_leaf': 0.026303469175695083, 'min_weight_fraction_leaf': 0.0005884248601540441, 'max_features': 0.4904956497501642, 'bootstrap': False, 'max_samples': 0.20830460528126002}. Best is trial 858 with value: 0.8962879544043598.[0m
[32m[I 2022-04-14 01:41:44,138][0m Trial 948 finished with value: 0.8920107250776805 and parameters: {'n_estimators': 148, 'min_samples_split': 0.01790512179809166, 'min_samples_leaf': 0.01854150937906222, 'min_weight_fraction_leaf': 0.00019131071203032867, 'max_features': 0.5406055325429019, 'bootstrap': False, 'max_samples': 0.17923170733958477}. Best is trial 858 with value: 0.8962879544043598.[0m
[32m[I 2022-04-14 01:42:26,646][0m Trial 949 finished with value: 0.8920373521961384 and parameters: {'n_estimators': 145, 'min_samples_split': 0.010115372771067182, 'min_samples_leaf': 0.009605692351174073, 'min_weight_fraction_leaf': 0.01916259145625513, 'max_features': 0.49495426004183396, 'bootstrap': False, 'max_samples': 0.2054246596639039}. Best is trial 858 with value: 0.8962879544043598.[0m
[32m[I 2022-04-14 01:42:59,769][0m Trial 950 finished with value: 0.8910976182627206 and parameters: {'n_estimators': 152, 'min_samples_split': 0.03760779723056994, 'min_samples_leaf': 0.026386737268369327, 'min_weight_fraction_leaf': 0.011166425293191777, 'max_features': 0.565006507765523, 'bootstrap': False, 'max_samples': 0.14970683930285839}. Best is trial 858 with value: 0.8962879544043598.[0m
[32m[I 2022-04-14 01:43:34,961][0m Trial 951 finished with value: 0.8952845554961621 and parameters: {'n_estimators': 135, 'min_samples_split': 0.01933254497929751, 'min_samples_leaf': 0.016928919065380826, 'min_weight_fraction_leaf': 0.00838214346001802, 'max_features': 0.5350071568528081, 'bootstrap': False, 'max_samples': 0.2185461503999002}. Best is trial 858 with value: 0.8962879544043598.[0m
[32m[I 2022-04-14 01:44:08,822][0m Trial 952 finished with value: 0.8924026163595936 and parameters: {'n_estimators': 124, 'min_samples_split': 0.01086998133581994, 'min_samples_leaf': 0.008951624876765653, 'min_weight_fraction_leaf': 0.01839384912696681, 'max_features': 0.5024216374022025, 'bootstrap': False, 'max_samples': 0.18034576622967857}. Best is trial 858 with value: 0.8962879544043598.[0m
[32m[I 2022-04-14 01:44:42,782][0m Trial 953 finished with value: 0.8916899656170637 and parameters: {'n_estimators': 144, 'min_samples_split': 0.0010027774073319666, 'min_samples_leaf': 0.026198686073101135, 'min_weight_fraction_leaf': 0.0006775301708951149, 'max_features': 0.5853712664478385, 'bootstrap': False, 'max_samples': 0.1276946635323597}. Best is trial 858 with value: 0.8962879544043598.[0m
[32m[I 2022-04-14 01:46:12,074][0m Trial 954 finished with value: 0.8932944036185815 and parameters: {'n_estimators': 155, 'min_samples_split': 0.02822632705180219, 'min_samples_leaf': 0.0018121887694198136, 'min_weight_fraction_leaf': 0.00024044572152735356, 'max_features': 0.5529154067955429, 'bootstrap': False, 'max_samples': 0.19176495686232434}. Best is trial 858 with value: 0.8962879544043598.[0m
[32m[I 2022-04-14 01:47:02,259][0m Trial 955 finished with value: 0.8927578865885915 and parameters: {'n_estimators': 139, 'min_samples_split': 0.046517026191424865, 'min_samples_leaf': 0.0011442268860272567, 'min_weight_fraction_leaf': 0.01868865511028568, 'max_features': 0.5281262513504456, 'bootstrap': False, 'max_samples': 0.1492129923208747}. Best is trial 858 with value: 0.8962879544043598.[0m
[32m[I 2022-04-14 01:47:45,850][0m Trial 956 finished with value: 0.8928270930014115 and parameters: {'n_estimators': 172, 'min_samples_split': 0.011468624441521464, 'min_samples_leaf': 0.01868518092285201, 'min_weight_fraction_leaf': 4.5690869083516664e-06, 'max_features': 0.49172425332122016, 'bootstrap': False, 'max_samples': 0.2182507291286652}. Best is trial 858 with value: 0.8962879544043598.[0m
[32m[I 2022-04-14 01:48:21,705][0m Trial 957 finished with value: 0.8919761963733505 and parameters: {'n_estimators': 149, 'min_samples_split': 0.02084247762161388, 'min_samples_leaf': 0.01844056906036666, 'min_weight_fraction_leaf': 0.018931029182202342, 'max_features': 0.5081745542865074, 'bootstrap': False, 'max_samples': 0.16895855052932016}. Best is trial 858 with value: 0.8962879544043598.[0m
[32m[I 2022-04-14 01:48:57,965][0m Trial 958 finished with value: 0.8922953664866201 and parameters: {'n_estimators': 163, 'min_samples_split': 0.03288523434569591, 'min_samples_leaf': 0.026943320020620685, 'min_weight_fraction_leaf': 0.009784149152688968, 'max_features': 0.5411961167328622, 'bootstrap': False, 'max_samples': 0.24783993819909292}. Best is trial 858 with value: 0.8962879544043598.[0m
[32m[I 2022-04-14 01:49:37,445][0m Trial 959 finished with value: 0.8937822587181762 and parameters: {'n_estimators': 133, 'min_samples_split': 0.010521496736913683, 'min_samples_leaf': 0.010739754151839169, 'min_weight_fraction_leaf': 0.010412838955062667, 'max_features': 0.4814638023651418, 'bootstrap': False, 'max_samples': 0.1989298929511649}. Best is trial 858 with value: 0.8962879544043598.[0m
[32m[I 2022-04-14 01:50:28,388][0m Trial 960 finished with value: 0.8923896445281319 and parameters: {'n_estimators': 179, 'min_samples_split': 0.020079886402695295, 'min_samples_leaf': 0.014916885705613954, 'min_weight_fraction_leaf': 0.019237092496430377, 'max_features': 0.5609806314155227, 'bootstrap': False, 'max_samples': 0.1746281677861835}. Best is trial 858 with value: 0.8962879544043598.[0m
[32m[I 2022-04-14 01:51:00,417][0m Trial 961 finished with value: 0.8924236967101249 and parameters: {'n_estimators': 142, 'min_samples_split': 0.008793002154233183, 'min_samples_leaf': 0.02560611076231601, 'min_weight_fraction_leaf': 0.00935158553849819, 'max_features': 0.5263848194550214, 'bootstrap': False, 'max_samples': 0.1290282209081086}. Best is trial 858 with value: 0.8962879544043598.[0m
[32m[I 2022-04-14 01:51:57,191][0m Trial 962 finished with value: 0.8946147122908495 and parameters: {'n_estimators': 156, 'min_samples_split': 0.02734912392448676, 'min_samples_leaf': 0.00796881388744613, 'min_weight_fraction_leaf': 0.008767928471935025, 'max_features': 0.508290932014703, 'bootstrap': False, 'max_samples': 0.2278882195799298}. Best is trial 858 with value: 0.8962879544043598.[0m
[32m[I 2022-04-14 01:52:46,157][0m Trial 963 finished with value: 0.8918078989986353 and parameters: {'n_estimators': 170, 'min_samples_split': 0.001556187471350561, 'min_samples_leaf': 0.014870574287936953, 'min_weight_fraction_leaf': 0.019830953766769875, 'max_features': 0.5791229209114337, 'bootstrap': False, 'max_samples': 0.15111357054720811}. Best is trial 858 with value: 0.8962879544043598.[0m
[32m[I 2022-04-14 01:53:52,379][0m Trial 964 finished with value: 0.8935064124446841 and parameters: {'n_estimators': 150, 'min_samples_split': 0.01882741452837145, 'min_samples_leaf': 0.00141393555229433, 'min_weight_fraction_leaf': 0.008712414507926718, 'max_features': 0.48507304122776806, 'bootstrap': False, 'max_samples': 0.20651425343342397}. Best is trial 858 with value: 0.8962879544043598.[0m
[32m[I 2022-04-14 01:54:27,279][0m Trial 965 finished with value: 0.8950681695749644 and parameters: {'n_estimators': 159, 'min_samples_split': 0.0010158583254681539, 'min_samples_leaf': 0.025774329335712918, 'min_weight_fraction_leaf': 0.017456652916879194, 'max_features': 0.5508995630486372, 'bootstrap': False, 'max_samples': 0.1862971799396831}. Best is trial 858 with value: 0.8962879544043598.[0m
[32m[I 2022-04-14 01:55:04,518][0m Trial 966 finished with value: 0.89194794930553 and parameters: {'n_estimators': 127, 'min_samples_split': 0.03742046604701789, 'min_samples_leaf': 0.01648937816864629, 'min_weight_fraction_leaf': 0.008951272151610878, 'max_features': 0.6025464383760841, 'bootstrap': False, 'max_samples': 0.17044229516175277}. Best is trial 858 with value: 0.8962879544043598.[0m
[32m[I 2022-04-14 01:55:30,151][0m Trial 967 finished with value: 0.8918355485678463 and parameters: {'n_estimators': 135, 'min_samples_split': 0.010468260382091645, 'min_samples_leaf': 0.027692578293986022, 'min_weight_fraction_leaf': 0.018659677761288358, 'max_features': 0.5288808221562389, 'bootstrap': False, 'max_samples': 0.237269155773857}. Best is trial 858 with value: 0.8962879544043598.[0m
[32m[I 2022-04-14 01:56:15,239][0m Trial 968 finished with value: 0.8942025931242285 and parameters: {'n_estimators': 145, 'min_samples_split': 0.017778104290063147, 'min_samples_leaf': 0.009978916735534372, 'min_weight_fraction_leaf': 0.008166504227901845, 'max_features': 0.42925089345964834, 'bootstrap': False, 'max_samples': 0.1240085181998255}. Best is trial 858 with value: 0.8962879544043598.[0m
[32m[I 2022-04-14 01:57:30,085][0m Trial 969 finished with value: 0.8949144150772073 and parameters: {'n_estimators': 152, 'min_samples_split': 0.009773592416122797, 'min_samples_leaf': 0.0011803496850602939, 'min_weight_fraction_leaf': 0.0077261202696844965, 'max_features': 0.5061085291515051, 'bootstrap': False, 'max_samples': 0.21391203655890825}. Best is trial 858 with value: 0.8962879544043598.[0m
[32m[I 2022-04-14 01:58:07,850][0m Trial 970 finished with value: 0.8925028802194012 and parameters: {'n_estimators': 165, 'min_samples_split': 0.027928095985027622, 'min_samples_leaf': 0.018791183783553732, 'min_weight_fraction_leaf': 0.019143704542966797, 'max_features': 0.5396367607801835, 'bootstrap': False, 'max_samples': 0.14413892835276804}. Best is trial 858 with value: 0.8962879544043598.[0m
