[32m[I 2022-04-13 12:43:06,210][0m Trial 108 finished with value: 0.8915274787424778 and parameters: {'n_estimators': 221, 'min_samples_split': 0.08041034402740649, 'min_samples_leaf': 0.08227418661405696, 'min_weight_fraction_leaf': 0.04997949556807494, 'max_features': 0.7998312982154604, 'bootstrap': False, 'max_samples': 0.9070688163137884}. Best is trial 64 with value: 0.8921473024216529.[0m
[32m[I 2022-04-13 12:44:06,095][0m Trial 109 finished with value: 0.8906340745170347 and parameters: {'n_estimators': 248, 'min_samples_split': 0.12767093107661756, 'min_samples_leaf': 0.08043144913836171, 'min_weight_fraction_leaf': 0.029734700165645396, 'max_features': 0.7983753056263589, 'bootstrap': False, 'max_samples': 0.9236897507522878}. Best is trial 64 with value: 0.8921473024216529.[0m
[32m[I 2022-04-13 12:44:50,644][0m Trial 110 finished with value: 0.8866664051175691 and parameters: {'n_estimators': 224, 'min_samples_split': 0.0997109418564649, 'min_samples_leaf': 0.10668366466130891, 'min_weight_fraction_leaf': 0.05142400073364774, 'max_features': 0.7365469276779095, 'bootstrap': False, 'max_samples': 0.9106495893240649}. Best is trial 64 with value: 0.8921473024216529.[0m
[32m[I 2022-04-13 12:45:46,520][0m Trial 111 finished with value: 0.8868934888714819 and parameters: {'n_estimators': 240, 'min_samples_split': 0.15926164462397216, 'min_samples_leaf': 0.09189114888072641, 'min_weight_fraction_leaf': 0.039953012073956254, 'max_features': 0.8400353446917138, 'bootstrap': False, 'max_samples': 0.8617727181841885}. Best is trial 64 with value: 0.8921473024216529.[0m
[32m[I 2022-04-13 12:46:44,365][0m Trial 112 finished with value: 0.8900863908975281 and parameters: {'n_estimators': 210, 'min_samples_split': 0.07887425108448957, 'min_samples_leaf': 0.05288315080627547, 'min_weight_fraction_leaf': 0.08535362233378418, 'max_features': 0.8059835717143429, 'bootstrap': False, 'max_samples': 0.8059580717343385}. Best is trial 64 with value: 0.8921473024216529.[0m
[32m[I 2022-04-13 12:47:34,333][0m Trial 113 finished with value: 0.8913897074763742 and parameters: {'n_estimators': 180, 'min_samples_split': 0.06717146083121327, 'min_samples_leaf': 0.06582688572334582, 'min_weight_fraction_leaf': 0.02781217885260729, 'max_features': 0.7579623643048837, 'bootstrap': False, 'max_samples': 0.7881537073984828}. Best is trial 64 with value: 0.8921473024216529.[0m
[32m[I 2022-04-13 12:48:55,244][0m Trial 114 finished with value: 0.8923545647883735 and parameters: {'n_estimators': 323, 'min_samples_split': 0.06632584977387532, 'min_samples_leaf': 0.06656954075698879, 'min_weight_fraction_leaf': 0.02112773835300511, 'max_features': 0.7593207562604984, 'bootstrap': False, 'max_samples': 0.8449333363884516}. Best is trial 114 with value: 0.8923545647883735.[0m
[32m[I 2022-04-13 12:49:59,154][0m Trial 115 finished with value: 0.890933797856235 and parameters: {'n_estimators': 275, 'min_samples_split': 0.08861466315272894, 'min_samples_leaf': 0.0556015504519881, 'min_weight_fraction_leaf': 0.0005979511680259779, 'max_features': 0.6794388173134727, 'bootstrap': False, 'max_samples': 0.9522400943456165}. Best is trial 114 with value: 0.8923545647883735.[0m
[32m[I 2022-04-13 12:51:09,867][0m Trial 116 finished with value: 0.8906414461983554 and parameters: {'n_estimators': 322, 'min_samples_split': 0.11243482273044808, 'min_samples_leaf': 0.08140414713075048, 'min_weight_fraction_leaf': 0.04046037781663939, 'max_features': 0.7741116940155505, 'bootstrap': False, 'max_samples': 0.8453404257956253}. Best is trial 114 with value: 0.8923545647883735.[0m
[32m[I 2022-04-13 12:52:03,322][0m Trial 117 finished with value: 0.8845593210717858 and parameters: {'n_estimators': 311, 'min_samples_split': 0.12712919152109853, 'min_samples_leaf': 0.11830171146584786, 'min_weight_fraction_leaf': 0.017989790706826922, 'max_features': 0.7224670970573384, 'bootstrap': False, 'max_samples': 0.895579960064992}. Best is trial 114 with value: 0.8923545647883735.[0m
[32m[I 2022-04-13 12:53:19,838][0m Trial 118 finished with value: 0.8917731198895446 and parameters: {'n_estimators': 294, 'min_samples_split': 0.09960014082445556, 'min_samples_leaf': 0.07081579316016244, 'min_weight_fraction_leaf': 0.04847234474903911, 'max_features': 0.8185810372680115, 'bootstrap': False, 'max_samples': 0.8721848242572413}. Best is trial 114 with value: 0.8923545647883735.[0m
[32m[I 2022-04-13 12:53:41,200][0m Trial 119 finished with value: 0.8747153854068459 and parameters: {'n_estimators': 416, 'min_samples_split': 0.34799051382514246, 'min_samples_leaf': 0.09692783165287511, 'min_weight_fraction_leaf': 0.04953626492074479, 'max_features': 0.8181377793574979, 'bootstrap': True, 'max_samples': 0.8135178282577216, 'oob_score': False}. Best is trial 114 with value: 0.8923545647883735.[0m
[32m[I 2022-04-13 12:54:53,035][0m Trial 120 finished with value: 0.8899458423856531 and parameters: {'n_estimators': 328, 'min_samples_split': 0.0673876434382224, 'min_samples_leaf': 0.08735776617229665, 'min_weight_fraction_leaf': 0.009704578701858636, 'max_features': 0.7934697317978001, 'bootstrap': False, 'max_samples': 0.757725990425625}. Best is trial 114 with value: 0.8923545647883735.[0m
[32m[I 2022-04-13 12:56:11,451][0m Trial 121 finished with value: 0.8921370127138111 and parameters: {'n_estimators': 301, 'min_samples_split': 0.0987194329673286, 'min_samples_leaf': 0.06913792350816284, 'min_weight_fraction_leaf': 0.0338499654821148, 'max_features': 0.8477040540607226, 'bootstrap': False, 'max_samples': 0.8661322344199104}. Best is trial 114 with value: 0.8923545647883735.[0m
[32m[I 2022-04-13 12:57:43,267][0m Trial 122 finished with value: 0.8909499709341823 and parameters: {'n_estimators': 294, 'min_samples_split': 0.09517907523870081, 'min_samples_leaf': 0.045059895172061756, 'min_weight_fraction_leaf': 0.034041336001506356, 'max_features': 0.8352245368999747, 'bootstrap': False, 'max_samples': 0.8414357396354835}. Best is trial 114 with value: 0.8923545647883735.[0m
[32m[I 2022-04-13 12:58:53,857][0m Trial 123 finished with value: 0.8915211861742016 and parameters: {'n_estimators': 303, 'min_samples_split': 0.08427503247586311, 'min_samples_leaf': 0.07399476602163427, 'min_weight_fraction_leaf': 0.02394040935653869, 'max_features': 0.7508724435798979, 'bootstrap': False, 'max_samples': 0.9203055123017034}. Best is trial 114 with value: 0.8923545647883735.[0m
[32m[I 2022-04-13 13:00:21,965][0m Trial 124 finished with value: 0.8902907707192653 and parameters: {'n_estimators': 352, 'min_samples_split': 0.08239114084267672, 'min_samples_leaf': 0.08074595503253562, 'min_weight_fraction_leaf': 0.027880715495315317, 'max_features': 0.8557598165078156, 'bootstrap': False, 'max_samples': 0.9700865268735448}. Best is trial 114 with value: 0.8923545647883735.[0m
[32m[I 2022-04-13 13:01:37,636][0m Trial 125 finished with value: 0.8914295854486276 and parameters: {'n_estimators': 301, 'min_samples_split': 0.07349362503646201, 'min_samples_leaf': 0.07173066066812259, 'min_weight_fraction_leaf': 0.05362837569053597, 'max_features': 0.764987359789589, 'bootstrap': False, 'max_samples': 0.9153795138576584}. Best is trial 114 with value: 0.8923545647883735.[0m
[32m[I 2022-04-13 13:02:39,727][0m Trial 126 finished with value: 0.78725044249808 and parameters: {'n_estimators': 337, 'min_samples_split': 0.09419202652672291, 'min_samples_leaf': 0.13128237078418967, 'min_weight_fraction_leaf': 0.04361313856822052, 'max_features': 0.818293238134165, 'bootstrap': False, 'max_samples': 0.8972812311833489}. Best is trial 114 with value: 0.8923545647883735.[0m
[32m[I 2022-04-13 13:03:57,037][0m Trial 127 finished with value: 0.892814889448512 and parameters: {'n_estimators': 287, 'min_samples_split': 0.10351452619638248, 'min_samples_leaf': 0.05925713378239557, 'min_weight_fraction_leaf': 0.038275272403576185, 'max_features': 0.7459352528938031, 'bootstrap': False, 'max_samples': 0.9359291999527308}. Best is trial 127 with value: 0.892814889448512.[0m
[32m[I 2022-04-13 13:05:20,811][0m Trial 128 finished with value: 0.8926304354939696 and parameters: {'n_estimators': 276, 'min_samples_split': 0.13197846085120607, 'min_samples_leaf': 0.05790891080251201, 'min_weight_fraction_leaf': 0.056374917509614826, 'max_features': 0.8583839133440321, 'bootstrap': False, 'max_samples': 0.871869367112825}. Best is trial 127 with value: 0.892814889448512.[0m
[32m[I 2022-04-13 13:05:35,115][0m Trial 129 finished with value: 0.7712951324677859 and parameters: {'n_estimators': 376, 'min_samples_split': 0.09946670828735019, 'min_samples_leaf': 0.054689405670680945, 'min_weight_fraction_leaf': 0.3504535241891378, 'max_features': 0.16730471353537135, 'bootstrap': False, 'max_samples': 0.9962037789873049}. Best is trial 127 with value: 0.892814889448512.[0m
[32m[I 2022-04-13 13:07:02,910][0m Trial 130 finished with value: 0.8916105691513089 and parameters: {'n_estimators': 280, 'min_samples_split': 0.1196997595118658, 'min_samples_leaf': 0.043424416737682256, 'min_weight_fraction_leaf': 0.06311338111329322, 'max_features': 0.8501214746473421, 'bootstrap': False, 'max_samples': 0.8749818105983227}. Best is trial 127 with value: 0.892814889448512.[0m
[32m[I 2022-04-13 13:07:13,845][0m Trial 131 finished with value: 0.7670245337621322 and parameters: {'n_estimators': 277, 'min_samples_split': 0.1282009625354443, 'min_samples_leaf': 0.06010970269531464, 'min_weight_fraction_leaf': 0.037263639959052665, 'max_features': 0.06086489341647627, 'bootstrap': False, 'max_samples': 0.8747449916681294}. Best is trial 127 with value: 0.892814889448512.[0m
[32m[I 2022-04-13 13:08:47,511][0m Trial 132 finished with value: 0.8917207365917343 and parameters: {'n_estimators': 290, 'min_samples_split': 0.11493204083738863, 'min_samples_leaf': 0.04029790051125657, 'min_weight_fraction_leaf': 0.06125407831282124, 'max_features': 0.8509505537601132, 'bootstrap': False, 'max_samples': 0.8269111132824244}. Best is trial 127 with value: 0.892814889448512.[0m
[32m[I 2022-04-13 13:10:14,864][0m Trial 133 finished with value: 0.8904531137060696 and parameters: {'n_estimators': 281, 'min_samples_split': 0.1174441424453539, 'min_samples_leaf': 0.044129947361615136, 'min_weight_fraction_leaf': 0.08112691695626735, 'max_features': 0.8582057941695144, 'bootstrap': False, 'max_samples': 0.9441450179719779}. Best is trial 127 with value: 0.892814889448512.[0m
[32m[I 2022-04-13 13:11:23,349][0m Trial 134 finished with value: 0.8931759774131249 and parameters: {'n_estimators': 254, 'min_samples_split': 0.1460780108682187, 'min_samples_leaf': 0.06228242229366139, 'min_weight_fraction_leaf': 0.0675887625037412, 'max_features': 0.8425436808366976, 'bootstrap': False, 'max_samples': 0.8247128246290258}. Best is trial 134 with value: 0.8931759774131249.[0m
[32m[I 2022-04-13 13:12:27,077][0m Trial 135 finished with value: 0.8872762109653551 and parameters: {'n_estimators': 291, 'min_samples_split': 0.1693811636513438, 'min_samples_leaf': 0.09450062830468565, 'min_weight_fraction_leaf': 0.09449988973279101, 'max_features': 0.7800445238460064, 'bootstrap': False, 'max_samples': 0.8339417323793125}. Best is trial 134 with value: 0.8931759774131249.[0m
[32m[I 2022-04-13 13:13:42,858][0m Trial 136 finished with value: 0.8935207912417982 and parameters: {'n_estimators': 253, 'min_samples_split': 0.1441063783165437, 'min_samples_leaf': 0.0582377932853578, 'min_weight_fraction_leaf': 0.056288720460555976, 'max_features': 0.8231713086326969, 'bootstrap': False, 'max_samples': 0.812971535476327}. Best is trial 136 with value: 0.8935207912417982.[0m
[32m[I 2022-04-13 13:14:38,713][0m Trial 137 finished with value: 0.8861482939197061 and parameters: {'n_estimators': 246, 'min_samples_split': 0.14781737805816483, 'min_samples_leaf': 0.10665448071944053, 'min_weight_fraction_leaf': 0.0726278378826489, 'max_features': 0.8275966468712539, 'bootstrap': False, 'max_samples': 0.8546539994812908}. Best is trial 136 with value: 0.8935207912417982.[0m
[32m[I 2022-04-13 13:15:52,935][0m Trial 138 finished with value: 0.8897863063111803 and parameters: {'n_estimators': 261, 'min_samples_split': 0.16378143371762072, 'min_samples_leaf': 0.06974124332311607, 'min_weight_fraction_leaf': 0.06539084298099275, 'max_features': 0.8779595669166487, 'bootstrap': False, 'max_samples': 0.821607883010763}. Best is trial 136 with value: 0.8935207912417982.[0m
[32m[I 2022-04-13 13:17:00,621][0m Trial 139 finished with value: 0.8901036433148937 and parameters: {'n_estimators': 232, 'min_samples_split': 0.13112512400111573, 'min_samples_leaf': 0.06292170446732184, 'min_weight_fraction_leaf': 0.08468976900989675, 'max_features': 0.8362709836690408, 'bootstrap': False, 'max_samples': 0.846752207498005}. Best is trial 136 with value: 0.8935207912417982.[0m
[32m[I 2022-04-13 13:18:41,121][0m Trial 140 finished with value: 0.8866034726764287 and parameters: {'n_estimators': 310, 'min_samples_split': 0.14181126606187439, 'min_samples_leaf': 0.028805317659149135, 'min_weight_fraction_leaf': 0.10129127295624166, 'max_features': 0.8154483643210783, 'bootstrap': False, 'max_samples': 0.8151974022109523}. Best is trial 136 with value: 0.8935207912417982.[0m
[32m[I 2022-04-13 13:20:16,613][0m Trial 141 finished with value: 0.8909191252029537 and parameters: {'n_estimators': 322, 'min_samples_split': 0.15336575274191117, 'min_samples_leaf': 0.05011423544868998, 'min_weight_fraction_leaf': 0.056371991893496516, 'max_features': 0.773010192409884, 'bootstrap': False, 'max_samples': 0.7905390384485254}. Best is trial 136 with value: 0.8935207912417982.[0m
[32m[I 2022-04-13 13:21:27,485][0m Trial 142 finished with value: 0.8927915536565735 and parameters: {'n_estimators': 254, 'min_samples_split': 0.10960230512702143, 'min_samples_leaf': 0.058018177759946575, 'min_weight_fraction_leaf': 0.04387207995460847, 'max_features': 0.7477153551845437, 'bootstrap': False, 'max_samples': 0.8056937715808208}. Best is trial 136 with value: 0.8935207912417982.[0m
[32m[I 2022-04-13 13:22:25,906][0m Trial 143 finished with value: 0.8868222232138911 and parameters: {'n_estimators': 256, 'min_samples_split': 0.2630474386880944, 'min_samples_leaf': 0.08633736061081146, 'min_weight_fraction_leaf': 0.04152778039777824, 'max_features': 0.7198748838477693, 'bootstrap': False, 'max_samples': 0.7759971691535559}. Best is trial 136 with value: 0.8935207912417982.[0m
[32m[I 2022-04-13 13:23:41,099][0m Trial 144 finished with value: 0.8915771784124514 and parameters: {'n_estimators': 235, 'min_samples_split': 0.10285470206336259, 'min_samples_leaf': 0.036924669156146894, 'min_weight_fraction_leaf': 0.04585572914463689, 'max_features': 0.7550970727324684, 'bootstrap': False, 'max_samples': 0.8841532886421616}. Best is trial 136 with value: 0.8935207912417982.[0m
[32m[I 2022-04-13 13:25:01,137][0m Trial 145 finished with value: 0.8915985527294197 and parameters: {'n_estimators': 270, 'min_samples_split': 0.1061463093550606, 'min_samples_leaf': 0.0625132830342984, 'min_weight_fraction_leaf': 0.03273272480886334, 'max_features': 0.8417566049419706, 'bootstrap': False, 'max_samples': 0.8351100612794243}. Best is trial 136 with value: 0.8935207912417982.[0m
[32m[I 2022-04-13 13:26:04,394][0m Trial 146 finished with value: 0.8872819878454873 and parameters: {'n_estimators': 291, 'min_samples_split': 0.12773252592919804, 'min_samples_leaf': 0.09523860130062123, 'min_weight_fraction_leaf': 0.0780873208097574, 'max_features': 0.7334740308871914, 'bootstrap': False, 'max_samples': 0.4555115631907927}. Best is trial 136 with value: 0.8935207912417982.[0m
[32m[I 2022-04-13 13:26:18,293][0m Trial 147 finished with value: 0.7845765963378153 and parameters: {'n_estimators': 108, 'min_samples_split': 0.11902127738738824, 'min_samples_leaf': 0.07522754920019052, 'min_weight_fraction_leaf': 0.06036216059693056, 'max_features': 0.8629917272439893, 'bootstrap': True, 'max_samples': 0.8606703109567275, 'oob_score': True}. Best is trial 136 with value: 0.8935207912417982.[0m
[32m[I 2022-04-13 13:27:35,014][0m Trial 148 finished with value: 0.8939269006464292 and parameters: {'n_estimators': 252, 'min_samples_split': 0.13610380565233365, 'min_samples_leaf': 0.06015842665220466, 'min_weight_fraction_leaf': 0.03357483885152733, 'max_features': 0.8131577836664123, 'bootstrap': False, 'max_samples': 0.8123703521764324}. Best is trial 148 with value: 0.8939269006464292.[0m
[32m[I 2022-04-13 13:28:47,996][0m Trial 149 finished with value: 0.891675316790384 and parameters: {'n_estimators': 255, 'min_samples_split': 0.17869525241621, 'min_samples_leaf': 0.059649869960828675, 'min_weight_fraction_leaf': 0.01115656904617611, 'max_features': 0.8075815770221301, 'bootstrap': False, 'max_samples': 0.8022503051397671}. Best is trial 148 with value: 0.8939269006464292.[0m
[32m[I 2022-04-13 13:28:56,353][0m Trial 150 finished with value: 0.7256263225994849 and parameters: {'n_estimators': 356, 'min_samples_split': 0.1397802508723911, 'min_samples_leaf': 0.46958998979291505, 'min_weight_fraction_leaf': 0.03680386432641522, 'max_features': 0.7802522019170424, 'bootstrap': False, 'max_samples': 0.7758054619034571}. Best is trial 148 with value: 0.8939269006464292.[0m
[32m[I 2022-04-13 13:30:42,110][0m Trial 151 finished with value: 0.891947554686153 and parameters: {'n_estimators': 337, 'min_samples_split': 0.13665105171647712, 'min_samples_leaf': 0.04803306283332146, 'min_weight_fraction_leaf': 0.024812246165618366, 'max_features': 0.8215782403695256, 'bootstrap': False, 'max_samples': 0.8251619752850796}. Best is trial 148 with value: 0.8939269006464292.[0m
[32m[I 2022-04-13 13:31:11,462][0m Trial 152 finished with value: 0.7732196564543545 and parameters: {'n_estimators': 311, 'min_samples_split': 0.15396062153454615, 'min_samples_leaf': 0.2574242258672775, 'min_weight_fraction_leaf': 0.024744342003639327, 'max_features': 0.8132341138688335, 'bootstrap': False, 'max_samples': 0.8058627280879941}. Best is trial 148 with value: 0.8939269006464292.[0m
[32m[I 2022-04-13 13:32:35,122][0m Trial 153 finished with value: 0.8909610309623716 and parameters: {'n_estimators': 336, 'min_samples_split': 0.13195297614411866, 'min_samples_leaf': 0.07274187582528482, 'min_weight_fraction_leaf': 0.05028660939238372, 'max_features': 0.7480897722735218, 'bootstrap': False, 'max_samples': 0.885485947413441}. Best is trial 148 with value: 0.8939269006464292.[0m
[32m[I 2022-04-13 13:33:01,623][0m Trial 154 finished with value: 0.8899092111948919 and parameters: {'n_estimators': 114, 'min_samples_split': 0.0991632481088758, 'min_samples_leaf': 0.04982919178746065, 'min_weight_fraction_leaf': 0.02030277430541896, 'max_features': 0.7667187065968242, 'bootstrap': False, 'max_samples': 0.75010213738641}. Best is trial 148 with value: 0.8939269006464292.[0m
[32m[I 2022-04-13 13:34:15,827][0m Trial 155 finished with value: 0.887793260617247 and parameters: {'n_estimators': 247, 'min_samples_split': 0.13870781747890382, 'min_samples_leaf': 0.02462871558333593, 'min_weight_fraction_leaf': 0.0005189675364358215, 'max_features': 0.8985218007915878, 'bootstrap': False, 'max_samples': 0.8445217147551685}. Best is trial 148 with value: 0.8939269006464292.[0m
[32m[I 2022-04-13 13:34:41,216][0m Trial 156 finished with value: 0.7206999047997886 and parameters: {'n_estimators': 230, 'min_samples_split': 0.10555395344498607, 'min_samples_leaf': 0.06358267290493914, 'min_weight_fraction_leaf': 0.4189638937626162, 'max_features': 0.7950706671009053, 'bootstrap': False, 'max_samples': 0.5068815905544284}. Best is trial 148 with value: 0.8939269006464292.[0m
[32m[I 2022-04-13 13:35:32,155][0m Trial 157 finished with value: 0.8901229039642844 and parameters: {'n_estimators': 272, 'min_samples_split': 0.1504710830454023, 'min_samples_leaf': 0.08484673599492348, 'min_weight_fraction_leaf': 0.03300597109344256, 'max_features': 0.8285863936533973, 'bootstrap': False, 'max_samples': 0.8171197409158758}. Best is trial 148 with value: 0.8939269006464292.[0m
[32m[I 2022-04-13 13:36:58,687][0m Trial 158 finished with value: 0.8910853325546672 and parameters: {'n_estimators': 393, 'min_samples_split': 0.12579114973166183, 'min_samples_leaf': 0.034739247471651066, 'min_weight_fraction_leaf': 0.04035712981215753, 'max_features': 0.6730195973600259, 'bootstrap': False, 'max_samples': 0.7084233805710838}. Best is trial 148 with value: 0.8939269006464292.[0m
[32m[I 2022-04-13 13:37:42,736][0m Trial 159 finished with value: 0.8899963280160946 and parameters: {'n_estimators': 327, 'min_samples_split': 0.10888490920973934, 'min_samples_leaf': 0.051021586415656, 'min_weight_fraction_leaf': 0.04662828998877383, 'max_features': 0.38383924343738973, 'bootstrap': False, 'max_samples': 0.8668840752811483}. Best is trial 148 with value: 0.8939269006464292.[0m
[32m[I 2022-04-13 13:38:53,654][0m Trial 160 finished with value: 0.8910761674480672 and parameters: {'n_estimators': 369, 'min_samples_split': 0.17617719621624645, 'min_samples_leaf': 0.07886828801058657, 'min_weight_fraction_leaf': 0.013134275568541312, 'max_features': 0.7868473428930278, 'bootstrap': False, 'max_samples': 0.7766998283675434}. Best is trial 148 with value: 0.8939269006464292.[0m
[32m[I 2022-04-13 13:40:06,690][0m Trial 161 finished with value: 0.891847818325662 and parameters: {'n_estimators': 287, 'min_samples_split': 0.11939612510960482, 'min_samples_leaf': 0.04179116661534162, 'min_weight_fraction_leaf': 0.060061836858537006, 'max_features': 0.8561599793959187, 'bootstrap': False, 'max_samples': 0.830706886939164}. Best is trial 148 with value: 0.8939269006464292.[0m
