[32m[I 2022-04-14 10:45:28,979][0m Trial 511 finished with value: 0.7834752580919451 and parameters: {'n_estimators': 586, 'min_samples_split': 0.010228444864902075, 'min_samples_leaf': 0.03855802903265609, 'min_weight_fraction_leaf': 0.000301475576509742, 'max_features': 0.5678533662966428, 'bootstrap': False, 'max_samples': 0.024945126803039258}. Best is trial 410 with value: 0.7930338207460208.[0m
[32m[I 2022-04-14 10:46:07,457][0m Trial 512 finished with value: 0.7512955515543948 and parameters: {'n_estimators': 534, 'min_samples_split': 0.010200435788391292, 'min_samples_leaf': 0.018743926348911207, 'min_weight_fraction_leaf': 0.37476508398314645, 'max_features': 0.5308236530491895, 'bootstrap': False, 'max_samples': 0.6556848516432954}. Best is trial 410 with value: 0.7930338207460208.[0m
[32m[I 2022-04-14 10:50:52,949][0m Trial 513 finished with value: 0.7923434802709796 and parameters: {'n_estimators': 577, 'min_samples_split': 0.011727008308506773, 'min_samples_leaf': 0.001896614913746911, 'min_weight_fraction_leaf': 0.010586886300988425, 'max_features': 0.5730657261982027, 'bootstrap': False, 'max_samples': 0.044806004083706205}. Best is trial 410 with value: 0.7930338207460208.[0m
[32m[I 2022-04-14 10:53:07,325][0m Trial 514 finished with value: 0.7851795524905623 and parameters: {'n_estimators': 606, 'min_samples_split': 0.002475994917218307, 'min_samples_leaf': 0.028731184989031093, 'min_weight_fraction_leaf': 0.009657474372467889, 'max_features': 0.573510575744856, 'bootstrap': False, 'max_samples': 0.018610110616282143}. Best is trial 410 with value: 0.7930338207460208.[0m
[32m[I 2022-04-14 10:55:34,864][0m Trial 515 finished with value: 0.79057249736447 and parameters: {'n_estimators': 579, 'min_samples_split': 0.0013626387214489971, 'min_samples_leaf': 0.018949255918328974, 'min_weight_fraction_leaf': 0.010527905861262558, 'max_features': 0.5570555639500097, 'bootstrap': False, 'max_samples': 0.04874768683975749}. Best is trial 410 with value: 0.7930338207460208.[0m
[32m[I 2022-04-14 10:59:14,193][0m Trial 516 finished with value: 0.7911228255087126 and parameters: {'n_estimators': 551, 'min_samples_split': 0.01131365653878484, 'min_samples_leaf': 0.008306315840295037, 'min_weight_fraction_leaf': 2.6758264401648135e-05, 'max_features': 0.5850187709759872, 'bootstrap': False, 'max_samples': 0.03326573666745943}. Best is trial 410 with value: 0.7930338207460208.[0m
[32m[I 2022-04-14 11:01:01,578][0m Trial 517 finished with value: 0.7824722378083099 and parameters: {'n_estimators': 557, 'min_samples_split': 0.013188807828704012, 'min_samples_leaf': 0.03230332034191655, 'min_weight_fraction_leaf': 0.007878287324888647, 'max_features': 0.5471814792755697, 'bootstrap': False, 'max_samples': 0.023468445680425463}. Best is trial 410 with value: 0.7930338207460208.[0m
[32m[I 2022-04-14 11:02:27,099][0m Trial 518 finished with value: 0.7820343830223037 and parameters: {'n_estimators': 504, 'min_samples_split': 0.012115238217035116, 'min_samples_leaf': 0.044963356214593915, 'min_weight_fraction_leaf': 0.0002827118778024625, 'max_features': 0.5825757658080671, 'bootstrap': False, 'max_samples': 0.000359132556279014}. Best is trial 410 with value: 0.7930338207460208.[0m
[32m[I 2022-04-14 11:04:23,804][0m Trial 519 finished with value: 0.7905696118363343 and parameters: {'n_estimators': 547, 'min_samples_split': 0.0020427608883975927, 'min_samples_leaf': 0.023672231670836097, 'min_weight_fraction_leaf': 0.010335534380134688, 'max_features': 0.5211467637690328, 'bootstrap': False, 'max_samples': 0.039675972927134075}. Best is trial 410 with value: 0.7930338207460208.[0m
[32m[I 2022-04-14 11:08:08,671][0m Trial 520 finished with value: 0.7845602252764672 and parameters: {'n_estimators': 627, 'min_samples_split': 0.012188385358906302, 'min_samples_leaf': 0.010461558255917408, 'min_weight_fraction_leaf': 0.0156142405269291, 'max_features': 0.5854129794039452, 'bootstrap': False, 'max_samples': 0.025898287192356442}. Best is trial 410 with value: 0.7930338207460208.[0m
[32m[I 2022-04-14 11:09:44,420][0m Trial 521 finished with value: 0.782561090275183 and parameters: {'n_estimators': 571, 'min_samples_split': 0.1772030361194768, 'min_samples_leaf': 0.03485514970236453, 'min_weight_fraction_leaf': 0.008731835928201955, 'max_features': 0.5624580519424692, 'bootstrap': False, 'max_samples': 0.040972299547097434}. Best is trial 410 with value: 0.7930338207460208.[0m
[32m[I 2022-04-14 11:12:00,885][0m Trial 522 finished with value: 0.7843983923249287 and parameters: {'n_estimators': 525, 'min_samples_split': 0.013372130186939203, 'min_samples_leaf': 0.019451804843821308, 'min_weight_fraction_leaf': 0.000578638508416599, 'max_features': 0.5977390600050334, 'bootstrap': False, 'max_samples': 0.0175142459539468}. Best is trial 410 with value: 0.7930338207460208.[0m
[32m[I 2022-04-14 11:15:19,672][0m Trial 523 finished with value: 0.793106851095781 and parameters: {'n_estimators': 597, 'min_samples_split': 0.010215268690433377, 'min_samples_leaf': 0.01021049772119077, 'min_weight_fraction_leaf': 0.0002493836674337495, 'max_features': 0.5419243961132963, 'bootstrap': False, 'max_samples': 0.04141732064087712}. Best is trial 523 with value: 0.793106851095781.[0m
[32m[I 2022-04-14 11:15:26,682][0m Trial 524 finished with value: 0.7583590025244863 and parameters: {'n_estimators': 589, 'min_samples_split': 0.009905531135323869, 'min_samples_leaf': 0.008550346296376877, 'min_weight_fraction_leaf': 0.0004974116864917104, 'max_features': 0.536079365449014, 'bootstrap': True, 'max_samples': 0.04085818041250401, 'oob_score': False}. Best is trial 523 with value: 0.793106851095781.[0m
[32m[I 2022-04-14 11:18:34,587][0m Trial 525 finished with value: 0.7931633376737273 and parameters: {'n_estimators': 608, 'min_samples_split': 0.002976864029977336, 'min_samples_leaf': 0.009634111447212927, 'min_weight_fraction_leaf': 0.008965713909309607, 'max_features': 0.5460571586685444, 'bootstrap': False, 'max_samples': 0.020393227719985862}. Best is trial 525 with value: 0.7931633376737273.[0m
[32m[I 2022-04-14 11:21:15,754][0m Trial 526 finished with value: 0.7844276810539477 and parameters: {'n_estimators': 641, 'min_samples_split': 0.008090453783174665, 'min_samples_leaf': 0.009579550789670698, 'min_weight_fraction_leaf': 0.014210082025264054, 'max_features': 0.5054128860823459, 'bootstrap': False, 'max_samples': 0.0017678561044230674}. Best is trial 525 with value: 0.7931633376737273.[0m
[32m[I 2022-04-14 11:23:32,127][0m Trial 527 finished with value: 0.7858770907429701 and parameters: {'n_estimators': 604, 'min_samples_split': 0.002885436385704359, 'min_samples_leaf': 0.017538161835566998, 'min_weight_fraction_leaf': 0.015390204010603993, 'max_features': 0.5242791299424416, 'bootstrap': False, 'max_samples': 0.05521790079133692}. Best is trial 525 with value: 0.7931633376737273.[0m
[32m[I 2022-04-14 11:25:40,486][0m Trial 528 finished with value: 0.783882461696684 and parameters: {'n_estimators': 653, 'min_samples_split': 0.015554279183107205, 'min_samples_leaf': 0.025463811582838818, 'min_weight_fraction_leaf': 0.012444454544631136, 'max_features': 0.5485149729601188, 'bootstrap': False, 'max_samples': 0.014734421852582509}. Best is trial 525 with value: 0.7931633376737273.[0m
[32m[I 2022-04-14 11:25:50,366][0m Trial 529 finished with value: 0.6441195289912875 and parameters: {'n_estimators': 602, 'min_samples_split': 0.00307595521933849, 'min_samples_leaf': 0.41069237710711526, 'min_weight_fraction_leaf': 0.008871681047652357, 'max_features': 0.49568031731734996, 'bootstrap': False, 'max_samples': 0.0005484732681627531}. Best is trial 525 with value: 0.7931633376737273.[0m
[32m[I 2022-04-14 11:28:18,719][0m Trial 530 finished with value: 0.7838591477164354 and parameters: {'n_estimators': 574, 'min_samples_split': 0.015886281097361177, 'min_samples_leaf': 0.010072285399015985, 'min_weight_fraction_leaf': 0.020204180727019093, 'max_features': 0.5424284821947319, 'bootstrap': False, 'max_samples': 0.03793292799537195}. Best is trial 525 with value: 0.7931633376737273.[0m
[32m[I 2022-04-14 11:30:39,505][0m Trial 531 finished with value: 0.7837746940005649 and parameters: {'n_estimators': 631, 'min_samples_split': 0.00269992864011699, 'min_samples_leaf': 0.01940785245965012, 'min_weight_fraction_leaf': 0.009603316653430612, 'max_features': 0.5582808120614557, 'bootstrap': False, 'max_samples': 0.020903276023604395}. Best is trial 525 with value: 0.7931633376737273.[0m
[32m[I 2022-04-14 11:32:52,542][0m Trial 532 finished with value: 0.7846870471399652 and parameters: {'n_estimators': 509, 'min_samples_split': 0.017326596299341253, 'min_samples_leaf': 0.008726423326353218, 'min_weight_fraction_leaf': 0.020697336692823337, 'max_features': 0.5202942422334135, 'bootstrap': False, 'max_samples': 0.06108303423897486}. Best is trial 525 with value: 0.7931633376737273.[0m
[32m[I 2022-04-14 11:38:26,253][0m Trial 533 finished with value: 0.7849722695965718 and parameters: {'n_estimators': 534, 'min_samples_split': 0.0119553248934478, 'min_samples_leaf': 0.0023783557837225473, 'min_weight_fraction_leaf': 0.0001343180015755726, 'max_features': 0.5640522863380142, 'bootstrap': False, 'max_samples': 0.048268809813534604}. Best is trial 525 with value: 0.7931633376737273.[0m
[32m[I 2022-04-14 11:39:47,882][0m Trial 534 finished with value: 0.7822213120609227 and parameters: {'n_estimators': 459, 'min_samples_split': 0.001539986197504411, 'min_samples_leaf': 0.03269817445960382, 'min_weight_fraction_leaf': 0.009617346811637176, 'max_features': 0.5407015588475871, 'bootstrap': False, 'max_samples': 0.022588120986483377}. Best is trial 525 with value: 0.7931633376737273.[0m
[32m[I 2022-04-14 11:42:33,471][0m Trial 535 finished with value: 0.7843119402935397 and parameters: {'n_estimators': 608, 'min_samples_split': 0.02015969327473836, 'min_samples_leaf': 0.016273839223034138, 'min_weight_fraction_leaf': 9.064307184239798e-05, 'max_features': 0.5837326369903217, 'bootstrap': False, 'max_samples': 0.03573301414391397}. Best is trial 525 with value: 0.7931633376737273.[0m
[32m[I 2022-04-14 11:44:21,869][0m Trial 536 finished with value: 0.7719090537177192 and parameters: {'n_estimators': 572, 'min_samples_split': 0.3154785001021163, 'min_samples_leaf': 0.0014004329055532626, 'min_weight_fraction_leaf': 0.024205811512700365, 'max_features': 0.6045363186800327, 'bootstrap': False, 'max_samples': 0.06161272461966777}. Best is trial 525 with value: 0.7931633376737273.[0m
[32m[I 2022-04-14 11:46:14,621][0m Trial 537 finished with value: 0.7835240857094671 and parameters: {'n_estimators': 658, 'min_samples_split': 0.016701891575018012, 'min_samples_leaf': 0.026025978423856653, 'min_weight_fraction_leaf': 0.01769334546426386, 'max_features': 0.45858965176973154, 'bootstrap': False, 'max_samples': 0.015930595752812603}. Best is trial 525 with value: 0.7931633376737273.[0m
[32m[I 2022-04-14 11:48:17,532][0m Trial 538 finished with value: 0.7838338126848157 and parameters: {'n_estimators': 485, 'min_samples_split': 0.010342135336393422, 'min_samples_leaf': 0.017639021175645746, 'min_weight_fraction_leaf': 0.008882059804278307, 'max_features': 0.5747052569125637, 'bootstrap': False, 'max_samples': 0.04970782213413449}. Best is trial 525 with value: 0.7931633376737273.[0m
[32m[I 2022-04-14 11:49:35,544][0m Trial 539 finished with value: 0.778215218411705 and parameters: {'n_estimators': 546, 'min_samples_split': 0.0019745048236545527, 'min_samples_leaf': 0.0014257164865474382, 'min_weight_fraction_leaf': 0.026727319657613102, 'max_features': 0.2917801169560894, 'bootstrap': False, 'max_samples': 0.036685223802212286}. Best is trial 525 with value: 0.7931633376737273.[0m
[32m[I 2022-04-14 11:51:25,439][0m Trial 540 finished with value: 0.784867665080521 and parameters: {'n_estimators': 593, 'min_samples_split': 0.01956815869791802, 'min_samples_leaf': 0.031187870524071036, 'min_weight_fraction_leaf': 0.00023412908293026988, 'max_features': 0.5545929574359751, 'bootstrap': False, 'max_samples': 0.0002340358620622901}. Best is trial 525 with value: 0.7931633376737273.[0m
[32m[I 2022-04-14 11:54:46,080][0m Trial 541 finished with value: 0.7845082373454814 and parameters: {'n_estimators': 516, 'min_samples_split': 0.015287705922521683, 'min_samples_leaf': 0.0010300621366257042, 'min_weight_fraction_leaf': 0.01648758752118536, 'max_features': 0.6109793416362448, 'bootstrap': False, 'max_samples': 0.07394947128866655}. Best is trial 525 with value: 0.7931633376737273.[0m
[32m[I 2022-04-14 11:57:11,711][0m Trial 542 finished with value: 0.7851034443290815 and parameters: {'n_estimators': 623, 'min_samples_split': 0.0016083413013253285, 'min_samples_leaf': 0.01623315467602239, 'min_weight_fraction_leaf': 0.009415040634148487, 'max_features': 0.507345615151537, 'bootstrap': False, 'max_samples': 0.30074214044033054}. Best is trial 525 with value: 0.7931633376737273.[0m
[32m[I 2022-04-14 11:57:17,209][0m Trial 543 finished with value: 0.5 and parameters: {'n_estimators': 567, 'min_samples_split': 0.15322486691433485, 'min_samples_leaf': 0.04779720518400477, 'min_weight_fraction_leaf': 0.21001755352512844, 'max_features': 0.5297680691081201, 'bootstrap': True, 'max_samples': 0.022880025776721588, 'oob_score': False}. Best is trial 525 with value: 0.7931633376737273.[0m
[32m[I 2022-04-14 11:58:25,891][0m Trial 544 finished with value: 0.7763482462117519 and parameters: {'n_estimators': 544, 'min_samples_split': 0.021096574037102356, 'min_samples_leaf': 0.08700452731689409, 'min_weight_fraction_leaf': 0.02104391075414384, 'max_features': 0.5667340525739735, 'bootstrap': False, 'max_samples': 0.056083592978210174}. Best is trial 525 with value: 0.7931633376737273.[0m
[32m[I 2022-04-14 12:01:51,985][0m Trial 545 finished with value: 0.7909188190916738 and parameters: {'n_estimators': 582, 'min_samples_split': 0.011995397441328033, 'min_samples_leaf': 0.011013578734316009, 'min_weight_fraction_leaf': 0.00023569579820790178, 'max_features': 0.6242521568270493, 'bootstrap': False, 'max_samples': 0.03741906585577817}. Best is trial 525 with value: 0.7931633376737273.[0m
[32m[I 2022-04-14 12:03:46,671][0m Trial 546 finished with value: 0.7852563762477855 and parameters: {'n_estimators': 522, 'min_samples_split': 0.0015806357970361076, 'min_samples_leaf': 0.023204250958976186, 'min_weight_fraction_leaf': 0.029502125114597585, 'max_features': 0.5960861369658897, 'bootstrap': False, 'max_samples': 0.6176451936539226}. Best is trial 525 with value: 0.7931633376737273.[0m
[32m[I 2022-04-14 12:05:29,600][0m Trial 547 finished with value: 0.7817261243236038 and parameters: {'n_estimators': 617, 'min_samples_split': 0.019380918384740934, 'min_samples_leaf': 0.0398984104974135, 'min_weight_fraction_leaf': 0.014305957535242834, 'max_features': 0.5418703049135711, 'bootstrap': False, 'max_samples': 0.06736659892456892}. Best is trial 525 with value: 0.7931633376737273.[0m
[32m[I 2022-04-14 12:08:06,121][0m Trial 548 finished with value: 0.7927401222320667 and parameters: {'n_estimators': 476, 'min_samples_split': 0.02241195770600502, 'min_samples_leaf': 0.01060501929052292, 'min_weight_fraction_leaf': 0.008610443730962751, 'max_features': 0.5789124621579823, 'bootstrap': False, 'max_samples': 0.580989723783632}. Best is trial 525 with value: 0.7931633376737273.[0m
[32m[I 2022-04-14 12:10:46,158][0m Trial 549 finished with value: 0.7916817485142041 and parameters: {'n_estimators': 467, 'min_samples_split': 0.012168746632090258, 'min_samples_leaf': 0.01035241842923321, 'min_weight_fraction_leaf': 0.008718482537320998, 'max_features': 0.5762719983454612, 'bootstrap': False, 'max_samples': 0.5708333754917221}. Best is trial 525 with value: 0.7931633376737273.[0m
[32m[I 2022-04-14 12:14:50,232][0m Trial 550 finished with value: 0.7921373613685774 and parameters: {'n_estimators': 495, 'min_samples_split': 0.011093299647729704, 'min_samples_leaf': 0.0014631797107265941, 'min_weight_fraction_leaf': 0.008328536788042603, 'max_features': 0.5700587315312806, 'bootstrap': False, 'max_samples': 0.574312248156433}. Best is trial 525 with value: 0.7931633376737273.[0m
[32m[I 2022-04-14 12:17:28,473][0m Trial 551 finished with value: 0.7915625994918709 and parameters: {'n_estimators': 432, 'min_samples_split': 0.010154000276991253, 'min_samples_leaf': 0.009329748836718069, 'min_weight_fraction_leaf': 0.008376621453892322, 'max_features': 0.5549277443928173, 'bootstrap': False, 'max_samples': 0.5530801852261176}. Best is trial 525 with value: 0.7931633376737273.[0m
[32m[I 2022-04-14 12:21:03,085][0m Trial 552 finished with value: 0.790597177991988 and parameters: {'n_estimators': 417, 'min_samples_split': 0.009477887698263063, 'min_samples_leaf': 0.001135505348968292, 'min_weight_fraction_leaf': 0.008743608229769056, 'max_features': 0.5517155606425245, 'bootstrap': False, 'max_samples': 0.5804247231921158}. Best is trial 525 with value: 0.7931633376737273.[0m
[32m[I 2022-04-14 12:23:24,179][0m Trial 553 finished with value: 0.7902720364879819 and parameters: {'n_estimators': 471, 'min_samples_split': 0.0018917752670999759, 'min_samples_leaf': 0.011651642650119472, 'min_weight_fraction_leaf': 0.009878075829386433, 'max_features': 0.5321029070286707, 'bootstrap': False, 'max_samples': 0.5508789200316273}. Best is trial 525 with value: 0.7931633376737273.[0m
[32m[I 2022-04-14 12:25:42,378][0m Trial 554 finished with value: 0.7912917844713927 and parameters: {'n_estimators': 449, 'min_samples_split': 0.009607850790806362, 'min_samples_leaf': 0.010802729834493555, 'min_weight_fraction_leaf': 0.0002633678171185764, 'max_features': 0.5603413831746682, 'bootstrap': False, 'max_samples': 0.5582952117314627}. Best is trial 525 with value: 0.7931633376737273.[0m
[32m[I 2022-04-14 12:28:06,026][0m Trial 555 finished with value: 0.7914306596163138 and parameters: {'n_estimators': 452, 'min_samples_split': 0.010491635969134046, 'min_samples_leaf': 0.010803761782562513, 'min_weight_fraction_leaf': 0.0012324233058071416, 'max_features': 0.5572831030182566, 'bootstrap': False, 'max_samples': 0.5645365031330566}. Best is trial 525 with value: 0.7931633376737273.[0m
[32m[I 2022-04-14 12:34:02,901][0m Trial 556 finished with value: 0.7760893454017493 and parameters: {'n_estimators': 439, 'min_samples_split': 0.0018784950183462698, 'min_samples_leaf': 0.0013308572160916268, 'min_weight_fraction_leaf': 0.0003000038673472028, 'max_features': 0.5184453485887767, 'bootstrap': False, 'max_samples': 0.5327486421187674}. Best is trial 525 with value: 0.7931633376737273.[0m
[32m[I 2022-04-14 12:36:13,128][0m Trial 557 finished with value: 0.7844521635987469 and parameters: {'n_estimators': 434, 'min_samples_split': 0.010621385241757824, 'min_samples_leaf': 0.012567598641337368, 'min_weight_fraction_leaf': 0.008668750712556957, 'max_features': 0.5476161756733008, 'bootstrap': False, 'max_samples': 0.553279528923283}. Best is trial 525 with value: 0.7931633376737273.[0m
[32m[I 2022-04-14 12:36:52,626][0m Trial 558 finished with value: 0.642207816547353 and parameters: {'n_estimators': 464, 'min_samples_split': 0.0013113133736554969, 'min_samples_leaf': 0.0011155066537229443, 'min_weight_fraction_leaf': 0.48008409064836927, 'max_features': 0.5608730611568159, 'bootstrap': False, 'max_samples': 0.564955127073862}. Best is trial 525 with value: 0.7931633376737273.[0m
[32m[I 2022-04-14 12:38:38,747][0m Trial 559 finished with value: 0.7856545894358493 and parameters: {'n_estimators': 449, 'min_samples_split': 0.009808099432223534, 'min_samples_leaf': 0.015753994051150758, 'min_weight_fraction_leaf': 0.017262721410790636, 'max_features': 0.4954222022246855, 'bootstrap': False, 'max_samples': 0.5322112505317574}. Best is trial 525 with value: 0.7931633376737273.[0m
[32m[I 2022-04-14 12:41:08,363][0m Trial 560 finished with value: 0.7892832178359528 and parameters: {'n_estimators': 463, 'min_samples_split': 0.0013096739930681823, 'min_samples_leaf': 0.010379171944125463, 'min_weight_fraction_leaf': 0.00027184216379195006, 'max_features': 0.5298824187618416, 'bootstrap': False, 'max_samples': 0.5688300892753066}. Best is trial 525 with value: 0.7931633376737273.[0m
[32m[I 2022-04-14 12:42:53,901][0m Trial 561 finished with value: 0.7842822484172867 and parameters: {'n_estimators': 420, 'min_samples_split': 0.011240345401348252, 'min_samples_leaf': 0.019602104299500066, 'min_weight_fraction_leaf': 0.009110022149881611, 'max_features': 0.5724043566815752, 'bootstrap': False, 'max_samples': 0.5772915050880669}. Best is trial 525 with value: 0.7931633376737273.[0m
[32m[I 2022-04-14 12:44:33,968][0m Trial 562 finished with value: 0.7847831608067561 and parameters: {'n_estimators': 488, 'min_samples_split': 0.012979522800490608, 'min_samples_leaf': 0.02745156638891479, 'min_weight_fraction_leaf': 6.079468099660707e-05, 'max_features': 0.551454189538088, 'bootstrap': False, 'max_samples': 0.5438784464309439}. Best is trial 525 with value: 0.7931633376737273.[0m
[32m[I 2022-04-14 12:47:02,684][0m Trial 563 finished with value: 0.7848395133627489 and parameters: {'n_estimators': 479, 'min_samples_split': 0.019186975071684997, 'min_samples_leaf': 0.013996209157377584, 'min_weight_fraction_leaf': 0.017441905678028384, 'max_features': 0.5663961864756498, 'bootstrap': False, 'max_samples': 0.5862717035592732}. Best is trial 525 with value: 0.7931633376737273.[0m
[32m[I 2022-04-14 12:47:29,630][0m Trial 564 finished with value: 0.7600192697071322 and parameters: {'n_estimators': 446, 'min_samples_split': 0.19336763103000387, 'min_samples_leaf': 0.009800456652553743, 'min_weight_fraction_leaf': 0.009702442624941538, 'max_features': 0.5086774726564215, 'bootstrap': True, 'max_samples': 0.55887596324405, 'oob_score': True}. Best is trial 525 with value: 0.7931633376737273.[0m
