[32m[I 2022-04-13 21:20:53,527][0m Trial 648 finished with value: 0.8901095059852644 and parameters: {'n_estimators': 292, 'min_samples_split': 0.10140275696574554, 'min_samples_leaf': 0.050900744193344394, 'min_weight_fraction_leaf': 0.036100433513520346, 'max_features': 0.7908966481958528, 'bootstrap': False, 'max_samples': 0.8918786472827916}. Best is trial 394 with value: 0.8941171376114454.[0m
[32m[I 2022-04-13 21:21:52,143][0m Trial 649 finished with value: 0.8871100037124693 and parameters: {'n_estimators': 317, 'min_samples_split': 0.11412200787595089, 'min_samples_leaf': 0.09388293099541459, 'min_weight_fraction_leaf': 0.02360877828192791, 'max_features': 0.8497484980281358, 'bootstrap': False, 'max_samples': 0.9465663715441685}. Best is trial 394 with value: 0.8941171376114454.[0m
[32m[I 2022-04-13 21:23:16,913][0m Trial 650 finished with value: 0.8937758138836989 and parameters: {'n_estimators': 299, 'min_samples_split': 0.13587312681771424, 'min_samples_leaf': 0.011714427672292423, 'min_weight_fraction_leaf': 0.05790821787232849, 'max_features': 0.8100549945736545, 'bootstrap': False, 'max_samples': 0.9262163267432418}. Best is trial 394 with value: 0.8941171376114454.[0m
[32m[I 2022-04-13 21:24:40,805][0m Trial 651 finished with value: 0.890952890931521 and parameters: {'n_estimators': 331, 'min_samples_split': 0.14812235312866479, 'min_samples_leaf': 0.007632651636060042, 'min_weight_fraction_leaf': 0.07255972529082494, 'max_features': 0.743057677615224, 'bootstrap': False, 'max_samples': 0.9294817169855868}. Best is trial 394 with value: 0.8941171376114454.[0m
[32m[I 2022-04-13 21:25:56,249][0m Trial 652 finished with value: 0.8905347945731638 and parameters: {'n_estimators': 315, 'min_samples_split': 0.13810013444653058, 'min_samples_leaf': 0.022587394465790868, 'min_weight_fraction_leaf': 0.08259762970858464, 'max_features': 0.7733711195945813, 'bootstrap': False, 'max_samples': 0.9014223552699501}. Best is trial 394 with value: 0.8941171376114454.[0m
[32m[I 2022-04-13 21:27:11,722][0m Trial 653 finished with value: 0.8898308835313289 and parameters: {'n_estimators': 303, 'min_samples_split': 0.16984155074094312, 'min_samples_leaf': 0.026563538670117966, 'min_weight_fraction_leaf': 0.06377162001722504, 'max_features': 0.8012831152750954, 'bootstrap': False, 'max_samples': 0.9210697948120389}. Best is trial 394 with value: 0.8941171376114454.[0m
[32m[I 2022-04-13 21:28:30,039][0m Trial 654 finished with value: 0.8902139176225179 and parameters: {'n_estimators': 300, 'min_samples_split': 0.16063992445059158, 'min_samples_leaf': 0.01012805776887825, 'min_weight_fraction_leaf': 0.07037201733718057, 'max_features': 0.784051068216333, 'bootstrap': False, 'max_samples': 0.9376712416116716}. Best is trial 394 with value: 0.8941171376114454.[0m
[32m[I 2022-04-13 21:29:11,930][0m Trial 655 finished with value: 0.7443753045862125 and parameters: {'n_estimators': 350, 'min_samples_split': 0.14336776535262769, 'min_samples_leaf': 0.010490311206952384, 'min_weight_fraction_leaf': 0.3953312167893571, 'max_features': 0.7594193573958639, 'bootstrap': False, 'max_samples': 0.8739994635717517}. Best is trial 394 with value: 0.8941171376114454.[0m
[32m[I 2022-04-13 21:29:52,450][0m Trial 656 finished with value: 0.890045454442812 and parameters: {'n_estimators': 291, 'min_samples_split': 0.13314962856256968, 'min_samples_leaf': 0.017220566512356837, 'min_weight_fraction_leaf': 0.052014954168540704, 'max_features': 0.812281814450256, 'bootstrap': True, 'max_samples': 0.9639731117400477, 'oob_score': True}. Best is trial 394 with value: 0.8941171376114454.[0m
[32m[I 2022-04-13 21:31:19,080][0m Trial 657 finished with value: 0.892513373511186 and parameters: {'n_estimators': 310, 'min_samples_split': 0.15431024022230497, 'min_samples_leaf': 0.004077614863016998, 'min_weight_fraction_leaf': 0.0573769821488397, 'max_features': 0.8216502894700161, 'bootstrap': False, 'max_samples': 0.9010576593533232}. Best is trial 394 with value: 0.8941171376114454.[0m
[32m[I 2022-04-13 21:32:27,986][0m Trial 658 finished with value: 0.8929944220715121 and parameters: {'n_estimators': 281, 'min_samples_split': 0.12887272390169752, 'min_samples_leaf': 0.037184163712790166, 'min_weight_fraction_leaf': 0.060068201616621755, 'max_features': 0.7930802494023795, 'bootstrap': False, 'max_samples': 0.9852327777131867}. Best is trial 394 with value: 0.8941171376114454.[0m
[32m[I 2022-04-13 21:33:41,018][0m Trial 659 finished with value: 0.8899940427461924 and parameters: {'n_estimators': 325, 'min_samples_split': 0.1458112223275366, 'min_samples_leaf': 0.040579957121988044, 'min_weight_fraction_leaf': 0.07759428307178884, 'max_features': 0.8090950524360707, 'bootstrap': False, 'max_samples': 0.9271611952789174}. Best is trial 394 with value: 0.8941171376114454.[0m
[32m[I 2022-04-13 21:36:19,153][0m Trial 660 finished with value: 0.8903568442753091 and parameters: {'n_estimators': 527, 'min_samples_split': 0.13904703769534993, 'min_samples_leaf': 0.0010741990461281044, 'min_weight_fraction_leaf': 0.04712489886001865, 'max_features': 0.8374544587983894, 'bootstrap': False, 'max_samples': 0.9510001299881671}. Best is trial 394 with value: 0.8941171376114454.[0m
[32m[I 2022-04-13 21:37:37,829][0m Trial 661 finished with value: 0.8905674741908511 and parameters: {'n_estimators': 295, 'min_samples_split': 0.12499339138528857, 'min_samples_leaf': 0.015905463981220325, 'min_weight_fraction_leaf': 0.052547160629820684, 'max_features': 0.7670971644421547, 'bootstrap': False, 'max_samples': 0.8529887758025265}. Best is trial 394 with value: 0.8941171376114454.[0m
[32m[I 2022-04-13 21:38:34,588][0m Trial 662 finished with value: 0.891032320657405 and parameters: {'n_estimators': 277, 'min_samples_split': 0.19012893059661656, 'min_samples_leaf': 0.05694548312238183, 'min_weight_fraction_leaf': 0.04297460802146052, 'max_features': 0.824029962387168, 'bootstrap': False, 'max_samples': 0.8832139361061755}. Best is trial 394 with value: 0.8941171376114454.[0m
[32m[I 2022-04-13 21:39:12,573][0m Trial 663 finished with value: 0.8906174454881317 and parameters: {'n_estimators': 205, 'min_samples_split': 0.1610138207428096, 'min_samples_leaf': 0.07594556847410111, 'min_weight_fraction_leaf': 0.013484435518031718, 'max_features': 0.7973786780798953, 'bootstrap': False, 'max_samples': 0.5286321293285766}. Best is trial 394 with value: 0.8941171376114454.[0m
[32m[I 2022-04-13 21:40:12,001][0m Trial 664 finished with value: 0.8918119585963733 and parameters: {'n_estimators': 299, 'min_samples_split': 0.13343354195555404, 'min_samples_leaf': 0.06295214644510194, 'min_weight_fraction_leaf': 0.06083331593887158, 'max_features': 0.7791115373348981, 'bootstrap': False, 'max_samples': 0.024846541623286537}. Best is trial 394 with value: 0.8941171376114454.[0m
[32m[I 2022-04-13 21:41:26,887][0m Trial 665 finished with value: 0.8887670125437156 and parameters: {'n_estimators': 281, 'min_samples_split': 0.14755788005221782, 'min_samples_leaf': 0.026359491647413233, 'min_weight_fraction_leaf': 0.035884101587827455, 'max_features': 0.8411809782487678, 'bootstrap': False, 'max_samples': 0.9111541653310548}. Best is trial 394 with value: 0.8941171376114454.[0m
[32m[I 2022-04-13 21:42:37,438][0m Trial 666 finished with value: 0.8918939128316208 and parameters: {'n_estimators': 310, 'min_samples_split': 0.12074125210650491, 'min_samples_leaf': 0.05027990307805262, 'min_weight_fraction_leaf': 0.0008222874082368797, 'max_features': 0.804600797814405, 'bootstrap': False, 'max_samples': 0.9544021975284216}. Best is trial 394 with value: 0.8941171376114454.[0m
[32m[I 2022-04-13 21:43:32,312][0m Trial 667 finished with value: 0.8922336209690755 and parameters: {'n_estimators': 272, 'min_samples_split': 0.1365638308800102, 'min_samples_leaf': 0.07005956136161846, 'min_weight_fraction_leaf': 0.026323195382162195, 'max_features': 0.8235846950344677, 'bootstrap': False, 'max_samples': 0.9778969721849895}. Best is trial 394 with value: 0.8941171376114454.[0m
[32m[I 2022-04-13 21:46:06,935][0m Trial 668 finished with value: 0.8905119911450813 and parameters: {'n_estimators': 668, 'min_samples_split': 0.1551083679389147, 'min_samples_leaf': 0.04376745176240719, 'min_weight_fraction_leaf': 0.04744050532676733, 'max_features': 0.8660032300419178, 'bootstrap': False, 'max_samples': 0.0009158402298417752}. Best is trial 394 with value: 0.8941171376114454.[0m
[32m[I 2022-04-13 21:47:06,935][0m Trial 669 finished with value: 0.8930032597773486 and parameters: {'n_estimators': 288, 'min_samples_split': 0.11866188904541203, 'min_samples_leaf': 0.059826618750331934, 'min_weight_fraction_leaf': 0.011240210291180198, 'max_features': 0.7852344055466604, 'bootstrap': False, 'max_samples': 0.937269535681027}. Best is trial 394 with value: 0.8941171376114454.[0m
[32m[I 2022-04-13 21:48:28,111][0m Trial 670 finished with value: 0.890617922383283 and parameters: {'n_estimators': 438, 'min_samples_split': 0.14138656496751387, 'min_samples_leaf': 0.08125098116021431, 'min_weight_fraction_leaf': 0.06668736450517457, 'max_features': 0.8485479547239029, 'bootstrap': False, 'max_samples': 0.8987318417277624}. Best is trial 394 with value: 0.8941171376114454.[0m
[32m[I 2022-04-13 21:49:48,278][0m Trial 671 finished with value: 0.8882480742791623 and parameters: {'n_estimators': 337, 'min_samples_split': 0.17226769674329398, 'min_samples_leaf': 0.03435082705896067, 'min_weight_fraction_leaf': 0.037134366953118766, 'max_features': 0.8144602890356493, 'bootstrap': False, 'max_samples': 0.6474462011067227}. Best is trial 394 with value: 0.8941171376114454.[0m
[32m[I 2022-04-13 21:50:45,187][0m Trial 672 finished with value: 0.891748174392583 and parameters: {'n_estimators': 266, 'min_samples_split': 0.12928928892962516, 'min_samples_leaf': 0.052794237732958944, 'min_weight_fraction_leaf': 0.018496131899586175, 'max_features': 0.7527159970492985, 'bootstrap': False, 'max_samples': 0.8793549043125755}. Best is trial 394 with value: 0.8941171376114454.[0m
[32m[I 2022-04-13 21:51:40,574][0m Trial 673 finished with value: 0.8918476465703007 and parameters: {'n_estimators': 294, 'min_samples_split': 0.1080113270001798, 'min_samples_leaf': 0.06857392459846082, 'min_weight_fraction_leaf': 0.050187333472042996, 'max_features': 0.7268018755480068, 'bootstrap': False, 'max_samples': 0.9193541107776713}. Best is trial 394 with value: 0.8941171376114454.[0m
[32m[I 2022-04-13 21:52:41,162][0m Trial 674 finished with value: 0.8931978772886199 and parameters: {'n_estimators': 274, 'min_samples_split': 0.14969583782450024, 'min_samples_leaf': 0.05944509138925551, 'min_weight_fraction_leaf': 0.029344478283593437, 'max_features': 0.8325153893129699, 'bootstrap': False, 'max_samples': 0.8575363989101283}. Best is trial 394 with value: 0.8941171376114454.[0m
[32m[I 2022-04-13 21:53:59,314][0m Trial 675 finished with value: 0.8914652995441074 and parameters: {'n_estimators': 316, 'min_samples_split': 0.08782522805794823, 'min_samples_leaf': 0.04393080328745152, 'min_weight_fraction_leaf': 0.0101861034416263, 'max_features': 0.8091034226603758, 'bootstrap': False, 'max_samples': 0.9714150830282087}. Best is trial 394 with value: 0.8941171376114454.[0m
[32m[I 2022-04-13 21:54:14,013][0m Trial 676 finished with value: 0.7785049497652637 and parameters: {'n_estimators': 213, 'min_samples_split': 0.3135181032030166, 'min_samples_leaf': 0.0734923504623062, 'min_weight_fraction_leaf': 0.059583430560329206, 'max_features': 0.7914489150212997, 'bootstrap': True, 'max_samples': 0.9406796891833177, 'oob_score': False}. Best is trial 394 with value: 0.8941171376114454.[0m
[32m[I 2022-04-13 21:54:51,064][0m Trial 677 finished with value: 0.7756117748808657 and parameters: {'n_estimators': 284, 'min_samples_split': 0.37622672575813, 'min_samples_leaf': 0.11631092373997043, 'min_weight_fraction_leaf': 0.2414278473670676, 'max_features': 0.8627604094361769, 'bootstrap': False, 'max_samples': 0.04111457901100306}. Best is trial 394 with value: 0.8941171376114454.[0m
[32m[I 2022-04-13 21:55:46,633][0m Trial 678 finished with value: 0.8901888851493636 and parameters: {'n_estimators': 302, 'min_samples_split': 0.1264936898464432, 'min_samples_leaf': 0.08486011812388057, 'min_weight_fraction_leaf': 0.04046726162985052, 'max_features': 0.8270032911315736, 'bootstrap': False, 'max_samples': 0.9590290215449607}. Best is trial 394 with value: 0.8941171376114454.[0m
[32m[I 2022-04-13 21:56:42,064][0m Trial 679 finished with value: 0.890078699381738 and parameters: {'n_estimators': 263, 'min_samples_split': 0.13748209457170987, 'min_samples_leaf': 0.054139147063650896, 'min_weight_fraction_leaf': 0.07887035955058666, 'max_features': 0.7751407732223289, 'bootstrap': False, 'max_samples': 0.9986870245781551}. Best is trial 394 with value: 0.8941171376114454.[0m
[32m[I 2022-04-13 21:56:53,219][0m Trial 680 finished with value: 0.7727162493676591 and parameters: {'n_estimators': 323, 'min_samples_split': 0.11370334627779909, 'min_samples_leaf': 0.06518045077339842, 'min_weight_fraction_leaf': 4.476942778899873e-06, 'max_features': 0.07863917208036492, 'bootstrap': False, 'max_samples': 0.8999873027590009}. Best is trial 394 with value: 0.8941171376114454.[0m
[32m[I 2022-04-13 21:57:48,678][0m Trial 681 finished with value: 0.8844404400800995 and parameters: {'n_estimators': 225, 'min_samples_split': 0.15705249049444803, 'min_samples_leaf': 0.016276941448589738, 'min_weight_fraction_leaf': 0.11448423968424834, 'max_features': 0.8444745509094393, 'bootstrap': False, 'max_samples': 0.9276226986919758}. Best is trial 394 with value: 0.8941171376114454.[0m
[32m[I 2022-04-13 21:58:59,244][0m Trial 682 finished with value: 0.8914632404031027 and parameters: {'n_estimators': 278, 'min_samples_split': 0.14371857634037086, 'min_samples_leaf': 0.03187418853521454, 'min_weight_fraction_leaf': 0.02289336533090371, 'max_features': 0.8032246382878389, 'bootstrap': False, 'max_samples': 0.8716389439680806}. Best is trial 394 with value: 0.8941171376114454.[0m
[32m[I 2022-04-13 21:59:58,040][0m Trial 683 finished with value: 0.8917555423198802 and parameters: {'n_estimators': 262, 'min_samples_split': 0.12232729844035004, 'min_samples_leaf': 0.049731669536843486, 'min_weight_fraction_leaf': 0.03125619912316919, 'max_features': 0.8256711125375868, 'bootstrap': False, 'max_samples': 0.9713875639452285}. Best is trial 394 with value: 0.8941171376114454.[0m
[32m[I 2022-04-13 22:00:53,236][0m Trial 684 finished with value: 0.89096708211725 and parameters: {'n_estimators': 297, 'min_samples_split': 0.13155510691719602, 'min_samples_leaf': 0.07454544473606285, 'min_weight_fraction_leaf': 0.043519680218089614, 'max_features': 0.7978632104221324, 'bootstrap': False, 'max_samples': 0.8452574969773581}. Best is trial 394 with value: 0.8941171376114454.[0m
[32m[I 2022-04-13 22:01:27,550][0m Trial 685 finished with value: 0.7872022116429849 and parameters: {'n_estimators': 254, 'min_samples_split': 0.09597909799591346, 'min_samples_leaf': 0.14651868438141552, 'min_weight_fraction_leaf': 0.016395229380525282, 'max_features': 0.8883538711812148, 'bootstrap': False, 'max_samples': 0.913457161967434}. Best is trial 394 with value: 0.8941171376114454.[0m
[32m[I 2022-04-13 22:02:27,005][0m Trial 686 finished with value: 0.8917739546652168 and parameters: {'n_estimators': 272, 'min_samples_split': 0.10697076207300141, 'min_samples_leaf': 0.06120159332796414, 'min_weight_fraction_leaf': 0.054209533336550784, 'max_features': 0.7625981830417343, 'bootstrap': False, 'max_samples': 0.398746082284863}. Best is trial 394 with value: 0.8941171376114454.[0m
[32m[I 2022-04-13 22:03:54,628][0m Trial 687 finished with value: 0.8895943893670848 and parameters: {'n_estimators': 360, 'min_samples_split': 0.16643941588381042, 'min_samples_leaf': 0.03997540754691183, 'min_weight_fraction_leaf': 0.02404800333039421, 'max_features': 0.8494332695209057, 'bootstrap': False, 'max_samples': 0.018494719952654733}. Best is trial 394 with value: 0.8941171376114454.[0m
[32m[I 2022-04-13 22:04:25,912][0m Trial 688 finished with value: 0.8839983175246132 and parameters: {'n_estimators': 306, 'min_samples_split': 0.14251058894110782, 'min_samples_leaf': 0.19401605668873972, 'min_weight_fraction_leaf': 0.008381424990175284, 'max_features': 0.8162484739550405, 'bootstrap': False, 'max_samples': 0.9462714791962746}. Best is trial 394 with value: 0.8941171376114454.[0m
[32m[I 2022-04-13 22:05:02,492][0m Trial 689 finished with value: 0.7796605883111623 and parameters: {'n_estimators': 282, 'min_samples_split': 0.11875990604057497, 'min_samples_leaf': 0.09033840967296573, 'min_weight_fraction_leaf': 0.2879693786731381, 'max_features': 0.782326483948685, 'bootstrap': False, 'max_samples': 0.9324024136071427}. Best is trial 394 with value: 0.8941171376114454.[0m
[32m[I 2022-04-13 22:05:47,090][0m Trial 690 finished with value: 0.8914797235880471 and parameters: {'n_estimators': 193, 'min_samples_split': 0.1336971495498113, 'min_samples_leaf': 0.05437560953873897, 'min_weight_fraction_leaf': 0.03665373769420556, 'max_features': 0.8703796598801365, 'bootstrap': False, 'max_samples': 0.16542029592372792}. Best is trial 394 with value: 0.8941171376114454.[0m
[32m[I 2022-04-13 22:05:58,798][0m Trial 691 finished with value: 0.7761526532024502 and parameters: {'n_estimators': 216, 'min_samples_split': 0.1494642366735658, 'min_samples_leaf': 0.31848207230507897, 'min_weight_fraction_leaf': 0.0889333275940418, 'max_features': 0.8349272703909552, 'bootstrap': False, 'max_samples': 0.43242104557876393}. Best is trial 394 with value: 0.8941171376114454.[0m
[32m[I 2022-04-13 22:06:50,398][0m Trial 692 finished with value: 0.893016185287087 and parameters: {'n_estimators': 245, 'min_samples_split': 0.12688284706654557, 'min_samples_leaf': 0.06726195906701576, 'min_weight_fraction_leaf': 0.06842793359096712, 'max_features': 0.8080763901152545, 'bootstrap': False, 'max_samples': 0.8888803387332274}. Best is trial 394 with value: 0.8941171376114454.[0m
[32m[I 2022-04-13 22:07:06,110][0m Trial 693 finished with value: 0.7781485600220673 and parameters: {'n_estimators': 259, 'min_samples_split': 0.2809748882425561, 'min_samples_leaf': 0.08001833652100607, 'min_weight_fraction_leaf': 0.030208106724147844, 'max_features': 0.834295369466151, 'bootstrap': True, 'max_samples': 0.86069420954829, 'oob_score': False}. Best is trial 394 with value: 0.8941171376114454.[0m
[32m[I 2022-04-13 22:08:14,189][0m Trial 694 finished with value: 0.8927432988086448 and parameters: {'n_estimators': 294, 'min_samples_split': 0.13948807899839782, 'min_samples_leaf': 0.04559984583108913, 'min_weight_fraction_leaf': 0.016855281012828297, 'max_features': 0.7905334355426067, 'bootstrap': False, 'max_samples': 0.08735697786610123}. Best is trial 394 with value: 0.8941171376114454.[0m
[32m[I 2022-04-13 22:09:23,595][0m Trial 695 finished with value: 0.8935459756658272 and parameters: {'n_estimators': 329, 'min_samples_split': 0.11291320925086369, 'min_samples_leaf': 0.059967281312696075, 'min_weight_fraction_leaf': 0.04803667613541018, 'max_features': 0.8162409007431285, 'bootstrap': False, 'max_samples': 0.9642916000437199}. Best is trial 394 with value: 0.8941171376114454.[0m
[32m[I 2022-04-13 22:10:49,772][0m Trial 696 finished with value: 0.8924885534218756 and parameters: {'n_estimators': 351, 'min_samples_split': 0.1005369287633136, 'min_samples_leaf': 0.024343901367612043, 'min_weight_fraction_leaf': 0.06640484200679952, 'max_features': 0.7722781394362023, 'bootstrap': False, 'max_samples': 0.964097182991017}. Best is trial 394 with value: 0.8941171376114454.[0m
[32m[I 2022-04-13 22:12:06,552][0m Trial 697 finished with value: 0.8905205284911698 and parameters: {'n_estimators': 339, 'min_samples_split': 0.08592155867862031, 'min_samples_leaf': 0.052925582154537486, 'min_weight_fraction_leaf': 0.050527369135968295, 'max_features': 0.8091402607571592, 'bootstrap': False, 'max_samples': 0.9849528497221703}. Best is trial 394 with value: 0.8941171376114454.[0m
[32m[I 2022-04-13 22:12:53,139][0m Trial 698 finished with value: 0.8914240261593644 and parameters: {'n_estimators': 326, 'min_samples_split': 0.10850732559832306, 'min_samples_leaf': 0.036042276786227234, 'min_weight_fraction_leaf': 0.05848339141384118, 'max_features': 0.40023176402300203, 'bootstrap': False, 'max_samples': 0.9081620445208671}. Best is trial 394 with value: 0.8941171376114454.[0m
[32m[I 2022-04-13 22:14:02,674][0m Trial 699 finished with value: 0.8895146202485569 and parameters: {'n_estimators': 332, 'min_samples_split': 0.16012837071535208, 'min_samples_leaf': 0.06317970307545821, 'min_weight_fraction_leaf': 0.04571965210332031, 'max_features': 0.8583802190350911, 'bootstrap': False, 'max_samples': 0.8792353276490018}. Best is trial 394 with value: 0.8941171376114454.[0m
[32m[I 2022-04-13 22:14:55,467][0m Trial 700 finished with value: 0.7747217754837925 and parameters: {'n_estimators': 328, 'min_samples_split': 0.4837509887113205, 'min_samples_leaf': 0.04522507933088776, 'min_weight_fraction_leaf': 0.05664858423531138, 'max_features': 0.7450212907821666, 'bootstrap': False, 'max_samples': 0.9448785157925403}. Best is trial 394 with value: 0.8941171376114454.[0m
[32m[I 2022-04-13 22:15:36,777][0m Trial 701 finished with value: 0.8905332988415771 and parameters: {'n_estimators': 201, 'min_samples_split': 0.06687295335021358, 'min_samples_leaf': 0.07449702358817897, 'min_weight_fraction_leaf': 0.048373974426852206, 'max_features': 0.8215756014337224, 'bootstrap': False, 'max_samples': 0.8394466367554186}. Best is trial 394 with value: 0.8941171376114454.[0m
