[32m[I 2022-04-13 16:34:39,601][0m Trial 324 finished with value: 0.8901530050133465 and parameters: {'n_estimators': 202, 'min_samples_split': 0.11561483276697754, 'min_samples_leaf': 0.08471817087745415, 'min_weight_fraction_leaf': 0.06062151958774113, 'max_features': 0.8304379737664406, 'bootstrap': False, 'max_samples': 0.14927030640800237}. Best is trial 219 with value: 0.894041154212266.[0m
[32m[I 2022-04-13 16:35:48,494][0m Trial 325 finished with value: 0.8911845104738265 and parameters: {'n_estimators': 238, 'min_samples_split': 0.12764152681845342, 'min_samples_leaf': 0.04337730629611983, 'min_weight_fraction_leaf': 0.05074654485704446, 'max_features': 0.8751803567039238, 'bootstrap': False, 'max_samples': 0.02951091593238248}. Best is trial 219 with value: 0.894041154212266.[0m
[32m[I 2022-04-13 16:36:32,464][0m Trial 326 finished with value: 0.8921371337749872 and parameters: {'n_estimators': 250, 'min_samples_split': 0.13753935060481276, 'min_samples_leaf': 0.010773918825616626, 'min_weight_fraction_leaf': 0.03771737811635662, 'max_features': 0.3340614198108838, 'bootstrap': False, 'max_samples': 0.0024542261407261923}. Best is trial 219 with value: 0.894041154212266.[0m
[32m[I 2022-04-13 16:37:00,736][0m Trial 327 finished with value: 0.887923358516136 and parameters: {'n_estimators': 274, 'min_samples_split': 0.15206663792707997, 'min_samples_leaf': 0.06864514884630335, 'min_weight_fraction_leaf': 0.06700514888807275, 'max_features': 0.8024326966864418, 'bootstrap': True, 'max_samples': 0.9810922386254813, 'oob_score': False}. Best is trial 219 with value: 0.894041154212266.[0m
[32m[I 2022-04-13 16:38:10,568][0m Trial 328 finished with value: 0.8919264982116344 and parameters: {'n_estimators': 267, 'min_samples_split': 0.09125956101986948, 'min_samples_leaf': 0.056376404896482164, 'min_weight_fraction_leaf': 0.031234925785496196, 'max_features': 0.8247236201032444, 'bootstrap': False, 'max_samples': 0.06773305379332106}. Best is trial 219 with value: 0.894041154212266.[0m
[32m[I 2022-04-13 16:39:35,291][0m Trial 329 finished with value: 0.8910206455319324 and parameters: {'n_estimators': 305, 'min_samples_split': 0.11234037608076422, 'min_samples_leaf': 0.028442219740756673, 'min_weight_fraction_leaf': 0.04273289434780754, 'max_features': 0.7272946943760451, 'bootstrap': False, 'max_samples': 0.9996387193021552}. Best is trial 219 with value: 0.894041154212266.[0m
[32m[I 2022-04-13 16:40:36,439][0m Trial 330 finished with value: 0.8916446743141577 and parameters: {'n_estimators': 251, 'min_samples_split': 0.13138861394436221, 'min_samples_leaf': 0.06626305357370771, 'min_weight_fraction_leaf': 0.052998625006419525, 'max_features': 0.7763390703764705, 'bootstrap': False, 'max_samples': 0.9691292515278267}. Best is trial 219 with value: 0.894041154212266.[0m
[32m[I 2022-04-13 16:41:54,730][0m Trial 331 finished with value: 0.8903157511609348 and parameters: {'n_estimators': 282, 'min_samples_split': 0.14480765610288548, 'min_samples_leaf': 0.04718242917543493, 'min_weight_fraction_leaf': 0.03206027910639213, 'max_features': 0.8477747950922111, 'bootstrap': False, 'max_samples': 0.9539342949766807}. Best is trial 219 with value: 0.894041154212266.[0m
[32m[I 2022-04-13 16:42:45,556][0m Trial 332 finished with value: 0.890866184445821 and parameters: {'n_estimators': 231, 'min_samples_split': 0.12344473823634722, 'min_samples_leaf': 0.0780558186781772, 'min_weight_fraction_leaf': 0.041637041237639776, 'max_features': 0.7953333749667986, 'bootstrap': False, 'max_samples': 0.3567995996441001}. Best is trial 219 with value: 0.894041154212266.[0m
[32m[I 2022-04-13 16:43:19,435][0m Trial 333 finished with value: 0.7207299439739361 and parameters: {'n_estimators': 258, 'min_samples_split': 0.21408735242618854, 'min_samples_leaf': 0.056939954007915905, 'min_weight_fraction_leaf': 0.42832284477163696, 'max_features': 0.8145989688783395, 'bootstrap': False, 'max_samples': 0.9591450598775048}. Best is trial 219 with value: 0.894041154212266.[0m
[32m[I 2022-04-13 16:44:36,731][0m Trial 334 finished with value: 0.8904118567323485 and parameters: {'n_estimators': 270, 'min_samples_split': 0.13843386106722091, 'min_samples_leaf': 0.038439548061784984, 'min_weight_fraction_leaf': 0.01972024406696733, 'max_features': 0.7632648396180758, 'bootstrap': False, 'max_samples': 0.04921486238800754}. Best is trial 219 with value: 0.894041154212266.[0m
[32m[I 2022-04-13 16:45:33,476][0m Trial 335 finished with value: 0.8925939664313429 and parameters: {'n_estimators': 242, 'min_samples_split': 0.1002914572294342, 'min_samples_leaf': 0.06937274027437747, 'min_weight_fraction_leaf': 0.0565698291837332, 'max_features': 0.8326201331161188, 'bootstrap': False, 'max_samples': 0.9788480749194506}. Best is trial 219 with value: 0.894041154212266.[0m
[32m[I 2022-04-13 16:46:53,218][0m Trial 336 finished with value: 0.8918501830684775 and parameters: {'n_estimators': 299, 'min_samples_split': 0.15373198204400226, 'min_samples_leaf': 0.05146467779414505, 'min_weight_fraction_leaf': 0.03055981347932627, 'max_features': 0.7949311632813852, 'bootstrap': False, 'max_samples': 0.9492167007236194}. Best is trial 219 with value: 0.894041154212266.[0m
[32m[I 2022-04-13 16:47:42,651][0m Trial 337 finished with value: 0.8903714648226586 and parameters: {'n_estimators': 187, 'min_samples_split': 0.11782301523017019, 'min_samples_leaf': 0.06309935301834897, 'min_weight_fraction_leaf': 0.07459199925405499, 'max_features': 0.8605562551152924, 'bootstrap': False, 'max_samples': 0.9645067704106439}. Best is trial 219 with value: 0.894041154212266.[0m
[32m[I 2022-04-13 16:48:33,009][0m Trial 338 finished with value: 0.8900349401883698 and parameters: {'n_estimators': 217, 'min_samples_split': 0.13051014249804455, 'min_samples_leaf': 0.07943576986652408, 'min_weight_fraction_leaf': 0.044213978004672014, 'max_features': 0.8151259568081539, 'bootstrap': False, 'max_samples': 0.25038661142146046}. Best is trial 219 with value: 0.894041154212266.[0m
[32m[I 2022-04-13 16:49:55,276][0m Trial 339 finished with value: 0.8912720181961455 and parameters: {'n_estimators': 283, 'min_samples_split': 0.16088712610389286, 'min_samples_leaf': 0.04341349248547369, 'min_weight_fraction_leaf': 0.020336726243940773, 'max_features': 0.8385655861628993, 'bootstrap': False, 'max_samples': 0.024817989742231338}. Best is trial 219 with value: 0.894041154212266.[0m
[32m[I 2022-04-13 16:51:01,206][0m Trial 340 finished with value: 0.8928243873800937 and parameters: {'n_estimators': 258, 'min_samples_split': 0.1389867302265356, 'min_samples_leaf': 0.057285619675266436, 'min_weight_fraction_leaf': 0.06258379039372955, 'max_features': 0.7809668331515067, 'bootstrap': False, 'max_samples': 0.9364625300532728}. Best is trial 219 with value: 0.894041154212266.[0m
[32m[I 2022-04-13 16:52:16,932][0m Trial 341 finished with value: 0.8891490346641351 and parameters: {'n_estimators': 342, 'min_samples_split': 0.11103314065872162, 'min_samples_leaf': 0.08759991712843918, 'min_weight_fraction_leaf': 0.03441778933155966, 'max_features': 0.8092899590847988, 'bootstrap': False, 'max_samples': 0.9827287406485216}. Best is trial 219 with value: 0.894041154212266.[0m
[32m[I 2022-04-13 16:53:41,740][0m Trial 342 finished with value: 0.8900318846851825 and parameters: {'n_estimators': 244, 'min_samples_split': 0.1256259172650653, 'min_samples_leaf': 0.01828508982830642, 'min_weight_fraction_leaf': 0.0501984463965202, 'max_features': 0.8843204339021662, 'bootstrap': False, 'max_samples': 0.999551206751488}. Best is trial 219 with value: 0.894041154212266.[0m
[32m[I 2022-04-13 16:54:40,623][0m Trial 343 finished with value: 0.7752341266286076 and parameters: {'n_estimators': 319, 'min_samples_split': 0.18099300716588, 'min_samples_leaf': 0.06872010775021173, 'min_weight_fraction_leaf': 0.2284204559365416, 'max_features': 0.8560461814409622, 'bootstrap': False, 'max_samples': 0.9462348879639163}. Best is trial 219 with value: 0.894041154212266.[0m
[32m[I 2022-04-13 16:55:51,214][0m Trial 344 finished with value: 0.8869901873435811 and parameters: {'n_estimators': 271, 'min_samples_split': 0.14583568778163167, 'min_samples_leaf': 0.049842794303287946, 'min_weight_fraction_leaf': 0.09043156157147103, 'max_features': 0.8295348981692832, 'bootstrap': False, 'max_samples': 0.9589167668547478}. Best is trial 219 with value: 0.894041154212266.[0m
[32m[I 2022-04-13 16:56:22,065][0m Trial 345 finished with value: 0.8875276908170425 and parameters: {'n_estimators': 232, 'min_samples_split': 0.2647368423616611, 'min_samples_leaf': 0.1653039555882605, 'min_weight_fraction_leaf': 0.022825490273325783, 'max_features': 0.795374692894044, 'bootstrap': False, 'max_samples': 0.0012943009545944495}. Best is trial 219 with value: 0.894041154212266.[0m
[32m[I 2022-04-13 16:56:26,268][0m Trial 346 finished with value: 0.55 and parameters: {'n_estimators': 210, 'min_samples_split': 0.13442736472594047, 'min_samples_leaf': 0.033384997676557386, 'min_weight_fraction_leaf': 0.030879581472911786, 'max_features': 0.8217294594141548, 'bootstrap': True, 'max_samples': 0.03906918337118773, 'oob_score': False}. Best is trial 219 with value: 0.894041154212266.[0m
[32m[I 2022-04-13 16:57:12,677][0m Trial 347 finished with value: 0.8791223838044203 and parameters: {'n_estimators': 254, 'min_samples_split': 0.08494274594945277, 'min_samples_leaf': 0.06004514138001042, 'min_weight_fraction_leaf': 0.20019531178753414, 'max_features': 0.749578986982852, 'bootstrap': False, 'max_samples': 0.9234608027549022}. Best is trial 219 with value: 0.894041154212266.[0m
[32m[I 2022-04-13 16:58:18,359][0m Trial 348 finished with value: 0.8902291941769921 and parameters: {'n_estimators': 300, 'min_samples_split': 0.12010433177538857, 'min_samples_leaf': 0.0763912869394649, 'min_weight_fraction_leaf': 0.014288507640591513, 'max_features': 0.7665751039333187, 'bootstrap': False, 'max_samples': 0.9744180741823119}. Best is trial 219 with value: 0.894041154212266.[0m
[32m[I 2022-04-13 16:59:42,795][0m Trial 349 finished with value: 0.8907550930235981 and parameters: {'n_estimators': 290, 'min_samples_split': 0.10442200218611003, 'min_samples_leaf': 0.0426384659278151, 'min_weight_fraction_leaf': 0.044750295882057034, 'max_features': 0.8488385195948178, 'bootstrap': False, 'max_samples': 0.8909688020708356}. Best is trial 219 with value: 0.894041154212266.[0m
[32m[I 2022-04-13 17:00:51,512][0m Trial 350 finished with value: 0.8929084506505502 and parameters: {'n_estimators': 266, 'min_samples_split': 0.14716432785214248, 'min_samples_leaf': 0.05594250030944413, 'min_weight_fraction_leaf': 0.037753983454872964, 'max_features': 0.8048407067385142, 'bootstrap': False, 'max_samples': 0.9333157336999239}. Best is trial 219 with value: 0.894041154212266.[0m
[32m[I 2022-04-13 17:01:50,787][0m Trial 351 finished with value: 0.8901798482662207 and parameters: {'n_estimators': 242, 'min_samples_split': 0.1590490966854776, 'min_samples_leaf': 0.06443690750067489, 'min_weight_fraction_leaf': 0.05396723789694119, 'max_features': 0.7834412820717482, 'bootstrap': False, 'max_samples': 0.9589856939732451}. Best is trial 219 with value: 0.894041154212266.[0m
[32m[I 2022-04-13 17:02:44,370][0m Trial 352 finished with value: 0.8908320164183848 and parameters: {'n_estimators': 280, 'min_samples_split': 0.13025323864503882, 'min_samples_leaf': 0.07315318758232355, 'min_weight_fraction_leaf': 0.06686978075149254, 'max_features': 0.6429802866526689, 'bootstrap': False, 'max_samples': 0.9804520994278592}. Best is trial 219 with value: 0.894041154212266.[0m
[32m[I 2022-04-13 17:03:46,050][0m Trial 353 finished with value: 0.8909698321035149 and parameters: {'n_estimators': 222, 'min_samples_split': 0.1138747027124713, 'min_samples_leaf': 0.05260257123361076, 'min_weight_fraction_leaf': 0.017721556366983023, 'max_features': 0.8348486071896801, 'bootstrap': False, 'max_samples': 0.9046542100533972}. Best is trial 219 with value: 0.894041154212266.[0m
[32m[I 2022-04-13 17:05:08,407][0m Trial 354 finished with value: 0.8888570227449669 and parameters: {'n_estimators': 250, 'min_samples_split': 0.13981425523663774, 'min_samples_leaf': 0.024982405985715023, 'min_weight_fraction_leaf': 0.027496896219915152, 'max_features': 0.815946115393396, 'bootstrap': False, 'max_samples': 0.6393971920181478}. Best is trial 219 with value: 0.894041154212266.[0m
[32m[I 2022-04-13 17:06:04,256][0m Trial 355 finished with value: 0.889350653513951 and parameters: {'n_estimators': 268, 'min_samples_split': 0.17038411158108055, 'min_samples_leaf': 0.0892265247586595, 'min_weight_fraction_leaf': 0.009186029325054228, 'max_features': 0.7955699892696945, 'bootstrap': False, 'max_samples': 0.023994134803789757}. Best is trial 219 with value: 0.894041154212266.[0m
[32m[I 2022-04-13 17:06:18,595][0m Trial 356 finished with value: 0.7728238044401141 and parameters: {'n_estimators': 258, 'min_samples_split': 0.12563132637927857, 'min_samples_leaf': 0.3561401881941255, 'min_weight_fraction_leaf': 0.11512183739291973, 'max_features': 0.8673959939290068, 'bootstrap': False, 'max_samples': 0.1737599487588983}. Best is trial 219 with value: 0.894041154212266.[0m
[32m[I 2022-04-13 17:07:30,692][0m Trial 357 finished with value: 0.8896557962287013 and parameters: {'n_estimators': 236, 'min_samples_split': 0.15452867244781324, 'min_samples_leaf': 0.03834462615683818, 'min_weight_fraction_leaf': 0.03923678726114391, 'max_features': 0.8411634345533128, 'bootstrap': False, 'max_samples': 0.09532045621420526}. Best is trial 219 with value: 0.894041154212266.[0m
[32m[I 2022-04-13 17:08:41,701][0m Trial 358 finished with value: 0.8928177745088878 and parameters: {'n_estimators': 285, 'min_samples_split': 0.10108818779840528, 'min_samples_leaf': 0.06766789722859592, 'min_weight_fraction_leaf': 0.04951690359567204, 'max_features': 0.8199045639917835, 'bootstrap': False, 'max_samples': 0.9411994639840668}. Best is trial 219 with value: 0.894041154212266.[0m
[32m[I 2022-04-13 17:10:02,237][0m Trial 359 finished with value: 0.8909148056895356 and parameters: {'n_estimators': 300, 'min_samples_split': 0.13318670982460692, 'min_samples_leaf': 0.045910250522744736, 'min_weight_fraction_leaf': 0.025819987923461418, 'max_features': 0.7711656740567224, 'bootstrap': False, 'max_samples': 0.9613645922135154}. Best is trial 219 with value: 0.894041154212266.[0m
[32m[I 2022-04-13 17:11:23,884][0m Trial 360 finished with value: 0.8930743366963443 and parameters: {'n_estimators': 322, 'min_samples_split': 0.12110689642617836, 'min_samples_leaf': 0.060365555770536955, 'min_weight_fraction_leaf': 0.057540445359067605, 'max_features': 0.7973719245147715, 'bootstrap': False, 'max_samples': 0.3893327807039758}. Best is trial 219 with value: 0.894041154212266.[0m
[32m[I 2022-04-13 17:12:20,171][0m Trial 361 finished with value: 0.8902031484007569 and parameters: {'n_estimators': 230, 'min_samples_split': 0.13921898114489104, 'min_samples_leaf': 0.0783841863295216, 'min_weight_fraction_leaf': 0.03153976643534364, 'max_features': 0.859741357031425, 'bootstrap': False, 'max_samples': 0.4691713894153674}. Best is trial 219 with value: 0.894041154212266.[0m
[32m[I 2022-04-13 17:12:25,578][0m Trial 362 finished with value: 0.7648029203018621 and parameters: {'n_estimators': 276, 'min_samples_split': 0.11138744186405569, 'min_samples_leaf': 0.054305409923787684, 'min_weight_fraction_leaf': 0.3287867650205252, 'max_features': 0.03041298738801662, 'bootstrap': False, 'max_samples': 0.32014636530141183}. Best is trial 219 with value: 0.894041154212266.[0m
[32m[I 2022-04-13 17:13:16,933][0m Trial 363 finished with value: 0.7744005992630368 and parameters: {'n_estimators': 259, 'min_samples_split': 0.49258270560794504, 'min_samples_leaf': 0.03418165965476486, 'min_weight_fraction_leaf': 0.08054778625168268, 'max_features': 0.7389277861937054, 'bootstrap': False, 'max_samples': 0.9179610334094108}. Best is trial 219 with value: 0.894041154212266.[0m
[32m[I 2022-04-13 17:13:38,154][0m Trial 364 finished with value: 0.7731846563151189 and parameters: {'n_estimators': 207, 'min_samples_split': 0.1450088812375158, 'min_samples_leaf': 0.23647516353605655, 'min_weight_fraction_leaf': 0.01611594457907313, 'max_features': 0.8299699684825299, 'bootstrap': False, 'max_samples': 0.9444264574066917}. Best is trial 219 with value: 0.894041154212266.[0m
[32m[I 2022-04-13 17:13:49,721][0m Trial 365 finished with value: 0.774724277354683 and parameters: {'n_estimators': 246, 'min_samples_split': 0.12368651816793197, 'min_samples_leaf': 0.1967302256174239, 'min_weight_fraction_leaf': 0.04581651182399056, 'max_features': 0.8106663395551295, 'bootstrap': True, 'max_samples': 0.9858279882468518, 'oob_score': True}. Best is trial 219 with value: 0.894041154212266.[0m
[32m[I 2022-04-13 17:14:02,185][0m Trial 366 finished with value: 0.7782673868797625 and parameters: {'n_estimators': 268, 'min_samples_split': 0.09273785883625592, 'min_samples_leaf': 0.06771930395314613, 'min_weight_fraction_leaf': 0.06552374428030677, 'max_features': 0.11062729399303928, 'bootstrap': False, 'max_samples': 0.8820631645246092}. Best is trial 219 with value: 0.894041154212266.[0m
[32m[I 2022-04-13 17:14:57,027][0m Trial 367 finished with value: 0.7750248871816316 and parameters: {'n_estimators': 293, 'min_samples_split': 0.1342317977453018, 'min_samples_leaf': 0.04737953787358316, 'min_weight_fraction_leaf': 0.23991724751654145, 'max_features': 0.7833115084217765, 'bootstrap': False, 'max_samples': 0.9361139207030204}. Best is trial 219 with value: 0.894041154212266.[0m
[32m[I 2022-04-13 17:16:00,346][0m Trial 368 finished with value: 0.8931240340992119 and parameters: {'n_estimators': 251, 'min_samples_split': 0.15035072030265917, 'min_samples_leaf': 0.06270416943182011, 'min_weight_fraction_leaf': 0.010202546993376119, 'max_features': 0.8429768872316094, 'bootstrap': False, 'max_samples': 0.04882425581556212}. Best is trial 219 with value: 0.894041154212266.[0m
[32m[I 2022-04-13 17:16:45,421][0m Trial 369 finished with value: 0.8861823187691582 and parameters: {'n_estimators': 222, 'min_samples_split': 0.11431401043411912, 'min_samples_leaf': 0.10177358476974473, 'min_weight_fraction_leaf': 0.03546130392754139, 'max_features': 0.8072112456592211, 'bootstrap': False, 'max_samples': 0.9732691401713073}. Best is trial 219 with value: 0.894041154212266.[0m
[32m[I 2022-04-13 17:16:54,142][0m Trial 370 finished with value: 0.7250483817552056 and parameters: {'n_estimators': 311, 'min_samples_split': 0.12721164088040493, 'min_samples_leaf': 0.4533498266006425, 'min_weight_fraction_leaf': 0.022677635714482627, 'max_features': 0.8726439138769698, 'bootstrap': False, 'max_samples': 0.9599107377412638}. Best is trial 219 with value: 0.894041154212266.[0m
[32m[I 2022-04-13 17:17:49,059][0m Trial 371 finished with value: 0.8906624917310386 and parameters: {'n_estimators': 240, 'min_samples_split': 0.14534197364129867, 'min_samples_leaf': 0.08312267675585144, 'min_weight_fraction_leaf': 0.041412052967069325, 'max_features': 0.8265551688887909, 'bootstrap': False, 'max_samples': 0.9051311128093059}. Best is trial 219 with value: 0.894041154212266.[0m
[32m[I 2022-04-13 17:18:59,019][0m Trial 372 finished with value: 0.888583130682264 and parameters: {'n_estimators': 275, 'min_samples_split': 0.16467444112223462, 'min_samples_leaf': 0.05182324136780128, 'min_weight_fraction_leaf': 0.000151226026807129, 'max_features': 0.7608177866209668, 'bootstrap': False, 'max_samples': 0.9236229279645414}. Best is trial 219 with value: 0.894041154212266.[0m
[32m[I 2022-04-13 17:19:54,336][0m Trial 373 finished with value: 0.8890324684248252 and parameters: {'n_estimators': 260, 'min_samples_split': 0.24223480918446055, 'min_samples_leaf': 0.0747014842611062, 'min_weight_fraction_leaf': 0.0524644568054093, 'max_features': 0.7868618037462248, 'bootstrap': False, 'max_samples': 0.020254884931470457}. Best is trial 219 with value: 0.894041154212266.[0m
[32m[I 2022-04-13 17:21:01,431][0m Trial 374 finished with value: 0.8864840342744003 and parameters: {'n_estimators': 285, 'min_samples_split': 0.20197523397517822, 'min_samples_leaf': 0.04164030805071867, 'min_weight_fraction_leaf': 0.02362340178461487, 'max_features': 0.7071789550113639, 'bootstrap': False, 'max_samples': 0.9863419863148246}. Best is trial 219 with value: 0.894041154212266.[0m
[32m[I 2022-04-13 17:21:43,198][0m Trial 375 finished with value: 0.7788065302020701 and parameters: {'n_estimators': 232, 'min_samples_split': 0.10638701983070296, 'min_samples_leaf': 0.05811971145378726, 'min_weight_fraction_leaf': 0.29296402202608507, 'max_features': 0.8465252692673452, 'bootstrap': False, 'max_samples': 0.075324357954275}. Best is trial 219 with value: 0.894041154212266.[0m
[32m[I 2022-04-13 17:22:41,493][0m Trial 376 finished with value: 0.8919786752882999 and parameters: {'n_estimators': 248, 'min_samples_split': 0.13433964278719046, 'min_samples_leaf': 0.07117981830722073, 'min_weight_fraction_leaf': 0.03238741152589275, 'max_features': 0.8088061046795584, 'bootstrap': False, 'max_samples': 0.9474755238487866}. Best is trial 219 with value: 0.894041154212266.[0m
[32m[I 2022-04-13 17:24:05,315][0m Trial 377 finished with value: 0.8900154372931581 and parameters: {'n_estimators': 264, 'min_samples_split': 0.1182273527534769, 'min_samples_leaf': 0.02859019554651151, 'min_weight_fraction_leaf': 0.013115378196262833, 'max_features': 0.8259371686993757, 'bootstrap': False, 'max_samples': 0.9714898523823438}. Best is trial 219 with value: 0.894041154212266.[0m
