[32m[I 2022-04-14 12:48:01,454][0m Trial 565 finished with value: 0.7691209310767322 and parameters: {'n_estimators': 472, 'min_samples_split': 0.011271194892772497, 'min_samples_leaf': 0.19024635906200135, 'min_weight_fraction_leaf': 0.01974454723054215, 'max_features': 0.537499478011129, 'bootstrap': False, 'max_samples': 0.5255007009376399}. Best is trial 525 with value: 0.7931633376737273.[0m
[32m[I 2022-04-14 12:51:51,913][0m Trial 566 finished with value: 0.7911454766688507 and parameters: {'n_estimators': 403, 'min_samples_split': 0.019216647695254437, 'min_samples_leaf': 0.0010565827621414562, 'min_weight_fraction_leaf': 0.009010404797491788, 'max_features': 0.5854075852227179, 'bootstrap': False, 'max_samples': 0.5984454446496119}. Best is trial 525 with value: 0.7931633376737273.[0m
[32m[I 2022-04-14 12:53:44,564][0m Trial 567 finished with value: 0.7843287642651131 and parameters: {'n_estimators': 487, 'min_samples_split': 0.009758154607081682, 'min_samples_leaf': 0.01954891204246617, 'min_weight_fraction_leaf': 0.01725040915952549, 'max_features': 0.5586309885862887, 'bootstrap': False, 'max_samples': 0.5529585916652094}. Best is trial 525 with value: 0.7931633376737273.[0m
[32m[I 2022-04-14 12:55:59,183][0m Trial 568 finished with value: 0.7756085260226377 and parameters: {'n_estimators': 438, 'min_samples_split': 0.021076481704239296, 'min_samples_leaf': 0.03149875163031435, 'min_weight_fraction_leaf': 0.0004458360648653282, 'max_features': 0.9663697080179364, 'bootstrap': False, 'max_samples': 0.5778304699999988}. Best is trial 525 with value: 0.7931633376737273.[0m
[32m[I 2022-04-14 12:57:04,854][0m Trial 569 finished with value: 0.7701321571291689 and parameters: {'n_estimators': 463, 'min_samples_split': 0.011111117033691014, 'min_samples_leaf': 0.009867530263283861, 'min_weight_fraction_leaf': 0.14393901001523302, 'max_features': 0.5178908846899407, 'bootstrap': False, 'max_samples': 0.5290529324755245}. Best is trial 525 with value: 0.7931633376737273.[0m
[32m[I 2022-04-14 12:59:02,378][0m Trial 570 finished with value: 0.7850071645970792 and parameters: {'n_estimators': 493, 'min_samples_split': 0.023619890242659813, 'min_samples_leaf': 0.020971080878432143, 'min_weight_fraction_leaf': 0.009148073337314926, 'max_features': 0.5754017241626439, 'bootstrap': False, 'max_samples': 0.6272816800814156}. Best is trial 525 with value: 0.7931633376737273.[0m
[32m[I 2022-04-14 13:01:39,675][0m Trial 571 finished with value: 0.7903106087745334 and parameters: {'n_estimators': 453, 'min_samples_split': 0.01007662042437187, 'min_samples_leaf': 0.0011051083692388986, 'min_weight_fraction_leaf': 0.017982621865788563, 'max_features': 0.5444934324651689, 'bootstrap': False, 'max_samples': 0.5641353423255772}. Best is trial 525 with value: 0.7931633376737273.[0m
[32m[I 2022-04-14 13:02:55,145][0m Trial 572 finished with value: 0.7732064950335633 and parameters: {'n_estimators': 418, 'min_samples_split': 0.2324939431201629, 'min_samples_leaf': 0.029350975938727437, 'min_weight_fraction_leaf': 0.0006583919720982722, 'max_features': 0.5766980821594642, 'bootstrap': False, 'max_samples': 0.6067639369606121}. Best is trial 525 with value: 0.7931633376737273.[0m
[32m[I 2022-04-14 13:05:04,527][0m Trial 573 finished with value: 0.790462507220278 and parameters: {'n_estimators': 505, 'min_samples_split': 0.020608797776767496, 'min_samples_leaf': 0.01034577625262548, 'min_weight_fraction_leaf': 0.022469409443942188, 'max_features': 0.5328653570916312, 'bootstrap': False, 'max_samples': 0.5745027840352898}. Best is trial 525 with value: 0.7931633376737273.[0m
[32m[I 2022-04-14 13:05:33,785][0m Trial 574 finished with value: 0.7636740218842633 and parameters: {'n_estimators': 492, 'min_samples_split': 0.0013195015837032652, 'min_samples_leaf': 0.2024435790733903, 'min_weight_fraction_leaf': 0.009492746585354405, 'max_features': 0.5575875757439624, 'bootstrap': False, 'max_samples': 0.5567425399025662}. Best is trial 525 with value: 0.7931633376737273.[0m
[32m[I 2022-04-14 13:07:07,467][0m Trial 575 finished with value: 0.7833166292393546 and parameters: {'n_estimators': 453, 'min_samples_split': 0.02025168691544358, 'min_samples_leaf': 0.02110043041795383, 'min_weight_fraction_leaf': 0.009831535013018493, 'max_features': 0.4810945569315097, 'bootstrap': False, 'max_samples': 0.5238490446634214}. Best is trial 525 with value: 0.7931633376737273.[0m
[32m[I 2022-04-14 13:07:28,156][0m Trial 576 finished with value: 0.7561627378051767 and parameters: {'n_estimators': 430, 'min_samples_split': 0.01059624887418919, 'min_samples_leaf': 0.2600535533549511, 'min_weight_fraction_leaf': 0.08917204254046845, 'max_features': 0.5837494551303178, 'bootstrap': False, 'max_samples': 0.5823251566140788}. Best is trial 525 with value: 0.7931633376737273.[0m
[32m[I 2022-04-14 13:07:56,238][0m Trial 577 finished with value: 0.7529163259375425 and parameters: {'n_estimators': 527, 'min_samples_split': 0.0250200934364038, 'min_samples_leaf': 0.23068111191628743, 'min_weight_fraction_leaf': 0.019276379190238464, 'max_features': 0.5418216350560333, 'bootstrap': False, 'max_samples': 0.5440300665210395}. Best is trial 525 with value: 0.7931633376737273.[0m
[32m[I 2022-04-14 13:09:58,151][0m Trial 578 finished with value: 0.7842809944493375 and parameters: {'n_estimators': 476, 'min_samples_split': 0.009970256957353941, 'min_samples_leaf': 0.01690962542188062, 'min_weight_fraction_leaf': 0.00967412468410649, 'max_features': 0.5627209625295254, 'bootstrap': False, 'max_samples': 0.6169398307203015}. Best is trial 525 with value: 0.7931633376737273.[0m
[32m[I 2022-04-14 13:10:54,546][0m Trial 579 finished with value: 0.7556479717513522 and parameters: {'n_estimators': 572, 'min_samples_split': 0.017267227998591896, 'min_samples_leaf': 0.00986663926270643, 'min_weight_fraction_leaf': 0.30287775704678965, 'max_features': 0.5153074721803597, 'bootstrap': False, 'max_samples': 0.5431315329500463}. Best is trial 525 with value: 0.7931633376737273.[0m
[32m[I 2022-04-14 13:11:16,110][0m Trial 580 finished with value: 0.755599671868902 and parameters: {'n_estimators': 596, 'min_samples_split': 0.44069586563876095, 'min_samples_leaf': 0.31736964119127464, 'min_weight_fraction_leaf': 0.024579151713941875, 'max_features': 0.5911651550705408, 'bootstrap': False, 'max_samples': 0.5880160915026229}. Best is trial 525 with value: 0.7931633376737273.[0m
[32m[I 2022-04-14 13:12:55,914][0m Trial 581 finished with value: 0.7855485280335816 and parameters: {'n_estimators': 496, 'min_samples_split': 0.0016481299513587226, 'min_samples_leaf': 0.030251033821563796, 'min_weight_fraction_leaf': 5.497982818227225e-06, 'max_features': 0.5487673376253611, 'bootstrap': False, 'max_samples': 0.6477935621975145}. Best is trial 525 with value: 0.7931633376737273.[0m
[32m[I 2022-04-14 13:16:02,265][0m Trial 582 finished with value: 0.790193740309572 and parameters: {'n_estimators': 520, 'min_samples_split': 0.022632012274823306, 'min_samples_leaf': 0.0101447592511753, 'min_weight_fraction_leaf': 1.0921710458657724e-05, 'max_features': 0.5815556977226505, 'bootstrap': False, 'max_samples': 0.5622306128303552}. Best is trial 525 with value: 0.7931633376737273.[0m
[32m[I 2022-04-14 13:16:44,148][0m Trial 583 finished with value: 0.7768930796033269 and parameters: {'n_estimators': 648, 'min_samples_split': 0.0011825436791224487, 'min_samples_leaf': 0.03827663912957738, 'min_weight_fraction_leaf': 0.00011776211241458327, 'max_features': 0.5291962034305926, 'bootstrap': True, 'max_samples': 0.5221029090292353, 'oob_score': True}. Best is trial 525 with value: 0.7931633376737273.[0m
[32m[I 2022-04-14 13:18:57,711][0m Trial 584 finished with value: 0.7845298364091225 and parameters: {'n_estimators': 395, 'min_samples_split': 0.0010718590622034434, 'min_samples_leaf': 0.021101587766894737, 'min_weight_fraction_leaf': 0.018054563166935975, 'max_features': 0.5642859780697349, 'bootstrap': False, 'max_samples': 0.6027198069795412}. Best is trial 525 with value: 0.7931633376737273.[0m
[32m[I 2022-04-14 13:21:50,854][0m Trial 585 finished with value: 0.7840194889828923 and parameters: {'n_estimators': 554, 'min_samples_split': 0.013965064967084035, 'min_samples_leaf': 0.009650256761099844, 'min_weight_fraction_leaf': 0.03211467683086717, 'max_features': 0.5827288767736886, 'bootstrap': False, 'max_samples': 0.5448035284017387}. Best is trial 525 with value: 0.7931633376737273.[0m
[32m[I 2022-04-14 13:24:01,395][0m Trial 586 finished with value: 0.7846386434681774 and parameters: {'n_estimators': 468, 'min_samples_split': 0.02358234020237778, 'min_samples_leaf': 0.02629525671101815, 'min_weight_fraction_leaf': 0.012291006214224381, 'max_features': 0.5525463365905866, 'bootstrap': False, 'max_samples': 0.5826613845089602}. Best is trial 525 with value: 0.7931633376737273.[0m
[32m[I 2022-04-14 13:30:11,715][0m Trial 587 finished with value: 0.7910548311795408 and parameters: {'n_estimators': 615, 'min_samples_split': 0.01247907313526946, 'min_samples_leaf': 0.0010745138641172526, 'min_weight_fraction_leaf': 0.02435304312048238, 'max_features': 0.5981398361498095, 'bootstrap': False, 'max_samples': 0.510965111979271}. Best is trial 525 with value: 0.7931633376737273.[0m
[32m[I 2022-04-14 13:31:44,971][0m Trial 588 finished with value: 0.7774186009711006 and parameters: {'n_estimators': 585, 'min_samples_split': 0.027353132328554117, 'min_samples_leaf': 0.017651596435383027, 'min_weight_fraction_leaf': 0.01033503890043927, 'max_features': 0.17320764486929147, 'bootstrap': False, 'max_samples': 0.6317502614892538}. Best is trial 525 with value: 0.7931633376737273.[0m
[32m[I 2022-04-14 13:37:17,870][0m Trial 589 finished with value: 0.7843762162311567 and parameters: {'n_estimators': 541, 'min_samples_split': 0.01111976462104104, 'min_samples_leaf': 0.001032094843087519, 'min_weight_fraction_leaf': 0.017813984086021747, 'max_features': 0.5039534376750026, 'bootstrap': False, 'max_samples': 0.5755761495062044}. Best is trial 525 with value: 0.7931633376737273.[0m
[32m[I 2022-04-14 13:39:09,226][0m Trial 590 finished with value: 0.7845127515795259 and parameters: {'n_estimators': 509, 'min_samples_split': 0.025253458271595416, 'min_samples_leaf': 0.034953893103580734, 'min_weight_fraction_leaf': 0.009255133314456534, 'max_features': 0.5693773139520151, 'bootstrap': False, 'max_samples': 0.5989802578302106}. Best is trial 525 with value: 0.7931633376737273.[0m
[32m[I 2022-04-14 13:41:11,904][0m Trial 591 finished with value: 0.7839225733003159 and parameters: {'n_estimators': 431, 'min_samples_split': 0.016794678533130776, 'min_samples_leaf': 0.018268767329755034, 'min_weight_fraction_leaf': 0.02770142334886849, 'max_features': 0.5310688976512052, 'bootstrap': False, 'max_samples': 0.5653122905908221}. Best is trial 525 with value: 0.7931633376737273.[0m
[32m[I 2022-04-14 13:45:10,479][0m Trial 592 finished with value: 0.7913257839661385 and parameters: {'n_estimators': 493, 'min_samples_split': 0.0010052256425737787, 'min_samples_leaf': 0.011652376394546497, 'min_weight_fraction_leaf': 0.008697728696996056, 'max_features': 0.5543397312055408, 'bootstrap': False, 'max_samples': 0.5358945586833573}. Best is trial 525 with value: 0.7931633376737273.[0m
[32m[I 2022-04-14 13:47:20,047][0m Trial 593 finished with value: 0.7842583578459161 and parameters: {'n_estimators': 500, 'min_samples_split': 0.008780288225451724, 'min_samples_leaf': 0.02618949790278472, 'min_weight_fraction_leaf': 0.018812771802607788, 'max_features': 0.5929768940664878, 'bootstrap': False, 'max_samples': 0.5405118272006723}. Best is trial 525 with value: 0.7931633376737273.[0m
[32m[I 2022-04-14 13:49:55,430][0m Trial 594 finished with value: 0.7841333666632737 and parameters: {'n_estimators': 556, 'min_samples_split': 0.02637478831141052, 'min_samples_leaf': 0.00985142831087061, 'min_weight_fraction_leaf': 0.029087629048964083, 'max_features': 0.45840899640567334, 'bootstrap': False, 'max_samples': 0.5369906990265492}. Best is trial 525 with value: 0.7931633376737273.[0m
[32m[I 2022-04-14 13:53:04,605][0m Trial 595 finished with value: 0.7839550470024378 and parameters: {'n_estimators': 539, 'min_samples_split': 0.0010768028821907596, 'min_samples_leaf': 0.019428150334735442, 'min_weight_fraction_leaf': 0.016212687980412064, 'max_features': 0.5397490948527255, 'bootstrap': False, 'max_samples': 0.5159122380010751}. Best is trial 525 with value: 0.7931633376737273.[0m
[32m[I 2022-04-14 13:53:48,962][0m Trial 596 finished with value: 0.7774805896016064 and parameters: {'n_estimators': 575, 'min_samples_split': 0.3608152911716179, 'min_samples_leaf': 0.039958611973085846, 'min_weight_fraction_leaf': 0.009492185747811363, 'max_features': 0.5254647196946846, 'bootstrap': False, 'max_samples': 0.538402702690048}. Best is trial 525 with value: 0.7931633376737273.[0m
[32m[I 2022-04-14 13:57:27,289][0m Trial 597 finished with value: 0.7842351114271743 and parameters: {'n_estimators': 671, 'min_samples_split': 0.01704317122393563, 'min_samples_leaf': 0.0010301918561908697, 'min_weight_fraction_leaf': 0.03726352185601178, 'max_features': 0.4965170111089162, 'bootstrap': False, 'max_samples': 0.5122594448285408}. Best is trial 525 with value: 0.7931633376737273.[0m
[32m[I 2022-04-14 13:59:23,830][0m Trial 598 finished with value: 0.7849010725083663 and parameters: {'n_estimators': 483, 'min_samples_split': 0.010036848722204008, 'min_samples_leaf': 0.02719735151429123, 'min_weight_fraction_leaf': 0.024731878510253026, 'max_features': 0.5748984502828213, 'bootstrap': False, 'max_samples': 0.5614729996431875}. Best is trial 525 with value: 0.7931633376737273.[0m
[32m[I 2022-04-14 14:04:09,281][0m Trial 599 finished with value: 0.7928097691240878 and parameters: {'n_estimators': 517, 'min_samples_split': 0.0010764855423425566, 'min_samples_leaf': 0.00992878419542061, 'min_weight_fraction_leaf': 0.010263213516779099, 'max_features': 0.5491785203229375, 'bootstrap': False, 'max_samples': 0.5893093586445087}. Best is trial 525 with value: 0.7931633376737273.[0m
[32m[I 2022-04-14 14:08:03,016][0m Trial 600 finished with value: 0.7845506819388183 and parameters: {'n_estimators': 515, 'min_samples_split': 0.007624280559614668, 'min_samples_leaf': 0.011930170234027603, 'min_weight_fraction_leaf': 0.00806112485488759, 'max_features': 0.5480378084436526, 'bootstrap': False, 'max_samples': 0.6020115955149791}. Best is trial 525 with value: 0.7931633376737273.[0m
[32m[I 2022-04-14 14:12:24,406][0m Trial 601 finished with value: 0.7890842007339971 and parameters: {'n_estimators': 527, 'min_samples_split': 0.001599734079423213, 'min_samples_leaf': 0.009521805284886333, 'min_weight_fraction_leaf': 0.009298305580344722, 'max_features': 0.5201329689382994, 'bootstrap': False, 'max_samples': 0.6168260428115748}. Best is trial 525 with value: 0.7931633376737273.[0m
[32m[I 2022-04-14 14:13:27,543][0m Trial 602 finished with value: 0.7869560077136033 and parameters: {'n_estimators': 515, 'min_samples_split': 0.0018604436378269007, 'min_samples_leaf': 0.019129312351297348, 'min_weight_fraction_leaf': 0.008640679426615084, 'max_features': 0.553309825736932, 'bootstrap': True, 'max_samples': 0.5879978267325611, 'oob_score': False}. Best is trial 525 with value: 0.7931633376737273.[0m
[32m[I 2022-04-14 14:17:20,250][0m Trial 603 finished with value: 0.7843937663863716 and parameters: {'n_estimators': 487, 'min_samples_split': 0.0011309306068039348, 'min_samples_leaf': 0.0015592050583016406, 'min_weight_fraction_leaf': 0.01968618539983919, 'max_features': 0.5683938197691453, 'bootstrap': False, 'max_samples': 0.5747591883356141}. Best is trial 525 with value: 0.7931633376737273.[0m
[32m[I 2022-04-14 14:18:55,034][0m Trial 604 finished with value: 0.7853985658652731 and parameters: {'n_estimators': 469, 'min_samples_split': 0.016196930821142628, 'min_samples_leaf': 0.030427143818443123, 'min_weight_fraction_leaf': 0.01658146630206706, 'max_features': 0.5418815083017352, 'bootstrap': False, 'max_samples': 0.7046982573952654}. Best is trial 525 with value: 0.7931633376737273.[0m
[32m[I 2022-04-14 14:21:01,217][0m Trial 605 finished with value: 0.7816007790310682 and parameters: {'n_estimators': 566, 'min_samples_split': 0.133082693115065, 'min_samples_leaf': 0.009996929562551415, 'min_weight_fraction_leaf': 0.0008951524359988183, 'max_features': 0.5044970753440381, 'bootstrap': False, 'max_samples': 0.628079684683848}. Best is trial 525 with value: 0.7931633376737273.[0m
[32m[I 2022-04-14 14:23:20,803][0m Trial 606 finished with value: 0.7906698764134454 and parameters: {'n_estimators': 499, 'min_samples_split': 0.0013813980381413883, 'min_samples_leaf': 0.02244891762309693, 'min_weight_fraction_leaf': 0.008164138324955572, 'max_features': 0.5884940277167489, 'bootstrap': False, 'max_samples': 0.5884092421158524}. Best is trial 525 with value: 0.7931633376737273.[0m
[32m[I 2022-04-14 14:27:20,237][0m Trial 607 finished with value: 0.7889812402242173 and parameters: {'n_estimators': 534, 'min_samples_split': 0.0173970760028545, 'min_samples_leaf': 0.010003060128973215, 'min_weight_fraction_leaf': 2.0269600430558468e-05, 'max_features': 0.5298226616953556, 'bootstrap': False, 'max_samples': 0.6078038591148389}. Best is trial 525 with value: 0.7931633376737273.[0m
[32m[I 2022-04-14 14:33:18,729][0m Trial 608 finished with value: 0.7843807369947884 and parameters: {'n_estimators': 594, 'min_samples_split': 0.011639151258791185, 'min_samples_leaf': 0.0010006526820696884, 'min_weight_fraction_leaf': 0.016140955214967764, 'max_features': 0.5683573092264178, 'bootstrap': False, 'max_samples': 0.01594018066198148}. Best is trial 525 with value: 0.7931633376737273.[0m
[32m[I 2022-04-14 14:34:29,255][0m Trial 609 finished with value: 0.7813239531900281 and parameters: {'n_estimators': 557, 'min_samples_split': 0.019148048215186956, 'min_samples_leaf': 0.05301525006974533, 'min_weight_fraction_leaf': 0.00908009558143795, 'max_features': 0.5503909616260805, 'bootstrap': False, 'max_samples': 0.574471884019034}. Best is trial 525 with value: 0.7931633376737273.[0m
[32m[I 2022-04-14 14:35:06,839][0m Trial 610 finished with value: 0.771338278662122 and parameters: {'n_estimators': 619, 'min_samples_split': 0.010339837246681244, 'min_samples_leaf': 0.03630905886093787, 'min_weight_fraction_leaf': 0.17297127395489942, 'max_features': 0.5904816231578176, 'bootstrap': False, 'max_samples': 0.0010563534250958365}. Best is trial 525 with value: 0.7931633376737273.[0m
[32m[I 2022-04-14 14:37:25,824][0m Trial 611 finished with value: 0.7834249019643039 and parameters: {'n_estimators': 490, 'min_samples_split': 0.024788667753987553, 'min_samples_leaf': 0.01993069645639714, 'min_weight_fraction_leaf': 0.00044193291318228405, 'max_features': 0.4866222877969231, 'bootstrap': False, 'max_samples': 0.557427497611756}. Best is trial 525 with value: 0.7931633376737273.[0m
[32m[I 2022-04-14 14:38:35,265][0m Trial 612 finished with value: 0.790679016753563 and parameters: {'n_estimators': 265, 'min_samples_split': 0.0014994146747701036, 'min_samples_leaf': 0.025805674294260932, 'min_weight_fraction_leaf': 0.019577451062283834, 'max_features': 0.5206268302068535, 'bootstrap': False, 'max_samples': 0.6500929613237447}. Best is trial 525 with value: 0.7931633376737273.[0m
[32m[I 2022-04-14 14:41:27,648][0m Trial 613 finished with value: 0.7851473660211152 and parameters: {'n_estimators': 530, 'min_samples_split': 0.01633717606630685, 'min_samples_leaf': 0.015726644281674876, 'min_weight_fraction_leaf': 0.034041685216826656, 'max_features': 0.6037718279522626, 'bootstrap': False, 'max_samples': 0.24595003137317456}. Best is trial 525 with value: 0.7931633376737273.[0m
[32m[I 2022-04-14 14:42:11,789][0m Trial 614 finished with value: 0.7800467030702853 and parameters: {'n_estimators': 466, 'min_samples_split': 0.024169998929312955, 'min_samples_leaf': 0.07433498446480596, 'min_weight_fraction_leaf': 0.0001440623778258699, 'max_features': 0.5701926874767855, 'bootstrap': False, 'max_samples': 0.6686975342014957}. Best is trial 525 with value: 0.7931633376737273.[0m
[32m[I 2022-04-14 14:46:37,144][0m Trial 615 finished with value: 0.7847498446304766 and parameters: {'n_estimators': 584, 'min_samples_split': 0.010708258254016178, 'min_samples_leaf': 0.010149951493583975, 'min_weight_fraction_leaf': 0.016284576605288807, 'max_features': 0.5449925197186858, 'bootstrap': False, 'max_samples': 0.5944942907990729}. Best is trial 525 with value: 0.7931633376737273.[0m
[32m[I 2022-04-14 14:48:31,928][0m Trial 616 finished with value: 0.7847624203491741 and parameters: {'n_estimators': 511, 'min_samples_split': 0.02618730350230316, 'min_samples_leaf': 0.02985919214707257, 'min_weight_fraction_leaf': 0.029440657884373243, 'max_features': 0.5822741183282485, 'bootstrap': False, 'max_samples': 0.011006024555443389}. Best is trial 525 with value: 0.7931633376737273.[0m
[32m[I 2022-04-14 14:48:59,616][0m Trial 617 finished with value: 0.7535838571002513 and parameters: {'n_estimators': 552, 'min_samples_split': 0.01278023588636307, 'min_samples_leaf': 0.018797371437547408, 'min_weight_fraction_leaf': 0.2227559943862032, 'max_features': 0.5610514583479086, 'bootstrap': False, 'max_samples': 0.5354942158122031}. Best is trial 525 with value: 0.7931633376737273.[0m
[32m[I 2022-04-14 14:56:24,222][0m Trial 618 finished with value: 0.7915120089475505 and parameters: {'n_estimators': 623, 'min_samples_split': 0.001144497142154751, 'min_samples_leaf': 0.0010594088494119951, 'min_weight_fraction_leaf': 0.009027596259003809, 'max_features': 0.5135592000084547, 'bootstrap': False, 'max_samples': 0.016815601231225424}. Best is trial 525 with value: 0.7931633376737273.[0m
