[32m[I 2022-04-14 00:43:09,432][0m Trial 863 finished with value: 0.8958034297800739 and parameters: {'n_estimators': 185, 'min_samples_split': 0.012055604440048214, 'min_samples_leaf': 0.01208594565429375, 'min_weight_fraction_leaf': 0.002441239858243314, 'max_features': 0.516067677285186, 'bootstrap': False, 'max_samples': 0.1546489859985207}. Best is trial 858 with value: 0.8962879544043598.[0m
[32m[I 2022-04-14 00:43:56,840][0m Trial 864 finished with value: 0.8953307176612336 and parameters: {'n_estimators': 168, 'min_samples_split': 0.011075075208779376, 'min_samples_leaf': 0.012701807173662679, 'min_weight_fraction_leaf': 0.0019510985992684613, 'max_features': 0.5058167903176268, 'bootstrap': False, 'max_samples': 0.16104854716992067}. Best is trial 858 with value: 0.8962879544043598.[0m
[32m[I 2022-04-14 00:44:45,310][0m Trial 865 finished with value: 0.8952775696251403 and parameters: {'n_estimators': 169, 'min_samples_split': 0.013164758547214708, 'min_samples_leaf': 0.012840838800057066, 'min_weight_fraction_leaf': 0.001787387753893456, 'max_features': 0.5027104474240256, 'bootstrap': False, 'max_samples': 0.1806767282404735}. Best is trial 858 with value: 0.8962879544043598.[0m
[32m[I 2022-04-14 00:45:39,779][0m Trial 866 finished with value: 0.8953400194601544 and parameters: {'n_estimators': 163, 'min_samples_split': 0.011025272375138222, 'min_samples_leaf': 0.011305520467147967, 'min_weight_fraction_leaf': 0.001136645040203812, 'max_features': 0.5208348213535047, 'bootstrap': False, 'max_samples': 0.1645274428013292}. Best is trial 858 with value: 0.8962879544043598.[0m
[32m[I 2022-04-14 00:46:31,559][0m Trial 867 finished with value: 0.8954865280467004 and parameters: {'n_estimators': 158, 'min_samples_split': 0.011081495612764076, 'min_samples_leaf': 0.012642094202906675, 'min_weight_fraction_leaf': 0.0014139165200185867, 'max_features': 0.5195993453645998, 'bootstrap': False, 'max_samples': 0.16346021308169806}. Best is trial 858 with value: 0.8962879544043598.[0m
[32m[I 2022-04-14 00:47:24,270][0m Trial 868 finished with value: 0.8954647084143301 and parameters: {'n_estimators': 156, 'min_samples_split': 0.01268401606053008, 'min_samples_leaf': 0.011319429030019841, 'min_weight_fraction_leaf': 0.0003760190200084103, 'max_features': 0.5189247863324115, 'bootstrap': False, 'max_samples': 0.16598998669841977}. Best is trial 858 with value: 0.8962879544043598.[0m
[32m[I 2022-04-14 00:48:15,142][0m Trial 869 finished with value: 0.8955751964159264 and parameters: {'n_estimators': 157, 'min_samples_split': 0.009731592381942013, 'min_samples_leaf': 0.012746243190405524, 'min_weight_fraction_leaf': 0.00039518919163680354, 'max_features': 0.5163599617710556, 'bootstrap': False, 'max_samples': 0.1760694597098168}. Best is trial 858 with value: 0.8962879544043598.[0m
[32m[I 2022-04-14 00:49:06,790][0m Trial 870 finished with value: 0.8954856519542735 and parameters: {'n_estimators': 160, 'min_samples_split': 0.010394804104358337, 'min_samples_leaf': 0.012924343414918864, 'min_weight_fraction_leaf': 0.0003508871298345106, 'max_features': 0.5224866632966292, 'bootstrap': False, 'max_samples': 0.17563866570301861}. Best is trial 858 with value: 0.8962879544043598.[0m
[32m[I 2022-04-14 00:49:58,789][0m Trial 871 finished with value: 0.8954946165000534 and parameters: {'n_estimators': 163, 'min_samples_split': 0.013116966472311826, 'min_samples_leaf': 0.012223123310679514, 'min_weight_fraction_leaf': 0.0006173805050239112, 'max_features': 0.5208561342720216, 'bootstrap': False, 'max_samples': 0.16576736828877367}. Best is trial 858 with value: 0.8962879544043598.[0m
[32m[I 2022-04-14 00:50:45,938][0m Trial 872 finished with value: 0.892558122596246 and parameters: {'n_estimators': 156, 'min_samples_split': 0.01042931411937294, 'min_samples_leaf': 0.013348802014017636, 'min_weight_fraction_leaf': 0.00030357176099749753, 'max_features': 0.5231916997826649, 'bootstrap': False, 'max_samples': 0.17463904032737373}. Best is trial 858 with value: 0.8962879544043598.[0m
[32m[I 2022-04-14 00:51:31,672][0m Trial 873 finished with value: 0.8927591996201087 and parameters: {'n_estimators': 164, 'min_samples_split': 0.002086789335923383, 'min_samples_leaf': 0.012947666818388222, 'min_weight_fraction_leaf': 5.71367676197546e-05, 'max_features': 0.503544371572691, 'bootstrap': False, 'max_samples': 0.1597000221968754}. Best is trial 858 with value: 0.8962879544043598.[0m
[32m[I 2022-04-14 00:52:19,270][0m Trial 874 finished with value: 0.8922464215745407 and parameters: {'n_estimators': 152, 'min_samples_split': 0.01236692421481342, 'min_samples_leaf': 0.013469712274777484, 'min_weight_fraction_leaf': 0.00790411219920844, 'max_features': 0.5465546515167108, 'bootstrap': False, 'max_samples': 0.19259324272993222}. Best is trial 858 with value: 0.8962879544043598.[0m
[32m[I 2022-04-14 00:53:11,874][0m Trial 875 finished with value: 0.8926058119347235 and parameters: {'n_estimators': 169, 'min_samples_split': 0.01601563397214226, 'min_samples_leaf': 0.013666657884251393, 'min_weight_fraction_leaf': 0.006739667433144369, 'max_features': 0.5183037039898866, 'bootstrap': False, 'max_samples': 0.18112354734579564}. Best is trial 858 with value: 0.8962879544043598.[0m
[32m[I 2022-04-14 00:53:55,611][0m Trial 876 finished with value: 0.8930322468432514 and parameters: {'n_estimators': 143, 'min_samples_split': 0.01775113537396183, 'min_samples_leaf': 0.013635643589687087, 'min_weight_fraction_leaf': 0.0012155304363983687, 'max_features': 0.499091236506921, 'bootstrap': False, 'max_samples': 0.14527133601436631}. Best is trial 858 with value: 0.8962879544043598.[0m
[32m[I 2022-04-14 00:54:40,040][0m Trial 877 finished with value: 0.8924015196050533 and parameters: {'n_estimators': 160, 'min_samples_split': 0.00874836033318354, 'min_samples_leaf': 0.014178666004660445, 'min_weight_fraction_leaf': 0.0008894826878304748, 'max_features': 0.5357348197798304, 'bootstrap': False, 'max_samples': 0.15709972400273897}. Best is trial 858 with value: 0.8962879544043598.[0m
[32m[I 2022-04-14 00:55:20,739][0m Trial 878 finished with value: 0.892818626849637 and parameters: {'n_estimators': 147, 'min_samples_split': 0.0011332240391459525, 'min_samples_leaf': 0.013512342006576299, 'min_weight_fraction_leaf': 0.00041091437473078814, 'max_features': 0.4971372888684452, 'bootstrap': False, 'max_samples': 0.1645507956028227}. Best is trial 858 with value: 0.8962879544043598.[0m
[32m[I 2022-04-14 00:56:06,493][0m Trial 879 finished with value: 0.8957188529249743 and parameters: {'n_estimators': 174, 'min_samples_split': 0.018405739657473132, 'min_samples_leaf': 0.012331886386008776, 'min_weight_fraction_leaf': 0.000267708882133455, 'max_features': 0.5200921308957652, 'bootstrap': False, 'max_samples': 0.138316543357003}. Best is trial 858 with value: 0.8962879544043598.[0m
[32m[I 2022-04-14 00:56:51,679][0m Trial 880 finished with value: 0.8926430054800043 and parameters: {'n_estimators': 172, 'min_samples_split': 0.019390228263209262, 'min_samples_leaf': 0.014049467477849895, 'min_weight_fraction_leaf': 0.00922666299265086, 'max_features': 0.5214510130290853, 'bootstrap': False, 'max_samples': 0.14239428733312073}. Best is trial 858 with value: 0.8962879544043598.[0m
[32m[I 2022-04-14 00:57:33,587][0m Trial 881 finished with value: 0.8951397371406704 and parameters: {'n_estimators': 160, 'min_samples_split': 0.009236921436619035, 'min_samples_leaf': 0.012674350141248899, 'min_weight_fraction_leaf': 0.00016232850829520526, 'max_features': 0.5008264260250149, 'bootstrap': False, 'max_samples': 0.1845688497962343}. Best is trial 858 with value: 0.8962879544043598.[0m
[32m[I 2022-04-14 00:58:12,960][0m Trial 882 finished with value: 0.8929407784021531 and parameters: {'n_estimators': 159, 'min_samples_split': 0.009121616924814053, 'min_samples_leaf': 0.012969633056372332, 'min_weight_fraction_leaf': 0.006291412445832234, 'max_features': 0.5077754253707292, 'bootstrap': False, 'max_samples': 0.19779111609447225}. Best is trial 858 with value: 0.8962879544043598.[0m
[32m[I 2022-04-14 00:58:53,539][0m Trial 883 finished with value: 0.8921896622725125 and parameters: {'n_estimators': 165, 'min_samples_split': 0.018469301879326997, 'min_samples_leaf': 0.015739904123426345, 'min_weight_fraction_leaf': 0.011515327295416464, 'max_features': 0.548250604791545, 'bootstrap': False, 'max_samples': 0.17373369620002924}. Best is trial 858 with value: 0.8962879544043598.[0m
[32m[I 2022-04-14 00:59:38,836][0m Trial 884 finished with value: 0.8955766859851829 and parameters: {'n_estimators': 152, 'min_samples_split': 0.0013610420388242336, 'min_samples_leaf': 0.0138226050314667, 'min_weight_fraction_leaf': 0.007758338720912291, 'max_features': 0.5313526266056704, 'bootstrap': False, 'max_samples': 0.21676672766537763}. Best is trial 858 with value: 0.8962879544043598.[0m
[32m[I 2022-04-14 01:00:23,402][0m Trial 885 finished with value: 0.8955100944483082 and parameters: {'n_estimators': 151, 'min_samples_split': 0.001705761136168162, 'min_samples_leaf': 0.014013594468569644, 'min_weight_fraction_leaf': 0.008769666282721241, 'max_features': 0.5266614888749009, 'bootstrap': False, 'max_samples': 0.2074362238748586}. Best is trial 858 with value: 0.8962879544043598.[0m
[32m[I 2022-04-14 01:00:59,554][0m Trial 886 finished with value: 0.8955821744582341 and parameters: {'n_estimators': 152, 'min_samples_split': 0.001817738024861213, 'min_samples_leaf': 0.016498491784193135, 'min_weight_fraction_leaf': 0.010166794575855027, 'max_features': 0.5280224631856864, 'bootstrap': False, 'max_samples': 0.21394464442187006}. Best is trial 858 with value: 0.8962879544043598.[0m
[32m[I 2022-04-14 01:01:35,020][0m Trial 887 finished with value: 0.895583309155298 and parameters: {'n_estimators': 155, 'min_samples_split': 0.0015718266277124204, 'min_samples_leaf': 0.01755278837417574, 'min_weight_fraction_leaf': 0.00999104106053167, 'max_features': 0.5303066231665486, 'bootstrap': False, 'max_samples': 0.21686614687037592}. Best is trial 858 with value: 0.8962879544043598.[0m
[32m[I 2022-04-14 01:02:10,300][0m Trial 888 finished with value: 0.8955821744582341 and parameters: {'n_estimators': 152, 'min_samples_split': 0.00463294614395841, 'min_samples_leaf': 0.016918648259659077, 'min_weight_fraction_leaf': 0.00961812298816614, 'max_features': 0.5295778740295289, 'bootstrap': False, 'max_samples': 0.21118301887593544}. Best is trial 858 with value: 0.8962879544043598.[0m
[32m[I 2022-04-14 01:02:43,944][0m Trial 889 finished with value: 0.8923957128413912 and parameters: {'n_estimators': 151, 'min_samples_split': 0.0011522430846342552, 'min_samples_leaf': 0.018493430360394726, 'min_weight_fraction_leaf': 0.009891585328469545, 'max_features': 0.530488874879128, 'bootstrap': False, 'max_samples': 0.20967468405087386}. Best is trial 858 with value: 0.8962879544043598.[0m
[32m[I 2022-04-14 01:03:13,971][0m Trial 890 finished with value: 0.8957054917392797 and parameters: {'n_estimators': 134, 'min_samples_split': 0.0012470078757040376, 'min_samples_leaf': 0.019125630021363697, 'min_weight_fraction_leaf': 0.010355940502915809, 'max_features': 0.5530952452268373, 'bootstrap': False, 'max_samples': 0.21224287060178862}. Best is trial 858 with value: 0.8962879544043598.[0m
[32m[I 2022-04-14 01:03:45,578][0m Trial 891 finished with value: 0.895655273587408 and parameters: {'n_estimators': 139, 'min_samples_split': 0.0018139382500135508, 'min_samples_leaf': 0.019736637835318142, 'min_weight_fraction_leaf': 0.010700168787882998, 'max_features': 0.556248152364249, 'bootstrap': False, 'max_samples': 0.22040236149025647}. Best is trial 858 with value: 0.8962879544043598.[0m
[32m[I 2022-04-14 01:04:16,723][0m Trial 892 finished with value: 0.8957811415527706 and parameters: {'n_estimators': 136, 'min_samples_split': 0.0032673304167394838, 'min_samples_leaf': 0.01972131017823408, 'min_weight_fraction_leaf': 0.009307754891041275, 'max_features': 0.5552444651262588, 'bootstrap': False, 'max_samples': 0.21986687064053376}. Best is trial 858 with value: 0.8962879544043598.[0m
[32m[I 2022-04-14 01:04:50,519][0m Trial 893 finished with value: 0.8920340134700455 and parameters: {'n_estimators': 136, 'min_samples_split': 0.001669242632812309, 'min_samples_leaf': 0.01726336693199566, 'min_weight_fraction_leaf': 0.010170157049123257, 'max_features': 0.559460983757941, 'bootstrap': False, 'max_samples': 0.22165635526628602}. Best is trial 858 with value: 0.8962879544043598.[0m
[32m[I 2022-04-14 01:05:19,167][0m Trial 894 finished with value: 0.8919540084189554 and parameters: {'n_estimators': 129, 'min_samples_split': 0.0016749207782062038, 'min_samples_leaf': 0.020767813114257606, 'min_weight_fraction_leaf': 0.01159952211012832, 'max_features': 0.5520543631832546, 'bootstrap': False, 'max_samples': 0.24606368516876506}. Best is trial 858 with value: 0.8962879544043598.[0m
[32m[I 2022-04-14 01:05:49,162][0m Trial 895 finished with value: 0.8920725346268377 and parameters: {'n_estimators': 143, 'min_samples_split': 0.002244392259490486, 'min_samples_leaf': 0.02016302271136782, 'min_weight_fraction_leaf': 0.010725039346387065, 'max_features': 0.5335086472181333, 'bootstrap': False, 'max_samples': 0.21285404874810396}. Best is trial 858 with value: 0.8962879544043598.[0m
[32m[I 2022-04-14 01:06:21,465][0m Trial 896 finished with value: 0.8921994239219722 and parameters: {'n_estimators': 151, 'min_samples_split': 0.0209731677666801, 'min_samples_leaf': 0.021226432004895733, 'min_weight_fraction_leaf': 0.00960019767271669, 'max_features': 0.5257529869371507, 'bootstrap': False, 'max_samples': 0.2014867917168917}. Best is trial 858 with value: 0.8962879544043598.[0m
[32m[I 2022-04-14 01:06:55,147][0m Trial 897 finished with value: 0.8922105865643941 and parameters: {'n_estimators': 141, 'min_samples_split': 0.009433084522637688, 'min_samples_leaf': 0.020558318229422275, 'min_weight_fraction_leaf': 0.011951579951683292, 'max_features': 0.5623650513337576, 'bootstrap': False, 'max_samples': 0.243687409346958}. Best is trial 858 with value: 0.8962879544043598.[0m
[32m[I 2022-04-14 01:07:26,363][0m Trial 898 finished with value: 0.8957054917392797 and parameters: {'n_estimators': 134, 'min_samples_split': 0.009970915571809768, 'min_samples_leaf': 0.019102505920346714, 'min_weight_fraction_leaf': 0.010844977829444696, 'max_features': 0.5444357515991549, 'bootstrap': False, 'max_samples': 0.18695883269217253}. Best is trial 858 with value: 0.8962879544043598.[0m
[32m[I 2022-04-14 01:07:58,602][0m Trial 899 finished with value: 0.8955455302644909 and parameters: {'n_estimators': 135, 'min_samples_split': 0.0014689688648497415, 'min_samples_leaf': 0.018695336720019832, 'min_weight_fraction_leaf': 0.013484875242845843, 'max_features': 0.5427928552925082, 'bootstrap': False, 'max_samples': 0.19013007418949315}. Best is trial 858 with value: 0.8962879544043598.[0m
[32m[I 2022-04-14 01:08:29,956][0m Trial 900 finished with value: 0.8919990372002419 and parameters: {'n_estimators': 137, 'min_samples_split': 0.007952708936280067, 'min_samples_leaf': 0.019627935377709675, 'min_weight_fraction_leaf': 0.01255224285840134, 'max_features': 0.5327086280321341, 'bootstrap': False, 'max_samples': 0.20172738534174625}. Best is trial 858 with value: 0.8962879544043598.[0m
[32m[I 2022-04-14 01:08:58,021][0m Trial 901 finished with value: 0.8954359631197575 and parameters: {'n_estimators': 131, 'min_samples_split': 0.002876459959310816, 'min_samples_leaf': 0.021272383896617203, 'min_weight_fraction_leaf': 0.01209138810557541, 'max_features': 0.5447561950125677, 'bootstrap': False, 'max_samples': 0.22719895297515627}. Best is trial 858 with value: 0.8962879544043598.[0m
[32m[I 2022-04-14 01:09:25,613][0m Trial 902 finished with value: 0.895180428904446 and parameters: {'n_estimators': 127, 'min_samples_split': 0.001788170102030931, 'min_samples_leaf': 0.023323290773542303, 'min_weight_fraction_leaf': 0.011712949315916073, 'max_features': 0.5503406976197216, 'bootstrap': False, 'max_samples': 0.23355015096634105}. Best is trial 858 with value: 0.8962879544043598.[0m
[32m[I 2022-04-14 01:09:54,484][0m Trial 903 finished with value: 0.8920190292554775 and parameters: {'n_estimators': 132, 'min_samples_split': 0.02035201260559434, 'min_samples_leaf': 0.021624385763711125, 'min_weight_fraction_leaf': 0.010849607591487561, 'max_features': 0.5724355151367558, 'bootstrap': False, 'max_samples': 0.25877293916221666}. Best is trial 858 with value: 0.8962879544043598.[0m
[32m[I 2022-04-14 01:10:28,317][0m Trial 904 finished with value: 0.8924138150593663 and parameters: {'n_estimators': 147, 'min_samples_split': 0.008177397451627893, 'min_samples_leaf': 0.01967926528195612, 'min_weight_fraction_leaf': 0.012490219671102773, 'max_features': 0.5433752065771053, 'bootstrap': False, 'max_samples': 0.21717133830805296}. Best is trial 858 with value: 0.8962879544043598.[0m
[32m[I 2022-04-14 01:10:56,076][0m Trial 905 finished with value: 0.8922897245901107 and parameters: {'n_estimators': 118, 'min_samples_split': 0.0014777022687100189, 'min_samples_leaf': 0.018369710241533558, 'min_weight_fraction_leaf': 0.012233859337255577, 'max_features': 0.5248668785218709, 'bootstrap': False, 'max_samples': 0.1868040400016666}. Best is trial 858 with value: 0.8962879544043598.[0m
[32m[I 2022-04-14 01:11:41,791][0m Trial 906 finished with value: 0.8921284452754698 and parameters: {'n_estimators': 154, 'min_samples_split': 0.021412027444299736, 'min_samples_leaf': 0.012791048462978601, 'min_weight_fraction_leaf': 0.013268892723698748, 'max_features': 0.5525137442146978, 'bootstrap': False, 'max_samples': 0.19138650680499897}. Best is trial 858 with value: 0.8962879544043598.[0m
[32m[I 2022-04-14 01:12:18,511][0m Trial 907 finished with value: 0.8920671226079039 and parameters: {'n_estimators': 139, 'min_samples_split': 0.010516984922051328, 'min_samples_leaf': 0.021020499505987576, 'min_weight_fraction_leaf': 0.011112267220098086, 'max_features': 0.5972954403447197, 'bootstrap': False, 'max_samples': 0.2176096039785332}. Best is trial 858 with value: 0.8962879544043598.[0m
[32m[I 2022-04-14 01:12:52,316][0m Trial 908 finished with value: 0.8917956818826038 and parameters: {'n_estimators': 124, 'min_samples_split': 0.019244632346871963, 'min_samples_leaf': 0.011800857682170717, 'min_weight_fraction_leaf': 0.013725037002994878, 'max_features': 0.5222032761152828, 'bootstrap': False, 'max_samples': 0.17994783931986155}. Best is trial 858 with value: 0.8962879544043598.[0m
[32m[I 2022-04-14 01:13:27,438][0m Trial 909 finished with value: 0.8923358465988503 and parameters: {'n_estimators': 146, 'min_samples_split': 0.010393743827578617, 'min_samples_leaf': 0.020005108945547183, 'min_weight_fraction_leaf': 0.011401784542892656, 'max_features': 0.5639278837202167, 'bootstrap': False, 'max_samples': 0.23390985886768154}. Best is trial 858 with value: 0.8962879544043598.[0m
[32m[I 2022-04-14 01:14:08,537][0m Trial 910 finished with value: 0.8953552884481578 and parameters: {'n_estimators': 133, 'min_samples_split': 0.001903153018205702, 'min_samples_leaf': 0.011009820598883235, 'min_weight_fraction_leaf': 0.011248686050942406, 'max_features': 0.5333174539201936, 'bootstrap': False, 'max_samples': 0.20739970771598248}. Best is trial 858 with value: 0.8962879544043598.[0m
[32m[I 2022-04-14 01:14:37,105][0m Trial 911 finished with value: 0.8924873981381968 and parameters: {'n_estimators': 132, 'min_samples_split': 0.0031689640195076817, 'min_samples_leaf': 0.021446238521214418, 'min_weight_fraction_leaf': 0.01299092492958295, 'max_features': 0.5263363149543754, 'bootstrap': False, 'max_samples': 0.2662075844071585}. Best is trial 858 with value: 0.8962879544043598.[0m
[32m[I 2022-04-14 01:15:28,873][0m Trial 912 finished with value: 0.8913903233898897 and parameters: {'n_estimators': 153, 'min_samples_split': 0.020014554430056154, 'min_samples_leaf': 0.01158911940022987, 'min_weight_fraction_leaf': 0.01277728782581767, 'max_features': 0.5892532919327557, 'bootstrap': False, 'max_samples': 0.20759492604901325}. Best is trial 858 with value: 0.8962879544043598.[0m
[32m[I 2022-04-14 01:15:58,028][0m Trial 913 finished with value: 0.8926120605959061 and parameters: {'n_estimators': 137, 'min_samples_split': 0.0028014363670727897, 'min_samples_leaf': 0.02298933855720532, 'min_weight_fraction_leaf': 0.013280652339057819, 'max_features': 0.5359453103771188, 'bootstrap': False, 'max_samples': 0.19679604578109863}. Best is trial 858 with value: 0.8962879544043598.[0m
[32m[I 2022-04-14 01:16:44,635][0m Trial 914 finished with value: 0.8953206477171681 and parameters: {'n_estimators': 145, 'min_samples_split': 0.020782594376343017, 'min_samples_leaf': 0.010922163137981937, 'min_weight_fraction_leaf': 0.011134329528335568, 'max_features': 0.5533718188965822, 'bootstrap': False, 'max_samples': 0.2314361004766566}. Best is trial 858 with value: 0.8962879544043598.[0m
[32m[I 2022-04-14 01:17:22,261][0m Trial 915 finished with value: 0.8953154964407203 and parameters: {'n_estimators': 159, 'min_samples_split': 0.0015311677631155423, 'min_samples_leaf': 0.0229055163394368, 'min_weight_fraction_leaf': 0.013153680799153225, 'max_features': 0.5396972746798366, 'bootstrap': False, 'max_samples': 0.137578864487426}. Best is trial 858 with value: 0.8962879544043598.[0m
[32m[I 2022-04-14 01:18:04,014][0m Trial 916 finished with value: 0.8945125881525847 and parameters: {'n_estimators': 130, 'min_samples_split': 0.01456484352338246, 'min_samples_leaf': 0.011699404860618882, 'min_weight_fraction_leaf': 0.010958238117375238, 'max_features': 0.5736258260838872, 'bootstrap': False, 'max_samples': 0.17541919559749578}. Best is trial 858 with value: 0.8962879544043598.[0m
