[32m[I 2022-04-13 19:02:26,753][0m Trial 486 finished with value: 0.8866425967885452 and parameters: {'n_estimators': 223, 'min_samples_split': 0.2738316296796567, 'min_samples_leaf': 0.061946173950242746, 'min_weight_fraction_leaf': 0.06792916486527814, 'max_features': 0.420320297186658, 'bootstrap': False, 'max_samples': 0.95519497971047}. Best is trial 394 with value: 0.8941171376114454.[0m
[32m[I 2022-04-13 19:03:26,835][0m Trial 487 finished with value: 0.8892158106385034 and parameters: {'n_estimators': 251, 'min_samples_split': 0.1055918147691903, 'min_samples_leaf': 0.05039585452325721, 'min_weight_fraction_leaf': 0.04363299689299036, 'max_features': 0.894069841475906, 'bootstrap': False, 'max_samples': 0.9290277434182012}. Best is trial 394 with value: 0.8941171376114454.[0m
[32m[I 2022-04-13 19:04:17,880][0m Trial 488 finished with value: 0.8914197448484424 and parameters: {'n_estimators': 281, 'min_samples_split': 0.16298479863605395, 'min_samples_leaf': 0.07292704787335076, 'min_weight_fraction_leaf': 0.030811768820025166, 'max_features': 0.7990602933479081, 'bootstrap': False, 'max_samples': 0.9986230803364431}. Best is trial 394 with value: 0.8941171376114454.[0m
[32m[I 2022-04-13 19:05:15,269][0m Trial 489 finished with value: 0.8905593510342842 and parameters: {'n_estimators': 230, 'min_samples_split': 0.1351588972294929, 'min_samples_leaf': 0.03606848241982023, 'min_weight_fraction_leaf': 0.009075299507429378, 'max_features': 0.8581932970542226, 'bootstrap': False, 'max_samples': 0.44861557274810193}. Best is trial 394 with value: 0.8941171376114454.[0m
[32m[I 2022-04-13 19:06:07,009][0m Trial 490 finished with value: 0.8918280475086388 and parameters: {'n_estimators': 263, 'min_samples_split': 0.14896515099699612, 'min_samples_leaf': 0.06139170651563765, 'min_weight_fraction_leaf': 0.0539194618457742, 'max_features': 0.7618723618654375, 'bootstrap': False, 'max_samples': 0.02161132657130682}. Best is trial 394 with value: 0.8941171376114454.[0m
[32m[I 2022-04-13 19:06:26,357][0m Trial 491 finished with value: 0.7792476030552198 and parameters: {'n_estimators': 308, 'min_samples_split': 0.11835057264238959, 'min_samples_leaf': 0.29179286498164575, 'min_weight_fraction_leaf': 0.020678921771689673, 'max_features': 0.8341385181570655, 'bootstrap': False, 'max_samples': 0.22717791329225423}. Best is trial 394 with value: 0.8941171376114454.[0m
[32m[I 2022-04-13 19:06:40,427][0m Trial 492 finished with value: 0.7740689070786007 and parameters: {'n_estimators': 239, 'min_samples_split': 0.08467373374193671, 'min_samples_leaf': 0.3088946501516056, 'min_weight_fraction_leaf': 0.03985114351515058, 'max_features': 0.8111911369111087, 'bootstrap': False, 'max_samples': 0.8648302920223488}. Best is trial 394 with value: 0.8941171376114454.[0m
[32m[I 2022-04-13 19:07:41,694][0m Trial 493 finished with value: 0.8915697036193622 and parameters: {'n_estimators': 275, 'min_samples_split': 0.12911486736108282, 'min_samples_leaf': 0.05259832505007073, 'min_weight_fraction_leaf': 0.030946623881586907, 'max_features': 0.7812173414529711, 'bootstrap': False, 'max_samples': 0.9561043871457118}. Best is trial 394 with value: 0.8941171376114454.[0m
[32m[I 2022-04-13 19:08:30,455][0m Trial 494 finished with value: 0.8893608043315849 and parameters: {'n_estimators': 252, 'min_samples_split': 0.1414980640791739, 'min_samples_leaf': 0.08737008840288348, 'min_weight_fraction_leaf': 0.059733680064028155, 'max_features': 0.8751175197799022, 'bootstrap': False, 'max_samples': 0.9057159887991274}. Best is trial 394 with value: 0.8941171376114454.[0m
[32m[I 2022-04-13 19:09:14,867][0m Trial 495 finished with value: 0.8909064625039891 and parameters: {'n_estimators': 215, 'min_samples_split': 0.17456308452221725, 'min_samples_leaf': 0.06762077501485796, 'min_weight_fraction_leaf': 0.009236031588140738, 'max_features': 0.8403139369255478, 'bootstrap': False, 'max_samples': 0.1472802476265594}. Best is trial 394 with value: 0.8941171376114454.[0m
[32m[I 2022-04-13 19:10:03,715][0m Trial 496 finished with value: 0.8902350945282687 and parameters: {'n_estimators': 200, 'min_samples_split': 0.09852906033035867, 'min_samples_leaf': 0.0453153691001796, 'min_weight_fraction_leaf': 0.045876633392279695, 'max_features': 0.8208311723134571, 'bootstrap': False, 'max_samples': 0.9721237844259301}. Best is trial 394 with value: 0.8941171376114454.[0m
[32m[I 2022-04-13 19:10:57,629][0m Trial 497 finished with value: 0.8908823881810001 and parameters: {'n_estimators': 290, 'min_samples_split': 0.11149876137696936, 'min_samples_leaf': 0.07968840160310375, 'min_weight_fraction_leaf': 0.020183836275389614, 'max_features': 0.7978844078766659, 'bootstrap': False, 'max_samples': 0.8403261979651377}. Best is trial 394 with value: 0.8941171376114454.[0m
[32m[I 2022-04-13 19:11:59,857][0m Trial 498 finished with value: 0.8911775497444762 and parameters: {'n_estimators': 262, 'min_samples_split': 0.126045029589191, 'min_samples_leaf': 0.0558296081902807, 'min_weight_fraction_leaf': 0.03389919980477235, 'max_features': 0.8631207022616803, 'bootstrap': False, 'max_samples': 0.9327333304493082}. Best is trial 394 with value: 0.8941171376114454.[0m
[32m[I 2022-04-13 19:12:45,920][0m Trial 499 finished with value: 0.8916050057834399 and parameters: {'n_estimators': 242, 'min_samples_split': 0.15143676528996364, 'min_samples_leaf': 0.06392506779008905, 'min_weight_fraction_leaf': 0.06695702687239964, 'max_features': 0.7224475335730133, 'bootstrap': False, 'max_samples': 0.8870321622595699}. Best is trial 394 with value: 0.8941171376114454.[0m
[32m[I 2022-04-13 19:14:24,332][0m Trial 500 finished with value: 0.8898041245747488 and parameters: {'n_estimators': 415, 'min_samples_split': 0.13653481188190217, 'min_samples_leaf': 0.03400754581440024, 'min_weight_fraction_leaf': 0.0858277450787209, 'max_features': 0.8371961982077863, 'bootstrap': False, 'max_samples': 0.060683817499822816}. Best is trial 394 with value: 0.8941171376114454.[0m
[32m[I 2022-04-13 19:15:05,009][0m Trial 501 finished with value: 0.884825255555112 and parameters: {'n_estimators': 957, 'min_samples_split': 0.11615574802832758, 'min_samples_leaf': 0.07468031673109259, 'min_weight_fraction_leaf': 0.05112827240041053, 'max_features': 0.8115129543036324, 'bootstrap': True, 'max_samples': 0.4207080921609052, 'oob_score': True}. Best is trial 394 with value: 0.8941171376114454.[0m
[32m[I 2022-04-13 19:16:07,197][0m Trial 502 finished with value: 0.8901935887133794 and parameters: {'n_estimators': 274, 'min_samples_split': 0.12361633335877728, 'min_samples_leaf': 0.04861145174396592, 'min_weight_fraction_leaf': 0.02344295809158371, 'max_features': 0.7689071990177022, 'bootstrap': False, 'max_samples': 0.9759477560303211}. Best is trial 394 with value: 0.8941171376114454.[0m
[32m[I 2022-04-13 19:17:16,774][0m Trial 503 finished with value: 0.8931826189314348 and parameters: {'n_estimators': 316, 'min_samples_split': 0.14468723545227333, 'min_samples_leaf': 0.05686478414046496, 'min_weight_fraction_leaf': 0.037218763440306335, 'max_features': 0.7892015276447926, 'bootstrap': False, 'max_samples': 0.03330630730199237}. Best is trial 394 with value: 0.8941171376114454.[0m
[32m[I 2022-04-13 19:18:08,497][0m Trial 504 finished with value: 0.8915209969041413 and parameters: {'n_estimators': 229, 'min_samples_split': 0.15922150064581733, 'min_samples_leaf': 0.03979542877654246, 'min_weight_fraction_leaf': 0.0006536279941012843, 'max_features': 0.7454844910915068, 'bootstrap': False, 'max_samples': 0.9499045500427565}. Best is trial 394 with value: 0.8941171376114454.[0m
[32m[I 2022-04-13 19:19:09,965][0m Trial 505 finished with value: 0.8928720434618718 and parameters: {'n_estimators': 296, 'min_samples_split': 0.13255530959074885, 'min_samples_leaf': 0.06787827676458412, 'min_weight_fraction_leaf': 0.015386955261212563, 'max_features': 0.823223601077114, 'bootstrap': False, 'max_samples': 0.9199312023528237}. Best is trial 394 with value: 0.8941171376114454.[0m
[32m[I 2022-04-13 19:19:59,016][0m Trial 506 finished with value: 0.8903711018392686 and parameters: {'n_estimators': 253, 'min_samples_split': 0.10578628231896142, 'min_samples_leaf': 0.08106312069924403, 'min_weight_fraction_leaf': 0.03046276140115017, 'max_features': 0.8499461903469488, 'bootstrap': False, 'max_samples': 0.9648100737462214}. Best is trial 394 with value: 0.8941171376114454.[0m
[32m[I 2022-04-13 19:20:28,221][0m Trial 507 finished with value: 0.891280191015929 and parameters: {'n_estimators': 284, 'min_samples_split': 0.12170868500737458, 'min_samples_leaf': 0.0573698558775287, 'min_weight_fraction_leaf': 0.04789140574699857, 'max_features': 0.3010787387030201, 'bootstrap': False, 'max_samples': 0.9375300311910065}. Best is trial 394 with value: 0.8941171376114454.[0m
[32m[I 2022-04-13 19:21:31,414][0m Trial 508 finished with value: 0.8925044603742982 and parameters: {'n_estimators': 268, 'min_samples_split': 0.1384040505203318, 'min_samples_leaf': 0.04620791263814117, 'min_weight_fraction_leaf': 0.024205161648631103, 'max_features': 0.8122072239551383, 'bootstrap': False, 'max_samples': 0.9051186175067856}. Best is trial 394 with value: 0.8941171376114454.[0m
[32m[I 2022-04-13 19:22:06,064][0m Trial 509 finished with value: 0.7855683476020954 and parameters: {'n_estimators': 241, 'min_samples_split': 0.14723571287758244, 'min_samples_leaf': 0.1247051919029426, 'min_weight_fraction_leaf': 0.012640948446880875, 'max_features': 0.7850718332608732, 'bootstrap': False, 'max_samples': 0.38187268966097304}. Best is trial 394 with value: 0.8941171376114454.[0m
[32m[I 2022-04-13 19:22:59,442][0m Trial 510 finished with value: 0.8926831966603164 and parameters: {'n_estimators': 257, 'min_samples_split': 0.11061888798295787, 'min_samples_leaf': 0.06808689400159984, 'min_weight_fraction_leaf': 0.056483977835865756, 'max_features': 0.8367983619621927, 'bootstrap': False, 'max_samples': 0.865333203553287}. Best is trial 394 with value: 0.8941171376114454.[0m
[32m[I 2022-04-13 19:24:30,249][0m Trial 511 finished with value: 0.8917203951840932 and parameters: {'n_estimators': 330, 'min_samples_split': 0.1295729871105966, 'min_samples_leaf': 0.025243737547771303, 'min_weight_fraction_leaf': 0.039901689499538505, 'max_features': 0.8125092125487064, 'bootstrap': False, 'max_samples': 0.774988042487323}. Best is trial 394 with value: 0.8941171376114454.[0m
[32m[I 2022-04-13 19:25:22,197][0m Trial 512 finished with value: 0.8879630292698775 and parameters: {'n_estimators': 282, 'min_samples_split': 0.11936595918303054, 'min_samples_leaf': 0.09244572239024498, 'min_weight_fraction_leaf': 0.007337298779467426, 'max_features': 0.8679829334186413, 'bootstrap': False, 'max_samples': 0.8293293877065803}. Best is trial 394 with value: 0.8941171376114454.[0m
[32m[I 2022-04-13 19:25:37,907][0m Trial 513 finished with value: 0.8825702440246989 and parameters: {'n_estimators': 233, 'min_samples_split': 0.09802552943491671, 'min_samples_leaf': 0.060140675765682314, 'min_weight_fraction_leaf': 0.023969051075296354, 'max_features': 0.19376984875595005, 'bootstrap': False, 'max_samples': 0.9767549540730002}. Best is trial 394 with value: 0.8941171376114454.[0m
[32m[I 2022-04-13 19:26:27,405][0m Trial 514 finished with value: 0.8919263893548294 and parameters: {'n_estimators': 211, 'min_samples_split': 0.13685135089190945, 'min_samples_leaf': 0.040346204854982776, 'min_weight_fraction_leaf': 0.07344377295982339, 'max_features': 0.7966609264054907, 'bootstrap': False, 'max_samples': 0.9985985736861052}. Best is trial 394 with value: 0.8941171376114454.[0m
[32m[I 2022-04-13 19:27:28,935][0m Trial 515 finished with value: 0.8923595097493701 and parameters: {'n_estimators': 301, 'min_samples_split': 0.07496100917416913, 'min_samples_leaf': 0.07394449041885336, 'min_weight_fraction_leaf': 0.036701814833748875, 'max_features': 0.8379604749757338, 'bootstrap': False, 'max_samples': 0.9406650228320963}. Best is trial 394 with value: 0.8941171376114454.[0m
[32m[I 2022-04-13 19:27:48,626][0m Trial 516 finished with value: 0.7744726920646463 and parameters: {'n_estimators': 267, 'min_samples_split': 0.15619969939798736, 'min_samples_leaf': 0.24746481372478935, 'min_weight_fraction_leaf': 0.0466290419140094, 'max_features': 0.7726882601873937, 'bootstrap': False, 'max_samples': 0.04624031360173307}. Best is trial 394 with value: 0.8941171376114454.[0m
[32m[I 2022-04-13 19:28:45,992][0m Trial 517 finished with value: 0.8922791653734692 and parameters: {'n_estimators': 244, 'min_samples_split': 0.12819082580652263, 'min_samples_leaf': 0.05092028614109478, 'min_weight_fraction_leaf': 0.01545505882781478, 'max_features': 0.8242463750742592, 'bootstrap': False, 'max_samples': 0.019333870222804802}. Best is trial 394 with value: 0.8941171376114454.[0m
[32m[I 2022-04-13 19:29:35,264][0m Trial 518 finished with value: 0.8895694222700673 and parameters: {'n_estimators': 220, 'min_samples_split': 0.1696839845947246, 'min_samples_leaf': 0.06361552228520295, 'min_weight_fraction_leaf': 0.00045205323940646774, 'max_features': 0.8929981160925382, 'bootstrap': False, 'max_samples': 0.9203910725259383}. Best is trial 394 with value: 0.8941171376114454.[0m
[32m[I 2022-04-13 19:30:29,762][0m Trial 519 finished with value: 0.8874304574265397 and parameters: {'n_estimators': 249, 'min_samples_split': 0.146317592316637, 'min_samples_leaf': 0.03175965614259604, 'min_weight_fraction_leaf': 0.10529766569561627, 'max_features': 0.7976821121054556, 'bootstrap': False, 'max_samples': 0.888461903449626}. Best is trial 394 with value: 0.8941171376114454.[0m
[32m[I 2022-04-13 19:30:46,486][0m Trial 520 finished with value: 0.7849412942429732 and parameters: {'n_estimators': 274, 'min_samples_split': 0.13471713269033267, 'min_samples_leaf': 0.08140464891563881, 'min_weight_fraction_leaf': 0.06022334323621789, 'max_features': 0.8486476229383565, 'bootstrap': True, 'max_samples': 0.8085001909432058, 'oob_score': False}. Best is trial 394 with value: 0.8941171376114454.[0m
[32m[I 2022-04-13 19:31:52,463][0m Trial 521 finished with value: 0.8901058322396803 and parameters: {'n_estimators': 311, 'min_samples_split': 0.11361353708795954, 'min_samples_leaf': 0.053199607451714266, 'min_weight_fraction_leaf': 0.02912935868074448, 'max_features': 0.7562312254667466, 'bootstrap': False, 'max_samples': 0.5153538083826756}. Best is trial 394 with value: 0.8941171376114454.[0m
[32m[I 2022-04-13 19:32:48,264][0m Trial 522 finished with value: 0.8917897620677107 and parameters: {'n_estimators': 289, 'min_samples_split': 0.12424072568433177, 'min_samples_leaf': 0.07072947526847052, 'min_weight_fraction_leaf': 0.038469823948114226, 'max_features': 0.8207480335649138, 'bootstrap': False, 'max_samples': 0.9658565984279662}. Best is trial 394 with value: 0.8941171376114454.[0m
[32m[I 2022-04-13 19:33:13,968][0m Trial 523 finished with value: 0.7780894874319184 and parameters: {'n_estimators': 256, 'min_samples_split': 0.19422089123630837, 'min_samples_leaf': 0.09819194342895317, 'min_weight_fraction_leaf': 0.31457654534923307, 'max_features': 0.798393233286525, 'bootstrap': False, 'max_samples': 0.000696350797362643}. Best is trial 394 with value: 0.8941171376114454.[0m
[32m[I 2022-04-13 19:34:07,205][0m Trial 524 finished with value: 0.8908219264853336 and parameters: {'n_estimators': 231, 'min_samples_split': 0.14332605034202783, 'min_samples_leaf': 0.04270051330922031, 'min_weight_fraction_leaf': 0.016498587173324444, 'max_features': 0.8548174546931745, 'bootstrap': False, 'max_samples': 0.9446664441546001}. Best is trial 394 with value: 0.8941171376114454.[0m
[32m[I 2022-04-13 19:35:02,283][0m Trial 525 finished with value: 0.8915456084252593 and parameters: {'n_estimators': 263, 'min_samples_split': 0.08835385749143171, 'min_samples_leaf': 0.05846950377235935, 'min_weight_fraction_leaf': 0.028941761438607844, 'max_features': 0.8335005867603005, 'bootstrap': False, 'max_samples': 0.9825956263603064}. Best is trial 394 with value: 0.8941171376114454.[0m
[32m[I 2022-04-13 19:35:49,347][0m Trial 526 finished with value: 0.8899624002430884 and parameters: {'n_estimators': 247, 'min_samples_split': 0.15420096660634092, 'min_samples_leaf': 0.06566201980528587, 'min_weight_fraction_leaf': 0.05173522762909776, 'max_features': 0.7770916361691698, 'bootstrap': False, 'max_samples': 0.27069965971130877}. Best is trial 394 with value: 0.8941171376114454.[0m
[32m[I 2022-04-13 19:38:56,188][0m Trial 527 finished with value: 0.8896548171324652 and parameters: {'n_estimators': 843, 'min_samples_split': 0.10216154231737455, 'min_samples_leaf': 0.047552298147464284, 'min_weight_fraction_leaf': 0.042877623745696675, 'max_features': 0.8115956776215143, 'bootstrap': False, 'max_samples': 0.9150136248457265}. Best is trial 394 with value: 0.8941171376114454.[0m
[32m[I 2022-04-13 19:39:48,050][0m Trial 528 finished with value: 0.8899171726128282 and parameters: {'n_estimators': 276, 'min_samples_split': 0.11323457874400727, 'min_samples_leaf': 0.07967035794325951, 'min_weight_fraction_leaf': 0.026009048493718705, 'max_features': 0.8724615235728461, 'bootstrap': False, 'max_samples': 0.34700829270062616}. Best is trial 394 with value: 0.8941171376114454.[0m
[32m[I 2022-04-13 19:40:49,663][0m Trial 529 finished with value: 0.8929489673151624 and parameters: {'n_estimators': 297, 'min_samples_split': 0.13338260882543795, 'min_samples_leaf': 0.05324279868595669, 'min_weight_fraction_leaf': 0.06274384541380534, 'max_features': 0.7919732032011352, 'bootstrap': False, 'max_samples': 0.953146170534632}. Best is trial 394 with value: 0.8941171376114454.[0m
[32m[I 2022-04-13 19:41:41,319][0m Trial 530 finished with value: 0.890992932821143 and parameters: {'n_estimators': 236, 'min_samples_split': 0.11969965743299348, 'min_samples_leaf': 0.031172263270941213, 'min_weight_fraction_leaf': 0.010723459676260979, 'max_features': 0.6778616736483598, 'bootstrap': False, 'max_samples': 0.06964548321114197}. Best is trial 394 with value: 0.8941171376114454.[0m
[32m[I 2022-04-13 19:42:20,089][0m Trial 531 finished with value: 0.8924627951564588 and parameters: {'n_estimators': 182, 'min_samples_split': 0.14392906002559883, 'min_samples_leaf': 0.06467176892297274, 'min_weight_fraction_leaf': 0.018801609258212476, 'max_features': 0.8316918020366596, 'bootstrap': False, 'max_samples': 0.895455484055119}. Best is trial 394 with value: 0.8941171376114454.[0m
[32m[I 2022-04-13 19:43:10,230][0m Trial 532 finished with value: 0.8904251048758601 and parameters: {'n_estimators': 261, 'min_samples_split': 0.16222811725883174, 'min_samples_leaf': 0.07259617541972171, 'min_weight_fraction_leaf': 0.03668635865964598, 'max_features': 0.8122486841256404, 'bootstrap': False, 'max_samples': 0.7397519282033341}. Best is trial 394 with value: 0.8941171376114454.[0m
[32m[I 2022-04-13 19:44:04,749][0m Trial 533 finished with value: 0.8908817121965316 and parameters: {'n_estimators': 226, 'min_samples_split': 0.1282996636076052, 'min_samples_leaf': 0.04212268322737611, 'min_weight_fraction_leaf': 0.05097115191655538, 'max_features': 0.8585028276406875, 'bootstrap': False, 'max_samples': 0.9323392971904441}. Best is trial 394 with value: 0.8941171376114454.[0m
[32m[I 2022-04-13 19:45:00,261][0m Trial 534 finished with value: 0.8913871395103159 and parameters: {'n_estimators': 286, 'min_samples_split': 0.10703115638094782, 'min_samples_leaf': 0.05810291364322054, 'min_weight_fraction_leaf': 0.008346328166016605, 'max_features': 0.7798144543543896, 'bootstrap': False, 'max_samples': 0.024214831768532022}. Best is trial 394 with value: 0.8941171376114454.[0m
[32m[I 2022-04-13 19:45:36,714][0m Trial 535 finished with value: 0.8888681951612956 and parameters: {'n_estimators': 205, 'min_samples_split': 0.1378360273349441, 'min_samples_leaf': 0.08932080674435844, 'min_weight_fraction_leaf': 0.02784403913828363, 'max_features': 0.8405948807081087, 'bootstrap': False, 'max_samples': 0.8433710749611545}. Best is trial 394 with value: 0.8941171376114454.[0m
[32m[I 2022-04-13 19:46:42,718][0m Trial 536 finished with value: 0.8893668665910397 and parameters: {'n_estimators': 268, 'min_samples_split': 0.12311600760236996, 'min_samples_leaf': 0.05091501434610511, 'min_weight_fraction_leaf': 0.043271657396876245, 'max_features': 0.9241381404274881, 'bootstrap': False, 'max_samples': 0.873306679848435}. Best is trial 394 with value: 0.8941171376114454.[0m
[32m[I 2022-04-13 19:47:42,271][0m Trial 537 finished with value: 0.8915299349866126 and parameters: {'n_estimators': 317, 'min_samples_split': 0.15050801648931342, 'min_samples_leaf': 0.07384533804332385, 'min_weight_fraction_leaf': 0.021173127656203036, 'max_features': 0.8048144436984056, 'bootstrap': False, 'max_samples': 0.9591980321665735}. Best is trial 394 with value: 0.8941171376114454.[0m
[32m[I 2022-04-13 19:48:32,133][0m Trial 538 finished with value: 0.8919685869367742 and parameters: {'n_estimators': 248, 'min_samples_split': 0.132369651634032, 'min_samples_leaf': 0.06144948578504332, 'min_weight_fraction_leaf': 0.03476913367445926, 'max_features': 0.756534064940864, 'bootstrap': False, 'max_samples': 0.9178893261943746}. Best is trial 394 with value: 0.8941171376114454.[0m
[32m[I 2022-04-13 19:48:53,657][0m Trial 539 finished with value: 0.7734289498321412 and parameters: {'n_estimators': 334, 'min_samples_split': 0.4560513605937446, 'min_samples_leaf': 0.04053083184272989, 'min_weight_fraction_leaf': 0.06360812776300952, 'max_features': 0.7363310818429766, 'bootstrap': True, 'max_samples': 0.9780326285338955, 'oob_score': True}. Best is trial 394 with value: 0.8941171376114454.[0m
