[32m[I 2022-04-14 04:58:22,210][0m Trial 295 finished with value: 0.7872677134564746 and parameters: {'n_estimators': 144, 'min_samples_split': 0.010295898238741585, 'min_samples_leaf': 0.027105836803427846, 'min_weight_fraction_leaf': 0.023181805839541235, 'max_features': 0.7591112029897856, 'bootstrap': False, 'max_samples': 0.0006856515377298943}. Best is trial 221 with value: 0.7914552734175826.[0m
[32m[I 2022-04-14 04:59:13,168][0m Trial 296 finished with value: 0.7873756101709677 and parameters: {'n_estimators': 110, 'min_samples_split': 0.018870022963795696, 'min_samples_leaf': 0.01011941424603872, 'min_weight_fraction_leaf': 0.009375101343785129, 'max_features': 0.7331184793015123, 'bootstrap': False, 'max_samples': 0.03705651128160527}. Best is trial 221 with value: 0.7914552734175826.[0m
[32m[I 2022-04-14 05:00:10,658][0m Trial 297 finished with value: 0.7804325042819807 and parameters: {'n_estimators': 208, 'min_samples_split': 0.027493446940506185, 'min_samples_leaf': 0.02033516499962939, 'min_weight_fraction_leaf': 0.03564246144587249, 'max_features': 0.7780439152815893, 'bootstrap': False, 'max_samples': 0.05422829438820945}. Best is trial 221 with value: 0.7914552734175826.[0m
[32m[I 2022-04-14 05:00:35,013][0m Trial 298 finished with value: 0.7829485271875096 and parameters: {'n_estimators': 120, 'min_samples_split': 0.047704419820910754, 'min_samples_leaf': 0.05423740749178988, 'min_weight_fraction_leaf': 0.01674056036761676, 'max_features': 0.7507737097436531, 'bootstrap': False, 'max_samples': 0.9846412708886568}. Best is trial 221 with value: 0.7914552734175826.[0m
[32m[I 2022-04-14 05:01:04,377][0m Trial 299 finished with value: 0.7832202923357702 and parameters: {'n_estimators': 127, 'min_samples_split': 0.0017722020985212802, 'min_samples_leaf': 0.038358441952731075, 'min_weight_fraction_leaf': 0.025137357824381694, 'max_features': 0.7195218632714314, 'bootstrap': False, 'max_samples': 0.9311811421028722}. Best is trial 221 with value: 0.7914552734175826.[0m
[32m[I 2022-04-14 05:02:10,814][0m Trial 300 finished with value: 0.7865303026321614 and parameters: {'n_estimators': 116, 'min_samples_split': 0.016859114634412947, 'min_samples_leaf': 0.009978461225423596, 'min_weight_fraction_leaf': 0.006721642590364479, 'max_features': 0.7731128840919784, 'bootstrap': False, 'max_samples': 0.08230950211180638}. Best is trial 221 with value: 0.7914552734175826.[0m
[32m[I 2022-04-14 05:02:12,720][0m Trial 301 finished with value: 0.5 and parameters: {'n_estimators': 133, 'min_samples_split': 0.027442450150037236, 'min_samples_leaf': 0.3576057210671231, 'min_weight_fraction_leaf': 0.018801982694126466, 'max_features': 0.7452641314985129, 'bootstrap': True, 'max_samples': 0.24725969500160533, 'oob_score': False}. Best is trial 221 with value: 0.7914552734175826.[0m
[32m[I 2022-04-14 05:02:24,127][0m Trial 302 finished with value: 0.7720297088645912 and parameters: {'n_estimators': 109, 'min_samples_split': 0.011055880615657569, 'min_samples_leaf': 0.15357202582628704, 'min_weight_fraction_leaf': 0.03297227726876922, 'max_features': 0.6954343527674997, 'bootstrap': False, 'max_samples': 0.3439856396320004}. Best is trial 221 with value: 0.7914552734175826.[0m
[32m[I 2022-04-14 05:03:04,042][0m Trial 303 finished with value: 0.7866705994965346 and parameters: {'n_estimators': 122, 'min_samples_split': 0.041524902114857695, 'min_samples_leaf': 0.025504729495163265, 'min_weight_fraction_leaf': 0.00025977106150582366, 'max_features': 0.7831595073870274, 'bootstrap': False, 'max_samples': 0.8392855233324477}. Best is trial 221 with value: 0.7914552734175826.[0m
[32m[I 2022-04-14 05:03:31,516][0m Trial 304 finished with value: 0.7842274718085436 and parameters: {'n_estimators': 113, 'min_samples_split': 0.022064728738874526, 'min_samples_leaf': 0.034941799220528466, 'min_weight_fraction_leaf': 0.013901502204504543, 'max_features': 0.7221338398498747, 'bootstrap': False, 'max_samples': 0.7110555672693536}. Best is trial 221 with value: 0.7914552734175826.[0m
[32m[I 2022-04-14 05:04:14,719][0m Trial 305 finished with value: 0.7870970405240636 and parameters: {'n_estimators': 128, 'min_samples_split': 0.009865409356979073, 'min_samples_leaf': 0.019844303991857565, 'min_weight_fraction_leaf': 0.027936310098986863, 'max_features': 0.7584334440606195, 'bootstrap': False, 'max_samples': 0.00028510517562140014}. Best is trial 221 with value: 0.7914552734175826.[0m
[32m[I 2022-04-14 05:04:23,666][0m Trial 306 finished with value: 0.6876684097660044 and parameters: {'n_estimators': 118, 'min_samples_split': 0.034233040639161584, 'min_samples_leaf': 0.04677126953147616, 'min_weight_fraction_leaf': 0.3929977206433813, 'max_features': 0.5365849477717378, 'bootstrap': False, 'max_samples': 0.02427817111717552}. Best is trial 221 with value: 0.7914552734175826.[0m
[32m[I 2022-04-14 05:04:46,493][0m Trial 307 finished with value: 0.7526730252457258 and parameters: {'n_estimators': 138, 'min_samples_split': 0.4865777276160529, 'min_samples_leaf': 0.013694541507606975, 'min_weight_fraction_leaf': 0.042810972910279535, 'max_features': 0.6652917305123066, 'bootstrap': False, 'max_samples': 0.9401897420736081}. Best is trial 221 with value: 0.7914552734175826.[0m
[32m[I 2022-04-14 05:07:09,388][0m Trial 308 finished with value: 0.7837952616235448 and parameters: {'n_estimators': 561, 'min_samples_split': 0.0018334648580697179, 'min_samples_leaf': 0.03016812427681586, 'min_weight_fraction_leaf': 0.008956462539370987, 'max_features': 0.7402273543996127, 'bootstrap': False, 'max_samples': 0.11324099453446652}. Best is trial 221 with value: 0.7914552734175826.[0m
[32m[I 2022-04-14 05:07:51,532][0m Trial 309 finished with value: 0.7858851098129065 and parameters: {'n_estimators': 107, 'min_samples_split': 0.023220439558673523, 'min_samples_leaf': 0.0064558181944110275, 'min_weight_fraction_leaf': 0.021976102318057245, 'max_features': 0.7796242430641304, 'bootstrap': False, 'max_samples': 0.1375172996963795}. Best is trial 221 with value: 0.7914552734175826.[0m
[32m[I 2022-04-14 05:08:15,689][0m Trial 310 finished with value: 0.7855880486629899 and parameters: {'n_estimators': 123, 'min_samples_split': 0.01326949003173354, 'min_samples_leaf': 0.06465905433330235, 'min_weight_fraction_leaf': 0.014967304640041538, 'max_features': 0.809400649749433, 'bootstrap': False, 'max_samples': 0.22443279627930196}. Best is trial 221 with value: 0.7914552734175826.[0m
[32m[I 2022-04-14 05:08:31,021][0m Trial 311 finished with value: 0.7712054029951079 and parameters: {'n_estimators': 114, 'min_samples_split': 0.032861216260531415, 'min_samples_leaf': 0.12946147911834568, 'min_weight_fraction_leaf': 0.00038574176595597767, 'max_features': 0.7609793691707781, 'bootstrap': False, 'max_samples': 0.9719957902928873}. Best is trial 221 with value: 0.7914552734175826.[0m
[32m[I 2022-04-14 05:09:01,286][0m Trial 312 finished with value: 0.7855106790066234 and parameters: {'n_estimators': 131, 'min_samples_split': 0.0438090158857023, 'min_samples_leaf': 0.023408825954953534, 'min_weight_fraction_leaf': 0.05263489679587519, 'max_features': 0.7189652231540679, 'bootstrap': False, 'max_samples': 0.37738623688741346}. Best is trial 221 with value: 0.7914552734175826.[0m
[32m[I 2022-04-14 05:09:28,312][0m Trial 313 finished with value: 0.7857574286030234 and parameters: {'n_estimators': 118, 'min_samples_split': 0.018814517255013815, 'min_samples_leaf': 0.042042106391028525, 'min_weight_fraction_leaf': 0.02905749167072091, 'max_features': 0.7375255048871199, 'bootstrap': False, 'max_samples': 0.47504733598524407}. Best is trial 221 with value: 0.7914552734175826.[0m
[32m[I 2022-04-14 05:09:54,130][0m Trial 314 finished with value: 0.782402516592548 and parameters: {'n_estimators': 107, 'min_samples_split': 0.05709744159466311, 'min_samples_leaf': 0.03126410268690593, 'min_weight_fraction_leaf': 0.016371496598590024, 'max_features': 0.6930272717365503, 'bootstrap': False, 'max_samples': 0.8079240124128257}. Best is trial 221 with value: 0.7914552734175826.[0m
[32m[I 2022-04-14 05:10:39,021][0m Trial 315 finished with value: 0.7796609578211934 and parameters: {'n_estimators': 124, 'min_samples_split': 0.001346960306327016, 'min_samples_leaf': 0.016888166492109873, 'min_weight_fraction_leaf': 0.007661558268594365, 'max_features': 0.7886215203364915, 'bootstrap': False, 'max_samples': 0.1955729552652353}. Best is trial 221 with value: 0.7914552734175826.[0m
[32m[I 2022-04-14 05:13:47,598][0m Trial 316 finished with value: 0.7862197560227718 and parameters: {'n_estimators': 786, 'min_samples_split': 0.0269463009688699, 'min_samples_leaf': 0.03527783383456799, 'min_weight_fraction_leaf': 0.04040441665698253, 'max_features': 0.7583173538024798, 'bootstrap': False, 'max_samples': 0.6791759630708849}. Best is trial 221 with value: 0.7914552734175826.[0m
[32m[I 2022-04-14 05:14:42,914][0m Trial 317 finished with value: 0.7876438476648014 and parameters: {'n_estimators': 113, 'min_samples_split': 0.011422145399708183, 'min_samples_leaf': 0.008684669038007341, 'min_weight_fraction_leaf': 3.966573478309324e-06, 'max_features': 0.7078300618861803, 'bootstrap': False, 'max_samples': 0.08314182501581978}. Best is trial 221 with value: 0.7914552734175826.[0m
[32m[I 2022-04-14 05:15:13,191][0m Trial 318 finished with value: 0.7768766422068561 and parameters: {'n_estimators': 150, 'min_samples_split': 0.18682578473302536, 'min_samples_leaf': 0.050909209096455334, 'min_weight_fraction_leaf': 0.02367594467011477, 'max_features': 0.775703182709263, 'bootstrap': False, 'max_samples': 0.5122311654049169}. Best is trial 221 with value: 0.7914552734175826.[0m
[32m[I 2022-04-14 05:15:21,104][0m Trial 319 finished with value: 0.7563680838050184 and parameters: {'n_estimators': 118, 'min_samples_split': 0.035623985054112836, 'min_samples_leaf': 0.2580580506125895, 'min_weight_fraction_leaf': 0.01211304004125147, 'max_features': 0.7397392716412121, 'bootstrap': False, 'max_samples': 0.054356299005590324}. Best is trial 221 with value: 0.7914552734175826.[0m
[32m[I 2022-04-14 05:15:24,520][0m Trial 320 finished with value: 0.5 and parameters: {'n_estimators': 136, 'min_samples_split': 0.4617113105397279, 'min_samples_leaf': 0.0018009512133636031, 'min_weight_fraction_leaf': 0.03279495687202537, 'max_features': 0.7997778274034011, 'bootstrap': True, 'max_samples': 0.40202870621624237, 'oob_score': True}. Best is trial 221 with value: 0.7914552734175826.[0m
[32m[I 2022-04-14 05:16:04,292][0m Trial 321 finished with value: 0.786159498609653 and parameters: {'n_estimators': 128, 'min_samples_split': 0.0646221778962699, 'min_samples_leaf': 0.02437916886859284, 'min_weight_fraction_leaf': 0.020653256036097162, 'max_features': 0.8222458304283226, 'bootstrap': False, 'max_samples': 0.96015578083312}. Best is trial 221 with value: 0.7914552734175826.[0m
[32m[I 2022-04-14 05:16:44,368][0m Trial 322 finished with value: 0.7803251907682405 and parameters: {'n_estimators': 110, 'min_samples_split': 0.018458255124074334, 'min_samples_leaf': 0.017199924314150503, 'min_weight_fraction_leaf': 0.008662678121110918, 'max_features': 0.7600137725572182, 'bootstrap': False, 'max_samples': 0.4698100962625267}. Best is trial 221 with value: 0.7914552734175826.[0m
[32m[I 2022-04-14 05:17:11,702][0m Trial 323 finished with value: 0.7864832652064804 and parameters: {'n_estimators': 122, 'min_samples_split': 0.009470719927731028, 'min_samples_leaf': 0.0407429543549232, 'min_weight_fraction_leaf': 0.02263060396616228, 'max_features': 0.720600622489476, 'bootstrap': False, 'max_samples': 0.35780875992268346}. Best is trial 221 with value: 0.7914552734175826.[0m
[32m[I 2022-04-14 05:17:39,766][0m Trial 324 finished with value: 0.7830597055285317 and parameters: {'n_estimators': 105, 'min_samples_split': 0.027012018197983413, 'min_samples_leaf': 0.029966696127731056, 'min_weight_fraction_leaf': 0.008591369956202428, 'max_features': 0.7446932663676357, 'bootstrap': False, 'max_samples': 0.16276591376013025}. Best is trial 221 with value: 0.7914552734175826.[0m
[32m[I 2022-04-14 05:17:53,547][0m Trial 325 finished with value: 0.7582078621869127 and parameters: {'n_estimators': 112, 'min_samples_split': 0.00910751645394663, 'min_samples_leaf': 0.020388398081820504, 'min_weight_fraction_leaf': 0.31739598008224024, 'max_features': 0.7787285376838582, 'bootstrap': False, 'max_samples': 0.13103363317070052}. Best is trial 221 with value: 0.7914552734175826.[0m
[32m[I 2022-04-14 05:18:30,995][0m Trial 326 finished with value: 0.7851440054865725 and parameters: {'n_estimators': 141, 'min_samples_split': 0.04429055823735466, 'min_samples_leaf': 0.011831132672435213, 'min_weight_fraction_leaf': 0.03190233315772256, 'max_features': 0.6821688267012193, 'bootstrap': False, 'max_samples': 0.4342403767023013}. Best is trial 221 with value: 0.7914552734175826.[0m
[32m[I 2022-04-14 05:18:56,742][0m Trial 327 finished with value: 0.7852164343840119 and parameters: {'n_estimators': 117, 'min_samples_split': 0.019604194045411555, 'min_samples_leaf': 0.03611524069546604, 'min_weight_fraction_leaf': 0.0001216034611984159, 'max_features': 0.7314926481355649, 'bootstrap': False, 'max_samples': 0.5025227781125078}. Best is trial 221 with value: 0.7914552734175826.[0m
[32m[I 2022-04-14 05:19:34,692][0m Trial 328 finished with value: 0.7872394583971563 and parameters: {'n_estimators': 128, 'min_samples_split': 0.03132044009367371, 'min_samples_leaf': 0.024951090183285073, 'min_weight_fraction_leaf': 0.016336973817580435, 'max_features': 0.7980369774622885, 'bootstrap': False, 'max_samples': 0.03064624842636595}. Best is trial 221 with value: 0.7914552734175826.[0m
[32m[I 2022-04-14 05:20:08,855][0m Trial 329 finished with value: 0.7716552205817415 and parameters: {'n_estimators': 174, 'min_samples_split': 0.2378527214058796, 'min_samples_leaf': 0.04994930432490441, 'min_weight_fraction_leaf': 0.02406085016254927, 'max_features': 0.7658184213616022, 'bootstrap': False, 'max_samples': 0.9844331644245656}. Best is trial 221 with value: 0.7914552734175826.[0m
[32m[I 2022-04-14 05:21:18,366][0m Trial 330 finished with value: 0.7822943148467694 and parameters: {'n_estimators': 257, 'min_samples_split': 0.0019482665121445392, 'min_samples_leaf': 0.015822088743959982, 'min_weight_fraction_leaf': 0.03823419635710609, 'max_features': 0.7544265767668668, 'bootstrap': False, 'max_samples': 0.26405203213770795}. Best is trial 221 with value: 0.7914552734175826.[0m
[32m[I 2022-04-14 05:21:49,632][0m Trial 331 finished with value: 0.7839231285288839 and parameters: {'n_estimators': 122, 'min_samples_split': 0.017700079160289935, 'min_samples_leaf': 0.029204784728393135, 'min_weight_fraction_leaf': 0.014417698491258735, 'max_features': 0.7139379306809278, 'bootstrap': False, 'max_samples': 0.6050591225159048}. Best is trial 221 with value: 0.7914552734175826.[0m
[32m[I 2022-04-14 05:22:18,261][0m Trial 332 finished with value: 0.7856155449079252 and parameters: {'n_estimators': 115, 'min_samples_split': 0.038417481138750695, 'min_samples_leaf': 0.0407155222657725, 'min_weight_fraction_leaf': 0.007490774592728365, 'max_features': 0.7786006306873144, 'bootstrap': False, 'max_samples': 0.41506033469359704}. Best is trial 221 with value: 0.7914552734175826.[0m
[32m[I 2022-04-14 05:22:55,361][0m Trial 333 finished with value: 0.7894212809424284 and parameters: {'n_estimators': 105, 'min_samples_split': 0.026190041449091282, 'min_samples_leaf': 0.009762169458069654, 'min_weight_fraction_leaf': 0.025653015989555425, 'max_features': 0.7366892721710256, 'bootstrap': False, 'max_samples': 0.09037593700030584}. Best is trial 221 with value: 0.7914552734175826.[0m
[32m[I 2022-04-14 05:23:25,374][0m Trial 334 finished with value: 0.7831094948789915 and parameters: {'n_estimators': 105, 'min_samples_split': 0.050622607775237416, 'min_samples_leaf': 0.002298761368000859, 'min_weight_fraction_leaf': 0.049723682543048014, 'max_features': 0.6961439168578213, 'bootstrap': False, 'max_samples': 0.07032543622040838}. Best is trial 221 with value: 0.7914552734175826.[0m
[32m[I 2022-04-14 05:23:58,014][0m Trial 335 finished with value: 0.7819440694653805 and parameters: {'n_estimators': 102, 'min_samples_split': 0.030135582599187957, 'min_samples_leaf': 0.001348322072452359, 'min_weight_fraction_leaf': 0.031824346416668786, 'max_features': 0.7303898112040121, 'bootstrap': False, 'max_samples': 0.08766050891718977}. Best is trial 221 with value: 0.7914552734175826.[0m
[32m[I 2022-04-14 05:24:34,282][0m Trial 336 finished with value: 0.7892313307314672 and parameters: {'n_estimators': 108, 'min_samples_split': 0.02487802198499997, 'min_samples_leaf': 0.010839047360478558, 'min_weight_fraction_leaf': 0.025926038945359702, 'max_features': 0.7444945499937327, 'bootstrap': False, 'max_samples': 0.09515817801364362}. Best is trial 221 with value: 0.7914552734175826.[0m
[32m[I 2022-04-14 05:25:08,146][0m Trial 337 finished with value: 0.7894298623852816 and parameters: {'n_estimators': 103, 'min_samples_split': 0.04172793619270901, 'min_samples_leaf': 0.010653076086794019, 'min_weight_fraction_leaf': 0.02693862978967458, 'max_features': 0.7466489929418055, 'bootstrap': False, 'max_samples': 0.06504908942003573}. Best is trial 221 with value: 0.7914552734175826.[0m
[32m[I 2022-04-14 05:25:36,076][0m Trial 338 finished with value: 0.7865736975834624 and parameters: {'n_estimators': 100, 'min_samples_split': 0.03992651130425312, 'min_samples_leaf': 0.01333713309144023, 'min_weight_fraction_leaf': 0.04036855446329419, 'max_features': 0.7499117782090191, 'bootstrap': False, 'max_samples': 0.053065758125483524}. Best is trial 221 with value: 0.7914552734175826.[0m
[32m[I 2022-04-14 05:26:05,400][0m Trial 339 finished with value: 0.7839344797207163 and parameters: {'n_estimators': 106, 'min_samples_split': 0.06563612018549943, 'min_samples_leaf': 0.008818316802241672, 'min_weight_fraction_leaf': 0.05808109132165081, 'max_features': 0.7368619389820672, 'bootstrap': False, 'max_samples': 0.10771213149093761}. Best is trial 221 with value: 0.7914552734175826.[0m
[32m[I 2022-04-14 05:26:44,502][0m Trial 340 finished with value: 0.7910755872116435 and parameters: {'n_estimators': 109, 'min_samples_split': 0.055707706926058864, 'min_samples_leaf': 0.0010719230438923314, 'min_weight_fraction_leaf': 0.027798262998957823, 'max_features': 0.7125045472868474, 'bootstrap': False, 'max_samples': 0.06576117700303277}. Best is trial 221 with value: 0.7914552734175826.[0m
[32m[I 2022-04-14 05:26:46,505][0m Trial 341 finished with value: 0.5 and parameters: {'n_estimators': 103, 'min_samples_split': 0.05235264673733725, 'min_samples_leaf': 0.0037225576102191127, 'min_weight_fraction_leaf': 0.039084885745433944, 'max_features': 0.703922381079442, 'bootstrap': True, 'max_samples': 0.06402079088596187, 'oob_score': False}. Best is trial 221 with value: 0.7914552734175826.[0m
[32m[I 2022-04-14 05:27:14,246][0m Trial 342 finished with value: 0.7808018804237123 and parameters: {'n_estimators': 109, 'min_samples_split': 0.05611343163543805, 'min_samples_leaf': 0.009772770754631769, 'min_weight_fraction_leaf': 0.046467155171699505, 'max_features': 0.6445964692727713, 'bootstrap': False, 'max_samples': 0.09147311549890842}. Best is trial 221 with value: 0.7914552734175826.[0m
[32m[I 2022-04-14 05:27:46,364][0m Trial 343 finished with value: 0.7831806798182047 and parameters: {'n_estimators': 109, 'min_samples_split': 0.07441913131191032, 'min_samples_leaf': 0.001484596141028513, 'min_weight_fraction_leaf': 0.02935750185727632, 'max_features': 0.6759466086830808, 'bootstrap': False, 'max_samples': 0.07200855823642546}. Best is trial 221 with value: 0.7914552734175826.[0m
[32m[I 2022-04-14 05:28:17,258][0m Trial 344 finished with value: 0.7911341000066535 and parameters: {'n_estimators': 105, 'min_samples_split': 0.05064948969478686, 'min_samples_leaf': 0.01370909093538943, 'min_weight_fraction_leaf': 0.027734732881759518, 'max_features': 0.7124154324257498, 'bootstrap': False, 'max_samples': 0.03832665495253873}. Best is trial 221 with value: 0.7914552734175826.[0m
[32m[I 2022-04-14 05:28:46,299][0m Trial 345 finished with value: 0.7845410352475944 and parameters: {'n_estimators': 102, 'min_samples_split': 0.05906463555246015, 'min_samples_leaf': 0.010812628461286502, 'min_weight_fraction_leaf': 0.03524472701605807, 'max_features': 0.6952553662105939, 'bootstrap': False, 'max_samples': 0.0497761641847079}. Best is trial 221 with value: 0.7914552734175826.[0m
[32m[I 2022-04-14 05:29:12,289][0m Trial 346 finished with value: 0.7831490836929071 and parameters: {'n_estimators': 104, 'min_samples_split': 0.06852438030852771, 'min_samples_leaf': 0.010786110338296897, 'min_weight_fraction_leaf': 0.04993630610203288, 'max_features': 0.7136364775908994, 'bootstrap': False, 'max_samples': 0.036869581732060744}. Best is trial 221 with value: 0.7914552734175826.[0m
[32m[I 2022-04-14 05:29:47,333][0m Trial 347 finished with value: 0.7837184997419876 and parameters: {'n_estimators': 100, 'min_samples_split': 0.04899579263392573, 'min_samples_leaf': 0.001170442298935568, 'min_weight_fraction_leaf': 0.028270190020223136, 'max_features': 0.7185520310250972, 'bootstrap': False, 'max_samples': 0.08448548263092563}. Best is trial 221 with value: 0.7914552734175826.[0m
[32m[I 2022-04-14 05:30:20,589][0m Trial 348 finished with value: 0.7644817352065951 and parameters: {'n_estimators': 428, 'min_samples_split': 0.04418905621602542, 'min_samples_leaf': 0.18197432276050712, 'min_weight_fraction_leaf': 0.02344635867741491, 'max_features': 0.6769078168121692, 'bootstrap': False, 'max_samples': 0.02650885434789934}. Best is trial 221 with value: 0.7914552734175826.[0m
