[32m[I 2022-04-14 03:26:27,226][0m Trial 133 finished with value: 0.7867062031440882 and parameters: {'n_estimators': 123, 'min_samples_split': 0.01968971817664291, 'min_samples_leaf': 0.018989850196049436, 'min_weight_fraction_leaf': 0.014683846671084709, 'max_features': 0.805441075862308, 'bootstrap': False, 'max_samples': 0.09944824837982486}. Best is trial 61 with value: 0.7894562868051375.[0m
[32m[I 2022-04-14 03:29:00,000][0m Trial 134 finished with value: 0.7625579980351357 and parameters: {'n_estimators': 139, 'min_samples_split': 0.013174260868261206, 'min_samples_leaf': 0.0021476936273033924, 'min_weight_fraction_leaf': 0.00044168594450241447, 'max_features': 0.8651306416303737, 'bootstrap': False, 'max_samples': 0.14454387189728812}. Best is trial 61 with value: 0.7894562868051375.[0m
[32m[I 2022-04-14 03:29:46,403][0m Trial 135 finished with value: 0.7824794822332058 and parameters: {'n_estimators': 120, 'min_samples_split': 0.0010557710128813297, 'min_samples_leaf': 0.014920764375020504, 'min_weight_fraction_leaf': 0.01822082034732643, 'max_features': 0.8398991812145398, 'bootstrap': False, 'max_samples': 0.108750789100228}. Best is trial 61 with value: 0.7894562868051375.[0m
[32m[I 2022-04-14 03:32:28,876][0m Trial 136 finished with value: 0.7788079347986273 and parameters: {'n_estimators': 673, 'min_samples_split': 0.02766903055573529, 'min_samples_leaf': 0.055954894426214506, 'min_weight_fraction_leaf': 0.034808590229661734, 'max_features': 0.9298388618991641, 'bootstrap': False, 'max_samples': 0.13526046190154264}. Best is trial 61 with value: 0.7894562868051375.[0m
[32m[I 2022-04-14 03:33:12,763][0m Trial 137 finished with value: 0.7833190960593736 and parameters: {'n_estimators': 147, 'min_samples_split': 0.0374169638741361, 'min_samples_leaf': 0.031073416663761552, 'min_weight_fraction_leaf': 0.02500153944177854, 'max_features': 0.7977025009551855, 'bootstrap': False, 'max_samples': 0.16506180926260497}. Best is trial 61 with value: 0.7894562868051375.[0m
[32m[I 2022-04-14 03:34:51,540][0m Trial 138 finished with value: 0.7858199505477093 and parameters: {'n_estimators': 133, 'min_samples_split': 0.014755921638007902, 'min_samples_leaf': 0.0013976368988520976, 'min_weight_fraction_leaf': 0.010782848430605563, 'max_features': 0.7572734007928423, 'bootstrap': False, 'max_samples': 0.1484806220703542}. Best is trial 61 with value: 0.7894562868051375.[0m
[32m[I 2022-04-14 03:34:53,229][0m Trial 139 finished with value: 0.5 and parameters: {'n_estimators': 110, 'min_samples_split': 0.025420152771558673, 'min_samples_leaf': 0.0471377737683942, 'min_weight_fraction_leaf': 0.16918629561381326, 'max_features': 0.8289047387488613, 'bootstrap': True, 'max_samples': 0.11379324620101323, 'oob_score': False}. Best is trial 61 with value: 0.7894562868051375.[0m
[32m[I 2022-04-14 03:35:28,596][0m Trial 140 finished with value: 0.7824599487684738 and parameters: {'n_estimators': 124, 'min_samples_split': 0.041450679656332, 'min_samples_leaf': 0.025034548699857787, 'min_weight_fraction_leaf': 0.04389931537516846, 'max_features': 0.7801466304630894, 'bootstrap': False, 'max_samples': 0.11933151665192289}. Best is trial 61 with value: 0.7894562868051375.[0m
[32m[I 2022-04-14 03:36:16,838][0m Trial 141 finished with value: 0.7875044272546315 and parameters: {'n_estimators': 130, 'min_samples_split': 0.00245323519603585, 'min_samples_leaf': 0.01879238930084377, 'min_weight_fraction_leaf': 0.008585632032023126, 'max_features': 0.778488493099748, 'bootstrap': False, 'max_samples': 0.2080824288095956}. Best is trial 61 with value: 0.7894562868051375.[0m
[32m[I 2022-04-14 03:37:08,795][0m Trial 142 finished with value: 0.7845977472623672 and parameters: {'n_estimators': 113, 'min_samples_split': 0.01129728091653352, 'min_samples_leaf': 0.015528613188649973, 'min_weight_fraction_leaf': 0.007834406047563011, 'max_features': 0.8097407559183383, 'bootstrap': False, 'max_samples': 0.19521226164536076}. Best is trial 61 with value: 0.7894562868051375.[0m
[32m[I 2022-04-14 03:37:42,468][0m Trial 143 finished with value: 0.7805506480305169 and parameters: {'n_estimators': 117, 'min_samples_split': 0.021978896694934677, 'min_samples_leaf': 0.029102673037276768, 'min_weight_fraction_leaf': 0.01882154302913798, 'max_features': 0.7639182330255478, 'bootstrap': False, 'max_samples': 0.21376454385437227}. Best is trial 61 with value: 0.7894562868051375.[0m
[32m[I 2022-04-14 03:37:58,039][0m Trial 144 finished with value: 0.7502344787545489 and parameters: {'n_estimators': 127, 'min_samples_split': 0.002048960456436988, 'min_samples_leaf': 0.04116563875963154, 'min_weight_fraction_leaf': 0.32569159885158866, 'max_features': 0.7951007348165178, 'bootstrap': False, 'max_samples': 0.08992598033748003}. Best is trial 61 with value: 0.7894562868051375.[0m
[32m[I 2022-04-14 03:38:42,834][0m Trial 145 finished with value: 0.7793595692611408 and parameters: {'n_estimators': 111, 'min_samples_split': 0.03142680131343988, 'min_samples_leaf': 0.010921093158211588, 'min_weight_fraction_leaf': 0.030486509959005516, 'max_features': 0.8557722338926106, 'bootstrap': False, 'max_samples': 0.14601234305930452}. Best is trial 61 with value: 0.7894562868051375.[0m
[32m[I 2022-04-14 03:39:17,728][0m Trial 146 finished with value: 0.7893331625094799 and parameters: {'n_estimators': 121, 'min_samples_split': 0.01498793723198131, 'min_samples_leaf': 0.02469618972736219, 'min_weight_fraction_leaf': 0.006647341308915595, 'max_features': 0.749052979990585, 'bootstrap': False, 'max_samples': 0.17818877449596926}. Best is trial 61 with value: 0.7894562868051375.[0m
[32m[I 2022-04-14 03:39:50,566][0m Trial 147 finished with value: 0.782689346169597 and parameters: {'n_estimators': 158, 'min_samples_split': 0.04701766241536571, 'min_samples_leaf': 0.05344420296929338, 'min_weight_fraction_leaf': 0.03823789665209926, 'max_features': 0.7497085845161133, 'bootstrap': False, 'max_samples': 0.047756086701198575}. Best is trial 61 with value: 0.7894562868051375.[0m
[32m[I 2022-04-14 03:40:29,967][0m Trial 148 finished with value: 0.7796068227662697 and parameters: {'n_estimators': 132, 'min_samples_split': 0.018048288106016424, 'min_samples_leaf': 0.03333740932472827, 'min_weight_fraction_leaf': 0.021087699387295173, 'max_features': 0.9000339285164627, 'bootstrap': False, 'max_samples': 0.173406667542355}. Best is trial 61 with value: 0.7894562868051375.[0m
[32m[I 2022-04-14 03:40:36,221][0m Trial 149 finished with value: 0.7529958985675386 and parameters: {'n_estimators': 122, 'min_samples_split': 0.033369544453451486, 'min_samples_leaf': 0.3166856628360734, 'min_weight_fraction_leaf': 2.6285729493249685e-05, 'max_features': 0.816530825001048, 'bootstrap': False, 'max_samples': 0.13014547515580047}. Best is trial 61 with value: 0.7894562868051375.[0m
[32m[I 2022-04-14 03:40:39,311][0m Trial 150 finished with value: 0.7516442361889057 and parameters: {'n_estimators': 106, 'min_samples_split': 0.025419874148038032, 'min_samples_leaf': 0.37324166906303957, 'min_weight_fraction_leaf': 0.02592796128462499, 'max_features': 0.7252667983083342, 'bootstrap': False, 'max_samples': 0.19846434011947647}. Best is trial 61 with value: 0.7894562868051375.[0m
[32m[I 2022-04-14 03:41:21,306][0m Trial 151 finished with value: 0.7883689858019436 and parameters: {'n_estimators': 117, 'min_samples_split': 0.01378225076396838, 'min_samples_leaf': 0.02088083537113278, 'min_weight_fraction_leaf': 0.010222216966822134, 'max_features': 0.776292247288343, 'bootstrap': False, 'max_samples': 0.16140854242571262}. Best is trial 61 with value: 0.7894562868051375.[0m
[32m[I 2022-04-14 03:42:11,227][0m Trial 152 finished with value: 0.780309504079663 and parameters: {'n_estimators': 118, 'min_samples_split': 0.016121987172675198, 'min_samples_leaf': 0.013388623911619622, 'min_weight_fraction_leaf': 0.01595388239720976, 'max_features': 0.7671010606693675, 'bootstrap': False, 'max_samples': 0.1615030297476796}. Best is trial 61 with value: 0.7894562868051375.[0m
[32m[I 2022-04-14 03:42:55,098][0m Trial 153 finished with value: 0.7896794262597122 and parameters: {'n_estimators': 138, 'min_samples_split': 0.011226536013045123, 'min_samples_leaf': 0.021679002069265013, 'min_weight_fraction_leaf': 0.006932106697212167, 'max_features': 0.7512403478675063, 'bootstrap': False, 'max_samples': 0.06313492296074655}. Best is trial 153 with value: 0.7896794262597122.[0m
[32m[I 2022-04-14 03:43:26,412][0m Trial 154 finished with value: 0.7823047576015184 and parameters: {'n_estimators': 138, 'min_samples_split': 0.037988855410634376, 'min_samples_leaf': 0.044021651651733024, 'min_weight_fraction_leaf': 0.02871185892176431, 'max_features': 0.7473033709294006, 'bootstrap': False, 'max_samples': 0.07491079733616278}. Best is trial 153 with value: 0.7896794262597122.[0m
[32m[I 2022-04-14 03:43:37,768][0m Trial 155 finished with value: 0.6413998095995774 and parameters: {'n_estimators': 110, 'min_samples_split': 0.013247195211714977, 'min_samples_leaf': 0.03312273489719127, 'min_weight_fraction_leaf': 0.42165921286745167, 'max_features': 0.8279580908867638, 'bootstrap': False, 'max_samples': 0.007196454259856072}. Best is trial 153 with value: 0.7896794262597122.[0m
[32m[I 2022-04-14 03:44:28,480][0m Trial 156 finished with value: 0.7875805803980536 and parameters: {'n_estimators': 100, 'min_samples_split': 0.048976968406491274, 'min_samples_leaf': 0.008832406853047077, 'min_weight_fraction_leaf': 0.00010984816993355774, 'max_features': 0.80465362816135, 'bootstrap': False, 'max_samples': 0.05727979339767278}. Best is trial 153 with value: 0.7896794262597122.[0m
[32m[I 2022-04-14 03:44:45,807][0m Trial 157 finished with value: 0.7776664060724328 and parameters: {'n_estimators': 124, 'min_samples_split': 0.02727895312090694, 'min_samples_leaf': 0.0019396026518523658, 'min_weight_fraction_leaf': 0.04908332414870438, 'max_features': 0.31814248760730146, 'bootstrap': False, 'max_samples': 0.0932848910678174}. Best is trial 153 with value: 0.7896794262597122.[0m
[32m[I 2022-04-14 03:45:19,521][0m Trial 158 finished with value: 0.7893111924262006 and parameters: {'n_estimators': 118, 'min_samples_split': 0.012650895386487396, 'min_samples_leaf': 0.0236407860541219, 'min_weight_fraction_leaf': 0.01800035105619026, 'max_features': 0.75588279250113, 'bootstrap': False, 'max_samples': 0.4579283728709425}. Best is trial 153 with value: 0.7896794262597122.[0m
[32m[I 2022-04-14 03:45:58,174][0m Trial 159 finished with value: 0.7867452387130578 and parameters: {'n_estimators': 119, 'min_samples_split': 0.010498158309424991, 'min_samples_leaf': 0.024562803167993, 'min_weight_fraction_leaf': 0.01796923024456524, 'max_features': 0.8743708799678342, 'bootstrap': False, 'max_samples': 0.4481092479520985}. Best is trial 153 with value: 0.7896794262597122.[0m
[32m[I 2022-04-14 03:46:24,256][0m Trial 160 finished with value: 0.7833500460204956 and parameters: {'n_estimators': 107, 'min_samples_split': 0.021609287258828117, 'min_samples_leaf': 0.03503250997308424, 'min_weight_fraction_leaf': 0.03838609255477775, 'max_features': 0.7199530106698739, 'bootstrap': False, 'max_samples': 0.4184654533429765}. Best is trial 153 with value: 0.7896794262597122.[0m
[32m[I 2022-04-14 03:46:59,059][0m Trial 161 finished with value: 0.7897821417730769 and parameters: {'n_estimators': 113, 'min_samples_split': 0.0018742059953961148, 'min_samples_leaf': 0.01989441495100721, 'min_weight_fraction_leaf': 0.008558238619956275, 'max_features': 0.7481326226044678, 'bootstrap': False, 'max_samples': 0.12585336242918274}. Best is trial 161 with value: 0.7897821417730769.[0m
[32m[I 2022-04-14 03:47:10,089][0m Trial 162 finished with value: 0.7807951323099714 and parameters: {'n_estimators': 114, 'min_samples_split': 0.0016252712428709234, 'min_samples_leaf': 0.022491968342945142, 'min_weight_fraction_leaf': 0.014139695551355354, 'max_features': 0.21735533929662731, 'bootstrap': False, 'max_samples': 0.1263535757125096}. Best is trial 161 with value: 0.7897821417730769.[0m
[32m[I 2022-04-14 03:48:00,511][0m Trial 163 finished with value: 0.7762942471034598 and parameters: {'n_estimators': 125, 'min_samples_split': 0.016241779050071826, 'min_samples_leaf': 0.013375635518394916, 'min_weight_fraction_leaf': 0.006757472272213407, 'max_features': 0.7936784149977278, 'bootstrap': False, 'max_samples': 0.14955406690169162}. Best is trial 161 with value: 0.7897821417730769.[0m
[32m[I 2022-04-14 03:48:26,465][0m Trial 164 finished with value: 0.7802383703223452 and parameters: {'n_estimators': 118, 'min_samples_split': 0.03196706183356595, 'min_samples_leaf': 0.044630194659223785, 'min_weight_fraction_leaf': 0.02792865255516809, 'max_features': 0.7606180199579533, 'bootstrap': False, 'max_samples': 0.4627343803673738}. Best is trial 161 with value: 0.7897821417730769.[0m
[32m[I 2022-04-14 03:48:52,926][0m Trial 165 finished with value: 0.7826153218152774 and parameters: {'n_estimators': 105, 'min_samples_split': 0.0105300620827088, 'min_samples_leaf': 0.0284143169992054, 'min_weight_fraction_leaf': 0.0001805330847490516, 'max_features': 0.7415727688485717, 'bootstrap': False, 'max_samples': 0.031938815923286054}. Best is trial 161 with value: 0.7897821417730769.[0m
[32m[I 2022-04-14 03:49:37,792][0m Trial 166 finished with value: 0.785656094822837 and parameters: {'n_estimators': 114, 'min_samples_split': 0.04168061914399055, 'min_samples_leaf': 0.010204029820323462, 'min_weight_fraction_leaf': 0.019373933025864556, 'max_features': 0.8469216090145301, 'bootstrap': False, 'max_samples': 0.17608185734476686}. Best is trial 161 with value: 0.7897821417730769.[0m
[32m[I 2022-04-14 03:49:48,115][0m Trial 167 finished with value: 0.7731159025312577 and parameters: {'n_estimators': 110, 'min_samples_split': 0.022170807855328607, 'min_samples_leaf': 0.16912749708530966, 'min_weight_fraction_leaf': 0.010448604440300008, 'max_features': 0.7805139940740871, 'bootstrap': False, 'max_samples': 0.07656295083991725}. Best is trial 161 with value: 0.7897821417730769.[0m
[32m[I 2022-04-14 03:49:53,108][0m Trial 168 finished with value: 0.7559408874655145 and parameters: {'n_estimators': 129, 'min_samples_split': 0.002500142906395339, 'min_samples_leaf': 0.0014712347120509309, 'min_weight_fraction_leaf': 0.03779730939624186, 'max_features': 0.8151456405775336, 'bootstrap': True, 'max_samples': 0.09859418604770848, 'oob_score': True}. Best is trial 161 with value: 0.7897821417730769.[0m
[32m[I 2022-04-14 03:50:15,955][0m Trial 169 finished with value: 0.7756624747514521 and parameters: {'n_estimators': 103, 'min_samples_split': 0.24852039436256787, 'min_samples_leaf': 0.019769171315179638, 'min_weight_fraction_leaf': 0.026864638434855037, 'max_features': 0.7331570445617361, 'bootstrap': False, 'max_samples': 0.14217711045915357}. Best is trial 161 with value: 0.7897821417730769.[0m
[32m[I 2022-04-14 03:50:46,561][0m Trial 170 finished with value: 0.7831896730678672 and parameters: {'n_estimators': 143, 'min_samples_split': 0.05687377536722915, 'min_samples_leaf': 0.039814540688506136, 'min_weight_fraction_leaf': 0.016259269234916, 'max_features': 0.7689495076257543, 'bootstrap': False, 'max_samples': 0.17704313311150632}. Best is trial 161 with value: 0.7897821417730769.[0m
[32m[I 2022-04-14 03:51:15,004][0m Trial 171 finished with value: 0.7831700780570277 and parameters: {'n_estimators': 120, 'min_samples_split': 0.025995706030111483, 'min_samples_leaf': 0.02941343315601421, 'min_weight_fraction_leaf': 0.008309158902637002, 'max_features': 0.7538535790087629, 'bootstrap': False, 'max_samples': 0.11257486841807988}. Best is trial 161 with value: 0.7897821417730769.[0m
[32m[I 2022-04-14 03:51:50,157][0m Trial 172 finished with value: 0.787743656441436 and parameters: {'n_estimators': 111, 'min_samples_split': 0.012552824877018053, 'min_samples_leaf': 0.018530159760559644, 'min_weight_fraction_leaf': 0.023074639137166054, 'max_features': 0.7968827043743544, 'bootstrap': False, 'max_samples': 0.4230226020636281}. Best is trial 161 with value: 0.7897821417730769.[0m
[32m[I 2022-04-14 03:52:25,014][0m Trial 173 finished with value: 0.7882466701836285 and parameters: {'n_estimators': 110, 'min_samples_split': 0.011760404255420461, 'min_samples_leaf': 0.01731551373131727, 'min_weight_fraction_leaf': 0.023633839349976208, 'max_features': 0.8025800455564029, 'bootstrap': False, 'max_samples': 0.38670158316998027}. Best is trial 161 with value: 0.7897821417730769.[0m
[32m[I 2022-04-14 03:52:59,710][0m Trial 174 finished with value: 0.7829122931143752 and parameters: {'n_estimators': 110, 'min_samples_split': 0.012278229056893101, 'min_samples_leaf': 0.011476910589828304, 'min_weight_fraction_leaf': 0.030728489868498878, 'max_features': 0.7949906218740604, 'bootstrap': False, 'max_samples': 0.431292260044473}. Best is trial 161 with value: 0.7897821417730769.[0m
[32m[I 2022-04-14 03:53:19,514][0m Trial 175 finished with value: 0.7811775262661926 and parameters: {'n_estimators': 104, 'min_samples_split': 0.001485145580579274, 'min_samples_leaf': 0.05303005946252322, 'min_weight_fraction_leaf': 0.007150058065003266, 'max_features': 0.8073888067505341, 'bootstrap': False, 'max_samples': 0.3809000410578045}. Best is trial 161 with value: 0.7897821417730769.[0m
[32m[I 2022-04-14 03:53:43,435][0m Trial 176 finished with value: 0.7801924941254716 and parameters: {'n_estimators': 100, 'min_samples_split': 0.01723521540689037, 'min_samples_leaf': 0.036046366969562524, 'min_weight_fraction_leaf': 0.0003167185056661293, 'max_features': 0.7774881746886235, 'bootstrap': False, 'max_samples': 0.4129325764566399}. Best is trial 161 with value: 0.7897821417730769.[0m
[32m[I 2022-04-14 03:54:19,379][0m Trial 177 finished with value: 0.7885957382572368 and parameters: {'n_estimators': 124, 'min_samples_split': 0.012310368186076004, 'min_samples_leaf': 0.01940266813617021, 'min_weight_fraction_leaf': 0.02072265056591144, 'max_features': 0.7242304547518031, 'bootstrap': False, 'max_samples': 0.477521875662119}. Best is trial 161 with value: 0.7897821417730769.[0m
[32m[I 2022-04-14 03:54:56,952][0m Trial 178 finished with value: 0.7859190268892279 and parameters: {'n_estimators': 134, 'min_samples_split': 0.03911164317206857, 'min_samples_leaf': 0.009332255051267226, 'min_weight_fraction_leaf': 0.04178705026500894, 'max_features': 0.7091861002089982, 'bootstrap': False, 'max_samples': 0.4720864269224718}. Best is trial 161 with value: 0.7897821417730769.[0m
[32m[I 2022-04-14 03:55:28,346][0m Trial 179 finished with value: 0.7825797542756162 and parameters: {'n_estimators': 116, 'min_samples_split': 0.021395163236884958, 'min_samples_leaf': 0.029019534855230497, 'min_weight_fraction_leaf': 0.0225674492940446, 'max_features': 0.7346023985706474, 'bootstrap': False, 'max_samples': 0.48879528451678333}. Best is trial 161 with value: 0.7897821417730769.[0m
[32m[I 2022-04-14 03:56:04,977][0m Trial 180 finished with value: 0.7811849886834215 and parameters: {'n_estimators': 125, 'min_samples_split': 0.011292376636766466, 'min_samples_leaf': 0.01662942956297525, 'min_weight_fraction_leaf': 0.03220527612838234, 'max_features': 0.6879543254179317, 'bootstrap': False, 'max_samples': 0.508405400422544}. Best is trial 161 with value: 0.7897821417730769.[0m
[32m[I 2022-04-14 03:56:46,034][0m Trial 181 finished with value: 0.7886317893450011 and parameters: {'n_estimators': 120, 'min_samples_split': 0.010000986898523304, 'min_samples_leaf': 0.02250198008163179, 'min_weight_fraction_leaf': 0.015527163681452898, 'max_features': 0.7614976731311967, 'bootstrap': False, 'max_samples': 0.3997293418820976}. Best is trial 161 with value: 0.7897821417730769.[0m
[32m[I 2022-04-14 03:57:07,966][0m Trial 182 finished with value: 0.7554591094633336 and parameters: {'n_estimators': 109, 'min_samples_split': 0.4242639474858021, 'min_samples_leaf': 0.0012685022206267334, 'min_weight_fraction_leaf': 0.019313938596104654, 'max_features': 0.7551395632116737, 'bootstrap': False, 'max_samples': 0.41221424686191166}. Best is trial 161 with value: 0.7897821417730769.[0m
[32m[I 2022-04-14 03:57:36,094][0m Trial 183 finished with value: 0.7868709891905563 and parameters: {'n_estimators': 123, 'min_samples_split': 0.02913356462042985, 'min_samples_leaf': 0.04031290961276839, 'min_weight_fraction_leaf': 0.014758586493866046, 'max_features': 0.7177359055748567, 'bootstrap': False, 'max_samples': 0.39542109711649903}. Best is trial 161 with value: 0.7897821417730769.[0m
[32m[I 2022-04-14 03:58:10,135][0m Trial 184 finished with value: 0.7885405873739583 and parameters: {'n_estimators': 113, 'min_samples_split': 0.011997734922881009, 'min_samples_leaf': 0.020643416967278658, 'min_weight_fraction_leaf': 0.02462141845511459, 'max_features': 0.7881074865869054, 'bootstrap': False, 'max_samples': 0.45172170979801196}. Best is trial 161 with value: 0.7897821417730769.[0m
[32m[I 2022-04-14 03:58:40,329][0m Trial 185 finished with value: 0.7824017864910294 and parameters: {'n_estimators': 117, 'min_samples_split': 0.02127608290931219, 'min_samples_leaf': 0.02923352806550444, 'min_weight_fraction_leaf': 0.03404426540093605, 'max_features': 0.7708306358295696, 'bootstrap': False, 'max_samples': 0.4385112566890445}. Best is trial 161 with value: 0.7897821417730769.[0m
[32m[I 2022-04-14 03:59:07,326][0m Trial 186 finished with value: 0.7832834093524889 and parameters: {'n_estimators': 130, 'min_samples_split': 0.0011543182188876924, 'min_samples_leaf': 0.048197955660606695, 'min_weight_fraction_leaf': 0.0004685528251702452, 'max_features': 0.742844103757947, 'bootstrap': False, 'max_samples': 0.46489327176923584}. Best is trial 161 with value: 0.7897821417730769.[0m
