[32m[I 2022-04-24 06:30:44,744][0m Trial 874 finished with value: 0.6760220803042791 and parameters: {'n_estimators': 111, 'min_samples_split': 0.008960993345931704, 'min_samples_leaf': 0.01789632304999117, 'min_weight_fraction_leaf': 0.01685531342657106, 'max_features': 0.2239407609692779, 'bootstrap': False, 'max_samples': 0.4409577974332136}. Best is trial 251 with value: 0.6908430332111252.[0m
[32m[I 2022-04-24 06:32:17,072][0m Trial 875 finished with value: 0.6885777329611853 and parameters: {'n_estimators': 126, 'min_samples_split': 0.0012555894206662695, 'min_samples_leaf': 0.0011290621586399364, 'min_weight_fraction_leaf': 0.0003355137649905648, 'max_features': 0.18204781276145587, 'bootstrap': False, 'max_samples': 0.3863277736632726}. Best is trial 251 with value: 0.6908430332111252.[0m
[32m[I 2022-04-24 06:32:35,419][0m Trial 876 finished with value: 0.6640027459743185 and parameters: {'n_estimators': 133, 'min_samples_split': 0.2085415300284607, 'min_samples_leaf': 0.008592849042682493, 'min_weight_fraction_leaf': 0.0007421486233969918, 'max_features': 0.19319904014539696, 'bootstrap': False, 'max_samples': 0.4261600672479441}. Best is trial 251 with value: 0.6908430332111252.[0m
[32m[I 2022-04-24 06:33:07,569][0m Trial 877 finished with value: 0.6775702484985426 and parameters: {'n_estimators': 121, 'min_samples_split': 0.0021548075420965065, 'min_samples_leaf': 0.009041107882554574, 'min_weight_fraction_leaf': 0.01017528518642953, 'max_features': 0.18633721505774664, 'bootstrap': False, 'max_samples': 0.37358867366469517}. Best is trial 251 with value: 0.6908430332111252.[0m
[32m[I 2022-04-24 06:33:46,365][0m Trial 878 finished with value: 0.6786736217979017 and parameters: {'n_estimators': 112, 'min_samples_split': 0.009187795482917165, 'min_samples_leaf': 0.0010967710710091398, 'min_weight_fraction_leaf': 0.008757610165153189, 'max_features': 0.17982649101673076, 'bootstrap': False, 'max_samples': 0.4136384927596311}. Best is trial 251 with value: 0.6908430332111252.[0m
[32m[I 2022-04-24 06:34:12,782][0m Trial 879 finished with value: 0.6832748355597175 and parameters: {'n_estimators': 112, 'min_samples_split': 0.001133400366998931, 'min_samples_leaf': 0.009284418296960684, 'min_weight_fraction_leaf': 0.0006061704940868683, 'max_features': 0.17067198865541786, 'bootstrap': False, 'max_samples': 0.38269938752902244}. Best is trial 251 with value: 0.6908430332111252.[0m
[32m[I 2022-04-24 06:34:26,847][0m Trial 880 finished with value: 0.6711885729428072 and parameters: {'n_estimators': 104, 'min_samples_split': 0.009493633568546277, 'min_samples_leaf': 0.01797907076303077, 'min_weight_fraction_leaf': 0.00041165193555023143, 'max_features': 0.17087942939318118, 'bootstrap': False, 'max_samples': 0.39336887699862255}. Best is trial 251 with value: 0.6908430332111252.[0m
[32m[I 2022-04-24 06:34:52,021][0m Trial 881 finished with value: 0.6758678451426471 and parameters: {'n_estimators': 117, 'min_samples_split': 0.0024102000519680895, 'min_samples_leaf': 0.008537406440350975, 'min_weight_fraction_leaf': 0.008116626447502714, 'max_features': 0.14927751880535106, 'bootstrap': False, 'max_samples': 0.41666302663478233}. Best is trial 251 with value: 0.6908430332111252.[0m
[32m[I 2022-04-24 06:36:01,270][0m Trial 882 finished with value: 0.6856775166573017 and parameters: {'n_estimators': 118, 'min_samples_split': 0.013251282049633687, 'min_samples_leaf': 0.0014086030550432107, 'min_weight_fraction_leaf': 0.000314663322445984, 'max_features': 0.16666716169628804, 'bootstrap': False, 'max_samples': 0.38314020362308915}. Best is trial 251 with value: 0.6908430332111252.[0m
[32m[I 2022-04-24 06:36:16,795][0m Trial 883 finished with value: 0.6788168748499303 and parameters: {'n_estimators': 118, 'min_samples_split': 0.0014416968773951332, 'min_samples_leaf': 0.018118253925505125, 'min_weight_fraction_leaf': 0.0008991601125033079, 'max_features': 0.16075686523954907, 'bootstrap': False, 'max_samples': 0.4233689348269168}. Best is trial 251 with value: 0.6908430332111252.[0m
[32m[I 2022-04-24 06:36:33,918][0m Trial 884 finished with value: 0.6776081961188399 and parameters: {'n_estimators': 115, 'min_samples_split': 0.010816630819109586, 'min_samples_leaf': 0.0107093297974932, 'min_weight_fraction_leaf': 0.008201897624338367, 'max_features': 0.13244738347143287, 'bootstrap': False, 'max_samples': 0.40694565553046497}. Best is trial 251 with value: 0.6908430332111252.[0m
[32m[I 2022-04-24 06:36:34,881][0m Trial 885 finished with value: 0.5914865005606338 and parameters: {'n_estimators': 125, 'min_samples_split': 0.0017422356982848951, 'min_samples_leaf': 0.33275463997816784, 'min_weight_fraction_leaf': 0.28160456685502605, 'max_features': 0.16415911113719361, 'bootstrap': False, 'max_samples': 0.4427555252837393}. Best is trial 251 with value: 0.6908430332111252.[0m
[32m[I 2022-04-24 06:36:38,038][0m Trial 886 finished with value: 0.6573884707037729 and parameters: {'n_estimators': 123, 'min_samples_split': 0.016254695095252666, 'min_samples_leaf': 0.025425505467911023, 'min_weight_fraction_leaf': 1.2789658396957751e-05, 'max_features': 0.13623676236800988, 'bootstrap': True, 'max_samples': 0.38493846931424114, 'oob_score': False}. Best is trial 251 with value: 0.6908430332111252.[0m
[32m[I 2022-04-24 06:37:06,877][0m Trial 887 finished with value: 0.6825314253599473 and parameters: {'n_estimators': 117, 'min_samples_split': 0.0017857140061948015, 'min_samples_leaf': 0.00932019371255664, 'min_weight_fraction_leaf': 0.00017304634584757705, 'max_features': 0.16518723863282142, 'bootstrap': False, 'max_samples': 0.4043491676554161}. Best is trial 251 with value: 0.6908430332111252.[0m
[32m[I 2022-04-24 06:37:33,651][0m Trial 888 finished with value: 0.6782336021442558 and parameters: {'n_estimators': 110, 'min_samples_split': 0.0012837069820557986, 'min_samples_leaf': 0.0014841839880516373, 'min_weight_fraction_leaf': 0.017912324893616008, 'max_features': 0.17868177929603835, 'bootstrap': False, 'max_samples': 0.38828424735329903}. Best is trial 251 with value: 0.6908430332111252.[0m
[32m[I 2022-04-24 06:37:46,816][0m Trial 889 finished with value: 0.675864154988884 and parameters: {'n_estimators': 106, 'min_samples_split': 0.013597718088112954, 'min_samples_leaf': 0.018784159646729876, 'min_weight_fraction_leaf': 0.00043817645388321885, 'max_features': 0.15090380476730988, 'bootstrap': False, 'max_samples': 0.37810501450015516}. Best is trial 251 with value: 0.6908430332111252.[0m
[32m[I 2022-04-24 06:37:55,545][0m Trial 890 finished with value: 0.6694679532053849 and parameters: {'n_estimators': 112, 'min_samples_split': 0.016229361140490266, 'min_samples_leaf': 0.0282762616220721, 'min_weight_fraction_leaf': 0.014016020868567285, 'max_features': 0.13221306656871645, 'bootstrap': False, 'max_samples': 0.4151506182699638}. Best is trial 251 with value: 0.6908430332111252.[0m
[32m[I 2022-04-24 06:38:13,423][0m Trial 891 finished with value: 0.6717319697750498 and parameters: {'n_estimators': 119, 'min_samples_split': 0.010488492173544204, 'min_samples_leaf': 0.008968009020520796, 'min_weight_fraction_leaf': 2.9424622979480402e-05, 'max_features': 0.10098504278033664, 'bootstrap': False, 'max_samples': 0.38387282516250076}. Best is trial 251 with value: 0.6908430332111252.[0m
[32m[I 2022-04-24 06:38:23,991][0m Trial 892 finished with value: 0.6780037396816955 and parameters: {'n_estimators': 118, 'min_samples_split': 0.0010812922314679364, 'min_samples_leaf': 0.018584163811228786, 'min_weight_fraction_leaf': 0.024454728850466977, 'max_features': 0.11716547849892045, 'bootstrap': False, 'max_samples': 0.45626120097762995}. Best is trial 251 with value: 0.6908430332111252.[0m
[32m[I 2022-04-24 06:38:52,391][0m Trial 893 finished with value: 0.6799567346116013 and parameters: {'n_estimators': 115, 'min_samples_split': 0.017963164836015882, 'min_samples_leaf': 0.001213642150848909, 'min_weight_fraction_leaf': 0.01682740674119463, 'max_features': 0.17025039432812952, 'bootstrap': False, 'max_samples': 0.4011221370000393}. Best is trial 251 with value: 0.6908430332111252.[0m
[32m[I 2022-04-24 06:39:15,476][0m Trial 894 finished with value: 0.6775656956953827 and parameters: {'n_estimators': 124, 'min_samples_split': 0.017126905156300117, 'min_samples_leaf': 0.001434189227537062, 'min_weight_fraction_leaf': 0.008797920900825432, 'max_features': 0.08908840097557238, 'bootstrap': False, 'max_samples': 0.37013609399768815}. Best is trial 251 with value: 0.6908430332111252.[0m
[32m[I 2022-04-24 06:39:26,033][0m Trial 895 finished with value: 0.672757007536663 and parameters: {'n_estimators': 125, 'min_samples_split': 0.001487933697190778, 'min_samples_leaf': 0.03219672752953509, 'min_weight_fraction_leaf': 0.025172496793851043, 'max_features': 0.15333648309574274, 'bootstrap': False, 'max_samples': 0.3746824334852582}. Best is trial 251 with value: 0.6908430332111252.[0m
[32m[I 2022-04-24 06:40:36,549][0m Trial 896 finished with value: 0.682597429404685 and parameters: {'n_estimators': 108, 'min_samples_split': 0.010595379299124828, 'min_samples_leaf': 0.0010941547628597597, 'min_weight_fraction_leaf': 0.00012565753782786898, 'max_features': 0.18621432200022156, 'bootstrap': False, 'max_samples': 0.36286975423295853}. Best is trial 251 with value: 0.6908430332111252.[0m
[32m[I 2022-04-24 06:40:43,218][0m Trial 897 finished with value: 0.6678798889585315 and parameters: {'n_estimators': 128, 'min_samples_split': 0.024048382076993554, 'min_samples_leaf': 0.01909946628292216, 'min_weight_fraction_leaf': 0.014895177810838345, 'max_features': 0.054099039607297325, 'bootstrap': False, 'max_samples': 0.5577574675299639}. Best is trial 251 with value: 0.6908430332111252.[0m
[32m[I 2022-04-24 06:41:30,587][0m Trial 898 finished with value: 0.6798843038577074 and parameters: {'n_estimators': 123, 'min_samples_split': 0.011171031626970872, 'min_samples_leaf': 0.001037038858664175, 'min_weight_fraction_leaf': 0.0002307755001746327, 'max_features': 0.1118550195083341, 'bootstrap': False, 'max_samples': 0.43214655163758015}. Best is trial 251 with value: 0.6908430332111252.[0m
[32m[I 2022-04-24 06:41:50,620][0m Trial 899 finished with value: 0.6823646443445763 and parameters: {'n_estimators': 112, 'min_samples_split': 0.0010149357442348745, 'min_samples_leaf': 0.010086491255304874, 'min_weight_fraction_leaf': 0.010567394956098833, 'max_features': 0.13923174993440962, 'bootstrap': False, 'max_samples': 0.3625793486123523}. Best is trial 251 with value: 0.6908430332111252.[0m
[32m[I 2022-04-24 06:42:00,688][0m Trial 900 finished with value: 0.668014727875482 and parameters: {'n_estimators': 119, 'min_samples_split': 0.020518344355472, 'min_samples_leaf': 0.03895982114234536, 'min_weight_fraction_leaf': 0.023722911929249905, 'max_features': 0.17898016481936269, 'bootstrap': False, 'max_samples': 0.39770314187514555}. Best is trial 251 with value: 0.6908430332111252.[0m
[32m[I 2022-04-24 06:42:04,228][0m Trial 901 finished with value: 0.6015315514584646 and parameters: {'n_estimators': 121, 'min_samples_split': 0.010681172097604363, 'min_samples_leaf': 0.016851351767442173, 'min_weight_fraction_leaf': 0.2334838531463886, 'max_features': 0.16205462838272106, 'bootstrap': False, 'max_samples': 0.3903333504190866}. Best is trial 251 with value: 0.6908430332111252.[0m
[32m[I 2022-04-24 06:42:14,808][0m Trial 902 finished with value: 0.6772702203205554 and parameters: {'n_estimators': 100, 'min_samples_split': 0.027174559523196976, 'min_samples_leaf': 0.011003238743402304, 'min_weight_fraction_leaf': 0.0095106931732595, 'max_features': 0.08531043304667725, 'bootstrap': False, 'max_samples': 0.41768494417999485}. Best is trial 251 with value: 0.6908430332111252.[0m
[32m[I 2022-04-24 06:42:36,465][0m Trial 903 finished with value: 0.674909694923189 and parameters: {'n_estimators': 109, 'min_samples_split': 0.0011092167873789926, 'min_samples_leaf': 0.0010366463223677265, 'min_weight_fraction_leaf': 0.016319206314581926, 'max_features': 0.13058764715165633, 'bootstrap': False, 'max_samples': 0.3616845760805739}. Best is trial 251 with value: 0.6908430332111252.[0m
[32m[I 2022-04-24 06:42:42,546][0m Trial 904 finished with value: 0.6682475793146686 and parameters: {'n_estimators': 132, 'min_samples_split': 0.016228840223437197, 'min_samples_leaf': 0.02548811598666678, 'min_weight_fraction_leaf': 0.031956338796263105, 'max_features': 0.06727728266186038, 'bootstrap': False, 'max_samples': 0.37413401071405117}. Best is trial 251 with value: 0.6908430332111252.[0m
[32m[I 2022-04-24 06:42:43,236][0m Trial 905 finished with value: 0.5 and parameters: {'n_estimators': 114, 'min_samples_split': 0.024142775216870374, 'min_samples_leaf': 0.17759156228017978, 'min_weight_fraction_leaf': 0.009778842942529786, 'max_features': 0.10491128417500131, 'bootstrap': True, 'max_samples': 0.38839514351874327, 'oob_score': False}. Best is trial 251 with value: 0.6908430332111252.[0m
[32m[I 2022-04-24 06:42:46,764][0m Trial 906 finished with value: 0.6589069299225222 and parameters: {'n_estimators': 126, 'min_samples_split': 0.009533137572398149, 'min_samples_leaf': 0.01544067391568808, 'min_weight_fraction_leaf': 0.009353134326728173, 'max_features': 0.031475105419582844, 'bootstrap': False, 'max_samples': 0.476406827803423}. Best is trial 251 with value: 0.6908430332111252.[0m
[32m[I 2022-04-24 06:42:59,501][0m Trial 907 finished with value: 0.6730196829068242 and parameters: {'n_estimators': 106, 'min_samples_split': 0.0012469969962627392, 'min_samples_leaf': 0.02666407518184269, 'min_weight_fraction_leaf': 5.167265274709889e-05, 'max_features': 0.18600314182286148, 'bootstrap': False, 'max_samples': 0.12727644267129298}. Best is trial 251 with value: 0.6908430332111252.[0m
[32m[I 2022-04-24 06:43:00,577][0m Trial 908 finished with value: 0.5916539329903947 and parameters: {'n_estimators': 125, 'min_samples_split': 0.019007798701385498, 'min_samples_leaf': 0.29980499158867746, 'min_weight_fraction_leaf': 0.020213559476032556, 'max_features': 0.1493029155088571, 'bootstrap': False, 'max_samples': 0.3522390460067383}. Best is trial 251 with value: 0.6908430332111252.[0m
[32m[I 2022-04-24 06:43:16,683][0m Trial 909 finished with value: 0.6749358701324994 and parameters: {'n_estimators': 130, 'min_samples_split': 0.031802614114874166, 'min_samples_leaf': 0.010420496342496244, 'min_weight_fraction_leaf': 0.016872362374760405, 'max_features': 0.11623256665997485, 'bootstrap': False, 'max_samples': 0.41206494820992184}. Best is trial 251 with value: 0.6908430332111252.[0m
[32m[I 2022-04-24 06:43:55,814][0m Trial 910 finished with value: 0.682962050120951 and parameters: {'n_estimators': 120, 'min_samples_split': 0.015654529499648358, 'min_samples_leaf': 0.001169260409379256, 'min_weight_fraction_leaf': 0.009437611669295562, 'max_features': 0.16581439578597262, 'bootstrap': False, 'max_samples': 0.38112871050309644}. Best is trial 251 with value: 0.6908430332111252.[0m
[32m[I 2022-04-24 06:43:58,655][0m Trial 911 finished with value: 0.58886584734806 and parameters: {'n_estimators': 121, 'min_samples_split': 0.010436873665941863, 'min_samples_leaf': 0.011087434126893217, 'min_weight_fraction_leaf': 0.31358552268420625, 'max_features': 0.17106191724145942, 'bootstrap': False, 'max_samples': 0.40631106676464107}. Best is trial 251 with value: 0.6908430332111252.[0m
[32m[I 2022-04-24 06:44:25,429][0m Trial 912 finished with value: 0.680269440225983 and parameters: {'n_estimators': 116, 'min_samples_split': 0.001270466139278789, 'min_samples_leaf': 0.009085089812726287, 'min_weight_fraction_leaf': 0.00017911419368604254, 'max_features': 0.1620179148959607, 'bootstrap': False, 'max_samples': 0.35294156878138}. Best is trial 251 with value: 0.6908430332111252.[0m
[32m[I 2022-04-24 06:44:41,344][0m Trial 913 finished with value: 0.668587386124759 and parameters: {'n_estimators': 117, 'min_samples_split': 0.02468901208682233, 'min_samples_leaf': 0.001121472189553979, 'min_weight_fraction_leaf': 0.029797062593887574, 'max_features': 0.13574950090824175, 'bootstrap': False, 'max_samples': 0.44825257013189995}. Best is trial 251 with value: 0.6908430332111252.[0m
[32m[I 2022-04-24 06:44:54,647][0m Trial 914 finished with value: 0.6748092788207234 and parameters: {'n_estimators': 113, 'min_samples_split': 0.010819126736896004, 'min_samples_leaf': 0.019017552127128735, 'min_weight_fraction_leaf': 0.01744602662153103, 'max_features': 0.14699196243679363, 'bootstrap': False, 'max_samples': 0.38890320880629003}. Best is trial 251 with value: 0.6908430332111252.[0m
[32m[I 2022-04-24 06:45:33,214][0m Trial 915 finished with value: 0.67968231044355 and parameters: {'n_estimators': 120, 'min_samples_split': 0.029798179920020994, 'min_samples_leaf': 0.001204349295028456, 'min_weight_fraction_leaf': 0.008717559565529285, 'max_features': 0.18954832211288367, 'bootstrap': False, 'max_samples': 0.3642329244203017}. Best is trial 251 with value: 0.6908430332111252.[0m
[32m[I 2022-04-24 06:45:58,068][0m Trial 916 finished with value: 0.6747982186272391 and parameters: {'n_estimators': 130, 'min_samples_split': 0.017114899114498122, 'min_samples_leaf': 0.001283051407475677, 'min_weight_fraction_leaf': 0.02455600951849022, 'max_features': 0.17417493172800858, 'bootstrap': False, 'max_samples': 0.18099075216309923}. Best is trial 251 with value: 0.6908430332111252.[0m
[32m[I 2022-04-24 06:46:08,199][0m Trial 917 finished with value: 0.6714016301359301 and parameters: {'n_estimators': 108, 'min_samples_split': 0.010130766963368303, 'min_samples_leaf': 0.01786872639903326, 'min_weight_fraction_leaf': 0.0440930313152841, 'max_features': 0.16059011146710142, 'bootstrap': False, 'max_samples': 0.42821483131919197}. Best is trial 251 with value: 0.6908430332111252.[0m
[32m[I 2022-04-24 06:46:44,511][0m Trial 918 finished with value: 0.6734496933096541 and parameters: {'n_estimators': 128, 'min_samples_split': 0.02150291079483123, 'min_samples_leaf': 0.01022579318145734, 'min_weight_fraction_leaf': 8.150031779238882e-05, 'max_features': 0.19226901163241644, 'bootstrap': False, 'max_samples': 0.3841701886451388}. Best is trial 251 with value: 0.6908430332111252.[0m
[32m[I 2022-04-24 06:47:27,410][0m Trial 919 finished with value: 0.6822140874247711 and parameters: {'n_estimators': 122, 'min_samples_split': 0.03272399831742342, 'min_samples_leaf': 0.0012326566959898044, 'min_weight_fraction_leaf': 7.292446048828491e-05, 'max_features': 0.12270955516103343, 'bootstrap': False, 'max_samples': 0.3551732315610336}. Best is trial 251 with value: 0.6908430332111252.[0m
[32m[I 2022-04-24 06:47:41,434][0m Trial 920 finished with value: 0.6783842762726442 and parameters: {'n_estimators': 138, 'min_samples_split': 0.010532835067806706, 'min_samples_leaf': 0.024975690232803088, 'min_weight_fraction_leaf': 0.014131945629899905, 'max_features': 0.15632816563522303, 'bootstrap': False, 'max_samples': 0.40580415078671345}. Best is trial 251 with value: 0.6908430332111252.[0m
[32m[I 2022-04-24 06:47:55,187][0m Trial 921 finished with value: 0.6701307131232215 and parameters: {'n_estimators': 113, 'min_samples_split': 0.13553392331326453, 'min_samples_leaf': 0.01684989037060223, 'min_weight_fraction_leaf': 0.02379883874094397, 'max_features': 0.19699265348121536, 'bootstrap': False, 'max_samples': 0.36894483661638705}. Best is trial 251 with value: 0.6908430332111252.[0m
[32m[I 2022-04-24 06:48:02,566][0m Trial 922 finished with value: 0.668476750443624 and parameters: {'n_estimators': 105, 'min_samples_split': 0.018089102109777332, 'min_samples_leaf': 0.03536277585243964, 'min_weight_fraction_leaf': 0.00942363986848225, 'max_features': 0.13224515792660166, 'bootstrap': False, 'max_samples': 0.35328567323443344}. Best is trial 251 with value: 0.6908430332111252.[0m
[32m[I 2022-04-24 06:48:18,555][0m Trial 923 finished with value: 0.6696130179211509 and parameters: {'n_estimators': 120, 'min_samples_split': 0.00950572840191743, 'min_samples_leaf': 0.010604054864692528, 'min_weight_fraction_leaf': 0.033362946507100734, 'max_features': 0.17411855532258733, 'bootstrap': False, 'max_samples': 0.3891940691789489}. Best is trial 251 with value: 0.6908430332111252.[0m
[32m[I 2022-04-24 06:48:20,953][0m Trial 924 finished with value: 0.6514493300216605 and parameters: {'n_estimators': 128, 'min_samples_split': 0.0011664483643428949, 'min_samples_leaf': 0.026822269148216643, 'min_weight_fraction_leaf': 0.010734232102740859, 'max_features': 0.09469100150185901, 'bootstrap': True, 'max_samples': 0.3451134640640096, 'oob_score': False}. Best is trial 251 with value: 0.6908430332111252.[0m
[32m[I 2022-04-24 06:48:43,335][0m Trial 925 finished with value: 0.6729122300127035 and parameters: {'n_estimators': 116, 'min_samples_split': 0.0012316375833368136, 'min_samples_leaf': 0.0011745049266700086, 'min_weight_fraction_leaf': 0.018980636183027935, 'max_features': 0.14319941656747148, 'bootstrap': False, 'max_samples': 0.37858616035925075}. Best is trial 251 with value: 0.6908430332111252.[0m
[32m[I 2022-04-24 06:48:44,572][0m Trial 926 finished with value: 0.6338121352172722 and parameters: {'n_estimators': 141, 'min_samples_split': 0.2593122661324866, 'min_samples_leaf': 0.0010377627739880854, 'min_weight_fraction_leaf': 0.007680221349974866, 'max_features': 0.005348124561997278, 'bootstrap': False, 'max_samples': 0.39960429614265697}. Best is trial 251 with value: 0.6908430332111252.[0m
