[32m[I 2022-04-21 12:35:52,302][0m Trial 856 finished with value: 0.8438115734916497 and parameters: {'n_estimators': 100, 'min_samples_split': 0.021841030358071223, 'min_samples_leaf': 0.010169871357532324, 'min_weight_fraction_leaf': 0.21069969217892184, 'max_features': 0.3252426966101783, 'bootstrap': True, 'max_samples': 0.9229976704021169, 'oob_score': True}. Best is trial 813 with value: 0.844738016450119.[0m
[32m[I 2022-04-21 12:35:55,197][0m Trial 857 finished with value: 0.8424541508018741 and parameters: {'n_estimators': 109, 'min_samples_split': 0.040556481275047435, 'min_samples_leaf': 0.0584284674836658, 'min_weight_fraction_leaf': 0.22571672490247205, 'max_features': 0.3520992665085254, 'bootstrap': True, 'max_samples': 0.8742882012210472, 'oob_score': True}. Best is trial 813 with value: 0.844738016450119.[0m
[32m[I 2022-04-21 12:35:57,969][0m Trial 858 finished with value: 0.8425654298350229 and parameters: {'n_estimators': 115, 'min_samples_split': 0.05087527436381265, 'min_samples_leaf': 0.03626075476538637, 'min_weight_fraction_leaf': 0.1995612815574943, 'max_features': 0.31561717605369777, 'bootstrap': True, 'max_samples': 0.899453660738715, 'oob_score': True}. Best is trial 813 with value: 0.844738016450119.[0m
[32m[I 2022-04-21 12:36:00,862][0m Trial 859 finished with value: 0.8412071873688278 and parameters: {'n_estimators': 100, 'min_samples_split': 0.0061637663411008735, 'min_samples_leaf': 0.024846878270825212, 'min_weight_fraction_leaf': 0.21796761312751659, 'max_features': 0.47441591691820606, 'bootstrap': True, 'max_samples': 0.9472356582946868, 'oob_score': True}. Best is trial 813 with value: 0.844738016450119.[0m
[32m[I 2022-04-21 12:36:03,835][0m Trial 860 finished with value: 0.8420956792549648 and parameters: {'n_estimators': 100, 'min_samples_split': 0.02305621329709548, 'min_samples_leaf': 0.009698523277018395, 'min_weight_fraction_leaf': 0.20695186958198417, 'max_features': 0.32029129329827105, 'bootstrap': True, 'max_samples': 0.8437950961886845, 'oob_score': True}. Best is trial 813 with value: 0.844738016450119.[0m
[32m[I 2022-04-21 12:36:06,538][0m Trial 861 finished with value: 0.8423470543447079 and parameters: {'n_estimators': 104, 'min_samples_split': 0.03676663584495028, 'min_samples_leaf': 0.0485576657353629, 'min_weight_fraction_leaf': 0.18849538287694556, 'max_features': 0.29370690018967366, 'bootstrap': True, 'max_samples': 0.917520266644629, 'oob_score': True}. Best is trial 813 with value: 0.844738016450119.[0m
[32m[I 2022-04-21 12:36:09,815][0m Trial 862 finished with value: 0.8446992729481014 and parameters: {'n_estimators': 104, 'min_samples_split': 0.010746972242836796, 'min_samples_leaf': 0.03427414324697088, 'min_weight_fraction_leaf': 0.20298978462451134, 'max_features': 0.30730120209212525, 'bootstrap': True, 'max_samples': 0.8810141517266181, 'oob_score': True}. Best is trial 813 with value: 0.844738016450119.[0m
[32m[I 2022-04-21 12:36:12,815][0m Trial 863 finished with value: 0.8425654298350229 and parameters: {'n_estimators': 110, 'min_samples_split': 0.012318664036895716, 'min_samples_leaf': 0.02326845640524559, 'min_weight_fraction_leaf': 0.18955157091150393, 'max_features': 0.36385608291951355, 'bootstrap': True, 'max_samples': 0.8693250675058639, 'oob_score': True}. Best is trial 813 with value: 0.844738016450119.[0m
[32m[I 2022-04-21 12:36:16,074][0m Trial 864 finished with value: 0.8424164673015053 and parameters: {'n_estimators': 115, 'min_samples_split': 0.003819094571431804, 'min_samples_leaf': 0.03253055761115475, 'min_weight_fraction_leaf': 0.19986791858128952, 'max_features': 0.40053821732576367, 'bootstrap': True, 'max_samples': 0.852657097672579, 'oob_score': True}. Best is trial 813 with value: 0.844738016450119.[0m
[32m[I 2022-04-21 12:36:18,786][0m Trial 865 finished with value: 0.8424541508018741 and parameters: {'n_estimators': 109, 'min_samples_split': 0.0018683295988953207, 'min_samples_leaf': 0.031852601976716265, 'min_weight_fraction_leaf': 0.22352281380953262, 'max_features': 0.34056840605139693, 'bootstrap': True, 'max_samples': 0.8832945519586737, 'oob_score': True}. Best is trial 813 with value: 0.844738016450119.[0m
[32m[I 2022-04-21 12:36:21,897][0m Trial 866 finished with value: 0.8415740964345952 and parameters: {'n_estimators': 120, 'min_samples_split': 0.01130809545294654, 'min_samples_leaf': 0.03729825810465555, 'min_weight_fraction_leaf': 0.19708071242523276, 'max_features': 0.4415381184395375, 'bootstrap': True, 'max_samples': 0.8886264418923283, 'oob_score': True}. Best is trial 813 with value: 0.844738016450119.[0m
[32m[I 2022-04-21 12:36:24,995][0m Trial 867 finished with value: 0.8423470543447079 and parameters: {'n_estimators': 103, 'min_samples_split': 0.056057295244966776, 'min_samples_leaf': 0.062367730538351, 'min_weight_fraction_leaf': 0.19887221635355024, 'max_features': 0.3007556433437763, 'bootstrap': True, 'max_samples': 0.9053789232854081, 'oob_score': True}. Best is trial 813 with value: 0.844738016450119.[0m
[32m[I 2022-04-21 12:36:27,993][0m Trial 868 finished with value: 0.8412071873688278 and parameters: {'n_estimators': 100, 'min_samples_split': 0.01935528450947602, 'min_samples_leaf': 0.009869598424488443, 'min_weight_fraction_leaf': 0.23813759151912606, 'max_features': 0.32529856101535587, 'bootstrap': True, 'max_samples': 0.939459818517875, 'oob_score': True}. Best is trial 813 with value: 0.844738016450119.[0m
[32m[I 2022-04-21 12:36:30,692][0m Trial 869 finished with value: 0.8423470543447079 and parameters: {'n_estimators': 105, 'min_samples_split': 0.014087047716365722, 'min_samples_leaf': 0.019694623085104945, 'min_weight_fraction_leaf': 0.20735833214611618, 'max_features': 0.37472594935041026, 'bootstrap': True, 'max_samples': 0.9432210069055889, 'oob_score': True}. Best is trial 813 with value: 0.844738016450119.[0m
[32m[I 2022-04-21 12:36:33,613][0m Trial 870 finished with value: 0.8425654298350229 and parameters: {'n_estimators': 111, 'min_samples_split': 0.03175355832153523, 'min_samples_leaf': 0.04611430132887426, 'min_weight_fraction_leaf': 0.18824332328395413, 'max_features': 0.31695926811553304, 'bootstrap': True, 'max_samples': 0.9121492639140129, 'oob_score': True}. Best is trial 813 with value: 0.844738016450119.[0m
[32m[I 2022-04-21 12:36:36,683][0m Trial 871 finished with value: 0.8420152536086768 and parameters: {'n_estimators': 105, 'min_samples_split': 0.002162829865668607, 'min_samples_leaf': 0.025075770795702914, 'min_weight_fraction_leaf': 0.20682815681471273, 'max_features': 0.28958289037965534, 'bootstrap': True, 'max_samples': 0.8551056790896147, 'oob_score': True}. Best is trial 813 with value: 0.844738016450119.[0m
[32m[I 2022-04-21 12:36:39,841][0m Trial 872 finished with value: 0.8413488956315269 and parameters: {'n_estimators': 114, 'min_samples_split': 0.02860219661490323, 'min_samples_leaf': 0.014850509446753642, 'min_weight_fraction_leaf': 0.22115043055706476, 'max_features': 0.3379843033162933, 'bootstrap': True, 'max_samples': 0.8766176997772281, 'oob_score': True}. Best is trial 813 with value: 0.844738016450119.[0m
[32m[I 2022-04-21 12:36:43,493][0m Trial 873 finished with value: 0.8425654298350229 and parameters: {'n_estimators': 128, 'min_samples_split': 0.032831810600997456, 'min_samples_leaf': 0.052303381342693196, 'min_weight_fraction_leaf': 0.19616966775778866, 'max_features': 0.37014533773112873, 'bootstrap': True, 'max_samples': 0.8956708508913502, 'oob_score': True}. Best is trial 813 with value: 0.844738016450119.[0m
[32m[I 2022-04-21 12:36:46,713][0m Trial 874 finished with value: 0.8438115734916497 and parameters: {'n_estimators': 103, 'min_samples_split': 0.016141361591889072, 'min_samples_leaf': 0.04200831624813378, 'min_weight_fraction_leaf': 0.20235860009803705, 'max_features': 0.3141262168065758, 'bootstrap': True, 'max_samples': 0.9233367519234572, 'oob_score': True}. Best is trial 813 with value: 0.844738016450119.[0m
[32m[I 2022-04-21 12:36:49,649][0m Trial 875 finished with value: 0.842077606362262 and parameters: {'n_estimators': 118, 'min_samples_split': 0.012086711174255261, 'min_samples_leaf': 0.040089023680673117, 'min_weight_fraction_leaf': 0.21280155781762183, 'max_features': 0.3569084205907464, 'bootstrap': True, 'max_samples': 0.9131239494648783, 'oob_score': False}. Best is trial 813 with value: 0.844738016450119.[0m
[32m[I 2022-04-21 12:36:52,788][0m Trial 876 finished with value: 0.8412071873688278 and parameters: {'n_estimators': 109, 'min_samples_split': 0.04126171578067844, 'min_samples_leaf': 0.009718373720324407, 'min_weight_fraction_leaf': 0.2319126781308557, 'max_features': 0.33856851952318817, 'bootstrap': True, 'max_samples': 0.94914248379749, 'oob_score': True}. Best is trial 813 with value: 0.844738016450119.[0m
[32m[I 2022-04-21 12:36:55,818][0m Trial 877 finished with value: 0.8416669375211135 and parameters: {'n_estimators': 104, 'min_samples_split': 0.08317805205604001, 'min_samples_leaf': 0.05332684671669844, 'min_weight_fraction_leaf': 0.21256075988912843, 'max_features': 0.5400642229325483, 'bootstrap': True, 'max_samples': 0.925518118010796, 'oob_score': True}. Best is trial 813 with value: 0.844738016450119.[0m
[32m[I 2022-04-21 12:36:58,912][0m Trial 878 finished with value: 0.6588493372491555 and parameters: {'n_estimators': 109, 'min_samples_split': 0.026525617415907154, 'min_samples_leaf': 0.029080132216110353, 'min_weight_fraction_leaf': 0.3931502052821384, 'max_features': 0.2907898117796606, 'bootstrap': True, 'max_samples': 0.8933387774177214, 'oob_score': True}. Best is trial 813 with value: 0.844738016450119.[0m
[32m[I 2022-04-21 12:37:02,111][0m Trial 879 finished with value: 0.8421859826531103 and parameters: {'n_estimators': 104, 'min_samples_split': 0.0011973365524525085, 'min_samples_leaf': 0.03758360190561581, 'min_weight_fraction_leaf': 0.20176313806861626, 'max_features': 0.42135014296487533, 'bootstrap': True, 'max_samples': 0.8684659594800774, 'oob_score': True}. Best is trial 813 with value: 0.844738016450119.[0m
[32m[I 2022-04-21 12:37:05,349][0m Trial 880 finished with value: 0.65 and parameters: {'n_estimators': 115, 'min_samples_split': 0.04982485710067455, 'min_samples_leaf': 0.3888408005880917, 'min_weight_fraction_leaf': 0.22022357793442648, 'max_features': 0.33765667385188225, 'bootstrap': True, 'max_samples': 0.9519859193375383, 'oob_score': True}. Best is trial 813 with value: 0.844738016450119.[0m
[32m[I 2022-04-21 12:37:08,804][0m Trial 881 finished with value: 0.842010847415225 and parameters: {'n_estimators': 120, 'min_samples_split': 0.016184568444212608, 'min_samples_leaf': 0.020198639270371712, 'min_weight_fraction_leaf': 0.19041943170995437, 'max_features': 0.4017190952077392, 'bootstrap': True, 'max_samples': 0.8977717610112015, 'oob_score': True}. Best is trial 813 with value: 0.844738016450119.[0m
[32m[I 2022-04-21 12:37:11,837][0m Trial 882 finished with value: 0.8412071873688278 and parameters: {'n_estimators': 110, 'min_samples_split': 0.04181522058737048, 'min_samples_leaf': 0.0067985140805268286, 'min_weight_fraction_leaf': 0.22432698082318522, 'max_features': 0.35291756375508576, 'bootstrap': True, 'max_samples': 0.9306371137514453, 'oob_score': True}. Best is trial 813 with value: 0.844738016450119.[0m
[32m[I 2022-04-21 12:37:15,291][0m Trial 883 finished with value: 0.8422373875176639 and parameters: {'n_estimators': 124, 'min_samples_split': 0.02357120547742251, 'min_samples_leaf': 0.02167116696003485, 'min_weight_fraction_leaf': 0.20200019538207736, 'max_features': 0.31229575286809497, 'bootstrap': True, 'max_samples': 0.8481816631223112, 'oob_score': True}. Best is trial 813 with value: 0.844738016450119.[0m
[32m[I 2022-04-21 12:37:18,795][0m Trial 884 finished with value: 0.8431551393025231 and parameters: {'n_estimators': 107, 'min_samples_split': 0.02590101426038155, 'min_samples_leaf': 0.04732672065749194, 'min_weight_fraction_leaf': 0.1888271949625507, 'max_features': 0.38432123862009077, 'bootstrap': True, 'max_samples': 0.9480918207063416, 'oob_score': True}. Best is trial 813 with value: 0.844738016450119.[0m
[32m[I 2022-04-21 12:37:22,253][0m Trial 885 finished with value: 0.8397810826616532 and parameters: {'n_estimators': 114, 'min_samples_split': 0.07223196558605455, 'min_samples_leaf': 0.02550353237369958, 'min_weight_fraction_leaf': 0.2836439951668576, 'max_features': 0.3636861072802812, 'bootstrap': True, 'max_samples': 0.9289306846816389, 'oob_score': True}. Best is trial 813 with value: 0.844738016450119.[0m
[32m[I 2022-04-21 12:37:25,322][0m Trial 886 finished with value: 0.8431828615326091 and parameters: {'n_estimators': 100, 'min_samples_split': 0.02152838223574521, 'min_samples_leaf': 0.009878474158238181, 'min_weight_fraction_leaf': 0.21257722602513127, 'max_features': 0.2919664843444694, 'bootstrap': True, 'max_samples': 0.9054960162612675, 'oob_score': True}. Best is trial 813 with value: 0.844738016450119.[0m
[32m[I 2022-04-21 12:37:28,228][0m Trial 887 finished with value: 0.8417754755036 and parameters: {'n_estimators': 104, 'min_samples_split': 0.011874376641106167, 'min_samples_leaf': 0.06436377498572234, 'min_weight_fraction_leaf': 0.1869870293335832, 'max_features': 0.3064670772561051, 'bootstrap': True, 'max_samples': 0.8794720946043157, 'oob_score': True}. Best is trial 813 with value: 0.844738016450119.[0m
[32m[I 2022-04-21 12:37:31,631][0m Trial 888 finished with value: 0.8440299489819647 and parameters: {'n_estimators': 108, 'min_samples_split': 0.008053928036076298, 'min_samples_leaf': 0.036636409435845174, 'min_weight_fraction_leaf': 0.2016587197933408, 'max_features': 0.2908556156192501, 'bootstrap': True, 'max_samples': 0.9206580524423374, 'oob_score': True}. Best is trial 813 with value: 0.844738016450119.[0m
[32m[I 2022-04-21 12:37:34,938][0m Trial 889 finished with value: 0.8424541508018741 and parameters: {'n_estimators': 113, 'min_samples_split': 0.010255358989003996, 'min_samples_leaf': 0.034395084105284204, 'min_weight_fraction_leaf': 0.23564378744256, 'max_features': 0.38782190158535357, 'bootstrap': True, 'max_samples': 0.9047124990805293, 'oob_score': True}. Best is trial 813 with value: 0.844738016450119.[0m
[32m[I 2022-04-21 12:37:37,758][0m Trial 890 finished with value: 0.843414385789457 and parameters: {'n_estimators': 122, 'min_samples_split': 0.008095889069566705, 'min_samples_leaf': 0.030894084116879394, 'min_weight_fraction_leaf': 0.20538847038237326, 'max_features': 0.33424568281714634, 'bootstrap': True, 'max_samples': 0.8786553466175644, 'oob_score': True}. Best is trial 813 with value: 0.844738016450119.[0m
[32m[I 2022-04-21 12:37:41,269][0m Trial 891 finished with value: 0.8425654298350229 and parameters: {'n_estimators': 109, 'min_samples_split': 0.01776224164309292, 'min_samples_leaf': 0.046049171726698715, 'min_weight_fraction_leaf': 0.19495947601742866, 'max_features': 0.2917766691771648, 'bootstrap': True, 'max_samples': 0.9234072129351861, 'oob_score': True}. Best is trial 813 with value: 0.844738016450119.[0m
[32m[I 2022-04-21 12:37:44,318][0m Trial 892 finished with value: 0.8418471217138668 and parameters: {'n_estimators': 117, 'min_samples_split': 0.020005124966909153, 'min_samples_leaf': 0.001444244761957994, 'min_weight_fraction_leaf': 0.21676098983519915, 'max_features': 0.3547957584587375, 'bootstrap': True, 'max_samples': 0.9522896216059636, 'oob_score': True}. Best is trial 813 with value: 0.844738016450119.[0m
[32m[I 2022-04-21 12:37:47,519][0m Trial 893 finished with value: 0.8424541508018741 and parameters: {'n_estimators': 109, 'min_samples_split': 0.0034099793507509843, 'min_samples_leaf': 0.015996793885005398, 'min_weight_fraction_leaf': 0.22617741614097783, 'max_features': 0.3244720123666673, 'bootstrap': True, 'max_samples': 0.9053527961262888, 'oob_score': True}. Best is trial 813 with value: 0.844738016450119.[0m
[32m[I 2022-04-21 12:37:50,260][0m Trial 894 finished with value: 0.842077606362262 and parameters: {'n_estimators': 114, 'min_samples_split': 0.03756226971368322, 'min_samples_leaf': 0.05668519481738685, 'min_weight_fraction_leaf': 0.21700154943704913, 'max_features': 0.3193954236149499, 'bootstrap': True, 'max_samples': 0.9549778915039736, 'oob_score': False}. Best is trial 813 with value: 0.844738016450119.[0m
[32m[I 2022-04-21 12:37:53,731][0m Trial 895 finished with value: 0.8425654298350229 and parameters: {'n_estimators': 108, 'min_samples_split': 0.05768602957694188, 'min_samples_leaf': 0.008850060136130652, 'min_weight_fraction_leaf': 0.18887939129558046, 'max_features': 0.2939044328014314, 'bootstrap': True, 'max_samples': 0.8652482185039583, 'oob_score': True}. Best is trial 813 with value: 0.844738016450119.[0m
[32m[I 2022-04-21 12:37:56,885][0m Trial 896 finished with value: 0.8423470543447079 and parameters: {'n_estimators': 104, 'min_samples_split': 0.015710977842423247, 'min_samples_leaf': 0.04625729990088361, 'min_weight_fraction_leaf': 0.19989930515416993, 'max_features': 0.3034122572632018, 'bootstrap': True, 'max_samples': 0.9280555585192194, 'oob_score': True}. Best is trial 813 with value: 0.844738016450119.[0m
[32m[I 2022-04-21 12:37:59,969][0m Trial 897 finished with value: 0.842992769059277 and parameters: {'n_estimators': 100, 'min_samples_split': 0.0012227454110068162, 'min_samples_leaf': 0.03258401547609879, 'min_weight_fraction_leaf': 0.21054103352024164, 'max_features': 0.3698705877866974, 'bootstrap': True, 'max_samples': 0.8874577058671234, 'oob_score': True}. Best is trial 813 with value: 0.844738016450119.[0m
[32m[I 2022-04-21 12:38:03,102][0m Trial 898 finished with value: 0.8436706850053701 and parameters: {'n_estimators': 113, 'min_samples_split': 0.01625295815764003, 'min_samples_leaf': 0.0016434439054302356, 'min_weight_fraction_leaf': 0.20362134850391328, 'max_features': 0.3245249242080019, 'bootstrap': True, 'max_samples': 0.9093462062100341, 'oob_score': True}. Best is trial 813 with value: 0.844738016450119.[0m
[32m[I 2022-04-21 12:38:06,979][0m Trial 899 finished with value: 0.8425654298350229 and parameters: {'n_estimators': 119, 'min_samples_split': 0.07606563070411239, 'min_samples_leaf': 0.04210005712913953, 'min_weight_fraction_leaf': 0.189605004254324, 'max_features': 0.2873395270906542, 'bootstrap': True, 'max_samples': 0.8903648103413762, 'oob_score': True}. Best is trial 813 with value: 0.844738016450119.[0m
[32m[I 2022-04-21 12:38:10,328][0m Trial 900 finished with value: 0.8405494012959667 and parameters: {'n_estimators': 108, 'min_samples_split': 0.04609153482849543, 'min_samples_leaf': 0.058009354403341644, 'min_weight_fraction_leaf': 0.22959515305868078, 'max_features': 0.3369150674913078, 'bootstrap': True, 'max_samples': 0.8425796299354971, 'oob_score': True}. Best is trial 813 with value: 0.844738016450119.[0m
[32m[I 2022-04-21 12:38:13,360][0m Trial 901 finished with value: 0.8420262014977082 and parameters: {'n_estimators': 110, 'min_samples_split': 0.03077725072920219, 'min_samples_leaf': 0.013606233156240159, 'min_weight_fraction_leaf': 0.21756253799230527, 'max_features': 0.3458719800093389, 'bootstrap': True, 'max_samples': 0.9349689076211893, 'oob_score': True}. Best is trial 813 with value: 0.844738016450119.[0m
[32m[I 2022-04-21 12:38:16,494][0m Trial 902 finished with value: 0.842077606362262 and parameters: {'n_estimators': 127, 'min_samples_split': 0.034212088925282796, 'min_samples_leaf': 0.04141827744956031, 'min_weight_fraction_leaf': 0.2094817530660285, 'max_features': 0.349630082774033, 'bootstrap': True, 'max_samples': 0.9138112508149551, 'oob_score': True}. Best is trial 813 with value: 0.844738016450119.[0m
[32m[I 2022-04-21 12:38:19,226][0m Trial 903 finished with value: 0.8420391304322079 and parameters: {'n_estimators': 104, 'min_samples_split': 0.009160251000195851, 'min_samples_leaf': 0.030898643434338145, 'min_weight_fraction_leaf': 0.19684930063941142, 'max_features': 0.4577219117047166, 'bootstrap': True, 'max_samples': 0.8658752752659193, 'oob_score': True}. Best is trial 813 with value: 0.844738016450119.[0m
[32m[I 2022-04-21 12:38:22,055][0m Trial 904 finished with value: 0.8419987382571449 and parameters: {'n_estimators': 116, 'min_samples_split': 0.010462121796069342, 'min_samples_leaf': 0.02927989831667225, 'min_weight_fraction_leaf': 0.20385311835604403, 'max_features': 0.409560159933916, 'bootstrap': True, 'max_samples': 0.9167322297901747, 'oob_score': True}. Best is trial 813 with value: 0.844738016450119.[0m
[32m[I 2022-04-21 12:38:25,380][0m Trial 905 finished with value: 0.8419938509939147 and parameters: {'n_estimators': 113, 'min_samples_split': 0.03469872763358173, 'min_samples_leaf': 0.06763501716494277, 'min_weight_fraction_leaf': 0.18670622258835437, 'max_features': 0.3222160393765112, 'bootstrap': True, 'max_samples': 0.8911194847300674, 'oob_score': True}. Best is trial 813 with value: 0.844738016450119.[0m
[32m[I 2022-04-21 12:38:28,375][0m Trial 906 finished with value: 0.8425654298350229 and parameters: {'n_estimators': 108, 'min_samples_split': 0.04397803441431757, 'min_samples_leaf': 0.04269460929285863, 'min_weight_fraction_leaf': 0.1964977839043257, 'max_features': 0.31299247809771097, 'bootstrap': True, 'max_samples': 0.9257776461402083, 'oob_score': True}. Best is trial 813 with value: 0.844738016450119.[0m
[32m[I 2022-04-21 12:38:31,250][0m Trial 907 finished with value: 0.8426442432752064 and parameters: {'n_estimators': 107, 'min_samples_split': 0.03199154877645281, 'min_samples_leaf': 0.015464251309327496, 'min_weight_fraction_leaf': 0.22531832505520655, 'max_features': 0.32596795812640933, 'bootstrap': True, 'max_samples': 0.9505761876349956, 'oob_score': True}. Best is trial 813 with value: 0.844738016450119.[0m
