[32m[I 2022-04-21 13:03:33,440][0m Trial 104 finished with value: 0.8268375377190548 and parameters: {'n_estimators': 264, 'min_samples_split': 0.2799070313309726, 'min_samples_leaf': 0.057395172101319614, 'min_weight_fraction_leaf': 0.024585193158902355, 'max_features': 0.6742796409797114, 'bootstrap': True, 'max_samples': 0.8537351627397439, 'oob_score': True}. Best is trial 96 with value: 0.8353994444067403.[0m
[32m[I 2022-04-21 13:04:08,444][0m Trial 105 finished with value: 0.8313364297982865 and parameters: {'n_estimators': 331, 'min_samples_split': 0.02716289648870391, 'min_samples_leaf': 0.04412523063237682, 'min_weight_fraction_leaf': 0.04694066019132353, 'max_features': 0.6410809382317298, 'bootstrap': True, 'max_samples': 0.7931811447775, 'oob_score': True}. Best is trial 96 with value: 0.8353994444067403.[0m
[32m[I 2022-04-21 13:06:44,565][0m Trial 106 finished with value: 0.8340071370286987 and parameters: {'n_estimators': 285, 'min_samples_split': 0.043991890121882364, 'min_samples_leaf': 0.0013569572188472014, 'min_weight_fraction_leaf': 0.0076466432725307495, 'max_features': 0.710560402823375, 'bootstrap': True, 'max_samples': 0.7437705764466941, 'oob_score': True}. Best is trial 96 with value: 0.8353994444067403.[0m
[32m[I 2022-04-21 13:10:35,667][0m Trial 107 finished with value: 0.8315977303929027 and parameters: {'n_estimators': 241, 'min_samples_split': 0.04345586359790003, 'min_samples_leaf': 0.0010453361170264068, 'min_weight_fraction_leaf': 0.0005599095568908398, 'max_features': 0.7086320875046737, 'bootstrap': True, 'max_samples': 0.7395384106010832, 'oob_score': True}. Best is trial 96 with value: 0.8353994444067403.[0m
[32m[I 2022-04-21 13:12:03,484][0m Trial 108 finished with value: 0.8322565449639301 and parameters: {'n_estimators': 291, 'min_samples_split': 0.0455117738074558, 'min_samples_leaf': 0.010181828522707758, 'min_weight_fraction_leaf': 0.030114373174609684, 'max_features': 0.7829863308841173, 'bootstrap': True, 'max_samples': 0.7562063831337019, 'oob_score': True}. Best is trial 96 with value: 0.8353994444067403.[0m
[32m[I 2022-04-21 13:12:36,315][0m Trial 109 finished with value: 0.8270689432131174 and parameters: {'n_estimators': 306, 'min_samples_split': 0.05963582514930044, 'min_samples_leaf': 0.03271877999194442, 'min_weight_fraction_leaf': 0.0688425751771857, 'max_features': 0.6555554619101076, 'bootstrap': True, 'max_samples': 0.7026750399308206, 'oob_score': True}. Best is trial 96 with value: 0.8353994444067403.[0m
[32m[I 2022-04-21 13:13:45,425][0m Trial 110 finished with value: 0.8354481212342749 and parameters: {'n_estimators': 252, 'min_samples_split': 0.02524929810208872, 'min_samples_leaf': 0.01110622958274673, 'min_weight_fraction_leaf': 0.012083150480538707, 'max_features': 0.6787777692268242, 'bootstrap': True, 'max_samples': 0.6843873299601324, 'oob_score': True}. Best is trial 110 with value: 0.8354481212342749.[0m
[32m[I 2022-04-21 13:13:51,255][0m Trial 111 finished with value: 0.7841916709360889 and parameters: {'n_estimators': 270, 'min_samples_split': 0.02776422649605386, 'min_samples_leaf': 0.22367912003170765, 'min_weight_fraction_leaf': 0.01054479169034702, 'max_features': 0.6908754522068042, 'bootstrap': True, 'max_samples': 0.7130286173097796, 'oob_score': True}. Best is trial 110 with value: 0.8354481212342749.[0m
[32m[I 2022-04-21 13:14:55,497][0m Trial 112 finished with value: 0.8344305491666919 and parameters: {'n_estimators': 216, 'min_samples_split': 0.012156199896714518, 'min_samples_leaf': 0.010342685564645153, 'min_weight_fraction_leaf': 0.023877238530460303, 'max_features': 0.7375387951875005, 'bootstrap': True, 'max_samples': 0.7753694778019604, 'oob_score': True}. Best is trial 110 with value: 0.8354481212342749.[0m
[32m[I 2022-04-21 13:15:33,968][0m Trial 113 finished with value: 0.8328882440772425 and parameters: {'n_estimators': 202, 'min_samples_split': 0.007092122432567367, 'min_samples_leaf': 0.025519175855837385, 'min_weight_fraction_leaf': 0.022015191433831224, 'max_features': 0.7418590361058316, 'bootstrap': True, 'max_samples': 0.8071199781240161, 'oob_score': True}. Best is trial 110 with value: 0.8354481212342749.[0m
[32m[I 2022-04-21 13:16:27,355][0m Trial 114 finished with value: 0.8341302005627197 and parameters: {'n_estimators': 252, 'min_samples_split': 0.03710859447181937, 'min_samples_leaf': 0.016028902241847633, 'min_weight_fraction_leaf': 0.035178394753066916, 'max_features': 0.6818782361400957, 'bootstrap': True, 'max_samples': 0.7791024977308724, 'oob_score': True}. Best is trial 110 with value: 0.8354481212342749.[0m
[32m[I 2022-04-21 13:17:22,227][0m Trial 115 finished with value: 0.8323210598977047 and parameters: {'n_estimators': 224, 'min_samples_split': 0.039524367092809876, 'min_samples_leaf': 0.012060153086310218, 'min_weight_fraction_leaf': 0.0377949415673072, 'max_features': 0.7394074338443002, 'bootstrap': True, 'max_samples': 0.7801906435843512, 'oob_score': True}. Best is trial 110 with value: 0.8354481212342749.[0m
[32m[I 2022-04-21 13:18:08,692][0m Trial 116 finished with value: 0.8323360545847132 and parameters: {'n_estimators': 242, 'min_samples_split': 0.08204643455722543, 'min_samples_leaf': 0.013019178764377791, 'min_weight_fraction_leaf': 0.05882978755359539, 'max_features': 0.709943651691008, 'bootstrap': True, 'max_samples': 0.8378916323438634, 'oob_score': True}. Best is trial 110 with value: 0.8354481212342749.[0m
[32m[I 2022-04-21 13:18:34,431][0m Trial 117 finished with value: 0.8314119914675274 and parameters: {'n_estimators': 214, 'min_samples_split': 0.0490613478419555, 'min_samples_leaf': 0.042739799259056445, 'min_weight_fraction_leaf': 0.04540863898600444, 'max_features': 0.7717958174573324, 'bootstrap': True, 'max_samples': 0.7727047567599441, 'oob_score': True}. Best is trial 110 with value: 0.8354481212342749.[0m
[32m[I 2022-04-21 13:18:44,135][0m Trial 118 finished with value: 0.7814584466511854 and parameters: {'n_estimators': 253, 'min_samples_split': 0.001805792447959816, 'min_samples_leaf': 0.06249780487925044, 'min_weight_fraction_leaf': 0.3223331902531317, 'max_features': 0.8100052462407094, 'bootstrap': True, 'max_samples': 0.6861000978258465, 'oob_score': True}. Best is trial 110 with value: 0.8354481212342749.[0m
[32m[I 2022-04-21 13:18:59,924][0m Trial 119 finished with value: 0.8284918735932312 and parameters: {'n_estimators': 252, 'min_samples_split': 0.06348141460573094, 'min_samples_leaf': 0.05283430867960594, 'min_weight_fraction_leaf': 0.03252782198925798, 'max_features': 0.5868739190271683, 'bootstrap': True, 'max_samples': 0.7246804078170056, 'oob_score': False}. Best is trial 110 with value: 0.8354481212342749.[0m
[32m[I 2022-04-21 13:19:24,992][0m Trial 120 finished with value: 0.8290784320332815 and parameters: {'n_estimators': 190, 'min_samples_split': 0.03349713299101027, 'min_samples_leaf': 0.02533302974024055, 'min_weight_fraction_leaf': 0.08281353948815837, 'max_features': 0.6625841840346622, 'bootstrap': True, 'max_samples': 0.8698012829630271, 'oob_score': True}. Best is trial 110 with value: 0.8354481212342749.[0m
[32m[I 2022-04-21 13:20:01,774][0m Trial 121 finished with value: 0.831653280216997 and parameters: {'n_estimators': 278, 'min_samples_split': 0.014934471089641008, 'min_samples_leaf': 0.03146750841703426, 'min_weight_fraction_leaf': 0.0064310766889773725, 'max_features': 0.6988427737279795, 'bootstrap': True, 'max_samples': 0.7413857277336893, 'oob_score': True}. Best is trial 110 with value: 0.8354481212342749.[0m
[32m[I 2022-04-21 13:21:19,798][0m Trial 122 finished with value: 0.8347138719550795 and parameters: {'n_estimators': 312, 'min_samples_split': 0.024651400918382985, 'min_samples_leaf': 0.014949176557642616, 'min_weight_fraction_leaf': 0.02160331469564211, 'max_features': 0.6798233654901485, 'bootstrap': True, 'max_samples': 0.7614635479274696, 'oob_score': True}. Best is trial 110 with value: 0.8354481212342749.[0m
[32m[I 2022-04-21 13:22:44,896][0m Trial 123 finished with value: 0.8341271618759573 and parameters: {'n_estimators': 316, 'min_samples_split': 0.038985279038680654, 'min_samples_leaf': 0.012441845547129219, 'min_weight_fraction_leaf': 0.027816232106898788, 'max_features': 0.678519002799518, 'bootstrap': True, 'max_samples': 0.7620030259520111, 'oob_score': True}. Best is trial 110 with value: 0.8354481212342749.[0m
[32m[I 2022-04-21 13:23:43,866][0m Trial 124 finished with value: 0.8313330908017539 and parameters: {'n_estimators': 322, 'min_samples_split': 0.010140138610242905, 'min_samples_leaf': 0.011581080732602665, 'min_weight_fraction_leaf': 0.04734902597423718, 'max_features': 0.6784134307857764, 'bootstrap': True, 'max_samples': 0.6636996487840912, 'oob_score': True}. Best is trial 110 with value: 0.8354481212342749.[0m
[32m[I 2022-04-21 13:25:43,481][0m Trial 125 finished with value: 0.8354038106866837 and parameters: {'n_estimators': 382, 'min_samples_split': 0.028924557379665625, 'min_samples_leaf': 0.01624242430375253, 'min_weight_fraction_leaf': 0.029303175184568035, 'max_features': 0.7306711361063297, 'bootstrap': True, 'max_samples': 0.9217896077655263, 'oob_score': True}. Best is trial 110 with value: 0.8354481212342749.[0m
[32m[I 2022-04-21 13:26:34,496][0m Trial 126 finished with value: 0.8321913308164468 and parameters: {'n_estimators': 342, 'min_samples_split': 0.020916477108073536, 'min_samples_leaf': 0.04070605434562738, 'min_weight_fraction_leaf': 0.03559894024400432, 'max_features': 0.7446384508577725, 'bootstrap': True, 'max_samples': 0.9232265772338362, 'oob_score': True}. Best is trial 110 with value: 0.8354481212342749.[0m
[32m[I 2022-04-21 13:27:45,004][0m Trial 127 finished with value: 0.8324634504488125 and parameters: {'n_estimators': 370, 'min_samples_split': 0.0011389758855231968, 'min_samples_leaf': 0.021129322175160226, 'min_weight_fraction_leaf': 0.05932283679948219, 'max_features': 0.6013525853148702, 'bootstrap': True, 'max_samples': 0.9913176483329611, 'oob_score': True}. Best is trial 110 with value: 0.8354481212342749.[0m
[32m[I 2022-04-21 13:27:55,848][0m Trial 128 finished with value: 0.8115607954445772 and parameters: {'n_estimators': 383, 'min_samples_split': 0.028834914618290873, 'min_samples_leaf': 0.020733982752094628, 'min_weight_fraction_leaf': 0.018422787167201006, 'max_features': 0.7279623949062577, 'bootstrap': True, 'max_samples': 0.09984683129108862, 'oob_score': True}. Best is trial 110 with value: 0.8354481212342749.[0m
[32m[I 2022-04-21 13:28:24,579][0m Trial 129 finished with value: 0.8279960377258545 and parameters: {'n_estimators': 304, 'min_samples_split': 0.07391637054899197, 'min_samples_leaf': 0.04634888733533358, 'min_weight_fraction_leaf': 0.07285957224295002, 'max_features': 0.6341866675513906, 'bootstrap': True, 'max_samples': 0.7075257147434543, 'oob_score': True}. Best is trial 110 with value: 0.8354481212342749.[0m
[32m[I 2022-04-21 13:29:00,343][0m Trial 130 finished with value: 0.8310119184024327 and parameters: {'n_estimators': 235, 'min_samples_split': 0.052064347930346117, 'min_samples_leaf': 0.03618621195222414, 'min_weight_fraction_leaf': 0.04330927268613695, 'max_features': 0.6585565340046876, 'bootstrap': True, 'max_samples': 0.8962795905683001, 'oob_score': True}. Best is trial 110 with value: 0.8354481212342749.[0m
[32m[I 2022-04-21 13:30:34,550][0m Trial 131 finished with value: 0.8365902133319958 and parameters: {'n_estimators': 348, 'min_samples_split': 0.04030326306257974, 'min_samples_leaf': 0.010326487907995532, 'min_weight_fraction_leaf': 0.02718720843644418, 'max_features': 0.6861689251019909, 'bootstrap': True, 'max_samples': 0.8182462787728932, 'oob_score': True}. Best is trial 131 with value: 0.8365902133319958.[0m
[32m[I 2022-04-21 13:31:52,652][0m Trial 132 finished with value: 0.8346366867528751 and parameters: {'n_estimators': 352, 'min_samples_split': 0.035952523476195306, 'min_samples_leaf': 0.019528249017097314, 'min_weight_fraction_leaf': 0.0001615924158005072, 'max_features': 0.6941611602204438, 'bootstrap': True, 'max_samples': 0.8206273353751125, 'oob_score': True}. Best is trial 131 with value: 0.8365902133319958.[0m
[32m[I 2022-04-21 13:33:02,814][0m Trial 133 finished with value: 0.8349773071566771 and parameters: {'n_estimators': 399, 'min_samples_split': 0.012068225838854925, 'min_samples_leaf': 0.024309112189710012, 'min_weight_fraction_leaf': 0.0011490413925450103, 'max_features': 0.6245650763545281, 'bootstrap': True, 'max_samples': 0.9415103757587608, 'oob_score': True}. Best is trial 131 with value: 0.8365902133319958.[0m
[32m[I 2022-04-21 13:33:54,898][0m Trial 134 finished with value: 0.8333124204091922 and parameters: {'n_estimators': 348, 'min_samples_split': 0.010038942110450933, 'min_samples_leaf': 0.031465282035260486, 'min_weight_fraction_leaf': 0.0032043441391340095, 'max_features': 0.6204691268383402, 'bootstrap': True, 'max_samples': 0.978239454275988, 'oob_score': True}. Best is trial 131 with value: 0.8365902133319958.[0m
[32m[I 2022-04-21 13:35:28,664][0m Trial 135 finished with value: 0.8353546215795316 and parameters: {'n_estimators': 413, 'min_samples_split': 0.029107364333345986, 'min_samples_leaf': 0.02113637989909404, 'min_weight_fraction_leaf': 0.00029180100222215254, 'max_features': 0.7249196058997134, 'bootstrap': True, 'max_samples': 0.9619636466734652, 'oob_score': True}. Best is trial 131 with value: 0.8365902133319958.[0m
[32m[I 2022-04-21 13:36:16,182][0m Trial 136 finished with value: 0.8289674186752359 and parameters: {'n_estimators': 408, 'min_samples_split': 0.02513995969687581, 'min_samples_leaf': 0.05339901450180978, 'min_weight_fraction_leaf': 0.0028756184970490303, 'max_features': 0.7948059558746637, 'bootstrap': True, 'max_samples': 0.9486493865408789, 'oob_score': True}. Best is trial 131 with value: 0.8365902133319958.[0m
[32m[I 2022-04-21 13:37:42,756][0m Trial 137 finished with value: 0.8334566739486619 and parameters: {'n_estimators': 382, 'min_samples_split': 0.058278520135257625, 'min_samples_leaf': 0.02459737100493413, 'min_weight_fraction_leaf': 0.022138489497029904, 'max_features': 0.7610320071196268, 'bootstrap': True, 'max_samples': 0.933832719803397, 'oob_score': True}. Best is trial 131 with value: 0.8365902133319958.[0m
[32m[I 2022-04-21 13:37:50,940][0m Trial 138 finished with value: 0.7794719102041862 and parameters: {'n_estimators': 440, 'min_samples_split': 0.3291518918030992, 'min_samples_leaf': 0.2892014735663417, 'min_weight_fraction_leaf': 0.001732839618704004, 'max_features': 0.7238410175815541, 'bootstrap': True, 'max_samples': 0.9071121562926787, 'oob_score': True}. Best is trial 131 with value: 0.8365902133319958.[0m
[32m[I 2022-04-21 13:38:47,862][0m Trial 139 finished with value: 0.8312592041949832 and parameters: {'n_estimators': 356, 'min_samples_split': 0.012524754189990321, 'min_samples_leaf': 0.03729493414145206, 'min_weight_fraction_leaf': 0.02372512683347916, 'max_features': 0.7003025962831517, 'bootstrap': True, 'max_samples': 0.9721461054812358, 'oob_score': True}. Best is trial 131 with value: 0.8365902133319958.[0m
[32m[I 2022-04-21 13:39:22,344][0m Trial 140 finished with value: 0.8267688964651517 and parameters: {'n_estimators': 413, 'min_samples_split': 0.41794903842402975, 'min_samples_leaf': 0.023630714843390556, 'min_weight_fraction_leaf': 0.017470988489567553, 'max_features': 0.750521093386474, 'bootstrap': True, 'max_samples': 0.8379145865210277, 'oob_score': False}. Best is trial 131 with value: 0.8365902133319958.[0m
[32m[I 2022-04-21 13:41:14,486][0m Trial 141 finished with value: 0.8364451409737107 and parameters: {'n_estimators': 332, 'min_samples_split': 0.033244190226853515, 'min_samples_leaf': 0.010836090185905853, 'min_weight_fraction_leaf': 0.01174244104805066, 'max_features': 0.634084148899322, 'bootstrap': True, 'max_samples': 0.9333171476148652, 'oob_score': True}. Best is trial 131 with value: 0.8365902133319958.[0m
[32m[I 2022-04-21 13:43:39,759][0m Trial 142 finished with value: 0.8369015041621106 and parameters: {'n_estimators': 363, 'min_samples_split': 0.031570291811384335, 'min_samples_leaf': 0.011340050584534304, 'min_weight_fraction_leaf': 0.009988245000392519, 'max_features': 0.7206505236313494, 'bootstrap': True, 'max_samples': 0.9474988203422746, 'oob_score': True}. Best is trial 142 with value: 0.8369015041621106.[0m
[32m[I 2022-04-21 13:45:09,268][0m Trial 143 finished with value: 0.8355288416101789 and parameters: {'n_estimators': 338, 'min_samples_split': 0.0493005974677181, 'min_samples_leaf': 0.017315465368544548, 'min_weight_fraction_leaf': 0.0002889826877060346, 'max_features': 0.6976131058695003, 'bootstrap': True, 'max_samples': 0.9430801439210201, 'oob_score': True}. Best is trial 142 with value: 0.8369015041621106.[0m
[32m[I 2022-04-21 13:47:17,713][0m Trial 144 finished with value: 0.8363087167200265 and parameters: {'n_estimators': 336, 'min_samples_split': 0.05058535396536256, 'min_samples_leaf': 0.013636160748374598, 'min_weight_fraction_leaf': 0.01033650767298993, 'max_features': 0.7173246188069979, 'bootstrap': True, 'max_samples': 0.9528632348474566, 'oob_score': True}. Best is trial 142 with value: 0.8369015041621106.[0m
[32m[I 2022-04-21 13:50:54,560][0m Trial 145 finished with value: 0.8344136353367617 and parameters: {'n_estimators': 327, 'min_samples_split': 0.06640058113098454, 'min_samples_leaf': 0.001246509159623363, 'min_weight_fraction_leaf': 0.00922176722655475, 'max_features': 0.7179886478245585, 'bootstrap': True, 'max_samples': 0.9578163575339181, 'oob_score': True}. Best is trial 142 with value: 0.8369015041621106.[0m
[32m[I 2022-04-21 13:51:00,923][0m Trial 146 finished with value: 0.35 and parameters: {'n_estimators': 357, 'min_samples_split': 0.04675493860311353, 'min_samples_leaf': 0.43233444348945704, 'min_weight_fraction_leaf': 0.00455918753580127, 'max_features': 0.6962518953535213, 'bootstrap': True, 'max_samples': 0.8792345931093789, 'oob_score': True}. Best is trial 142 with value: 0.8369015041621106.[0m
[32m[I 2022-04-21 13:51:09,979][0m Trial 147 finished with value: 0.8285927507578306 and parameters: {'n_estimators': 343, 'min_samples_split': 0.03079596490035246, 'min_samples_leaf': 0.012278330060903217, 'min_weight_fraction_leaf': 0.028964239524836347, 'max_features': 0.02196833804353826, 'bootstrap': True, 'max_samples': 0.9326689534287295, 'oob_score': True}. Best is trial 142 with value: 0.8369015041621106.[0m
[32m[I 2022-04-21 13:52:08,754][0m Trial 148 finished with value: 0.8325388215040295 and parameters: {'n_estimators': 371, 'min_samples_split': 0.0502928485772672, 'min_samples_leaf': 0.03559792537996828, 'min_weight_fraction_leaf': 0.00012206322841411266, 'max_features': 0.6729269085345875, 'bootstrap': True, 'max_samples': 0.948822827542473, 'oob_score': True}. Best is trial 142 with value: 0.8369015041621106.[0m
[32m[I 2022-04-21 13:53:08,815][0m Trial 149 finished with value: 0.8327360825107697 and parameters: {'n_estimators': 302, 'min_samples_split': 0.05891890556946071, 'min_samples_leaf': 0.027731736414176502, 'min_weight_fraction_leaf': 0.016634301786326744, 'max_features': 0.722346601521498, 'bootstrap': True, 'max_samples': 0.913251768413309, 'oob_score': True}. Best is trial 142 with value: 0.8369015041621106.[0m
[32m[I 2022-04-21 13:56:43,696][0m Trial 150 finished with value: 0.8368010897193194 and parameters: {'n_estimators': 394, 'min_samples_split': 0.03300068222201034, 'min_samples_leaf': 0.01025790211521151, 'min_weight_fraction_leaf': 0.016514484288915107, 'max_features': 0.8233189075643159, 'bootstrap': True, 'max_samples': 0.9907157431434889, 'oob_score': True}. Best is trial 142 with value: 0.8369015041621106.[0m
[32m[I 2022-04-21 13:59:49,328][0m Trial 151 finished with value: 0.8364160292388334 and parameters: {'n_estimators': 395, 'min_samples_split': 0.027444785317003895, 'min_samples_leaf': 0.012673713822544336, 'min_weight_fraction_leaf': 0.017573558217860427, 'max_features': 0.8737165894225929, 'bootstrap': True, 'max_samples': 0.9669732871954131, 'oob_score': True}. Best is trial 142 with value: 0.8369015041621106.[0m
[32m[I 2022-04-21 14:03:03,261][0m Trial 152 finished with value: 0.8357299641880495 and parameters: {'n_estimators': 392, 'min_samples_split': 0.026659248553358973, 'min_samples_leaf': 0.00857096293439927, 'min_weight_fraction_leaf': 0.028294856550343358, 'max_features': 0.923943513308369, 'bootstrap': True, 'max_samples': 0.9984952984976277, 'oob_score': True}. Best is trial 142 with value: 0.8369015041621106.[0m
[32m[I 2022-04-21 14:05:52,117][0m Trial 153 finished with value: 0.833271913627005 and parameters: {'n_estimators': 390, 'min_samples_split': 0.0013106672211926143, 'min_samples_leaf': 0.007960079275096388, 'min_weight_fraction_leaf': 0.03751413636777273, 'max_features': 0.9379550992854417, 'bootstrap': True, 'max_samples': 0.981933295728771, 'oob_score': True}. Best is trial 142 with value: 0.8369015041621106.[0m
[32m[I 2022-04-21 14:06:21,607][0m Trial 154 finished with value: 0.7857355747852277 and parameters: {'n_estimators': 403, 'min_samples_split': 0.043140077640231055, 'min_samples_leaf': 0.00844747678335419, 'min_weight_fraction_leaf': 0.4085707402982383, 'max_features': 0.990238582059384, 'bootstrap': True, 'max_samples': 0.9706095272178733, 'oob_score': True}. Best is trial 142 with value: 0.8369015041621106.[0m
[32m[I 2022-04-21 14:07:56,697][0m Trial 155 finished with value: 0.8329961613558321 and parameters: {'n_estimators': 370, 'min_samples_split': 0.028096684388675266, 'min_samples_leaf': 0.027814713572292413, 'min_weight_fraction_leaf': 0.012528238633703328, 'max_features': 0.9104364363379729, 'bootstrap': True, 'max_samples': 0.9939940122114127, 'oob_score': True}. Best is trial 142 with value: 0.8369015041621106.[0m
