[32m[I 2022-04-22 11:02:27,078][0m Trial 743 finished with value: 0.8397030524933152 and parameters: {'n_estimators': 855, 'min_samples_split': 0.050232692811384705, 'min_samples_leaf': 0.0017164786123701065, 'min_weight_fraction_leaf': 0.009981230126539566, 'max_features': 0.22485956103099955, 'bootstrap': False, 'max_samples': 0.19553092464618135}. Best is trial 706 with value: 0.8407932976946242.[0m
[32m[I 2022-04-22 11:04:58,466][0m Trial 744 finished with value: 0.8380617992272015 and parameters: {'n_estimators': 911, 'min_samples_split': 0.02571503901489903, 'min_samples_leaf': 0.026778207566550298, 'min_weight_fraction_leaf': 0.01734793328544857, 'max_features': 0.250009615817722, 'bootstrap': False, 'max_samples': 0.14541607810436236}. Best is trial 706 with value: 0.8407932976946242.[0m
[32m[I 2022-04-22 11:09:58,737][0m Trial 745 finished with value: 0.839538432879816 and parameters: {'n_estimators': 808, 'min_samples_split': 0.035660232378641944, 'min_samples_leaf': 0.0012930886325739, 'min_weight_fraction_leaf': 0.009284910897158315, 'max_features': 0.20840411085303467, 'bootstrap': False, 'max_samples': 0.10268555899158152}. Best is trial 706 with value: 0.8407932976946242.[0m
[32m[I 2022-04-22 11:12:57,838][0m Trial 746 finished with value: 0.8374277186687784 and parameters: {'n_estimators': 952, 'min_samples_split': 0.06282936587031529, 'min_samples_leaf': 0.017981149638224385, 'min_weight_fraction_leaf': 0.025839246564413346, 'max_features': 0.23608016026883624, 'bootstrap': False, 'max_samples': 0.13394976345224593}. Best is trial 706 with value: 0.8407932976946242.[0m
[32m[I 2022-04-22 11:18:33,086][0m Trial 747 finished with value: 0.8389668941734106 and parameters: {'n_estimators': 869, 'min_samples_split': 0.046536610520432446, 'min_samples_leaf': 0.009190711236369572, 'min_weight_fraction_leaf': 0.008971140475370086, 'max_features': 0.2635537788497214, 'bootstrap': False, 'max_samples': 0.07340408142430072}. Best is trial 706 with value: 0.8407932976946242.[0m
[32m[I 2022-04-22 11:20:21,058][0m Trial 748 finished with value: 0.8360801910458718 and parameters: {'n_estimators': 786, 'min_samples_split': 0.03132230956265723, 'min_samples_leaf': 0.027208744867353397, 'min_weight_fraction_leaf': 0.03667600064533709, 'max_features': 0.21813580686457273, 'bootstrap': False, 'max_samples': 0.09493749215532712}. Best is trial 706 with value: 0.8407932976946242.[0m
[32m[I 2022-04-22 11:20:33,342][0m Trial 749 finished with value: 0.793193296076323 and parameters: {'n_estimators': 916, 'min_samples_split': 0.054561519160710226, 'min_samples_leaf': 0.24900970203766865, 'min_weight_fraction_leaf': 0.01799830102434033, 'max_features': 0.19934835412046575, 'bootstrap': False, 'max_samples': 0.6214374545908046}. Best is trial 706 with value: 0.8407932976946242.[0m
[32m[I 2022-04-22 11:24:20,477][0m Trial 750 finished with value: 0.8369665255166033 and parameters: {'n_estimators': 832, 'min_samples_split': 0.02330040858518366, 'min_samples_leaf': 0.0011584907438289618, 'min_weight_fraction_leaf': 0.027998027772884744, 'max_features': 0.24536330531303663, 'bootstrap': False, 'max_samples': 0.120119592873892}. Best is trial 706 with value: 0.8407932976946242.[0m
[32m[I 2022-04-22 11:28:15,140][0m Trial 751 finished with value: 0.8397300296449671 and parameters: {'n_estimators': 956, 'min_samples_split': 0.040281121252835395, 'min_samples_leaf': 0.017787793626459998, 'min_weight_fraction_leaf': 0.0002998030988284779, 'max_features': 0.28474404779117213, 'bootstrap': False, 'max_samples': 0.6872948914910088}. Best is trial 706 with value: 0.8407932976946242.[0m
[32m[I 2022-04-22 11:33:24,165][0m Trial 752 finished with value: 0.8383162068308847 and parameters: {'n_estimators': 892, 'min_samples_split': 0.06371634860047795, 'min_samples_leaf': 0.0014212184537897364, 'min_weight_fraction_leaf': 0.009259514999087556, 'max_features': 0.23105650857207405, 'bootstrap': False, 'max_samples': 0.17361116480439706}. Best is trial 706 with value: 0.8407932976946242.[0m
[32m[I 2022-04-22 11:36:55,405][0m Trial 753 finished with value: 0.8401342373672417 and parameters: {'n_estimators': 846, 'min_samples_split': 0.025086907351209293, 'min_samples_leaf': 0.016802334013078693, 'min_weight_fraction_leaf': 0.018383238145792215, 'max_features': 0.258360619690879, 'bootstrap': False, 'max_samples': 0.05087176590159542}. Best is trial 706 with value: 0.8407932976946242.[0m
[32m[I 2022-04-22 11:37:43,230][0m Trial 754 finished with value: 0.8161752546119845 and parameters: {'n_estimators': 910, 'min_samples_split': 0.022585147628042423, 'min_samples_leaf': 0.04529357786044422, 'min_weight_fraction_leaf': 0.1929450592969591, 'max_features': 0.28803940748345297, 'bootstrap': False, 'max_samples': 0.023524932841032957}. Best is trial 706 with value: 0.8407932976946242.[0m
[32m[I 2022-04-22 11:39:44,122][0m Trial 755 finished with value: 0.8350154180317814 and parameters: {'n_estimators': 850, 'min_samples_split': 0.0278503724751729, 'min_samples_leaf': 0.033820784800588616, 'min_weight_fraction_leaf': 0.03865614900291864, 'max_features': 0.2668365744726221, 'bootstrap': False, 'max_samples': 0.0484100626836898}. Best is trial 706 with value: 0.8407932976946242.[0m
[32m[I 2022-04-22 11:41:56,015][0m Trial 756 finished with value: 0.8367283455956738 and parameters: {'n_estimators': 876, 'min_samples_split': 0.017110584066745958, 'min_samples_leaf': 0.03334558504340934, 'min_weight_fraction_leaf': 0.023997505571295527, 'max_features': 0.2616225750340724, 'bootstrap': False, 'max_samples': 0.048581162613417085}. Best is trial 706 with value: 0.8407932976946242.[0m
[32m[I 2022-04-22 11:44:25,079][0m Trial 757 finished with value: 0.8388498378452123 and parameters: {'n_estimators': 828, 'min_samples_split': 0.03251022215961181, 'min_samples_leaf': 0.024773475375641472, 'min_weight_fraction_leaf': 0.01863501514842455, 'max_features': 0.2555514071513791, 'bootstrap': False, 'max_samples': 0.02953952070709387}. Best is trial 706 with value: 0.8407932976946242.[0m
[32m[I 2022-04-22 11:46:01,399][0m Trial 758 finished with value: 0.832673895520365 and parameters: {'n_estimators': 945, 'min_samples_split': 0.03958206508827396, 'min_samples_leaf': 0.056506861718784857, 'min_weight_fraction_leaf': 8.77313659331247e-05, 'max_features': 0.2849818137453462, 'bootstrap': False, 'max_samples': 0.06263492369557247}. Best is trial 706 with value: 0.8407932976946242.[0m
[32m[I 2022-04-22 11:48:07,805][0m Trial 759 finished with value: 0.8341639184347012 and parameters: {'n_estimators': 864, 'min_samples_split': 0.01831840766882242, 'min_samples_leaf': 0.019420933561340028, 'min_weight_fraction_leaf': 0.04861126524485255, 'max_features': 0.2451005032631617, 'bootstrap': False, 'max_samples': 0.015691908358764425}. Best is trial 706 with value: 0.8407932976946242.[0m
[32m[I 2022-04-22 11:49:56,734][0m Trial 760 finished with value: 0.8356453319525748 and parameters: {'n_estimators': 916, 'min_samples_split': 0.027669845298213654, 'min_samples_leaf': 0.03998414570438572, 'min_weight_fraction_leaf': 0.03021284499961286, 'max_features': 0.23430734480091495, 'bootstrap': False, 'max_samples': 0.0742471713089291}. Best is trial 706 with value: 0.8407932976946242.[0m
[32m[I 2022-04-22 11:54:13,354][0m Trial 761 finished with value: 0.8380100880594819 and parameters: {'n_estimators': 961, 'min_samples_split': 0.03738785634098265, 'min_samples_leaf': 0.014486613481259535, 'min_weight_fraction_leaf': 0.01732288227687555, 'max_features': 0.2747585986365704, 'bootstrap': False, 'max_samples': 0.091511985656139}. Best is trial 706 with value: 0.8407932976946242.[0m
[32m[I 2022-04-22 11:56:17,224][0m Trial 762 finished with value: 0.8376653076218272 and parameters: {'n_estimators': 803, 'min_samples_split': 0.015169270874840868, 'min_samples_leaf': 0.024204012460953463, 'min_weight_fraction_leaf': 0.009926626744168481, 'max_features': 0.2215820201744943, 'bootstrap': False, 'max_samples': 0.11249097983326614}. Best is trial 706 with value: 0.8407932976946242.[0m
[32m[I 2022-04-22 11:59:39,583][0m Trial 763 finished with value: 0.8384403849510289 and parameters: {'n_estimators': 890, 'min_samples_split': 0.04576126836084333, 'min_samples_leaf': 0.015528715206481832, 'min_weight_fraction_leaf': 0.024039685864281207, 'max_features': 0.2519888585357183, 'bootstrap': False, 'max_samples': 0.15312810212468686}. Best is trial 706 with value: 0.8407932976946242.[0m
[32m[I 2022-04-22 12:02:22,495][0m Trial 764 finished with value: 0.8358794322493388 and parameters: {'n_estimators': 996, 'min_samples_split': 0.026957606616451874, 'min_samples_leaf': 0.03105870449800536, 'min_weight_fraction_leaf': 0.008260197496919225, 'max_features': 0.2924114748194573, 'bootstrap': False, 'max_samples': 0.0651419236426557}. Best is trial 706 with value: 0.8407932976946242.[0m
[32m[I 2022-04-22 12:03:29,815][0m Trial 765 finished with value: 0.8291662463028604 and parameters: {'n_estimators': 832, 'min_samples_split': 0.3997092895675467, 'min_samples_leaf': 0.01122364320568698, 'min_weight_fraction_leaf': 0.03042553253459624, 'max_features': 0.21553410996986147, 'bootstrap': False, 'max_samples': 0.13405282682208258}. Best is trial 706 with value: 0.8407932976946242.[0m
[32m[I 2022-04-22 12:06:53,575][0m Trial 766 finished with value: 0.840419146569549 and parameters: {'n_estimators': 919, 'min_samples_split': 0.03345586748825861, 'min_samples_leaf': 0.02187002088482673, 'min_weight_fraction_leaf': 0.018211933141069492, 'max_features': 0.2713209755400704, 'bootstrap': False, 'max_samples': 0.08264058243279906}. Best is trial 706 with value: 0.8407932976946242.[0m
[32m[I 2022-04-22 12:09:00,937][0m Trial 767 finished with value: 0.8339846812284154 and parameters: {'n_estimators': 1000, 'min_samples_split': 0.018382582448210498, 'min_samples_leaf': 0.047157510431601254, 'min_weight_fraction_leaf': 0.04249814813549886, 'max_features': 0.2970349820886494, 'bootstrap': False, 'max_samples': 0.1003823525790464}. Best is trial 706 with value: 0.8407932976946242.[0m
[32m[I 2022-04-22 12:11:11,721][0m Trial 768 finished with value: 0.8355882420758569 and parameters: {'n_estimators': 921, 'min_samples_split': 0.03081165620963073, 'min_samples_leaf': 0.03667757209687162, 'min_weight_fraction_leaf': 0.00020510808302492175, 'max_features': 0.2767905581070003, 'bootstrap': False, 'max_samples': 0.1904461899196733}. Best is trial 706 with value: 0.8407932976946242.[0m
[32m[I 2022-04-22 12:12:49,000][0m Trial 769 finished with value: 0.8280290332604618 and parameters: {'n_estimators': 935, 'min_samples_split': 0.3323672884211772, 'min_samples_leaf': 0.027022311671349164, 'min_weight_fraction_leaf': 0.03460776800178915, 'max_features': 0.26677742771160745, 'bootstrap': False, 'max_samples': 0.15748566994481342}. Best is trial 706 with value: 0.8407932976946242.[0m
[32m[I 2022-04-22 12:15:55,316][0m Trial 770 finished with value: 0.8394295712791212 and parameters: {'n_estimators': 953, 'min_samples_split': 0.01400972503325277, 'min_samples_leaf': 0.023514752480667134, 'min_weight_fraction_leaf': 0.021148770591864718, 'max_features': 0.25524479397233824, 'bootstrap': False, 'max_samples': 0.11535995243893296}. Best is trial 706 with value: 0.8407932976946242.[0m
[32m[I 2022-04-22 12:18:17,368][0m Trial 771 finished with value: 0.8348318590682198 and parameters: {'n_estimators': 893, 'min_samples_split': 0.025519447916686554, 'min_samples_leaf': 0.03472298186898996, 'min_weight_fraction_leaf': 0.01870916919356884, 'max_features': 0.2953898956016041, 'bootstrap': False, 'max_samples': 0.13852747144775546}. Best is trial 706 with value: 0.8407932976946242.[0m
[32m[I 2022-04-22 12:22:42,921][0m Trial 772 finished with value: 0.8400015159451858 and parameters: {'n_estimators': 950, 'min_samples_split': 0.0351472805395497, 'min_samples_leaf': 0.016727646440355383, 'min_weight_fraction_leaf': 0.00013019063780943425, 'max_features': 0.2758457585244746, 'bootstrap': False, 'max_samples': 0.08647541033053432}. Best is trial 706 with value: 0.8407932976946242.[0m
[32m[I 2022-04-22 12:24:59,179][0m Trial 773 finished with value: 0.834439282643503 and parameters: {'n_estimators': 964, 'min_samples_split': 0.014454165604163093, 'min_samples_leaf': 0.036976840615281156, 'min_weight_fraction_leaf': 0.0007564176216256107, 'max_features': 0.2573076729492148, 'bootstrap': False, 'max_samples': 0.04185257623890336}. Best is trial 706 with value: 0.8407932976946242.[0m
[32m[I 2022-04-22 12:27:13,529][0m Trial 774 finished with value: 0.833830629512547 and parameters: {'n_estimators': 965, 'min_samples_split': 0.024391947360238524, 'min_samples_leaf': 0.04238972455409308, 'min_weight_fraction_leaf': 0.009567631157089033, 'max_features': 0.293046863251213, 'bootstrap': False, 'max_samples': 0.08602905672124979}. Best is trial 706 with value: 0.8407932976946242.[0m
[32m[I 2022-04-22 12:27:23,957][0m Trial 775 finished with value: 0.7980072412147803 and parameters: {'n_estimators': 915, 'min_samples_split': 0.03253579607916701, 'min_samples_leaf': 0.3327425440534489, 'min_weight_fraction_leaf': 0.007874561317922985, 'max_features': 0.2714292957230004, 'bootstrap': False, 'max_samples': 0.08820739787655979}. Best is trial 706 with value: 0.8407932976946242.[0m
[32m[I 2022-04-22 12:30:39,729][0m Trial 776 finished with value: 0.8376779113053455 and parameters: {'n_estimators': 963, 'min_samples_split': 0.03585885931303738, 'min_samples_leaf': 0.02643754271836188, 'min_weight_fraction_leaf': 0.018496935052971727, 'max_features': 0.28969390663097566, 'bootstrap': False, 'max_samples': 0.07104184369533961}. Best is trial 706 with value: 0.8407932976946242.[0m
[32m[I 2022-04-22 12:32:13,039][0m Trial 777 finished with value: 0.831291463312396 and parameters: {'n_estimators': 922, 'min_samples_split': 0.022182887583836092, 'min_samples_leaf': 0.05529620312651819, 'min_weight_fraction_leaf': 0.02592693363685423, 'max_features': 0.27680330638997674, 'bootstrap': False, 'max_samples': 0.0512430896735328}. Best is trial 706 with value: 0.8407932976946242.[0m
[32m[I 2022-04-22 12:36:33,683][0m Trial 778 finished with value: 0.8387582333103545 and parameters: {'n_estimators': 967, 'min_samples_split': 0.013251523688176104, 'min_samples_leaf': 0.019616288777002906, 'min_weight_fraction_leaf': 0.008160763615773075, 'max_features': 0.29806014428558253, 'bootstrap': False, 'max_samples': 0.10819686464114765}. Best is trial 706 with value: 0.8407932976946242.[0m
[32m[I 2022-04-22 12:39:21,358][0m Trial 779 finished with value: 0.8358480403487288 and parameters: {'n_estimators': 998, 'min_samples_split': 0.03604320350121651, 'min_samples_leaf': 0.0276529765435762, 'min_weight_fraction_leaf': 0.03421778398388725, 'max_features': 0.27071668541090116, 'bootstrap': False, 'max_samples': 0.08666464969344383}. Best is trial 706 with value: 0.8407932976946242.[0m
[32m[I 2022-04-22 12:42:03,912][0m Trial 780 finished with value: 0.838234182357372 and parameters: {'n_estimators': 869, 'min_samples_split': 0.024837072399861326, 'min_samples_leaf': 0.021106746730938254, 'min_weight_fraction_leaf': 0.016159437202038336, 'max_features': 0.24038026116144226, 'bootstrap': False, 'max_samples': 0.06066242653075819}. Best is trial 706 with value: 0.8407932976946242.[0m
[32m[I 2022-04-22 12:43:44,105][0m Trial 781 finished with value: 0.8329929403018458 and parameters: {'n_estimators': 916, 'min_samples_split': 0.047992202936552465, 'min_samples_leaf': 0.04483759885336692, 'min_weight_fraction_leaf': 0.00045956654785086343, 'max_features': 0.25157379572444644, 'bootstrap': False, 'max_samples': 0.11221229342546472}. Best is trial 706 with value: 0.8407932976946242.[0m
[32m[I 2022-04-22 12:46:12,685][0m Trial 782 finished with value: 0.8322307811096815 and parameters: {'n_estimators': 859, 'min_samples_split': 0.03545876075180633, 'min_samples_leaf': 0.016017875921089678, 'min_weight_fraction_leaf': 0.05010182240042527, 'max_features': 0.2802478877297401, 'bootstrap': False, 'max_samples': 0.03090584144448464}. Best is trial 706 with value: 0.8407932976946242.[0m
[32m[I 2022-04-22 12:48:47,511][0m Trial 783 finished with value: 0.8361684444304535 and parameters: {'n_estimators': 921, 'min_samples_split': 0.012607787702113897, 'min_samples_leaf': 0.03351315258029153, 'min_weight_fraction_leaf': 0.026086475451932323, 'max_features': 0.29851088366326056, 'bootstrap': False, 'max_samples': 0.09327491356475429}. Best is trial 706 with value: 0.8407932976946242.[0m
[32m[I 2022-04-22 12:49:51,961][0m Trial 784 finished with value: 0.8411330872952079 and parameters: {'n_estimators': 279, 'min_samples_split': 0.025006137990311515, 'min_samples_leaf': 0.015172773137428505, 'min_weight_fraction_leaf': 2.3681978745946275e-06, 'max_features': 0.24619583293237662, 'bootstrap': False, 'max_samples': 0.20801858860979464}. Best is trial 784 with value: 0.8411330872952079.[0m
[32m[I 2022-04-22 12:52:40,780][0m Trial 785 finished with value: 0.8369736455317629 and parameters: {'n_estimators': 998, 'min_samples_split': 0.018699772354160246, 'min_samples_leaf': 0.027254062873230067, 'min_weight_fraction_leaf': 0.00035325246694485623, 'max_features': 0.2660317749319658, 'bootstrap': False, 'max_samples': 0.2222192618768962}. Best is trial 784 with value: 0.8411330872952079.[0m
[32m[I 2022-04-22 12:54:29,998][0m Trial 786 finished with value: 0.8309999041284332 and parameters: {'n_estimators': 952, 'min_samples_split': 0.26865766901555427, 'min_samples_leaf': 0.017676165986546116, 'min_weight_fraction_leaf': 4.377993958154351e-05, 'max_features': 0.24732291795271336, 'bootstrap': False, 'max_samples': 0.18601488633864063}. Best is trial 784 with value: 0.8411330872952079.[0m
[32m[I 2022-04-22 12:59:42,790][0m Trial 787 finished with value: 0.840028058451465 and parameters: {'n_estimators': 998, 'min_samples_split': 0.01261943798336385, 'min_samples_leaf': 0.010728833502141637, 'min_weight_fraction_leaf': 0.008663136457692736, 'max_features': 0.27097423248568614, 'bootstrap': False, 'max_samples': 0.20648728259571944}. Best is trial 784 with value: 0.8411330872952079.[0m
[32m[I 2022-04-22 13:00:57,963][0m Trial 788 finished with value: 0.8388355087850868 and parameters: {'n_estimators': 271, 'min_samples_split': 0.01136858098428696, 'min_samples_leaf': 0.010696587445905731, 'min_weight_fraction_leaf': 0.017291011083945037, 'max_features': 0.2752977896957573, 'bootstrap': False, 'max_samples': 0.2043920447033748}. Best is trial 784 with value: 0.8411330872952079.[0m
[32m[I 2022-04-22 13:04:48,397][0m Trial 789 finished with value: 0.8368043264271398 and parameters: {'n_estimators': 996, 'min_samples_split': 0.00829262267595339, 'min_samples_leaf': 0.026727144542128947, 'min_weight_fraction_leaf': 0.00858137234133997, 'max_features': 0.30280439326659564, 'bootstrap': False, 'max_samples': 0.21517865161759314}. Best is trial 784 with value: 0.8411330872952079.[0m
[32m[I 2022-04-22 13:09:01,541][0m Trial 790 finished with value: 0.8390976574112579 and parameters: {'n_estimators': 958, 'min_samples_split': 0.012317892762091375, 'min_samples_leaf': 0.017622834648913187, 'min_weight_fraction_leaf': 0.0006731344956696784, 'max_features': 0.27325281320977873, 'bootstrap': False, 'max_samples': 0.21482605794783308}. Best is trial 784 with value: 0.8411330872952079.[0m
[32m[I 2022-04-22 13:09:34,315][0m Trial 791 finished with value: 0.8358344229682853 and parameters: {'n_estimators': 245, 'min_samples_split': 0.018814489378408808, 'min_samples_leaf': 0.036165605403718416, 'min_weight_fraction_leaf': 0.020055364704208073, 'max_features': 0.25572964401444465, 'bootstrap': False, 'max_samples': 0.19322703221145657}. Best is trial 784 with value: 0.8411330872952079.[0m
[32m[I 2022-04-22 13:19:07,260][0m Trial 792 finished with value: 0.8399376584635512 and parameters: {'n_estimators': 960, 'min_samples_split': 0.022010335557570683, 'min_samples_leaf': 0.00112536460751465, 'min_weight_fraction_leaf': 0.00823103640942403, 'max_features': 0.2876849883456684, 'bootstrap': False, 'max_samples': 0.008861774264421474}. Best is trial 784 with value: 0.8411330872952079.[0m
[32m[I 2022-04-22 13:24:48,936][0m Trial 793 finished with value: 0.8408900061824316 and parameters: {'n_estimators': 946, 'min_samples_split': 0.014449377754123457, 'min_samples_leaf': 0.01132447401374412, 'min_weight_fraction_leaf': 0.0003501892949295902, 'max_features': 0.29483752456639056, 'bootstrap': False, 'max_samples': 0.19955133901849142}. Best is trial 784 with value: 0.8411330872952079.[0m
[32m[I 2022-04-22 13:25:41,388][0m Trial 794 finished with value: 0.8252786938062089 and parameters: {'n_estimators': 924, 'min_samples_split': 0.008306400514719467, 'min_samples_leaf': 0.09811275241160271, 'min_weight_fraction_leaf': 0.014639370061783567, 'max_features': 0.2878626789028915, 'bootstrap': False, 'max_samples': 0.19305503959198309}. Best is trial 784 with value: 0.8411330872952079.[0m
[32m[I 2022-04-22 13:27:33,221][0m Trial 795 finished with value: 0.8327000348296123 and parameters: {'n_estimators': 927, 'min_samples_split': 0.01174016979119262, 'min_samples_leaf': 0.04885831275651176, 'min_weight_fraction_leaf': 0.00013696377025830195, 'max_features': 0.30372571876875926, 'bootstrap': False, 'max_samples': 0.21658622554461676}. Best is trial 784 with value: 0.8411330872952079.[0m
[32m[I 2022-04-22 13:31:21,725][0m Trial 796 finished with value: 0.837606514451976 and parameters: {'n_estimators': 960, 'min_samples_split': 0.010129396935012972, 'min_samples_leaf': 0.02343506329561533, 'min_weight_fraction_leaf': 0.0007214864146425897, 'max_features': 0.31763821641505524, 'bootstrap': False, 'max_samples': 0.1824174237528093}. Best is trial 784 with value: 0.8411330872952079.[0m
