[32m[I 2022-04-21 23:59:03,132][0m Trial 419 finished with value: 0.7929137293008338 and parameters: {'n_estimators': 173, 'min_samples_split': 0.06286823232419692, 'min_samples_leaf': 0.038121535659476215, 'min_weight_fraction_leaf': 0.2501443171751082, 'max_features': 0.3759971250476752, 'bootstrap': False, 'max_samples': 0.7662649969544514}. Best is trial 356 with value: 0.8403393004825064.[0m
[32m[I 2022-04-21 23:59:40,230][0m Trial 420 finished with value: 0.8350477293139654 and parameters: {'n_estimators': 226, 'min_samples_split': 0.03688753370212006, 'min_samples_leaf': 0.02663720885920551, 'min_weight_fraction_leaf': 0.03351100619552116, 'max_features': 0.3424699602006962, 'bootstrap': False, 'max_samples': 0.7868267988849328}. Best is trial 356 with value: 0.8403393004825064.[0m
[32m[I 2022-04-21 23:59:52,653][0m Trial 421 finished with value: 0.8272936068432821 and parameters: {'n_estimators': 191, 'min_samples_split': 0.03269013263961758, 'min_samples_leaf': 0.08991492702430143, 'min_weight_fraction_leaf': 0.02636758330738425, 'max_features': 0.34884541860263757, 'bootstrap': False, 'max_samples': 0.7976640131058311}. Best is trial 356 with value: 0.8403393004825064.[0m
[32m[I 2022-04-22 00:01:41,446][0m Trial 422 finished with value: 0.834550613940525 and parameters: {'n_estimators': 695, 'min_samples_split': 0.04619340468182229, 'min_samples_leaf': 0.020343617973654953, 'min_weight_fraction_leaf': 0.04025197909123927, 'max_features': 0.32130816893767794, 'bootstrap': False, 'max_samples': 0.8277728972890895}. Best is trial 356 with value: 0.8403393004825064.[0m
[32m[I 2022-04-22 00:02:00,047][0m Trial 423 finished with value: 0.8255395982625785 and parameters: {'n_estimators': 177, 'min_samples_split': 0.027173200626958025, 'min_samples_leaf': 0.03323547937438125, 'min_weight_fraction_leaf': 0.1030989401137982, 'max_features': 0.35786392312392795, 'bootstrap': False, 'max_samples': 0.8459106376712557}. Best is trial 356 with value: 0.8403393004825064.[0m
[32m[I 2022-04-22 00:02:43,173][0m Trial 424 finished with value: 0.8382774781266246 and parameters: {'n_estimators': 179, 'min_samples_split': 0.026462540907195516, 'min_samples_leaf': 0.021940293145955383, 'min_weight_fraction_leaf': 0.022061157242526802, 'max_features': 0.4004370813956251, 'bootstrap': False, 'max_samples': 0.08286884536715744}. Best is trial 356 with value: 0.8403393004825064.[0m
[32m[I 2022-04-22 00:03:07,664][0m Trial 425 finished with value: 0.8310089271870726 and parameters: {'n_estimators': 187, 'min_samples_split': 0.03922771810792518, 'min_samples_leaf': 0.050521093934979174, 'min_weight_fraction_leaf': 0.02834345426174339, 'max_features': 0.40276054165509895, 'bootstrap': False, 'max_samples': 0.8762672672812025}. Best is trial 356 with value: 0.8403393004825064.[0m
[32m[I 2022-04-22 00:03:30,237][0m Trial 426 finished with value: 0.8297058381629625 and parameters: {'n_estimators': 205, 'min_samples_split': 0.03007733949290213, 'min_samples_leaf': 0.06302208733320297, 'min_weight_fraction_leaf': 0.020644902191909623, 'max_features': 0.4288198657578489, 'bootstrap': False, 'max_samples': 0.20833350711657345}. Best is trial 356 with value: 0.8403393004825064.[0m
[32m[I 2022-04-22 00:03:57,465][0m Trial 427 finished with value: 0.8318899316241332 and parameters: {'n_estimators': 162, 'min_samples_split': 0.05500186670307533, 'min_samples_leaf': 0.040740181124895136, 'min_weight_fraction_leaf': 0.035296680644993236, 'max_features': 0.4581369127661931, 'bootstrap': False, 'max_samples': 0.1341041101825981}. Best is trial 356 with value: 0.8403393004825064.[0m
[32m[I 2022-04-22 00:04:28,479][0m Trial 428 finished with value: 0.831559252404019 and parameters: {'n_estimators': 196, 'min_samples_split': 0.02565898767020954, 'min_samples_leaf': 0.014836000291329771, 'min_weight_fraction_leaf': 0.05052844015158595, 'max_features': 0.33132067359491973, 'bootstrap': False, 'max_samples': 0.8644798666660817}. Best is trial 356 with value: 0.8403393004825064.[0m
[32m[I 2022-04-22 00:04:46,723][0m Trial 429 finished with value: 0.8383251073251925 and parameters: {'n_estimators': 105, 'min_samples_split': 0.040518336358932074, 'min_samples_leaf': 0.026984950916188126, 'min_weight_fraction_leaf': 0.021973787783245893, 'max_features': 0.2976392478927999, 'bootstrap': False, 'max_samples': 0.8590021856170023}. Best is trial 356 with value: 0.8403393004825064.[0m
[32m[I 2022-04-22 00:04:49,077][0m Trial 430 finished with value: 0.780530279832486 and parameters: {'n_estimators': 105, 'min_samples_split': 0.05073983547737804, 'min_samples_leaf': 0.4480108460025352, 'min_weight_fraction_leaf': 0.26978111152061446, 'max_features': 0.2899267093682882, 'bootstrap': False, 'max_samples': 0.9030903787184932}. Best is trial 356 with value: 0.8403393004825064.[0m
[32m[I 2022-04-22 00:05:14,615][0m Trial 431 finished with value: 0.8307931918734056 and parameters: {'n_estimators': 184, 'min_samples_split': 0.05968820514495332, 'min_samples_leaf': 0.028900052781991672, 'min_weight_fraction_leaf': 0.06212830392813422, 'max_features': 0.39112115734778086, 'bootstrap': False, 'max_samples': 0.3990449532498905}. Best is trial 356 with value: 0.8403393004825064.[0m
[32m[I 2022-04-22 00:05:18,764][0m Trial 432 finished with value: 0.8081720187186747 and parameters: {'n_estimators': 175, 'min_samples_split': 0.21674009550817322, 'min_samples_leaf': 0.2281748908448697, 'min_weight_fraction_leaf': 0.03173244908710218, 'max_features': 0.2982345457015148, 'bootstrap': False, 'max_samples': 0.862053372667201}. Best is trial 356 with value: 0.8403393004825064.[0m
[32m[I 2022-04-22 00:05:46,532][0m Trial 433 finished with value: 0.8336464366551877 and parameters: {'n_estimators': 149, 'min_samples_split': 0.038799089277321515, 'min_samples_leaf': 0.031233869312031048, 'min_weight_fraction_leaf': 0.02294305948555653, 'max_features': 0.4194239990632622, 'bootstrap': False, 'max_samples': 0.8733506713099897}. Best is trial 356 with value: 0.8403393004825064.[0m
[32m[I 2022-04-22 00:05:50,428][0m Trial 434 finished with value: 0.7909220030827037 and parameters: {'n_estimators': 159, 'min_samples_split': 0.23542762286551316, 'min_samples_leaf': 0.25997015633210585, 'min_weight_fraction_leaf': 0.039098672446029714, 'max_features': 0.31091962278117097, 'bootstrap': False, 'max_samples': 0.8922036205477615}. Best is trial 356 with value: 0.8403393004825064.[0m
[32m[I 2022-04-22 00:06:44,587][0m Trial 435 finished with value: 0.8388314398705792 and parameters: {'n_estimators': 183, 'min_samples_split': 0.03734300707876893, 'min_samples_leaf': 0.013118253938724896, 'min_weight_fraction_leaf': 0.020053269346922333, 'max_features': 0.3744730029182248, 'bootstrap': False, 'max_samples': 0.856372145039294}. Best is trial 356 with value: 0.8403393004825064.[0m
[32m[I 2022-04-22 00:07:28,694][0m Trial 436 finished with value: 0.8358225885448217 and parameters: {'n_estimators': 179, 'min_samples_split': 0.04152946959341412, 'min_samples_leaf': 0.023269250640441268, 'min_weight_fraction_leaf': 0.017099101558686887, 'max_features': 0.38374963098850423, 'bootstrap': False, 'max_samples': 0.30301382130357596}. Best is trial 356 with value: 0.8403393004825064.[0m
[32m[I 2022-04-22 00:07:54,514][0m Trial 437 finished with value: 0.8318927026051522 and parameters: {'n_estimators': 202, 'min_samples_split': 0.04406924199998701, 'min_samples_leaf': 0.046304327132094286, 'min_weight_fraction_leaf': 0.017530973897775574, 'max_features': 0.3534431819823758, 'bootstrap': False, 'max_samples': 0.8494651447237731}. Best is trial 356 with value: 0.8403393004825064.[0m
[32m[I 2022-04-22 00:08:24,036][0m Trial 438 finished with value: 0.8343708755436777 and parameters: {'n_estimators': 109, 'min_samples_split': 0.07148454977180413, 'min_samples_leaf': 0.016647376972302, 'min_weight_fraction_leaf': 0.02861618176435219, 'max_features': 0.3997183393929099, 'bootstrap': False, 'max_samples': 0.8398515322246334}. Best is trial 356 with value: 0.8403393004825064.[0m
[32m[I 2022-04-22 00:08:32,949][0m Trial 439 finished with value: 0.8223870408907004 and parameters: {'n_estimators': 184, 'min_samples_split': 0.06022254689210398, 'min_samples_leaf': 0.13636738065140308, 'min_weight_fraction_leaf': 0.009974213325720536, 'max_features': 0.3739637051144937, 'bootstrap': False, 'max_samples': 0.042227860899193684}. Best is trial 356 with value: 0.8403393004825064.[0m
[32m[I 2022-04-22 00:10:13,305][0m Trial 440 finished with value: 0.833396806033624 and parameters: {'n_estimators': 742, 'min_samples_split': 0.08313460173197773, 'min_samples_leaf': 0.03274326263245812, 'min_weight_fraction_leaf': 0.04360656966513489, 'max_features': 0.32535746189115444, 'bootstrap': False, 'max_samples': 0.8580936764298566}. Best is trial 356 with value: 0.8403393004825064.[0m
[32m[I 2022-04-22 00:10:57,800][0m Trial 441 finished with value: 0.828764802019988 and parameters: {'n_estimators': 232, 'min_samples_split': 0.28161527578688406, 'min_samples_leaf': 0.012016153828014986, 'min_weight_fraction_leaf': 0.020042583460461363, 'max_features': 0.4490774883445748, 'bootstrap': False, 'max_samples': 0.8782865122044687}. Best is trial 356 with value: 0.8403393004825064.[0m
[32m[I 2022-04-22 00:11:11,558][0m Trial 442 finished with value: 0.83383819256889 and parameters: {'n_estimators': 100, 'min_samples_split': 0.034657786834191295, 'min_samples_leaf': 0.03983890742165254, 'min_weight_fraction_leaf': 0.013103928888244363, 'max_features': 0.3457598017773338, 'bootstrap': False, 'max_samples': 0.8274019957467809}. Best is trial 356 with value: 0.8403393004825064.[0m
[32m[I 2022-04-22 00:11:50,068][0m Trial 443 finished with value: 0.83386472013836 and parameters: {'n_estimators': 167, 'min_samples_split': 0.05004790555342303, 'min_samples_leaf': 0.024670929134253197, 'min_weight_fraction_leaf': 0.0002794078234530951, 'max_features': 0.4263873212676839, 'bootstrap': False, 'max_samples': 0.901722023868694}. Best is trial 356 with value: 0.8403393004825064.[0m
[32m[I 2022-04-22 00:12:28,875][0m Trial 444 finished with value: 0.8369578674874901 and parameters: {'n_estimators': 209, 'min_samples_split': 0.02712092840330261, 'min_samples_leaf': 0.015024045432518568, 'min_weight_fraction_leaf': 0.030437572386066855, 'max_features': 0.3006009193689737, 'bootstrap': False, 'max_samples': 0.8600531760536083}. Best is trial 356 with value: 0.8403393004825064.[0m
[32m[I 2022-04-22 00:12:44,907][0m Trial 445 finished with value: 0.8212287975426336 and parameters: {'n_estimators': 175, 'min_samples_split': 0.036919475394058376, 'min_samples_leaf': 0.011940139557356198, 'min_weight_fraction_leaf': 0.1415825048567662, 'max_features': 0.3725869493342327, 'bootstrap': False, 'max_samples': 0.8857776315967283}. Best is trial 356 with value: 0.8403393004825064.[0m
[32m[I 2022-04-22 00:13:18,128][0m Trial 446 finished with value: 0.837280827388901 and parameters: {'n_estimators': 196, 'min_samples_split': 0.024470598850010947, 'min_samples_leaf': 0.02568802110992002, 'min_weight_fraction_leaf': 0.011485381818905203, 'max_features': 0.3290155307414285, 'bootstrap': False, 'max_samples': 0.8349117899279044}. Best is trial 356 with value: 0.8403393004825064.[0m
[32m[I 2022-04-22 00:13:35,024][0m Trial 447 finished with value: 0.8356730384231768 and parameters: {'n_estimators': 154, 'min_samples_split': 0.04422762090079993, 'min_samples_leaf': 0.03825306428356163, 'min_weight_fraction_leaf': 0.021651976013387628, 'max_features': 0.2776884840528292, 'bootstrap': False, 'max_samples': 0.8172188576638962}. Best is trial 356 with value: 0.8403393004825064.[0m
[32m[I 2022-04-22 00:13:57,604][0m Trial 448 finished with value: 0.8311634615534755 and parameters: {'n_estimators': 147, 'min_samples_split': 0.35111993592562596, 'min_samples_leaf': 0.011573284217417497, 'min_weight_fraction_leaf': 0.00905067451514903, 'max_features': 0.40152758944911454, 'bootstrap': False, 'max_samples': 0.8516028527738135}. Best is trial 356 with value: 0.8403393004825064.[0m
[32m[I 2022-04-22 00:16:06,413][0m Trial 449 finished with value: 0.8369435367951079 and parameters: {'n_estimators': 652, 'min_samples_split': 0.017851275857833797, 'min_samples_leaf': 0.02356659623270957, 'min_weight_fraction_leaf': 0.008489614785587598, 'max_features': 0.351056989295138, 'bootstrap': False, 'max_samples': 0.8419957219125913}. Best is trial 356 with value: 0.8403393004825064.[0m
[32m[I 2022-04-22 00:16:24,884][0m Trial 450 finished with value: 0.8318770797355295 and parameters: {'n_estimators': 198, 'min_samples_split': 0.031026413978380782, 'min_samples_leaf': 0.052803062749671274, 'min_weight_fraction_leaf': 0.029040877198110063, 'max_features': 0.31007486632367726, 'bootstrap': False, 'max_samples': 0.871775195662506}. Best is trial 356 with value: 0.8403393004825064.[0m
[32m[I 2022-04-22 00:17:05,382][0m Trial 451 finished with value: 0.831591397319114 and parameters: {'n_estimators': 188, 'min_samples_split': 0.05247987534059209, 'min_samples_leaf': 0.032883529160058364, 'min_weight_fraction_leaf': 0.00027825465663416915, 'max_features': 0.4920800103628595, 'bootstrap': False, 'max_samples': 0.4444589771143931}. Best is trial 356 with value: 0.8403393004825064.[0m
[32m[I 2022-04-22 00:21:21,529][0m Trial 452 finished with value: 0.8406595463259192 and parameters: {'n_estimators': 979, 'min_samples_split': 0.019856395832277482, 'min_samples_leaf': 0.011090302991775724, 'min_weight_fraction_leaf': 8.51875400240832e-05, 'max_features': 0.2931010571946727, 'bootstrap': False, 'max_samples': 0.9034145735895678}. Best is trial 452 with value: 0.8406595463259192.[0m
[32m[I 2022-04-22 00:21:39,868][0m Trial 453 finished with value: 0.8396016413564068 and parameters: {'n_estimators': 105, 'min_samples_split': 0.015987830462992687, 'min_samples_leaf': 0.021837567046670864, 'min_weight_fraction_leaf': 0.019684472032323038, 'max_features': 0.26745213331074075, 'bootstrap': False, 'max_samples': 0.8946146798272167}. Best is trial 452 with value: 0.8406595463259192.[0m
[32m[I 2022-04-22 00:23:49,522][0m Trial 454 finished with value: 0.8321474242244552 and parameters: {'n_estimators': 939, 'min_samples_split': 0.020311887916914666, 'min_samples_leaf': 0.009074778823747931, 'min_weight_fraction_leaf': 0.04903999658354872, 'max_features': 0.26050335765648097, 'bootstrap': False, 'max_samples': 0.9056115570232434}. Best is trial 452 with value: 0.8406595463259192.[0m
[32m[I 2022-04-22 00:24:05,912][0m Trial 455 finished with value: 0.8341641135506276 and parameters: {'n_estimators': 109, 'min_samples_split': 0.03546847382966411, 'min_samples_leaf': 0.01887755304872447, 'min_weight_fraction_leaf': 0.040260399615679225, 'max_features': 0.28176405370843766, 'bootstrap': False, 'max_samples': 0.08494776801187065}. Best is trial 452 with value: 0.8406595463259192.[0m
[32m[I 2022-04-22 00:24:30,587][0m Trial 456 finished with value: 0.8401314323875327 and parameters: {'n_estimators': 108, 'min_samples_split': 0.015826877521902025, 'min_samples_leaf': 0.010763348410522271, 'min_weight_fraction_leaf': 0.022170460118325762, 'max_features': 0.2950618769025699, 'bootstrap': False, 'max_samples': 0.9089009971509038}. Best is trial 452 with value: 0.8406595463259192.[0m
[32m[I 2022-04-22 00:27:37,449][0m Trial 457 finished with value: 0.839333501851371 and parameters: {'n_estimators': 964, 'min_samples_split': 0.014899953048504616, 'min_samples_leaf': 0.007521485927931384, 'min_weight_fraction_leaf': 0.019600425093972015, 'max_features': 0.22552571403358673, 'bootstrap': False, 'max_samples': 0.9046034192869108}. Best is trial 452 with value: 0.8406595463259192.[0m
[32m[I 2022-04-22 00:30:04,966][0m Trial 458 finished with value: 0.8354990488150775 and parameters: {'n_estimators': 991, 'min_samples_split': 0.01620137841870348, 'min_samples_leaf': 0.008537612459654448, 'min_weight_fraction_leaf': 0.03804106085322589, 'max_features': 0.23901349637832478, 'bootstrap': False, 'max_samples': 0.8998445781799995}. Best is trial 452 with value: 0.8406595463259192.[0m
[32m[I 2022-04-22 00:33:11,068][0m Trial 459 finished with value: 0.8382167821415404 and parameters: {'n_estimators': 866, 'min_samples_split': 0.0186920919943398, 'min_samples_leaf': 0.010040354374209002, 'min_weight_fraction_leaf': 0.022607718590392633, 'max_features': 0.2618964217844748, 'bootstrap': False, 'max_samples': 0.9161412033529459}. Best is trial 452 with value: 0.8406595463259192.[0m
[32m[I 2022-04-22 00:34:47,139][0m Trial 460 finished with value: 0.8330875417657942 and parameters: {'n_estimators': 873, 'min_samples_split': 0.01905246280723235, 'min_samples_leaf': 0.010782168706168048, 'min_weight_fraction_leaf': 0.04630279039664014, 'max_features': 0.21707977341621557, 'bootstrap': False, 'max_samples': 0.9087468493770928}. Best is trial 452 with value: 0.8406595463259192.[0m
[32m[I 2022-04-22 00:35:00,212][0m Trial 461 finished with value: 0.8312276855511426 and parameters: {'n_estimators': 104, 'min_samples_split': 0.013948992575167646, 'min_samples_leaf': 0.008639015150279579, 'min_weight_fraction_leaf': 0.0574272602353067, 'max_features': 0.2262337070686038, 'bootstrap': False, 'max_samples': 0.9165184923179801}. Best is trial 452 with value: 0.8406595463259192.[0m
[32m[I 2022-04-22 00:36:49,596][0m Trial 462 finished with value: 0.8371897025335813 and parameters: {'n_estimators': 918, 'min_samples_split': 0.026623262931253923, 'min_samples_leaf': 0.01069622246548975, 'min_weight_fraction_leaf': 0.030600228414459456, 'max_features': 0.18533906544391449, 'bootstrap': False, 'max_samples': 0.9064337580504117}. Best is trial 452 with value: 0.8406595463259192.[0m
[32m[I 2022-04-22 00:38:55,192][0m Trial 463 finished with value: 0.8350042324217494 and parameters: {'n_estimators': 968, 'min_samples_split': 0.015063549888002625, 'min_samples_leaf': 0.019231118015346244, 'min_weight_fraction_leaf': 0.034947394440722875, 'max_features': 0.26538121731949005, 'bootstrap': False, 'max_samples': 0.8881305931441358}. Best is trial 452 with value: 0.8406595463259192.[0m
[32m[I 2022-04-22 00:40:31,916][0m Trial 464 finished with value: 0.8368959426082807 and parameters: {'n_estimators': 875, 'min_samples_split': 0.025282628049398126, 'min_samples_leaf': 0.03128462995318328, 'min_weight_fraction_leaf': 0.02281699241664777, 'max_features': 0.2604100958980585, 'bootstrap': False, 'max_samples': 0.8894513118066462}. Best is trial 452 with value: 0.8406595463259192.[0m
[32m[I 2022-04-22 00:40:35,996][0m Trial 465 finished with value: 0.7948857524333692 and parameters: {'n_estimators': 107, 'min_samples_split': 0.012538407750470121, 'min_samples_leaf': 0.07576509057770286, 'min_weight_fraction_leaf': 0.3010483852528893, 'max_features': 0.2812525999789074, 'bootstrap': False, 'max_samples': 0.9172900007978387}. Best is trial 452 with value: 0.8406595463259192.[0m
[32m[I 2022-04-22 00:43:56,447][0m Trial 466 finished with value: 0.8387853778051724 and parameters: {'n_estimators': 947, 'min_samples_split': 0.0323746370342295, 'min_samples_leaf': 0.015682998781890674, 'min_weight_fraction_leaf': 0.017363718705105485, 'max_features': 0.28613451467094303, 'bootstrap': False, 'max_samples': 0.887227559996101}. Best is trial 452 with value: 0.8406595463259192.[0m
[32m[I 2022-04-22 00:44:13,214][0m Trial 467 finished with value: 0.8359803412774699 and parameters: {'n_estimators': 114, 'min_samples_split': 0.03709420293972017, 'min_samples_leaf': 0.011318556222326073, 'min_weight_fraction_leaf': 0.03628766954624465, 'max_features': 0.24417427047307302, 'bootstrap': False, 'max_samples': 0.8874738273072837}. Best is trial 452 with value: 0.8406595463259192.[0m
[32m[I 2022-04-22 00:47:14,480][0m Trial 468 finished with value: 0.8373212692085934 and parameters: {'n_estimators': 932, 'min_samples_split': 0.028970739499868517, 'min_samples_leaf': 0.012337487835209906, 'min_weight_fraction_leaf': 0.02564074123558412, 'max_features': 0.2922370522492862, 'bootstrap': False, 'max_samples': 0.9111356948867092}. Best is trial 452 with value: 0.8406595463259192.[0m
[32m[I 2022-04-22 00:50:47,743][0m Trial 469 finished with value: 0.8394244829128483 and parameters: {'n_estimators': 965, 'min_samples_split': 0.0345439388286424, 'min_samples_leaf': 0.00868286036485289, 'min_weight_fraction_leaf': 0.021191552455885772, 'max_features': 0.2692617695178288, 'bootstrap': False, 'max_samples': 0.8816910793809224}. Best is trial 452 with value: 0.8406595463259192.[0m
[32m[I 2022-04-22 00:50:58,826][0m Trial 470 finished with value: 0.7956869674745197 and parameters: {'n_estimators': 966, 'min_samples_split': 0.04433083533348234, 'min_samples_leaf': 0.30148615188704414, 'min_weight_fraction_leaf': 0.03464597245432344, 'max_features': 0.2525290742384162, 'bootstrap': False, 'max_samples': 0.884724652782787}. Best is trial 452 with value: 0.8406595463259192.[0m
[32m[I 2022-04-22 00:51:20,820][0m Trial 471 finished with value: 0.7669577884618344 and parameters: {'n_estimators': 1000, 'min_samples_split': 0.06433682729397114, 'min_samples_leaf': 0.007684371621452875, 'min_weight_fraction_leaf': 0.4945523548272225, 'max_features': 0.2174379547897074, 'bootstrap': False, 'max_samples': 0.9086122352675917}. Best is trial 452 with value: 0.8406595463259192.[0m
[32m[I 2022-04-22 00:53:52,838][0m Trial 472 finished with value: 0.8327041732306251 and parameters: {'n_estimators': 949, 'min_samples_split': 0.03710469494333869, 'min_samples_leaf': 0.001689181458786805, 'min_weight_fraction_leaf': 0.054082163341895646, 'max_features': 0.2686035168327595, 'bootstrap': False, 'max_samples': 0.8836500538859031}. Best is trial 452 with value: 0.8406595463259192.[0m
