[32m[I 2022-04-21 14:26:51,228][0m Trial 845 finished with value: 0.6944227382554584 and parameters: {'n_estimators': 920, 'min_samples_split': 0.010155728640485397, 'min_samples_leaf': 0.03601014805814145, 'min_weight_fraction_leaf': 0.07196525275612585, 'max_features': 0.49558777352164307, 'bootstrap': True, 'max_samples': 0.4677832003821862, 'oob_score': False}. Best is trial 530 with value: 0.696197846611031.[0m
[32m[I 2022-04-21 14:26:59,615][0m Trial 846 finished with value: 0.687998705392108 and parameters: {'n_estimators': 920, 'min_samples_split': 0.00902456908129191, 'min_samples_leaf': 0.011977590644495719, 'min_weight_fraction_leaf': 0.06353618100815246, 'max_features': 0.5070706758125756, 'bootstrap': True, 'max_samples': 0.19677113331067647, 'oob_score': False}. Best is trial 530 with value: 0.696197846611031.[0m
[32m[I 2022-04-21 14:27:08,503][0m Trial 847 finished with value: 0.693408580907876 and parameters: {'n_estimators': 897, 'min_samples_split': 0.01717716518483897, 'min_samples_leaf': 0.026854916797530576, 'min_weight_fraction_leaf': 0.08176973834403099, 'max_features': 0.48402347983991745, 'bootstrap': True, 'max_samples': 0.45733005466017795, 'oob_score': False}. Best is trial 530 with value: 0.696197846611031.[0m
[32m[I 2022-04-21 14:27:17,389][0m Trial 848 finished with value: 0.6937114525923153 and parameters: {'n_estimators': 868, 'min_samples_split': 0.0014243251752254875, 'min_samples_leaf': 0.04513055200688308, 'min_weight_fraction_leaf': 0.06458056664263963, 'max_features': 0.511993015174858, 'bootstrap': True, 'max_samples': 0.48648469379023207, 'oob_score': False}. Best is trial 530 with value: 0.696197846611031.[0m
[32m[I 2022-04-21 14:27:26,360][0m Trial 849 finished with value: 0.6940634742788638 and parameters: {'n_estimators': 934, 'min_samples_split': 0.010078623753934562, 'min_samples_leaf': 0.011997562244341743, 'min_weight_fraction_leaf': 0.07543776323667177, 'max_features': 0.4815890061966315, 'bootstrap': True, 'max_samples': 0.4440288421273553, 'oob_score': False}. Best is trial 530 with value: 0.696197846611031.[0m
[32m[I 2022-04-21 14:27:35,963][0m Trial 850 finished with value: 0.6881846187785379 and parameters: {'n_estimators': 868, 'min_samples_split': 0.020305437901871566, 'min_samples_leaf': 0.02538481815478876, 'min_weight_fraction_leaf': 0.0911687370004931, 'max_features': 0.49793597369949577, 'bootstrap': True, 'max_samples': 0.47416525849596564, 'oob_score': False}. Best is trial 530 with value: 0.696197846611031.[0m
[32m[I 2022-04-21 14:27:44,362][0m Trial 851 finished with value: 0.6933521886157207 and parameters: {'n_estimators': 910, 'min_samples_split': 0.016275200980648007, 'min_samples_leaf': 0.01640058552022954, 'min_weight_fraction_leaf': 0.058387161855428416, 'max_features': 0.5216052005010359, 'bootstrap': True, 'max_samples': 0.42373107418788647, 'oob_score': False}. Best is trial 530 with value: 0.696197846611031.[0m
[32m[I 2022-04-21 14:27:51,513][0m Trial 852 finished with value: 0.6940634742788638 and parameters: {'n_estimators': 836, 'min_samples_split': 0.009257993698531712, 'min_samples_leaf': 0.001092560556186493, 'min_weight_fraction_leaf': 0.07499479385825879, 'max_features': 0.4820032128079302, 'bootstrap': True, 'max_samples': 0.4577097746393426, 'oob_score': False}. Best is trial 530 with value: 0.696197846611031.[0m
[32m[I 2022-04-21 14:27:58,269][0m Trial 853 finished with value: 0.5 and parameters: {'n_estimators': 888, 'min_samples_split': 0.027385832707904997, 'min_samples_leaf': 0.2271991743537985, 'min_weight_fraction_leaf': 0.0664098014848029, 'max_features': 0.505626093495564, 'bootstrap': True, 'max_samples': 0.4072585546443667, 'oob_score': False}. Best is trial 530 with value: 0.696197846611031.[0m
[32m[I 2022-04-21 14:28:06,458][0m Trial 854 finished with value: 0.6795621653233065 and parameters: {'n_estimators': 947, 'min_samples_split': 0.02030366431628904, 'min_samples_leaf': 0.13726079116937845, 'min_weight_fraction_leaf': 0.08426747185790645, 'max_features': 0.7436068120367418, 'bootstrap': True, 'max_samples': 0.43798034892153137, 'oob_score': False}. Best is trial 530 with value: 0.696197846611031.[0m
[32m[I 2022-04-21 14:28:14,566][0m Trial 855 finished with value: 0.6879342236885846 and parameters: {'n_estimators': 848, 'min_samples_split': 0.009343644300728201, 'min_samples_leaf': 0.0363867090979402, 'min_weight_fraction_leaf': 0.05552531447587127, 'max_features': 0.5318143768316164, 'bootstrap': True, 'max_samples': 0.4959629907479633, 'oob_score': False}. Best is trial 530 with value: 0.696197846611031.[0m
[32m[I 2022-04-21 14:28:22,216][0m Trial 856 finished with value: 0.6837302832841208 and parameters: {'n_estimators': 811, 'min_samples_split': 0.0010729185224339559, 'min_samples_leaf': 0.02603828145901594, 'min_weight_fraction_leaf': 0.09788545911673846, 'max_features': 0.4727717437852566, 'bootstrap': True, 'max_samples': 0.4540694609573572, 'oob_score': False}. Best is trial 530 with value: 0.696197846611031.[0m
[32m[I 2022-04-21 14:28:30,484][0m Trial 857 finished with value: 0.6810598703278303 and parameters: {'n_estimators': 903, 'min_samples_split': 0.03460391180108208, 'min_samples_leaf': 0.010037983099514577, 'min_weight_fraction_leaf': 0.06684667375307551, 'max_features': 0.5034618378121486, 'bootstrap': False, 'max_samples': 0.40321563324919363}. Best is trial 530 with value: 0.696197846611031.[0m
[32m[I 2022-04-21 14:28:37,816][0m Trial 858 finished with value: 0.6913126298702662 and parameters: {'n_estimators': 860, 'min_samples_split': 0.0010285005129269705, 'min_samples_leaf': 0.052751082189396295, 'min_weight_fraction_leaf': 0.07718929227652307, 'max_features': 0.4875893955031397, 'bootstrap': True, 'max_samples': 0.4259419755253739, 'oob_score': False}. Best is trial 530 with value: 0.696197846611031.[0m
[32m[I 2022-04-21 14:28:46,580][0m Trial 859 finished with value: 0.6903302438797828 and parameters: {'n_estimators': 898, 'min_samples_split': 0.02709278150101225, 'min_samples_leaf': 0.018315769379304167, 'min_weight_fraction_leaf': 0.05179580022918788, 'max_features': 0.5419750582157113, 'bootstrap': True, 'max_samples': 0.4772023526948732, 'oob_score': False}. Best is trial 530 with value: 0.696197846611031.[0m
[32m[I 2022-04-21 14:28:55,742][0m Trial 860 finished with value: 0.6944015267280579 and parameters: {'n_estimators': 946, 'min_samples_split': 0.01841139827186148, 'min_samples_leaf': 0.03491925455242754, 'min_weight_fraction_leaf': 0.06441733819853206, 'max_features': 0.5226939014167875, 'bootstrap': True, 'max_samples': 0.44233628553439674, 'oob_score': False}. Best is trial 530 with value: 0.696197846611031.[0m
[32m[I 2022-04-21 14:29:02,110][0m Trial 861 finished with value: 0.683152920945476 and parameters: {'n_estimators': 819, 'min_samples_split': 0.04277467727648343, 'min_samples_leaf': 0.010817488497539501, 'min_weight_fraction_leaf': 0.12284888578302908, 'max_features': 0.46234271587408926, 'bootstrap': True, 'max_samples': 0.42272744793362044, 'oob_score': False}. Best is trial 530 with value: 0.696197846611031.[0m
[32m[I 2022-04-21 14:29:08,635][0m Trial 862 finished with value: 0.5 and parameters: {'n_estimators': 854, 'min_samples_split': 0.0011469796325319428, 'min_samples_leaf': 0.32899261917728484, 'min_weight_fraction_leaf': 0.08540613698165259, 'max_features': 0.4809362516147572, 'bootstrap': True, 'max_samples': 0.4590816432509103, 'oob_score': False}. Best is trial 530 with value: 0.696197846611031.[0m
[32m[I 2022-04-21 14:29:17,743][0m Trial 863 finished with value: 0.6875242852678645 and parameters: {'n_estimators': 922, 'min_samples_split': 0.011734574705448357, 'min_samples_leaf': 0.04283934674101146, 'min_weight_fraction_leaf': 0.07401159784575437, 'max_features': 0.8541734236980245, 'bootstrap': True, 'max_samples': 0.3937140320981748, 'oob_score': False}. Best is trial 530 with value: 0.696197846611031.[0m
[32m[I 2022-04-21 14:29:24,612][0m Trial 864 finished with value: 0.6861816386163329 and parameters: {'n_estimators': 800, 'min_samples_split': 0.0274370501408967, 'min_samples_leaf': 0.02678062271488639, 'min_weight_fraction_leaf': 0.055049913811569026, 'max_features': 0.39004295515118137, 'bootstrap': True, 'max_samples': 0.43829285423526015, 'oob_score': False}. Best is trial 530 with value: 0.696197846611031.[0m
[32m[I 2022-04-21 14:29:32,297][0m Trial 865 finished with value: 0.6875120143814121 and parameters: {'n_estimators': 877, 'min_samples_split': 0.017099406855050518, 'min_samples_leaf': 0.0197459638685457, 'min_weight_fraction_leaf': 0.10762116303004915, 'max_features': 0.5132091815132587, 'bootstrap': True, 'max_samples': 0.4121482122021737, 'oob_score': False}. Best is trial 530 with value: 0.696197846611031.[0m
[32m[I 2022-04-21 14:29:40,187][0m Trial 866 finished with value: 0.6907810842755864 and parameters: {'n_estimators': 821, 'min_samples_split': 0.03585188904676075, 'min_samples_leaf': 0.06303631905219621, 'min_weight_fraction_leaf': 0.06370187313858745, 'max_features': 0.5504379774609555, 'bootstrap': True, 'max_samples': 0.4688391632575996, 'oob_score': False}. Best is trial 530 with value: 0.696197846611031.[0m
[32m[I 2022-04-21 14:29:50,135][0m Trial 867 finished with value: 0.6881846187785379 and parameters: {'n_estimators': 934, 'min_samples_split': 0.06009454739866785, 'min_samples_leaf': 0.032137165301298856, 'min_weight_fraction_leaf': 0.08758355801664677, 'max_features': 0.4578035857507135, 'bootstrap': True, 'max_samples': 0.44646868344246615, 'oob_score': False}. Best is trial 530 with value: 0.696197846611031.[0m
[32m[I 2022-04-21 14:29:58,595][0m Trial 868 finished with value: 0.6944227382554584 and parameters: {'n_estimators': 858, 'min_samples_split': 0.00989362100781909, 'min_samples_leaf': 0.010476329986522348, 'min_weight_fraction_leaf': 0.07358250059973753, 'max_features': 0.494375978764613, 'bootstrap': True, 'max_samples': 0.4893369427994449, 'oob_score': False}. Best is trial 530 with value: 0.696197846611031.[0m
[32m[I 2022-04-21 14:30:06,704][0m Trial 869 finished with value: 0.6933291621262283 and parameters: {'n_estimators': 798, 'min_samples_split': 0.022967898702355504, 'min_samples_leaf': 0.020954259024172254, 'min_weight_fraction_leaf': 0.05119586514043695, 'max_features': 0.5337295341040108, 'bootstrap': True, 'max_samples': 0.418427746366662, 'oob_score': False}. Best is trial 530 with value: 0.696197846611031.[0m
[32m[I 2022-04-21 14:30:15,205][0m Trial 870 finished with value: 0.6940634742788638 and parameters: {'n_estimators': 904, 'min_samples_split': 0.010689691924221003, 'min_samples_leaf': 0.0012928232156129344, 'min_weight_fraction_leaf': 0.06109924095367995, 'max_features': 0.518225869242113, 'bootstrap': True, 'max_samples': 0.39506385437314545, 'oob_score': False}. Best is trial 530 with value: 0.696197846611031.[0m
[32m[I 2022-04-21 14:30:18,012][0m Trial 871 finished with value: 0.6864432748518845 and parameters: {'n_estimators': 253, 'min_samples_split': 0.04723008812162916, 'min_samples_leaf': 0.0442049268689918, 'min_weight_fraction_leaf': 0.04659283295824643, 'max_features': 0.3219526313203721, 'bootstrap': True, 'max_samples': 0.46467483704518564, 'oob_score': False}. Best is trial 530 with value: 0.696197846611031.[0m
[32m[I 2022-04-21 14:30:25,415][0m Trial 872 finished with value: 0.6955005301852422 and parameters: {'n_estimators': 873, 'min_samples_split': 0.03137177209188469, 'min_samples_leaf': 0.010679255514960241, 'min_weight_fraction_leaf': 0.07601326390227252, 'max_features': 0.47667770144703875, 'bootstrap': True, 'max_samples': 0.4335909958129291, 'oob_score': False}. Best is trial 530 with value: 0.696197846611031.[0m
[32m[I 2022-04-21 14:30:33,227][0m Trial 873 finished with value: 0.6867287821764385 and parameters: {'n_estimators': 947, 'min_samples_split': 0.01879589817861621, 'min_samples_leaf': 0.008833681045844251, 'min_weight_fraction_leaf': 0.0926958312579575, 'max_features': 0.4541836617675052, 'bootstrap': True, 'max_samples': 0.4444898937425144, 'oob_score': False}. Best is trial 530 with value: 0.696197846611031.[0m
[32m[I 2022-04-21 14:30:40,942][0m Trial 874 finished with value: 0.6642342669617929 and parameters: {'n_estimators': 885, 'min_samples_split': 0.43849597515288363, 'min_samples_leaf': 0.01047008627028467, 'min_weight_fraction_leaf': 0.09765947428202977, 'max_features': 0.47717720453136303, 'bootstrap': True, 'max_samples': 0.5105532839488716, 'oob_score': False}. Best is trial 530 with value: 0.696197846611031.[0m
[32m[I 2022-04-21 14:30:49,779][0m Trial 875 finished with value: 0.693408580907876 and parameters: {'n_estimators': 934, 'min_samples_split': 0.04017624827034395, 'min_samples_leaf': 0.01600139744844374, 'min_weight_fraction_leaf': 0.07825180749232574, 'max_features': 0.43015208860520837, 'bootstrap': True, 'max_samples': 0.4815299751219947, 'oob_score': False}. Best is trial 530 with value: 0.696197846611031.[0m
[32m[I 2022-04-21 14:30:57,376][0m Trial 876 finished with value: 0.6881846187785379 and parameters: {'n_estimators': 878, 'min_samples_split': 0.010199724256731086, 'min_samples_leaf': 0.009232310114250403, 'min_weight_fraction_leaf': 0.08514059790090897, 'max_features': 0.46186415137881726, 'bootstrap': True, 'max_samples': 0.42590358801238387, 'oob_score': False}. Best is trial 530 with value: 0.696197846611031.[0m
[32m[I 2022-04-21 14:31:05,019][0m Trial 877 finished with value: 0.6837472988064728 and parameters: {'n_estimators': 852, 'min_samples_split': 0.0012809765688881448, 'min_samples_leaf': 0.0011414304019923757, 'min_weight_fraction_leaf': 0.16990381087721734, 'max_features': 0.474695056743812, 'bootstrap': True, 'max_samples': 0.4545197326003746, 'oob_score': False}. Best is trial 530 with value: 0.696197846611031.[0m
[32m[I 2022-04-21 14:31:12,761][0m Trial 878 finished with value: 0.6803565883343746 and parameters: {'n_estimators': 953, 'min_samples_split': 0.0269003868556817, 'min_samples_leaf': 0.016372887687327677, 'min_weight_fraction_leaf': 0.08017223778802618, 'max_features': 0.44545612096554965, 'bootstrap': False, 'max_samples': 0.37198715230904006}. Best is trial 530 with value: 0.696197846611031.[0m
[32m[I 2022-04-21 14:31:20,899][0m Trial 879 finished with value: 0.6915912349715684 and parameters: {'n_estimators': 906, 'min_samples_split': 0.0010394899199201914, 'min_samples_leaf': 0.02351548475334748, 'min_weight_fraction_leaf': 0.07218628459598525, 'max_features': 0.35074223476987626, 'bootstrap': True, 'max_samples': 0.40832270043840213, 'oob_score': False}. Best is trial 530 with value: 0.696197846611031.[0m
[32m[I 2022-04-21 14:31:29,133][0m Trial 880 finished with value: 0.689224287609423 and parameters: {'n_estimators': 843, 'min_samples_split': 0.01608037447909879, 'min_samples_leaf': 0.009636304433107173, 'min_weight_fraction_leaf': 0.10634306290658051, 'max_features': 0.4928648557929134, 'bootstrap': True, 'max_samples': 0.4328674237151117, 'oob_score': False}. Best is trial 530 with value: 0.696197846611031.[0m
[32m[I 2022-04-21 14:31:37,897][0m Trial 881 finished with value: 0.687522494724903 and parameters: {'n_estimators': 902, 'min_samples_split': 0.03216406115614286, 'min_samples_leaf': 0.020034231525006475, 'min_weight_fraction_leaf': 0.09194460588864568, 'max_features': 0.4231990836226222, 'bootstrap': True, 'max_samples': 0.4657701583782018, 'oob_score': False}. Best is trial 530 with value: 0.696197846611031.[0m
[32m[I 2022-04-21 14:31:47,190][0m Trial 882 finished with value: 0.6880472717479638 and parameters: {'n_estimators': 787, 'min_samples_split': 0.021278255613414898, 'min_samples_leaf': 0.0012096353472333676, 'min_weight_fraction_leaf': 0.07135657564212748, 'max_features': 0.4683221156463939, 'bootstrap': True, 'max_samples': 0.7862270428238314, 'oob_score': False}. Best is trial 530 with value: 0.696197846611031.[0m
[32m[I 2022-04-21 14:31:49,272][0m Trial 883 finished with value: 0.6883561259598336 and parameters: {'n_estimators': 108, 'min_samples_split': 0.011188653768056136, 'min_samples_leaf': 0.0010911801253053917, 'min_weight_fraction_leaf': 0.07932272817848833, 'max_features': 0.5514376867825451, 'bootstrap': True, 'max_samples': 0.4386440115918947, 'oob_score': False}. Best is trial 530 with value: 0.696197846611031.[0m
[32m[I 2022-04-21 14:31:57,630][0m Trial 884 finished with value: 0.6934013502252289 and parameters: {'n_estimators': 958, 'min_samples_split': 0.033710431302186275, 'min_samples_leaf': 0.02838770062849794, 'min_weight_fraction_leaf': 0.06637471137541963, 'max_features': 0.5067175892704425, 'bootstrap': True, 'max_samples': 0.39846981086216915, 'oob_score': False}. Best is trial 530 with value: 0.696197846611031.[0m
[32m[I 2022-04-21 14:32:06,361][0m Trial 885 finished with value: 0.6928086516566199 and parameters: {'n_estimators': 868, 'min_samples_split': 0.019431443600104018, 'min_samples_leaf': 0.01700695247762883, 'min_weight_fraction_leaf': 0.08784217618307333, 'max_features': 0.5268792618708056, 'bootstrap': True, 'max_samples': 0.48954964607715434, 'oob_score': False}. Best is trial 530 with value: 0.696197846611031.[0m
[32m[I 2022-04-21 14:32:14,270][0m Trial 886 finished with value: 0.6944227382554584 and parameters: {'n_estimators': 842, 'min_samples_split': 0.04950383834397633, 'min_samples_leaf': 0.025105644746324478, 'min_weight_fraction_leaf': 0.07283901104205633, 'max_features': 0.4470901911851754, 'bootstrap': True, 'max_samples': 0.4539228694935008, 'oob_score': False}. Best is trial 530 with value: 0.696197846611031.[0m
[32m[I 2022-04-21 14:32:23,654][0m Trial 887 finished with value: 0.693429552175006 and parameters: {'n_estimators': 911, 'min_samples_split': 0.00987608453540809, 'min_samples_leaf': 0.012181609076210171, 'min_weight_fraction_leaf': 0.06418797528791303, 'max_features': 0.4880070982668164, 'bootstrap': True, 'max_samples': 0.41886320120561865, 'oob_score': False}. Best is trial 530 with value: 0.696197846611031.[0m
[32m[I 2022-04-21 14:32:33,101][0m Trial 888 finished with value: 0.6913338149265822 and parameters: {'n_estimators': 995, 'min_samples_split': 0.024716274432104966, 'min_samples_leaf': 0.027762949566213356, 'min_weight_fraction_leaf': 0.08581418728320747, 'max_features': 0.40849216781894004, 'bootstrap': True, 'max_samples': 0.46819941673423543, 'oob_score': False}. Best is trial 530 with value: 0.696197846611031.[0m
[32m[I 2022-04-21 14:32:40,188][0m Trial 889 finished with value: 0.6858540114507956 and parameters: {'n_estimators': 783, 'min_samples_split': 0.03865627369872312, 'min_samples_leaf': 0.001054582155782989, 'min_weight_fraction_leaf': 0.10234431630728602, 'max_features': 0.5106310313609757, 'bootstrap': True, 'max_samples': 0.3791585005248597, 'oob_score': False}. Best is trial 530 with value: 0.696197846611031.[0m
[32m[I 2022-04-21 14:32:48,234][0m Trial 890 finished with value: 0.6874009113119798 and parameters: {'n_estimators': 880, 'min_samples_split': 0.0012438692956516072, 'min_samples_leaf': 0.016268932635880244, 'min_weight_fraction_leaf': 0.07853483116881325, 'max_features': 0.7962830511714851, 'bootstrap': True, 'max_samples': 0.4325122990185845, 'oob_score': False}. Best is trial 530 with value: 0.696197846611031.[0m
[32m[I 2022-04-21 14:32:55,267][0m Trial 891 finished with value: 0.6637865011237818 and parameters: {'n_estimators': 844, 'min_samples_split': 0.016054857615138717, 'min_samples_leaf': 0.03188678981513446, 'min_weight_fraction_leaf': 0.18739009596211376, 'max_features': 0.47390796443770966, 'bootstrap': True, 'max_samples': 0.410552635673319, 'oob_score': False}. Best is trial 530 with value: 0.696197846611031.[0m
[32m[I 2022-04-21 14:33:02,147][0m Trial 892 finished with value: 0.6815367884657785 and parameters: {'n_estimators': 819, 'min_samples_split': 0.02680988820495199, 'min_samples_leaf': 0.012261212052866578, 'min_weight_fraction_leaf': 0.14587307200995964, 'max_features': 0.4558372612478509, 'bootstrap': True, 'max_samples': 0.4463288198860962, 'oob_score': False}. Best is trial 530 with value: 0.696197846611031.[0m
[32m[I 2022-04-21 14:33:09,817][0m Trial 893 finished with value: 0.5 and parameters: {'n_estimators': 942, 'min_samples_split': 0.01062401454480505, 'min_samples_leaf': 0.3922308554152216, 'min_weight_fraction_leaf': 0.06208287613858363, 'max_features': 0.5517753631874406, 'bootstrap': True, 'max_samples': 0.4766052390944461, 'oob_score': False}. Best is trial 530 with value: 0.696197846611031.[0m
[32m[I 2022-04-21 14:33:17,075][0m Trial 894 finished with value: 0.6919954844570728 and parameters: {'n_estimators': 801, 'min_samples_split': 0.0010333509127269155, 'min_samples_leaf': 0.02012195426011214, 'min_weight_fraction_leaf': 0.07264958175481409, 'max_features': 0.49743582624270793, 'bootstrap': True, 'max_samples': 0.3976067978525462, 'oob_score': False}. Best is trial 530 with value: 0.696197846611031.[0m
[32m[I 2022-04-21 14:33:24,382][0m Trial 895 finished with value: 0.685228740351574 and parameters: {'n_estimators': 758, 'min_samples_split': 0.01698288451062189, 'min_samples_leaf': 0.011156231284576375, 'min_weight_fraction_leaf': 0.059359108569439954, 'max_features': 0.533644129958685, 'bootstrap': False, 'max_samples': 0.5057013069354974}. Best is trial 530 with value: 0.696197846611031.[0m
[32m[I 2022-04-21 14:33:32,600][0m Trial 896 finished with value: 0.6881846187785379 and parameters: {'n_estimators': 887, 'min_samples_split': 0.031699711586428224, 'min_samples_leaf': 0.031369783105254234, 'min_weight_fraction_leaf': 0.08422209200906486, 'max_features': 0.4838711931118474, 'bootstrap': True, 'max_samples': 0.45167186857475433, 'oob_score': False}. Best is trial 530 with value: 0.696197846611031.[0m
