[32m[I 2022-04-21 13:39:10,622][0m Trial 481 finished with value: 0.6916050303422558 and parameters: {'n_estimators': 657, 'min_samples_split': 0.02436038128204168, 'min_samples_leaf': 0.02614098708067221, 'min_weight_fraction_leaf': 0.0499027817036862, 'max_features': 0.5791099387550057, 'bootstrap': True, 'max_samples': 0.32547017008789597, 'oob_score': True}. Best is trial 322 with value: 0.694845396553984.[0m
[32m[I 2022-04-21 13:39:20,190][0m Trial 482 finished with value: 0.6912057741425397 and parameters: {'n_estimators': 721, 'min_samples_split': 0.04447446357591313, 'min_samples_leaf': 0.017133778246420532, 'min_weight_fraction_leaf': 0.06209697539903514, 'max_features': 0.5530186510180881, 'bootstrap': True, 'max_samples': 0.29883482712055537, 'oob_score': True}. Best is trial 322 with value: 0.694845396553984.[0m
[32m[I 2022-04-21 13:39:27,838][0m Trial 483 finished with value: 0.6795621653233065 and parameters: {'n_estimators': 567, 'min_samples_split': 0.0013085332941025, 'min_samples_leaf': 0.09810803396375067, 'min_weight_fraction_leaf': 0.041616877076293454, 'max_features': 0.5736103497357173, 'bootstrap': True, 'max_samples': 0.32556619605096254, 'oob_score': True}. Best is trial 322 with value: 0.694845396553984.[0m
[32m[I 2022-04-21 13:39:36,702][0m Trial 484 finished with value: 0.6932887942937896 and parameters: {'n_estimators': 687, 'min_samples_split': 0.01415320760984129, 'min_samples_leaf': 0.031584318858026345, 'min_weight_fraction_leaf': 0.02187304615839985, 'max_features': 0.5330565185732773, 'bootstrap': True, 'max_samples': 0.3352098930531934, 'oob_score': True}. Best is trial 322 with value: 0.694845396553984.[0m
[32m[I 2022-04-21 13:39:49,043][0m Trial 485 finished with value: 0.6877996948127028 and parameters: {'n_estimators': 753, 'min_samples_split': 0.03635882461835227, 'min_samples_leaf': 0.012165493500874754, 'min_weight_fraction_leaf': 0.05423080509339196, 'max_features': 0.601707953305977, 'bootstrap': True, 'max_samples': 0.4078178507480872, 'oob_score': True}. Best is trial 322 with value: 0.694845396553984.[0m
[32m[I 2022-04-21 13:39:59,277][0m Trial 486 finished with value: 0.6933147247410025 and parameters: {'n_estimators': 624, 'min_samples_split': 0.00993033727865716, 'min_samples_leaf': 0.02189614488835345, 'min_weight_fraction_leaf': 0.03200347274623888, 'max_features': 0.5572498363754517, 'bootstrap': True, 'max_samples': 0.25119103227600925, 'oob_score': True}. Best is trial 322 with value: 0.694845396553984.[0m
[32m[I 2022-04-21 13:40:05,418][0m Trial 487 finished with value: 0.6858438848373958 and parameters: {'n_estimators': 583, 'min_samples_split': 0.0267780403836688, 'min_samples_leaf': 0.03164863980628684, 'min_weight_fraction_leaf': 0.04856931004368079, 'max_features': 0.5862776345097358, 'bootstrap': False, 'max_samples': 0.3060335955399926}. Best is trial 322 with value: 0.694845396553984.[0m
[32m[I 2022-04-21 13:40:14,288][0m Trial 488 finished with value: 0.5 and parameters: {'n_estimators': 716, 'min_samples_split': 0.03496650245213162, 'min_samples_leaf': 0.008380019842001646, 'min_weight_fraction_leaf': 0.21152813661832828, 'max_features': 0.1716974298280377, 'bootstrap': True, 'max_samples': 0.37280689734229255, 'oob_score': True}. Best is trial 322 with value: 0.694845396553984.[0m
[32m[I 2022-04-21 13:40:23,221][0m Trial 489 finished with value: 0.6858497079204634 and parameters: {'n_estimators': 510, 'min_samples_split': 0.04936586666849466, 'min_samples_leaf': 0.016937843207935493, 'min_weight_fraction_leaf': 0.008799379879835076, 'max_features': 0.6161558632443002, 'bootstrap': True, 'max_samples': 0.4199758613608708, 'oob_score': True}. Best is trial 322 with value: 0.694845396553984.[0m
[32m[I 2022-04-21 13:40:36,219][0m Trial 490 finished with value: 0.6873292864720772 and parameters: {'n_estimators': 921, 'min_samples_split': 0.029540545616990682, 'min_samples_leaf': 0.008272273389739591, 'min_weight_fraction_leaf': 0.023993865610041114, 'max_features': 0.5231606984708533, 'bootstrap': True, 'max_samples': 0.3462295441653323, 'oob_score': True}. Best is trial 322 with value: 0.694845396553984.[0m
[32m[I 2022-04-21 13:40:46,416][0m Trial 491 finished with value: 0.6897429977167706 and parameters: {'n_estimators': 779, 'min_samples_split': 0.04226493783169819, 'min_samples_leaf': 0.020315019450648765, 'min_weight_fraction_leaf': 0.06274873511562551, 'max_features': 0.6355971804832843, 'bootstrap': True, 'max_samples': 0.3508498833267813, 'oob_score': True}. Best is trial 322 with value: 0.694845396553984.[0m
[32m[I 2022-04-21 13:40:55,294][0m Trial 492 finished with value: 0.6923238101631145 and parameters: {'n_estimators': 638, 'min_samples_split': 0.019413277409432887, 'min_samples_leaf': 0.029385328556007277, 'min_weight_fraction_leaf': 0.00039737404132516967, 'max_features': 0.5576412411731214, 'bootstrap': True, 'max_samples': 0.3128764634969814, 'oob_score': True}. Best is trial 322 with value: 0.694845396553984.[0m
[32m[I 2022-04-21 13:41:03,629][0m Trial 493 finished with value: 0.6959164499290605 and parameters: {'n_estimators': 542, 'min_samples_split': 0.009119535304911115, 'min_samples_leaf': 0.0017443191682474666, 'min_weight_fraction_leaf': 0.034675115054574955, 'max_features': 0.5426321760270927, 'bootstrap': True, 'max_samples': 0.2718917889400622, 'oob_score': True}. Best is trial 493 with value: 0.6959164499290605.[0m
[32m[I 2022-04-21 13:41:11,959][0m Trial 494 finished with value: 0.6833218446205208 and parameters: {'n_estimators': 541, 'min_samples_split': 0.025070166014293342, 'min_samples_leaf': 0.003961893209637732, 'min_weight_fraction_leaf': 0.01865028909285422, 'max_features': 0.49908552744976187, 'bootstrap': True, 'max_samples': 0.39000808829029626, 'oob_score': True}. Best is trial 493 with value: 0.6959164499290605.[0m
[32m[I 2022-04-21 13:41:19,818][0m Trial 495 finished with value: 0.6930138842988571 and parameters: {'n_estimators': 529, 'min_samples_split': 0.016229060174561688, 'min_samples_leaf': 0.00128494567468181, 'min_weight_fraction_leaf': 0.041010494742789096, 'max_features': 0.5318669310718382, 'bootstrap': True, 'max_samples': 0.29871149143355935, 'oob_score': True}. Best is trial 493 with value: 0.6959164499290605.[0m
[32m[I 2022-04-21 13:41:26,956][0m Trial 496 finished with value: 0.6923919068192892 and parameters: {'n_estimators': 495, 'min_samples_split': 0.0017192595579181534, 'min_samples_leaf': 0.0017710330261149665, 'min_weight_fraction_leaf': 0.029265652646308128, 'max_features': 0.5744695934368327, 'bootstrap': True, 'max_samples': 0.32710667293196605, 'oob_score': True}. Best is trial 493 with value: 0.6959164499290605.[0m
[32m[I 2022-04-21 13:41:34,611][0m Trial 497 finished with value: 0.6917677330864588 and parameters: {'n_estimators': 539, 'min_samples_split': 0.01904560519588031, 'min_samples_leaf': 0.019436274220500812, 'min_weight_fraction_leaf': 0.048663783703771044, 'max_features': 0.5182963483938031, 'bootstrap': True, 'max_samples': 0.28864135255595247, 'oob_score': True}. Best is trial 493 with value: 0.6959164499290605.[0m
[32m[I 2022-04-21 13:41:39,871][0m Trial 498 finished with value: 0.5 and parameters: {'n_estimators': 586, 'min_samples_split': 0.013457963555394173, 'min_samples_leaf': 0.4402349142813796, 'min_weight_fraction_leaf': 0.03454492345250051, 'max_features': 0.5432216494455901, 'bootstrap': True, 'max_samples': 0.45258835281106957, 'oob_score': False}. Best is trial 493 with value: 0.6959164499290605.[0m
[32m[I 2022-04-21 13:41:47,874][0m Trial 499 finished with value: 0.6937606142018236 and parameters: {'n_estimators': 509, 'min_samples_split': 0.03572005232180407, 'min_samples_leaf': 0.001355656031045326, 'min_weight_fraction_leaf': 0.06062628527113678, 'max_features': 0.59795815728897, 'bootstrap': True, 'max_samples': 0.37261256192439446, 'oob_score': True}. Best is trial 493 with value: 0.6959164499290605.[0m
[32m[I 2022-04-21 13:41:55,929][0m Trial 500 finished with value: 0.6868438593818889 and parameters: {'n_estimators': 509, 'min_samples_split': 0.06450587344268771, 'min_samples_leaf': 0.011068119818161564, 'min_weight_fraction_leaf': 0.01629360065974204, 'max_features': 0.5710185875190857, 'bootstrap': True, 'max_samples': 0.421124096535799, 'oob_score': True}. Best is trial 493 with value: 0.6959164499290605.[0m
[32m[I 2022-04-21 13:42:06,435][0m Trial 501 finished with value: 0.6829766729596622 and parameters: {'n_estimators': 551, 'min_samples_split': 0.03027661730255588, 'min_samples_leaf': 0.008183586974416727, 'min_weight_fraction_leaf': 0.009611420667750177, 'max_features': 0.5942198281262784, 'bootstrap': True, 'max_samples': 0.3700767674780273, 'oob_score': True}. Best is trial 493 with value: 0.6959164499290605.[0m
[32m[I 2022-04-21 13:42:12,506][0m Trial 502 finished with value: 0.5 and parameters: {'n_estimators': 500, 'min_samples_split': 0.05623619579134298, 'min_samples_leaf': 0.0030110789970889634, 'min_weight_fraction_leaf': 0.38973581899897797, 'max_features': 0.6187109475028636, 'bootstrap': True, 'max_samples': 0.377942725351739, 'oob_score': True}. Best is trial 493 with value: 0.6959164499290605.[0m
[32m[I 2022-04-21 13:42:19,370][0m Trial 503 finished with value: 0.692739226171594 and parameters: {'n_estimators': 530, 'min_samples_split': 0.032286758792888545, 'min_samples_leaf': 0.018242646187180633, 'min_weight_fraction_leaf': 0.06236496399574993, 'max_features': 0.5465282188218716, 'bootstrap': True, 'max_samples': 0.41395135954433504, 'oob_score': True}. Best is trial 493 with value: 0.6959164499290605.[0m
[32m[I 2022-04-21 13:42:28,411][0m Trial 504 finished with value: 0.6930610212953008 and parameters: {'n_estimators': 565, 'min_samples_split': 0.046021991241608565, 'min_samples_leaf': 0.010471319103445374, 'min_weight_fraction_leaf': 0.0390383861746295, 'max_features': 0.500048106186136, 'bootstrap': True, 'max_samples': 0.3878791640150165, 'oob_score': True}. Best is trial 493 with value: 0.6959164499290605.[0m
[32m[I 2022-04-21 13:42:37,923][0m Trial 505 finished with value: 0.6870364723021483 and parameters: {'n_estimators': 489, 'min_samples_split': 0.02408849008343883, 'min_samples_leaf': 0.0018071227733842746, 'min_weight_fraction_leaf': 0.024993404268318847, 'max_features': 0.6512331401716996, 'bootstrap': True, 'max_samples': 0.2672457835383944, 'oob_score': True}. Best is trial 493 with value: 0.6959164499290605.[0m
[32m[I 2022-04-21 13:42:43,671][0m Trial 506 finished with value: 0.6851253568842065 and parameters: {'n_estimators': 533, 'min_samples_split': 0.0015024613851975892, 'min_samples_leaf': 0.017918625516300645, 'min_weight_fraction_leaf': 0.04585756573953724, 'max_features': 0.5647688648598113, 'bootstrap': False, 'max_samples': 0.3147858162125792}. Best is trial 493 with value: 0.6959164499290605.[0m
[32m[I 2022-04-21 13:42:52,196][0m Trial 507 finished with value: 0.6882986631254641 and parameters: {'n_estimators': 592, 'min_samples_split': 0.02251988652459938, 'min_samples_leaf': 0.011033481207747976, 'min_weight_fraction_leaf': 0.05441734864481439, 'max_features': 0.5212781320247092, 'bootstrap': True, 'max_samples': 0.4888649305279671, 'oob_score': True}. Best is trial 493 with value: 0.6959164499290605.[0m
[32m[I 2022-04-21 13:43:00,032][0m Trial 508 finished with value: 0.6884947397359272 and parameters: {'n_estimators': 493, 'min_samples_split': 0.036753802053615794, 'min_samples_leaf': 0.020847525355008605, 'min_weight_fraction_leaf': 0.0303946061590709, 'max_features': 0.6062737791529488, 'bootstrap': True, 'max_samples': 0.3524398743230578, 'oob_score': True}. Best is trial 493 with value: 0.6959164499290605.[0m
[32m[I 2022-04-21 13:43:08,189][0m Trial 509 finished with value: 0.6864391974480475 and parameters: {'n_estimators': 518, 'min_samples_split': 0.013501581904181437, 'min_samples_leaf': 0.02560929691498827, 'min_weight_fraction_leaf': 0.018679474142228182, 'max_features': 0.5833675466505958, 'bootstrap': True, 'max_samples': 0.45214886959772876, 'oob_score': True}. Best is trial 493 with value: 0.6959164499290605.[0m
[32m[I 2022-04-21 13:43:21,404][0m Trial 510 finished with value: 0.6922656880769037 and parameters: {'n_estimators': 966, 'min_samples_split': 0.0297512926371643, 'min_samples_leaf': 0.0011395240088501344, 'min_weight_fraction_leaf': 0.06514213952331478, 'max_features': 0.5420329159991056, 'bootstrap': True, 'max_samples': 0.285481692790105, 'oob_score': True}. Best is trial 493 with value: 0.6959164499290605.[0m
[32m[I 2022-04-21 13:43:27,943][0m Trial 511 finished with value: 0.6825654203716647 and parameters: {'n_estimators': 512, 'min_samples_split': 0.042836163799546106, 'min_samples_leaf': 0.0018239712801000514, 'min_weight_fraction_leaf': 0.04497028955633928, 'max_features': 0.5719003382546612, 'bootstrap': True, 'max_samples': 0.10245072474387279, 'oob_score': True}. Best is trial 493 with value: 0.6959164499290605.[0m
[32m[I 2022-04-21 13:43:35,109][0m Trial 512 finished with value: 0.6859841858611554 and parameters: {'n_estimators': 554, 'min_samples_split': 0.02087310868516096, 'min_samples_leaf': 0.01425125738485347, 'min_weight_fraction_leaf': 0.031483154149671726, 'max_features': 0.5968857236337668, 'bootstrap': True, 'max_samples': 0.40156533673109507, 'oob_score': True}. Best is trial 493 with value: 0.6959164499290605.[0m
[32m[I 2022-04-21 13:43:46,646][0m Trial 513 finished with value: 0.6870617375306687 and parameters: {'n_estimators': 867, 'min_samples_split': 0.010468195553480615, 'min_samples_leaf': 0.02555365325696323, 'min_weight_fraction_leaf': 0.00824468023826236, 'max_features': 0.5507757876456033, 'bootstrap': True, 'max_samples': 0.3106959499723226, 'oob_score': True}. Best is trial 493 with value: 0.6959164499290605.[0m
[32m[I 2022-04-21 13:43:57,112][0m Trial 514 finished with value: 0.6256386355107819 and parameters: {'n_estimators': 821, 'min_samples_split': 0.0305453888806013, 'min_samples_leaf': 0.1685674268101534, 'min_weight_fraction_leaf': 0.055097043692776806, 'max_features': 0.6225360703879999, 'bootstrap': True, 'max_samples': 0.43265992647044405, 'oob_score': True}. Best is trial 493 with value: 0.6959164499290605.[0m
[32m[I 2022-04-21 13:44:08,844][0m Trial 515 finished with value: 0.6889025791721445 and parameters: {'n_estimators': 604, 'min_samples_split': 0.0010270657315980952, 'min_samples_leaf': 0.009826178859353473, 'min_weight_fraction_leaf': 0.0008480368898832816, 'max_features': 0.5162153798444803, 'bootstrap': True, 'max_samples': 0.36855247598843943, 'oob_score': True}. Best is trial 493 with value: 0.6959164499290605.[0m
[32m[I 2022-04-21 13:44:17,453][0m Trial 516 finished with value: 0.6835634626451047 and parameters: {'n_estimators': 572, 'min_samples_split': 0.052214889374364026, 'min_samples_leaf': 0.001334557471096297, 'min_weight_fraction_leaf': 0.022387779002207918, 'max_features': 0.5612780731890114, 'bootstrap': True, 'max_samples': 0.33056976677703453, 'oob_score': True}. Best is trial 493 with value: 0.6959164499290605.[0m
[32m[I 2022-04-21 13:44:23,215][0m Trial 517 finished with value: 0.6924175050080318 and parameters: {'n_estimators': 522, 'min_samples_split': 0.021759915062524175, 'min_samples_leaf': 0.021018954700512224, 'min_weight_fraction_leaf': 0.03987398174792995, 'max_features': 0.5877864132991966, 'bootstrap': True, 'max_samples': 0.18399480874132085, 'oob_score': False}. Best is trial 493 with value: 0.6959164499290605.[0m
[32m[I 2022-04-21 13:44:34,578][0m Trial 518 finished with value: 0.6911187167230886 and parameters: {'n_estimators': 909, 'min_samples_split': 0.03790377068112647, 'min_samples_leaf': 0.029287040632887316, 'min_weight_fraction_leaf': 0.06778204699490416, 'max_features': 0.540769589675908, 'bootstrap': True, 'max_samples': 0.25142618310009474, 'oob_score': True}. Best is trial 493 with value: 0.6959164499290605.[0m
[32m[I 2022-04-21 13:44:42,522][0m Trial 519 finished with value: 0.6858982069425892 and parameters: {'n_estimators': 487, 'min_samples_split': 0.012058491055889046, 'min_samples_leaf': 0.015927669828074916, 'min_weight_fraction_leaf': 0.01678207886687127, 'max_features': 0.5690051431074418, 'bootstrap': True, 'max_samples': 0.2924504588580011, 'oob_score': True}. Best is trial 493 with value: 0.6959164499290605.[0m
[32m[I 2022-04-21 13:44:44,825][0m Trial 520 finished with value: 0.6829523219130444 and parameters: {'n_estimators': 106, 'min_samples_split': 0.022168405934940752, 'min_samples_leaf': 0.03340474993546508, 'min_weight_fraction_leaf': 0.036438141534994174, 'max_features': 0.6125794686142311, 'bootstrap': True, 'max_samples': 0.3584078560995014, 'oob_score': True}. Best is trial 493 with value: 0.6959164499290605.[0m
[32m[I 2022-04-21 13:44:56,712][0m Trial 521 finished with value: 0.6936832506425381 and parameters: {'n_estimators': 791, 'min_samples_split': 0.03346660961675467, 'min_samples_leaf': 0.010911565861255858, 'min_weight_fraction_leaf': 0.05159036162177408, 'max_features': 0.5300624390089493, 'bootstrap': True, 'max_samples': 0.3926205249842594, 'oob_score': True}. Best is trial 493 with value: 0.6959164499290605.[0m
[32m[I 2022-04-21 13:45:07,973][0m Trial 522 finished with value: 0.6936832506425381 and parameters: {'n_estimators': 797, 'min_samples_split': 0.013092170940176383, 'min_samples_leaf': 0.010375673238810966, 'min_weight_fraction_leaf': 0.05345231494405281, 'max_features': 0.49044173841388106, 'bootstrap': True, 'max_samples': 0.39727927307662336, 'oob_score': True}. Best is trial 493 with value: 0.6959164499290605.[0m
[32m[I 2022-04-21 13:45:19,454][0m Trial 523 finished with value: 0.6936832506425381 and parameters: {'n_estimators': 816, 'min_samples_split': 0.010444839817107539, 'min_samples_leaf': 0.009116215201953081, 'min_weight_fraction_leaf': 0.05342382675943791, 'max_features': 0.5052662712229696, 'bootstrap': True, 'max_samples': 0.40479092715824355, 'oob_score': True}. Best is trial 493 with value: 0.6959164499290605.[0m
[32m[I 2022-04-21 13:45:30,569][0m Trial 524 finished with value: 0.6936832506425381 and parameters: {'n_estimators': 787, 'min_samples_split': 0.009697405554763717, 'min_samples_leaf': 0.010408183080950137, 'min_weight_fraction_leaf': 0.052547033713894506, 'max_features': 0.4896286328629376, 'bootstrap': True, 'max_samples': 0.40428014263258155, 'oob_score': True}. Best is trial 493 with value: 0.6959164499290605.[0m
[32m[I 2022-04-21 13:45:40,850][0m Trial 525 finished with value: 0.6940634742788638 and parameters: {'n_estimators': 800, 'min_samples_split': 0.009642429685808914, 'min_samples_leaf': 0.011645590246378023, 'min_weight_fraction_leaf': 0.05812533124291105, 'max_features': 0.5110521215554255, 'bootstrap': True, 'max_samples': 0.4130889841110694, 'oob_score': True}. Best is trial 493 with value: 0.6959164499290605.[0m
[32m[I 2022-04-21 13:45:50,924][0m Trial 526 finished with value: 0.6933521886157207 and parameters: {'n_estimators': 778, 'min_samples_split': 0.007852036940092517, 'min_samples_leaf': 0.021020518930234863, 'min_weight_fraction_leaf': 0.05880459771049408, 'max_features': 0.490486240656339, 'bootstrap': True, 'max_samples': 0.42434392614038036, 'oob_score': True}. Best is trial 493 with value: 0.6959164499290605.[0m
[32m[I 2022-04-21 13:46:01,068][0m Trial 527 finished with value: 0.6955005301852422 and parameters: {'n_estimators': 840, 'min_samples_split': 0.008711339158834952, 'min_samples_leaf': 0.00874332857523013, 'min_weight_fraction_leaf': 0.06710260903411476, 'max_features': 0.48179309136689846, 'bootstrap': True, 'max_samples': 0.42454809871179666, 'oob_score': True}. Best is trial 493 with value: 0.6959164499290605.[0m
[32m[I 2022-04-21 13:46:12,227][0m Trial 528 finished with value: 0.6941762820779724 and parameters: {'n_estimators': 836, 'min_samples_split': 0.0016509026407478047, 'min_samples_leaf': 0.021763927695258083, 'min_weight_fraction_leaf': 0.07181068668631788, 'max_features': 0.4798060313854792, 'bootstrap': True, 'max_samples': 0.4276296863638404, 'oob_score': True}. Best is trial 493 with value: 0.6959164499290605.[0m
[32m[I 2022-04-21 13:46:19,793][0m Trial 529 finished with value: 0.6813979227770244 and parameters: {'n_estimators': 855, 'min_samples_split': 0.001547815014603722, 'min_samples_leaf': 0.026847621590857157, 'min_weight_fraction_leaf': 0.06679689675984284, 'max_features': 0.5076081595087876, 'bootstrap': False, 'max_samples': 0.43486211458661794}. Best is trial 493 with value: 0.6959164499290605.[0m
[32m[I 2022-04-21 13:46:30,328][0m Trial 530 finished with value: 0.696197846611031 and parameters: {'n_estimators': 845, 'min_samples_split': 0.0010543463764563343, 'min_samples_leaf': 0.02160552686936366, 'min_weight_fraction_leaf': 0.06626227983976722, 'max_features': 0.48591576282351767, 'bootstrap': True, 'max_samples': 0.43197428926891, 'oob_score': True}. Best is trial 530 with value: 0.696197846611031.[0m
[32m[I 2022-04-21 13:46:41,297][0m Trial 531 finished with value: 0.6958597941618369 and parameters: {'n_estimators': 868, 'min_samples_split': 0.00101510774418777, 'min_samples_leaf': 0.028714427140301584, 'min_weight_fraction_leaf': 0.06769423910088884, 'max_features': 0.46666759210986236, 'bootstrap': True, 'max_samples': 0.45429724319131093, 'oob_score': True}. Best is trial 530 with value: 0.696197846611031.[0m
[32m[I 2022-04-21 13:46:52,951][0m Trial 532 finished with value: 0.6937114525923153 and parameters: {'n_estimators': 880, 'min_samples_split': 0.0019647125823143933, 'min_samples_leaf': 0.03363113622826635, 'min_weight_fraction_leaf': 0.06603892929506233, 'max_features': 0.4746454875836998, 'bootstrap': True, 'max_samples': 0.46404093260209767, 'oob_score': True}. Best is trial 530 with value: 0.696197846611031.[0m
