[32m[I 2022-04-22 03:51:01,414][0m Trial 581 finished with value: 0.8368103030321681 and parameters: {'n_estimators': 896, 'min_samples_split': 0.04463254837817773, 'min_samples_leaf': 0.03153565471843299, 'min_weight_fraction_leaf': 0.0005423148426712532, 'max_features': 0.163866648348878, 'bootstrap': False, 'max_samples': 0.22333694836059578}. Best is trial 452 with value: 0.8406595463259192.[0m
[32m[I 2022-04-22 03:52:35,690][0m Trial 582 finished with value: 0.8388323599262977 and parameters: {'n_estimators': 841, 'min_samples_split': 0.06035822665747214, 'min_samples_leaf': 0.020231290862985876, 'min_weight_fraction_leaf': 0.008425096062810843, 'max_features': 0.1870492058782453, 'bootstrap': False, 'max_samples': 0.18888229884786065}. Best is trial 452 with value: 0.8406595463259192.[0m
[32m[I 2022-04-22 03:53:17,524][0m Trial 583 finished with value: 0.8345583773159747 and parameters: {'n_estimators': 819, 'min_samples_split': 0.05899850809425509, 'min_samples_leaf': 0.0429205321278683, 'min_weight_fraction_leaf': 0.019745307643845716, 'max_features': 0.1499150989250586, 'bootstrap': False, 'max_samples': 0.3922776929943348}. Best is trial 452 with value: 0.8406595463259192.[0m
[32m[I 2022-04-22 03:54:30,238][0m Trial 584 finished with value: 0.8391115081002003 and parameters: {'n_estimators': 884, 'min_samples_split': 0.0457255222414987, 'min_samples_leaf': 0.018120029343393365, 'min_weight_fraction_leaf': 8.174078405824375e-05, 'max_features': 0.118316385624608, 'bootstrap': False, 'max_samples': 0.20720339821713585}. Best is trial 452 with value: 0.8406595463259192.[0m
[32m[I 2022-04-22 03:55:37,040][0m Trial 585 finished with value: 0.8380211862216435 and parameters: {'n_estimators': 947, 'min_samples_split': 0.04249274403810117, 'min_samples_leaf': 0.017069113547907282, 'min_weight_fraction_leaf': 0.008737564185635906, 'max_features': 0.08680075493360706, 'bootstrap': False, 'max_samples': 0.19611925262942928}. Best is trial 452 with value: 0.8406595463259192.[0m
[32m[I 2022-04-22 03:55:50,978][0m Trial 586 finished with value: 0.7925921703176849 and parameters: {'n_estimators': 856, 'min_samples_split': 0.046027226895736885, 'min_samples_leaf': 0.060978827906159334, 'min_weight_fraction_leaf': 0.3658754485219107, 'max_features': 0.17470157975013528, 'bootstrap': False, 'max_samples': 0.16072201892879234}. Best is trial 452 with value: 0.8406595463259192.[0m
[32m[I 2022-04-22 03:56:13,261][0m Trial 587 finished with value: 0.8022750699565367 and parameters: {'n_estimators': 832, 'min_samples_split': 0.04483251175695091, 'min_samples_leaf': 0.028488812874170412, 'min_weight_fraction_leaf': 0.23862381777212405, 'max_features': 0.1941591890090324, 'bootstrap': False, 'max_samples': 0.41832800467066894}. Best is trial 452 with value: 0.8406595463259192.[0m
[32m[I 2022-04-22 03:57:40,449][0m Trial 588 finished with value: 0.838454886430539 and parameters: {'n_estimators': 904, 'min_samples_split': 0.05426805343585437, 'min_samples_leaf': 0.015268962599268333, 'min_weight_fraction_leaf': 0.021909277551739593, 'max_features': 0.13993467504639426, 'bootstrap': False, 'max_samples': 0.4500128379500058}. Best is trial 452 with value: 0.8406595463259192.[0m
[32m[I 2022-04-22 03:59:42,006][0m Trial 589 finished with value: 0.8403139737034986 and parameters: {'n_estimators': 803, 'min_samples_split': 0.04540896455465479, 'min_samples_leaf': 0.01164225725027797, 'min_weight_fraction_leaf': 0.0007936797217697033, 'max_features': 0.1877447297358044, 'bootstrap': False, 'max_samples': 0.13770775911187666}. Best is trial 452 with value: 0.8406595463259192.[0m
[32m[I 2022-04-22 04:01:36,564][0m Trial 590 finished with value: 0.8394095542195551 and parameters: {'n_estimators': 800, 'min_samples_split': 0.06126092796426548, 'min_samples_leaf': 0.011985164939596449, 'min_weight_fraction_leaf': 0.015924035691381233, 'max_features': 0.19888695707630838, 'bootstrap': False, 'max_samples': 0.27174261674877176}. Best is trial 452 with value: 0.8406595463259192.[0m
[32m[I 2022-04-22 04:01:45,614][0m Trial 591 finished with value: 0.7949068016157711 and parameters: {'n_estimators': 798, 'min_samples_split': 0.06556970404315048, 'min_samples_leaf': 0.28281035582490743, 'min_weight_fraction_leaf': 0.021873548251742096, 'max_features': 0.18875620251677733, 'bootstrap': False, 'max_samples': 0.14217745591142697}. Best is trial 452 with value: 0.8406595463259192.[0m
[32m[I 2022-04-22 04:03:01,639][0m Trial 592 finished with value: 0.8376124254047786 and parameters: {'n_estimators': 784, 'min_samples_split': 0.08025695852124734, 'min_samples_leaf': 0.010633762970115418, 'min_weight_fraction_leaf': 0.029417739950952936, 'max_features': 0.16409574513561428, 'bootstrap': False, 'max_samples': 0.5108775672903765}. Best is trial 452 with value: 0.8406595463259192.[0m
[32m[I 2022-04-22 04:05:01,474][0m Trial 593 finished with value: 0.8384402177582295 and parameters: {'n_estimators': 814, 'min_samples_split': 0.06485962512811895, 'min_samples_leaf': 0.010608829550942545, 'min_weight_fraction_leaf': 0.015449521479209066, 'max_features': 0.20461402722464128, 'bootstrap': False, 'max_samples': 0.23930544850179944}. Best is trial 452 with value: 0.8406595463259192.[0m
[32m[I 2022-04-22 04:06:52,656][0m Trial 594 finished with value: 0.840195250316142 and parameters: {'n_estimators': 785, 'min_samples_split': 0.07266439859983165, 'min_samples_leaf': 0.010316200871863964, 'min_weight_fraction_leaf': 0.00015127992370716033, 'max_features': 0.18723166629194074, 'bootstrap': False, 'max_samples': 0.08870838690143007}. Best is trial 452 with value: 0.8406595463259192.[0m
[32m[I 2022-04-22 04:07:55,457][0m Trial 595 finished with value: 0.8353340449492853 and parameters: {'n_estimators': 786, 'min_samples_split': 0.08647896652519008, 'min_samples_leaf': 0.03278187288681418, 'min_weight_fraction_leaf': 0.006923228859570206, 'max_features': 0.18107676915882376, 'bootstrap': False, 'max_samples': 0.09890815142021697}. Best is trial 452 with value: 0.8406595463259192.[0m
[32m[I 2022-04-22 04:09:31,938][0m Trial 596 finished with value: 0.8393157909572186 and parameters: {'n_estimators': 762, 'min_samples_split': 0.07825148098961396, 'min_samples_leaf': 0.011016992587020848, 'min_weight_fraction_leaf': 0.0077932040310782595, 'max_features': 0.16571858205300055, 'bootstrap': False, 'max_samples': 0.03626579527402224}. Best is trial 452 with value: 0.8406595463259192.[0m
[32m[I 2022-04-22 04:10:47,408][0m Trial 597 finished with value: 0.8368092719572472 and parameters: {'n_estimators': 772, 'min_samples_split': 0.0774479457852333, 'min_samples_leaf': 0.02594285429141258, 'min_weight_fraction_leaf': 0.013651939912296891, 'max_features': 0.19839187598233382, 'bootstrap': False, 'max_samples': 0.05811305517902886}. Best is trial 452 with value: 0.8406595463259192.[0m
[32m[I 2022-04-22 04:10:53,568][0m Trial 598 finished with value: 0.7675857502927966 and parameters: {'n_estimators': 756, 'min_samples_split': 0.11535005713127384, 'min_samples_leaf': 0.4917610916716624, 'min_weight_fraction_leaf': 0.015524017376169794, 'max_features': 0.19767304045083947, 'bootstrap': False, 'max_samples': 0.13736835191304178}. Best is trial 452 with value: 0.8406595463259192.[0m
[32m[I 2022-04-22 04:12:21,064][0m Trial 599 finished with value: 0.838807205262705 and parameters: {'n_estimators': 796, 'min_samples_split': 0.09726395175934849, 'min_samples_leaf': 0.012470188835433082, 'min_weight_fraction_leaf': 0.0001478692987576212, 'max_features': 0.15537561547084233, 'bootstrap': False, 'max_samples': 0.06347147664041698}. Best is trial 452 with value: 0.8406595463259192.[0m
[32m[I 2022-04-22 04:13:27,561][0m Trial 600 finished with value: 0.8363670614230643 and parameters: {'n_estimators': 750, 'min_samples_split': 0.07352632977517169, 'min_samples_leaf': 0.025641699997596717, 'min_weight_fraction_leaf': 0.027431867189809982, 'max_features': 0.1735759349459508, 'bootstrap': False, 'max_samples': 0.11915421920646276}. Best is trial 452 with value: 0.8406595463259192.[0m
[32m[I 2022-04-22 04:18:21,302][0m Trial 601 finished with value: 0.8363942112666859 and parameters: {'n_estimators': 772, 'min_samples_split': 0.0848422162277796, 'min_samples_leaf': 0.011924776802373003, 'min_weight_fraction_leaf': 0.008413517042483585, 'max_features': 0.5336320511005632, 'bootstrap': False, 'max_samples': 0.02792322309896187}. Best is trial 452 with value: 0.8406595463259192.[0m
[32m[I 2022-04-22 04:19:22,430][0m Trial 602 finished with value: 0.8350908337399774 and parameters: {'n_estimators': 814, 'min_samples_split': 0.09198310406552354, 'min_samples_leaf': 0.038549184857217735, 'min_weight_fraction_leaf': 6.03202218626244e-05, 'max_features': 0.2091999001699928, 'bootstrap': False, 'max_samples': 0.02184305235512901}. Best is trial 452 with value: 0.8406595463259192.[0m
[32m[I 2022-04-22 04:21:11,479][0m Trial 603 finished with value: 0.8384497524655663 and parameters: {'n_estimators': 798, 'min_samples_split': 0.07758171872833557, 'min_samples_leaf': 0.011669303986586606, 'min_weight_fraction_leaf': 0.023915129045040902, 'max_features': 0.21475721260938954, 'bootstrap': False, 'max_samples': 0.1166604766238908}. Best is trial 452 with value: 0.8406595463259192.[0m
[32m[I 2022-04-22 04:22:00,084][0m Trial 604 finished with value: 0.8310114715031375 and parameters: {'n_estimators': 755, 'min_samples_split': 0.07057460834303123, 'min_samples_leaf': 0.023298531077798966, 'min_weight_fraction_leaf': 0.07553297022318108, 'max_features': 0.18645633771136946, 'bootstrap': False, 'max_samples': 0.4811745328899192}. Best is trial 452 with value: 0.8406595463259192.[0m
[32m[I 2022-04-22 04:23:39,324][0m Trial 605 finished with value: 0.8379645398761406 and parameters: {'n_estimators': 837, 'min_samples_split': 0.07743489689410905, 'min_samples_leaf': 0.011810280226657144, 'min_weight_fraction_leaf': 0.015393722127277257, 'max_features': 0.1685611089478878, 'bootstrap': False, 'max_samples': 0.07869728574641222}. Best is trial 452 with value: 0.8406595463259192.[0m
[32m[I 2022-04-22 04:23:55,345][0m Trial 606 finished with value: 0.7835742431038542 and parameters: {'n_estimators': 818, 'min_samples_split': 0.06727148955111514, 'min_samples_leaf': 0.03438692739173782, 'min_weight_fraction_leaf': 0.4025055708876798, 'max_features': 0.21587832482200564, 'bootstrap': False, 'max_samples': 0.018933528723777418}. Best is trial 452 with value: 0.8406595463259192.[0m
[32m[I 2022-04-22 04:25:08,960][0m Trial 607 finished with value: 0.8368261982083574 and parameters: {'n_estimators': 761, 'min_samples_split': 0.10117861310446247, 'min_samples_leaf': 0.02195860124917578, 'min_weight_fraction_leaf': 3.7772447441577e-05, 'max_features': 0.1924766450624572, 'bootstrap': False, 'max_samples': 0.05645555896098811}. Best is trial 452 with value: 0.8406595463259192.[0m
[32m[I 2022-04-22 04:26:57,600][0m Trial 608 finished with value: 0.8347321480528308 and parameters: {'n_estimators': 854, 'min_samples_split': 0.06493693288275534, 'min_samples_leaf': 0.012858902605671633, 'min_weight_fraction_leaf': 0.03738061272182645, 'max_features': 0.2217468980341413, 'bootstrap': False, 'max_samples': 0.04776523428890064}. Best is trial 452 with value: 0.8406595463259192.[0m
[32m[I 2022-04-22 04:27:09,591][0m Trial 609 finished with value: 0.778550724710018 and parameters: {'n_estimators': 794, 'min_samples_split': 0.08868334985583151, 'min_samples_leaf': 0.027715586369090585, 'min_weight_fraction_leaf': 0.46867703024025786, 'max_features': 0.16126801597260246, 'bootstrap': False, 'max_samples': 0.10211559514068783}. Best is trial 452 with value: 0.8406595463259192.[0m
[32m[I 2022-04-22 04:28:41,223][0m Trial 610 finished with value: 0.83849849150137 and parameters: {'n_estimators': 742, 'min_samples_split': 0.07857874377238357, 'min_samples_leaf': 0.01132866155881464, 'min_weight_fraction_leaf': 0.014798017461378276, 'max_features': 0.18782400923287412, 'bootstrap': False, 'max_samples': 0.45094456570073704}. Best is trial 452 with value: 0.8406595463259192.[0m
[32m[I 2022-04-22 04:28:46,158][0m Trial 611 finished with value: 0.8125626102525224 and parameters: {'n_estimators': 101, 'min_samples_split': 0.06162231076026972, 'min_samples_leaf': 0.020627480973701033, 'min_weight_fraction_leaf': 0.20374076366597185, 'max_features': 0.20388701451051275, 'bootstrap': False, 'max_samples': 0.005139341914282794}. Best is trial 452 with value: 0.8406595463259192.[0m
[32m[I 2022-04-22 04:29:42,428][0m Trial 612 finished with value: 0.8328190023643993 and parameters: {'n_estimators': 862, 'min_samples_split': 0.041356714292341314, 'min_samples_leaf': 0.010316506398041578, 'min_weight_fraction_leaf': 0.0566383979989654, 'max_features': 0.14219774008462116, 'bootstrap': False, 'max_samples': 0.429277407126789}. Best is trial 452 with value: 0.8406595463259192.[0m
[32m[I 2022-04-22 04:29:51,213][0m Trial 613 finished with value: 0.8375450205995371 and parameters: {'n_estimators': 110, 'min_samples_split': 0.07171548602526011, 'min_samples_leaf': 0.04288126345321515, 'min_weight_fraction_leaf': 0.02476318918513895, 'max_features': 0.22996684821980629, 'bootstrap': False, 'max_samples': 0.09941761974681529}. Best is trial 452 with value: 0.8406595463259192.[0m
[32m[I 2022-04-22 04:30:04,565][0m Trial 614 finished with value: 0.8144730728778251 and parameters: {'n_estimators': 814, 'min_samples_split': 0.039395157403598356, 'min_samples_leaf': 0.17218191691674598, 'min_weight_fraction_leaf': 0.009946833149689567, 'max_features': 0.17450410376894468, 'bootstrap': False, 'max_samples': 0.5126813314541843}. Best is trial 452 with value: 0.8406595463259192.[0m
[32m[I 2022-04-22 04:31:10,327][0m Trial 615 finished with value: 0.8356852706758721 and parameters: {'n_estimators': 769, 'min_samples_split': 0.0569166877282317, 'min_samples_leaf': 0.03137467687015513, 'min_weight_fraction_leaf': 0.0329942303337803, 'max_features': 0.20780861650493584, 'bootstrap': False, 'max_samples': 0.07047212867439086}. Best is trial 452 with value: 0.8406595463259192.[0m
[32m[I 2022-04-22 04:32:36,032][0m Trial 616 finished with value: 0.8383370803502341 and parameters: {'n_estimators': 737, 'min_samples_split': 0.08210763755960468, 'min_samples_leaf': 0.021450637252497927, 'min_weight_fraction_leaf': 0.0002449472695975289, 'max_features': 0.23253362161657276, 'bootstrap': False, 'max_samples': 0.1148891645281856}. Best is trial 452 with value: 0.8406595463259192.[0m
[32m[I 2022-04-22 04:34:13,233][0m Trial 617 finished with value: 0.8392478131737094 and parameters: {'n_estimators': 842, 'min_samples_split': 0.06704518576377141, 'min_samples_leaf': 0.009739378808300248, 'min_weight_fraction_leaf': 0.016379516369045118, 'max_features': 0.16003305990067523, 'bootstrap': False, 'max_samples': 0.17810033538253425}. Best is trial 452 with value: 0.8406595463259192.[0m
[32m[I 2022-04-22 04:35:20,096][0m Trial 618 finished with value: 0.8368321558803643 and parameters: {'n_estimators': 859, 'min_samples_split': 0.0950508004108902, 'min_samples_leaf': 0.0181780625104961, 'min_weight_fraction_leaf': 0.01051117259175193, 'max_features': 0.14116581051132207, 'bootstrap': False, 'max_samples': 0.1798787555074977}. Best is trial 452 with value: 0.8406595463259192.[0m
[32m[I 2022-04-22 04:35:51,124][0m Trial 619 finished with value: 0.829678781578032 and parameters: {'n_estimators': 825, 'min_samples_split': 0.4680060453396576, 'min_samples_leaf': 0.03505203957861381, 'min_weight_fraction_leaf': 0.02297238864294354, 'max_features': 0.16117957133817606, 'bootstrap': False, 'max_samples': 0.16888560185878387}. Best is trial 452 with value: 0.8406595463259192.[0m
[32m[I 2022-04-22 04:36:31,081][0m Trial 620 finished with value: 0.8175968047302297 and parameters: {'n_estimators': 931, 'min_samples_split': 0.07268746604535577, 'min_samples_leaf': 0.012494260239644488, 'min_weight_fraction_leaf': 0.15608851334380525, 'max_features': 0.19347546098347962, 'bootstrap': False, 'max_samples': 0.1425680671202263}. Best is trial 452 with value: 0.8406595463259192.[0m
[32m[I 2022-04-22 04:37:53,589][0m Trial 621 finished with value: 0.8385604709673666 and parameters: {'n_estimators': 851, 'min_samples_split': 0.03715970599938008, 'min_samples_leaf': 0.023627734480983743, 'min_weight_fraction_leaf': 6.236108543946402e-05, 'max_features': 0.17708758615916723, 'bootstrap': False, 'max_samples': 0.07974004713852392}. Best is trial 452 with value: 0.8406595463259192.[0m
[32m[I 2022-04-22 04:38:11,862][0m Trial 622 finished with value: 0.7947097580708901 and parameters: {'n_estimators': 814, 'min_samples_split': 0.08523030981191036, 'min_samples_leaf': 0.009290199146255177, 'min_weight_fraction_leaf': 0.28705771982473494, 'max_features': 0.15170542446665367, 'bootstrap': False, 'max_samples': 0.17125427752662808}. Best is trial 452 with value: 0.8406595463259192.[0m
[32m[I 2022-04-22 04:38:14,373][0m Trial 623 finished with value: 0.7772678836340938 and parameters: {'n_estimators': 119, 'min_samples_split': 0.43578727664997086, 'min_samples_leaf': 0.473302115387392, 'min_weight_fraction_leaf': 0.045118338327975495, 'max_features': 0.1855113848733416, 'bootstrap': False, 'max_samples': 0.15844856504054006}. Best is trial 452 with value: 0.8406595463259192.[0m
[32m[I 2022-04-22 04:39:42,024][0m Trial 624 finished with value: 0.8388009538075666 and parameters: {'n_estimators': 893, 'min_samples_split': 0.05313658891995805, 'min_samples_leaf': 0.019668377120233997, 'min_weight_fraction_leaf': 0.012299046275904557, 'max_features': 0.1645288552746722, 'bootstrap': False, 'max_samples': 0.14250036547281894}. Best is trial 452 with value: 0.8406595463259192.[0m
[32m[I 2022-04-22 04:40:31,273][0m Trial 625 finished with value: 0.8326352942337047 and parameters: {'n_estimators': 784, 'min_samples_split': 0.06779608809017429, 'min_samples_leaf': 0.049010229430904745, 'min_weight_fraction_leaf': 0.02591564173540414, 'max_features': 0.20269232889619818, 'bootstrap': False, 'max_samples': 0.0405680802001253}. Best is trial 452 with value: 0.8406595463259192.[0m
[32m[I 2022-04-22 04:41:30,850][0m Trial 626 finished with value: 0.8354377919018916 and parameters: {'n_estimators': 957, 'min_samples_split': 0.04386229841993476, 'min_samples_leaf': 0.027692041763980622, 'min_weight_fraction_leaf': 0.03540026963077331, 'max_features': 0.1409090626845117, 'bootstrap': False, 'max_samples': 0.19302359305600328}. Best is trial 452 with value: 0.8406595463259192.[0m
[32m[I 2022-04-22 04:42:40,939][0m Trial 627 finished with value: 0.8308919114036426 and parameters: {'n_estimators': 842, 'min_samples_split': 0.3483550914797804, 'min_samples_leaf': 0.001168927424985435, 'min_weight_fraction_leaf': 0.015289923244692775, 'max_features': 0.22012909068127243, 'bootstrap': False, 'max_samples': 0.1280884872351357}. Best is trial 452 with value: 0.8406595463259192.[0m
[32m[I 2022-04-22 04:45:00,711][0m Trial 628 finished with value: 0.8398469431487774 and parameters: {'n_estimators': 877, 'min_samples_split': 0.033708919379426175, 'min_samples_leaf': 0.012577698392673729, 'min_weight_fraction_leaf': 0.008414608636289574, 'max_features': 0.1974642968294126, 'bootstrap': False, 'max_samples': 0.16600417623860692}. Best is trial 452 with value: 0.8406595463259192.[0m
[32m[I 2022-04-22 04:46:06,664][0m Trial 629 finished with value: 0.8355510010367011 and parameters: {'n_estimators': 897, 'min_samples_split': 0.03729343435709789, 'min_samples_leaf': 0.0377351183390511, 'min_weight_fraction_leaf': 0.00035624877579709495, 'max_features': 0.2044285241490752, 'bootstrap': False, 'max_samples': 0.14698385460735963}. Best is trial 452 with value: 0.8406595463259192.[0m
[32m[I 2022-04-22 04:48:09,212][0m Trial 630 finished with value: 0.8391829997537631 and parameters: {'n_estimators': 928, 'min_samples_split': 0.03145960191196577, 'min_samples_leaf': 0.018575547194052393, 'min_weight_fraction_leaf': 0.024928774328209932, 'max_features': 0.2332348347988924, 'bootstrap': False, 'max_samples': 0.1900799155569432}. Best is trial 452 with value: 0.8406595463259192.[0m
[32m[I 2022-04-22 04:49:27,865][0m Trial 631 finished with value: 0.8364986681199913 and parameters: {'n_estimators': 891, 'min_samples_split': 0.029415087379749967, 'min_samples_leaf': 0.03001862973755271, 'min_weight_fraction_leaf': 0.009108024363789177, 'max_features': 0.19186965964122443, 'bootstrap': False, 'max_samples': 0.1645255475578658}. Best is trial 452 with value: 0.8406595463259192.[0m
[32m[I 2022-04-22 04:50:20,626][0m Trial 632 finished with value: 0.8251527680899136 and parameters: {'n_estimators': 873, 'min_samples_split': 0.04109519509634109, 'min_samples_leaf': 0.00926513233873956, 'min_weight_fraction_leaf': 0.11083777420290289, 'max_features': 0.21546698330520198, 'bootstrap': False, 'max_samples': 0.5753918368889496}. Best is trial 452 with value: 0.8406595463259192.[0m
[32m[I 2022-04-22 04:54:10,481][0m Trial 633 finished with value: 0.8379744645014391 and parameters: {'n_estimators': 960, 'min_samples_split': 0.031417920665040004, 'min_samples_leaf': 0.0011280786545353506, 'min_weight_fraction_leaf': 0.018379211986094456, 'max_features': 0.23363367433423732, 'bootstrap': False, 'max_samples': 0.6036570785818971}. Best is trial 452 with value: 0.8406595463259192.[0m
[32m[I 2022-04-22 04:54:27,635][0m Trial 634 finished with value: 0.7970497424189114 and parameters: {'n_estimators': 840, 'min_samples_split': 0.2786191007470474, 'min_samples_leaf': 0.01911597681769847, 'min_weight_fraction_leaf': 0.33698162081225264, 'max_features': 0.18983878359603948, 'bootstrap': False, 'max_samples': 0.17777514945400663}. Best is trial 452 with value: 0.8406595463259192.[0m
