No protocol specified
[32m[I 2022-04-21 11:37:03,611][0m A new study created in memory with name: no-name-cd6872eb-12cf-4ed2-a5f1-4f9d061432d0[0m
[32m[I 2022-04-21 11:37:08,294][0m Trial 0 finished with value: 0.35 and parameters: {'n_estimators': 256, 'min_samples_split': 0.20623956229321547, 'min_samples_leaf': 0.376432563217622, 'min_weight_fraction_leaf': 0.4865857662965843, 'max_features': 0.44345091718158236, 'bootstrap': True, 'max_samples': 0.8310030718261366, 'oob_score': True}. Best is trial 0 with value: 0.35.[0m
[32m[I 2022-04-21 11:37:10,912][0m Trial 1 finished with value: 0.7765945085683167 and parameters: {'n_estimators': 123, 'min_samples_split': 0.4600294983660125, 'min_samples_leaf': 0.40507707554162203, 'min_weight_fraction_leaf': 0.17534658341142084, 'max_features': 0.03645955964840619, 'bootstrap': False, 'max_samples': 0.3873001440475575}. Best is trial 1 with value: 0.7765945085683167.[0m
[32m[I 2022-04-21 11:37:16,943][0m Trial 2 finished with value: 0.7821814710439559 and parameters: {'n_estimators': 332, 'min_samples_split': 0.3860382433156195, 'min_samples_leaf': 0.04097328403616397, 'min_weight_fraction_leaf': 0.4164916749694913, 'max_features': 0.08704204560860862, 'bootstrap': False, 'max_samples': 0.14353718538845506}. Best is trial 2 with value: 0.7821814710439559.[0m
[32m[I 2022-04-21 11:37:22,037][0m Trial 3 finished with value: 0.35 and parameters: {'n_estimators': 415, 'min_samples_split': 0.1961635210111904, 'min_samples_leaf': 0.44042379149455274, 'min_weight_fraction_leaf': 0.40134775658840427, 'max_features': 0.8487421996723524, 'bootstrap': True, 'max_samples': 0.878891379140888, 'oob_score': False}. Best is trial 2 with value: 0.7821814710439559.[0m
[32m[I 2022-04-21 11:37:33,751][0m Trial 4 finished with value: 0.35 and parameters: {'n_estimators': 724, 'min_samples_split': 0.04494694498343271, 'min_samples_leaf': 0.4300440593959571, 'min_weight_fraction_leaf': 0.15558007537978863, 'max_features': 0.6347110032111984, 'bootstrap': True, 'max_samples': 0.5438225022532712, 'oob_score': True}. Best is trial 2 with value: 0.7821814710439559.[0m
[32m[I 2022-04-21 11:37:41,396][0m Trial 5 finished with value: 0.35 and parameters: {'n_estimators': 834, 'min_samples_split': 0.49386765137546984, 'min_samples_leaf': 0.41901966593371026, 'min_weight_fraction_leaf': 0.22996158524270827, 'max_features': 0.8132006851120624, 'bootstrap': True, 'max_samples': 0.605222663501674, 'oob_score': False}. Best is trial 2 with value: 0.7821814710439559.[0m
[32m[I 2022-04-21 11:38:22,908][0m Trial 6 finished with value: 0.8218896043533126 and parameters: {'n_estimators': 390, 'min_samples_split': 0.11351957584263998, 'min_samples_leaf': 0.07103479703855484, 'min_weight_fraction_leaf': 0.12620501558320918, 'max_features': 0.6017466513554571, 'bootstrap': False, 'max_samples': 0.7412214455021127}. Best is trial 6 with value: 0.8218896043533126.[0m
[32m[I 2022-04-21 11:38:28,169][0m Trial 7 finished with value: 0.35 and parameters: {'n_estimators': 265, 'min_samples_split': 0.2570365612962006, 'min_samples_leaf': 0.16608877810276987, 'min_weight_fraction_leaf': 0.14943250775135314, 'max_features': 0.21717266871808016, 'bootstrap': True, 'max_samples': 0.32447025147100883, 'oob_score': True}. Best is trial 6 with value: 0.8218896043533126.[0m
[32m[I 2022-04-21 11:38:33,797][0m Trial 8 finished with value: 0.35 and parameters: {'n_estimators': 525, 'min_samples_split': 0.20344530147387008, 'min_samples_leaf': 0.20192900276632145, 'min_weight_fraction_leaf': 0.4326645335697651, 'max_features': 0.2149275899331381, 'bootstrap': True, 'max_samples': 0.3685034560172543, 'oob_score': False}. Best is trial 6 with value: 0.8218896043533126.[0m
[32m[I 2022-04-21 11:38:37,728][0m Trial 9 finished with value: 0.35 and parameters: {'n_estimators': 279, 'min_samples_split': 0.4323746184875089, 'min_samples_leaf': 0.373645230841571, 'min_weight_fraction_leaf': 0.2917199405112839, 'max_features': 0.5379668501083179, 'bootstrap': True, 'max_samples': 0.9144756903040167, 'oob_score': False}. Best is trial 6 with value: 0.8218896043533126.[0m
[32m[I 2022-04-21 11:41:10,088][0m Trial 10 finished with value: 0.8297021448762978 and parameters: {'n_estimators': 148, 'min_samples_split': 0.01609016731357571, 'min_samples_leaf': 0.001746011256783142, 'min_weight_fraction_leaf': 0.013116357025640665, 'max_features': 0.706070116538509, 'bootstrap': False, 'max_samples': 0.6812419023937466}. Best is trial 10 with value: 0.8297021448762978.[0m
/media/san2_ssd/data/Workdir/survival/utils.py:305: RuntimeWarning: invalid value encountered in true_divide
  pdfs = np.gradient(1-survs,axis=1)/norms
/media/san2_ssd/data/Workdir/survival/utils.py:305: RuntimeWarning: invalid value encountered in true_divide
  pdfs = np.gradient(1-survs,axis=1)/norms
/media/san2_ssd/data/Workdir/survival/utils.py:305: RuntimeWarning: invalid value encountered in true_divide
  pdfs = np.gradient(1-survs,axis=1)/norms
[32m[I 2022-04-21 11:45:54,470][0m Trial 11 finished with value: 0.7970195586944558 and parameters: {'n_estimators': 143, 'min_samples_split': 0.004495843847826241, 'min_samples_leaf': 0.006010242083575146, 'min_weight_fraction_leaf': 0.0027356354757349585, 'max_features': 0.9792519188216412, 'bootstrap': False, 'max_samples': 0.700665674770795}. Best is trial 10 with value: 0.8297021448762978.[0m
[32m[I 2022-04-21 11:46:14,794][0m Trial 12 finished with value: 0.8193727279471428 and parameters: {'n_estimators': 176, 'min_samples_split': 0.11155784371530415, 'min_samples_leaf': 0.10633988655015059, 'min_weight_fraction_leaf': 0.004468934170236777, 'max_features': 0.6824631313605412, 'bootstrap': False, 'max_samples': 0.7020977391640113}. Best is trial 10 with value: 0.8297021448762978.[0m
[32m[I 2022-04-21 11:46:25,892][0m Trial 13 finished with value: 0.8268625339908345 and parameters: {'n_estimators': 102, 'min_samples_split': 0.09568535078773147, 'min_samples_leaf': 0.08919401467148314, 'min_weight_fraction_leaf': 0.0849172803649875, 'max_features': 0.42365402845269773, 'bootstrap': False, 'max_samples': 0.7226029972952038}. Best is trial 10 with value: 0.8297021448762978.[0m
[32m[I 2022-04-21 11:46:29,215][0m Trial 14 finished with value: 0.7941778948131629 and parameters: {'n_estimators': 101, 'min_samples_split': 0.08978432506806322, 'min_samples_leaf': 0.29555464130626175, 'min_weight_fraction_leaf': 0.08176728833508802, 'max_features': 0.3441144507178122, 'bootstrap': False, 'max_samples': 0.9955206830564958}. Best is trial 10 with value: 0.8297021448762978.[0m
[32m[I 2022-04-21 11:46:39,499][0m Trial 15 finished with value: 0.8245801815503858 and parameters: {'n_estimators': 186, 'min_samples_split': 0.0015326924718835084, 'min_samples_leaf': 0.1253762521707834, 'min_weight_fraction_leaf': 0.07123360030236699, 'max_features': 0.3868217811029084, 'bootstrap': False, 'max_samples': 0.499203298260733}. Best is trial 10 with value: 0.8297021448762978.[0m
[32m[I 2022-04-21 11:47:10,313][0m Trial 16 finished with value: 0.8179436886015313 and parameters: {'n_estimators': 109, 'min_samples_split': 0.30149077635519284, 'min_samples_leaf': 0.0014062609531971064, 'min_weight_fraction_leaf': 0.07045191341470096, 'max_features': 0.7408200742058899, 'bootstrap': False, 'max_samples': 0.631071803147584}. Best is trial 10 with value: 0.8297021448762978.[0m
[32m[I 2022-04-21 11:47:15,369][0m Trial 17 finished with value: 0.7920111921067832 and parameters: {'n_estimators': 180, 'min_samples_split': 0.08241888566243133, 'min_samples_leaf': 0.26018532775149333, 'min_weight_fraction_leaf': 0.2979176556302789, 'max_features': 0.5095779346556037, 'bootstrap': False, 'max_samples': 0.033298953729402336}. Best is trial 10 with value: 0.8297021448762978.[0m
[32m[I 2022-04-21 11:47:22,399][0m Trial 18 finished with value: 0.8129268610565751 and parameters: {'n_estimators': 143, 'min_samples_split': 0.14381321937814937, 'min_samples_leaf': 0.0783371408960824, 'min_weight_fraction_leaf': 0.21771196202826093, 'max_features': 0.2758149266557463, 'bootstrap': False, 'max_samples': 0.7894512026340209}. Best is trial 10 with value: 0.8297021448762978.[0m
[32m[I 2022-04-21 11:47:35,322][0m Trial 19 finished with value: 0.8098775084540595 and parameters: {'n_estimators': 140, 'min_samples_split': 0.3343545874477666, 'min_samples_leaf': 0.1590445315621066, 'min_weight_fraction_leaf': 0.04059615456340673, 'max_features': 0.9731029616013078, 'bootstrap': False, 'max_samples': 0.4863232674187614}. Best is trial 10 with value: 0.8297021448762978.[0m
[32m[I 2022-04-21 11:47:38,372][0m Trial 20 finished with value: 0.6619502339643424 and parameters: {'n_estimators': 195, 'min_samples_split': 0.0498982461741248, 'min_samples_leaf': 0.4962254596396347, 'min_weight_fraction_leaf': 0.1197967475831414, 'max_features': 0.7920153385240332, 'bootstrap': False, 'max_samples': 0.2466887937293359}. Best is trial 10 with value: 0.8297021448762978.[0m
[32m[I 2022-04-21 11:47:49,958][0m Trial 21 finished with value: 0.8233208714191976 and parameters: {'n_estimators': 214, 'min_samples_split': 0.036542178565622196, 'min_samples_leaf': 0.1317481542542958, 'min_weight_fraction_leaf': 0.07498499047481867, 'max_features': 0.4005514575523842, 'bootstrap': False, 'max_samples': 0.48205398546543227}. Best is trial 10 with value: 0.8297021448762978.[0m
[32m[I 2022-04-21 11:48:10,110][0m Trial 22 finished with value: 0.829352685554784 and parameters: {'n_estimators': 161, 'min_samples_split': 0.005176101188972682, 'min_samples_leaf': 0.05818982066770989, 'min_weight_fraction_leaf': 0.0410825872340378, 'max_features': 0.380776961872422, 'bootstrap': False, 'max_samples': 0.647532384429024}. Best is trial 10 with value: 0.8297021448762978.[0m
[32m[I 2022-04-21 11:48:30,994][0m Trial 23 finished with value: 0.8254052887626588 and parameters: {'n_estimators': 141, 'min_samples_split': 0.15029473121505788, 'min_samples_leaf': 0.0668129034268893, 'min_weight_fraction_leaf': 0.024066436467486227, 'max_features': 0.5580447035886227, 'bootstrap': False, 'max_samples': 0.6313814790834618}. Best is trial 10 with value: 0.8297021448762978.[0m
[32m[I 2022-04-21 11:48:47,241][0m Trial 24 finished with value: 0.8239516477781642 and parameters: {'n_estimators': 121, 'min_samples_split': 0.06144249104373317, 'min_samples_leaf': 0.03352173434625879, 'min_weight_fraction_leaf': 0.10588497800904412, 'max_features': 0.4707722348473904, 'bootstrap': False, 'max_samples': 0.7719157007168328}. Best is trial 10 with value: 0.8297021448762978.[0m
[32m[I 2022-04-21 11:48:51,222][0m Trial 25 finished with value: 0.8159519292953661 and parameters: {'n_estimators': 101, 'min_samples_split': 0.0014065041202592442, 'min_samples_leaf': 0.19471937076044946, 'min_weight_fraction_leaf': 0.039674302570703646, 'max_features': 0.32190684430350563, 'bootstrap': False, 'max_samples': 0.5811519936829337}. Best is trial 10 with value: 0.8297021448762978.[0m
[32m[I 2022-04-21 11:48:57,827][0m Trial 26 finished with value: 0.8136734117859075 and parameters: {'n_estimators': 224, 'min_samples_split': 0.14350635898495318, 'min_samples_leaf': 0.09440806998458626, 'min_weight_fraction_leaf': 0.19214097757985976, 'max_features': 0.13911420119185663, 'bootstrap': False, 'max_samples': 0.6996894741759886}. Best is trial 10 with value: 0.8297021448762978.[0m
[32m[I 2022-04-21 11:49:09,905][0m Trial 27 finished with value: 0.7930675030633472 and parameters: {'n_estimators': 158, 'min_samples_split': 0.028365304977569547, 'min_samples_leaf': 0.041404794632598184, 'min_weight_fraction_leaf': 0.29135733233180267, 'max_features': 0.6955395178058729, 'bootstrap': False, 'max_samples': 0.8760128210809679}. Best is trial 10 with value: 0.8297021448762978.[0m
[32m[I 2022-04-21 11:49:13,463][0m Trial 28 finished with value: 0.8081626337883385 and parameters: {'n_estimators': 121, 'min_samples_split': 0.08368201726793228, 'min_samples_leaf': 0.22681429299382613, 'min_weight_fraction_leaf': 0.042481745550489364, 'max_features': 0.2623316861548516, 'bootstrap': False, 'max_samples': 0.9550801398611488}. Best is trial 10 with value: 0.8297021448762978.[0m
[32m[I 2022-04-21 11:49:49,659][0m Trial 29 finished with value: 0.8271517806414751 and parameters: {'n_estimators': 243, 'min_samples_split': 0.16861798517366042, 'min_samples_leaf': 0.028399862716774457, 'min_weight_fraction_leaf': 0.09190041138689417, 'max_features': 0.4522088844133046, 'bootstrap': False, 'max_samples': 0.8205802524402287}. Best is trial 10 with value: 0.8297021448762978.[0m
[32m[I 2022-04-21 11:50:02,439][0m Trial 30 finished with value: 0.7603664291519656 and parameters: {'n_estimators': 231, 'min_samples_split': 0.24487006711564308, 'min_samples_leaf': 0.0221520287382537, 'min_weight_fraction_leaf': 0.4859776988692151, 'max_features': 0.6050271741925626, 'bootstrap': False, 'max_samples': 0.8265037351317363}. Best is trial 10 with value: 0.8297021448762978.[0m
[32m[I 2022-04-21 11:50:19,815][0m Trial 31 finished with value: 0.8234172157978857 and parameters: {'n_estimators': 164, 'min_samples_split': 0.12051395339972441, 'min_samples_leaf': 0.05520211076864859, 'min_weight_fraction_leaf': 0.104744562656408, 'max_features': 0.43653661432413926, 'bootstrap': False, 'max_samples': 0.8351584030821078}. Best is trial 10 with value: 0.8297021448762978.[0m
[32m[I 2022-04-21 11:50:39,770][0m Trial 32 finished with value: 0.8259351698037604 and parameters: {'n_estimators': 301, 'min_samples_split': 0.17512819008316724, 'min_samples_leaf': 0.10678441406948977, 'min_weight_fraction_leaf': 0.00045373369170811917, 'max_features': 0.45614628972595256, 'bootstrap': False, 'max_samples': 0.6740728209824887}. Best is trial 10 with value: 0.8297021448762978.[0m
[32m[I 2022-04-21 11:50:56,735][0m Trial 33 finished with value: 0.8325890690915946 and parameters: {'n_estimators': 122, 'min_samples_split': 0.07520122221954018, 'min_samples_leaf': 0.03504177983226154, 'min_weight_fraction_leaf': 0.05063371994172368, 'max_features': 0.36600632658544996, 'bootstrap': False, 'max_samples': 0.7725187998423286}. Best is trial 33 with value: 0.8325890690915946.[0m
[32m[I 2022-04-21 11:51:47,991][0m Trial 34 finished with value: 0.8326235090240026 and parameters: {'n_estimators': 354, 'min_samples_split': 0.06720941804137717, 'min_samples_leaf': 0.02990054589614923, 'min_weight_fraction_leaf': 0.047591113546334725, 'max_features': 0.3667299357234281, 'bootstrap': False, 'max_samples': 0.8187170377286633}. Best is trial 34 with value: 0.8326235090240026.[0m
[32m[I 2022-04-21 11:51:54,912][0m Trial 35 finished with value: 0.7950319101295318 and parameters: {'n_estimators': 460, 'min_samples_split': 0.06882369720946739, 'min_samples_leaf': 0.31892376647797466, 'min_weight_fraction_leaf': 0.04877986718269968, 'max_features': 0.3499979463137886, 'bootstrap': False, 'max_samples': 0.5630763434042656}. Best is trial 34 with value: 0.8326235090240026.[0m
[32m[I 2022-04-21 11:52:03,252][0m Trial 36 finished with value: 0.7888732670000236 and parameters: {'n_estimators': 318, 'min_samples_split': 0.03343182781516322, 'min_samples_leaf': 0.05390061381203884, 'min_weight_fraction_leaf': 0.15107862205126119, 'max_features': 0.16158149625511914, 'bootstrap': True, 'max_samples': 0.4358562584630263, 'oob_score': True}. Best is trial 34 with value: 0.8326235090240026.[0m
[32m[I 2022-04-21 11:52:09,565][0m Trial 37 finished with value: 0.7885899305820153 and parameters: {'n_estimators': 377, 'min_samples_split': 0.055603823822421496, 'min_samples_leaf': 0.005949152530413709, 'min_weight_fraction_leaf': 0.3609641079628564, 'max_features': 0.06514759035737222, 'bootstrap': False, 'max_samples': 0.8927671219010275}. Best is trial 34 with value: 0.8326235090240026.[0m
[32m[I 2022-04-21 11:52:21,993][0m Trial 38 finished with value: 0.7974394032539441 and parameters: {'n_estimators': 629, 'min_samples_split': 0.0235877795855454, 'min_samples_leaf': 0.1598731588874663, 'min_weight_fraction_leaf': 0.18735572754233537, 'max_features': 0.8710792137081131, 'bootstrap': True, 'max_samples': 0.6535919258961217, 'oob_score': False}. Best is trial 34 with value: 0.8326235090240026.[0m
[32m[I 2022-04-21 11:52:34,055][0m Trial 39 finished with value: 0.8245099258518553 and parameters: {'n_estimators': 342, 'min_samples_split': 0.2332932144861142, 'min_samples_leaf': 0.13148758395814675, 'min_weight_fraction_leaf': 0.13089298383426948, 'max_features': 0.28469808354115556, 'bootstrap': False, 'max_samples': 0.7758215147858704}. Best is trial 34 with value: 0.8326235090240026.[0m
[32m[I 2022-04-21 11:52:42,926][0m Trial 40 finished with value: 0.8280755063743397 and parameters: {'n_estimators': 126, 'min_samples_split': 0.12058054898478468, 'min_samples_leaf': 0.06013624343407663, 'min_weight_fraction_leaf': 0.05300601734310152, 'max_features': 0.5224484886586548, 'bootstrap': True, 'max_samples': 0.7493734901619634, 'oob_score': True}. Best is trial 34 with value: 0.8326235090240026.[0m
[32m[I 2022-04-21 11:53:46,091][0m Trial 41 finished with value: 0.8286016774907271 and parameters: {'n_estimators': 992, 'min_samples_split': 0.11909445150397308, 'min_samples_leaf': 0.055122000484505974, 'min_weight_fraction_leaf': 0.023945981404425953, 'max_features': 0.5484164600564674, 'bootstrap': True, 'max_samples': 0.7465362837988997, 'oob_score': True}. Best is trial 34 with value: 0.8326235090240026.[0m
[32m[I 2022-04-21 11:55:13,492][0m Trial 42 finished with value: 0.833323665036638 and parameters: {'n_estimators': 797, 'min_samples_split': 0.06587760197557384, 'min_samples_leaf': 0.025735201050063293, 'min_weight_fraction_leaf': 0.022202093678081316, 'max_features': 0.5748995667582601, 'bootstrap': True, 'max_samples': 0.6071055491164292, 'oob_score': True}. Best is trial 42 with value: 0.833323665036638.[0m
[32m[I 2022-04-21 11:56:22,731][0m Trial 43 finished with value: 0.8337149338300552 and parameters: {'n_estimators': 536, 'min_samples_split': 0.022012099512605188, 'min_samples_leaf': 0.027124590892753764, 'min_weight_fraction_leaf': 0.02323258260497363, 'max_features': 0.6736603032985482, 'bootstrap': True, 'max_samples': 0.6058159339537169, 'oob_score': True}. Best is trial 43 with value: 0.8337149338300552.[0m
[32m[I 2022-04-21 11:57:32,545][0m Trial 44 finished with value: 0.8337640750250062 and parameters: {'n_estimators': 587, 'min_samples_split': 0.06707054619666732, 'min_samples_leaf': 0.021106103943399866, 'min_weight_fraction_leaf': 0.021707857390897242, 'max_features': 0.6364335995531862, 'bootstrap': True, 'max_samples': 0.5257205980047678, 'oob_score': True}. Best is trial 44 with value: 0.8337640750250062.[0m
[32m[I 2022-04-21 11:58:09,128][0m Trial 45 finished with value: 0.8237828640587764 and parameters: {'n_estimators': 640, 'min_samples_split': 0.05650592402498106, 'min_samples_leaf': 0.03122230480142384, 'min_weight_fraction_leaf': 0.06165863852770002, 'max_features': 0.67180699995516, 'bootstrap': True, 'max_samples': 0.40984183974412713, 'oob_score': True}. Best is trial 44 with value: 0.8337640750250062.[0m
[32m[I 2022-04-21 11:59:00,570][0m Trial 46 finished with value: 0.8329439524648162 and parameters: {'n_estimators': 517, 'min_samples_split': 0.097720610727643, 'min_samples_leaf': 0.02389181049586576, 'min_weight_fraction_leaf': 0.02121505432259993, 'max_features': 0.6236532112458264, 'bootstrap': True, 'max_samples': 0.5212672262511847, 'oob_score': True}. Best is trial 44 with value: 0.8337640750250062.[0m
[32m[I 2022-04-21 11:59:10,542][0m Trial 47 finished with value: 0.8165668706610827 and parameters: {'n_estimators': 523, 'min_samples_split': 0.41787407946655775, 'min_samples_leaf': 0.08053016659280335, 'min_weight_fraction_leaf': 0.019977973132350887, 'max_features': 0.5966049596990103, 'bootstrap': True, 'max_samples': 0.5333483052837075, 'oob_score': True}. Best is trial 44 with value: 0.8337640750250062.[0m
[32m[I 2022-04-21 12:00:03,501][0m Trial 48 finished with value: 0.8312120657217624 and parameters: {'n_estimators': 752, 'min_samples_split': 0.09200884482891165, 'min_samples_leaf': 0.018203023367004585, 'min_weight_fraction_leaf': 0.020838734631194063, 'max_features': 0.6451039115483561, 'bootstrap': True, 'max_samples': 0.3321677707817329, 'oob_score': True}. Best is trial 44 with value: 0.8337640750250062.[0m
[32m[I 2022-04-21 12:00:16,654][0m Trial 49 finished with value: 0.7970454331765615 and parameters: {'n_estimators': 555, 'min_samples_split': 0.10248165202477022, 'min_samples_leaf': 0.11213244889602962, 'min_weight_fraction_leaf': 0.0009276214404807977, 'max_features': 0.7196038480678721, 'bootstrap': True, 'max_samples': 0.4467706769321132, 'oob_score': True}. Best is trial 44 with value: 0.8337640750250062.[0m
[32m[I 2022-04-21 12:00:23,929][0m Trial 50 finished with value: 0.35 and parameters: {'n_estimators': 457, 'min_samples_split': 0.04161123536624138, 'min_samples_leaf': 0.34662638489766706, 'min_weight_fraction_leaf': 0.09291063058098217, 'max_features': 0.7682231492454639, 'bootstrap': True, 'max_samples': 0.5261909785377539, 'oob_score': True}. Best is trial 44 with value: 0.8337640750250062.[0m
[32m[I 2022-04-21 12:01:23,072][0m Trial 51 finished with value: 0.8284848077024689 and parameters: {'n_estimators': 854, 'min_samples_split': 0.0754454096470632, 'min_samples_leaf': 0.04075134062502321, 'min_weight_fraction_leaf': 0.06608461368709523, 'max_features': 0.5991946988984664, 'bootstrap': True, 'max_samples': 0.6052269870039515, 'oob_score': True}. Best is trial 44 with value: 0.8337640750250062.[0m
