[32m[I 2022-04-21 14:20:43,557][0m Trial 793 finished with value: 0.6824418212288087 and parameters: {'n_estimators': 202, 'min_samples_split': 0.4160294693093197, 'min_samples_leaf': 0.01333804531330185, 'min_weight_fraction_leaf': 0.08345994241322446, 'max_features': 0.5095229872189826, 'bootstrap': True, 'max_samples': 0.47889923181054805, 'oob_score': False}. Best is trial 530 with value: 0.696197846611031.[0m
[32m[I 2022-04-21 14:20:51,230][0m Trial 794 finished with value: 0.6861454341365085 and parameters: {'n_estimators': 845, 'min_samples_split': 0.02160313867787793, 'min_samples_leaf': 0.001160019059092264, 'min_weight_fraction_leaf': 0.11342566369597097, 'max_features': 0.5367407729562058, 'bootstrap': True, 'max_samples': 0.5010358208887459, 'oob_score': False}. Best is trial 530 with value: 0.696197846611031.[0m
[32m[I 2022-04-21 14:20:58,630][0m Trial 795 finished with value: 0.6940634742788638 and parameters: {'n_estimators': 876, 'min_samples_split': 0.07858753603433463, 'min_samples_leaf': 0.027132203384470525, 'min_weight_fraction_leaf': 0.05814890573624177, 'max_features': 0.49194821601712024, 'bootstrap': True, 'max_samples': 0.39533374827427964, 'oob_score': False}. Best is trial 530 with value: 0.696197846611031.[0m
[32m[I 2022-04-21 14:21:05,562][0m Trial 796 finished with value: 0.696197846611031 and parameters: {'n_estimators': 748, 'min_samples_split': 0.025191515118160996, 'min_samples_leaf': 0.009734399816337037, 'min_weight_fraction_leaf': 0.06529171025792893, 'max_features': 0.5238428451408476, 'bootstrap': True, 'max_samples': 0.42793280205457246, 'oob_score': False}. Best is trial 530 with value: 0.696197846611031.[0m
[32m[I 2022-04-21 14:21:11,746][0m Trial 797 finished with value: 0.6908795977435103 and parameters: {'n_estimators': 744, 'min_samples_split': 0.04060901172016047, 'min_samples_leaf': 0.010565537762886934, 'min_weight_fraction_leaf': 0.09776439029021741, 'max_features': 0.5315040802808604, 'bootstrap': True, 'max_samples': 0.4082244506131594, 'oob_score': False}. Best is trial 530 with value: 0.696197846611031.[0m
[32m[I 2022-04-21 14:21:18,791][0m Trial 798 finished with value: 0.5 and parameters: {'n_estimators': 771, 'min_samples_split': 0.49992493627428913, 'min_samples_leaf': 0.018234454151551328, 'min_weight_fraction_leaf': 0.05163230376982281, 'max_features': 0.5323690370888826, 'bootstrap': True, 'max_samples': 0.4247671580573889, 'oob_score': False}. Best is trial 530 with value: 0.696197846611031.[0m
[32m[I 2022-04-21 14:21:25,230][0m Trial 799 finished with value: 0.692739226171594 and parameters: {'n_estimators': 718, 'min_samples_split': 0.026944494460691606, 'min_samples_leaf': 0.04229519846576242, 'min_weight_fraction_leaf': 0.06467983093852422, 'max_features': 0.5133367217694359, 'bootstrap': True, 'max_samples': 0.38918654965933763, 'oob_score': False}. Best is trial 530 with value: 0.696197846611031.[0m
[32m[I 2022-04-21 14:21:31,443][0m Trial 800 finished with value: 0.6814343802641584 and parameters: {'n_estimators': 729, 'min_samples_split': 0.04448730597910147, 'min_samples_leaf': 0.00954557603429778, 'min_weight_fraction_leaf': 0.08105599441581732, 'max_features': 0.5230674322085479, 'bootstrap': False, 'max_samples': 0.43928320106120466}. Best is trial 530 with value: 0.696197846611031.[0m
[32m[I 2022-04-21 14:21:38,052][0m Trial 801 finished with value: 0.6838501085355804 and parameters: {'n_estimators': 794, 'min_samples_split': 0.0331582575857396, 'min_samples_leaf': 0.09441308351963461, 'min_weight_fraction_leaf': 0.0403882082627158, 'max_features': 0.5332712041107615, 'bootstrap': True, 'max_samples': 0.42545744259494933, 'oob_score': False}. Best is trial 530 with value: 0.696197846611031.[0m
[32m[I 2022-04-21 14:21:46,266][0m Trial 802 finished with value: 0.6936832506425381 and parameters: {'n_estimators': 797, 'min_samples_split': 0.02391996887669752, 'min_samples_leaf': 0.029021857714145616, 'min_weight_fraction_leaf': 0.05308563155568432, 'max_features': 0.5393448590149188, 'bootstrap': True, 'max_samples': 0.41050496725457497, 'oob_score': False}. Best is trial 530 with value: 0.696197846611031.[0m
[32m[I 2022-04-21 14:21:53,369][0m Trial 803 finished with value: 0.6940634742788638 and parameters: {'n_estimators': 813, 'min_samples_split': 0.017372442890471428, 'min_samples_leaf': 0.04074522815733278, 'min_weight_fraction_leaf': 0.06403891517453444, 'max_features': 0.5076317230039563, 'bootstrap': True, 'max_samples': 0.44672782590606896, 'oob_score': False}. Best is trial 530 with value: 0.696197846611031.[0m
[32m[I 2022-04-21 14:21:59,733][0m Trial 804 finished with value: 0.6898358722980971 and parameters: {'n_estimators': 773, 'min_samples_split': 0.053304688645249204, 'min_samples_leaf': 0.021467754852306006, 'min_weight_fraction_leaf': 0.0777005446782286, 'max_features': 0.48533277422418103, 'bootstrap': True, 'max_samples': 0.3676053548099187, 'oob_score': False}. Best is trial 530 with value: 0.696197846611031.[0m
[32m[I 2022-04-21 14:22:07,150][0m Trial 805 finished with value: 0.6940634742788638 and parameters: {'n_estimators': 705, 'min_samples_split': 0.011528947274984994, 'min_samples_leaf': 0.03755782562769618, 'min_weight_fraction_leaf': 0.06072122352323303, 'max_features': 0.5083081243825481, 'bootstrap': True, 'max_samples': 0.4107097763199931, 'oob_score': False}. Best is trial 530 with value: 0.696197846611031.[0m
[32m[I 2022-04-21 14:22:15,102][0m Trial 806 finished with value: 0.6914362377593439 and parameters: {'n_estimators': 832, 'min_samples_split': 0.0376861776836242, 'min_samples_leaf': 0.025931249332147396, 'min_weight_fraction_leaf': 0.04711443807638798, 'max_features': 0.46738948950083, 'bootstrap': True, 'max_samples': 0.39544566751663107, 'oob_score': False}. Best is trial 530 with value: 0.696197846611031.[0m
[32m[I 2022-04-21 14:22:23,002][0m Trial 807 finished with value: 0.6941762820779724 and parameters: {'n_estimators': 844, 'min_samples_split': 0.050058661401078855, 'min_samples_leaf': 0.01936571406804337, 'min_weight_fraction_leaf': 0.07073319317257226, 'max_features': 0.5025444010038002, 'bootstrap': True, 'max_samples': 0.43359173403227186, 'oob_score': False}. Best is trial 530 with value: 0.696197846611031.[0m
[32m[I 2022-04-21 14:22:30,979][0m Trial 808 finished with value: 0.6900273838027425 and parameters: {'n_estimators': 787, 'min_samples_split': 0.01985783997224619, 'min_samples_leaf': 0.03433756126049059, 'min_weight_fraction_leaf': 0.05290976081618404, 'max_features': 0.4824696094969431, 'bootstrap': True, 'max_samples': 0.4530387666937196, 'oob_score': False}. Best is trial 530 with value: 0.696197846611031.[0m
[32m[I 2022-04-21 14:22:38,762][0m Trial 809 finished with value: 0.6916930789031768 and parameters: {'n_estimators': 741, 'min_samples_split': 0.02918603802654809, 'min_samples_leaf': 0.007321331762055327, 'min_weight_fraction_leaf': 0.08794711457109969, 'max_features': 0.5413519811561821, 'bootstrap': True, 'max_samples': 0.46890207604417783, 'oob_score': False}. Best is trial 530 with value: 0.696197846611031.[0m
[32m[I 2022-04-21 14:22:46,761][0m Trial 810 finished with value: 0.6944227382554584 and parameters: {'n_estimators': 828, 'min_samples_split': 0.017618050987270692, 'min_samples_leaf': 0.009823988743907854, 'min_weight_fraction_leaf': 0.07318497490085195, 'max_features': 0.51936636626774, 'bootstrap': True, 'max_samples': 0.45229111556638446, 'oob_score': False}. Best is trial 530 with value: 0.696197846611031.[0m
[32m[I 2022-04-21 14:22:53,308][0m Trial 811 finished with value: 0.6911436036456691 and parameters: {'n_estimators': 712, 'min_samples_split': 0.03330449843931688, 'min_samples_leaf': 0.008340646988877865, 'min_weight_fraction_leaf': 0.07671663387740275, 'max_features': 0.46638121553661827, 'bootstrap': True, 'max_samples': 0.424201071692335, 'oob_score': False}. Best is trial 530 with value: 0.696197846611031.[0m
[32m[I 2022-04-21 14:22:59,212][0m Trial 812 finished with value: 0.5 and parameters: {'n_estimators': 751, 'min_samples_split': 0.011490875461004225, 'min_samples_leaf': 0.33843889929085463, 'min_weight_fraction_leaf': 0.08987473449017477, 'max_features': 0.4971285439725257, 'bootstrap': True, 'max_samples': 0.4753923623912326, 'oob_score': False}. Best is trial 530 with value: 0.696197846611031.[0m
[32m[I 2022-04-21 14:23:07,503][0m Trial 813 finished with value: 0.6908590785787888 and parameters: {'n_estimators': 752, 'min_samples_split': 0.026176148211310236, 'min_samples_leaf': 0.002697141057953634, 'min_weight_fraction_leaf': 0.038014031742694576, 'max_features': 0.47349956809609794, 'bootstrap': True, 'max_samples': 0.3849836117387759, 'oob_score': False}. Best is trial 530 with value: 0.696197846611031.[0m
[32m[I 2022-04-21 14:23:15,624][0m Trial 814 finished with value: 0.692739226171594 and parameters: {'n_estimators': 891, 'min_samples_split': 0.048071699461764386, 'min_samples_leaf': 0.01932209535138471, 'min_weight_fraction_leaf': 0.06253219579350897, 'max_features': 0.5409003379294576, 'bootstrap': True, 'max_samples': 0.41102516465284816, 'oob_score': False}. Best is trial 530 with value: 0.696197846611031.[0m
[32m[I 2022-04-21 14:23:18,676][0m Trial 815 finished with value: 0.6908300450736553 and parameters: {'n_estimators': 233, 'min_samples_split': 0.0011304731469747708, 'min_samples_leaf': 0.05583000976586972, 'min_weight_fraction_leaf': 0.06437817891886465, 'max_features': 0.49267051754696867, 'bootstrap': True, 'max_samples': 0.4355762071447745, 'oob_score': False}. Best is trial 530 with value: 0.696197846611031.[0m
[32m[I 2022-04-21 14:23:25,873][0m Trial 816 finished with value: 0.6888235395124261 and parameters: {'n_estimators': 870, 'min_samples_split': 0.08707787884434112, 'min_samples_leaf': 0.02729441867181427, 'min_weight_fraction_leaf': 0.05088047651431645, 'max_features': 0.45127297672708655, 'bootstrap': True, 'max_samples': 0.15384667772049831, 'oob_score': False}. Best is trial 530 with value: 0.696197846611031.[0m
[32m[I 2022-04-21 14:23:32,898][0m Trial 817 finished with value: 0.6947315747093891 and parameters: {'n_estimators': 723, 'min_samples_split': 0.011517265571945334, 'min_samples_leaf': 0.009401323598864678, 'min_weight_fraction_leaf': 0.07398594103987936, 'max_features': 0.5193619170494164, 'bootstrap': True, 'max_samples': 0.44601846785719823, 'oob_score': False}. Best is trial 530 with value: 0.696197846611031.[0m
[32m[I 2022-04-21 14:23:39,383][0m Trial 818 finished with value: 0.6884644468911226 and parameters: {'n_estimators': 711, 'min_samples_split': 0.02147953853400061, 'min_samples_leaf': 0.014404699356804562, 'min_weight_fraction_leaf': 0.10068281471849022, 'max_features': 0.5377506163958508, 'bootstrap': True, 'max_samples': 0.415340133807569, 'oob_score': False}. Best is trial 530 with value: 0.696197846611031.[0m
[32m[I 2022-04-21 14:23:46,510][0m Trial 819 finished with value: 0.6828692893132726 and parameters: {'n_estimators': 776, 'min_samples_split': 0.039582771719756396, 'min_samples_leaf': 0.0019665716542189354, 'min_weight_fraction_leaf': 0.08481010519207083, 'max_features': 0.5234935423077373, 'bootstrap': False, 'max_samples': 0.2558659342453302}. Best is trial 530 with value: 0.696197846611031.[0m
[32m[I 2022-04-21 14:23:53,353][0m Trial 820 finished with value: 0.6944227382554584 and parameters: {'n_estimators': 705, 'min_samples_split': 0.012256723256943991, 'min_samples_leaf': 0.0014836028996112784, 'min_weight_fraction_leaf': 0.05890397625396244, 'max_features': 0.5194335766980978, 'bootstrap': True, 'max_samples': 0.38078634702326064, 'oob_score': False}. Best is trial 530 with value: 0.696197846611031.[0m
[32m[I 2022-04-21 14:24:00,055][0m Trial 821 finished with value: 0.6947315747093891 and parameters: {'n_estimators': 721, 'min_samples_split': 0.030632425891089672, 'min_samples_leaf': 0.0010042160711242684, 'min_weight_fraction_leaf': 0.07188951243884163, 'max_features': 0.5454821927163773, 'bootstrap': True, 'max_samples': 0.4435642698693682, 'oob_score': False}. Best is trial 530 with value: 0.696197846611031.[0m
[32m[I 2022-04-21 14:24:05,915][0m Trial 822 finished with value: 0.5 and parameters: {'n_estimators': 718, 'min_samples_split': 0.059037092647847525, 'min_samples_leaf': 0.007514973531572217, 'min_weight_fraction_leaf': 0.4015702788932549, 'max_features': 0.5452907114036023, 'bootstrap': True, 'max_samples': 0.4434166468046897, 'oob_score': False}. Best is trial 530 with value: 0.696197846611031.[0m
[32m[I 2022-04-21 14:24:11,597][0m Trial 823 finished with value: 0.5 and parameters: {'n_estimators': 688, 'min_samples_split': 0.039128005307647706, 'min_samples_leaf': 0.19101256555616994, 'min_weight_fraction_leaf': 0.24951195856461317, 'max_features': 0.5412100869934111, 'bootstrap': True, 'max_samples': 0.45377302440461664, 'oob_score': False}. Best is trial 530 with value: 0.696197846611031.[0m
[32m[I 2022-04-21 14:24:18,582][0m Trial 824 finished with value: 0.6900043573132502 and parameters: {'n_estimators': 689, 'min_samples_split': 0.031208067885270974, 'min_samples_leaf': 0.0010498837235431643, 'min_weight_fraction_leaf': 0.04795427362019662, 'max_features': 0.5259860129119835, 'bootstrap': True, 'max_samples': 0.4361744788767587, 'oob_score': False}. Best is trial 530 with value: 0.696197846611031.[0m
[32m[I 2022-04-21 14:24:26,594][0m Trial 825 finished with value: 0.6881370986287731 and parameters: {'n_estimators': 730, 'min_samples_split': 0.04052601168302421, 'min_samples_leaf': 0.0012425671453866367, 'min_weight_fraction_leaf': 0.03898271927083254, 'max_features': 0.5457122548221316, 'bootstrap': True, 'max_samples': 0.4606050292705424, 'oob_score': False}. Best is trial 530 with value: 0.696197846611031.[0m
[32m[I 2022-04-21 14:24:33,261][0m Trial 826 finished with value: 0.6737170864352464 and parameters: {'n_estimators': 750, 'min_samples_split': 0.3852423741477995, 'min_samples_leaf': 0.0012744331530352535, 'min_weight_fraction_leaf': 0.06721955163654245, 'max_features': 0.5485296112732675, 'bootstrap': True, 'max_samples': 0.42755329527406616, 'oob_score': False}. Best is trial 530 with value: 0.696197846611031.[0m
[32m[I 2022-04-21 14:24:41,816][0m Trial 827 finished with value: 0.6903302438797828 and parameters: {'n_estimators': 775, 'min_samples_split': 0.03130492112701966, 'min_samples_leaf': 0.013079690369765928, 'min_weight_fraction_leaf': 0.05541564188483452, 'max_features': 0.5184447139188962, 'bootstrap': True, 'max_samples': 0.4835481158617195, 'oob_score': False}. Best is trial 530 with value: 0.696197846611031.[0m
[32m[I 2022-04-21 14:24:48,461][0m Trial 828 finished with value: 0.693505248198257 and parameters: {'n_estimators': 705, 'min_samples_split': 0.02506565394655085, 'min_samples_leaf': 0.015386113105184436, 'min_weight_fraction_leaf': 0.07091364755204316, 'max_features': 0.5192639906394524, 'bootstrap': True, 'max_samples': 0.4439968850896309, 'oob_score': False}. Best is trial 530 with value: 0.696197846611031.[0m
[32m[I 2022-04-21 14:24:55,274][0m Trial 829 finished with value: 0.6827031929465265 and parameters: {'n_estimators': 726, 'min_samples_split': 0.3642545251136296, 'min_samples_leaf': 0.015455259852826059, 'min_weight_fraction_leaf': 0.06003882654193039, 'max_features': 0.5442909731222207, 'bootstrap': True, 'max_samples': 0.4568844313094061, 'oob_score': False}. Best is trial 530 with value: 0.696197846611031.[0m
[32m[I 2022-04-21 14:25:01,926][0m Trial 830 finished with value: 0.6936584514818314 and parameters: {'n_estimators': 667, 'min_samples_split': 0.04420765616499986, 'min_samples_leaf': 0.01105878746049064, 'min_weight_fraction_leaf': 0.08273010018887132, 'max_features': 0.5030729110423695, 'bootstrap': True, 'max_samples': 0.4185982737392858, 'oob_score': False}. Best is trial 530 with value: 0.696197846611031.[0m
[32m[I 2022-04-21 14:25:09,679][0m Trial 831 finished with value: 0.6910322626398153 and parameters: {'n_estimators': 750, 'min_samples_split': 0.023423099743076947, 'min_samples_leaf': 0.019930802425780852, 'min_weight_fraction_leaf': 0.04448791070846307, 'max_features': 0.5269339202715013, 'bootstrap': True, 'max_samples': 0.4731086036968438, 'oob_score': False}. Best is trial 530 with value: 0.696197846611031.[0m
[32m[I 2022-04-21 14:25:12,080][0m Trial 832 finished with value: 0.6888709151295581 and parameters: {'n_estimators': 153, 'min_samples_split': 0.03393289720043303, 'min_samples_leaf': 0.010295699689713033, 'min_weight_fraction_leaf': 0.06892263053283046, 'max_features': 0.5519421934875955, 'bootstrap': True, 'max_samples': 0.4368428137400188, 'oob_score': False}. Best is trial 530 with value: 0.696197846611031.[0m
[32m[I 2022-04-21 14:25:19,604][0m Trial 833 finished with value: 0.6933521886157207 and parameters: {'n_estimators': 791, 'min_samples_split': 0.05518347909902274, 'min_samples_leaf': 0.02937062267797097, 'min_weight_fraction_leaf': 0.05823360034227504, 'max_features': 0.5115110378758185, 'bootstrap': True, 'max_samples': 0.4207999885306844, 'oob_score': False}. Best is trial 530 with value: 0.696197846611031.[0m
[32m[I 2022-04-21 14:25:27,420][0m Trial 834 finished with value: 0.6940634742788638 and parameters: {'n_estimators': 815, 'min_samples_split': 0.018703303954957326, 'min_samples_leaf': 0.018090821074806623, 'min_weight_fraction_leaf': 0.07502611050880066, 'max_features': 0.5050938610689132, 'bootstrap': True, 'max_samples': 0.45976353354859056, 'oob_score': False}. Best is trial 530 with value: 0.696197846611031.[0m
[32m[I 2022-04-21 14:25:34,993][0m Trial 835 finished with value: 0.6903302438797828 and parameters: {'n_estimators': 773, 'min_samples_split': 0.028664521637084384, 'min_samples_leaf': 0.0011198223834557978, 'min_weight_fraction_leaf': 0.049917225563636564, 'max_features': 0.5397425142941374, 'bootstrap': True, 'max_samples': 0.48487918545810593, 'oob_score': False}. Best is trial 530 with value: 0.696197846611031.[0m
[32m[I 2022-04-21 14:25:43,121][0m Trial 836 finished with value: 0.6906994666147002 and parameters: {'n_estimators': 833, 'min_samples_split': 0.07122757602032499, 'min_samples_leaf': 0.022363315413886836, 'min_weight_fraction_leaf': 0.08565771717713302, 'max_features': 0.5260446063837458, 'bootstrap': True, 'max_samples': 0.44327301878081193, 'oob_score': False}. Best is trial 530 with value: 0.696197846611031.[0m
[32m[I 2022-04-21 14:25:49,064][0m Trial 837 finished with value: 0.5 and parameters: {'n_estimators': 692, 'min_samples_split': 0.01766039967022836, 'min_samples_leaf': 0.009836957281524967, 'min_weight_fraction_leaf': 0.43287024683494246, 'max_features': 0.4928414463329451, 'bootstrap': True, 'max_samples': 0.4123378826609076, 'oob_score': False}. Best is trial 530 with value: 0.696197846611031.[0m
[32m[I 2022-04-21 14:25:58,024][0m Trial 838 finished with value: 0.6789557689164359 and parameters: {'n_estimators': 857, 'min_samples_split': 0.043858242720909844, 'min_samples_leaf': 0.0013517857090461418, 'min_weight_fraction_leaf': 0.06453246040820088, 'max_features': 0.819154317233683, 'bootstrap': False, 'max_samples': 0.43395133059754987}. Best is trial 530 with value: 0.696197846611031.[0m
[32m[I 2022-04-21 14:26:04,955][0m Trial 839 finished with value: 0.6900202958636419 and parameters: {'n_estimators': 735, 'min_samples_split': 0.012217985188631738, 'min_samples_leaf': 0.03276171276055857, 'min_weight_fraction_leaf': 0.038704611903596475, 'max_features': 0.553610689183509, 'bootstrap': True, 'max_samples': 0.4631741221102196, 'oob_score': False}. Best is trial 530 with value: 0.696197846611031.[0m
[32m[I 2022-04-21 14:26:12,143][0m Trial 840 finished with value: 0.6937918043400458 and parameters: {'n_estimators': 792, 'min_samples_split': 0.026024186996260818, 'min_samples_leaf': 0.022607731983351968, 'min_weight_fraction_leaf': 0.07116212778192359, 'max_features': 0.5085914251566565, 'bootstrap': True, 'max_samples': 0.4024184990377151, 'oob_score': False}. Best is trial 530 with value: 0.696197846611031.[0m
[32m[I 2022-04-21 14:26:20,080][0m Trial 841 finished with value: 0.6933734001431211 and parameters: {'n_estimators': 827, 'min_samples_split': 0.010548823706023206, 'min_samples_leaf': 0.04832586753312313, 'min_weight_fraction_leaf': 0.05558716122732503, 'max_features': 0.4907574413530021, 'bootstrap': True, 'max_samples': 0.443233787659783, 'oob_score': False}. Best is trial 530 with value: 0.696197846611031.[0m
[32m[I 2022-04-21 14:26:27,549][0m Trial 842 finished with value: 0.6885605849888962 and parameters: {'n_estimators': 871, 'min_samples_split': 0.033880909026694196, 'min_samples_leaf': 0.0011354419190449834, 'min_weight_fraction_leaf': 0.09470675128156283, 'max_features': 0.522727169352062, 'bootstrap': True, 'max_samples': 0.42454941896646176, 'oob_score': False}. Best is trial 530 with value: 0.696197846611031.[0m
[32m[I 2022-04-21 14:26:35,029][0m Trial 843 finished with value: 0.6927464568542411 and parameters: {'n_estimators': 763, 'min_samples_split': 0.020177814658911383, 'min_samples_leaf': 0.017608138549505853, 'min_weight_fraction_leaf': 0.07972076685954661, 'max_features': 0.5358264375879699, 'bootstrap': True, 'max_samples': 0.4861469283450278, 'oob_score': False}. Best is trial 530 with value: 0.696197846611031.[0m
[32m[I 2022-04-21 14:26:42,397][0m Trial 844 finished with value: 0.6955077724752883 and parameters: {'n_estimators': 911, 'min_samples_split': 0.012052410902441715, 'min_samples_leaf': 0.03457314681462919, 'min_weight_fraction_leaf': 0.06354395610090767, 'max_features': 0.49880340912008453, 'bootstrap': True, 'max_samples': 0.4570607263609722, 'oob_score': False}. Best is trial 530 with value: 0.696197846611031.[0m
