[32m[I 2022-04-21 12:12:54,939][0m Trial 486 finished with value: 0.8426442432752064 and parameters: {'n_estimators': 344, 'min_samples_split': 0.27957861225389596, 'min_samples_leaf': 0.11307119348858377, 'min_weight_fraction_leaf': 0.19423001431303988, 'max_features': 0.02798419117894646, 'bootstrap': False, 'max_samples': 0.5827331654516378}. Best is trial 349 with value: 0.842952376884214.[0m
[32m[I 2022-04-21 12:12:57,754][0m Trial 487 finished with value: 0.839201170342092 and parameters: {'n_estimators': 206, 'min_samples_split': 0.24715508439467407, 'min_samples_leaf': 0.16442331886772246, 'min_weight_fraction_leaf': 0.14192090904332197, 'max_features': 0.08003167132306133, 'bootstrap': False, 'max_samples': 0.39343598003200214}. Best is trial 349 with value: 0.842952376884214.[0m
[32m[I 2022-04-21 12:13:00,830][0m Trial 488 finished with value: 0.8423083212244602 and parameters: {'n_estimators': 249, 'min_samples_split': 0.26293256101260604, 'min_samples_leaf': 0.17233711493311266, 'min_weight_fraction_leaf': 0.02376701340198847, 'max_features': 0.1860790209326427, 'bootstrap': False, 'max_samples': 0.22433478146646052}. Best is trial 349 with value: 0.842952376884214.[0m
[32m[I 2022-04-21 12:13:05,238][0m Trial 489 finished with value: 0.7363879476969382 and parameters: {'n_estimators': 398, 'min_samples_split': 0.19700904529765506, 'min_samples_leaf': 0.1556620347633036, 'min_weight_fraction_leaf': 0.169537760842519, 'max_features': 0.04862596520453494, 'bootstrap': True, 'max_samples': 0.6562682226369312, 'oob_score': False}. Best is trial 349 with value: 0.842952376884214.[0m
[32m[I 2022-04-21 12:13:09,477][0m Trial 490 finished with value: 0.8363183545816127 and parameters: {'n_estimators': 425, 'min_samples_split': 0.20692491274300917, 'min_samples_leaf': 0.13749730418673778, 'min_weight_fraction_leaf': 0.03390413192038663, 'max_features': 0.0453432801387398, 'bootstrap': False, 'max_samples': 0.9994284325119341}. Best is trial 349 with value: 0.842952376884214.[0m
[32m[I 2022-04-21 12:13:13,250][0m Trial 491 finished with value: 0.8426442432752064 and parameters: {'n_estimators': 302, 'min_samples_split': 0.2144602895028543, 'min_samples_leaf': 0.18399721606700695, 'min_weight_fraction_leaf': 0.0220504223264149, 'max_features': 0.15121068157358064, 'bootstrap': False, 'max_samples': 0.4795266514593446}. Best is trial 349 with value: 0.842952376884214.[0m
[32m[I 2022-04-21 12:13:16,635][0m Trial 492 finished with value: 0.8426442432752064 and parameters: {'n_estimators': 314, 'min_samples_split': 0.28616470768264385, 'min_samples_leaf': 0.2037366313740245, 'min_weight_fraction_leaf': 0.18276018926651608, 'max_features': 0.003473334231834114, 'bootstrap': False, 'max_samples': 0.49540424488741147}. Best is trial 349 with value: 0.842952376884214.[0m
[32m[I 2022-04-21 12:13:21,211][0m Trial 493 finished with value: 0.8354732234586274 and parameters: {'n_estimators': 419, 'min_samples_split': 0.21229622554737576, 'min_samples_leaf': 0.14271585807678716, 'min_weight_fraction_leaf': 0.0005322063681571353, 'max_features': 0.026895799651047447, 'bootstrap': False, 'max_samples': 0.9674574827816524}. Best is trial 349 with value: 0.842952376884214.[0m
[32m[I 2022-04-21 12:13:25,605][0m Trial 494 finished with value: 0.8427903724166675 and parameters: {'n_estimators': 401, 'min_samples_split': 0.22002079671515193, 'min_samples_leaf': 0.1577390975938128, 'min_weight_fraction_leaf': 0.180518374877417, 'max_features': 0.03610791313808427, 'bootstrap': False, 'max_samples': 0.6097720305978878}. Best is trial 349 with value: 0.842952376884214.[0m
[32m[I 2022-04-21 12:13:28,730][0m Trial 495 finished with value: 0.6656426807671247 and parameters: {'n_estimators': 270, 'min_samples_split': 0.24657792498251024, 'min_samples_leaf': 0.1642424376387862, 'min_weight_fraction_leaf': 0.34585608263792034, 'max_features': 0.9808950958188498, 'bootstrap': False, 'max_samples': 0.47319881707687217}. Best is trial 349 with value: 0.842952376884214.[0m
[32m[I 2022-04-21 12:13:31,574][0m Trial 496 finished with value: 0.8380932307556194 and parameters: {'n_estimators': 199, 'min_samples_split': 0.14178664643998168, 'min_samples_leaf': 0.15815666684986546, 'min_weight_fraction_leaf': 0.1544568433702424, 'max_features': 0.5798917029278349, 'bootstrap': False, 'max_samples': 0.2536749946494544}. Best is trial 349 with value: 0.842952376884214.[0m
[32m[I 2022-04-21 12:13:34,917][0m Trial 497 finished with value: 0.8426442432752064 and parameters: {'n_estimators': 261, 'min_samples_split': 0.2575886258243609, 'min_samples_leaf': 0.19087764915251076, 'min_weight_fraction_leaf': 0.1021447289886977, 'max_features': 0.22886634998551536, 'bootstrap': False, 'max_samples': 0.12366781390817469}. Best is trial 349 with value: 0.842952376884214.[0m
[32m[I 2022-04-21 12:13:39,115][0m Trial 498 finished with value: 0.8426442432752064 and parameters: {'n_estimators': 339, 'min_samples_split': 0.2963394997257983, 'min_samples_leaf': 0.19342841411677858, 'min_weight_fraction_leaf': 0.164535100285694, 'max_features': 0.24864244795622614, 'bootstrap': False, 'max_samples': 0.7647529234473337}. Best is trial 349 with value: 0.842952376884214.[0m
[32m[I 2022-04-21 12:13:43,919][0m Trial 499 finished with value: 0.8394140850808585 and parameters: {'n_estimators': 241, 'min_samples_split': 0.2367589764528075, 'min_samples_leaf': 0.1569120212145977, 'min_weight_fraction_leaf': 0.17341687306039102, 'max_features': 0.10759300407452418, 'bootstrap': True, 'max_samples': 0.6727223172386159, 'oob_score': True}. Best is trial 349 with value: 0.842952376884214.[0m
[32m[I 2022-04-21 12:13:50,562][0m Trial 500 finished with value: 0.8427903724166675 and parameters: {'n_estimators': 704, 'min_samples_split': 0.2644992156045851, 'min_samples_leaf': 0.17380665426606398, 'min_weight_fraction_leaf': 0.03604674586578413, 'max_features': 0.15655089498039126, 'bootstrap': False, 'max_samples': 0.8249140872409411}. Best is trial 349 with value: 0.842952376884214.[0m
[32m[I 2022-04-21 12:13:54,200][0m Trial 501 finished with value: 0.65 and parameters: {'n_estimators': 299, 'min_samples_split': 0.2576373959343694, 'min_samples_leaf': 0.394984124405351, 'min_weight_fraction_leaf': 0.19400019928526396, 'max_features': 0.2150618662478619, 'bootstrap': False, 'max_samples': 0.22964727491561135}. Best is trial 349 with value: 0.842952376884214.[0m
[32m[I 2022-04-21 12:13:58,626][0m Trial 502 finished with value: 0.8423083212244602 and parameters: {'n_estimators': 426, 'min_samples_split': 0.17718393558675533, 'min_samples_leaf': 0.14490272801936116, 'min_weight_fraction_leaf': 0.16989169344512778, 'max_features': 0.0393613181665044, 'bootstrap': False, 'max_samples': 0.692466570387211}. Best is trial 349 with value: 0.842952376884214.[0m
[32m[I 2022-04-21 12:14:01,980][0m Trial 503 finished with value: 0.8427903724166675 and parameters: {'n_estimators': 289, 'min_samples_split': 0.2717415726154051, 'min_samples_leaf': 0.17439918048834432, 'min_weight_fraction_leaf': 0.01933746557921631, 'max_features': 0.0647698319288641, 'bootstrap': False, 'max_samples': 0.4485292591087179}. Best is trial 349 with value: 0.842952376884214.[0m
[32m[I 2022-04-21 12:14:05,515][0m Trial 504 finished with value: 0.6656426807671247 and parameters: {'n_estimators': 304, 'min_samples_split': 0.2748436025799845, 'min_samples_leaf': 0.34665528781160637, 'min_weight_fraction_leaf': 0.022160972640317765, 'max_features': 0.06351043988646704, 'bootstrap': False, 'max_samples': 0.2638782842020271}. Best is trial 349 with value: 0.842952376884214.[0m
[32m[I 2022-04-21 12:14:08,792][0m Trial 505 finished with value: 0.8427903724166675 and parameters: {'n_estimators': 187, 'min_samples_split': 0.32274549871042685, 'min_samples_leaf': 0.1039664740135704, 'min_weight_fraction_leaf': 0.17985399662854676, 'max_features': 0.23371307174124145, 'bootstrap': False, 'max_samples': 0.23978997298456836}. Best is trial 349 with value: 0.842952376884214.[0m
[32m[I 2022-04-21 12:14:12,353][0m Trial 506 finished with value: 0.8426442432752064 and parameters: {'n_estimators': 242, 'min_samples_split': 0.3497808868842014, 'min_samples_leaf': 0.1660988748954852, 'min_weight_fraction_leaf': 0.21754943600957777, 'max_features': 0.2165642915342335, 'bootstrap': False, 'max_samples': 0.17645022550555517}. Best is trial 349 with value: 0.842952376884214.[0m
[32m[I 2022-04-21 12:14:15,280][0m Trial 507 finished with value: 0.8426442432752064 and parameters: {'n_estimators': 209, 'min_samples_split': 0.31076321308005395, 'min_samples_leaf': 0.21323195116728183, 'min_weight_fraction_leaf': 0.0893809697303217, 'max_features': 0.1825510251011461, 'bootstrap': False, 'max_samples': 0.03804090077394173}. Best is trial 349 with value: 0.842952376884214.[0m
[32m[I 2022-04-21 12:14:19,570][0m Trial 508 finished with value: 0.8385082943467893 and parameters: {'n_estimators': 373, 'min_samples_split': 0.16227581985897538, 'min_samples_leaf': 0.15110066517289739, 'min_weight_fraction_leaf': 0.035494851810519645, 'max_features': 0.02538255573304954, 'bootstrap': False, 'max_samples': 0.7190731114640841}. Best is trial 349 with value: 0.842952376884214.[0m
[32m[I 2022-04-21 12:14:22,835][0m Trial 509 finished with value: 0.839201170342092 and parameters: {'n_estimators': 267, 'min_samples_split': 0.2414884467318662, 'min_samples_leaf': 0.11292061915941956, 'min_weight_fraction_leaf': 0.16140053436814217, 'max_features': 0.1708713681161913, 'bootstrap': False, 'max_samples': 0.453092715580604}. Best is trial 349 with value: 0.842952376884214.[0m
[32m[I 2022-04-21 12:14:29,576][0m Trial 510 finished with value: 0.8426442432752064 and parameters: {'n_estimators': 853, 'min_samples_split': 0.10652773726709991, 'min_samples_leaf': 0.1844521729697808, 'min_weight_fraction_leaf': 0.10949208222548776, 'max_features': 0.20526852624237624, 'bootstrap': False, 'max_samples': 0.5631265855620468}. Best is trial 349 with value: 0.842952376884214.[0m
[32m[I 2022-04-21 12:14:33,007][0m Trial 511 finished with value: 0.8426442432752064 and parameters: {'n_estimators': 250, 'min_samples_split': 0.26896207185321597, 'min_samples_leaf': 0.19823101320506123, 'min_weight_fraction_leaf': 0.0379927152370655, 'max_features': 0.17548168516470442, 'bootstrap': False, 'max_samples': 0.09860557614857773}. Best is trial 349 with value: 0.842952376884214.[0m
[32m[I 2022-04-21 12:14:36,201][0m Trial 512 finished with value: 0.8426442432752064 and parameters: {'n_estimators': 225, 'min_samples_split': 0.31267311543495757, 'min_samples_leaf': 0.18237852271520782, 'min_weight_fraction_leaf': 0.04624350668147, 'max_features': 0.13008164527901922, 'bootstrap': False, 'max_samples': 0.09966379610621334}. Best is trial 349 with value: 0.842952376884214.[0m
[32m[I 2022-04-21 12:14:39,832][0m Trial 513 finished with value: 0.842526621915163 and parameters: {'n_estimators': 259, 'min_samples_split': 0.2530782191268799, 'min_samples_leaf': 0.13516510884652572, 'min_weight_fraction_leaf': 0.18562170209751472, 'max_features': 0.17267973515225302, 'bootstrap': True, 'max_samples': 0.9076924574372922, 'oob_score': False}. Best is trial 349 with value: 0.842952376884214.[0m
[32m[I 2022-04-21 12:14:43,512][0m Trial 514 finished with value: 0.8423083212244602 and parameters: {'n_estimators': 316, 'min_samples_split': 0.2109479033565725, 'min_samples_leaf': 0.16773577879918988, 'min_weight_fraction_leaf': 0.04081958955133479, 'max_features': 0.05784367226806007, 'bootstrap': False, 'max_samples': 0.4577179396247798}. Best is trial 349 with value: 0.842952376884214.[0m
[32m[I 2022-04-21 12:14:47,567][0m Trial 515 finished with value: 0.8423083212244602 and parameters: {'n_estimators': 389, 'min_samples_split': 0.22405178478581184, 'min_samples_leaf': 0.14925502374709687, 'min_weight_fraction_leaf': 0.17124091287767, 'max_features': 0.03903502234954107, 'bootstrap': False, 'max_samples': 0.43060698309876444}. Best is trial 349 with value: 0.842952376884214.[0m
[32m[I 2022-04-21 12:14:51,837][0m Trial 516 finished with value: 0.8427903724166675 and parameters: {'n_estimators': 411, 'min_samples_split': 0.20908226781391048, 'min_samples_leaf': 0.15252218498041853, 'min_weight_fraction_leaf': 0.17509734283157152, 'max_features': 0.04543920404246417, 'bootstrap': False, 'max_samples': 0.4276890988436327}. Best is trial 349 with value: 0.842952376884214.[0m
[32m[I 2022-04-21 12:15:00,375][0m Trial 517 finished with value: 0.8379020197379132 and parameters: {'n_estimators': 936, 'min_samples_split': 0.22837318587376618, 'min_samples_leaf': 0.17246213889175283, 'min_weight_fraction_leaf': 0.24391247560689688, 'max_features': 0.5248430438689823, 'bootstrap': False, 'max_samples': 0.5808330845955302}. Best is trial 349 with value: 0.842952376884214.[0m
[32m[I 2022-04-21 12:15:05,705][0m Trial 518 finished with value: 0.839201170342092 and parameters: {'n_estimators': 475, 'min_samples_split': 0.36869387011119564, 'min_samples_leaf': 0.12820239083094187, 'min_weight_fraction_leaf': 0.1578757257315762, 'max_features': 0.015024129813209967, 'bootstrap': False, 'max_samples': 0.9771644135473558}. Best is trial 349 with value: 0.842952376884214.[0m
[32m[I 2022-04-21 12:15:10,934][0m Trial 519 finished with value: 0.8426442432752064 and parameters: {'n_estimators': 490, 'min_samples_split': 0.17056390852776399, 'min_samples_leaf': 0.14712648148067906, 'min_weight_fraction_leaf': 0.20429777073808075, 'max_features': 0.10326963824907667, 'bootstrap': False, 'max_samples': 0.634724711713106}. Best is trial 349 with value: 0.842952376884214.[0m
[32m[I 2022-04-21 12:15:15,391][0m Trial 520 finished with value: 0.8345133028238655 and parameters: {'n_estimators': 385, 'min_samples_split': 0.16903867698276545, 'min_samples_leaf': 0.12630357304824075, 'min_weight_fraction_leaf': 0.02517175585406415, 'max_features': 0.11443870926838133, 'bootstrap': False, 'max_samples': 0.07573070326040321}. Best is trial 349 with value: 0.842952376884214.[0m
[32m[I 2022-04-21 12:15:18,985][0m Trial 521 finished with value: 0.839201170342092 and parameters: {'n_estimators': 284, 'min_samples_split': 0.3045377847064477, 'min_samples_leaf': 0.16289045542376823, 'min_weight_fraction_leaf': 0.151922970384857, 'max_features': 0.0866218233082468, 'bootstrap': False, 'max_samples': 0.40506447724405986}. Best is trial 349 with value: 0.842952376884214.[0m
[32m[I 2022-04-21 12:15:21,865][0m Trial 522 finished with value: 0.65 and parameters: {'n_estimators': 247, 'min_samples_split': 0.263761874377843, 'min_samples_leaf': 0.1807903445725993, 'min_weight_fraction_leaf': 0.3796317115523564, 'max_features': 0.19294369298795114, 'bootstrap': False, 'max_samples': 0.3124318933136395}. Best is trial 349 with value: 0.842952376884214.[0m
[32m[I 2022-04-21 12:15:31,223][0m Trial 523 finished with value: 0.6940561313774387 and parameters: {'n_estimators': 678, 'min_samples_split': 0.23906358786782672, 'min_samples_leaf': 0.15865403507259904, 'min_weight_fraction_leaf': 0.138378788069251, 'max_features': 0.07420452508764483, 'bootstrap': True, 'max_samples': 0.3954546039292477, 'oob_score': True}. Best is trial 349 with value: 0.842952376884214.[0m
[32m[I 2022-04-21 12:15:36,039][0m Trial 524 finished with value: 0.839201170342092 and parameters: {'n_estimators': 532, 'min_samples_split': 0.22814907789046573, 'min_samples_leaf': 0.16236337870276651, 'min_weight_fraction_leaf': 0.1519842621760299, 'max_features': 0.07716893638796625, 'bootstrap': False, 'max_samples': 0.4160075192048611}. Best is trial 349 with value: 0.842952376884214.[0m
[32m[I 2022-04-21 12:15:38,981][0m Trial 525 finished with value: 0.8426442432752064 and parameters: {'n_estimators': 252, 'min_samples_split': 0.28253905962051085, 'min_samples_leaf': 0.18942702218287852, 'min_weight_fraction_leaf': 0.18655882556603662, 'max_features': 0.17484895108800935, 'bootstrap': False, 'max_samples': 0.314351357708629}. Best is trial 349 with value: 0.842952376884214.[0m
[32m[I 2022-04-21 12:15:43,410][0m Trial 526 finished with value: 0.8363183545816127 and parameters: {'n_estimators': 368, 'min_samples_split': 0.1575773781247655, 'min_samples_leaf': 0.1336915080619146, 'min_weight_fraction_leaf': 0.06258927910192619, 'max_features': 0.019451037400137965, 'bootstrap': False, 'max_samples': 0.7251065313857759}. Best is trial 349 with value: 0.842952376884214.[0m
[32m[I 2022-04-21 12:15:46,357][0m Trial 527 finished with value: 0.8427903724166675 and parameters: {'n_estimators': 192, 'min_samples_split': 0.24360318299200975, 'min_samples_leaf': 0.17493696693756264, 'min_weight_fraction_leaf': 0.06293951340550967, 'max_features': 0.23465521426820904, 'bootstrap': False, 'max_samples': 0.2737106561181754}. Best is trial 349 with value: 0.842952376884214.[0m
[32m[I 2022-04-21 12:15:49,025][0m Trial 528 finished with value: 0.8426442432752064 and parameters: {'n_estimators': 173, 'min_samples_split': 0.22394621482614294, 'min_samples_leaf': 0.19529415454641516, 'min_weight_fraction_leaf': 0.16025781863589583, 'max_features': 0.2671302246820827, 'bootstrap': False, 'max_samples': 0.5295430262945267}. Best is trial 349 with value: 0.842952376884214.[0m
[32m[I 2022-04-21 12:15:52,982][0m Trial 529 finished with value: 0.8345133028238655 and parameters: {'n_estimators': 375, 'min_samples_split': 0.14695193674422533, 'min_samples_leaf': 0.13039756881321155, 'min_weight_fraction_leaf': 0.056425042893705375, 'max_features': 0.028316093415315515, 'bootstrap': False, 'max_samples': 0.0586797015958755}. Best is trial 349 with value: 0.842952376884214.[0m
[32m[I 2022-04-21 12:15:57,221][0m Trial 530 finished with value: 0.8427903724166675 and parameters: {'n_estimators': 444, 'min_samples_split': 0.15949046767625286, 'min_samples_leaf': 0.1402885301608852, 'min_weight_fraction_leaf': 0.17996077557860096, 'max_features': 0.05357037734599923, 'bootstrap': False, 'max_samples': 0.6790310263203034}. Best is trial 349 with value: 0.842952376884214.[0m
[32m[I 2022-04-21 12:16:03,815][0m Trial 531 finished with value: 0.8423083212244602 and parameters: {'n_estimators': 727, 'min_samples_split': 0.25893046565917094, 'min_samples_leaf': 0.17104985669970915, 'min_weight_fraction_leaf': 0.13354273920811982, 'max_features': 0.20356183504265588, 'bootstrap': False, 'max_samples': 0.3816854659485093}. Best is trial 349 with value: 0.842952376884214.[0m
[32m[I 2022-04-21 12:16:08,481][0m Trial 532 finished with value: 0.8426442432752064 and parameters: {'n_estimators': 455, 'min_samples_split': 0.3322172306870814, 'min_samples_leaf': 0.14648784251810185, 'min_weight_fraction_leaf': 0.1979657230800549, 'max_features': 0.08396877519973908, 'bootstrap': False, 'max_samples': 0.6538323445456811}. Best is trial 349 with value: 0.842952376884214.[0m
[32m[I 2022-04-21 12:16:14,417][0m Trial 533 finished with value: 0.838122363142268 and parameters: {'n_estimators': 706, 'min_samples_split': 0.28211437178427595, 'min_samples_leaf': 0.07253081812063772, 'min_weight_fraction_leaf': 0.12370528948343526, 'max_features': 0.16141393936429255, 'bootstrap': False, 'max_samples': 0.7667637099966886}. Best is trial 349 with value: 0.842952376884214.[0m
[32m[I 2022-04-21 12:16:20,561][0m Trial 534 finished with value: 0.842077606362262 and parameters: {'n_estimators': 578, 'min_samples_split': 0.1837512061516268, 'min_samples_leaf': 0.14415007643819, 'min_weight_fraction_leaf': 0.16953337645383096, 'max_features': 0.053783847072632965, 'bootstrap': True, 'max_samples': 0.9433008826715421, 'oob_score': False}. Best is trial 349 with value: 0.842952376884214.[0m
[32m[I 2022-04-21 12:16:23,882][0m Trial 535 finished with value: 0.65 and parameters: {'n_estimators': 269, 'min_samples_split': 0.32336694907846925, 'min_samples_leaf': 0.08554765518735512, 'min_weight_fraction_leaf': 0.46463448999226586, 'max_features': 0.15007979912994918, 'bootstrap': False, 'max_samples': 0.27334301956302337}. Best is trial 349 with value: 0.842952376884214.[0m
[32m[I 2022-04-21 12:16:27,969][0m Trial 536 finished with value: 0.8426442432752064 and parameters: {'n_estimators': 389, 'min_samples_split': 0.1287764712332235, 'min_samples_leaf': 0.1551447785731438, 'min_weight_fraction_leaf': 0.19228403822494838, 'max_features': 0.12011198470822859, 'bootstrap': False, 'max_samples': 0.6392749438731484}. Best is trial 349 with value: 0.842952376884214.[0m
[32m[I 2022-04-21 12:16:31,163][0m Trial 537 finished with value: 0.8427903724166675 and parameters: {'n_estimators': 257, 'min_samples_split': 0.2706299232006866, 'min_samples_leaf': 0.17970631910112103, 'min_weight_fraction_leaf': 0.015131359905994657, 'max_features': 0.22655928425918606, 'bootstrap': False, 'max_samples': 0.31995154941278714}. Best is trial 349 with value: 0.842952376884214.[0m
[32m[I 2022-04-21 12:16:36,735][0m Trial 538 finished with value: 0.839201170342092 and parameters: {'n_estimators': 675, 'min_samples_split': 0.25112411679338287, 'min_samples_leaf': 0.16438691957173124, 'min_weight_fraction_leaf': 0.12866259761328852, 'max_features': 0.20667578864911587, 'bootstrap': False, 'max_samples': 0.38716099695020895}. Best is trial 349 with value: 0.842952376884214.[0m
[32m[I 2022-04-21 12:16:40,117][0m Trial 539 finished with value: 0.8379020197379132 and parameters: {'n_estimators': 262, 'min_samples_split': 0.27607752414198233, 'min_samples_leaf': 0.23159869192140206, 'min_weight_fraction_leaf': 0.07424715149765963, 'max_features': 0.18936292404993238, 'bootstrap': False, 'max_samples': 0.33809361695726103}. Best is trial 349 with value: 0.842952376884214.[0m
