[32m[I 2022-04-24 06:49:02,900][0m Trial 927 finished with value: 0.6713150857787477 and parameters: {'n_estimators': 109, 'min_samples_split': 0.041945764796151794, 'min_samples_leaf': 0.018275791346753154, 'min_weight_fraction_leaf': 0.0003887601449985883, 'max_features': 0.2016113362211096, 'bootstrap': False, 'max_samples': 0.363809427766287}. Best is trial 251 with value: 0.6908430332111252.[0m
[32m[I 2022-04-24 06:49:11,982][0m Trial 928 finished with value: 0.6695966446551135 and parameters: {'n_estimators': 121, 'min_samples_split': 0.024090675743636863, 'min_samples_leaf': 0.010609247590385213, 'min_weight_fraction_leaf': 0.017242980423902952, 'max_features': 0.06811153375474316, 'bootstrap': False, 'max_samples': 0.34320435583083997}. Best is trial 251 with value: 0.6908430332111252.[0m
[32m[I 2022-04-24 06:49:57,314][0m Trial 929 finished with value: 0.678732648275155 and parameters: {'n_estimators': 125, 'min_samples_split': 0.01704098800318453, 'min_samples_leaf': 0.0010085080431499324, 'min_weight_fraction_leaf': 0.008085449186440115, 'max_features': 0.17693133704348707, 'bootstrap': False, 'max_samples': 0.4220866890325777}. Best is trial 251 with value: 0.6908430332111252.[0m
[32m[I 2022-04-24 06:50:04,485][0m Trial 930 finished with value: 0.6699070595497721 and parameters: {'n_estimators': 132, 'min_samples_split': 0.1580703151157669, 'min_samples_leaf': 0.040861765803099935, 'min_weight_fraction_leaf': 0.0261199639794599, 'max_features': 0.12037106008873819, 'bootstrap': False, 'max_samples': 0.37899581484171535}. Best is trial 251 with value: 0.6908430332111252.[0m
[32m[I 2022-04-24 06:50:07,638][0m Trial 931 finished with value: 0.6637165680655676 and parameters: {'n_estimators': 113, 'min_samples_split': 0.22919647955207534, 'min_samples_leaf': 0.02270484315155711, 'min_weight_fraction_leaf': 3.670313050945569e-05, 'max_features': 0.045562954707522876, 'bootstrap': False, 'max_samples': 0.16243644984966743}. Best is trial 251 with value: 0.6908430332111252.[0m
[32m[I 2022-04-24 06:50:14,279][0m Trial 932 finished with value: 0.6668932355640244 and parameters: {'n_estimators': 128, 'min_samples_split': 0.0010477152797604395, 'min_samples_leaf': 0.061491256277335135, 'min_weight_fraction_leaf': 0.015970941423436802, 'max_features': 0.1605825931718132, 'bootstrap': False, 'max_samples': 0.3550236725810924}. Best is trial 251 with value: 0.6908430332111252.[0m
[32m[I 2022-04-24 06:50:27,672][0m Trial 933 finished with value: 0.6769519323618948 and parameters: {'n_estimators': 120, 'min_samples_split': 0.031804346019863636, 'min_samples_leaf': 0.010567454784024016, 'min_weight_fraction_leaf': 0.0001754114816154887, 'max_features': 0.09360980485504419, 'bootstrap': False, 'max_samples': 0.4041206433041121}. Best is trial 251 with value: 0.6908430332111252.[0m
[32m[I 2022-04-24 06:50:48,447][0m Trial 934 finished with value: 0.672506647202558 and parameters: {'n_estimators': 144, 'min_samples_split': 0.01577714876242044, 'min_samples_leaf': 0.015955160899744025, 'min_weight_fraction_leaf': 0.03518348813890948, 'max_features': 0.2039901891990858, 'bootstrap': False, 'max_samples': 0.3733529572968028}. Best is trial 251 with value: 0.6908430332111252.[0m
[32m[I 2022-04-24 06:50:57,107][0m Trial 935 finished with value: 0.6744491271336146 and parameters: {'n_estimators': 106, 'min_samples_split': 0.026678246061234024, 'min_samples_leaf': 0.03291306085924441, 'min_weight_fraction_leaf': 0.011812868362136039, 'max_features': 0.14565567712163544, 'bootstrap': False, 'max_samples': 0.3410872539450165}. Best is trial 251 with value: 0.6908430332111252.[0m
[32m[I 2022-04-24 06:51:16,854][0m Trial 936 finished with value: 0.6744383470878641 and parameters: {'n_estimators': 111, 'min_samples_split': 0.001051024437810186, 'min_samples_leaf': 0.010424598687760264, 'min_weight_fraction_leaf': 0.023225859508607147, 'max_features': 0.19100322882712076, 'bootstrap': False, 'max_samples': 0.18977220473258613}. Best is trial 251 with value: 0.6908430332111252.[0m
[32m[I 2022-04-24 06:51:25,653][0m Trial 937 finished with value: 0.6738873700539747 and parameters: {'n_estimators': 137, 'min_samples_split': 0.05232784063681447, 'min_samples_leaf': 0.022989007483222725, 'min_weight_fraction_leaf': 0.009440370771558902, 'max_features': 0.07898584575472632, 'bootstrap': False, 'max_samples': 0.3681304460922584}. Best is trial 251 with value: 0.6908430332111252.[0m
[32m[I 2022-04-24 06:51:29,676][0m Trial 938 finished with value: 0.6345863127036724 and parameters: {'n_estimators': 116, 'min_samples_split': 0.01118360108196981, 'min_samples_leaf': 0.010948011624360812, 'min_weight_fraction_leaf': 0.14738421964163176, 'max_features': 0.11194296693523788, 'bootstrap': False, 'max_samples': 0.3424636038492683}. Best is trial 251 with value: 0.6908430332111252.[0m
[32m[I 2022-04-24 06:51:44,737][0m Trial 939 finished with value: 0.6574488996513368 and parameters: {'n_estimators': 125, 'min_samples_split': 0.38900604575684616, 'min_samples_leaf': 0.0011095086557567305, 'min_weight_fraction_leaf': 0.009341114241956888, 'max_features': 0.21565082866653107, 'bootstrap': False, 'max_samples': 0.3935454966722564}. Best is trial 251 with value: 0.6908430332111252.[0m
[32m[I 2022-04-24 06:51:59,189][0m Trial 940 finished with value: 0.6753080677523622 and parameters: {'n_estimators': 134, 'min_samples_split': 0.01937842229597818, 'min_samples_leaf': 0.026240217038236917, 'min_weight_fraction_leaf': 0.00021351971047026304, 'max_features': 0.1678572874593303, 'bootstrap': False, 'max_samples': 0.42562130710401036}. Best is trial 251 with value: 0.6908430332111252.[0m
[32m[I 2022-04-24 06:52:11,675][0m Trial 941 finished with value: 0.675084077312112 and parameters: {'n_estimators': 102, 'min_samples_split': 0.03899918626204858, 'min_samples_leaf': 0.017234427567016482, 'min_weight_fraction_leaf': 0.020343011786909972, 'max_features': 0.14233259952421304, 'bootstrap': False, 'max_samples': 0.35914647351796253}. Best is trial 251 with value: 0.6908430332111252.[0m
[32m[I 2022-04-24 06:52:13,924][0m Trial 942 finished with value: 0.5640825603623825 and parameters: {'n_estimators': 117, 'min_samples_split': 0.010999772371885494, 'min_samples_leaf': 0.008940531662698968, 'min_weight_fraction_leaf': 0.42632972558022664, 'max_features': 0.18324577008088905, 'bootstrap': False, 'max_samples': 0.44906135630609145}. Best is trial 251 with value: 0.6908430332111252.[0m
[32m[I 2022-04-24 06:52:15,368][0m Trial 943 finished with value: 0.6277198472179306 and parameters: {'n_estimators': 125, 'min_samples_split': 0.025325627666145423, 'min_samples_leaf': 0.04572132077000751, 'min_weight_fraction_leaf': 0.015308508063924147, 'max_features': 0.05999535869040573, 'bootstrap': True, 'max_samples': 0.3869458461778815, 'oob_score': False}. Best is trial 251 with value: 0.6908430332111252.[0m
[32m[I 2022-04-24 06:52:25,682][0m Trial 944 finished with value: 0.6761931234934704 and parameters: {'n_estimators': 113, 'min_samples_split': 0.0010896386625588155, 'min_samples_leaf': 0.01833094605275186, 'min_weight_fraction_leaf': 0.02978753662583547, 'max_features': 0.12560998248058108, 'bootstrap': False, 'max_samples': 0.33179577012925604}. Best is trial 251 with value: 0.6908430332111252.[0m
[32m[I 2022-04-24 06:52:33,002][0m Trial 945 finished with value: 0.6496118112240853 and parameters: {'n_estimators': 119, 'min_samples_split': 0.018033230521215502, 'min_samples_leaf': 0.034401973723428764, 'min_weight_fraction_leaf': 0.11701229704139052, 'max_features': 0.21306610467574696, 'bootstrap': False, 'max_samples': 0.40748527684540264}. Best is trial 251 with value: 0.6908430332111252.[0m
[32m[I 2022-04-24 06:52:33,957][0m Trial 946 finished with value: 0.5644528195000914 and parameters: {'n_estimators': 148, 'min_samples_split': 0.009767297245525403, 'min_samples_leaf': 0.3955680753679709, 'min_weight_fraction_leaf': 0.007828085824781858, 'max_features': 0.09756215461076759, 'bootstrap': False, 'max_samples': 0.5111084966744063}. Best is trial 251 with value: 0.6908430332111252.[0m
[32m[I 2022-04-24 06:52:54,986][0m Trial 947 finished with value: 0.6766990212051076 and parameters: {'n_estimators': 121, 'min_samples_split': 0.03243706159089614, 'min_samples_leaf': 0.010271657509484642, 'min_weight_fraction_leaf': 0.01726001381889958, 'max_features': 0.16322328448418996, 'bootstrap': False, 'max_samples': 0.3563311032314594}. Best is trial 251 with value: 0.6908430332111252.[0m
[32m[I 2022-04-24 06:53:03,335][0m Trial 948 finished with value: 0.6623908633061399 and parameters: {'n_estimators': 131, 'min_samples_split': 0.02270342084407103, 'min_samples_leaf': 0.025313614976226324, 'min_weight_fraction_leaf': 0.060802927535543984, 'max_features': 0.13920989717868176, 'bootstrap': False, 'max_samples': 0.19589375945047108}. Best is trial 251 with value: 0.6908430332111252.[0m
[32m[I 2022-04-24 06:53:47,281][0m Trial 949 finished with value: 0.6757944781951026 and parameters: {'n_estimators': 113, 'min_samples_split': 0.010225169600921694, 'min_samples_leaf': 0.0010513840911425066, 'min_weight_fraction_leaf': 0.008649500449673534, 'max_features': 0.19872936337522298, 'bootstrap': False, 'max_samples': 0.3755285298191293}. Best is trial 251 with value: 0.6908430332111252.[0m
[32m[I 2022-04-24 06:54:09,207][0m Trial 950 finished with value: 0.6785816107279432 and parameters: {'n_estimators': 126, 'min_samples_split': 0.010033797609271275, 'min_samples_leaf': 0.01681150021657113, 'min_weight_fraction_leaf': 0.0004783554765571998, 'max_features': 0.18091690842999536, 'bootstrap': False, 'max_samples': 0.34110726917450424}. Best is trial 251 with value: 0.6908430332111252.[0m
[32m[I 2022-04-24 06:54:15,112][0m Trial 951 finished with value: 0.6624247078414799 and parameters: {'n_estimators': 108, 'min_samples_split': 0.30887584840114807, 'min_samples_leaf': 0.0010031742395832889, 'min_weight_fraction_leaf': 0.037874858164550385, 'max_features': 0.11589372024867282, 'bootstrap': False, 'max_samples': 0.3957456294061635}. Best is trial 251 with value: 0.6908430332111252.[0m
[32m[I 2022-04-24 06:54:22,035][0m Trial 952 finished with value: 0.6620195926744346 and parameters: {'n_estimators': 118, 'min_samples_split': 0.4258915097026862, 'min_samples_leaf': 0.010365007314030308, 'min_weight_fraction_leaf': 0.023676233688185222, 'max_features': 0.15270021888785051, 'bootstrap': False, 'max_samples': 0.3734088360704004}. Best is trial 251 with value: 0.6908430332111252.[0m
[32m[I 2022-04-24 06:54:27,417][0m Trial 953 finished with value: 0.6523698615981484 and parameters: {'n_estimators': 133, 'min_samples_split': 0.03288510698538162, 'min_samples_leaf': 0.1017056838501332, 'min_weight_fraction_leaf': 8.594308391012397e-05, 'max_features': 0.22569527130662262, 'bootstrap': False, 'max_samples': 0.2172008831143718}. Best is trial 251 with value: 0.6908430332111252.[0m
[32m[I 2022-04-24 06:54:28,278][0m Trial 954 finished with value: 0.5881901594129473 and parameters: {'n_estimators': 123, 'min_samples_split': 0.08433280742223896, 'min_samples_leaf': 0.3176208958581623, 'min_weight_fraction_leaf': 0.01574803495926084, 'max_features': 0.09230705367310238, 'bootstrap': False, 'max_samples': 0.33155638311399427}. Best is trial 251 with value: 0.6908430332111252.[0m
[32m[I 2022-04-24 06:54:32,810][0m Trial 955 finished with value: 0.6641526678754419 and parameters: {'n_estimators': 144, 'min_samples_split': 0.0011519733545172876, 'min_samples_leaf': 0.026995879971930585, 'min_weight_fraction_leaf': 0.00823872443260735, 'max_features': 0.0418804830401872, 'bootstrap': False, 'max_samples': 0.3600051629953866}. Best is trial 251 with value: 0.6908430332111252.[0m
[32m[I 2022-04-24 06:54:33,561][0m Trial 956 finished with value: 0.5659900113697359 and parameters: {'n_estimators': 125, 'min_samples_split': 0.020538104946384216, 'min_samples_leaf': 0.46046182224458687, 'min_weight_fraction_leaf': 0.027122438584439863, 'max_features': 0.2067494569526177, 'bootstrap': False, 'max_samples': 0.900997873684745}. Best is trial 251 with value: 0.6908430332111252.[0m
[32m[I 2022-04-24 06:54:45,866][0m Trial 957 finished with value: 0.6746518578492882 and parameters: {'n_estimators': 136, 'min_samples_split': 0.010334189754351589, 'min_samples_leaf': 0.010703731040792348, 'min_weight_fraction_leaf': 0.00022342412038016055, 'max_features': 0.07135707296932708, 'bootstrap': False, 'max_samples': 0.43708059642596586}. Best is trial 251 with value: 0.6908430332111252.[0m
[32m[I 2022-04-24 06:54:47,666][0m Trial 958 finished with value: 0.5635344788322132 and parameters: {'n_estimators': 103, 'min_samples_split': 0.18875810490869943, 'min_samples_leaf': 0.02038658787203476, 'min_weight_fraction_leaf': 0.46332960612872076, 'max_features': 0.17517480882319436, 'bootstrap': False, 'max_samples': 0.3865713189087103}. Best is trial 251 with value: 0.6908430332111252.[0m
[32m[I 2022-04-24 06:55:10,308][0m Trial 959 finished with value: 0.6731232646928887 and parameters: {'n_estimators': 114, 'min_samples_split': 0.0457417397846481, 'min_samples_leaf': 0.00961725822357071, 'min_weight_fraction_leaf': 0.0001243542471126755, 'max_features': 0.15336907906123326, 'bootstrap': False, 'max_samples': 0.3446705639766138}. Best is trial 251 with value: 0.6908430332111252.[0m
[32m[I 2022-04-24 06:55:17,862][0m Trial 960 finished with value: 0.6719115138579224 and parameters: {'n_estimators': 110, 'min_samples_split': 0.017567464382043586, 'min_samples_leaf': 0.030937319562715664, 'min_weight_fraction_leaf': 0.014357748614332888, 'max_features': 0.12432159796273495, 'bootstrap': False, 'max_samples': 0.413529951307129}. Best is trial 251 with value: 0.6908430332111252.[0m
[32m[I 2022-04-24 06:55:42,841][0m Trial 961 finished with value: 0.6821739588964867 and parameters: {'n_estimators': 130, 'min_samples_split': 0.026115233337814268, 'min_samples_leaf': 0.017811424691324552, 'min_weight_fraction_leaf': 0.009711590375732547, 'max_features': 0.24241043070600887, 'bootstrap': False, 'max_samples': 0.35778677401927056}. Best is trial 251 with value: 0.6908430332111252.[0m
[32m[I 2022-04-24 06:55:50,651][0m Trial 962 finished with value: 0.6621901539203983 and parameters: {'n_estimators': 122, 'min_samples_split': 0.010139337733825294, 'min_samples_leaf': 0.009538329386095142, 'min_weight_fraction_leaf': 0.018953941863620073, 'max_features': 0.22590967256283057, 'bootstrap': True, 'max_samples': 0.3285591150981756, 'oob_score': True}. Best is trial 251 with value: 0.6908430332111252.[0m
[32m[I 2022-04-24 06:56:08,826][0m Trial 963 finished with value: 0.6788253960557593 and parameters: {'n_estimators': 117, 'min_samples_split': 0.03634015540575524, 'min_samples_leaf': 0.01999754693798393, 'min_weight_fraction_leaf': 0.009421430515130738, 'max_features': 0.19203051810720065, 'bootstrap': False, 'max_samples': 0.20852877767242892}. Best is trial 251 with value: 0.6908430332111252.[0m
[32m[I 2022-04-24 06:56:20,141][0m Trial 964 finished with value: 0.6671388136503956 and parameters: {'n_estimators': 129, 'min_samples_split': 0.01896913242234826, 'min_samples_leaf': 0.0014720472776512217, 'min_weight_fraction_leaf': 0.04498105705964464, 'max_features': 0.10767489126717171, 'bootstrap': False, 'max_samples': 0.17744075615388527}. Best is trial 251 with value: 0.6908430332111252.[0m
[32m[I 2022-04-24 06:56:29,603][0m Trial 965 finished with value: 0.6719472105586812 and parameters: {'n_estimators': 139, 'min_samples_split': 0.010197124858000178, 'min_samples_leaf': 0.0346824280654964, 'min_weight_fraction_leaf': 0.025094911508156664, 'max_features': 0.1388262850684634, 'bootstrap': False, 'max_samples': 0.3733891928513434}. Best is trial 251 with value: 0.6908430332111252.[0m
[32m[I 2022-04-24 06:56:57,779][0m Trial 966 finished with value: 0.6769281223944293 and parameters: {'n_estimators': 119, 'min_samples_split': 0.02652734937085416, 'min_samples_leaf': 0.0090046762835445, 'min_weight_fraction_leaf': 0.009069227065619169, 'max_features': 0.170262494449752, 'bootstrap': False, 'max_samples': 0.3934998978400426}. Best is trial 251 with value: 0.6908430332111252.[0m
[32m[I 2022-04-24 06:57:37,886][0m Trial 967 finished with value: 0.6724975436182434 and parameters: {'n_estimators': 726, 'min_samples_split': 0.008663930521338384, 'min_samples_leaf': 0.018619291138814047, 'min_weight_fraction_leaf': 0.03417015199656266, 'max_features': 0.07441444397677706, 'bootstrap': False, 'max_samples': 0.342151780030858}. Best is trial 251 with value: 0.6908430332111252.[0m
[32m[I 2022-04-24 06:58:10,904][0m Trial 968 finished with value: 0.6285121521386243 and parameters: {'n_estimators': 711, 'min_samples_split': 0.01796195028810729, 'min_samples_leaf': 0.009352147931834972, 'min_weight_fraction_leaf': 0.1903208435487855, 'max_features': 0.20631521167867714, 'bootstrap': False, 'max_samples': 0.36832985084025477}. Best is trial 251 with value: 0.6908430332111252.[0m
[32m[I 2022-04-24 06:58:21,847][0m Trial 969 finished with value: 0.6765696335972589 and parameters: {'n_estimators': 110, 'min_samples_split': 0.0014093455857034198, 'min_samples_leaf': 0.02625368579769254, 'min_weight_fraction_leaf': 0.0002820486905411755, 'max_features': 0.15575719551127154, 'bootstrap': False, 'max_samples': 0.2323509628163632}. Best is trial 251 with value: 0.6908430332111252.[0m
[32m[I 2022-04-24 06:58:30,421][0m Trial 970 finished with value: 0.6662774103840634 and parameters: {'n_estimators': 152, 'min_samples_split': 0.029177955430108843, 'min_samples_leaf': 0.0013740145859264695, 'min_weight_fraction_leaf': 0.018235476648925202, 'max_features': 0.038422525060986853, 'bootstrap': False, 'max_samples': 0.4099657809106028}. Best is trial 251 with value: 0.6908430332111252.[0m
[32m[I 2022-04-24 07:03:31,467][0m Trial 971 finished with value: 0.680310789174143 and parameters: {'n_estimators': 701, 'min_samples_split': 0.010763970585503184, 'min_samples_leaf': 0.0013870316438330445, 'min_weight_fraction_leaf': 0.008828049872388558, 'max_features': 0.22467350839204517, 'bootstrap': False, 'max_samples': 0.3309701839858215}. Best is trial 251 with value: 0.6908430332111252.[0m
[32m[I 2022-04-24 07:03:43,057][0m Trial 972 finished with value: 0.6727278370678275 and parameters: {'n_estimators': 105, 'min_samples_split': 0.01680064315859148, 'min_samples_leaf': 0.017328954284393638, 'min_weight_fraction_leaf': 7.829363393272855e-05, 'max_features': 0.13302178957883076, 'bootstrap': False, 'max_samples': 0.35499757196378545}. Best is trial 251 with value: 0.6908430332111252.[0m
[32m[I 2022-04-24 07:05:18,503][0m Trial 973 finished with value: 0.6765621245219201 and parameters: {'n_estimators': 750, 'min_samples_split': 0.04108999771020613, 'min_samples_leaf': 0.001168271123397232, 'min_weight_fraction_leaf': 0.017443955652999603, 'max_features': 0.09904225713862691, 'bootstrap': False, 'max_samples': 0.3868129454084567}. Best is trial 251 with value: 0.6908430332111252.[0m
[32m[I 2022-04-24 07:05:34,525][0m Trial 974 finished with value: 0.6690484412824464 and parameters: {'n_estimators': 210, 'min_samples_split': 0.0010120012852367199, 'min_samples_leaf': 0.04367991985045372, 'min_weight_fraction_leaf': 0.026293548639411465, 'max_features': 0.1819419999390992, 'bootstrap': False, 'max_samples': 0.20568164919610812}. Best is trial 251 with value: 0.6908430332111252.[0m
[32m[I 2022-04-24 07:05:57,302][0m Trial 975 finished with value: 0.6765980815110255 and parameters: {'n_estimators': 115, 'min_samples_split': 0.02832181188944682, 'min_samples_leaf': 0.01743088776211143, 'min_weight_fraction_leaf': 0.008804100361686646, 'max_features': 0.24949651828043315, 'bootstrap': False, 'max_samples': 0.374620721873876}. Best is trial 251 with value: 0.6908430332111252.[0m
[32m[I 2022-04-24 07:06:06,789][0m Trial 976 finished with value: 0.6765163070143448 and parameters: {'n_estimators': 128, 'min_samples_split': 0.0010466516556881245, 'min_samples_leaf': 0.030235566591484332, 'min_weight_fraction_leaf': 0.018548303964988355, 'max_features': 0.12222637004967299, 'bootstrap': False, 'max_samples': 0.34908986114671503}. Best is trial 251 with value: 0.6908430332111252.[0m
[32m[I 2022-04-24 07:08:06,061][0m Trial 977 finished with value: 0.6804825129130483 and parameters: {'n_estimators': 527, 'min_samples_split': 0.018176892366617695, 'min_samples_leaf': 0.01029669003024451, 'min_weight_fraction_leaf': 0.014213276464468535, 'max_features': 0.19983470999181108, 'bootstrap': False, 'max_samples': 0.3323857689910816}. Best is trial 251 with value: 0.6908430332111252.[0m
[32m[I 2022-04-24 07:08:53,529][0m Trial 978 finished with value: 0.6788813091176742 and parameters: {'n_estimators': 692, 'min_samples_split': 0.010464214471980456, 'min_samples_leaf': 0.010995809229720384, 'min_weight_fraction_leaf': 0.008277085678139603, 'max_features': 0.058365786664746025, 'bootstrap': False, 'max_samples': 0.22707053996252322}. Best is trial 251 with value: 0.6908430332111252.[0m
[32m[I 2022-04-24 07:09:00,393][0m Trial 979 finished with value: 0.6532366218879628 and parameters: {'n_estimators': 753, 'min_samples_split': 0.05732938475186572, 'min_samples_leaf': 0.023329982338921154, 'min_weight_fraction_leaf': 6.291013600478166e-05, 'max_features': 0.018224346268935564, 'bootstrap': False, 'max_samples': 0.3967434040527824}. Best is trial 251 with value: 0.6908430332111252.[0m
[32m[I 2022-04-24 07:09:04,953][0m Trial 980 finished with value: 0.6491951068795249 and parameters: {'n_estimators': 166, 'min_samples_split': 0.024352535163659584, 'min_samples_leaf': 0.0011393830534742778, 'min_weight_fraction_leaf': 0.03193770125028744, 'max_features': 0.08356764596684291, 'bootstrap': True, 'max_samples': 0.35753652852125334, 'oob_score': True}. Best is trial 251 with value: 0.6908430332111252.[0m
