[32m[I 2022-04-23 10:26:06,460][0m Trial 280 finished with value: 0.6728130200034014 and parameters: {'n_estimators': 620, 'min_samples_split': 0.03220549178989057, 'min_samples_leaf': 0.03183980809006642, 'min_weight_fraction_leaf': 0.0004666245083062501, 'max_features': 0.1543243011712577, 'bootstrap': False, 'max_samples': 0.3052458134992156}. Best is trial 251 with value: 0.6908430332111252.[0m
[32m[I 2022-04-23 10:28:38,588][0m Trial 281 finished with value: 0.6778199548617714 and parameters: {'n_estimators': 799, 'min_samples_split': 0.020679832148586735, 'min_samples_leaf': 0.011520863216379984, 'min_weight_fraction_leaf': 0.021489145267200783, 'max_features': 0.1949054669261866, 'bootstrap': False, 'max_samples': 0.3476526801323886}. Best is trial 251 with value: 0.6908430332111252.[0m
[32m[I 2022-04-23 10:29:09,785][0m Trial 282 finished with value: 0.6669460252283004 and parameters: {'n_estimators': 690, 'min_samples_split': 0.011146802998544644, 'min_samples_leaf': 0.0011495340845420273, 'min_weight_fraction_leaf': 0.011367789560898282, 'max_features': 0.02589273337224808, 'bootstrap': False, 'max_samples': 0.3293013097981728}. Best is trial 251 with value: 0.6908430332111252.[0m
[32m[I 2022-04-23 10:29:12,869][0m Trial 283 finished with value: 0.5345491346166499 and parameters: {'n_estimators': 643, 'min_samples_split': 0.002128140922746895, 'min_samples_leaf': 0.4940645204118346, 'min_weight_fraction_leaf': 0.0005811182578251963, 'max_features': 0.13468419908456852, 'bootstrap': False, 'max_samples': 0.36863285694039416}. Best is trial 251 with value: 0.6908430332111252.[0m
[32m[I 2022-04-23 10:29:21,762][0m Trial 284 finished with value: 0.6205499468251036 and parameters: {'n_estimators': 751, 'min_samples_split': 0.02518223367957049, 'min_samples_leaf': 0.18245142024243213, 'min_weight_fraction_leaf': 0.01697906176067958, 'max_features': 0.08867296935346473, 'bootstrap': False, 'max_samples': 0.39060125586763617}. Best is trial 251 with value: 0.6908430332111252.[0m
[32m[I 2022-04-23 10:29:27,557][0m Trial 285 finished with value: 0.5681371927819736 and parameters: {'n_estimators': 425, 'min_samples_split': 0.01024003880239178, 'min_samples_leaf': 0.021426856655209332, 'min_weight_fraction_leaf': 0.383905922911388, 'max_features': 0.10577331486446798, 'bootstrap': False, 'max_samples': 0.3159010825705612}. Best is trial 251 with value: 0.6908430332111252.[0m
[32m[I 2022-04-23 10:30:50,395][0m Trial 286 finished with value: 0.6603668257806202 and parameters: {'n_estimators': 713, 'min_samples_split': 0.2794998003922075, 'min_samples_leaf': 0.00115802992519487, 'min_weight_fraction_leaf': 0.030326394322592543, 'max_features': 0.22196786504711524, 'bootstrap': False, 'max_samples': 0.3495634525097212}. Best is trial 251 with value: 0.6908430332111252.[0m
[32m[I 2022-04-23 10:31:34,265][0m Trial 287 finished with value: 0.6485289120101202 and parameters: {'n_estimators': 787, 'min_samples_split': 0.0203508373053615, 'min_samples_leaf': 0.012405598822834023, 'min_weight_fraction_leaf': 0.1331928501270282, 'max_features': 0.1771454345821444, 'bootstrap': False, 'max_samples': 0.21881782208022926}. Best is trial 251 with value: 0.6908430332111252.[0m
[32m[I 2022-04-23 10:32:37,337][0m Trial 288 finished with value: 0.671499499558057 and parameters: {'n_estimators': 731, 'min_samples_split': 0.0352637639077749, 'min_samples_leaf': 0.029887260395373774, 'min_weight_fraction_leaf': 0.0002239630171633803, 'max_features': 0.13915192050046754, 'bootstrap': False, 'max_samples': 0.2971986840837979}. Best is trial 251 with value: 0.6908430332111252.[0m
[32m[I 2022-04-23 10:33:49,181][0m Trial 289 finished with value: 0.6790210108695187 and parameters: {'n_estimators': 667, 'min_samples_split': 0.0018450052724269944, 'min_samples_leaf': 0.018281754453182794, 'min_weight_fraction_leaf': 0.010119095595680938, 'max_features': 0.12517131768175876, 'bootstrap': False, 'max_samples': 0.33419008842474873}. Best is trial 251 with value: 0.6908430332111252.[0m
[32m[I 2022-04-23 10:36:05,746][0m Trial 290 finished with value: 0.6800874353918018 and parameters: {'n_estimators': 768, 'min_samples_split': 0.011185652976801422, 'min_samples_leaf': 0.010564118376552675, 'min_weight_fraction_leaf': 0.015871280477399868, 'max_features': 0.1637320062716987, 'bootstrap': False, 'max_samples': 0.24668957421974572}. Best is trial 251 with value: 0.6908430332111252.[0m
[32m[I 2022-04-23 10:36:11,490][0m Trial 291 finished with value: 0.5965525841062311 and parameters: {'n_estimators': 699, 'min_samples_split': 0.46395212471143754, 'min_samples_leaf': 0.2321317207485033, 'min_weight_fraction_leaf': 0.00016164540399084314, 'max_features': 0.08155983539138477, 'bootstrap': False, 'max_samples': 0.3774758572329971}. Best is trial 251 with value: 0.6908430332111252.[0m
[32m[I 2022-04-23 10:36:26,042][0m Trial 292 finished with value: 0.5638179028851918 and parameters: {'n_estimators': 741, 'min_samples_split': 0.02704665850372545, 'min_samples_leaf': 0.02379965135683279, 'min_weight_fraction_leaf': 0.4593294973816636, 'max_features': 0.19759484086429507, 'bootstrap': False, 'max_samples': 0.35669273964485154}. Best is trial 251 with value: 0.6908430332111252.[0m
[32m[I 2022-04-23 10:37:02,843][0m Trial 293 finished with value: 0.6699583934090677 and parameters: {'n_estimators': 809, 'min_samples_split': 0.01784449855447366, 'min_samples_leaf': 0.010680291707173535, 'min_weight_fraction_leaf': 0.02603278058610037, 'max_features': 0.049248700091234984, 'bootstrap': False, 'max_samples': 0.26379984516771476}. Best is trial 251 with value: 0.6908430332111252.[0m
[32m[I 2022-04-23 10:37:06,418][0m Trial 294 finished with value: 0.5593976770474514 and parameters: {'n_estimators': 683, 'min_samples_split': 0.0013809809084301913, 'min_samples_leaf': 0.46479740712457707, 'min_weight_fraction_leaf': 0.01008266141838041, 'max_features': 0.12230467837122713, 'bootstrap': False, 'max_samples': 0.3161444731925683}. Best is trial 251 with value: 0.6908430332111252.[0m
[32m[I 2022-04-23 10:38:43,335][0m Trial 295 finished with value: 0.6740215426026114 and parameters: {'n_estimators': 779, 'min_samples_split': 0.037433684386235136, 'min_samples_leaf': 0.032696427925362335, 'min_weight_fraction_leaf': 0.019050413473142458, 'max_features': 0.23169423422093763, 'bootstrap': False, 'max_samples': 0.3413300689118294}. Best is trial 251 with value: 0.6908430332111252.[0m
[32m[I 2022-04-23 10:39:29,000][0m Trial 296 finished with value: 0.6755335873196888 and parameters: {'n_estimators': 339, 'min_samples_split': 0.011407262316307424, 'min_samples_leaf': 0.019485111075854593, 'min_weight_fraction_leaf': 0.00914166976643329, 'max_features': 0.15070109690176406, 'bootstrap': False, 'max_samples': 0.39169669277357994}. Best is trial 251 with value: 0.6908430332111252.[0m
[32m[I 2022-04-23 10:41:42,632][0m Trial 297 finished with value: 0.6729911870274679 and parameters: {'n_estimators': 712, 'min_samples_split': 0.023330495782693618, 'min_samples_leaf': 0.010876736428928353, 'min_weight_fraction_leaf': 0.03341021887738743, 'max_features': 0.26371700421007505, 'bootstrap': False, 'max_samples': 0.14975369208424832}. Best is trial 251 with value: 0.6908430332111252.[0m
[32m[I 2022-04-23 10:42:45,039][0m Trial 298 finished with value: 0.6741776790211275 and parameters: {'n_estimators': 749, 'min_samples_split': 0.012175634831166167, 'min_samples_leaf': 0.010776496978479093, 'min_weight_fraction_leaf': 0.021911685266112327, 'max_features': 0.09184797124777125, 'bootstrap': False, 'max_samples': 0.3591321280933047}. Best is trial 251 with value: 0.6908430332111252.[0m
[32m[I 2022-04-23 10:43:50,717][0m Trial 299 finished with value: 0.6771039947983126 and parameters: {'n_estimators': 604, 'min_samples_split': 0.0015815122515697201, 'min_samples_leaf': 0.024189387171513088, 'min_weight_fraction_leaf': 0.0099359211194762, 'max_features': 0.18419886872176772, 'bootstrap': False, 'max_samples': 0.29867702969448523}. Best is trial 251 with value: 0.6908430332111252.[0m
[32m[I 2022-04-23 10:49:31,713][0m Trial 300 finished with value: 0.6752502742052108 and parameters: {'n_estimators': 655, 'min_samples_split': 0.026982684217306006, 'min_samples_leaf': 0.0015671280283713965, 'min_weight_fraction_leaf': 0.00844333500966558, 'max_features': 0.30571703021152274, 'bootstrap': False, 'max_samples': 0.32737033983123637}. Best is trial 251 with value: 0.6908430332111252.[0m
[32m[I 2022-04-23 10:50:34,401][0m Trial 301 finished with value: 0.674026583344838 and parameters: {'n_estimators': 793, 'min_samples_split': 0.016280117077679818, 'min_samples_leaf': 0.0014086561492311894, 'min_weight_fraction_leaf': 0.02095123968091882, 'max_features': 0.06117824352451262, 'bootstrap': False, 'max_samples': 0.35963895772496735}. Best is trial 251 with value: 0.6908430332111252.[0m
[32m[I 2022-04-23 10:51:00,375][0m Trial 302 finished with value: 0.671753292072083 and parameters: {'n_estimators': 120, 'min_samples_split': 0.036353329019869596, 'min_samples_leaf': 0.018329801687781994, 'min_weight_fraction_leaf': 0.008751220827299778, 'max_features': 0.2648478616727411, 'bootstrap': False, 'max_samples': 0.3995292534598581}. Best is trial 251 with value: 0.6908430332111252.[0m
[32m[I 2022-04-23 10:51:30,672][0m Trial 303 finished with value: 0.6698208425704427 and parameters: {'n_estimators': 521, 'min_samples_split': 0.009817566246314906, 'min_samples_leaf': 0.036707559536799314, 'min_weight_fraction_leaf': 0.04016869745744025, 'max_features': 0.1080884772803769, 'bootstrap': False, 'max_samples': 0.37749789003667367}. Best is trial 251 with value: 0.6908430332111252.[0m
[32m[I 2022-04-23 10:54:35,541][0m Trial 304 finished with value: 0.6798930736560328 and parameters: {'n_estimators': 724, 'min_samples_split': 0.021104440029785326, 'min_samples_leaf': 0.010989716156129179, 'min_weight_fraction_leaf': 0.00032269728686179093, 'max_features': 0.20468160080473144, 'bootstrap': False, 'max_samples': 0.27624518329308373}. Best is trial 251 with value: 0.6908430332111252.[0m
[32m[I 2022-04-23 10:55:54,372][0m Trial 305 finished with value: 0.6744118527799458 and parameters: {'n_estimators': 812, 'min_samples_split': 0.02869818202649206, 'min_samples_leaf': 0.027043597486762452, 'min_weight_fraction_leaf': 0.017763195014035865, 'max_features': 0.14314964897944552, 'bootstrap': False, 'max_samples': 0.33825143076208924}. Best is trial 251 with value: 0.6908430332111252.[0m
[32m[I 2022-04-23 10:56:14,136][0m Trial 306 finished with value: 0.5897635980610908 and parameters: {'n_estimators': 680, 'min_samples_split': 0.017064687913171384, 'min_samples_leaf': 0.0013322182357119183, 'min_weight_fraction_leaf': 0.28749601684575415, 'max_features': 0.16581293843614414, 'bootstrap': False, 'max_samples': 0.3076806585184123}. Best is trial 251 with value: 0.6908430332111252.[0m
[32m[I 2022-04-23 10:59:07,827][0m Trial 307 finished with value: 0.6091537746764081 and parameters: {'n_estimators': 759, 'min_samples_split': 0.008366598845027377, 'min_samples_leaf': 0.018612873060057544, 'min_weight_fraction_leaf': 0.1572414781980624, 'max_features': 0.9302227298564941, 'bootstrap': False, 'max_samples': 0.37526328265626363}. Best is trial 251 with value: 0.6908430332111252.[0m
[32m[I 2022-04-23 11:02:08,397][0m Trial 308 finished with value: 0.6705818167159745 and parameters: {'n_estimators': 717, 'min_samples_split': 0.008910620859684727, 'min_samples_leaf': 0.010623615376846121, 'min_weight_fraction_leaf': 0.028022072412138947, 'max_features': 0.3131247650479907, 'bootstrap': False, 'max_samples': 0.3265449358045469}. Best is trial 251 with value: 0.6908430332111252.[0m
[32m[I 2022-04-23 11:04:00,217][0m Trial 309 finished with value: 0.6736359768629616 and parameters: {'n_estimators': 824, 'min_samples_split': 0.0011193203713836745, 'min_samples_leaf': 0.030699118517701317, 'min_weight_fraction_leaf': 0.008645850464412571, 'max_features': 0.22885010090552876, 'bootstrap': False, 'max_samples': 0.41962115967555996}. Best is trial 251 with value: 0.6908430332111252.[0m
[32m[I 2022-04-23 11:06:29,954][0m Trial 310 finished with value: 0.6777794869931053 and parameters: {'n_estimators': 637, 'min_samples_split': 0.02144270236564682, 'min_samples_leaf': 0.01884729443621129, 'min_weight_fraction_leaf': 0.0005402778254961655, 'max_features': 0.28055667409623136, 'bootstrap': False, 'max_samples': 0.350470426906378}. Best is trial 251 with value: 0.6908430332111252.[0m
[32m[I 2022-04-23 11:15:12,433][0m Trial 311 finished with value: 0.6782109512554985 and parameters: {'n_estimators': 758, 'min_samples_split': 0.03892853816015194, 'min_samples_leaf': 0.0011622634884764227, 'min_weight_fraction_leaf': 7.233991082341521e-05, 'max_features': 0.24530048397887855, 'bootstrap': False, 'max_samples': 0.23108991090979528}. Best is trial 251 with value: 0.6908430332111252.[0m
[32m[I 2022-04-23 11:16:45,710][0m Trial 312 finished with value: 0.6776029605143988 and parameters: {'n_estimators': 691, 'min_samples_split': 0.028221316359347978, 'min_samples_leaf': 0.011679685257227092, 'min_weight_fraction_leaf': 0.017577704019657907, 'max_features': 0.11786609366895506, 'bootstrap': False, 'max_samples': 0.2907396396395631}. Best is trial 251 with value: 0.6908430332111252.[0m
[32m[I 2022-04-23 11:16:50,456][0m Trial 313 finished with value: 0.5660323243854701 and parameters: {'n_estimators': 788, 'min_samples_split': 0.22957257478549575, 'min_samples_leaf': 0.4345354780392582, 'min_weight_fraction_leaf': 0.010234128474989593, 'max_features': 0.08033893526573745, 'bootstrap': False, 'max_samples': 0.3182212921674711}. Best is trial 251 with value: 0.6908430332111252.[0m
[32m[I 2022-04-23 11:17:06,832][0m Trial 314 finished with value: 0.6615841882766293 and parameters: {'n_estimators': 719, 'min_samples_split': 0.01721315183651673, 'min_samples_leaf': 0.021192745705409733, 'min_weight_fraction_leaf': 0.028076227104213314, 'max_features': 0.02546810802389865, 'bootstrap': False, 'max_samples': 0.36262374519116347}. Best is trial 251 with value: 0.6908430332111252.[0m
[32m[I 2022-04-23 11:18:43,061][0m Trial 315 finished with value: 0.6683569464511306 and parameters: {'n_estimators': 747, 'min_samples_split': 0.00984950798941213, 'min_samples_leaf': 0.03802178582264066, 'min_weight_fraction_leaf': 0.014528592034312964, 'max_features': 0.2582779881349841, 'bootstrap': False, 'max_samples': 0.3365499540282035}. Best is trial 251 with value: 0.6908430332111252.[0m
[32m[I 2022-04-23 11:21:51,616][0m Trial 316 finished with value: 0.6784207025879091 and parameters: {'n_estimators': 819, 'min_samples_split': 0.03068843735259291, 'min_samples_leaf': 0.010552904916011484, 'min_weight_fraction_leaf': 0.008189386741566215, 'max_features': 0.1810165414577576, 'bootstrap': False, 'max_samples': 0.3903625128172878}. Best is trial 251 with value: 0.6908430332111252.[0m
[32m[I 2022-04-23 11:29:03,808][0m Trial 317 finished with value: 0.6866924259492697 and parameters: {'n_estimators': 665, 'min_samples_split': 0.001271451619973699, 'min_samples_leaf': 0.0013875745183787387, 'min_weight_fraction_leaf': 1.7927283894334954e-05, 'max_features': 0.14282826319170588, 'bootstrap': False, 'max_samples': 0.2573449418857859}. Best is trial 251 with value: 0.6908430332111252.[0m
[32m[I 2022-04-23 11:31:16,284][0m Trial 318 finished with value: 0.6653559428763076 and parameters: {'n_estimators': 646, 'min_samples_split': 0.2505447358570189, 'min_samples_leaf': 0.001497525714663571, 'min_weight_fraction_leaf': 0.00020445509720523836, 'max_features': 0.14267855371933483, 'bootstrap': False, 'max_samples': 0.2584067269141539}. Best is trial 251 with value: 0.6908430332111252.[0m
[32m[I 2022-04-23 11:32:49,923][0m Trial 319 finished with value: 0.6762714244967681 and parameters: {'n_estimators': 674, 'min_samples_split': 0.0018226317602452035, 'min_samples_leaf': 0.0010229607056223469, 'min_weight_fraction_leaf': 0.020502957152977234, 'max_features': 0.1132572917019736, 'bootstrap': False, 'max_samples': 0.21350664141773384}. Best is trial 251 with value: 0.6908430332111252.[0m
[32m[I 2022-04-23 11:33:52,267][0m Trial 320 finished with value: 0.6702715884481298 and parameters: {'n_estimators': 585, 'min_samples_split': 0.018913116112214825, 'min_samples_leaf': 0.01893564614718208, 'min_weight_fraction_leaf': 0.03693298084558638, 'max_features': 0.1582492605320427, 'bootstrap': False, 'max_samples': 0.2554318898568498}. Best is trial 251 with value: 0.6908430332111252.[0m
[32m[I 2022-04-23 11:34:59,453][0m Trial 321 finished with value: 0.6719577430984838 and parameters: {'n_estimators': 778, 'min_samples_split': 0.001991384530072724, 'min_samples_leaf': 0.030724306946603476, 'min_weight_fraction_leaf': 0.016946218426180756, 'max_features': 0.141508175804169, 'bootstrap': False, 'max_samples': 0.278404735002583}. Best is trial 251 with value: 0.6908430332111252.[0m
[32m[I 2022-04-23 11:37:42,152][0m Trial 322 finished with value: 0.6787489349910364 and parameters: {'n_estimators': 687, 'min_samples_split': 0.01723094473138719, 'min_samples_leaf': 0.011339618234729764, 'min_weight_fraction_leaf': 0.009474604466231615, 'max_features': 0.20729548238481282, 'bootstrap': False, 'max_samples': 0.23374659574227874}. Best is trial 251 with value: 0.6908430332111252.[0m
[32m[I 2022-04-23 11:38:30,603][0m Trial 323 finished with value: 0.6768168319288727 and parameters: {'n_estimators': 638, 'min_samples_split': 0.027429606700618395, 'min_samples_leaf': 0.02083079939071186, 'min_weight_fraction_leaf': 0.026627808699834825, 'max_features': 0.09790039798498935, 'bootstrap': False, 'max_samples': 0.16587416697061974}. Best is trial 251 with value: 0.6908430332111252.[0m
[32m[I 2022-04-23 11:41:12,389][0m Trial 324 finished with value: 0.6791202031091491 and parameters: {'n_estimators': 739, 'min_samples_split': 0.010621086369112916, 'min_samples_leaf': 0.01053297946912946, 'min_weight_fraction_leaf': 0.009578718112277283, 'max_features': 0.1764080311442106, 'bootstrap': False, 'max_samples': 0.20002420619209302}. Best is trial 251 with value: 0.6908430332111252.[0m
[32m[I 2022-04-23 11:41:27,078][0m Trial 325 finished with value: 0.6336282166699448 and parameters: {'n_estimators': 814, 'min_samples_split': 0.04082241751265264, 'min_samples_leaf': 0.15670256596916315, 'min_weight_fraction_leaf': 0.018386577114717185, 'max_features': 0.12775670063284236, 'bootstrap': False, 'max_samples': 0.30381369836977123}. Best is trial 251 with value: 0.6908430332111252.[0m
[32m[I 2022-04-23 11:41:44,271][0m Trial 326 finished with value: 0.6157189222038473 and parameters: {'n_estimators': 768, 'min_samples_split': 0.018762273549395247, 'min_samples_leaf': 0.0011081920096139486, 'min_weight_fraction_leaf': 0.18068533393947636, 'max_features': 0.05921719725358055, 'bootstrap': False, 'max_samples': 0.27649802492667647}. Best is trial 251 with value: 0.6908430332111252.[0m
[32m[I 2022-04-23 11:42:43,027][0m Trial 327 finished with value: 0.6743900561636526 and parameters: {'n_estimators': 726, 'min_samples_split': 0.0011304402869176996, 'min_samples_leaf': 0.02583499679051141, 'min_weight_fraction_leaf': 0.0009490648367502617, 'max_features': 0.10759111520997651, 'bootstrap': False, 'max_samples': 0.3233363854197686}. Best is trial 251 with value: 0.6908430332111252.[0m
[32m[I 2022-04-23 11:45:30,838][0m Trial 328 finished with value: 0.679011618616226 and parameters: {'n_estimators': 827, 'min_samples_split': 0.01140077853912785, 'min_samples_leaf': 0.011343305023849032, 'min_weight_fraction_leaf': 0.009206958078031157, 'max_features': 0.1598862471778671, 'bootstrap': False, 'max_samples': 0.344519190499171}. Best is trial 251 with value: 0.6908430332111252.[0m
[32m[I 2022-04-23 11:46:54,874][0m Trial 329 finished with value: 0.6789030271846072 and parameters: {'n_estimators': 473, 'min_samples_split': 0.03183406693543268, 'min_samples_leaf': 0.01762523024710579, 'min_weight_fraction_leaf': 0.02586166713718873, 'max_features': 0.2257216172103193, 'bootstrap': False, 'max_samples': 0.2978828725906986}. Best is trial 251 with value: 0.6908430332111252.[0m
[32m[I 2022-04-23 11:47:00,209][0m Trial 330 finished with value: 0.589976692187481 and parameters: {'n_estimators': 668, 'min_samples_split': 0.022739361610419374, 'min_samples_leaf': 0.3310462699315995, 'min_weight_fraction_leaf': 0.0162197105488946, 'max_features': 0.12860085046602865, 'bootstrap': False, 'max_samples': 0.37046072623730425}. Best is trial 251 with value: 0.6908430332111252.[0m
[32m[I 2022-04-23 11:48:47,224][0m Trial 331 finished with value: 0.6737465152045713 and parameters: {'n_estimators': 546, 'min_samples_split': 0.0010519467325231678, 'min_samples_leaf': 0.0012246540493791747, 'min_weight_fraction_leaf': 0.009220936793650773, 'max_features': 0.08309034257169377, 'bootstrap': False, 'max_samples': 0.44091498370384447}. Best is trial 251 with value: 0.6908430332111252.[0m
[32m[I 2022-04-23 11:48:54,001][0m Trial 332 finished with value: 0.5851525511859803 and parameters: {'n_estimators': 703, 'min_samples_split': 0.012017094281082429, 'min_samples_leaf': 0.35252111062888536, 'min_weight_fraction_leaf': 0.03340061017485407, 'max_features': 0.2957795703232721, 'bootstrap': False, 'max_samples': 0.24074069645386498}. Best is trial 251 with value: 0.6908430332111252.[0m
[32m[I 2022-04-23 11:49:46,662][0m Trial 333 finished with value: 0.6752804404337789 and parameters: {'n_estimators': 379, 'min_samples_split': 0.019970423340921466, 'min_samples_leaf': 0.026692319015699517, 'min_weight_fraction_leaf': 0.008624723023941384, 'max_features': 0.19227009288034239, 'bootstrap': False, 'max_samples': 0.40367013101186106}. Best is trial 251 with value: 0.6908430332111252.[0m
