[32m[I 2022-04-21 12:02:52,382][0m Trial 52 finished with value: 0.8330796620603526 and parameters: {'n_estimators': 619, 'min_samples_split': 0.0665524615012329, 'min_samples_leaf': 0.018164909286352005, 'min_weight_fraction_leaf': 0.02821002908079137, 'max_features': 0.6486862936121107, 'bootstrap': True, 'max_samples': 0.5858414849247242, 'oob_score': True}. Best is trial 44 with value: 0.8337640750250062.[0m
[32m[I 2022-04-21 12:04:28,847][0m Trial 53 finished with value: 0.830561725903153 and parameters: {'n_estimators': 630, 'min_samples_split': 0.13659854955234277, 'min_samples_leaf': 0.014391674160807312, 'min_weight_fraction_leaf': 0.028347773266333507, 'max_features': 0.8426392627638555, 'bootstrap': True, 'max_samples': 0.6052510466470465, 'oob_score': True}. Best is trial 44 with value: 0.8337640750250062.[0m
[32m[I 2022-04-21 12:04:37,437][0m Trial 54 finished with value: 0.35 and parameters: {'n_estimators': 563, 'min_samples_split': 0.022642969044213847, 'min_samples_leaf': 0.07921153122713015, 'min_weight_fraction_leaf': 0.12775345084417725, 'max_features': 0.6497456522487699, 'bootstrap': True, 'max_samples': 0.23076760825177084, 'oob_score': True}. Best is trial 44 with value: 0.8337640750250062.[0m
[32m[I 2022-04-21 12:04:47,747][0m Trial 55 finished with value: 0.35 and parameters: {'n_estimators': 705, 'min_samples_split': 0.49134954113674745, 'min_samples_leaf': 0.00247748716191706, 'min_weight_fraction_leaf': 0.01859113607649743, 'max_features': 0.5825731640872398, 'bootstrap': True, 'max_samples': 0.46889135321097897, 'oob_score': True}. Best is trial 44 with value: 0.8337640750250062.[0m
[32m[I 2022-04-21 12:04:58,264][0m Trial 56 finished with value: 0.7984274722673386 and parameters: {'n_estimators': 481, 'min_samples_split': 0.17565510080282787, 'min_samples_leaf': 0.09251309063204982, 'min_weight_fraction_leaf': 0.06450871441312855, 'max_features': 0.5039550246121007, 'bootstrap': True, 'max_samples': 0.3742295646728965, 'oob_score': True}. Best is trial 44 with value: 0.8337640750250062.[0m
[32m[I 2022-04-21 12:05:05,424][0m Trial 57 finished with value: 0.35 and parameters: {'n_estimators': 404, 'min_samples_split': 0.29516745109671166, 'min_samples_leaf': 0.041162144111990664, 'min_weight_fraction_leaf': 0.2653410891350598, 'max_features': 0.7594724044049707, 'bootstrap': True, 'max_samples': 0.5218569222901561, 'oob_score': True}. Best is trial 44 with value: 0.8337640750250062.[0m
[32m[I 2022-04-21 12:05:39,452][0m Trial 58 finished with value: 0.8212419460502606 and parameters: {'n_estimators': 816, 'min_samples_split': 0.10226862167808695, 'min_samples_leaf': 0.07052589183239141, 'min_weight_fraction_leaf': 0.08588891252142229, 'max_features': 0.6202219630348534, 'bootstrap': True, 'max_samples': 0.5614907013532175, 'oob_score': True}. Best is trial 44 with value: 0.8337640750250062.[0m
[32m[I 2022-04-21 12:07:29,435][0m Trial 59 finished with value: 0.8324570062127192 and parameters: {'n_estimators': 695, 'min_samples_split': 0.05145252665916962, 'min_samples_leaf': 0.01805204783684313, 'min_weight_fraction_leaf': 0.03605062059848292, 'max_features': 0.7261452539394417, 'bootstrap': True, 'max_samples': 0.583403936985354, 'oob_score': True}. Best is trial 44 with value: 0.8337640750250062.[0m
[32m[I 2022-04-21 12:07:40,701][0m Trial 60 finished with value: 0.7938359174790087 and parameters: {'n_estimators': 588, 'min_samples_split': 0.06916177425218609, 'min_samples_leaf': 0.1446955014382037, 'min_weight_fraction_leaf': 0.16679398469062798, 'max_features': 0.5586116959978419, 'bootstrap': True, 'max_samples': 0.5037093653172182, 'oob_score': True}. Best is trial 44 with value: 0.8337640750250062.[0m
[32m[I 2022-04-21 12:08:19,815][0m Trial 61 finished with value: 0.830979999196854 and parameters: {'n_estimators': 362, 'min_samples_split': 0.07459648825055082, 'min_samples_leaf': 0.038213823705873215, 'min_weight_fraction_leaf': 0.05328635570128526, 'max_features': 0.6704347214670353, 'bootstrap': True, 'max_samples': 0.706319666841466, 'oob_score': True}. Best is trial 44 with value: 0.8337640750250062.[0m
[32m[I 2022-04-21 12:09:41,803][0m Trial 62 finished with value: 0.8345463712115052 and parameters: {'n_estimators': 510, 'min_samples_split': 0.039377163159487624, 'min_samples_leaf': 0.0227108598351528, 'min_weight_fraction_leaf': 0.01253739394568492, 'max_features': 0.6446338721193998, 'bootstrap': True, 'max_samples': 0.6599802253692307, 'oob_score': True}. Best is trial 62 with value: 0.8345463712115052.[0m
[32m[I 2022-04-21 12:11:06,452][0m Trial 63 finished with value: 0.83462288042788 and parameters: {'n_estimators': 504, 'min_samples_split': 0.018212956455673765, 'min_samples_leaf': 0.01983245767301128, 'min_weight_fraction_leaf': 0.01150507002463841, 'max_features': 0.6342434272203223, 'bootstrap': True, 'max_samples': 0.6167793958031214, 'oob_score': True}. Best is trial 63 with value: 0.83462288042788.[0m
[32m[I 2022-04-21 12:15:04,965][0m Trial 64 finished with value: 0.8327066605426829 and parameters: {'n_estimators': 497, 'min_samples_split': 0.021266685935155218, 'min_samples_leaf': 0.0021393258327514902, 'min_weight_fraction_leaf': 0.0072838057001271906, 'max_features': 0.6308056544098638, 'bootstrap': True, 'max_samples': 0.6222155940616352, 'oob_score': True}. Best is trial 63 with value: 0.83462288042788.[0m
[32m[I 2022-04-21 12:16:14,883][0m Trial 65 finished with value: 0.8289552968132371 and parameters: {'n_estimators': 887, 'min_samples_split': 0.03985973173762915, 'min_samples_leaf': 0.050637387093273326, 'min_weight_fraction_leaf': 0.028548100239981555, 'max_features': 0.6940418411941257, 'bootstrap': True, 'max_samples': 0.6576459778706308, 'oob_score': True}. Best is trial 63 with value: 0.83462288042788.[0m
[32m[I 2022-04-21 12:16:32,686][0m Trial 66 finished with value: 0.8187090125090408 and parameters: {'n_estimators': 453, 'min_samples_split': 0.008524737374057484, 'min_samples_leaf': 0.06894307396605545, 'min_weight_fraction_leaf': 0.10755489579078725, 'max_features': 0.5748777750381655, 'bootstrap': True, 'max_samples': 0.5803264959987352, 'oob_score': True}. Best is trial 63 with value: 0.83462288042788.[0m
[32m[I 2022-04-21 12:16:44,004][0m Trial 67 finished with value: 0.35 and parameters: {'n_estimators': 784, 'min_samples_split': 0.3583649782502009, 'min_samples_leaf': 0.47076885216246595, 'min_weight_fraction_leaf': 0.011825314487613465, 'max_features': 0.8055694486172079, 'bootstrap': True, 'max_samples': 0.5457236864140078, 'oob_score': True}. Best is trial 63 with value: 0.83462288042788.[0m
[32m[I 2022-04-21 12:16:59,230][0m Trial 68 finished with value: 0.8178604156361695 and parameters: {'n_estimators': 422, 'min_samples_split': 0.0888089878514268, 'min_samples_leaf': 0.09950614904123656, 'min_weight_fraction_leaf': 0.07726003064100503, 'max_features': 0.4895782994215264, 'bootstrap': True, 'max_samples': 0.6798116328564323, 'oob_score': True}. Best is trial 63 with value: 0.83462288042788.[0m
[32m[I 2022-04-21 12:18:23,504][0m Trial 69 finished with value: 0.833472509849841 and parameters: {'n_estimators': 673, 'min_samples_split': 0.03823433047335702, 'min_samples_leaf': 0.018434487003416128, 'min_weight_fraction_leaf': 0.0006475852996082089, 'max_features': 0.6487789049184832, 'bootstrap': True, 'max_samples': 0.4644512705305678, 'oob_score': True}. Best is trial 63 with value: 0.83462288042788.[0m
[32m[I 2022-04-21 12:18:33,060][0m Trial 70 finished with value: 0.35 and parameters: {'n_estimators': 652, 'min_samples_split': 0.04273047127789226, 'min_samples_leaf': 0.2691483479158989, 'min_weight_fraction_leaf': 0.35405286876524017, 'max_features': 0.6626563603646605, 'bootstrap': True, 'max_samples': 0.4677955007037922, 'oob_score': True}. Best is trial 63 with value: 0.83462288042788.[0m
[32m[I 2022-04-21 12:19:40,019][0m Trial 71 finished with value: 0.8326710467877982 and parameters: {'n_estimators': 571, 'min_samples_split': 0.020467269387971842, 'min_samples_leaf': 0.01977162325014596, 'min_weight_fraction_leaf': 0.0028815232925120116, 'max_features': 0.6923209518257292, 'bootstrap': True, 'max_samples': 0.4145953588599217, 'oob_score': True}. Best is trial 63 with value: 0.83462288042788.[0m
[32m[I 2022-04-21 12:20:55,462][0m Trial 72 finished with value: 0.8333627992624656 and parameters: {'n_estimators': 529, 'min_samples_split': 0.05387861069374321, 'min_samples_leaf': 0.02005449880885685, 'min_weight_fraction_leaf': 0.034329137994410897, 'max_features': 0.6218316421947149, 'bootstrap': True, 'max_samples': 0.6158933171966089, 'oob_score': True}. Best is trial 63 with value: 0.83462288042788.[0m
[32m[I 2022-04-21 12:21:49,821][0m Trial 73 finished with value: 0.8294716199551464 and parameters: {'n_estimators': 674, 'min_samples_split': 0.05524552850014686, 'min_samples_leaf': 0.047009219495677004, 'min_weight_fraction_leaf': 0.03439087052664494, 'max_features': 0.7376698915600959, 'bootstrap': True, 'max_samples': 0.632615252444331, 'oob_score': False}. Best is trial 63 with value: 0.83462288042788.[0m
[32m[I 2022-04-21 12:23:27,140][0m Trial 74 finished with value: 0.8343190159430277 and parameters: {'n_estimators': 593, 'min_samples_split': 0.034662417569399064, 'min_samples_leaf': 0.013372127878385546, 'min_weight_fraction_leaf': 0.03482572148656333, 'max_features': 0.6405666544407232, 'bootstrap': True, 'max_samples': 0.5981557020180809, 'oob_score': True}. Best is trial 63 with value: 0.83462288042788.[0m
[32m[I 2022-04-21 12:23:45,439][0m Trial 75 finished with value: 0.822097745059067 and parameters: {'n_estimators': 428, 'min_samples_split': 0.03625913230860878, 'min_samples_leaf': 0.08168598485317137, 'min_weight_fraction_leaf': 0.05949993914302861, 'max_features': 0.5394324857726208, 'bootstrap': True, 'max_samples': 0.715575396304873, 'oob_score': True}. Best is trial 63 with value: 0.83462288042788.[0m
[32m[I 2022-04-21 12:24:18,359][0m Trial 76 finished with value: 0.821294173174347 and parameters: {'n_estimators': 732, 'min_samples_split': 0.015588005487068641, 'min_samples_leaf': 0.06676332755614359, 'min_weight_fraction_leaf': 0.0006755967842463108, 'max_features': 0.7069581138514115, 'bootstrap': True, 'max_samples': 0.5552460140246314, 'oob_score': False}. Best is trial 63 with value: 0.83462288042788.[0m
[32m[I 2022-04-21 12:25:52,977][0m Trial 77 finished with value: 0.8351943071991107 and parameters: {'n_estimators': 541, 'min_samples_split': 0.0023585315614992955, 'min_samples_leaf': 0.009804135072368467, 'min_weight_fraction_leaf': 0.041009500890586276, 'max_features': 0.5782809350265208, 'bootstrap': True, 'max_samples': 0.6710283689005889, 'oob_score': True}. Best is trial 77 with value: 0.8351943071991107.[0m
[32m[I 2022-04-21 12:27:46,274][0m Trial 78 finished with value: 0.833333729320502 and parameters: {'n_estimators': 602, 'min_samples_split': 0.004271587283437215, 'min_samples_leaf': 0.011016101533411848, 'min_weight_fraction_leaf': 0.04244108286144803, 'max_features': 0.7566235554141726, 'bootstrap': True, 'max_samples': 0.6423286855078504, 'oob_score': True}. Best is trial 77 with value: 0.8351943071991107.[0m
[32m[I 2022-04-21 12:28:58,784][0m Trial 79 finished with value: 0.8278593755218333 and parameters: {'n_estimators': 530, 'min_samples_split': 0.0333890882931166, 'min_samples_leaf': 0.002118736109120025, 'min_weight_fraction_leaf': 0.0760622360100168, 'max_features': 0.6055514243752973, 'bootstrap': True, 'max_samples': 0.6716656005772742, 'oob_score': True}. Best is trial 77 with value: 0.8351943071991107.[0m
[32m[I 2022-04-21 12:29:25,797][0m Trial 80 finished with value: 0.8189810300940001 and parameters: {'n_estimators': 481, 'min_samples_split': 0.013426659459040272, 'min_samples_leaf': 0.048757761910951464, 'min_weight_fraction_leaf': 0.09491498401612741, 'max_features': 0.7825971858343593, 'bootstrap': True, 'max_samples': 0.4938505206710319, 'oob_score': True}. Best is trial 77 with value: 0.8351943071991107.[0m
[32m[I 2022-04-21 12:31:15,248][0m Trial 81 finished with value: 0.8333569029449489 and parameters: {'n_estimators': 596, 'min_samples_split': 0.0027098730785219574, 'min_samples_leaf': 0.015884593959034514, 'min_weight_fraction_leaf': 0.04167141495701837, 'max_features': 0.7566122490585802, 'bootstrap': True, 'max_samples': 0.6421073738993502, 'oob_score': True}. Best is trial 77 with value: 0.8351943071991107.[0m
[32m[I 2022-04-21 12:32:35,396][0m Trial 82 finished with value: 0.8324884807406521 and parameters: {'n_estimators': 550, 'min_samples_split': 0.0013729612679932238, 'min_samples_leaf': 0.031534963655405826, 'min_weight_fraction_leaf': 0.013003886789223654, 'max_features': 0.8323242634014036, 'bootstrap': True, 'max_samples': 0.6879092999072421, 'oob_score': True}. Best is trial 77 with value: 0.8351943071991107.[0m
[32m[I 2022-04-21 12:32:42,775][0m Trial 83 finished with value: 0.35 and parameters: {'n_estimators': 495, 'min_samples_split': 0.04698183103901363, 'min_samples_leaf': 0.3842320227532522, 'min_weight_fraction_leaf': 0.03780295052054269, 'max_features': 0.6290575702512431, 'bootstrap': True, 'max_samples': 0.6571786492867919, 'oob_score': True}. Best is trial 77 with value: 0.8351943071991107.[0m
[32m[I 2022-04-21 12:34:17,675][0m Trial 84 finished with value: 0.832274567301052 and parameters: {'n_estimators': 546, 'min_samples_split': 0.030036896151472963, 'min_samples_leaf': 0.011022085782953828, 'min_weight_fraction_leaf': 0.051164713777952786, 'max_features': 0.6904433235491004, 'bootstrap': True, 'max_samples': 0.7311975923558505, 'oob_score': False}. Best is trial 77 with value: 0.8351943071991107.[0m
[32m[I 2022-04-21 12:35:07,381][0m Trial 85 finished with value: 0.8337374105941446 and parameters: {'n_estimators': 593, 'min_samples_split': 0.01745361980839772, 'min_samples_leaf': 0.033881894849928706, 'min_weight_fraction_leaf': 0.013106866553565879, 'max_features': 0.5254425748797835, 'bootstrap': True, 'max_samples': 0.6232064830950264, 'oob_score': True}. Best is trial 77 with value: 0.8351943071991107.[0m
[32m[I 2022-04-21 12:35:16,564][0m Trial 86 finished with value: 0.45 and parameters: {'n_estimators': 661, 'min_samples_split': 0.02106143127989283, 'min_samples_leaf': 0.06090912702634362, 'min_weight_fraction_leaf': 0.010629897787360499, 'max_features': 0.5662631239096805, 'bootstrap': True, 'max_samples': 0.022953526264210156, 'oob_score': True}. Best is trial 77 with value: 0.8351943071991107.[0m
[32m[I 2022-04-21 12:35:34,084][0m Trial 87 finished with value: 0.7966234227321121 and parameters: {'n_estimators': 515, 'min_samples_split': 0.054301454627969356, 'min_samples_leaf': 0.036384277061981836, 'min_weight_fraction_leaf': 0.2171634325140654, 'max_features': 0.5248288576116603, 'bootstrap': True, 'max_samples': 0.6153922914594072, 'oob_score': True}. Best is trial 77 with value: 0.8351943071991107.[0m
[32m[I 2022-04-21 12:36:24,623][0m Trial 88 finished with value: 0.8282985081331782 and parameters: {'n_estimators': 585, 'min_samples_split': 0.03207162295315437, 'min_samples_leaf': 0.0290000815095875, 'min_weight_fraction_leaf': 0.06672714270190223, 'max_features': 0.6637876382887793, 'bootstrap': True, 'max_samples': 0.5836128299999177, 'oob_score': True}. Best is trial 77 with value: 0.8351943071991107.[0m
[32m[I 2022-04-21 12:36:34,830][0m Trial 89 finished with value: 0.8017255198214658 and parameters: {'n_estimators': 433, 'min_samples_split': 0.04665894305228731, 'min_samples_leaf': 0.11807787521017746, 'min_weight_fraction_leaf': 0.014584030278159339, 'max_features': 0.47110768102934386, 'bootstrap': True, 'max_samples': 0.5627750288104808, 'oob_score': True}. Best is trial 77 with value: 0.8351943071991107.[0m
[32m[I 2022-04-21 12:37:01,294][0m Trial 90 finished with value: 0.8275339325848112 and parameters: {'n_estimators': 463, 'min_samples_split': 0.08085891844035947, 'min_samples_leaf': 0.04758416561398922, 'min_weight_fraction_leaf': 0.028673602818090747, 'max_features': 0.5888256441450413, 'bootstrap': True, 'max_samples': 0.5056285522886386, 'oob_score': True}. Best is trial 77 with value: 0.8351943071991107.[0m
[32m[I 2022-04-21 12:38:18,442][0m Trial 91 finished with value: 0.8335826409555687 and parameters: {'n_estimators': 608, 'min_samples_split': 0.013186213410357457, 'min_samples_leaf': 0.018769744627634862, 'min_weight_fraction_leaf': 0.041885187310811575, 'max_features': 0.6104131060000344, 'bootstrap': True, 'max_samples': 0.6325107082077958, 'oob_score': True}. Best is trial 77 with value: 0.8351943071991107.[0m
[32m[I 2022-04-21 12:38:31,254][0m Trial 92 finished with value: 0.7900463841219532 and parameters: {'n_estimators': 692, 'min_samples_split': 0.0115283134522801, 'min_samples_leaf': 0.17697625262989508, 'min_weight_fraction_leaf': 0.05540799251168935, 'max_features': 0.6164951092255296, 'bootstrap': True, 'max_samples': 0.595034372011417, 'oob_score': True}. Best is trial 77 with value: 0.8351943071991107.[0m
[32m[I 2022-04-21 12:39:59,334][0m Trial 93 finished with value: 0.8331733089350706 and parameters: {'n_estimators': 756, 'min_samples_split': 0.032419417660891715, 'min_samples_leaf': 0.025005386712079244, 'min_weight_fraction_leaf': 0.032218202895190715, 'max_features': 0.5423381182863011, 'bootstrap': True, 'max_samples': 0.6926355679398344, 'oob_score': True}. Best is trial 77 with value: 0.8351943071991107.[0m
[32m[I 2022-04-21 12:44:34,441][0m Trial 94 finished with value: 0.833810822782944 and parameters: {'n_estimators': 608, 'min_samples_split': 0.019021236129792306, 'min_samples_leaf': 0.0010090919064343947, 'min_weight_fraction_leaf': 0.01351037158608135, 'max_features': 0.6438449647772954, 'bootstrap': True, 'max_samples': 0.6240202295011449, 'oob_score': True}. Best is trial 77 with value: 0.8351943071991107.[0m
[32m[I 2022-04-21 12:49:25,659][0m Trial 95 finished with value: 0.8342619802611505 and parameters: {'n_estimators': 605, 'min_samples_split': 0.01973439681491112, 'min_samples_leaf': 0.0018845255200966634, 'min_weight_fraction_leaf': 0.013980236651160955, 'max_features': 0.6526496300990102, 'bootstrap': True, 'max_samples': 0.6653821256279988, 'oob_score': True}. Best is trial 77 with value: 0.8351943071991107.[0m
[32m[I 2022-04-21 12:54:21,194][0m Trial 96 finished with value: 0.8353994444067403 and parameters: {'n_estimators': 609, 'min_samples_split': 0.015278737280101162, 'min_samples_leaf': 0.0026414636040956764, 'min_weight_fraction_leaf': 0.015528011416131023, 'max_features': 0.6772664289297617, 'bootstrap': True, 'max_samples': 0.6679442438033825, 'oob_score': True}. Best is trial 96 with value: 0.8353994444067403.[0m
[32m[I 2022-04-21 12:57:35,026][0m Trial 97 finished with value: 0.835004749911986 and parameters: {'n_estimators': 393, 'min_samples_split': 0.023775888061531778, 'min_samples_leaf': 0.0068665392792312575, 'min_weight_fraction_leaf': 0.011006159306388989, 'max_features': 0.707342947956757, 'bootstrap': True, 'max_samples': 0.7399634020621896, 'oob_score': True}. Best is trial 96 with value: 0.8353994444067403.[0m
[32m[I 2022-04-21 12:58:59,045][0m Trial 98 finished with value: 0.8300727419746728 and parameters: {'n_estimators': 397, 'min_samples_split': 0.21951173966605225, 'min_samples_leaf': 0.0017170149585840552, 'min_weight_fraction_leaf': 0.014741666595627966, 'max_features': 0.7163802369185848, 'bootstrap': True, 'max_samples': 0.7608850162257567, 'oob_score': False}. Best is trial 96 with value: 0.8353994444067403.[0m
[32m[I 2022-04-21 13:00:17,365][0m Trial 99 finished with value: 0.8316015633001925 and parameters: {'n_estimators': 570, 'min_samples_split': 0.0271480437182898, 'min_samples_leaf': 0.04038591721452475, 'min_weight_fraction_leaf': 0.01265700027631368, 'max_features': 0.8766778106310927, 'bootstrap': True, 'max_samples': 0.8024957549270584, 'oob_score': True}. Best is trial 96 with value: 0.8353994444067403.[0m
[32m[I 2022-04-21 13:01:25,899][0m Trial 100 finished with value: 0.8315692071694046 and parameters: {'n_estimators': 635, 'min_samples_split': 0.012871749113263307, 'min_samples_leaf': 0.007880857500475381, 'min_weight_fraction_leaf': 0.05428366587322625, 'max_features': 0.4222880174585517, 'bootstrap': True, 'max_samples': 0.6657087021214704, 'oob_score': True}. Best is trial 96 with value: 0.8353994444067403.[0m
[32m[I 2022-04-21 13:02:05,906][0m Trial 101 finished with value: 0.8339116302441749 and parameters: {'n_estimators': 279, 'min_samples_split': 0.02309188608506943, 'min_samples_leaf': 0.02987715951782046, 'min_weight_fraction_leaf': 0.02147436813275997, 'max_features': 0.6817330810752494, 'bootstrap': True, 'max_samples': 0.7368073241367816, 'oob_score': True}. Best is trial 96 with value: 0.8353994444067403.[0m
[32m[I 2022-04-21 13:03:08,814][0m Trial 102 finished with value: 0.8351697619300531 and parameters: {'n_estimators': 275, 'min_samples_split': 0.06061824942611299, 'min_samples_leaf': 0.011411713188974801, 'min_weight_fraction_leaf': 0.024173127134317754, 'max_features': 0.676662281082189, 'bootstrap': True, 'max_samples': 0.7300951086379063, 'oob_score': True}. Best is trial 96 with value: 0.8353994444067403.[0m
[32m[I 2022-04-21 13:03:13,717][0m Trial 103 finished with value: 0.35 and parameters: {'n_estimators': 286, 'min_samples_split': 0.06014743547741683, 'min_samples_leaf': 0.009239649185602324, 'min_weight_fraction_leaf': 0.45812902909790615, 'max_features': 0.7295814249682685, 'bootstrap': True, 'max_samples': 0.726673381333895, 'oob_score': True}. Best is trial 96 with value: 0.8353994444067403.[0m
