[32m[I 2022-04-22 04:55:33,626][0m Trial 635 finished with value: 0.837107250085678 and parameters: {'n_estimators': 931, 'min_samples_split': 0.044659087825445754, 'min_samples_leaf': 0.028527251830104114, 'min_weight_fraction_leaf': 0.008680241274313761, 'max_features': 0.1579528818113336, 'bootstrap': False, 'max_samples': 0.15848040908275265}. Best is trial 452 with value: 0.8406595463259192.[0m
[32m[I 2022-04-22 04:55:49,760][0m Trial 636 finished with value: 0.8358213573272412 and parameters: {'n_estimators': 106, 'min_samples_split': 0.03486147823246244, 'min_samples_leaf': 0.009687185003556984, 'min_weight_fraction_leaf': 0.030390705760742917, 'max_features': 0.207296381976344, 'bootstrap': False, 'max_samples': 0.2024566303873984}. Best is trial 452 with value: 0.8406595463259192.[0m
[32m[I 2022-04-22 04:56:40,859][0m Trial 637 finished with value: 0.8344943687647619 and parameters: {'n_estimators': 818, 'min_samples_split': 0.05297939704786947, 'min_samples_leaf': 0.04124931343666148, 'min_weight_fraction_leaf': 0.017884161082318776, 'max_features': 0.18616587132178924, 'bootstrap': False, 'max_samples': 0.26507950023391985}. Best is trial 452 with value: 0.8406595463259192.[0m
[32m[I 2022-04-22 04:57:36,136][0m Trial 638 finished with value: 0.8268497561722736 and parameters: {'n_estimators': 862, 'min_samples_split': 0.04221534653663688, 'min_samples_leaf': 0.01760023151174935, 'min_weight_fraction_leaf': 0.09707954648060374, 'max_features': 0.2448981724534593, 'bootstrap': False, 'max_samples': 0.1201807001966045}. Best is trial 452 with value: 0.8406595463259192.[0m
[32m[I 2022-04-22 05:00:24,017][0m Trial 639 finished with value: 0.839246044848794 and parameters: {'n_estimators': 802, 'min_samples_split': 0.029963164323154524, 'min_samples_leaf': 0.01001228872094145, 'min_weight_fraction_leaf': 0.010310575428092505, 'max_features': 0.22411200868654568, 'bootstrap': False, 'max_samples': 0.17636844340732505}. Best is trial 452 with value: 0.8406595463259192.[0m
[32m[I 2022-04-22 05:01:25,149][0m Trial 640 finished with value: 0.8358968838970607 and parameters: {'n_estimators': 911, 'min_samples_split': 0.05424025957012274, 'min_samples_leaf': 0.027772123655882882, 'min_weight_fraction_leaf': 0.00022887618071909706, 'max_features': 0.13527119091791298, 'bootstrap': False, 'max_samples': 0.651045399196824}. Best is trial 452 with value: 0.8406595463259192.[0m
[32m[I 2022-04-22 05:05:23,382][0m Trial 641 finished with value: 0.8292329528410523 and parameters: {'n_estimators': 782, 'min_samples_split': 0.029733660746924774, 'min_samples_leaf': 0.009712060255141992, 'min_weight_fraction_leaf': 0.041910535725999884, 'max_features': 0.5612164172080183, 'bootstrap': False, 'max_samples': 0.549426055074036}. Best is trial 452 with value: 0.8406595463259192.[0m
[32m[I 2022-04-22 05:07:00,785][0m Trial 642 finished with value: 0.8387492579026855 and parameters: {'n_estimators': 859, 'min_samples_split': 0.04559062369912899, 'min_samples_leaf': 0.02060872096527921, 'min_weight_fraction_leaf': 0.023091022195260817, 'max_features': 0.18153935410439986, 'bootstrap': False, 'max_samples': 0.7066650085154846}. Best is trial 452 with value: 0.8406595463259192.[0m
[32m[I 2022-04-22 05:07:35,450][0m Trial 643 finished with value: 0.814626434782765 and parameters: {'n_estimators': 956, 'min_samples_split': 0.05921957457235143, 'min_samples_leaf': 0.033482088860419645, 'min_weight_fraction_leaf': 0.17979657246669936, 'max_features': 0.21196235322259518, 'bootstrap': False, 'max_samples': 0.09138943295076665}. Best is trial 452 with value: 0.8406595463259192.[0m
[32m[I 2022-04-22 05:10:10,325][0m Trial 644 finished with value: 0.8384402323316607 and parameters: {'n_estimators': 827, 'min_samples_split': 0.029102096893220172, 'min_samples_leaf': 0.009816184795229402, 'min_weight_fraction_leaf': 0.00902712590272442, 'max_features': 0.1667783498920942, 'bootstrap': False, 'max_samples': 0.23467618829036188}. Best is trial 452 with value: 0.8406595463259192.[0m
[32m[I 2022-04-22 05:19:15,556][0m Trial 645 finished with value: 0.8393215424029965 and parameters: {'n_estimators': 874, 'min_samples_split': 0.0379986059711065, 'min_samples_leaf': 0.0011120750421177395, 'min_weight_fraction_leaf': 0.00010231356174764992, 'max_features': 0.2556577803072967, 'bootstrap': False, 'max_samples': 0.14928971226710241}. Best is trial 452 with value: 0.8406595463259192.[0m
[32m[I 2022-04-22 05:19:25,956][0m Trial 646 finished with value: 0.796760949860427 and parameters: {'n_estimators': 916, 'min_samples_split': 0.03972440089009939, 'min_samples_leaf': 0.31719965689995483, 'min_weight_fraction_leaf': 0.0005949220151357567, 'max_features': 0.2564903422109148, 'bootstrap': False, 'max_samples': 0.1535674370765902}. Best is trial 452 with value: 0.8406595463259192.[0m
[32m[I 2022-04-22 05:22:14,004][0m Trial 647 finished with value: 0.8395235063715809 and parameters: {'n_estimators': 998, 'min_samples_split': 0.02127424671021593, 'min_samples_leaf': 0.020342297404796608, 'min_weight_fraction_leaf': 0.00024709284690605307, 'max_features': 0.242789625583157, 'bootstrap': False, 'max_samples': 0.2646232366659534}. Best is trial 452 with value: 0.8406595463259192.[0m
[32m[I 2022-04-22 05:27:08,673][0m Trial 648 finished with value: 0.840296033484275 and parameters: {'n_estimators': 988, 'min_samples_split': 0.021980175433189964, 'min_samples_leaf': 0.008840288910654828, 'min_weight_fraction_leaf': 0.007218357450917266, 'max_features': 0.26595817561602325, 'bootstrap': False, 'max_samples': 0.12425487330127209}. Best is trial 452 with value: 0.8406595463259192.[0m
[32m[I 2022-04-22 05:32:02,965][0m Trial 649 finished with value: 0.8386139027953499 and parameters: {'n_estimators': 994, 'min_samples_split': 0.02191437788541901, 'min_samples_leaf': 0.007995607794077732, 'min_weight_fraction_leaf': 0.000959216618435378, 'max_features': 0.2606109506785796, 'bootstrap': False, 'max_samples': 0.10789065048566925}. Best is trial 452 with value: 0.8406595463259192.[0m
[32m[I 2022-04-22 05:42:42,542][0m Trial 650 finished with value: 0.8388866093091784 and parameters: {'n_estimators': 978, 'min_samples_split': 0.025436826559133593, 'min_samples_leaf': 0.0011926563456082636, 'min_weight_fraction_leaf': 0.000872394519344245, 'max_features': 0.24747540084860797, 'bootstrap': False, 'max_samples': 0.1313559301208778}. Best is trial 452 with value: 0.8406595463259192.[0m
[32m[I 2022-04-22 05:54:42,318][0m Trial 651 finished with value: 0.839720863894363 and parameters: {'n_estimators': 998, 'min_samples_split': 0.022836391191970257, 'min_samples_leaf': 0.0011438773285538523, 'min_weight_fraction_leaf': 0.0006801025073782038, 'max_features': 0.260242422310427, 'bootstrap': False, 'max_samples': 0.12167971244203801}. Best is trial 452 with value: 0.8406595463259192.[0m
[32m[I 2022-04-22 05:59:12,329][0m Trial 652 finished with value: 0.8395379884038823 and parameters: {'n_estimators': 976, 'min_samples_split': 0.02042161444346773, 'min_samples_leaf': 0.0010590951031170057, 'min_weight_fraction_leaf': 0.014446340942127408, 'max_features': 0.24040847179021624, 'bootstrap': False, 'max_samples': 0.10326026975034762}. Best is trial 452 with value: 0.8406595463259192.[0m
[32m[I 2022-04-22 06:02:37,919][0m Trial 653 finished with value: 0.8394029041323485 and parameters: {'n_estimators': 999, 'min_samples_split': 0.020509315510397978, 'min_samples_leaf': 0.00894561067303616, 'min_weight_fraction_leaf': 0.017257462442375814, 'max_features': 0.24675098924861788, 'bootstrap': False, 'max_samples': 0.1211861530423119}. Best is trial 452 with value: 0.8406595463259192.[0m
[32m[I 2022-04-22 06:05:11,470][0m Trial 654 finished with value: 0.8389624465230068 and parameters: {'n_estimators': 996, 'min_samples_split': 0.0205935413346377, 'min_samples_leaf': 0.018451568921906067, 'min_weight_fraction_leaf': 0.014609652105133049, 'max_features': 0.24038474605371352, 'bootstrap': False, 'max_samples': 0.1163518263397103}. Best is trial 452 with value: 0.8406595463259192.[0m
[32m[I 2022-04-22 06:06:24,939][0m Trial 655 finished with value: 0.8235755859239771 and parameters: {'n_estimators': 983, 'min_samples_split': 0.020013818927819418, 'min_samples_leaf': 0.001238858905331256, 'min_weight_fraction_leaf': 0.13466725978512023, 'max_features': 0.258872154547756, 'bootstrap': False, 'max_samples': 0.0898987852739351}. Best is trial 452 with value: 0.8406595463259192.[0m
[32m[I 2022-04-22 06:08:23,820][0m Trial 656 finished with value: 0.8369736214520834 and parameters: {'n_estimators': 992, 'min_samples_split': 0.02005604944371157, 'min_samples_leaf': 0.02437319428324628, 'min_weight_fraction_leaf': 0.010069427235864868, 'max_features': 0.23590333270689068, 'bootstrap': False, 'max_samples': 0.11212643660555877}. Best is trial 452 with value: 0.8406595463259192.[0m
[32m[I 2022-04-22 06:11:21,989][0m Trial 657 finished with value: 0.8374035147059246 and parameters: {'n_estimators': 947, 'min_samples_split': 0.027176728912121053, 'min_samples_leaf': 0.009543165433333958, 'min_weight_fraction_leaf': 0.02470256512104435, 'max_features': 0.2695809110358397, 'bootstrap': False, 'max_samples': 0.08578081905629059}. Best is trial 452 with value: 0.8406595463259192.[0m
[32m[I 2022-04-22 06:17:20,445][0m Trial 658 finished with value: 0.8383795410550023 and parameters: {'n_estimators': 995, 'min_samples_split': 0.020309684809945803, 'min_samples_leaf': 0.001484777966189581, 'min_weight_fraction_leaf': 0.009471157898477694, 'max_features': 0.2459418742781153, 'bootstrap': False, 'max_samples': 0.13325975996302147}. Best is trial 452 with value: 0.8406595463259192.[0m
[32m[I 2022-04-22 06:19:36,871][0m Trial 659 finished with value: 0.8357163197653042 and parameters: {'n_estimators': 953, 'min_samples_split': 0.02717556451584672, 'min_samples_leaf': 0.018789075153196742, 'min_weight_fraction_leaf': 0.03124427072535269, 'max_features': 0.274685012243539, 'bootstrap': False, 'max_samples': 0.10592903564621675}. Best is trial 452 with value: 0.8406595463259192.[0m
[32m[I 2022-04-22 06:21:33,919][0m Trial 660 finished with value: 0.836285160943391 and parameters: {'n_estimators': 944, 'min_samples_split': 0.030713180890030705, 'min_samples_leaf': 0.029082025362863848, 'min_weight_fraction_leaf': 0.017817114788273414, 'max_features': 0.261863323478392, 'bootstrap': False, 'max_samples': 0.12659010621342934}. Best is trial 452 with value: 0.8406595463259192.[0m
[32m[I 2022-04-22 06:22:19,144][0m Trial 661 finished with value: 0.8305682964225838 and parameters: {'n_estimators': 995, 'min_samples_split': 0.018929695039936745, 'min_samples_leaf': 0.08192884318879931, 'min_weight_fraction_leaf': 0.0005731941763149385, 'max_features': 0.23601975071916456, 'bootstrap': False, 'max_samples': 0.12983135873182014}. Best is trial 452 with value: 0.8406595463259192.[0m
[32m[I 2022-04-22 06:23:02,013][0m Trial 662 finished with value: 0.8239992832990914 and parameters: {'n_estimators': 940, 'min_samples_split': 0.016067137051446932, 'min_samples_leaf': 0.11843484835095809, 'min_weight_fraction_leaf': 0.017533624519600208, 'max_features': 0.29143823538738517, 'bootstrap': False, 'max_samples': 0.11738640349409041}. Best is trial 452 with value: 0.8406595463259192.[0m
[32m[I 2022-04-22 06:26:48,904][0m Trial 663 finished with value: 0.8403762911435464 and parameters: {'n_estimators': 945, 'min_samples_split': 0.0319298510228266, 'min_samples_leaf': 0.017033193982327204, 'min_weight_fraction_leaf': 0.00029522010442058905, 'max_features': 0.23342025044171516, 'bootstrap': False, 'max_samples': 0.09766406209139078}. Best is trial 452 with value: 0.8406595463259192.[0m
[32m[I 2022-04-22 06:33:56,674][0m Trial 664 finished with value: 0.8399213564705154 and parameters: {'n_estimators': 1000, 'min_samples_split': 0.034209595237655974, 'min_samples_leaf': 0.0015200210655584752, 'min_weight_fraction_leaf': 0.008265620375473695, 'max_features': 0.22726213288073902, 'bootstrap': False, 'max_samples': 0.06673242996982211}. Best is trial 452 with value: 0.8406595463259192.[0m
[32m[I 2022-04-22 06:37:57,603][0m Trial 665 finished with value: 0.8344554604701602 and parameters: {'n_estimators': 993, 'min_samples_split': 0.14908879934518054, 'min_samples_leaf': 0.0010643785417851458, 'min_weight_fraction_leaf': 0.008293130256635473, 'max_features': 0.2304714047991884, 'bootstrap': False, 'max_samples': 0.09541401036772142}. Best is trial 452 with value: 0.8406595463259192.[0m
[32m[I 2022-04-22 06:43:22,052][0m Trial 666 finished with value: 0.8395311632894586 and parameters: {'n_estimators': 950, 'min_samples_split': 0.03319141301998763, 'min_samples_leaf': 0.0092604765731217, 'min_weight_fraction_leaf': 0.0001399726142297525, 'max_features': 0.24123374656051794, 'bootstrap': False, 'max_samples': 0.10110760118381323}. Best is trial 452 with value: 0.8406595463259192.[0m
[32m[I 2022-04-22 06:54:06,175][0m Trial 667 finished with value: 0.838758208056189 and parameters: {'n_estimators': 922, 'min_samples_split': 0.03500688840354307, 'min_samples_leaf': 0.001594289075593984, 'min_weight_fraction_leaf': 0.00040990336407356967, 'max_features': 0.2219167926344095, 'bootstrap': False, 'max_samples': 0.065421245102061}. Best is trial 452 with value: 0.8406595463259192.[0m
[32m[I 2022-04-22 06:57:30,974][0m Trial 668 finished with value: 0.8391234808590455 and parameters: {'n_estimators': 956, 'min_samples_split': 0.034376796693565026, 'min_samples_leaf': 0.017334997426183087, 'min_weight_fraction_leaf': 4.954599984867934e-05, 'max_features': 0.23859699012828517, 'bootstrap': False, 'max_samples': 0.07856933488212375}. Best is trial 452 with value: 0.8406595463259192.[0m
[32m[I 2022-04-22 07:02:37,359][0m Trial 669 finished with value: 0.8391683402278136 and parameters: {'n_estimators': 949, 'min_samples_split': 0.034777609930124125, 'min_samples_leaf': 0.009665747268337486, 'min_weight_fraction_leaf': 0.008369954370378277, 'max_features': 0.21704466165203368, 'bootstrap': False, 'max_samples': 0.06994953386266396}. Best is trial 452 with value: 0.8406595463259192.[0m
[32m[I 2022-04-22 07:05:46,966][0m Trial 670 finished with value: 0.8392212713197551 and parameters: {'n_estimators': 915, 'min_samples_split': 0.02941726248561362, 'min_samples_leaf': 0.02341244523802126, 'min_weight_fraction_leaf': 0.0006826686201642758, 'max_features': 0.25868056265032746, 'bootstrap': False, 'max_samples': 0.09358173448732365}. Best is trial 452 with value: 0.8406595463259192.[0m
[32m[I 2022-04-22 07:09:58,071][0m Trial 671 finished with value: 0.8391935225959409 and parameters: {'n_estimators': 922, 'min_samples_split': 0.04235018827724553, 'min_samples_leaf': 0.010471756304786134, 'min_weight_fraction_leaf': 0.00858145821095251, 'max_features': 0.23312130285417776, 'bootstrap': False, 'max_samples': 0.10305175514556555}. Best is trial 452 with value: 0.8406595463259192.[0m
[32m[I 2022-04-22 07:10:30,200][0m Trial 672 finished with value: 0.7968337583536608 and parameters: {'n_estimators': 952, 'min_samples_split': 0.02876648162522474, 'min_samples_leaf': 0.0018475030523374307, 'min_weight_fraction_leaf': 0.30750633920094633, 'max_features': 0.20653173339505107, 'bootstrap': False, 'max_samples': 0.05940178303810814}. Best is trial 452 with value: 0.8406595463259192.[0m
[32m[I 2022-04-22 07:12:36,274][0m Trial 673 finished with value: 0.8362638979707835 and parameters: {'n_estimators': 911, 'min_samples_split': 0.042106566731996836, 'min_samples_leaf': 0.037509679974819084, 'min_weight_fraction_leaf': 0.02014533747221558, 'max_features': 0.26327566339395403, 'bootstrap': False, 'max_samples': 0.08339630905588519}. Best is trial 452 with value: 0.8406595463259192.[0m
[32m[I 2022-04-22 07:24:28,787][0m Trial 674 finished with value: 0.8399638569879885 and parameters: {'n_estimators': 963, 'min_samples_split': 0.02521194924058109, 'min_samples_leaf': 0.0011422975711458845, 'min_weight_fraction_leaf': 0.0004096314979596041, 'max_features': 0.22522645185780316, 'bootstrap': False, 'max_samples': 0.24173621090311326}. Best is trial 452 with value: 0.8406595463259192.[0m
[32m[I 2022-04-22 07:40:05,643][0m Trial 675 finished with value: 0.8388382690897143 and parameters: {'n_estimators': 993, 'min_samples_split': 0.024582966746998315, 'min_samples_leaf': 0.001758620342721574, 'min_weight_fraction_leaf': 0.00042448393169078097, 'max_features': 0.24991754021559104, 'bootstrap': False, 'max_samples': 0.10279941054226527}. Best is trial 452 with value: 0.8406595463259192.[0m
[32m[I 2022-04-22 07:40:51,101][0m Trial 676 finished with value: 0.8155679560763275 and parameters: {'n_estimators': 958, 'min_samples_split': 0.027844724246831133, 'min_samples_leaf': 0.01707575056220556, 'min_weight_fraction_leaf': 0.21475958669641904, 'max_features': 0.22797288582507502, 'bootstrap': False, 'max_samples': 0.06292960094093315}. Best is trial 452 with value: 0.8406595463259192.[0m
[32m[I 2022-04-22 07:48:19,615][0m Trial 677 finished with value: 0.8399679353756385 and parameters: {'n_estimators': 997, 'min_samples_split': 0.03502761538002513, 'min_samples_leaf': 0.0010088876241553368, 'min_weight_fraction_leaf': 0.00917019254567909, 'max_features': 0.24798858419748382, 'bootstrap': False, 'max_samples': 0.13300271252166196}. Best is trial 452 with value: 0.8406595463259192.[0m
[32m[I 2022-04-22 08:02:55,051][0m Trial 678 finished with value: 0.8396775509476988 and parameters: {'n_estimators': 1000, 'min_samples_split': 0.022562889623877536, 'min_samples_leaf': 0.0012899786067611177, 'min_weight_fraction_leaf': 0.0005255278279379331, 'max_features': 0.24283417207849844, 'bootstrap': False, 'max_samples': 0.13941318437765507}. Best is trial 452 with value: 0.8406595463259192.[0m
[32m[I 2022-04-22 08:09:09,958][0m Trial 679 finished with value: 0.840348948059917 and parameters: {'n_estimators': 914, 'min_samples_split': 0.03618832430634605, 'min_samples_leaf': 0.0011687936216868873, 'min_weight_fraction_leaf': 0.00898715193205929, 'max_features': 0.22388500364267747, 'bootstrap': False, 'max_samples': 0.148204329521243}. Best is trial 452 with value: 0.8406595463259192.[0m
[32m[I 2022-04-22 08:14:27,564][0m Trial 680 finished with value: 0.8400354939095847 and parameters: {'n_estimators': 908, 'min_samples_split': 0.038441576430588875, 'min_samples_leaf': 0.0019738760513871266, 'min_weight_fraction_leaf': 0.010560349033057337, 'max_features': 0.21981201908870165, 'bootstrap': False, 'max_samples': 0.14286224300339595}. Best is trial 452 with value: 0.8406595463259192.[0m
[32m[I 2022-04-22 08:19:27,180][0m Trial 681 finished with value: 0.8381801702412988 and parameters: {'n_estimators': 903, 'min_samples_split': 0.04686978059857423, 'min_samples_leaf': 0.0014989715335768025, 'min_weight_fraction_leaf': 0.007593652096734827, 'max_features': 0.19973440276698756, 'bootstrap': False, 'max_samples': 0.14477479316834932}. Best is trial 452 with value: 0.8406595463259192.[0m
[32m[I 2022-04-22 08:19:32,786][0m Trial 682 finished with value: 0.78243416070009 and parameters: {'n_estimators': 903, 'min_samples_split': 0.04092954541700679, 'min_samples_leaf': 0.4346974755128591, 'min_weight_fraction_leaf': 0.0100908963517114, 'max_features': 0.21804627709731939, 'bootstrap': False, 'max_samples': 0.13817982191338318}. Best is trial 452 with value: 0.8406595463259192.[0m
[32m[I 2022-04-22 08:25:31,017][0m Trial 683 finished with value: 0.8390201468023012 and parameters: {'n_estimators': 917, 'min_samples_split': 0.036976154692290285, 'min_samples_leaf': 0.0011087126824267611, 'min_weight_fraction_leaf': 0.008697923117432907, 'max_features': 0.21579813427652414, 'bootstrap': False, 'max_samples': 0.12727027694447793}. Best is trial 452 with value: 0.8406595463259192.[0m
[32m[I 2022-04-22 08:30:45,163][0m Trial 684 finished with value: 0.8398148501514848 and parameters: {'n_estimators': 884, 'min_samples_split': 0.04586753888937973, 'min_samples_leaf': 0.0010738930844603704, 'min_weight_fraction_leaf': 0.008760240514189936, 'max_features': 0.2110263806781647, 'bootstrap': False, 'max_samples': 0.14462410363733938}. Best is trial 452 with value: 0.8406595463259192.[0m
[32m[I 2022-04-22 08:34:21,119][0m Trial 685 finished with value: 0.8371797216273521 and parameters: {'n_estimators': 884, 'min_samples_split': 0.044144178788793134, 'min_samples_leaf': 0.0023600838864180664, 'min_weight_fraction_leaf': 0.02670683379616465, 'max_features': 0.20306674649256434, 'bootstrap': False, 'max_samples': 0.1471013479761176}. Best is trial 452 with value: 0.8406595463259192.[0m
[32m[I 2022-04-22 08:37:45,068][0m Trial 686 finished with value: 0.8407076771819675 and parameters: {'n_estimators': 894, 'min_samples_split': 0.04758909157018327, 'min_samples_leaf': 0.01041575666328438, 'min_weight_fraction_leaf': 0.016430986687581466, 'max_features': 0.21953434321371906, 'bootstrap': False, 'max_samples': 0.16018792452530656}. Best is trial 686 with value: 0.8407076771819675.[0m
[32m[I 2022-04-22 08:41:47,184][0m Trial 687 finished with value: 0.8387104083806671 and parameters: {'n_estimators': 924, 'min_samples_split': 0.04627827602885243, 'min_samples_leaf': 0.0015121156098680385, 'min_weight_fraction_leaf': 0.02501421196046641, 'max_features': 0.22049679000181874, 'bootstrap': False, 'max_samples': 0.1560683577867954}. Best is trial 686 with value: 0.8407076771819675.[0m
[32m[I 2022-04-22 08:46:51,621][0m Trial 688 finished with value: 0.8392915101765276 and parameters: {'n_estimators': 933, 'min_samples_split': 0.036703852485922575, 'min_samples_leaf': 0.0011374590202190872, 'min_weight_fraction_leaf': 0.017258366491637808, 'max_features': 0.22337980209138755, 'bootstrap': False, 'max_samples': 0.14626212389507395}. Best is trial 686 with value: 0.8407076771819675.[0m
