[32m[I 2022-04-23 11:51:21,542][0m Trial 334 finished with value: 0.6711899634982922 and parameters: {'n_estimators': 774, 'min_samples_split': 0.037231940573236644, 'min_samples_leaf': 0.04016123964471156, 'min_weight_fraction_leaf': 0.021317102293504628, 'max_features': 0.24637739931887825, 'bootstrap': False, 'max_samples': 0.34990119706144673}. Best is trial 251 with value: 0.6908430332111252.[0m
[32m[I 2022-04-23 11:55:23,049][0m Trial 335 finished with value: 0.6802898683497953 and parameters: {'n_estimators': 743, 'min_samples_split': 0.010515479931428621, 'min_samples_leaf': 0.01148894885768848, 'min_weight_fraction_leaf': 0.00018390080782321422, 'max_features': 0.2670559307267286, 'bootstrap': False, 'max_samples': 0.3167518804382917}. Best is trial 251 with value: 0.6908430332111252.[0m
[32m[I 2022-04-23 11:55:26,439][0m Trial 336 finished with value: 0.5865342085380959 and parameters: {'n_estimators': 226, 'min_samples_split': 0.0253771723838858, 'min_samples_leaf': 0.25301044213927437, 'min_weight_fraction_leaf': 0.00033784676341706843, 'max_features': 0.3140554512385758, 'bootstrap': False, 'max_samples': 0.37619698598929635}. Best is trial 251 with value: 0.6908430332111252.[0m
[32m[I 2022-04-23 11:56:56,248][0m Trial 337 finished with value: 0.6781023455486535 and parameters: {'n_estimators': 620, 'min_samples_split': 0.010053300428381007, 'min_samples_leaf': 0.017301411745813903, 'min_weight_fraction_leaf': 0.01665844944546804, 'max_features': 0.15837977142040813, 'bootstrap': False, 'max_samples': 0.33998915770436183}. Best is trial 251 with value: 0.6908430332111252.[0m
[32m[I 2022-04-23 11:58:44,823][0m Trial 338 finished with value: 0.6737354710160874 and parameters: {'n_estimators': 800, 'min_samples_split': 0.01878222333913867, 'min_samples_leaf': 0.001059500498607818, 'min_weight_fraction_leaf': 0.025654241590420783, 'max_features': 0.10294977827629134, 'bootstrap': False, 'max_samples': 0.2623953534582864}. Best is trial 251 with value: 0.6908430332111252.[0m
[32m[I 2022-04-23 11:58:53,894][0m Trial 339 finished with value: 0.5924332125224905 and parameters: {'n_estimators': 699, 'min_samples_split': 0.030454879043568674, 'min_samples_leaf': 0.010496329736858054, 'min_weight_fraction_leaf': 0.22974050362183157, 'max_features': 0.040384648378008065, 'bootstrap': False, 'max_samples': 0.3049386868821958}. Best is trial 251 with value: 0.6908430332111252.[0m
[32m[I 2022-04-23 12:00:03,306][0m Trial 340 finished with value: 0.6714222439856593 and parameters: {'n_estimators': 740, 'min_samples_split': 0.0015652648470238554, 'min_samples_leaf': 0.029296868389916728, 'min_weight_fraction_leaf': 0.009743757980073533, 'max_features': 0.13755038529060315, 'bootstrap': False, 'max_samples': 0.38639482195673713}. Best is trial 251 with value: 0.6908430332111252.[0m
[32m[I 2022-04-23 12:02:20,524][0m Trial 341 finished with value: 0.6776823163957962 and parameters: {'n_estimators': 669, 'min_samples_split': 0.014188234182789217, 'min_samples_leaf': 0.02022501299491316, 'min_weight_fraction_leaf': 0.00025750302333203755, 'max_features': 0.2104209388879898, 'bootstrap': False, 'max_samples': 0.3291166119834352}. Best is trial 251 with value: 0.6908430332111252.[0m
[32m[I 2022-04-23 12:03:04,397][0m Trial 342 finished with value: 0.5815964967443371 and parameters: {'n_estimators': 837, 'min_samples_split': 0.04079883601945225, 'min_samples_leaf': 0.01096765187506423, 'min_weight_fraction_leaf': 0.2590041325745379, 'max_features': 0.2891005371453657, 'bootstrap': False, 'max_samples': 0.35768605871058745}. Best is trial 251 with value: 0.6908430332111252.[0m
[32m[I 2022-04-23 12:06:02,116][0m Trial 343 finished with value: 0.6685371896905783 and parameters: {'n_estimators': 788, 'min_samples_split': 0.023170274297449063, 'min_samples_leaf': 0.010539454897121587, 'min_weight_fraction_leaf': 0.03818010364080163, 'max_features': 0.26624044099631583, 'bootstrap': False, 'max_samples': 0.2915753151445179}. Best is trial 251 with value: 0.6908430332111252.[0m
[32m[I 2022-04-23 12:06:05,288][0m Trial 344 finished with value: 0.592409407070325 and parameters: {'n_estimators': 292, 'min_samples_split': 0.008960173620520042, 'min_samples_leaf': 0.3077369475668296, 'min_weight_fraction_leaf': 0.016823206446615883, 'max_features': 0.18552547999067875, 'bootstrap': False, 'max_samples': 0.198100029614924}. Best is trial 251 with value: 0.6908430332111252.[0m
[32m[I 2022-04-23 12:07:33,554][0m Trial 345 finished with value: 0.6713377183613989 and parameters: {'n_estimators': 613, 'min_samples_split': 0.017755667363362503, 'min_samples_leaf': 0.03555539872378677, 'min_weight_fraction_leaf': 0.009370237315276905, 'max_features': 0.2409512596558162, 'bootstrap': False, 'max_samples': 0.3294396251000209}. Best is trial 251 with value: 0.6908430332111252.[0m
[32m[I 2022-04-23 12:08:18,898][0m Trial 346 finished with value: 0.675329317185425 and parameters: {'n_estimators': 707, 'min_samples_split': 0.031079194313494186, 'min_samples_leaf': 0.02274237268562756, 'min_weight_fraction_leaf': 0.02604035283331616, 'max_features': 0.07152255656989859, 'bootstrap': False, 'max_samples': 0.3721121884263162}. Best is trial 251 with value: 0.6908430332111252.[0m
[32m[I 2022-04-23 12:08:56,027][0m Trial 347 finished with value: 0.6716862685589136 and parameters: {'n_estimators': 650, 'min_samples_split': 0.008805123242126263, 'min_samples_leaf': 0.04657873647624978, 'min_weight_fraction_leaf': 0.008169228170223069, 'max_features': 0.12921393514799767, 'bootstrap': False, 'max_samples': 0.3476677030301216}. Best is trial 251 with value: 0.6908430332111252.[0m
[32m[I 2022-04-23 12:12:11,612][0m Trial 348 finished with value: 0.6770236619332175 and parameters: {'n_estimators': 751, 'min_samples_split': 0.0014535823672035403, 'min_samples_leaf': 0.00901060744312111, 'min_weight_fraction_leaf': 3.6168025836941524e-05, 'max_features': 0.17027698701908567, 'bootstrap': False, 'max_samples': 0.4029760419157616}. Best is trial 251 with value: 0.6908430332111252.[0m
[32m[I 2022-04-23 12:12:53,435][0m Trial 349 finished with value: 0.6661306727971965 and parameters: {'n_estimators': 723, 'min_samples_split': 0.4466323400236716, 'min_samples_leaf': 0.0010767579716378806, 'min_weight_fraction_leaf': 0.01697427421402737, 'max_features': 0.11440439884380987, 'bootstrap': False, 'max_samples': 0.27044700848249015}. Best is trial 251 with value: 0.6908430332111252.[0m
[32m[I 2022-04-23 12:16:43,309][0m Trial 350 finished with value: 0.6776677304881923 and parameters: {'n_estimators': 824, 'min_samples_split': 0.023344947272645244, 'min_samples_leaf': 0.017840878339803707, 'min_weight_fraction_leaf': 0.009896224667798492, 'max_features': 0.31973060549701193, 'bootstrap': False, 'max_samples': 0.3180224952519667}. Best is trial 251 with value: 0.6908430332111252.[0m
[32m[I 2022-04-23 12:16:54,510][0m Trial 351 finished with value: 0.6265166783872502 and parameters: {'n_estimators': 778, 'min_samples_split': 0.01451232075353296, 'min_samples_leaf': 0.21184831681680089, 'min_weight_fraction_leaf': 0.02382733904366705, 'max_features': 0.1485666363846423, 'bootstrap': False, 'max_samples': 0.24160256266787555}. Best is trial 251 with value: 0.6908430332111252.[0m
[32m[I 2022-04-23 12:18:44,793][0m Trial 352 finished with value: 0.670671086846476 and parameters: {'n_estimators': 675, 'min_samples_split': 0.001173735890251254, 'min_samples_leaf': 0.028276385417014854, 'min_weight_fraction_leaf': 9.258406434222051e-06, 'max_features': 0.27707496947265187, 'bootstrap': False, 'max_samples': 0.42476962227569326}. Best is trial 251 with value: 0.6908430332111252.[0m
[32m[I 2022-04-23 12:20:12,135][0m Trial 353 finished with value: 0.676459646035859 and parameters: {'n_estimators': 704, 'min_samples_split': 0.04175744922745161, 'min_samples_leaf': 0.009574709013114626, 'min_weight_fraction_leaf': 0.015231537589457932, 'max_features': 0.0955301130322335, 'bootstrap': False, 'max_samples': 0.35872800028041585}. Best is trial 251 with value: 0.6908430332111252.[0m
[32m[I 2022-04-23 12:22:18,198][0m Trial 354 finished with value: 0.6735241227640785 and parameters: {'n_estimators': 752, 'min_samples_split': 0.02949880362658819, 'min_samples_leaf': 0.0191600209326857, 'min_weight_fraction_leaf': 0.03448657510200175, 'max_features': 0.229720443002413, 'bootstrap': False, 'max_samples': 0.38049370213625877}. Best is trial 251 with value: 0.6908430332111252.[0m
[32m[I 2022-04-23 12:28:07,780][0m Trial 355 finished with value: 0.6792669839367784 and parameters: {'n_estimators': 810, 'min_samples_split': 0.015427691591559335, 'min_samples_leaf': 0.009607809761598331, 'min_weight_fraction_leaf': 0.00018707748490543255, 'max_features': 0.2972795708051544, 'bootstrap': False, 'max_samples': 0.2859460957794129}. Best is trial 251 with value: 0.6908430332111252.[0m
[32m[I 2022-04-23 12:28:49,081][0m Trial 356 finished with value: 0.6650195405705032 and parameters: {'n_estimators': 723, 'min_samples_split': 0.01101100870414871, 'min_samples_leaf': 0.0010807693420895118, 'min_weight_fraction_leaf': 0.04342254720541103, 'max_features': 0.06804676514523773, 'bootstrap': False, 'max_samples': 0.33857212417954813}. Best is trial 251 with value: 0.6908430332111252.[0m
[32m[I 2022-04-23 12:30:36,986][0m Trial 357 finished with value: 0.6713237517916519 and parameters: {'n_estimators': 839, 'min_samples_split': 0.023951934703907496, 'min_samples_leaf': 0.027563437836631628, 'min_weight_fraction_leaf': 0.015961250652736365, 'max_features': 0.203323559540509, 'bootstrap': False, 'max_samples': 0.3101813746239477}. Best is trial 251 with value: 0.6908430332111252.[0m
[32m[I 2022-04-23 12:32:08,924][0m Trial 358 finished with value: 0.6570981798032693 and parameters: {'n_estimators': 777, 'min_samples_split': 0.4960223563845908, 'min_samples_leaf': 0.0013018484959962063, 'min_weight_fraction_leaf': 0.009167466940165122, 'max_features': 0.24899170239220864, 'bootstrap': False, 'max_samples': 0.36391027519156194}. Best is trial 251 with value: 0.6908430332111252.[0m
[32m[I 2022-04-23 12:33:22,701][0m Trial 359 finished with value: 0.6733616348492741 and parameters: {'n_estimators': 640, 'min_samples_split': 0.009632186373432616, 'min_samples_leaf': 0.020729002997142552, 'min_weight_fraction_leaf': 0.028127831345608218, 'max_features': 0.1707392356137177, 'bootstrap': False, 'max_samples': 0.337118662577097}. Best is trial 251 with value: 0.6908430332111252.[0m
[32m[I 2022-04-23 12:34:10,839][0m Trial 360 finished with value: 0.6735510259918616 and parameters: {'n_estimators': 678, 'min_samples_split': 0.020041009709397872, 'min_samples_leaf': 0.03667069277091778, 'min_weight_fraction_leaf': 0.009074768757912327, 'max_features': 0.13727583942333207, 'bootstrap': False, 'max_samples': 0.29814282332355546}. Best is trial 251 with value: 0.6908430332111252.[0m
[32m[I 2022-04-23 12:35:39,775][0m Trial 361 finished with value: 0.6763928422267858 and parameters: {'n_estimators': 740, 'min_samples_split': 0.03803630867700783, 'min_samples_leaf': 0.015419288689355198, 'min_weight_fraction_leaf': 0.020147457808345568, 'max_features': 0.11474331235911606, 'bootstrap': False, 'max_samples': 0.21280616687054849}. Best is trial 251 with value: 0.6908430332111252.[0m
[32m[I 2022-04-23 12:39:15,407][0m Trial 362 finished with value: 0.6804013022842346 and parameters: {'n_estimators': 690, 'min_samples_split': 0.0017359188831680959, 'min_samples_leaf': 0.010328151816804802, 'min_weight_fraction_leaf': 0.008750206724889461, 'max_features': 0.2708461250832271, 'bootstrap': False, 'max_samples': 0.39210526770037435}. Best is trial 251 with value: 0.6908430332111252.[0m
[32m[I 2022-04-23 12:40:15,507][0m Trial 363 finished with value: 0.6642451181179178 and parameters: {'n_estimators': 787, 'min_samples_split': 0.30135052084243147, 'min_samples_leaf': 0.017308089344024422, 'min_weight_fraction_leaf': 0.01835945698447471, 'max_features': 0.15490794666825927, 'bootstrap': False, 'max_samples': 0.5517827663450882}. Best is trial 251 with value: 0.6908430332111252.[0m
[32m[I 2022-04-23 12:40:36,588][0m Trial 364 finished with value: 0.568435610057504 and parameters: {'n_estimators': 719, 'min_samples_split': 0.030831322029690952, 'min_samples_leaf': 0.028858884474866224, 'min_weight_fraction_leaf': 0.40447124562070924, 'max_features': 0.31112363903949447, 'bootstrap': False, 'max_samples': 0.32314775475177465}. Best is trial 251 with value: 0.6908430332111252.[0m
[32m[I 2022-04-23 12:40:41,368][0m Trial 365 finished with value: 0.6197043374260004 and parameters: {'n_estimators': 169, 'min_samples_split': 0.017802343409263753, 'min_samples_leaf': 0.0017833665184511162, 'min_weight_fraction_leaf': 0.21384203778348837, 'max_features': 0.09213441274233936, 'bootstrap': False, 'max_samples': 0.35157427412449116}. Best is trial 251 with value: 0.6908430332111252.[0m
[32m[I 2022-04-23 12:43:00,753][0m Trial 366 finished with value: 0.659948995777535 and parameters: {'n_estimators': 838, 'min_samples_split': 0.3249734033113943, 'min_samples_leaf': 0.0101155905686845, 'min_weight_fraction_leaf': 0.0008234449529353103, 'max_features': 0.28905135909473584, 'bootstrap': False, 'max_samples': 0.2529594182990747}. Best is trial 251 with value: 0.6908430332111252.[0m
[32m[I 2022-04-23 12:44:49,115][0m Trial 367 finished with value: 0.6737108334936394 and parameters: {'n_estimators': 758, 'min_samples_split': 0.009910559422532767, 'min_samples_leaf': 0.02213379433451944, 'min_weight_fraction_leaf': 0.03103990969973659, 'max_features': 0.2194154852957204, 'bootstrap': False, 'max_samples': 0.37016365309355964}. Best is trial 251 with value: 0.6908430332111252.[0m
[32m[I 2022-04-23 12:45:54,830][0m Trial 368 finished with value: 0.6610972889137298 and parameters: {'n_estimators': 655, 'min_samples_split': 0.3842330049722136, 'min_samples_leaf': 0.010231589219053072, 'min_weight_fraction_leaf': 0.009268224065469314, 'max_features': 0.18854491869511575, 'bootstrap': False, 'max_samples': 0.27578314586479324}. Best is trial 251 with value: 0.6908430332111252.[0m
[32m[I 2022-04-23 12:57:49,769][0m Trial 369 finished with value: 0.677121101140493 and parameters: {'n_estimators': 798, 'min_samples_split': 0.024793941682531115, 'min_samples_leaf': 0.0011539554442831338, 'min_weight_fraction_leaf': 0.0007687860104737603, 'max_features': 0.26559556710514826, 'bootstrap': False, 'max_samples': 0.3114975859507717}. Best is trial 251 with value: 0.6908430332111252.[0m
[32m[I 2022-04-23 12:58:07,614][0m Trial 370 finished with value: 0.6665627284967819 and parameters: {'n_estimators': 706, 'min_samples_split': 0.009463206135459937, 'min_samples_leaf': 0.037070240951582484, 'min_weight_fraction_leaf': 0.017513914948471536, 'max_features': 0.04282418202430418, 'bootstrap': False, 'max_samples': 0.3396657095750039}. Best is trial 251 with value: 0.6908430332111252.[0m
[32m[I 2022-04-23 12:59:23,719][0m Trial 371 finished with value: 0.678728168190237 and parameters: {'n_estimators': 755, 'min_samples_split': 0.002098086388732422, 'min_samples_leaf': 0.018179980856027823, 'min_weight_fraction_leaf': 0.026100762128499225, 'max_features': 0.12932391181370423, 'bootstrap': False, 'max_samples': 0.41146929797668724}. Best is trial 251 with value: 0.6908430332111252.[0m
[32m[I 2022-04-23 13:11:30,226][0m Trial 372 finished with value: 0.6790803907692929 and parameters: {'n_estimators': 838, 'min_samples_split': 0.018649257108872552, 'min_samples_leaf': 0.00108698685897274, 'min_weight_fraction_leaf': 5.506745823215253e-05, 'max_features': 0.25095689304234337, 'bootstrap': False, 'max_samples': 0.2285446529363913}. Best is trial 251 with value: 0.6908430332111252.[0m
[32m[I 2022-04-23 13:12:09,521][0m Trial 373 finished with value: 0.6727925339221219 and parameters: {'n_estimators': 612, 'min_samples_split': 0.032820375900814464, 'min_samples_leaf': 0.02619104506561861, 'min_weight_fraction_leaf': 0.011194855782017258, 'max_features': 0.08407105839878681, 'bootstrap': False, 'max_samples': 0.38496794683305574}. Best is trial 251 with value: 0.6908430332111252.[0m
[32m[I 2022-04-23 13:15:49,832][0m Trial 374 finished with value: 0.6770655068451419 and parameters: {'n_estimators': 679, 'min_samples_split': 0.010727183125648625, 'min_samples_leaf': 0.01056663697126222, 'min_weight_fraction_leaf': 0.017784444099045487, 'max_features': 0.32939347377546496, 'bootstrap': False, 'max_samples': 0.3610926938460601}. Best is trial 251 with value: 0.6908430332111252.[0m
[32m[I 2022-04-23 13:16:49,244][0m Trial 375 finished with value: 0.6673573657058303 and parameters: {'n_estimators': 729, 'min_samples_split': 0.023990012410063682, 'min_samples_leaf': 0.01896569374773264, 'min_weight_fraction_leaf': 0.04556217650130103, 'max_features': 0.1488152557642077, 'bootstrap': False, 'max_samples': 0.33018644112414997}. Best is trial 251 with value: 0.6908430332111252.[0m
[32m[I 2022-04-23 13:17:24,638][0m Trial 376 finished with value: 0.6694489991639453 and parameters: {'n_estimators': 790, 'min_samples_split': 0.0454572698398455, 'min_samples_leaf': 0.04591224097150315, 'min_weight_fraction_leaf': 0.009483510605642705, 'max_features': 0.10950856144299996, 'bootstrap': False, 'max_samples': 0.06504907280761552}. Best is trial 251 with value: 0.6908430332111252.[0m
[32m[I 2022-04-23 13:20:25,907][0m Trial 377 finished with value: 0.6771355223754246 and parameters: {'n_estimators': 759, 'min_samples_split': 0.0014733534729916157, 'min_samples_leaf': 0.010334458905857768, 'min_weight_fraction_leaf': 0.021393612547304368, 'max_features': 0.28506995658361167, 'bootstrap': False, 'max_samples': 0.30161894265905975}. Best is trial 251 with value: 0.6908430332111252.[0m
[32m[I 2022-04-23 13:20:30,027][0m Trial 378 finished with value: 0.6469927128837515 and parameters: {'n_estimators': 707, 'min_samples_split': 0.017236798634137344, 'min_samples_leaf': 0.026656748731668074, 'min_weight_fraction_leaf': 0.010734830577284974, 'max_features': 0.008901601000929737, 'bootstrap': False, 'max_samples': 0.3495142595046862}. Best is trial 251 with value: 0.6908430332111252.[0m
[32m[I 2022-04-23 13:22:51,959][0m Trial 379 finished with value: 0.6764548026096447 and parameters: {'n_estimators': 657, 'min_samples_split': 0.03144867844041447, 'min_samples_leaf': 0.009693171645826993, 'min_weight_fraction_leaf': 0.0006722090812255152, 'max_features': 0.17117715271284534, 'bootstrap': False, 'max_samples': 0.2850416731242161}. Best is trial 251 with value: 0.6908430332111252.[0m
[32m[I 2022-04-23 13:26:02,670][0m Trial 380 finished with value: 0.6739173562826155 and parameters: {'n_estimators': 810, 'min_samples_split': 0.011288930330322558, 'min_samples_leaf': 0.0011868497076931597, 'min_weight_fraction_leaf': 0.0331077929381655, 'max_features': 0.23457063144476423, 'bootstrap': False, 'max_samples': 0.37558308738801127}. Best is trial 251 with value: 0.6908430332111252.[0m
[32m[I 2022-04-23 13:29:33,614][0m Trial 381 finished with value: 0.6778361822827735 and parameters: {'n_estimators': 838, 'min_samples_split': 0.0012920466092763462, 'min_samples_leaf': 0.018075240505823292, 'min_weight_fraction_leaf': 7.154544898168045e-05, 'max_features': 0.30319367091335153, 'bootstrap': False, 'max_samples': 0.31818822718088935}. Best is trial 251 with value: 0.6908430332111252.[0m
[32m[I 2022-04-23 13:30:27,756][0m Trial 382 finished with value: 0.6692509443564749 and parameters: {'n_estimators': 735, 'min_samples_split': 0.019213416984422443, 'min_samples_leaf': 0.036780526562024525, 'min_weight_fraction_leaf': 0.0233061804129533, 'max_features': 0.12337287046579555, 'bootstrap': False, 'max_samples': 0.2581718134257724}. Best is trial 251 with value: 0.6908430332111252.[0m
[32m[I 2022-04-23 13:34:19,736][0m Trial 383 finished with value: 0.6774615518716847 and parameters: {'n_estimators': 778, 'min_samples_split': 0.025810255126991748, 'min_samples_leaf': 0.01012101711106647, 'min_weight_fraction_leaf': 0.009882798837572834, 'max_features': 0.2043353714065109, 'bootstrap': False, 'max_samples': 0.3972780973156615}. Best is trial 251 with value: 0.6908430332111252.[0m
[32m[I 2022-04-23 13:34:47,487][0m Trial 384 finished with value: 0.6718936421333754 and parameters: {'n_estimators': 689, 'min_samples_split': 0.011310170907580477, 'min_samples_leaf': 0.026471633271710503, 'min_weight_fraction_leaf': 0.0002885503992996237, 'max_features': 0.05429205385208385, 'bootstrap': False, 'max_samples': 0.34448069152491856}. Best is trial 251 with value: 0.6908430332111252.[0m
[32m[I 2022-04-23 13:37:38,970][0m Trial 385 finished with value: 0.6749683367650079 and parameters: {'n_estimators': 729, 'min_samples_split': 0.03572695533024074, 'min_samples_leaf': 0.018312093346667765, 'min_weight_fraction_leaf': 0.01612070099590039, 'max_features': 0.2665120809353241, 'bootstrap': False, 'max_samples': 0.36078723615551306}. Best is trial 251 with value: 0.6908430332111252.[0m
[32m[I 2022-04-23 13:40:37,095][0m Trial 386 finished with value: 0.6782905406484139 and parameters: {'n_estimators': 761, 'min_samples_split': 0.0015307739826922063, 'min_samples_leaf': 0.00971940071287399, 'min_weight_fraction_leaf': 0.009673193547858385, 'max_features': 0.15533203973037574, 'bootstrap': False, 'max_samples': 0.18922556874622326}. Best is trial 251 with value: 0.6908430332111252.[0m
[32m[I 2022-04-23 13:42:55,298][0m Trial 387 finished with value: 0.6775900394213202 and parameters: {'n_estimators': 635, 'min_samples_split': 0.01694023153425699, 'min_samples_leaf': 0.00103794684224944, 'min_weight_fraction_leaf': 0.026057149494958153, 'max_features': 0.18175378641859008, 'bootstrap': False, 'max_samples': 0.3278719160132655}. Best is trial 251 with value: 0.6908430332111252.[0m
