[32m[I 2022-04-21 12:09:04,568][0m Trial 432 finished with value: 0.8426442432752064 and parameters: {'n_estimators': 720, 'min_samples_split': 0.2864241291510568, 'min_samples_leaf': 0.21061796692321372, 'min_weight_fraction_leaf': 0.1149114882580207, 'max_features': 0.31615450875712664, 'bootstrap': False, 'max_samples': 0.41316351101108795}. Best is trial 349 with value: 0.842952376884214.[0m
[32m[I 2022-04-21 12:09:09,566][0m Trial 433 finished with value: 0.8426442432752064 and parameters: {'n_estimators': 606, 'min_samples_split': 0.2734869367140401, 'min_samples_leaf': 0.18120728517217893, 'min_weight_fraction_leaf': 0.0170882284397679, 'max_features': 0.001654749957633048, 'bootstrap': False, 'max_samples': 0.5094903210156515}. Best is trial 349 with value: 0.842952376884214.[0m
[32m[I 2022-04-21 12:09:12,487][0m Trial 434 finished with value: 0.8384473169284012 and parameters: {'n_estimators': 187, 'min_samples_split': 0.2702682637880744, 'min_samples_leaf': 0.09258656256787999, 'min_weight_fraction_leaf': 0.09017598085492297, 'max_features': 0.19648400370015337, 'bootstrap': False, 'max_samples': 0.5550363491642196}. Best is trial 349 with value: 0.842952376884214.[0m
[32m[I 2022-04-21 12:09:15,908][0m Trial 435 finished with value: 0.8423083212244602 and parameters: {'n_estimators': 240, 'min_samples_split': 0.2701108815619749, 'min_samples_leaf': 0.168520558051812, 'min_weight_fraction_leaf': 0.05105848275871552, 'max_features': 0.17175261879039858, 'bootstrap': False, 'max_samples': 0.1818954498970624}. Best is trial 349 with value: 0.842952376884214.[0m
[32m[I 2022-04-21 12:09:19,335][0m Trial 436 finished with value: 0.8423083212244602 and parameters: {'n_estimators': 256, 'min_samples_split': 0.28598890949027966, 'min_samples_leaf': 0.17105183070855193, 'min_weight_fraction_leaf': 0.026494528014813876, 'max_features': 0.15685721448787113, 'bootstrap': False, 'max_samples': 0.9880905679604182}. Best is trial 349 with value: 0.842952376884214.[0m
[32m[I 2022-04-21 12:09:23,235][0m Trial 437 finished with value: 0.8427903724166675 and parameters: {'n_estimators': 380, 'min_samples_split': 0.31625567136440214, 'min_samples_leaf': 0.12056192245201311, 'min_weight_fraction_leaf': 0.1776258425225417, 'max_features': 0.05464558439554961, 'bootstrap': False, 'max_samples': 0.6333070520403571}. Best is trial 349 with value: 0.842952376884214.[0m
[32m[I 2022-04-21 12:09:26,881][0m Trial 438 finished with value: 0.8423083212244602 and parameters: {'n_estimators': 316, 'min_samples_split': 0.20788122080738808, 'min_samples_leaf': 0.15097516210798523, 'min_weight_fraction_leaf': 0.1702417899188152, 'max_features': 0.03981145747143514, 'bootstrap': False, 'max_samples': 0.6741417697901065}. Best is trial 349 with value: 0.842952376884214.[0m
[32m[I 2022-04-21 12:09:30,624][0m Trial 439 finished with value: 0.65 and parameters: {'n_estimators': 292, 'min_samples_split': 0.19442655591899816, 'min_samples_leaf': 0.49635612170528765, 'min_weight_fraction_leaf': 0.15316087161964015, 'max_features': 0.11769369695933554, 'bootstrap': False, 'max_samples': 0.6346960906593138}. Best is trial 349 with value: 0.842952376884214.[0m
[32m[I 2022-04-21 12:09:33,462][0m Trial 440 finished with value: 0.8426442432752064 and parameters: {'n_estimators': 197, 'min_samples_split': 0.2532628181265331, 'min_samples_leaf': 0.18880945079305397, 'min_weight_fraction_leaf': 0.1417379732392401, 'max_features': 0.2029523000920105, 'bootstrap': False, 'max_samples': 0.382808343283111}. Best is trial 349 with value: 0.842952376884214.[0m
[32m[I 2022-04-21 12:09:38,792][0m Trial 441 finished with value: 0.8427903724166675 and parameters: {'n_estimators': 499, 'min_samples_split': 0.20621714571640087, 'min_samples_leaf': 0.17842566419419154, 'min_weight_fraction_leaf': 0.12431245303158146, 'max_features': 0.08832078038343798, 'bootstrap': False, 'max_samples': 0.46872720932139}. Best is trial 349 with value: 0.842952376884214.[0m
[32m[I 2022-04-21 12:09:46,151][0m Trial 442 finished with value: 0.8426442432752064 and parameters: {'n_estimators': 852, 'min_samples_split': 0.2181144568186979, 'min_samples_leaf': 0.18279758138153016, 'min_weight_fraction_leaf': 0.006138527873192661, 'max_features': 0.017544352088844483, 'bootstrap': False, 'max_samples': 0.4854094498576851}. Best is trial 349 with value: 0.842952376884214.[0m
[32m[I 2022-04-21 12:09:51,509][0m Trial 443 finished with value: 0.65 and parameters: {'n_estimators': 313, 'min_samples_split': 0.21639288885310629, 'min_samples_leaf': 0.20169279057685643, 'min_weight_fraction_leaf': 0.012054670572277897, 'max_features': 0.01872756847119883, 'bootstrap': True, 'max_samples': 0.5041280704744941, 'oob_score': True}. Best is trial 349 with value: 0.842952376884214.[0m
[32m[I 2022-04-21 12:09:55,140][0m Trial 444 finished with value: 0.8426442432752064 and parameters: {'n_estimators': 329, 'min_samples_split': 0.15921074089006773, 'min_samples_leaf': 0.14059960916889966, 'min_weight_fraction_leaf': 0.20362380032826272, 'max_features': 0.04080615161612297, 'bootstrap': False, 'max_samples': 0.4425956045524526}. Best is trial 349 with value: 0.842952376884214.[0m
[32m[I 2022-04-21 12:10:01,132][0m Trial 445 finished with value: 0.8426442432752064 and parameters: {'n_estimators': 728, 'min_samples_split': 0.27936707282920803, 'min_samples_leaf': 0.19085058051549308, 'min_weight_fraction_leaf': 0.1062974534368509, 'max_features': 0.2118274400975231, 'bootstrap': False, 'max_samples': 0.5226958951166057}. Best is trial 349 with value: 0.842952376884214.[0m
[32m[I 2022-04-21 12:10:08,035][0m Trial 446 finished with value: 0.8427903724166675 and parameters: {'n_estimators': 711, 'min_samples_split': 0.2765557356446264, 'min_samples_leaf': 0.178141725120351, 'min_weight_fraction_leaf': 0.11848131393680568, 'max_features': 0.2272129203767413, 'bootstrap': False, 'max_samples': 0.5426650302414248}. Best is trial 349 with value: 0.842952376884214.[0m
[32m[I 2022-04-21 12:10:10,841][0m Trial 447 finished with value: 0.8427903724166675 and parameters: {'n_estimators': 245, 'min_samples_split': 0.26116455799461047, 'min_samples_leaf': 0.175945129356362, 'min_weight_fraction_leaf': 0.019754981502393264, 'max_features': 0.1851474040299219, 'bootstrap': False, 'max_samples': 0.2660545197011003}. Best is trial 349 with value: 0.842952376884214.[0m
[32m[I 2022-04-21 12:10:14,211][0m Trial 448 finished with value: 0.8423083212244602 and parameters: {'n_estimators': 255, 'min_samples_split': 0.26047590018571093, 'min_samples_leaf': 0.17321043754536303, 'min_weight_fraction_leaf': 0.02548208921247469, 'max_features': 0.1861553876233737, 'bootstrap': False, 'max_samples': 0.3259055366794467}. Best is trial 349 with value: 0.842952376884214.[0m
[32m[I 2022-04-21 12:10:17,390][0m Trial 449 finished with value: 0.839201170342092 and parameters: {'n_estimators': 179, 'min_samples_split': 0.3298577391113068, 'min_samples_leaf': 0.15206347667921086, 'min_weight_fraction_leaf': 0.1453679235595335, 'max_features': 0.12744192827163048, 'bootstrap': False, 'max_samples': 0.6204870424382862}. Best is trial 349 with value: 0.842952376884214.[0m
[32m[I 2022-04-21 12:10:21,060][0m Trial 450 finished with value: 0.839201170342092 and parameters: {'n_estimators': 279, 'min_samples_split': 0.2535180321737874, 'min_samples_leaf': 0.16112725624494384, 'min_weight_fraction_leaf': 0.03824139267521388, 'max_features': 0.1415099556729463, 'bootstrap': False, 'max_samples': 0.9429959246178157}. Best is trial 349 with value: 0.842952376884214.[0m
[32m[I 2022-04-21 12:10:28,023][0m Trial 451 finished with value: 0.8426442432752064 and parameters: {'n_estimators': 766, 'min_samples_split': 0.27408659571835003, 'min_samples_leaf': 0.19914288033575286, 'min_weight_fraction_leaf': 0.11484757672058017, 'max_features': 0.19145434724187488, 'bootstrap': False, 'max_samples': 0.29405397707442216}. Best is trial 349 with value: 0.842952376884214.[0m
[32m[I 2022-04-21 12:10:31,739][0m Trial 452 finished with value: 0.8426442432752064 and parameters: {'n_estimators': 299, 'min_samples_split': 0.2994373562763059, 'min_samples_leaf': 0.1886862383578487, 'min_weight_fraction_leaf': 0.10524279567170895, 'max_features': 0.24656965235187475, 'bootstrap': False, 'max_samples': 0.8954175108836578}. Best is trial 349 with value: 0.842952376884214.[0m
[32m[I 2022-04-21 12:10:38,204][0m Trial 453 finished with value: 0.8426442432752064 and parameters: {'n_estimators': 776, 'min_samples_split': 0.2802162521481766, 'min_samples_leaf': 0.18825132922809265, 'min_weight_fraction_leaf': 0.09905038170148629, 'max_features': 0.219494064029912, 'bootstrap': False, 'max_samples': 0.5364859975092645}. Best is trial 349 with value: 0.842952376884214.[0m
[32m[I 2022-04-21 12:10:46,522][0m Trial 454 finished with value: 0.65 and parameters: {'n_estimators': 658, 'min_samples_split': 0.29034547658455123, 'min_samples_leaf': 0.28190074925359365, 'min_weight_fraction_leaf': 0.009214219900508724, 'max_features': 0.17213614721228168, 'bootstrap': True, 'max_samples': 0.5178736125065866, 'oob_score': True}. Best is trial 349 with value: 0.842952376884214.[0m
[32m[I 2022-04-21 12:10:50,112][0m Trial 455 finished with value: 0.8426442432752064 and parameters: {'n_estimators': 293, 'min_samples_split': 0.23331059188972458, 'min_samples_leaf': 0.20532469660102373, 'min_weight_fraction_leaf': 0.12803293683967357, 'max_features': 0.06305478982009619, 'bootstrap': False, 'max_samples': 0.45119930571682415}. Best is trial 349 with value: 0.842952376884214.[0m
[32m[I 2022-04-21 12:10:53,752][0m Trial 456 finished with value: 0.8391058938607285 and parameters: {'n_estimators': 327, 'min_samples_split': 0.2211366098261823, 'min_samples_leaf': 0.16550209793827186, 'min_weight_fraction_leaf': 0.1384644000388799, 'max_features': 0.4063787618398007, 'bootstrap': False, 'max_samples': 0.45127702787114904}. Best is trial 349 with value: 0.842952376884214.[0m
[32m[I 2022-04-21 12:10:57,212][0m Trial 457 finished with value: 0.8427903724166675 and parameters: {'n_estimators': 258, 'min_samples_split': 0.26214425808765324, 'min_samples_leaf': 0.17774440235791505, 'min_weight_fraction_leaf': 0.02354710718378988, 'max_features': 0.15526681711251647, 'bootstrap': False, 'max_samples': 0.3012792475998668}. Best is trial 349 with value: 0.842952376884214.[0m
[32m[I 2022-04-21 12:11:00,955][0m Trial 458 finished with value: 0.837725198195321 and parameters: {'n_estimators': 294, 'min_samples_split': 0.2380444194480292, 'min_samples_leaf': 0.1492656155482962, 'min_weight_fraction_leaf': 0.16001269825492825, 'max_features': 0.6997835980999433, 'bootstrap': False, 'max_samples': 0.4202474127128637}. Best is trial 349 with value: 0.842952376884214.[0m
[32m[I 2022-04-21 12:11:04,410][0m Trial 459 finished with value: 0.839201170342092 and parameters: {'n_estimators': 274, 'min_samples_split': 0.25153423786995566, 'min_samples_leaf': 0.16165058857998532, 'min_weight_fraction_leaf': 0.050280388993838465, 'max_features': 0.15196927894473702, 'bootstrap': False, 'max_samples': 0.13344618969225977}. Best is trial 349 with value: 0.842952376884214.[0m
[32m[I 2022-04-21 12:11:08,521][0m Trial 460 finished with value: 0.8427903724166675 and parameters: {'n_estimators': 401, 'min_samples_split': 0.21411597854005598, 'min_samples_leaf': 0.14006741115815027, 'min_weight_fraction_leaf': 0.17952401843906374, 'max_features': 0.03943843871013069, 'bootstrap': False, 'max_samples': 0.6971855109778473}. Best is trial 349 with value: 0.842952376884214.[0m
[32m[I 2022-04-21 12:11:11,791][0m Trial 461 finished with value: 0.8423083212244602 and parameters: {'n_estimators': 232, 'min_samples_split': 0.24067057647914208, 'min_samples_leaf': 0.16821097615029018, 'min_weight_fraction_leaf': 0.11547398938983354, 'max_features': 0.19676037378295586, 'bootstrap': False, 'max_samples': 0.03077679677675141}. Best is trial 349 with value: 0.842952376884214.[0m
[32m[I 2022-04-21 12:11:16,895][0m Trial 462 finished with value: 0.8427903724166675 and parameters: {'n_estimators': 439, 'min_samples_split': 0.15417561933598684, 'min_samples_leaf': 0.1350142965615506, 'min_weight_fraction_leaf': 0.17998980130690737, 'max_features': 0.026957191815212007, 'bootstrap': False, 'max_samples': 0.975708098570996}. Best is trial 349 with value: 0.842952376884214.[0m
[32m[I 2022-04-21 12:11:23,294][0m Trial 463 finished with value: 0.8392449472068911 and parameters: {'n_estimators': 622, 'min_samples_split': 0.227712534124994, 'min_samples_leaf': 0.05361075599031748, 'min_weight_fraction_leaf': 0.1240087772416035, 'max_features': 0.0015579816326168824, 'bootstrap': False, 'max_samples': 0.46332928833599907}. Best is trial 349 with value: 0.842952376884214.[0m
[32m[I 2022-04-21 12:11:29,506][0m Trial 464 finished with value: 0.8426442432752064 and parameters: {'n_estimators': 681, 'min_samples_split': 0.2671032184261491, 'min_samples_leaf': 0.1837713129650652, 'min_weight_fraction_leaf': 0.05376487028927587, 'max_features': 0.1410633913907446, 'bootstrap': False, 'max_samples': 0.07783281849587045}. Best is trial 349 with value: 0.842952376884214.[0m
[32m[I 2022-04-21 12:11:32,914][0m Trial 465 finished with value: 0.7249810535253595 and parameters: {'n_estimators': 219, 'min_samples_split': 0.22035648008142208, 'min_samples_leaf': 0.22037483083580106, 'min_weight_fraction_leaf': 0.1310187661991088, 'max_features': 0.3795311758404455, 'bootstrap': True, 'max_samples': 0.787039854157247, 'oob_score': False}. Best is trial 349 with value: 0.842952376884214.[0m
[32m[I 2022-04-21 12:11:39,570][0m Trial 466 finished with value: 0.8409284592907555 and parameters: {'n_estimators': 640, 'min_samples_split': 0.27027733582961566, 'min_samples_leaf': 0.11695364654988596, 'min_weight_fraction_leaf': 0.11333855360481235, 'max_features': 0.17326187217398353, 'bootstrap': False, 'max_samples': 0.48085752518952807}. Best is trial 349 with value: 0.842952376884214.[0m
[32m[I 2022-04-21 12:11:42,952][0m Trial 467 finished with value: 0.8426442432752064 and parameters: {'n_estimators': 230, 'min_samples_split': 0.2264190697427929, 'min_samples_leaf': 0.1958472660084133, 'min_weight_fraction_leaf': 0.012378584498532413, 'max_features': 0.20429351871931195, 'bootstrap': False, 'max_samples': 0.9980297988033208}. Best is trial 349 with value: 0.842952376884214.[0m
[32m[I 2022-04-21 12:11:48,326][0m Trial 468 finished with value: 0.8427903724166675 and parameters: {'n_estimators': 584, 'min_samples_split': 0.2960085976328304, 'min_samples_leaf': 0.18032145394274826, 'min_weight_fraction_leaf': 0.12298666102036396, 'max_features': 0.147489224670447, 'bootstrap': False, 'max_samples': 0.9704882096006864}. Best is trial 349 with value: 0.842952376884214.[0m
[32m[I 2022-04-21 12:11:52,071][0m Trial 469 finished with value: 0.839201170342092 and parameters: {'n_estimators': 265, 'min_samples_split': 0.23481306914450295, 'min_samples_leaf': 0.15908923530907246, 'min_weight_fraction_leaf': 0.161886398816086, 'max_features': 0.07608495489895493, 'bootstrap': False, 'max_samples': 0.40667588745422095}. Best is trial 349 with value: 0.842952376884214.[0m
[32m[I 2022-04-21 12:11:54,933][0m Trial 470 finished with value: 0.8426442432752064 and parameters: {'n_estimators': 149, 'min_samples_split': 0.3395279151014034, 'min_samples_leaf': 0.15404575547604824, 'min_weight_fraction_leaf': 0.19497903677608008, 'max_features': 0.017619088881859663, 'bootstrap': False, 'max_samples': 0.7310103891103172}. Best is trial 349 with value: 0.842952376884214.[0m
[32m[I 2022-04-21 12:11:58,156][0m Trial 471 finished with value: 0.838761998003233 and parameters: {'n_estimators': 171, 'min_samples_split': 0.30363073338119423, 'min_samples_leaf': 0.027989153629788127, 'min_weight_fraction_leaf': 0.0032578632305253668, 'max_features': 0.0010439954885263286, 'bootstrap': False, 'max_samples': 0.5629342361717283}. Best is trial 349 with value: 0.842952376884214.[0m
[32m[I 2022-04-21 12:12:01,616][0m Trial 472 finished with value: 0.8426442432752064 and parameters: {'n_estimators': 267, 'min_samples_split': 0.2490727133580738, 'min_samples_leaf': 0.1321451118403856, 'min_weight_fraction_leaf': 0.20475892010881713, 'max_features': 0.12468620717987408, 'bootstrap': False, 'max_samples': 0.5031878591378971}. Best is trial 349 with value: 0.842952376884214.[0m
[32m[I 2022-04-21 12:12:05,662][0m Trial 473 finished with value: 0.8426442432752064 and parameters: {'n_estimators': 373, 'min_samples_split': 0.2857838636249628, 'min_samples_leaf': 0.18954631056086874, 'min_weight_fraction_leaf': 0.1681036300249776, 'max_features': 0.022002762718310725, 'bootstrap': False, 'max_samples': 0.5403903146183839}. Best is trial 349 with value: 0.842952376884214.[0m
[32m[I 2022-04-21 12:12:09,488][0m Trial 474 finished with value: 0.8348302638757943 and parameters: {'n_estimators': 284, 'min_samples_split': 0.27826938091877407, 'min_samples_leaf': 0.12519532456486238, 'min_weight_fraction_leaf': 0.012000181662239831, 'max_features': 0.002544079356699827, 'bootstrap': False, 'max_samples': 0.49261137838399366}. Best is trial 349 with value: 0.842952376884214.[0m
[32m[I 2022-04-21 12:12:13,269][0m Trial 475 finished with value: 0.8427903724166675 and parameters: {'n_estimators': 276, 'min_samples_split': 0.3174234901723711, 'min_samples_leaf': 0.10406837134421157, 'min_weight_fraction_leaf': 0.1746825609738216, 'max_features': 0.2241234375902999, 'bootstrap': False, 'max_samples': 0.19951525888248062}. Best is trial 349 with value: 0.842952376884214.[0m
[32m[I 2022-04-21 12:12:17,806][0m Trial 476 finished with value: 0.8426442432752064 and parameters: {'n_estimators': 351, 'min_samples_split': 0.31469686513684425, 'min_samples_leaf': 0.09857082931079326, 'min_weight_fraction_leaf': 0.1876397707004912, 'max_features': 0.24222405181127152, 'bootstrap': False, 'max_samples': 0.4943372507999433}. Best is trial 349 with value: 0.842952376884214.[0m
[32m[I 2022-04-21 12:12:26,206][0m Trial 477 finished with value: 0.65 and parameters: {'n_estimators': 566, 'min_samples_split': 0.2411084020591654, 'min_samples_leaf': 0.17109171518875504, 'min_weight_fraction_leaf': 0.1479151336552332, 'max_features': 0.08867769511102577, 'bootstrap': True, 'max_samples': 0.2809712982144843, 'oob_score': True}. Best is trial 349 with value: 0.842952376884214.[0m
[32m[I 2022-04-21 12:12:29,322][0m Trial 478 finished with value: 0.8427903724166675 and parameters: {'n_estimators': 186, 'min_samples_split': 0.2580285283953737, 'min_samples_leaf': 0.17540034610395125, 'min_weight_fraction_leaf': 0.06030584349110696, 'max_features': 0.15291810239086942, 'bootstrap': False, 'max_samples': 0.2787167244173189}. Best is trial 349 with value: 0.842952376884214.[0m
[32m[I 2022-04-21 12:12:32,442][0m Trial 479 finished with value: 0.8379180244153819 and parameters: {'n_estimators': 170, 'min_samples_split': 0.2056397160529362, 'min_samples_leaf': 0.12403975353231311, 'min_weight_fraction_leaf': 0.05434496004020395, 'max_features': 0.09492109586460973, 'bootstrap': False, 'max_samples': 0.43853543920342347}. Best is trial 349 with value: 0.842952376884214.[0m
[32m[I 2022-04-21 12:12:36,933][0m Trial 480 finished with value: 0.8423083212244602 and parameters: {'n_estimators': 453, 'min_samples_split': 0.18905258244987283, 'min_samples_leaf': 0.1463361890425741, 'min_weight_fraction_leaf': 0.16890546886288385, 'max_features': 0.058394303496179, 'bootstrap': False, 'max_samples': 0.6944965977503501}. Best is trial 349 with value: 0.842952376884214.[0m
[32m[I 2022-04-21 12:12:39,278][0m Trial 481 finished with value: 0.8427903724166675 and parameters: {'n_estimators': 119, 'min_samples_split': 0.3066076106125234, 'min_samples_leaf': 0.17489213079577387, 'min_weight_fraction_leaf': 0.041369407708739286, 'max_features': 0.1231683600497938, 'bootstrap': False, 'max_samples': 0.9445872972209335}. Best is trial 349 with value: 0.842952376884214.[0m
[32m[I 2022-04-21 12:12:41,505][0m Trial 482 finished with value: 0.8426442432752064 and parameters: {'n_estimators': 112, 'min_samples_split': 0.2986909671226896, 'min_samples_leaf': 0.13741957128892274, 'min_weight_fraction_leaf': 0.18665434785466806, 'max_features': 0.03495368253276966, 'bootstrap': False, 'max_samples': 0.9329570685682711}. Best is trial 349 with value: 0.842952376884214.[0m
[32m[I 2022-04-21 12:12:44,569][0m Trial 483 finished with value: 0.8426442432752064 and parameters: {'n_estimators': 223, 'min_samples_split': 0.20240244113508485, 'min_samples_leaf': 0.18170548050899327, 'min_weight_fraction_leaf': 0.14888194538105465, 'max_features': 0.06550266313855158, 'bootstrap': False, 'max_samples': 0.4336065690352713}. Best is trial 349 with value: 0.842952376884214.[0m
[32m[I 2022-04-21 12:12:48,400][0m Trial 484 finished with value: 0.8426442432752064 and parameters: {'n_estimators': 213, 'min_samples_split': 0.3248902311885454, 'min_samples_leaf': 0.1843996865240157, 'min_weight_fraction_leaf': 0.0795539739389057, 'max_features': 0.09825131621621491, 'bootstrap': False, 'max_samples': 0.517034113997023}. Best is trial 349 with value: 0.842952376884214.[0m
[32m[I 2022-04-21 12:12:50,922][0m Trial 485 finished with value: 0.8426442432752064 and parameters: {'n_estimators': 163, 'min_samples_split': 0.2921567213673182, 'min_samples_leaf': 0.1973599016419197, 'min_weight_fraction_leaf': 0.1604710537491364, 'max_features': 0.0231235706994296, 'bootstrap': False, 'max_samples': 0.5497940287005956}. Best is trial 349 with value: 0.842952376884214.[0m
