No protocol specified
[32m[I 2022-04-21 11:37:46,813][0m A new study created in memory with name: no-name-511167dc-1c7b-4dc2-810d-0580818d71e3[0m
[32m[I 2022-04-21 11:37:53,014][0m Trial 0 finished with value: 0.65 and parameters: {'n_estimators': 348, 'min_samples_split': 0.4226165905088944, 'min_samples_leaf': 0.48238713944470113, 'min_weight_fraction_leaf': 0.13360667076427474, 'max_features': 0.04380200218791119, 'bootstrap': True, 'max_samples': 0.7910465868463843, 'oob_score': True}. Best is trial 0 with value: 0.65.[0m
[32m[I 2022-04-21 11:37:55,923][0m Trial 1 finished with value: 0.65 and parameters: {'n_estimators': 167, 'min_samples_split': 0.005963646958601398, 'min_samples_leaf': 0.3611507336494861, 'min_weight_fraction_leaf': 0.23858464780272143, 'max_features': 0.8141752217138475, 'bootstrap': False, 'max_samples': 0.7933765929713991}. Best is trial 0 with value: 0.65.[0m
[32m[I 2022-04-21 11:37:59,450][0m Trial 2 finished with value: 0.65 and parameters: {'n_estimators': 130, 'min_samples_split': 0.4221848758692116, 'min_samples_leaf': 0.12237262799739239, 'min_weight_fraction_leaf': 0.1228449403778894, 'max_features': 0.4742840264867535, 'bootstrap': True, 'max_samples': 0.3687003896297586, 'oob_score': True}. Best is trial 0 with value: 0.65.[0m
[32m[I 2022-04-21 11:38:04,252][0m Trial 3 finished with value: 0.840482246590492 and parameters: {'n_estimators': 360, 'min_samples_split': 0.12764477318824294, 'min_samples_leaf': 0.10861565917491449, 'min_weight_fraction_leaf': 0.022372462003806548, 'max_features': 0.17029200510697318, 'bootstrap': False, 'max_samples': 0.6061610275964818}. Best is trial 3 with value: 0.840482246590492.[0m
[32m[I 2022-04-21 11:38:08,612][0m Trial 4 finished with value: 0.65 and parameters: {'n_estimators': 298, 'min_samples_split': 0.07069992628145717, 'min_samples_leaf': 0.18636737172369292, 'min_weight_fraction_leaf': 0.3801721301839176, 'max_features': 0.9373873458234017, 'bootstrap': True, 'max_samples': 0.24774925832192718, 'oob_score': False}. Best is trial 3 with value: 0.840482246590492.[0m
[32m[I 2022-04-21 11:38:15,404][0m Trial 5 finished with value: 0.65 and parameters: {'n_estimators': 431, 'min_samples_split': 0.21493959510242086, 'min_samples_leaf': 0.013569516349248946, 'min_weight_fraction_leaf': 0.32666227235719425, 'max_features': 0.18529913122823638, 'bootstrap': True, 'max_samples': 0.6396785677480162, 'oob_score': True}. Best is trial 3 with value: 0.840482246590492.[0m
[32m[I 2022-04-21 11:38:17,927][0m Trial 6 finished with value: 0.65 and parameters: {'n_estimators': 124, 'min_samples_split': 0.10289301915434729, 'min_samples_leaf': 0.45377807802111364, 'min_weight_fraction_leaf': 0.18866579924740134, 'max_features': 0.035335084193581445, 'bootstrap': True, 'max_samples': 0.008846895507296892, 'oob_score': False}. Best is trial 3 with value: 0.840482246590492.[0m
[32m[I 2022-04-21 11:38:22,079][0m Trial 7 finished with value: 0.65 and parameters: {'n_estimators': 333, 'min_samples_split': 0.2289669087960361, 'min_samples_leaf': 0.46821757196144914, 'min_weight_fraction_leaf': 0.2654917403717369, 'max_features': 0.22155764590127403, 'bootstrap': False, 'max_samples': 0.37678819962723353}. Best is trial 3 with value: 0.840482246590492.[0m
[32m[I 2022-04-21 11:38:24,941][0m Trial 8 finished with value: 0.65 and parameters: {'n_estimators': 156, 'min_samples_split': 0.11583445096716288, 'min_samples_leaf': 0.04876406925421826, 'min_weight_fraction_leaf': 0.46165047413261573, 'max_features': 0.22814873519009304, 'bootstrap': False, 'max_samples': 0.29799019118203207}. Best is trial 3 with value: 0.840482246590492.[0m
[32m[I 2022-04-21 11:38:33,403][0m Trial 9 finished with value: 0.8421466835686984 and parameters: {'n_estimators': 799, 'min_samples_split': 0.343050639838182, 'min_samples_leaf': 0.06492748010458306, 'min_weight_fraction_leaf': 0.11668024559633611, 'max_features': 0.31373167610364117, 'bootstrap': True, 'max_samples': 0.9915716890348478, 'oob_score': False}. Best is trial 9 with value: 0.8421466835686984.[0m
[32m[I 2022-04-21 11:38:43,276][0m Trial 10 finished with value: 0.65 and parameters: {'n_estimators': 992, 'min_samples_split': 0.3360787984631934, 'min_samples_leaf': 0.2961096109994138, 'min_weight_fraction_leaf': 0.022575369897489136, 'max_features': 0.5125546308037869, 'bootstrap': True, 'max_samples': 0.9961902306140072, 'oob_score': False}. Best is trial 9 with value: 0.8421466835686984.[0m
[32m[I 2022-04-21 11:38:52,606][0m Trial 11 finished with value: 0.8383401470183698 and parameters: {'n_estimators': 938, 'min_samples_split': 0.31057605095222773, 'min_samples_leaf': 0.11762563589966868, 'min_weight_fraction_leaf': 0.01916105482891306, 'max_features': 0.44039136978257476, 'bootstrap': False, 'max_samples': 0.9529169479268126}. Best is trial 9 with value: 0.8421466835686984.[0m
[32m[I 2022-04-21 11:38:58,508][0m Trial 12 finished with value: 0.8426442432752064 and parameters: {'n_estimators': 571, 'min_samples_split': 0.49623162149140587, 'min_samples_leaf': 0.20127738554761082, 'min_weight_fraction_leaf': 0.08191638021415323, 'max_features': 0.3660947594868526, 'bootstrap': False, 'max_samples': 0.6315917403806166}. Best is trial 12 with value: 0.8426442432752064.[0m
[32m[I 2022-04-21 11:39:04,722][0m Trial 13 finished with value: 0.8379020197379132 and parameters: {'n_estimators': 655, 'min_samples_split': 0.4897720051061602, 'min_samples_leaf': 0.2341946358834014, 'min_weight_fraction_leaf': 0.1054953940956078, 'max_features': 0.5936215485376406, 'bootstrap': False, 'max_samples': 0.8281249540269495}. Best is trial 12 with value: 0.8426442432752064.[0m
[32m[I 2022-04-21 11:39:10,631][0m Trial 14 finished with value: 0.8426442432752064 and parameters: {'n_estimators': 590, 'min_samples_split': 0.496822880228332, 'min_samples_leaf': 0.19766968354621706, 'min_weight_fraction_leaf': 0.07717036176062417, 'max_features': 0.3563164468381479, 'bootstrap': False, 'max_samples': 0.559032864709744}. Best is trial 12 with value: 0.8426442432752064.[0m
[32m[I 2022-04-21 11:39:16,194][0m Trial 15 finished with value: 0.8407610460403376 and parameters: {'n_estimators': 557, 'min_samples_split': 0.49067597929706247, 'min_samples_leaf': 0.20737136142378665, 'min_weight_fraction_leaf': 0.06686365796143087, 'max_features': 0.688900880874557, 'bootstrap': False, 'max_samples': 0.5777699480238591}. Best is trial 12 with value: 0.8426442432752064.[0m
[32m[I 2022-04-21 11:39:21,133][0m Trial 16 finished with value: 0.720122309788786 and parameters: {'n_estimators': 541, 'min_samples_split': 0.4232015688061956, 'min_samples_leaf': 0.3082557858925102, 'min_weight_fraction_leaf': 0.19213201168601937, 'max_features': 0.36607398123205603, 'bootstrap': False, 'max_samples': 0.5012561614960489}. Best is trial 12 with value: 0.8426442432752064.[0m
[32m[I 2022-04-21 11:39:26,609][0m Trial 17 finished with value: 0.7318450474400788 and parameters: {'n_estimators': 486, 'min_samples_split': 0.384234352462147, 'min_samples_leaf': 0.28271009589858787, 'min_weight_fraction_leaf': 0.18106359470173328, 'max_features': 0.6366966379174765, 'bootstrap': False, 'max_samples': 0.7048446759943551}. Best is trial 12 with value: 0.8426442432752064.[0m
[32m[I 2022-04-21 11:39:29,757][0m Trial 18 finished with value: 0.8423083212244602 and parameters: {'n_estimators': 238, 'min_samples_split': 0.49098237294347913, 'min_samples_leaf': 0.1700625290263652, 'min_weight_fraction_leaf': 0.06515204339964725, 'max_features': 0.399618551262713, 'bootstrap': False, 'max_samples': 0.46839456513635785}. Best is trial 12 with value: 0.8426442432752064.[0m
[32m[I 2022-04-21 11:39:36,093][0m Trial 19 finished with value: 0.65 and parameters: {'n_estimators': 695, 'min_samples_split': 0.301853719536098, 'min_samples_leaf': 0.36698344560907525, 'min_weight_fraction_leaf': 0.2771914898484437, 'max_features': 0.3127569293845595, 'bootstrap': False, 'max_samples': 0.09469164887597531}. Best is trial 12 with value: 0.8426442432752064.[0m
[32m[I 2022-04-21 11:39:39,500][0m Trial 20 finished with value: 0.65 and parameters: {'n_estimators': 273, 'min_samples_split': 0.447526292138868, 'min_samples_leaf': 0.16346889740758924, 'min_weight_fraction_leaf': 0.4940719234372407, 'max_features': 0.7528481185067956, 'bootstrap': False, 'max_samples': 0.5029239883690642}. Best is trial 12 with value: 0.8426442432752064.[0m
[32m[I 2022-04-21 11:39:43,057][0m Trial 21 finished with value: 0.8423926767313942 and parameters: {'n_estimators': 236, 'min_samples_split': 0.48948017243412995, 'min_samples_leaf': 0.16802175683362733, 'min_weight_fraction_leaf': 0.07936969985771222, 'max_features': 0.4086787700078567, 'bootstrap': False, 'max_samples': 0.4506416896546608}. Best is trial 12 with value: 0.8426442432752064.[0m
[32m[I 2022-04-21 11:39:46,213][0m Trial 22 finished with value: 0.8379020197379132 and parameters: {'n_estimators': 229, 'min_samples_split': 0.45858084643803637, 'min_samples_leaf': 0.24804432938333298, 'min_weight_fraction_leaf': 0.06418594638541579, 'max_features': 0.5421948812448139, 'bootstrap': False, 'max_samples': 0.6651695980995623}. Best is trial 12 with value: 0.8426442432752064.[0m
[32m[I 2022-04-21 11:39:51,107][0m Trial 23 finished with value: 0.839201170342092 and parameters: {'n_estimators': 413, 'min_samples_split': 0.3802184088681333, 'min_samples_leaf': 0.14157583458721498, 'min_weight_fraction_leaf': 0.15890265115135235, 'max_features': 0.2668585098164825, 'bootstrap': False, 'max_samples': 0.4592462764932981}. Best is trial 12 with value: 0.8426442432752064.[0m
[32m[I 2022-04-21 11:39:54,558][0m Trial 24 finished with value: 0.8426442432752064 and parameters: {'n_estimators': 210, 'min_samples_split': 0.39307210827918493, 'min_samples_leaf': 0.2162747937403907, 'min_weight_fraction_leaf': 0.08113478525615413, 'max_features': 0.3911194704821274, 'bootstrap': False, 'max_samples': 0.5384166894610039}. Best is trial 12 with value: 0.8426442432752064.[0m
[32m[I 2022-04-21 11:39:57,860][0m Trial 25 finished with value: 0.8379020197379132 and parameters: {'n_estimators': 193, 'min_samples_split': 0.3779269537011522, 'min_samples_leaf': 0.21785429411158183, 'min_weight_fraction_leaf': 0.23984415841461224, 'max_features': 0.32970405616186343, 'bootstrap': False, 'max_samples': 0.7261130832420458}. Best is trial 12 with value: 0.8426442432752064.[0m
[32m[I 2022-04-21 11:40:03,883][0m Trial 26 finished with value: 0.7318450474400788 and parameters: {'n_estimators': 651, 'min_samples_split': 0.2710712736368882, 'min_samples_leaf': 0.2725440579785503, 'min_weight_fraction_leaf': 0.15317285489040988, 'max_features': 0.09842049270224856, 'bootstrap': False, 'max_samples': 0.573416050405118}. Best is trial 12 with value: 0.8426442432752064.[0m
[32m[I 2022-04-21 11:40:11,081][0m Trial 27 finished with value: 0.65 and parameters: {'n_estimators': 771, 'min_samples_split': 0.4590676808043803, 'min_samples_leaf': 0.3629696367278974, 'min_weight_fraction_leaf': 0.013435124716618063, 'max_features': 0.5578835172450833, 'bootstrap': False, 'max_samples': 0.555068883356165}. Best is trial 12 with value: 0.8426442432752064.[0m
[32m[I 2022-04-21 11:40:15,553][0m Trial 28 finished with value: 0.6744920180162803 and parameters: {'n_estimators': 436, 'min_samples_split': 0.17820166296732612, 'min_samples_leaf': 0.32693033326200105, 'min_weight_fraction_leaf': 0.10726338116201045, 'max_features': 0.13736417365622838, 'bootstrap': False, 'max_samples': 0.8632961400241517}. Best is trial 12 with value: 0.8426442432752064.[0m
[32m[I 2022-04-21 11:40:21,456][0m Trial 29 finished with value: 0.8385549708527613 and parameters: {'n_estimators': 576, 'min_samples_split': 0.39498400505416253, 'min_samples_leaf': 0.08213933334029094, 'min_weight_fraction_leaf': 0.05854740086210887, 'max_features': 0.4845362118816352, 'bootstrap': False, 'max_samples': 0.721923384011135}. Best is trial 12 with value: 0.8426442432752064.[0m
[32m[I 2022-04-21 11:40:24,562][0m Trial 30 finished with value: 0.8426442432752064 and parameters: {'n_estimators': 182, 'min_samples_split': 0.42429028377660494, 'min_samples_leaf': 0.20525797429049492, 'min_weight_fraction_leaf': 0.090518646604116, 'max_features': 0.09092126516912308, 'bootstrap': False, 'max_samples': 0.3813749389148648}. Best is trial 12 with value: 0.8426442432752064.[0m
[32m[I 2022-04-21 11:40:26,985][0m Trial 31 finished with value: 0.8426442432752064 and parameters: {'n_estimators': 101, 'min_samples_split': 0.42317120003199843, 'min_samples_leaf': 0.21399948627428025, 'min_weight_fraction_leaf': 0.15008720859059038, 'max_features': 7.829986919601073e-05, 'bootstrap': False, 'max_samples': 0.251783998495138}. Best is trial 12 with value: 0.8426442432752064.[0m
[32m[I 2022-04-21 11:40:30,032][0m Trial 32 finished with value: 0.8379020197379132 and parameters: {'n_estimators': 108, 'min_samples_split': 0.4199649092289261, 'min_samples_leaf': 0.2448404773542925, 'min_weight_fraction_leaf': 0.1459088974835112, 'max_features': 0.06521670837808267, 'bootstrap': False, 'max_samples': 0.17448454173466005}. Best is trial 12 with value: 0.8426442432752064.[0m
[32m[I 2022-04-21 11:40:32,828][0m Trial 33 finished with value: 0.8426442432752064 and parameters: {'n_estimators': 160, 'min_samples_split': 0.44997563933725915, 'min_samples_leaf': 0.18975902788607218, 'min_weight_fraction_leaf': 0.1982767812426474, 'max_features': 0.006064872041461944, 'bootstrap': False, 'max_samples': 0.37175358624694865}. Best is trial 12 with value: 0.8426442432752064.[0m
[32m[I 2022-04-21 11:40:35,287][0m Trial 34 finished with value: 0.8426442432752064 and parameters: {'n_estimators': 100, 'min_samples_split': 0.43687550557519694, 'min_samples_leaf': 0.149250669751408, 'min_weight_fraction_leaf': 0.21135756339318376, 'max_features': 0.011350650848638344, 'bootstrap': False, 'max_samples': 0.3706785390592632}. Best is trial 12 with value: 0.8426442432752064.[0m
[32m[I 2022-04-21 11:40:38,010][0m Trial 35 finished with value: 0.8426442432752064 and parameters: {'n_estimators': 145, 'min_samples_split': 0.45680765252603794, 'min_samples_leaf': 0.13839392342859047, 'min_weight_fraction_leaf': 0.20517097891391692, 'max_features': 0.0048423400356127026, 'bootstrap': False, 'max_samples': 0.2971440766312077}. Best is trial 12 with value: 0.8426442432752064.[0m
[32m[I 2022-04-21 11:40:41,624][0m Trial 36 finished with value: 0.65 and parameters: {'n_estimators': 129, 'min_samples_split': 0.4622985004768935, 'min_samples_leaf': 0.13641426893674613, 'min_weight_fraction_leaf': 0.2981412003829177, 'max_features': 0.9438764012724994, 'bootstrap': True, 'max_samples': 0.28266022741925106, 'oob_score': True}. Best is trial 12 with value: 0.8426442432752064.[0m
[32m[I 2022-04-21 11:40:44,456][0m Trial 37 finished with value: 0.65 and parameters: {'n_estimators': 182, 'min_samples_split': 0.02720025751589808, 'min_samples_leaf': 0.07968606468739269, 'min_weight_fraction_leaf': 0.35250722547796115, 'max_features': 0.10418597504364444, 'bootstrap': False, 'max_samples': 0.15942751119541507}. Best is trial 12 with value: 0.8426442432752064.[0m
[32m[I 2022-04-21 11:40:49,560][0m Trial 38 finished with value: 0.65 and parameters: {'n_estimators': 372, 'min_samples_split': 0.4098030849306036, 'min_samples_leaf': 0.19601704753735766, 'min_weight_fraction_leaf': 0.04004082282491289, 'max_features': 0.17584897154742266, 'bootstrap': True, 'max_samples': 0.4180849517877366, 'oob_score': False}. Best is trial 12 with value: 0.8426442432752064.[0m
[32m[I 2022-04-21 11:40:52,335][0m Trial 39 finished with value: 0.8417986399666695 and parameters: {'n_estimators': 119, 'min_samples_split': 0.36219264750159635, 'min_samples_leaf': 0.10067674525218548, 'min_weight_fraction_leaf': 0.22458266717334513, 'max_features': 0.2534918476662146, 'bootstrap': False, 'max_samples': 0.33354966956219645}. Best is trial 12 with value: 0.8426442432752064.[0m
[32m[I 2022-04-21 11:40:56,690][0m Trial 40 finished with value: 0.65 and parameters: {'n_estimators': 154, 'min_samples_split': 0.33880993115458163, 'min_samples_leaf': 0.4046118869847114, 'min_weight_fraction_leaf': 0.1301032879758173, 'max_features': 0.14105643404583518, 'bootstrap': True, 'max_samples': 0.20401268296573885, 'oob_score': True}. Best is trial 12 with value: 0.8426442432752064.[0m
[32m[I 2022-04-21 11:40:59,305][0m Trial 41 finished with value: 0.8426442432752064 and parameters: {'n_estimators': 143, 'min_samples_split': 0.4439965280364112, 'min_samples_leaf': 0.147214491836814, 'min_weight_fraction_leaf': 0.21267504550935823, 'max_features': 0.02284989224284628, 'bootstrap': False, 'max_samples': 0.3663172429309665}. Best is trial 12 with value: 0.8426442432752064.[0m
[32m[I 2022-04-21 11:41:02,343][0m Trial 42 finished with value: 0.8417986399666695 and parameters: {'n_estimators': 179, 'min_samples_split': 0.40652562419008825, 'min_samples_leaf': 0.22378184227881223, 'min_weight_fraction_leaf': 0.09507312158102393, 'max_features': 0.07341165792287199, 'bootstrap': False, 'max_samples': 0.6299632016646374}. Best is trial 12 with value: 0.8426442432752064.[0m
[32m[I 2022-04-21 11:41:04,806][0m Trial 43 finished with value: 0.8426442432752064 and parameters: {'n_estimators': 104, 'min_samples_split': 0.441214439056757, 'min_samples_leaf': 0.019029977945220516, 'min_weight_fraction_leaf': 0.19903236277040479, 'max_features': 0.00577043907424174, 'bootstrap': False, 'max_samples': 0.2506504082867358}. Best is trial 12 with value: 0.8426442432752064.[0m
[32m[I 2022-04-21 11:41:07,608][0m Trial 44 finished with value: 0.8426442432752064 and parameters: {'n_estimators': 144, 'min_samples_split': 0.44319072245180857, 'min_samples_leaf': 0.0025343777076454466, 'min_weight_fraction_leaf': 0.20527538675115709, 'max_features': 0.0055487031466045006, 'bootstrap': False, 'max_samples': 0.3347842922700811}. Best is trial 12 with value: 0.8426442432752064.[0m
[32m[I 2022-04-21 11:41:10,843][0m Trial 45 finished with value: 0.7349750961345928 and parameters: {'n_estimators': 202, 'min_samples_split': 0.49800586001178704, 'min_samples_leaf': 0.2635612641054218, 'min_weight_fraction_leaf': 0.08920232240909826, 'max_features': 0.2798889275662638, 'bootstrap': False, 'max_samples': 0.5068281526780909}. Best is trial 12 with value: 0.8426442432752064.[0m
[32m[I 2022-04-21 11:41:13,481][0m Trial 46 finished with value: 0.6744920180162803 and parameters: {'n_estimators': 117, 'min_samples_split': 0.4759535365355332, 'min_samples_leaf': 0.329314722205952, 'min_weight_fraction_leaf': 0.17147235267041314, 'max_features': 0.22392157325172818, 'bootstrap': False, 'max_samples': 0.10456165883875193}. Best is trial 12 with value: 0.8426442432752064.[0m
[32m[I 2022-04-21 11:41:17,524][0m Trial 47 finished with value: 0.6806335606065856 and parameters: {'n_estimators': 272, 'min_samples_split': 0.3585375262071543, 'min_samples_leaf': 0.19094268042069015, 'min_weight_fraction_leaf': 0.044648504381882226, 'max_features': 0.44061283000366197, 'bootstrap': True, 'max_samples': 0.5403734602367599, 'oob_score': False}. Best is trial 12 with value: 0.8426442432752064.[0m
[32m[I 2022-04-21 11:41:24,747][0m Trial 48 finished with value: 0.65 and parameters: {'n_estimators': 893, 'min_samples_split': 0.42579683723686323, 'min_samples_leaf': 0.4950188982466299, 'min_weight_fraction_leaf': 0.13031065322777663, 'max_features': 0.14645717145479856, 'bootstrap': False, 'max_samples': 0.4373057402051775}. Best is trial 12 with value: 0.8426442432752064.[0m
[32m[I 2022-04-21 11:41:27,414][0m Trial 49 finished with value: 0.834247177833543 and parameters: {'n_estimators': 100, 'min_samples_split': 0.32436576488759283, 'min_samples_leaf': 0.2304931776337706, 'min_weight_fraction_leaf': 0.26137966725372436, 'max_features': 0.871544533899324, 'bootstrap': False, 'max_samples': 0.3610149402294709}. Best is trial 12 with value: 0.8426442432752064.[0m
[32m[I 2022-04-21 11:41:31,133][0m Trial 50 finished with value: 0.8427903724166675 and parameters: {'n_estimators': 215, 'min_samples_split': 0.2920501086864776, 'min_samples_leaf': 0.17998878276979385, 'min_weight_fraction_leaf': 0.12464095150448108, 'max_features': 0.07633420538956283, 'bootstrap': False, 'max_samples': 0.3990668168941094}. Best is trial 50 with value: 0.8427903724166675.[0m
[32m[I 2022-04-21 11:41:34,144][0m Trial 51 finished with value: 0.8417986399666695 and parameters: {'n_estimators': 142, 'min_samples_split': 0.1917332915405335, 'min_samples_leaf': 0.002238354523170144, 'min_weight_fraction_leaf': 0.22693352307942677, 'max_features': 0.03797737016104645, 'bootstrap': False, 'max_samples': 0.24489757345439503}. Best is trial 50 with value: 0.8427903724166675.[0m
[32m[I 2022-04-21 11:41:37,003][0m Trial 52 finished with value: 0.8423083212244602 and parameters: {'n_estimators': 136, 'min_samples_split': 0.27104267800300375, 'min_samples_leaf': 0.03153155127394284, 'min_weight_fraction_leaf': 0.16895642197099753, 'max_features': 0.08656825056939431, 'bootstrap': False, 'max_samples': 0.3260565409844999}. Best is trial 50 with value: 0.8427903724166675.[0m
[32m[I 2022-04-21 11:41:39,491][0m Trial 53 finished with value: 0.8399619085463701 and parameters: {'n_estimators': 115, 'min_samples_split': 0.39968902112361704, 'min_samples_leaf': 0.02194685655406715, 'min_weight_fraction_leaf': 0.11476982769970356, 'max_features': 0.05201097932724734, 'bootstrap': False, 'max_samples': 0.2535747010577566}. Best is trial 50 with value: 0.8427903724166675.[0m
