[32m[I 2022-04-21 12:30:30,054][0m Trial 752 finished with value: 0.842077606362262 and parameters: {'n_estimators': 119, 'min_samples_split': 0.033230107147644204, 'min_samples_leaf': 0.0016968704773575544, 'min_weight_fraction_leaf': 0.21112524061200386, 'max_features': 0.3577692722476332, 'bootstrap': True, 'max_samples': 0.9168959205263103, 'oob_score': True}. Best is trial 745 with value: 0.8444298249656554.[0m
[32m[I 2022-04-21 12:30:33,119][0m Trial 753 finished with value: 0.8412071873688278 and parameters: {'n_estimators': 110, 'min_samples_split': 0.06869109336630966, 'min_samples_leaf': 0.03069489247430096, 'min_weight_fraction_leaf': 0.23174289054682887, 'max_features': 0.3375221203406077, 'bootstrap': True, 'max_samples': 0.9088003800338034, 'oob_score': True}. Best is trial 745 with value: 0.8444298249656554.[0m
[32m[I 2022-04-21 12:30:36,683][0m Trial 754 finished with value: 0.8424541508018741 and parameters: {'n_estimators': 113, 'min_samples_split': 0.03485708157524835, 'min_samples_leaf': 0.009805651629058219, 'min_weight_fraction_leaf': 0.2408340099290505, 'max_features': 0.3231913195597311, 'bootstrap': True, 'max_samples': 0.930623526554274, 'oob_score': True}. Best is trial 745 with value: 0.8444298249656554.[0m
[32m[I 2022-04-21 12:30:40,547][0m Trial 755 finished with value: 0.8440299489819647 and parameters: {'n_estimators': 108, 'min_samples_split': 0.06572640839327318, 'min_samples_leaf': 0.016915524586459712, 'min_weight_fraction_leaf': 0.21060654523362377, 'max_features': 0.33710384783192565, 'bootstrap': True, 'max_samples': 0.9428809845488049, 'oob_score': True}. Best is trial 745 with value: 0.8444298249656554.[0m
[32m[I 2022-04-21 12:30:44,159][0m Trial 756 finished with value: 0.8440299489819647 and parameters: {'n_estimators': 108, 'min_samples_split': 0.02208529813634773, 'min_samples_leaf': 0.015950660584018027, 'min_weight_fraction_leaf': 0.2090679351214539, 'max_features': 0.38581662704483294, 'bootstrap': True, 'max_samples': 0.9442106867187082, 'oob_score': True}. Best is trial 745 with value: 0.8444298249656554.[0m
[32m[I 2022-04-21 12:30:46,941][0m Trial 757 finished with value: 0.8440299489819647 and parameters: {'n_estimators': 108, 'min_samples_split': 0.0206102876239544, 'min_samples_leaf': 0.014212763713574264, 'min_weight_fraction_leaf': 0.21154690475162363, 'max_features': 0.3953518205558284, 'bootstrap': True, 'max_samples': 0.936238668879545, 'oob_score': True}. Best is trial 745 with value: 0.8444298249656554.[0m
[32m[I 2022-04-21 12:30:50,329][0m Trial 758 finished with value: 0.8412071873688278 and parameters: {'n_estimators': 107, 'min_samples_split': 0.06541308652438721, 'min_samples_leaf': 0.011224420193215123, 'min_weight_fraction_leaf': 0.23324110512689014, 'max_features': 0.38679974207708195, 'bootstrap': True, 'max_samples': 0.9334464855521605, 'oob_score': True}. Best is trial 745 with value: 0.8444298249656554.[0m
[32m[I 2022-04-21 12:30:53,445][0m Trial 759 finished with value: 0.8412071873688278 and parameters: {'n_estimators': 109, 'min_samples_split': 0.014655938433914767, 'min_samples_leaf': 0.0016365435922446585, 'min_weight_fraction_leaf': 0.22819424363034507, 'max_features': 0.3796949146680354, 'bootstrap': True, 'max_samples': 0.9433308927007907, 'oob_score': True}. Best is trial 745 with value: 0.8444298249656554.[0m
[32m[I 2022-04-21 12:30:56,609][0m Trial 760 finished with value: 0.8438115734916497 and parameters: {'n_estimators': 108, 'min_samples_split': 0.04032123290801312, 'min_samples_leaf': 0.01702762734515629, 'min_weight_fraction_leaf': 0.21277785684867861, 'max_features': 0.3461077662155856, 'bootstrap': True, 'max_samples': 0.9209644609478351, 'oob_score': True}. Best is trial 745 with value: 0.8444298249656554.[0m
[32m[I 2022-04-21 12:30:59,514][0m Trial 761 finished with value: 0.8434523095150551 and parameters: {'n_estimators': 100, 'min_samples_split': 0.04172779261818738, 'min_samples_leaf': 0.01862283753825033, 'min_weight_fraction_leaf': 0.20786502817995808, 'max_features': 0.3988383903874786, 'bootstrap': True, 'max_samples': 0.9100831294018076, 'oob_score': True}. Best is trial 745 with value: 0.8444298249656554.[0m
[32m[I 2022-04-21 12:31:02,539][0m Trial 762 finished with value: 0.8419987382571449 and parameters: {'n_estimators': 108, 'min_samples_split': 0.03635446188845751, 'min_samples_leaf': 0.019773590665437435, 'min_weight_fraction_leaf': 0.20292214765491967, 'max_features': 0.4235367834157159, 'bootstrap': True, 'max_samples': 0.906333580171846, 'oob_score': True}. Best is trial 745 with value: 0.8444298249656554.[0m
[32m[I 2022-04-21 12:31:05,495][0m Trial 763 finished with value: 0.8400303561639699 and parameters: {'n_estimators': 107, 'min_samples_split': 0.04807765677564334, 'min_samples_leaf': 0.01015375514893499, 'min_weight_fraction_leaf': 0.24633342859919422, 'max_features': 0.3435439472095026, 'bootstrap': True, 'max_samples': 0.9328706729455558, 'oob_score': True}. Best is trial 745 with value: 0.8444298249656554.[0m
[32m[I 2022-04-21 12:31:08,662][0m Trial 764 finished with value: 0.8438115734916497 and parameters: {'n_estimators': 100, 'min_samples_split': 0.024383014898773397, 'min_samples_leaf': 0.0010586669076559294, 'min_weight_fraction_leaf': 0.21343816257519724, 'max_features': 0.3312733263546866, 'bootstrap': True, 'max_samples': 0.9449224402740404, 'oob_score': True}. Best is trial 745 with value: 0.8444298249656554.[0m
[32m[I 2022-04-21 12:31:11,846][0m Trial 765 finished with value: 0.8412071873688278 and parameters: {'n_estimators': 106, 'min_samples_split': 0.021071778114993216, 'min_samples_leaf': 0.015565926795747555, 'min_weight_fraction_leaf': 0.23127473828498563, 'max_features': 0.33259283127081374, 'bootstrap': True, 'max_samples': 0.9231695091519762, 'oob_score': True}. Best is trial 745 with value: 0.8444298249656554.[0m
[32m[I 2022-04-21 12:31:15,415][0m Trial 766 finished with value: 0.8429246938116176 and parameters: {'n_estimators': 115, 'min_samples_split': 0.029546296405717497, 'min_samples_leaf': 0.0256003686742346, 'min_weight_fraction_leaf': 0.21460181890757202, 'max_features': 0.36296954369730466, 'bootstrap': True, 'max_samples': 0.9466910000010896, 'oob_score': True}. Best is trial 745 with value: 0.8444298249656554.[0m
[32m[I 2022-04-21 12:31:18,512][0m Trial 767 finished with value: 0.8424541508018741 and parameters: {'n_estimators': 108, 'min_samples_split': 0.08351572434168641, 'min_samples_leaf': 0.010552724539187335, 'min_weight_fraction_leaf': 0.22803377182690693, 'max_features': 0.344994724510592, 'bootstrap': True, 'max_samples': 0.8986330771092783, 'oob_score': True}. Best is trial 745 with value: 0.8444298249656554.[0m
[32m[I 2022-04-21 12:31:21,089][0m Trial 768 finished with value: 0.8438115734916497 and parameters: {'n_estimators': 100, 'min_samples_split': 0.06627216339111847, 'min_samples_leaf': 0.029865197482789214, 'min_weight_fraction_leaf': 0.2096291103197126, 'max_features': 0.3045655773731625, 'bootstrap': True, 'max_samples': 0.9251324951897686, 'oob_score': True}. Best is trial 745 with value: 0.8444298249656554.[0m
[32m[I 2022-04-21 12:31:24,351][0m Trial 769 finished with value: 0.8440299489819647 and parameters: {'n_estimators': 107, 'min_samples_split': 0.006630005032419006, 'min_samples_leaf': 0.03113240523925969, 'min_weight_fraction_leaf': 0.20366083823402537, 'max_features': 0.3114329765933249, 'bootstrap': True, 'max_samples': 0.9206963166876019, 'oob_score': True}. Best is trial 745 with value: 0.8444298249656554.[0m
[32m[I 2022-04-21 12:31:27,138][0m Trial 770 finished with value: 0.8438115734916497 and parameters: {'n_estimators': 100, 'min_samples_split': 0.003319111815190706, 'min_samples_leaf': 0.02957492688038453, 'min_weight_fraction_leaf': 0.20231507297672624, 'max_features': 0.30785132581278984, 'bootstrap': True, 'max_samples': 0.9205459980426448, 'oob_score': True}. Best is trial 745 with value: 0.8444298249656554.[0m
[32m[I 2022-04-21 12:31:30,154][0m Trial 771 finished with value: 0.8421569618713759 and parameters: {'n_estimators': 114, 'min_samples_split': 0.0047670153901665895, 'min_samples_leaf': 0.030728720415776817, 'min_weight_fraction_leaf': 0.20168764431482458, 'max_features': 0.30461591104109653, 'bootstrap': True, 'max_samples': 0.871781218296575, 'oob_score': True}. Best is trial 745 with value: 0.8444298249656554.[0m
[32m[I 2022-04-21 12:31:33,274][0m Trial 772 finished with value: 0.8434523095150551 and parameters: {'n_estimators': 100, 'min_samples_split': 0.012958217141963409, 'min_samples_leaf': 0.029833359248719393, 'min_weight_fraction_leaf': 0.20357205758814342, 'max_features': 0.3238097869899146, 'bootstrap': True, 'max_samples': 0.9120791479786097, 'oob_score': True}. Best is trial 745 with value: 0.8444298249656554.[0m
[32m[I 2022-04-21 12:31:36,372][0m Trial 773 finished with value: 0.8438115734916497 and parameters: {'n_estimators': 105, 'min_samples_split': 0.006775077023016524, 'min_samples_leaf': 0.025634096328795333, 'min_weight_fraction_leaf': 0.2058585507612802, 'max_features': 0.3788329297533398, 'bootstrap': True, 'max_samples': 0.927030548466518, 'oob_score': True}. Best is trial 745 with value: 0.8444298249656554.[0m
[32m[I 2022-04-21 12:31:39,525][0m Trial 774 finished with value: 0.8434523095150551 and parameters: {'n_estimators': 106, 'min_samples_split': 0.003790707126637269, 'min_samples_leaf': 0.03199013453569561, 'min_weight_fraction_leaf': 0.20202583973165056, 'max_features': 0.38006130302507374, 'bootstrap': True, 'max_samples': 0.896740831117668, 'oob_score': True}. Best is trial 745 with value: 0.8444298249656554.[0m
[32m[I 2022-04-21 12:31:42,630][0m Trial 775 finished with value: 0.8438115734916497 and parameters: {'n_estimators': 100, 'min_samples_split': 0.009413036227788779, 'min_samples_leaf': 0.026199064994355134, 'min_weight_fraction_leaf': 0.20861087197015546, 'max_features': 0.39965378722873435, 'bootstrap': True, 'max_samples': 0.9249268527545582, 'oob_score': True}. Best is trial 745 with value: 0.8444298249656554.[0m
[32m[I 2022-04-21 12:31:45,276][0m Trial 776 finished with value: 0.8431828615326091 and parameters: {'n_estimators': 106, 'min_samples_split': 0.017119107086840665, 'min_samples_leaf': 0.036877594510240835, 'min_weight_fraction_leaf': 0.20856125962246008, 'max_features': 0.395023220785803, 'bootstrap': True, 'max_samples': 0.9181284355249735, 'oob_score': False}. Best is trial 745 with value: 0.8444298249656554.[0m
[32m[I 2022-04-21 12:31:48,366][0m Trial 777 finished with value: 0.8422292229055401 and parameters: {'n_estimators': 100, 'min_samples_split': 0.0018364638091076524, 'min_samples_leaf': 0.026257030239148667, 'min_weight_fraction_leaf': 0.19987728811553712, 'max_features': 0.4268432820725961, 'bootstrap': True, 'max_samples': 0.8915471562956447, 'oob_score': True}. Best is trial 745 with value: 0.8444298249656554.[0m
[32m[I 2022-04-21 12:31:51,137][0m Trial 778 finished with value: 0.8427063183213026 and parameters: {'n_estimators': 105, 'min_samples_split': 0.011924685933082836, 'min_samples_leaf': 0.03802691449990324, 'min_weight_fraction_leaf': 0.20804467474131083, 'max_features': 0.36448204661169914, 'bootstrap': True, 'max_samples': 0.9272237264749819, 'oob_score': True}. Best is trial 745 with value: 0.8444298249656554.[0m
[32m[I 2022-04-21 12:31:54,718][0m Trial 779 finished with value: 0.8405494012959667 and parameters: {'n_estimators': 120, 'min_samples_split': 0.0016441910147300901, 'min_samples_leaf': 0.025240103417069327, 'min_weight_fraction_leaf': 0.20897110259815252, 'max_features': 0.46058880719778567, 'bootstrap': True, 'max_samples': 0.8805343438323281, 'oob_score': True}. Best is trial 745 with value: 0.8444298249656554.[0m
[32m[I 2022-04-21 12:31:57,644][0m Trial 780 finished with value: 0.8425654298350229 and parameters: {'n_estimators': 112, 'min_samples_split': 0.01934337903685966, 'min_samples_leaf': 0.021555456458712728, 'min_weight_fraction_leaf': 0.19853008959755827, 'max_features': 0.3819142206007956, 'bootstrap': True, 'max_samples': 0.9247238107750501, 'oob_score': True}. Best is trial 745 with value: 0.8444298249656554.[0m
[32m[I 2022-04-21 12:32:00,664][0m Trial 781 finished with value: 0.8424541508018741 and parameters: {'n_estimators': 116, 'min_samples_split': 0.014928597695303893, 'min_samples_leaf': 0.037813959952153586, 'min_weight_fraction_leaf': 0.21362723518460897, 'max_features': 0.4029996131652927, 'bootstrap': True, 'max_samples': 0.9040012689714698, 'oob_score': True}. Best is trial 745 with value: 0.8444298249656554.[0m
[32m[I 2022-04-21 12:32:03,746][0m Trial 782 finished with value: 0.8438115734916497 and parameters: {'n_estimators': 106, 'min_samples_split': 0.02711457153589976, 'min_samples_leaf': 0.02034113869252732, 'min_weight_fraction_leaf': 0.21285924292527564, 'max_features': 0.3446996474242463, 'bootstrap': True, 'max_samples': 0.936013168614882, 'oob_score': True}. Best is trial 745 with value: 0.8444298249656554.[0m
[32m[I 2022-04-21 12:32:06,555][0m Trial 783 finished with value: 0.8425654298350229 and parameters: {'n_estimators': 108, 'min_samples_split': 0.02097479869596091, 'min_samples_leaf': 0.026878632815051623, 'min_weight_fraction_leaf': 0.19983329785507695, 'max_features': 0.3580218157495434, 'bootstrap': True, 'max_samples': 0.9334286860117649, 'oob_score': True}. Best is trial 745 with value: 0.8444298249656554.[0m
[32m[I 2022-04-21 12:32:09,454][0m Trial 784 finished with value: 0.8431828615326091 and parameters: {'n_estimators': 104, 'min_samples_split': 0.01110848344137173, 'min_samples_leaf': 0.020312221342952987, 'min_weight_fraction_leaf': 0.21240677364893287, 'max_features': 0.3232869820135779, 'bootstrap': True, 'max_samples': 0.918037075062464, 'oob_score': True}. Best is trial 745 with value: 0.8444298249656554.[0m
[32m[I 2022-04-21 12:32:12,416][0m Trial 785 finished with value: 0.8440299489819647 and parameters: {'n_estimators': 112, 'min_samples_split': 0.022729879044163646, 'min_samples_leaf': 0.03319106452441617, 'min_weight_fraction_leaf': 0.21286154384995307, 'max_features': 0.3520851761373028, 'bootstrap': True, 'max_samples': 0.9387686684025455, 'oob_score': True}. Best is trial 745 with value: 0.8444298249656554.[0m
[32m[I 2022-04-21 12:32:15,876][0m Trial 786 finished with value: 0.8432622170417231 and parameters: {'n_estimators': 113, 'min_samples_split': 0.029069182092106592, 'min_samples_leaf': 0.03397220159549975, 'min_weight_fraction_leaf': 0.20252392654972398, 'max_features': 0.31241676400222285, 'bootstrap': True, 'max_samples': 0.8706858255386564, 'oob_score': True}. Best is trial 745 with value: 0.8444298249656554.[0m
[32m[I 2022-04-21 12:32:20,235][0m Trial 787 finished with value: 0.8424541508018741 and parameters: {'n_estimators': 118, 'min_samples_split': 0.026524205172120695, 'min_samples_leaf': 0.04278192766860908, 'min_weight_fraction_leaf': 0.21390234703917213, 'max_features': 0.4315905443003397, 'bootstrap': True, 'max_samples': 0.8973822978610946, 'oob_score': True}. Best is trial 745 with value: 0.8444298249656554.[0m
[32m[I 2022-04-21 12:32:23,343][0m Trial 788 finished with value: 0.8422642888380036 and parameters: {'n_estimators': 104, 'min_samples_split': 0.001254764471221817, 'min_samples_leaf': 0.029101223750992028, 'min_weight_fraction_leaf': 0.19859624596703065, 'max_features': 0.376072848867559, 'bootstrap': True, 'max_samples': 0.9374598754545188, 'oob_score': True}. Best is trial 745 with value: 0.8444298249656554.[0m
[32m[I 2022-04-21 12:32:27,072][0m Trial 789 finished with value: 0.8394838904209827 and parameters: {'n_estimators': 123, 'min_samples_split': 0.010571574281282917, 'min_samples_leaf': 0.04079556667281005, 'min_weight_fraction_leaf': 0.21568519616160028, 'max_features': 0.3360568326805636, 'bootstrap': True, 'max_samples': 0.9214750672592102, 'oob_score': True}. Best is trial 745 with value: 0.8444298249656554.[0m
[32m[I 2022-04-21 12:32:30,187][0m Trial 790 finished with value: 0.8425654298350229 and parameters: {'n_estimators': 112, 'min_samples_split': 0.02248912316884471, 'min_samples_leaf': 0.022054823084989524, 'min_weight_fraction_leaf': 0.19916055500977076, 'max_features': 0.3495281736703767, 'bootstrap': True, 'max_samples': 0.9002467906118163, 'oob_score': True}. Best is trial 745 with value: 0.8444298249656554.[0m
[32m[I 2022-04-21 12:32:33,294][0m Trial 791 finished with value: 0.8423470543447079 and parameters: {'n_estimators': 105, 'min_samples_split': 0.03576691395509358, 'min_samples_leaf': 0.0017574667912436583, 'min_weight_fraction_leaf': 0.20769939181300848, 'max_features': 0.39766951751554336, 'bootstrap': True, 'max_samples': 0.9381937112884994, 'oob_score': True}. Best is trial 745 with value: 0.8444298249656554.[0m
[32m[I 2022-04-21 12:32:36,208][0m Trial 792 finished with value: 0.8440299489819647 and parameters: {'n_estimators': 108, 'min_samples_split': 0.0719287461441625, 'min_samples_leaf': 0.03228718458763824, 'min_weight_fraction_leaf': 0.20926167152241598, 'max_features': 0.3028931029319934, 'bootstrap': True, 'max_samples': 0.9356671490459818, 'oob_score': True}. Best is trial 745 with value: 0.8444298249656554.[0m
[32m[I 2022-04-21 12:32:39,246][0m Trial 793 finished with value: 0.8423470543447079 and parameters: {'n_estimators': 100, 'min_samples_split': 0.02853899468297145, 'min_samples_leaf': 0.033387620520568775, 'min_weight_fraction_leaf': 0.19908534678637066, 'max_features': 0.3085245412789184, 'bootstrap': True, 'max_samples': 0.9194551809068536, 'oob_score': True}. Best is trial 745 with value: 0.8444298249656554.[0m
[32m[I 2022-04-21 12:32:42,245][0m Trial 794 finished with value: 0.8418875138889298 and parameters: {'n_estimators': 114, 'min_samples_split': 0.015164602927356101, 'min_samples_leaf': 0.0282683526692939, 'min_weight_fraction_leaf': 0.21376168481713784, 'max_features': 0.32962076459394546, 'bootstrap': True, 'max_samples': 0.8854941514675153, 'oob_score': True}. Best is trial 745 with value: 0.8444298249656554.[0m
[32m[I 2022-04-21 12:32:44,608][0m Trial 795 finished with value: 0.8422642888380036 and parameters: {'n_estimators': 104, 'min_samples_split': 0.07256922796553804, 'min_samples_leaf': 0.04288863422507126, 'min_weight_fraction_leaf': 0.19760084749238996, 'max_features': 0.3033683095794048, 'bootstrap': True, 'max_samples': 0.9368496299808913, 'oob_score': False}. Best is trial 745 with value: 0.8444298249656554.[0m
[32m[I 2022-04-21 12:32:48,316][0m Trial 796 finished with value: 0.8431828615326091 and parameters: {'n_estimators': 109, 'min_samples_split': 0.04122655501905085, 'min_samples_leaf': 0.020761212438375122, 'min_weight_fraction_leaf': 0.21374133456980637, 'max_features': 0.309109079977679, 'bootstrap': True, 'max_samples': 0.9069370712274083, 'oob_score': True}. Best is trial 745 with value: 0.8444298249656554.[0m
[32m[I 2022-04-21 12:32:51,426][0m Trial 797 finished with value: 0.8432622170417231 and parameters: {'n_estimators': 104, 'min_samples_split': 0.010813071359849859, 'min_samples_leaf': 0.039849118546920734, 'min_weight_fraction_leaf': 0.20706349403183147, 'max_features': 0.32814435091356736, 'bootstrap': True, 'max_samples': 0.8633886767026994, 'oob_score': True}. Best is trial 745 with value: 0.8444298249656554.[0m
[32m[I 2022-04-21 12:32:54,393][0m Trial 798 finished with value: 0.8425654298350229 and parameters: {'n_estimators': 119, 'min_samples_split': 0.06595671068477635, 'min_samples_leaf': 0.02889202184623183, 'min_weight_fraction_leaf': 0.19510407770084864, 'max_features': 0.37776944377222565, 'bootstrap': True, 'max_samples': 0.9249164875962664, 'oob_score': True}. Best is trial 745 with value: 0.8444298249656554.[0m
[32m[I 2022-04-21 12:32:57,252][0m Trial 799 finished with value: 0.8438115734916497 and parameters: {'n_estimators': 100, 'min_samples_split': 0.02260403098729852, 'min_samples_leaf': 0.017794826754928845, 'min_weight_fraction_leaf': 0.21427026197284915, 'max_features': 0.34572970520613155, 'bootstrap': True, 'max_samples': 0.9423223425409805, 'oob_score': True}. Best is trial 745 with value: 0.8444298249656554.[0m
[32m[I 2022-04-21 12:33:00,499][0m Trial 800 finished with value: 0.8425654298350229 and parameters: {'n_estimators': 109, 'min_samples_split': 0.02155372109670725, 'min_samples_leaf': 0.001005629715673093, 'min_weight_fraction_leaf': 0.203971837407206, 'max_features': 0.3456890134462519, 'bootstrap': True, 'max_samples': 0.93869656018195, 'oob_score': True}. Best is trial 745 with value: 0.8444298249656554.[0m
[32m[I 2022-04-21 12:33:03,279][0m Trial 801 finished with value: 0.8412071873688278 and parameters: {'n_estimators': 100, 'min_samples_split': 0.025680108686581604, 'min_samples_leaf': 0.0184240692450326, 'min_weight_fraction_leaf': 0.21547122041404126, 'max_features': 0.32992064296974705, 'bootstrap': True, 'max_samples': 0.8958208503308154, 'oob_score': True}. Best is trial 745 with value: 0.8444298249656554.[0m
[32m[I 2022-04-21 12:33:06,114][0m Trial 802 finished with value: 0.8422292229055401 and parameters: {'n_estimators': 100, 'min_samples_split': 0.008826332378605025, 'min_samples_leaf': 0.03339541174548539, 'min_weight_fraction_leaf': 0.19770218140388782, 'max_features': 0.40894734939337035, 'bootstrap': True, 'max_samples': 0.9160599077866414, 'oob_score': True}. Best is trial 745 with value: 0.8444298249656554.[0m
[32m[I 2022-04-21 12:33:09,096][0m Trial 803 finished with value: 0.8425654298350229 and parameters: {'n_estimators': 113, 'min_samples_split': 0.03413115682045882, 'min_samples_leaf': 0.044804006475491945, 'min_weight_fraction_leaf': 0.2077744801333078, 'max_features': 0.36037777443787966, 'bootstrap': True, 'max_samples': 0.9409367784334666, 'oob_score': True}. Best is trial 745 with value: 0.8444298249656554.[0m
