[32m[I 2022-04-21 14:01:01,924][0m Trial 637 finished with value: 0.6867287821764385 and parameters: {'n_estimators': 889, 'min_samples_split': 0.01863984833818178, 'min_samples_leaf': 0.030078887994581603, 'min_weight_fraction_leaf': 0.08504230096786629, 'max_features': 0.43002777817680415, 'bootstrap': True, 'max_samples': 0.4079082695473817, 'oob_score': False}. Best is trial 530 with value: 0.696197846611031.[0m
[32m[I 2022-04-21 14:01:08,555][0m Trial 638 finished with value: 0.696197846611031 and parameters: {'n_estimators': 849, 'min_samples_split': 0.010796953040616016, 'min_samples_leaf': 0.02735594521461169, 'min_weight_fraction_leaf': 0.06743336253138435, 'max_features': 0.446928300160302, 'bootstrap': True, 'max_samples': 0.4351642736039495, 'oob_score': False}. Best is trial 530 with value: 0.696197846611031.[0m
[32m[I 2022-04-21 14:01:15,468][0m Trial 639 finished with value: 0.6940429292197579 and parameters: {'n_estimators': 825, 'min_samples_split': 0.007908198605891599, 'min_samples_leaf': 0.025321820746592814, 'min_weight_fraction_leaf': 0.07660650814702227, 'max_features': 0.4015459098290826, 'bootstrap': True, 'max_samples': 0.43511155019352715, 'oob_score': False}. Best is trial 530 with value: 0.696197846611031.[0m
[32m[I 2022-04-21 14:01:22,608][0m Trial 640 finished with value: 0.6873003015847269 and parameters: {'n_estimators': 907, 'min_samples_split': 0.03718896017217152, 'min_samples_leaf': 0.03599458073286191, 'min_weight_fraction_leaf': 0.05269612612434972, 'max_features': 0.42835752433758056, 'bootstrap': True, 'max_samples': 0.45521512854054663, 'oob_score': False}. Best is trial 530 with value: 0.696197846611031.[0m
[32m[I 2022-04-21 14:01:29,533][0m Trial 641 finished with value: 0.6940634742788638 and parameters: {'n_estimators': 863, 'min_samples_split': 0.026818336019490314, 'min_samples_leaf': 0.04157323712862102, 'min_weight_fraction_leaf': 0.06383550548407853, 'max_features': 0.4453587631836158, 'bootstrap': True, 'max_samples': 0.4410826967988855, 'oob_score': False}. Best is trial 530 with value: 0.696197846611031.[0m
[32m[I 2022-04-21 14:01:37,443][0m Trial 642 finished with value: 0.6904690958322919 and parameters: {'n_estimators': 927, 'min_samples_split': 0.0426400840387893, 'min_samples_leaf': 0.052543850515549516, 'min_weight_fraction_leaf': 0.04832245192610701, 'max_features': 0.4552095285236132, 'bootstrap': True, 'max_samples': 0.17808279715316488, 'oob_score': False}. Best is trial 530 with value: 0.696197846611031.[0m
[32m[I 2022-04-21 14:01:44,828][0m Trial 643 finished with value: 0.6885605849888962 and parameters: {'n_estimators': 877, 'min_samples_split': 0.019493332893930064, 'min_samples_leaf': 0.03903057517092018, 'min_weight_fraction_leaf': 0.09129380199305039, 'max_features': 0.42018079490896915, 'bootstrap': True, 'max_samples': 0.4124893985140968, 'oob_score': False}. Best is trial 530 with value: 0.696197846611031.[0m
[32m[I 2022-04-21 14:01:52,596][0m Trial 644 finished with value: 0.6930610212953008 and parameters: {'n_estimators': 914, 'min_samples_split': 0.03167224952876022, 'min_samples_leaf': 0.029036043364028492, 'min_weight_fraction_leaf': 0.05767722765520027, 'max_features': 0.44539159590718425, 'bootstrap': True, 'max_samples': 0.4661621509698975, 'oob_score': False}. Best is trial 530 with value: 0.696197846611031.[0m
[32m[I 2022-04-21 14:01:59,798][0m Trial 645 finished with value: 0.6944539283936807 and parameters: {'n_estimators': 809, 'min_samples_split': 0.009752522273068193, 'min_samples_leaf': 0.01905359887435376, 'min_weight_fraction_leaf': 0.0762915917187938, 'max_features': 0.4662427898889473, 'bootstrap': True, 'max_samples': 0.39231787928034323, 'oob_score': False}. Best is trial 530 with value: 0.696197846611031.[0m
[32m[I 2022-04-21 14:02:06,806][0m Trial 646 finished with value: 0.6912245278934883 and parameters: {'n_estimators': 796, 'min_samples_split': 0.014219750160662166, 'min_samples_leaf': 0.016667685412361705, 'min_weight_fraction_leaf': 0.08083143056218528, 'max_features': 0.3948306439365368, 'bootstrap': True, 'max_samples': 0.3964480709603897, 'oob_score': False}. Best is trial 530 with value: 0.696197846611031.[0m
[32m[I 2022-04-21 14:02:14,388][0m Trial 647 finished with value: 0.6940634742788638 and parameters: {'n_estimators': 768, 'min_samples_split': 0.010417873425331002, 'min_samples_leaf': 0.025923567612790344, 'min_weight_fraction_leaf': 0.0687348460299523, 'max_features': 0.45662618301320157, 'bootstrap': True, 'max_samples': 0.4139673648539077, 'oob_score': False}. Best is trial 530 with value: 0.696197846611031.[0m
[32m[I 2022-04-21 14:02:21,238][0m Trial 648 finished with value: 0.6780847669720231 and parameters: {'n_estimators': 827, 'min_samples_split': 0.010526876117137245, 'min_samples_leaf': 0.016505196383423352, 'min_weight_fraction_leaf': 0.09220060247388258, 'max_features': 0.41655487493639015, 'bootstrap': False, 'max_samples': 0.3854073030541666}. Best is trial 530 with value: 0.696197846611031.[0m
[32m[I 2022-04-21 14:02:28,246][0m Trial 649 finished with value: 0.5 and parameters: {'n_estimators': 853, 'min_samples_split': 0.01833747870624617, 'min_samples_leaf': 0.4234907335624569, 'min_weight_fraction_leaf': 0.06932888898909395, 'max_features': 0.4382261832547535, 'bootstrap': True, 'max_samples': 0.4342250048318713, 'oob_score': False}. Best is trial 530 with value: 0.696197846611031.[0m
[32m[I 2022-04-21 14:02:36,911][0m Trial 650 finished with value: 0.6920843328006062 and parameters: {'n_estimators': 944, 'min_samples_split': 0.010440234237046195, 'min_samples_leaf': 0.028279745840308235, 'min_weight_fraction_leaf': 0.07946173405645739, 'max_features': 0.4623648866159856, 'bootstrap': True, 'max_samples': 0.4722008333560609, 'oob_score': False}. Best is trial 530 with value: 0.696197846611031.[0m
[32m[I 2022-04-21 14:02:44,151][0m Trial 651 finished with value: 0.6778792145673236 and parameters: {'n_estimators': 803, 'min_samples_split': 0.33270026133964925, 'min_samples_leaf': 0.024403238033927913, 'min_weight_fraction_leaf': 0.06704940438516856, 'max_features': 0.2118723938115073, 'bootstrap': True, 'max_samples': 0.39215893990460704, 'oob_score': False}. Best is trial 530 with value: 0.696197846611031.[0m
[32m[I 2022-04-21 14:02:51,588][0m Trial 652 finished with value: 0.6556203951897036 and parameters: {'n_estimators': 893, 'min_samples_split': 0.022231277074651227, 'min_samples_leaf': 0.16014494515105931, 'min_weight_fraction_leaf': 0.08753670430616368, 'max_features': 0.47339091451221643, 'bootstrap': True, 'max_samples': 0.41470263835757476, 'oob_score': False}. Best is trial 530 with value: 0.696197846611031.[0m
[32m[I 2022-04-21 14:03:00,138][0m Trial 653 finished with value: 0.6930141361665265 and parameters: {'n_estimators': 960, 'min_samples_split': 0.01145380705138174, 'min_samples_leaf': 0.013509173610582023, 'min_weight_fraction_leaf': 0.059183643592218914, 'max_features': 0.4305553589017165, 'bootstrap': True, 'max_samples': 0.4449884306076053, 'oob_score': False}. Best is trial 530 with value: 0.696197846611031.[0m
[32m[I 2022-04-21 14:03:06,672][0m Trial 654 finished with value: 0.5 and parameters: {'n_estimators': 763, 'min_samples_split': 0.3208884267596902, 'min_samples_leaf': 0.03603864750778962, 'min_weight_fraction_leaf': 0.07527077795356969, 'max_features': 0.4893297232043118, 'bootstrap': True, 'max_samples': 0.2293487881563035, 'oob_score': False}. Best is trial 530 with value: 0.696197846611031.[0m
[32m[I 2022-04-21 14:03:14,550][0m Trial 655 finished with value: 0.6955005301852422 and parameters: {'n_estimators': 840, 'min_samples_split': 0.001108808101886508, 'min_samples_leaf': 0.01577711518965369, 'min_weight_fraction_leaf': 0.06656894953559271, 'max_features': 0.45522273030636423, 'bootstrap': True, 'max_samples': 0.4257956462451699, 'oob_score': False}. Best is trial 530 with value: 0.696197846611031.[0m
[32m[I 2022-04-21 14:03:23,158][0m Trial 656 finished with value: 0.6944227382554584 and parameters: {'n_estimators': 920, 'min_samples_split': 0.0026821039394208123, 'min_samples_leaf': 0.012193607864269599, 'min_weight_fraction_leaf': 0.06752691014084843, 'max_features': 0.4534671053154589, 'bootstrap': True, 'max_samples': 0.4236893213591091, 'oob_score': False}. Best is trial 530 with value: 0.696197846611031.[0m
[32m[I 2022-04-21 14:03:32,964][0m Trial 657 finished with value: 0.6915870472635711 and parameters: {'n_estimators': 923, 'min_samples_split': 0.0027110570341911666, 'min_samples_leaf': 0.012256212845023788, 'min_weight_fraction_leaf': 0.07981394398463391, 'max_features': 0.44813590645310925, 'bootstrap': True, 'max_samples': 0.41527766918557163, 'oob_score': False}. Best is trial 530 with value: 0.696197846611031.[0m
[32m[I 2022-04-21 14:03:41,946][0m Trial 658 finished with value: 0.6947607907046526 and parameters: {'n_estimators': 886, 'min_samples_split': 0.0012453311298736712, 'min_samples_leaf': 0.013460322670753193, 'min_weight_fraction_leaf': 0.06733436515489107, 'max_features': 0.40291220710326875, 'bootstrap': True, 'max_samples': 0.4273975324407718, 'oob_score': False}. Best is trial 530 with value: 0.696197846611031.[0m
[32m[I 2022-04-21 14:03:49,405][0m Trial 659 finished with value: 0.690029737164194 and parameters: {'n_estimators': 874, 'min_samples_split': 0.0037117387043678757, 'min_samples_leaf': 0.01201248641566975, 'min_weight_fraction_leaf': 0.060601100015675084, 'max_features': 0.38004783756691063, 'bootstrap': True, 'max_samples': 0.395961112353278, 'oob_score': False}. Best is trial 530 with value: 0.696197846611031.[0m
[32m[I 2022-04-21 14:03:56,790][0m Trial 660 finished with value: 0.6912090812034358 and parameters: {'n_estimators': 863, 'min_samples_split': 0.009624545509966023, 'min_samples_leaf': 0.012207498218718795, 'min_weight_fraction_leaf': 0.09878649624217861, 'max_features': 0.4025732744838969, 'bootstrap': True, 'max_samples': 0.4215654281956236, 'oob_score': False}. Best is trial 530 with value: 0.696197846611031.[0m
[32m[I 2022-04-21 14:04:04,571][0m Trial 661 finished with value: 0.6905134430417845 and parameters: {'n_estimators': 959, 'min_samples_split': 0.002674259131028907, 'min_samples_leaf': 0.014556756183558166, 'min_weight_fraction_leaf': 0.07149609352724008, 'max_features': 0.33830202292644573, 'bootstrap': True, 'max_samples': 0.3881744331880208, 'oob_score': False}. Best is trial 530 with value: 0.696197846611031.[0m
[32m[I 2022-04-21 14:04:12,053][0m Trial 662 finished with value: 0.6915021742091966 and parameters: {'n_estimators': 901, 'min_samples_split': 0.009148627085209858, 'min_samples_leaf': 0.015499889954147668, 'min_weight_fraction_leaf': 0.09013605953019466, 'max_features': 0.368291323746585, 'bootstrap': True, 'max_samples': 0.42769446289455576, 'oob_score': False}. Best is trial 530 with value: 0.696197846611031.[0m
[32m[I 2022-04-21 14:04:18,607][0m Trial 663 finished with value: 0.6873419454320044 and parameters: {'n_estimators': 846, 'min_samples_split': 0.0018183777308926694, 'min_samples_leaf': 0.01077019198349322, 'min_weight_fraction_leaf': 0.07740088103671773, 'max_features': 0.40829908384973795, 'bootstrap': True, 'max_samples': 0.4026773738868426, 'oob_score': False}. Best is trial 530 with value: 0.696197846611031.[0m
[32m[I 2022-04-21 14:04:25,240][0m Trial 664 finished with value: 0.5 and parameters: {'n_estimators': 917, 'min_samples_split': 0.01637216584111325, 'min_samples_leaf': 0.3788386143940086, 'min_weight_fraction_leaf': 0.06304924087518637, 'max_features': 0.4188047564312666, 'bootstrap': True, 'max_samples': 0.45827798788368657, 'oob_score': False}. Best is trial 530 with value: 0.696197846611031.[0m
[32m[I 2022-04-21 14:04:34,067][0m Trial 665 finished with value: 0.6916878693971146 and parameters: {'n_estimators': 965, 'min_samples_split': 0.0011640452418360471, 'min_samples_leaf': 0.020465233711550488, 'min_weight_fraction_leaf': 0.05542538849782321, 'max_features': 0.42961279677755715, 'bootstrap': True, 'max_samples': 0.4331835262821964, 'oob_score': False}. Best is trial 530 with value: 0.696197846611031.[0m
[32m[I 2022-04-21 14:04:41,119][0m Trial 666 finished with value: 0.6835878172664619 and parameters: {'n_estimators': 881, 'min_samples_split': 0.001822993199907183, 'min_samples_leaf': 0.021378829542308922, 'min_weight_fraction_leaf': 0.0837688827796813, 'max_features': 0.44385246806213446, 'bootstrap': False, 'max_samples': 0.4134044103688005}. Best is trial 530 with value: 0.696197846611031.[0m
[32m[I 2022-04-21 14:04:48,489][0m Trial 667 finished with value: 0.6958597941618369 and parameters: {'n_estimators': 826, 'min_samples_split': 0.015224582266819952, 'min_samples_leaf': 0.009458325839962083, 'min_weight_fraction_leaf': 0.06782124225728675, 'max_features': 0.4599586871337536, 'bootstrap': True, 'max_samples': 0.4481111404571943, 'oob_score': False}. Best is trial 530 with value: 0.696197846611031.[0m
[32m[I 2022-04-21 14:04:56,466][0m Trial 668 finished with value: 0.6862974779700164 and parameters: {'n_estimators': 814, 'min_samples_split': 0.01728580347165818, 'min_samples_leaf': 0.01058822576506966, 'min_weight_fraction_leaf': 0.05545724588862654, 'max_features': 0.3923480748457142, 'bootstrap': True, 'max_samples': 0.3894711747473582, 'oob_score': False}. Best is trial 530 with value: 0.696197846611031.[0m
[32m[I 2022-04-21 14:05:04,524][0m Trial 669 finished with value: 0.6933521886157207 and parameters: {'n_estimators': 839, 'min_samples_split': 0.01764637440216763, 'min_samples_leaf': 0.008947733448612761, 'min_weight_fraction_leaf': 0.06829972361932656, 'max_features': 0.4179549346773209, 'bootstrap': True, 'max_samples': 0.47189209754105826, 'oob_score': False}. Best is trial 530 with value: 0.696197846611031.[0m
[32m[I 2022-04-21 14:05:11,686][0m Trial 670 finished with value: 0.6885121310670042 and parameters: {'n_estimators': 811, 'min_samples_split': 0.0255212837950117, 'min_samples_leaf': 0.02496585793319398, 'min_weight_fraction_leaf': 0.07631145067705733, 'max_features': 0.35185483201851, 'bootstrap': True, 'max_samples': 0.44965587765856646, 'oob_score': False}. Best is trial 530 with value: 0.696197846611031.[0m
[32m[I 2022-04-21 14:05:19,696][0m Trial 671 finished with value: 0.6916930789031768 and parameters: {'n_estimators': 853, 'min_samples_split': 0.0012938015990888608, 'min_samples_leaf': 0.009120951855315338, 'min_weight_fraction_leaf': 0.08914457907965731, 'max_features': 0.44836516489578443, 'bootstrap': True, 'max_samples': 0.4653312012229498, 'oob_score': False}. Best is trial 530 with value: 0.696197846611031.[0m
[32m[I 2022-04-21 14:05:27,387][0m Trial 672 finished with value: 0.696197846611031 and parameters: {'n_estimators': 883, 'min_samples_split': 0.013828571023868615, 'min_samples_leaf': 0.010716497170220171, 'min_weight_fraction_leaf': 0.06278078609755319, 'max_features': 0.43559956850387094, 'bootstrap': True, 'max_samples': 0.42755304500252733, 'oob_score': False}. Best is trial 530 with value: 0.696197846611031.[0m
[32m[I 2022-04-21 14:05:34,724][0m Trial 673 finished with value: 0.6940194881296404 and parameters: {'n_estimators': 805, 'min_samples_split': 0.02709656895979113, 'min_samples_leaf': 0.010320964580887037, 'min_weight_fraction_leaf': 0.054692689824654604, 'max_features': 0.4033291338170671, 'bootstrap': True, 'max_samples': 0.4069601603495895, 'oob_score': False}. Best is trial 530 with value: 0.696197846611031.[0m
[32m[I 2022-04-21 14:05:42,865][0m Trial 674 finished with value: 0.6898193555383993 and parameters: {'n_estimators': 837, 'min_samples_split': 0.0013125075852841704, 'min_samples_leaf': 0.009999265235443247, 'min_weight_fraction_leaf': 0.07816487682842359, 'max_features': 0.42956448900332805, 'bootstrap': True, 'max_samples': 0.42343016066929084, 'oob_score': False}. Best is trial 530 with value: 0.696197846611031.[0m
[32m[I 2022-04-21 14:05:51,218][0m Trial 675 finished with value: 0.6873003015847269 and parameters: {'n_estimators': 875, 'min_samples_split': 0.011875089293747261, 'min_samples_leaf': 0.001686522089227916, 'min_weight_fraction_leaf': 0.04831085434669062, 'max_features': 0.46171526132015817, 'bootstrap': True, 'max_samples': 0.43439214847354823, 'oob_score': False}. Best is trial 530 with value: 0.696197846611031.[0m
[32m[I 2022-04-21 14:05:57,149][0m Trial 676 finished with value: 0.5 and parameters: {'n_estimators': 780, 'min_samples_split': 0.021037549463985332, 'min_samples_leaf': 0.25300070979021927, 'min_weight_fraction_leaf': 0.06083176355324251, 'max_features': 0.4692494642116496, 'bootstrap': True, 'max_samples': 0.4415220513116729, 'oob_score': False}. Best is trial 530 with value: 0.696197846611031.[0m
[32m[I 2022-04-21 14:06:05,643][0m Trial 677 finished with value: 0.6924294238397962 and parameters: {'n_estimators': 878, 'min_samples_split': 0.012915339043072908, 'min_samples_leaf': 0.017039711428035675, 'min_weight_fraction_leaf': 0.047737284462297275, 'max_features': 0.45862976245476256, 'bootstrap': True, 'max_samples': 0.3931458520289132, 'oob_score': False}. Best is trial 530 with value: 0.696197846611031.[0m
[32m[I 2022-04-21 14:06:12,352][0m Trial 678 finished with value: 0.6904066003023268 and parameters: {'n_estimators': 835, 'min_samples_split': 0.030241415937109637, 'min_samples_leaf': 0.017184278590791913, 'min_weight_fraction_leaf': 0.06454132949015651, 'max_features': 0.38009909111882295, 'bootstrap': True, 'max_samples': 0.41181030371686655, 'oob_score': False}. Best is trial 530 with value: 0.696197846611031.[0m
[32m[I 2022-04-21 14:06:20,140][0m Trial 679 finished with value: 0.6861938044989943 and parameters: {'n_estimators': 911, 'min_samples_split': 0.020363545232008978, 'min_samples_leaf': 0.00866869115019947, 'min_weight_fraction_leaf': 0.053399864329279415, 'max_features': 0.39208989702619257, 'bootstrap': True, 'max_samples': 0.4267320122351471, 'oob_score': False}. Best is trial 530 with value: 0.696197846611031.[0m
[32m[I 2022-04-21 14:06:30,035][0m Trial 680 finished with value: 0.6934013502252289 and parameters: {'n_estimators': 953, 'min_samples_split': 0.015140119937808921, 'min_samples_leaf': 0.018475386763682437, 'min_weight_fraction_leaf': 0.06392063665358058, 'max_features': 0.43461397081998415, 'bootstrap': True, 'max_samples': 0.38954037764292315, 'oob_score': False}. Best is trial 530 with value: 0.696197846611031.[0m
[32m[I 2022-04-21 14:06:39,843][0m Trial 681 finished with value: 0.6944227382554584 and parameters: {'n_estimators': 997, 'min_samples_split': 0.010550684895574284, 'min_samples_leaf': 0.023292886001942556, 'min_weight_fraction_leaf': 0.0760218549343899, 'max_features': 0.4819476928628511, 'bootstrap': True, 'max_samples': 0.49830230311661394, 'oob_score': False}. Best is trial 530 with value: 0.696197846611031.[0m
[32m[I 2022-04-21 14:06:46,411][0m Trial 682 finished with value: 0.5 and parameters: {'n_estimators': 786, 'min_samples_split': 0.4653443986324186, 'min_samples_leaf': 0.023199410180534456, 'min_weight_fraction_leaf': 0.048600086874452816, 'max_features': 0.42512252732784217, 'bootstrap': True, 'max_samples': 0.46915714328105984, 'oob_score': False}. Best is trial 530 with value: 0.696197846611031.[0m
[32m[I 2022-04-21 14:06:56,435][0m Trial 683 finished with value: 0.6851355985437648 and parameters: {'n_estimators': 863, 'min_samples_split': 0.0344541943887295, 'min_samples_leaf': 0.0076738702072953625, 'min_weight_fraction_leaf': 0.05901914512933384, 'max_features': 0.4627219012538339, 'bootstrap': True, 'max_samples': 0.7638810591897868, 'oob_score': False}. Best is trial 530 with value: 0.696197846611031.[0m
[32m[I 2022-04-21 14:07:03,797][0m Trial 684 finished with value: 0.5 and parameters: {'n_estimators': 933, 'min_samples_split': 0.009963330014767175, 'min_samples_leaf': 0.23485894645215344, 'min_weight_fraction_leaf': 0.09570480443262308, 'max_features': 0.40892263175355914, 'bootstrap': True, 'max_samples': 0.41127424650610966, 'oob_score': False}. Best is trial 530 with value: 0.696197846611031.[0m
[32m[I 2022-04-21 14:07:12,198][0m Trial 685 finished with value: 0.6875944971743322 and parameters: {'n_estimators': 815, 'min_samples_split': 0.3480644583966928, 'min_samples_leaf': 0.029619221546070242, 'min_weight_fraction_leaf': 0.08076770885315909, 'max_features': 0.4987971096190833, 'bootstrap': True, 'max_samples': 0.4566286435719046, 'oob_score': False}. Best is trial 530 with value: 0.696197846611031.[0m
[32m[I 2022-04-21 14:07:21,034][0m Trial 686 finished with value: 0.6944227382554584 and parameters: {'n_estimators': 889, 'min_samples_split': 0.026346387291282865, 'min_samples_leaf': 0.019680974675805853, 'min_weight_fraction_leaf': 0.06419864322036897, 'max_features': 0.4849827435657694, 'bootstrap': True, 'max_samples': 0.44311222420219876, 'oob_score': False}. Best is trial 530 with value: 0.696197846611031.[0m
[32m[I 2022-04-21 14:07:29,031][0m Trial 687 finished with value: 0.6872481308987921 and parameters: {'n_estimators': 848, 'min_samples_split': 0.03659460694269294, 'min_samples_leaf': 0.018025611674712727, 'min_weight_fraction_leaf': 0.057904799944356655, 'max_features': 0.4419098953258557, 'bootstrap': False, 'max_samples': 0.47464296319138527}. Best is trial 530 with value: 0.696197846611031.[0m
[32m[I 2022-04-21 14:07:36,719][0m Trial 688 finished with value: 0.6944227382554584 and parameters: {'n_estimators': 885, 'min_samples_split': 0.04618126640723908, 'min_samples_leaf': 0.01924220910826419, 'min_weight_fraction_leaf': 0.07227076070353822, 'max_features': 0.4917728692048808, 'bootstrap': True, 'max_samples': 0.43901322905700924, 'oob_score': False}. Best is trial 530 with value: 0.696197846611031.[0m
