[32m[I 2022-04-22 23:49:41,395][0m Trial 66 finished with value: 0.6450249951589087 and parameters: {'n_estimators': 545, 'min_samples_split': 0.0010098809376211243, 'min_samples_leaf': 0.001302418943890861, 'min_weight_fraction_leaf': 0.12202736690218677, 'max_features': 0.8081422468652744, 'bootstrap': True, 'max_samples': 0.7821846941128615, 'oob_score': True}. Best is trial 61 with value: 0.6655169819616406.[0m
[32m[I 2022-04-22 23:49:44,598][0m Trial 67 finished with value: 0.5 and parameters: {'n_estimators': 382, 'min_samples_split': 0.04233130242557285, 'min_samples_leaf': 0.2741908942836498, 'min_weight_fraction_leaf': 0.013622008774591743, 'max_features': 0.5958595479610761, 'bootstrap': True, 'max_samples': 0.575371898947786, 'oob_score': True}. Best is trial 61 with value: 0.6655169819616406.[0m
[32m[I 2022-04-22 23:49:48,146][0m Trial 68 finished with value: 0.6459775689378201 and parameters: {'n_estimators': 175, 'min_samples_split': 0.10802645062039719, 'min_samples_leaf': 0.08574417041001503, 'min_weight_fraction_leaf': 0.08263356865406281, 'max_features': 0.1200555700618357, 'bootstrap': True, 'max_samples': 0.9008807332553987, 'oob_score': True}. Best is trial 61 with value: 0.6655169819616406.[0m
[32m[I 2022-04-22 23:49:54,751][0m Trial 69 finished with value: 0.5 and parameters: {'n_estimators': 813, 'min_samples_split': 0.01949880445372852, 'min_samples_leaf': 0.34346661089493197, 'min_weight_fraction_leaf': 0.05213755651124877, 'max_features': 0.743960601973952, 'bootstrap': True, 'max_samples': 0.6923609026297085, 'oob_score': True}. Best is trial 61 with value: 0.6655169819616406.[0m
[32m[I 2022-04-22 23:50:23,226][0m Trial 70 finished with value: 0.623763807832637 and parameters: {'n_estimators': 641, 'min_samples_split': 0.0545145710580506, 'min_samples_leaf': 0.1992935826056445, 'min_weight_fraction_leaf': 0.1526364275766191, 'max_features': 0.7012709502073339, 'bootstrap': False, 'max_samples': 0.9331917626266131}. Best is trial 61 with value: 0.6655169819616406.[0m
[32m[I 2022-04-22 23:51:01,464][0m Trial 71 finished with value: 0.6463880560338111 and parameters: {'n_estimators': 694, 'min_samples_split': 0.49632945526318606, 'min_samples_leaf': 0.036390413789763904, 'min_weight_fraction_leaf': 0.06847697377126463, 'max_features': 0.5531666479252876, 'bootstrap': True, 'max_samples': 0.9535103092311698, 'oob_score': True}. Best is trial 61 with value: 0.6655169819616406.[0m
[32m[I 2022-04-22 23:52:32,276][0m Trial 72 finished with value: 0.6634379676875084 and parameters: {'n_estimators': 726, 'min_samples_split': 0.09227873600743447, 'min_samples_leaf': 0.04356970355424805, 'min_weight_fraction_leaf': 0.03516207278157707, 'max_features': 0.5374713643820971, 'bootstrap': True, 'max_samples': 0.9705578589212859, 'oob_score': True}. Best is trial 61 with value: 0.6655169819616406.[0m
[32m[I 2022-04-22 23:55:27,834][0m Trial 73 finished with value: 0.6670237893120792 and parameters: {'n_estimators': 746, 'min_samples_split': 0.09306723883556786, 'min_samples_leaf': 0.019735854207441717, 'min_weight_fraction_leaf': 0.03135645984216723, 'max_features': 0.6228476012427736, 'bootstrap': True, 'max_samples': 0.968397154672602, 'oob_score': True}. Best is trial 73 with value: 0.6670237893120792.[0m
[32m[I 2022-04-22 23:57:52,055][0m Trial 74 finished with value: 0.6691568653684978 and parameters: {'n_estimators': 750, 'min_samples_split': 0.09251429969352495, 'min_samples_leaf': 0.013900177895708793, 'min_weight_fraction_leaf': 0.03472171331550216, 'max_features': 0.541814702128606, 'bootstrap': True, 'max_samples': 0.8322832186476526, 'oob_score': True}. Best is trial 74 with value: 0.6691568653684978.[0m
[32m[I 2022-04-22 23:59:05,399][0m Trial 75 finished with value: 0.6609614638953686 and parameters: {'n_estimators': 777, 'min_samples_split': 0.09536816293761187, 'min_samples_leaf': 0.05154189077324073, 'min_weight_fraction_leaf': 0.029882093597152583, 'max_features': 0.5330738693856814, 'bootstrap': True, 'max_samples': 0.8356346263680123, 'oob_score': True}. Best is trial 74 with value: 0.6691568653684978.[0m
[32m[I 2022-04-23 00:02:36,362][0m Trial 76 finished with value: 0.6710973613777755 and parameters: {'n_estimators': 726, 'min_samples_split': 0.08008583686329909, 'min_samples_leaf': 0.008985531065362904, 'min_weight_fraction_leaf': 0.007385442132811913, 'max_features': 0.4654576642388808, 'bootstrap': True, 'max_samples': 0.8846561948454437, 'oob_score': True}. Best is trial 76 with value: 0.6710973613777755.[0m
[32m[I 2022-04-23 00:05:15,215][0m Trial 77 finished with value: 0.6684939693242308 and parameters: {'n_estimators': 717, 'min_samples_split': 0.0726383495481562, 'min_samples_leaf': 0.013731398394148345, 'min_weight_fraction_leaf': 0.010100434678609008, 'max_features': 0.42981225474817064, 'bootstrap': True, 'max_samples': 0.8847096173815577, 'oob_score': True}. Best is trial 76 with value: 0.6710973613777755.[0m
[32m[I 2022-04-23 00:06:14,650][0m Trial 78 finished with value: 0.6634854219988362 and parameters: {'n_estimators': 731, 'min_samples_split': 0.07763550564609212, 'min_samples_leaf': 0.044943403789538254, 'min_weight_fraction_leaf': 0.009648513201091398, 'max_features': 0.39736636848517526, 'bootstrap': True, 'max_samples': 0.8688077280027604, 'oob_score': True}. Best is trial 76 with value: 0.6710973613777755.[0m
[32m[I 2022-04-23 00:06:24,622][0m Trial 79 finished with value: 0.5905244013990774 and parameters: {'n_estimators': 731, 'min_samples_split': 0.1118527119639707, 'min_samples_leaf': 0.07469196826863672, 'min_weight_fraction_leaf': 0.0003216323068264901, 'max_features': 0.3174844256273782, 'bootstrap': True, 'max_samples': 0.2660308386996431, 'oob_score': True}. Best is trial 76 with value: 0.6710973613777755.[0m
[32m[I 2022-04-23 00:07:31,307][0m Trial 80 finished with value: 0.6630568230025624 and parameters: {'n_estimators': 804, 'min_samples_split': 0.08173140171030194, 'min_samples_leaf': 0.04766457404052575, 'min_weight_fraction_leaf': 0.013094664284577156, 'max_features': 0.41479951648789964, 'bootstrap': True, 'max_samples': 0.8751235991195673, 'oob_score': False}. Best is trial 76 with value: 0.6710973613777755.[0m
[32m[I 2022-04-23 00:10:29,135][0m Trial 81 finished with value: 0.6700957012676299 and parameters: {'n_estimators': 855, 'min_samples_split': 0.07631954876472435, 'min_samples_leaf': 0.010066319004031377, 'min_weight_fraction_leaf': 0.03445418499727958, 'max_features': 0.4620520371414696, 'bootstrap': True, 'max_samples': 0.9257186393485006, 'oob_score': True}. Best is trial 76 with value: 0.6710973613777755.[0m
[32m[I 2022-04-23 00:12:39,385][0m Trial 82 finished with value: 0.6728312546541142 and parameters: {'n_estimators': 729, 'min_samples_split': 0.06825076462527853, 'min_samples_leaf': 0.011524658206037486, 'min_weight_fraction_leaf': 0.030997489515505558, 'max_features': 0.38785853673553905, 'bootstrap': True, 'max_samples': 0.9335990303049747, 'oob_score': True}. Best is trial 82 with value: 0.6728312546541142.[0m
[32m[I 2022-04-23 00:14:42,108][0m Trial 83 finished with value: 0.672500187667069 and parameters: {'n_estimators': 687, 'min_samples_split': 0.07094581480644539, 'min_samples_leaf': 0.012713946592392326, 'min_weight_fraction_leaf': 0.01070613637794145, 'max_features': 0.37856062550213576, 'bootstrap': True, 'max_samples': 0.8223194425364266, 'oob_score': True}. Best is trial 82 with value: 0.6728312546541142.[0m
[32m[I 2022-04-23 00:16:45,215][0m Trial 84 finished with value: 0.6703667512363433 and parameters: {'n_estimators': 941, 'min_samples_split': 0.0634574994840245, 'min_samples_leaf': 0.015074374493163008, 'min_weight_fraction_leaf': 0.02889721655336099, 'max_features': 0.33827319818835544, 'bootstrap': True, 'max_samples': 0.8089228874212651, 'oob_score': True}. Best is trial 82 with value: 0.6728312546541142.[0m
[32m[I 2022-04-23 00:18:21,243][0m Trial 85 finished with value: 0.6690457245515369 and parameters: {'n_estimators': 656, 'min_samples_split': 0.06571812361561119, 'min_samples_leaf': 0.012586898868669306, 'min_weight_fraction_leaf': 0.04201194952655172, 'max_features': 0.34487153992628317, 'bootstrap': True, 'max_samples': 0.8272537033066403, 'oob_score': True}. Best is trial 82 with value: 0.6728312546541142.[0m
[32m[I 2022-04-23 00:19:16,531][0m Trial 86 finished with value: 0.6630713977337596 and parameters: {'n_estimators': 669, 'min_samples_split': 0.14987233478861803, 'min_samples_leaf': 0.013322353396292931, 'min_weight_fraction_leaf': 0.04378785700360191, 'max_features': 0.29945179675889255, 'bootstrap': True, 'max_samples': 0.7416197695731868, 'oob_score': True}. Best is trial 82 with value: 0.6728312546541142.[0m
[32m[I 2022-04-23 00:21:41,484][0m Trial 87 finished with value: 0.6719243801782475 and parameters: {'n_estimators': 924, 'min_samples_split': 0.06468188365656964, 'min_samples_leaf': 0.011726234751840467, 'min_weight_fraction_leaf': 0.028148302682819027, 'max_features': 0.34274927577959924, 'bootstrap': True, 'max_samples': 0.8024429758474901, 'oob_score': True}. Best is trial 82 with value: 0.6728312546541142.[0m
[32m[I 2022-04-23 00:27:00,594][0m Trial 88 finished with value: 0.674655769013983 and parameters: {'n_estimators': 856, 'min_samples_split': 0.06689438404120034, 'min_samples_leaf': 0.001345604532372877, 'min_weight_fraction_leaf': 0.02207044242048075, 'max_features': 0.34327162228293606, 'bootstrap': False, 'max_samples': 0.816252656424508}. Best is trial 88 with value: 0.674655769013983.[0m
[32m[I 2022-04-23 00:32:22,869][0m Trial 89 finished with value: 0.6714355296103146 and parameters: {'n_estimators': 922, 'min_samples_split': 0.06465617270800302, 'min_samples_leaf': 0.0024295429020535454, 'min_weight_fraction_leaf': 0.025035948946983837, 'max_features': 0.33325828812904196, 'bootstrap': False, 'max_samples': 0.800881914020588}. Best is trial 88 with value: 0.674655769013983.[0m
[32m[I 2022-04-23 00:34:24,877][0m Trial 90 finished with value: 0.6687183117844041 and parameters: {'n_estimators': 944, 'min_samples_split': 0.20447031456669817, 'min_samples_leaf': 0.005934936395058548, 'min_weight_fraction_leaf': 0.022353324589644903, 'max_features': 0.20455906726480944, 'bootstrap': False, 'max_samples': 0.7983538884495716}. Best is trial 88 with value: 0.674655769013983.[0m
[32m[I 2022-04-23 00:38:05,470][0m Trial 91 finished with value: 0.6669200074993491 and parameters: {'n_estimators': 897, 'min_samples_split': 0.06183805532600975, 'min_samples_leaf': 0.005945599778693636, 'min_weight_fraction_leaf': 0.04423722633608231, 'max_features': 0.32565684361714864, 'bootstrap': False, 'max_samples': 0.8208375035361246}. Best is trial 88 with value: 0.674655769013983.[0m
[32m[I 2022-04-23 00:41:08,047][0m Trial 92 finished with value: 0.6673643571338574 and parameters: {'n_estimators': 864, 'min_samples_split': 0.12343922175826669, 'min_samples_leaf': 0.012528349447906784, 'min_weight_fraction_leaf': 0.029699940205679353, 'max_features': 0.3572325161489699, 'bootstrap': False, 'max_samples': 0.7151939955392776}. Best is trial 88 with value: 0.674655769013983.[0m
[32m[I 2022-04-23 00:42:45,945][0m Trial 93 finished with value: 0.6688934853771922 and parameters: {'n_estimators': 826, 'min_samples_split': 0.10533632326961043, 'min_samples_leaf': 0.03657828896698757, 'min_weight_fraction_leaf': 0.0032521850407162198, 'max_features': 0.2681468006481353, 'bootstrap': False, 'max_samples': 0.793528832669818}. Best is trial 88 with value: 0.674655769013983.[0m
[32m[I 2022-04-23 00:42:51,795][0m Trial 94 finished with value: 0.5598329699427247 and parameters: {'n_estimators': 927, 'min_samples_split': 0.06504573539318043, 'min_samples_leaf': 0.4468268411533101, 'min_weight_fraction_leaf': 0.04719350784342713, 'max_features': 0.3541002177638257, 'bootstrap': False, 'max_samples': 0.831173788608261}. Best is trial 88 with value: 0.674655769013983.[0m
[32m[I 2022-04-23 00:47:15,786][0m Trial 95 finished with value: 0.6730276940251569 and parameters: {'n_estimators': 843, 'min_samples_split': 0.08009110401418279, 'min_samples_leaf': 0.011460389128449568, 'min_weight_fraction_leaf': 0.02337642864703389, 'max_features': 0.37488954245726447, 'bootstrap': False, 'max_samples': 0.7542731224767429}. Best is trial 88 with value: 0.674655769013983.[0m
[32m[I 2022-04-23 00:48:49,655][0m Trial 96 finished with value: 0.6625430691102662 and parameters: {'n_estimators': 804, 'min_samples_split': 0.10354849937319596, 'min_samples_leaf': 0.055783810183576435, 'min_weight_fraction_leaf': 0.019059646783185905, 'max_features': 0.38303217315817994, 'bootstrap': False, 'max_samples': 0.754923431381303}. Best is trial 88 with value: 0.674655769013983.[0m
[32m[I 2022-04-23 00:51:52,206][0m Trial 97 finished with value: 0.6648846044037174 and parameters: {'n_estimators': 848, 'min_samples_split': 0.08439152138033391, 'min_samples_leaf': 0.036915443428760075, 'min_weight_fraction_leaf': 0.030932187921476877, 'max_features': 0.45642293411476803, 'bootstrap': False, 'max_samples': 0.6498333978869129}. Best is trial 88 with value: 0.674655769013983.[0m
[32m[I 2022-04-23 00:55:51,170][0m Trial 98 finished with value: 0.6743903473776116 and parameters: {'n_estimators': 931, 'min_samples_split': 0.13491300527523592, 'min_samples_leaf': 0.00269761943006394, 'min_weight_fraction_leaf': 0.01336590223088527, 'max_features': 0.26641413791094765, 'bootstrap': False, 'max_samples': 0.7797548191162703}. Best is trial 88 with value: 0.674655769013983.[0m
[32m[I 2022-04-23 00:58:58,699][0m Trial 99 finished with value: 0.6719975698804739 and parameters: {'n_estimators': 914, 'min_samples_split': 0.1335885751985994, 'min_samples_leaf': 0.001638629610595678, 'min_weight_fraction_leaf': 0.0150389635883712, 'max_features': 0.23095699082489746, 'bootstrap': False, 'max_samples': 0.7734408139416558}. Best is trial 88 with value: 0.674655769013983.[0m
[32m[I 2022-04-23 00:59:54,265][0m Trial 100 finished with value: 0.6644367300437335 and parameters: {'n_estimators': 959, 'min_samples_split': 0.13887731511901127, 'min_samples_leaf': 0.06771352837823634, 'min_weight_fraction_leaf': 0.0015201882062355065, 'max_features': 0.23261519204507602, 'bootstrap': False, 'max_samples': 0.7872266782583168}. Best is trial 88 with value: 0.674655769013983.[0m
[32m[I 2022-04-23 01:02:05,828][0m Trial 101 finished with value: 0.6716378017980231 and parameters: {'n_estimators': 920, 'min_samples_split': 0.15738582645127977, 'min_samples_leaf': 0.020728875393729293, 'min_weight_fraction_leaf': 0.016302457910848646, 'max_features': 0.28448749153077707, 'bootstrap': False, 'max_samples': 0.6971801046372466}. Best is trial 88 with value: 0.674655769013983.[0m
[32m[I 2022-04-23 01:05:31,799][0m Trial 102 finished with value: 0.6729678367864586 and parameters: {'n_estimators': 1000, 'min_samples_split': 0.1599151067982296, 'min_samples_leaf': 0.003380276637860405, 'min_weight_fraction_leaf': 0.015073367992455207, 'max_features': 0.2696874375760764, 'bootstrap': False, 'max_samples': 0.7275093073174406}. Best is trial 88 with value: 0.674655769013983.[0m
[32m[I 2022-04-23 01:08:57,511][0m Trial 103 finished with value: 0.6725947963425443 and parameters: {'n_estimators': 926, 'min_samples_split': 0.16027734848729222, 'min_samples_leaf': 0.001635246427890205, 'min_weight_fraction_leaf': 0.015087020029299266, 'max_features': 0.27122595466941146, 'bootstrap': False, 'max_samples': 0.7384888645835931}. Best is trial 88 with value: 0.674655769013983.[0m
[32m[I 2022-04-23 01:10:58,981][0m Trial 104 finished with value: 0.6682946857604948 and parameters: {'n_estimators': 993, 'min_samples_split': 0.16674795406590365, 'min_samples_leaf': 0.0039898401657199566, 'min_weight_fraction_leaf': 0.017120854696806426, 'max_features': 0.16188553681014822, 'bootstrap': False, 'max_samples': 0.7310833768894165}. Best is trial 88 with value: 0.674655769013983.[0m
[32m[I 2022-04-23 01:13:13,934][0m Trial 105 finished with value: 0.6645830880754307 and parameters: {'n_estimators': 911, 'min_samples_split': 0.1988461525492654, 'min_samples_leaf': 0.0020494002577313864, 'min_weight_fraction_leaf': 0.05499097843970768, 'max_features': 0.2747346883879056, 'bootstrap': False, 'max_samples': 0.688833343877886}. Best is trial 88 with value: 0.674655769013983.[0m
[32m[I 2022-04-23 01:14:59,572][0m Trial 106 finished with value: 0.6689832459869325 and parameters: {'n_estimators': 790, 'min_samples_split': 0.15595866647040346, 'min_samples_leaf': 0.02266997168123614, 'min_weight_fraction_leaf': 0.018741919120904962, 'max_features': 0.22985915503690552, 'bootstrap': False, 'max_samples': 0.7021424140892419}. Best is trial 88 with value: 0.674655769013983.[0m
[32m[I 2022-04-23 01:16:45,471][0m Trial 107 finished with value: 0.6594744911693494 and parameters: {'n_estimators': 899, 'min_samples_split': 0.2456548502377262, 'min_samples_leaf': 0.030685209917211114, 'min_weight_fraction_leaf': 0.013478286601115863, 'max_features': 0.29667300522378953, 'bootstrap': False, 'max_samples': 0.6120532107754209}. Best is trial 88 with value: 0.674655769013983.[0m
[32m[I 2022-04-23 01:18:29,262][0m Trial 108 finished with value: 0.666320079135561 and parameters: {'n_estimators': 839, 'min_samples_split': 0.16031698198739386, 'min_samples_leaf': 0.035286814602308016, 'min_weight_fraction_leaf': 0.05602747553465135, 'max_features': 0.29068958646924775, 'bootstrap': False, 'max_samples': 0.7482930894660057}. Best is trial 88 with value: 0.674655769013983.[0m
[32m[I 2022-04-23 01:22:10,590][0m Trial 109 finished with value: 0.674536260236952 and parameters: {'n_estimators': 947, 'min_samples_split': 0.12956163672276846, 'min_samples_leaf': 0.020136730328228634, 'min_weight_fraction_leaf': 0.00020889476709448282, 'max_features': 0.3776241278262867, 'bootstrap': False, 'max_samples': 0.6736898312899677}. Best is trial 88 with value: 0.674655769013983.[0m
[32m[I 2022-04-23 01:22:57,676][0m Trial 110 finished with value: 0.6671146716529259 and parameters: {'n_estimators': 874, 'min_samples_split': 0.132999936201369, 'min_samples_leaf': 0.055809026317758394, 'min_weight_fraction_leaf': 0.009040788931872726, 'max_features': 0.17006196997347794, 'bootstrap': False, 'max_samples': 0.6725026143394063}. Best is trial 88 with value: 0.674655769013983.[0m
[32m[I 2022-04-23 01:26:36,861][0m Trial 111 finished with value: 0.6711227599125595 and parameters: {'n_estimators': 937, 'min_samples_split': 0.11761523369361204, 'min_samples_leaf': 0.0206723876333033, 'min_weight_fraction_leaf': 0.02283334812011432, 'max_features': 0.3826855266401775, 'bootstrap': False, 'max_samples': 0.6465913662208608}. Best is trial 88 with value: 0.674655769013983.[0m
[32m[I 2022-04-23 01:29:39,717][0m Trial 112 finished with value: 0.6648859889341855 and parameters: {'n_estimators': 982, 'min_samples_split': 0.19287030707636585, 'min_samples_leaf': 0.0011624475154287843, 'min_weight_fraction_leaf': 0.04421627123198919, 'max_features': 0.32031699285923204, 'bootstrap': False, 'max_samples': 0.775909963814187}. Best is trial 88 with value: 0.674655769013983.[0m
[32m[I 2022-04-23 01:30:00,286][0m Trial 113 finished with value: 0.5286956784256454 and parameters: {'n_estimators': 922, 'min_samples_split': 0.14106260283945363, 'min_samples_leaf': 0.04017592140615039, 'min_weight_fraction_leaf': 0.4883009822480474, 'max_features': 0.24719024205311532, 'bootstrap': False, 'max_samples': 0.7201958881474786}. Best is trial 88 with value: 0.674655769013983.[0m
[32m[I 2022-04-23 01:31:59,715][0m Trial 114 finished with value: 0.6688098921115969 and parameters: {'n_estimators': 995, 'min_samples_split': 0.20845206087531754, 'min_samples_leaf': 0.023079734720505632, 'min_weight_fraction_leaf': 0.0006706848896835954, 'max_features': 0.2103041937063429, 'bootstrap': False, 'max_samples': 0.6742061820004603}. Best is trial 88 with value: 0.674655769013983.[0m
[32m[I 2022-04-23 01:34:30,081][0m Trial 115 finished with value: 0.6631040739691436 and parameters: {'n_estimators': 783, 'min_samples_split': 0.17686164192099285, 'min_samples_leaf': 0.03136207497003663, 'min_weight_fraction_leaf': 0.015592148240251263, 'max_features': 0.40265868996150556, 'bootstrap': False, 'max_samples': 0.5643276628118558}. Best is trial 88 with value: 0.674655769013983.[0m
[32m[I 2022-04-23 01:37:08,183][0m Trial 116 finished with value: 0.672404574319894 and parameters: {'n_estimators': 880, 'min_samples_split': 0.1520854070800431, 'min_samples_leaf': 0.019654154961421137, 'min_weight_fraction_leaf': 0.023437201557127516, 'max_features': 0.27426283541772595, 'bootstrap': False, 'max_samples': 0.7655388362101028}. Best is trial 88 with value: 0.674655769013983.[0m
[32m[I 2022-04-23 01:39:00,275][0m Trial 117 finished with value: 0.6644557815975426 and parameters: {'n_estimators': 841, 'min_samples_split': 0.15441240466293088, 'min_samples_leaf': 0.01934061067109418, 'min_weight_fraction_leaf': 0.050892279457844844, 'max_features': 0.2772129582634333, 'bootstrap': False, 'max_samples': 0.7614909984150521}. Best is trial 88 with value: 0.674655769013983.[0m
[32m[I 2022-04-23 01:41:08,687][0m Trial 118 finished with value: 0.6670781130832457 and parameters: {'n_estimators': 882, 'min_samples_split': 0.1296125248330044, 'min_samples_leaf': 0.04437789892492918, 'min_weight_fraction_leaf': 0.038712617413355424, 'max_features': 0.3712806554513196, 'bootstrap': False, 'max_samples': 0.7260244401539359}. Best is trial 88 with value: 0.674655769013983.[0m
