[32m[I 2022-04-23 13:43:31,379][0m Trial 388 finished with value: 0.6717344176149818 and parameters: {'n_estimators': 589, 'min_samples_split': 0.012142153933453945, 'min_samples_leaf': 0.03145819889287718, 'min_weight_fraction_leaf': 0.00938827099500705, 'max_features': 0.10534870358171836, 'bootstrap': False, 'max_samples': 0.2730953737079808}. Best is trial 251 with value: 0.6908430332111252.[0m
[32m[I 2022-04-23 13:43:37,447][0m Trial 389 finished with value: 0.585045446891923 and parameters: {'n_estimators': 687, 'min_samples_split': 0.02433973932371667, 'min_samples_leaf': 0.26601433114628475, 'min_weight_fraction_leaf': 9.089993064258423e-07, 'max_features': 0.13860692784267123, 'bootstrap': False, 'max_samples': 0.381157783194315}. Best is trial 251 with value: 0.6908430332111252.[0m
[32m[I 2022-04-23 13:44:19,906][0m Trial 390 finished with value: 0.6717990822854402 and parameters: {'n_estimators': 808, 'min_samples_split': 0.04298121046761549, 'min_samples_leaf': 0.01751696407326706, 'min_weight_fraction_leaf': 0.03596259408500139, 'max_features': 0.07159847641685466, 'bootstrap': False, 'max_samples': 0.2941283103073038}. Best is trial 251 with value: 0.6908430332111252.[0m
[32m[I 2022-04-23 13:49:01,113][0m Trial 391 finished with value: 0.6788472231534138 and parameters: {'n_estimators': 840, 'min_samples_split': 0.008136016722211299, 'min_samples_leaf': 0.0015138298913369725, 'min_weight_fraction_leaf': 0.018699296070717464, 'max_features': 0.25020919719532436, 'bootstrap': False, 'max_samples': 0.31295076057368476}. Best is trial 251 with value: 0.6908430332111252.[0m
[32m[I 2022-04-23 13:51:41,149][0m Trial 392 finished with value: 0.677344994542674 and parameters: {'n_estimators': 707, 'min_samples_split': 0.027531905960456172, 'min_samples_leaf': 0.01719965001828573, 'min_weight_fraction_leaf': 0.015515614928338807, 'max_features': 0.28439921820495706, 'bootstrap': False, 'max_samples': 0.3500783920184274}. Best is trial 251 with value: 0.6908430332111252.[0m
[32m[I 2022-04-23 13:52:19,706][0m Trial 393 finished with value: 0.657329542021659 and parameters: {'n_estimators': 758, 'min_samples_split': 0.017152467712484985, 'min_samples_leaf': 0.08957316852079275, 'min_weight_fraction_leaf': 0.008469514113075957, 'max_features': 0.22291481192666615, 'bootstrap': False, 'max_samples': 0.42094947709597763}. Best is trial 251 with value: 0.6908430332111252.[0m
[32m[I 2022-04-23 13:56:09,279][0m Trial 394 finished with value: 0.6725047755781853 and parameters: {'n_estimators': 787, 'min_samples_split': 0.010176781007036983, 'min_samples_leaf': 0.009507419916808146, 'min_weight_fraction_leaf': 0.026495680891198616, 'max_features': 0.31283353178871404, 'bootstrap': False, 'max_samples': 0.5086145707391885}. Best is trial 251 with value: 0.6908430332111252.[0m
[32m[I 2022-04-23 13:56:49,725][0m Trial 395 finished with value: 0.6727931054502655 and parameters: {'n_estimators': 650, 'min_samples_split': 0.0016411925531263066, 'min_samples_leaf': 0.024807118244980074, 'min_weight_fraction_leaf': 0.009304234254138264, 'max_features': 0.08774328702396819, 'bootstrap': False, 'max_samples': 0.33621325775650734}. Best is trial 251 with value: 0.6908430332111252.[0m
[32m[I 2022-04-23 13:57:02,791][0m Trial 396 finished with value: 0.5862532250945282 and parameters: {'n_estimators': 856, 'min_samples_split': 0.03278281582963734, 'min_samples_leaf': 0.013327701372850767, 'min_weight_fraction_leaf': 0.34773049155537816, 'max_features': 0.12197636260397693, 'bootstrap': False, 'max_samples': 0.2411209047197937}. Best is trial 251 with value: 0.6908430332111252.[0m
[32m[I 2022-04-23 13:57:46,121][0m Trial 397 finished with value: 0.667199320977246 and parameters: {'n_estimators': 730, 'min_samples_split': 0.01952969068401219, 'min_samples_leaf': 0.05461327668093263, 'min_weight_fraction_leaf': 0.02072009502835045, 'max_features': 0.16220878819083753, 'bootstrap': False, 'max_samples': 0.3712333675117075}. Best is trial 251 with value: 0.6908430332111252.[0m
[32m[I 2022-04-23 13:58:04,443][0m Trial 398 finished with value: 0.5615258143775501 and parameters: {'n_estimators': 674, 'min_samples_split': 0.010920195607787394, 'min_samples_leaf': 0.00146378045635699, 'min_weight_fraction_leaf': 0.4424592841399219, 'max_features': 0.2626750363496112, 'bootstrap': False, 'max_samples': 0.39939823312885225}. Best is trial 251 with value: 0.6908430332111252.[0m
[32m[I 2022-04-23 13:59:10,809][0m Trial 399 finished with value: 0.6490158827508216 and parameters: {'n_estimators': 705, 'min_samples_split': 0.02408705098984355, 'min_samples_leaf': 0.030434793970327632, 'min_weight_fraction_leaf': 0.11531317902408011, 'max_features': 0.2953016349339651, 'bootstrap': False, 'max_samples': 0.1469976277426962}. Best is trial 251 with value: 0.6908430332111252.[0m
[32m[I 2022-04-23 14:01:47,257][0m Trial 400 finished with value: 0.6778421090762938 and parameters: {'n_estimators': 786, 'min_samples_split': 0.03646108072172387, 'min_samples_leaf': 0.017951700647783807, 'min_weight_fraction_leaf': 0.00011768304937853169, 'max_features': 0.2401896856698372, 'bootstrap': False, 'max_samples': 0.3143455816302123}. Best is trial 251 with value: 0.6908430332111252.[0m
[32m[I 2022-04-23 14:02:34,499][0m Trial 401 finished with value: 0.6685408894760345 and parameters: {'n_estimators': 737, 'min_samples_split': 0.009283217427025725, 'min_samples_leaf': 0.0430185122281145, 'min_weight_fraction_leaf': 0.008908608181644576, 'max_features': 0.1402754228609307, 'bootstrap': False, 'max_samples': 0.2083749390853167}. Best is trial 251 with value: 0.6908430332111252.[0m
[32m[I 2022-04-23 14:11:03,629][0m Trial 402 finished with value: 0.6815066274807624 and parameters: {'n_estimators': 810, 'min_samples_split': 0.019783881516696054, 'min_samples_leaf': 0.0011900567750748048, 'min_weight_fraction_leaf': 0.00017694709564711333, 'max_features': 0.1967176145093016, 'bootstrap': False, 'max_samples': 0.3528564910878276}. Best is trial 251 with value: 0.6908430332111252.[0m
[32m[I 2022-04-23 14:12:41,653][0m Trial 403 finished with value: 0.6804309807846343 and parameters: {'n_estimators': 261, 'min_samples_split': 0.001152084768360959, 'min_samples_leaf': 0.0015522514891743461, 'min_weight_fraction_leaf': 0.0086654848813771, 'max_features': 0.19460118426644213, 'bootstrap': False, 'max_samples': 0.35889806063737745}. Best is trial 251 with value: 0.6908430332111252.[0m
[32m[I 2022-04-23 14:16:13,285][0m Trial 404 finished with value: 0.6824126956686192 and parameters: {'n_estimators': 858, 'min_samples_split': 0.022561542938033585, 'min_samples_leaf': 0.011213622320900663, 'min_weight_fraction_leaf': 0.008581123895507421, 'max_features': 0.21333914071546073, 'bootstrap': False, 'max_samples': 0.3895650323169113}. Best is trial 251 with value: 0.6908430332111252.[0m
[32m[I 2022-04-23 14:18:54,360][0m Trial 405 finished with value: 0.6715392633141832 and parameters: {'n_estimators': 892, 'min_samples_split': 0.04034561209628598, 'min_samples_leaf': 0.010987906483289732, 'min_weight_fraction_leaf': 0.03098898116648574, 'max_features': 0.2126482041073901, 'bootstrap': False, 'max_samples': 0.4410370316478161}. Best is trial 251 with value: 0.6908430332111252.[0m
[32m[I 2022-04-23 14:28:16,302][0m Trial 406 finished with value: 0.6798390898168846 and parameters: {'n_estimators': 902, 'min_samples_split': 0.027953112059307866, 'min_samples_leaf': 0.0015543338798348868, 'min_weight_fraction_leaf': 9.408744730100111e-05, 'max_features': 0.19089442161989534, 'bootstrap': False, 'max_samples': 0.39892549534632243}. Best is trial 251 with value: 0.6908430332111252.[0m
[32m[I 2022-04-23 14:32:08,534][0m Trial 407 finished with value: 0.6820603726813017 and parameters: {'n_estimators': 844, 'min_samples_split': 0.021027585609168998, 'min_samples_leaf': 0.01033470589898215, 'min_weight_fraction_leaf': 3.125819442246656e-05, 'max_features': 0.22373324409628692, 'bootstrap': False, 'max_samples': 0.3770510321730748}. Best is trial 251 with value: 0.6908430332111252.[0m
[32m[I 2022-04-23 14:32:45,910][0m Trial 408 finished with value: 0.6614727226370147 and parameters: {'n_estimators': 840, 'min_samples_split': 0.04753418297721618, 'min_samples_leaf': 0.023525931843446604, 'min_weight_fraction_leaf': 0.018065443545976934, 'max_features': 0.21960715548767282, 'bootstrap': True, 'max_samples': 0.38645343940563986, 'oob_score': False}. Best is trial 251 with value: 0.6908430332111252.[0m
[32m[I 2022-04-23 14:36:31,376][0m Trial 409 finished with value: 0.6793469893064105 and parameters: {'n_estimators': 877, 'min_samples_split': 0.031224529498356995, 'min_samples_leaf': 0.010244819271242878, 'min_weight_fraction_leaf': 0.016546376515861088, 'max_features': 0.20967138683382225, 'bootstrap': False, 'max_samples': 0.4267412290951459}. Best is trial 251 with value: 0.6908430332111252.[0m
[32m[I 2022-04-23 14:38:19,888][0m Trial 410 finished with value: 0.6799610606541242 and parameters: {'n_estimators': 360, 'min_samples_split': 0.020744921243274407, 'min_samples_leaf': 0.010241567168683439, 'min_weight_fraction_leaf': 0.0083837757579191, 'max_features': 0.1949039497143268, 'bootstrap': False, 'max_samples': 0.41550271480261725}. Best is trial 251 with value: 0.6908430332111252.[0m
[32m[I 2022-04-23 14:40:21,218][0m Trial 411 finished with value: 0.6734607955618566 and parameters: {'n_estimators': 860, 'min_samples_split': 0.018021640648464475, 'min_samples_leaf': 0.02284209922023834, 'min_weight_fraction_leaf': 0.025155584133223417, 'max_features': 0.1829329524366364, 'bootstrap': False, 'max_samples': 0.3768270440068447}. Best is trial 251 with value: 0.6908430332111252.[0m
[32m[I 2022-04-23 14:42:17,551][0m Trial 412 finished with value: 0.6747885468627516 and parameters: {'n_estimators': 827, 'min_samples_split': 0.035315014051195526, 'min_samples_leaf': 0.033298837132819364, 'min_weight_fraction_leaf': 4.338223800357324e-05, 'max_features': 0.23461399298352809, 'bootstrap': False, 'max_samples': 0.3742974937586795}. Best is trial 251 with value: 0.6908430332111252.[0m
[32m[I 2022-04-23 15:02:29,825][0m Trial 413 finished with value: 0.6484215156288008 and parameters: {'n_estimators': 915, 'min_samples_split': 0.025743065117999876, 'min_samples_leaf': 0.0016817162534923371, 'min_weight_fraction_leaf': 0.017401695880569834, 'max_features': 0.8770397144888871, 'bootstrap': False, 'max_samples': 0.3946384926146315}. Best is trial 251 with value: 0.6908430332111252.[0m
[32m[I 2022-04-23 15:03:28,901][0m Trial 414 finished with value: 0.659344845791973 and parameters: {'n_estimators': 812, 'min_samples_split': 0.4193364031659279, 'min_samples_leaf': 0.017600267457005117, 'min_weight_fraction_leaf': 0.04484751115739072, 'max_features': 0.21411789355639174, 'bootstrap': False, 'max_samples': 0.35720930117789856}. Best is trial 251 with value: 0.6908430332111252.[0m
[32m[I 2022-04-23 15:07:18,476][0m Trial 415 finished with value: 0.6776286711650537 and parameters: {'n_estimators': 855, 'min_samples_split': 0.04537646091870507, 'min_samples_leaf': 0.0014860640852195992, 'min_weight_fraction_leaf': 0.011606869146687496, 'max_features': 0.1751720112043995, 'bootstrap': False, 'max_samples': 0.3390400192619802}. Best is trial 251 with value: 0.6908430332111252.[0m
[32m[I 2022-04-23 15:11:08,266][0m Trial 416 finished with value: 0.6809121112208469 and parameters: {'n_estimators': 906, 'min_samples_split': 0.011970558388921877, 'min_samples_leaf': 0.010511655553616885, 'min_weight_fraction_leaf': 9.899172452991489e-05, 'max_features': 0.20242250541620482, 'bootstrap': False, 'max_samples': 0.3692973576402813}. Best is trial 251 with value: 0.6908430332111252.[0m
[32m[I 2022-04-23 15:13:39,868][0m Trial 417 finished with value: 0.6729885959243425 and parameters: {'n_estimators': 847, 'min_samples_split': 0.01900205585359082, 'min_samples_leaf': 0.0010033400716514037, 'min_weight_fraction_leaf': 0.032853012113410275, 'max_features': 0.16950707165772166, 'bootstrap': False, 'max_samples': 0.40815711791470877}. Best is trial 251 with value: 0.6908430332111252.[0m
[32m[I 2022-04-23 15:15:48,523][0m Trial 418 finished with value: 0.6757325336769852 and parameters: {'n_estimators': 808, 'min_samples_split': 0.028536427126957052, 'min_samples_leaf': 0.025365762279583554, 'min_weight_fraction_leaf': 0.009063044730787473, 'max_features': 0.22625771879333645, 'bootstrap': False, 'max_samples': 0.33456194694623353}. Best is trial 251 with value: 0.6908430332111252.[0m
[32m[I 2022-04-23 15:16:39,049][0m Trial 419 finished with value: 0.6530898578702665 and parameters: {'n_estimators': 814, 'min_samples_split': 0.001081698232595929, 'min_samples_leaf': 0.01638018267964982, 'min_weight_fraction_leaf': 0.1035603689487713, 'max_features': 0.15654301297390655, 'bootstrap': False, 'max_samples': 0.3838632331842253}. Best is trial 251 with value: 0.6908430332111252.[0m
[32m[I 2022-04-23 15:20:27,465][0m Trial 420 finished with value: 0.679762483524286 and parameters: {'n_estimators': 873, 'min_samples_split': 0.01577898414638782, 'min_samples_leaf': 0.0112864991035915, 'min_weight_fraction_leaf': 0.01932462820894512, 'max_features': 0.24412314705711333, 'bootstrap': False, 'max_samples': 0.35494093324853215}. Best is trial 251 with value: 0.6908430332111252.[0m
[32m[I 2022-04-23 15:22:26,853][0m Trial 421 finished with value: 0.6752214068924908 and parameters: {'n_estimators': 920, 'min_samples_split': 0.009960192544066404, 'min_samples_leaf': 0.02694296721039588, 'min_weight_fraction_leaf': 0.009256285118784405, 'max_features': 0.1819269300785557, 'bootstrap': False, 'max_samples': 0.31561296900895847}. Best is trial 251 with value: 0.6908430332111252.[0m
[32m[I 2022-04-23 15:23:54,209][0m Trial 422 finished with value: 0.6695052608898888 and parameters: {'n_estimators': 848, 'min_samples_split': 0.03689206943532376, 'min_samples_leaf': 0.038227172484770436, 'min_weight_fraction_leaf': 0.024620566978089977, 'max_features': 0.2026289412997638, 'bootstrap': False, 'max_samples': 0.17801217570037317}. Best is trial 251 with value: 0.6908430332111252.[0m
[32m[I 2022-04-23 15:27:35,705][0m Trial 423 finished with value: 0.6828249528425128 and parameters: {'n_estimators': 807, 'min_samples_split': 0.001312563294435706, 'min_samples_leaf': 0.0013020306635302334, 'min_weight_fraction_leaf': 1.3256482729890034e-05, 'max_features': 0.05570093235095604, 'bootstrap': False, 'max_samples': 0.22961608447815904}. Best is trial 251 with value: 0.6908430332111252.[0m
[32m[I 2022-04-23 15:29:24,689][0m Trial 424 finished with value: 0.676109132301594 and parameters: {'n_estimators': 797, 'min_samples_split': 0.001657531328098233, 'min_samples_leaf': 0.008943410726473984, 'min_weight_fraction_leaf': 0.009644707472836671, 'max_features': 0.07855480310553237, 'bootstrap': False, 'max_samples': 0.22246669598519236}. Best is trial 251 with value: 0.6908430332111252.[0m
[32m[I 2022-04-23 15:29:44,317][0m Trial 425 finished with value: 0.668562477994067 and parameters: {'n_estimators': 779, 'min_samples_split': 0.25342774049940725, 'min_samples_leaf': 0.0011012502718866998, 'min_weight_fraction_leaf': 0.00027838234087916244, 'max_features': 0.0188840542282954, 'bootstrap': False, 'max_samples': 0.20676498029489146}. Best is trial 251 with value: 0.6908430332111252.[0m
[32m[I 2022-04-23 15:30:23,373][0m Trial 426 finished with value: 0.6739090287811572 and parameters: {'n_estimators': 767, 'min_samples_split': 0.022524240653751366, 'min_samples_leaf': 0.018632716430195657, 'min_weight_fraction_leaf': 0.015303017794965307, 'max_features': 0.05344553755776532, 'bootstrap': False, 'max_samples': 0.23195171725195657}. Best is trial 251 with value: 0.6908430332111252.[0m
[32m[I 2022-04-23 15:30:26,896][0m Trial 427 finished with value: 0.5673641187407179 and parameters: {'n_estimators': 410, 'min_samples_split': 0.015292131370720819, 'min_samples_leaf': 0.0014262039713974582, 'min_weight_fraction_leaf': 0.14004705874411194, 'max_features': 0.061121846985596584, 'bootstrap': True, 'max_samples': 0.3616301863835009, 'oob_score': False}. Best is trial 251 with value: 0.6908430332111252.[0m
[32m[I 2022-04-23 15:30:34,350][0m Trial 428 finished with value: 0.5866465451876295 and parameters: {'n_estimators': 812, 'min_samples_split': 0.010083139023773297, 'min_samples_leaf': 0.01043207511620992, 'min_weight_fraction_leaf': 0.2859027265324464, 'max_features': 0.04001198852671641, 'bootstrap': False, 'max_samples': 0.38660261980642324}. Best is trial 251 with value: 0.6908430332111252.[0m
[32m[I 2022-04-23 15:30:40,464][0m Trial 429 finished with value: 0.6308429374023387 and parameters: {'n_estimators': 743, 'min_samples_split': 0.0010943661262564769, 'min_samples_leaf': 0.1264492919255247, 'min_weight_fraction_leaf': 0.037683165327044535, 'max_features': 0.029594523932042927, 'bootstrap': False, 'max_samples': 0.34412470679551665}. Best is trial 251 with value: 0.6908430332111252.[0m
[32m[I 2022-04-23 15:31:40,336][0m Trial 430 finished with value: 0.6748198871826496 and parameters: {'n_estimators': 823, 'min_samples_split': 0.027114484838834954, 'min_samples_leaf': 0.02213462303109052, 'min_weight_fraction_leaf': 0.02466463870378672, 'max_features': 0.100934108342603, 'bootstrap': False, 'max_samples': 0.3308679559478529}. Best is trial 251 with value: 0.6908430332111252.[0m
[32m[I 2022-04-23 15:33:13,499][0m Trial 431 finished with value: 0.673444735743526 and parameters: {'n_estimators': 664, 'min_samples_split': 0.01704690603210819, 'min_samples_leaf': 0.0012325908341865894, 'min_weight_fraction_leaf': 0.009066929434283999, 'max_features': 0.06720859581027833, 'bootstrap': False, 'max_samples': 0.36700995106234563}. Best is trial 251 with value: 0.6908430332111252.[0m
[32m[I 2022-04-23 15:33:53,551][0m Trial 432 finished with value: 0.6604491918012879 and parameters: {'n_estimators': 616, 'min_samples_split': 0.0323162769737166, 'min_samples_leaf': 0.011195151891932667, 'min_weight_fraction_leaf': 0.09130812649231905, 'max_features': 0.1498718311571097, 'bootstrap': False, 'max_samples': 0.4027288824346335}. Best is trial 251 with value: 0.6908430332111252.[0m
[32m[I 2022-04-23 15:34:32,466][0m Trial 433 finished with value: 0.6702163670713663 and parameters: {'n_estimators': 775, 'min_samples_split': 0.217164901969002, 'min_samples_leaf': 0.02162478304851064, 'min_weight_fraction_leaf': 0.0004759837741309093, 'max_features': 0.08370883030504915, 'bootstrap': False, 'max_samples': 0.3455673383016955}. Best is trial 251 with value: 0.6908430332111252.[0m
[32m[I 2022-04-23 15:37:41,911][0m Trial 434 finished with value: 0.6825823698526433 and parameters: {'n_estimators': 721, 'min_samples_split': 0.010363724780604551, 'min_samples_leaf': 0.010980710749980548, 'min_weight_fraction_leaf': 0.016558299806413157, 'max_features': 0.22756251496569863, 'bootstrap': False, 'max_samples': 0.24851723533105444}. Best is trial 251 with value: 0.6908430332111252.[0m
[32m[I 2022-04-23 15:40:36,734][0m Trial 435 finished with value: 0.6744215207481042 and parameters: {'n_estimators': 721, 'min_samples_split': 0.0013630313840023122, 'min_samples_leaf': 0.0011341719736333864, 'min_weight_fraction_leaf': 0.029351631431910073, 'max_features': 0.21804613061998493, 'bootstrap': False, 'max_samples': 0.24618748692564418}. Best is trial 251 with value: 0.6908430332111252.[0m
[32m[I 2022-04-23 15:43:06,423][0m Trial 436 finished with value: 0.6798568802888485 and parameters: {'n_estimators': 684, 'min_samples_split': 0.010836028117762676, 'min_samples_leaf': 0.009541790973721863, 'min_weight_fraction_leaf': 0.018541054111043363, 'max_features': 0.18727889874504028, 'bootstrap': False, 'max_samples': 0.25269827698329816}. Best is trial 251 with value: 0.6908430332111252.[0m
[32m[I 2022-04-23 15:44:55,758][0m Trial 437 finished with value: 0.6740196541725321 and parameters: {'n_estimators': 719, 'min_samples_split': 0.02027069063415831, 'min_samples_leaf': 0.01882658795268419, 'min_weight_fraction_leaf': 7.695501513035365e-06, 'max_features': 0.16992585441610605, 'bootstrap': False, 'max_samples': 0.23340315167364484}. Best is trial 251 with value: 0.6908430332111252.[0m
[32m[I 2022-04-23 15:45:56,633][0m Trial 438 finished with value: 0.6723187978588021 and parameters: {'n_estimators': 745, 'min_samples_split': 0.001015150476843891, 'min_samples_leaf': 0.028447675384672626, 'min_weight_fraction_leaf': 0.016878664139035826, 'max_features': 0.11404683192498978, 'bootstrap': False, 'max_samples': 0.27530489320200485}. Best is trial 251 with value: 0.6908430332111252.[0m
[32m[I 2022-04-23 15:49:50,529][0m Trial 439 finished with value: 0.6795557884687884 and parameters: {'n_estimators': 644, 'min_samples_split': 0.016048914892635362, 'min_samples_leaf': 0.009132310093774314, 'min_weight_fraction_leaf': 0.009931874930529161, 'max_features': 0.2253154337427336, 'bootstrap': False, 'max_samples': 0.20464525740045825}. Best is trial 251 with value: 0.6908430332111252.[0m
[32m[I 2022-04-23 15:50:00,774][0m Trial 440 finished with value: 0.6273738842884609 and parameters: {'n_estimators': 695, 'min_samples_split': 0.024842334527476154, 'min_samples_leaf': 0.1942311783607208, 'min_weight_fraction_leaf': 0.025202374926350118, 'max_features': 0.14116598351559154, 'bootstrap': False, 'max_samples': 0.18365001132055345}. Best is trial 251 with value: 0.6908430332111252.[0m
[32m[I 2022-04-23 15:51:42,411][0m Trial 441 finished with value: 0.6696682180345489 and parameters: {'n_estimators': 770, 'min_samples_split': 0.009881835353304723, 'min_samples_leaf': 0.016442715651244354, 'min_weight_fraction_leaf': 0.03966152259774344, 'max_features': 0.2000933807380117, 'bootstrap': False, 'max_samples': 0.22315130069378708}. Best is trial 251 with value: 0.6908430332111252.[0m
