[32m[I 2022-04-21 11:48:55,757][0m Trial 162 finished with value: 0.8427903724166675 and parameters: {'n_estimators': 514, 'min_samples_split': 0.19820820368809616, 'min_samples_leaf': 0.14818271517858372, 'min_weight_fraction_leaf': 0.17583859733285773, 'max_features': 0.09516460765476252, 'bootstrap': False, 'max_samples': 0.6723320420942932}. Best is trial 50 with value: 0.8427903724166675.[0m
[32m[I 2022-04-21 11:49:01,090][0m Trial 163 finished with value: 0.8426442432752064 and parameters: {'n_estimators': 539, 'min_samples_split': 0.2230537176840709, 'min_samples_leaf': 0.18976687370339282, 'min_weight_fraction_leaf': 0.149797938082838, 'max_features': 0.1501424212487077, 'bootstrap': False, 'max_samples': 0.51095529674186}. Best is trial 50 with value: 0.8427903724166675.[0m
[32m[I 2022-04-21 11:49:06,748][0m Trial 164 finished with value: 0.8423083212244602 and parameters: {'n_estimators': 508, 'min_samples_split': 0.24295309700418288, 'min_samples_leaf': 0.17107298892047657, 'min_weight_fraction_leaf': 0.15717354290101526, 'max_features': 0.10187876069482397, 'bootstrap': False, 'max_samples': 0.48574010580444715}. Best is trial 50 with value: 0.8427903724166675.[0m
[32m[I 2022-04-21 11:49:11,449][0m Trial 165 finished with value: 0.839201170342092 and parameters: {'n_estimators': 360, 'min_samples_split': 0.17716291861194794, 'min_samples_leaf': 0.12898592943847273, 'min_weight_fraction_leaf': 0.16243143087342027, 'max_features': 0.05315619614755497, 'bootstrap': False, 'max_samples': 0.8009676315078819}. Best is trial 50 with value: 0.8427903724166675.[0m
[32m[I 2022-04-21 11:49:16,005][0m Trial 166 finished with value: 0.8426442432752064 and parameters: {'n_estimators': 331, 'min_samples_split': 0.1909934323921647, 'min_samples_leaf': 0.16045258279630611, 'min_weight_fraction_leaf': 0.1923297545867135, 'max_features': 0.02155731633788456, 'bootstrap': False, 'max_samples': 0.44194573827342626}. Best is trial 50 with value: 0.8427903724166675.[0m
[32m[I 2022-04-21 11:49:19,604][0m Trial 167 finished with value: 0.8427903724166675 and parameters: {'n_estimators': 239, 'min_samples_split': 0.25383477555738704, 'min_samples_leaf': 0.17533535758012847, 'min_weight_fraction_leaf': 0.17378505811667375, 'max_features': 0.08005827700472544, 'bootstrap': False, 'max_samples': 0.4632562556409946}. Best is trial 50 with value: 0.8427903724166675.[0m
[32m[I 2022-04-21 11:49:23,028][0m Trial 168 finished with value: 0.8426442432752064 and parameters: {'n_estimators': 236, 'min_samples_split': 0.2562425039277231, 'min_samples_leaf': 0.20595420848847418, 'min_weight_fraction_leaf': 0.05108124513637538, 'max_features': 0.4239262234838852, 'bootstrap': False, 'max_samples': 0.453766341107735}. Best is trial 50 with value: 0.8427903724166675.[0m
[32m[I 2022-04-21 11:49:26,253][0m Trial 169 finished with value: 0.8426442432752064 and parameters: {'n_estimators': 218, 'min_samples_split': 0.230888224656584, 'min_samples_leaf': 0.1860707466357477, 'min_weight_fraction_leaf': 0.2040739886327648, 'max_features': 0.08124816667088126, 'bootstrap': False, 'max_samples': 0.4716860175603193}. Best is trial 50 with value: 0.8427903724166675.[0m
[32m[I 2022-04-21 11:49:29,705][0m Trial 170 finished with value: 0.8426442432752064 and parameters: {'n_estimators': 286, 'min_samples_split': 0.21361774706053002, 'min_samples_leaf': 0.17537488369138463, 'min_weight_fraction_leaf': 0.18086158478437342, 'max_features': 0.1276201558165654, 'bootstrap': False, 'max_samples': 0.4298928145272917}. Best is trial 50 with value: 0.8427903724166675.[0m
[32m[I 2022-04-21 11:49:33,423][0m Trial 171 finished with value: 0.8423083212244602 and parameters: {'n_estimators': 262, 'min_samples_split': 0.29436455114829246, 'min_samples_leaf': 0.16423441749650544, 'min_weight_fraction_leaf': 0.17002041312965108, 'max_features': 0.1290102812522268, 'bootstrap': False, 'max_samples': 0.5903527695281364}. Best is trial 50 with value: 0.8427903724166675.[0m
[32m[I 2022-04-21 11:49:37,760][0m Trial 172 finished with value: 0.8381885072369828 and parameters: {'n_estimators': 344, 'min_samples_split': 0.20157347945205306, 'min_samples_leaf': 0.1443830036524696, 'min_weight_fraction_leaf': 0.15842465948088122, 'max_features': 0.11340926806528501, 'bootstrap': False, 'max_samples': 0.6877905299664431}. Best is trial 50 with value: 0.8427903724166675.[0m
[32m[I 2022-04-21 11:49:41,605][0m Trial 173 finished with value: 0.8426442432752064 and parameters: {'n_estimators': 297, 'min_samples_split': 0.3177540923144742, 'min_samples_leaf': 0.13650990931873605, 'min_weight_fraction_leaf': 0.18905003123532008, 'max_features': 0.08640364992919676, 'bootstrap': False, 'max_samples': 0.6555348657834809}. Best is trial 50 with value: 0.8427903724166675.[0m
[32m[I 2022-04-21 11:49:46,124][0m Trial 174 finished with value: 0.8427903724166675 and parameters: {'n_estimators': 400, 'min_samples_split': 0.21631053089328556, 'min_samples_leaf': 0.180443867224387, 'min_weight_fraction_leaf': 0.1700357963297802, 'max_features': 0.039468263369110794, 'bootstrap': False, 'max_samples': 0.4106481409000485}. Best is trial 50 with value: 0.8427903724166675.[0m
[32m[I 2022-04-21 11:49:50,561][0m Trial 175 finished with value: 0.8426442432752064 and parameters: {'n_estimators': 412, 'min_samples_split': 0.21901310118764714, 'min_samples_leaf': 0.19401806053573722, 'min_weight_fraction_leaf': 0.14416792918619437, 'max_features': 0.0032469814973323657, 'bootstrap': False, 'max_samples': 0.3665655570772525}. Best is trial 50 with value: 0.8427903724166675.[0m
[32m[I 2022-04-21 11:49:56,978][0m Trial 176 finished with value: 0.8427903724166675 and parameters: {'n_estimators': 683, 'min_samples_split': 0.303495237756623, 'min_samples_leaf': 0.1791671420031508, 'min_weight_fraction_leaf': 0.12025684975432274, 'max_features': 0.1825711517837838, 'bootstrap': False, 'max_samples': 0.4014812544382296}. Best is trial 50 with value: 0.8427903724166675.[0m
[32m[I 2022-04-21 11:50:04,125][0m Trial 177 finished with value: 0.8426442432752064 and parameters: {'n_estimators': 768, 'min_samples_split': 0.3035682375828832, 'min_samples_leaf': 0.21465617310307422, 'min_weight_fraction_leaf': 0.12123193432550783, 'max_features': 0.21512568820991673, 'bootstrap': False, 'max_samples': 0.4050728243976853}. Best is trial 50 with value: 0.8427903724166675.[0m
[32m[I 2022-04-21 11:50:10,316][0m Trial 178 finished with value: 0.8426442432752064 and parameters: {'n_estimators': 610, 'min_samples_split': 0.3341548458867215, 'min_samples_leaf': 0.14756005030534902, 'min_weight_fraction_leaf': 0.19716936480345632, 'max_features': 0.16167568790612027, 'bootstrap': False, 'max_samples': 0.6679251369010454}. Best is trial 50 with value: 0.8427903724166675.[0m
[32m[I 2022-04-21 11:50:16,081][0m Trial 179 finished with value: 0.7342953809553551 and parameters: {'n_estimators': 365, 'min_samples_split': 0.18519883616361932, 'min_samples_leaf': 0.15606686048797133, 'min_weight_fraction_leaf': 0.1519281622947178, 'max_features': 0.06594528392097079, 'bootstrap': True, 'max_samples': 0.6293652014056089, 'oob_score': True}. Best is trial 50 with value: 0.8427903724166675.[0m
[32m[I 2022-04-21 11:50:22,220][0m Trial 180 finished with value: 0.8423083212244602 and parameters: {'n_estimators': 735, 'min_samples_split': 0.20167880814241548, 'min_samples_leaf': 0.16830238306797746, 'min_weight_fraction_leaf': 0.1717459462422609, 'max_features': 0.06195456954896084, 'bootstrap': False, 'max_samples': 0.4971066603009341}. Best is trial 50 with value: 0.8427903724166675.[0m
[32m[I 2022-04-21 11:50:25,810][0m Trial 181 finished with value: 0.8426442432752064 and parameters: {'n_estimators': 337, 'min_samples_split': 0.15010189071408014, 'min_samples_leaf': 0.18550832705364237, 'min_weight_fraction_leaf': 0.011888958532200407, 'max_features': 0.04553602786357637, 'bootstrap': False, 'max_samples': 0.43161484914359144}. Best is trial 50 with value: 0.8427903724166675.[0m
[32m[I 2022-04-21 11:50:29,676][0m Trial 182 finished with value: 0.8427903724166675 and parameters: {'n_estimators': 305, 'min_samples_split': 0.1690101739199183, 'min_samples_leaf': 0.15117314435885876, 'min_weight_fraction_leaf': 0.17699116417067173, 'max_features': 0.0336706063823366, 'bootstrap': False, 'max_samples': 0.6739614395610538}. Best is trial 50 with value: 0.8427903724166675.[0m
[32m[I 2022-04-21 11:50:33,905][0m Trial 183 finished with value: 0.8426442432752064 and parameters: {'n_estimators': 388, 'min_samples_split': 0.1633293180583037, 'min_samples_leaf': 0.16521082140517543, 'min_weight_fraction_leaf': 0.18338014272896203, 'max_features': 0.04835544641383225, 'bootstrap': False, 'max_samples': 0.7148472593234738}. Best is trial 50 with value: 0.8427903724166675.[0m
[32m[I 2022-04-21 11:50:37,549][0m Trial 184 finished with value: 0.839201170342092 and parameters: {'n_estimators': 314, 'min_samples_split': 0.17112918320968004, 'min_samples_leaf': 0.1558621727485973, 'min_weight_fraction_leaf': 0.1600019589280237, 'max_features': 0.01481243654109399, 'bootstrap': False, 'max_samples': 0.6119906587182359}. Best is trial 50 with value: 0.8427903724166675.[0m
[32m[I 2022-04-21 11:50:41,346][0m Trial 185 finished with value: 0.8426442432752064 and parameters: {'n_estimators': 276, 'min_samples_split': 0.13568313649308908, 'min_samples_leaf': 0.19039141453928704, 'min_weight_fraction_leaf': 0.18039491830948604, 'max_features': 0.0008011359306727556, 'bootstrap': False, 'max_samples': 0.3817513627208904}. Best is trial 50 with value: 0.8427903724166675.[0m
[32m[I 2022-04-21 11:50:47,277][0m Trial 186 finished with value: 0.8427903724166675 and parameters: {'n_estimators': 680, 'min_samples_split': 0.2669254343711991, 'min_samples_leaf': 0.17758493064325773, 'min_weight_fraction_leaf': 0.1370476084206492, 'max_features': 0.08887372654471523, 'bootstrap': False, 'max_samples': 0.41309995293079455}. Best is trial 50 with value: 0.8427903724166675.[0m
[32m[I 2022-04-21 11:50:51,614][0m Trial 187 finished with value: 0.8426442432752064 and parameters: {'n_estimators': 352, 'min_samples_split': 0.22996038480741815, 'min_samples_leaf': 0.17019866162791367, 'min_weight_fraction_leaf': 0.19586833585761, 'max_features': 0.036291938748913, 'bootstrap': False, 'max_samples': 0.5283727566720259}. Best is trial 50 with value: 0.8427903724166675.[0m
[32m[I 2022-04-21 11:50:56,105][0m Trial 188 finished with value: 0.8345133028238655 and parameters: {'n_estimators': 399, 'min_samples_split': 0.19560095960868118, 'min_samples_leaf': 0.12073035022886769, 'min_weight_fraction_leaf': 0.12774542786887158, 'max_features': 0.027421988149863272, 'bootstrap': False, 'max_samples': 0.44634331774834796}. Best is trial 50 with value: 0.8427903724166675.[0m
[32m[I 2022-04-21 11:51:03,268][0m Trial 189 finished with value: 0.8421627375642503 and parameters: {'n_estimators': 926, 'min_samples_split': 0.2923857480896659, 'min_samples_leaf': 0.14760278756085413, 'min_weight_fraction_leaf': 0.17339587069391402, 'max_features': 0.14185823172114267, 'bootstrap': False, 'max_samples': 0.35883285350092337}. Best is trial 50 with value: 0.8427903724166675.[0m
[32m[I 2022-04-21 11:51:07,755][0m Trial 190 finished with value: 0.8426442432752064 and parameters: {'n_estimators': 456, 'min_samples_split': 0.20735265392434793, 'min_samples_leaf': 0.11291538852879573, 'min_weight_fraction_leaf': 0.2207535898013666, 'max_features': 0.06767060210873302, 'bootstrap': False, 'max_samples': 0.6464548964180942}. Best is trial 50 with value: 0.8427903724166675.[0m
[32m[I 2022-04-21 11:51:13,557][0m Trial 191 finished with value: 0.8426442432752064 and parameters: {'n_estimators': 601, 'min_samples_split': 0.30659706943614884, 'min_samples_leaf': 0.18110790955044787, 'min_weight_fraction_leaf': 0.16415135301111966, 'max_features': 0.10775631429944797, 'bootstrap': False, 'max_samples': 0.3911605742202633}. Best is trial 50 with value: 0.8427903724166675.[0m
[32m[I 2022-04-21 11:51:18,142][0m Trial 192 finished with value: 0.65 and parameters: {'n_estimators': 420, 'min_samples_split': 0.2866792866930531, 'min_samples_leaf': 0.19784935688713717, 'min_weight_fraction_leaf': 0.4959811095098752, 'max_features': 0.08784639263148522, 'bootstrap': False, 'max_samples': 0.4074829419959354}. Best is trial 50 with value: 0.8427903724166675.[0m
[32m[I 2022-04-21 11:51:23,995][0m Trial 193 finished with value: 0.8381885072369828 and parameters: {'n_estimators': 689, 'min_samples_split': 0.27616862013144805, 'min_samples_leaf': 0.15859142606882687, 'min_weight_fraction_leaf': 0.14405095998748174, 'max_features': 0.1847671022649537, 'bootstrap': False, 'max_samples': 0.668903956268916}. Best is trial 50 with value: 0.8427903724166675.[0m
[32m[I 2022-04-21 11:51:27,745][0m Trial 194 finished with value: 0.8423083212244602 and parameters: {'n_estimators': 244, 'min_samples_split': 0.15587106521594205, 'min_samples_leaf': 0.13941120777903834, 'min_weight_fraction_leaf': 0.16926492331152038, 'max_features': 0.17891326574292718, 'bootstrap': False, 'max_samples': 0.71958699957276}. Best is trial 50 with value: 0.8427903724166675.[0m
[32m[I 2022-04-21 11:51:31,780][0m Trial 195 finished with value: 0.8426442432752064 and parameters: {'n_estimators': 382, 'min_samples_split': 0.2171241718795628, 'min_samples_leaf': 0.18071884819054693, 'min_weight_fraction_leaf': 0.15501725881051565, 'max_features': 0.05900123756837161, 'bootstrap': False, 'max_samples': 0.46188886654572386}. Best is trial 50 with value: 0.8427903724166675.[0m
[32m[I 2022-04-21 11:51:36,489][0m Trial 196 finished with value: 0.839201170342092 and parameters: {'n_estimators': 368, 'min_samples_split': 0.18909964747448016, 'min_samples_leaf': 0.1641788617802015, 'min_weight_fraction_leaf': 0.16494817613229307, 'max_features': 0.04635353341791601, 'bootstrap': False, 'max_samples': 0.4286273596723852}. Best is trial 50 with value: 0.8427903724166675.[0m
[32m[I 2022-04-21 11:51:39,664][0m Trial 197 finished with value: 0.8426442432752064 and parameters: {'n_estimators': 225, 'min_samples_split': 0.31992429412055545, 'min_samples_leaf': 0.09937467469327996, 'min_weight_fraction_leaf': 0.18380398868967082, 'max_features': 0.12260657760683896, 'bootstrap': False, 'max_samples': 0.6071786677392071}. Best is trial 50 with value: 0.8427903724166675.[0m
[32m[I 2022-04-21 11:51:44,596][0m Trial 198 finished with value: 0.8427903724166675 and parameters: {'n_estimators': 488, 'min_samples_split': 0.20287910968466316, 'min_samples_leaf': 0.15236667016546296, 'min_weight_fraction_leaf': 0.17617063596553897, 'max_features': 0.07633517109877172, 'bootstrap': False, 'max_samples': 0.6280588713363834}. Best is trial 50 with value: 0.8427903724166675.[0m
[32m[I 2022-04-21 11:51:48,725][0m Trial 199 finished with value: 0.8427903724166675 and parameters: {'n_estimators': 326, 'min_samples_split': 0.2239653724015553, 'min_samples_leaf': 0.17405521167517188, 'min_weight_fraction_leaf': 0.07103025057838057, 'max_features': 0.05666798543901572, 'bootstrap': False, 'max_samples': 0.47940319143166465}. Best is trial 50 with value: 0.8427903724166675.[0m
[32m[I 2022-04-21 11:51:51,995][0m Trial 200 finished with value: 0.8407610460403376 and parameters: {'n_estimators': 184, 'min_samples_split': 0.20860120104203017, 'min_samples_leaf': 0.2000996541334299, 'min_weight_fraction_leaf': 0.042602311695506725, 'max_features': 0.6917032132221939, 'bootstrap': False, 'max_samples': 0.6228916687168271}. Best is trial 50 with value: 0.8427903724166675.[0m
[32m[I 2022-04-21 11:51:57,489][0m Trial 201 finished with value: 0.8423083212244602 and parameters: {'n_estimators': 636, 'min_samples_split': 0.26821831264184326, 'min_samples_leaf': 0.1708812782844605, 'min_weight_fraction_leaf': 0.0842938793230335, 'max_features': 0.09028421585650534, 'bootstrap': False, 'max_samples': 0.4857554412644901}. Best is trial 50 with value: 0.8427903724166675.[0m
[32m[I 2022-04-21 11:52:03,434][0m Trial 202 finished with value: 0.8427903724166675 and parameters: {'n_estimators': 717, 'min_samples_split': 0.24835420032263641, 'min_samples_leaf': 0.1798971401028238, 'min_weight_fraction_leaf': 0.13585422450957713, 'max_features': 0.09328924229882081, 'bootstrap': False, 'max_samples': 0.41283196942466127}. Best is trial 50 with value: 0.8427903724166675.[0m
[32m[I 2022-04-21 11:52:07,473][0m Trial 203 finished with value: 0.8426442432752064 and parameters: {'n_estimators': 330, 'min_samples_split': 0.2243657338994053, 'min_samples_leaf': 0.1918788258498934, 'min_weight_fraction_leaf': 0.06619109227124306, 'max_features': 0.021107558767890465, 'bootstrap': False, 'max_samples': 0.4474157409933854}. Best is trial 50 with value: 0.8427903724166675.[0m
[32m[I 2022-04-21 11:52:11,557][0m Trial 204 finished with value: 0.8426442432752064 and parameters: {'n_estimators': 433, 'min_samples_split': 0.2347254444907759, 'min_samples_leaf': 0.1846030098537551, 'min_weight_fraction_leaf': 0.1534738925188822, 'max_features': 0.049396005014279626, 'bootstrap': False, 'max_samples': 0.6900785202998951}. Best is trial 50 with value: 0.8427903724166675.[0m
[32m[I 2022-04-21 11:52:18,461][0m Trial 205 finished with value: 0.8427903724166675 and parameters: {'n_estimators': 695, 'min_samples_split': 0.26351694584708774, 'min_samples_leaf': 0.17572894219728993, 'min_weight_fraction_leaf': 0.138021215261247, 'max_features': 0.1508105830319815, 'bootstrap': False, 'max_samples': 0.41202412542122785}. Best is trial 50 with value: 0.8427903724166675.[0m
[32m[I 2022-04-21 11:52:22,523][0m Trial 206 finished with value: 0.8427903724166675 and parameters: {'n_estimators': 300, 'min_samples_split': 0.2810818688280474, 'min_samples_leaf': 0.1761476446917956, 'min_weight_fraction_leaf': 0.11955996401890442, 'max_features': 0.15339567876737722, 'bootstrap': False, 'max_samples': 0.38108540503779537}. Best is trial 50 with value: 0.8427903724166675.[0m
[32m[I 2022-04-21 11:52:25,644][0m Trial 207 finished with value: 0.8426442432752064 and parameters: {'n_estimators': 209, 'min_samples_split': 0.2933412855149184, 'min_samples_leaf': 0.18997605950987922, 'min_weight_fraction_leaf': 0.0961779980493202, 'max_features': 0.14462978043456726, 'bootstrap': False, 'max_samples': 0.38007570961668535}. Best is trial 50 with value: 0.8427903724166675.[0m
[32m[I 2022-04-21 11:52:29,091][0m Trial 208 finished with value: 0.8385082943467893 and parameters: {'n_estimators': 301, 'min_samples_split': 0.27989818339710243, 'min_samples_leaf': 0.14787860023963298, 'min_weight_fraction_leaf': 0.10271913302038375, 'max_features': 0.038988048409778354, 'bootstrap': False, 'max_samples': 0.39520299243392115}. Best is trial 50 with value: 0.8427903724166675.[0m
[32m[I 2022-04-21 11:52:32,255][0m Trial 209 finished with value: 0.8426442432752064 and parameters: {'n_estimators': 232, 'min_samples_split': 0.30380912863698106, 'min_samples_leaf': 0.20230178206536373, 'min_weight_fraction_leaf': 0.16107701519353626, 'max_features': 0.22581190182550037, 'bootstrap': False, 'max_samples': 0.3382190113330602}. Best is trial 50 with value: 0.8427903724166675.[0m
[32m[I 2022-04-21 11:52:38,402][0m Trial 210 finished with value: 0.6887502176444992 and parameters: {'n_estimators': 343, 'min_samples_split': 0.1741415662837594, 'min_samples_leaf': 0.16254570162046056, 'min_weight_fraction_leaf': 0.1891182479827419, 'max_features': 0.02545866575263614, 'bootstrap': True, 'max_samples': 0.43320191131127145, 'oob_score': True}. Best is trial 50 with value: 0.8427903724166675.[0m
[32m[I 2022-04-21 11:52:43,323][0m Trial 211 finished with value: 0.8385082943467893 and parameters: {'n_estimators': 481, 'min_samples_split': 0.1641911724770137, 'min_samples_leaf': 0.15267685538868295, 'min_weight_fraction_leaf': 0.12256652204935678, 'max_features': 0.1531985800750057, 'bootstrap': False, 'max_samples': 0.6485145063523654}. Best is trial 50 with value: 0.8427903724166675.[0m
[32m[I 2022-04-21 11:52:49,401][0m Trial 212 finished with value: 0.8423083212244602 and parameters: {'n_estimators': 672, 'min_samples_split': 0.25431011342681004, 'min_samples_leaf': 0.16843430194932205, 'min_weight_fraction_leaf': 0.14792656835792345, 'max_features': 0.12166909116296626, 'bootstrap': False, 'max_samples': 0.6802096055106844}. Best is trial 50 with value: 0.8427903724166675.[0m
[32m[I 2022-04-21 11:52:53,197][0m Trial 213 finished with value: 0.839201170342092 and parameters: {'n_estimators': 322, 'min_samples_split': 0.31815813762648104, 'min_samples_leaf': 0.16529508990537956, 'min_weight_fraction_leaf': 0.07445347548013746, 'max_features': 0.10250234638079062, 'bootstrap': False, 'max_samples': 0.47904988985488817}. Best is trial 50 with value: 0.8427903724166675.[0m
[32m[I 2022-04-21 11:52:56,699][0m Trial 214 finished with value: 0.8427903724166675 and parameters: {'n_estimators': 270, 'min_samples_split': 0.2866811376452972, 'min_samples_leaf': 0.17850609891437164, 'min_weight_fraction_leaf': 0.02506459511875428, 'max_features': 0.20506205769579616, 'bootstrap': False, 'max_samples': 0.664685188304421}. Best is trial 50 with value: 0.8427903724166675.[0m
[32m[I 2022-04-21 11:52:59,901][0m Trial 215 finished with value: 0.8426442432752064 and parameters: {'n_estimators': 260, 'min_samples_split': 0.27137626779845214, 'min_samples_leaf': 0.18291832800305485, 'min_weight_fraction_leaf': 0.02454361231553716, 'max_features': 0.25230185682375045, 'bootstrap': False, 'max_samples': 0.432570829917146}. Best is trial 50 with value: 0.8427903724166675.[0m
