[32m[I 2022-04-21 12:53:44,543][0m Trial 117 finished with value: 0.6883148764278875 and parameters: {'n_estimators': 260, 'min_samples_split': 0.19261764425234273, 'min_samples_leaf': 0.07459189872260912, 'min_weight_fraction_leaf': 0.10054153885782517, 'max_features': 0.46525861689716774, 'bootstrap': True, 'max_samples': 0.5416651711738529, 'oob_score': True}. Best is trial 93 with value: 0.6918376911490542.[0m
[32m[I 2022-04-21 12:53:50,725][0m Trial 118 finished with value: 0.6903966065376598 and parameters: {'n_estimators': 352, 'min_samples_split': 0.1380168645002493, 'min_samples_leaf': 0.05138364773652205, 'min_weight_fraction_leaf': 0.09003694863908013, 'max_features': 0.5393440649512964, 'bootstrap': True, 'max_samples': 0.46221013839877595, 'oob_score': True}. Best is trial 93 with value: 0.6918376911490542.[0m
[32m[I 2022-04-21 12:53:56,514][0m Trial 119 finished with value: 0.5 and parameters: {'n_estimators': 350, 'min_samples_split': 0.13169691475104334, 'min_samples_leaf': 0.03578916100690928, 'min_weight_fraction_leaf': 0.3619306322308739, 'max_features': 0.3214599064551839, 'bootstrap': True, 'max_samples': 0.46233633952539993, 'oob_score': True}. Best is trial 93 with value: 0.6918376911490542.[0m
[32m[I 2022-04-21 12:54:00,068][0m Trial 120 finished with value: 0.5 and parameters: {'n_estimators': 334, 'min_samples_split': 0.25642397433253156, 'min_samples_leaf': 0.06404189747177769, 'min_weight_fraction_leaf': 0.41766119110868594, 'max_features': 0.53561143636318, 'bootstrap': False, 'max_samples': 0.38963080266779365}. Best is trial 93 with value: 0.6918376911490542.[0m
[32m[I 2022-04-21 12:54:06,741][0m Trial 121 finished with value: 0.6905663261753239 and parameters: {'n_estimators': 362, 'min_samples_split': 0.14232852242266208, 'min_samples_leaf': 0.048754867412640145, 'min_weight_fraction_leaf': 0.08650728589268167, 'max_features': 0.48592572474192713, 'bootstrap': True, 'max_samples': 0.4922648142948233, 'oob_score': True}. Best is trial 93 with value: 0.6918376911490542.[0m
[32m[I 2022-04-21 12:54:12,508][0m Trial 122 finished with value: 0.6903201973175024 and parameters: {'n_estimators': 364, 'min_samples_split': 0.08112778971420963, 'min_samples_leaf': 0.05439557717415478, 'min_weight_fraction_leaf': 0.06290995253858182, 'max_features': 0.5624494110748638, 'bootstrap': True, 'max_samples': 0.493697540499727, 'oob_score': True}. Best is trial 93 with value: 0.6918376911490542.[0m
[32m[I 2022-04-21 12:54:18,363][0m Trial 123 finished with value: 0.6868905529401542 and parameters: {'n_estimators': 363, 'min_samples_split': 0.14198682888781897, 'min_samples_leaf': 0.05333662119097887, 'min_weight_fraction_leaf': 0.09094573820585822, 'max_features': 0.5910641934830396, 'bootstrap': True, 'max_samples': 0.49320725237857344, 'oob_score': True}. Best is trial 93 with value: 0.6918376911490542.[0m
[32m[I 2022-04-21 12:54:23,723][0m Trial 124 finished with value: 0.6870650650378203 and parameters: {'n_estimators': 293, 'min_samples_split': 0.15811425546259367, 'min_samples_leaf': 0.021952510156858035, 'min_weight_fraction_leaf': 0.0592938223176413, 'max_features': 0.568992350079332, 'bootstrap': True, 'max_samples': 0.5096332444222081, 'oob_score': True}. Best is trial 93 with value: 0.6918376911490542.[0m
[32m[I 2022-04-21 12:54:29,257][0m Trial 125 finished with value: 0.6880240049982009 and parameters: {'n_estimators': 311, 'min_samples_split': 0.0475255182360299, 'min_samples_leaf': 0.03620523902208497, 'min_weight_fraction_leaf': 0.044776073410878185, 'max_features': 0.5447779968801857, 'bootstrap': True, 'max_samples': 0.43449044815321197, 'oob_score': True}. Best is trial 93 with value: 0.6918376911490542.[0m
[32m[I 2022-04-21 12:54:36,237][0m Trial 126 finished with value: 0.6927247838081985 and parameters: {'n_estimators': 357, 'min_samples_split': 0.11812085196575806, 'min_samples_leaf': 0.002048941081916944, 'min_weight_fraction_leaf': 0.07287591928786333, 'max_features': 0.4476088800733629, 'bootstrap': True, 'max_samples': 0.5844088499553775, 'oob_score': True}. Best is trial 126 with value: 0.6927247838081985.[0m
[32m[I 2022-04-21 12:54:43,190][0m Trial 127 finished with value: 0.6927247838081985 and parameters: {'n_estimators': 362, 'min_samples_split': 0.10829291738546665, 'min_samples_leaf': 0.0011500735453306259, 'min_weight_fraction_leaf': 0.07191355940014796, 'max_features': 0.4610551749729626, 'bootstrap': True, 'max_samples': 0.5804977721956089, 'oob_score': True}. Best is trial 126 with value: 0.6927247838081985.[0m
[32m[I 2022-04-21 12:54:48,034][0m Trial 128 finished with value: 0.6907810842755864 and parameters: {'n_estimators': 334, 'min_samples_split': 0.1193621064642549, 'min_samples_leaf': 0.007630264151666626, 'min_weight_fraction_leaf': 0.1087402351630358, 'max_features': 0.45205442403345997, 'bootstrap': True, 'max_samples': 0.5805249234850447, 'oob_score': True}. Best is trial 126 with value: 0.6927247838081985.[0m
[32m[I 2022-04-21 12:54:55,097][0m Trial 129 finished with value: 0.6890334043810766 and parameters: {'n_estimators': 413, 'min_samples_split': 0.11717909007512123, 'min_samples_leaf': 0.0014116660137845904, 'min_weight_fraction_leaf': 0.10573323068956628, 'max_features': 0.3785156713812593, 'bootstrap': True, 'max_samples': 0.576904914941581, 'oob_score': True}. Best is trial 126 with value: 0.6927247838081985.[0m
[32m[I 2022-04-21 12:55:00,919][0m Trial 130 finished with value: 0.5 and parameters: {'n_estimators': 344, 'min_samples_split': 0.08727746738649182, 'min_samples_leaf': 0.4461678945263151, 'min_weight_fraction_leaf': 0.27098402605716937, 'max_features': 0.5132303673689079, 'bootstrap': True, 'max_samples': 0.6205835321894191, 'oob_score': True}. Best is trial 126 with value: 0.6927247838081985.[0m
[32m[I 2022-04-21 12:55:05,945][0m Trial 131 finished with value: 0.6914334399849495 and parameters: {'n_estimators': 325, 'min_samples_split': 0.14245696454100062, 'min_samples_leaf': 0.01727679217889271, 'min_weight_fraction_leaf': 0.06856599988772334, 'max_features': 0.4430528366424723, 'bootstrap': True, 'max_samples': 0.5204259805015738, 'oob_score': True}. Best is trial 126 with value: 0.6927247838081985.[0m
[32m[I 2022-04-21 12:55:10,955][0m Trial 132 finished with value: 0.6911341673883042 and parameters: {'n_estimators': 337, 'min_samples_split': 0.13902212761649604, 'min_samples_leaf': 0.01272936098174967, 'min_weight_fraction_leaf': 0.09369456740722346, 'max_features': 0.4412299409865975, 'bootstrap': True, 'max_samples': 0.5956762387351807, 'oob_score': True}. Best is trial 126 with value: 0.6927247838081985.[0m
[32m[I 2022-04-21 12:55:16,993][0m Trial 133 finished with value: 0.6927698539748809 and parameters: {'n_estimators': 324, 'min_samples_split': 0.11737764655965119, 'min_samples_leaf': 0.015623509669719038, 'min_weight_fraction_leaf': 0.07404172819915508, 'max_features': 0.42610355013649714, 'bootstrap': True, 'max_samples': 0.5941093964704132, 'oob_score': True}. Best is trial 133 with value: 0.6927698539748809.[0m
[32m[I 2022-04-21 12:55:23,382][0m Trial 134 finished with value: 0.6925282690201358 and parameters: {'n_estimators': 325, 'min_samples_split': 0.11421001430658198, 'min_samples_leaf': 0.013799004157920411, 'min_weight_fraction_leaf': 0.07711589064639508, 'max_features': 0.428690431768619, 'bootstrap': True, 'max_samples': 0.5955728768439885, 'oob_score': True}. Best is trial 133 with value: 0.6927698539748809.[0m
[32m[I 2022-04-21 12:55:29,762][0m Trial 135 finished with value: 0.6894572108768979 and parameters: {'n_estimators': 326, 'min_samples_split': 0.11790059685843628, 'min_samples_leaf': 0.015120394576207183, 'min_weight_fraction_leaf': 0.1150609101131044, 'max_features': 0.4354606955055834, 'bootstrap': True, 'max_samples': 0.6507493922554194, 'oob_score': True}. Best is trial 133 with value: 0.6927698539748809.[0m
[32m[I 2022-04-21 12:55:36,173][0m Trial 136 finished with value: 0.6854348530210606 and parameters: {'n_estimators': 384, 'min_samples_split': 0.10835250381186284, 'min_samples_leaf': 0.005636408599996187, 'min_weight_fraction_leaf': 0.04781390747380097, 'max_features': 0.4263146945640952, 'bootstrap': True, 'max_samples': 0.6032247328424689, 'oob_score': True}. Best is trial 133 with value: 0.6927698539748809.[0m
[32m[I 2022-04-21 12:55:42,272][0m Trial 137 finished with value: 0.6927247838081985 and parameters: {'n_estimators': 335, 'min_samples_split': 0.09352369295718213, 'min_samples_leaf': 0.016233863924259608, 'min_weight_fraction_leaf': 0.07385403828016493, 'max_features': 0.4637165328736083, 'bootstrap': True, 'max_samples': 0.5880249136070653, 'oob_score': True}. Best is trial 133 with value: 0.6927698539748809.[0m
[32m[I 2022-04-21 12:55:48,024][0m Trial 138 finished with value: 0.6888676070788831 and parameters: {'n_estimators': 338, 'min_samples_split': 0.07586144408918458, 'min_samples_leaf': 0.017799581666713808, 'min_weight_fraction_leaf': 0.10094037434831296, 'max_features': 0.3900506867059391, 'bootstrap': True, 'max_samples': 0.5892362418760096, 'oob_score': True}. Best is trial 133 with value: 0.6927698539748809.[0m
[32m[I 2022-04-21 12:55:54,479][0m Trial 139 finished with value: 0.687562387335078 and parameters: {'n_estimators': 321, 'min_samples_split': 0.06814327025725214, 'min_samples_leaf': 0.0012971487797852222, 'min_weight_fraction_leaf': 0.03393173359245111, 'max_features': 0.47036582832308577, 'bootstrap': True, 'max_samples': 0.6869951840809783, 'oob_score': True}. Best is trial 133 with value: 0.6927698539748809.[0m
[32m[I 2022-04-21 12:56:00,054][0m Trial 140 finished with value: 0.5 and parameters: {'n_estimators': 369, 'min_samples_split': 0.10089482501334951, 'min_samples_leaf': 0.013277005375682605, 'min_weight_fraction_leaf': 0.4971687898096374, 'max_features': 0.44869368549943905, 'bootstrap': True, 'max_samples': 0.5719939291408278, 'oob_score': True}. Best is trial 133 with value: 0.6927698539748809.[0m
[32m[I 2022-04-21 12:56:06,092][0m Trial 141 finished with value: 0.6861412744833879 and parameters: {'n_estimators': 338, 'min_samples_split': 0.12155248304757037, 'min_samples_leaf': 0.025213496540821303, 'min_weight_fraction_leaf': 0.07445906937661108, 'max_features': 0.3414196721370863, 'bootstrap': True, 'max_samples': 0.6230958016560968, 'oob_score': True}. Best is trial 133 with value: 0.6927698539748809.[0m
[32m[I 2022-04-21 12:56:11,855][0m Trial 142 finished with value: 0.6912040209128659 and parameters: {'n_estimators': 286, 'min_samples_split': 0.09524387200339988, 'min_samples_leaf': 0.001499167924166503, 'min_weight_fraction_leaf': 0.07388066343772874, 'max_features': 0.46293728324883154, 'bootstrap': True, 'max_samples': 0.5216529373860563, 'oob_score': True}. Best is trial 133 with value: 0.6927698539748809.[0m
[32m[I 2022-04-21 12:56:17,475][0m Trial 143 finished with value: 0.6883709524296212 and parameters: {'n_estimators': 283, 'min_samples_split': 0.06627809393676812, 'min_samples_leaf': 0.012420169531564036, 'min_weight_fraction_leaf': 0.05828681178630212, 'max_features': 0.4704290720259912, 'bootstrap': True, 'max_samples': 0.5227025947994585, 'oob_score': True}. Best is trial 133 with value: 0.6927698539748809.[0m
[32m[I 2022-04-21 12:56:22,134][0m Trial 144 finished with value: 0.6898405487549908 and parameters: {'n_estimators': 269, 'min_samples_split': 0.09014445041192543, 'min_samples_leaf': 0.022226740393068073, 'min_weight_fraction_leaf': 0.07227146623609276, 'max_features': 0.4368054658114619, 'bootstrap': True, 'max_samples': 0.6003260619054357, 'oob_score': True}. Best is trial 133 with value: 0.6927698539748809.[0m
[32m[I 2022-04-21 12:56:27,287][0m Trial 145 finished with value: 0.6900555394289359 and parameters: {'n_estimators': 325, 'min_samples_split': 0.11211808274545437, 'min_samples_leaf': 0.0015552992138164056, 'min_weight_fraction_leaf': 0.10053912622697538, 'max_features': 0.5009530500808994, 'bootstrap': True, 'max_samples': 0.5527011706356164, 'oob_score': True}. Best is trial 133 with value: 0.6927698539748809.[0m
[32m[I 2022-04-21 12:56:31,342][0m Trial 146 finished with value: 0.6870506937889526 and parameters: {'n_estimators': 346, 'min_samples_split': 0.13483617770276582, 'min_samples_leaf': 0.02425144464671, 'min_weight_fraction_leaf': 0.05127872146728547, 'max_features': 0.39833167865062313, 'bootstrap': False, 'max_samples': 0.576653343157084}. Best is trial 133 with value: 0.6927698539748809.[0m
[32m[I 2022-04-21 12:56:36,819][0m Trial 147 finished with value: 0.6903661884468242 and parameters: {'n_estimators': 301, 'min_samples_split': 0.15600301158385704, 'min_samples_leaf': 0.013084055344375914, 'min_weight_fraction_leaf': 0.13311475800787242, 'max_features': 0.4490200762756932, 'bootstrap': True, 'max_samples': 0.6652758774591172, 'oob_score': True}. Best is trial 133 with value: 0.6927698539748809.[0m
[32m[I 2022-04-21 12:56:43,799][0m Trial 148 finished with value: 0.6879624256383619 and parameters: {'n_estimators': 382, 'min_samples_split': 0.09461830477188685, 'min_samples_leaf': 0.0010315934267261725, 'min_weight_fraction_leaf': 0.06355712527191641, 'max_features': 0.4710693242194681, 'bootstrap': True, 'max_samples': 0.6309935653867869, 'oob_score': True}. Best is trial 133 with value: 0.6927698539748809.[0m
[32m[I 2022-04-21 12:56:48,840][0m Trial 149 finished with value: 0.6878644420911074 and parameters: {'n_estimators': 314, 'min_samples_split': 0.12392238761170979, 'min_samples_leaf': 0.030284379271093422, 'min_weight_fraction_leaf': 0.09394461032427412, 'max_features': 0.4173540309591103, 'bootstrap': True, 'max_samples': 0.522858156018071, 'oob_score': True}. Best is trial 133 with value: 0.6927698539748809.[0m
[32m[I 2022-04-21 12:56:53,527][0m Trial 150 finished with value: 0.6867258142221274 and parameters: {'n_estimators': 274, 'min_samples_split': 0.04812841672166103, 'min_samples_leaf': 0.015038605754704667, 'min_weight_fraction_leaf': 0.07757605617592801, 'max_features': 0.35599340468117535, 'bootstrap': True, 'max_samples': 0.559419590776195, 'oob_score': True}. Best is trial 133 with value: 0.6927698539748809.[0m
[32m[I 2022-04-21 12:56:59,916][0m Trial 151 finished with value: 0.6907324981860989 and parameters: {'n_estimators': 327, 'min_samples_split': 0.16223576467698464, 'min_samples_leaf': 0.030800962270297765, 'min_weight_fraction_leaf': 0.08589907331790869, 'max_features': 0.42256202301808327, 'bootstrap': True, 'max_samples': 0.5290030867300887, 'oob_score': True}. Best is trial 133 with value: 0.6927698539748809.[0m
[32m[I 2022-04-21 12:57:04,987][0m Trial 152 finished with value: 0.5 and parameters: {'n_estimators': 291, 'min_samples_split': 0.18126498322371037, 'min_samples_leaf': 0.2272580269004283, 'min_weight_fraction_leaf': 0.07706174070520685, 'max_features': 0.5166489758153683, 'bootstrap': True, 'max_samples': 0.6066865798819752, 'oob_score': True}. Best is trial 133 with value: 0.6927698539748809.[0m
[32m[I 2022-04-21 12:57:09,672][0m Trial 153 finished with value: 0.6890334043810766 and parameters: {'n_estimators': 304, 'min_samples_split': 0.1498986893224017, 'min_samples_leaf': 0.02029210975656116, 'min_weight_fraction_leaf': 0.11328552359990392, 'max_features': 0.3873839976302864, 'bootstrap': True, 'max_samples': 0.5852245834146454, 'oob_score': True}. Best is trial 133 with value: 0.6927698539748809.[0m
[32m[I 2022-04-21 12:57:13,967][0m Trial 154 finished with value: 0.690480317499392 and parameters: {'n_estimators': 290, 'min_samples_split': 0.17687667272807456, 'min_samples_leaf': 0.037930616642339515, 'min_weight_fraction_leaf': 0.06984311504235022, 'max_features': 0.5017894498476216, 'bootstrap': True, 'max_samples': 0.5578548387787877, 'oob_score': True}. Best is trial 133 with value: 0.6927698539748809.[0m
[32m[I 2022-04-21 12:57:19,842][0m Trial 155 finished with value: 0.6856165778818459 and parameters: {'n_estimators': 362, 'min_samples_split': 0.10436120623559603, 'min_samples_leaf': 0.00991847944336647, 'min_weight_fraction_leaf': 0.04576867821452206, 'max_features': 0.4557051254304123, 'bootstrap': True, 'max_samples': 0.5192884855513614, 'oob_score': True}. Best is trial 133 with value: 0.6927698539748809.[0m
[32m[I 2022-04-21 12:57:24,565][0m Trial 156 finished with value: 0.6855968815171061 and parameters: {'n_estimators': 253, 'min_samples_split': 0.20745367107072882, 'min_samples_leaf': 0.026267757254188614, 'min_weight_fraction_leaf': 0.09692947750824565, 'max_features': 0.4780065878208636, 'bootstrap': True, 'max_samples': 0.5422459629011265, 'oob_score': True}. Best is trial 133 with value: 0.6927698539748809.[0m
[32m[I 2022-04-21 12:57:30,080][0m Trial 157 finished with value: 0.6890918050311636 and parameters: {'n_estimators': 343, 'min_samples_split': 0.11254256307200396, 'min_samples_leaf': 0.010544068824250944, 'min_weight_fraction_leaf': 0.05759183509250873, 'max_features': 0.4471345051994916, 'bootstrap': True, 'max_samples': 0.5760038509881211, 'oob_score': True}. Best is trial 133 with value: 0.6927698539748809.[0m
[32m[I 2022-04-21 12:57:35,611][0m Trial 158 finished with value: 0.68978999149598 and parameters: {'n_estimators': 322, 'min_samples_split': 0.1278232876900314, 'min_samples_leaf': 0.001126760791647606, 'min_weight_fraction_leaf': 0.08649964919851164, 'max_features': 0.41176928896863707, 'bootstrap': True, 'max_samples': 0.6192981170335382, 'oob_score': True}. Best is trial 133 with value: 0.6927698539748809.[0m
[32m[I 2022-04-21 12:57:40,595][0m Trial 159 finished with value: 0.6885950302306079 and parameters: {'n_estimators': 285, 'min_samples_split': 0.19917718417331517, 'min_samples_leaf': 0.034988011304327105, 'min_weight_fraction_leaf': 0.07604068817388444, 'max_features': 0.497275419734525, 'bootstrap': True, 'max_samples': 0.6507236429588875, 'oob_score': True}. Best is trial 133 with value: 0.6927698539748809.[0m
[32m[I 2022-04-21 12:57:45,347][0m Trial 160 finished with value: 0.5 and parameters: {'n_estimators': 354, 'min_samples_split': 0.1436221832854589, 'min_samples_leaf': 0.3421286754050047, 'min_weight_fraction_leaf': 0.06565896199033716, 'max_features': 0.5281188083868132, 'bootstrap': True, 'max_samples': 0.5965373115084466, 'oob_score': True}. Best is trial 133 with value: 0.6927698539748809.[0m
[32m[I 2022-04-21 12:57:50,269][0m Trial 161 finished with value: 0.6912102863415321 and parameters: {'n_estimators': 314, 'min_samples_split': 0.1625250682602934, 'min_samples_leaf': 0.041304518263420256, 'min_weight_fraction_leaf': 0.08197450029325083, 'max_features': 0.43088775655664446, 'bootstrap': True, 'max_samples': 0.5085919772774509, 'oob_score': True}. Best is trial 133 with value: 0.6927698539748809.[0m
[32m[I 2022-04-21 12:57:54,675][0m Trial 162 finished with value: 0.6809769575695969 and parameters: {'n_estimators': 305, 'min_samples_split': 0.13357464231005933, 'min_samples_leaf': 0.03844203983807601, 'min_weight_fraction_leaf': 0.10829686064172443, 'max_features': 0.4629391453566801, 'bootstrap': True, 'max_samples': 0.5087742879367272, 'oob_score': True}. Best is trial 133 with value: 0.6927698539748809.[0m
[32m[I 2022-04-21 12:58:00,083][0m Trial 163 finished with value: 0.6901154442991463 and parameters: {'n_estimators': 334, 'min_samples_split': 0.15044145502945463, 'min_samples_leaf': 0.01457999620881369, 'min_weight_fraction_leaf': 0.07883498561511162, 'max_features': 0.4354920252906012, 'bootstrap': True, 'max_samples': 0.5513450315354663, 'oob_score': True}. Best is trial 133 with value: 0.6927698539748809.[0m
[32m[I 2022-04-21 12:58:04,917][0m Trial 164 finished with value: 0.6889065611281965 and parameters: {'n_estimators': 317, 'min_samples_split': 0.17398509293578798, 'min_samples_leaf': 0.022768508643563595, 'min_weight_fraction_leaf': 0.09187120426103856, 'max_features': 0.4069995534302273, 'bootstrap': True, 'max_samples': 0.5324828524088819, 'oob_score': True}. Best is trial 133 with value: 0.6927698539748809.[0m
[32m[I 2022-04-21 12:58:10,219][0m Trial 165 finished with value: 0.6918376911490542 and parameters: {'n_estimators': 374, 'min_samples_split': 0.16716460017584892, 'min_samples_leaf': 0.04131232390674576, 'min_weight_fraction_leaf': 0.08786528371138308, 'max_features': 0.42648380517066137, 'bootstrap': True, 'max_samples': 0.5652424570341994, 'oob_score': True}. Best is trial 133 with value: 0.6927698539748809.[0m
[32m[I 2022-04-21 12:58:15,712][0m Trial 166 finished with value: 0.6775905407016298 and parameters: {'n_estimators': 373, 'min_samples_split': 0.16671981148518658, 'min_samples_leaf': 0.02704820862484822, 'min_weight_fraction_leaf': 0.1220293515459751, 'max_features': 0.4235281472662044, 'bootstrap': True, 'max_samples': 0.5639813690469765, 'oob_score': True}. Best is trial 133 with value: 0.6927698539748809.[0m
[32m[I 2022-04-21 12:58:21,176][0m Trial 167 finished with value: 0.6899492405842873 and parameters: {'n_estimators': 409, 'min_samples_split': 0.14008658322511955, 'min_samples_leaf': 0.019889380927640393, 'min_weight_fraction_leaf': 0.09974414900627011, 'max_features': 0.47910293136954246, 'bootstrap': True, 'max_samples': 0.5831977059531546, 'oob_score': True}. Best is trial 133 with value: 0.6927698539748809.[0m
[32m[I 2022-04-21 12:58:26,430][0m Trial 168 finished with value: 0.6841025439018654 and parameters: {'n_estimators': 385, 'min_samples_split': 0.16108191028500934, 'min_samples_leaf': 0.03587067351611479, 'min_weight_fraction_leaf': 0.06661798017185706, 'max_features': 0.38126768355197116, 'bootstrap': True, 'max_samples': 0.4730162184499085, 'oob_score': True}. Best is trial 133 with value: 0.6927698539748809.[0m
