[32m[I 2022-04-24 07:09:14,705][0m Trial 981 finished with value: 0.6640378321199584 and parameters: {'n_estimators': 136, 'min_samples_split': 0.27955438729014137, 'min_samples_leaf': 0.016405057603127746, 'min_weight_fraction_leaf': 0.008489672201823478, 'max_features': 0.16415357299484729, 'bootstrap': False, 'max_samples': 0.1507456929914173}. Best is trial 251 with value: 0.6908430332111252.[0m
[32m[I 2022-04-24 07:09:20,788][0m Trial 982 finished with value: 0.6540996191454589 and parameters: {'n_estimators': 122, 'min_samples_split': 0.49233642805669275, 'min_samples_leaf': 0.03656854457333973, 'min_weight_fraction_leaf': 0.025328268901712074, 'max_features': 0.22592513271763134, 'bootstrap': False, 'max_samples': 0.4365383641640458}. Best is trial 251 with value: 0.6908430332111252.[0m
[32m[I 2022-04-24 07:09:27,045][0m Trial 983 finished with value: 0.5861615726963719 and parameters: {'n_estimators': 679, 'min_samples_split': 0.03616589778233335, 'min_samples_leaf': 0.20186550536271086, 'min_weight_fraction_leaf': 0.2957201009123689, 'max_features': 0.14601295270063744, 'bootstrap': False, 'max_samples': 0.3180113243821886}. Best is trial 251 with value: 0.6908430332111252.[0m
[32m[I 2022-04-24 07:11:30,016][0m Trial 984 finished with value: 0.6802657695246779 and parameters: {'n_estimators': 730, 'min_samples_split': 0.009974794456254906, 'min_samples_leaf': 0.011148347864813227, 'min_weight_fraction_leaf': 0.015361924915008058, 'max_features': 0.18139067107597315, 'bootstrap': False, 'max_samples': 0.4153613318939189}. Best is trial 251 with value: 0.6908430332111252.[0m
[32m[I 2022-04-24 07:13:17,796][0m Trial 985 finished with value: 0.6748413172998212 and parameters: {'n_estimators': 768, 'min_samples_split': 0.01809328424727915, 'min_samples_leaf': 0.0260253808525044, 'min_weight_fraction_leaf': 0.008445567115477387, 'max_features': 0.24802122554203176, 'bootstrap': False, 'max_samples': 0.3785962632463716}. Best is trial 251 with value: 0.6908430332111252.[0m
[32m[I 2022-04-24 07:15:34,386][0m Trial 986 finished with value: 0.679124038989017 and parameters: {'n_estimators': 729, 'min_samples_split': 0.010400897243527043, 'min_samples_leaf': 0.010007791424546244, 'min_weight_fraction_leaf': 0.023165591016587935, 'max_features': 0.21090287658073428, 'bootstrap': False, 'max_samples': 0.36150777794055067}. Best is trial 251 with value: 0.6908430332111252.[0m
[32m[I 2022-04-24 07:16:28,980][0m Trial 987 finished with value: 0.6748362580371983 and parameters: {'n_estimators': 675, 'min_samples_split': 0.025585422925417826, 'min_samples_leaf': 0.021815119166002227, 'min_weight_fraction_leaf': 0.009171369626111474, 'max_features': 0.10594942508156163, 'bootstrap': False, 'max_samples': 0.3376645369268658}. Best is trial 251 with value: 0.6908430332111252.[0m
[32m[I 2022-04-24 07:16:39,552][0m Trial 988 finished with value: 0.6711288943842507 and parameters: {'n_estimators': 114, 'min_samples_split': 0.016589297332360427, 'min_samples_leaf': 0.010361751645576331, 'min_weight_fraction_leaf': 0.03897464119218801, 'max_features': 0.13404645356128514, 'bootstrap': False, 'max_samples': 0.1982942104820422}. Best is trial 251 with value: 0.6908430332111252.[0m
[32m[I 2022-04-24 07:20:41,382][0m Trial 989 finished with value: 0.6811399350080193 and parameters: {'n_estimators': 707, 'min_samples_split': 0.0013408654888188952, 'min_samples_leaf': 0.009661127982775332, 'min_weight_fraction_leaf': 0.00879182743830033, 'max_features': 0.2365302675879979, 'bootstrap': False, 'max_samples': 0.3905144825281755}. Best is trial 251 with value: 0.6908430332111252.[0m
[32m[I 2022-04-24 07:23:04,925][0m Trial 990 finished with value: 0.6270742229786347 and parameters: {'n_estimators': 289, 'min_samples_split': 0.03211255322084511, 'min_samples_leaf': 0.03167416883550972, 'min_weight_fraction_leaf': 5.6203648300258045e-05, 'max_features': 0.9601611818028442, 'bootstrap': False, 'max_samples': 0.32636121954402575}. Best is trial 251 with value: 0.6908430332111252.[0m
[32m[I 2022-04-24 07:23:08,336][0m Trial 991 finished with value: 0.6281143659002942 and parameters: {'n_estimators': 108, 'min_samples_split': 0.00921439027845696, 'min_samples_leaf': 0.053129452059595725, 'min_weight_fraction_leaf': 0.17397038766291348, 'max_features': 0.16461849963106756, 'bootstrap': False, 'max_samples': 0.3672306378622025}. Best is trial 251 with value: 0.6908430332111252.[0m
[32m[I 2022-04-24 07:25:31,288][0m Trial 992 finished with value: 0.6773281393583049 and parameters: {'n_estimators': 765, 'min_samples_split': 0.020699751109547616, 'min_samples_leaf': 0.023409320842184066, 'min_weight_fraction_leaf': 0.018132402530735812, 'max_features': 0.2598274792308251, 'bootstrap': False, 'max_samples': 0.23180531022422562}. Best is trial 251 with value: 0.6908430332111252.[0m
[32m[I 2022-04-24 07:25:51,430][0m Trial 993 finished with value: 0.6693893954528789 and parameters: {'n_estimators': 344, 'min_samples_split': 0.0010668437078189675, 'min_samples_leaf': 0.009484653928885603, 'min_weight_fraction_leaf': 0.026665295400752697, 'max_features': 0.057538406536014386, 'bootstrap': False, 'max_samples': 0.34836134087176596}. Best is trial 251 with value: 0.6908430332111252.[0m
[32m[I 2022-04-24 07:26:00,395][0m Trial 994 finished with value: 0.6784383142198913 and parameters: {'n_estimators': 126, 'min_samples_split': 0.04965782967682075, 'min_samples_leaf': 0.020114558921676462, 'min_weight_fraction_leaf': 0.00879060703115609, 'max_features': 0.08137377641941462, 'bootstrap': False, 'max_samples': 0.40227248145306344}. Best is trial 251 with value: 0.6908430332111252.[0m
[32m[I 2022-04-24 07:28:30,775][0m Trial 995 finished with value: 0.6795720691544315 and parameters: {'n_estimators': 744, 'min_samples_split': 0.016967927269333577, 'min_samples_leaf': 0.01063830811424851, 'min_weight_fraction_leaf': 0.015835056099286066, 'max_features': 0.1949870958194177, 'bootstrap': False, 'max_samples': 0.37807291841302737}. Best is trial 251 with value: 0.6908430332111252.[0m
[32m[I 2022-04-24 07:29:01,613][0m Trial 996 finished with value: 0.6742068000938105 and parameters: {'n_estimators': 119, 'min_samples_split': 0.027113542971901487, 'min_samples_leaf': 0.001267823702520338, 'min_weight_fraction_leaf': 0.008387169503046252, 'max_features': 0.14526331866159267, 'bootstrap': False, 'max_samples': 0.42348025787717736}. Best is trial 251 with value: 0.6908430332111252.[0m
[32m[I 2022-04-24 07:29:27,370][0m Trial 997 finished with value: 0.6521674626223068 and parameters: {'n_estimators': 693, 'min_samples_split': 0.010239938925087242, 'min_samples_leaf': 0.04111760689654667, 'min_weight_fraction_leaf': 0.10263066747850162, 'max_features': 0.11946519382842904, 'bootstrap': False, 'max_samples': 0.4721995613466358}. Best is trial 251 with value: 0.6908430332111252.[0m
[32m[I 2022-04-24 07:29:56,540][0m Trial 998 finished with value: 0.6757296386247755 and parameters: {'n_estimators': 132, 'min_samples_split': 0.03643421329845728, 'min_samples_leaf': 0.017591261606133557, 'min_weight_fraction_leaf': 0.0005430838553585721, 'max_features': 0.26914852962261987, 'bootstrap': False, 'max_samples': 0.34667274415618476}. Best is trial 251 with value: 0.6908430332111252.[0m
[32m[I 2022-04-24 07:29:59,518][0m Trial 999 finished with value: 0.6374994630303255 and parameters: {'n_estimators': 191, 'min_samples_split': 0.009525559427663682, 'min_samples_leaf': 0.009490184721296504, 'min_weight_fraction_leaf': 0.00010617262651244107, 'max_features': 0.031001143719518037, 'bootstrap': True, 'max_samples': 0.32277642659622513, 'oob_score': False}. Best is trial 251 with value: 0.6908430332111252.[0m
RandomSurvivalForest
Running Optimizer with LogRank binary scoring
{'n_estimators': 279, 'min_samples_split': 0.025006137990311515, 'min_samples_leaf': 0.015172773137428505, 'min_weight_fraction_leaf': 2.3681978745946275e-06, 'max_features': 0.24619583293237662, 'bootstrap': False, 'max_samples': 0.20801858860979464, 'UnoC_LR': 0.8411330872952079}
Running Optimizer normaly
{'n_estimators': 751, 'min_samples_split': 0.0030070831372971387, 'min_samples_leaf': 0.0010468931871152973, 'min_weight_fraction_leaf': 0.0012233898828817584, 'max_features': 0.10263938614699752, 'bootstrap': False, 'max_samples': 0.331724336530432, 'UnoC': 0.6908430332111252}
