[32m[I 2022-04-21 14:07:43,937][0m Trial 689 finished with value: 0.6881846187785379 and parameters: {'n_estimators': 967, 'min_samples_split': 0.05399784858981434, 'min_samples_leaf': 0.0014450802964352978, 'min_weight_fraction_leaf': 0.08578714747208493, 'max_features': 0.5016683322287714, 'bootstrap': True, 'max_samples': 0.430506652602534, 'oob_score': False}. Best is trial 530 with value: 0.696197846611031.[0m
[32m[I 2022-04-21 14:07:51,620][0m Trial 690 finished with value: 0.6848728839747176 and parameters: {'n_estimators': 766, 'min_samples_split': 0.01902191300456184, 'min_samples_leaf': 0.02606081001125641, 'min_weight_fraction_leaf': 0.048079871117759174, 'max_features': 0.9532532729468894, 'bootstrap': True, 'max_samples': 0.501340486096545, 'oob_score': False}. Best is trial 530 with value: 0.696197846611031.[0m
[32m[I 2022-04-21 14:08:00,055][0m Trial 691 finished with value: 0.6934013502252289 and parameters: {'n_estimators': 813, 'min_samples_split': 0.016678079825345846, 'min_samples_leaf': 0.010375903805924258, 'min_weight_fraction_leaf': 0.06721896634803524, 'max_features': 0.4661453422284819, 'bootstrap': True, 'max_samples': 0.40631829591926105, 'oob_score': False}. Best is trial 530 with value: 0.696197846611031.[0m
[32m[I 2022-04-21 14:08:09,336][0m Trial 692 finished with value: 0.693408580907876 and parameters: {'n_estimators': 925, 'min_samples_split': 0.0296289914777413, 'min_samples_leaf': 0.0316652488296753, 'min_weight_fraction_leaf': 0.07655854051190035, 'max_features': 0.4352826137485454, 'bootstrap': True, 'max_samples': 0.4792521569564552, 'oob_score': False}. Best is trial 530 with value: 0.696197846611031.[0m
[32m[I 2022-04-21 14:08:17,172][0m Trial 693 finished with value: 0.6917772585444839 and parameters: {'n_estimators': 844, 'min_samples_split': 0.013178626914664301, 'min_samples_leaf': 0.03085215378313848, 'min_weight_fraction_leaf': 0.08809442777354996, 'max_features': 0.4407716816124152, 'bootstrap': True, 'max_samples': 0.4563707819448094, 'oob_score': False}. Best is trial 530 with value: 0.696197846611031.[0m
[32m[I 2022-04-21 14:08:25,720][0m Trial 694 finished with value: 0.6933521886157207 and parameters: {'n_estimators': 961, 'min_samples_split': 0.026006865254061512, 'min_samples_leaf': 0.0012669752811175407, 'min_weight_fraction_leaf': 0.05617877387574916, 'max_features': 0.4077466476117357, 'bootstrap': True, 'max_samples': 0.42331066740477563, 'oob_score': False}. Best is trial 530 with value: 0.696197846611031.[0m
[32m[I 2022-04-21 14:08:34,684][0m Trial 695 finished with value: 0.6930984901481886 and parameters: {'n_estimators': 998, 'min_samples_split': 0.008783252266549968, 'min_samples_leaf': 0.020502661940818914, 'min_weight_fraction_leaf': 0.07313866941064784, 'max_features': 0.47237645461445016, 'bootstrap': True, 'max_samples': 0.4628336587331417, 'oob_score': False}. Best is trial 530 with value: 0.696197846611031.[0m
[32m[I 2022-04-21 14:08:43,662][0m Trial 696 finished with value: 0.6915021742091966 and parameters: {'n_estimators': 998, 'min_samples_split': 0.039720782550463504, 'min_samples_leaf': 0.03195303466524349, 'min_weight_fraction_leaf': 0.0956920181434924, 'max_features': 0.4204255359519555, 'bootstrap': True, 'max_samples': 0.4978596457464582, 'oob_score': False}. Best is trial 530 with value: 0.696197846611031.[0m
[32m[I 2022-04-21 14:08:52,513][0m Trial 697 finished with value: 0.6933451981933441 and parameters: {'n_estimators': 884, 'min_samples_split': 0.00182146256738212, 'min_samples_leaf': 0.012087039764225156, 'min_weight_fraction_leaf': 0.050316369606800235, 'max_features': 0.45452683653671583, 'bootstrap': True, 'max_samples': 0.3879180793317562, 'oob_score': False}. Best is trial 530 with value: 0.696197846611031.[0m
[32m[I 2022-04-21 14:09:00,738][0m Trial 698 finished with value: 0.692739226171594 and parameters: {'n_estimators': 917, 'min_samples_split': 0.021683332667659615, 'min_samples_leaf': 0.013232510009716179, 'min_weight_fraction_leaf': 0.06534007582658555, 'max_features': 0.4396947865632794, 'bootstrap': True, 'max_samples': 0.40915307513348004, 'oob_score': False}. Best is trial 530 with value: 0.696197846611031.[0m
[32m[I 2022-04-21 14:09:06,989][0m Trial 699 finished with value: 0.5 and parameters: {'n_estimators': 797, 'min_samples_split': 0.06380698685268166, 'min_samples_leaf': 0.3542953546770745, 'min_weight_fraction_leaf': 0.20086184320142278, 'max_features': 0.3673241289035756, 'bootstrap': True, 'max_samples': 0.4455513934393868, 'oob_score': False}. Best is trial 530 with value: 0.696197846611031.[0m
[32m[I 2022-04-21 14:09:14,253][0m Trial 700 finished with value: 0.5 and parameters: {'n_estimators': 854, 'min_samples_split': 0.031902563201662695, 'min_samples_leaf': 0.019695718560308766, 'min_weight_fraction_leaf': 0.4717206935950412, 'max_features': 0.48015340601744555, 'bootstrap': True, 'max_samples': 0.44824761020730736, 'oob_score': False}. Best is trial 530 with value: 0.696197846611031.[0m
[32m[I 2022-04-21 14:09:20,988][0m Trial 701 finished with value: 0.5 and parameters: {'n_estimators': 890, 'min_samples_split': 0.04960416718659445, 'min_samples_leaf': 0.4974866399084501, 'min_weight_fraction_leaf': 0.04576458606305243, 'max_features': 0.5170690530576835, 'bootstrap': True, 'max_samples': 0.4349333120188943, 'oob_score': False}. Best is trial 530 with value: 0.696197846611031.[0m
[32m[I 2022-04-21 14:09:27,217][0m Trial 702 finished with value: 0.6933521886157207 and parameters: {'n_estimators': 768, 'min_samples_split': 0.0467191293146883, 'min_samples_leaf': 0.01685975291026718, 'min_weight_fraction_leaf': 0.06068267597910053, 'max_features': 0.4946429830652334, 'bootstrap': True, 'max_samples': 0.43764422319583357, 'oob_score': False}. Best is trial 530 with value: 0.696197846611031.[0m
[32m[I 2022-04-21 14:09:34,943][0m Trial 703 finished with value: 0.6927464568542411 and parameters: {'n_estimators': 823, 'min_samples_split': 0.040513914731137864, 'min_samples_leaf': 0.0015050884628069962, 'min_weight_fraction_leaf': 0.08227005621565611, 'max_features': 0.4551630020879916, 'bootstrap': True, 'max_samples': 0.4848695775856735, 'oob_score': False}. Best is trial 530 with value: 0.696197846611031.[0m
[32m[I 2022-04-21 14:09:42,440][0m Trial 704 finished with value: 0.6823274384455981 and parameters: {'n_estimators': 935, 'min_samples_split': 0.04114786713144189, 'min_samples_leaf': 0.009631859969227757, 'min_weight_fraction_leaf': 0.10546458033381896, 'max_features': 0.4960520640630379, 'bootstrap': False, 'max_samples': 0.39393994188023507}. Best is trial 530 with value: 0.696197846611031.[0m
[32m[I 2022-04-21 14:09:51,231][0m Trial 705 finished with value: 0.6932945188030106 and parameters: {'n_estimators': 906, 'min_samples_split': 0.0010176248622090994, 'min_samples_leaf': 0.008672014920907344, 'min_weight_fraction_leaf': 0.07111832848635852, 'max_features': 0.46999281868537673, 'bootstrap': True, 'max_samples': 0.4172336910923192, 'oob_score': False}. Best is trial 530 with value: 0.696197846611031.[0m
[32m[I 2022-04-21 14:09:59,199][0m Trial 706 finished with value: 0.6944227382554584 and parameters: {'n_estimators': 856, 'min_samples_split': 0.010538952751006695, 'min_samples_leaf': 0.00990362847370016, 'min_weight_fraction_leaf': 0.07566368575481608, 'max_features': 0.45099639406446324, 'bootstrap': True, 'max_samples': 0.46235766976326176, 'oob_score': False}. Best is trial 530 with value: 0.696197846611031.[0m
[32m[I 2022-04-21 14:10:06,873][0m Trial 707 finished with value: 0.6933521886157207 and parameters: {'n_estimators': 803, 'min_samples_split': 0.0013559520998887471, 'min_samples_leaf': 0.03487894025907988, 'min_weight_fraction_leaf': 0.058234327136867894, 'max_features': 0.42963388992095547, 'bootstrap': True, 'max_samples': 0.47925693994142493, 'oob_score': False}. Best is trial 530 with value: 0.696197846611031.[0m
[32m[I 2022-04-21 14:10:15,188][0m Trial 708 finished with value: 0.693408580907876 and parameters: {'n_estimators': 848, 'min_samples_split': 0.027852724108306973, 'min_samples_leaf': 0.02008808543317145, 'min_weight_fraction_leaf': 0.08220775544595091, 'max_features': 0.48245090474819907, 'bootstrap': True, 'max_samples': 0.5009445191280816, 'oob_score': False}. Best is trial 530 with value: 0.696197846611031.[0m
[32m[I 2022-04-21 14:10:23,242][0m Trial 709 finished with value: 0.6881846187785379 and parameters: {'n_estimators': 941, 'min_samples_split': 0.012901273028306253, 'min_samples_leaf': 0.008716004483533905, 'min_weight_fraction_leaf': 0.08715892531295333, 'max_features': 0.5044929511294822, 'bootstrap': True, 'max_samples': 0.42457040368394267, 'oob_score': False}. Best is trial 530 with value: 0.696197846611031.[0m
[32m[I 2022-04-21 14:10:32,112][0m Trial 710 finished with value: 0.693429552175006 and parameters: {'n_estimators': 904, 'min_samples_split': 0.019168177704300356, 'min_samples_leaf': 0.026615816754418965, 'min_weight_fraction_leaf': 0.06542914276269172, 'max_features': 0.45900296104580235, 'bootstrap': True, 'max_samples': 0.3814226793641789, 'oob_score': False}. Best is trial 530 with value: 0.696197846611031.[0m
[32m[I 2022-04-21 14:10:39,036][0m Trial 711 finished with value: 0.6944227382554584 and parameters: {'n_estimators': 754, 'min_samples_split': 0.009118176930978777, 'min_samples_leaf': 0.0072765744607949795, 'min_weight_fraction_leaf': 0.07342280334814448, 'max_features': 0.4621897493440435, 'bootstrap': True, 'max_samples': 0.46476125229097026, 'oob_score': False}. Best is trial 530 with value: 0.696197846611031.[0m
[32m[I 2022-04-21 14:10:45,899][0m Trial 712 finished with value: 0.6881846187785379 and parameters: {'n_estimators': 747, 'min_samples_split': 0.01009106683798763, 'min_samples_leaf': 0.018840749467333058, 'min_weight_fraction_leaf': 0.09690196236791856, 'max_features': 0.473650841441368, 'bootstrap': True, 'max_samples': 0.46447344848895483, 'oob_score': False}. Best is trial 530 with value: 0.696197846611031.[0m
[32m[I 2022-04-21 14:10:52,116][0m Trial 713 finished with value: 0.6741730552041677 and parameters: {'n_estimators': 835, 'min_samples_split': 0.37290957460046426, 'min_samples_leaf': 0.0016616299856758183, 'min_weight_fraction_leaf': 0.044909660867904766, 'max_features': 0.41863419487540793, 'bootstrap': True, 'max_samples': 0.41177545710597824, 'oob_score': False}. Best is trial 530 with value: 0.696197846611031.[0m
[32m[I 2022-04-21 14:11:00,490][0m Trial 714 finished with value: 0.693408580907876 and parameters: {'n_estimators': 967, 'min_samples_split': 0.032980003962858884, 'min_samples_leaf': 0.01975605517041518, 'min_weight_fraction_leaf': 0.08035196683518867, 'max_features': 0.5074588247532273, 'bootstrap': True, 'max_samples': 0.4812717440631789, 'oob_score': False}. Best is trial 530 with value: 0.696197846611031.[0m
[32m[I 2022-04-21 14:11:08,202][0m Trial 715 finished with value: 0.6940634742788638 and parameters: {'n_estimators': 875, 'min_samples_split': 0.024569251917530607, 'min_samples_leaf': 0.01634038414650475, 'min_weight_fraction_leaf': 0.055846834688400404, 'max_features': 0.44456531373911196, 'bootstrap': True, 'max_samples': 0.4050451858377255, 'oob_score': False}. Best is trial 530 with value: 0.696197846611031.[0m
[32m[I 2022-04-21 14:11:14,965][0m Trial 716 finished with value: 0.6941762820779724 and parameters: {'n_estimators': 784, 'min_samples_split': 0.017314504172903734, 'min_samples_leaf': 0.010837639005737119, 'min_weight_fraction_leaf': 0.07507790971258, 'max_features': 0.45767416440400654, 'bootstrap': True, 'max_samples': 0.4238377559600325, 'oob_score': False}. Best is trial 530 with value: 0.696197846611031.[0m
[32m[I 2022-04-21 14:11:22,992][0m Trial 717 finished with value: 0.6882934876651793 and parameters: {'n_estimators': 883, 'min_samples_split': 0.001139639950023745, 'min_samples_leaf': 0.03775072562317362, 'min_weight_fraction_leaf': 0.04767923784137525, 'max_features': 0.4125475418163132, 'bootstrap': True, 'max_samples': 0.45256689570491065, 'oob_score': False}. Best is trial 530 with value: 0.696197846611031.[0m
[32m[I 2022-04-21 14:11:29,812][0m Trial 718 finished with value: 0.6916930789031768 and parameters: {'n_estimators': 752, 'min_samples_split': 0.011052175597630479, 'min_samples_leaf': 0.0011006959621218948, 'min_weight_fraction_leaf': 0.0838281739767268, 'max_features': 0.442538376429042, 'bootstrap': True, 'max_samples': 0.4725605946064049, 'oob_score': False}. Best is trial 530 with value: 0.696197846611031.[0m
[32m[I 2022-04-21 14:11:36,698][0m Trial 719 finished with value: 0.5 and parameters: {'n_estimators': 917, 'min_samples_split': 0.020071304420190395, 'min_samples_leaf': 0.02789576260734985, 'min_weight_fraction_leaf': 0.37644255399971854, 'max_features': 0.38550368176561695, 'bootstrap': True, 'max_samples': 0.38386958977353774, 'oob_score': False}. Best is trial 530 with value: 0.696197846611031.[0m
[32m[I 2022-04-21 14:11:44,402][0m Trial 720 finished with value: 0.5 and parameters: {'n_estimators': 978, 'min_samples_split': 0.0015599450787333357, 'min_samples_leaf': 0.2711920641929398, 'min_weight_fraction_leaf': 0.09920616689882075, 'max_features': 0.48299070254864995, 'bootstrap': True, 'max_samples': 0.505952776252131, 'oob_score': False}. Best is trial 530 with value: 0.696197846611031.[0m
[32m[I 2022-04-21 14:11:52,694][0m Trial 721 finished with value: 0.6955005301852422 and parameters: {'n_estimators': 824, 'min_samples_split': 0.010615499252284305, 'min_samples_leaf': 0.0360410010882176, 'min_weight_fraction_leaf': 0.07112879896321715, 'max_features': 0.5164695481680156, 'bootstrap': True, 'max_samples': 0.43845803160230024, 'oob_score': False}. Best is trial 530 with value: 0.696197846611031.[0m
[32m[I 2022-04-21 14:12:00,818][0m Trial 722 finished with value: 0.6933521886157207 and parameters: {'n_estimators': 803, 'min_samples_split': 0.024902354524702748, 'min_samples_leaf': 0.03548582321374564, 'min_weight_fraction_leaf': 0.059009053407854666, 'max_features': 0.5135512307519626, 'bootstrap': True, 'max_samples': 0.43470852504008567, 'oob_score': False}. Best is trial 530 with value: 0.696197846611031.[0m
[32m[I 2022-04-21 14:12:09,221][0m Trial 723 finished with value: 0.6868882993571176 and parameters: {'n_estimators': 786, 'min_samples_split': 0.031008222284321478, 'min_samples_leaf': 0.020506525744351238, 'min_weight_fraction_leaf': 0.046082255913025935, 'max_features': 0.5155537110642805, 'bootstrap': False, 'max_samples': 0.44523147687604714}. Best is trial 530 with value: 0.696197846611031.[0m
[32m[I 2022-04-21 14:12:15,547][0m Trial 724 finished with value: 0.5 and parameters: {'n_estimators': 828, 'min_samples_split': 0.02636141160912131, 'min_samples_leaf': 0.46576319481874545, 'min_weight_fraction_leaf': 0.3556549941700274, 'max_features': 0.5198339152051623, 'bootstrap': True, 'max_samples': 0.40215933189463926, 'oob_score': False}. Best is trial 530 with value: 0.696197846611031.[0m
[32m[I 2022-04-21 14:12:23,884][0m Trial 725 finished with value: 0.692739226171594 and parameters: {'n_estimators': 841, 'min_samples_split': 0.01011756373907296, 'min_samples_leaf': 0.028670418859080345, 'min_weight_fraction_leaf': 0.06805409754706467, 'max_features': 0.521925827298127, 'bootstrap': True, 'max_samples': 0.4199978994021356, 'oob_score': False}. Best is trial 530 with value: 0.696197846611031.[0m
[32m[I 2022-04-21 14:12:33,374][0m Trial 726 finished with value: 0.6928086516566199 and parameters: {'n_estimators': 990, 'min_samples_split': 0.024077289826785017, 'min_samples_leaf': 0.039441130457090676, 'min_weight_fraction_leaf': 0.0874231079157777, 'max_features': 0.4793930235831863, 'bootstrap': True, 'max_samples': 0.48288818522205174, 'oob_score': False}. Best is trial 530 with value: 0.696197846611031.[0m
[32m[I 2022-04-21 14:12:41,167][0m Trial 727 finished with value: 0.6890526211146516 and parameters: {'n_estimators': 814, 'min_samples_split': 0.016974503427358994, 'min_samples_leaf': 0.030322063932736742, 'min_weight_fraction_leaf': 0.05608878785495353, 'max_features': 0.9792363716245112, 'bootstrap': True, 'max_samples': 0.4267002872572273, 'oob_score': False}. Best is trial 530 with value: 0.696197846611031.[0m
[32m[I 2022-04-21 14:12:49,694][0m Trial 728 finished with value: 0.6940634742788638 and parameters: {'n_estimators': 882, 'min_samples_split': 0.03174987010326686, 'min_samples_leaf': 0.015848493267009225, 'min_weight_fraction_leaf': 0.06187193986091175, 'max_features': 0.4867609766142098, 'bootstrap': True, 'max_samples': 0.39946295313118374, 'oob_score': False}. Best is trial 530 with value: 0.696197846611031.[0m
[32m[I 2022-04-21 14:12:56,490][0m Trial 729 finished with value: 0.6955005301852422 and parameters: {'n_estimators': 777, 'min_samples_split': 0.016871669375540372, 'min_samples_leaf': 0.0016461720387616167, 'min_weight_fraction_leaf': 0.07109705017356295, 'max_features': 0.5035569814494303, 'bootstrap': True, 'max_samples': 0.4449690515121778, 'oob_score': False}. Best is trial 530 with value: 0.696197846611031.[0m
[32m[I 2022-04-21 14:12:59,351][0m Trial 730 finished with value: 0.6848338548483341 and parameters: {'n_estimators': 172, 'min_samples_split': 0.03993509255508664, 'min_samples_leaf': 0.008983753477842641, 'min_weight_fraction_leaf': 0.04566384320375609, 'max_features': 0.5279459789472167, 'bootstrap': True, 'max_samples': 0.44219899541168967, 'oob_score': False}. Best is trial 530 with value: 0.696197846611031.[0m
[32m[I 2022-04-21 14:13:06,253][0m Trial 731 finished with value: 0.6944227382554584 and parameters: {'n_estimators': 753, 'min_samples_split': 0.012506158984022495, 'min_samples_leaf': 0.00799798539446582, 'min_weight_fraction_leaf': 0.07481842231355104, 'max_features': 0.46657598479948775, 'bootstrap': True, 'max_samples': 0.4654005197319042, 'oob_score': False}. Best is trial 530 with value: 0.696197846611031.[0m
[32m[I 2022-04-21 14:13:13,020][0m Trial 732 finished with value: 0.6885605849888962 and parameters: {'n_estimators': 814, 'min_samples_split': 0.05375357998663603, 'min_samples_leaf': 0.0020005316048708494, 'min_weight_fraction_leaf': 0.09369006729827142, 'max_features': 0.5022545289591589, 'bootstrap': True, 'max_samples': 0.41141598562326764, 'oob_score': False}. Best is trial 530 with value: 0.696197846611031.[0m
[32m[I 2022-04-21 14:13:18,445][0m Trial 733 finished with value: 0.6746430366785507 and parameters: {'n_estimators': 812, 'min_samples_split': 0.01079296745711218, 'min_samples_leaf': 0.14769380459089876, 'min_weight_fraction_leaf': 0.07942727855283069, 'max_features': 0.4994445890855007, 'bootstrap': True, 'max_samples': 0.48965546886934336, 'oob_score': False}. Best is trial 530 with value: 0.696197846611031.[0m
[32m[I 2022-04-21 14:13:25,075][0m Trial 734 finished with value: 0.6915828047693691 and parameters: {'n_estimators': 764, 'min_samples_split': 0.016987485589334397, 'min_samples_leaf': 0.0010890298376571815, 'min_weight_fraction_leaf': 0.06442178340829643, 'max_features': 0.3980495451997799, 'bootstrap': True, 'max_samples': 0.3804139229843686, 'oob_score': False}. Best is trial 530 with value: 0.696197846611031.[0m
[32m[I 2022-04-21 14:13:32,355][0m Trial 735 finished with value: 0.6920843328006062 and parameters: {'n_estimators': 737, 'min_samples_split': 0.02387415753336622, 'min_samples_leaf': 0.0015195936149413154, 'min_weight_fraction_leaf': 0.07887359625836748, 'max_features': 0.525216057699117, 'bootstrap': True, 'max_samples': 0.4753159536949875, 'oob_score': False}. Best is trial 530 with value: 0.696197846611031.[0m
[32m[I 2022-04-21 14:13:37,952][0m Trial 736 finished with value: 0.5 and parameters: {'n_estimators': 758, 'min_samples_split': 0.44899356348245656, 'min_samples_leaf': 0.2077296821901213, 'min_weight_fraction_leaf': 0.09123419603743634, 'max_features': 0.49520388317132086, 'bootstrap': True, 'max_samples': 0.42600381879771415, 'oob_score': False}. Best is trial 530 with value: 0.696197846611031.[0m
[32m[I 2022-04-21 14:13:43,695][0m Trial 737 finished with value: 0.5 and parameters: {'n_estimators': 773, 'min_samples_split': 0.03390813588089444, 'min_samples_leaf': 0.011872674242198554, 'min_weight_fraction_leaf': 0.07511739971232347, 'max_features': 0.42740082076457814, 'bootstrap': True, 'max_samples': 0.07491054547580084, 'oob_score': False}. Best is trial 530 with value: 0.696197846611031.[0m
[32m[I 2022-04-21 14:13:50,664][0m Trial 738 finished with value: 0.6906737120495322 and parameters: {'n_estimators': 789, 'min_samples_split': 0.019323120434003964, 'min_samples_leaf': 0.02774656217844529, 'min_weight_fraction_leaf': 0.05454314114648283, 'max_features': 0.5160660503538953, 'bootstrap': True, 'max_samples': 0.4421767438469446, 'oob_score': False}. Best is trial 530 with value: 0.696197846611031.[0m
[32m[I 2022-04-21 14:13:58,179][0m Trial 739 finished with value: 0.6940634742788638 and parameters: {'n_estimators': 735, 'min_samples_split': 0.011881556444127207, 'min_samples_leaf': 0.017369762706547564, 'min_weight_fraction_leaf': 0.07145955043087851, 'max_features': 0.4745781198355626, 'bootstrap': True, 'max_samples': 0.4554527884112614, 'oob_score': False}. Best is trial 530 with value: 0.696197846611031.[0m
[32m[I 2022-04-21 14:14:05,966][0m Trial 740 finished with value: 0.6911051757325264 and parameters: {'n_estimators': 847, 'min_samples_split': 0.001477816328389869, 'min_samples_leaf': 0.013964172355453863, 'min_weight_fraction_leaf': 0.04357936527589469, 'max_features': 0.5273245406043324, 'bootstrap': True, 'max_samples': 0.3999089830563911, 'oob_score': False}. Best is trial 530 with value: 0.696197846611031.[0m
