[32m[I 2022-04-21 11:57:00,984][0m Trial 270 finished with value: 0.8426442432752064 and parameters: {'n_estimators': 350, 'min_samples_split': 0.2986576137272379, 'min_samples_leaf': 0.16840613981062083, 'min_weight_fraction_leaf': 0.20697578243751188, 'max_features': 0.019755823357870402, 'bootstrap': False, 'max_samples': 0.6916301200186431}. Best is trial 50 with value: 0.8427903724166675.[0m
[32m[I 2022-04-21 11:57:06,231][0m Trial 271 finished with value: 0.8423083212244602 and parameters: {'n_estimators': 597, 'min_samples_split': 0.23618864577432183, 'min_samples_leaf': 0.1676313305814741, 'min_weight_fraction_leaf': 0.12915060559876188, 'max_features': 0.05480793866241834, 'bootstrap': False, 'max_samples': 0.4685488831190428}. Best is trial 50 with value: 0.8427903724166675.[0m
[32m[I 2022-04-21 11:57:09,549][0m Trial 272 finished with value: 0.839201170342092 and parameters: {'n_estimators': 250, 'min_samples_split': 0.22988087209689206, 'min_samples_leaf': 0.1629484593074046, 'min_weight_fraction_leaf': 0.15110426798169257, 'max_features': 0.04968670415493048, 'bootstrap': False, 'max_samples': 0.4495361842886798}. Best is trial 50 with value: 0.8427903724166675.[0m
[32m[I 2022-04-21 11:57:12,544][0m Trial 273 finished with value: 0.8426442432752064 and parameters: {'n_estimators': 274, 'min_samples_split': 0.2688668254894209, 'min_samples_leaf': 0.19336279110988708, 'min_weight_fraction_leaf': 0.014146490671493438, 'max_features': 0.009921197215521458, 'bootstrap': False, 'max_samples': 0.410317267794244}. Best is trial 50 with value: 0.8427903724166675.[0m
[32m[I 2022-04-21 11:57:15,530][0m Trial 274 finished with value: 0.8426442432752064 and parameters: {'n_estimators': 289, 'min_samples_split': 0.27414238299959587, 'min_samples_leaf': 0.20058589201986946, 'min_weight_fraction_leaf': 0.031250497864084764, 'max_features': 0.008298211949478856, 'bootstrap': False, 'max_samples': 0.42766160471978476}. Best is trial 50 with value: 0.8427903724166675.[0m
[32m[I 2022-04-21 11:57:19,366][0m Trial 275 finished with value: 0.8381885072369828 and parameters: {'n_estimators': 422, 'min_samples_split': 0.15744129343492022, 'min_samples_leaf': 0.15292026285792085, 'min_weight_fraction_leaf': 0.14413537766591034, 'max_features': 0.11296066016341273, 'bootstrap': False, 'max_samples': 0.6488889254795964}. Best is trial 50 with value: 0.8427903724166675.[0m
[32m[I 2022-04-21 11:57:22,166][0m Trial 276 finished with value: 0.8423083212244602 and parameters: {'n_estimators': 232, 'min_samples_split': 0.2392504833803831, 'min_samples_leaf': 0.17317136327996702, 'min_weight_fraction_leaf': 0.12033372316452684, 'max_features': 0.24217730003244733, 'bootstrap': False, 'max_samples': 0.3461841132276326}. Best is trial 50 with value: 0.8427903724166675.[0m
[32m[I 2022-04-21 11:57:27,516][0m Trial 277 finished with value: 0.8427903724166675 and parameters: {'n_estimators': 641, 'min_samples_split': 0.25122699429889833, 'min_samples_leaf': 0.17434161967838147, 'min_weight_fraction_leaf': 0.13719893035012523, 'max_features': 0.1483662415465792, 'bootstrap': False, 'max_samples': 0.35739476278384447}. Best is trial 50 with value: 0.8427903724166675.[0m
[32m[I 2022-04-21 11:57:29,826][0m Trial 278 finished with value: 0.8426442432752064 and parameters: {'n_estimators': 218, 'min_samples_split': 0.24834686784573717, 'min_samples_leaf': 0.18934973363479274, 'min_weight_fraction_leaf': 0.12833321205775083, 'max_features': 0.1383371473836153, 'bootstrap': False, 'max_samples': 0.3375773612628685}. Best is trial 50 with value: 0.8427903724166675.[0m
[32m[I 2022-04-21 11:57:32,276][0m Trial 279 finished with value: 0.8427903724166675 and parameters: {'n_estimators': 186, 'min_samples_split': 0.23260664732597866, 'min_samples_leaf': 0.1753794640708235, 'min_weight_fraction_leaf': 0.13816036031023876, 'max_features': 0.08894113734470521, 'bootstrap': False, 'max_samples': 0.3934682753546045}. Best is trial 50 with value: 0.8427903724166675.[0m
[32m[I 2022-04-21 11:57:35,049][0m Trial 280 finished with value: 0.8427903724166675 and parameters: {'n_estimators': 204, 'min_samples_split': 0.26038622570623665, 'min_samples_leaf': 0.1783090321470119, 'min_weight_fraction_leaf': 0.11879315920929133, 'max_features': 0.19829861221842082, 'bootstrap': False, 'max_samples': 0.3782133322042484}. Best is trial 50 with value: 0.8427903724166675.[0m
[32m[I 2022-04-21 11:57:37,568][0m Trial 281 finished with value: 0.839201170342092 and parameters: {'n_estimators': 178, 'min_samples_split': 0.34311358933981223, 'min_samples_leaf': 0.13737585531109095, 'min_weight_fraction_leaf': 0.16545726023898993, 'max_features': 0.033041494842723104, 'bootstrap': False, 'max_samples': 0.42691751345129614}. Best is trial 50 with value: 0.8427903724166675.[0m
[32m[I 2022-04-21 11:57:43,919][0m Trial 282 finished with value: 0.839201170342092 and parameters: {'n_estimators': 707, 'min_samples_split': 0.2864737074898142, 'min_samples_leaf': 0.1621850519358083, 'min_weight_fraction_leaf': 0.11238406069069527, 'max_features': 0.17150449454647332, 'bootstrap': False, 'max_samples': 0.38283531134985627}. Best is trial 50 with value: 0.8427903724166675.[0m
[32m[I 2022-04-21 11:57:47,057][0m Trial 283 finished with value: 0.8426442432752064 and parameters: {'n_estimators': 264, 'min_samples_split': 0.28076549615905766, 'min_samples_leaf': 0.18236524972365983, 'min_weight_fraction_leaf': 0.10378208085896945, 'max_features': 0.17535005084536417, 'bootstrap': False, 'max_samples': 0.36318050064294927}. Best is trial 50 with value: 0.8427903724166675.[0m
[32m[I 2022-04-21 11:57:50,478][0m Trial 284 finished with value: 0.8426442432752064 and parameters: {'n_estimators': 326, 'min_samples_split': 0.22124907356448592, 'min_samples_leaf': 0.20582543166107573, 'min_weight_fraction_leaf': 0.1562486783121506, 'max_features': 0.058182725734223346, 'bootstrap': False, 'max_samples': 0.4169556154635467}. Best is trial 50 with value: 0.8427903724166675.[0m
[32m[I 2022-04-21 11:57:53,813][0m Trial 285 finished with value: 0.65 and parameters: {'n_estimators': 253, 'min_samples_split': 0.24751371460122784, 'min_samples_leaf': 0.3748679934242482, 'min_weight_fraction_leaf': 0.1495200649844523, 'max_features': 0.08345382278948375, 'bootstrap': False, 'max_samples': 0.39939903969422247}. Best is trial 50 with value: 0.8427903724166675.[0m
[32m[I 2022-04-21 11:57:58,068][0m Trial 286 finished with value: 0.8426442432752064 and parameters: {'n_estimators': 442, 'min_samples_split': 0.19907334237421614, 'min_samples_leaf': 0.11203611938762084, 'min_weight_fraction_leaf': 0.18233332217562895, 'max_features': 0.042366701809160884, 'bootstrap': False, 'max_samples': 0.4512297809183515}. Best is trial 50 with value: 0.8427903724166675.[0m
[32m[I 2022-04-21 11:58:04,301][0m Trial 287 finished with value: 0.8412773195970162 and parameters: {'n_estimators': 391, 'min_samples_split': 0.1744057193435809, 'min_samples_leaf': 0.12845898722763177, 'min_weight_fraction_leaf': 0.17575569529014798, 'max_features': 0.03002723692524182, 'bootstrap': True, 'max_samples': 0.7075089744011799, 'oob_score': True}. Best is trial 50 with value: 0.8427903724166675.[0m
[32m[I 2022-04-21 11:58:11,237][0m Trial 288 finished with value: 0.8423083212244602 and parameters: {'n_estimators': 806, 'min_samples_split': 0.24772994972847323, 'min_samples_leaf': 0.1716270271327837, 'min_weight_fraction_leaf': 0.021409100951491327, 'max_features': 0.09723430036658974, 'bootstrap': False, 'max_samples': 0.529418227229818}. Best is trial 50 with value: 0.8427903724166675.[0m
[32m[I 2022-04-21 11:58:14,140][0m Trial 289 finished with value: 0.839201170342092 and parameters: {'n_estimators': 225, 'min_samples_split': 0.30426453225329275, 'min_samples_leaf': 0.16128235001499927, 'min_weight_fraction_leaf': 0.04923620288877201, 'max_features': 0.0640446939763036, 'bootstrap': False, 'max_samples': 0.4912496843782675}. Best is trial 50 with value: 0.8427903724166675.[0m
[32m[I 2022-04-21 11:58:19,262][0m Trial 290 finished with value: 0.8426442432752064 and parameters: {'n_estimators': 667, 'min_samples_split': 0.269785966817961, 'min_samples_leaf': 0.19281372611792846, 'min_weight_fraction_leaf': 0.08100306388996287, 'max_features': 0.00680666112476376, 'bootstrap': False, 'max_samples': 0.47124678789644303}. Best is trial 50 with value: 0.8427903724166675.[0m
[32m[I 2022-04-21 11:58:22,438][0m Trial 291 finished with value: 0.8426442432752064 and parameters: {'n_estimators': 319, 'min_samples_split': 0.2132453520226971, 'min_samples_leaf': 0.18763868506121087, 'min_weight_fraction_leaf': 0.06591217494553743, 'max_features': 0.07002708152633136, 'bootstrap': False, 'max_samples': 0.42803270389005804}. Best is trial 50 with value: 0.8427903724166675.[0m
[32m[I 2022-04-21 11:58:25,958][0m Trial 292 finished with value: 0.8426442432752064 and parameters: {'n_estimators': 304, 'min_samples_split': 0.2240232597565351, 'min_samples_leaf': 0.1831304573137468, 'min_weight_fraction_leaf': 0.15456402728263463, 'max_features': 0.05414998916101831, 'bootstrap': False, 'max_samples': 0.4504887469348117}. Best is trial 50 with value: 0.8427903724166675.[0m
[32m[I 2022-04-21 11:58:30,557][0m Trial 293 finished with value: 0.8385082943467893 and parameters: {'n_estimators': 525, 'min_samples_split': 0.29382883025710094, 'min_samples_leaf': 0.15101391490226293, 'min_weight_fraction_leaf': 0.14516614304469955, 'max_features': 0.1238951387058515, 'bootstrap': False, 'max_samples': 0.4025803673770728}. Best is trial 50 with value: 0.8427903724166675.[0m
[32m[I 2022-04-21 11:58:34,424][0m Trial 294 finished with value: 0.8426442432752064 and parameters: {'n_estimators': 339, 'min_samples_split': 0.18730920898504216, 'min_samples_leaf': 0.13374141464658765, 'min_weight_fraction_leaf': 0.19334200528428952, 'max_features': 0.07726780142586592, 'bootstrap': False, 'max_samples': 0.43858860696422286}. Best is trial 50 with value: 0.8427903724166675.[0m
[32m[I 2022-04-21 11:58:38,165][0m Trial 295 finished with value: 0.8426442432752064 and parameters: {'n_estimators': 364, 'min_samples_split': 0.17037347466202418, 'min_samples_leaf': 0.14167682765867295, 'min_weight_fraction_leaf': 0.18518192209164616, 'max_features': 0.043551686784115425, 'bootstrap': False, 'max_samples': 0.7360000432877813}. Best is trial 50 with value: 0.8427903724166675.[0m
[32m[I 2022-04-21 11:58:42,053][0m Trial 296 finished with value: 0.8427903724166675 and parameters: {'n_estimators': 376, 'min_samples_split': 0.1793632310019175, 'min_samples_leaf': 0.12648348833184103, 'min_weight_fraction_leaf': 0.17522341722227938, 'max_features': 0.028898618690561807, 'bootstrap': False, 'max_samples': 0.6112381667741904}. Best is trial 50 with value: 0.8427903724166675.[0m
[32m[I 2022-04-21 11:58:46,181][0m Trial 297 finished with value: 0.8423083212244602 and parameters: {'n_estimators': 406, 'min_samples_split': 0.1967041215809656, 'min_samples_leaf': 0.09833701578005682, 'min_weight_fraction_leaf': 0.170595681870785, 'max_features': 0.030193034146942688, 'bootstrap': False, 'max_samples': 0.6040443536441569}. Best is trial 50 with value: 0.8427903724166675.[0m
[32m[I 2022-04-21 11:58:49,169][0m Trial 298 finished with value: 0.8423083212244602 and parameters: {'n_estimators': 202, 'min_samples_split': 0.23198021824994766, 'min_samples_leaf': 0.1695356702643231, 'min_weight_fraction_leaf': 0.13223030137400993, 'max_features': 0.101226587527506, 'bootstrap': False, 'max_samples': 0.37778415434769225}. Best is trial 50 with value: 0.8427903724166675.[0m
[32m[I 2022-04-21 11:58:55,250][0m Trial 299 finished with value: 0.8381885072369828 and parameters: {'n_estimators': 704, 'min_samples_split': 0.2676372966336114, 'min_samples_leaf': 0.1564949850893454, 'min_weight_fraction_leaf': 0.11170502326221278, 'max_features': 0.11605219346479385, 'bootstrap': False, 'max_samples': 0.38433257702646484}. Best is trial 50 with value: 0.8427903724166675.[0m
[32m[I 2022-04-21 11:59:00,019][0m Trial 300 finished with value: 0.8427903724166675 and parameters: {'n_estimators': 621, 'min_samples_split': 0.27419828367603916, 'min_samples_leaf': 0.1740107305563826, 'min_weight_fraction_leaf': 0.009654813023939498, 'max_features': 9.632100654327611e-06, 'bootstrap': False, 'max_samples': 0.4082616594991751}. Best is trial 50 with value: 0.8427903724166675.[0m
[32m[I 2022-04-21 11:59:05,078][0m Trial 301 finished with value: 0.7318450474400788 and parameters: {'n_estimators': 569, 'min_samples_split': 0.2599917348459447, 'min_samples_leaf': 0.1675801627153212, 'min_weight_fraction_leaf': 0.28641285385657156, 'max_features': 0.15153259420070064, 'bootstrap': False, 'max_samples': 0.39715317208395395}. Best is trial 50 with value: 0.8427903724166675.[0m
[32m[I 2022-04-21 11:59:10,546][0m Trial 302 finished with value: 0.65 and parameters: {'n_estimators': 656, 'min_samples_split': 0.3242237981652162, 'min_samples_leaf': 0.15220731797819703, 'min_weight_fraction_leaf': 0.3619872976846294, 'max_features': 0.15106784336210005, 'bootstrap': False, 'max_samples': 0.3527424912771689}. Best is trial 50 with value: 0.8427903724166675.[0m
[32m[I 2022-04-21 11:59:18,094][0m Trial 303 finished with value: 0.8426442432752064 and parameters: {'n_estimators': 986, 'min_samples_split': 0.24234517764690822, 'min_samples_leaf': 0.197758447134784, 'min_weight_fraction_leaf': 0.13795365552261826, 'max_features': 0.08804343863421203, 'bootstrap': False, 'max_samples': 0.6666135971651884}. Best is trial 50 with value: 0.8427903724166675.[0m
[32m[I 2022-04-21 11:59:24,246][0m Trial 304 finished with value: 0.8427903724166675 and parameters: {'n_estimators': 721, 'min_samples_split': 0.2838555642236254, 'min_samples_leaf': 0.1781700122727884, 'min_weight_fraction_leaf': 0.09913724144215527, 'max_features': 0.18454840598049965, 'bootstrap': False, 'max_samples': 0.5015102878158615}. Best is trial 50 with value: 0.8427903724166675.[0m
[32m[I 2022-04-21 11:59:29,473][0m Trial 305 finished with value: 0.8391058938607285 and parameters: {'n_estimators': 462, 'min_samples_split': 0.13662704960239902, 'min_samples_leaf': 0.1447441494271823, 'min_weight_fraction_leaf': 0.1653980091095663, 'max_features': 0.4480076429335316, 'bootstrap': False, 'max_samples': 0.6372164313368448}. Best is trial 50 with value: 0.8427903724166675.[0m
[32m[I 2022-04-21 11:59:33,121][0m Trial 306 finished with value: 0.7318450474400788 and parameters: {'n_estimators': 260, 'min_samples_split': 0.2894850463925353, 'min_samples_leaf': 0.21300361419413252, 'min_weight_fraction_leaf': 0.02964389244538467, 'max_features': 0.22825695861000378, 'bootstrap': True, 'max_samples': 0.8773081793867559, 'oob_score': False}. Best is trial 50 with value: 0.8427903724166675.[0m
[32m[I 2022-04-21 11:59:35,836][0m Trial 307 finished with value: 0.8427903724166675 and parameters: {'n_estimators': 190, 'min_samples_split': 0.2994586597079042, 'min_samples_leaf': 0.17968350499538335, 'min_weight_fraction_leaf': 0.12066415503857979, 'max_features': 0.26776472859310996, 'bootstrap': False, 'max_samples': 0.5526529171673968}. Best is trial 50 with value: 0.8427903724166675.[0m
[32m[I 2022-04-21 11:59:42,878][0m Trial 308 finished with value: 0.8426442432752064 and parameters: {'n_estimators': 748, 'min_samples_split': 0.21933718298188987, 'min_samples_leaf': 0.1894570050541104, 'min_weight_fraction_leaf': 0.12461368548860392, 'max_features': 0.07923154936986387, 'bootstrap': False, 'max_samples': 0.4719673762269705}. Best is trial 50 with value: 0.8427903724166675.[0m
[32m[I 2022-04-21 11:59:45,904][0m Trial 309 finished with value: 0.839201170342092 and parameters: {'n_estimators': 244, 'min_samples_split': 0.253948355097391, 'min_samples_leaf': 0.16021931209789514, 'min_weight_fraction_leaf': 0.10736377883869784, 'max_features': 0.16740947395966913, 'bootstrap': False, 'max_samples': 0.35691815110572817}. Best is trial 50 with value: 0.8427903724166675.[0m
[32m[I 2022-04-21 11:59:49,401][0m Trial 310 finished with value: 0.8407851066675323 and parameters: {'n_estimators': 297, 'min_samples_split': 0.149570451991497, 'min_samples_leaf': 0.10905836139742445, 'min_weight_fraction_leaf': 0.09471895807743998, 'max_features': 0.1912787129713444, 'bootstrap': False, 'max_samples': 0.5859757739246338}. Best is trial 50 with value: 0.8427903724166675.[0m
[32m[I 2022-04-21 11:59:52,736][0m Trial 311 finished with value: 0.8399574516004886 and parameters: {'n_estimators': 283, 'min_samples_split': 0.15546132640041802, 'min_samples_leaf': 0.12242111643321972, 'min_weight_fraction_leaf': 0.015371253744451854, 'max_features': 0.012200267720043796, 'bootstrap': False, 'max_samples': 0.4157365284525741}. Best is trial 50 with value: 0.8427903724166675.[0m
[32m[I 2022-04-21 11:59:56,171][0m Trial 312 finished with value: 0.8350098958640917 and parameters: {'n_estimators': 310, 'min_samples_split': 0.162764833346706, 'min_samples_leaf': 0.1316942213517851, 'min_weight_fraction_leaf': 0.026473552810662535, 'max_features': 0.0053878328487293944, 'bootstrap': False, 'max_samples': 0.6659575387717059}. Best is trial 50 with value: 0.8427903724166675.[0m
[32m[I 2022-04-21 11:59:59,313][0m Trial 313 finished with value: 0.8426442432752064 and parameters: {'n_estimators': 321, 'min_samples_split': 0.2099250359948516, 'min_samples_leaf': 0.19886891198797563, 'min_weight_fraction_leaf': 0.1318760147018089, 'max_features': 0.06935358602702034, 'bootstrap': False, 'max_samples': 0.4245982263976271}. Best is trial 50 with value: 0.8427903724166675.[0m
[32m[I 2022-04-21 12:00:02,963][0m Trial 314 finished with value: 0.8426442432752064 and parameters: {'n_estimators': 304, 'min_samples_split': 0.20241181188639737, 'min_samples_leaf': 0.1882449830602086, 'min_weight_fraction_leaf': 0.1443881110783679, 'max_features': 0.053281378736409424, 'bootstrap': False, 'max_samples': 0.4659487931546963}. Best is trial 50 with value: 0.8427903724166675.[0m
[32m[I 2022-04-21 12:00:05,887][0m Trial 315 finished with value: 0.7069750683934998 and parameters: {'n_estimators': 205, 'min_samples_split': 0.09328168311577179, 'min_samples_leaf': 0.18418990556171477, 'min_weight_fraction_leaf': 0.3126842579368188, 'max_features': 0.12643027395733425, 'bootstrap': False, 'max_samples': 0.37773646366056374}. Best is trial 50 with value: 0.8427903724166675.[0m
[32m[I 2022-04-21 12:00:12,026][0m Trial 316 finished with value: 0.8421627375642503 and parameters: {'n_estimators': 764, 'min_samples_split': 0.23506977720629374, 'min_samples_leaf': 0.171922301193331, 'min_weight_fraction_leaf': 0.11550588583169183, 'max_features': 0.20076308830823958, 'bootstrap': False, 'max_samples': 0.3868997668836474}. Best is trial 50 with value: 0.8427903724166675.[0m
[32m[I 2022-04-21 12:00:15,432][0m Trial 317 finished with value: 0.8416086371305058 and parameters: {'n_estimators': 257, 'min_samples_split': 0.27137518691557516, 'min_samples_leaf': 0.0734296111692222, 'min_weight_fraction_leaf': 0.0006891122475835669, 'max_features': 0.17374411342586873, 'bootstrap': False, 'max_samples': 0.516068384946475}. Best is trial 50 with value: 0.8427903724166675.[0m
[32m[I 2022-04-21 12:00:18,114][0m Trial 318 finished with value: 0.8423083212244602 and parameters: {'n_estimators': 235, 'min_samples_split': 0.27264386662688106, 'min_samples_leaf': 0.17287312465929502, 'min_weight_fraction_leaf': 0.0417777258679873, 'max_features': 0.17005959874283716, 'bootstrap': False, 'max_samples': 0.48298348143702713}. Best is trial 50 with value: 0.8427903724166675.[0m
[32m[I 2022-04-21 12:00:21,421][0m Trial 319 finished with value: 0.839201170342092 and parameters: {'n_estimators': 346, 'min_samples_split': 0.11638342105802787, 'min_samples_leaf': 0.16468091380567756, 'min_weight_fraction_leaf': 0.01722772363634444, 'max_features': 0.017848852397549263, 'bootstrap': False, 'max_samples': 0.7047739502699406}. Best is trial 50 with value: 0.8427903724166675.[0m
[32m[I 2022-04-21 12:00:24,281][0m Trial 320 finished with value: 0.8426442432752064 and parameters: {'n_estimators': 239, 'min_samples_split': 0.29187016761618073, 'min_samples_leaf': 0.19700994495491153, 'min_weight_fraction_leaf': 0.15735713893162798, 'max_features': 0.12323680159323354, 'bootstrap': False, 'max_samples': 0.6778459482797421}. Best is trial 50 with value: 0.8427903724166675.[0m
[32m[I 2022-04-21 12:00:29,470][0m Trial 321 finished with value: 0.6744920180162803 and parameters: {'n_estimators': 677, 'min_samples_split': 0.2256089177027287, 'min_samples_leaf': 0.33598034070144245, 'min_weight_fraction_leaf': 0.128717016931791, 'max_features': 0.06004436470272714, 'bootstrap': False, 'max_samples': 0.4379161997726562}. Best is trial 50 with value: 0.8427903724166675.[0m
[32m[I 2022-04-21 12:00:34,937][0m Trial 322 finished with value: 0.8427903724166675 and parameters: {'n_estimators': 709, 'min_samples_split': 0.28422447827220687, 'min_samples_leaf': 0.18021272847720143, 'min_weight_fraction_leaf': 0.005887673537195361, 'max_features': 0.15870242357994654, 'bootstrap': False, 'max_samples': 0.54019523749432}. Best is trial 50 with value: 0.8427903724166675.[0m
[32m[I 2022-04-21 12:00:38,238][0m Trial 323 finished with value: 0.8426442432752064 and parameters: {'n_estimators': 270, 'min_samples_split': 0.28304204830830176, 'min_samples_leaf': 0.1815386753178471, 'min_weight_fraction_leaf': 0.015064880493317123, 'max_features': 0.23161906046217803, 'bootstrap': False, 'max_samples': 0.5391676593356068}. Best is trial 50 with value: 0.8427903724166675.[0m
