[32m[I 2022-04-21 12:49:51,214][0m Trial 65 finished with value: 0.6837472988064728 and parameters: {'n_estimators': 840, 'min_samples_split': 0.4300454280434296, 'min_samples_leaf': 0.09695327606716929, 'min_weight_fraction_leaf': 0.3074971610718486, 'max_features': 0.24215484175346985, 'bootstrap': True, 'max_samples': 0.9647278400419427, 'oob_score': False}. Best is trial 34 with value: 0.6897833253184376.[0m
[32m[I 2022-04-21 12:49:57,076][0m Trial 66 finished with value: 0.684418674496893 and parameters: {'n_estimators': 553, 'min_samples_split': 0.3768222224491595, 'min_samples_leaf': 0.08168544407402578, 'min_weight_fraction_leaf': 0.07230114683494909, 'max_features': 0.6678783791730006, 'bootstrap': True, 'max_samples': 0.8833312669199149, 'oob_score': False}. Best is trial 34 with value: 0.6897833253184376.[0m
[32m[I 2022-04-21 12:50:05,281][0m Trial 67 finished with value: 0.6738992676562884 and parameters: {'n_estimators': 875, 'min_samples_split': 0.41016122751652573, 'min_samples_leaf': 0.14358586813365357, 'min_weight_fraction_leaf': 0.143723380862398, 'max_features': 0.864553365567285, 'bootstrap': False, 'max_samples': 0.8293355345009824}. Best is trial 34 with value: 0.6897833253184376.[0m
[32m[I 2022-04-21 12:50:07,351][0m Trial 68 finished with value: 0.6837472988064728 and parameters: {'n_estimators': 101, 'min_samples_split': 0.39459701192062124, 'min_samples_leaf': 0.16486160683449025, 'min_weight_fraction_leaf': 0.013779103813341203, 'max_features': 0.786012053702636, 'bootstrap': True, 'max_samples': 0.9205962516794417, 'oob_score': False}. Best is trial 34 with value: 0.6897833253184376.[0m
[32m[I 2022-04-21 12:50:11,837][0m Trial 69 finished with value: 0.5825234744592495 and parameters: {'n_estimators': 411, 'min_samples_split': 0.4822144108461055, 'min_samples_leaf': 0.25922316140967144, 'min_weight_fraction_leaf': 0.0975135906243276, 'max_features': 0.705438287225779, 'bootstrap': True, 'max_samples': 0.9760514273287221, 'oob_score': False}. Best is trial 34 with value: 0.6897833253184376.[0m
[32m[I 2022-04-21 12:50:22,361][0m Trial 70 finished with value: 0.5 and parameters: {'n_estimators': 658, 'min_samples_split': 0.3603481207541871, 'min_samples_leaf': 0.18850753314436366, 'min_weight_fraction_leaf': 0.03977559262261219, 'max_features': 0.6170641213191285, 'bootstrap': True, 'max_samples': 0.20958191611660976, 'oob_score': True}. Best is trial 34 with value: 0.6897833253184376.[0m
[32m[I 2022-04-21 12:50:27,228][0m Trial 71 finished with value: 0.6801765348212867 and parameters: {'n_estimators': 375, 'min_samples_split': 0.39475746465708245, 'min_samples_leaf': 0.05427411956349791, 'min_weight_fraction_leaf': 0.07412711431533898, 'max_features': 0.7629318893471556, 'bootstrap': True, 'max_samples': 0.9163158274619604, 'oob_score': False}. Best is trial 34 with value: 0.6897833253184376.[0m
[32m[I 2022-04-21 12:50:36,485][0m Trial 72 finished with value: 0.6834724542087167 and parameters: {'n_estimators': 980, 'min_samples_split': 0.43399690953232123, 'min_samples_leaf': 0.08523235605204219, 'min_weight_fraction_leaf': 0.058714819907126195, 'max_features': 0.8187282304327692, 'bootstrap': True, 'max_samples': 0.9470601728490279, 'oob_score': False}. Best is trial 34 with value: 0.6897833253184376.[0m
[32m[I 2022-04-21 12:50:40,486][0m Trial 73 finished with value: 0.6829393705674912 and parameters: {'n_estimators': 372, 'min_samples_split': 0.41079797903131143, 'min_samples_leaf': 0.104166831540311, 'min_weight_fraction_leaf': 0.13090699334006806, 'max_features': 0.9649704636382048, 'bootstrap': True, 'max_samples': 0.8510510483259496, 'oob_score': False}. Best is trial 34 with value: 0.6897833253184376.[0m
[32m[I 2022-04-21 12:50:43,594][0m Trial 74 finished with value: 0.5 and parameters: {'n_estimators': 297, 'min_samples_split': 0.3726508184056619, 'min_samples_leaf': 0.28027308696279685, 'min_weight_fraction_leaf': 0.11470139698173853, 'max_features': 0.7513560774829784, 'bootstrap': True, 'max_samples': 0.8062200778825789, 'oob_score': False}. Best is trial 34 with value: 0.6897833253184376.[0m
[32m[I 2022-04-21 12:50:48,443][0m Trial 75 finished with value: 0.6806965486889911 and parameters: {'n_estimators': 444, 'min_samples_split': 0.44875347707931357, 'min_samples_leaf': 0.014313094809339108, 'min_weight_fraction_leaf': 0.08140103799166273, 'max_features': 0.7806896380227598, 'bootstrap': True, 'max_samples': 0.8994516019786769, 'oob_score': False}. Best is trial 34 with value: 0.6897833253184376.[0m
[32m[I 2022-04-21 12:50:53,058][0m Trial 76 finished with value: 0.6771226586990071 and parameters: {'n_estimators': 324, 'min_samples_split': 0.16663685744654683, 'min_samples_leaf': 0.042462066645536034, 'min_weight_fraction_leaf': 0.15500632716479543, 'max_features': 0.9213568805826929, 'bootstrap': True, 'max_samples': 0.9296431431279096, 'oob_score': False}. Best is trial 34 with value: 0.6897833253184376.[0m
[32m[I 2022-04-21 12:50:56,320][0m Trial 77 finished with value: 0.68568246359994 and parameters: {'n_estimators': 260, 'min_samples_split': 0.340313229718855, 'min_samples_leaf': 0.1356032996271145, 'min_weight_fraction_leaf': 0.04094755804065303, 'max_features': 0.5651999058115172, 'bootstrap': True, 'max_samples': 0.9988590065970735, 'oob_score': False}. Best is trial 34 with value: 0.6897833253184376.[0m
[32m[I 2022-04-21 12:51:00,981][0m Trial 78 finished with value: 0.6737540220845987 and parameters: {'n_estimators': 507, 'min_samples_split': 0.40076216785484375, 'min_samples_leaf': 0.07337906589762358, 'min_weight_fraction_leaf': 0.22905893859388907, 'max_features': 0.8651299975261268, 'bootstrap': False, 'max_samples': 0.6975457411786454}. Best is trial 34 with value: 0.6897833253184376.[0m
[32m[I 2022-04-21 12:51:03,172][0m Trial 79 finished with value: 0.5 and parameters: {'n_estimators': 116, 'min_samples_split': 0.4211685520905311, 'min_samples_leaf': 0.37280468595430927, 'min_weight_fraction_leaf': 0.00030616199744079586, 'max_features': 0.8457522187785924, 'bootstrap': True, 'max_samples': 0.8641202735869759, 'oob_score': False}. Best is trial 34 with value: 0.6897833253184376.[0m
[32m[I 2022-04-21 12:51:08,088][0m Trial 80 finished with value: 0.678021263995305 and parameters: {'n_estimators': 424, 'min_samples_split': 0.2759283339286438, 'min_samples_leaf': 0.11792276838118324, 'min_weight_fraction_leaf': 0.018170995598433812, 'max_features': 0.7150093744006168, 'bootstrap': True, 'max_samples': 0.9697975874196576, 'oob_score': False}. Best is trial 34 with value: 0.6897833253184376.[0m
[32m[I 2022-04-21 12:51:11,016][0m Trial 81 finished with value: 0.6807771942412055 and parameters: {'n_estimators': 228, 'min_samples_split': 0.3357216899259666, 'min_samples_leaf': 0.13127309163969503, 'min_weight_fraction_leaf': 0.04036722123330728, 'max_features': 0.6654174846251912, 'bootstrap': True, 'max_samples': 0.9954234475831314, 'oob_score': False}. Best is trial 34 with value: 0.6897833253184376.[0m
[32m[I 2022-04-21 12:51:14,086][0m Trial 82 finished with value: 0.6841123668100397 and parameters: {'n_estimators': 261, 'min_samples_split': 0.3570246900883963, 'min_samples_leaf': 0.0985046833838423, 'min_weight_fraction_leaf': 0.029997818571515372, 'max_features': 0.5830197949096667, 'bootstrap': True, 'max_samples': 0.9404790866662525, 'oob_score': False}. Best is trial 34 with value: 0.6897833253184376.[0m
[32m[I 2022-04-21 12:51:17,008][0m Trial 83 finished with value: 0.6806275072518688 and parameters: {'n_estimators': 196, 'min_samples_split': 0.38038583133540066, 'min_samples_leaf': 0.08205366607817804, 'min_weight_fraction_leaf': 0.09585596509761413, 'max_features': 0.4021415956581779, 'bootstrap': True, 'max_samples': 0.9973244670415434, 'oob_score': False}. Best is trial 34 with value: 0.6897833253184376.[0m
[32m[I 2022-04-21 12:51:20,349][0m Trial 84 finished with value: 0.6839273214835823 and parameters: {'n_estimators': 270, 'min_samples_split': 0.3454744566120591, 'min_samples_leaf': 0.03474781659398629, 'min_weight_fraction_leaf': 0.06401505600074398, 'max_features': 0.5450922626423595, 'bootstrap': True, 'max_samples': 0.905370241196195, 'oob_score': False}. Best is trial 34 with value: 0.6897833253184376.[0m
[32m[I 2022-04-21 12:51:25,110][0m Trial 85 finished with value: 0.6890556677359455 and parameters: {'n_estimators': 395, 'min_samples_split': 0.3218838410150572, 'min_samples_leaf': 0.05574602738033059, 'min_weight_fraction_leaf': 0.054343445302720554, 'max_features': 0.6354123150346038, 'bootstrap': True, 'max_samples': 0.6128072169955247, 'oob_score': False}. Best is trial 34 with value: 0.6897833253184376.[0m
[32m[I 2022-04-21 12:51:29,412][0m Trial 86 finished with value: 0.686244814976046 and parameters: {'n_estimators': 394, 'min_samples_split': 0.2290229573072453, 'min_samples_leaf': 0.05322934236330912, 'min_weight_fraction_leaf': 0.054247827148716114, 'max_features': 0.6320699596690363, 'bootstrap': True, 'max_samples': 0.6363903599200356, 'oob_score': False}. Best is trial 34 with value: 0.6897833253184376.[0m
[32m[I 2022-04-21 12:51:34,103][0m Trial 87 finished with value: 0.6838312510708693 and parameters: {'n_estimators': 393, 'min_samples_split': 0.24289877536227478, 'min_samples_leaf': 0.05943328685504991, 'min_weight_fraction_leaf': 0.01776760194110534, 'max_features': 0.6391243226169937, 'bootstrap': True, 'max_samples': 0.6437892459575884, 'oob_score': False}. Best is trial 34 with value: 0.6897833253184376.[0m
[32m[I 2022-04-21 12:51:42,199][0m Trial 88 finished with value: 0.6816589891296476 and parameters: {'n_estimators': 473, 'min_samples_split': 0.20413536895805226, 'min_samples_leaf': 0.021850963418098668, 'min_weight_fraction_leaf': 0.05177885894842828, 'max_features': 0.6838048912678991, 'bootstrap': True, 'max_samples': 0.6069804084536167, 'oob_score': True}. Best is trial 34 with value: 0.6897833253184376.[0m
[32m[I 2022-04-21 12:51:45,932][0m Trial 89 finished with value: 0.6902171002610797 and parameters: {'n_estimators': 310, 'min_samples_split': 0.21982558695719312, 'min_samples_leaf': 0.03385197636261297, 'min_weight_fraction_leaf': 0.08442215187472307, 'max_features': 0.4910876777897637, 'bootstrap': True, 'max_samples': 0.5424433765295464, 'oob_score': False}. Best is trial 89 with value: 0.6902171002610797.[0m
[32m[I 2022-04-21 12:51:50,180][0m Trial 90 finished with value: 0.691501453661952 and parameters: {'n_estimators': 336, 'min_samples_split': 0.21918461934774833, 'min_samples_leaf': 0.046928833144670584, 'min_weight_fraction_leaf': 0.0848232807658954, 'max_features': 0.4036497743780047, 'bootstrap': True, 'max_samples': 0.5269597744870222, 'oob_score': False}. Best is trial 90 with value: 0.691501453661952.[0m
[32m[I 2022-04-21 12:51:54,340][0m Trial 91 finished with value: 0.6910687356732012 and parameters: {'n_estimators': 355, 'min_samples_split': 0.21117699143053603, 'min_samples_leaf': 0.049780995531252384, 'min_weight_fraction_leaf': 0.08369457133077504, 'max_features': 0.47904018531777687, 'bootstrap': True, 'max_samples': 0.5189392969513867, 'oob_score': False}. Best is trial 90 with value: 0.691501453661952.[0m
[32m[I 2022-04-21 12:51:58,394][0m Trial 92 finished with value: 0.6842907366406732 and parameters: {'n_estimators': 355, 'min_samples_split': 0.2162514362570732, 'min_samples_leaf': 0.033979555945429174, 'min_weight_fraction_leaf': 0.1165497891443169, 'max_features': 0.4677298171317453, 'bootstrap': True, 'max_samples': 0.5089640659541708, 'oob_score': False}. Best is trial 90 with value: 0.691501453661952.[0m
[32m[I 2022-04-21 12:52:02,808][0m Trial 93 finished with value: 0.6918376911490542 and parameters: {'n_estimators': 310, 'min_samples_split': 0.1733832313586604, 'min_samples_leaf': 0.0478887571962566, 'min_weight_fraction_leaf': 0.08800364114723405, 'max_features': 0.4988266111191653, 'bootstrap': True, 'max_samples': 0.564853457612022, 'oob_score': False}. Best is trial 93 with value: 0.6918376911490542.[0m
[32m[I 2022-04-21 12:52:06,910][0m Trial 94 finished with value: 0.6915465238286344 and parameters: {'n_estimators': 313, 'min_samples_split': 0.17510150470609923, 'min_samples_leaf': 0.046607688726851317, 'min_weight_fraction_leaf': 0.08977962404783872, 'max_features': 0.4834623242496875, 'bootstrap': True, 'max_samples': 0.5544471656709898, 'oob_score': False}. Best is trial 93 with value: 0.6918376911490542.[0m
[32m[I 2022-04-21 12:52:11,140][0m Trial 95 finished with value: 0.6897792068120441 and parameters: {'n_estimators': 314, 'min_samples_split': 0.1714951519716167, 'min_samples_leaf': 0.047107931783963664, 'min_weight_fraction_leaf': 0.08064077325197833, 'max_features': 0.48374511701824763, 'bootstrap': True, 'max_samples': 0.5430096318598204, 'oob_score': False}. Best is trial 93 with value: 0.6918376911490542.[0m
[32m[I 2022-04-21 12:52:15,588][0m Trial 96 finished with value: 0.6907775683527813 and parameters: {'n_estimators': 310, 'min_samples_split': 0.16722236314503847, 'min_samples_leaf': 0.04688266023169889, 'min_weight_fraction_leaf': 0.08602074281537911, 'max_features': 0.41582756498408957, 'bootstrap': True, 'max_samples': 0.5310507969649888, 'oob_score': False}. Best is trial 93 with value: 0.6918376911490542.[0m
[32m[I 2022-04-21 12:52:19,967][0m Trial 97 finished with value: 0.6915465238286344 and parameters: {'n_estimators': 310, 'min_samples_split': 0.1751208928922741, 'min_samples_leaf': 0.012623488508683042, 'min_weight_fraction_leaf': 0.08377979759891735, 'max_features': 0.4932119776507164, 'bootstrap': True, 'max_samples': 0.5547712427068209, 'oob_score': False}. Best is trial 93 with value: 0.6918376911490542.[0m
[32m[I 2022-04-21 12:52:24,076][0m Trial 98 finished with value: 0.6897387630567103 and parameters: {'n_estimators': 299, 'min_samples_split': 0.17237316635206423, 'min_samples_leaf': 0.011831657828354457, 'min_weight_fraction_leaf': 0.07957973314304523, 'max_features': 0.4209354696450832, 'bootstrap': True, 'max_samples': 0.5578094625801462, 'oob_score': False}. Best is trial 93 with value: 0.6918376911490542.[0m
[32m[I 2022-04-21 12:52:28,279][0m Trial 99 finished with value: 0.6891113582491883 and parameters: {'n_estimators': 317, 'min_samples_split': 0.14718719635253355, 'min_samples_leaf': 0.009773776072172391, 'min_weight_fraction_leaf': 0.08108669488744642, 'max_features': 0.4108164529495446, 'bootstrap': True, 'max_samples': 0.5636152849325515, 'oob_score': False}. Best is trial 93 with value: 0.6918376911490542.[0m
[32m[I 2022-04-21 12:52:31,716][0m Trial 100 finished with value: 0.6741854739188828 and parameters: {'n_estimators': 286, 'min_samples_split': 0.130828515132302, 'min_samples_leaf': 0.030890331367474877, 'min_weight_fraction_leaf': 0.137834765256429, 'max_features': 0.498149136964545, 'bootstrap': False, 'max_samples': 0.44078558829067693}. Best is trial 93 with value: 0.6918376911490542.[0m
[32m[I 2022-04-21 12:52:35,942][0m Trial 101 finished with value: 0.6891113582491883 and parameters: {'n_estimators': 318, 'min_samples_split': 0.16847296889246696, 'min_samples_leaf': 0.011572584364577723, 'min_weight_fraction_leaf': 0.0818642940607622, 'max_features': 0.4129375090855778, 'bootstrap': True, 'max_samples': 0.5620206980571225, 'oob_score': False}. Best is trial 93 with value: 0.6918376911490542.[0m
[32m[I 2022-04-21 12:52:39,942][0m Trial 102 finished with value: 0.6893634730535718 and parameters: {'n_estimators': 304, 'min_samples_split': 0.18376227092180786, 'min_samples_leaf': 0.018809086085454337, 'min_weight_fraction_leaf': 0.08819537634810115, 'max_features': 0.37173448483721755, 'bootstrap': True, 'max_samples': 0.5420597804705329, 'oob_score': False}. Best is trial 93 with value: 0.6918376911490542.[0m
[32m[I 2022-04-21 12:52:43,795][0m Trial 103 finished with value: 0.6860304515020512 and parameters: {'n_estimators': 335, 'min_samples_split': 0.1818928689208226, 'min_samples_leaf': 0.024712718931619356, 'min_weight_fraction_leaf': 0.10370240469421005, 'max_features': 0.35997515171703093, 'bootstrap': True, 'max_samples': 0.5212029017509078, 'oob_score': False}. Best is trial 93 with value: 0.6918376911490542.[0m
[32m[I 2022-04-21 12:52:47,834][0m Trial 104 finished with value: 0.6903382823877804 and parameters: {'n_estimators': 302, 'min_samples_split': 0.19141251573322457, 'min_samples_leaf': 0.04758818566127437, 'min_weight_fraction_leaf': 0.06818407003273597, 'max_features': 0.45586033468097725, 'bootstrap': True, 'max_samples': 0.48008316725046507, 'oob_score': False}. Best is trial 93 with value: 0.6918376911490542.[0m
[32m[I 2022-04-21 12:52:51,802][0m Trial 105 finished with value: 0.6882768815185407 and parameters: {'n_estimators': 274, 'min_samples_split': 0.15143976539487158, 'min_samples_leaf': 0.04677189203226566, 'min_weight_fraction_leaf': 0.07039167747068133, 'max_features': 0.45337170720123887, 'bootstrap': True, 'max_samples': 0.4048912131423064, 'oob_score': False}. Best is trial 93 with value: 0.6918376911490542.[0m
[32m[I 2022-04-21 12:52:55,567][0m Trial 106 finished with value: 0.682188888764445 and parameters: {'n_estimators': 334, 'min_samples_split': 0.19898098480560977, 'min_samples_leaf': 0.06439254194773357, 'min_weight_fraction_leaf': 0.12339407323640844, 'max_features': 0.5086345431468304, 'bootstrap': True, 'max_samples': 0.4803972978383418, 'oob_score': False}. Best is trial 93 with value: 0.6918376911490542.[0m
[32m[I 2022-04-21 12:52:59,274][0m Trial 107 finished with value: 0.6895604874873242 and parameters: {'n_estimators': 297, 'min_samples_split': 0.1049018924035068, 'min_samples_leaf': 0.040205434073387405, 'min_weight_fraction_leaf': 0.06374733091129366, 'max_features': 0.483603326826885, 'bootstrap': True, 'max_samples': 0.590466127910452, 'oob_score': False}. Best is trial 93 with value: 0.6918376911490542.[0m
[32m[I 2022-04-21 12:53:02,176][0m Trial 108 finished with value: 0.6860606188762747 and parameters: {'n_estimators': 241, 'min_samples_split': 0.1268666660661631, 'min_samples_leaf': 0.0054176603836660385, 'min_weight_fraction_leaf': 0.11266407794055704, 'max_features': 0.302905234319307, 'bootstrap': True, 'max_samples': 0.4191758720529009, 'oob_score': False}. Best is trial 93 with value: 0.6918376911490542.[0m
[32m[I 2022-04-21 12:53:06,145][0m Trial 109 finished with value: 0.6889065611281965 and parameters: {'n_estimators': 352, 'min_samples_split': 0.21487854786803584, 'min_samples_leaf': 0.02995606848081178, 'min_weight_fraction_leaf': 0.09483067021722655, 'max_features': 0.4366177456549014, 'bootstrap': True, 'max_samples': 0.5317240912300638, 'oob_score': False}. Best is trial 93 with value: 0.6918376911490542.[0m
[32m[I 2022-04-21 12:53:11,167][0m Trial 110 finished with value: 0.6907775683527813 and parameters: {'n_estimators': 291, 'min_samples_split': 0.15657273024481191, 'min_samples_leaf': 0.047856915266169885, 'min_weight_fraction_leaf': 0.07676791072704961, 'max_features': 0.5234119116375238, 'bootstrap': True, 'max_samples': 0.49655875584829745, 'oob_score': True}. Best is trial 93 with value: 0.6918376911490542.[0m
[32m[I 2022-04-21 12:53:16,155][0m Trial 111 finished with value: 0.6907775683527813 and parameters: {'n_estimators': 291, 'min_samples_split': 0.18481022492614488, 'min_samples_leaf': 0.0449030244106596, 'min_weight_fraction_leaf': 0.07718671494462111, 'max_features': 0.5254454812435836, 'bootstrap': True, 'max_samples': 0.4905749491486797, 'oob_score': True}. Best is trial 93 with value: 0.6918376911490542.[0m
[32m[I 2022-04-21 12:53:21,024][0m Trial 112 finished with value: 0.6889346217180627 and parameters: {'n_estimators': 278, 'min_samples_split': 0.18807808530591488, 'min_samples_leaf': 0.04896640737334541, 'min_weight_fraction_leaf': 0.06622782399217178, 'max_features': 0.4398903785350707, 'bootstrap': True, 'max_samples': 0.489560973790595, 'oob_score': True}. Best is trial 93 with value: 0.6918376911490542.[0m
[32m[I 2022-04-21 12:53:26,386][0m Trial 113 finished with value: 0.6887956053100704 and parameters: {'n_estimators': 311, 'min_samples_split': 0.15482570545851987, 'min_samples_leaf': 0.0727173990960361, 'min_weight_fraction_leaf': 0.09077093573396827, 'max_features': 0.5286236637788262, 'bootstrap': True, 'max_samples': 0.4505110738896003, 'oob_score': True}. Best is trial 93 with value: 0.6918376911490542.[0m
[32m[I 2022-04-21 12:53:30,674][0m Trial 114 finished with value: 0.6857671964235859 and parameters: {'n_estimators': 248, 'min_samples_split': 0.22847972684406748, 'min_samples_leaf': 0.06251088642681514, 'min_weight_fraction_leaf': 0.07439891458183154, 'max_features': 0.48957211035730847, 'bootstrap': True, 'max_samples': 0.36045598655582967, 'oob_score': True}. Best is trial 93 with value: 0.6918376911490542.[0m
[32m[I 2022-04-21 12:53:35,626][0m Trial 115 finished with value: 0.6853025744106875 and parameters: {'n_estimators': 329, 'min_samples_split': 0.2096353533314462, 'min_samples_leaf': 0.04303503672094648, 'min_weight_fraction_leaf': 0.1054324723024112, 'max_features': 0.39247914297330927, 'bootstrap': True, 'max_samples': 0.5051256822741748, 'oob_score': True}. Best is trial 93 with value: 0.6918376911490542.[0m
[32m[I 2022-04-21 12:53:40,479][0m Trial 116 finished with value: 0.6849089880913584 and parameters: {'n_estimators': 286, 'min_samples_split': 0.09631201539367848, 'min_samples_leaf': 0.02741603547840857, 'min_weight_fraction_leaf': 0.12179235216677911, 'max_features': 0.51592700561075, 'bootstrap': True, 'max_samples': 0.5870489827638659, 'oob_score': True}. Best is trial 93 with value: 0.6918376911490542.[0m
