[32m[I 2022-04-21 14:46:29,571][0m Trial 999 finished with value: 0.6900105666314236 and parameters: {'n_estimators': 132, 'min_samples_split': 0.057022594813946656, 'min_samples_leaf': 0.008845805511699677, 'min_weight_fraction_leaf': 0.07631025320538289, 'max_features': 0.43461161196191256, 'bootstrap': True, 'max_samples': 0.4602589863588125, 'oob_score': False}. Best is trial 530 with value: 0.696197846611031.[0m
RandomSurvivalForest
Running Optimizer with LogRank binary scoring
{'n_estimators': 125, 'min_samples_split': 0.0912828061925992, 'min_samples_leaf': 0.06510640753509316, 'min_weight_fraction_leaf': 0.15890924455242, 'max_features': 0.5231155093813271, 'bootstrap': True, 'max_samples': 0.9968542625853066, 'oob_score': True, 'UnoC_LR': 0.8458886292722421}
Running Optimizer normaly
{'n_estimators': 845, 'min_samples_split': 0.0010543463764563343, 'min_samples_leaf': 0.02160552686936366, 'min_weight_fraction_leaf': 0.06626227983976722, 'max_features': 0.48591576282351767, 'bootstrap': True, 'max_samples': 0.43197428926891, 'oob_score': True, 'UnoC': 0.696197846611031}
