[32m[I 2022-04-21 12:58:28,576][0m Trial 169 finished with value: 0.6825102012023045 and parameters: {'n_estimators': 147, 'min_samples_split': 0.11957386607864168, 'min_samples_leaf': 0.061765021415171734, 'min_weight_fraction_leaf': 0.08561140603959694, 'max_features': 0.45015618298166954, 'bootstrap': False, 'max_samples': 0.5439969364804642}. Best is trial 133 with value: 0.6927698539748809.[0m
[32m[I 2022-04-21 12:58:33,462][0m Trial 170 finished with value: 0.6913942475311525 and parameters: {'n_estimators': 349, 'min_samples_split': 0.08114850466659135, 'min_samples_leaf': 0.008910244533856165, 'min_weight_fraction_leaf': 0.10686634414703991, 'max_features': 0.40366240673849824, 'bootstrap': True, 'max_samples': 0.5978971337444152, 'oob_score': True}. Best is trial 133 with value: 0.6927698539748809.[0m
[32m[I 2022-04-21 12:58:39,254][0m Trial 171 finished with value: 0.6903966065376598 and parameters: {'n_estimators': 345, 'min_samples_split': 0.10142251156393485, 'min_samples_leaf': 0.00828229047108845, 'min_weight_fraction_leaf': 0.1058278687437126, 'max_features': 0.36424922124628056, 'bootstrap': True, 'max_samples': 0.6124503665509938, 'oob_score': True}. Best is trial 133 with value: 0.6927698539748809.[0m
[32m[I 2022-04-21 12:58:44,058][0m Trial 172 finished with value: 0.6906113646379223 and parameters: {'n_estimators': 332, 'min_samples_split': 0.06508345768551638, 'min_samples_leaf': 0.016021387574462264, 'min_weight_fraction_leaf': 0.09209779590851534, 'max_features': 0.4014577111889464, 'bootstrap': True, 'max_samples': 0.5734622020045792, 'oob_score': True}. Best is trial 133 with value: 0.6927698539748809.[0m
[32m[I 2022-04-21 12:58:49,530][0m Trial 173 finished with value: 0.6893148756954088 and parameters: {'n_estimators': 358, 'min_samples_split': 0.11519384576432869, 'min_samples_leaf': 0.028736874510942777, 'min_weight_fraction_leaf': 0.056617312783979606, 'max_features': 0.433074947906128, 'bootstrap': True, 'max_samples': 0.6026968607740951, 'oob_score': True}. Best is trial 133 with value: 0.6927698539748809.[0m
[32m[I 2022-04-21 12:58:54,782][0m Trial 174 finished with value: 0.6890120156183686 and parameters: {'n_estimators': 325, 'min_samples_split': 0.08137213740700773, 'min_samples_leaf': 0.04236386090073815, 'min_weight_fraction_leaf': 0.07207344407515912, 'max_features': 0.4686021877771237, 'bootstrap': True, 'max_samples': 0.6413210031085296, 'oob_score': True}. Best is trial 133 with value: 0.6927698539748809.[0m
[32m[I 2022-04-21 12:58:59,413][0m Trial 175 finished with value: 0.5 and parameters: {'n_estimators': 315, 'min_samples_split': 0.09205905022799792, 'min_samples_leaf': 0.008404937135877219, 'min_weight_fraction_leaf': 0.3050604663917371, 'max_features': 0.4182185521733999, 'bootstrap': True, 'max_samples': 0.5271372414481775, 'oob_score': True}. Best is trial 133 with value: 0.6927698539748809.[0m
[32m[I 2022-04-21 12:59:05,143][0m Trial 176 finished with value: 0.6917696774720519 and parameters: {'n_estimators': 377, 'min_samples_split': 0.22800330355992826, 'min_samples_leaf': 0.01991045538443876, 'min_weight_fraction_leaf': 0.08272912077517562, 'max_features': 0.5069288164471516, 'bootstrap': True, 'max_samples': 0.5915516247021251, 'oob_score': True}. Best is trial 133 with value: 0.6927698539748809.[0m
[32m[I 2022-04-21 12:59:10,706][0m Trial 177 finished with value: 0.6894783246766474 and parameters: {'n_estimators': 392, 'min_samples_split': 0.2222536899728871, 'min_samples_leaf': 0.0018715567981640643, 'min_weight_fraction_leaf': 0.11003248780475045, 'max_features': 0.491013661375609, 'bootstrap': True, 'max_samples': 0.6275031917059557, 'oob_score': True}. Best is trial 133 with value: 0.6927698539748809.[0m
[32m[I 2022-04-21 12:59:17,009][0m Trial 178 finished with value: 0.6918376911490542 and parameters: {'n_estimators': 440, 'min_samples_split': 0.25450907362723585, 'min_samples_leaf': 0.020207427112413662, 'min_weight_fraction_leaf': 0.09384284960362804, 'max_features': 0.4600115030524607, 'bootstrap': True, 'max_samples': 0.5909823295808744, 'oob_score': True}. Best is trial 133 with value: 0.6927698539748809.[0m
[32m[I 2022-04-21 12:59:24,017][0m Trial 179 finished with value: 0.6918376911490542 and parameters: {'n_estimators': 428, 'min_samples_split': 0.23984670044711082, 'min_samples_leaf': 0.023818162686956197, 'min_weight_fraction_leaf': 0.09667700024895243, 'max_features': 0.4388696662927598, 'bootstrap': True, 'max_samples': 0.5569642704381387, 'oob_score': True}. Best is trial 133 with value: 0.6927698539748809.[0m
[32m[I 2022-04-21 12:59:30,270][0m Trial 180 finished with value: 0.6912245278934883 and parameters: {'n_estimators': 404, 'min_samples_split': 0.2623639445591876, 'min_samples_leaf': 0.01813241700267397, 'min_weight_fraction_leaf': 0.09545104693836191, 'max_features': 0.4373961033553667, 'bootstrap': True, 'max_samples': 0.5609990729477257, 'oob_score': True}. Best is trial 133 with value: 0.6927698539748809.[0m
[32m[I 2022-04-21 12:59:35,603][0m Trial 181 finished with value: 0.6918376911490542 and parameters: {'n_estimators': 440, 'min_samples_split': 0.2663212464902759, 'min_samples_leaf': 0.018784987132236156, 'min_weight_fraction_leaf': 0.09448571825990056, 'max_features': 0.43288721582565604, 'bootstrap': True, 'max_samples': 0.5595271855516829, 'oob_score': True}. Best is trial 133 with value: 0.6927698539748809.[0m
[32m[I 2022-04-21 12:59:42,172][0m Trial 182 finished with value: 0.6876043097326378 and parameters: {'n_estimators': 442, 'min_samples_split': 0.26506944700525226, 'min_samples_leaf': 0.02219085833168675, 'min_weight_fraction_leaf': 0.09570682651249111, 'max_features': 0.396595184195431, 'bootstrap': True, 'max_samples': 0.5569204197606318, 'oob_score': True}. Best is trial 133 with value: 0.6927698539748809.[0m
[32m[I 2022-04-21 12:59:48,492][0m Trial 183 finished with value: 0.6909713601060675 and parameters: {'n_estimators': 405, 'min_samples_split': 0.282360924024382, 'min_samples_leaf': 0.02543540376834378, 'min_weight_fraction_leaf': 0.08267369127428868, 'max_features': 0.4634858564903262, 'bootstrap': True, 'max_samples': 0.5598639380360794, 'oob_score': True}. Best is trial 133 with value: 0.6927698539748809.[0m
[32m[I 2022-04-21 12:59:54,714][0m Trial 184 finished with value: 0.6883827958487545 and parameters: {'n_estimators': 460, 'min_samples_split': 0.23825713597967196, 'min_samples_leaf': 0.03446942610290501, 'min_weight_fraction_leaf': 0.06783856868474361, 'max_features': 0.42829370255369775, 'bootstrap': True, 'max_samples': 0.5743588247904213, 'oob_score': True}. Best is trial 133 with value: 0.6927698539748809.[0m
[32m[I 2022-04-21 13:00:00,594][0m Trial 185 finished with value: 0.6897920868193894 and parameters: {'n_estimators': 425, 'min_samples_split': 0.2657140054393429, 'min_samples_leaf': 0.016180247107205826, 'min_weight_fraction_leaf': 0.10152147918356628, 'max_features': 0.3721381447903021, 'bootstrap': True, 'max_samples': 0.5903796358120913, 'oob_score': True}. Best is trial 133 with value: 0.6927698539748809.[0m
[32m[I 2022-04-21 13:00:06,186][0m Trial 186 finished with value: 0.6824002450111658 and parameters: {'n_estimators': 435, 'min_samples_split': 0.24800061146807834, 'min_samples_leaf': 0.03124713306922552, 'min_weight_fraction_leaf': 0.12582304542604078, 'max_features': 0.4967655709746972, 'bootstrap': True, 'max_samples': 0.5425164174543364, 'oob_score': True}. Best is trial 133 with value: 0.6927698539748809.[0m
[32m[I 2022-04-21 13:00:11,686][0m Trial 187 finished with value: 0.5 and parameters: {'n_estimators': 418, 'min_samples_split': 0.2590096631143397, 'min_samples_leaf': 0.02162200341845311, 'min_weight_fraction_leaf': 0.4604992376238494, 'max_features': 0.4457246877413015, 'bootstrap': True, 'max_samples': 0.6144414651430359, 'oob_score': True}. Best is trial 133 with value: 0.6927698539748809.[0m
[32m[I 2022-04-21 13:00:17,026][0m Trial 188 finished with value: 0.6912102863415321 and parameters: {'n_estimators': 402, 'min_samples_split': 0.2395971254725383, 'min_samples_leaf': 0.0015996839250746577, 'min_weight_fraction_leaf': 0.08047018340300946, 'max_features': 0.4023486612628966, 'bootstrap': True, 'max_samples': 0.5108773720849186, 'oob_score': True}. Best is trial 133 with value: 0.6927698539748809.[0m
[32m[I 2022-04-21 13:00:23,599][0m Trial 189 finished with value: 0.6860503462112411 and parameters: {'n_estimators': 448, 'min_samples_split': 0.29421437181046906, 'min_samples_leaf': 0.04128997380269033, 'min_weight_fraction_leaf': 0.09107135579947745, 'max_features': 0.39390242630055233, 'bootstrap': True, 'max_samples': 0.5686566069955238, 'oob_score': True}. Best is trial 133 with value: 0.6927698539748809.[0m
[32m[I 2022-04-21 13:00:31,779][0m Trial 190 finished with value: 0.6866902317141658 and parameters: {'n_estimators': 508, 'min_samples_split': 0.2352785609195456, 'min_samples_leaf': 0.016803939758248006, 'min_weight_fraction_leaf': 0.05934831565479862, 'max_features': 0.34364933475447934, 'bootstrap': True, 'max_samples': 0.5996409987917521, 'oob_score': True}. Best is trial 133 with value: 0.6927698539748809.[0m
[32m[I 2022-04-21 13:00:37,699][0m Trial 191 finished with value: 0.6920554174645175 and parameters: {'n_estimators': 404, 'min_samples_split': 0.24864778131870605, 'min_samples_leaf': 0.0026219554331704444, 'min_weight_fraction_leaf': 0.07916464988099049, 'max_features': 0.4278166688557605, 'bootstrap': True, 'max_samples': 0.5467868715783972, 'oob_score': True}. Best is trial 133 with value: 0.6927698539748809.[0m
[32m[I 2022-04-21 13:00:44,566][0m Trial 192 finished with value: 0.6918376911490542 and parameters: {'n_estimators': 402, 'min_samples_split': 0.24856793368154265, 'min_samples_leaf': 0.009839528874497986, 'min_weight_fraction_leaf': 0.08366387493691782, 'max_features': 0.41091868041752333, 'bootstrap': True, 'max_samples': 0.5459451575844089, 'oob_score': True}. Best is trial 133 with value: 0.6927698539748809.[0m
[32m[I 2022-04-21 13:00:50,712][0m Trial 193 finished with value: 0.690890211389441 and parameters: {'n_estimators': 427, 'min_samples_split': 0.2692486133756528, 'min_samples_leaf': 0.012670631364973733, 'min_weight_fraction_leaf': 0.09839656193999118, 'max_features': 0.4344201871465142, 'bootstrap': True, 'max_samples': 0.5459125457586773, 'oob_score': True}. Best is trial 133 with value: 0.6927698539748809.[0m
[32m[I 2022-04-21 13:00:55,633][0m Trial 194 finished with value: 0.691501453661952 and parameters: {'n_estimators': 381, 'min_samples_split': 0.2506099787217493, 'min_samples_leaf': 0.023296117354378563, 'min_weight_fraction_leaf': 0.08536059006632092, 'max_features': 0.4173754598848631, 'bootstrap': True, 'max_samples': 0.5793837725793642, 'oob_score': True}. Best is trial 133 with value: 0.6927698539748809.[0m
[32m[I 2022-04-21 13:01:01,492][0m Trial 195 finished with value: 0.6812828718944244 and parameters: {'n_estimators': 386, 'min_samples_split': 0.2519354566250254, 'min_samples_leaf': 0.024807990838963175, 'min_weight_fraction_leaf': 0.08837953124544498, 'max_features': 0.37331805577684724, 'bootstrap': True, 'max_samples': 0.581962246492463, 'oob_score': True}. Best is trial 133 with value: 0.6927698539748809.[0m
[32m[I 2022-04-21 13:01:07,971][0m Trial 196 finished with value: 0.6859298284816255 and parameters: {'n_estimators': 377, 'min_samples_split': 0.2489845537092807, 'min_samples_leaf': 0.01105384307270258, 'min_weight_fraction_leaf': 0.0650501950974267, 'max_features': 0.40923773399846347, 'bootstrap': True, 'max_samples': 0.6314051620194552, 'oob_score': True}. Best is trial 133 with value: 0.6927698539748809.[0m
[32m[I 2022-04-21 13:01:14,133][0m Trial 197 finished with value: 0.6860049131830828 and parameters: {'n_estimators': 397, 'min_samples_split': 0.22882899559967226, 'min_samples_leaf': 0.03066257327298711, 'min_weight_fraction_leaf': 0.10553991861646883, 'max_features': 0.4789231082502443, 'bootstrap': True, 'max_samples': 0.5608840540063402, 'oob_score': True}. Best is trial 133 with value: 0.6927698539748809.[0m
[32m[I 2022-04-21 13:01:22,131][0m Trial 198 finished with value: 0.684950315730747 and parameters: {'n_estimators': 476, 'min_samples_split': 0.28504722643699093, 'min_samples_leaf': 0.01661173902789191, 'min_weight_fraction_leaf': 0.07280208398575111, 'max_features': 0.019368169509851152, 'bootstrap': True, 'max_samples': 0.5916576643351714, 'oob_score': True}. Best is trial 133 with value: 0.6927698539748809.[0m
[32m[I 2022-04-21 13:01:27,307][0m Trial 199 finished with value: 0.5 and parameters: {'n_estimators': 427, 'min_samples_split': 0.2760609156345614, 'min_samples_leaf': 0.020638935745614803, 'min_weight_fraction_leaf': 0.11558239535921089, 'max_features': 0.3104861080844823, 'bootstrap': True, 'max_samples': 0.1363228793479277, 'oob_score': True}. Best is trial 133 with value: 0.6927698539748809.[0m
[32m[I 2022-04-21 13:01:33,005][0m Trial 200 finished with value: 0.6815367884657785 and parameters: {'n_estimators': 372, 'min_samples_split': 0.25209114807341076, 'min_samples_leaf': 0.001453658350200119, 'min_weight_fraction_leaf': 0.18266862648554993, 'max_features': 0.45320249843080246, 'bootstrap': True, 'max_samples': 0.6091724020384496, 'oob_score': True}. Best is trial 133 with value: 0.6927698539748809.[0m
[32m[I 2022-04-21 13:01:39,176][0m Trial 201 finished with value: 0.6920554174645175 and parameters: {'n_estimators': 411, 'min_samples_split': 0.23500962973638964, 'min_samples_leaf': 0.00951745798847215, 'min_weight_fraction_leaf': 0.08128940579816173, 'max_features': 0.4076604343976112, 'bootstrap': True, 'max_samples': 0.5423166445665024, 'oob_score': True}. Best is trial 133 with value: 0.6927698539748809.[0m
[32m[I 2022-04-21 13:01:44,877][0m Trial 202 finished with value: 0.691501453661952 and parameters: {'n_estimators': 409, 'min_samples_split': 0.2637409676021658, 'min_samples_leaf': 0.011316523814151528, 'min_weight_fraction_leaf': 0.08965672395141099, 'max_features': 0.417666046293803, 'bootstrap': True, 'max_samples': 0.5442839470371816, 'oob_score': True}. Best is trial 133 with value: 0.6927698539748809.[0m
[32m[I 2022-04-21 13:01:50,713][0m Trial 203 finished with value: 0.6852460683557016 and parameters: {'n_estimators': 421, 'min_samples_split': 0.24506422557046986, 'min_samples_leaf': 0.010392041714001913, 'min_weight_fraction_leaf': 0.0833401111720992, 'max_features': 0.3821658415779128, 'bootstrap': True, 'max_samples': 0.5376119855212224, 'oob_score': True}. Best is trial 133 with value: 0.6927698539748809.[0m
[32m[I 2022-04-21 13:01:56,409][0m Trial 204 finished with value: 0.691393545278552 and parameters: {'n_estimators': 462, 'min_samples_split': 0.2330588794133085, 'min_samples_leaf': 0.02992774632755206, 'min_weight_fraction_leaf': 0.07214096052290753, 'max_features': 0.42033388427575263, 'bootstrap': True, 'max_samples': 0.5795686257227813, 'oob_score': True}. Best is trial 133 with value: 0.6927698539748809.[0m
[32m[I 2022-04-21 13:02:02,749][0m Trial 205 finished with value: 0.6918376911490542 and parameters: {'n_estimators': 442, 'min_samples_split': 0.22244050023716672, 'min_samples_leaf': 0.011028078205069533, 'min_weight_fraction_leaf': 0.08800196362571089, 'max_features': 0.4068154978003981, 'bootstrap': True, 'max_samples': 0.5461432960425534, 'oob_score': True}. Best is trial 133 with value: 0.6927698539748809.[0m
[32m[I 2022-04-21 13:02:07,340][0m Trial 206 finished with value: 0.6810340747503749 and parameters: {'n_estimators': 472, 'min_samples_split': 0.2284599429844791, 'min_samples_leaf': 0.026731522125056594, 'min_weight_fraction_leaf': 0.0576175106852614, 'max_features': 0.4172764548280723, 'bootstrap': False, 'max_samples': 0.5397341544568184}. Best is trial 133 with value: 0.6927698539748809.[0m
[32m[I 2022-04-21 13:02:13,839][0m Trial 207 finished with value: 0.6918376911490542 and parameters: {'n_estimators': 427, 'min_samples_split': 0.22081369146735844, 'min_samples_leaf': 0.001195563903330519, 'min_weight_fraction_leaf': 0.08747137999338586, 'max_features': 0.4592968116843111, 'bootstrap': True, 'max_samples': 0.5593039617668867, 'oob_score': True}. Best is trial 133 with value: 0.6927698539748809.[0m
[32m[I 2022-04-21 13:02:19,172][0m Trial 208 finished with value: 0.6918376911490542 and parameters: {'n_estimators': 407, 'min_samples_split': 0.22042386238406744, 'min_samples_leaf': 0.006796956330024174, 'min_weight_fraction_leaf': 0.08705806094627623, 'max_features': 0.5091980252712951, 'bootstrap': True, 'max_samples': 0.5582674654203827, 'oob_score': True}. Best is trial 133 with value: 0.6927698539748809.[0m
[32m[I 2022-04-21 13:02:26,923][0m Trial 209 finished with value: 0.6918376911490542 and parameters: {'n_estimators': 449, 'min_samples_split': 0.22221408552495164, 'min_samples_leaf': 0.002148035948711499, 'min_weight_fraction_leaf': 0.0887108913454351, 'max_features': 0.5160185124734156, 'bootstrap': True, 'max_samples': 0.5559327514978475, 'oob_score': True}. Best is trial 133 with value: 0.6927698539748809.[0m
[32m[I 2022-04-21 13:02:33,953][0m Trial 210 finished with value: 0.6906351226189653 and parameters: {'n_estimators': 446, 'min_samples_split': 0.22230581520917997, 'min_samples_leaf': 0.0013591995546352563, 'min_weight_fraction_leaf': 0.07800804485404475, 'max_features': 0.5139558369928869, 'bootstrap': True, 'max_samples': 0.5604072185263753, 'oob_score': True}. Best is trial 133 with value: 0.6927698539748809.[0m
[32m[I 2022-04-21 13:02:40,171][0m Trial 211 finished with value: 0.6918376911490542 and parameters: {'n_estimators': 435, 'min_samples_split': 0.2368282550270175, 'min_samples_leaf': 0.0010975008722277097, 'min_weight_fraction_leaf': 0.09178586923048095, 'max_features': 0.5511803011520846, 'bootstrap': True, 'max_samples': 0.5765177751110732, 'oob_score': True}. Best is trial 133 with value: 0.6927698539748809.[0m
[32m[I 2022-04-21 13:02:45,883][0m Trial 212 finished with value: 0.6918376911490542 and parameters: {'n_estimators': 440, 'min_samples_split': 0.239359053325493, 'min_samples_leaf': 0.010211985868017234, 'min_weight_fraction_leaf': 0.09437651111772331, 'max_features': 0.5504941657227529, 'bootstrap': True, 'max_samples': 0.5746457996576728, 'oob_score': True}. Best is trial 133 with value: 0.6927698539748809.[0m
[32m[I 2022-04-21 13:02:54,169][0m Trial 213 finished with value: 0.6909508039132505 and parameters: {'n_estimators': 493, 'min_samples_split': 0.23878348755393192, 'min_samples_leaf': 0.001275125445626108, 'min_weight_fraction_leaf': 0.0974348630159433, 'max_features': 0.5525571464862129, 'bootstrap': True, 'max_samples': 0.5681845204821799, 'oob_score': True}. Best is trial 133 with value: 0.6927698539748809.[0m
[32m[I 2022-04-21 13:03:00,961][0m Trial 214 finished with value: 0.6918376911490542 and parameters: {'n_estimators': 439, 'min_samples_split': 0.20537430416081018, 'min_samples_leaf': 0.009903083015563937, 'min_weight_fraction_leaf': 0.09460119629887914, 'max_features': 0.5709797221202088, 'bootstrap': True, 'max_samples': 0.5901675685782439, 'oob_score': True}. Best is trial 133 with value: 0.6927698539748809.[0m
[32m[I 2022-04-21 13:03:06,541][0m Trial 215 finished with value: 0.6897030878588162 and parameters: {'n_estimators': 445, 'min_samples_split': 0.21272896734410626, 'min_samples_leaf': 0.00924087410594989, 'min_weight_fraction_leaf': 0.10171304024685453, 'max_features': 0.5855465159177927, 'bootstrap': True, 'max_samples': 0.6171252272223539, 'oob_score': True}. Best is trial 133 with value: 0.6927698539748809.[0m
[32m[I 2022-04-21 13:03:11,596][0m Trial 216 finished with value: 0.6636900948801576 and parameters: {'n_estimators': 435, 'min_samples_split': 0.20008004670076618, 'min_samples_leaf': 0.0012571923733117167, 'min_weight_fraction_leaf': 0.2396762781725041, 'max_features': 0.5617652492482597, 'bootstrap': True, 'max_samples': 0.5922633111502533, 'oob_score': True}. Best is trial 133 with value: 0.6927698539748809.[0m
[32m[I 2022-04-21 13:03:18,138][0m Trial 217 finished with value: 0.6843624150320796 and parameters: {'n_estimators': 461, 'min_samples_split': 0.22130684882021057, 'min_samples_leaf': 0.010651401385279759, 'min_weight_fraction_leaf': 0.11570858019362136, 'max_features': 0.61332328319775, 'bootstrap': True, 'max_samples': 0.5739263210486075, 'oob_score': True}. Best is trial 133 with value: 0.6927698539748809.[0m
[32m[I 2022-04-21 13:03:25,090][0m Trial 218 finished with value: 0.6905223148198567 and parameters: {'n_estimators': 484, 'min_samples_split': 0.23146706918886303, 'min_samples_leaf': 0.011194896604286736, 'min_weight_fraction_leaf': 0.07835891996622772, 'max_features': 0.5413949218619785, 'bootstrap': True, 'max_samples': 0.6547106205240605, 'oob_score': True}. Best is trial 133 with value: 0.6927698539748809.[0m
[32m[I 2022-04-21 13:03:30,550][0m Trial 219 finished with value: 0.6918376911490542 and parameters: {'n_estimators': 424, 'min_samples_split': 0.20588990485778907, 'min_samples_leaf': 0.018323843786133026, 'min_weight_fraction_leaf': 0.09375491927078933, 'max_features': 0.5042891813892667, 'bootstrap': True, 'max_samples': 0.6021714767924475, 'oob_score': True}. Best is trial 133 with value: 0.6927698539748809.[0m
[32m[I 2022-04-21 13:03:36,448][0m Trial 220 finished with value: 0.68978999149598 and parameters: {'n_estimators': 428, 'min_samples_split': 0.2096719161264544, 'min_samples_leaf': 0.019128857873618156, 'min_weight_fraction_leaf': 0.09471091258634391, 'max_features': 0.5264923421221578, 'bootstrap': True, 'max_samples': 0.6250834607035267, 'oob_score': True}. Best is trial 133 with value: 0.6927698539748809.[0m
