[32m[I 2022-04-22 18:13:57,788][0m Trial 905 finished with value: 0.8367228051150628 and parameters: {'n_estimators': 893, 'min_samples_split': 0.026591691286845673, 'min_samples_leaf': 0.026452801460215915, 'min_weight_fraction_leaf': 0.008611685052019667, 'max_features': 0.28173039492012714, 'bootstrap': False, 'max_samples': 0.6102527999135494}. Best is trial 784 with value: 0.8411330872952079.[0m
[32m[I 2022-04-22 18:14:31,578][0m Trial 906 finished with value: 0.8350511565763779 and parameters: {'n_estimators': 255, 'min_samples_split': 0.16112400752313666, 'min_samples_leaf': 0.017431131675877398, 'min_weight_fraction_leaf': 3.257323092049902e-05, 'max_features': 0.24425095129821728, 'bootstrap': False, 'max_samples': 0.05694316589023371}. Best is trial 784 with value: 0.8411330872952079.[0m
[32m[I 2022-04-22 18:14:45,713][0m Trial 907 finished with value: 0.8148681647806104 and parameters: {'n_estimators': 817, 'min_samples_split': 0.20480241691272746, 'min_samples_leaf': 0.17984684807704154, 'min_weight_fraction_leaf': 0.015280639343620556, 'max_features': 0.21382952848494227, 'bootstrap': False, 'max_samples': 0.07935267544797478}. Best is trial 784 with value: 0.8411330872952079.[0m
[32m[I 2022-04-22 18:15:50,232][0m Trial 908 finished with value: 0.8350176277264527 and parameters: {'n_estimators': 280, 'min_samples_split': 0.0011347619811918619, 'min_samples_leaf': 0.0012183788807633641, 'min_weight_fraction_leaf': 0.0401056282083585, 'max_features': 0.26656482524706976, 'bootstrap': False, 'max_samples': 0.1509530227170674}. Best is trial 784 with value: 0.8411330872952079.[0m
[32m[I 2022-04-22 18:20:40,675][0m Trial 909 finished with value: 0.8389154848129434 and parameters: {'n_estimators': 947, 'min_samples_split': 0.05067752644000925, 'min_samples_leaf': 0.008726998494672563, 'min_weight_fraction_leaf': 0.0003284506914565926, 'max_features': 0.2390650002119079, 'bootstrap': False, 'max_samples': 0.12049786488986422}. Best is trial 784 with value: 0.8411330872952079.[0m
[32m[I 2022-04-22 18:23:15,788][0m Trial 910 finished with value: 0.8358615918211811 and parameters: {'n_estimators': 869, 'min_samples_split': 0.034839443419125156, 'min_samples_leaf': 0.02769458112498297, 'min_weight_fraction_leaf': 0.02689236486692926, 'max_features': 0.2978932190943029, 'bootstrap': False, 'max_samples': 0.02789580972708142}. Best is trial 784 with value: 0.8411330872952079.[0m
[32m[I 2022-04-22 18:25:33,090][0m Trial 911 finished with value: 0.8341031462150145 and parameters: {'n_estimators': 925, 'min_samples_split': 0.018449919185788942, 'min_samples_leaf': 0.03851534892098818, 'min_weight_fraction_leaf': 0.009244470278474528, 'max_features': 0.32635786391354654, 'bootstrap': False, 'max_samples': 0.19216439064434374}. Best is trial 784 with value: 0.8411330872952079.[0m
[32m[I 2022-04-22 18:29:19,068][0m Trial 912 finished with value: 0.8395806006011023 and parameters: {'n_estimators': 818, 'min_samples_split': 0.0427709838370703, 'min_samples_leaf': 0.010173838181957745, 'min_weight_fraction_leaf': 0.017277389238079328, 'max_features': 0.2740788866154493, 'bootstrap': False, 'max_samples': 0.09117615428531248}. Best is trial 784 with value: 0.8411330872952079.[0m
[32m[I 2022-04-22 18:31:39,030][0m Trial 913 finished with value: 0.8364304196785269 and parameters: {'n_estimators': 960, 'min_samples_split': 0.026424122171625944, 'min_samples_leaf': 0.022024777561516072, 'min_weight_fraction_leaf': 0.031553359338546715, 'max_features': 0.22092456357223433, 'bootstrap': False, 'max_samples': 0.14002709890185971}. Best is trial 784 with value: 0.8411330872952079.[0m
[32m[I 2022-04-22 18:36:04,009][0m Trial 914 finished with value: 0.8396861538285089 and parameters: {'n_estimators': 880, 'min_samples_split': 0.01586978607654277, 'min_samples_leaf': 0.01059230180982291, 'min_weight_fraction_leaf': 0.009027472012574556, 'max_features': 0.25583045696862977, 'bootstrap': False, 'max_samples': 0.17589513424351305}. Best is trial 784 with value: 0.8411330872952079.[0m
[32m[I 2022-04-22 18:39:15,220][0m Trial 915 finished with value: 0.8388901891167748 and parameters: {'n_estimators': 774, 'min_samples_split': 0.03519299599839027, 'min_samples_leaf': 0.018023613609347455, 'min_weight_fraction_leaf': 0.02184060840682881, 'max_features': 0.29433983330726154, 'bootstrap': False, 'max_samples': 0.11273305487733484}. Best is trial 784 with value: 0.8411330872952079.[0m
[32m[I 2022-04-22 18:48:57,909][0m Trial 916 finished with value: 0.8392522106407985 and parameters: {'n_estimators': 843, 'min_samples_split': 0.05369880746180368, 'min_samples_leaf': 0.0010105399506108444, 'min_weight_fraction_leaf': 0.0003622141600196324, 'max_features': 0.24158069285738115, 'bootstrap': False, 'max_samples': 0.0650788679764237}. Best is trial 784 with value: 0.8411330872952079.[0m
[32m[I 2022-04-22 18:49:25,040][0m Trial 917 finished with value: 0.7967031657893399 and parameters: {'n_estimators': 962, 'min_samples_split': 0.022243146082687796, 'min_samples_leaf': 0.03081234059762287, 'min_weight_fraction_leaf': 0.3254852913261881, 'max_features': 0.2802942390655237, 'bootstrap': False, 'max_samples': 0.15881964854122466}. Best is trial 784 with value: 0.8411330872952079.[0m
[32m[I 2022-04-22 18:49:54,898][0m Trial 918 finished with value: 0.8251348864416037 and parameters: {'n_estimators': 900, 'min_samples_split': 0.22566817115842314, 'min_samples_leaf': 0.1188321396008182, 'min_weight_fraction_leaf': 0.049530277894690965, 'max_features': 0.21444052223183016, 'bootstrap': False, 'max_samples': 0.34897232952398194}. Best is trial 784 with value: 0.8411330872952079.[0m
[32m[I 2022-04-22 18:56:05,558][0m Trial 919 finished with value: 0.8381022664817233 and parameters: {'n_estimators': 848, 'min_samples_split': 0.0439942054543352, 'min_samples_leaf': 0.010061203764058821, 'min_weight_fraction_leaf': 0.009576260791161808, 'max_features': 0.31424446578518717, 'bootstrap': False, 'max_samples': 0.10998303276273766}. Best is trial 784 with value: 0.8411330872952079.[0m
[32m[I 2022-04-22 18:56:15,903][0m Trial 920 finished with value: 0.7919509313018537 and parameters: {'n_estimators': 804, 'min_samples_split': 0.009636637702797303, 'min_samples_leaf': 0.27195051409494436, 'min_weight_fraction_leaf': 0.01729530644058495, 'max_features': 0.26047157612988725, 'bootstrap': False, 'max_samples': 0.20047131856332903}. Best is trial 784 with value: 0.8411330872952079.[0m
[32m[I 2022-04-22 19:01:41,638][0m Trial 921 finished with value: 0.8284502006784089 and parameters: {'n_estimators': 911, 'min_samples_split': 0.03121808662171759, 'min_samples_leaf': 0.02069778259401398, 'min_weight_fraction_leaf': 0.034423548585259416, 'max_features': 0.587837662404953, 'bootstrap': False, 'max_samples': 0.08443063299396542}. Best is trial 784 with value: 0.8411330872952079.[0m
[32m[I 2022-04-22 19:03:00,934][0m Trial 922 finished with value: 0.8348488426938625 and parameters: {'n_estimators': 765, 'min_samples_split': 0.052911412643239064, 'min_samples_leaf': 0.04302611949012172, 'min_weight_fraction_leaf': 0.02421039807282665, 'max_features': 0.23167702193829584, 'bootstrap': False, 'max_samples': 0.1296970713980903}. Best is trial 784 with value: 0.8411330872952079.[0m
[32m[I 2022-04-22 19:14:02,299][0m Trial 923 finished with value: 0.8382647996678092 and parameters: {'n_estimators': 965, 'min_samples_split': 0.01826337728128646, 'min_samples_leaf': 0.001450152029880034, 'min_weight_fraction_leaf': 0.009846707213945873, 'max_features': 0.34411482033815743, 'bootstrap': False, 'max_samples': 0.06228371117787407}. Best is trial 784 with value: 0.8411330872952079.[0m
[32m[I 2022-04-22 19:16:08,748][0m Trial 924 finished with value: 0.8357038017011174 and parameters: {'n_estimators': 880, 'min_samples_split': 0.03227300728065986, 'min_samples_leaf': 0.029583903144368782, 'min_weight_fraction_leaf': 0.015501208465354308, 'max_features': 0.27561054541180297, 'bootstrap': False, 'max_samples': 0.09620575808839771}. Best is trial 784 with value: 0.8411330872952079.[0m
[32m[I 2022-04-22 19:17:55,592][0m Trial 925 finished with value: 0.8328059361019454 and parameters: {'n_estimators': 919, 'min_samples_split': 0.03927019342526854, 'min_samples_leaf': 0.017338905929544526, 'min_weight_fraction_leaf': 0.07530572290751286, 'max_features': 0.2574697990450404, 'bootstrap': False, 'max_samples': 0.04181311966201666}. Best is trial 784 with value: 0.8411330872952079.[0m
[32m[I 2022-04-22 19:20:59,672][0m Trial 926 finished with value: 0.8348788683192672 and parameters: {'n_estimators': 832, 'min_samples_split': 0.008572674134703126, 'min_samples_leaf': 0.011103879098618553, 'min_weight_fraction_leaf': 0.04279880582343506, 'max_features': 0.3056094488758928, 'bootstrap': False, 'max_samples': 0.14523831334323356}. Best is trial 784 with value: 0.8411330872952079.[0m
[32m[I 2022-04-22 19:23:33,200][0m Trial 927 finished with value: 0.8378115529125957 and parameters: {'n_estimators': 952, 'min_samples_split': 0.026398153367128488, 'min_samples_leaf': 0.024687792419704965, 'min_weight_fraction_leaf': 0.027026665551372855, 'max_features': 0.21069044799620074, 'bootstrap': False, 'max_samples': 0.0209775716871521}. Best is trial 784 with value: 0.8411330872952079.[0m
[32m[I 2022-04-22 19:29:30,052][0m Trial 928 finished with value: 0.839090827108976 and parameters: {'n_estimators': 873, 'min_samples_split': 0.043888092363327, 'min_samples_leaf': 0.009453909216587723, 'min_weight_fraction_leaf': 0.008145108840405455, 'max_features': 0.28581854790747063, 'bootstrap': False, 'max_samples': 0.0781467641426507}. Best is trial 784 with value: 0.8411330872952079.[0m
[32m[I 2022-04-22 19:31:07,951][0m Trial 929 finished with value: 0.8284261960484697 and parameters: {'n_estimators': 809, 'min_samples_split': 0.05648885796805745, 'min_samples_leaf': 0.0011910164697431745, 'min_weight_fraction_leaf': 0.09492483432576881, 'max_features': 0.2382887472741634, 'bootstrap': False, 'max_samples': 0.5854636478737864}. Best is trial 784 with value: 0.8411330872952079.[0m
[32m[I 2022-04-22 19:33:50,192][0m Trial 930 finished with value: 0.8343864984720722 and parameters: {'n_estimators': 997, 'min_samples_split': 0.017127196367605332, 'min_samples_leaf': 0.03671436570986057, 'min_weight_fraction_leaf': 2.8206963246448337e-05, 'max_features': 0.3300036911604889, 'bootstrap': False, 'max_samples': 0.16599354800594326}. Best is trial 784 with value: 0.8411330872952079.[0m
[32m[I 2022-04-22 19:33:58,633][0m Trial 931 finished with value: 0.7910914832032905 and parameters: {'n_estimators': 920, 'min_samples_split': 0.11894255121160405, 'min_samples_leaf': 0.3527414349620902, 'min_weight_fraction_leaf': 0.018230427753478533, 'max_features': 0.2521889798395746, 'bootstrap': False, 'max_samples': 0.11926995370654611}. Best is trial 784 with value: 0.8411330872952079.[0m
[32m[I 2022-04-22 19:34:14,598][0m Trial 932 finished with value: 0.8148386378560936 and parameters: {'n_estimators': 865, 'min_samples_split': 0.027715155989504355, 'min_samples_leaf': 0.20052407393993946, 'min_weight_fraction_leaf': 0.008960940562260513, 'max_features': 0.20765369227708072, 'bootstrap': False, 'max_samples': 0.10249101778757792}. Best is trial 784 with value: 0.8411330872952079.[0m
[32m[I 2022-04-22 19:37:06,568][0m Trial 933 finished with value: 0.8360606481243691 and parameters: {'n_estimators': 790, 'min_samples_split': 0.03897440943459354, 'min_samples_leaf': 0.01884906319548088, 'min_weight_fraction_leaf': 0.03217329784602081, 'max_features': 0.28399468340828526, 'bootstrap': False, 'max_samples': 0.7524845614809228}. Best is trial 784 with value: 0.8411330872952079.[0m
[32m[I 2022-04-22 19:39:21,265][0m Trial 934 finished with value: 0.8344426144565485 and parameters: {'n_estimators': 952, 'min_samples_split': 0.14226387583523237, 'min_samples_leaf': 0.027030578110204227, 'min_weight_fraction_leaf': 0.022277109671851147, 'max_features': 0.22948579353466642, 'bootstrap': False, 'max_samples': 0.18226597644617085}. Best is trial 784 with value: 0.8411330872952079.[0m
[32m[I 2022-04-22 19:39:29,966][0m Trial 935 finished with value: 0.7901790370969494 and parameters: {'n_estimators': 840, 'min_samples_split': 0.009598324291977715, 'min_samples_leaf': 0.373006677109441, 'min_weight_fraction_leaf': 0.01626052726544602, 'max_features': 0.2636111842228091, 'bootstrap': False, 'max_samples': 0.05748786118736258}. Best is trial 784 with value: 0.8411330872952079.[0m
[32m[I 2022-04-22 19:46:40,746][0m Trial 936 finished with value: 0.8389115688753902 and parameters: {'n_estimators': 897, 'min_samples_split': 0.021829065281408763, 'min_samples_leaf': 0.01008745516312439, 'min_weight_fraction_leaf': 0.00945894564130714, 'max_features': 0.3075962242651607, 'bootstrap': False, 'max_samples': 0.13624783118105174}. Best is trial 784 with value: 0.8411330872952079.[0m
[32m[I 2022-04-22 19:46:52,738][0m Trial 937 finished with value: 0.8023900971608396 and parameters: {'n_estimators': 765, 'min_samples_split': 0.04779568714061733, 'min_samples_leaf': 0.2331928447783645, 'min_weight_fraction_leaf': 0.02438986891048698, 'max_features': 0.24685725682991608, 'bootstrap': False, 'max_samples': 0.2085448183213789}. Best is trial 784 with value: 0.8411330872952079.[0m
[32m[I 2022-04-22 20:02:48,414][0m Trial 938 finished with value: 0.8393084539840313 and parameters: {'n_estimators': 961, 'min_samples_split': 0.032130120332240886, 'min_samples_leaf': 0.0011055608192249804, 'min_weight_fraction_leaf': 0.00021330928621559123, 'max_features': 0.29367542081165643, 'bootstrap': False, 'max_samples': 0.09030494030570368}. Best is trial 784 with value: 0.8411330872952079.[0m
[32m[I 2022-04-22 20:04:58,750][0m Trial 939 finished with value: 0.8355719760966434 and parameters: {'n_estimators': 889, 'min_samples_split': 0.016617351787307333, 'min_samples_leaf': 0.01840499984124961, 'min_weight_fraction_leaf': 0.036973527714250005, 'max_features': 0.21717407365346744, 'bootstrap': False, 'max_samples': 0.11262243622249099}. Best is trial 784 with value: 0.8411330872952079.[0m
[32m[I 2022-04-22 20:06:27,206][0m Trial 940 finished with value: 0.8308941865138992 and parameters: {'n_estimators': 841, 'min_samples_split': 0.0010056696829084978, 'min_samples_leaf': 0.05364883218838777, 'min_weight_fraction_leaf': 0.009281888419674538, 'max_features': 0.2760764295569562, 'bootstrap': False, 'max_samples': 0.1599383292906736}. Best is trial 784 with value: 0.8411330872952079.[0m
[32m[I 2022-04-22 20:09:08,424][0m Trial 941 finished with value: 0.8345276544747243 and parameters: {'n_estimators': 919, 'min_samples_split': 0.05583251822938279, 'min_samples_leaf': 0.03404472245133839, 'min_weight_fraction_leaf': 0.018784265748250352, 'max_features': 0.31770759281575844, 'bootstrap': False, 'max_samples': 0.07623083101654876}. Best is trial 784 with value: 0.8411330872952079.[0m
[32m[I 2022-04-22 20:11:33,441][0m Trial 942 finished with value: 0.8363462429520967 and parameters: {'n_estimators': 732, 'min_samples_split': 0.03621711699310244, 'min_samples_leaf': 0.016865552882935793, 'min_weight_fraction_leaf': 0.0283094039408881, 'max_features': 0.2589372039094638, 'bootstrap': False, 'max_samples': 0.04423974243202866}. Best is trial 784 with value: 0.8411330872952079.[0m
[32m[I 2022-04-22 20:17:09,115][0m Trial 943 finished with value: 0.8395644402924223 and parameters: {'n_estimators': 998, 'min_samples_split': 0.025892245429768833, 'min_samples_leaf': 0.009718395997946761, 'min_weight_fraction_leaf': 0.00021619948530446175, 'max_features': 0.22906672838316344, 'bootstrap': False, 'max_samples': 0.1924579860020528}. Best is trial 784 with value: 0.8411330872952079.[0m
[32m[I 2022-04-22 20:19:40,852][0m Trial 944 finished with value: 0.8376366070753702 and parameters: {'n_estimators': 803, 'min_samples_split': 0.043514316668037, 'min_samples_leaf': 0.026525234545287157, 'min_weight_fraction_leaf': 0.016046520364773956, 'max_features': 0.28998873968620764, 'bootstrap': False, 'max_samples': 0.6912270384873521}. Best is trial 784 with value: 0.8411330872952079.[0m
[32m[I 2022-04-22 20:24:45,282][0m Trial 945 finished with value: 0.8380411986461457 and parameters: {'n_estimators': 871, 'min_samples_split': 0.01378894872620356, 'min_samples_leaf': 0.010248085238319419, 'min_weight_fraction_leaf': 0.0003242943596430648, 'max_features': 0.2445143656070245, 'bootstrap': False, 'max_samples': 0.13651485059786914}. Best is trial 784 with value: 0.8411330872952079.[0m
[32m[I 2022-04-22 20:27:24,924][0m Trial 946 finished with value: 0.8388568969443588 and parameters: {'n_estimators': 925, 'min_samples_split': 0.03117340290035691, 'min_samples_leaf': 0.018809220176671422, 'min_weight_fraction_leaf': 0.009631064613828927, 'max_features': 0.20137982325380113, 'bootstrap': False, 'max_samples': 0.06771881536416526}. Best is trial 784 with value: 0.8411330872952079.[0m
[32m[I 2022-04-22 20:28:58,700][0m Trial 947 finished with value: 0.833092328658722 and parameters: {'n_estimators': 834, 'min_samples_split': 0.057750146121967334, 'min_samples_leaf': 0.04092680164328257, 'min_weight_fraction_leaf': 0.04563518029015719, 'max_features': 0.2738334037402868, 'bootstrap': False, 'max_samples': 0.10199863602867329}. Best is trial 784 with value: 0.8411330872952079.[0m
[32m[I 2022-04-22 20:32:26,838][0m Trial 948 finished with value: 0.8375374931977386 and parameters: {'n_estimators': 951, 'min_samples_split': 0.02347980737644149, 'min_samples_leaf': 0.026063561220996255, 'min_weight_fraction_leaf': 0.02555069883478458, 'max_features': 0.30792068633314335, 'bootstrap': False, 'max_samples': 0.11748123879224262}. Best is trial 784 with value: 0.8411330872952079.[0m
[32m[I 2022-04-22 20:39:17,895][0m Trial 949 finished with value: 0.8400637016489488 and parameters: {'n_estimators': 885, 'min_samples_split': 0.04501303582799347, 'min_samples_leaf': 0.0014825626361996743, 'min_weight_fraction_leaf': 0.0157342692333843, 'max_features': 0.35075686387248095, 'bootstrap': False, 'max_samples': 0.02266577597181793}. Best is trial 784 with value: 0.8411330872952079.[0m
[32m[I 2022-04-22 20:43:08,560][0m Trial 950 finished with value: 0.8345932078612656 and parameters: {'n_estimators': 811, 'min_samples_split': 0.05707249557932915, 'min_samples_leaf': 0.0014115805290406715, 'min_weight_fraction_leaf': 0.04034088493910075, 'max_features': 0.3249360776607831, 'bootstrap': False, 'max_samples': 0.015188963897865428}. Best is trial 784 with value: 0.8411330872952079.[0m
[32m[I 2022-04-22 20:47:22,005][0m Trial 951 finished with value: 0.8344522971354404 and parameters: {'n_estimators': 857, 'min_samples_split': 0.042451962357550846, 'min_samples_leaf': 0.008975864151644437, 'min_weight_fraction_leaf': 0.03412572229328234, 'max_features': 0.3561752701545152, 'bootstrap': False, 'max_samples': 0.027292176432403767}. Best is trial 784 with value: 0.8411330872952079.[0m
[32m[I 2022-04-22 20:51:44,769][0m Trial 952 finished with value: 0.836678625924306 and parameters: {'n_estimators': 772, 'min_samples_split': 0.0530875339400049, 'min_samples_leaf': 0.008097366677345319, 'min_weight_fraction_leaf': 0.021306790568359685, 'max_features': 0.34955802898038474, 'bootstrap': False, 'max_samples': 0.006725188739555153}. Best is trial 784 with value: 0.8411330872952079.[0m
[32m[I 2022-04-22 20:55:14,666][0m Trial 953 finished with value: 0.835946885940613 and parameters: {'n_estimators': 864, 'min_samples_split': 0.04738653797822789, 'min_samples_leaf': 0.018617222910547748, 'min_weight_fraction_leaf': 0.029051825522019393, 'max_features': 0.34101480580627114, 'bootstrap': False, 'max_samples': 0.012926496314244203}. Best is trial 784 with value: 0.8411330872952079.[0m
[32m[I 2022-04-22 21:00:25,573][0m Trial 954 finished with value: 0.8395063670048095 and parameters: {'n_estimators': 805, 'min_samples_split': 0.061189889286232764, 'min_samples_leaf': 0.001419922784032919, 'min_weight_fraction_leaf': 0.017151068690560028, 'max_features': 0.3318878420453818, 'bootstrap': False, 'max_samples': 0.02677845217079035}. Best is trial 784 with value: 0.8411330872952079.[0m
[32m[I 2022-04-22 21:04:31,834][0m Trial 955 finished with value: 0.8382155710849475 and parameters: {'n_estimators': 882, 'min_samples_split': 0.04713430131500684, 'min_samples_leaf': 0.018339831230377118, 'min_weight_fraction_leaf': 0.016036820456867742, 'max_features': 0.31964615333138924, 'bootstrap': False, 'max_samples': 0.030493834559801453}. Best is trial 784 with value: 0.8411330872952079.[0m
[32m[I 2022-04-22 21:07:57,529][0m Trial 956 finished with value: 0.8357248824133515 and parameters: {'n_estimators': 830, 'min_samples_split': 0.039594927491355625, 'min_samples_leaf': 0.014335777829073379, 'min_weight_fraction_leaf': 0.03244953344468598, 'max_features': 0.34529005155919507, 'bootstrap': False, 'max_samples': 0.03646148632304569}. Best is trial 784 with value: 0.8411330872952079.[0m
[32m[I 2022-04-22 21:10:25,498][0m Trial 957 finished with value: 0.8323486436993675 and parameters: {'n_estimators': 762, 'min_samples_split': 0.048287123772827456, 'min_samples_leaf': 0.00994514619026575, 'min_weight_fraction_leaf': 0.054577404845336755, 'max_features': 0.31234326032505694, 'bootstrap': False, 'max_samples': 0.04603430396640679}. Best is trial 784 with value: 0.8411330872952079.[0m
[32m[I 2022-04-22 21:11:09,900][0m Trial 958 finished with value: 0.7911506880348274 and parameters: {'n_estimators': 889, 'min_samples_split': 0.03957425446428621, 'min_samples_leaf': 0.030825004658002926, 'min_weight_fraction_leaf': 0.2580354588768738, 'max_features': 0.36783225132092046, 'bootstrap': False, 'max_samples': 0.05838662440040712}. Best is trial 784 with value: 0.8411330872952079.[0m
