[32m[I 2022-04-21 12:00:41,698][0m Trial 324 finished with value: 0.839201170342092 and parameters: {'n_estimators': 287, 'min_samples_split': 0.26457598673806704, 'min_samples_leaf': 0.1611191012886128, 'min_weight_fraction_leaf': 0.057243283367186565, 'max_features': 0.10918653160082767, 'bootstrap': False, 'max_samples': 0.6186316602634797}. Best is trial 50 with value: 0.8427903724166675.[0m
[32m[I 2022-04-21 12:00:44,443][0m Trial 325 finished with value: 0.8426442432752064 and parameters: {'n_estimators': 184, 'min_samples_split': 0.36569220358327886, 'min_samples_leaf': 0.14198280460214363, 'min_weight_fraction_leaf': 0.19984896180168643, 'max_features': 0.0004932361564744422, 'bootstrap': False, 'max_samples': 0.5062769204953371}. Best is trial 50 with value: 0.8427903724166675.[0m
[32m[I 2022-04-21 12:00:50,253][0m Trial 326 finished with value: 0.8380088752486856 and parameters: {'n_estimators': 729, 'min_samples_split': 0.22556761134805836, 'min_samples_leaf': 0.1562568152210111, 'min_weight_fraction_leaf': 0.12970959210979283, 'max_features': 0.09839196961187174, 'bootstrap': False, 'max_samples': 0.44408846771257904}. Best is trial 50 with value: 0.8427903724166675.[0m
[32m[I 2022-04-21 12:00:53,066][0m Trial 327 finished with value: 0.8426442432752064 and parameters: {'n_estimators': 208, 'min_samples_split': 0.18569856019510309, 'min_samples_leaf': 0.1359182549498278, 'min_weight_fraction_leaf': 0.18419556418424593, 'max_features': 0.07333534301905166, 'bootstrap': False, 'max_samples': 0.4513282237531994}. Best is trial 50 with value: 0.8427903724166675.[0m
[32m[I 2022-04-21 12:01:01,995][0m Trial 328 finished with value: 0.720860805323029 and parameters: {'n_estimators': 687, 'min_samples_split': 0.24013550637430292, 'min_samples_leaf': 0.164201010273847, 'min_weight_fraction_leaf': 0.12298598775242439, 'max_features': 0.08563764566474072, 'bootstrap': True, 'max_samples': 0.4314244133918742, 'oob_score': True}. Best is trial 50 with value: 0.8427903724166675.[0m
[32m[I 2022-04-21 12:01:09,754][0m Trial 329 finished with value: 0.8427903724166675 and parameters: {'n_estimators': 790, 'min_samples_split': 0.2604033756247683, 'min_samples_leaf': 0.1770127961914002, 'min_weight_fraction_leaf': 0.10874379365018597, 'max_features': 0.1907976236566616, 'bootstrap': False, 'max_samples': 0.5014898370278529}. Best is trial 50 with value: 0.8427903724166675.[0m
[32m[I 2022-04-21 12:01:12,902][0m Trial 330 finished with value: 0.8426442432752064 and parameters: {'n_estimators': 273, 'min_samples_split': 0.2751407348501985, 'min_samples_leaf': 0.2061953167755256, 'min_weight_fraction_leaf': 0.037174946743115445, 'max_features': 0.2066398374670097, 'bootstrap': False, 'max_samples': 0.4920984113064659}. Best is trial 50 with value: 0.8427903724166675.[0m
[32m[I 2022-04-21 12:01:19,848][0m Trial 331 finished with value: 0.8426442432752064 and parameters: {'n_estimators': 830, 'min_samples_split': 0.2588718523052636, 'min_samples_leaf': 0.19128949435870826, 'min_weight_fraction_leaf': 0.11361035282124143, 'max_features': 0.3343436799273207, 'bootstrap': False, 'max_samples': 0.3276992026192804}. Best is trial 50 with value: 0.8427903724166675.[0m
[32m[I 2022-04-21 12:01:23,485][0m Trial 332 finished with value: 0.8426442432752064 and parameters: {'n_estimators': 392, 'min_samples_split': 0.3104685403368494, 'min_samples_leaf': 0.18902869633004912, 'min_weight_fraction_leaf': 0.1537139922708135, 'max_features': 0.13536008673834599, 'bootstrap': False, 'max_samples': 0.309755944845677}. Best is trial 50 with value: 0.8427903724166675.[0m
[32m[I 2022-04-21 12:01:26,535][0m Trial 333 finished with value: 0.8427903724166675 and parameters: {'n_estimators': 276, 'min_samples_split': 0.27691046282690757, 'min_samples_leaf': 0.17809230871425966, 'min_weight_fraction_leaf': 0.02147502691868871, 'max_features': 0.10990575563206267, 'bootstrap': False, 'max_samples': 0.756009706465075}. Best is trial 50 with value: 0.8427903724166675.[0m
[32m[I 2022-04-21 12:01:32,455][0m Trial 334 finished with value: 0.8427903724166675 and parameters: {'n_estimators': 687, 'min_samples_split': 0.27843095874833773, 'min_samples_leaf': 0.1754605863923653, 'min_weight_fraction_leaf': 0.1166875139673741, 'max_features': 0.13493420662520075, 'bootstrap': False, 'max_samples': 0.7811525248105327}. Best is trial 50 with value: 0.8427903724166675.[0m
[32m[I 2022-04-21 12:01:37,070][0m Trial 335 finished with value: 0.8423083212244602 and parameters: {'n_estimators': 502, 'min_samples_split': 0.2097832241562796, 'min_samples_leaf': 0.1497245141838118, 'min_weight_fraction_leaf': 0.17157398097937734, 'max_features': 0.04277380947324218, 'bootstrap': False, 'max_samples': 0.8099288827822939}. Best is trial 50 with value: 0.8427903724166675.[0m
[32m[I 2022-04-21 12:01:40,340][0m Trial 336 finished with value: 0.8423083212244602 and parameters: {'n_estimators': 255, 'min_samples_split': 0.25726371303384393, 'min_samples_leaf': 0.17022218137972828, 'min_weight_fraction_leaf': 0.036688798543215814, 'max_features': 0.24819863934325492, 'bootstrap': False, 'max_samples': 0.3918084855580861}. Best is trial 50 with value: 0.8427903724166675.[0m
[32m[I 2022-04-21 12:01:43,593][0m Trial 337 finished with value: 0.8379020197379132 and parameters: {'n_estimators': 292, 'min_samples_split': 0.2334705429678476, 'min_samples_leaf': 0.1587407261776444, 'min_weight_fraction_leaf': 0.23110203481135655, 'max_features': 0.02362853140756486, 'bootstrap': False, 'max_samples': 0.695736402659586}. Best is trial 50 with value: 0.8427903724166675.[0m
[32m[I 2022-04-21 12:01:50,070][0m Trial 338 finished with value: 0.8384065400403113 and parameters: {'n_estimators': 616, 'min_samples_split': 0.31092182315143957, 'min_samples_leaf': 0.11624471593730859, 'min_weight_fraction_leaf': 0.08731576779265704, 'max_features': 0.2810677043657078, 'bootstrap': False, 'max_samples': 0.56806199947833}. Best is trial 50 with value: 0.8427903724166675.[0m
[32m[I 2022-04-21 12:01:52,883][0m Trial 339 finished with value: 0.8355028735629941 and parameters: {'n_estimators': 170, 'min_samples_split': 0.18199737486087655, 'min_samples_leaf': 0.12612205268610757, 'min_weight_fraction_leaf': 0.10011856503165908, 'max_features': 0.3003395490174005, 'bootstrap': False, 'max_samples': 0.4003884078122066}. Best is trial 50 with value: 0.8427903724166675.[0m
[32m[I 2022-04-21 12:01:56,323][0m Trial 340 finished with value: 0.8426442432752064 and parameters: {'n_estimators': 334, 'min_samples_split': 0.2045713059858535, 'min_samples_leaf': 0.20039722450749886, 'min_weight_fraction_leaf': 0.0791206405069407, 'max_features': 0.04661801612959909, 'bootstrap': False, 'max_samples': 0.41279226647827033}. Best is trial 50 with value: 0.8427903724166675.[0m
[32m[I 2022-04-21 12:01:59,533][0m Trial 341 finished with value: 0.8426442432752064 and parameters: {'n_estimators': 268, 'min_samples_split': 0.29206705645393727, 'min_samples_leaf': 0.18451032384626417, 'min_weight_fraction_leaf': 0.021673621239430597, 'max_features': 0.10716615695594811, 'bootstrap': False, 'max_samples': 0.6528089576006552}. Best is trial 50 with value: 0.8427903724166675.[0m
[32m[I 2022-04-21 12:02:05,741][0m Trial 342 finished with value: 0.8426442432752064 and parameters: {'n_estimators': 658, 'min_samples_split': 0.26844440779585255, 'min_samples_leaf': 0.19126492005654813, 'min_weight_fraction_leaf': 0.11833695431451507, 'max_features': 0.15736877901584953, 'bootstrap': False, 'max_samples': 0.367023348663806}. Best is trial 50 with value: 0.8427903724166675.[0m
[32m[I 2022-04-21 12:02:08,459][0m Trial 343 finished with value: 0.8382534883965127 and parameters: {'n_estimators': 194, 'min_samples_split': 0.14832015228174406, 'min_samples_leaf': 0.16599917269646408, 'min_weight_fraction_leaf': 0.13649881708608444, 'max_features': 0.7462598594340438, 'bootstrap': False, 'max_samples': 0.37912370282352775}. Best is trial 50 with value: 0.8427903724166675.[0m
[32m[I 2022-04-21 12:02:14,153][0m Trial 344 finished with value: 0.8426442432752064 and parameters: {'n_estimators': 639, 'min_samples_split': 0.3034530082238617, 'min_samples_leaf': 0.20495762780723534, 'min_weight_fraction_leaf': 0.1603559549142655, 'max_features': 0.042109092811883936, 'bootstrap': False, 'max_samples': 0.40711609219240624}. Best is trial 50 with value: 0.8427903724166675.[0m
[32m[I 2022-04-21 12:02:16,923][0m Trial 345 finished with value: 0.8381885072369828 and parameters: {'n_estimators': 198, 'min_samples_split': 0.3004609390534257, 'min_samples_leaf': 0.1592642439847689, 'min_weight_fraction_leaf': 0.1425272794468731, 'max_features': 0.15221019215094556, 'bootstrap': False, 'max_samples': 0.5496126124998302}. Best is trial 50 with value: 0.8427903724166675.[0m
[32m[I 2022-04-21 12:02:19,776][0m Trial 346 finished with value: 0.65 and parameters: {'n_estimators': 190, 'min_samples_split': 0.3053831311537294, 'min_samples_leaf': 0.22599151302805356, 'min_weight_fraction_leaf': 0.4204675950363529, 'max_features': 0.2690642413575611, 'bootstrap': False, 'max_samples': 0.5604654022798915}. Best is trial 50 with value: 0.8427903724166675.[0m
[32m[I 2022-04-21 12:02:26,270][0m Trial 347 finished with value: 0.838328662358492 and parameters: {'n_estimators': 792, 'min_samples_split': 0.24665288140151814, 'min_samples_leaf': 0.1495572497127342, 'min_weight_fraction_leaf': 0.13271902329169427, 'max_features': 0.09811076414864195, 'bootstrap': False, 'max_samples': 0.4323854826249799}. Best is trial 50 with value: 0.8427903724166675.[0m
[32m[I 2022-04-21 12:02:31,540][0m Trial 348 finished with value: 0.8427903724166675 and parameters: {'n_estimators': 567, 'min_samples_split': 0.1964281959676114, 'min_samples_leaf': 0.17952085989912162, 'min_weight_fraction_leaf': 0.14626352509866636, 'max_features': 0.056713384420792906, 'bootstrap': False, 'max_samples': 0.4629294556308674}. Best is trial 50 with value: 0.8427903724166675.[0m
[32m[I 2022-04-21 12:02:37,701][0m Trial 349 finished with value: 0.842952376884214 and parameters: {'n_estimators': 427, 'min_samples_split': 0.21800808116208253, 'min_samples_leaf': 0.14688955948657237, 'min_weight_fraction_leaf': 0.16775407764261596, 'max_features': 0.03574928560263564, 'bootstrap': True, 'max_samples': 0.9803926469481306, 'oob_score': True}. Best is trial 349 with value: 0.842952376884214.[0m
[32m[I 2022-04-21 12:02:42,721][0m Trial 350 finished with value: 0.8424541508018741 and parameters: {'n_estimators': 329, 'min_samples_split': 0.19971896546950094, 'min_samples_leaf': 0.14303296737876428, 'min_weight_fraction_leaf': 0.1761209285857949, 'max_features': 0.03666975538727453, 'bootstrap': True, 'max_samples': 0.8725676324935602, 'oob_score': True}. Best is trial 349 with value: 0.842952376884214.[0m
[32m[I 2022-04-21 12:02:47,181][0m Trial 351 finished with value: 0.8426442432752064 and parameters: {'n_estimators': 433, 'min_samples_split': 0.2154459947810644, 'min_samples_leaf': 0.1694333873660403, 'min_weight_fraction_leaf': 0.21039907535200025, 'max_features': 0.014868897019269973, 'bootstrap': False, 'max_samples': 0.951715849967585}. Best is trial 349 with value: 0.842952376884214.[0m
[32m[I 2022-04-21 12:02:56,301][0m Trial 352 finished with value: 0.8418736494032364 and parameters: {'n_estimators': 721, 'min_samples_split': 0.2466754186136701, 'min_samples_leaf': 0.16762338371600563, 'min_weight_fraction_leaf': 0.006489724867757487, 'max_features': 0.15235622878491578, 'bootstrap': True, 'max_samples': 0.9877833507833542, 'oob_score': True}. Best is trial 349 with value: 0.842952376884214.[0m
[32m[I 2022-04-21 12:03:05,632][0m Trial 353 finished with value: 0.65 and parameters: {'n_estimators': 652, 'min_samples_split': 0.2680855325883231, 'min_samples_leaf': 0.21846052660431847, 'min_weight_fraction_leaf': 0.1914481535590215, 'max_features': 0.17927767625728072, 'bootstrap': True, 'max_samples': 0.3382377080163168, 'oob_score': True}. Best is trial 349 with value: 0.842952376884214.[0m
[32m[I 2022-04-21 12:03:11,924][0m Trial 354 finished with value: 0.7318932505618909 and parameters: {'n_estimators': 417, 'min_samples_split': 0.3546517839138213, 'min_samples_leaf': 0.15119144160766568, 'min_weight_fraction_leaf': 0.16739367904181252, 'max_features': 0.03174207730817104, 'bootstrap': True, 'max_samples': 0.4657715736738197, 'oob_score': True}. Best is trial 349 with value: 0.842952376884214.[0m
[32m[I 2022-04-21 12:03:18,343][0m Trial 355 finished with value: 0.8418736494032364 and parameters: {'n_estimators': 407, 'min_samples_split': 0.33449998356049687, 'min_samples_leaf': 0.14673269507083714, 'min_weight_fraction_leaf': 0.1812372211220533, 'max_features': 0.9082697320057639, 'bootstrap': True, 'max_samples': 0.8574829388142721, 'oob_score': True}. Best is trial 349 with value: 0.842952376884214.[0m
[32m[I 2022-04-21 12:03:22,030][0m Trial 356 finished with value: 0.7206830542616132 and parameters: {'n_estimators': 226, 'min_samples_split': 0.18064633143336875, 'min_samples_leaf': 0.1841245673228834, 'min_weight_fraction_leaf': 0.00511796156815388, 'max_features': 0.008861995509710976, 'bootstrap': True, 'max_samples': 0.589610724347042, 'oob_score': True}. Best is trial 349 with value: 0.842952376884214.[0m
[32m[I 2022-04-21 12:03:30,941][0m Trial 357 finished with value: 0.65 and parameters: {'n_estimators': 697, 'min_samples_split': 0.28060317884044017, 'min_samples_leaf': 0.1776601918282808, 'min_weight_fraction_leaf': 0.10833369901405798, 'max_features': 0.1612039835055664, 'bootstrap': True, 'max_samples': 0.395156077945304, 'oob_score': True}. Best is trial 349 with value: 0.842952376884214.[0m
[32m[I 2022-04-21 12:03:36,090][0m Trial 358 finished with value: 0.65 and parameters: {'n_estimators': 304, 'min_samples_split': 0.2126739338352834, 'min_samples_leaf': 0.19555983924803902, 'min_weight_fraction_leaf': 0.14568291195351496, 'max_features': 0.13543755011984965, 'bootstrap': True, 'max_samples': 0.3622820070776786, 'oob_score': True}. Best is trial 349 with value: 0.842952376884214.[0m
[32m[I 2022-04-21 12:03:43,436][0m Trial 359 finished with value: 0.8426447887564578 and parameters: {'n_estimators': 886, 'min_samples_split': 0.23576078792835345, 'min_samples_leaf': 0.17436414957211632, 'min_weight_fraction_leaf': 0.12382495541984026, 'max_features': 0.07957431783993961, 'bootstrap': False, 'max_samples': 0.77653585762405}. Best is trial 349 with value: 0.842952376884214.[0m
[32m[I 2022-04-21 12:03:49,051][0m Trial 360 finished with value: 0.839201170342092 and parameters: {'n_estimators': 692, 'min_samples_split': 0.26422289985159775, 'min_samples_leaf': 0.16631538965015244, 'min_weight_fraction_leaf': 0.09963532516028212, 'max_features': 0.06558940238941006, 'bootstrap': False, 'max_samples': 0.7743938585175988}. Best is trial 349 with value: 0.842952376884214.[0m
[32m[I 2022-04-21 12:03:53,513][0m Trial 361 finished with value: 0.8426442432752064 and parameters: {'n_estimators': 452, 'min_samples_split': 0.22284150517791043, 'min_samples_leaf': 0.1562830762429086, 'min_weight_fraction_leaf': 0.19495517024351344, 'max_features': 0.0013745575670223963, 'bootstrap': False, 'max_samples': 0.4794856058450232}. Best is trial 349 with value: 0.842952376884214.[0m
[32m[I 2022-04-21 12:03:57,486][0m Trial 362 finished with value: 0.8397656496074267 and parameters: {'n_estimators': 387, 'min_samples_split': 0.2376953058178106, 'min_samples_leaf': 0.16081015672995524, 'min_weight_fraction_leaf': 0.02373574080737057, 'max_features': 0.6236037597622497, 'bootstrap': False, 'max_samples': 0.62120920998219}. Best is trial 349 with value: 0.842952376884214.[0m
[32m[I 2022-04-21 12:04:01,095][0m Trial 363 finished with value: 0.839201170342092 and parameters: {'n_estimators': 367, 'min_samples_split': 0.16732160221857845, 'min_samples_leaf': 0.13498897802270798, 'min_weight_fraction_leaf': 0.1602373410446012, 'max_features': 0.0236729074169547, 'bootstrap': False, 'max_samples': 0.5627284506977699}. Best is trial 349 with value: 0.842952376884214.[0m
[32m[I 2022-04-21 12:04:03,555][0m Trial 364 finished with value: 0.8426442432752064 and parameters: {'n_estimators': 148, 'min_samples_split': 0.32061421357489023, 'min_samples_leaf': 0.1401724573207267, 'min_weight_fraction_leaf': 0.18349291325121778, 'max_features': 0.048453802792601065, 'bootstrap': False, 'max_samples': 0.52629591803697}. Best is trial 349 with value: 0.842952376884214.[0m
[32m[I 2022-04-21 12:04:10,593][0m Trial 365 finished with value: 0.8421627375642503 and parameters: {'n_estimators': 746, 'min_samples_split': 0.2891871013690823, 'min_samples_leaf': 0.17054189071107975, 'min_weight_fraction_leaf': 0.03014499907737617, 'max_features': 0.11488622144061694, 'bootstrap': False, 'max_samples': 0.37332236032273575}. Best is trial 349 with value: 0.842952376884214.[0m
[32m[I 2022-04-21 12:04:13,114][0m Trial 366 finished with value: 0.8423083212244602 and parameters: {'n_estimators': 134, 'min_samples_split': 0.16746466651077901, 'min_samples_leaf': 0.15063570286576142, 'min_weight_fraction_leaf': 0.1675267850903527, 'max_features': 0.2183975018424851, 'bootstrap': False, 'max_samples': 0.6295307099682597}. Best is trial 349 with value: 0.842952376884214.[0m
[32m[I 2022-04-21 12:04:15,989][0m Trial 367 finished with value: 0.7318450474400788 and parameters: {'n_estimators': 313, 'min_samples_split': 0.2889541870848451, 'min_samples_leaf': 0.2646575495716859, 'min_weight_fraction_leaf': 0.25527755134250274, 'max_features': 0.07741074503074272, 'bootstrap': False, 'max_samples': 0.5993862392734539}. Best is trial 349 with value: 0.842952376884214.[0m
[32m[I 2022-04-21 12:04:19,500][0m Trial 368 finished with value: 0.8426442432752064 and parameters: {'n_estimators': 250, 'min_samples_split': 0.2794893610997299, 'min_samples_leaf': 0.18529083720245007, 'min_weight_fraction_leaf': 0.047579760608370505, 'max_features': 0.13855100816588317, 'bootstrap': False, 'max_samples': 0.8883042463270421}. Best is trial 349 with value: 0.842952376884214.[0m
[32m[I 2022-04-21 12:04:26,068][0m Trial 369 finished with value: 0.8426447887564578 and parameters: {'n_estimators': 773, 'min_samples_split': 0.2612426833776617, 'min_samples_leaf': 0.17909713811884911, 'min_weight_fraction_leaf': 0.09435750251009113, 'max_features': 0.09543236326937617, 'bootstrap': False, 'max_samples': 0.406468363284206}. Best is trial 349 with value: 0.842952376884214.[0m
[32m[I 2022-04-21 12:04:30,243][0m Trial 370 finished with value: 0.839201170342092 and parameters: {'n_estimators': 378, 'min_samples_split': 0.32016539192063903, 'min_samples_leaf': 0.09862604503319562, 'min_weight_fraction_leaf': 0.1628765328678048, 'max_features': 0.21245364840642433, 'bootstrap': False, 'max_samples': 0.6465622308635305}. Best is trial 349 with value: 0.842952376884214.[0m
[32m[I 2022-04-21 12:04:33,147][0m Trial 371 finished with value: 0.8426442432752064 and parameters: {'n_estimators': 193, 'min_samples_split': 0.13068909197672027, 'min_samples_leaf': 0.15791443463647523, 'min_weight_fraction_leaf': 0.18861488869063936, 'max_features': 0.026476092551464485, 'bootstrap': False, 'max_samples': 0.923017032101981}. Best is trial 349 with value: 0.842952376884214.[0m
[32m[I 2022-04-21 12:04:38,311][0m Trial 372 finished with value: 0.8426442432752064 and parameters: {'n_estimators': 633, 'min_samples_split': 0.2718777694798147, 'min_samples_leaf': 0.19239195880433144, 'min_weight_fraction_leaf': 0.031933956921379, 'max_features': 0.1603215601592376, 'bootstrap': False, 'max_samples': 0.3492033170671751}. Best is trial 349 with value: 0.842952376884214.[0m
[32m[I 2022-04-21 12:04:48,112][0m Trial 373 finished with value: 0.6929384321138327 and parameters: {'n_estimators': 742, 'min_samples_split': 0.2540158916990158, 'min_samples_leaf': 0.17208468917239375, 'min_weight_fraction_leaf': 0.01505531160254729, 'max_features': 0.13086766560607507, 'bootstrap': True, 'max_samples': 0.4310263053565215, 'oob_score': True}. Best is trial 349 with value: 0.842952376884214.[0m
[32m[I 2022-04-21 12:04:53,040][0m Trial 374 finished with value: 0.65 and parameters: {'n_estimators': 598, 'min_samples_split': 0.2511409276698169, 'min_samples_leaf': 0.42062993202667304, 'min_weight_fraction_leaf': 0.1383690723257516, 'max_features': 0.06776302633404019, 'bootstrap': False, 'max_samples': 0.38952666157707716}. Best is trial 349 with value: 0.842952376884214.[0m
[32m[I 2022-04-21 12:04:59,940][0m Trial 375 finished with value: 0.8426442432752064 and parameters: {'n_estimators': 888, 'min_samples_split': 0.21961033017188564, 'min_samples_leaf': 0.19966572405238459, 'min_weight_fraction_leaf': 0.05864284233276075, 'max_features': 0.09538598398992046, 'bootstrap': False, 'max_samples': 0.1668905284603907}. Best is trial 349 with value: 0.842952376884214.[0m
[32m[I 2022-04-21 12:05:02,809][0m Trial 376 finished with value: 0.8423083212244602 and parameters: {'n_estimators': 279, 'min_samples_split': 0.26241014148560643, 'min_samples_leaf': 0.169718924162034, 'min_weight_fraction_leaf': 0.015082166181410126, 'max_features': 0.17695955913959557, 'bootstrap': False, 'max_samples': 0.3663803568790504}. Best is trial 349 with value: 0.842952376884214.[0m
[32m[I 2022-04-21 12:05:08,688][0m Trial 377 finished with value: 0.8385082943467893 and parameters: {'n_estimators': 599, 'min_samples_split': 0.19615107942718962, 'min_samples_leaf': 0.13372532889714683, 'min_weight_fraction_leaf': 0.15116686606304228, 'max_features': 0.11425101571947296, 'bootstrap': False, 'max_samples': 0.48343923679612033}. Best is trial 349 with value: 0.842952376884214.[0m
