[32m[I 2022-04-24 01:06:14,316][0m Trial 712 finished with value: 0.670462096728935 and parameters: {'n_estimators': 860, 'min_samples_split': 0.015409332479943194, 'min_samples_leaf': 0.001098831236035001, 'min_weight_fraction_leaf': 0.03538057829053438, 'max_features': 0.325097140095733, 'bootstrap': False, 'max_samples': 0.31658382943236235}. Best is trial 251 with value: 0.6908430332111252.[0m
[32m[I 2022-04-24 01:06:30,748][0m Trial 713 finished with value: 0.6731669013002419 and parameters: {'n_estimators': 134, 'min_samples_split': 0.022485621224808496, 'min_samples_leaf': 0.032990570534918155, 'min_weight_fraction_leaf': 0.02305900054774705, 'max_features': 0.21820508528492016, 'bootstrap': False, 'max_samples': 0.3813339548200788}. Best is trial 251 with value: 0.6908430332111252.[0m
[32m[I 2022-04-24 01:06:38,999][0m Trial 714 finished with value: 0.6440471421035004 and parameters: {'n_estimators': 683, 'min_samples_split': 0.009269011898221194, 'min_samples_leaf': 0.02278835016569456, 'min_weight_fraction_leaf': 0.008312737974871906, 'max_features': 0.052045745734785945, 'bootstrap': True, 'max_samples': 0.2625670169181408, 'oob_score': False}. Best is trial 251 with value: 0.6908430332111252.[0m
[32m[I 2022-04-24 01:06:42,540][0m Trial 715 finished with value: 0.5835195203693808 and parameters: {'n_estimators': 515, 'min_samples_split': 0.10896584038480966, 'min_samples_leaf': 0.3468073504341589, 'min_weight_fraction_leaf': 0.0003544180272085518, 'max_features': 0.13417836169006625, 'bootstrap': False, 'max_samples': 0.334696688335166}. Best is trial 251 with value: 0.6908430332111252.[0m
[32m[I 2022-04-24 01:06:47,909][0m Trial 716 finished with value: 0.5672963326602976 and parameters: {'n_estimators': 799, 'min_samples_split': 0.009636065285966269, 'min_samples_leaf': 0.40960427648532693, 'min_weight_fraction_leaf': 0.017551307936217873, 'max_features': 0.19038208702987716, 'bootstrap': False, 'max_samples': 0.30558217420116884}. Best is trial 251 with value: 0.6908430332111252.[0m
[32m[I 2022-04-24 01:10:34,336][0m Trial 717 finished with value: 0.6792812632299855 and parameters: {'n_estimators': 892, 'min_samples_split': 0.029856548985510427, 'min_samples_leaf': 0.01703554332359559, 'min_weight_fraction_leaf': 7.503986427846374e-06, 'max_features': 0.2768067285508544, 'bootstrap': False, 'max_samples': 0.18394124268761153}. Best is trial 251 with value: 0.6908430332111252.[0m
[32m[I 2022-04-24 01:12:06,289][0m Trial 718 finished with value: 0.6597748094451825 and parameters: {'n_estimators': 833, 'min_samples_split': 0.2954940296605927, 'min_samples_leaf': 0.008392208649242765, 'min_weight_fraction_leaf': 0.02664270693803618, 'max_features': 0.23920140808389567, 'bootstrap': False, 'max_samples': 0.40610258814462863}. Best is trial 251 with value: 0.6908430332111252.[0m
[32m[I 2022-04-24 01:15:35,483][0m Trial 719 finished with value: 0.6205723186971039 and parameters: {'n_estimators': 724, 'min_samples_split': 0.04786088889371605, 'min_samples_leaf': 0.0014104085074482207, 'min_weight_fraction_leaf': 0.1606484812949808, 'max_features': 0.8542784448826866, 'bootstrap': False, 'max_samples': 0.3532305751101609}. Best is trial 251 with value: 0.6908430332111252.[0m
[32m[I 2022-04-24 01:16:15,682][0m Trial 720 finished with value: 0.6697668285589498 and parameters: {'n_estimators': 602, 'min_samples_split': 0.01910428940068394, 'min_samples_leaf': 0.030871431692327332, 'min_weight_fraction_leaf': 0.013277233119576013, 'max_features': 0.09062581804178249, 'bootstrap': False, 'max_samples': 0.2796886982716026}. Best is trial 251 with value: 0.6908430332111252.[0m
[32m[I 2022-04-24 01:18:25,049][0m Trial 721 finished with value: 0.6772055965918155 and parameters: {'n_estimators': 767, 'min_samples_split': 0.008958554295626824, 'min_samples_leaf': 0.018866807662039332, 'min_weight_fraction_leaf': 0.00911975428600133, 'max_features': 0.15911705646103697, 'bootstrap': False, 'max_samples': 0.229762638519814}. Best is trial 251 with value: 0.6908430332111252.[0m
[32m[I 2022-04-24 01:19:59,385][0m Trial 722 finished with value: 0.6692631672680166 and parameters: {'n_estimators': 649, 'min_samples_split': 0.001245581911966512, 'min_samples_leaf': 0.041062641235053064, 'min_weight_fraction_leaf': 0.01783328559937023, 'max_features': 0.2938341440728242, 'bootstrap': False, 'max_samples': 0.3816537864418884}. Best is trial 251 with value: 0.6908430332111252.[0m
[32m[I 2022-04-24 01:22:28,898][0m Trial 723 finished with value: 0.6705308238245549 and parameters: {'n_estimators': 695, 'min_samples_split': 0.03789520605265583, 'min_samples_leaf': 0.011180619824758476, 'min_weight_fraction_leaf': 0.03221439298084527, 'max_features': 0.2620268225187753, 'bootstrap': False, 'max_samples': 0.4420665514650291}. Best is trial 251 with value: 0.6908430332111252.[0m
[32m[I 2022-04-24 01:29:15,402][0m Trial 724 finished with value: 0.6791894698527777 and parameters: {'n_estimators': 971, 'min_samples_split': 0.021264643759533707, 'min_samples_leaf': 0.0014767263594888252, 'min_weight_fraction_leaf': 0.00907683342174558, 'max_features': 0.20403186819211977, 'bootstrap': False, 'max_samples': 0.33879732655685796}. Best is trial 251 with value: 0.6908430332111252.[0m
[32m[I 2022-04-24 01:29:48,240][0m Trial 725 finished with value: 0.664034724405893 and parameters: {'n_estimators': 793, 'min_samples_split': 0.4520142309903823, 'min_samples_leaf': 0.022122329192122835, 'min_weight_fraction_leaf': 0.0233955915457386, 'max_features': 0.11105376223072526, 'bootstrap': False, 'max_samples': 0.3624044760622477}. Best is trial 251 with value: 0.6908430332111252.[0m
[32m[I 2022-04-24 01:30:23,024][0m Trial 726 finished with value: 0.6694284304823045 and parameters: {'n_estimators': 749, 'min_samples_split': 0.016805554321281904, 'min_samples_leaf': 0.010471411020078154, 'min_weight_fraction_leaf': 0.008778942962177702, 'max_features': 0.03599709866819161, 'bootstrap': False, 'max_samples': 0.21824056308481096}. Best is trial 251 with value: 0.6908430332111252.[0m
[32m[I 2022-04-24 01:32:15,231][0m Trial 727 finished with value: 0.6691926558132021 and parameters: {'n_estimators': 839, 'min_samples_split': 0.029382257494193494, 'min_samples_leaf': 0.026315594944716615, 'min_weight_fraction_leaf': 0.043144874962969385, 'max_features': 0.22649374575727713, 'bootstrap': False, 'max_samples': 0.306714568706257}. Best is trial 251 with value: 0.6908430332111252.[0m
[32m[I 2022-04-24 01:39:24,664][0m Trial 728 finished with value: 0.6864023972813957 and parameters: {'n_estimators': 715, 'min_samples_split': 0.009660659171415138, 'min_samples_leaf': 0.0012340243902887616, 'min_weight_fraction_leaf': 5.489890230920766e-05, 'max_features': 0.14326674694575225, 'bootstrap': False, 'max_samples': 0.26081184259477574}. Best is trial 251 with value: 0.6908430332111252.[0m
[32m[I 2022-04-24 01:41:58,517][0m Trial 729 finished with value: 0.6755325956754963 and parameters: {'n_estimators': 704, 'min_samples_split': 0.009153823300686613, 'min_samples_leaf': 0.009085093162150915, 'min_weight_fraction_leaf': 0.008691572715210063, 'max_features': 0.12935377455989439, 'bootstrap': False, 'max_samples': 0.2574856221719738}. Best is trial 251 with value: 0.6908430332111252.[0m
[32m[I 2022-04-24 01:42:05,456][0m Trial 730 finished with value: 0.5667256359858988 and parameters: {'n_estimators': 689, 'min_samples_split': 0.0014178042833189216, 'min_samples_leaf': 0.21802263944751324, 'min_weight_fraction_leaf': 0.4427028770735184, 'max_features': 0.14136118536709197, 'bootstrap': False, 'max_samples': 0.24964192278452907}. Best is trial 251 with value: 0.6908430332111252.[0m
[32m[I 2022-04-24 01:44:49,403][0m Trial 731 finished with value: 0.6776197983456194 and parameters: {'n_estimators': 662, 'min_samples_split': 0.021288100284568658, 'min_samples_leaf': 0.009581564074618212, 'min_weight_fraction_leaf': 9.779656902170718e-05, 'max_features': 0.15217714723085182, 'bootstrap': False, 'max_samples': 0.2731751419980668}. Best is trial 251 with value: 0.6908430332111252.[0m
[32m[I 2022-04-24 01:45:37,620][0m Trial 732 finished with value: 0.6620453198325926 and parameters: {'n_estimators': 719, 'min_samples_split': 0.00947027660746301, 'min_samples_leaf': 0.001980825855188377, 'min_weight_fraction_leaf': 0.00811446698462615, 'max_features': 0.11416486586197158, 'bootstrap': True, 'max_samples': 0.2740076082396125, 'oob_score': False}. Best is trial 251 with value: 0.6908430332111252.[0m
[32m[I 2022-04-24 01:47:45,058][0m Trial 733 finished with value: 0.6772421542693238 and parameters: {'n_estimators': 739, 'min_samples_split': 0.016294792907551398, 'min_samples_leaf': 0.016181820074594056, 'min_weight_fraction_leaf': 0.0007317909182662714, 'max_features': 0.15728996418563596, 'bootstrap': False, 'max_samples': 0.23563532783251961}. Best is trial 251 with value: 0.6908430332111252.[0m
[32m[I 2022-04-24 01:50:14,748][0m Trial 734 finished with value: 0.6743044414206006 and parameters: {'n_estimators': 637, 'min_samples_split': 0.027189582328358275, 'min_samples_leaf': 0.0020141956769168935, 'min_weight_fraction_leaf': 0.016812621221218627, 'max_features': 0.13955847854243394, 'bootstrap': False, 'max_samples': 0.28581108355414564}. Best is trial 251 with value: 0.6908430332111252.[0m
[32m[I 2022-04-24 01:50:20,444][0m Trial 735 finished with value: 0.5919780939947923 and parameters: {'n_estimators': 567, 'min_samples_split': 0.04209173421335818, 'min_samples_leaf': 0.2824916665749709, 'min_weight_fraction_leaf': 0.008211510132774194, 'max_features': 0.18286561128660522, 'bootstrap': False, 'max_samples': 0.496000267521005}. Best is trial 251 with value: 0.6908430332111252.[0m
[32m[I 2022-04-24 01:51:54,196][0m Trial 736 finished with value: 0.6776466092387612 and parameters: {'n_estimators': 718, 'min_samples_split': 0.0011588771714245855, 'min_samples_leaf': 0.001134638118739626, 'min_weight_fraction_leaf': 0.015237349013552857, 'max_features': 0.08195004082829566, 'bootstrap': False, 'max_samples': 0.2469134367224824}. Best is trial 251 with value: 0.6908430332111252.[0m
[32m[I 2022-04-24 01:55:34,034][0m Trial 737 finished with value: 0.6740804418751442 and parameters: {'n_estimators': 763, 'min_samples_split': 0.011785086902281756, 'min_samples_leaf': 0.0010134358815212102, 'min_weight_fraction_leaf': 0.008359226040674204, 'max_features': 0.12271980202129801, 'bootstrap': False, 'max_samples': 0.21985507162883483}. Best is trial 251 with value: 0.6908430332111252.[0m
[32m[I 2022-04-24 01:55:46,906][0m Trial 738 finished with value: 0.5311910437316663 and parameters: {'n_estimators': 662, 'min_samples_split': 0.024779362193194054, 'min_samples_leaf': 0.017742714226760502, 'min_weight_fraction_leaf': 0.4970119040322246, 'max_features': 0.17831791121800272, 'bootstrap': False, 'max_samples': 0.26539574737640925}. Best is trial 251 with value: 0.6908430332111252.[0m
[32m[I 2022-04-24 01:56:30,572][0m Trial 739 finished with value: 0.6707073640128643 and parameters: {'n_estimators': 688, 'min_samples_split': 0.2208301189611867, 'min_samples_leaf': 0.01701372898909989, 'min_weight_fraction_leaf': 0.0005054723066795523, 'max_features': 0.09620645582444344, 'bootstrap': False, 'max_samples': 0.2945855936727897}. Best is trial 251 with value: 0.6908430332111252.[0m
[32m[I 2022-04-24 01:59:08,832][0m Trial 740 finished with value: 0.6777805535617538 and parameters: {'n_estimators': 744, 'min_samples_split': 0.01779884192158724, 'min_samples_leaf': 0.01093087687422058, 'min_weight_fraction_leaf': 0.00014149082417990065, 'max_features': 0.16495660631779013, 'bootstrap': False, 'max_samples': 0.20518685027698913}. Best is trial 251 with value: 0.6908430332111252.[0m
[32m[I 2022-04-24 01:59:50,187][0m Trial 741 finished with value: 0.6742580759743586 and parameters: {'n_estimators': 782, 'min_samples_split': 0.03499729446117293, 'min_samples_leaf': 0.026960175667070704, 'min_weight_fraction_leaf': 1.294254224896681e-05, 'max_features': 0.06437677761356682, 'bootstrap': False, 'max_samples': 0.17089652338428588}. Best is trial 251 with value: 0.6908430332111252.[0m
[32m[I 2022-04-24 02:01:40,724][0m Trial 742 finished with value: 0.6760761780551536 and parameters: {'n_estimators': 705, 'min_samples_split': 0.06665594972923006, 'min_samples_leaf': 0.0010752913120045875, 'min_weight_fraction_leaf': 0.02266615916607098, 'max_features': 0.1403988866278994, 'bootstrap': False, 'max_samples': 0.25077902352633463}. Best is trial 251 with value: 0.6908430332111252.[0m
[32m[I 2022-04-24 02:03:10,059][0m Trial 743 finished with value: 0.6804630421939015 and parameters: {'n_estimators': 621, 'min_samples_split': 0.00879227357416453, 'min_samples_leaf': 0.010360080336078822, 'min_weight_fraction_leaf': 0.00013615659969517575, 'max_features': 0.10913901640366712, 'bootstrap': False, 'max_samples': 0.30321682796233096}. Best is trial 251 with value: 0.6908430332111252.[0m
[32m[I 2022-04-24 02:04:50,513][0m Trial 744 finished with value: 0.6750168775797833 and parameters: {'n_estimators': 735, 'min_samples_split': 0.009406912398313405, 'min_samples_leaf': 0.022084099808824594, 'min_weight_fraction_leaf': 0.017259562746770617, 'max_features': 0.169291380226945, 'bootstrap': False, 'max_samples': 0.2332647766316301}. Best is trial 251 with value: 0.6908430332111252.[0m
[32m[I 2022-04-24 02:05:45,990][0m Trial 745 finished with value: 0.6693446487016961 and parameters: {'n_estimators': 673, 'min_samples_split': 0.001184513189432787, 'min_samples_leaf': 0.03544677568975857, 'min_weight_fraction_leaf': 0.010137002455914012, 'max_features': 0.15047821913823445, 'bootstrap': False, 'max_samples': 0.32768094212553933}. Best is trial 251 with value: 0.6908430332111252.[0m
[32m[I 2022-04-24 02:08:48,016][0m Trial 746 finished with value: 0.681204948405802 and parameters: {'n_estimators': 787, 'min_samples_split': 0.024635901810223737, 'min_samples_leaf': 0.011211841267030941, 'min_weight_fraction_leaf': 0.015427409073502596, 'max_features': 0.19489714419614565, 'bootstrap': False, 'max_samples': 0.28341796615590586}. Best is trial 251 with value: 0.6908430332111252.[0m
[32m[I 2022-04-24 02:10:52,475][0m Trial 747 finished with value: 0.6757855956321158 and parameters: {'n_estimators': 753, 'min_samples_split': 0.0177698118058155, 'min_samples_leaf': 0.0011811610709986716, 'min_weight_fraction_leaf': 0.025562645140001377, 'max_features': 0.1291443278513414, 'bootstrap': False, 'max_samples': 0.31732704322249483}. Best is trial 251 with value: 0.6908430332111252.[0m
[32m[I 2022-04-24 02:12:08,047][0m Trial 748 finished with value: 0.6765929735130662 and parameters: {'n_estimators': 711, 'min_samples_split': 0.031168967283593065, 'min_samples_leaf': 0.016585145251921594, 'min_weight_fraction_leaf': 0.01075254257862321, 'max_features': 0.08914307938428762, 'bootstrap': False, 'max_samples': 0.20189256471118638}. Best is trial 251 with value: 0.6908430332111252.[0m
[32m[I 2022-04-24 02:12:22,008][0m Trial 749 finished with value: 0.660577111929005 and parameters: {'n_estimators': 808, 'min_samples_split': 0.0010186923369168914, 'min_samples_leaf': 0.027199950102298295, 'min_weight_fraction_leaf': 0.015930002302817263, 'max_features': 0.019465992155791173, 'bootstrap': False, 'max_samples': 0.255201051999776}. Best is trial 251 with value: 0.6908430332111252.[0m
[32m[I 2022-04-24 02:13:17,442][0m Trial 750 finished with value: 0.6670954089267075 and parameters: {'n_estimators': 767, 'min_samples_split': 0.01724466773208636, 'min_samples_leaf': 0.051511282134216324, 'min_weight_fraction_leaf': 0.008717986476127074, 'max_features': 0.17285466601666416, 'bootstrap': False, 'max_samples': 0.3398758488860318}. Best is trial 251 with value: 0.6908430332111252.[0m
[32m[I 2022-04-24 02:13:21,665][0m Trial 751 finished with value: 0.5 and parameters: {'n_estimators': 725, 'min_samples_split': 0.05404693813493204, 'min_samples_leaf': 0.4819833128127336, 'min_weight_fraction_leaf': 0.029772539429792008, 'max_features': 0.07013682137234871, 'bootstrap': True, 'max_samples': 0.30342338246185935, 'oob_score': False}. Best is trial 251 with value: 0.6908430332111252.[0m
[32m[I 2022-04-24 02:19:37,558][0m Trial 752 finished with value: 0.677642910974018 and parameters: {'n_estimators': 683, 'min_samples_split': 0.03667434193482887, 'min_samples_leaf': 0.0012963121059297723, 'min_weight_fraction_leaf': 0.008039230480322873, 'max_features': 0.30560256582209155, 'bootstrap': False, 'max_samples': 0.32442898034446294}. Best is trial 251 with value: 0.6908430332111252.[0m
[32m[I 2022-04-24 02:22:16,167][0m Trial 753 finished with value: 0.677188337378767 and parameters: {'n_estimators': 809, 'min_samples_split': 0.009989152390151992, 'min_samples_leaf': 0.01660839863007578, 'min_weight_fraction_leaf': 0.019786368842308222, 'max_features': 0.20100450791552352, 'bootstrap': False, 'max_samples': 0.27248476929035725}. Best is trial 251 with value: 0.6908430332111252.[0m
[32m[I 2022-04-24 02:23:17,465][0m Trial 754 finished with value: 0.6716110460825842 and parameters: {'n_estimators': 642, 'min_samples_split': 0.16934891160728888, 'min_samples_leaf': 0.010703033969630661, 'min_weight_fraction_leaf': 0.00039201783078953, 'max_features': 0.11403632939247121, 'bootstrap': False, 'max_samples': 0.23252026547089355}. Best is trial 251 with value: 0.6908430332111252.[0m
[32m[I 2022-04-24 02:24:42,119][0m Trial 755 finished with value: 0.6768274933328857 and parameters: {'n_estimators': 765, 'min_samples_split': 0.02519058058104124, 'min_samples_leaf': 0.025193562526227356, 'min_weight_fraction_leaf': 0.008885576394031387, 'max_features': 0.14892356486385544, 'bootstrap': False, 'max_samples': 0.3507913651812568}. Best is trial 251 with value: 0.6908430332111252.[0m
[32m[I 2022-04-24 02:24:58,956][0m Trial 756 finished with value: 0.6427035727803335 and parameters: {'n_estimators': 115, 'min_samples_split': 0.010425710107736968, 'min_samples_leaf': 0.0012077413419113673, 'min_weight_fraction_leaf': 0.11055648653951433, 'max_features': 0.3231617677697554, 'bootstrap': False, 'max_samples': 0.2943519742111064}. Best is trial 251 with value: 0.6908430332111252.[0m
[32m[I 2022-04-24 02:25:18,748][0m Trial 757 finished with value: 0.665475390280079 and parameters: {'n_estimators': 719, 'min_samples_split': 0.02044272367213807, 'min_samples_leaf': 0.03745931371328823, 'min_weight_fraction_leaf': 9.779780047739319e-05, 'max_features': 0.0441307155685154, 'bootstrap': False, 'max_samples': 0.3195318949556568}. Best is trial 251 with value: 0.6908430332111252.[0m
[32m[I 2022-04-24 02:27:31,665][0m Trial 758 finished with value: 0.6740786523799279 and parameters: {'n_estimators': 668, 'min_samples_split': 0.04635192299156925, 'min_samples_leaf': 0.010771759758360587, 'min_weight_fraction_leaf': 0.024292401985968645, 'max_features': 0.2123689340441807, 'bootstrap': False, 'max_samples': 0.26595530282996177}. Best is trial 251 with value: 0.6908430332111252.[0m
[32m[I 2022-04-24 02:27:53,561][0m Trial 759 finished with value: 0.6785913937187572 and parameters: {'n_estimators': 148, 'min_samples_split': 0.01039090838803438, 'min_samples_leaf': 0.01830901447287184, 'min_weight_fraction_leaf': 0.00020694168850920685, 'max_features': 0.1760205302623183, 'bootstrap': False, 'max_samples': 0.36660872449939697}. Best is trial 251 with value: 0.6908430332111252.[0m
[32m[I 2022-04-24 02:30:29,577][0m Trial 760 finished with value: 0.6713567942245887 and parameters: {'n_estimators': 829, 'min_samples_split': 0.027370318188155243, 'min_samples_leaf': 0.02832877564355427, 'min_weight_fraction_leaf': 0.016339457938745777, 'max_features': 0.34170348831849107, 'bootstrap': False, 'max_samples': 0.34173047403506057}. Best is trial 251 with value: 0.6908430332111252.[0m
[32m[I 2022-04-24 02:30:38,746][0m Trial 761 finished with value: 0.6609265024721298 and parameters: {'n_estimators': 358, 'min_samples_split': 0.0014855667942357091, 'min_samples_leaf': 0.07040966655939657, 'min_weight_fraction_leaf': 0.030931098998924524, 'max_features': 0.09818062881703322, 'bootstrap': False, 'max_samples': 0.2093149374689054}. Best is trial 251 with value: 0.6908430332111252.[0m
[32m[I 2022-04-24 02:49:51,300][0m Trial 762 finished with value: 0.6217060518030177 and parameters: {'n_estimators': 748, 'min_samples_split': 0.017561290160916017, 'min_samples_leaf': 0.0010507802029740467, 'min_weight_fraction_leaf': 0.015857512739739867, 'max_features': 0.9788559188283008, 'bootstrap': False, 'max_samples': 0.24299166150287133}. Best is trial 251 with value: 0.6908430332111252.[0m
[32m[I 2022-04-24 02:51:41,866][0m Trial 763 finished with value: 0.677566391578863 and parameters: {'n_estimators': 697, 'min_samples_split': 0.03518998557298861, 'min_samples_leaf': 0.01080747068253762, 'min_weight_fraction_leaf': 0.008666561888568396, 'max_features': 0.12437382539077801, 'bootstrap': False, 'max_samples': 0.35922092946850087}. Best is trial 251 with value: 0.6908430332111252.[0m
[32m[I 2022-04-24 02:51:59,309][0m Trial 764 finished with value: 0.6330899881575824 and parameters: {'n_estimators': 788, 'min_samples_split': 0.016269813541655506, 'min_samples_leaf': 0.19401651584792756, 'min_weight_fraction_leaf': 0.00017111311583589174, 'max_features': 0.2660923027206692, 'bootstrap': False, 'max_samples': 0.2877844491246264}. Best is trial 251 with value: 0.6908430332111252.[0m
[32m[I 2022-04-24 02:54:57,389][0m Trial 765 finished with value: 0.6772115294856518 and parameters: {'n_estimators': 730, 'min_samples_split': 0.009386673539140642, 'min_samples_leaf': 0.01897328220946945, 'min_weight_fraction_leaf': 0.02300820830804786, 'max_features': 0.2901980993228573, 'bootstrap': False, 'max_samples': 0.3171573586180857}. Best is trial 251 with value: 0.6908430332111252.[0m
