[32m[I 2022-04-23 04:37:45,059][0m Trial 173 finished with value: 0.6633821298209603 and parameters: {'n_estimators': 950, 'min_samples_split': 0.027393420409403298, 'min_samples_leaf': 0.0021873955087918996, 'min_weight_fraction_leaf': 0.03396031809555629, 'max_features': 0.49518254636690406, 'bootstrap': False, 'max_samples': 0.7752204924092126}. Best is trial 136 with value: 0.6814095013837085.[0m
[32m[I 2022-04-23 04:44:18,269][0m Trial 174 finished with value: 0.679947690794405 and parameters: {'n_estimators': 1000, 'min_samples_split': 0.05826436616270653, 'min_samples_leaf': 0.01147101907673255, 'min_weight_fraction_leaf': 0.008734452436942701, 'max_features': 0.35301452960827545, 'bootstrap': False, 'max_samples': 0.7348445279554098}. Best is trial 136 with value: 0.6814095013837085.[0m
[32m[I 2022-04-23 04:47:48,484][0m Trial 175 finished with value: 0.6692771209264465 and parameters: {'n_estimators': 997, 'min_samples_split': 0.05896676267772632, 'min_samples_leaf': 0.028457924055102418, 'min_weight_fraction_leaf': 0.00963696637491297, 'max_features': 0.3565745829586087, 'bootstrap': False, 'max_samples': 0.7286997371577641}. Best is trial 136 with value: 0.6814095013837085.[0m
[32m[I 2022-04-23 04:57:10,736][0m Trial 176 finished with value: 0.6741012087792264 and parameters: {'n_estimators': 935, 'min_samples_split': 0.040843323631169014, 'min_samples_leaf': 0.0021029594114763926, 'min_weight_fraction_leaf': 0.019135598452031125, 'max_features': 0.4438711951504516, 'bootstrap': False, 'max_samples': 0.7120847904314239}. Best is trial 136 with value: 0.6814095013837085.[0m
[32m[I 2022-04-23 05:04:05,688][0m Trial 177 finished with value: 0.6781686983778579 and parameters: {'n_estimators': 928, 'min_samples_split': 0.03970157315931653, 'min_samples_leaf': 0.016106318927205873, 'min_weight_fraction_leaf': 0.00011652250123717761, 'max_features': 0.4584177580280293, 'bootstrap': False, 'max_samples': 0.6312110100836587}. Best is trial 136 with value: 0.6814095013837085.[0m
[32m[I 2022-04-23 05:09:14,191][0m Trial 178 finished with value: 0.6711173270513987 and parameters: {'n_estimators': 925, 'min_samples_split': 0.013686791795078472, 'min_samples_leaf': 0.021576527473871503, 'min_weight_fraction_leaf': 0.0007831305898310132, 'max_features': 0.46057266847526596, 'bootstrap': False, 'max_samples': 0.6283808799793695}. Best is trial 136 with value: 0.6814095013837085.[0m
[32m[I 2022-04-23 05:19:57,847][0m Trial 179 finished with value: 0.6719565082674983 and parameters: {'n_estimators': 888, 'min_samples_split': 0.039856814533435994, 'min_samples_leaf': 0.001673101211549179, 'min_weight_fraction_leaf': 0.009281996682179071, 'max_features': 0.43500680630651045, 'bootstrap': False, 'max_samples': 0.6874609060081338}. Best is trial 136 with value: 0.6814095013837085.[0m
[32m[I 2022-04-23 05:20:59,956][0m Trial 180 finished with value: 0.6638788005530911 and parameters: {'n_estimators': 312, 'min_samples_split': 0.03621105551752288, 'min_samples_leaf': 0.04374704886938133, 'min_weight_fraction_leaf': 0.019718185872999665, 'max_features': 0.47656676961840716, 'bootstrap': False, 'max_samples': 0.6503960408364152}. Best is trial 136 with value: 0.6814095013837085.[0m
[32m[I 2022-04-23 05:26:59,173][0m Trial 181 finished with value: 0.6735634617800925 and parameters: {'n_estimators': 940, 'min_samples_split': 0.04947795490898082, 'min_samples_leaf': 0.013334821477020187, 'min_weight_fraction_leaf': 0.021923541802850183, 'max_features': 0.41722907216498556, 'bootstrap': False, 'max_samples': 0.4883327654321422}. Best is trial 136 with value: 0.6814095013837085.[0m
[32m[I 2022-04-23 05:33:19,779][0m Trial 182 finished with value: 0.6787470823367178 and parameters: {'n_estimators': 942, 'min_samples_split': 0.02391073980047665, 'min_samples_leaf': 0.016011233926631264, 'min_weight_fraction_leaf': 0.010054835855386326, 'max_features': 0.4130970455988451, 'bootstrap': False, 'max_samples': 0.47119782843897673}. Best is trial 136 with value: 0.6814095013837085.[0m
[32m[I 2022-04-23 05:37:06,632][0m Trial 183 finished with value: 0.6712366355542704 and parameters: {'n_estimators': 939, 'min_samples_split': 0.010585285838070693, 'min_samples_leaf': 0.02955125694224644, 'min_weight_fraction_leaf': 2.262507902086702e-05, 'max_features': 0.41314620286559417, 'bootstrap': False, 'max_samples': 0.4929103732610925}. Best is trial 136 with value: 0.6814095013837085.[0m
[32m[I 2022-04-23 05:41:22,754][0m Trial 184 finished with value: 0.6750580374589635 and parameters: {'n_estimators': 861, 'min_samples_split': 0.03093610217501988, 'min_samples_leaf': 0.01825236701823317, 'min_weight_fraction_leaf': 0.010749102945176586, 'max_features': 0.40054392842714537, 'bootstrap': False, 'max_samples': 0.476110865882677}. Best is trial 136 with value: 0.6814095013837085.[0m
[32m[I 2022-04-23 05:45:51,039][0m Trial 185 finished with value: 0.6765295062075882 and parameters: {'n_estimators': 868, 'min_samples_split': 0.022894091036930818, 'min_samples_leaf': 0.020074999449581136, 'min_weight_fraction_leaf': 0.009895068109515922, 'max_features': 0.3971225928726359, 'bootstrap': False, 'max_samples': 0.45093533201372277}. Best is trial 136 with value: 0.6814095013837085.[0m
[32m[I 2022-04-23 05:49:47,202][0m Trial 186 finished with value: 0.6731581268260326 and parameters: {'n_estimators': 861, 'min_samples_split': 0.025027480486783035, 'min_samples_leaf': 0.02180103639576869, 'min_weight_fraction_leaf': 0.008999486529415854, 'max_features': 0.3724239455971555, 'bootstrap': False, 'max_samples': 0.46037044381620895}. Best is trial 136 with value: 0.6814095013837085.[0m
[32m[I 2022-04-23 05:52:27,361][0m Trial 187 finished with value: 0.6668413868730664 and parameters: {'n_estimators': 892, 'min_samples_split': 0.0234758437513865, 'min_samples_leaf': 0.03823284143745409, 'min_weight_fraction_leaf': 0.0346670836050971, 'max_features': 0.3944003835271699, 'bootstrap': False, 'max_samples': 0.36070008601477144}. Best is trial 136 with value: 0.6814095013837085.[0m
[32m[I 2022-04-23 05:53:48,141][0m Trial 188 finished with value: 0.6537924069692674 and parameters: {'n_estimators': 836, 'min_samples_split': 0.35312455225921835, 'min_samples_leaf': 0.05612020316820407, 'min_weight_fraction_leaf': 0.00962033387986874, 'max_features': 0.40044006279696437, 'bootstrap': False, 'max_samples': 0.47164053523360633}. Best is trial 136 with value: 0.6814095013837085.[0m
[32m[I 2022-04-23 05:56:18,053][0m Trial 189 finished with value: 0.6680512360236122 and parameters: {'n_estimators': 800, 'min_samples_split': 0.008194829622667887, 'min_samples_leaf': 0.03185021627401453, 'min_weight_fraction_leaf': 0.028287493625010016, 'max_features': 0.3508606607065953, 'bootstrap': False, 'max_samples': 0.5281291597617109}. Best is trial 136 with value: 0.6814095013837085.[0m
[32m[I 2022-04-23 05:59:58,114][0m Trial 190 finished with value: 0.6774171968498287 and parameters: {'n_estimators': 894, 'min_samples_split': 0.031029643041973677, 'min_samples_leaf': 0.019008976159993644, 'min_weight_fraction_leaf': 0.011270017027867838, 'max_features': 0.30259068701565295, 'bootstrap': False, 'max_samples': 0.41101839618438435}. Best is trial 136 with value: 0.6814095013837085.[0m
[32m[I 2022-04-23 06:03:19,815][0m Trial 191 finished with value: 0.6780018785074455 and parameters: {'n_estimators': 872, 'min_samples_split': 0.034461308604043936, 'min_samples_leaf': 0.018207876430087137, 'min_weight_fraction_leaf': 0.008946331892426584, 'max_features': 0.298801780913069, 'bootstrap': False, 'max_samples': 0.42388929267411224}. Best is trial 136 with value: 0.6814095013837085.[0m
[32m[I 2022-04-23 06:07:28,315][0m Trial 192 finished with value: 0.6759200926507878 and parameters: {'n_estimators': 870, 'min_samples_split': 0.019455772376110195, 'min_samples_leaf': 0.01873795041355184, 'min_weight_fraction_leaf': 0.007240163676600341, 'max_features': 0.3502555927035754, 'bootstrap': False, 'max_samples': 0.39740722660912575}. Best is trial 136 with value: 0.6814095013837085.[0m
[32m[I 2022-04-23 06:10:43,691][0m Trial 193 finished with value: 0.6778369961365565 and parameters: {'n_estimators': 865, 'min_samples_split': 0.02117659074441909, 'min_samples_leaf': 0.02389716116566211, 'min_weight_fraction_leaf': 0.0007503110699032759, 'max_features': 0.2966417559020626, 'bootstrap': False, 'max_samples': 0.409136472185688}. Best is trial 136 with value: 0.6814095013837085.[0m
[32m[I 2022-04-23 06:13:00,508][0m Trial 194 finished with value: 0.6710638966214464 and parameters: {'n_estimators': 763, 'min_samples_split': 0.02140308557359918, 'min_samples_leaf': 0.028881244582139073, 'min_weight_fraction_leaf': 0.008934289901456366, 'max_features': 0.2993448709063299, 'bootstrap': False, 'max_samples': 0.4057976516146593}. Best is trial 136 with value: 0.6814095013837085.[0m
[32m[I 2022-04-23 06:14:59,216][0m Trial 195 finished with value: 0.666922163473652 and parameters: {'n_estimators': 857, 'min_samples_split': 0.029269844391046254, 'min_samples_leaf': 0.04067516691762317, 'min_weight_fraction_leaf': 0.008755016723954007, 'max_features': 0.3108890962438742, 'bootstrap': False, 'max_samples': 0.40466031098664357}. Best is trial 136 with value: 0.6814095013837085.[0m
[32m[I 2022-04-23 06:18:21,646][0m Trial 196 finished with value: 0.6723350657073297 and parameters: {'n_estimators': 824, 'min_samples_split': 0.0035098850558762038, 'min_samples_leaf': 0.019783729044841644, 'min_weight_fraction_leaf': 0.027987110311829738, 'max_features': 0.34109711934423165, 'bootstrap': False, 'max_samples': 0.43597103948657234}. Best is trial 136 with value: 0.6814095013837085.[0m
[32m[I 2022-04-23 06:22:34,748][0m Trial 197 finished with value: 0.6794308040275701 and parameters: {'n_estimators': 883, 'min_samples_split': 0.01904583846032347, 'min_samples_leaf': 0.014898410761061829, 'min_weight_fraction_leaf': 0.01041645458035533, 'max_features': 0.29236467513182485, 'bootstrap': False, 'max_samples': 0.3735702826975338}. Best is trial 136 with value: 0.6814095013837085.[0m
[32m[I 2022-04-23 06:25:00,566][0m Trial 198 finished with value: 0.6712453134432714 and parameters: {'n_estimators': 888, 'min_samples_split': 0.013093270872207897, 'min_samples_leaf': 0.028666783754666535, 'min_weight_fraction_leaf': 0.008702371167757182, 'max_features': 0.29814862032105544, 'bootstrap': False, 'max_samples': 0.3744468107329496}. Best is trial 136 with value: 0.6814095013837085.[0m
[32m[I 2022-04-23 06:26:32,937][0m Trial 199 finished with value: 0.6670492113414308 and parameters: {'n_estimators': 783, 'min_samples_split': 0.03365690930165665, 'min_samples_leaf': 0.04719366363093053, 'min_weight_fraction_leaf': 0.0011450033782126525, 'max_features': 0.3217947232825288, 'bootstrap': False, 'max_samples': 0.32379513417088407}. Best is trial 136 with value: 0.6814095013837085.[0m
[32m[I 2022-04-23 06:30:01,983][0m Trial 200 finished with value: 0.6818419487780935 and parameters: {'n_estimators': 898, 'min_samples_split': 0.013612580109568225, 'min_samples_leaf': 0.013725890251142018, 'min_weight_fraction_leaf': 0.016986279333181652, 'max_features': 0.24568457763422405, 'bootstrap': False, 'max_samples': 0.38307762834682174}. Best is trial 200 with value: 0.6818419487780935.[0m
[32m[I 2022-04-23 06:33:08,383][0m Trial 201 finished with value: 0.6797371162300173 and parameters: {'n_estimators': 900, 'min_samples_split': 0.01833695581663137, 'min_samples_leaf': 0.017804891631859533, 'min_weight_fraction_leaf': 0.015266937171241956, 'max_features': 0.24619903829218465, 'bootstrap': False, 'max_samples': 0.38379441231208916}. Best is trial 200 with value: 0.6818419487780935.[0m
[32m[I 2022-04-23 06:35:53,284][0m Trial 202 finished with value: 0.6775341760966883 and parameters: {'n_estimators': 888, 'min_samples_split': 0.015876510901943475, 'min_samples_leaf': 0.021697560855166304, 'min_weight_fraction_leaf': 0.012029680330453379, 'max_features': 0.24507669963023604, 'bootstrap': False, 'max_samples': 0.3883127491917437}. Best is trial 200 with value: 0.6818419487780935.[0m
[32m[I 2022-04-23 06:40:17,134][0m Trial 203 finished with value: 0.6790752979707596 and parameters: {'n_estimators': 869, 'min_samples_split': 0.018345079605319413, 'min_samples_leaf': 0.012864602290375726, 'min_weight_fraction_leaf': 0.007982054933916233, 'max_features': 0.25647748648497154, 'bootstrap': False, 'max_samples': 0.38987849846392725}. Best is trial 200 with value: 0.6818419487780935.[0m
[32m[I 2022-04-23 06:41:57,043][0m Trial 204 finished with value: 0.6704779347427844 and parameters: {'n_estimators': 816, 'min_samples_split': 0.001181884198693861, 'min_samples_leaf': 0.03554095310970635, 'min_weight_fraction_leaf': 0.009080895771239153, 'max_features': 0.25026709719310847, 'bootstrap': False, 'max_samples': 0.3867173031080413}. Best is trial 200 with value: 0.6818419487780935.[0m
[32m[I 2022-04-23 06:44:09,901][0m Trial 205 finished with value: 0.6747201922208814 and parameters: {'n_estimators': 860, 'min_samples_split': 0.014796960468289691, 'min_samples_leaf': 0.02435106587556448, 'min_weight_fraction_leaf': 0.0019975403625663926, 'max_features': 0.23721935491390728, 'bootstrap': False, 'max_samples': 0.4103824253935431}. Best is trial 200 with value: 0.6818419487780935.[0m
[32m[I 2022-04-23 06:48:54,596][0m Trial 206 finished with value: 0.683020447327415 and parameters: {'n_estimators': 889, 'min_samples_split': 0.017357145639036307, 'min_samples_leaf': 0.013362162516010623, 'min_weight_fraction_leaf': 0.012281764436127338, 'max_features': 0.2840168327682613, 'bootstrap': False, 'max_samples': 0.3590678752801502}. Best is trial 206 with value: 0.683020447327415.[0m
[32m[I 2022-04-23 06:52:25,984][0m Trial 207 finished with value: 0.6796331627040822 and parameters: {'n_estimators': 887, 'min_samples_split': 0.01901469898225836, 'min_samples_leaf': 0.014806119852200317, 'min_weight_fraction_leaf': 0.0005128005391729171, 'max_features': 0.2781901766179915, 'bootstrap': False, 'max_samples': 0.3342475010845656}. Best is trial 206 with value: 0.683020447327415.[0m
[32m[I 2022-04-23 06:53:49,808][0m Trial 208 finished with value: 0.6728543908809718 and parameters: {'n_estimators': 794, 'min_samples_split': 0.017020906277991514, 'min_samples_leaf': 0.03277243456067135, 'min_weight_fraction_leaf': 0.0011818207146670878, 'max_features': 0.21620864438109821, 'bootstrap': False, 'max_samples': 0.3338001749952608}. Best is trial 206 with value: 0.683020447327415.[0m
[32m[I 2022-04-23 06:57:32,707][0m Trial 209 finished with value: 0.6795430522953261 and parameters: {'n_estimators': 852, 'min_samples_split': 0.017385954514358953, 'min_samples_leaf': 0.016539700281954, 'min_weight_fraction_leaf': 2.6169055591107604e-06, 'max_features': 0.2850174439277725, 'bootstrap': False, 'max_samples': 0.31477731005281256}. Best is trial 206 with value: 0.683020447327415.[0m
[32m[I 2022-04-23 07:02:19,843][0m Trial 210 finished with value: 0.6823857104576434 and parameters: {'n_estimators': 830, 'min_samples_split': 0.019507735412427975, 'min_samples_leaf': 0.013339560004229032, 'min_weight_fraction_leaf': 0.009200667145209073, 'max_features': 0.28955771694362514, 'bootstrap': False, 'max_samples': 0.3137585847541283}. Best is trial 206 with value: 0.683020447327415.[0m
[32m[I 2022-04-23 07:07:36,591][0m Trial 211 finished with value: 0.6813539476601291 and parameters: {'n_estimators': 893, 'min_samples_split': 0.009364559237959737, 'min_samples_leaf': 0.012535295256160772, 'min_weight_fraction_leaf': 0.001008894990652761, 'max_features': 0.29170964965210827, 'bootstrap': False, 'max_samples': 0.26570987643435673}. Best is trial 206 with value: 0.683020447327415.[0m
[32m[I 2022-04-23 07:10:11,065][0m Trial 212 finished with value: 0.674929576391879 and parameters: {'n_estimators': 828, 'min_samples_split': 0.007434447573265774, 'min_samples_leaf': 0.027111665412604874, 'min_weight_fraction_leaf': 0.0003974878264629469, 'max_features': 0.2526164003907484, 'bootstrap': False, 'max_samples': 0.2619975509349151}. Best is trial 206 with value: 0.683020447327415.[0m
[32m[I 2022-04-23 07:14:12,707][0m Trial 213 finished with value: 0.6800459844793454 and parameters: {'n_estimators': 880, 'min_samples_split': 0.02077369841874062, 'min_samples_leaf': 0.014053876186170986, 'min_weight_fraction_leaf': 0.006285030957637258, 'max_features': 0.28299694912450335, 'bootstrap': False, 'max_samples': 0.3519534729803243}. Best is trial 206 with value: 0.683020447327415.[0m
[32m[I 2022-04-23 07:18:52,369][0m Trial 214 finished with value: 0.6830114770762039 and parameters: {'n_estimators': 875, 'min_samples_split': 0.019990115493378806, 'min_samples_leaf': 0.013543060493311361, 'min_weight_fraction_leaf': 0.0006898065047338822, 'max_features': 0.2828752635129632, 'bootstrap': False, 'max_samples': 0.355644353049646}. Best is trial 206 with value: 0.683020447327415.[0m
[32m[I 2022-04-23 07:21:38,600][0m Trial 215 finished with value: 0.6740928542352622 and parameters: {'n_estimators': 890, 'min_samples_split': 0.017673331773353642, 'min_samples_leaf': 0.02590611202522225, 'min_weight_fraction_leaf': 6.253928251394661e-05, 'max_features': 0.29270807085272815, 'bootstrap': False, 'max_samples': 0.31001400769023624}. Best is trial 206 with value: 0.683020447327415.[0m
[32m[I 2022-04-23 07:23:20,848][0m Trial 216 finished with value: 0.6686503963530376 and parameters: {'n_estimators': 814, 'min_samples_split': 0.0010165352583831541, 'min_samples_leaf': 0.040433727755353484, 'min_weight_fraction_leaf': 0.008732218096316136, 'max_features': 0.2758131698509933, 'bootstrap': False, 'max_samples': 0.3502237803873264}. Best is trial 206 with value: 0.683020447327415.[0m
[32m[I 2022-04-23 07:26:20,636][0m Trial 217 finished with value: 0.6811140068107007 and parameters: {'n_estimators': 760, 'min_samples_split': 0.02038221809646404, 'min_samples_leaf': 0.017132040021428558, 'min_weight_fraction_leaf': 0.0006032679095924979, 'max_features': 0.25944897975807574, 'bootstrap': False, 'max_samples': 0.2915743607275638}. Best is trial 206 with value: 0.683020447327415.[0m
[32m[I 2022-04-23 07:29:54,998][0m Trial 218 finished with value: 0.6805572599831649 and parameters: {'n_estimators': 751, 'min_samples_split': 0.022094336534325992, 'min_samples_leaf': 0.0137318963446951, 'min_weight_fraction_leaf': 0.0007091458650207804, 'max_features': 0.2538183493314429, 'bootstrap': False, 'max_samples': 0.30731795697835307}. Best is trial 206 with value: 0.683020447327415.[0m
[32m[I 2022-04-23 07:31:37,633][0m Trial 219 finished with value: 0.6692114623128813 and parameters: {'n_estimators': 741, 'min_samples_split': 0.01114680506308573, 'min_samples_leaf': 0.031957341986182566, 'min_weight_fraction_leaf': 0.0008810591685142876, 'max_features': 0.25713337766370237, 'bootstrap': False, 'max_samples': 0.2924949888627197}. Best is trial 206 with value: 0.683020447327415.[0m
[32m[I 2022-04-23 07:33:49,022][0m Trial 220 finished with value: 0.6761428826210639 and parameters: {'n_estimators': 763, 'min_samples_split': 0.02114706908588262, 'min_samples_leaf': 0.022376515166211558, 'min_weight_fraction_leaf': 0.010100047345650271, 'max_features': 0.2346068044158351, 'bootstrap': False, 'max_samples': 0.2593393419955879}. Best is trial 206 with value: 0.683020447327415.[0m
[32m[I 2022-04-23 07:36:05,198][0m Trial 221 finished with value: 0.6765156903645855 and parameters: {'n_estimators': 805, 'min_samples_split': 0.021740690035179925, 'min_samples_leaf': 0.022446380026835962, 'min_weight_fraction_leaf': 0.010606503314333706, 'max_features': 0.23380666277494766, 'bootstrap': False, 'max_samples': 0.24891208169826556}. Best is trial 206 with value: 0.683020447327415.[0m
[32m[I 2022-04-23 07:40:15,647][0m Trial 222 finished with value: 0.6842419479495936 and parameters: {'n_estimators': 783, 'min_samples_split': 0.023414207949103788, 'min_samples_leaf': 0.012730145938761131, 'min_weight_fraction_leaf': 0.01199113633879013, 'max_features': 0.27910146317064594, 'bootstrap': False, 'max_samples': 0.37119750938632423}. Best is trial 222 with value: 0.6842419479495936.[0m
[32m[I 2022-04-23 07:44:04,752][0m Trial 223 finished with value: 0.6836463392086829 and parameters: {'n_estimators': 707, 'min_samples_split': 0.009704501684874392, 'min_samples_leaf': 0.01346097388561821, 'min_weight_fraction_leaf': 0.00038592828183515006, 'max_features': 0.2801293714241557, 'bootstrap': False, 'max_samples': 0.36587406534946093}. Best is trial 222 with value: 0.6842419479495936.[0m
[32m[I 2022-04-23 07:48:11,731][0m Trial 224 finished with value: 0.6831810118709066 and parameters: {'n_estimators': 769, 'min_samples_split': 0.009527444783552977, 'min_samples_leaf': 0.012077339938741683, 'min_weight_fraction_leaf': 0.002877679493117111, 'max_features': 0.28124959564529906, 'bootstrap': False, 'max_samples': 0.37130728663569845}. Best is trial 222 with value: 0.6842419479495936.[0m
[32m[I 2022-04-23 07:53:05,657][0m Trial 225 finished with value: 0.6809836069749217 and parameters: {'n_estimators': 712, 'min_samples_split': 0.0086515256600921, 'min_samples_leaf': 0.009497506055457766, 'min_weight_fraction_leaf': 0.001746972583433164, 'max_features': 0.28293995048773113, 'bootstrap': False, 'max_samples': 0.35897703952896703}. Best is trial 222 with value: 0.6842419479495936.[0m
[32m[I 2022-04-23 07:58:08,236][0m Trial 226 finished with value: 0.6811544408553687 and parameters: {'n_estimators': 705, 'min_samples_split': 0.00669638793038662, 'min_samples_leaf': 0.009458661827845927, 'min_weight_fraction_leaf': 0.002197261335889657, 'max_features': 0.2842471448475759, 'bootstrap': False, 'max_samples': 0.35681918668095947}. Best is trial 222 with value: 0.6842419479495936.[0m
