[32m[I 2022-04-21 11:44:58,730][0m Trial 108 finished with value: 0.65 and parameters: {'n_estimators': 192, 'min_samples_split': 0.2579705198291037, 'min_samples_leaf': 0.43347331774887, 'min_weight_fraction_leaf': 0.1541370321317173, 'max_features': 0.13630997663419336, 'bootstrap': False, 'max_samples': 0.113435104500206}. Best is trial 50 with value: 0.8427903724166675.[0m
[32m[I 2022-04-21 11:45:02,173][0m Trial 109 finished with value: 0.8426442432752064 and parameters: {'n_estimators': 203, 'min_samples_split': 0.20300222134789547, 'min_samples_leaf': 0.15543968676974132, 'min_weight_fraction_leaf': 0.19249962869795972, 'max_features': 0.10067890512214879, 'bootstrap': False, 'max_samples': 0.48395299324012986}. Best is trial 50 with value: 0.8427903724166675.[0m
[32m[I 2022-04-21 11:45:04,952][0m Trial 110 finished with value: 0.8379020197379132 and parameters: {'n_estimators': 168, 'min_samples_split': 0.29847932274557054, 'min_samples_leaf': 0.08616773395227366, 'min_weight_fraction_leaf': 0.24875777849606348, 'max_features': 0.18849824464150175, 'bootstrap': False, 'max_samples': 0.576003252430189}. Best is trial 50 with value: 0.8427903724166675.[0m
[32m[I 2022-04-21 11:45:08,054][0m Trial 111 finished with value: 0.8426442432752064 and parameters: {'n_estimators': 213, 'min_samples_split': 0.2816636228583348, 'min_samples_leaf': 0.1816047530519876, 'min_weight_fraction_leaf': 0.17443807144435922, 'max_features': 0.07466413331198093, 'bootstrap': False, 'max_samples': 0.386680285227068}. Best is trial 50 with value: 0.8427903724166675.[0m
[32m[I 2022-04-21 11:45:11,649][0m Trial 112 finished with value: 0.8427903724166675 and parameters: {'n_estimators': 258, 'min_samples_split': 0.2981372019752261, 'min_samples_leaf': 0.17597227510536445, 'min_weight_fraction_leaf': 0.16213313078613287, 'max_features': 0.20232742987948252, 'bootstrap': False, 'max_samples': 0.4045408991633259}. Best is trial 50 with value: 0.8427903724166675.[0m
[32m[I 2022-04-21 11:45:15,237][0m Trial 113 finished with value: 0.8381885072369828 and parameters: {'n_estimators': 236, 'min_samples_split': 0.32154429236175425, 'min_samples_leaf': 0.13511413196463706, 'min_weight_fraction_leaf': 0.15623044422346485, 'max_features': 0.28729309192047703, 'bootstrap': False, 'max_samples': 0.36720114602156784}. Best is trial 50 with value: 0.8427903724166675.[0m
[32m[I 2022-04-21 11:45:19,865][0m Trial 114 finished with value: 0.8427903724166675 and parameters: {'n_estimators': 375, 'min_samples_split': 0.2338822982910321, 'min_samples_leaf': 0.17820444837805005, 'min_weight_fraction_leaf': 0.1602075574433244, 'max_features': 0.034379833489415326, 'bootstrap': False, 'max_samples': 0.457146476102907}. Best is trial 50 with value: 0.8427903724166675.[0m
[32m[I 2022-04-21 11:45:24,182][0m Trial 115 finished with value: 0.8427903724166675 and parameters: {'n_estimators': 342, 'min_samples_split': 0.22026977986068758, 'min_samples_leaf': 0.1755200710248947, 'min_weight_fraction_leaf': 0.17065619089227643, 'max_features': 0.031229678752733456, 'bootstrap': False, 'max_samples': 0.40895729358318145}. Best is trial 50 with value: 0.8427903724166675.[0m
[32m[I 2022-04-21 11:45:29,164][0m Trial 116 finished with value: 0.8426442432752064 and parameters: {'n_estimators': 376, 'min_samples_split': 0.22393894857044103, 'min_samples_leaf': 0.17595949001817807, 'min_weight_fraction_leaf': 0.18103367667471057, 'max_features': 0.16691029620170067, 'bootstrap': False, 'max_samples': 0.6913058268132963}. Best is trial 50 with value: 0.8427903724166675.[0m
[32m[I 2022-04-21 11:45:33,001][0m Trial 117 finished with value: 0.839201170342092 and parameters: {'n_estimators': 268, 'min_samples_split': 0.29878210975947284, 'min_samples_leaf': 0.16152171089787723, 'min_weight_fraction_leaf': 0.1665262019865445, 'max_features': 0.10072513640472962, 'bootstrap': False, 'max_samples': 0.5158687315128626}. Best is trial 50 with value: 0.8427903724166675.[0m
[32m[I 2022-04-21 11:45:37,006][0m Trial 118 finished with value: 0.8426442432752064 and parameters: {'n_estimators': 342, 'min_samples_split': 0.18052059158874725, 'min_samples_leaf': 0.19067628887049298, 'min_weight_fraction_leaf': 0.19227222615294698, 'max_features': 0.1512293485436305, 'bootstrap': False, 'max_samples': 0.40352862304004894}. Best is trial 50 with value: 0.8427903724166675.[0m
[32m[I 2022-04-21 11:45:41,273][0m Trial 119 finished with value: 0.8423083212244602 and parameters: {'n_estimators': 331, 'min_samples_split': 0.23340140555104535, 'min_samples_leaf': 0.17094223633249883, 'min_weight_fraction_leaf': 0.16277954500383857, 'max_features': 0.2125439644412344, 'bootstrap': False, 'max_samples': 0.45916566469160974}. Best is trial 50 with value: 0.8427903724166675.[0m
[32m[I 2022-04-21 11:45:44,627][0m Trial 120 finished with value: 0.8381885072369828 and parameters: {'n_estimators': 199, 'min_samples_split': 0.19620710755889778, 'min_samples_leaf': 0.15786707439844508, 'min_weight_fraction_leaf': 0.016581785178866097, 'max_features': 0.10570328640662761, 'bootstrap': False, 'max_samples': 0.49036941580794857}. Best is trial 50 with value: 0.8427903724166675.[0m
[32m[I 2022-04-21 11:45:49,136][0m Trial 121 finished with value: 0.8426442432752064 and parameters: {'n_estimators': 353, 'min_samples_split': 0.27341226625144505, 'min_samples_leaf': 0.19043003183586565, 'min_weight_fraction_leaf': 0.14626603293856974, 'max_features': 0.0667329374075243, 'bootstrap': False, 'max_samples': 0.4201523289279759}. Best is trial 50 with value: 0.8427903724166675.[0m
[32m[I 2022-04-21 11:45:53,737][0m Trial 122 finished with value: 0.8427903724166675 and parameters: {'n_estimators': 324, 'min_samples_split': 0.21418884523296067, 'min_samples_leaf': 0.1495517727870378, 'min_weight_fraction_leaf': 0.1776230923192386, 'max_features': 0.03853617611460218, 'bootstrap': False, 'max_samples': 0.446119304740169}. Best is trial 50 with value: 0.8427903724166675.[0m
[32m[I 2022-04-21 11:45:57,752][0m Trial 123 finished with value: 0.8427903724166675 and parameters: {'n_estimators': 312, 'min_samples_split': 0.21537990177894942, 'min_samples_leaf': 0.17951455225393848, 'min_weight_fraction_leaf': 0.17826936711169122, 'max_features': 0.03539346064494728, 'bootstrap': False, 'max_samples': 0.4548349184990721}. Best is trial 50 with value: 0.8427903724166675.[0m
[32m[I 2022-04-21 11:46:01,806][0m Trial 124 finished with value: 0.8427903724166675 and parameters: {'n_estimators': 326, 'min_samples_split': 0.21816065480765176, 'min_samples_leaf': 0.17557767333653326, 'min_weight_fraction_leaf': 0.1298012826561292, 'max_features': 0.03717871999417565, 'bootstrap': False, 'max_samples': 0.45336391610337373}. Best is trial 50 with value: 0.8427903724166675.[0m
[32m[I 2022-04-21 11:46:06,239][0m Trial 125 finished with value: 0.839201170342092 and parameters: {'n_estimators': 323, 'min_samples_split': 0.1685992765105285, 'min_samples_leaf': 0.16533473451242797, 'min_weight_fraction_leaf': 0.13310143649769918, 'max_features': 0.042482963609210875, 'bootstrap': False, 'max_samples': 0.43900656279400047}. Best is trial 50 with value: 0.8427903724166675.[0m
[32m[I 2022-04-21 11:46:11,095][0m Trial 126 finished with value: 0.8385082943467893 and parameters: {'n_estimators': 401, 'min_samples_split': 0.31220278960586534, 'min_samples_leaf': 0.15182057943894584, 'min_weight_fraction_leaf': 0.150408977501485, 'max_features': 0.08025977415191471, 'bootstrap': False, 'max_samples': 0.46998404719512343}. Best is trial 50 with value: 0.8427903724166675.[0m
[32m[I 2022-04-21 11:46:15,285][0m Trial 127 finished with value: 0.8427903724166675 and parameters: {'n_estimators': 300, 'min_samples_split': 0.21246115261931492, 'min_samples_leaf': 0.17320419975755258, 'min_weight_fraction_leaf': 0.17568851242749686, 'max_features': 0.026109649475531488, 'bootstrap': False, 'max_samples': 0.44655212680629236}. Best is trial 50 with value: 0.8427903724166675.[0m
[32m[I 2022-04-21 11:46:19,564][0m Trial 128 finished with value: 0.8426442432752064 and parameters: {'n_estimators': 300, 'min_samples_split': 0.18114177681806656, 'min_samples_leaf': 0.20608756563956504, 'min_weight_fraction_leaf': 0.12601446555538912, 'max_features': 0.11924261574650394, 'bootstrap': False, 'max_samples': 0.41967420089813356}. Best is trial 50 with value: 0.8427903724166675.[0m
[32m[I 2022-04-21 11:46:27,232][0m Trial 129 finished with value: 0.6800380662120797 and parameters: {'n_estimators': 356, 'min_samples_split': 0.35072193826650255, 'min_samples_leaf': 0.12840451867935024, 'min_weight_fraction_leaf': 0.1667903953518895, 'max_features': 0.13448205898385232, 'bootstrap': True, 'max_samples': 0.40204944541506554, 'oob_score': True}. Best is trial 50 with value: 0.8427903724166675.[0m
[32m[I 2022-04-21 11:46:32,011][0m Trial 130 finished with value: 0.8426447887564578 and parameters: {'n_estimators': 389, 'min_samples_split': 0.2284319942490117, 'min_samples_leaf': 0.1787322873613134, 'min_weight_fraction_leaf': 0.10128592973174724, 'max_features': 0.522592860302705, 'bootstrap': False, 'max_samples': 0.6454026106198542}. Best is trial 50 with value: 0.8427903724166675.[0m
[32m[I 2022-04-21 11:46:36,518][0m Trial 131 finished with value: 0.8423083212244602 and parameters: {'n_estimators': 315, 'min_samples_split': 0.2144041563915363, 'min_samples_leaf': 0.168144497428147, 'min_weight_fraction_leaf': 0.15981557185678533, 'max_features': 0.032227137869346736, 'bootstrap': False, 'max_samples': 0.45332487853474945}. Best is trial 50 with value: 0.8427903724166675.[0m
[32m[I 2022-04-21 11:46:40,782][0m Trial 132 finished with value: 0.8426442432752064 and parameters: {'n_estimators': 309, 'min_samples_split': 0.18738798421474223, 'min_samples_leaf': 0.19422543783543153, 'min_weight_fraction_leaf': 0.1822902665759735, 'max_features': 0.06636929702843053, 'bootstrap': False, 'max_samples': 0.4952849826037216}. Best is trial 50 with value: 0.8427903724166675.[0m
[32m[I 2022-04-21 11:46:44,934][0m Trial 133 finished with value: 0.8385082943467893 and parameters: {'n_estimators': 335, 'min_samples_split': 0.22370545068697398, 'min_samples_leaf': 0.147818038020444, 'min_weight_fraction_leaf': 0.13739630356590207, 'max_features': 0.03323085750464019, 'bootstrap': False, 'max_samples': 0.453165597754622}. Best is trial 50 with value: 0.8427903724166675.[0m
[32m[I 2022-04-21 11:46:49,061][0m Trial 134 finished with value: 0.8426442432752064 and parameters: {'n_estimators': 290, 'min_samples_split': 0.24148625371379187, 'min_samples_leaf': 0.18504783771176692, 'min_weight_fraction_leaf': 0.1943656000501293, 'max_features': 0.08962334462147686, 'bootstrap': False, 'max_samples': 0.47391449534127106}. Best is trial 50 with value: 0.8427903724166675.[0m
[32m[I 2022-04-21 11:46:52,542][0m Trial 135 finished with value: 0.8423083212244602 and parameters: {'n_estimators': 224, 'min_samples_split': 0.19943048181482642, 'min_samples_leaf': 0.1717501407414687, 'min_weight_fraction_leaf': 0.17184924551898845, 'max_features': 0.05556193464567818, 'bootstrap': False, 'max_samples': 0.5433554079224608}. Best is trial 50 with value: 0.8427903724166675.[0m
[32m[I 2022-04-21 11:46:57,377][0m Trial 136 finished with value: 0.8381885072369828 and parameters: {'n_estimators': 353, 'min_samples_split': 0.21569859492291674, 'min_samples_leaf': 0.1417554352984978, 'min_weight_fraction_leaf': 0.15352903010689722, 'max_features': 0.07497081543846115, 'bootstrap': False, 'max_samples': 0.4353460622718125}. Best is trial 50 with value: 0.8427903724166675.[0m
[32m[I 2022-04-21 11:47:02,204][0m Trial 137 finished with value: 0.8427903724166675 and parameters: {'n_estimators': 443, 'min_samples_split': 0.16904584542904183, 'min_samples_leaf': 0.1554426161474018, 'min_weight_fraction_leaf': 0.17627257511023356, 'max_features': 0.02498120952364867, 'bootstrap': False, 'max_samples': 0.6211783117033677}. Best is trial 50 with value: 0.8427903724166675.[0m
[32m[I 2022-04-21 11:47:08,024][0m Trial 138 finished with value: 0.8394608585602624 and parameters: {'n_estimators': 528, 'min_samples_split': 0.14400059403830645, 'min_samples_leaf': 0.11890414782451207, 'min_weight_fraction_leaf': 0.06023902185967632, 'max_features': 0.04262864288462117, 'bootstrap': False, 'max_samples': 0.6251386959201093}. Best is trial 50 with value: 0.8427903724166675.[0m
[32m[I 2022-04-21 11:47:12,764][0m Trial 139 finished with value: 0.8417986399666695 and parameters: {'n_estimators': 446, 'min_samples_split': 0.2178211340140435, 'min_samples_leaf': 0.22542166681662607, 'min_weight_fraction_leaf': 0.20177641382034694, 'max_features': 0.02328755014428774, 'bootstrap': False, 'max_samples': 0.9188307036135492}. Best is trial 50 with value: 0.8427903724166675.[0m
[32m[I 2022-04-21 11:47:17,868][0m Trial 140 finished with value: 0.8427903724166675 and parameters: {'n_estimators': 386, 'min_samples_split': 0.17113129199296248, 'min_samples_leaf': 0.15856092908075697, 'min_weight_fraction_leaf': 0.18026297871674965, 'max_features': 0.032459255432869094, 'bootstrap': False, 'max_samples': 0.6977359289139056}. Best is trial 50 with value: 0.8427903724166675.[0m
[32m[I 2022-04-21 11:47:22,601][0m Trial 141 finished with value: 0.8427903724166675 and parameters: {'n_estimators': 377, 'min_samples_split': 0.20765661635612787, 'min_samples_leaf': 0.1802208514534703, 'min_weight_fraction_leaf': 0.16308565128841546, 'max_features': 0.04157948008097703, 'bootstrap': False, 'max_samples': 0.42125753947742284}. Best is trial 50 with value: 0.8427903724166675.[0m
[32m[I 2022-04-21 11:47:26,737][0m Trial 142 finished with value: 0.8426442432752064 and parameters: {'n_estimators': 374, 'min_samples_split': 0.16426698981863475, 'min_samples_leaf': 0.1542226232294755, 'min_weight_fraction_leaf': 0.19096835161746378, 'max_features': 0.02427662739719434, 'bootstrap': False, 'max_samples': 0.7118297984926668}. Best is trial 50 with value: 0.8427903724166675.[0m
[32m[I 2022-04-21 11:47:31,642][0m Trial 143 finished with value: 0.65 and parameters: {'n_estimators': 430, 'min_samples_split': 0.19327826738203746, 'min_samples_leaf': 0.18970954538340576, 'min_weight_fraction_leaf': 0.42472594141602205, 'max_features': 0.0017266587590834964, 'bootstrap': False, 'max_samples': 0.5698690903368265}. Best is trial 50 with value: 0.8427903724166675.[0m
[32m[I 2022-04-21 11:47:36,860][0m Trial 144 finished with value: 0.839201170342092 and parameters: {'n_estimators': 474, 'min_samples_split': 0.2655365491461072, 'min_samples_leaf': 0.16514149079166704, 'min_weight_fraction_leaf': 0.14166925946201525, 'max_features': 0.08872734519874603, 'bootstrap': False, 'max_samples': 0.38282230893678865}. Best is trial 50 with value: 0.8427903724166675.[0m
[32m[I 2022-04-21 11:47:40,945][0m Trial 145 finished with value: 0.8427903724166675 and parameters: {'n_estimators': 324, 'min_samples_split': 0.15968124280382415, 'min_samples_leaf': 0.1607741549898297, 'min_weight_fraction_leaf': 0.17738272007237643, 'max_features': 0.057461584359053325, 'bootstrap': False, 'max_samples': 0.6891782579774863}. Best is trial 50 with value: 0.8427903724166675.[0m
[32m[I 2022-04-21 11:47:44,484][0m Trial 146 finished with value: 0.8426442432752064 and parameters: {'n_estimators': 283, 'min_samples_split': 0.15372012807944554, 'min_samples_leaf': 0.207733378216593, 'min_weight_fraction_leaf': 0.17991184882651282, 'max_features': 0.06629134050878338, 'bootstrap': False, 'max_samples': 0.66971147568677}. Best is trial 50 with value: 0.8427903724166675.[0m
[32m[I 2022-04-21 11:47:48,513][0m Trial 147 finished with value: 0.8361353475122624 and parameters: {'n_estimators': 306, 'min_samples_split': 0.24897516336275513, 'min_samples_leaf': 0.14047427839317794, 'min_weight_fraction_leaf': 0.12787423741732656, 'max_features': 0.09718977637798881, 'bootstrap': False, 'max_samples': 0.7553847370089436}. Best is trial 50 with value: 0.8427903724166675.[0m
[32m[I 2022-04-21 11:47:52,682][0m Trial 148 finished with value: 0.6744920180162803 and parameters: {'n_estimators': 328, 'min_samples_split': 0.20715308343775637, 'min_samples_leaf': 0.1822248131856979, 'min_weight_fraction_leaf': 0.330250331792204, 'max_features': 0.05123573128602147, 'bootstrap': False, 'max_samples': 0.4251333475537005}. Best is trial 50 with value: 0.8427903724166675.[0m
[32m[I 2022-04-21 11:47:56,479][0m Trial 149 finished with value: 0.8423083212244602 and parameters: {'n_estimators': 249, 'min_samples_split': 0.28123052902583284, 'min_samples_leaf': 0.1728538945265208, 'min_weight_fraction_leaf': 0.1563866837068637, 'max_features': 0.17064297458329544, 'bootstrap': False, 'max_samples': 0.3474362559835563}. Best is trial 50 with value: 0.8427903724166675.[0m
[32m[I 2022-04-21 11:48:01,191][0m Trial 150 finished with value: 0.8426442432752064 and parameters: {'n_estimators': 420, 'min_samples_split': 0.17772710473018014, 'min_samples_leaf': 0.14906875173523376, 'min_weight_fraction_leaf': 0.18467107269072652, 'max_features': 0.001090352360602287, 'bootstrap': False, 'max_samples': 0.6125089406220295}. Best is trial 50 with value: 0.8427903724166675.[0m
[32m[I 2022-04-21 11:48:06,089][0m Trial 151 finished with value: 0.8426442432752064 and parameters: {'n_estimators': 346, 'min_samples_split': 0.23133724999196162, 'min_samples_leaf': 0.19938110219615052, 'min_weight_fraction_leaf': 0.16604073594452035, 'max_features': 0.111983276395789, 'bootstrap': False, 'max_samples': 0.7342938871427204}. Best is trial 50 with value: 0.8427903724166675.[0m
[32m[I 2022-04-21 11:48:10,948][0m Trial 152 finished with value: 0.8427903724166675 and parameters: {'n_estimators': 395, 'min_samples_split': 0.3128549278605462, 'min_samples_leaf': 0.17892446270321538, 'min_weight_fraction_leaf': 0.16598892523779743, 'max_features': 0.036404094522334, 'bootstrap': False, 'max_samples': 0.40954734193995124}. Best is trial 50 with value: 0.8427903724166675.[0m
[32m[I 2022-04-21 11:48:15,340][0m Trial 153 finished with value: 0.8426442432752064 and parameters: {'n_estimators': 401, 'min_samples_split': 0.3116548357704903, 'min_samples_leaf': 0.1820546483076893, 'min_weight_fraction_leaf': 0.16549036241785908, 'max_features': 0.04483277535793855, 'bootstrap': False, 'max_samples': 0.41478637943151814}. Best is trial 50 with value: 0.8427903724166675.[0m
[32m[I 2022-04-21 11:48:19,390][0m Trial 154 finished with value: 0.8426442432752064 and parameters: {'n_estimators': 361, 'min_samples_split': 0.32824358647263424, 'min_samples_leaf': 0.19586476868402558, 'min_weight_fraction_leaf': 0.14787811196504794, 'max_features': 0.19705705029863183, 'bootstrap': False, 'max_samples': 0.37750997783052664}. Best is trial 50 with value: 0.8427903724166675.[0m
[32m[I 2022-04-21 11:48:22,962][0m Trial 155 finished with value: 0.8426442432752064 and parameters: {'n_estimators': 269, 'min_samples_split': 0.20800104758278387, 'min_samples_leaf': 0.16984430063113976, 'min_weight_fraction_leaf': 0.20107952030295922, 'max_features': 0.025403819841113118, 'bootstrap': False, 'max_samples': 0.4578602001162645}. Best is trial 50 with value: 0.8427903724166675.[0m
[32m[I 2022-04-21 11:48:27,301][0m Trial 156 finished with value: 0.6672919746290089 and parameters: {'n_estimators': 317, 'min_samples_split': 0.2375357058401264, 'min_samples_leaf': 0.16119166319205402, 'min_weight_fraction_leaf': 0.11113801646340088, 'max_features': 0.06379877531154164, 'bootstrap': True, 'max_samples': 0.39582693225529475, 'oob_score': False}. Best is trial 50 with value: 0.8427903724166675.[0m
[32m[I 2022-04-21 11:48:31,834][0m Trial 157 finished with value: 0.8381885072369828 and parameters: {'n_estimators': 378, 'min_samples_split': 0.1420222400161057, 'min_samples_leaf': 0.15692757214213782, 'min_weight_fraction_leaf': 0.13741423667797664, 'max_features': 0.03793739744518668, 'bootstrap': False, 'max_samples': 0.6989969007155921}. Best is trial 50 with value: 0.8427903724166675.[0m
[32m[I 2022-04-21 11:48:35,598][0m Trial 158 finished with value: 0.8427903724166675 and parameters: {'n_estimators': 298, 'min_samples_split': 0.16376141112282322, 'min_samples_leaf': 0.12901886488699507, 'min_weight_fraction_leaf': 0.17980330378891213, 'max_features': 0.12767969092502224, 'bootstrap': False, 'max_samples': 0.6501604997682032}. Best is trial 50 with value: 0.8427903724166675.[0m
[32m[I 2022-04-21 11:48:40,557][0m Trial 159 finished with value: 0.8426442432752064 and parameters: {'n_estimators': 445, 'min_samples_split': 0.1278180549369558, 'min_samples_leaf': 0.10826014654122167, 'min_weight_fraction_leaf': 0.21372365236964164, 'max_features': 0.07575296924122422, 'bootstrap': False, 'max_samples': 0.6447465736859082}. Best is trial 50 with value: 0.8427903724166675.[0m
[32m[I 2022-04-21 11:48:45,179][0m Trial 160 finished with value: 0.8426442432752064 and parameters: {'n_estimators': 321, 'min_samples_split': 0.16152034424610934, 'min_samples_leaf': 0.13349710090887046, 'min_weight_fraction_leaf': 0.18694487863169376, 'max_features': 0.015426073588842654, 'bootstrap': False, 'max_samples': 0.6905352389717027}. Best is trial 50 with value: 0.8427903724166675.[0m
[32m[I 2022-04-21 11:48:50,303][0m Trial 161 finished with value: 0.8423083212244602 and parameters: {'n_estimators': 385, 'min_samples_split': 0.18050841186276495, 'min_samples_leaf': 0.16077566727166503, 'min_weight_fraction_leaf': 0.1730346520278059, 'max_features': 0.03384197562111103, 'bootstrap': False, 'max_samples': 0.7449091106580833}. Best is trial 50 with value: 0.8427903724166675.[0m
