[32m[I 2022-04-21 23:20:51,082][0m Trial 365 finished with value: 0.8237371003202327 and parameters: {'n_estimators': 549, 'min_samples_split': 0.03631665715764594, 'min_samples_leaf': 0.10165536537331352, 'min_weight_fraction_leaf': 0.01822331057773674, 'max_features': 0.32940609947715377, 'bootstrap': False, 'max_samples': 0.758208451778348}. Best is trial 356 with value: 0.8403393004825064.[0m
[32m[I 2022-04-21 23:23:05,366][0m Trial 366 finished with value: 0.8364751857018881 and parameters: {'n_estimators': 617, 'min_samples_split': 0.0012723895492246084, 'min_samples_leaf': 0.027052515474985165, 'min_weight_fraction_leaf': 0.010491567480273325, 'max_features': 0.41350183870599533, 'bootstrap': False, 'max_samples': 0.7828426618909461}. Best is trial 356 with value: 0.8403393004825064.[0m
[32m[I 2022-04-21 23:24:22,635][0m Trial 367 finished with value: 0.8338424513512074 and parameters: {'n_estimators': 568, 'min_samples_split': 0.010239203982116777, 'min_samples_leaf': 0.039351094794221865, 'min_weight_fraction_leaf': 0.02449286007322915, 'max_features': 0.35972627189691525, 'bootstrap': False, 'max_samples': 0.8197055980422207}. Best is trial 356 with value: 0.8403393004825064.[0m
[32m[I 2022-04-21 23:24:38,888][0m Trial 368 finished with value: 0.7824639836914774 and parameters: {'n_estimators': 668, 'min_samples_split': 0.027244215215962417, 'min_samples_leaf': 0.01662778566884912, 'min_weight_fraction_leaf': 0.387487174585528, 'max_features': 0.2557335971344202, 'bootstrap': False, 'max_samples': 0.8402504636128271}. Best is trial 356 with value: 0.8403393004825064.[0m
[32m[I 2022-04-21 23:26:05,697][0m Trial 369 finished with value: 0.8363247474519054 and parameters: {'n_estimators': 527, 'min_samples_split': 0.01778074252521463, 'min_samples_leaf': 0.026846745542685325, 'min_weight_fraction_leaf': 0.00014192461511678987, 'max_features': 0.3122432395263904, 'bootstrap': False, 'max_samples': 0.8888306028126769}. Best is trial 356 with value: 0.8403393004825064.[0m
[32m[I 2022-04-21 23:26:41,116][0m Trial 370 finished with value: 0.839018046947037 and parameters: {'n_estimators': 131, 'min_samples_split': 0.0010803592440783473, 'min_samples_leaf': 0.015852899964868453, 'min_weight_fraction_leaf': 0.015970309102290744, 'max_features': 0.3365026204178441, 'bootstrap': False, 'max_samples': 0.8570653241690116}. Best is trial 356 with value: 0.8403393004825064.[0m
[32m[I 2022-04-21 23:28:46,713][0m Trial 371 finished with value: 0.8393588576943799 and parameters: {'n_estimators': 585, 'min_samples_split': 0.00989178656176504, 'min_samples_leaf': 0.01760616661082106, 'min_weight_fraction_leaf': 0.011102306801967521, 'max_features': 0.3423960816342321, 'bootstrap': False, 'max_samples': 0.8564428865326276}. Best is trial 356 with value: 0.8403393004825064.[0m
[32m[I 2022-04-21 23:29:02,006][0m Trial 372 finished with value: 0.795379605885344 and parameters: {'n_estimators': 615, 'min_samples_split': 0.0012498290111143087, 'min_samples_leaf': 0.06069799967895614, 'min_weight_fraction_leaf': 0.31747212716910067, 'max_features': 0.33799353475974075, 'bootstrap': False, 'max_samples': 0.8660531869992627}. Best is trial 356 with value: 0.8403393004825064.[0m
[32m[I 2022-04-21 23:29:07,052][0m Trial 373 finished with value: 0.8250281805691116 and parameters: {'n_estimators': 117, 'min_samples_split': 0.019205267089334756, 'min_samples_leaf': 0.12647408592613935, 'min_weight_fraction_leaf': 0.017698301726653962, 'max_features': 0.2789290311218176, 'bootstrap': False, 'max_samples': 0.859165608281398}. Best is trial 356 with value: 0.8403393004825064.[0m
[32m[I 2022-04-21 23:29:35,431][0m Trial 374 finished with value: 0.8382101895173972 and parameters: {'n_estimators': 157, 'min_samples_split': 0.1251756636562764, 'min_samples_leaf': 0.015320234416613199, 'min_weight_fraction_leaf': 0.009969693773359612, 'max_features': 0.29664223644386656, 'bootstrap': False, 'max_samples': 0.8901156952803564}. Best is trial 356 with value: 0.8403393004825064.[0m
[32m[I 2022-04-21 23:29:53,498][0m Trial 375 finished with value: 0.8343759851756689 and parameters: {'n_estimators': 168, 'min_samples_split': 0.034367708662788016, 'min_samples_leaf': 0.04272418645799909, 'min_weight_fraction_leaf': 0.03474305678829099, 'max_features': 0.29728338521406683, 'bootstrap': False, 'max_samples': 0.8999370940239418}. Best is trial 356 with value: 0.8403393004825064.[0m
[32m[I 2022-04-21 23:30:09,157][0m Trial 376 finished with value: 0.8342718352410315 and parameters: {'n_estimators': 121, 'min_samples_split': 0.10548281147094199, 'min_samples_leaf': 0.03595527101418385, 'min_weight_fraction_leaf': 0.013833887319291902, 'max_features': 0.3246161161036809, 'bootstrap': False, 'max_samples': 0.8337933254248849}. Best is trial 356 with value: 0.8403393004825064.[0m
[32m[I 2022-04-21 23:30:38,926][0m Trial 377 finished with value: 0.8387472077578181 and parameters: {'n_estimators': 139, 'min_samples_split': 0.026564802708251144, 'min_samples_leaf': 0.01632750741008716, 'min_weight_fraction_leaf': 0.01960495312333989, 'max_features': 0.2955455095910175, 'bootstrap': False, 'max_samples': 0.8513556827128678}. Best is trial 356 with value: 0.8403393004825064.[0m
[32m[I 2022-04-21 23:30:54,392][0m Trial 378 finished with value: 0.8333748961210228 and parameters: {'n_estimators': 135, 'min_samples_split': 0.16283097308227576, 'min_samples_leaf': 0.014567257511647145, 'min_weight_fraction_leaf': 0.030953308587395867, 'max_features': 0.26805829765037426, 'bootstrap': False, 'max_samples': 0.8939792701786473}. Best is trial 356 with value: 0.8403393004825064.[0m
[32m[I 2022-04-21 23:31:27,158][0m Trial 379 finished with value: 0.8383666075579361 and parameters: {'n_estimators': 157, 'min_samples_split': 0.038604329304552244, 'min_samples_leaf': 0.016729097130056207, 'min_weight_fraction_leaf': 0.020198117335583514, 'max_features': 0.2971905661448327, 'bootstrap': False, 'max_samples': 0.8446799246102409}. Best is trial 356 with value: 0.8403393004825064.[0m
[32m[I 2022-04-21 23:31:45,287][0m Trial 380 finished with value: 0.8339088245591642 and parameters: {'n_estimators': 130, 'min_samples_split': 0.038250713829554216, 'min_samples_leaf': 0.032595539668689985, 'min_weight_fraction_leaf': 0.02231898471811484, 'max_features': 0.31968719932175704, 'bootstrap': False, 'max_samples': 0.8479604644669706}. Best is trial 356 with value: 0.8403393004825064.[0m
[32m[I 2022-04-21 23:32:07,385][0m Trial 381 finished with value: 0.8332389313155681 and parameters: {'n_estimators': 153, 'min_samples_split': 0.09193320692712759, 'min_samples_leaf': 0.016853396079658117, 'min_weight_fraction_leaf': 0.03866887436605054, 'max_features': 0.28853981031087067, 'bootstrap': False, 'max_samples': 0.8478461108851877}. Best is trial 356 with value: 0.8403393004825064.[0m
[32m[I 2022-04-21 23:32:28,017][0m Trial 382 finished with value: 0.836556628002198 and parameters: {'n_estimators': 144, 'min_samples_split': 0.031118588719948794, 'min_samples_leaf': 0.028407486278484655, 'min_weight_fraction_leaf': 0.009295952707512973, 'max_features': 0.2847480513630419, 'bootstrap': False, 'max_samples': 0.8764355360509781}. Best is trial 356 with value: 0.8403393004825064.[0m
[32m[I 2022-04-21 23:32:58,941][0m Trial 383 finished with value: 0.8373665522271505 and parameters: {'n_estimators': 152, 'min_samples_split': 0.02755666930992916, 'min_samples_leaf': 0.018406006867926268, 'min_weight_fraction_leaf': 0.020858996698421534, 'max_features': 0.30816226156336934, 'bootstrap': False, 'max_samples': 0.8234228966537771}. Best is trial 356 with value: 0.8403393004825064.[0m
[32m[I 2022-04-21 23:35:03,366][0m Trial 384 finished with value: 0.8353863972701575 and parameters: {'n_estimators': 786, 'min_samples_split': 0.044727957551888534, 'min_samples_leaf': 0.017817498353397777, 'min_weight_fraction_leaf': 0.030127637306611013, 'max_features': 0.2975310220531618, 'bootstrap': False, 'max_samples': 0.8176682186730203}. Best is trial 356 with value: 0.8403393004825064.[0m
[32m[I 2022-04-21 23:35:18,891][0m Trial 385 finished with value: 0.8316043357924829 and parameters: {'n_estimators': 152, 'min_samples_split': 0.1314113534971476, 'min_samples_leaf': 0.044574924898054175, 'min_weight_fraction_leaf': 0.05446771402158307, 'max_features': 0.3404839551132265, 'bootstrap': False, 'max_samples': 0.00030208936685527377}. Best is trial 356 with value: 0.8403393004825064.[0m
[32m[I 2022-04-21 23:35:34,168][0m Trial 386 finished with value: 0.8374021579910493 and parameters: {'n_estimators': 138, 'min_samples_split': 0.04228515744971776, 'min_samples_leaf': 0.02954230638382124, 'min_weight_fraction_leaf': 0.02259603865862967, 'max_features': 0.2500454754243883, 'bootstrap': False, 'max_samples': 0.8240364645553044}. Best is trial 356 with value: 0.8403393004825064.[0m
[32m[I 2022-04-21 23:35:45,961][0m Trial 387 finished with value: 0.8317591061940208 and parameters: {'n_estimators': 136, 'min_samples_split': 0.20344996662359327, 'min_samples_leaf': 0.03322018046929451, 'min_weight_fraction_leaf': 0.037651298767327854, 'max_features': 0.2647288333960668, 'bootstrap': False, 'max_samples': 0.8312140919447691}. Best is trial 356 with value: 0.8403393004825064.[0m
[32m[I 2022-04-21 23:35:57,550][0m Trial 388 finished with value: 0.83188443080999 and parameters: {'n_estimators': 182, 'min_samples_split': 0.045391639286691564, 'min_samples_leaf': 0.05394471819163082, 'min_weight_fraction_leaf': 0.026008818614886485, 'max_features': 0.21211990340344875, 'bootstrap': False, 'max_samples': 0.8833106377518798}. Best is trial 356 with value: 0.8403393004825064.[0m
[32m[I 2022-04-21 23:36:14,135][0m Trial 389 finished with value: 0.8371881307261326 and parameters: {'n_estimators': 128, 'min_samples_split': 0.04171320081244016, 'min_samples_leaf': 0.024694786459260987, 'min_weight_fraction_leaf': 0.015583922053331502, 'max_features': 0.251797779145997, 'bootstrap': False, 'max_samples': 0.8608382961514783}. Best is trial 356 with value: 0.8403393004825064.[0m
[32m[I 2022-04-21 23:36:26,114][0m Trial 390 finished with value: 0.8340292522953195 and parameters: {'n_estimators': 116, 'min_samples_split': 0.030130423334145194, 'min_samples_leaf': 0.035611248809497384, 'min_weight_fraction_leaf': 0.043966373412869866, 'max_features': 0.2689562424314147, 'bootstrap': False, 'max_samples': 0.34278519622112913}. Best is trial 356 with value: 0.8403393004825064.[0m
[32m[I 2022-04-21 23:36:42,786][0m Trial 391 finished with value: 0.8293781994869892 and parameters: {'n_estimators': 139, 'min_samples_split': 0.30091900053849907, 'min_samples_leaf': 0.016093700667962396, 'min_weight_fraction_leaf': 0.018482715805880595, 'max_features': 0.33149527722388966, 'bootstrap': False, 'max_samples': 0.8080578886336699}. Best is trial 356 with value: 0.8403393004825064.[0m
[32m[I 2022-04-21 23:37:09,425][0m Trial 392 finished with value: 0.8358663384181805 and parameters: {'n_estimators': 143, 'min_samples_split': 0.03501910195662636, 'min_samples_leaf': 0.02685980525754407, 'min_weight_fraction_leaf': 0.009715544519619033, 'max_features': 0.38772678949499145, 'bootstrap': False, 'max_samples': 0.8469738738313489}. Best is trial 356 with value: 0.8403393004825064.[0m
[32m[I 2022-04-21 23:37:33,603][0m Trial 393 finished with value: 0.8356940939833626 and parameters: {'n_estimators': 170, 'min_samples_split': 0.024647858652424512, 'min_samples_leaf': 0.01539871943268024, 'min_weight_fraction_leaf': 0.030342206554028868, 'max_features': 0.24303877412721675, 'bootstrap': False, 'max_samples': 0.8730959733462612}. Best is trial 356 with value: 0.8403393004825064.[0m
[32m[I 2022-04-21 23:37:46,225][0m Trial 394 finished with value: 0.8337861825620049 and parameters: {'n_estimators': 130, 'min_samples_split': 0.019011716649244823, 'min_samples_leaf': 0.04385238237494323, 'min_weight_fraction_leaf': 0.020672165235103193, 'max_features': 0.2931231738455923, 'bootstrap': False, 'max_samples': 0.8943754910183608}. Best is trial 356 with value: 0.8403393004825064.[0m
[32m[I 2022-04-21 23:38:06,459][0m Trial 395 finished with value: 0.8351012054317801 and parameters: {'n_estimators': 137, 'min_samples_split': 0.12266597656671718, 'min_samples_leaf': 0.02461239195910444, 'min_weight_fraction_leaf': 0.009616201266754302, 'max_features': 0.33759189330157063, 'bootstrap': False, 'max_samples': 0.8255062455611922}. Best is trial 356 with value: 0.8403393004825064.[0m
[32m[I 2022-04-21 23:38:34,431][0m Trial 396 finished with value: 0.8393237559076006 and parameters: {'n_estimators': 133, 'min_samples_split': 0.040069245254971686, 'min_samples_leaf': 0.014071329489678075, 'min_weight_fraction_leaf': 0.01056543503155347, 'max_features': 0.31375871679694384, 'bootstrap': False, 'max_samples': 0.806629763023887}. Best is trial 356 with value: 0.8403393004825064.[0m
[32m[I 2022-04-21 23:38:42,337][0m Trial 397 finished with value: 0.8365495299295451 and parameters: {'n_estimators': 134, 'min_samples_split': 0.05220279126055423, 'min_samples_leaf': 0.03311946665434854, 'min_weight_fraction_leaf': 0.008066514236232093, 'max_features': 0.12900311250974045, 'bootstrap': False, 'max_samples': 0.8039561236662128}. Best is trial 356 with value: 0.8403393004825064.[0m
[32m[I 2022-04-21 23:38:49,953][0m Trial 398 finished with value: 0.8164368291404662 and parameters: {'n_estimators': 145, 'min_samples_split': 0.24814680950515014, 'min_samples_leaf': 0.017618023275169592, 'min_weight_fraction_leaf': 0.20244757321624635, 'max_features': 0.3149577964803134, 'bootstrap': False, 'max_samples': 0.8367180731993747}. Best is trial 356 with value: 0.8403393004825064.[0m
[32m[I 2022-04-21 23:39:12,986][0m Trial 399 finished with value: 0.8373505326825219 and parameters: {'n_estimators': 159, 'min_samples_split': 0.041409998404388956, 'min_samples_leaf': 0.026253812147140367, 'min_weight_fraction_leaf': 0.00042278146770003897, 'max_features': 0.2799552724853374, 'bootstrap': False, 'max_samples': 0.8101508614409916}. Best is trial 356 with value: 0.8403393004825064.[0m
[32m[I 2022-04-21 23:39:18,136][0m Trial 400 finished with value: 0.7899284426625398 and parameters: {'n_estimators': 126, 'min_samples_split': 0.04780132760380662, 'min_samples_leaf': 0.04084326356703221, 'min_weight_fraction_leaf': 0.3518184383289258, 'max_features': 0.440126018006249, 'bootstrap': False, 'max_samples': 0.8594442459512375}. Best is trial 356 with value: 0.8403393004825064.[0m
[32m[I 2022-04-21 23:39:42,841][0m Trial 401 finished with value: 0.8362088005632877 and parameters: {'n_estimators': 133, 'min_samples_split': 0.15083557227045738, 'min_samples_leaf': 0.01532266688936013, 'min_weight_fraction_leaf': 0.014064031050982266, 'max_features': 0.3518824266064161, 'bootstrap': False, 'max_samples': 0.8400742070650444}. Best is trial 356 with value: 0.8403393004825064.[0m
[32m[I 2022-04-21 23:40:00,126][0m Trial 402 finished with value: 0.8353308514449271 and parameters: {'n_estimators': 113, 'min_samples_split': 0.06573824060102439, 'min_samples_leaf': 0.030436500242447415, 'min_weight_fraction_leaf': 0.025675191118759034, 'max_features': 0.3073506726140081, 'bootstrap': False, 'max_samples': 0.8032865941580857}. Best is trial 356 with value: 0.8403393004825064.[0m
[32m[I 2022-04-21 23:41:08,948][0m Trial 403 finished with value: 0.838729841613163 and parameters: {'n_estimators': 202, 'min_samples_split': 0.034918099654568074, 'min_samples_leaf': 0.014267966956157344, 'min_weight_fraction_leaf': 0.0007071131062279093, 'max_features': 0.4626289890054001, 'bootstrap': False, 'max_samples': 0.8742824024158805}. Best is trial 356 with value: 0.8403393004825064.[0m
[32m[I 2022-04-21 23:45:50,373][0m Trial 404 finished with value: 0.8393822316478093 and parameters: {'n_estimators': 721, 'min_samples_split': 0.03343074730329442, 'min_samples_leaf': 0.012595929359792913, 'min_weight_fraction_leaf': 0.0006392589009757525, 'max_features': 0.45238805944783295, 'bootstrap': False, 'max_samples': 0.8936737664034843}. Best is trial 356 with value: 0.8403393004825064.[0m
[32m[I 2022-04-21 23:46:39,218][0m Trial 405 finished with value: 0.8330550384065353 and parameters: {'n_estimators': 191, 'min_samples_split': 0.17994656364465042, 'min_samples_leaf': 0.013250851787330525, 'min_weight_fraction_leaf': 0.0005063266515421931, 'max_features': 0.46148817345438997, 'bootstrap': False, 'max_samples': 0.8955112163461679}. Best is trial 356 with value: 0.8403393004825064.[0m
[32m[I 2022-04-21 23:52:12,721][0m Trial 406 finished with value: 0.8362985666236066 and parameters: {'n_estimators': 852, 'min_samples_split': 0.05937184534662249, 'min_samples_leaf': 0.012841022174987447, 'min_weight_fraction_leaf': 0.008218312697216668, 'max_features': 0.47419568294814207, 'bootstrap': False, 'max_samples': 0.876985668642242}. Best is trial 356 with value: 0.8403393004825064.[0m
[32m[I 2022-04-21 23:52:47,773][0m Trial 407 finished with value: 0.8357945314556602 and parameters: {'n_estimators': 122, 'min_samples_split': 0.03317853463052943, 'min_samples_leaf': 0.021295142724805823, 'min_weight_fraction_leaf': 0.008938528814373337, 'max_features': 0.439734685092123, 'bootstrap': False, 'max_samples': 0.8930225141577487}. Best is trial 356 with value: 0.8403393004825064.[0m
[32m[I 2022-04-21 23:52:57,331][0m Trial 408 finished with value: 0.7888342696963158 and parameters: {'n_estimators': 719, 'min_samples_split': 0.03404755790279443, 'min_samples_leaf': 0.35664917377935146, 'min_weight_fraction_leaf': 0.0002655178265266837, 'max_features': 0.48072149031925704, 'bootstrap': False, 'max_samples': 0.8656228539125984}. Best is trial 356 with value: 0.8403393004825064.[0m
[32m[I 2022-04-21 23:54:00,453][0m Trial 409 finished with value: 0.8375851070224296 and parameters: {'n_estimators': 207, 'min_samples_split': 0.02552824905144114, 'min_samples_leaf': 0.013931706034998877, 'min_weight_fraction_leaf': 0.0011549110994279175, 'max_features': 0.4031217680976499, 'bootstrap': False, 'max_samples': 0.8582151796870717}. Best is trial 356 with value: 0.8403393004825064.[0m
[32m[I 2022-04-21 23:54:47,552][0m Trial 410 finished with value: 0.8379357157659898 and parameters: {'n_estimators': 207, 'min_samples_split': 0.04460334112975857, 'min_samples_leaf': 0.023037320061670863, 'min_weight_fraction_leaf': 0.01038355507124703, 'max_features': 0.4044606840444327, 'bootstrap': False, 'max_samples': 0.85264752130114}. Best is trial 356 with value: 0.8403393004825064.[0m
[32m[I 2022-04-21 23:55:11,897][0m Trial 411 finished with value: 0.8290752210135224 and parameters: {'n_estimators': 213, 'min_samples_split': 0.049588100834733854, 'min_samples_leaf': 0.05179631418157413, 'min_weight_fraction_leaf': 0.0007206365165407182, 'max_features': 0.42991406581739783, 'bootstrap': False, 'max_samples': 0.8530522546876655}. Best is trial 356 with value: 0.8403393004825064.[0m
[32m[I 2022-04-21 23:55:40,933][0m Trial 412 finished with value: 0.8332043309533503 and parameters: {'n_estimators': 207, 'min_samples_split': 0.05082987716623492, 'min_samples_leaf': 0.03846696663228674, 'min_weight_fraction_leaf': 6.930799217763801e-05, 'max_features': 0.3853930306919358, 'bootstrap': False, 'max_samples': 0.8441913891342175}. Best is trial 356 with value: 0.8403393004825064.[0m
[32m[I 2022-04-21 23:56:23,567][0m Trial 413 finished with value: 0.8351138080460572 and parameters: {'n_estimators': 200, 'min_samples_split': 0.04070592031428122, 'min_samples_leaf': 0.026686124208441575, 'min_weight_fraction_leaf': 0.01555917489824022, 'max_features': 0.4185961257938852, 'bootstrap': False, 'max_samples': 0.826447073294061}. Best is trial 356 with value: 0.8403393004825064.[0m
[32m[I 2022-04-21 23:56:52,101][0m Trial 414 finished with value: 0.8312987675980159 and parameters: {'n_estimators': 218, 'min_samples_split': 0.054857888641800474, 'min_samples_leaf': 0.046882582893852984, 'min_weight_fraction_leaf': 0.013575105574548928, 'max_features': 0.3942496228568655, 'bootstrap': False, 'max_samples': 0.8584991939445118}. Best is trial 356 with value: 0.8403393004825064.[0m
[32m[I 2022-04-21 23:57:30,325][0m Trial 415 finished with value: 0.8360518003112354 and parameters: {'n_estimators': 165, 'min_samples_split': 0.07618321625576185, 'min_samples_leaf': 0.022480089290407092, 'min_weight_fraction_leaf': 7.132779641105987e-05, 'max_features': 0.41153827588986186, 'bootstrap': False, 'max_samples': 0.9007314782823425}. Best is trial 356 with value: 0.8403393004825064.[0m
[32m[I 2022-04-21 23:58:09,039][0m Trial 416 finished with value: 0.8307516573813614 and parameters: {'n_estimators': 193, 'min_samples_split': 0.03251206941890378, 'min_samples_leaf': 0.03538844076324381, 'min_weight_fraction_leaf': 0.016762012555821312, 'max_features': 0.5071493321057468, 'bootstrap': False, 'max_samples': 0.8399257749066823}. Best is trial 356 with value: 0.8403393004825064.[0m
[32m[I 2022-04-21 23:58:17,867][0m Trial 417 finished with value: 0.7855066096379296 and parameters: {'n_estimators': 803, 'min_samples_split': 0.04302555912311486, 'min_samples_leaf': 0.3847011956225609, 'min_weight_fraction_leaf': 0.010873958964862799, 'max_features': 0.40486693886764213, 'bootstrap': False, 'max_samples': 0.8111167447412243}. Best is trial 356 with value: 0.8403393004825064.[0m
[32m[I 2022-04-21 23:58:54,799][0m Trial 418 finished with value: 0.8378086219650578 and parameters: {'n_estimators': 184, 'min_samples_split': 0.028632780285832684, 'min_samples_leaf': 0.02282314718662117, 'min_weight_fraction_leaf': 0.02685628902638673, 'max_features': 0.34783552905126813, 'bootstrap': False, 'max_samples': 0.7891217434997903}. Best is trial 356 with value: 0.8403393004825064.[0m
