[32m[I 2022-04-21 12:33:11,935][0m Trial 804 finished with value: 0.8424541508018741 and parameters: {'n_estimators': 107, 'min_samples_split': 0.013704822248532745, 'min_samples_leaf': 0.02119881441442942, 'min_weight_fraction_leaf': 0.21666107858711936, 'max_features': 0.31144186886099967, 'bootstrap': True, 'max_samples': 0.8824143161541076, 'oob_score': True}. Best is trial 745 with value: 0.8444298249656554.[0m
[32m[I 2022-04-21 12:33:15,151][0m Trial 805 finished with value: 0.8425654298350229 and parameters: {'n_estimators': 127, 'min_samples_split': 0.040869864468584476, 'min_samples_leaf': 0.030542714761662433, 'min_weight_fraction_leaf': 0.19434842498429017, 'max_features': 0.38631428459866735, 'bootstrap': True, 'max_samples': 0.9169862395123205, 'oob_score': True}. Best is trial 745 with value: 0.8444298249656554.[0m
[32m[I 2022-04-21 12:33:18,331][0m Trial 806 finished with value: 0.8423470543447079 and parameters: {'n_estimators': 104, 'min_samples_split': 0.03171316261287942, 'min_samples_leaf': 0.016495161200713343, 'min_weight_fraction_leaf': 0.20730735480943208, 'max_features': 0.3452275552666602, 'bootstrap': True, 'max_samples': 0.9445753874782573, 'oob_score': True}. Best is trial 745 with value: 0.8444298249656554.[0m
[32m[I 2022-04-21 12:33:21,531][0m Trial 807 finished with value: 0.8394838904209827 and parameters: {'n_estimators': 115, 'min_samples_split': 0.021588207616042403, 'min_samples_leaf': 0.04141760252022177, 'min_weight_fraction_leaf': 0.21622784015425264, 'max_features': 0.3667301595251065, 'bootstrap': True, 'max_samples': 0.9149029047491526, 'oob_score': True}. Best is trial 745 with value: 0.8444298249656554.[0m
[32m[I 2022-04-21 12:33:24,385][0m Trial 808 finished with value: 0.842952376884214 and parameters: {'n_estimators': 100, 'min_samples_split': 0.05107342145701362, 'min_samples_leaf': 0.025526808232770027, 'min_weight_fraction_leaf': 0.22006954519160918, 'max_features': 0.29977338293631456, 'bootstrap': True, 'max_samples': 0.9458253798004533, 'oob_score': True}. Best is trial 745 with value: 0.8444298249656554.[0m
[32m[I 2022-04-21 12:33:27,474][0m Trial 809 finished with value: 0.8423470543447079 and parameters: {'n_estimators': 105, 'min_samples_split': 0.0636653490016752, 'min_samples_leaf': 0.01785845214131431, 'min_weight_fraction_leaf': 0.19400822899357476, 'max_features': 0.32116435544188826, 'bootstrap': True, 'max_samples': 0.9009915696043331, 'oob_score': True}. Best is trial 745 with value: 0.8444298249656554.[0m
[32m[I 2022-04-21 12:33:30,544][0m Trial 810 finished with value: 0.8429246938116176 and parameters: {'n_estimators': 111, 'min_samples_split': 0.0424603128575497, 'min_samples_leaf': 0.034972104177415184, 'min_weight_fraction_leaf': 0.20717117602043272, 'max_features': 0.3407085749069854, 'bootstrap': True, 'max_samples': 0.9333875671719281, 'oob_score': True}. Best is trial 745 with value: 0.8444298249656554.[0m
[32m[I 2022-04-21 12:33:33,402][0m Trial 811 finished with value: 0.8445196409598041 and parameters: {'n_estimators': 109, 'min_samples_split': 0.018502021066403827, 'min_samples_leaf': 0.0276509999699009, 'min_weight_fraction_leaf': 0.2032150649391106, 'max_features': 0.32481692342051, 'bootstrap': True, 'max_samples': 0.8785221166175285, 'oob_score': True}. Best is trial 811 with value: 0.8445196409598041.[0m
[32m[I 2022-04-21 12:33:36,951][0m Trial 812 finished with value: 0.8423753373616908 and parameters: {'n_estimators': 118, 'min_samples_split': 0.00787215304315694, 'min_samples_leaf': 0.051215065983973566, 'min_weight_fraction_leaf': 0.194916798480703, 'max_features': 0.30186874771433425, 'bootstrap': True, 'max_samples': 0.870690177255892, 'oob_score': True}. Best is trial 811 with value: 0.8445196409598041.[0m
[32m[I 2022-04-21 12:33:39,938][0m Trial 813 finished with value: 0.844738016450119 and parameters: {'n_estimators': 110, 'min_samples_split': 0.0012093882528935729, 'min_samples_leaf': 0.0302413851408137, 'min_weight_fraction_leaf': 0.20428557136068817, 'max_features': 0.33296656667267494, 'bootstrap': True, 'max_samples': 0.887335360781811, 'oob_score': True}. Best is trial 813 with value: 0.844738016450119.[0m
[32m[I 2022-04-21 12:33:43,415][0m Trial 814 finished with value: 0.8421569618713759 and parameters: {'n_estimators': 125, 'min_samples_split': 0.007944289070561213, 'min_samples_leaf': 0.044787994372109334, 'min_weight_fraction_leaf': 0.20282875101209993, 'max_features': 0.3468342642956599, 'bootstrap': True, 'max_samples': 0.860059174593938, 'oob_score': True}. Best is trial 813 with value: 0.844738016450119.[0m
[32m[I 2022-04-21 12:33:46,716][0m Trial 815 finished with value: 0.8425654298350229 and parameters: {'n_estimators': 112, 'min_samples_split': 0.0030971003183521014, 'min_samples_leaf': 0.03587321885130077, 'min_weight_fraction_leaf': 0.19360649816755254, 'max_features': 0.32776360680985095, 'bootstrap': True, 'max_samples': 0.8824593106590228, 'oob_score': False}. Best is trial 813 with value: 0.844738016450119.[0m
[32m[I 2022-04-21 12:33:50,188][0m Trial 816 finished with value: 0.8436327612797718 and parameters: {'n_estimators': 118, 'min_samples_split': 0.0014276950400275664, 'min_samples_leaf': 0.02831833075843248, 'min_weight_fraction_leaf': 0.20325315880161068, 'max_features': 0.3689697794613545, 'bootstrap': True, 'max_samples': 0.8863997416574241, 'oob_score': True}. Best is trial 813 with value: 0.844738016450119.[0m
[32m[I 2022-04-21 12:33:53,187][0m Trial 817 finished with value: 0.8419987382571449 and parameters: {'n_estimators': 110, 'min_samples_split': 0.01957749528129076, 'min_samples_leaf': 0.027784625741743334, 'min_weight_fraction_leaf': 0.20830681029378123, 'max_features': 0.41273360437136924, 'bootstrap': True, 'max_samples': 0.9039880556575394, 'oob_score': True}. Best is trial 813 with value: 0.844738016450119.[0m
[32m[I 2022-04-21 12:33:56,194][0m Trial 818 finished with value: 0.8423470543447079 and parameters: {'n_estimators': 100, 'min_samples_split': 0.029403917790776175, 'min_samples_leaf': 0.04569357926868699, 'min_weight_fraction_leaf': 0.19441088622952846, 'max_features': 0.39079191048210415, 'bootstrap': True, 'max_samples': 0.8561464083237589, 'oob_score': True}. Best is trial 813 with value: 0.844738016450119.[0m
[32m[I 2022-04-21 12:33:59,504][0m Trial 819 finished with value: 0.8444298249656554 and parameters: {'n_estimators': 109, 'min_samples_split': 0.017326698316094288, 'min_samples_leaf': 0.03833561180373446, 'min_weight_fraction_leaf': 0.2139943480712007, 'max_features': 0.3531910036688161, 'bootstrap': True, 'max_samples': 0.8952780966888784, 'oob_score': True}. Best is trial 813 with value: 0.844738016450119.[0m
[32m[I 2022-04-21 12:34:02,904][0m Trial 820 finished with value: 0.8438123932680692 and parameters: {'n_estimators': 117, 'min_samples_split': 0.020712214630820944, 'min_samples_leaf': 0.03977839537175001, 'min_weight_fraction_leaf': 0.20433288814619585, 'max_features': 0.352695224954632, 'bootstrap': True, 'max_samples': 0.8926747091900417, 'oob_score': True}. Best is trial 813 with value: 0.844738016450119.[0m
[32m[I 2022-04-21 12:34:06,386][0m Trial 821 finished with value: 0.8425654298350229 and parameters: {'n_estimators': 120, 'min_samples_split': 0.017076991039773486, 'min_samples_leaf': 0.048767309467617766, 'min_weight_fraction_leaf': 0.19339990057159706, 'max_features': 0.35319001042623555, 'bootstrap': True, 'max_samples': 0.8891058692706622, 'oob_score': True}. Best is trial 813 with value: 0.844738016450119.[0m
[32m[I 2022-04-21 12:34:09,301][0m Trial 822 finished with value: 0.8421859826531103 and parameters: {'n_estimators': 113, 'min_samples_split': 0.014768751838976524, 'min_samples_leaf': 0.04039250447766844, 'min_weight_fraction_leaf': 0.20267016892625941, 'max_features': 0.49201355562285376, 'bootstrap': True, 'max_samples': 0.8652559134330979, 'oob_score': True}. Best is trial 813 with value: 0.844738016450119.[0m
[32m[I 2022-04-21 12:34:12,387][0m Trial 823 finished with value: 0.8418875138889298 and parameters: {'n_estimators': 125, 'min_samples_split': 0.021266708984776, 'min_samples_leaf': 0.051194601994893854, 'min_weight_fraction_leaf': 0.20954581099268313, 'max_features': 0.3722116230323461, 'bootstrap': True, 'max_samples': 0.899091321070749, 'oob_score': True}. Best is trial 813 with value: 0.844738016450119.[0m
[32m[I 2022-04-21 12:34:15,514][0m Trial 824 finished with value: 0.8425654298350229 and parameters: {'n_estimators': 115, 'min_samples_split': 0.02926575199772522, 'min_samples_leaf': 0.038503192511518805, 'min_weight_fraction_leaf': 0.19289742296663256, 'max_features': 0.32970180706111357, 'bootstrap': True, 'max_samples': 0.8748022079345553, 'oob_score': True}. Best is trial 813 with value: 0.844738016450119.[0m
[32m[I 2022-04-21 12:34:18,771][0m Trial 825 finished with value: 0.8436706850053701 and parameters: {'n_estimators': 109, 'min_samples_split': 0.0011166592970981775, 'min_samples_leaf': 0.03420418754023077, 'min_weight_fraction_leaf': 0.20225128342927695, 'max_features': 0.3508507974982319, 'bootstrap': True, 'max_samples': 0.8990773713115527, 'oob_score': True}. Best is trial 813 with value: 0.844738016450119.[0m
[32m[I 2022-04-21 12:34:21,996][0m Trial 826 finished with value: 0.842077606362262 and parameters: {'n_estimators': 122, 'min_samples_split': 0.01028783956803302, 'min_samples_leaf': 0.030243822131092567, 'min_weight_fraction_leaf': 0.21308868036686646, 'max_features': 0.38458506538344783, 'bootstrap': True, 'max_samples': 0.9165088670029321, 'oob_score': True}. Best is trial 813 with value: 0.844738016450119.[0m
[32m[I 2022-04-21 12:34:24,972][0m Trial 827 finished with value: 0.8425654298350229 and parameters: {'n_estimators': 115, 'min_samples_split': 0.02038502295303682, 'min_samples_leaf': 0.05295499208481011, 'min_weight_fraction_leaf': 0.19453333697831132, 'max_features': 0.3331696676952784, 'bootstrap': True, 'max_samples': 0.8864104827174643, 'oob_score': True}. Best is trial 813 with value: 0.844738016450119.[0m
[32m[I 2022-04-21 12:34:28,212][0m Trial 828 finished with value: 0.8424541508018741 and parameters: {'n_estimators': 109, 'min_samples_split': 0.013914814074580145, 'min_samples_leaf': 0.03964071077964271, 'min_weight_fraction_leaf': 0.21253809840082608, 'max_features': 0.36639552732616876, 'bootstrap': True, 'max_samples': 0.8574831113497823, 'oob_score': True}. Best is trial 813 with value: 0.844738016450119.[0m
[32m[I 2022-04-21 12:34:31,067][0m Trial 829 finished with value: 0.8436706850053701 and parameters: {'n_estimators': 110, 'min_samples_split': 0.03280362140479487, 'min_samples_leaf': 0.02894827067617635, 'min_weight_fraction_leaf': 0.2034300372287915, 'max_features': 0.399509696399512, 'bootstrap': True, 'max_samples': 0.9125042284154827, 'oob_score': True}. Best is trial 813 with value: 0.844738016450119.[0m
[32m[I 2022-04-21 12:34:33,900][0m Trial 830 finished with value: 0.840920946327361 and parameters: {'n_estimators': 117, 'min_samples_split': 0.02280099782723355, 'min_samples_leaf': 0.04481500524920852, 'min_weight_fraction_leaf': 0.21546384005826036, 'max_features': 0.3192785087438298, 'bootstrap': True, 'max_samples': 0.9215707646979988, 'oob_score': True}. Best is trial 813 with value: 0.844738016450119.[0m
[32m[I 2022-04-21 12:34:37,168][0m Trial 831 finished with value: 0.65 and parameters: {'n_estimators': 107, 'min_samples_split': 0.0014183247960660693, 'min_samples_leaf': 0.025248266348287862, 'min_weight_fraction_leaf': 0.4446300310364012, 'max_features': 0.441315675017367, 'bootstrap': True, 'max_samples': 0.8993617577635478, 'oob_score': True}. Best is trial 813 with value: 0.844738016450119.[0m
[32m[I 2022-04-21 12:34:40,261][0m Trial 832 finished with value: 0.8425654298350229 and parameters: {'n_estimators': 113, 'min_samples_split': 0.010850717876446174, 'min_samples_leaf': 0.037207292824427265, 'min_weight_fraction_leaf': 0.1926450243090897, 'max_features': 0.34998910814789225, 'bootstrap': True, 'max_samples': 0.8781754260172339, 'oob_score': True}. Best is trial 813 with value: 0.844738016450119.[0m
[32m[I 2022-04-21 12:34:42,975][0m Trial 833 finished with value: 0.8438115734916497 and parameters: {'n_estimators': 104, 'min_samples_split': 0.028491816392312765, 'min_samples_leaf': 0.021589951926816158, 'min_weight_fraction_leaf': 0.20345953647801088, 'max_features': 0.31376612294316736, 'bootstrap': True, 'max_samples': 0.925963962910214, 'oob_score': True}. Best is trial 813 with value: 0.844738016450119.[0m
[32m[I 2022-04-21 12:34:45,949][0m Trial 834 finished with value: 0.8425654298350229 and parameters: {'n_estimators': 119, 'min_samples_split': 0.03203275502594684, 'min_samples_leaf': 0.05377284727375008, 'min_weight_fraction_leaf': 0.20014386492129005, 'max_features': 0.30843891960859726, 'bootstrap': True, 'max_samples': 0.9212372728093831, 'oob_score': True}. Best is trial 813 with value: 0.844738016450119.[0m
[32m[I 2022-04-21 12:34:48,440][0m Trial 835 finished with value: 0.8436706850053701 and parameters: {'n_estimators': 109, 'min_samples_split': 0.023577542485215874, 'min_samples_leaf': 0.022313000945844257, 'min_weight_fraction_leaf': 0.20496709376995476, 'max_features': 0.3702095024308211, 'bootstrap': True, 'max_samples': 0.8999880891363767, 'oob_score': False}. Best is trial 813 with value: 0.844738016450119.[0m
[32m[I 2022-04-21 12:34:51,775][0m Trial 836 finished with value: 0.8423470543447079 and parameters: {'n_estimators': 106, 'min_samples_split': 0.03561371842970548, 'min_samples_leaf': 0.019750017138550673, 'min_weight_fraction_leaf': 0.19264228015222948, 'max_features': 0.3344452262923134, 'bootstrap': True, 'max_samples': 0.8517877024270327, 'oob_score': True}. Best is trial 813 with value: 0.844738016450119.[0m
[32m[I 2022-04-21 12:34:54,736][0m Trial 837 finished with value: 0.8405891455913299 and parameters: {'n_estimators': 113, 'min_samples_split': 0.017679809687749, 'min_samples_leaf': 0.03632884306811867, 'min_weight_fraction_leaf': 0.21937969830190213, 'max_features': 0.3534330527587254, 'bootstrap': True, 'max_samples': 0.9312078866675377, 'oob_score': True}. Best is trial 813 with value: 0.844738016450119.[0m
[32m[I 2022-04-21 12:34:57,772][0m Trial 838 finished with value: 0.842992769059277 and parameters: {'n_estimators': 105, 'min_samples_split': 0.02354622278659622, 'min_samples_leaf': 0.046497443850539256, 'min_weight_fraction_leaf': 0.21479180521062577, 'max_features': 0.3117196300346651, 'bootstrap': True, 'max_samples': 0.8747372734877183, 'oob_score': True}. Best is trial 813 with value: 0.844738016450119.[0m
[32m[I 2022-04-21 12:35:00,683][0m Trial 839 finished with value: 0.8425654298350229 and parameters: {'n_estimators': 114, 'min_samples_split': 0.009204761246465215, 'min_samples_leaf': 0.029838398093836326, 'min_weight_fraction_leaf': 0.20339658117591752, 'max_features': 0.38908218205910805, 'bootstrap': True, 'max_samples': 0.9081122095581088, 'oob_score': True}. Best is trial 813 with value: 0.844738016450119.[0m
[32m[I 2022-04-21 12:35:03,680][0m Trial 840 finished with value: 0.8416669375211135 and parameters: {'n_estimators': 100, 'min_samples_split': 0.0010212528675865688, 'min_samples_leaf': 0.028487026306266393, 'min_weight_fraction_leaf': 0.21346909530331754, 'max_features': 0.41906895510214087, 'bootstrap': True, 'max_samples': 0.9391447759256535, 'oob_score': True}. Best is trial 813 with value: 0.844738016450119.[0m
[32m[I 2022-04-21 12:35:06,837][0m Trial 841 finished with value: 0.8425654298350229 and parameters: {'n_estimators': 122, 'min_samples_split': 0.028909849036892844, 'min_samples_leaf': 0.019142084759906548, 'min_weight_fraction_leaf': 0.19309889936820424, 'max_features': 0.32890641751019667, 'bootstrap': True, 'max_samples': 0.886572403925834, 'oob_score': True}. Best is trial 813 with value: 0.844738016450119.[0m
[32m[I 2022-04-21 12:35:09,931][0m Trial 842 finished with value: 0.8405891455913299 and parameters: {'n_estimators': 108, 'min_samples_split': 0.013849587923874055, 'min_samples_leaf': 0.059891043438965674, 'min_weight_fraction_leaf': 0.21537178969091417, 'max_features': 0.3678719528019513, 'bootstrap': True, 'max_samples': 0.9182710723585514, 'oob_score': True}. Best is trial 813 with value: 0.844738016450119.[0m
[32m[I 2022-04-21 12:35:12,444][0m Trial 843 finished with value: 0.8438115734916497 and parameters: {'n_estimators': 104, 'min_samples_split': 0.03685914054123926, 'min_samples_leaf': 0.04288784591786923, 'min_weight_fraction_leaf': 0.20248003243089208, 'max_features': 0.30286108068189554, 'bootstrap': True, 'max_samples': 0.9247664495162089, 'oob_score': True}. Best is trial 813 with value: 0.844738016450119.[0m
[32m[I 2022-04-21 12:35:15,622][0m Trial 844 finished with value: 0.8405494012959667 and parameters: {'n_estimators': 131, 'min_samples_split': 0.015378064246553979, 'min_samples_leaf': 0.03790821997132354, 'min_weight_fraction_leaf': 0.23628899164242595, 'max_features': 0.3489144217258415, 'bootstrap': True, 'max_samples': 0.9047060493292925, 'oob_score': True}. Best is trial 813 with value: 0.844738016450119.[0m
[32m[I 2022-04-21 12:35:18,526][0m Trial 845 finished with value: 0.8425654298350229 and parameters: {'n_estimators': 111, 'min_samples_split': 0.0353561343662096, 'min_samples_leaf': 0.04894278210189104, 'min_weight_fraction_leaf': 0.190865278068972, 'max_features': 0.29492004774194325, 'bootstrap': True, 'max_samples': 0.8886374056697334, 'oob_score': True}. Best is trial 813 with value: 0.844738016450119.[0m
[32m[I 2022-04-21 12:35:21,936][0m Trial 846 finished with value: 0.8425654298350229 and parameters: {'n_estimators': 118, 'min_samples_split': 0.04078139517511514, 'min_samples_leaf': 0.043561231048418844, 'min_weight_fraction_leaf': 0.19949251853677277, 'max_features': 0.3005727988484149, 'bootstrap': True, 'max_samples': 0.9287528491142464, 'oob_score': True}. Best is trial 813 with value: 0.844738016450119.[0m
[32m[I 2022-04-21 12:35:24,919][0m Trial 847 finished with value: 0.8423470543447079 and parameters: {'n_estimators': 106, 'min_samples_split': 0.03065834800043835, 'min_samples_leaf': 0.014336511186407577, 'min_weight_fraction_leaf': 0.2021241645043711, 'max_features': 0.3228601538508649, 'bootstrap': True, 'max_samples': 0.9456115208658626, 'oob_score': True}. Best is trial 813 with value: 0.844738016450119.[0m
[32m[I 2022-04-21 12:35:27,794][0m Trial 848 finished with value: 0.8425654298350229 and parameters: {'n_estimators': 112, 'min_samples_split': 0.03862620547991104, 'min_samples_leaf': 0.027379916779866818, 'min_weight_fraction_leaf': 0.19223814157474722, 'max_features': 0.38242004531144463, 'bootstrap': True, 'max_samples': 0.9075003501103295, 'oob_score': True}. Best is trial 813 with value: 0.844738016450119.[0m
[32m[I 2022-04-21 12:35:31,237][0m Trial 849 finished with value: 0.8425342987406733 and parameters: {'n_estimators': 105, 'min_samples_split': 0.02111936829599887, 'min_samples_leaf': 0.054248420990231375, 'min_weight_fraction_leaf': 0.2072838392022696, 'max_features': 0.3323287237835634, 'bootstrap': True, 'max_samples': 0.8648407953180606, 'oob_score': True}. Best is trial 813 with value: 0.844738016450119.[0m
[32m[I 2022-04-21 12:35:34,160][0m Trial 850 finished with value: 0.8418471217138668 and parameters: {'n_estimators': 117, 'min_samples_split': 0.026362043264179007, 'min_samples_leaf': 0.03762473663128782, 'min_weight_fraction_leaf': 0.2176982336012236, 'max_features': 0.3461337682392682, 'bootstrap': True, 'max_samples': 0.9440048638578125, 'oob_score': True}. Best is trial 813 with value: 0.844738016450119.[0m
[32m[I 2022-04-21 12:35:37,123][0m Trial 851 finished with value: 0.8421464573988355 and parameters: {'n_estimators': 104, 'min_samples_split': 0.01039143311792815, 'min_samples_leaf': 0.024819239300822124, 'min_weight_fraction_leaf': 0.1896938994857719, 'max_features': 0.4076098096721927, 'bootstrap': True, 'max_samples': 0.9231693739437824, 'oob_score': True}. Best is trial 813 with value: 0.844738016450119.[0m
[32m[I 2022-04-21 12:35:40,090][0m Trial 852 finished with value: 0.8424541508018741 and parameters: {'n_estimators': 108, 'min_samples_split': 0.047592842983881306, 'min_samples_leaf': 0.04341300974405841, 'min_weight_fraction_leaf': 0.22151833884660715, 'max_features': 0.29822963541216146, 'bootstrap': True, 'max_samples': 0.8908241019107305, 'oob_score': True}. Best is trial 813 with value: 0.844738016450119.[0m
[32m[I 2022-04-21 12:35:43,384][0m Trial 853 finished with value: 0.8429246938116176 and parameters: {'n_estimators': 124, 'min_samples_split': 0.01087184215568895, 'min_samples_leaf': 0.013883075920643993, 'min_weight_fraction_leaf': 0.20889946865274678, 'max_features': 0.36392678656286265, 'bootstrap': True, 'max_samples': 0.9388338704691633, 'oob_score': True}. Best is trial 813 with value: 0.844738016450119.[0m
[32m[I 2022-04-21 12:35:46,102][0m Trial 854 finished with value: 0.842952376884214 and parameters: {'n_estimators': 112, 'min_samples_split': 0.027113038195717847, 'min_samples_leaf': 0.018518776919865816, 'min_weight_fraction_leaf': 0.21528927504783557, 'max_features': 0.33883785720158943, 'bootstrap': True, 'max_samples': 0.9468637599120241, 'oob_score': True}. Best is trial 813 with value: 0.844738016450119.[0m
[32m[I 2022-04-21 12:35:48,728][0m Trial 855 finished with value: 0.8412071873688278 and parameters: {'n_estimators': 104, 'min_samples_split': 0.018597133340670365, 'min_samples_leaf': 0.032410822609085566, 'min_weight_fraction_leaf': 0.23405346514385136, 'max_features': 0.3845111740213543, 'bootstrap': True, 'max_samples': 0.9072917476235388, 'oob_score': False}. Best is trial 813 with value: 0.844738016450119.[0m
