[32m[I 2022-04-22 13:33:48,792][0m Trial 797 finished with value: 0.8372768804751572 and parameters: {'n_estimators': 898, 'min_samples_split': 0.021988840573980754, 'min_samples_leaf': 0.033583141097444896, 'min_weight_fraction_leaf': 2.1651025577402094e-05, 'max_features': 0.2878404240068514, 'bootstrap': False, 'max_samples': 0.20249356807152796}. Best is trial 784 with value: 0.8411330872952079.[0m
[32m[I 2022-04-22 13:36:48,210][0m Trial 798 finished with value: 0.8382671866290675 and parameters: {'n_estimators': 784, 'min_samples_split': 0.011714277983004125, 'min_samples_leaf': 0.021547087371876196, 'min_weight_fraction_leaf': 0.01687105553678649, 'max_features': 0.3086313179329646, 'bootstrap': False, 'max_samples': 0.21910871468941523}. Best is trial 784 with value: 0.8411330872952079.[0m
[32m[I 2022-04-22 13:40:10,883][0m Trial 799 finished with value: 0.836578789617145 and parameters: {'n_estimators': 999, 'min_samples_split': 0.021549872887575785, 'min_samples_leaf': 0.016420485881191417, 'min_weight_fraction_leaf': 0.02848984022093505, 'max_features': 0.27195847817816315, 'bootstrap': False, 'max_samples': 0.21081381718124584}. Best is trial 784 with value: 0.8411330872952079.[0m
[32m[I 2022-04-22 13:40:27,625][0m Trial 800 finished with value: 0.8127968094482811 and parameters: {'n_estimators': 925, 'min_samples_split': 0.009994173137701047, 'min_samples_leaf': 0.22179656925051314, 'min_weight_fraction_leaf': 0.06588225628634362, 'max_features': 0.26229768604749704, 'bootstrap': False, 'max_samples': 0.20212884263709263}. Best is trial 784 with value: 0.8411330872952079.[0m
[32m[I 2022-04-22 13:43:12,040][0m Trial 801 finished with value: 0.8361278169957014 and parameters: {'n_estimators': 900, 'min_samples_split': 0.023765004460839723, 'min_samples_leaf': 0.02873079360499875, 'min_weight_fraction_leaf': 0.014677074732296689, 'max_features': 0.29010702293095625, 'bootstrap': False, 'max_samples': 0.20251296699984206}. Best is trial 784 with value: 0.8411330872952079.[0m
[32m[I 2022-04-22 13:48:11,004][0m Trial 802 finished with value: 0.8397078933425132 and parameters: {'n_estimators': 947, 'min_samples_split': 0.01905641659520235, 'min_samples_leaf': 0.01139441228154066, 'min_weight_fraction_leaf': 0.009994937668678556, 'max_features': 0.2565994045334941, 'bootstrap': False, 'max_samples': 0.175988038429852}. Best is trial 784 with value: 0.8411330872952079.[0m
[32m[I 2022-04-22 13:50:11,549][0m Trial 803 finished with value: 0.8343658488365608 and parameters: {'n_estimators': 841, 'min_samples_split': 0.023792181473839512, 'min_samples_leaf': 0.040951871203399694, 'min_weight_fraction_leaf': 0.024204101990366864, 'max_features': 0.30571744494295605, 'bootstrap': False, 'max_samples': 0.17195368830508911}. Best is trial 784 with value: 0.8411330872952079.[0m
[32m[I 2022-04-22 13:52:48,922][0m Trial 804 finished with value: 0.8342549511014219 and parameters: {'n_estimators': 792, 'min_samples_split': 0.011906410408492121, 'min_samples_leaf': 0.011201033664427634, 'min_weight_fraction_leaf': 0.03992016582989284, 'max_features': 0.27448639208460973, 'bootstrap': False, 'max_samples': 0.2329437538873456}. Best is trial 784 with value: 0.8411330872952079.[0m
[32m[I 2022-04-22 13:55:49,947][0m Trial 805 finished with value: 0.8391444719447092 and parameters: {'n_estimators': 958, 'min_samples_split': 0.029117419528408545, 'min_samples_leaf': 0.022947392362127644, 'min_weight_fraction_leaf': 0.000126921557974399, 'max_features': 0.24392794121422273, 'bootstrap': False, 'max_samples': 0.18172227130772473}. Best is trial 784 with value: 0.8411330872952079.[0m
[32m[I 2022-04-22 14:00:22,668][0m Trial 806 finished with value: 0.8401205936914693 and parameters: {'n_estimators': 885, 'min_samples_split': 0.027554937318478898, 'min_samples_leaf': 0.011180653468406413, 'min_weight_fraction_leaf': 0.016652779440551574, 'max_features': 0.2656373696090953, 'bootstrap': False, 'max_samples': 0.47862843078517925}. Best is trial 784 with value: 0.8411330872952079.[0m
[32m[I 2022-04-22 14:04:43,192][0m Trial 807 finished with value: 0.836900538301118 and parameters: {'n_estimators': 1000, 'min_samples_split': 0.011322812021151717, 'min_samples_leaf': 0.012425996646861476, 'min_weight_fraction_leaf': 0.030843276329242716, 'max_features': 0.2977953046327023, 'bootstrap': False, 'max_samples': 0.15492417945321202}. Best is trial 784 with value: 0.8411330872952079.[0m
[32m[I 2022-04-22 14:07:25,279][0m Trial 808 finished with value: 0.8356558642562449 and parameters: {'n_estimators': 901, 'min_samples_split': 0.019459184976275155, 'min_samples_leaf': 0.028801902109517878, 'min_weight_fraction_leaf': 0.00011480135798797841, 'max_features': 0.27303219548405294, 'bootstrap': False, 'max_samples': 0.4734657957802689}. Best is trial 784 with value: 0.8411330872952079.[0m
[32m[I 2022-04-22 14:12:43,122][0m Trial 809 finished with value: 0.8397539320789985 and parameters: {'n_estimators': 866, 'min_samples_split': 0.02736956117829506, 'min_samples_leaf': 0.01005512046597348, 'min_weight_fraction_leaf': 0.010951228726914447, 'max_features': 0.25683717991244875, 'bootstrap': False, 'max_samples': 0.4605478143310362}. Best is trial 784 with value: 0.8411330872952079.[0m
[32m[I 2022-04-22 14:16:28,168][0m Trial 810 finished with value: 0.8393721864830253 and parameters: {'n_estimators': 925, 'min_samples_split': 0.007371926058071878, 'min_samples_leaf': 0.020236008171645874, 'min_weight_fraction_leaf': 0.01041084189594848, 'max_features': 0.28185957001195455, 'bootstrap': False, 'max_samples': 0.49254157160077994}. Best is trial 784 with value: 0.8411330872952079.[0m
[32m[I 2022-04-22 14:21:54,244][0m Trial 811 finished with value: 0.839271340859837 and parameters: {'n_estimators': 887, 'min_samples_split': 0.019098214211186213, 'min_samples_leaf': 0.010017289288038234, 'min_weight_fraction_leaf': 0.02050885744751263, 'max_features': 0.3193507144220591, 'bootstrap': False, 'max_samples': 0.4498938159094878}. Best is trial 784 with value: 0.8411330872952079.[0m
[32m[I 2022-04-22 14:23:59,615][0m Trial 812 finished with value: 0.8362626198130524 and parameters: {'n_estimators': 941, 'min_samples_split': 0.02569604908446689, 'min_samples_leaf': 0.03454619932551893, 'min_weight_fraction_leaf': 0.023031631707234435, 'max_features': 0.26207957443599655, 'bootstrap': False, 'max_samples': 0.5037059573400963}. Best is trial 784 with value: 0.8411330872952079.[0m
[32m[I 2022-04-22 14:27:27,177][0m Trial 813 finished with value: 0.8399651857212058 and parameters: {'n_estimators': 960, 'min_samples_split': 0.009493635611897398, 'min_samples_leaf': 0.020072602347171013, 'min_weight_fraction_leaf': 0.009705534670065283, 'max_features': 0.2456673072765713, 'bootstrap': False, 'max_samples': 0.5159634731021399}. Best is trial 784 with value: 0.8411330872952079.[0m
[32m[I 2022-04-22 14:29:26,857][0m Trial 814 finished with value: 0.8360048791042981 and parameters: {'n_estimators': 856, 'min_samples_split': 0.008349585306897285, 'min_samples_leaf': 0.04085613212845592, 'min_weight_fraction_leaf': 0.030916167891559848, 'max_features': 0.2990139669905154, 'bootstrap': False, 'max_samples': 0.4743295956354935}. Best is trial 784 with value: 0.8411330872952079.[0m
[32m[I 2022-04-22 14:29:48,090][0m Trial 815 finished with value: 0.8152993503974939 and parameters: {'n_estimators': 900, 'min_samples_split': 0.007245309665923166, 'min_samples_leaf': 0.18973340423010537, 'min_weight_fraction_leaf': 0.04486746306310391, 'max_features': 0.2803546271991638, 'bootstrap': False, 'max_samples': 0.4785101331710783}. Best is trial 784 with value: 0.8411330872952079.[0m
[32m[I 2022-04-22 14:30:17,173][0m Trial 816 finished with value: 0.8346970613915075 and parameters: {'n_estimators': 289, 'min_samples_split': 0.009868932090649016, 'min_samples_leaf': 0.049101502645051504, 'min_weight_fraction_leaf': 0.023076540332273736, 'max_features': 0.24719815856803357, 'bootstrap': False, 'max_samples': 0.12954732032731808}. Best is trial 784 with value: 0.8411330872952079.[0m
[32m[I 2022-04-22 14:32:48,153][0m Trial 817 finished with value: 0.8349576004869629 and parameters: {'n_estimators': 1000, 'min_samples_split': 0.015941833185519852, 'min_samples_leaf': 0.03293896600110573, 'min_weight_fraction_leaf': 0.03611997555447763, 'max_features': 0.2652999834607811, 'bootstrap': False, 'max_samples': 0.7245526318132147}. Best is trial 784 with value: 0.8411330872952079.[0m
[32m[I 2022-04-22 14:34:20,428][0m Trial 818 finished with value: 0.8318525668715788 and parameters: {'n_estimators': 930, 'min_samples_split': 0.002717514447335038, 'min_samples_leaf': 0.059424858414215576, 'min_weight_fraction_leaf': 0.015581177414962575, 'max_features': 0.3030382023600379, 'bootstrap': False, 'max_samples': 0.5363166037947247}. Best is trial 784 with value: 0.8411330872952079.[0m
[32m[I 2022-04-22 14:34:29,026][0m Trial 819 finished with value: 0.7904501478672763 and parameters: {'n_estimators': 844, 'min_samples_split': 0.016877595990999816, 'min_samples_leaf': 0.3056721332201435, 'min_weight_fraction_leaf': 0.3681620509956816, 'max_features': 0.24427203144882462, 'bootstrap': False, 'max_samples': 0.5039014505863142}. Best is trial 784 with value: 0.8411330872952079.[0m
[32m[I 2022-04-22 14:34:35,244][0m Trial 820 finished with value: 0.7805827151608262 and parameters: {'n_estimators': 882, 'min_samples_split': 0.03085059900440033, 'min_samples_leaf': 0.4511032348494217, 'min_weight_fraction_leaf': 0.015404953817752044, 'max_features': 0.277994396967845, 'bootstrap': False, 'max_samples': 0.5180984427880784}. Best is trial 784 with value: 0.8411330872952079.[0m
[32m[I 2022-04-22 14:36:10,447][0m Trial 821 finished with value: 0.8293690198039515 and parameters: {'n_estimators': 952, 'min_samples_split': 0.31593666655708963, 'min_samples_leaf': 0.022976279664708, 'min_weight_fraction_leaf': 0.026938323414927166, 'max_features': 0.25549194462507335, 'bootstrap': False, 'max_samples': 0.4420979824607056}. Best is trial 784 with value: 0.8411330872952079.[0m
[32m[I 2022-04-22 14:38:52,315][0m Trial 822 finished with value: 0.8365249808079414 and parameters: {'n_estimators': 921, 'min_samples_split': 0.016918543462598294, 'min_samples_leaf': 0.03052695760817154, 'min_weight_fraction_leaf': 0.008550108260680596, 'max_features': 0.2857875632500846, 'bootstrap': False, 'max_samples': 0.6351444710056513}. Best is trial 784 with value: 0.8411330872952079.[0m
[32m[I 2022-04-22 14:41:05,172][0m Trial 823 finished with value: 0.8354263250309655 and parameters: {'n_estimators': 835, 'min_samples_split': 0.029684924876468365, 'min_samples_leaf': 0.021256909675372596, 'min_weight_fraction_leaf': 0.03606896676702445, 'max_features': 0.24003394285608703, 'bootstrap': False, 'max_samples': 0.4890592344655743}. Best is trial 784 with value: 0.8411330872952079.[0m
[32m[I 2022-04-22 14:43:14,909][0m Trial 824 finished with value: 0.8348568129100379 and parameters: {'n_estimators': 886, 'min_samples_split': 0.0015029398536641411, 'min_samples_leaf': 0.039423970788303765, 'min_weight_fraction_leaf': 0.019241958999280204, 'max_features': 0.3083418325880498, 'bootstrap': False, 'max_samples': 0.1004377526884612}. Best is trial 784 with value: 0.8411330872952079.[0m
[32m[I 2022-04-22 14:46:56,471][0m Trial 825 finished with value: 0.8395966802144645 and parameters: {'n_estimators': 955, 'min_samples_split': 0.01651131148810149, 'min_samples_leaf': 0.01961191572294667, 'min_weight_fraction_leaf': 0.00843710577925575, 'max_features': 0.2663242768712217, 'bootstrap': False, 'max_samples': 0.0800257292017364}. Best is trial 784 with value: 0.8411330872952079.[0m
[32m[I 2022-04-22 14:50:15,365][0m Trial 826 finished with value: 0.8363696415389772 and parameters: {'n_estimators': 999, 'min_samples_split': 0.02994163184198264, 'min_samples_leaf': 0.029106739223921867, 'min_weight_fraction_leaf': 0.023478825145778544, 'max_features': 0.32836200044757, 'bootstrap': False, 'max_samples': 0.11798691503965197}. Best is trial 784 with value: 0.8411330872952079.[0m
[32m[I 2022-04-22 14:52:34,800][0m Trial 827 finished with value: 0.8367735779588348 and parameters: {'n_estimators': 825, 'min_samples_split': 0.13313421218055954, 'min_samples_leaf': 0.01806524217561548, 'min_weight_fraction_leaf': 0.009768993040538625, 'max_features': 0.24347969467374886, 'bootstrap': False, 'max_samples': 0.13379174652493334}. Best is trial 784 with value: 0.8411330872952079.[0m
[32m[I 2022-04-22 14:57:32,728][0m Trial 828 finished with value: 0.8402180357898864 and parameters: {'n_estimators': 909, 'min_samples_split': 0.02459885582215024, 'min_samples_leaf': 0.011331044257920036, 'min_weight_fraction_leaf': 0.01702773334249937, 'max_features': 0.2883012421995101, 'bootstrap': False, 'max_samples': 0.5615982071174731}. Best is trial 784 with value: 0.8411330872952079.[0m
[32m[I 2022-04-22 15:00:19,586][0m Trial 829 finished with value: 0.8325781587726885 and parameters: {'n_estimators': 860, 'min_samples_split': 0.03849352832799889, 'min_samples_leaf': 0.011097356909595239, 'min_weight_fraction_leaf': 0.0494950998163376, 'max_features': 0.30032472900033724, 'bootstrap': False, 'max_samples': 0.5910742252572269}. Best is trial 784 with value: 0.8411330872952079.[0m
[32m[I 2022-04-22 15:01:32,525][0m Trial 830 finished with value: 0.831677774524092 and parameters: {'n_estimators': 814, 'min_samples_split': 0.03232307833396339, 'min_samples_leaf': 0.06962680826060141, 'min_weight_fraction_leaf': 0.03902769689923942, 'max_features': 0.3133460608819967, 'bootstrap': False, 'max_samples': 0.05514333807625338}. Best is trial 784 with value: 0.8411330872952079.[0m
[32m[I 2022-04-22 15:05:07,406][0m Trial 831 finished with value: 0.834590494207782 and parameters: {'n_estimators': 905, 'min_samples_split': 0.025806457322965368, 'min_samples_leaf': 0.009427092157223201, 'min_weight_fraction_leaf': 0.03441414606552387, 'max_features': 0.2884324584375399, 'bootstrap': False, 'max_samples': 0.4044010769932433}. Best is trial 784 with value: 0.8411330872952079.[0m
[32m[I 2022-04-22 15:10:31,680][0m Trial 832 finished with value: 0.8386547292838307 and parameters: {'n_estimators': 883, 'min_samples_split': 0.03467247148883331, 'min_samples_leaf': 0.0010117909708015598, 'min_weight_fraction_leaf': 0.02253757119023917, 'max_features': 0.28624726916118376, 'bootstrap': False, 'max_samples': 0.7414296997134474}. Best is trial 784 with value: 0.8411330872952079.[0m
[32m[I 2022-04-22 15:13:25,453][0m Trial 833 finished with value: 0.8369908326213122 and parameters: {'n_estimators': 763, 'min_samples_split': 0.023731798286695582, 'min_samples_leaf': 0.010520089739857285, 'min_weight_fraction_leaf': 0.029172110330526916, 'max_features': 0.26652933755334424, 'bootstrap': False, 'max_samples': 0.09801716363640234}. Best is trial 784 with value: 0.8411330872952079.[0m
[32m[I 2022-04-22 15:16:39,157][0m Trial 834 finished with value: 0.8362085075484954 and parameters: {'n_estimators': 850, 'min_samples_split': 0.03885928319931358, 'min_samples_leaf': 0.027087600057670955, 'min_weight_fraction_leaf': 0.017923919243070394, 'max_features': 0.3319526679730707, 'bootstrap': False, 'max_samples': 0.14466208384915175}. Best is trial 784 with value: 0.8411330872952079.[0m
[32m[I 2022-04-22 15:19:09,241][0m Trial 835 finished with value: 0.8309349741931408 and parameters: {'n_estimators': 907, 'min_samples_split': 0.2931771553755224, 'min_samples_leaf': 0.01045333497962382, 'min_weight_fraction_leaf': 0.01686712073347374, 'max_features': 0.3113285723799949, 'bootstrap': False, 'max_samples': 0.4220043296163908}. Best is trial 784 with value: 0.8411330872952079.[0m
[32m[I 2022-04-22 15:21:53,887][0m Trial 836 finished with value: 0.8346016274683421 and parameters: {'n_estimators': 813, 'min_samples_split': 0.0402616907728716, 'min_samples_leaf': 0.018101319256510092, 'min_weight_fraction_leaf': 0.027585677168181257, 'max_features': 0.2757947403757116, 'bootstrap': False, 'max_samples': 0.5671215865116225}. Best is trial 784 with value: 0.8411330872952079.[0m
[32m[I 2022-04-22 15:28:26,115][0m Trial 837 finished with value: 0.8395442313148571 and parameters: {'n_estimators': 858, 'min_samples_split': 0.025276806880539213, 'min_samples_leaf': 0.009515838257954391, 'min_weight_fraction_leaf': 9.987696105712325e-05, 'max_features': 0.29899700627935766, 'bootstrap': False, 'max_samples': 0.08315888845412146}. Best is trial 784 with value: 0.8411330872952079.[0m
[32m[I 2022-04-22 15:31:16,062][0m Trial 838 finished with value: 0.8363944452768244 and parameters: {'n_estimators': 902, 'min_samples_split': 0.032126104578585495, 'min_samples_leaf': 0.02614290803582214, 'min_weight_fraction_leaf': 0.009384640813299398, 'max_features': 0.272944851365282, 'bootstrap': False, 'max_samples': 0.15841117022748014}. Best is trial 784 with value: 0.8411330872952079.[0m
[32m[I 2022-04-22 15:33:32,315][0m Trial 839 finished with value: 0.8321518763473967 and parameters: {'n_estimators': 933, 'min_samples_split': 0.019287729274209103, 'min_samples_leaf': 0.018023701885396978, 'min_weight_fraction_leaf': 0.05552564561360057, 'max_features': 0.2590986423588966, 'bootstrap': False, 'max_samples': 0.47939022964694183}. Best is trial 784 with value: 0.8411330872952079.[0m
[32m[I 2022-04-22 15:34:08,161][0m Trial 840 finished with value: 0.834359999752853 and parameters: {'n_estimators': 239, 'min_samples_split': 0.03995644382811855, 'min_samples_leaf': 0.03610157958240638, 'min_weight_fraction_leaf': 0.020450058721440335, 'max_features': 0.28767605822375714, 'bootstrap': False, 'max_samples': 0.4344612779484865}. Best is trial 784 with value: 0.8411330872952079.[0m
[32m[I 2022-04-22 15:39:14,488][0m Trial 841 finished with value: 0.8405975126470375 and parameters: {'n_estimators': 779, 'min_samples_split': 0.01862585329811412, 'min_samples_leaf': 0.010497607415785312, 'min_weight_fraction_leaf': 0.008978732698524056, 'max_features': 0.32288728250205967, 'bootstrap': False, 'max_samples': 0.10912753186169324}. Best is trial 784 with value: 0.8411330872952079.[0m
[32m[I 2022-04-22 15:40:58,258][0m Trial 842 finished with value: 0.8330589184311015 and parameters: {'n_estimators': 802, 'min_samples_split': 0.01557659278029271, 'min_samples_leaf': 0.045044718705298546, 'min_weight_fraction_leaf': 0.00989497843763491, 'max_features': 0.31102022057378437, 'bootstrap': False, 'max_samples': 0.10626257295905611}. Best is trial 784 with value: 0.8411330872952079.[0m
[32m[I 2022-04-22 15:43:51,080][0m Trial 843 finished with value: 0.8359304768011668 and parameters: {'n_estimators': 758, 'min_samples_split': 0.019910383202661305, 'min_samples_leaf': 0.027283855425442174, 'min_weight_fraction_leaf': 0.0006071886585517401, 'max_features': 0.33284587800076226, 'bootstrap': False, 'max_samples': 0.12350513632078433}. Best is trial 784 with value: 0.8411330872952079.[0m
[32m[I 2022-04-22 15:45:57,161][0m Trial 844 finished with value: 0.8315276300662624 and parameters: {'n_estimators': 732, 'min_samples_split': 0.2537201415821689, 'min_samples_leaf': 0.018810699572769134, 'min_weight_fraction_leaf': 0.0003252859990744185, 'max_features': 0.336112558981682, 'bootstrap': False, 'max_samples': 0.07679872057742072}. Best is trial 784 with value: 0.8411330872952079.[0m
[32m[I 2022-04-22 15:47:07,790][0m Trial 845 finished with value: 0.8255156152745583 and parameters: {'n_estimators': 774, 'min_samples_split': 0.49947260186162346, 'min_samples_leaf': 0.031083731063160147, 'min_weight_fraction_leaf': 0.009195281816799478, 'max_features': 0.31272523261284013, 'bootstrap': False, 'max_samples': 0.1083216655615444}. Best is trial 784 with value: 0.8411330872952079.[0m
[32m[I 2022-04-22 15:47:53,451][0m Trial 846 finished with value: 0.7936792944612703 and parameters: {'n_estimators': 954, 'min_samples_split': 0.01022703939571273, 'min_samples_leaf': 0.016835127786686787, 'min_weight_fraction_leaf': 0.24235249252065924, 'max_features': 0.2958872358815212, 'bootstrap': False, 'max_samples': 0.6734383515552634}. Best is trial 784 with value: 0.8411330872952079.[0m
[32m[I 2022-04-22 15:51:44,288][0m Trial 847 finished with value: 0.8352988282550537 and parameters: {'n_estimators': 870, 'min_samples_split': 0.027420564299240217, 'min_samples_leaf': 0.010984200170259384, 'min_weight_fraction_leaf': 0.029125009529536998, 'max_features': 0.3192273174758305, 'bootstrap': False, 'max_samples': 0.05355543651994685}. Best is trial 784 with value: 0.8411330872952079.[0m
[32m[I 2022-04-22 15:54:47,861][0m Trial 848 finished with value: 0.8371732315576642 and parameters: {'n_estimators': 922, 'min_samples_split': 0.017959373051467782, 'min_samples_leaf': 0.025827993813942483, 'min_weight_fraction_leaf': 0.016578265498683242, 'max_features': 0.29645320670446684, 'bootstrap': False, 'max_samples': 0.12723352762291273}. Best is trial 784 with value: 0.8411330872952079.[0m
[32m[I 2022-04-22 15:55:08,020][0m Trial 849 finished with value: 0.7806913296131783 and parameters: {'n_estimators': 778, 'min_samples_split': 0.029078968252250245, 'min_samples_leaf': 0.03894669212597136, 'min_weight_fraction_leaf': 0.44561430582565575, 'max_features': 0.2894853896569234, 'bootstrap': False, 'max_samples': 0.08225268317947484}. Best is trial 784 with value: 0.8411330872952079.[0m
[32m[I 2022-04-22 15:58:36,252][0m Trial 850 finished with value: 0.8336201038045837 and parameters: {'n_estimators': 957, 'min_samples_split': 0.008147186359058, 'min_samples_leaf': 0.009974412168502074, 'min_weight_fraction_leaf': 0.04406405980693635, 'max_features': 0.2725504278927887, 'bootstrap': False, 'max_samples': 0.10560150689842768}. Best is trial 784 with value: 0.8411330872952079.[0m
