[32m[I 2022-04-21 12:27:52,176][0m Trial 700 finished with value: 0.8431828615326091 and parameters: {'n_estimators': 104, 'min_samples_split': 0.06155653389353351, 'min_samples_leaf': 0.0234357958810927, 'min_weight_fraction_leaf': 0.22150391487449686, 'max_features': 0.26750767392998503, 'bootstrap': True, 'max_samples': 0.9774743296391774, 'oob_score': True}. Best is trial 648 with value: 0.8439770643333194.[0m
[32m[I 2022-04-21 12:27:54,849][0m Trial 701 finished with value: 0.8431828615326091 and parameters: {'n_estimators': 104, 'min_samples_split': 0.05222710545278584, 'min_samples_leaf': 0.02255535902319017, 'min_weight_fraction_leaf': 0.2189537245520713, 'max_features': 0.24794181379113397, 'bootstrap': True, 'max_samples': 0.9798148936528596, 'oob_score': True}. Best is trial 648 with value: 0.8439770643333194.[0m
[32m[I 2022-04-21 12:27:57,821][0m Trial 702 finished with value: 0.8420262014977082 and parameters: {'n_estimators': 104, 'min_samples_split': 0.05594821361109135, 'min_samples_leaf': 0.022461431335199972, 'min_weight_fraction_leaf': 0.21973254877778994, 'max_features': 0.29915654226756866, 'bootstrap': True, 'max_samples': 0.9354378658166882, 'oob_score': True}. Best is trial 648 with value: 0.8439770643333194.[0m
[32m[I 2022-04-21 12:28:00,677][0m Trial 703 finished with value: 0.8431828615326091 and parameters: {'n_estimators': 105, 'min_samples_split': 0.04462767074216588, 'min_samples_leaf': 0.024428283316778772, 'min_weight_fraction_leaf': 0.22235544518884878, 'max_features': 0.2714842984510606, 'bootstrap': True, 'max_samples': 0.997631290416949, 'oob_score': True}. Best is trial 648 with value: 0.8439770643333194.[0m
[32m[I 2022-04-21 12:28:03,547][0m Trial 704 finished with value: 0.8438009033101073 and parameters: {'n_estimators': 104, 'min_samples_split': 0.05408370059918108, 'min_samples_leaf': 0.002913220510063449, 'min_weight_fraction_leaf': 0.2229453067106131, 'max_features': 0.2681866848655263, 'bootstrap': True, 'max_samples': 0.9743403097700292, 'oob_score': True}. Best is trial 648 with value: 0.8439770643333194.[0m
[32m[I 2022-04-21 12:28:06,699][0m Trial 705 finished with value: 0.8431828615326091 and parameters: {'n_estimators': 100, 'min_samples_split': 0.0544030268723667, 'min_samples_leaf': 0.002953911368301483, 'min_weight_fraction_leaf': 0.22292969319677391, 'max_features': 0.27308543828653975, 'bootstrap': True, 'max_samples': 0.978639106854617, 'oob_score': True}. Best is trial 648 with value: 0.8439770643333194.[0m
[32m[I 2022-04-21 12:28:09,633][0m Trial 706 finished with value: 0.8431828615326091 and parameters: {'n_estimators': 101, 'min_samples_split': 0.049276648277368044, 'min_samples_leaf': 0.003733358654456138, 'min_weight_fraction_leaf': 0.22098479816699637, 'max_features': 0.26997716427729357, 'bootstrap': True, 'max_samples': 0.9761779588390211, 'oob_score': True}. Best is trial 648 with value: 0.8439770643333194.[0m
[32m[I 2022-04-21 12:28:12,780][0m Trial 707 finished with value: 0.8438009033101073 and parameters: {'n_estimators': 100, 'min_samples_split': 0.04366671119282754, 'min_samples_leaf': 0.0021622231196546087, 'min_weight_fraction_leaf': 0.22419495575057213, 'max_features': 0.2741219930864228, 'bootstrap': True, 'max_samples': 0.9753427102151074, 'oob_score': True}. Best is trial 648 with value: 0.8439770643333194.[0m
[32m[I 2022-04-21 12:28:15,658][0m Trial 708 finished with value: 0.8412071873688278 and parameters: {'n_estimators': 100, 'min_samples_split': 0.04403962800218061, 'min_samples_leaf': 0.001840015905526876, 'min_weight_fraction_leaf': 0.23717578419966764, 'max_features': 0.3006229112563318, 'bootstrap': True, 'max_samples': 0.9999092623591598, 'oob_score': True}. Best is trial 648 with value: 0.8439770643333194.[0m
[32m[I 2022-04-21 12:28:18,433][0m Trial 709 finished with value: 0.8435704186617121 and parameters: {'n_estimators': 100, 'min_samples_split': 0.057353044106377225, 'min_samples_leaf': 0.020296630744290833, 'min_weight_fraction_leaf': 0.22772464311086613, 'max_features': 0.27337203479346567, 'bootstrap': True, 'max_samples': 0.958824776705849, 'oob_score': True}. Best is trial 648 with value: 0.8439770643333194.[0m
[32m[I 2022-04-21 12:28:21,974][0m Trial 710 finished with value: 0.8435704186617121 and parameters: {'n_estimators': 100, 'min_samples_split': 0.026547338586828062, 'min_samples_leaf': 0.010015157083506223, 'min_weight_fraction_leaf': 0.22781016695578396, 'max_features': 0.27878508790328355, 'bootstrap': True, 'max_samples': 0.9574988205251481, 'oob_score': True}. Best is trial 648 with value: 0.8439770643333194.[0m
[32m[I 2022-04-21 12:28:24,525][0m Trial 711 finished with value: 0.8412071873688278 and parameters: {'n_estimators': 100, 'min_samples_split': 0.024319114561763527, 'min_samples_leaf': 0.0017247955636559647, 'min_weight_fraction_leaf': 0.24767124705979499, 'max_features': 0.31508325773591506, 'bootstrap': True, 'max_samples': 0.9558323342982833, 'oob_score': True}. Best is trial 648 with value: 0.8439770643333194.[0m
[32m[I 2022-04-21 12:28:27,501][0m Trial 712 finished with value: 0.8412071873688278 and parameters: {'n_estimators': 107, 'min_samples_split': 0.05786460383462294, 'min_samples_leaf': 0.02410058324656248, 'min_weight_fraction_leaf': 0.23297994694641905, 'max_features': 0.26964665469867344, 'bootstrap': True, 'max_samples': 0.9305062762834041, 'oob_score': True}. Best is trial 648 with value: 0.8439770643333194.[0m
[32m[I 2022-04-21 12:28:31,054][0m Trial 713 finished with value: 0.8435704186617121 and parameters: {'n_estimators': 100, 'min_samples_split': 0.03869184421667142, 'min_samples_leaf': 0.012169674237027172, 'min_weight_fraction_leaf': 0.22793381842145005, 'max_features': 0.28880722759559063, 'bootstrap': True, 'max_samples': 0.962575992541608, 'oob_score': True}. Best is trial 648 with value: 0.8439770643333194.[0m
[32m[I 2022-04-21 12:28:33,811][0m Trial 714 finished with value: 0.8412071873688278 and parameters: {'n_estimators': 100, 'min_samples_split': 0.041885840743047735, 'min_samples_leaf': 0.010572491014176906, 'min_weight_fraction_leaf': 0.2313908036772332, 'max_features': 0.28873863697273483, 'bootstrap': True, 'max_samples': 0.9515566737225558, 'oob_score': True}. Best is trial 648 with value: 0.8439770643333194.[0m
[32m[I 2022-04-21 12:28:36,787][0m Trial 715 finished with value: 0.8435704186617121 and parameters: {'n_estimators': 108, 'min_samples_split': 0.06464367325340459, 'min_samples_leaf': 0.009160243997385988, 'min_weight_fraction_leaf': 0.22590159266973248, 'max_features': 0.333626337174059, 'bootstrap': True, 'max_samples': 0.9683004971279214, 'oob_score': True}. Best is trial 648 with value: 0.8439770643333194.[0m
[32m[I 2022-04-21 12:28:39,704][0m Trial 716 finished with value: 0.8418736494032364 and parameters: {'n_estimators': 105, 'min_samples_split': 0.07988571771471924, 'min_samples_leaf': 0.019669460831061504, 'min_weight_fraction_leaf': 0.25894273566636783, 'max_features': 0.2981099908258207, 'bootstrap': True, 'max_samples': 0.919264710060792, 'oob_score': True}. Best is trial 648 with value: 0.8439770643333194.[0m
[32m[I 2022-04-21 12:28:42,705][0m Trial 717 finished with value: 0.8412071873688278 and parameters: {'n_estimators': 100, 'min_samples_split': 0.03500304310844189, 'min_samples_leaf': 0.001553657717308414, 'min_weight_fraction_leaf': 0.24181058823354662, 'max_features': 0.31282628402285123, 'bootstrap': True, 'max_samples': 0.947232620182415, 'oob_score': True}. Best is trial 648 with value: 0.8439770643333194.[0m
[32m[I 2022-04-21 12:28:45,624][0m Trial 718 finished with value: 0.8412071873688278 and parameters: {'n_estimators': 106, 'min_samples_split': 0.061844514452937566, 'min_samples_leaf': 0.009579790859750989, 'min_weight_fraction_leaf': 0.22945917973874383, 'max_features': 0.2759906765415136, 'bootstrap': True, 'max_samples': 0.96388272359961, 'oob_score': True}. Best is trial 648 with value: 0.8439770643333194.[0m
[32m[I 2022-04-21 12:28:49,555][0m Trial 719 finished with value: 0.8412071873688278 and parameters: {'n_estimators': 110, 'min_samples_split': 0.014494099544403262, 'min_samples_leaf': 0.01582385346918528, 'min_weight_fraction_leaf': 0.2446725016430303, 'max_features': 0.32541234966601273, 'bootstrap': True, 'max_samples': 0.9724715398164276, 'oob_score': True}. Best is trial 648 with value: 0.8439770643333194.[0m
[32m[I 2022-04-21 12:28:53,162][0m Trial 720 finished with value: 0.8412071873688278 and parameters: {'n_estimators': 110, 'min_samples_split': 0.06573118429459814, 'min_samples_leaf': 0.0183069117533397, 'min_weight_fraction_leaf': 0.23628036829517618, 'max_features': 0.33948619729224483, 'bootstrap': True, 'max_samples': 0.9354089577642437, 'oob_score': True}. Best is trial 648 with value: 0.8439770643333194.[0m
[32m[I 2022-04-21 12:28:56,136][0m Trial 721 finished with value: 0.8431828615326091 and parameters: {'n_estimators': 105, 'min_samples_split': 0.08325400704497657, 'min_samples_leaf': 0.024610539548077084, 'min_weight_fraction_leaf': 0.21695029329784635, 'max_features': 0.2487398283795889, 'bootstrap': True, 'max_samples': 0.9564834443252739, 'oob_score': True}. Best is trial 648 with value: 0.8439770643333194.[0m
[32m[I 2022-04-21 12:28:58,919][0m Trial 722 finished with value: 0.8435704186617121 and parameters: {'n_estimators': 110, 'min_samples_split': 0.09056028358283814, 'min_samples_leaf': 0.014002205500194365, 'min_weight_fraction_leaf': 0.2252245521322812, 'max_features': 0.2947295424360145, 'bootstrap': True, 'max_samples': 0.9623724060828966, 'oob_score': True}. Best is trial 648 with value: 0.8439770643333194.[0m
[32m[I 2022-04-21 12:29:01,797][0m Trial 723 finished with value: 0.8424541508018741 and parameters: {'n_estimators': 111, 'min_samples_split': 0.08221623959242239, 'min_samples_leaf': 0.009190611512145227, 'min_weight_fraction_leaf': 0.2307331161553435, 'max_features': 0.29827670597819506, 'bootstrap': True, 'max_samples': 0.912332226255526, 'oob_score': True}. Best is trial 648 with value: 0.8439770643333194.[0m
[32m[I 2022-04-21 12:29:04,707][0m Trial 724 finished with value: 0.8400303561639699 and parameters: {'n_estimators': 109, 'min_samples_split': 0.09386966757085241, 'min_samples_leaf': 0.03065094415209925, 'min_weight_fraction_leaf': 0.25077403064820897, 'max_features': 0.28464024441443525, 'bootstrap': True, 'max_samples': 0.946983061866592, 'oob_score': True}. Best is trial 648 with value: 0.8439770643333194.[0m
[32m[I 2022-04-21 12:29:07,815][0m Trial 725 finished with value: 0.8431828615326091 and parameters: {'n_estimators': 100, 'min_samples_split': 0.05177598441900172, 'min_samples_leaf': 0.0019219179770802932, 'min_weight_fraction_leaf': 0.22804489544413373, 'max_features': 0.27050024218731794, 'bootstrap': True, 'max_samples': 0.9797348520040352, 'oob_score': True}. Best is trial 648 with value: 0.8439770643333194.[0m
[32m[I 2022-04-21 12:29:11,101][0m Trial 726 finished with value: 0.8431828615326091 and parameters: {'n_estimators': 105, 'min_samples_split': 0.035793525529086476, 'min_samples_leaf': 0.020484502042096345, 'min_weight_fraction_leaf': 0.21689963356894765, 'max_features': 0.24954942777479167, 'bootstrap': True, 'max_samples': 0.9981407831804839, 'oob_score': True}. Best is trial 648 with value: 0.8439770643333194.[0m
[32m[I 2022-04-21 12:29:14,267][0m Trial 727 finished with value: 0.8401019321984806 and parameters: {'n_estimators': 116, 'min_samples_split': 0.0430558908850017, 'min_samples_leaf': 0.029443960794339204, 'min_weight_fraction_leaf': 0.2381654867487049, 'max_features': 0.2674944718498997, 'bootstrap': True, 'max_samples': 0.9990616204625133, 'oob_score': True}. Best is trial 648 with value: 0.8439770643333194.[0m
[32m[I 2022-04-21 12:29:17,333][0m Trial 728 finished with value: 0.8435704186617121 and parameters: {'n_estimators': 104, 'min_samples_split': 0.05126453045168051, 'min_samples_leaf': 0.009663446198175392, 'min_weight_fraction_leaf': 0.22545552569531696, 'max_features': 0.3434996857890302, 'bootstrap': True, 'max_samples': 0.9640279913970572, 'oob_score': True}. Best is trial 648 with value: 0.8439770643333194.[0m
[32m[I 2022-04-21 12:29:20,395][0m Trial 729 finished with value: 0.8424541508018741 and parameters: {'n_estimators': 112, 'min_samples_split': 0.028279831003429356, 'min_samples_leaf': 0.0032324660932785514, 'min_weight_fraction_leaf': 0.23141530440459473, 'max_features': 0.34719113654482403, 'bootstrap': True, 'max_samples': 0.9304159297302137, 'oob_score': True}. Best is trial 648 with value: 0.8439770643333194.[0m
[32m[I 2022-04-21 12:29:23,517][0m Trial 730 finished with value: 0.8436706850053701 and parameters: {'n_estimators': 109, 'min_samples_split': 0.09862491388384613, 'min_samples_leaf': 0.014154598997119731, 'min_weight_fraction_leaf': 0.21507479960209622, 'max_features': 0.35910753094844994, 'bootstrap': True, 'max_samples': 0.9593066668244575, 'oob_score': True}. Best is trial 648 with value: 0.8439770643333194.[0m
[32m[I 2022-04-21 12:29:26,470][0m Trial 731 finished with value: 0.8413488956315269 and parameters: {'n_estimators': 116, 'min_samples_split': 0.1055332260534898, 'min_samples_leaf': 0.013346656693696049, 'min_weight_fraction_leaf': 0.24073464295826952, 'max_features': 0.341730468373013, 'bootstrap': True, 'max_samples': 0.9605105293879845, 'oob_score': True}. Best is trial 648 with value: 0.8439770643333194.[0m
[32m[I 2022-04-21 12:29:29,562][0m Trial 732 finished with value: 0.8440299489819647 and parameters: {'n_estimators': 108, 'min_samples_split': 0.07363161873111712, 'min_samples_leaf': 0.014405020280869558, 'min_weight_fraction_leaf': 0.21331333361794044, 'max_features': 0.3131750039991348, 'bootstrap': True, 'max_samples': 0.9442965273599089, 'oob_score': True}. Best is trial 732 with value: 0.8440299489819647.[0m
[32m[I 2022-04-21 12:29:32,750][0m Trial 733 finished with value: 0.8440299489819647 and parameters: {'n_estimators': 109, 'min_samples_split': 0.07591000029042688, 'min_samples_leaf': 0.014306157897677259, 'min_weight_fraction_leaf': 0.21307276985944246, 'max_features': 0.3305284031481418, 'bootstrap': True, 'max_samples': 0.9384989688413127, 'oob_score': True}. Best is trial 732 with value: 0.8440299489819647.[0m
[32m[I 2022-04-21 12:29:35,499][0m Trial 734 finished with value: 0.8418736494032364 and parameters: {'n_estimators': 110, 'min_samples_split': 0.07390003639131329, 'min_samples_leaf': 0.011870058674694265, 'min_weight_fraction_leaf': 0.2507234917181341, 'max_features': 0.3685479214130376, 'bootstrap': True, 'max_samples': 0.9151725542551054, 'oob_score': True}. Best is trial 732 with value: 0.8440299489819647.[0m
[32m[I 2022-04-21 12:29:38,385][0m Trial 735 finished with value: 0.8424541508018741 and parameters: {'n_estimators': 108, 'min_samples_split': 0.06161196114537221, 'min_samples_leaf': 0.03458866373424947, 'min_weight_fraction_leaf': 0.22658420617652175, 'max_features': 0.36975555420161527, 'bootstrap': True, 'max_samples': 0.8969147767079655, 'oob_score': True}. Best is trial 732 with value: 0.8440299489819647.[0m
[32m[I 2022-04-21 12:29:41,624][0m Trial 736 finished with value: 0.8429246938116176 and parameters: {'n_estimators': 115, 'min_samples_split': 0.07535128791960752, 'min_samples_leaf': 0.015147034097581799, 'min_weight_fraction_leaf': 0.21420034444606872, 'max_features': 0.39330194911276245, 'bootstrap': True, 'max_samples': 0.9363443508237947, 'oob_score': True}. Best is trial 732 with value: 0.8440299489819647.[0m
[32m[I 2022-04-21 12:29:44,437][0m Trial 737 finished with value: 0.8412071873688278 and parameters: {'n_estimators': 109, 'min_samples_split': 0.10403832760098677, 'min_samples_leaf': 0.012715901879798394, 'min_weight_fraction_leaf': 0.2393398669717649, 'max_features': 0.33778768877109977, 'bootstrap': True, 'max_samples': 0.9487131944253105, 'oob_score': True}. Best is trial 732 with value: 0.8440299489819647.[0m
[32m[I 2022-04-21 12:29:47,072][0m Trial 738 finished with value: 0.8434523095150551 and parameters: {'n_estimators': 101, 'min_samples_split': 0.047265586736315306, 'min_samples_leaf': 0.0012101102270714195, 'min_weight_fraction_leaf': 0.2132300703699621, 'max_features': 0.3164974309287283, 'bootstrap': True, 'max_samples': 0.9544675604917227, 'oob_score': True}. Best is trial 732 with value: 0.8440299489819647.[0m
[32m[I 2022-04-21 12:29:49,803][0m Trial 739 finished with value: 0.8438115734916497 and parameters: {'n_estimators': 100, 'min_samples_split': 0.11313488142199846, 'min_samples_leaf': 0.011764270315400647, 'min_weight_fraction_leaf': 0.21100506553895562, 'max_features': 0.3126629998964018, 'bootstrap': True, 'max_samples': 0.930826886892607, 'oob_score': True}. Best is trial 732 with value: 0.8440299489819647.[0m
[32m[I 2022-04-21 12:29:52,641][0m Trial 740 finished with value: 0.8438115734916497 and parameters: {'n_estimators': 100, 'min_samples_split': 0.11332386953763891, 'min_samples_leaf': 0.037192425562454993, 'min_weight_fraction_leaf': 0.21281501464078842, 'max_features': 0.31568591413474706, 'bootstrap': True, 'max_samples': 0.9237584730313807, 'oob_score': True}. Best is trial 732 with value: 0.8440299489819647.[0m
[32m[I 2022-04-21 12:29:55,417][0m Trial 741 finished with value: 0.842077606362262 and parameters: {'n_estimators': 115, 'min_samples_split': 0.08888937839059752, 'min_samples_leaf': 0.03673103838288154, 'min_weight_fraction_leaf': 0.21149166544979134, 'max_features': 0.3250451561653019, 'bootstrap': True, 'max_samples': 0.9084696608028632, 'oob_score': True}. Best is trial 732 with value: 0.8440299489819647.[0m
[32m[I 2022-04-21 12:29:58,202][0m Trial 742 finished with value: 0.8412071873688278 and parameters: {'n_estimators': 100, 'min_samples_split': 0.04703084365325953, 'min_samples_leaf': 0.02764036679888926, 'min_weight_fraction_leaf': 0.23305105816045932, 'max_features': 0.3127050988762266, 'bootstrap': True, 'max_samples': 0.9322883152291227, 'oob_score': True}. Best is trial 732 with value: 0.8440299489819647.[0m
[32m[I 2022-04-21 12:30:01,223][0m Trial 743 finished with value: 0.8418736494032364 and parameters: {'n_estimators': 101, 'min_samples_split': 0.03272859559155374, 'min_samples_leaf': 0.0016935704000001022, 'min_weight_fraction_leaf': 0.2589706593073771, 'max_features': 0.3142447747272046, 'bootstrap': True, 'max_samples': 0.9228849034919137, 'oob_score': True}. Best is trial 732 with value: 0.8440299489819647.[0m
[32m[I 2022-04-21 12:30:04,410][0m Trial 744 finished with value: 0.8436706850053701 and parameters: {'n_estimators': 108, 'min_samples_split': 0.07946952326466634, 'min_samples_leaf': 0.011004372768244501, 'min_weight_fraction_leaf': 0.20953526318376994, 'max_features': 0.3564173480673637, 'bootstrap': True, 'max_samples': 0.9490015645816221, 'oob_score': True}. Best is trial 732 with value: 0.8440299489819647.[0m
[32m[I 2022-04-21 12:30:07,339][0m Trial 745 finished with value: 0.8444298249656554 and parameters: {'n_estimators': 110, 'min_samples_split': 0.01956219261485975, 'min_samples_leaf': 0.03868351241968705, 'min_weight_fraction_leaf': 0.2103565385246941, 'max_features': 0.3460323429874026, 'bootstrap': True, 'max_samples': 0.9046207691993018, 'oob_score': True}. Best is trial 745 with value: 0.8444298249656554.[0m
[32m[I 2022-04-21 12:30:10,511][0m Trial 746 finished with value: 0.8444298249656554 and parameters: {'n_estimators': 108, 'min_samples_split': 0.03424384430890124, 'min_samples_leaf': 0.038597317284984334, 'min_weight_fraction_leaf': 0.21160115023314116, 'max_features': 0.34159010373983933, 'bootstrap': True, 'max_samples': 0.8992199313651652, 'oob_score': True}. Best is trial 745 with value: 0.8444298249656554.[0m
[32m[I 2022-04-21 12:30:13,563][0m Trial 747 finished with value: 0.8433245697953083 and parameters: {'n_estimators': 119, 'min_samples_split': 0.022863914229955283, 'min_samples_leaf': 0.04115520077707974, 'min_weight_fraction_leaf': 0.21049822500734106, 'max_features': 0.360251045948163, 'bootstrap': True, 'max_samples': 0.8858900304081895, 'oob_score': True}. Best is trial 745 with value: 0.8444298249656554.[0m
[32m[I 2022-04-21 12:30:17,070][0m Trial 748 finished with value: 0.8421569618713759 and parameters: {'n_estimators': 121, 'min_samples_split': 0.011027474719930201, 'min_samples_leaf': 0.03988298240789725, 'min_weight_fraction_leaf': 0.20744170645824297, 'max_features': 0.3506014945208217, 'bootstrap': True, 'max_samples': 0.8716882395361855, 'oob_score': True}. Best is trial 745 with value: 0.8444298249656554.[0m
[32m[I 2022-04-21 12:30:20,336][0m Trial 749 finished with value: 0.8418875138889298 and parameters: {'n_estimators': 116, 'min_samples_split': 0.022342409125810408, 'min_samples_leaf': 0.037438464835662634, 'min_weight_fraction_leaf': 0.2090238523825902, 'max_features': 0.35923235481895865, 'bootstrap': True, 'max_samples': 0.889376509367688, 'oob_score': True}. Best is trial 745 with value: 0.8444298249656554.[0m
[32m[I 2022-04-21 12:30:23,553][0m Trial 750 finished with value: 0.8424541508018741 and parameters: {'n_estimators': 110, 'min_samples_split': 0.01644053152645436, 'min_samples_leaf': 0.009688760122403123, 'min_weight_fraction_leaf': 0.21182279816337357, 'max_features': 0.4144423634948078, 'bootstrap': True, 'max_samples': 0.9024573139759071, 'oob_score': True}. Best is trial 745 with value: 0.8444298249656554.[0m
[32m[I 2022-04-21 12:30:26,701][0m Trial 751 finished with value: 0.8418875138889298 and parameters: {'n_estimators': 126, 'min_samples_split': 0.003908071184646086, 'min_samples_leaf': 0.03605674101553127, 'min_weight_fraction_leaf': 0.21052968317445242, 'max_features': 0.3725986243785823, 'bootstrap': True, 'max_samples': 0.8856761431463878, 'oob_score': True}. Best is trial 745 with value: 0.8444298249656554.[0m
