[32m[I 2022-04-21 12:44:48,114][0m Trial 12 finished with value: 0.6792445285738747 and parameters: {'n_estimators': 532, 'min_samples_split': 0.47461989644441205, 'min_samples_leaf': 0.006856062997639799, 'min_weight_fraction_leaf': 0.006966444190045388, 'max_features': 0.9620411813549059, 'bootstrap': True, 'max_samples': 0.775336424444851, 'oob_score': False}. Best is trial 10 with value: 0.6846120670816875.[0m
[32m[I 2022-04-21 12:44:54,407][0m Trial 13 finished with value: 0.6862419401840458 and parameters: {'n_estimators': 568, 'min_samples_split': 0.3791594156035067, 'min_samples_leaf': 0.009476806709655977, 'min_weight_fraction_leaf': 0.01025507782527045, 'max_features': 0.9846729386701725, 'bootstrap': True, 'max_samples': 0.7526332573098555, 'oob_score': False}. Best is trial 13 with value: 0.6862419401840458.[0m
[32m[I 2022-04-21 12:44:59,477][0m Trial 14 finished with value: 0.678828170161717 and parameters: {'n_estimators': 527, 'min_samples_split': 0.3855522194493913, 'min_samples_leaf': 0.1753217882448676, 'min_weight_fraction_leaf': 0.0935851547814206, 'max_features': 0.8203144815198955, 'bootstrap': True, 'max_samples': 0.8553611186173803, 'oob_score': False}. Best is trial 13 with value: 0.6862419401840458.[0m
[32m[I 2022-04-21 12:45:05,724][0m Trial 15 finished with value: 0.5 and parameters: {'n_estimators': 490, 'min_samples_split': 0.0021709928207877816, 'min_samples_leaf': 0.32482602854639736, 'min_weight_fraction_leaf': 0.21243351051942277, 'max_features': 0.8645140253858429, 'bootstrap': True, 'max_samples': 0.6756014071518713, 'oob_score': True}. Best is trial 13 with value: 0.6862419401840458.[0m
[32m[I 2022-04-21 12:45:11,287][0m Trial 16 finished with value: 0.5 and parameters: {'n_estimators': 690, 'min_samples_split': 0.33823337596565467, 'min_samples_leaf': 0.1738461996556581, 'min_weight_fraction_leaf': 0.06702603851922034, 'max_features': 0.6980060038579143, 'bootstrap': True, 'max_samples': 0.4067015861977702, 'oob_score': False}. Best is trial 13 with value: 0.6862419401840458.[0m
[32m[I 2022-04-21 12:45:15,591][0m Trial 17 finished with value: 0.6777733755078209 and parameters: {'n_estimators': 413, 'min_samples_split': 0.4263456152949326, 'min_samples_leaf': 0.0010533572614110642, 'min_weight_fraction_leaf': 0.1262499688632201, 'max_features': 0.36201922443400114, 'bootstrap': True, 'max_samples': 0.7070801558721245, 'oob_score': False}. Best is trial 13 with value: 0.6862419401840458.[0m
[32m[I 2022-04-21 12:45:18,285][0m Trial 18 finished with value: 0.6730465566877268 and parameters: {'n_estimators': 213, 'min_samples_split': 0.42792762247148874, 'min_samples_leaf': 0.1231695208078043, 'min_weight_fraction_leaf': 0.008300050909919594, 'max_features': 0.9113960624235248, 'bootstrap': False, 'max_samples': 0.9103779161271444}. Best is trial 13 with value: 0.6862419401840458.[0m
[32m[I 2022-04-21 12:45:29,237][0m Trial 19 finished with value: 0.5 and parameters: {'n_estimators': 654, 'min_samples_split': 0.34689854744750476, 'min_samples_leaf': 0.3174030671757639, 'min_weight_fraction_leaf': 0.16890467499618775, 'max_features': 0.6788677605687445, 'bootstrap': True, 'max_samples': 0.46881157307225707, 'oob_score': True}. Best is trial 13 with value: 0.6862419401840458.[0m
[32m[I 2022-04-21 12:45:33,455][0m Trial 20 finished with value: 0.6636900948801576 and parameters: {'n_estimators': 415, 'min_samples_split': 0.28551884438492314, 'min_samples_leaf': 0.057292118779916884, 'min_weight_fraction_leaf': 0.2606939042408067, 'max_features': 0.9982655498064037, 'bootstrap': True, 'max_samples': 0.6643959790561842, 'oob_score': False}. Best is trial 13 with value: 0.6862419401840458.[0m
[32m[I 2022-04-21 12:45:43,259][0m Trial 21 finished with value: 0.6831581522932375 and parameters: {'n_estimators': 901, 'min_samples_split': 0.4986923558308695, 'min_samples_leaf': 0.007381568302536183, 'min_weight_fraction_leaf': 0.05517001383649554, 'max_features': 0.931522669436641, 'bootstrap': True, 'max_samples': 0.7596849653675288, 'oob_score': False}. Best is trial 13 with value: 0.6862419401840458.[0m
[32m[I 2022-04-21 12:45:52,405][0m Trial 22 finished with value: 0.6841988167586404 and parameters: {'n_estimators': 914, 'min_samples_split': 0.4969618129716066, 'min_samples_leaf': 0.039046153613541135, 'min_weight_fraction_leaf': 0.04094573626087932, 'max_features': 0.9784470977551804, 'bootstrap': True, 'max_samples': 0.8859077413071671, 'oob_score': False}. Best is trial 13 with value: 0.6862419401840458.[0m
[32m[I 2022-04-21 12:46:00,412][0m Trial 23 finished with value: 0.6868030632974852 and parameters: {'n_estimators': 810, 'min_samples_split': 0.4301309891219356, 'min_samples_leaf': 0.042737656697185204, 'min_weight_fraction_leaf': 0.0977900753712798, 'max_features': 0.8479158373531944, 'bootstrap': True, 'max_samples': 0.8815325673930962, 'oob_score': False}. Best is trial 23 with value: 0.6868030632974852.[0m
[32m[I 2022-04-21 12:46:06,466][0m Trial 24 finished with value: 0.6861605473240961 and parameters: {'n_estimators': 612, 'min_samples_split': 0.4362409476635598, 'min_samples_leaf': 0.10414855764352177, 'min_weight_fraction_leaf': 0.10004035651271544, 'max_features': 0.7697039291615038, 'bootstrap': True, 'max_samples': 0.9456630148705423, 'oob_score': False}. Best is trial 23 with value: 0.6868030632974852.[0m
[32m[I 2022-04-21 12:46:13,430][0m Trial 25 finished with value: 0.6869614931082562 and parameters: {'n_estimators': 581, 'min_samples_split': 0.40449483599608116, 'min_samples_leaf': 0.09298950616504731, 'min_weight_fraction_leaf': 0.10742335859889036, 'max_features': 0.7658926562474867, 'bootstrap': True, 'max_samples': 0.920617925260133, 'oob_score': False}. Best is trial 25 with value: 0.6869614931082562.[0m
[32m[I 2022-04-21 12:46:17,812][0m Trial 26 finished with value: 0.6738992676562884 and parameters: {'n_estimators': 460, 'min_samples_split': 0.3646478064875789, 'min_samples_leaf': 0.14992832341021878, 'min_weight_fraction_leaf': 0.1470500026496384, 'max_features': 0.8688083731800906, 'bootstrap': False, 'max_samples': 0.9171727637233443}. Best is trial 25 with value: 0.6869614931082562.[0m
[32m[I 2022-04-21 12:46:23,699][0m Trial 27 finished with value: 0.5489840360325607 and parameters: {'n_estimators': 589, 'min_samples_split': 0.40271985129520443, 'min_samples_leaf': 0.2153337833741039, 'min_weight_fraction_leaf': 0.2348180705074922, 'max_features': 0.654359927923283, 'bootstrap': True, 'max_samples': 0.6295903383680181, 'oob_score': False}. Best is trial 25 with value: 0.6869614931082562.[0m
[32m[I 2022-04-21 12:46:27,748][0m Trial 28 finished with value: 0.688952415774164 and parameters: {'n_estimators': 362, 'min_samples_split': 0.31950471950598686, 'min_samples_leaf': 0.07743190281997514, 'min_weight_fraction_leaf': 0.08891997874251908, 'max_features': 0.7573550767038926, 'bootstrap': True, 'max_samples': 0.8673603101785212, 'oob_score': False}. Best is trial 28 with value: 0.688952415774164.[0m
[32m[I 2022-04-21 12:46:31,056][0m Trial 29 finished with value: 0.6636900948801576 and parameters: {'n_estimators': 348, 'min_samples_split': 0.3296194565015284, 'min_samples_leaf': 0.09782645969030347, 'min_weight_fraction_leaf': 0.28117668235061344, 'max_features': 0.5806304461106732, 'bootstrap': False, 'max_samples': 0.24056208019767006}. Best is trial 28 with value: 0.688952415774164.[0m
[32m[I 2022-04-21 12:46:34,990][0m Trial 30 finished with value: 0.6636900948801576 and parameters: {'n_estimators': 247, 'min_samples_split': 0.2740105609590489, 'min_samples_leaf': 0.22389153324444552, 'min_weight_fraction_leaf': 0.19459090871407764, 'max_features': 0.7259123687220014, 'bootstrap': True, 'max_samples': 0.8619030520946849, 'oob_score': True}. Best is trial 28 with value: 0.688952415774164.[0m
[32m[I 2022-04-21 12:46:43,988][0m Trial 31 finished with value: 0.6852413964123681 and parameters: {'n_estimators': 793, 'min_samples_split': 0.3225036369486306, 'min_samples_leaf': 0.0705684123548838, 'min_weight_fraction_leaf': 0.0881445938846539, 'max_features': 0.8068026198229908, 'bootstrap': True, 'max_samples': 0.7153515939794979, 'oob_score': False}. Best is trial 28 with value: 0.688952415774164.[0m
[32m[I 2022-04-21 12:46:51,999][0m Trial 32 finished with value: 0.6794279617306975 and parameters: {'n_estimators': 817, 'min_samples_split': 0.4501115115990976, 'min_samples_leaf': 0.04457609637040516, 'min_weight_fraction_leaf': 0.1283784620597026, 'max_features': 0.8746426972434296, 'bootstrap': True, 'max_samples': 0.830258663558893, 'oob_score': False}. Best is trial 28 with value: 0.688952415774164.[0m
[32m[I 2022-04-21 12:46:56,526][0m Trial 33 finished with value: 0.6883462694120591 and parameters: {'n_estimators': 379, 'min_samples_split': 0.40129051707260166, 'min_samples_leaf': 0.08819942789111065, 'min_weight_fraction_leaf': 0.0035797567886607165, 'max_features': 0.7392456761222823, 'bootstrap': True, 'max_samples': 0.943093567931824, 'oob_score': False}. Best is trial 28 with value: 0.688952415774164.[0m
[32m[I 2022-04-21 12:47:01,333][0m Trial 34 finished with value: 0.6897833253184376 and parameters: {'n_estimators': 394, 'min_samples_split': 0.4060514348590636, 'min_samples_leaf': 0.08334612036386643, 'min_weight_fraction_leaf': 0.06932792638411692, 'max_features': 0.7773082216822913, 'bootstrap': True, 'max_samples': 0.9993713874021394, 'oob_score': False}. Best is trial 34 with value: 0.6897833253184376.[0m
[32m[I 2022-04-21 12:47:06,171][0m Trial 35 finished with value: 0.6859311185596714 and parameters: {'n_estimators': 377, 'min_samples_split': 0.4004557377120765, 'min_samples_leaf': 0.08594468210021464, 'min_weight_fraction_leaf': 0.0723038619188848, 'max_features': 0.7662947893592559, 'bootstrap': True, 'max_samples': 0.9252799467551979, 'oob_score': False}. Best is trial 34 with value: 0.6897833253184376.[0m
[32m[I 2022-04-21 12:47:09,945][0m Trial 36 finished with value: 0.6806648336937519 and parameters: {'n_estimators': 287, 'min_samples_split': 0.24245471625539036, 'min_samples_leaf': 0.1447420614414896, 'min_weight_fraction_leaf': 0.03073470607548205, 'max_features': 0.5572988347280503, 'bootstrap': True, 'max_samples': 0.9860043823797588, 'oob_score': False}. Best is trial 34 with value: 0.6897833253184376.[0m
[32m[I 2022-04-21 12:47:12,888][0m Trial 37 finished with value: 0.6849083016037483 and parameters: {'n_estimators': 215, 'min_samples_split': 0.3695410628464197, 'min_samples_leaf': 0.15756965648047672, 'min_weight_fraction_leaf': 0.16235240018212188, 'max_features': 0.4597493822018992, 'bootstrap': True, 'max_samples': 0.9548535670196541, 'oob_score': False}. Best is trial 34 with value: 0.6897833253184376.[0m
[32m[I 2022-04-21 12:47:16,989][0m Trial 38 finished with value: 0.6802704055004124 and parameters: {'n_estimators': 452, 'min_samples_split': 0.35283184478868124, 'min_samples_leaf': 0.08455426489855243, 'min_weight_fraction_leaf': 0.11500407442205286, 'max_features': 0.33749436582642534, 'bootstrap': False, 'max_samples': 0.8109207606777531}. Best is trial 34 with value: 0.6897833253184376.[0m
[32m[I 2022-04-21 12:47:21,830][0m Trial 39 finished with value: 0.675722110549013 and parameters: {'n_estimators': 369, 'min_samples_split': 0.314513012917448, 'min_samples_leaf': 0.12018946870875585, 'min_weight_fraction_leaf': 0.06587329392494963, 'max_features': 0.6411468201338261, 'bootstrap': True, 'max_samples': 0.9984341581049744, 'oob_score': False}. Best is trial 34 with value: 0.6897833253184376.[0m
[32m[I 2022-04-21 12:47:25,270][0m Trial 40 finished with value: 0.5 and parameters: {'n_estimators': 305, 'min_samples_split': 0.1712771747646803, 'min_samples_leaf': 0.303665000334882, 'min_weight_fraction_leaf': 0.3641967970909331, 'max_features': 0.7682397815980971, 'bootstrap': True, 'max_samples': 0.3161122875164558, 'oob_score': False}. Best is trial 34 with value: 0.6897833253184376.[0m
[32m[I 2022-04-21 12:47:30,011][0m Trial 41 finished with value: 0.6829677766245433 and parameters: {'n_estimators': 432, 'min_samples_split': 0.46419633240521807, 'min_samples_leaf': 0.05041560905474214, 'min_weight_fraction_leaf': 0.08610555256383154, 'max_features': 0.8334532619378424, 'bootstrap': True, 'max_samples': 0.8683029920961947, 'oob_score': False}. Best is trial 34 with value: 0.6897833253184376.[0m
[32m[I 2022-04-21 12:47:35,148][0m Trial 42 finished with value: 0.6850205880174121 and parameters: {'n_estimators': 381, 'min_samples_split': 0.40324109085221416, 'min_samples_leaf': 0.07463765138179526, 'min_weight_fraction_leaf': 0.1495250423189369, 'max_features': 0.7301258019851947, 'bootstrap': True, 'max_samples': 0.9147609340813891, 'oob_score': False}. Best is trial 34 with value: 0.6897833253184376.[0m
[32m[I 2022-04-21 12:47:39,845][0m Trial 43 finished with value: 0.6830703701324993 and parameters: {'n_estimators': 319, 'min_samples_split': 0.4056344141318961, 'min_samples_leaf': 0.10936618634245027, 'min_weight_fraction_leaf': 0.10855951566517613, 'max_features': 0.7207688653925098, 'bootstrap': True, 'max_samples': 0.9529708170559069, 'oob_score': False}. Best is trial 34 with value: 0.6897833253184376.[0m
[32m[I 2022-04-21 12:47:42,979][0m Trial 44 finished with value: 0.5 and parameters: {'n_estimators': 244, 'min_samples_split': 0.45462974744482126, 'min_samples_leaf': 0.04506563033275716, 'min_weight_fraction_leaf': 0.46270906481152463, 'max_features': 0.8016562074564566, 'bootstrap': True, 'max_samples': 0.7975336984093877, 'oob_score': False}. Best is trial 34 with value: 0.6897833253184376.[0m
[32m[I 2022-04-21 12:47:49,721][0m Trial 45 finished with value: 0.6841552127245238 and parameters: {'n_estimators': 511, 'min_samples_split': 0.4218247960499124, 'min_samples_leaf': 0.1348528561083488, 'min_weight_fraction_leaf': 0.03037164560807928, 'max_features': 0.525263427301709, 'bootstrap': True, 'max_samples': 0.8804608288123189, 'oob_score': True}. Best is trial 34 with value: 0.6897833253184376.[0m
[32m[I 2022-04-21 12:47:56,796][0m Trial 46 finished with value: 0.6835623562703053 and parameters: {'n_estimators': 691, 'min_samples_split': 0.3750996368489447, 'min_samples_leaf': 0.03111560245680933, 'min_weight_fraction_leaf': 0.06832845401470353, 'max_features': 0.6444543860711787, 'bootstrap': True, 'max_samples': 0.8303061089064686, 'oob_score': False}. Best is trial 34 with value: 0.6897833253184376.[0m
[32m[I 2022-04-21 12:47:59,005][0m Trial 47 finished with value: 0.5 and parameters: {'n_estimators': 183, 'min_samples_split': 0.43667828177019613, 'min_samples_leaf': 0.39168121235290276, 'min_weight_fraction_leaf': 0.005788714886564336, 'max_features': 0.8546974207628433, 'bootstrap': False, 'max_samples': 0.5675280159768336}. Best is trial 34 with value: 0.6897833253184376.[0m
[32m[I 2022-04-21 12:48:02,479][0m Trial 48 finished with value: 0.6753066516933947 and parameters: {'n_estimators': 282, 'min_samples_split': 0.25443749963355955, 'min_samples_leaf': 0.0937584909020032, 'min_weight_fraction_leaf': 0.04926036836128486, 'max_features': 0.8999578826419449, 'bootstrap': True, 'max_samples': 0.9555137465027123, 'oob_score': False}. Best is trial 34 with value: 0.6897833253184376.[0m
[32m[I 2022-04-21 12:48:09,356][0m Trial 49 finished with value: 0.5 and parameters: {'n_estimators': 817, 'min_samples_split': 0.31271193006590847, 'min_samples_leaf': 0.20110377874518792, 'min_weight_fraction_leaf': 0.20022713931692004, 'max_features': 0.6105485773090843, 'bootstrap': True, 'max_samples': 0.03181672385576789, 'oob_score': False}. Best is trial 34 with value: 0.6897833253184376.[0m
[32m[I 2022-04-21 12:48:17,706][0m Trial 50 finished with value: 0.6746430366785507 and parameters: {'n_estimators': 561, 'min_samples_split': 0.4712947391747985, 'min_samples_leaf': 0.17119186845875048, 'min_weight_fraction_leaf': 0.02845553275022802, 'max_features': 0.6874122735195515, 'bootstrap': True, 'max_samples': 0.7283909152830538, 'oob_score': True}. Best is trial 34 with value: 0.6897833253184376.[0m
[32m[I 2022-04-21 12:48:23,580][0m Trial 51 finished with value: 0.6792588172004747 and parameters: {'n_estimators': 488, 'min_samples_split': 0.38489567609994724, 'min_samples_leaf': 0.019088902766349048, 'min_weight_fraction_leaf': 0.0008113023223646626, 'max_features': 0.9512436639919124, 'bootstrap': True, 'max_samples': 0.891563306625652, 'oob_score': False}. Best is trial 34 with value: 0.6897833253184376.[0m
[32m[I 2022-04-21 12:48:30,336][0m Trial 52 finished with value: 0.6839872163702914 and parameters: {'n_estimators': 647, 'min_samples_split': 0.3894881140178235, 'min_samples_leaf': 0.06286147896329866, 'min_weight_fraction_leaf': 0.02246782253912259, 'max_features': 0.7980213994529541, 'bootstrap': True, 'max_samples': 0.8489572817466269, 'oob_score': False}. Best is trial 34 with value: 0.6897833253184376.[0m
[32m[I 2022-04-21 12:48:34,844][0m Trial 53 finished with value: 0.6812523834838063 and parameters: {'n_estimators': 347, 'min_samples_split': 0.3483753320824992, 'min_samples_leaf': 0.027139693152258688, 'min_weight_fraction_leaf': 0.08609582748722877, 'max_features': 0.8974689886660052, 'bootstrap': True, 'max_samples': 0.9967578643932306, 'oob_score': False}. Best is trial 34 with value: 0.6897833253184376.[0m
[32m[I 2022-04-21 12:48:43,173][0m Trial 54 finished with value: 0.6804445230754654 and parameters: {'n_estimators': 741, 'min_samples_split': 0.012927128361140183, 'min_samples_leaf': 0.06664154394427668, 'min_weight_fraction_leaf': 0.13697736908614772, 'max_features': 0.8381676554304612, 'bootstrap': True, 'max_samples': 0.7588211921252241, 'oob_score': False}. Best is trial 34 with value: 0.6897833253184376.[0m
[32m[I 2022-04-21 12:48:47,163][0m Trial 55 finished with value: 0.5 and parameters: {'n_estimators': 397, 'min_samples_split': 0.41556091446822463, 'min_samples_leaf': 0.4817956659708328, 'min_weight_fraction_leaf': 0.04630938913018677, 'max_features': 0.7332981331753381, 'bootstrap': True, 'max_samples': 0.9404361824434466, 'oob_score': False}. Best is trial 34 with value: 0.6897833253184376.[0m
[32m[I 2022-04-21 12:48:53,646][0m Trial 56 finished with value: 0.6820366304072797 and parameters: {'n_estimators': 587, 'min_samples_split': 0.36030526876211, 'min_samples_leaf': 0.019771242130325523, 'min_weight_fraction_leaf': 0.018865984104256647, 'max_features': 0.9369781081735146, 'bootstrap': True, 'max_samples': 0.7889213540434825, 'oob_score': False}. Best is trial 34 with value: 0.6897833253184376.[0m
[32m[I 2022-04-21 12:48:58,425][0m Trial 57 finished with value: 0.6768373484370116 and parameters: {'n_estimators': 482, 'min_samples_split': 0.4441881751061497, 'min_samples_leaf': 0.11145077999692402, 'min_weight_fraction_leaf': 0.10887155357566916, 'max_features': 0.7844476700115828, 'bootstrap': False, 'max_samples': 0.8941393137175905}. Best is trial 34 with value: 0.6897833253184376.[0m
[32m[I 2022-04-21 12:49:03,323][0m Trial 58 finished with value: 0.6592635760747318 and parameters: {'n_estimators': 533, 'min_samples_split': 0.42085635981959163, 'min_samples_leaf': 0.08792599786828587, 'min_weight_fraction_leaf': 0.05771403175640745, 'max_features': 0.08618897944800724, 'bootstrap': True, 'max_samples': 0.46844311732736493, 'oob_score': False}. Best is trial 34 with value: 0.6897833253184376.[0m
[32m[I 2022-04-21 12:49:10,830][0m Trial 59 finished with value: 0.6842082681032632 and parameters: {'n_estimators': 455, 'min_samples_split': 0.30191558523150347, 'min_samples_leaf': 0.1268761766895635, 'min_weight_fraction_leaf': 0.07952258237104995, 'max_features': 0.8962075534088005, 'bootstrap': True, 'max_samples': 0.7460173463796603, 'oob_score': True}. Best is trial 34 with value: 0.6897833253184376.[0m
[32m[I 2022-04-21 12:49:15,086][0m Trial 60 finished with value: 0.6829721845482669 and parameters: {'n_estimators': 341, 'min_samples_split': 0.33374917282784383, 'min_samples_leaf': 0.03810210112080545, 'min_weight_fraction_leaf': 0.17259039763570233, 'max_features': 0.9978364789030955, 'bootstrap': True, 'max_samples': 0.6689348445926416, 'oob_score': False}. Best is trial 34 with value: 0.6897833253184376.[0m
[32m[I 2022-04-21 12:49:21,369][0m Trial 61 finished with value: 0.6786474994689575 and parameters: {'n_estimators': 627, 'min_samples_split': 0.4818834044171588, 'min_samples_leaf': 0.057538007092366186, 'min_weight_fraction_leaf': 0.10408387509645664, 'max_features': 0.6958037462222734, 'bootstrap': True, 'max_samples': 0.9395816442539244, 'oob_score': False}. Best is trial 34 with value: 0.6897833253184376.[0m
[32m[I 2022-04-21 12:49:27,225][0m Trial 62 finished with value: 0.6828723927421992 and parameters: {'n_estimators': 600, 'min_samples_split': 0.44060898464360854, 'min_samples_leaf': 0.11104975629938428, 'min_weight_fraction_leaf': 0.09506177257391159, 'max_features': 0.7473862861501426, 'bootstrap': True, 'max_samples': 0.8487666553647333, 'oob_score': False}. Best is trial 34 with value: 0.6897833253184376.[0m
[32m[I 2022-04-21 12:49:35,188][0m Trial 63 finished with value: 0.6842475177186705 and parameters: {'n_estimators': 702, 'min_samples_split': 0.3858265391685201, 'min_samples_leaf': 0.06932698099322265, 'min_weight_fraction_leaf': 0.05264807137843476, 'max_features': 0.829900652387367, 'bootstrap': True, 'max_samples': 0.9694547427522057, 'oob_score': False}. Best is trial 34 with value: 0.6897833253184376.[0m
[32m[I 2022-04-21 12:49:43,886][0m Trial 64 finished with value: 0.6794721597749129 and parameters: {'n_estimators': 772, 'min_samples_split': 0.4578058253187029, 'min_samples_leaf': 0.0023854276317174516, 'min_weight_fraction_leaf': 0.1227204274687947, 'max_features': 0.7624920630100446, 'bootstrap': True, 'max_samples': 0.9187783751641292, 'oob_score': False}. Best is trial 34 with value: 0.6897833253184376.[0m
