[32m[I 2022-04-23 08:02:55,904][0m Trial 227 finished with value: 0.6781537819381522 and parameters: {'n_estimators': 695, 'min_samples_split': 0.008982184715355595, 'min_samples_leaf': 0.009926774206543195, 'min_weight_fraction_leaf': 0.003896200836906226, 'max_features': 0.27821733826992534, 'bootstrap': False, 'max_samples': 0.3616470748906086}. Best is trial 222 with value: 0.6842419479495936.[0m
[32m[I 2022-04-23 08:05:48,415][0m Trial 228 finished with value: 0.672310720616904 and parameters: {'n_estimators': 698, 'min_samples_split': 0.0015018554729720884, 'min_samples_leaf': 0.009153009037445651, 'min_weight_fraction_leaf': 0.02691985139421533, 'max_features': 0.27243075261679195, 'bootstrap': False, 'max_samples': 0.36845777263141943}. Best is trial 222 with value: 0.6842419479495936.[0m
[32m[I 2022-04-23 08:10:35,364][0m Trial 229 finished with value: 0.6809821833914873 and parameters: {'n_estimators': 697, 'min_samples_split': 0.008084015862333654, 'min_samples_leaf': 0.00933275042758346, 'min_weight_fraction_leaf': 0.00012181099229478104, 'max_features': 0.280617445938833, 'bootstrap': False, 'max_samples': 0.31432849910635274}. Best is trial 222 with value: 0.6842419479495936.[0m
[32m[I 2022-04-23 08:13:46,997][0m Trial 230 finished with value: 0.679252973769073 and parameters: {'n_estimators': 711, 'min_samples_split': 0.009185187984788139, 'min_samples_leaf': 0.008756755427409562, 'min_weight_fraction_leaf': 0.0009261835227241874, 'max_features': 0.18921125645751624, 'bootstrap': False, 'max_samples': 0.3040968120425509}. Best is trial 222 with value: 0.6842419479495936.[0m
[32m[I 2022-04-23 08:17:37,944][0m Trial 231 finished with value: 0.6756953717359051 and parameters: {'n_estimators': 659, 'min_samples_split': 0.008799079247391354, 'min_samples_leaf': 0.008124134071735263, 'min_weight_fraction_leaf': 0.0006344317889023, 'max_features': 0.26142441063489186, 'bootstrap': False, 'max_samples': 0.30800770561483437}. Best is trial 222 with value: 0.6842419479495936.[0m
[32m[I 2022-04-23 08:25:52,435][0m Trial 232 finished with value: 0.6838569631540479 and parameters: {'n_estimators': 711, 'min_samples_split': 0.011043997938938057, 'min_samples_leaf': 0.0017309586634103166, 'min_weight_fraction_leaf': 0.0002811708617998492, 'max_features': 0.198465343801365, 'bootstrap': False, 'max_samples': 0.33880369562009244}. Best is trial 222 with value: 0.6842419479495936.[0m
[32m[I 2022-04-23 08:34:10,919][0m Trial 233 finished with value: 0.6800572700205236 and parameters: {'n_estimators': 700, 'min_samples_split': 0.009193731646504458, 'min_samples_leaf': 0.0016044365702939638, 'min_weight_fraction_leaf': 0.000252874788821678, 'max_features': 0.19003312482306414, 'bootstrap': False, 'max_samples': 0.3309292458669007}. Best is trial 222 with value: 0.6842419479495936.[0m
[32m[I 2022-04-23 08:41:49,912][0m Trial 234 finished with value: 0.6843567783776277 and parameters: {'n_estimators': 716, 'min_samples_split': 0.010672416449478117, 'min_samples_leaf': 0.0010067170588991918, 'min_weight_fraction_leaf': 3.12947728289089e-05, 'max_features': 0.18244730865617922, 'bootstrap': False, 'max_samples': 0.3436370048958802}. Best is trial 234 with value: 0.6843567783776277.[0m
[32m[I 2022-04-23 08:44:37,949][0m Trial 235 finished with value: 0.6765387921376484 and parameters: {'n_estimators': 730, 'min_samples_split': 0.0027522423003019866, 'min_samples_leaf': 0.006681530084018734, 'min_weight_fraction_leaf': 0.01886283364667265, 'max_features': 0.19113883686316543, 'bootstrap': False, 'max_samples': 0.3427320574279178}. Best is trial 234 with value: 0.6843567783776277.[0m
[32m[I 2022-04-23 08:50:45,316][0m Trial 236 finished with value: 0.6822490961703767 and parameters: {'n_estimators': 664, 'min_samples_split': 0.010997253959948064, 'min_samples_leaf': 0.0014267552056522713, 'min_weight_fraction_leaf': 0.000657620045313766, 'max_features': 0.15060313846668877, 'bootstrap': False, 'max_samples': 0.2869730942668761}. Best is trial 234 with value: 0.6843567783776277.[0m
[32m[I 2022-04-23 08:53:13,750][0m Trial 237 finished with value: 0.6757414123384755 and parameters: {'n_estimators': 677, 'min_samples_split': 0.010707495749487601, 'min_samples_leaf': 0.007686250907950019, 'min_weight_fraction_leaf': 0.0002941379991663754, 'max_features': 0.14436416606817776, 'bootstrap': False, 'max_samples': 0.28572438030731073}. Best is trial 234 with value: 0.6843567783776277.[0m
[32m[I 2022-04-23 08:56:06,193][0m Trial 238 finished with value: 0.6785359988583209 and parameters: {'n_estimators': 669, 'min_samples_split': 0.0021216214828912866, 'min_samples_leaf': 0.0018746016993208192, 'min_weight_fraction_leaf': 0.01607794467355376, 'max_features': 0.17238449793071392, 'bootstrap': False, 'max_samples': 0.3221918790346756}. Best is trial 234 with value: 0.6843567783776277.[0m
[32m[I 2022-04-23 09:00:50,078][0m Trial 239 finished with value: 0.6816757631659808 and parameters: {'n_estimators': 718, 'min_samples_split': 0.012518801106334725, 'min_samples_leaf': 0.0012116276842253516, 'min_weight_fraction_leaf': 0.0001501139004821009, 'max_features': 0.11373310527735897, 'bootstrap': False, 'max_samples': 0.21978768756562483}. Best is trial 234 with value: 0.6843567783776277.[0m
[32m[I 2022-04-23 09:07:21,512][0m Trial 240 finished with value: 0.6816208250326821 and parameters: {'n_estimators': 761, 'min_samples_split': 0.011408001871253712, 'min_samples_leaf': 0.001193747043977145, 'min_weight_fraction_leaf': 0.0005578494435817389, 'max_features': 0.14837473555183284, 'bootstrap': False, 'max_samples': 0.34448854810670065}. Best is trial 234 with value: 0.6843567783776277.[0m
[32m[I 2022-04-23 09:11:10,679][0m Trial 241 finished with value: 0.6838846730625583 and parameters: {'n_estimators': 717, 'min_samples_split': 0.011396551759097259, 'min_samples_leaf': 0.0019741746766633096, 'min_weight_fraction_leaf': 0.00039527181456064657, 'max_features': 0.09809526332854417, 'bootstrap': False, 'max_samples': 0.3487697251469812}. Best is trial 234 with value: 0.6843567783776277.[0m
[32m[I 2022-04-23 09:13:40,532][0m Trial 242 finished with value: 0.6815877095320817 and parameters: {'n_estimators': 620, 'min_samples_split': 0.011804949234238502, 'min_samples_leaf': 0.0018482915839713194, 'min_weight_fraction_leaf': 0.016455049374195407, 'max_features': 0.1668421112100765, 'bootstrap': False, 'max_samples': 0.35652075404053585}. Best is trial 234 with value: 0.6843567783776277.[0m
[32m[I 2022-04-23 09:15:14,305][0m Trial 243 finished with value: 0.6771131879820411 and parameters: {'n_estimators': 627, 'min_samples_split': 0.009403092349496725, 'min_samples_leaf': 0.0025139473720727466, 'min_weight_fraction_leaf': 0.016544016342683394, 'max_features': 0.09557228897382661, 'bootstrap': False, 'max_samples': 0.23174216751937357}. Best is trial 234 with value: 0.6843567783776277.[0m
[32m[I 2022-04-23 09:16:35,851][0m Trial 244 finished with value: 0.674543885059334 and parameters: {'n_estimators': 600, 'min_samples_split': 0.001963068298750103, 'min_samples_leaf': 0.0017942464287695626, 'min_weight_fraction_leaf': 0.02398972409606169, 'max_features': 0.11067861236723003, 'bootstrap': False, 'max_samples': 0.19791187141553387}. Best is trial 234 with value: 0.6843567783776277.[0m
[32m[I 2022-04-23 09:17:42,992][0m Trial 245 finished with value: 0.6762940478049246 and parameters: {'n_estimators': 709, 'min_samples_split': 0.008009147694189726, 'min_samples_leaf': 0.004446868602293109, 'min_weight_fraction_leaf': 0.015878151270911654, 'max_features': 0.07519047026255944, 'bootstrap': False, 'max_samples': 0.3504604428710507}. Best is trial 234 with value: 0.6843567783776277.[0m
[32m[I 2022-04-23 09:20:59,421][0m Trial 246 finished with value: 0.6772753763574436 and parameters: {'n_estimators': 737, 'min_samples_split': 0.027824131029178842, 'min_samples_leaf': 0.002062042600824973, 'min_weight_fraction_leaf': 0.010086577894325006, 'max_features': 0.1497612643944936, 'bootstrap': False, 'max_samples': 0.34188941353469504}. Best is trial 234 with value: 0.6843567783776277.[0m
[32m[I 2022-04-23 09:23:00,706][0m Trial 247 finished with value: 0.6765568662972442 and parameters: {'n_estimators': 655, 'min_samples_split': 0.012959822397730128, 'min_samples_leaf': 0.0038161448234174753, 'min_weight_fraction_leaf': 0.02625026441709691, 'max_features': 0.1707494888678822, 'bootstrap': False, 'max_samples': 0.28948121607052446}. Best is trial 234 with value: 0.6843567783776277.[0m
[32m[I 2022-04-23 09:30:19,262][0m Trial 248 finished with value: 0.6888931371795353 and parameters: {'n_estimators': 754, 'min_samples_split': 0.001111881660887019, 'min_samples_leaf': 0.0012576353248375603, 'min_weight_fraction_leaf': 0.0007849734328207003, 'max_features': 0.13594156873451885, 'bootstrap': False, 'max_samples': 0.35497223129462097}. Best is trial 248 with value: 0.6888931371795353.[0m
[32m[I 2022-04-23 09:36:03,722][0m Trial 249 finished with value: 0.6828969724286307 and parameters: {'n_estimators': 715, 'min_samples_split': 0.011577870746550114, 'min_samples_leaf': 0.0016002611846384525, 'min_weight_fraction_leaf': 0.00015964775158641546, 'max_features': 0.13886960572870077, 'bootstrap': False, 'max_samples': 0.3455224807118628}. Best is trial 248 with value: 0.6888931371795353.[0m
[32m[I 2022-04-23 09:38:57,423][0m Trial 250 finished with value: 0.6759190331929705 and parameters: {'n_estimators': 697, 'min_samples_split': 0.010394536085817687, 'min_samples_leaf': 0.004893334903547899, 'min_weight_fraction_leaf': 0.007954943496086893, 'max_features': 0.13732990419021882, 'bootstrap': False, 'max_samples': 0.35679852733441353}. Best is trial 248 with value: 0.6888931371795353.[0m
[32m[I 2022-04-23 09:45:00,770][0m Trial 251 finished with value: 0.6908430332111252 and parameters: {'n_estimators': 751, 'min_samples_split': 0.0030070831372971387, 'min_samples_leaf': 0.0010468931871152973, 'min_weight_fraction_leaf': 0.0012233898828817584, 'max_features': 0.10263938614699752, 'bootstrap': False, 'max_samples': 0.331724336530432}. Best is trial 251 with value: 0.6908430332111252.[0m
[32m[I 2022-04-23 09:48:42,325][0m Trial 252 finished with value: 0.6835449593582763 and parameters: {'n_estimators': 719, 'min_samples_split': 0.002927488993769707, 'min_samples_leaf': 0.0014089548944337137, 'min_weight_fraction_leaf': 0.002458558232583725, 'max_features': 0.06618649451538945, 'bootstrap': False, 'max_samples': 0.32853291842267185}. Best is trial 251 with value: 0.6908430332111252.[0m
[32m[I 2022-04-23 09:52:12,059][0m Trial 253 finished with value: 0.68281017897348 and parameters: {'n_estimators': 751, 'min_samples_split': 0.0022574704503556878, 'min_samples_leaf': 0.0022068180316618512, 'min_weight_fraction_leaf': 0.0003460212206176955, 'max_features': 0.06056794528422128, 'bootstrap': False, 'max_samples': 0.21584254898862237}. Best is trial 251 with value: 0.6908430332111252.[0m
[32m[I 2022-04-23 09:53:09,916][0m Trial 254 finished with value: 0.6745341662804416 and parameters: {'n_estimators': 738, 'min_samples_split': 0.001222367373063778, 'min_samples_leaf': 0.001376546323641703, 'min_weight_fraction_leaf': 0.017414680102945907, 'max_features': 0.054411380903990704, 'bootstrap': False, 'max_samples': 0.21652588617726604}. Best is trial 251 with value: 0.6908430332111252.[0m
[32m[I 2022-04-23 09:54:50,150][0m Trial 255 finished with value: 0.6803833010701539 and parameters: {'n_estimators': 663, 'min_samples_split': 0.010579428172064165, 'min_samples_leaf': 0.00183724449198658, 'min_weight_fraction_leaf': 0.0010253345882851191, 'max_features': 0.034375661703603844, 'bootstrap': False, 'max_samples': 0.17627197600416789}. Best is trial 251 with value: 0.6908430332111252.[0m
[32m[I 2022-04-23 09:56:44,451][0m Trial 256 finished with value: 0.6771536783959498 and parameters: {'n_estimators': 762, 'min_samples_split': 0.0017344462439007587, 'min_samples_leaf': 0.0011519003111693847, 'min_weight_fraction_leaf': 0.015854491129826183, 'max_features': 0.09651843126215898, 'bootstrap': False, 'max_samples': 0.11649010804221421}. Best is trial 251 with value: 0.6908430332111252.[0m
[32m[I 2022-04-23 09:56:55,840][0m Trial 257 finished with value: 0.5892908554553025 and parameters: {'n_estimators': 726, 'min_samples_split': 0.012193698100104965, 'min_samples_leaf': 0.0018562437663167059, 'min_weight_fraction_leaf': 0.33803102998739515, 'max_features': 0.11220476004989186, 'bootstrap': False, 'max_samples': 0.32626628702604027}. Best is trial 251 with value: 0.6908430332111252.[0m
[32m[I 2022-04-23 09:57:42,005][0m Trial 258 finished with value: 0.6725433211529991 and parameters: {'n_estimators': 682, 'min_samples_split': 0.0010361786366475797, 'min_samples_leaf': 0.010476651697169909, 'min_weight_fraction_leaf': 0.027845733809797695, 'max_features': 0.07027523797169091, 'bootstrap': False, 'max_samples': 0.2831776106484891}. Best is trial 251 with value: 0.6908430332111252.[0m
[32m[I 2022-04-23 10:03:16,410][0m Trial 259 finished with value: 0.6804826966039345 and parameters: {'n_estimators': 716, 'min_samples_split': 0.027270449689049577, 'min_samples_leaf': 0.001424590765947661, 'min_weight_fraction_leaf': 5.557282521908041e-05, 'max_features': 0.1506321286368969, 'bootstrap': False, 'max_samples': 0.3686043174947803}. Best is trial 251 with value: 0.6908430332111252.[0m
[32m[I 2022-04-23 10:05:02,416][0m Trial 260 finished with value: 0.6810993638514169 and parameters: {'n_estimators': 763, 'min_samples_split': 0.012272857046126148, 'min_samples_leaf': 0.012186509915020726, 'min_weight_fraction_leaf': 0.013847377402551984, 'max_features': 0.1241260522681287, 'bootstrap': False, 'max_samples': 0.34043786721763647}. Best is trial 251 with value: 0.6908430332111252.[0m
[32m[I 2022-04-23 10:06:14,045][0m Trial 261 finished with value: 0.672894416828236 and parameters: {'n_estimators': 767, 'min_samples_split': 0.027174239144096664, 'min_samples_leaf': 0.011258195663034333, 'min_weight_fraction_leaf': 0.022583237477861458, 'max_features': 0.09007585840503086, 'bootstrap': False, 'max_samples': 0.34245778302934576}. Best is trial 251 with value: 0.6908430332111252.[0m
[32m[I 2022-04-23 10:08:34,254][0m Trial 262 finished with value: 0.6806662978049599 and parameters: {'n_estimators': 766, 'min_samples_split': 0.014039755931926474, 'min_samples_leaf': 0.0011665316608640516, 'min_weight_fraction_leaf': 0.013784009713197853, 'max_features': 0.1172873282803462, 'bootstrap': False, 'max_samples': 0.3699741841855641}. Best is trial 251 with value: 0.6908430332111252.[0m
[32m[I 2022-04-23 10:09:37,087][0m Trial 263 finished with value: 0.6783212042134991 and parameters: {'n_estimators': 740, 'min_samples_split': 0.001408114115091532, 'min_samples_leaf': 0.012327016925534902, 'min_weight_fraction_leaf': 0.014371236177707913, 'max_features': 0.07474917123196657, 'bootstrap': False, 'max_samples': 0.23952178462535623}. Best is trial 251 with value: 0.6908430332111252.[0m
[32m[I 2022-04-23 10:09:41,151][0m Trial 264 finished with value: 0.5616042689639384 and parameters: {'n_estimators': 630, 'min_samples_split': 0.027859907086287328, 'min_samples_leaf': 0.4014026897968931, 'min_weight_fraction_leaf': 0.02604418517592894, 'max_features': 0.1667959120225182, 'bootstrap': False, 'max_samples': 0.3434079446064344}. Best is trial 251 with value: 0.6908430332111252.[0m
[32m[I 2022-04-23 10:10:26,928][0m Trial 265 finished with value: 0.6641465431214474 and parameters: {'n_estimators': 721, 'min_samples_split': 0.39512006947275813, 'min_samples_leaf': 0.0010089435604000892, 'min_weight_fraction_leaf': 0.010412859715215154, 'max_features': 0.1211400355909934, 'bootstrap': False, 'max_samples': 0.28584167683924033}. Best is trial 251 with value: 0.6908430332111252.[0m
[32m[I 2022-04-23 10:11:20,078][0m Trial 266 finished with value: 0.6759774335135079 and parameters: {'n_estimators': 763, 'min_samples_split': 0.015106545974803806, 'min_samples_leaf': 0.026970942347079817, 'min_weight_fraction_leaf': 0.01083598697476332, 'max_features': 0.09852581272818417, 'bootstrap': False, 'max_samples': 0.35626955769953234}. Best is trial 251 with value: 0.6908430332111252.[0m
[32m[I 2022-04-23 10:12:30,405][0m Trial 267 finished with value: 0.6735565835522963 and parameters: {'n_estimators': 670, 'min_samples_split': 0.012994997636445939, 'min_samples_leaf': 0.01175698262133561, 'min_weight_fraction_leaf': 0.028285546772459137, 'max_features': 0.13199966643773725, 'bootstrap': False, 'max_samples': 0.3235055554560383}. Best is trial 251 with value: 0.6908430332111252.[0m
[32m[I 2022-04-23 10:12:35,425][0m Trial 268 finished with value: 0.6487379118156169 and parameters: {'n_estimators': 715, 'min_samples_split': 0.02697665292758633, 'min_samples_leaf': 0.02194185960638617, 'min_weight_fraction_leaf': 0.00022768406340137326, 'max_features': 0.0007072609644154793, 'bootstrap': False, 'max_samples': 0.37896405957122087}. Best is trial 251 with value: 0.6908430332111252.[0m
[32m[I 2022-04-23 10:12:45,158][0m Trial 269 finished with value: 0.6401200756579309 and parameters: {'n_estimators': 779, 'min_samples_split': 0.001629592155485261, 'min_samples_leaf': 0.107048832377312, 'min_weight_fraction_leaf': 0.018507244889346026, 'max_features': 0.047279101178215904, 'bootstrap': False, 'max_samples': 0.27769254606988025}. Best is trial 251 with value: 0.6908430332111252.[0m
[32m[I 2022-04-23 10:14:56,841][0m Trial 270 finished with value: 0.6798937654939456 and parameters: {'n_estimators': 755, 'min_samples_split': 0.016095597852182494, 'min_samples_leaf': 0.013054778682361039, 'min_weight_fraction_leaf': 0.01078015042324502, 'max_features': 0.14834937186589922, 'bootstrap': False, 'max_samples': 0.3336116145934482}. Best is trial 251 with value: 0.6908430332111252.[0m
[32m[I 2022-04-23 10:16:21,505][0m Trial 271 finished with value: 0.6705749304382185 and parameters: {'n_estimators': 654, 'min_samples_split': 0.03018162395066106, 'min_samples_leaf': 0.02700270770285769, 'min_weight_fraction_leaf': 0.031650586104719866, 'max_features': 0.21181206273633252, 'bootstrap': False, 'max_samples': 0.21843399402125702}. Best is trial 251 with value: 0.6908430332111252.[0m
[32m[I 2022-04-23 10:18:00,201][0m Trial 272 finished with value: 0.678725374166581 and parameters: {'n_estimators': 714, 'min_samples_split': 0.013367616503634331, 'min_samples_leaf': 0.01279968041753864, 'min_weight_fraction_leaf': 0.01989354106087371, 'max_features': 0.12990464452074807, 'bootstrap': False, 'max_samples': 0.36195708899968865}. Best is trial 251 with value: 0.6908430332111252.[0m
[32m[I 2022-04-23 10:20:43,394][0m Trial 273 finished with value: 0.678657615216616 and parameters: {'n_estimators': 784, 'min_samples_split': 0.021761706068141352, 'min_samples_leaf': 0.012595826046280529, 'min_weight_fraction_leaf': 0.00904532280803743, 'max_features': 0.17263570220603225, 'bootstrap': False, 'max_samples': 0.29770926290802313}. Best is trial 251 with value: 0.6908430332111252.[0m
[32m[I 2022-04-23 10:21:56,859][0m Trial 274 finished with value: 0.6755362838798707 and parameters: {'n_estimators': 694, 'min_samples_split': 0.010110303993574045, 'min_samples_leaf': 0.02431164614526323, 'min_weight_fraction_leaf': 2.3593138736792158e-05, 'max_features': 0.15637203319957585, 'bootstrap': False, 'max_samples': 0.38546699569690246}. Best is trial 251 with value: 0.6908430332111252.[0m
[32m[I 2022-04-23 10:22:12,674][0m Trial 275 finished with value: 0.6201408549598908 and parameters: {'n_estimators': 742, 'min_samples_split': 0.036486462461590576, 'min_samples_leaf': 0.011594267798709569, 'min_weight_fraction_leaf': 0.1940107973325154, 'max_features': 0.07655760479186266, 'bootstrap': False, 'max_samples': 0.3446648106649301}. Best is trial 251 with value: 0.6908430332111252.[0m
[32m[I 2022-04-23 10:22:17,173][0m Trial 276 finished with value: 0.5898464293296514 and parameters: {'n_estimators': 576, 'min_samples_split': 0.001707978315101501, 'min_samples_leaf': 0.2835131833011838, 'min_weight_fraction_leaf': 0.010512039101390987, 'max_features': 0.10235660554275239, 'bootstrap': False, 'max_samples': 0.3231743234480242}. Best is trial 251 with value: 0.6908430332111252.[0m
[32m[I 2022-04-23 10:24:03,957][0m Trial 277 finished with value: 0.6788236374017294 and parameters: {'n_estimators': 677, 'min_samples_split': 0.023890993276824618, 'min_samples_leaf': 0.00148984292381831, 'min_weight_fraction_leaf': 0.020873119496435368, 'max_features': 0.1253060227586154, 'bootstrap': False, 'max_samples': 0.2691465926004197}. Best is trial 251 with value: 0.6908430332111252.[0m
[32m[I 2022-04-23 10:24:25,524][0m Trial 278 finished with value: 0.6468372986057009 and parameters: {'n_estimators': 781, 'min_samples_split': 0.016484778143463025, 'min_samples_leaf': 0.13424457997754052, 'min_weight_fraction_leaf': 0.035732973666266245, 'max_features': 0.21327152764841245, 'bootstrap': False, 'max_samples': 0.1869628802642858}. Best is trial 251 with value: 0.6908430332111252.[0m
[32m[I 2022-04-23 10:25:08,441][0m Trial 279 finished with value: 0.6732370232243523 and parameters: {'n_estimators': 736, 'min_samples_split': 0.012748072175003008, 'min_samples_leaf': 0.020041046091880732, 'min_weight_fraction_leaf': 0.009481631210924758, 'max_features': 0.06019323868153881, 'bootstrap': False, 'max_samples': 0.367091019391541}. Best is trial 251 with value: 0.6908430332111252.[0m
