[32m[I 2022-04-24 04:44:31,045][0m Trial 820 finished with value: 0.6699986906861742 and parameters: {'n_estimators': 190, 'min_samples_split': 0.023649557020611812, 'min_samples_leaf': 0.04971706291576537, 'min_weight_fraction_leaf': 0.010482469013181976, 'max_features': 0.12563105132193772, 'bootstrap': False, 'max_samples': 0.3665967039766028}. Best is trial 251 with value: 0.6908430332111252.[0m
[32m[I 2022-04-24 04:45:38,790][0m Trial 821 finished with value: 0.6789382004429327 and parameters: {'n_estimators': 628, 'min_samples_split': 0.04065686692386553, 'min_samples_leaf': 0.018569235881676152, 'min_weight_fraction_leaf': 0.022917756652703153, 'max_features': 0.1579027913986159, 'bootstrap': False, 'max_samples': 0.22192775618042865}. Best is trial 251 with value: 0.6908430332111252.[0m
[32m[I 2022-04-24 04:45:53,456][0m Trial 822 finished with value: 0.6159025030273623 and parameters: {'n_estimators': 308, 'min_samples_split': 0.016158788139681364, 'min_samples_leaf': 0.001231421064060284, 'min_weight_fraction_leaf': 0.22312551147878792, 'max_features': 0.26078882281463805, 'bootstrap': False, 'max_samples': 0.2977092965415492}. Best is trial 251 with value: 0.6908430332111252.[0m
[32m[I 2022-04-24 04:46:14,740][0m Trial 823 finished with value: 0.6697015280270797 and parameters: {'n_estimators': 719, 'min_samples_split': 0.009526385983521275, 'min_samples_leaf': 0.03309182694440463, 'min_weight_fraction_leaf': 0.011450294994521062, 'max_features': 0.055862648398666045, 'bootstrap': False, 'max_samples': 0.3466346279932103}. Best is trial 251 with value: 0.6908430332111252.[0m
[32m[I 2022-04-24 04:48:02,159][0m Trial 824 finished with value: 0.6602634684655029 and parameters: {'n_estimators': 767, 'min_samples_split': 0.026229119380219414, 'min_samples_leaf': 0.0010453207500587588, 'min_weight_fraction_leaf': 0.08015605751371314, 'max_features': 0.3025855390563399, 'bootstrap': False, 'max_samples': 0.379279615938964}. Best is trial 251 with value: 0.6908430332111252.[0m
[32m[I 2022-04-24 04:48:36,330][0m Trial 825 finished with value: 0.6688517272152534 and parameters: {'n_estimators': 688, 'min_samples_split': 0.009439713349771308, 'min_samples_leaf': 0.016928904852462165, 'min_weight_fraction_leaf': 0.04168676218125044, 'max_features': 0.08327787973656907, 'bootstrap': False, 'max_samples': 0.3274566814585584}. Best is trial 251 with value: 0.6908430332111252.[0m
[32m[I 2022-04-24 04:49:34,350][0m Trial 826 finished with value: 0.6804550313541229 and parameters: {'n_estimators': 170, 'min_samples_split': 0.01778508328748945, 'min_samples_leaf': 0.00984065692122944, 'min_weight_fraction_leaf': 0.008060022689135946, 'max_features': 0.2840346230244928, 'bootstrap': False, 'max_samples': 0.2744597925308619}. Best is trial 251 with value: 0.6908430332111252.[0m
[32m[I 2022-04-24 04:49:45,846][0m Trial 827 finished with value: 0.6503383230295268 and parameters: {'n_estimators': 733, 'min_samples_split': 0.029025082607638898, 'min_samples_leaf': 0.023734265655269357, 'min_weight_fraction_leaf': 0.017584902697320923, 'max_features': 0.13760670516175352, 'bootstrap': True, 'max_samples': 0.24210497810290552, 'oob_score': False}. Best is trial 251 with value: 0.6908430332111252.[0m
[32m[I 2022-04-24 04:54:08,887][0m Trial 828 finished with value: 0.6772640852430956 and parameters: {'n_estimators': 590, 'min_samples_split': 0.010790750515175201, 'min_samples_leaf': 0.0011591272046212707, 'min_weight_fraction_leaf': 0.008821615951448786, 'max_features': 0.24294833611287356, 'bootstrap': False, 'max_samples': 0.40213048379427124}. Best is trial 251 with value: 0.6908430332111252.[0m
[32m[I 2022-04-24 04:54:34,845][0m Trial 829 finished with value: 0.6272503146244461 and parameters: {'n_estimators': 799, 'min_samples_split': 0.04051668757403239, 'min_samples_leaf': 0.01722351947926893, 'min_weight_fraction_leaf': 0.21128133289404988, 'max_features': 0.1811892863484334, 'bootstrap': False, 'max_samples': 0.042493635052542944}. Best is trial 251 with value: 0.6908430332111252.[0m
[32m[I 2022-04-24 04:55:21,837][0m Trial 830 finished with value: 0.670927758576593 and parameters: {'n_estimators': 389, 'min_samples_split': 0.0011441425605635408, 'min_samples_leaf': 0.03771769082093638, 'min_weight_fraction_leaf': 0.028962077104446086, 'max_features': 0.2591313839931543, 'bootstrap': False, 'max_samples': 0.3573104395551551}. Best is trial 251 with value: 0.6908430332111252.[0m
[32m[I 2022-04-24 04:57:08,357][0m Trial 831 finished with value: 0.6773449051788769 and parameters: {'n_estimators': 668, 'min_samples_split': 0.01998080720970432, 'min_samples_leaf': 0.01153082914673716, 'min_weight_fraction_leaf': 0.017683396740056354, 'max_features': 0.1618819910043837, 'bootstrap': False, 'max_samples': 0.316414514335584}. Best is trial 251 with value: 0.6908430332111252.[0m
[32m[I 2022-04-24 04:57:35,625][0m Trial 832 finished with value: 0.6464934221157913 and parameters: {'n_estimators': 769, 'min_samples_split': 0.02727806751404259, 'min_samples_leaf': 0.02712310898695112, 'min_weight_fraction_leaf': 0.132069034717188, 'max_features': 0.11756040660563097, 'bootstrap': False, 'max_samples': 0.2995716096616274}. Best is trial 251 with value: 0.6908430332111252.[0m
[32m[I 2022-04-24 04:58:15,266][0m Trial 833 finished with value: 0.6681961296768832 and parameters: {'n_estimators': 714, 'min_samples_split': 0.010886520517876053, 'min_samples_leaf': 0.010109123709805212, 'min_weight_fraction_leaf': 0.008734329244070095, 'max_features': 0.03610694019750477, 'bootstrap': False, 'max_samples': 0.26807417483304846}. Best is trial 251 with value: 0.6908430332111252.[0m
[32m[I 2022-04-24 05:00:54,436][0m Trial 834 finished with value: 0.6797798725243507 and parameters: {'n_estimators': 645, 'min_samples_split': 0.01630270372989756, 'min_samples_leaf': 0.017598569151035894, 'min_weight_fraction_leaf': 9.843062294472547e-05, 'max_features': 0.3142129049692789, 'bootstrap': False, 'max_samples': 0.20359985977868839}. Best is trial 251 with value: 0.6908430332111252.[0m
[32m[I 2022-04-24 05:02:48,818][0m Trial 835 finished with value: 0.6741391315951677 and parameters: {'n_estimators': 745, 'min_samples_split': 0.03520942776121637, 'min_samples_leaf': 0.02412995489848647, 'min_weight_fraction_leaf': 0.025000715460588165, 'max_features': 0.23562939136478084, 'bootstrap': False, 'max_samples': 0.3718234211047884}. Best is trial 251 with value: 0.6908430332111252.[0m
[32m[I 2022-04-24 05:02:59,194][0m Trial 836 finished with value: 0.5840728409250125 and parameters: {'n_estimators': 801, 'min_samples_split': 0.007704977178915022, 'min_samples_leaf': 0.25578459023133293, 'min_weight_fraction_leaf': 0.01590255945872491, 'max_features': 0.275928510291255, 'bootstrap': False, 'max_samples': 0.3379230121771851}. Best is trial 251 with value: 0.6908430332111252.[0m
[32m[I 2022-04-24 05:09:49,509][0m Trial 837 finished with value: 0.6807493893026945 and parameters: {'n_estimators': 690, 'min_samples_split': 0.022148524221158837, 'min_samples_leaf': 0.0013172509456400808, 'min_weight_fraction_leaf': 5.554220862484126e-05, 'max_features': 0.18963472615214147, 'bootstrap': False, 'max_samples': 0.3516946003940264}. Best is trial 251 with value: 0.6908430332111252.[0m
[32m[I 2022-04-24 05:10:50,270][0m Trial 838 finished with value: 0.674683565761192 and parameters: {'n_estimators': 552, 'min_samples_split': 0.0016982571461674541, 'min_samples_leaf': 0.00979193905115417, 'min_weight_fraction_leaf': 0.009151328741640588, 'max_features': 0.08215309549116866, 'bootstrap': False, 'max_samples': 0.3230094638228213}. Best is trial 251 with value: 0.6908430332111252.[0m
[32m[I 2022-04-24 05:11:11,701][0m Trial 839 finished with value: 0.6701025963396885 and parameters: {'n_estimators': 714, 'min_samples_split': 0.0189692430337536, 'min_samples_leaf': 0.033404079362209654, 'min_weight_fraction_leaf': 0.03342058916495916, 'max_features': 0.05425881606861879, 'bootstrap': False, 'max_samples': 0.4633007925461391}. Best is trial 251 with value: 0.6908430332111252.[0m
[32m[I 2022-04-24 05:11:27,106][0m Trial 840 finished with value: 0.672483713171863 and parameters: {'n_estimators': 140, 'min_samples_split': 0.0012366867800444378, 'min_samples_leaf': 0.018184113557768243, 'min_weight_fraction_leaf': 0.009617796555731452, 'max_features': 0.1450959474485974, 'bootstrap': False, 'max_samples': 0.39111940186797656}. Best is trial 251 with value: 0.6908430332111252.[0m
[32m[I 2022-04-24 05:12:46,910][0m Trial 841 finished with value: 0.6754393279436848 and parameters: {'n_estimators': 767, 'min_samples_split': 0.03001215973779796, 'min_samples_leaf': 0.009635176163849178, 'min_weight_fraction_leaf': 0.022040984743080246, 'max_features': 0.1096578598262961, 'bootstrap': False, 'max_samples': 0.28462902180010896}. Best is trial 251 with value: 0.6908430332111252.[0m
[32m[I 2022-04-24 05:22:50,353][0m Trial 842 finished with value: 0.6829280099673394 and parameters: {'n_estimators': 615, 'min_samples_split': 0.0010239976967812178, 'min_samples_leaf': 0.001352075531949935, 'min_weight_fraction_leaf': 0.00027002103598285966, 'max_features': 0.24568963754319276, 'bootstrap': False, 'max_samples': 0.22811751472429892}. Best is trial 251 with value: 0.6908430332111252.[0m
[32m[I 2022-04-24 05:24:26,599][0m Trial 843 finished with value: 0.674198678600751 and parameters: {'n_estimators': 616, 'min_samples_split': 0.09375604204498345, 'min_samples_leaf': 0.023776473182721223, 'min_weight_fraction_leaf': 0.0002347861175662903, 'max_features': 0.24563845920238028, 'bootstrap': False, 'max_samples': 0.2030228503621772}. Best is trial 251 with value: 0.6908430332111252.[0m
[32m[I 2022-04-24 05:27:03,106][0m Trial 844 finished with value: 0.6646428383121036 and parameters: {'n_estimators': 815, 'min_samples_split': 0.009137077250336776, 'min_samples_leaf': 0.0012249629563622377, 'min_weight_fraction_leaf': 0.049737511895462924, 'max_features': 0.262142617931074, 'bootstrap': False, 'max_samples': 0.1792583963282443}. Best is trial 251 with value: 0.6908430332111252.[0m
[32m[I 2022-04-24 05:30:21,812][0m Trial 845 finished with value: 0.6778807317832085 and parameters: {'n_estimators': 738, 'min_samples_split': 0.0019835731718537437, 'min_samples_leaf': 0.010202086566041678, 'min_weight_fraction_leaf': 0.017087440168451547, 'max_features': 0.23711136374668218, 'bootstrap': False, 'max_samples': 0.22001319712684675}. Best is trial 251 with value: 0.6908430332111252.[0m
[32m[I 2022-04-24 05:30:28,901][0m Trial 846 finished with value: 0.6287322214477802 and parameters: {'n_estimators': 454, 'min_samples_split': 0.010275697734064533, 'min_samples_leaf': 0.04374849316520555, 'min_weight_fraction_leaf': 0.008858478447252266, 'max_features': 0.2854181777216951, 'bootstrap': True, 'max_samples': 0.23657875649343815, 'oob_score': False}. Best is trial 251 with value: 0.6908430332111252.[0m
[32m[I 2022-04-24 05:31:47,508][0m Trial 847 finished with value: 0.6789012258922419 and parameters: {'n_estimators': 420, 'min_samples_split': 0.01603186250863766, 'min_samples_leaf': 0.017572447599397186, 'min_weight_fraction_leaf': 0.02524510607047443, 'max_features': 0.25657898373158516, 'bootstrap': False, 'max_samples': 0.19406720249972767}. Best is trial 251 with value: 0.6908430332111252.[0m
[32m[I 2022-04-24 05:36:37,927][0m Trial 848 finished with value: 0.6796017540002057 and parameters: {'n_estimators': 654, 'min_samples_split': 0.001134368375672193, 'min_samples_leaf': 0.001139565484683824, 'min_weight_fraction_leaf': 0.009345442950026905, 'max_features': 0.22289354772407335, 'bootstrap': False, 'max_samples': 0.2354990964955116}. Best is trial 251 with value: 0.6908430332111252.[0m
[32m[I 2022-04-24 05:37:05,905][0m Trial 849 finished with value: 0.5828592222816186 and parameters: {'n_estimators': 780, 'min_samples_split': 0.0010229441099648695, 'min_samples_leaf': 0.031636410847385915, 'min_weight_fraction_leaf': 0.26714350025753497, 'max_features': 0.27106959868595476, 'bootstrap': False, 'max_samples': 0.21075036965662733}. Best is trial 251 with value: 0.6908430332111252.[0m
[32m[I 2022-04-24 05:39:42,979][0m Trial 850 finished with value: 0.6776148513951936 and parameters: {'n_estimators': 700, 'min_samples_split': 0.023621018094202795, 'min_samples_leaf': 0.010653088298531108, 'min_weight_fraction_leaf': 0.017403912117725354, 'max_features': 0.2317364949322774, 'bootstrap': False, 'max_samples': 0.22252816332207281}. Best is trial 251 with value: 0.6908430332111252.[0m
[32m[I 2022-04-24 05:42:16,749][0m Trial 851 finished with value: 0.6707396897831919 and parameters: {'n_estimators': 836, 'min_samples_split': 0.015758347813639127, 'min_samples_leaf': 0.023123451185078102, 'min_weight_fraction_leaf': 0.03713366859760989, 'max_features': 0.30151435041476504, 'bootstrap': False, 'max_samples': 0.16464934867736342}. Best is trial 251 with value: 0.6908430332111252.[0m
[32m[I 2022-04-24 05:47:01,567][0m Trial 852 finished with value: 0.6782323627567142 and parameters: {'n_estimators': 920, 'min_samples_split': 0.04759923779051186, 'min_samples_leaf': 0.009890224340868146, 'min_weight_fraction_leaf': 0.008588393659227114, 'max_features': 0.24597890827128158, 'bootstrap': False, 'max_samples': 0.24943291367724488}. Best is trial 251 with value: 0.6908430332111252.[0m
[32m[I 2022-04-24 05:47:26,260][0m Trial 853 finished with value: 0.6748965509062941 and parameters: {'n_estimators': 156, 'min_samples_split': 0.010191465286754813, 'min_samples_leaf': 0.017550800990630236, 'min_weight_fraction_leaf': 0.024198901294168237, 'max_features': 0.2108808873561355, 'bootstrap': False, 'max_samples': 0.4137874717646884}. Best is trial 251 with value: 0.6908430332111252.[0m
[32m[I 2022-04-24 05:53:38,432][0m Trial 854 finished with value: 0.6819217572326404 and parameters: {'n_estimators': 741, 'min_samples_split': 0.001127384675764627, 'min_samples_leaf': 0.0013026896656852666, 'min_weight_fraction_leaf': 0.008402292233419591, 'max_features': 0.2784903348893289, 'bootstrap': False, 'max_samples': 0.2200985637807955}. Best is trial 251 with value: 0.6908430332111252.[0m
[32m[I 2022-04-24 05:55:53,565][0m Trial 855 finished with value: 0.6712848466584984 and parameters: {'n_estimators': 799, 'min_samples_split': 0.02599540630568764, 'min_samples_leaf': 0.030758385997790055, 'min_weight_fraction_leaf': 0.017299468293097395, 'max_features': 0.32155105221170444, 'bootstrap': False, 'max_samples': 0.3839019316729097}. Best is trial 251 with value: 0.6908430332111252.[0m
[32m[I 2022-04-24 05:59:06,341][0m Trial 856 finished with value: 0.6808487390733539 and parameters: {'n_estimators': 883, 'min_samples_split': 0.018336645689859737, 'min_samples_leaf': 0.017766781413743885, 'min_weight_fraction_leaf': 0.0006080953580042674, 'max_features': 0.25180790096581607, 'bootstrap': False, 'max_samples': 0.3650813164551292}. Best is trial 251 with value: 0.6908430332111252.[0m
[32m[I 2022-04-24 06:02:54,506][0m Trial 857 finished with value: 0.6802877846830253 and parameters: {'n_estimators': 613, 'min_samples_split': 0.0390704815821123, 'min_samples_leaf': 0.010376933148155167, 'min_weight_fraction_leaf': 0.008892179473221521, 'max_features': 0.2937421107083767, 'bootstrap': False, 'max_samples': 0.19526284389891538}. Best is trial 251 with value: 0.6908430332111252.[0m
[32m[I 2022-04-24 06:05:30,113][0m Trial 858 finished with value: 0.6750337636321879 and parameters: {'n_estimators': 685, 'min_samples_split': 0.011736698019697258, 'min_samples_leaf': 0.0010617222667399435, 'min_weight_fraction_leaf': 0.030680406234178875, 'max_features': 0.22148339322698335, 'bootstrap': False, 'max_samples': 0.24960089907705557}. Best is trial 251 with value: 0.6908430332111252.[0m
[32m[I 2022-04-24 06:07:27,093][0m Trial 859 finished with value: 0.6750401979193155 and parameters: {'n_estimators': 765, 'min_samples_split': 0.030608782537575815, 'min_samples_leaf': 0.02459609635844805, 'min_weight_fraction_leaf': 0.00016876124266690588, 'max_features': 0.26207885313611107, 'bootstrap': False, 'max_samples': 0.34963654976181757}. Best is trial 251 with value: 0.6908430332111252.[0m
[32m[I 2022-04-24 06:10:26,516][0m Trial 860 finished with value: 0.6568559955695263 and parameters: {'n_estimators': 714, 'min_samples_split': 0.009290443268270904, 'min_samples_leaf': 0.03946685602458247, 'min_weight_fraction_leaf': 0.017170012844458443, 'max_features': 0.609145470681327, 'bootstrap': False, 'max_samples': 0.37655627589632173}. Best is trial 251 with value: 0.6908430332111252.[0m
[32m[I 2022-04-24 06:11:02,070][0m Trial 861 finished with value: 0.669823381835365 and parameters: {'n_estimators': 106, 'min_samples_split': 0.021251417912719797, 'min_samples_leaf': 0.010221890149084778, 'min_weight_fraction_leaf': 1.8833195563224524e-05, 'max_features': 0.23714794142899845, 'bootstrap': False, 'max_samples': 0.23408931788851714}. Best is trial 251 with value: 0.6908430332111252.[0m
[32m[I 2022-04-24 06:14:29,084][0m Trial 862 finished with value: 0.6775879546937025 and parameters: {'n_estimators': 828, 'min_samples_split': 0.00932352077852814, 'min_samples_leaf': 0.01659634746862758, 'min_weight_fraction_leaf': 0.017823777740088413, 'max_features': 0.2739214102698371, 'bootstrap': False, 'max_samples': 0.14713057280067496}. Best is trial 251 with value: 0.6908430332111252.[0m
[32m[I 2022-04-24 06:16:53,940][0m Trial 863 finished with value: 0.6735922334903905 and parameters: {'n_estimators': 655, 'min_samples_split': 0.017389986789424702, 'min_samples_leaf': 0.02630784752633039, 'min_weight_fraction_leaf': 0.007705348001557902, 'max_features': 0.3663576608830061, 'bootstrap': False, 'max_samples': 0.4307939197712046}. Best is trial 251 with value: 0.6908430332111252.[0m
[32m[I 2022-04-24 06:19:10,556][0m Trial 864 finished with value: 0.673290259433227 and parameters: {'n_estimators': 738, 'min_samples_split': 0.03321117972512998, 'min_samples_leaf': 0.009858633598009528, 'min_weight_fraction_leaf': 0.027266369402167027, 'max_features': 0.20766368088428816, 'bootstrap': False, 'max_samples': 0.34310087379666}. Best is trial 251 with value: 0.6908430332111252.[0m
[32m[I 2022-04-24 06:19:32,015][0m Trial 865 finished with value: 0.665674434796544 and parameters: {'n_estimators': 788, 'min_samples_split': 0.02599201860058636, 'min_samples_leaf': 0.05324099967601834, 'min_weight_fraction_leaf': 0.01570104998449884, 'max_features': 0.06874842015658715, 'bootstrap': False, 'max_samples': 0.365283313130272}. Best is trial 251 with value: 0.6908430332111252.[0m
[32m[I 2022-04-24 06:19:38,803][0m Trial 866 finished with value: 0.6410055970082944 and parameters: {'n_estimators': 686, 'min_samples_split': 0.009841970614062681, 'min_samples_leaf': 0.01728877308846457, 'min_weight_fraction_leaf': 0.008518357500921746, 'max_features': 0.02111122627673403, 'bootstrap': True, 'max_samples': 0.40066451741261816, 'oob_score': False}. Best is trial 251 with value: 0.6908430332111252.[0m
[32m[I 2022-04-24 06:23:26,319][0m Trial 867 finished with value: 0.673865918301332 and parameters: {'n_estimators': 858, 'min_samples_split': 0.0011828074506994768, 'min_samples_leaf': 0.009161436817428047, 'min_weight_fraction_leaf': 0.02443740871635958, 'max_features': 0.29258379977745713, 'bootstrap': False, 'max_samples': 0.32746330385017725}. Best is trial 251 with value: 0.6908430332111252.[0m
[32m[I 2022-04-24 06:24:42,290][0m Trial 868 finished with value: 0.6683967332231283 and parameters: {'n_estimators': 271, 'min_samples_split': 0.016974292567892187, 'min_samples_leaf': 0.0011892977018202328, 'min_weight_fraction_leaf': 0.03833005054952299, 'max_features': 0.3336642459729735, 'bootstrap': False, 'max_samples': 0.2580888081509124}. Best is trial 251 with value: 0.6908430332111252.[0m
[32m[I 2022-04-24 06:26:14,937][0m Trial 869 finished with value: 0.6727672655262436 and parameters: {'n_estimators': 759, 'min_samples_split': 0.038723590046386314, 'min_samples_leaf': 0.032352886238109, 'min_weight_fraction_leaf': 0.008893218657245417, 'max_features': 0.24023361545999727, 'bootstrap': False, 'max_samples': 0.21369082588230193}. Best is trial 251 with value: 0.6908430332111252.[0m
[32m[I 2022-04-24 06:28:25,539][0m Trial 870 finished with value: 0.6763760316994644 and parameters: {'n_estimators': 716, 'min_samples_split': 0.024066669920466896, 'min_samples_leaf': 0.02273103317744278, 'min_weight_fraction_leaf': 0.01598791209508875, 'max_features': 0.2622441971902724, 'bootstrap': False, 'max_samples': 0.5347847713820528}. Best is trial 251 with value: 0.6908430332111252.[0m
[32m[I 2022-04-24 06:29:02,131][0m Trial 871 finished with value: 0.684750814086945 and parameters: {'n_estimators': 120, 'min_samples_split': 0.009630563521344112, 'min_samples_leaf': 0.009952987370798387, 'min_weight_fraction_leaf': 0.00837543110442286, 'max_features': 0.22080961999050897, 'bootstrap': False, 'max_samples': 0.3833180214821948}. Best is trial 251 with value: 0.6908430332111252.[0m
[32m[I 2022-04-24 06:30:00,476][0m Trial 872 finished with value: 0.6780926232141244 and parameters: {'n_estimators': 136, 'min_samples_split': 0.0011015717038563022, 'min_samples_leaf': 0.001219085393189638, 'min_weight_fraction_leaf': 0.008046156955212078, 'max_features': 0.2095940074703089, 'bootstrap': False, 'max_samples': 0.40201873203400423}. Best is trial 251 with value: 0.6908430332111252.[0m
[32m[I 2022-04-24 06:30:24,932][0m Trial 873 finished with value: 0.6709249738797949 and parameters: {'n_estimators': 132, 'min_samples_split': 0.12218529880951942, 'min_samples_leaf': 0.010233869306131346, 'min_weight_fraction_leaf': 0.0007075463033685021, 'max_features': 0.2050351522222263, 'bootstrap': False, 'max_samples': 0.3903885892588483}. Best is trial 251 with value: 0.6908430332111252.[0m
