[32m[I 2022-04-21 11:41:43,582][0m Trial 54 finished with value: 0.8427903724166675 and parameters: {'n_estimators': 307, 'min_samples_split': 0.29120374894504764, 'min_samples_leaf': 0.1767426790785768, 'min_weight_fraction_leaf': 0.1403504612273871, 'max_features': 0.10822114138825428, 'bootstrap': False, 'max_samples': 0.4048170570070274}. Best is trial 50 with value: 0.8427903724166675.[0m
[32m[I 2022-04-21 11:41:46,609][0m Trial 55 finished with value: 0.8426442432752064 and parameters: {'n_estimators': 168, 'min_samples_split': 0.29174422617068846, 'min_samples_leaf': 0.14382424554485834, 'min_weight_fraction_leaf': 0.21671099168948893, 'max_features': 0.18189006489290438, 'bootstrap': False, 'max_samples': 0.39211172529492294}. Best is trial 50 with value: 0.8427903724166675.[0m
[32m[I 2022-04-21 11:41:49,984][0m Trial 56 finished with value: 0.7318450474400788 and parameters: {'n_estimators': 280, 'min_samples_split': 0.24254783410987898, 'min_samples_leaf': 0.038527781293013284, 'min_weight_fraction_leaf': 0.2911226208334309, 'max_features': 0.1824944602197543, 'bootstrap': False, 'max_samples': 0.3007180937909802}. Best is trial 50 with value: 0.8427903724166675.[0m
[32m[I 2022-04-21 11:41:54,356][0m Trial 57 finished with value: 0.8427903724166675 and parameters: {'n_estimators': 365, 'min_samples_split': 0.20389417433822368, 'min_samples_leaf': 0.17442623683569555, 'min_weight_fraction_leaf': 0.032974515707788844, 'max_features': 0.10445611357232563, 'bootstrap': False, 'max_samples': 0.6054040256776119}. Best is trial 50 with value: 0.8427903724166675.[0m
[32m[I 2022-04-21 11:41:59,655][0m Trial 58 finished with value: 0.8423365294418309 and parameters: {'n_estimators': 320, 'min_samples_split': 0.14362297817461134, 'min_samples_leaf': 0.1171705393055778, 'min_weight_fraction_leaf': 0.004874162015527719, 'max_features': 0.12025208336575108, 'bootstrap': True, 'max_samples': 0.6040420380889476, 'oob_score': True}. Best is trial 50 with value: 0.8427903724166675.[0m
[32m[I 2022-04-21 11:42:03,242][0m Trial 59 finished with value: 0.8427903724166675 and parameters: {'n_estimators': 213, 'min_samples_split': 0.21143321346314653, 'min_samples_leaf': 0.17815504842527127, 'min_weight_fraction_leaf': 0.04284658639555755, 'max_features': 0.04488165333828027, 'bootstrap': False, 'max_samples': 0.4136454616868984}. Best is trial 50 with value: 0.8427903724166675.[0m
[32m[I 2022-04-21 11:42:06,767][0m Trial 60 finished with value: 0.839201170342092 and parameters: {'n_estimators': 217, 'min_samples_split': 0.2185241945097677, 'min_samples_leaf': 0.1648336335707621, 'min_weight_fraction_leaf': 0.03633385934277596, 'max_features': 0.21763627374774486, 'bootstrap': False, 'max_samples': 0.48080499964570034}. Best is trial 50 with value: 0.8427903724166675.[0m
[32m[I 2022-04-21 11:42:11,041][0m Trial 61 finished with value: 0.65 and parameters: {'n_estimators': 365, 'min_samples_split': 0.20019518326914787, 'min_samples_leaf': 0.1645693456915433, 'min_weight_fraction_leaf': 0.4067450650175768, 'max_features': 0.047091292092265945, 'bootstrap': False, 'max_samples': 0.4112947324739464}. Best is trial 50 with value: 0.8427903724166675.[0m
[32m[I 2022-04-21 11:42:14,523][0m Trial 62 finished with value: 0.841797032978128 and parameters: {'n_estimators': 249, 'min_samples_split': 0.1694818628861911, 'min_samples_leaf': 0.10081557573509733, 'min_weight_fraction_leaf': 0.025265697764796535, 'max_features': 0.08479059650826527, 'bootstrap': False, 'max_samples': 0.41746143088423915}. Best is trial 50 with value: 0.8427903724166675.[0m
[32m[I 2022-04-21 11:42:18,793][0m Trial 63 finished with value: 0.8426442432752064 and parameters: {'n_estimators': 390, 'min_samples_split': 0.2412889102989879, 'min_samples_leaf': 0.18177502775873233, 'min_weight_fraction_leaf': 0.1821416971130304, 'max_features': 0.043887000577918826, 'bootstrap': False, 'max_samples': 0.3559613832791984}. Best is trial 50 with value: 0.8427903724166675.[0m
[32m[I 2022-04-21 11:42:22,809][0m Trial 64 finished with value: 0.8379020197379132 and parameters: {'n_estimators': 303, 'min_samples_split': 0.28351023378011514, 'min_samples_leaf': 0.06434488971053687, 'min_weight_fraction_leaf': 0.24600473425501337, 'max_features': 0.1523993284326825, 'bootstrap': False, 'max_samples': 0.413883553198242}. Best is trial 50 with value: 0.8427903724166675.[0m
[32m[I 2022-04-21 11:42:26,672][0m Trial 65 finished with value: 0.8426442432752064 and parameters: {'n_estimators': 251, 'min_samples_split': 0.26044892853217605, 'min_samples_leaf': 0.00772010520003851, 'min_weight_fraction_leaf': 0.20003434400962583, 'max_features': 0.06327190288951684, 'bootstrap': False, 'max_samples': 0.32043321717757844}. Best is trial 50 with value: 0.8427903724166675.[0m
[32m[I 2022-04-21 11:42:30,625][0m Trial 66 finished with value: 0.8426442432752064 and parameters: {'n_estimators': 258, 'min_samples_split': 0.2589974591448393, 'min_samples_leaf': 0.20978171969690634, 'min_weight_fraction_leaf': 0.14309320921792446, 'max_features': 0.11590419358000449, 'bootstrap': False, 'max_samples': 0.20043232134626596}. Best is trial 50 with value: 0.8427903724166675.[0m
[32m[I 2022-04-21 11:42:33,686][0m Trial 67 finished with value: 0.8426442432752064 and parameters: {'n_estimators': 162, 'min_samples_split': 0.2954066904094128, 'min_samples_leaf': 0.18162169594543828, 'min_weight_fraction_leaf': 0.17563239295367822, 'max_features': 0.19822396353878746, 'bootstrap': False, 'max_samples': 0.5200911504593072}. Best is trial 50 with value: 0.8427903724166675.[0m
[32m[I 2022-04-21 11:42:37,839][0m Trial 68 finished with value: 0.8379020197379132 and parameters: {'n_estimators': 297, 'min_samples_split': 0.31849831700783404, 'min_samples_leaf': 0.237054023122861, 'min_weight_fraction_leaf': 0.14961541677273352, 'max_features': 0.1133882932030473, 'bootstrap': False, 'max_samples': 0.008012344806876959}. Best is trial 50 with value: 0.8427903724166675.[0m
[32m[I 2022-04-21 11:42:43,138][0m Trial 69 finished with value: 0.8370457077078747 and parameters: {'n_estimators': 489, 'min_samples_split': 0.15555609894584507, 'min_samples_leaf': 0.12656850780407344, 'min_weight_fraction_leaf': 0.05482931192771842, 'max_features': 0.3477802848209569, 'bootstrap': False, 'max_samples': 0.4710926426997247}. Best is trial 50 with value: 0.8427903724166675.[0m
[32m[I 2022-04-21 11:42:47,148][0m Trial 70 finished with value: 0.7349750961345928 and parameters: {'n_estimators': 331, 'min_samples_split': 0.11866710342663059, 'min_samples_leaf': 0.04689297912598209, 'min_weight_fraction_leaf': 0.2610278277747373, 'max_features': 0.005294050262832023, 'bootstrap': False, 'max_samples': 0.6761920543663804}. Best is trial 50 with value: 0.8427903724166675.[0m
[32m[I 2022-04-21 11:42:50,010][0m Trial 71 finished with value: 0.8417986399666695 and parameters: {'n_estimators': 154, 'min_samples_split': 0.08340705957688968, 'min_samples_leaf': 0.1612584896319904, 'min_weight_fraction_leaf': 0.22652020870556996, 'max_features': 0.022858836102106272, 'bootstrap': False, 'max_samples': 0.36792773275850504}. Best is trial 50 with value: 0.8427903724166675.[0m
[32m[I 2022-04-21 11:42:53,261][0m Trial 72 finished with value: 0.839201170342092 and parameters: {'n_estimators': 203, 'min_samples_split': 0.47777011877321923, 'min_samples_leaf': 0.15205948385565737, 'min_weight_fraction_leaf': 0.07776067608663972, 'max_features': 0.03767081730853496, 'bootstrap': False, 'max_samples': 0.5968700433030352}. Best is trial 50 with value: 0.8427903724166675.[0m
[32m[I 2022-04-21 11:42:56,239][0m Trial 73 finished with value: 0.83746760995584 and parameters: {'n_estimators': 190, 'min_samples_split': 0.22475441987368083, 'min_samples_leaf': 0.13307612626197762, 'min_weight_fraction_leaf': 0.10851549739647558, 'max_features': 0.10627218584369458, 'bootstrap': False, 'max_samples': 0.3946372740868972}. Best is trial 50 with value: 0.8427903724166675.[0m
[32m[I 2022-04-21 11:42:59,054][0m Trial 74 finished with value: 0.8426442432752064 and parameters: {'n_estimators': 143, 'min_samples_split': 0.20573441932460768, 'min_samples_leaf': 0.07847029795737477, 'min_weight_fraction_leaf': 0.2045186091594435, 'max_features': 0.025467085773620904, 'bootstrap': False, 'max_samples': 0.27430505954000567}. Best is trial 50 with value: 0.8427903724166675.[0m
[32m[I 2022-04-21 11:43:02,732][0m Trial 75 finished with value: 0.8426442432752064 and parameters: {'n_estimators': 167, 'min_samples_split': 0.28829302538948665, 'min_samples_leaf': 0.05816682551815573, 'min_weight_fraction_leaf': 0.2132907352509313, 'max_features': 0.15714146159419928, 'bootstrap': False, 'max_samples': 0.34269029641674453}. Best is trial 50 with value: 0.8427903724166675.[0m
[32m[I 2022-04-21 11:43:07,480][0m Trial 76 finished with value: 0.8426442432752064 and parameters: {'n_estimators': 416, 'min_samples_split': 0.2392380714368966, 'min_samples_leaf': 0.18357781013608254, 'min_weight_fraction_leaf': 0.1862544995542626, 'max_features': 0.06920783073158554, 'bootstrap': False, 'max_samples': 0.33439836865161837}. Best is trial 50 with value: 0.8427903724166675.[0m
[32m[I 2022-04-21 11:43:12,101][0m Trial 77 finished with value: 0.65 and parameters: {'n_estimators': 220, 'min_samples_split': 0.3666940622526968, 'min_samples_leaf': 0.21332311778217927, 'min_weight_fraction_leaf': 0.10120554485279004, 'max_features': 0.7584955320887816, 'bootstrap': True, 'max_samples': 0.44606600138946945, 'oob_score': True}. Best is trial 50 with value: 0.8427903724166675.[0m
[32m[I 2022-04-21 11:43:16,578][0m Trial 78 finished with value: 0.7349750961345928 and parameters: {'n_estimators': 373, 'min_samples_split': 0.2277626812017362, 'min_samples_leaf': 0.2629035050899596, 'min_weight_fraction_leaf': 0.15842928351224486, 'max_features': 0.08455133802490836, 'bootstrap': False, 'max_samples': 0.3840628108770715}. Best is trial 50 with value: 0.8427903724166675.[0m
[32m[I 2022-04-21 11:43:21,821][0m Trial 79 finished with value: 0.840409196047893 and parameters: {'n_estimators': 459, 'min_samples_split': 0.18941347845195755, 'min_samples_leaf': 0.17570633861794083, 'min_weight_fraction_leaf': 0.12508979361981637, 'max_features': 0.6268572379684803, 'bootstrap': False, 'max_samples': 0.7568763834194803}. Best is trial 50 with value: 0.8427903724166675.[0m
[32m[I 2022-04-21 11:43:24,462][0m Trial 80 finished with value: 0.8426442432752064 and parameters: {'n_estimators': 127, 'min_samples_split': 0.429008204004388, 'min_samples_leaf': 0.20146404510314023, 'min_weight_fraction_leaf': 0.06957302009337415, 'max_features': 0.0561411856018243, 'bootstrap': False, 'max_samples': 0.30158323127076864}. Best is trial 50 with value: 0.8427903724166675.[0m
[32m[I 2022-04-21 11:43:27,096][0m Trial 81 finished with value: 0.8426442432752064 and parameters: {'n_estimators': 110, 'min_samples_split': 0.47334164461996303, 'min_samples_leaf': 0.19514076886773915, 'min_weight_fraction_leaf': 0.18701841624851764, 'max_features': 0.05066142354225139, 'bootstrap': False, 'max_samples': 0.294173965037142}. Best is trial 50 with value: 0.8427903724166675.[0m
[32m[I 2022-04-21 11:43:29,507][0m Trial 82 finished with value: 0.839201170342092 and parameters: {'n_estimators': 113, 'min_samples_split': 0.47642341999241433, 'min_samples_leaf': 0.15585746848675056, 'min_weight_fraction_leaf': 0.16660089536444983, 'max_features': 0.13131388454027973, 'bootstrap': False, 'max_samples': 0.49298510113328436}. Best is trial 50 with value: 0.8427903724166675.[0m
[32m[I 2022-04-21 11:43:32,452][0m Trial 83 finished with value: 0.8426442432752064 and parameters: {'n_estimators': 135, 'min_samples_split': 0.45586030550787343, 'min_samples_leaf': 0.11061442438796186, 'min_weight_fraction_leaf': 0.19770953383660483, 'max_features': 0.015113397515446918, 'bootstrap': False, 'max_samples': 0.23026268197697938}. Best is trial 50 with value: 0.8427903724166675.[0m
[32m[I 2022-04-21 11:43:35,173][0m Trial 84 finished with value: 0.8379020197379132 and parameters: {'n_estimators': 101, 'min_samples_split': 0.4382542130998113, 'min_samples_leaf': 0.22891812048440077, 'min_weight_fraction_leaf': 0.23887632052136462, 'max_features': 0.01383608746720122, 'bootstrap': False, 'max_samples': 0.21503065816228906}. Best is trial 50 with value: 0.8427903724166675.[0m
[32m[I 2022-04-21 11:43:40,520][0m Trial 85 finished with value: 0.8378049085022029 and parameters: {'n_estimators': 406, 'min_samples_split': 0.309224061042926, 'min_samples_leaf': 0.18786453208134105, 'min_weight_fraction_leaf': 0.0013953085598039094, 'max_features': 0.9943952094275781, 'bootstrap': False, 'max_samples': 0.4465820226503817}. Best is trial 50 with value: 0.8427903724166675.[0m
[32m[I 2022-04-21 11:43:44,428][0m Trial 86 finished with value: 0.8426442432752064 and parameters: {'n_estimators': 276, 'min_samples_split': 0.2642863712875524, 'min_samples_leaf': 0.20869755251385752, 'min_weight_fraction_leaf': 0.14583070185824407, 'max_features': 0.12217791042526246, 'bootstrap': False, 'max_samples': 0.0596584925229042}. Best is trial 50 with value: 0.8427903724166675.[0m
[32m[I 2022-04-21 11:43:47,378][0m Trial 87 finished with value: 0.65 and parameters: {'n_estimators': 124, 'min_samples_split': 0.4119777959927848, 'min_samples_leaf': 0.13367013629767502, 'min_weight_fraction_leaf': 0.13521031385395874, 'max_features': 0.0015015368641987888, 'bootstrap': True, 'max_samples': 0.26579055327027956, 'oob_score': False}. Best is trial 50 with value: 0.8427903724166675.[0m
[32m[I 2022-04-21 11:43:50,248][0m Trial 88 finished with value: 0.733699051149135 and parameters: {'n_estimators': 178, 'min_samples_split': 0.34843193147905716, 'min_samples_leaf': 0.25226942288849363, 'min_weight_fraction_leaf': 0.09083835791537898, 'max_features': 0.21025940879353125, 'bootstrap': False, 'max_samples': 0.5053946012963991}. Best is trial 50 with value: 0.8427903724166675.[0m
[32m[I 2022-04-21 11:43:53,559][0m Trial 89 finished with value: 0.8379020197379132 and parameters: {'n_estimators': 224, 'min_samples_split': 0.3910039825575247, 'min_samples_leaf': 0.24462907950504453, 'min_weight_fraction_leaf': 0.0492821139235351, 'max_features': 0.0806485871540091, 'bootstrap': False, 'max_samples': 0.5625199904280709}. Best is trial 50 with value: 0.8427903724166675.[0m
[32m[I 2022-04-21 11:43:56,125][0m Trial 90 finished with value: 0.8426442432752064 and parameters: {'n_estimators': 106, 'min_samples_split': 0.3285264087772276, 'min_samples_leaf': 0.14350326350061715, 'min_weight_fraction_leaf': 0.21909514346144698, 'max_features': 0.17198691730129886, 'bootstrap': False, 'max_samples': 0.4317170077849936}. Best is trial 50 with value: 0.8427903724166675.[0m
[32m[I 2022-04-21 11:43:58,881][0m Trial 91 finished with value: 0.8427903724166675 and parameters: {'n_estimators': 104, 'min_samples_split': 0.3293030486584207, 'min_samples_leaf': 0.17426299193466852, 'min_weight_fraction_leaf': 0.17387566027898935, 'max_features': 0.16467157171435418, 'bootstrap': False, 'max_samples': 0.5183339265172515}. Best is trial 50 with value: 0.8427903724166675.[0m
[32m[I 2022-04-21 11:44:01,984][0m Trial 92 finished with value: 0.8427903724166675 and parameters: {'n_estimators': 198, 'min_samples_split': 0.24923858550561606, 'min_samples_leaf': 0.17186300971857182, 'min_weight_fraction_leaf': 0.17962485815060142, 'max_features': 0.0969752894525341, 'bootstrap': False, 'max_samples': 0.35655799351258255}. Best is trial 50 with value: 0.8427903724166675.[0m
[32m[I 2022-04-21 11:44:05,462][0m Trial 93 finished with value: 0.8427903724166675 and parameters: {'n_estimators': 243, 'min_samples_split': 0.2957420813926578, 'min_samples_leaf': 0.17749726925516945, 'min_weight_fraction_leaf': 0.17315349843426048, 'max_features': 0.19375216740878867, 'bootstrap': False, 'max_samples': 0.516873770427623}. Best is trial 50 with value: 0.8427903724166675.[0m
[32m[I 2022-04-21 11:44:09,051][0m Trial 94 finished with value: 0.8423083212244602 and parameters: {'n_estimators': 249, 'min_samples_split': 0.2511613554136871, 'min_samples_leaf': 0.1727574217870556, 'min_weight_fraction_leaf': 0.11538727593213156, 'max_features': 0.2626813000163063, 'bootstrap': False, 'max_samples': 0.31492622315036367}. Best is trial 50 with value: 0.8427903724166675.[0m
[32m[I 2022-04-21 11:44:13,599][0m Trial 95 finished with value: 0.8426442432752064 and parameters: {'n_estimators': 345, 'min_samples_split': 0.27648292564323, 'min_samples_leaf': 0.19797694679059566, 'min_weight_fraction_leaf': 0.18564830579926112, 'max_features': 0.05881444483288144, 'bootstrap': False, 'max_samples': 0.29160311457862254}. Best is trial 50 with value: 0.8427903724166675.[0m
[32m[I 2022-04-21 11:44:17,124][0m Trial 96 finished with value: 0.839201170342092 and parameters: {'n_estimators': 232, 'min_samples_split': 0.3060435219738865, 'min_samples_leaf': 0.15467688417508285, 'min_weight_fraction_leaf': 0.16240237649902492, 'max_features': 0.0939207139541432, 'bootstrap': False, 'max_samples': 0.47000726997721504}. Best is trial 50 with value: 0.8427903724166675.[0m
[32m[I 2022-04-21 11:44:20,339][0m Trial 97 finished with value: 0.8423083212244602 and parameters: {'n_estimators': 209, 'min_samples_split': 0.2913614588309337, 'min_samples_leaf': 0.1730791399991025, 'min_weight_fraction_leaf': 0.026372835729048735, 'max_features': 0.3007502261245586, 'bootstrap': False, 'max_samples': 0.5494452818600694}. Best is trial 50 with value: 0.8427903724166675.[0m
[32m[I 2022-04-21 11:44:23,966][0m Trial 98 finished with value: 0.8426442432752064 and parameters: {'n_estimators': 280, 'min_samples_split': 0.2615938090488887, 'min_samples_leaf': 0.21920130408621818, 'min_weight_fraction_leaf': 0.1375426674750984, 'max_features': 0.23423167448159674, 'bootstrap': False, 'max_samples': 0.5275488409754864}. Best is trial 50 with value: 0.8427903724166675.[0m
[32m[I 2022-04-21 11:44:27,439][0m Trial 99 finished with value: 0.8426442432752064 and parameters: {'n_estimators': 288, 'min_samples_split': 0.2111258126762697, 'min_samples_leaf': 0.21624726924986556, 'min_weight_fraction_leaf': 0.12285390306982967, 'max_features': 0.2361643861308223, 'bootstrap': False, 'max_samples': 0.5268356335613884}. Best is trial 50 with value: 0.8427903724166675.[0m
[32m[I 2022-04-21 11:44:31,543][0m Trial 100 finished with value: 0.8426442432752064 and parameters: {'n_estimators': 294, 'min_samples_split': 0.20923810962007902, 'min_samples_leaf': 0.20098865308902308, 'min_weight_fraction_leaf': 0.11715123864058088, 'max_features': 0.24104572485447906, 'bootstrap': False, 'max_samples': 0.5961971869626549}. Best is trial 50 with value: 0.8427903724166675.[0m
[32m[I 2022-04-21 11:44:33,687][0m Trial 101 finished with value: 0.8426442432752064 and parameters: {'n_estimators': 107, 'min_samples_split': 0.43630275900276216, 'min_samples_leaf': 0.1231095873604943, 'min_weight_fraction_leaf': 0.21042503578166616, 'max_features': 0.024545639523094076, 'bootstrap': False, 'max_samples': 0.3950592061292634}. Best is trial 50 with value: 0.8427903724166675.[0m
[32m[I 2022-04-21 11:44:36,283][0m Trial 102 finished with value: 0.8379020197379132 and parameters: {'n_estimators': 122, 'min_samples_split': 0.2740848271817773, 'min_samples_leaf': 0.1665610162944704, 'min_weight_fraction_leaf': 0.23137063462722246, 'max_features': 0.1424452283387912, 'bootstrap': False, 'max_samples': 0.35236866990576154}. Best is trial 50 with value: 0.8427903724166675.[0m
[32m[I 2022-04-21 11:44:39,854][0m Trial 103 finished with value: 0.8426442432752064 and parameters: {'n_estimators': 260, 'min_samples_split': 0.25205727616018175, 'min_samples_leaf': 0.19961722935028203, 'min_weight_fraction_leaf': 0.03290958079303852, 'max_features': 0.05515412980827586, 'bootstrap': False, 'max_samples': 0.3245420612615812}. Best is trial 50 with value: 0.8427903724166675.[0m
[32m[I 2022-04-21 11:44:43,762][0m Trial 104 finished with value: 0.8427903724166675 and parameters: {'n_estimators': 259, 'min_samples_split': 0.25777884220793135, 'min_samples_leaf': 0.177298814906094, 'min_weight_fraction_leaf': 0.1777508371717497, 'max_features': 0.2033994143948033, 'bootstrap': False, 'max_samples': 0.6490172519505218}. Best is trial 50 with value: 0.8427903724166675.[0m
[32m[I 2022-04-21 11:44:47,437][0m Trial 105 finished with value: 0.8426442432752064 and parameters: {'n_estimators': 259, 'min_samples_split': 0.2477139171911409, 'min_samples_leaf': 0.18490020139791705, 'min_weight_fraction_leaf': 0.034253686869123445, 'max_features': 0.1624937607887344, 'bootstrap': False, 'max_samples': 0.62955094851496}. Best is trial 50 with value: 0.8427903724166675.[0m
[32m[I 2022-04-21 11:44:51,427][0m Trial 106 finished with value: 0.7318450474400788 and parameters: {'n_estimators': 311, 'min_samples_split': 0.23636553891249176, 'min_samples_leaf': 0.2867298865938554, 'min_weight_fraction_leaf': 0.1415779462558749, 'max_features': 0.12037648950478315, 'bootstrap': False, 'max_samples': 0.6583726217960869}. Best is trial 50 with value: 0.8427903724166675.[0m
[32m[I 2022-04-21 11:44:55,580][0m Trial 107 finished with value: 0.7204136353266629 and parameters: {'n_estimators': 240, 'min_samples_split': 0.33702447799533136, 'min_samples_leaf': 0.14496369031347536, 'min_weight_fraction_leaf': 0.17520357101156586, 'max_features': 0.19713147185757024, 'bootstrap': True, 'max_samples': 0.4316352163185243, 'oob_score': False}. Best is trial 50 with value: 0.8427903724166675.[0m
