[32m[I 2022-04-23 15:52:48,118][0m Trial 442 finished with value: 0.673640239601777 and parameters: {'n_estimators': 736, 'min_samples_split': 0.0010287849976653857, 'min_samples_leaf': 0.033638488333914696, 'min_weight_fraction_leaf': 0.016121887405214315, 'max_features': 0.16348459617783845, 'bootstrap': False, 'max_samples': 0.29892701544040196}. Best is trial 251 with value: 0.6908430332111252.[0m
[32m[I 2022-04-23 15:59:10,529][0m Trial 443 finished with value: 0.6808629901370669 and parameters: {'n_estimators': 798, 'min_samples_split': 0.019118954457647788, 'min_samples_leaf': 0.0011357593412407432, 'min_weight_fraction_leaf': 0.008631255945364196, 'max_features': 0.23442550405970825, 'bootstrap': False, 'max_samples': 0.3221128060674949}. Best is trial 251 with value: 0.6908430332111252.[0m
[32m[I 2022-04-23 16:09:35,281][0m Trial 444 finished with value: 0.626027035404692 and parameters: {'n_estimators': 692, 'min_samples_split': 0.010950316164842221, 'min_samples_leaf': 0.010900174961685298, 'min_weight_fraction_leaf': 0.022285034724996253, 'max_features': 0.9859957129993178, 'bootstrap': False, 'max_samples': 0.387120908406557}. Best is trial 251 with value: 0.6908430332111252.[0m
[32m[I 2022-04-23 16:10:31,770][0m Trial 445 finished with value: 0.6736546351785887 and parameters: {'n_estimators': 667, 'min_samples_split': 0.028373833595128337, 'min_samples_leaf': 0.018311248449764853, 'min_weight_fraction_leaf': 0.0005446153279759622, 'max_features': 0.09367702044390572, 'bootstrap': False, 'max_samples': 0.36800666553647915}. Best is trial 251 with value: 0.6908430332111252.[0m
[32m[I 2022-04-23 16:10:54,144][0m Trial 446 finished with value: 0.6585020154188219 and parameters: {'n_estimators': 748, 'min_samples_split': 0.010883926447975801, 'min_samples_leaf': 0.0012923309351411567, 'min_weight_fraction_leaf': 0.010815683689942533, 'max_features': 0.04686355559592492, 'bootstrap': True, 'max_samples': 0.35059967031162426, 'oob_score': False}. Best is trial 251 with value: 0.6908430332111252.[0m
[32m[I 2022-04-23 16:11:36,125][0m Trial 447 finished with value: 0.6755756500897337 and parameters: {'n_estimators': 556, 'min_samples_split': 0.041778739039663434, 'min_samples_leaf': 0.029882253770741746, 'min_weight_fraction_leaf': 0.026918704686379018, 'max_features': 0.12417091515852445, 'bootstrap': False, 'max_samples': 0.32657663564920975}. Best is trial 251 with value: 0.6908430332111252.[0m
[32m[I 2022-04-23 16:14:19,142][0m Trial 448 finished with value: 0.6782662250215298 and parameters: {'n_estimators': 785, 'min_samples_split': 0.02076629309210052, 'min_samples_leaf': 0.010494712614630714, 'min_weight_fraction_leaf': 0.01593254806069299, 'max_features': 0.18486716106443749, 'bootstrap': False, 'max_samples': 0.29814126597365886}. Best is trial 251 with value: 0.6908430332111252.[0m
[32m[I 2022-04-23 16:15:29,290][0m Trial 449 finished with value: 0.6685237610772005 and parameters: {'n_estimators': 718, 'min_samples_split': 0.032766139787977745, 'min_samples_leaf': 0.016803794124546835, 'min_weight_fraction_leaf': 0.04776500942762712, 'max_features': 0.15240774021599604, 'bootstrap': False, 'max_samples': 0.2573783424910574}. Best is trial 251 with value: 0.6908430332111252.[0m
[32m[I 2022-04-23 16:16:21,870][0m Trial 450 finished with value: 0.666573428264763 and parameters: {'n_estimators': 628, 'min_samples_split': 0.010165046503256107, 'min_samples_leaf': 0.04581801309329049, 'min_weight_fraction_leaf': 0.009631124048262526, 'max_features': 0.2035986845204886, 'bootstrap': False, 'max_samples': 0.38028091058675806}. Best is trial 251 with value: 0.6908430332111252.[0m
[32m[I 2022-04-23 16:16:36,170][0m Trial 451 finished with value: 0.6721892218085816 and parameters: {'n_estimators': 133, 'min_samples_split': 0.022788592735560755, 'min_samples_leaf': 0.0011091756491450678, 'min_weight_fraction_leaf': 0.0327313630004745, 'max_features': 0.10918330312885549, 'bootstrap': False, 'max_samples': 0.4355572397457601}. Best is trial 251 with value: 0.6908430332111252.[0m
[32m[I 2022-04-23 16:17:21,882][0m Trial 452 finished with value: 0.6738367142562955 and parameters: {'n_estimators': 845, 'min_samples_split': 0.010711005412917349, 'min_samples_leaf': 0.023032688329526985, 'min_weight_fraction_leaf': 0.00034564102824011234, 'max_features': 0.06728936061203844, 'bootstrap': False, 'max_samples': 0.35080858259070236}. Best is trial 251 with value: 0.6908430332111252.[0m
[32m[I 2022-04-23 16:17:27,858][0m Trial 453 finished with value: 0.5815807495228309 and parameters: {'n_estimators': 755, 'min_samples_split': 0.0010236282234730707, 'min_samples_leaf': 0.36112727665587613, 'min_weight_fraction_leaf': 0.0002675004911212061, 'max_features': 0.24709450662711277, 'bootstrap': False, 'max_samples': 0.16151666652685429}. Best is trial 251 with value: 0.6908430332111252.[0m
[32m[I 2022-04-23 16:19:05,716][0m Trial 454 finished with value: 0.6755920418357556 and parameters: {'n_estimators': 665, 'min_samples_split': 0.018756046869332847, 'min_samples_leaf': 0.009923293277990198, 'min_weight_fraction_leaf': 0.017264338922599924, 'max_features': 0.13534464779962144, 'bootstrap': False, 'max_samples': 0.409381120455403}. Best is trial 251 with value: 0.6908430332111252.[0m
[32m[I 2022-04-23 16:20:17,010][0m Trial 455 finished with value: 0.6702147170041088 and parameters: {'n_estimators': 808, 'min_samples_split': 0.031097700880526394, 'min_samples_leaf': 0.036378976307127574, 'min_weight_fraction_leaf': 0.010296848005248868, 'max_features': 0.17211784538811165, 'bootstrap': False, 'max_samples': 0.3155116197170695}. Best is trial 251 with value: 0.6908430332111252.[0m
[32m[I 2022-04-23 16:20:37,315][0m Trial 456 finished with value: 0.6632874854197126 and parameters: {'n_estimators': 722, 'min_samples_split': 0.009379894029825699, 'min_samples_leaf': 0.012301423821855888, 'min_weight_fraction_leaf': 0.019628051872783728, 'max_features': 0.029758832271630356, 'bootstrap': False, 'max_samples': 0.27963013324416325}. Best is trial 251 with value: 0.6908430332111252.[0m
[32m[I 2022-04-23 16:30:46,504][0m Trial 457 finished with value: 0.6807872059400369 and parameters: {'n_estimators': 779, 'min_samples_split': 0.01936966590474101, 'min_samples_leaf': 0.0012269181956013633, 'min_weight_fraction_leaf': 8.390101220587818e-05, 'max_features': 0.2210653665312374, 'bootstrap': False, 'max_samples': 0.3374576304485645}. Best is trial 251 with value: 0.6908430332111252.[0m
[32m[I 2022-04-23 16:31:37,189][0m Trial 458 finished with value: 0.6727721200652466 and parameters: {'n_estimators': 697, 'min_samples_split': 0.038330901517970195, 'min_samples_leaf': 0.021732278549663607, 'min_weight_fraction_leaf': 0.009130203991068198, 'max_features': 0.09480679069224218, 'bootstrap': False, 'max_samples': 0.3654159931255742}. Best is trial 251 with value: 0.6908430332111252.[0m
[32m[I 2022-04-23 16:33:32,656][0m Trial 459 finished with value: 0.6751346062303716 and parameters: {'n_estimators': 822, 'min_samples_split': 0.026602987989977643, 'min_samples_leaf': 0.027304386224899068, 'min_weight_fraction_leaf': 0.030772141158147824, 'max_features': 0.19804471137869584, 'bootstrap': False, 'max_samples': 0.23818633291391728}. Best is trial 251 with value: 0.6908430332111252.[0m
[32m[I 2022-04-23 16:34:58,391][0m Trial 460 finished with value: 0.680686924762864 and parameters: {'n_estimators': 481, 'min_samples_split': 0.010866453470296371, 'min_samples_leaf': 0.012343902211233163, 'min_weight_fraction_leaf': 0.00945786767408407, 'max_features': 0.14028698901707348, 'bootstrap': False, 'max_samples': 0.3839055704341238}. Best is trial 251 with value: 0.6908430332111252.[0m
[32m[I 2022-04-23 16:35:11,507][0m Trial 461 finished with value: 0.6390862733159477 and parameters: {'n_estimators': 592, 'min_samples_split': 0.015891092091769674, 'min_samples_leaf': 0.15329583010234782, 'min_weight_fraction_leaf': 0.022799970274039832, 'max_features': 0.16636412547706664, 'bootstrap': False, 'max_samples': 0.33322491693140177}. Best is trial 251 with value: 0.6908430332111252.[0m
[32m[I 2022-04-23 16:35:41,132][0m Trial 462 finished with value: 0.5832414048336018 and parameters: {'n_estimators': 749, 'min_samples_split': 0.008615214958731824, 'min_samples_leaf': 0.009828796914354159, 'min_weight_fraction_leaf': 0.24606910876927665, 'max_features': 0.226390533365614, 'bootstrap': False, 'max_samples': 0.3583925109158391}. Best is trial 251 with value: 0.6908430332111252.[0m
[32m[I 2022-04-23 16:37:10,161][0m Trial 463 finished with value: 0.6772718872938651 and parameters: {'n_estimators': 864, 'min_samples_split': 0.0014346447432292818, 'min_samples_leaf': 0.019887156696735745, 'min_weight_fraction_leaf': 5.212530968365886e-05, 'max_features': 0.11553221089389273, 'bootstrap': False, 'max_samples': 0.19603075578676393}. Best is trial 251 with value: 0.6908430332111252.[0m
[32m[I 2022-04-23 16:40:40,973][0m Trial 464 finished with value: 0.6809840084022717 and parameters: {'n_estimators': 707, 'min_samples_split': 0.02781255023604664, 'min_samples_leaf': 0.008754285127156891, 'min_weight_fraction_leaf': 0.015106276032055466, 'max_features': 0.25787114068577544, 'bootstrap': False, 'max_samples': 0.30961386372340693}. Best is trial 251 with value: 0.6908430332111252.[0m
[32m[I 2022-04-23 16:41:01,697][0m Trial 465 finished with value: 0.6532214926717167 and parameters: {'n_estimators': 783, 'min_samples_split': 0.01759825036708654, 'min_samples_leaf': 0.0010514724849889463, 'min_weight_fraction_leaf': 0.03505711007941098, 'max_features': 0.07594450692310914, 'bootstrap': True, 'max_samples': 0.401827942473436, 'oob_score': False}. Best is trial 251 with value: 0.6908430332111252.[0m
[32m[I 2022-04-23 16:41:12,358][0m Trial 466 finished with value: 0.5354071524147367 and parameters: {'n_estimators': 665, 'min_samples_split': 0.04106745980253097, 'min_samples_leaf': 0.03218574479838655, 'min_weight_fraction_leaf': 0.4844401587046562, 'max_features': 0.17527234401352876, 'bootstrap': False, 'max_samples': 0.2572038874827605}. Best is trial 251 with value: 0.6908430332111252.[0m
[32m[I 2022-04-23 16:43:55,107][0m Trial 467 finished with value: 0.684039198538925 and parameters: {'n_estimators': 742, 'min_samples_split': 0.02389486252926941, 'min_samples_leaf': 0.01683086855341072, 'min_weight_fraction_leaf': 0.009234559496166129, 'max_features': 0.24205378442215014, 'bootstrap': False, 'max_samples': 0.3743498487877682}. Best is trial 251 with value: 0.6908430332111252.[0m
[32m[I 2022-04-23 16:45:55,724][0m Trial 468 finished with value: 0.6742744574223023 and parameters: {'n_estimators': 728, 'min_samples_split': 0.032143142667647284, 'min_samples_leaf': 0.02455625018846757, 'min_weight_fraction_leaf': 0.019227209613708586, 'max_features': 0.27016940649696075, 'bootstrap': False, 'max_samples': 0.38464506450185065}. Best is trial 251 with value: 0.6908430332111252.[0m
[32m[I 2022-04-23 16:46:03,638][0m Trial 469 finished with value: 0.6067708482606593 and parameters: {'n_estimators': 688, 'min_samples_split': 0.009038337513135576, 'min_samples_leaf': 0.23852687253322669, 'min_weight_fraction_leaf': 0.023402674295521515, 'max_features': 0.2440823519037769, 'bootstrap': False, 'max_samples': 0.4175706686753968}. Best is trial 251 with value: 0.6908430332111252.[0m
[32m[I 2022-04-23 16:46:21,447][0m Trial 470 finished with value: 0.6697984767277523 and parameters: {'n_estimators': 181, 'min_samples_split': 0.0016851672710463585, 'min_samples_leaf': 0.03973473860297609, 'min_weight_fraction_leaf': 0.01017709505627018, 'max_features': 0.24465932177373706, 'bootstrap': False, 'max_samples': 0.21828203780420882}. Best is trial 251 with value: 0.6908430332111252.[0m
[32m[I 2022-04-23 16:48:16,359][0m Trial 471 finished with value: 0.6703442038917353 and parameters: {'n_estimators': 638, 'min_samples_split': 0.02364926940718763, 'min_samples_leaf': 0.017967061697602864, 'min_weight_fraction_leaf': 0.03130147939360505, 'max_features': 0.27755486034541643, 'bootstrap': False, 'max_samples': 0.36828059001015767}. Best is trial 251 with value: 0.6908430332111252.[0m
[32m[I 2022-04-23 16:48:19,939][0m Trial 472 finished with value: 0.560702186000094 and parameters: {'n_estimators': 751, 'min_samples_split': 0.04971815095621849, 'min_samples_leaf': 0.3898462110884464, 'min_weight_fraction_leaf': 0.010839199222656866, 'max_features': 0.046309854269718426, 'bootstrap': False, 'max_samples': 0.2849076518822895}. Best is trial 251 with value: 0.6908430332111252.[0m
[32m[I 2022-04-23 16:48:22,784][0m Trial 473 finished with value: 0.5823082332943442 and parameters: {'n_estimators': 712, 'min_samples_split': 0.010686721352219026, 'min_samples_leaf': 0.30799292891347635, 'min_weight_fraction_leaf': 0.16984075865560455, 'max_features': 0.001046986840681663, 'bootstrap': False, 'max_samples': 0.3330970239818319}. Best is trial 251 with value: 0.6908430332111252.[0m
[32m[I 2022-04-23 16:49:02,265][0m Trial 474 finished with value: 0.6714532515742022 and parameters: {'n_estimators': 677, 'min_samples_split': 0.0012805510411608308, 'min_samples_leaf': 0.02944096873495766, 'min_weight_fraction_leaf': 0.01846702050279808, 'max_features': 0.09839558787163027, 'bootstrap': False, 'max_samples': 0.39068022830370186}. Best is trial 251 with value: 0.6908430332111252.[0m
[32m[I 2022-04-23 16:49:18,809][0m Trial 475 finished with value: 0.5825674492231594 and parameters: {'n_estimators': 755, 'min_samples_split': 0.3413163489050658, 'min_samples_leaf': 0.014973562047476878, 'min_weight_fraction_leaf': 0.3685916438040904, 'max_features': 0.2613495602342622, 'bootstrap': False, 'max_samples': 0.3680872784172892}. Best is trial 251 with value: 0.6908430332111252.[0m
[32m[I 2022-04-23 16:49:54,803][0m Trial 476 finished with value: 0.6695851559160028 and parameters: {'n_estimators': 445, 'min_samples_split': 0.027606980937678917, 'min_samples_leaf': 0.011141157351927887, 'min_weight_fraction_leaf': 0.041334778746820976, 'max_features': 0.13181354294947933, 'bootstrap': False, 'max_samples': 0.3044190529110334}. Best is trial 251 with value: 0.6908430332111252.[0m
[32m[I 2022-04-23 16:50:10,126][0m Trial 477 finished with value: 0.5912727086943812 and parameters: {'n_estimators': 722, 'min_samples_split': 0.016912683174759736, 'min_samples_leaf': 0.05152865422485852, 'min_weight_fraction_leaf': 0.3253470447622816, 'max_features': 0.23275120986253506, 'bootstrap': False, 'max_samples': 0.3432573789761288}. Best is trial 251 with value: 0.6908430332111252.[0m
[32m[I 2022-04-23 16:50:49,793][0m Trial 478 finished with value: 0.6733421936770447 and parameters: {'n_estimators': 774, 'min_samples_split': 0.0338327591466292, 'min_samples_leaf': 0.0210848455030294, 'min_weight_fraction_leaf': 0.008760101017189173, 'max_features': 0.061411041934869556, 'bootstrap': False, 'max_samples': 0.015360410582492934}. Best is trial 251 with value: 0.6908430332111252.[0m
[32m[I 2022-04-23 16:52:48,134][0m Trial 479 finished with value: 0.6747014977583488 and parameters: {'n_estimators': 652, 'min_samples_split': 0.017016981462615176, 'min_samples_leaf': 0.009851084896754216, 'min_weight_fraction_leaf': 0.026502237488770102, 'max_features': 0.21207308498335947, 'bootstrap': False, 'max_samples': 0.268445861328373}. Best is trial 251 with value: 0.6908430332111252.[0m
[32m[I 2022-04-23 16:53:16,232][0m Trial 480 finished with value: 0.6644207431467264 and parameters: {'n_estimators': 705, 'min_samples_split': 0.0013102228488962666, 'min_samples_leaf': 0.06693721148357086, 'min_weight_fraction_leaf': 0.008845254828091892, 'max_features': 0.15717895953887914, 'bootstrap': False, 'max_samples': 0.3229337392896954}. Best is trial 251 with value: 0.6908430332111252.[0m
[32m[I 2022-04-23 16:57:47,147][0m Trial 481 finished with value: 0.6539320335326956 and parameters: {'n_estimators': 742, 'min_samples_split': 0.02371265555934386, 'min_samples_leaf': 0.03302260163365508, 'min_weight_fraction_leaf': 0.015722826432428064, 'max_features': 0.680104604394963, 'bootstrap': False, 'max_samples': 0.4258179827990914}. Best is trial 251 with value: 0.6908430332111252.[0m
[32m[I 2022-04-23 17:01:23,539][0m Trial 482 finished with value: 0.6804447122718107 and parameters: {'n_estimators': 835, 'min_samples_split': 0.042678567751322574, 'min_samples_leaf': 0.0011226489549815517, 'min_weight_fraction_leaf': 0.00012231735317976762, 'max_features': 0.09907035436915243, 'bootstrap': False, 'max_samples': 0.39967441357879196}. Best is trial 251 with value: 0.6908430332111252.[0m
[32m[I 2022-04-23 17:02:01,526][0m Trial 483 finished with value: 0.6703648413190696 and parameters: {'n_estimators': 619, 'min_samples_split': 0.2864240639184296, 'min_samples_leaf': 0.02078946518349388, 'min_weight_fraction_leaf': 0.022711524536963845, 'max_features': 0.11952806574241813, 'bootstrap': False, 'max_samples': 0.4564826765645962}. Best is trial 251 with value: 0.6908430332111252.[0m
[32m[I 2022-04-23 17:03:23,598][0m Trial 484 finished with value: 0.6635503429822126 and parameters: {'n_estimators': 685, 'min_samples_split': 0.016573639255781366, 'min_samples_leaf': 0.010051855685078631, 'min_weight_fraction_leaf': 0.008306062658618168, 'max_features': 0.2747130928855418, 'bootstrap': True, 'max_samples': 0.3721750596773622, 'oob_score': False}. Best is trial 251 with value: 0.6908430332111252.[0m
[32m[I 2022-04-23 17:04:30,071][0m Trial 485 finished with value: 0.6791461882429115 and parameters: {'n_estimators': 769, 'min_samples_split': 0.009418672146834702, 'min_samples_leaf': 0.018026154976917657, 'min_weight_fraction_leaf': 0.008645321655599109, 'max_features': 0.08231881541516739, 'bootstrap': False, 'max_samples': 0.24202957666731167}. Best is trial 251 with value: 0.6908430332111252.[0m
[32m[I 2022-04-23 17:34:43,550][0m Trial 486 finished with value: 0.6524002992178788 and parameters: {'n_estimators': 803, 'min_samples_split': 0.034528516879777746, 'min_samples_leaf': 0.0010737357697882827, 'min_weight_fraction_leaf': 0.0004110760814182985, 'max_features': 0.5986386780354419, 'bootstrap': False, 'max_samples': 0.34496626527393764}. Best is trial 251 with value: 0.6908430332111252.[0m
[32m[I 2022-04-23 17:37:10,828][0m Trial 487 finished with value: 0.6745737647278964 and parameters: {'n_estimators': 872, 'min_samples_split': 0.0106780862570964, 'min_samples_leaf': 0.025341502891060467, 'min_weight_fraction_leaf': 0.018794163405730757, 'max_features': 0.2349278619228184, 'bootstrap': False, 'max_samples': 0.35657500709564693}. Best is trial 251 with value: 0.6908430332111252.[0m
[32m[I 2022-04-23 17:39:38,829][0m Trial 488 finished with value: 0.6640096901835598 and parameters: {'n_estimators': 728, 'min_samples_split': 0.022527500990703116, 'min_samples_leaf': 0.00969436012845858, 'min_weight_fraction_leaf': 0.051941506529967756, 'max_features': 0.312154038717246, 'bootstrap': False, 'max_samples': 0.29841397644857093}. Best is trial 251 with value: 0.6908430332111252.[0m
[32m[I 2022-04-23 17:41:35,511][0m Trial 489 finished with value: 0.6675489852312448 and parameters: {'n_estimators': 657, 'min_samples_split': 0.010671211061769235, 'min_samples_leaf': 0.036911806575072766, 'min_weight_fraction_leaf': 0.03434518183513409, 'max_features': 0.3325940141121969, 'bootstrap': False, 'max_samples': 0.2130129899283938}. Best is trial 251 with value: 0.6908430332111252.[0m
[32m[I 2022-04-23 17:43:43,503][0m Trial 490 finished with value: 0.678030321241162 and parameters: {'n_estimators': 786, 'min_samples_split': 0.0012562400815299324, 'min_samples_leaf': 0.017020313625217692, 'min_weight_fraction_leaf': 0.00875227806830952, 'max_features': 0.1458762235042237, 'bootstrap': False, 'max_samples': 0.3148612112787818}. Best is trial 251 with value: 0.6908430332111252.[0m
[32m[I 2022-04-23 17:48:19,641][0m Trial 491 finished with value: 0.6792675973144986 and parameters: {'n_estimators': 841, 'min_samples_split': 0.025504406697278093, 'min_samples_leaf': 0.010081091424544832, 'min_weight_fraction_leaf': 0.017042421610887273, 'max_features': 0.2544492566516042, 'bootstrap': False, 'max_samples': 0.37708146296917144}. Best is trial 251 with value: 0.6908430332111252.[0m
[32m[I 2022-04-23 17:50:01,637][0m Trial 492 finished with value: 0.6733862145685839 and parameters: {'n_estimators': 694, 'min_samples_split': 0.01658434953203905, 'min_samples_leaf': 0.024558030969880077, 'min_weight_fraction_leaf': 0.029748550038129585, 'max_features': 0.21090558962597092, 'bootstrap': False, 'max_samples': 0.3277762182978701}. Best is trial 251 with value: 0.6908430332111252.[0m
[32m[I 2022-04-23 17:50:06,454][0m Trial 493 finished with value: 0.5615204528239476 and parameters: {'n_estimators': 739, 'min_samples_split': 0.0353159754939744, 'min_samples_leaf': 0.41854269499456787, 'min_weight_fraction_leaf': 0.00990464230761005, 'max_features': 0.1286175744263216, 'bootstrap': False, 'max_samples': 0.3481221473451856}. Best is trial 251 with value: 0.6908430332111252.[0m
[32m[I 2022-04-23 17:54:02,596][0m Trial 494 finished with value: 0.6818365497216973 and parameters: {'n_estimators': 327, 'min_samples_split': 0.011052086295497587, 'min_samples_leaf': 0.0012712135602068887, 'min_weight_fraction_leaf': 0.0006591077281641322, 'max_features': 0.1823154663178972, 'bootstrap': False, 'max_samples': 0.271386875081815}. Best is trial 251 with value: 0.6908430332111252.[0m
[32m[I 2022-04-23 17:54:27,891][0m Trial 495 finished with value: 0.6800927740173325 and parameters: {'n_estimators': 110, 'min_samples_split': 0.009264749800684133, 'min_samples_leaf': 0.011293221751423369, 'min_weight_fraction_leaf': 0.0007673813888733852, 'max_features': 0.19487072200512387, 'bootstrap': False, 'max_samples': 0.2678128350650254}. Best is trial 251 with value: 0.6908430332111252.[0m
