[32m[I 2022-04-23 20:51:16,273][0m Trial 604 finished with value: 0.6545333337968208 and parameters: {'n_estimators': 747, 'min_samples_split': 0.033295878939528595, 'min_samples_leaf': 0.02389300481756402, 'min_weight_fraction_leaf': 0.0002962267522228411, 'max_features': 0.12666694662114458, 'bootstrap': True, 'max_samples': 0.3620756322792, 'oob_score': False}. Best is trial 251 with value: 0.6908430332111252.[0m
[32m[I 2022-04-23 21:03:31,983][0m Trial 605 finished with value: 0.6790015303229371 and parameters: {'n_estimators': 837, 'min_samples_split': 0.008972784718167419, 'min_samples_leaf': 0.0012516540833936835, 'min_weight_fraction_leaf': 8.483138328637112e-06, 'max_features': 0.21451941111764944, 'bootstrap': False, 'max_samples': 0.2599194214344029}. Best is trial 251 with value: 0.6908430332111252.[0m
[32m[I 2022-04-23 21:05:34,722][0m Trial 606 finished with value: 0.6714276598985404 and parameters: {'n_estimators': 953, 'min_samples_split': 0.023335018218540504, 'min_samples_leaf': 0.017975563407686045, 'min_weight_fraction_leaf': 0.03696805727172821, 'max_features': 0.18546379514858158, 'bootstrap': False, 'max_samples': 0.315871254952507}. Best is trial 251 with value: 0.6908430332111252.[0m
[32m[I 2022-04-23 21:09:44,176][0m Trial 607 finished with value: 0.6807355034393882 and parameters: {'n_estimators': 794, 'min_samples_split': 0.009043439089230174, 'min_samples_leaf': 0.009749978805679325, 'min_weight_fraction_leaf': 0.01478731319290889, 'max_features': 0.24981729149193652, 'bootstrap': False, 'max_samples': 0.34594862006506166}. Best is trial 251 with value: 0.6908430332111252.[0m
[32m[I 2022-04-23 21:11:42,343][0m Trial 608 finished with value: 0.6736385740737151 and parameters: {'n_estimators': 707, 'min_samples_split': 0.019732383772036653, 'min_samples_leaf': 0.030456285027973772, 'min_weight_fraction_leaf': 0.010137292481073205, 'max_features': 0.2712945609020682, 'bootstrap': False, 'max_samples': 0.20035176528435494}. Best is trial 251 with value: 0.6908430332111252.[0m
[32m[I 2022-04-23 21:17:04,135][0m Trial 609 finished with value: 0.6648431748986325 and parameters: {'n_estimators': 653, 'min_samples_split': 0.0013335490785986795, 'min_samples_leaf': 0.016683360262154924, 'min_weight_fraction_leaf': 0.026185558751908707, 'max_features': 0.5754889704853787, 'bootstrap': False, 'max_samples': 0.3733139359296575}. Best is trial 251 with value: 0.6908430332111252.[0m
[32m[I 2022-04-23 21:18:24,806][0m Trial 610 finished with value: 0.6689949659053986 and parameters: {'n_estimators': 733, 'min_samples_split': 0.20408723610009147, 'min_samples_leaf': 0.009846033818339973, 'min_weight_fraction_leaf': 0.01585206085128051, 'max_features': 0.1572978428786752, 'bootstrap': False, 'max_samples': 0.2314120164169669}. Best is trial 251 with value: 0.6908430332111252.[0m
[32m[I 2022-04-23 21:19:00,412][0m Trial 611 finished with value: 0.6694186021877455 and parameters: {'n_estimators': 772, 'min_samples_split': 0.032706737562123986, 'min_samples_leaf': 0.04209756468274559, 'min_weight_fraction_leaf': 0.008829780605465354, 'max_features': 0.08591466606647195, 'bootstrap': False, 'max_samples': 0.4154296360805334}. Best is trial 251 with value: 0.6908430332111252.[0m
[32m[I 2022-04-23 21:19:39,691][0m Trial 612 finished with value: 0.6796547659522341 and parameters: {'n_estimators': 110, 'min_samples_split': 0.010607997020122105, 'min_samples_leaf': 0.0011385805142550155, 'min_weight_fraction_leaf': 0.023403933851219832, 'max_features': 0.2881698160009637, 'bootstrap': False, 'max_samples': 0.3042269154202739}. Best is trial 251 with value: 0.6908430332111252.[0m
[32m[I 2022-04-23 21:20:16,103][0m Trial 613 finished with value: 0.6318064305713679 and parameters: {'n_estimators': 860, 'min_samples_split': 0.0551706675685089, 'min_samples_leaf': 0.024821397806395126, 'min_weight_fraction_leaf': 0.20145567236945894, 'max_features': 0.22840315004757397, 'bootstrap': False, 'max_samples': 0.2786867007839376}. Best is trial 251 with value: 0.6908430332111252.[0m
[32m[I 2022-04-23 21:22:10,074][0m Trial 614 finished with value: 0.6761531967859128 and parameters: {'n_estimators': 674, 'min_samples_split': 0.016979419813239444, 'min_samples_leaf': 0.017196668879714144, 'min_weight_fraction_leaf': 0.009642625223326658, 'max_features': 0.20325757643433234, 'bootstrap': False, 'max_samples': 0.5242517031664431}. Best is trial 251 with value: 0.6908430332111252.[0m
[32m[I 2022-04-23 21:22:12,321][0m Trial 615 finished with value: 0.5685900389332105 and parameters: {'n_estimators': 403, 'min_samples_split': 0.0010885240483527112, 'min_samples_leaf': 0.4489597640799437, 'min_weight_fraction_leaf': 0.017783740438307594, 'max_features': 0.13336115153102793, 'bootstrap': False, 'max_samples': 0.3918979138452204}. Best is trial 251 with value: 0.6908430332111252.[0m
[32m[I 2022-04-23 21:24:28,408][0m Trial 616 finished with value: 0.6760002978708208 and parameters: {'n_estimators': 822, 'min_samples_split': 0.026611403213789436, 'min_samples_leaf': 0.008788721043595678, 'min_weight_fraction_leaf': 6.818032007018535e-05, 'max_features': 0.10860096968548821, 'bootstrap': False, 'max_samples': 0.3362355842066121}. Best is trial 251 with value: 0.6908430332111252.[0m
[32m[I 2022-04-23 21:24:51,609][0m Trial 617 finished with value: 0.6703931532225708 and parameters: {'n_estimators': 218, 'min_samples_split': 0.042450954763149217, 'min_samples_leaf': 0.02846383365249206, 'min_weight_fraction_leaf': 0.0341432585054464, 'max_features': 0.17654362021071895, 'bootstrap': False, 'max_samples': 0.3530152176938896}. Best is trial 251 with value: 0.6908430332111252.[0m
[32m[I 2022-04-23 21:26:09,739][0m Trial 618 finished with value: 0.6564290152749892 and parameters: {'n_estimators': 723, 'min_samples_split': 0.015343387636505227, 'min_samples_leaf': 0.001240711705959277, 'min_weight_fraction_leaf': 0.009210256219304165, 'max_features': 0.2554064129972673, 'bootstrap': True, 'max_samples': 0.2542789550830302, 'oob_score': False}. Best is trial 251 with value: 0.6908430332111252.[0m
[32m[I 2022-04-23 21:26:28,933][0m Trial 619 finished with value: 0.6634014288864674 and parameters: {'n_estimators': 919, 'min_samples_split': 0.3266012393142298, 'min_samples_leaf': 0.017660645044579513, 'min_weight_fraction_leaf': 0.021360959567099352, 'max_features': 0.04304425399534423, 'bootstrap': False, 'max_samples': 0.3727950123887538}. Best is trial 251 with value: 0.6908430332111252.[0m
[32m[I 2022-04-23 21:32:56,501][0m Trial 620 finished with value: 0.6774928666651732 and parameters: {'n_estimators': 770, 'min_samples_split': 0.026737322705278087, 'min_samples_leaf': 0.010043600597452192, 'min_weight_fraction_leaf': 0.00019033230260378795, 'max_features': 0.321908535865965, 'bootstrap': False, 'max_samples': 0.327476872666597}. Best is trial 251 with value: 0.6908430332111252.[0m
[32m[I 2022-04-23 21:33:05,206][0m Trial 621 finished with value: 0.582858675460527 and parameters: {'n_estimators': 697, 'min_samples_split': 0.009064553203195786, 'min_samples_leaf': 0.2685099981750174, 'min_weight_fraction_leaf': 0.011775003553781513, 'max_features': 0.23289405515710365, 'bootstrap': False, 'max_samples': 0.3048488586147128}. Best is trial 251 with value: 0.6908430332111252.[0m
[32m[I 2022-04-23 21:35:00,090][0m Trial 622 finished with value: 0.6757948015434063 and parameters: {'n_estimators': 808, 'min_samples_split': 0.0014067660059057464, 'min_samples_leaf': 0.020022896683821765, 'min_weight_fraction_leaf': 7.634653966868792e-07, 'max_features': 0.14627696772556145, 'bootstrap': False, 'max_samples': 0.3989934938263995}. Best is trial 251 with value: 0.6908430332111252.[0m
[32m[I 2022-04-23 21:37:11,568][0m Trial 623 finished with value: 0.6708610880757272 and parameters: {'n_estimators': 883, 'min_samples_split': 0.01575239640987532, 'min_samples_leaf': 0.035824497661224336, 'min_weight_fraction_leaf': 0.029474066436817544, 'max_features': 0.27639335101751805, 'bootstrap': False, 'max_samples': 0.35225313770456745}. Best is trial 251 with value: 0.6908430332111252.[0m
[32m[I 2022-04-23 21:38:46,953][0m Trial 624 finished with value: 0.6755340984470226 and parameters: {'n_estimators': 747, 'min_samples_split': 0.03387476767460369, 'min_samples_leaf': 0.0013426868122882706, 'min_weight_fraction_leaf': 0.016382510716257487, 'max_features': 0.07577611401851081, 'bootstrap': False, 'max_samples': 0.21722685231298822}. Best is trial 251 with value: 0.6908430332111252.[0m
[32m[I 2022-04-23 21:40:29,307][0m Trial 625 finished with value: 0.6650590199268532 and parameters: {'n_estimators': 851, 'min_samples_split': 0.022955409788109445, 'min_samples_leaf': 0.015989569009312372, 'min_weight_fraction_leaf': 0.04837262464562084, 'max_features': 0.18446066555642587, 'bootstrap': False, 'max_samples': 0.2770023777615269}. Best is trial 251 with value: 0.6908430332111252.[0m
[32m[I 2022-04-23 21:45:20,680][0m Trial 626 finished with value: 0.6783038398209078 and parameters: {'n_estimators': 664, 'min_samples_split': 0.011246057582825023, 'min_samples_leaf': 0.0011462458209124463, 'min_weight_fraction_leaf': 0.008998721694024643, 'max_features': 0.2109083485750362, 'bootstrap': False, 'max_samples': 0.37979123067511233}. Best is trial 251 with value: 0.6908430332111252.[0m
[32m[I 2022-04-23 21:45:29,112][0m Trial 627 finished with value: 0.677180960181279 and parameters: {'n_estimators': 136, 'min_samples_split': 0.01868674713703015, 'min_samples_leaf': 0.02543460853558019, 'min_weight_fraction_leaf': 0.022814367607672168, 'max_features': 0.09960627120420532, 'bootstrap': False, 'max_samples': 0.42969032799367674}. Best is trial 251 with value: 0.6908430332111252.[0m
[32m[I 2022-04-23 21:50:19,861][0m Trial 628 finished with value: 0.678944161434555 and parameters: {'n_estimators': 802, 'min_samples_split': 0.0013566207216813286, 'min_samples_leaf': 0.00977456891114949, 'min_weight_fraction_leaf': 0.008949822985901041, 'max_features': 0.249837984377233, 'bootstrap': False, 'max_samples': 0.3300241645109416}. Best is trial 251 with value: 0.6908430332111252.[0m
[32m[I 2022-04-23 21:50:37,415][0m Trial 629 finished with value: 0.6589055387945641 and parameters: {'n_estimators': 122, 'min_samples_split': 0.3750136365434404, 'min_samples_leaf': 0.010341262821323083, 'min_weight_fraction_leaf': 0.016617303546577256, 'max_features': 0.2923560235798396, 'bootstrap': False, 'max_samples': 0.2505587429185432}. Best is trial 251 with value: 0.6908430332111252.[0m
[32m[I 2022-04-23 21:51:41,281][0m Trial 630 finished with value: 0.6716344110432081 and parameters: {'n_estimators': 712, 'min_samples_split': 0.03499896233604932, 'min_samples_leaf': 0.03135082099061652, 'min_weight_fraction_leaf': 0.03847601102014117, 'max_features': 0.15552188800687797, 'bootstrap': False, 'max_samples': 0.36475467793938515}. Best is trial 251 with value: 0.6908430332111252.[0m
[32m[I 2022-04-23 21:53:15,596][0m Trial 631 finished with value: 0.6784061650419106 and parameters: {'n_estimators': 773, 'min_samples_split': 0.011573307519652265, 'min_samples_leaf': 0.0183364216489331, 'min_weight_fraction_leaf': 0.00030058569878748656, 'max_features': 0.1250843032508085, 'bootstrap': False, 'max_samples': 0.31355906410946033}. Best is trial 251 with value: 0.6908430332111252.[0m
[32m[I 2022-04-23 21:53:34,961][0m Trial 632 finished with value: 0.5814647840741511 and parameters: {'n_estimators': 737, 'min_samples_split': 0.02655395480261697, 'min_samples_leaf': 0.009303008227262387, 'min_weight_fraction_leaf': 0.3630463064148722, 'max_features': 0.22160148433455895, 'bootstrap': False, 'max_samples': 0.28550576243660075}. Best is trial 251 with value: 0.6908430332111252.[0m
[32m[I 2022-04-23 21:54:30,500][0m Trial 633 finished with value: 0.6782909654471194 and parameters: {'n_estimators': 159, 'min_samples_split': 0.04346831683952483, 'min_samples_leaf': 0.0010432685895456397, 'min_weight_fraction_leaf': 0.009068627411671786, 'max_features': 0.19883126402858767, 'bootstrap': False, 'max_samples': 0.34099595855206316}. Best is trial 251 with value: 0.6908430332111252.[0m
[32m[I 2022-04-23 21:56:35,809][0m Trial 634 finished with value: 0.6728382190487747 and parameters: {'n_estimators': 695, 'min_samples_split': 0.0011593189251067008, 'min_samples_leaf': 0.02411377026572211, 'min_weight_fraction_leaf': 0.027844298958244418, 'max_features': 0.2626960740369397, 'bootstrap': False, 'max_samples': 0.230595604969862}. Best is trial 251 with value: 0.6908430332111252.[0m
[32m[I 2022-04-23 21:56:56,549][0m Trial 635 finished with value: 0.6649134397955122 and parameters: {'n_estimators': 636, 'min_samples_split': 0.01677277782542369, 'min_samples_leaf': 0.04372764485592569, 'min_weight_fraction_leaf': 0.017212845385656955, 'max_features': 0.051450524770083834, 'bootstrap': False, 'max_samples': 0.3903960321040137}. Best is trial 251 with value: 0.6908430332111252.[0m
[32m[I 2022-04-23 21:57:04,755][0m Trial 636 finished with value: 0.5800528982598573 and parameters: {'n_estimators': 921, 'min_samples_split': 0.009932211633995124, 'min_samples_leaf': 0.3701778667882866, 'min_weight_fraction_leaf': 0.00934443293025285, 'max_features': 0.23669288848797446, 'bootstrap': False, 'max_samples': 0.18932530169792675}. Best is trial 251 with value: 0.6908430332111252.[0m
[32m[I 2022-04-23 21:57:47,473][0m Trial 637 finished with value: 0.6614439928364895 and parameters: {'n_estimators': 829, 'min_samples_split': 0.025202964881734527, 'min_samples_leaf': 0.015948995764877495, 'min_weight_fraction_leaf': 0.00040987390050811236, 'max_features': 0.16803061278804146, 'bootstrap': True, 'max_samples': 0.3595498764412976, 'oob_score': False}. Best is trial 251 with value: 0.6908430332111252.[0m
[32m[I 2022-04-23 21:58:08,508][0m Trial 638 finished with value: 0.6611148086771518 and parameters: {'n_estimators': 764, 'min_samples_split': 0.018612970733253, 'min_samples_leaf': 0.01139158195156844, 'min_weight_fraction_leaf': 0.00014143575624454548, 'max_features': 0.025160410635731642, 'bootstrap': False, 'max_samples': 0.26468443902784566}. Best is trial 251 with value: 0.6908430332111252.[0m
[32m[I 2022-04-23 22:00:57,871][0m Trial 639 finished with value: 0.6727619945150093 and parameters: {'n_estimators': 883, 'min_samples_split': 0.03371102784063531, 'min_samples_leaf': 0.030186289129175797, 'min_weight_fraction_leaf': 0.019620484699466142, 'max_features': 0.3092220060362031, 'bootstrap': False, 'max_samples': 0.3181269745750046}. Best is trial 251 with value: 0.6908430332111252.[0m
[32m[I 2022-04-23 22:01:06,450][0m Trial 640 finished with value: 0.5947636763762219 and parameters: {'n_estimators': 793, 'min_samples_split': 0.00992952933030849, 'min_samples_leaf': 0.31901389196787155, 'min_weight_fraction_leaf': 0.008979982693697642, 'max_features': 0.282472073427513, 'bootstrap': False, 'max_samples': 0.34528565125295424}. Best is trial 251 with value: 0.6908430332111252.[0m
[32m[I 2022-04-23 22:01:17,019][0m Trial 641 finished with value: 0.6586752970921385 and parameters: {'n_estimators': 326, 'min_samples_split': 0.43462269624704103, 'min_samples_leaf': 0.010603575574592974, 'min_weight_fraction_leaf': 0.027399982100788232, 'max_features': 0.06796809125534782, 'bootstrap': False, 'max_samples': 0.3770695147253429}. Best is trial 251 with value: 0.6908430332111252.[0m
[32m[I 2022-04-23 22:04:10,322][0m Trial 642 finished with value: 0.6770037583666466 and parameters: {'n_estimators': 736, 'min_samples_split': 0.0012533676279733973, 'min_samples_leaf': 0.0200885564438198, 'min_weight_fraction_leaf': 0.017188058830193663, 'max_features': 0.2604958307242784, 'bootstrap': False, 'max_samples': 0.41661650546788853}. Best is trial 251 with value: 0.6908430332111252.[0m
[32m[I 2022-04-23 22:04:22,403][0m Trial 643 finished with value: 0.6486816417017848 and parameters: {'n_estimators': 610, 'min_samples_split': 0.02468833285437813, 'min_samples_leaf': 0.12252186117048848, 'min_weight_fraction_leaf': 0.008976379832653881, 'max_features': 0.09937351801749515, 'bootstrap': False, 'max_samples': 0.2409771585821207}. Best is trial 251 with value: 0.6908430332111252.[0m
[32m[I 2022-04-23 22:16:05,169][0m Trial 644 finished with value: 0.68262937976785 and parameters: {'n_estimators': 852, 'min_samples_split': 0.009962040546291495, 'min_samples_leaf': 0.001307973267421842, 'min_weight_fraction_leaf': 0.0002755145344423639, 'max_features': 0.19650297254185795, 'bootstrap': False, 'max_samples': 0.2963741447738652}. Best is trial 251 with value: 0.6908430332111252.[0m
[32m[I 2022-04-23 22:17:46,853][0m Trial 645 finished with value: 0.6713112403623545 and parameters: {'n_estimators': 878, 'min_samples_split': 0.017711002457770665, 'min_samples_leaf': 0.03529953578982388, 'min_weight_fraction_leaf': 0.034317148251229036, 'max_features': 0.20769535912755785, 'bootstrap': False, 'max_samples': 0.46074753468735624}. Best is trial 251 with value: 0.6908430332111252.[0m
[32m[I 2022-04-23 22:18:24,388][0m Trial 646 finished with value: 0.55358653112486 and parameters: {'n_estimators': 861, 'min_samples_split': 0.009312845563953733, 'min_samples_leaf': 0.022728512384199304, 'min_weight_fraction_leaf': 0.4668672891128286, 'max_features': 0.5209453678445901, 'bootstrap': False, 'max_samples': 0.3050391843527942}. Best is trial 251 with value: 0.6908430332111252.[0m
[32m[I 2022-04-23 22:21:17,945][0m Trial 647 finished with value: 0.6766552962772712 and parameters: {'n_estimators': 833, 'min_samples_split': 0.03197211453336389, 'min_samples_leaf': 0.011493947017028683, 'min_weight_fraction_leaf': 0.023537668754128303, 'max_features': 0.23869789471121675, 'bootstrap': False, 'max_samples': 0.32925766745288976}. Best is trial 251 with value: 0.6908430332111252.[0m
[32m[I 2022-04-23 22:22:37,975][0m Trial 648 finished with value: 0.6670114624567894 and parameters: {'n_estimators': 925, 'min_samples_split': 0.05155188204115212, 'min_samples_leaf': 0.054434253440177764, 'min_weight_fraction_leaf': 0.009556909816000677, 'max_features': 0.2292474805165259, 'bootstrap': False, 'max_samples': 0.2943882036308421}. Best is trial 251 with value: 0.6908430332111252.[0m
[32m[I 2022-04-23 22:27:32,988][0m Trial 649 finished with value: 0.6793284629800505 and parameters: {'n_estimators': 960, 'min_samples_split': 0.02190783078863503, 'min_samples_leaf': 0.010391870518680502, 'min_weight_fraction_leaf': 0.01647495988015261, 'max_features': 0.2678554291434963, 'bootstrap': False, 'max_samples': 0.34896393194718134}. Best is trial 251 with value: 0.6908430332111252.[0m
[32m[I 2022-04-23 22:33:49,102][0m Trial 650 finished with value: 0.6782747991574031 and parameters: {'n_estimators': 822, 'min_samples_split': 0.0013213604519204587, 'min_samples_leaf': 0.001102342873627803, 'min_weight_fraction_leaf': 0.009355152253847256, 'max_features': 0.2141500626394198, 'bootstrap': False, 'max_samples': 0.3665530221682586}. Best is trial 251 with value: 0.6908430332111252.[0m
[32m[I 2022-04-23 22:35:47,934][0m Trial 651 finished with value: 0.6765687506993214 and parameters: {'n_estimators': 798, 'min_samples_split': 0.04251775768150974, 'min_samples_leaf': 0.024388531852653855, 'min_weight_fraction_leaf': 0.023808410167619684, 'max_features': 0.1908390418663096, 'bootstrap': False, 'max_samples': 0.322659182405548}. Best is trial 251 with value: 0.6908430332111252.[0m
[32m[I 2022-04-23 22:40:07,519][0m Trial 652 finished with value: 0.677861911663682 and parameters: {'n_estimators': 889, 'min_samples_split': 0.011353749019225007, 'min_samples_leaf': 0.018364467744651093, 'min_weight_fraction_leaf': 0.008799229699094276, 'max_features': 0.33243171748887307, 'bootstrap': False, 'max_samples': 0.40083027832269946}. Best is trial 251 with value: 0.6908430332111252.[0m
[32m[I 2022-04-23 22:42:21,212][0m Trial 653 finished with value: 0.6772274455667768 and parameters: {'n_estimators': 775, 'min_samples_split': 0.02766261127494552, 'min_samples_leaf': 0.008912751876226439, 'min_weight_fraction_leaf': 0.01721507326699085, 'max_features': 0.13628339577692267, 'bootstrap': False, 'max_samples': 0.34255295580636}. Best is trial 251 with value: 0.6908430332111252.[0m
[32m[I 2022-04-23 22:43:08,563][0m Trial 654 finished with value: 0.6549951516557034 and parameters: {'n_estimators': 856, 'min_samples_split': 0.019232866371849434, 'min_samples_leaf': 0.09615437930894866, 'min_weight_fraction_leaf': 0.00023916074671316556, 'max_features': 0.25145067718937003, 'bootstrap': False, 'max_samples': 0.37883139432311136}. Best is trial 251 with value: 0.6908430332111252.[0m
[32m[I 2022-04-23 22:57:59,088][0m Trial 655 finished with value: 0.678363947388779 and parameters: {'n_estimators': 679, 'min_samples_split': 0.009893821491600688, 'min_samples_leaf': 0.0011153051011625235, 'min_weight_fraction_leaf': 0.0001939094653636393, 'max_features': 0.2949017724989254, 'bootstrap': False, 'max_samples': 0.29599943813835544}. Best is trial 251 with value: 0.6908430332111252.[0m
[32m[I 2022-04-23 22:58:10,711][0m Trial 656 finished with value: 0.640469633890629 and parameters: {'n_estimators': 740, 'min_samples_split': 0.036580393810891974, 'min_samples_leaf': 0.03272445634439339, 'min_weight_fraction_leaf': 0.03947661827746894, 'max_features': 0.08587302641214348, 'bootstrap': True, 'max_samples': 0.3152398096060571, 'oob_score': False}. Best is trial 251 with value: 0.6908430332111252.[0m
[32m[I 2022-04-23 22:58:23,150][0m Trial 657 finished with value: 0.5863799318887855 and parameters: {'n_estimators': 833, 'min_samples_split': 0.0012038830721127908, 'min_samples_leaf': 0.24275983692575456, 'min_weight_fraction_leaf': 0.06663152756945086, 'max_features': 0.2226384691665891, 'bootstrap': False, 'max_samples': 0.3600417084788073}. Best is trial 251 with value: 0.6908430332111252.[0m
