[32m[I 2022-04-21 12:24:56,726][0m Trial 648 finished with value: 0.8439770643333194 and parameters: {'n_estimators': 596, 'min_samples_split': 0.13924911882266502, 'min_samples_leaf': 0.06169416053772203, 'min_weight_fraction_leaf': 0.17924206159028525, 'max_features': 0.12466438299793865, 'bootstrap': True, 'max_samples': 0.8172395959800738, 'oob_score': True}. Best is trial 648 with value: 0.8439770643333194.[0m
[32m[I 2022-04-21 12:25:01,619][0m Trial 649 finished with value: 0.8424639956413591 and parameters: {'n_estimators': 323, 'min_samples_split': 0.13189244305025868, 'min_samples_leaf': 0.06171271213020688, 'min_weight_fraction_leaf': 0.17892457720938879, 'max_features': 0.05463571891115626, 'bootstrap': True, 'max_samples': 0.8524041942500842, 'oob_score': True}. Best is trial 648 with value: 0.8439770643333194.[0m
[32m[I 2022-04-21 12:25:04,460][0m Trial 650 finished with value: 0.8431828615326091 and parameters: {'n_estimators': 112, 'min_samples_split': 0.1501521178496562, 'min_samples_leaf': 0.129950286785738, 'min_weight_fraction_leaf': 0.21962418545850387, 'max_features': 0.11969757362569476, 'bootstrap': True, 'max_samples': 0.9755225849006592, 'oob_score': True}. Best is trial 648 with value: 0.8439770643333194.[0m
[32m[I 2022-04-21 12:25:07,312][0m Trial 651 finished with value: 0.65 and parameters: {'n_estimators': 104, 'min_samples_split': 0.1368670688562837, 'min_samples_leaf': 0.04433978427726272, 'min_weight_fraction_leaf': 0.19251334152923652, 'max_features': 0.126689553172819, 'bootstrap': True, 'max_samples': 0.11632235415765076, 'oob_score': True}. Best is trial 648 with value: 0.8439770643333194.[0m
[32m[I 2022-04-21 12:25:15,103][0m Trial 652 finished with value: 0.8418736494032364 and parameters: {'n_estimators': 556, 'min_samples_split': 0.31512413662520766, 'min_samples_leaf': 0.07792353700049909, 'min_weight_fraction_leaf': 0.25529972713092103, 'max_features': 0.12479753533085888, 'bootstrap': True, 'max_samples': 0.8208483034162468, 'oob_score': True}. Best is trial 648 with value: 0.8439770643333194.[0m
[32m[I 2022-04-21 12:25:21,286][0m Trial 653 finished with value: 0.8412585922333816 and parameters: {'n_estimators': 367, 'min_samples_split': 0.13017772627088067, 'min_samples_leaf': 0.056762483656087215, 'min_weight_fraction_leaf': 0.22429394506448483, 'max_features': 0.08077587451465801, 'bootstrap': True, 'max_samples': 0.9710618470454211, 'oob_score': True}. Best is trial 648 with value: 0.8439770643333194.[0m
[32m[I 2022-04-21 12:25:24,599][0m Trial 654 finished with value: 0.84332416552712 and parameters: {'n_estimators': 113, 'min_samples_split': 0.140965153542504, 'min_samples_leaf': 0.05344975780737278, 'min_weight_fraction_leaf': 0.20557399352861258, 'max_features': 0.06054957169196655, 'bootstrap': True, 'max_samples': 0.9936236903943941, 'oob_score': True}. Best is trial 648 with value: 0.8439770643333194.[0m
[32m[I 2022-04-21 12:25:31,071][0m Trial 655 finished with value: 0.65 and parameters: {'n_estimators': 389, 'min_samples_split': 0.10602857604459055, 'min_samples_leaf': 0.049478954397715116, 'min_weight_fraction_leaf': 0.21420306751658963, 'max_features': 0.05163521173898032, 'bootstrap': True, 'max_samples': 0.05406405442646948, 'oob_score': True}. Best is trial 648 with value: 0.8439770643333194.[0m
[32m[I 2022-04-21 12:25:34,212][0m Trial 656 finished with value: 0.8401019321984806 and parameters: {'n_estimators': 116, 'min_samples_split': 0.12528434167817487, 'min_samples_leaf': 0.0312688126582049, 'min_weight_fraction_leaf': 0.23561971578524396, 'max_features': 0.10874870090205252, 'bootstrap': True, 'max_samples': 0.9741078683791965, 'oob_score': True}. Best is trial 648 with value: 0.8439770643333194.[0m
[32m[I 2022-04-21 12:25:37,271][0m Trial 657 finished with value: 0.8431828615326091 and parameters: {'n_estimators': 110, 'min_samples_split': 0.1467919311994624, 'min_samples_leaf': 0.04696262434886546, 'min_weight_fraction_leaf': 0.222709479264884, 'max_features': 0.11626740067599867, 'bootstrap': True, 'max_samples': 0.9906452842610305, 'oob_score': True}. Best is trial 648 with value: 0.8439770643333194.[0m
[32m[I 2022-04-21 12:25:40,115][0m Trial 658 finished with value: 0.8405494012959667 and parameters: {'n_estimators': 110, 'min_samples_split': 0.14388004610540223, 'min_samples_leaf': 0.06529462601265497, 'min_weight_fraction_leaf': 0.21957580424819886, 'max_features': 0.06911097759550239, 'bootstrap': True, 'max_samples': 0.7919645273105311, 'oob_score': True}. Best is trial 648 with value: 0.8439770643333194.[0m
[32m[I 2022-04-21 12:25:42,958][0m Trial 659 finished with value: 0.843401237022924 and parameters: {'n_estimators': 112, 'min_samples_split': 0.14781306849855433, 'min_samples_leaf': 0.05393107084124144, 'min_weight_fraction_leaf': 0.21820714355170198, 'max_features': 0.03144843522047723, 'bootstrap': True, 'max_samples': 0.997686132004455, 'oob_score': True}. Best is trial 648 with value: 0.8439770643333194.[0m
[32m[I 2022-04-21 12:25:45,915][0m Trial 660 finished with value: 0.8412071873688278 and parameters: {'n_estimators': 111, 'min_samples_split': 0.11399471060693527, 'min_samples_leaf': 0.034082244363815545, 'min_weight_fraction_leaf': 0.25225460474075456, 'max_features': 0.32835985780882404, 'bootstrap': True, 'max_samples': 0.9926014581136166, 'oob_score': True}. Best is trial 648 with value: 0.8439770643333194.[0m
[32m[I 2022-04-21 12:25:48,869][0m Trial 661 finished with value: 0.8412773195970162 and parameters: {'n_estimators': 121, 'min_samples_split': 0.14060300216305063, 'min_samples_leaf': 0.034261662697467325, 'min_weight_fraction_leaf': 0.24447850855584505, 'max_features': 0.018428593657932427, 'bootstrap': True, 'max_samples': 0.9307056304994249, 'oob_score': True}. Best is trial 648 with value: 0.8439770643333194.[0m
[32m[I 2022-04-21 12:25:52,106][0m Trial 662 finished with value: 0.8401019321984806 and parameters: {'n_estimators': 117, 'min_samples_split': 0.14759765857738782, 'min_samples_leaf': 0.04273535869318946, 'min_weight_fraction_leaf': 0.2453690352500522, 'max_features': 0.02075387458854717, 'bootstrap': True, 'max_samples': 0.9864775995228888, 'oob_score': True}. Best is trial 648 with value: 0.8439770643333194.[0m
[32m[I 2022-04-21 12:25:55,052][0m Trial 663 finished with value: 0.8412071873688278 and parameters: {'n_estimators': 108, 'min_samples_split': 0.14260291636438788, 'min_samples_leaf': 0.033495139025712675, 'min_weight_fraction_leaf': 0.23505244585159646, 'max_features': 0.09216807152803418, 'bootstrap': True, 'max_samples': 0.9561349771924118, 'oob_score': True}. Best is trial 648 with value: 0.8439770643333194.[0m
[32m[I 2022-04-21 12:25:58,373][0m Trial 664 finished with value: 0.842077606362262 and parameters: {'n_estimators': 115, 'min_samples_split': 0.13577824671235075, 'min_samples_leaf': 0.04919786781855571, 'min_weight_fraction_leaf': 0.22792457826188006, 'max_features': 0.03912130716387072, 'bootstrap': True, 'max_samples': 0.9917665874946221, 'oob_score': True}. Best is trial 648 with value: 0.8439770643333194.[0m
[32m[I 2022-04-21 12:26:01,835][0m Trial 665 finished with value: 0.8394838904209827 and parameters: {'n_estimators': 126, 'min_samples_split': 0.12705604979699614, 'min_samples_leaf': 0.041222411672235455, 'min_weight_fraction_leaf': 0.21988895501826194, 'max_features': 0.03257139885228619, 'bootstrap': True, 'max_samples': 0.9140190269574248, 'oob_score': True}. Best is trial 648 with value: 0.8439770643333194.[0m
[32m[I 2022-04-21 12:26:04,867][0m Trial 666 finished with value: 0.843112158039616 and parameters: {'n_estimators': 108, 'min_samples_split': 0.14405820300557695, 'min_samples_leaf': 0.06972207208114028, 'min_weight_fraction_leaf': 0.2064024124296943, 'max_features': 0.24426449969406205, 'bootstrap': True, 'max_samples': 0.8196333850120838, 'oob_score': True}. Best is trial 648 with value: 0.8439770643333194.[0m
[32m[I 2022-04-21 12:26:08,053][0m Trial 667 finished with value: 0.8405494012959667 and parameters: {'n_estimators': 108, 'min_samples_split': 0.12041479988099979, 'min_samples_leaf': 0.06773948385812333, 'min_weight_fraction_leaf': 0.2245645185497554, 'max_features': 0.28902023928585174, 'bootstrap': True, 'max_samples': 0.8091009658162762, 'oob_score': True}. Best is trial 648 with value: 0.8439770643333194.[0m
[32m[I 2022-04-21 12:26:11,053][0m Trial 668 finished with value: 0.8418736494032364 and parameters: {'n_estimators': 112, 'min_samples_split': 0.15307515724872092, 'min_samples_leaf': 0.05164936405215771, 'min_weight_fraction_leaf': 0.23601131456458796, 'max_features': 0.10705117732494024, 'bootstrap': True, 'max_samples': 0.8204575423538581, 'oob_score': True}. Best is trial 648 with value: 0.8439770643333194.[0m
[32m[I 2022-04-21 12:26:13,948][0m Trial 669 finished with value: 0.8417262325008246 and parameters: {'n_estimators': 101, 'min_samples_split': 0.13669693999481522, 'min_samples_leaf': 0.0577671773304573, 'min_weight_fraction_leaf': 0.2138983630239387, 'max_features': 0.08192291225580764, 'bootstrap': True, 'max_samples': 0.8494457623206791, 'oob_score': True}. Best is trial 648 with value: 0.8439770643333194.[0m
[32m[I 2022-04-21 12:26:17,025][0m Trial 670 finished with value: 0.8405494012959667 and parameters: {'n_estimators': 100, 'min_samples_split': 0.1314427810897545, 'min_samples_leaf': 0.040040417113616764, 'min_weight_fraction_leaf': 0.21549618528074083, 'max_features': 0.0901409082575687, 'bootstrap': True, 'max_samples': 0.8329887645578012, 'oob_score': True}. Best is trial 648 with value: 0.8439770643333194.[0m
[32m[I 2022-04-21 12:26:20,281][0m Trial 671 finished with value: 0.8418736494032364 and parameters: {'n_estimators': 117, 'min_samples_split': 0.1553327674337112, 'min_samples_leaf': 0.06855283364876028, 'min_weight_fraction_leaf': 0.20852123563366, 'max_features': 0.0010706346936519423, 'bootstrap': True, 'max_samples': 0.6910717607429111, 'oob_score': True}. Best is trial 648 with value: 0.8439770643333194.[0m
[32m[I 2022-04-21 12:26:23,383][0m Trial 672 finished with value: 0.8425654298350229 and parameters: {'n_estimators': 118, 'min_samples_split': 0.16155145159600529, 'min_samples_leaf': 0.04465133196797127, 'min_weight_fraction_leaf': 0.20905204142045083, 'max_features': 0.02988214001576341, 'bootstrap': True, 'max_samples': 0.9589285513941899, 'oob_score': True}. Best is trial 648 with value: 0.8439770643333194.[0m
[32m[I 2022-04-21 12:26:26,382][0m Trial 673 finished with value: 0.8426442432752064 and parameters: {'n_estimators': 105, 'min_samples_split': 0.15017199756277355, 'min_samples_leaf': 0.06353843929463404, 'min_weight_fraction_leaf': 0.23098191128562437, 'max_features': 0.07100373680410431, 'bootstrap': True, 'max_samples': 0.9972169028718618, 'oob_score': True}. Best is trial 648 with value: 0.8439770643333194.[0m
[32m[I 2022-04-21 12:26:29,515][0m Trial 674 finished with value: 0.8405494012959667 and parameters: {'n_estimators': 112, 'min_samples_split': 0.16507982676241265, 'min_samples_leaf': 0.059888286129554616, 'min_weight_fraction_leaf': 0.21991057509275805, 'max_features': 0.25667190613973184, 'bootstrap': True, 'max_samples': 0.8003429968717223, 'oob_score': True}. Best is trial 648 with value: 0.8439770643333194.[0m
[32m[I 2022-04-21 12:26:34,203][0m Trial 675 finished with value: 0.8418875138889298 and parameters: {'n_estimators': 188, 'min_samples_split': 0.12657323645325197, 'min_samples_leaf': 0.0760701997455174, 'min_weight_fraction_leaf': 0.21094872081735985, 'max_features': 0.25410222477358935, 'bootstrap': True, 'max_samples': 0.8863437644284271, 'oob_score': True}. Best is trial 648 with value: 0.8439770643333194.[0m
[32m[I 2022-04-21 12:26:37,781][0m Trial 676 finished with value: 0.8414755766824724 and parameters: {'n_estimators': 123, 'min_samples_split': 0.16159108450572882, 'min_samples_leaf': 0.058190925336873506, 'min_weight_fraction_leaf': 0.20216380735903364, 'max_features': 0.049715754968733615, 'bootstrap': True, 'max_samples': 0.7727168328658006, 'oob_score': True}. Best is trial 648 with value: 0.8439770643333194.[0m
[32m[I 2022-04-21 12:26:41,156][0m Trial 677 finished with value: 0.8418736494032364 and parameters: {'n_estimators': 106, 'min_samples_split': 0.32853163264456003, 'min_samples_leaf': 0.05125891105589643, 'min_weight_fraction_leaf': 0.22366831750006846, 'max_features': 0.12709481166828393, 'bootstrap': True, 'max_samples': 0.799017833491428, 'oob_score': True}. Best is trial 648 with value: 0.8439770643333194.[0m
[32m[I 2022-04-21 12:26:44,124][0m Trial 678 finished with value: 0.8422642888380036 and parameters: {'n_estimators': 105, 'min_samples_split': 0.14240362178452898, 'min_samples_leaf': 0.03542170191572109, 'min_weight_fraction_leaf': 0.20536501517544944, 'max_features': 0.05962283144477393, 'bootstrap': True, 'max_samples': 0.9751579183059788, 'oob_score': True}. Best is trial 648 with value: 0.8439770643333194.[0m
[32m[I 2022-04-21 12:26:46,985][0m Trial 679 finished with value: 0.8412071873688278 and parameters: {'n_estimators': 110, 'min_samples_split': 0.13910990217441815, 'min_samples_leaf': 0.0477898009914762, 'min_weight_fraction_leaf': 0.2323930372833629, 'max_features': 0.31713208770101564, 'bootstrap': True, 'max_samples': 0.9238292766556826, 'oob_score': True}. Best is trial 648 with value: 0.8439770643333194.[0m
[32m[I 2022-04-21 12:26:49,897][0m Trial 680 finished with value: 0.8431587692267067 and parameters: {'n_estimators': 114, 'min_samples_split': 0.16275299735218443, 'min_samples_leaf': 0.030683208589698332, 'min_weight_fraction_leaf': 0.19902181348630885, 'max_features': 0.2733225002600375, 'bootstrap': True, 'max_samples': 0.9834027782198894, 'oob_score': True}. Best is trial 648 with value: 0.8439770643333194.[0m
[32m[I 2022-04-21 12:26:53,013][0m Trial 681 finished with value: 0.8426516905529156 and parameters: {'n_estimators': 114, 'min_samples_split': 0.1509527030894514, 'min_samples_leaf': 0.017482405967463137, 'min_weight_fraction_leaf': 0.20313910560393167, 'max_features': 0.10999224689424143, 'bootstrap': True, 'max_samples': 0.9994192021243027, 'oob_score': True}. Best is trial 648 with value: 0.8439770643333194.[0m
[32m[I 2022-04-21 12:26:56,793][0m Trial 682 finished with value: 0.8422373875176639 and parameters: {'n_estimators': 121, 'min_samples_split': 0.1573773999816522, 'min_samples_leaf': 0.02772102052642111, 'min_weight_fraction_leaf': 0.20688733354883507, 'max_features': 0.13250897394877875, 'bootstrap': True, 'max_samples': 0.8319486169920005, 'oob_score': True}. Best is trial 648 with value: 0.8439770643333194.[0m
[32m[I 2022-04-21 12:26:59,927][0m Trial 683 finished with value: 0.8424826643283186 and parameters: {'n_estimators': 111, 'min_samples_split': 0.15021387294167307, 'min_samples_leaf': 0.0803594059346187, 'min_weight_fraction_leaf': 0.1991795196040329, 'max_features': 0.2820535243569805, 'bootstrap': True, 'max_samples': 0.9666251198845632, 'oob_score': True}. Best is trial 648 with value: 0.8439770643333194.[0m
[32m[I 2022-04-21 12:27:02,522][0m Trial 684 finished with value: 0.8431828615326091 and parameters: {'n_estimators': 104, 'min_samples_split': 0.13458669953234284, 'min_samples_leaf': 0.026379481033464536, 'min_weight_fraction_leaf': 0.22104926811278441, 'max_features': 0.2041793346246918, 'bootstrap': True, 'max_samples': 0.9865366456968075, 'oob_score': True}. Best is trial 648 with value: 0.8439770643333194.[0m
[32m[I 2022-04-21 12:27:05,483][0m Trial 685 finished with value: 0.8431828615326091 and parameters: {'n_estimators': 104, 'min_samples_split': 0.1099992937998956, 'min_samples_leaf': 0.021924083792981927, 'min_weight_fraction_leaf': 0.21955195590446558, 'max_features': 0.12517276812274714, 'bootstrap': True, 'max_samples': 0.9688773445789068, 'oob_score': True}. Best is trial 648 with value: 0.8439770643333194.[0m
[32m[I 2022-04-21 12:27:08,935][0m Trial 686 finished with value: 0.8438009033101073 and parameters: {'n_estimators': 107, 'min_samples_split': 0.09673544726957858, 'min_samples_leaf': 0.009833288629274546, 'min_weight_fraction_leaf': 0.22450415437255816, 'max_features': 0.13157600722581156, 'bootstrap': True, 'max_samples': 0.9705547426569251, 'oob_score': True}. Best is trial 648 with value: 0.8439770643333194.[0m
[32m[I 2022-04-21 12:27:11,893][0m Trial 687 finished with value: 0.8431828615326091 and parameters: {'n_estimators': 101, 'min_samples_split': 0.1145669742394693, 'min_samples_leaf': 0.015165085297959052, 'min_weight_fraction_leaf': 0.2165977141230382, 'max_features': 0.22429293347941656, 'bootstrap': True, 'max_samples': 0.9976976865494004, 'oob_score': True}. Best is trial 648 with value: 0.8439770643333194.[0m
[32m[I 2022-04-21 12:27:15,258][0m Trial 688 finished with value: 0.8421041340516314 and parameters: {'n_estimators': 100, 'min_samples_split': 0.09212710275245142, 'min_samples_leaf': 0.013240214822581002, 'min_weight_fraction_leaf': 0.23871963268793622, 'max_features': 0.7147379400720447, 'bootstrap': True, 'max_samples': 0.9515641239006485, 'oob_score': True}. Best is trial 648 with value: 0.8439770643333194.[0m
[32m[I 2022-04-21 12:27:18,262][0m Trial 689 finished with value: 0.8431828615326091 and parameters: {'n_estimators': 104, 'min_samples_split': 0.09715135766971672, 'min_samples_leaf': 0.01254650006633386, 'min_weight_fraction_leaf': 0.22467327485974814, 'max_features': 0.019446539332605456, 'bootstrap': True, 'max_samples': 0.9758136557383389, 'oob_score': True}. Best is trial 648 with value: 0.8439770643333194.[0m
[32m[I 2022-04-21 12:27:21,167][0m Trial 690 finished with value: 0.8431828615326091 and parameters: {'n_estimators': 104, 'min_samples_split': 0.10044885610778079, 'min_samples_leaf': 0.015769769444941902, 'min_weight_fraction_leaf': 0.22109009587260584, 'max_features': 0.13487773398234995, 'bootstrap': True, 'max_samples': 0.9701917097211975, 'oob_score': True}. Best is trial 648 with value: 0.8439770643333194.[0m
[32m[I 2022-04-21 12:27:24,085][0m Trial 691 finished with value: 0.8431828615326091 and parameters: {'n_estimators': 104, 'min_samples_split': 0.07733441506557559, 'min_samples_leaf': 0.011687368023215568, 'min_weight_fraction_leaf': 0.21847503195984425, 'max_features': 0.23790270474144312, 'bootstrap': True, 'max_samples': 0.9734458779232648, 'oob_score': True}. Best is trial 648 with value: 0.8439770643333194.[0m
[32m[I 2022-04-21 12:27:27,090][0m Trial 692 finished with value: 0.8412071873688278 and parameters: {'n_estimators': 100, 'min_samples_split': 0.0979911736918761, 'min_samples_leaf': 0.010295501220781836, 'min_weight_fraction_leaf': 0.22712958492336865, 'max_features': 0.27577749231827475, 'bootstrap': True, 'max_samples': 0.9390205561924165, 'oob_score': True}. Best is trial 648 with value: 0.8439770643333194.[0m
[32m[I 2022-04-21 12:27:30,462][0m Trial 693 finished with value: 0.8431828615326091 and parameters: {'n_estimators': 105, 'min_samples_split': 0.07641027135475961, 'min_samples_leaf': 0.021345755194243286, 'min_weight_fraction_leaf': 0.2221094063159462, 'max_features': 0.23660000507170242, 'bootstrap': True, 'max_samples': 0.9768745514708779, 'oob_score': True}. Best is trial 648 with value: 0.8439770643333194.[0m
[32m[I 2022-04-21 12:27:33,401][0m Trial 694 finished with value: 0.8431828615326091 and parameters: {'n_estimators': 104, 'min_samples_split': 0.09111411027586715, 'min_samples_leaf': 0.019473118183698505, 'min_weight_fraction_leaf': 0.2201882663238796, 'max_features': 0.25068577174713225, 'bootstrap': True, 'max_samples': 0.9745294352796924, 'oob_score': True}. Best is trial 648 with value: 0.8439770643333194.[0m
[32m[I 2022-04-21 12:27:36,802][0m Trial 695 finished with value: 0.8438009033101073 and parameters: {'n_estimators': 105, 'min_samples_split': 0.07016869378889154, 'min_samples_leaf': 0.01872569613434199, 'min_weight_fraction_leaf': 0.22337768979456857, 'max_features': 0.24185243244525673, 'bootstrap': True, 'max_samples': 0.9700386161525292, 'oob_score': True}. Best is trial 648 with value: 0.8439770643333194.[0m
[32m[I 2022-04-21 12:27:39,861][0m Trial 696 finished with value: 0.8438009033101073 and parameters: {'n_estimators': 105, 'min_samples_split': 0.06515526950588385, 'min_samples_leaf': 0.016085518632459203, 'min_weight_fraction_leaf': 0.2260880185529761, 'max_features': 0.24526717335284895, 'bootstrap': True, 'max_samples': 0.9693526310886272, 'oob_score': True}. Best is trial 648 with value: 0.8439770643333194.[0m
[32m[I 2022-04-21 12:27:43,361][0m Trial 697 finished with value: 0.8412071873688278 and parameters: {'n_estimators': 104, 'min_samples_split': 0.07102556988369112, 'min_samples_leaf': 0.0153626670252634, 'min_weight_fraction_leaf': 0.22954071993322422, 'max_features': 0.24952751765866998, 'bootstrap': True, 'max_samples': 0.9760974188363911, 'oob_score': True}. Best is trial 648 with value: 0.8439770643333194.[0m
[32m[I 2022-04-21 12:27:46,110][0m Trial 698 finished with value: 0.8412071873688278 and parameters: {'n_estimators': 107, 'min_samples_split': 0.07252087802353897, 'min_samples_leaf': 0.010951884022021541, 'min_weight_fraction_leaf': 0.24101213061926094, 'max_features': 0.28775454993893423, 'bootstrap': True, 'max_samples': 0.9578156385702373, 'oob_score': True}. Best is trial 648 with value: 0.8439770643333194.[0m
[32m[I 2022-04-21 12:27:49,296][0m Trial 699 finished with value: 0.8431828615326091 and parameters: {'n_estimators': 104, 'min_samples_split': 0.05756363866255103, 'min_samples_leaf': 0.02512731202314564, 'min_weight_fraction_leaf': 0.2202266628545754, 'max_features': 0.25555324849992284, 'bootstrap': True, 'max_samples': 0.9778105562540039, 'oob_score': True}. Best is trial 648 with value: 0.8439770643333194.[0m
