[32m[I 2022-04-21 13:47:05,575][0m Trial 533 finished with value: 0.6944227382554584 and parameters: {'n_estimators': 906, 'min_samples_split': 0.006542296116634811, 'min_samples_leaf': 0.02312509714970903, 'min_weight_fraction_leaf': 0.06960726312479386, 'max_features': 0.4765285992765005, 'bootstrap': True, 'max_samples': 0.45032084811988604, 'oob_score': True}. Best is trial 530 with value: 0.696197846611031.[0m
[32m[I 2022-04-21 13:47:18,798][0m Trial 534 finished with value: 0.6940634742788638 and parameters: {'n_estimators': 934, 'min_samples_split': 0.0025933802520353836, 'min_samples_leaf': 0.027905502218118702, 'min_weight_fraction_leaf': 0.06993887114338833, 'max_features': 0.4871021799831126, 'bootstrap': True, 'max_samples': 0.4473421130079162, 'oob_score': True}. Best is trial 530 with value: 0.696197846611031.[0m
[32m[I 2022-04-21 13:47:31,286][0m Trial 535 finished with value: 0.6944227382554584 and parameters: {'n_estimators': 886, 'min_samples_split': 0.001117851444339315, 'min_samples_leaf': 0.025226075394994434, 'min_weight_fraction_leaf': 0.06897382951792612, 'max_features': 0.4847547820849521, 'bootstrap': True, 'max_samples': 0.447814053992274, 'oob_score': True}. Best is trial 530 with value: 0.696197846611031.[0m
[32m[I 2022-04-21 13:47:45,489][0m Trial 536 finished with value: 0.6947607907046526 and parameters: {'n_estimators': 938, 'min_samples_split': 0.0031618638137188354, 'min_samples_leaf': 0.024234927180349176, 'min_weight_fraction_leaf': 0.06649942928027187, 'max_features': 0.48831913519911185, 'bootstrap': True, 'max_samples': 0.4504009042891961, 'oob_score': True}. Best is trial 530 with value: 0.696197846611031.[0m
[32m[I 2022-04-21 13:47:57,820][0m Trial 537 finished with value: 0.6944015267280579 and parameters: {'n_estimators': 925, 'min_samples_split': 0.006698705154627048, 'min_samples_leaf': 0.02816354261142861, 'min_weight_fraction_leaf': 0.06873426314571048, 'max_features': 0.4822088334748682, 'bootstrap': True, 'max_samples': 0.4432338140061009, 'oob_score': True}. Best is trial 530 with value: 0.696197846611031.[0m
[32m[I 2022-04-21 13:48:07,322][0m Trial 538 finished with value: 0.6940634742788638 and parameters: {'n_estimators': 995, 'min_samples_split': 0.007221545509726618, 'min_samples_leaf': 0.030986536073846736, 'min_weight_fraction_leaf': 0.07171071293374888, 'max_features': 0.4801360459867253, 'bootstrap': True, 'max_samples': 0.4461530776964939, 'oob_score': False}. Best is trial 530 with value: 0.696197846611031.[0m
[32m[I 2022-04-21 13:48:16,394][0m Trial 539 finished with value: 0.6944227382554584 and parameters: {'n_estimators': 981, 'min_samples_split': 0.002542055465685822, 'min_samples_leaf': 0.031900299170508205, 'min_weight_fraction_leaf': 0.06823077327462107, 'max_features': 0.4762701802822526, 'bootstrap': True, 'max_samples': 0.45108165489512514, 'oob_score': False}. Best is trial 530 with value: 0.696197846611031.[0m
[32m[I 2022-04-21 13:48:25,444][0m Trial 540 finished with value: 0.6940634742788638 and parameters: {'n_estimators': 961, 'min_samples_split': 0.0020358648474380985, 'min_samples_leaf': 0.03465791306427254, 'min_weight_fraction_leaf': 0.07015843896469302, 'max_features': 0.47698046713626874, 'bootstrap': True, 'max_samples': 0.44331866618254095, 'oob_score': False}. Best is trial 530 with value: 0.696197846611031.[0m
[32m[I 2022-04-21 13:48:33,995][0m Trial 541 finished with value: 0.693429552175006 and parameters: {'n_estimators': 985, 'min_samples_split': 0.0012367384396948142, 'min_samples_leaf': 0.03385301079493942, 'min_weight_fraction_leaf': 0.06552627633166741, 'max_features': 0.46769472078907715, 'bootstrap': True, 'max_samples': 0.44342065887135007, 'oob_score': False}. Best is trial 530 with value: 0.696197846611031.[0m
[32m[I 2022-04-21 13:48:42,695][0m Trial 542 finished with value: 0.6930702881984114 and parameters: {'n_estimators': 995, 'min_samples_split': 0.0014884071851260904, 'min_samples_leaf': 0.03577703229097188, 'min_weight_fraction_leaf': 0.07510010313453663, 'max_features': 0.4830402164165829, 'bootstrap': True, 'max_samples': 0.44584740624405267, 'oob_score': False}. Best is trial 530 with value: 0.696197846611031.[0m
[32m[I 2022-04-21 13:48:50,440][0m Trial 543 finished with value: 0.6928371477677318 and parameters: {'n_estimators': 941, 'min_samples_split': 0.001242972213817234, 'min_samples_leaf': 0.046321910165661125, 'min_weight_fraction_leaf': 0.06957947633448826, 'max_features': 0.4779409256346397, 'bootstrap': True, 'max_samples': 0.43614380180926116, 'oob_score': False}. Best is trial 530 with value: 0.696197846611031.[0m
[32m[I 2022-04-21 13:48:59,688][0m Trial 544 finished with value: 0.6940634742788638 and parameters: {'n_estimators': 946, 'min_samples_split': 0.010112815434061869, 'min_samples_leaf': 0.03079023227903492, 'min_weight_fraction_leaf': 0.07097769373638087, 'max_features': 0.47750283452462716, 'bootstrap': True, 'max_samples': 0.4226581258351924, 'oob_score': False}. Best is trial 530 with value: 0.696197846611031.[0m
[32m[I 2022-04-21 13:49:08,158][0m Trial 545 finished with value: 0.6940634742788638 and parameters: {'n_estimators': 954, 'min_samples_split': 0.0010000762597420203, 'min_samples_leaf': 0.0358682938003364, 'min_weight_fraction_leaf': 0.07550447552436255, 'max_features': 0.4781159266777221, 'bootstrap': True, 'max_samples': 0.4505178196908698, 'oob_score': False}. Best is trial 530 with value: 0.696197846611031.[0m
[32m[I 2022-04-21 13:49:15,650][0m Trial 546 finished with value: 0.6940634742788638 and parameters: {'n_estimators': 919, 'min_samples_split': 0.0025108962454807107, 'min_samples_leaf': 0.03627501528716726, 'min_weight_fraction_leaf': 0.07141876184406676, 'max_features': 0.46983702963633645, 'bootstrap': True, 'max_samples': 0.45424304980636704, 'oob_score': False}. Best is trial 530 with value: 0.696197846611031.[0m
[32m[I 2022-04-21 13:49:24,814][0m Trial 547 finished with value: 0.6940634742788638 and parameters: {'n_estimators': 966, 'min_samples_split': 0.007567026753039037, 'min_samples_leaf': 0.03536084732878117, 'min_weight_fraction_leaf': 0.07215129154449863, 'max_features': 0.48399209307186153, 'bootstrap': True, 'max_samples': 0.4293604610463178, 'oob_score': False}. Best is trial 530 with value: 0.696197846611031.[0m
[32m[I 2022-04-21 13:49:32,537][0m Trial 548 finished with value: 0.6937114525923153 and parameters: {'n_estimators': 919, 'min_samples_split': 0.0010163986312212712, 'min_samples_leaf': 0.02964001219352694, 'min_weight_fraction_leaf': 0.06822535865613219, 'max_features': 0.45824075288086885, 'bootstrap': True, 'max_samples': 0.46846965872946167, 'oob_score': False}. Best is trial 530 with value: 0.696197846611031.[0m
[32m[I 2022-04-21 13:49:40,742][0m Trial 549 finished with value: 0.6813979227770244 and parameters: {'n_estimators': 998, 'min_samples_split': 0.009874404664740868, 'min_samples_leaf': 0.02983796376734455, 'min_weight_fraction_leaf': 0.06652579647817874, 'max_features': 0.48059119282169055, 'bootstrap': False, 'max_samples': 0.4296824651912934}. Best is trial 530 with value: 0.696197846611031.[0m
[32m[I 2022-04-21 13:49:48,968][0m Trial 550 finished with value: 0.693408580907876 and parameters: {'n_estimators': 913, 'min_samples_split': 0.001706947864123118, 'min_samples_leaf': 0.04310413742869128, 'min_weight_fraction_leaf': 0.08104191745427576, 'max_features': 0.45920541235027623, 'bootstrap': True, 'max_samples': 0.44437828298594845, 'oob_score': False}. Best is trial 530 with value: 0.696197846611031.[0m
[32m[I 2022-04-21 13:49:57,685][0m Trial 551 finished with value: 0.693408580907876 and parameters: {'n_estimators': 945, 'min_samples_split': 0.0022268067728916, 'min_samples_leaf': 0.039866024988165154, 'min_weight_fraction_leaf': 0.07651637784870399, 'max_features': 0.4750264422483107, 'bootstrap': True, 'max_samples': 0.4559483527517656, 'oob_score': False}. Best is trial 530 with value: 0.696197846611031.[0m
[32m[I 2022-04-21 13:50:05,979][0m Trial 552 finished with value: 0.6913580945408886 and parameters: {'n_estimators': 951, 'min_samples_split': 0.0095893941537446, 'min_samples_leaf': 0.05227087349437434, 'min_weight_fraction_leaf': 0.07253199050320845, 'max_features': 0.48243301203340083, 'bootstrap': True, 'max_samples': 0.4347000566884917, 'oob_score': False}. Best is trial 530 with value: 0.696197846611031.[0m
[32m[I 2022-04-21 13:50:14,072][0m Trial 553 finished with value: 0.6933734001431211 and parameters: {'n_estimators': 921, 'min_samples_split': 0.0010155000039238353, 'min_samples_leaf': 0.03734811782429237, 'min_weight_fraction_leaf': 0.0658461749969212, 'max_features': 0.45664057957674353, 'bootstrap': True, 'max_samples': 0.4770890352447202, 'oob_score': False}. Best is trial 530 with value: 0.696197846611031.[0m
[32m[I 2022-04-21 13:50:22,451][0m Trial 554 finished with value: 0.693408580907876 and parameters: {'n_estimators': 899, 'min_samples_split': 0.011061005656646698, 'min_samples_leaf': 0.02749451434058168, 'min_weight_fraction_leaf': 0.08239371546607634, 'max_features': 0.4920644946265797, 'bootstrap': True, 'max_samples': 0.45007380551644893, 'oob_score': False}. Best is trial 530 with value: 0.696197846611031.[0m
[32m[I 2022-04-21 13:50:31,478][0m Trial 555 finished with value: 0.6930984901481886 and parameters: {'n_estimators': 986, 'min_samples_split': 0.010637804122002166, 'min_samples_leaf': 0.04739544371580092, 'min_weight_fraction_leaf': 0.06632083855080403, 'max_features': 0.45046469756182067, 'bootstrap': True, 'max_samples': 0.4294897842721115, 'oob_score': False}. Best is trial 530 with value: 0.696197846611031.[0m
[32m[I 2022-04-21 13:50:39,493][0m Trial 556 finished with value: 0.6940634742788638 and parameters: {'n_estimators': 898, 'min_samples_split': 0.011994875329140085, 'min_samples_leaf': 0.03765069625885738, 'min_weight_fraction_leaf': 0.07555170334826332, 'max_features': 0.46469425836417505, 'bootstrap': True, 'max_samples': 0.42141694971456334, 'oob_score': False}. Best is trial 530 with value: 0.696197846611031.[0m
[32m[I 2022-04-21 13:50:47,896][0m Trial 557 finished with value: 0.6930702881984114 and parameters: {'n_estimators': 888, 'min_samples_split': 0.012442208865440969, 'min_samples_leaf': 0.026315755210820236, 'min_weight_fraction_leaf': 0.06515443162245742, 'max_features': 0.4747257147589163, 'bootstrap': True, 'max_samples': 0.41770148832903287, 'oob_score': False}. Best is trial 530 with value: 0.696197846611031.[0m
[32m[I 2022-04-21 13:50:55,073][0m Trial 558 finished with value: 0.693408580907876 and parameters: {'n_estimators': 960, 'min_samples_split': 0.008494671946078138, 'min_samples_leaf': 0.04511534118283543, 'min_weight_fraction_leaf': 0.0798803325782162, 'max_features': 0.49391902589542996, 'bootstrap': True, 'max_samples': 0.45174230729420256, 'oob_score': False}. Best is trial 530 with value: 0.696197846611031.[0m
[32m[I 2022-04-21 13:51:03,150][0m Trial 559 finished with value: 0.6929154830788382 and parameters: {'n_estimators': 908, 'min_samples_split': 0.017153161331738075, 'min_samples_leaf': 0.05312369759610409, 'min_weight_fraction_leaf': 0.07510702291208374, 'max_features': 0.45405475396913, 'bootstrap': True, 'max_samples': 0.4729309537272252, 'oob_score': False}. Best is trial 530 with value: 0.696197846611031.[0m
[32m[I 2022-04-21 13:51:11,256][0m Trial 560 finished with value: 0.693408580907876 and parameters: {'n_estimators': 931, 'min_samples_split': 0.011435896959033692, 'min_samples_leaf': 0.03827592601299933, 'min_weight_fraction_leaf': 0.07915825897153582, 'max_features': 0.44994207669373576, 'bootstrap': True, 'max_samples': 0.465040402795074, 'oob_score': False}. Best is trial 530 with value: 0.696197846611031.[0m
[32m[I 2022-04-21 13:51:18,671][0m Trial 561 finished with value: 0.5 and parameters: {'n_estimators': 856, 'min_samples_split': 0.011380840061561169, 'min_samples_leaf': 0.0255348402710432, 'min_weight_fraction_leaf': 0.36899688513972123, 'max_features': 0.49745479433050405, 'bootstrap': True, 'max_samples': 0.4254008881783922, 'oob_score': False}. Best is trial 530 with value: 0.696197846611031.[0m
[32m[I 2022-04-21 13:51:25,795][0m Trial 562 finished with value: 0.5 and parameters: {'n_estimators': 853, 'min_samples_split': 0.0014511637880186426, 'min_samples_leaf': 0.030205470991429048, 'min_weight_fraction_leaf': 0.43716683996892114, 'max_features': 0.4840275315613431, 'bootstrap': True, 'max_samples': 0.41940696317004017, 'oob_score': False}. Best is trial 530 with value: 0.696197846611031.[0m
[32m[I 2022-04-21 13:51:37,056][0m Trial 563 finished with value: 0.694091676228641 and parameters: {'n_estimators': 1000, 'min_samples_split': 0.011980000671049703, 'min_samples_leaf': 0.03529593541915184, 'min_weight_fraction_leaf': 0.06339343429209561, 'max_features': 0.4670996329546524, 'bootstrap': True, 'max_samples': 0.45622078909405994, 'oob_score': False}. Best is trial 530 with value: 0.696197846611031.[0m
[32m[I 2022-04-21 13:51:45,194][0m Trial 564 finished with value: 0.693429552175006 and parameters: {'n_estimators': 886, 'min_samples_split': 0.017023995030848154, 'min_samples_leaf': 0.04509339070150747, 'min_weight_fraction_leaf': 0.06405189471163876, 'max_features': 0.46472566850104335, 'bootstrap': True, 'max_samples': 0.41793492689010275, 'oob_score': False}. Best is trial 530 with value: 0.696197846611031.[0m
[32m[I 2022-04-21 13:51:53,854][0m Trial 565 finished with value: 0.6930141361665265 and parameters: {'n_estimators': 999, 'min_samples_split': 0.016484164187542102, 'min_samples_leaf': 0.025197566260535, 'min_weight_fraction_leaf': 0.06103345189775164, 'max_features': 0.4957819997094962, 'bootstrap': True, 'max_samples': 0.4809269214268649, 'oob_score': False}. Best is trial 530 with value: 0.696197846611031.[0m
[32m[I 2022-04-21 13:52:02,835][0m Trial 566 finished with value: 0.6925799661389804 and parameters: {'n_estimators': 957, 'min_samples_split': 0.0015587845729267517, 'min_samples_leaf': 0.05759093273661672, 'min_weight_fraction_leaf': 0.08090664402983935, 'max_features': 0.48608394110236963, 'bootstrap': True, 'max_samples': 0.456259327305593, 'oob_score': False}. Best is trial 530 with value: 0.696197846611031.[0m
[32m[I 2022-04-21 13:52:11,708][0m Trial 567 finished with value: 0.6936832506425381 and parameters: {'n_estimators': 898, 'min_samples_split': 0.018627909858410566, 'min_samples_leaf': 0.03687731868386014, 'min_weight_fraction_leaf': 0.05927837115922355, 'max_features': 0.44940194698542435, 'bootstrap': True, 'max_samples': 0.4808167498413941, 'oob_score': False}. Best is trial 530 with value: 0.696197846611031.[0m
[32m[I 2022-04-21 13:52:18,577][0m Trial 568 finished with value: 0.5 and parameters: {'n_estimators': 853, 'min_samples_split': 0.01135783488785501, 'min_samples_leaf': 0.2956124084488871, 'min_weight_fraction_leaf': 0.06210831182909293, 'max_features': 0.46362492804796296, 'bootstrap': True, 'max_samples': 0.4529697521246427, 'oob_score': False}. Best is trial 530 with value: 0.696197846611031.[0m
[32m[I 2022-04-21 13:52:26,751][0m Trial 569 finished with value: 0.683181144726229 and parameters: {'n_estimators': 956, 'min_samples_split': 0.00890087276301095, 'min_samples_leaf': 0.049375482961491135, 'min_weight_fraction_leaf': 0.07068016329522402, 'max_features': 0.43896042832836046, 'bootstrap': False, 'max_samples': 0.4474721864950847}. Best is trial 530 with value: 0.696197846611031.[0m
[32m[I 2022-04-21 13:52:36,391][0m Trial 570 finished with value: 0.6944227382554584 and parameters: {'n_estimators': 962, 'min_samples_split': 0.01922044255539871, 'min_samples_leaf': 0.02521017324115258, 'min_weight_fraction_leaf': 0.06723012954494749, 'max_features': 0.4966246607932849, 'bootstrap': True, 'max_samples': 0.43194612384924413, 'oob_score': False}. Best is trial 530 with value: 0.696197846611031.[0m
[32m[I 2022-04-21 13:52:45,421][0m Trial 571 finished with value: 0.6930141361665265 and parameters: {'n_estimators': 998, 'min_samples_split': 0.019504380441696563, 'min_samples_leaf': 0.023959659241886394, 'min_weight_fraction_leaf': 0.060347053880385554, 'max_features': 0.5015677766576476, 'bootstrap': True, 'max_samples': 0.44424863695506894, 'oob_score': False}. Best is trial 530 with value: 0.696197846611031.[0m
[32m[I 2022-04-21 13:52:52,902][0m Trial 572 finished with value: 0.6915870472635711 and parameters: {'n_estimators': 886, 'min_samples_split': 0.018544131345718716, 'min_samples_leaf': 0.022922214573294086, 'min_weight_fraction_leaf': 0.08180196324252094, 'max_features': 0.5065371268435659, 'bootstrap': True, 'max_samples': 0.4094283823947655, 'oob_score': False}. Best is trial 530 with value: 0.696197846611031.[0m
[32m[I 2022-04-21 13:53:02,144][0m Trial 573 finished with value: 0.6933521886157207 and parameters: {'n_estimators': 930, 'min_samples_split': 0.018928020370188082, 'min_samples_leaf': 0.02122311427996719, 'min_weight_fraction_leaf': 0.058219732285967, 'max_features': 0.4925309834246688, 'bootstrap': True, 'max_samples': 0.4232060684779365, 'oob_score': False}. Best is trial 530 with value: 0.696197846611031.[0m
[32m[I 2022-04-21 13:53:09,862][0m Trial 574 finished with value: 0.5 and parameters: {'n_estimators': 964, 'min_samples_split': 0.010884581853876318, 'min_samples_leaf': 0.03394313616334289, 'min_weight_fraction_leaf': 0.2236152866097185, 'max_features': 0.4670763489171291, 'bootstrap': True, 'max_samples': 0.43510664755654466, 'oob_score': False}. Best is trial 530 with value: 0.696197846611031.[0m
[32m[I 2022-04-21 13:53:18,312][0m Trial 575 finished with value: 0.6922533590252032 and parameters: {'n_estimators': 896, 'min_samples_split': 0.0014907893065497888, 'min_samples_leaf': 0.05915858270897721, 'min_weight_fraction_leaf': 0.07322551920263415, 'max_features': 0.44704711870745584, 'bootstrap': True, 'max_samples': 0.47258336512948085, 'oob_score': False}. Best is trial 530 with value: 0.696197846611031.[0m
[32m[I 2022-04-21 13:53:26,474][0m Trial 576 finished with value: 0.6930141361665265 and parameters: {'n_estimators': 840, 'min_samples_split': 0.020540042217081406, 'min_samples_leaf': 0.028656153983958363, 'min_weight_fraction_leaf': 0.059685499615337985, 'max_features': 0.5029054323732977, 'bootstrap': True, 'max_samples': 0.4140306995039554, 'oob_score': False}. Best is trial 530 with value: 0.696197846611031.[0m
[32m[I 2022-04-21 13:53:33,173][0m Trial 577 finished with value: 0.5 and parameters: {'n_estimators': 831, 'min_samples_split': 0.011833796343092324, 'min_samples_leaf': 0.019261763324688087, 'min_weight_fraction_leaf': 0.48893959647631563, 'max_features': 0.47764734591623126, 'bootstrap': True, 'max_samples': 0.4357662145064546, 'oob_score': False}. Best is trial 530 with value: 0.696197846611031.[0m
[32m[I 2022-04-21 13:53:40,842][0m Trial 578 finished with value: 0.6940634742788638 and parameters: {'n_estimators': 868, 'min_samples_split': 0.02544450628536131, 'min_samples_leaf': 0.045533590395160806, 'min_weight_fraction_leaf': 0.06910292920612837, 'max_features': 0.4968311955161251, 'bootstrap': True, 'max_samples': 0.4169743998501941, 'oob_score': False}. Best is trial 530 with value: 0.696197846611031.[0m
[32m[I 2022-04-21 13:53:49,589][0m Trial 579 finished with value: 0.694091676228641 and parameters: {'n_estimators': 943, 'min_samples_split': 0.0025868046251033227, 'min_samples_leaf': 0.035391107478888115, 'min_weight_fraction_leaf': 0.07229316483010896, 'max_features': 0.47693448061679217, 'bootstrap': True, 'max_samples': 0.4851387863431812, 'oob_score': False}. Best is trial 530 with value: 0.696197846611031.[0m
[32m[I 2022-04-21 13:53:59,345][0m Trial 580 finished with value: 0.6890027005476387 and parameters: {'n_estimators': 1000, 'min_samples_split': 0.024385667349150975, 'min_samples_leaf': 0.047836017802567396, 'min_weight_fraction_leaf': 0.05442812222795046, 'max_features': 0.5036657413509724, 'bootstrap': True, 'max_samples': 0.4871806326237841, 'oob_score': False}. Best is trial 530 with value: 0.696197846611031.[0m
[32m[I 2022-04-21 13:54:06,872][0m Trial 581 finished with value: 0.6929929246391261 and parameters: {'n_estimators': 832, 'min_samples_split': 0.011120443544838442, 'min_samples_leaf': 0.03315345853993138, 'min_weight_fraction_leaf': 0.06193261743465783, 'max_features': 0.4422139811508262, 'bootstrap': True, 'max_samples': 0.4893862956470976, 'oob_score': False}. Best is trial 530 with value: 0.696197846611031.[0m
[32m[I 2022-04-21 13:54:14,875][0m Trial 582 finished with value: 0.6926907198966693 and parameters: {'n_estimators': 875, 'min_samples_split': 0.023561780178210517, 'min_samples_leaf': 0.053151935578082656, 'min_weight_fraction_leaf': 0.08316343039452313, 'max_features': 0.4679495144399866, 'bootstrap': True, 'max_samples': 0.4647566129811853, 'oob_score': False}. Best is trial 530 with value: 0.696197846611031.[0m
[32m[I 2022-04-21 13:54:22,100][0m Trial 583 finished with value: 0.5 and parameters: {'n_estimators': 943, 'min_samples_split': 0.4844939945577994, 'min_samples_leaf': 0.1999077327628015, 'min_weight_fraction_leaf': 0.08474161872363847, 'max_features': 0.4775796761380738, 'bootstrap': True, 'max_samples': 0.47638338810329317, 'oob_score': False}. Best is trial 530 with value: 0.696197846611031.[0m
[32m[I 2022-04-21 13:54:30,043][0m Trial 584 finished with value: 0.6944227382554584 and parameters: {'n_estimators': 922, 'min_samples_split': 0.0020468705123957535, 'min_samples_leaf': 0.042047244612100576, 'min_weight_fraction_leaf': 0.06982679148015035, 'max_features': 0.43877340822819577, 'bootstrap': True, 'max_samples': 0.45913988932660654, 'oob_score': False}. Best is trial 530 with value: 0.696197846611031.[0m
