[32m[I 2022-04-21 14:14:13,257][0m Trial 741 finished with value: 0.6940429292197579 and parameters: {'n_estimators': 851, 'min_samples_split': 0.010596755621191264, 'min_samples_leaf': 0.02426536410532678, 'min_weight_fraction_leaf': 0.08066092400728306, 'max_features': 0.49520627171081466, 'bootstrap': True, 'max_samples': 0.4280363453628183, 'oob_score': False}. Best is trial 530 with value: 0.696197846611031.[0m
[32m[I 2022-04-21 14:14:20,541][0m Trial 742 finished with value: 0.6867287821764385 and parameters: {'n_estimators': 776, 'min_samples_split': 0.011654399626113612, 'min_samples_leaf': 0.0019572437460835135, 'min_weight_fraction_leaf': 0.10882929536569415, 'max_features': 0.504126356115044, 'bootstrap': True, 'max_samples': 0.5067143911262583, 'oob_score': False}. Best is trial 530 with value: 0.696197846611031.[0m
[32m[I 2022-04-21 14:14:27,092][0m Trial 743 finished with value: 0.6718499923319642 and parameters: {'n_estimators': 739, 'min_samples_split': 0.04441867045577362, 'min_samples_leaf': 0.12940459265062187, 'min_weight_fraction_leaf': 0.05573199863465127, 'max_features': 0.5000779250950158, 'bootstrap': False, 'max_samples': 0.4337541350965839}. Best is trial 530 with value: 0.696197846611031.[0m
[32m[I 2022-04-21 14:14:33,994][0m Trial 744 finished with value: 0.6930141361665265 and parameters: {'n_estimators': 854, 'min_samples_split': 0.030624841746705725, 'min_samples_leaf': 0.041019894652494414, 'min_weight_fraction_leaf': 0.062383409217016544, 'max_features': 0.5269225149117129, 'bootstrap': True, 'max_samples': 0.40975245460488036, 'oob_score': False}. Best is trial 530 with value: 0.696197846611031.[0m
[32m[I 2022-04-21 14:14:40,122][0m Trial 745 finished with value: 0.6916930789031768 and parameters: {'n_estimators': 752, 'min_samples_split': 0.0012148749955411212, 'min_samples_leaf': 0.00838518946627554, 'min_weight_fraction_leaf': 0.08695513547770115, 'max_features': 0.46092048553046755, 'bootstrap': True, 'max_samples': 0.47362009928945875, 'oob_score': False}. Best is trial 530 with value: 0.696197846611031.[0m
[32m[I 2022-04-21 14:14:47,901][0m Trial 746 finished with value: 0.6919390805575185 and parameters: {'n_estimators': 817, 'min_samples_split': 0.0013489693176748476, 'min_samples_leaf': 0.01599049864077847, 'min_weight_fraction_leaf': 0.07076842611914409, 'max_features': 0.4804942354709613, 'bootstrap': True, 'max_samples': 0.38409818778367566, 'oob_score': False}. Best is trial 530 with value: 0.696197846611031.[0m
[32m[I 2022-04-21 14:14:55,051][0m Trial 747 finished with value: 0.6917527381962191 and parameters: {'n_estimators': 799, 'min_samples_split': 0.020071363184383052, 'min_samples_leaf': 0.018312071112388733, 'min_weight_fraction_leaf': 0.0888623371386969, 'max_features': 0.5261134331661679, 'bootstrap': True, 'max_samples': 0.5022389324511107, 'oob_score': False}. Best is trial 530 with value: 0.696197846611031.[0m
[32m[I 2022-04-21 14:15:03,928][0m Trial 748 finished with value: 0.6916878693971146 and parameters: {'n_estimators': 930, 'min_samples_split': 0.0281771720441056, 'min_samples_leaf': 0.02596267355503249, 'min_weight_fraction_leaf': 0.05075723542001499, 'max_features': 0.5064314216057657, 'bootstrap': True, 'max_samples': 0.4454698147996768, 'oob_score': False}. Best is trial 530 with value: 0.696197846611031.[0m
[32m[I 2022-04-21 14:15:11,679][0m Trial 749 finished with value: 0.6882934876651793 and parameters: {'n_estimators': 855, 'min_samples_split': 0.06031044527182844, 'min_samples_leaf': 0.020154204080234283, 'min_weight_fraction_leaf': 0.042493381914511325, 'max_features': 0.48617272679330586, 'bootstrap': True, 'max_samples': 0.442187200451608, 'oob_score': False}. Best is trial 530 with value: 0.696197846611031.[0m
[32m[I 2022-04-21 14:15:19,484][0m Trial 750 finished with value: 0.692739226171594 and parameters: {'n_estimators': 836, 'min_samples_split': 0.011896760758874112, 'min_samples_leaf': 0.010834615036870818, 'min_weight_fraction_leaf': 0.06757253037644219, 'max_features': 0.4655686972569725, 'bootstrap': True, 'max_samples': 0.41789189083993117, 'oob_score': False}. Best is trial 530 with value: 0.696197846611031.[0m
[32m[I 2022-04-21 14:15:28,479][0m Trial 751 finished with value: 0.6944227382554584 and parameters: {'n_estimators': 894, 'min_samples_split': 0.0017945920591818758, 'min_samples_leaf': 0.03791850101623736, 'min_weight_fraction_leaf': 0.06875787664941424, 'max_features': 0.474082153104232, 'bootstrap': True, 'max_samples': 0.4515611640429696, 'oob_score': False}. Best is trial 530 with value: 0.696197846611031.[0m
[32m[I 2022-04-21 14:15:36,796][0m Trial 752 finished with value: 0.6930141361665265 and parameters: {'n_estimators': 876, 'min_samples_split': 0.046011733923857046, 'min_samples_leaf': 0.02182152331784358, 'min_weight_fraction_leaf': 0.05595178715038932, 'max_features': 0.491677557848487, 'bootstrap': True, 'max_samples': 0.4508197472160452, 'oob_score': False}. Best is trial 530 with value: 0.696197846611031.[0m
[32m[I 2022-04-21 14:15:43,663][0m Trial 753 finished with value: 0.692246609336785 and parameters: {'n_estimators': 798, 'min_samples_split': 0.036555925058663744, 'min_samples_leaf': 0.001553469892205896, 'min_weight_fraction_leaf': 0.07816850667236278, 'max_features': 0.5052491001067632, 'bootstrap': True, 'max_samples': 0.43400586535911784, 'oob_score': False}. Best is trial 530 with value: 0.696197846611031.[0m
[32m[I 2022-04-21 14:15:51,738][0m Trial 754 finished with value: 0.6819977577625689 and parameters: {'n_estimators': 917, 'min_samples_split': 0.04001424328793772, 'min_samples_leaf': 0.03742834467881179, 'min_weight_fraction_leaf': 0.13336047254480962, 'max_features': 0.5283661957086785, 'bootstrap': True, 'max_samples': 0.396287039332405, 'oob_score': False}. Best is trial 530 with value: 0.696197846611031.[0m
[32m[I 2022-04-21 14:15:58,354][0m Trial 755 finished with value: 0.6881846187785379 and parameters: {'n_estimators': 782, 'min_samples_split': 0.009221671259102128, 'min_samples_leaf': 0.0012644160478627632, 'min_weight_fraction_leaf': 0.09409810528585089, 'max_features': 0.42880115825666915, 'bootstrap': True, 'max_samples': 0.46703245649229863, 'oob_score': False}. Best is trial 530 with value: 0.696197846611031.[0m
[32m[I 2022-04-21 14:16:06,650][0m Trial 756 finished with value: 0.692739226171594 and parameters: {'n_estimators': 876, 'min_samples_split': 0.04775085228330883, 'min_samples_leaf': 0.012145180781986963, 'min_weight_fraction_leaf': 0.06461106983493553, 'max_features': 0.4826175035813258, 'bootstrap': True, 'max_samples': 0.37571652967182984, 'oob_score': False}. Best is trial 530 with value: 0.696197846611031.[0m
[32m[I 2022-04-21 14:16:13,809][0m Trial 757 finished with value: 0.6925216936720722 and parameters: {'n_estimators': 762, 'min_samples_split': 0.011005957778923381, 'min_samples_leaf': 0.003984092117984701, 'min_weight_fraction_leaf': 0.07713903211598816, 'max_features': 0.4586938398761503, 'bootstrap': True, 'max_samples': 0.46306319124539175, 'oob_score': False}. Best is trial 530 with value: 0.696197846611031.[0m
[32m[I 2022-04-21 14:16:21,528][0m Trial 758 finished with value: 0.6864047105719977 and parameters: {'n_estimators': 827, 'min_samples_split': 0.023425111713001108, 'min_samples_leaf': 0.033860729019470535, 'min_weight_fraction_leaf': 0.1025784526166679, 'max_features': 0.4688163120710876, 'bootstrap': True, 'max_samples': 0.4563851101624186, 'oob_score': False}. Best is trial 530 with value: 0.696197846611031.[0m
[32m[I 2022-04-21 14:16:30,202][0m Trial 759 finished with value: 0.6930379948058085 and parameters: {'n_estimators': 956, 'min_samples_split': 0.01810641258857372, 'min_samples_leaf': 0.011048376494632327, 'min_weight_fraction_leaf': 0.04994105795365763, 'max_features': 0.4423782515353609, 'bootstrap': True, 'max_samples': 0.42112602576679314, 'oob_score': False}. Best is trial 530 with value: 0.696197846611031.[0m
[32m[I 2022-04-21 14:16:37,533][0m Trial 760 finished with value: 0.6916930789031768 and parameters: {'n_estimators': 789, 'min_samples_split': 0.0323537722609602, 'min_samples_leaf': 0.019268622922876975, 'min_weight_fraction_leaf': 0.08472980628487006, 'max_features': 0.5138880126008591, 'bootstrap': True, 'max_samples': 0.46852805000727193, 'oob_score': False}. Best is trial 530 with value: 0.696197846611031.[0m
[32m[I 2022-04-21 14:16:44,483][0m Trial 761 finished with value: 0.685228740351574 and parameters: {'n_estimators': 729, 'min_samples_split': 0.01989853294012213, 'min_samples_leaf': 0.01054836902459651, 'min_weight_fraction_leaf': 0.059835936605007654, 'max_features': 0.44710720518511116, 'bootstrap': False, 'max_samples': 0.40402578452274274}. Best is trial 530 with value: 0.696197846611031.[0m
[32m[I 2022-04-21 14:16:51,917][0m Trial 762 finished with value: 0.5 and parameters: {'n_estimators': 852, 'min_samples_split': 0.03831599534502456, 'min_samples_leaf': 0.011589825354097059, 'min_weight_fraction_leaf': 0.26898655118018633, 'max_features': 0.4932158581175875, 'bootstrap': True, 'max_samples': 0.4194888687463128, 'oob_score': False}. Best is trial 530 with value: 0.696197846611031.[0m
[32m[I 2022-04-21 14:17:00,623][0m Trial 763 finished with value: 0.6911453680090539 and parameters: {'n_estimators': 913, 'min_samples_split': 0.001074114572170562, 'min_samples_leaf': 0.0449797204671071, 'min_weight_fraction_leaf': 0.07166780944016773, 'max_features': 0.40338637459663884, 'bootstrap': True, 'max_samples': 0.37766298566691414, 'oob_score': False}. Best is trial 530 with value: 0.696197846611031.[0m
[32m[I 2022-04-21 14:17:07,288][0m Trial 764 finished with value: 0.6815367884657785 and parameters: {'n_estimators': 813, 'min_samples_split': 0.02662960009482837, 'min_samples_leaf': 0.0012734605165351295, 'min_weight_fraction_leaf': 0.15888153595254945, 'max_features': 0.48396670590429036, 'bootstrap': True, 'max_samples': 0.45638708289219043, 'oob_score': False}. Best is trial 530 with value: 0.696197846611031.[0m
[32m[I 2022-04-21 14:17:14,641][0m Trial 765 finished with value: 0.6920843328006062 and parameters: {'n_estimators': 776, 'min_samples_split': 0.01212806237803713, 'min_samples_leaf': 0.02295024009672704, 'min_weight_fraction_leaf': 0.07766113688517594, 'max_features': 0.4622252597261277, 'bootstrap': True, 'max_samples': 0.5117603237544731, 'oob_score': False}. Best is trial 530 with value: 0.696197846611031.[0m
[32m[I 2022-04-21 14:17:22,222][0m Trial 766 finished with value: 0.5404201979316425 and parameters: {'n_estimators': 835, 'min_samples_split': 0.026319219571192067, 'min_samples_leaf': 0.009955395227470165, 'min_weight_fraction_leaf': 0.22970519433881942, 'max_features': 0.41865401988718276, 'bootstrap': True, 'max_samples': 0.472947844405428, 'oob_score': False}. Best is trial 530 with value: 0.696197846611031.[0m
[32m[I 2022-04-21 14:17:29,854][0m Trial 767 finished with value: 0.6920072386673117 and parameters: {'n_estimators': 796, 'min_samples_split': 0.015055874394879914, 'min_samples_leaf': 0.02970079906817768, 'min_weight_fraction_leaf': 0.054057767361934406, 'max_features': 0.526088311915595, 'bootstrap': True, 'max_samples': 0.4352790114032706, 'oob_score': False}. Best is trial 530 with value: 0.696197846611031.[0m
[32m[I 2022-04-21 14:17:38,061][0m Trial 768 finished with value: 0.693993275008622 and parameters: {'n_estimators': 929, 'min_samples_split': 0.0013079176811928743, 'min_samples_leaf': 0.051826498410217706, 'min_weight_fraction_leaf': 0.06429711717445934, 'max_features': 0.43482448277132213, 'bootstrap': True, 'max_samples': 0.4153405776769766, 'oob_score': False}. Best is trial 530 with value: 0.696197846611031.[0m
[32m[I 2022-04-21 14:17:46,432][0m Trial 769 finished with value: 0.6882934876651793 and parameters: {'n_estimators': 882, 'min_samples_split': 0.018024633416579384, 'min_samples_leaf': 0.034565652864899515, 'min_weight_fraction_leaf': 0.04093995641931012, 'max_features': 0.40949315095117417, 'bootstrap': True, 'max_samples': 0.3967548686221779, 'oob_score': False}. Best is trial 530 with value: 0.696197846611031.[0m
[32m[I 2022-04-21 14:17:55,134][0m Trial 770 finished with value: 0.6844917599583441 and parameters: {'n_estimators': 880, 'min_samples_split': 0.027289864607336824, 'min_samples_leaf': 0.025473550768370698, 'min_weight_fraction_leaf': 0.059512190802384526, 'max_features': 0.7086820414660989, 'bootstrap': True, 'max_samples': 0.49184655365201535, 'oob_score': False}. Best is trial 530 with value: 0.696197846611031.[0m
[32m[I 2022-04-21 14:18:01,511][0m Trial 771 finished with value: 0.5 and parameters: {'n_estimators': 729, 'min_samples_split': 0.01289454175176962, 'min_samples_leaf': 0.001093604496259816, 'min_weight_fraction_leaf': 0.28818317346476463, 'max_features': 0.44696567328236764, 'bootstrap': True, 'max_samples': 0.4835152061895718, 'oob_score': False}. Best is trial 530 with value: 0.696197846611031.[0m
[32m[I 2022-04-21 14:18:08,697][0m Trial 772 finished with value: 0.6837472988064728 and parameters: {'n_estimators': 857, 'min_samples_split': 0.00870294341534681, 'min_samples_leaf': 0.11526825039009034, 'min_weight_fraction_leaf': 0.08776360556281669, 'max_features': 0.5095930345338475, 'bootstrap': True, 'max_samples': 0.4455157254911382, 'oob_score': False}. Best is trial 530 with value: 0.696197846611031.[0m
[32m[I 2022-04-21 14:18:17,673][0m Trial 773 finished with value: 0.6930141361665265 and parameters: {'n_estimators': 980, 'min_samples_split': 0.009475751132553334, 'min_samples_leaf': 0.029214859661424862, 'min_weight_fraction_leaf': 0.07034803550428854, 'max_features': 0.4752944833817175, 'bootstrap': True, 'max_samples': 0.5140722099116775, 'oob_score': False}. Best is trial 530 with value: 0.696197846611031.[0m
[32m[I 2022-04-21 14:18:27,178][0m Trial 774 finished with value: 0.6890106005900327 and parameters: {'n_estimators': 954, 'min_samples_split': 0.05238591469152343, 'min_samples_leaf': 0.02032824161873466, 'min_weight_fraction_leaf': 0.041600629171067105, 'max_features': 0.4942481984051193, 'bootstrap': True, 'max_samples': 0.4341769553737116, 'oob_score': False}. Best is trial 530 with value: 0.696197846611031.[0m
[32m[I 2022-04-21 14:18:35,624][0m Trial 775 finished with value: 0.6907571567901732 and parameters: {'n_estimators': 901, 'min_samples_split': 0.037379718070429155, 'min_samples_leaf': 0.016947477094246363, 'min_weight_fraction_leaf': 0.05302822126599361, 'max_features': 0.5302313191101602, 'bootstrap': True, 'max_samples': 0.21485315031180557, 'oob_score': False}. Best is trial 530 with value: 0.696197846611031.[0m
[32m[I 2022-04-21 14:18:42,220][0m Trial 776 finished with value: 0.5 and parameters: {'n_estimators': 764, 'min_samples_split': 0.01774667225214266, 'min_samples_leaf': 0.01216493313355316, 'min_weight_fraction_leaf': 0.3149139123014904, 'max_features': 0.4450222639231628, 'bootstrap': True, 'max_samples': 0.40826259821137867, 'oob_score': False}. Best is trial 530 with value: 0.696197846611031.[0m
[32m[I 2022-04-21 14:18:49,681][0m Trial 777 finished with value: 0.6955005301852422 and parameters: {'n_estimators': 838, 'min_samples_split': 0.03338804155009355, 'min_samples_leaf': 0.03356205900850083, 'min_weight_fraction_leaf': 0.07014078676758205, 'max_features': 0.47589991509576773, 'bootstrap': True, 'max_samples': 0.4343667823634716, 'oob_score': False}. Best is trial 530 with value: 0.696197846611031.[0m
[32m[I 2022-04-21 14:18:57,516][0m Trial 778 finished with value: 0.6955005301852422 and parameters: {'n_estimators': 823, 'min_samples_split': 0.06081625299508568, 'min_samples_leaf': 0.016802619922133853, 'min_weight_fraction_leaf': 0.07609667989121519, 'max_features': 0.5131158205636396, 'bootstrap': True, 'max_samples': 0.4313297358659839, 'oob_score': False}. Best is trial 530 with value: 0.696197846611031.[0m
[32m[I 2022-04-21 14:19:05,400][0m Trial 779 finished with value: 0.6888178699010089 and parameters: {'n_estimators': 815, 'min_samples_split': 0.06607762674297993, 'min_samples_leaf': 0.01669832384013073, 'min_weight_fraction_leaf': 0.0839501713083603, 'max_features': 0.8999766630931254, 'bootstrap': True, 'max_samples': 0.3898973567956234, 'oob_score': False}. Best is trial 530 with value: 0.696197846611031.[0m
[32m[I 2022-04-21 14:19:12,185][0m Trial 780 finished with value: 0.684106127081537 and parameters: {'n_estimators': 768, 'min_samples_split': 0.04140028225842583, 'min_samples_leaf': 0.01026570455675884, 'min_weight_fraction_leaf': 0.10255872834838439, 'max_features': 0.0005860040713639436, 'bootstrap': True, 'max_samples': 0.4232757387551608, 'oob_score': False}. Best is trial 530 with value: 0.696197846611031.[0m
[32m[I 2022-04-21 14:19:19,736][0m Trial 781 finished with value: 0.6890198216540233 and parameters: {'n_estimators': 829, 'min_samples_split': 0.03490892801685671, 'min_samples_leaf': 0.033527438079878374, 'min_weight_fraction_leaf': 0.06003280751047148, 'max_features': 0.3732140153824256, 'bootstrap': False, 'max_samples': 0.8332548494839569}. Best is trial 530 with value: 0.696197846611031.[0m
[32m[I 2022-04-21 14:19:27,338][0m Trial 782 finished with value: 0.6933521886157207 and parameters: {'n_estimators': 828, 'min_samples_split': 0.059544383248157896, 'min_samples_leaf': 0.04174966890743237, 'min_weight_fraction_leaf': 0.04434930859934988, 'max_features': 0.5321722039352978, 'bootstrap': True, 'max_samples': 0.4020829320713658, 'oob_score': False}. Best is trial 530 with value: 0.696197846611031.[0m
[32m[I 2022-04-21 14:19:33,549][0m Trial 783 finished with value: 0.5 and parameters: {'n_estimators': 807, 'min_samples_split': 0.03409204713026517, 'min_samples_leaf': 0.30152349897034664, 'min_weight_fraction_leaf': 0.07916555585236996, 'max_features': 0.4573107846186944, 'bootstrap': True, 'max_samples': 0.43434527627148567, 'oob_score': False}. Best is trial 530 with value: 0.696197846611031.[0m
[32m[I 2022-04-21 14:19:41,304][0m Trial 784 finished with value: 0.6926012046111534 and parameters: {'n_estimators': 854, 'min_samples_split': 0.025592099475135945, 'min_samples_leaf': 0.03316966993347712, 'min_weight_fraction_leaf': 0.07013966193357948, 'max_features': 0.5165892433019627, 'bootstrap': True, 'max_samples': 0.37501058921778546, 'oob_score': False}. Best is trial 530 with value: 0.696197846611031.[0m
[32m[I 2022-04-21 14:19:48,219][0m Trial 785 finished with value: 0.68210439099349 and parameters: {'n_estimators': 796, 'min_samples_split': 0.3083325903488768, 'min_samples_leaf': 0.026173338055842495, 'min_weight_fraction_leaf': 0.09318030495245186, 'max_features': 0.5073892186012916, 'bootstrap': True, 'max_samples': 0.41534227086638104, 'oob_score': False}. Best is trial 530 with value: 0.696197846611031.[0m
[32m[I 2022-04-21 14:19:55,853][0m Trial 786 finished with value: 0.6933521886157207 and parameters: {'n_estimators': 859, 'min_samples_split': 0.04782486450930534, 'min_samples_leaf': 0.04304995417421319, 'min_weight_fraction_leaf': 0.05809876195361968, 'max_features': 0.421887765171057, 'bootstrap': True, 'max_samples': 0.42971733671284945, 'oob_score': False}. Best is trial 530 with value: 0.696197846611031.[0m
[32m[I 2022-04-21 14:20:02,852][0m Trial 787 finished with value: 0.6925216936720722 and parameters: {'n_estimators': 826, 'min_samples_split': 0.027313476745465345, 'min_samples_leaf': 0.022711251177424497, 'min_weight_fraction_leaf': 0.07942136992414996, 'max_features': 0.5315665778150889, 'bootstrap': True, 'max_samples': 0.4534288452670702, 'oob_score': False}. Best is trial 530 with value: 0.696197846611031.[0m
[32m[I 2022-04-21 14:20:09,988][0m Trial 788 finished with value: 0.6885076500948293 and parameters: {'n_estimators': 785, 'min_samples_split': 0.0691526823280944, 'min_samples_leaf': 0.01798252513042632, 'min_weight_fraction_leaf': 0.09118478866506656, 'max_features': 0.5091474261862193, 'bootstrap': True, 'max_samples': 0.3798124154535121, 'oob_score': False}. Best is trial 530 with value: 0.696197846611031.[0m
[32m[I 2022-04-21 14:20:17,704][0m Trial 789 finished with value: 0.6940634742788638 and parameters: {'n_estimators': 762, 'min_samples_split': 0.020268794035616714, 'min_samples_leaf': 0.01057147829520219, 'min_weight_fraction_leaf': 0.06956962706652843, 'max_features': 0.49163849973217977, 'bootstrap': True, 'max_samples': 0.4606156316446486, 'oob_score': False}. Best is trial 530 with value: 0.696197846611031.[0m
[32m[I 2022-04-21 14:20:26,439][0m Trial 790 finished with value: 0.6908290583785495 and parameters: {'n_estimators': 860, 'min_samples_split': 0.035658758558820905, 'min_samples_leaf': 0.050022384131710076, 'min_weight_fraction_leaf': 0.05013818633892901, 'max_features': 0.47208477431777973, 'bootstrap': True, 'max_samples': 0.23934743055710206, 'oob_score': False}. Best is trial 530 with value: 0.696197846611031.[0m
[32m[I 2022-04-21 14:20:33,793][0m Trial 791 finished with value: 0.6937918043400458 and parameters: {'n_estimators': 731, 'min_samples_split': 0.054383676064259895, 'min_samples_leaf': 0.02613199779570243, 'min_weight_fraction_leaf': 0.07238368722737792, 'max_features': 0.46623308321406826, 'bootstrap': True, 'max_samples': 0.40433156022247424, 'oob_score': False}. Best is trial 530 with value: 0.696197846611031.[0m
[32m[I 2022-04-21 14:20:40,842][0m Trial 792 finished with value: 0.6882934876651793 and parameters: {'n_estimators': 814, 'min_samples_split': 0.03075398328820888, 'min_samples_leaf': 0.03528314535321533, 'min_weight_fraction_leaf': 0.041242282069798644, 'max_features': 0.4354398469352568, 'bootstrap': True, 'max_samples': 0.4279313074103144, 'oob_score': False}. Best is trial 530 with value: 0.696197846611031.[0m
