[32m[I 2022-04-22 00:56:31,116][0m Trial 473 finished with value: 0.8352753606054527 and parameters: {'n_estimators': 899, 'min_samples_split': 0.05190327173743973, 'min_samples_leaf': 0.0011986769976430056, 'min_weight_fraction_leaf': 0.041157157373634054, 'max_features': 0.24807591256791842, 'bootstrap': False, 'max_samples': 0.9140374095495403}. Best is trial 452 with value: 0.8406595463259192.[0m
[32m[I 2022-04-22 00:59:20,204][0m Trial 474 finished with value: 0.8388471957330335 and parameters: {'n_estimators': 876, 'min_samples_split': 0.03552841278100338, 'min_samples_leaf': 0.015617865552627709, 'min_weight_fraction_leaf': 0.022937217589973354, 'max_features': 0.27466642792268303, 'bootstrap': False, 'max_samples': 0.8761879715186413}. Best is trial 452 with value: 0.8406595463259192.[0m
[32m[I 2022-04-22 01:01:22,065][0m Trial 475 finished with value: 0.833191465474415 and parameters: {'n_estimators': 820, 'min_samples_split': 0.03656547258574845, 'min_samples_leaf': 0.010203181181404264, 'min_weight_fraction_leaf': 0.045890472434243865, 'max_features': 0.27113820148915885, 'bootstrap': False, 'max_samples': 0.8780962299241806}. Best is trial 452 with value: 0.8406595463259192.[0m
[32m[I 2022-04-22 01:02:00,440][0m Trial 476 finished with value: 0.8146370573647367 and parameters: {'n_estimators': 890, 'min_samples_split': 0.03512792455750326, 'min_samples_leaf': 0.019709150028773933, 'min_weight_fraction_leaf': 0.17735388095556542, 'max_features': 0.20459197572658086, 'bootstrap': False, 'max_samples': 0.9025213155394813}. Best is trial 452 with value: 0.8406595463259192.[0m
[32m[I 2022-04-22 01:04:30,086][0m Trial 477 finished with value: 0.8380463637024022 and parameters: {'n_estimators': 851, 'min_samples_split': 0.047436524046310644, 'min_samples_leaf': 0.009144717754664793, 'min_weight_fraction_leaf': 0.02670399611518325, 'max_features': 0.23310025949432034, 'bootstrap': False, 'max_samples': 0.8720288399637709}. Best is trial 452 with value: 0.8406595463259192.[0m
[32m[I 2022-04-22 01:04:33,626][0m Trial 478 finished with value: 0.8168580283158036 and parameters: {'n_estimators': 100, 'min_samples_split': 0.029201089033997197, 'min_samples_leaf': 0.1831356272581356, 'min_weight_fraction_leaf': 0.022274831966580092, 'max_features': 0.2831243553061066, 'bootstrap': False, 'max_samples': 0.8683258417138139}. Best is trial 452 with value: 0.8406595463259192.[0m
[32m[I 2022-04-22 01:05:11,113][0m Trial 479 finished with value: 0.8247473060070757 and parameters: {'n_estimators': 913, 'min_samples_split': 0.023456749319930678, 'min_samples_leaf': 0.11186751129602374, 'min_weight_fraction_leaf': 0.02962542186400871, 'max_features': 0.30463012342537593, 'bootstrap': False, 'max_samples': 0.8943573398317057}. Best is trial 452 with value: 0.8406595463259192.[0m
[32m[I 2022-04-22 01:07:05,079][0m Trial 480 finished with value: 0.8367443619236645 and parameters: {'n_estimators': 957, 'min_samples_split': 0.043135063173996235, 'min_samples_leaf': 0.03141582661759505, 'min_weight_fraction_leaf': 0.021141664868585423, 'max_features': 0.26501123918747665, 'bootstrap': False, 'max_samples': 0.9106435881636084}. Best is trial 452 with value: 0.8406595463259192.[0m
[32m[I 2022-04-22 01:08:59,376][0m Trial 481 finished with value: 0.8346212695181968 and parameters: {'n_estimators': 882, 'min_samples_split': 0.018765921770681187, 'min_samples_leaf': 0.017233536656211128, 'min_weight_fraction_leaf': 0.03995113455810596, 'max_features': 0.24988528729302895, 'bootstrap': False, 'max_samples': 0.8735676982926284}. Best is trial 452 with value: 0.8406595463259192.[0m
[32m[I 2022-04-22 01:12:21,688][0m Trial 482 finished with value: 0.8402916006004384 and parameters: {'n_estimators': 771, 'min_samples_split': 0.030242557061075565, 'min_samples_leaf': 0.009453115059780375, 'min_weight_fraction_leaf': 0.018506956099708927, 'max_features': 0.302977916471896, 'bootstrap': False, 'max_samples': 0.8896074784101095}. Best is trial 452 with value: 0.8406595463259192.[0m
[32m[I 2022-04-22 01:14:40,775][0m Trial 483 finished with value: 0.8359668477408947 and parameters: {'n_estimators': 777, 'min_samples_split': 0.055537588223500106, 'min_samples_leaf': 0.01704845526244074, 'min_weight_fraction_leaf': 0.033295485919646865, 'max_features': 0.30453179771637534, 'bootstrap': False, 'max_samples': 0.8717801639887437}. Best is trial 452 with value: 0.8406595463259192.[0m
[32m[I 2022-04-22 01:18:55,871][0m Trial 484 finished with value: 0.8390771769134261 and parameters: {'n_estimators': 720, 'min_samples_split': 0.0361228057606619, 'min_samples_leaf': 0.0012266982045752717, 'min_weight_fraction_leaf': 0.01594640097045269, 'max_features': 0.3130264098509825, 'bootstrap': False, 'max_samples': 0.25232248980615046}. Best is trial 452 with value: 0.8406595463259192.[0m
[32m[I 2022-04-22 01:22:44,707][0m Trial 485 finished with value: 0.8387227524747596 and parameters: {'n_estimators': 768, 'min_samples_split': 0.05805556136727923, 'min_samples_leaf': 0.0033533800557663616, 'min_weight_fraction_leaf': 0.01767302038362916, 'max_features': 0.3119133463989048, 'bootstrap': False, 'max_samples': 0.8909102419155329}. Best is trial 452 with value: 0.8406595463259192.[0m
[32m[I 2022-04-22 01:26:09,907][0m Trial 486 finished with value: 0.8389994348654509 and parameters: {'n_estimators': 719, 'min_samples_split': 0.055341973586708296, 'min_samples_leaf': 0.0034201625879522303, 'min_weight_fraction_leaf': 0.01814253819464758, 'max_features': 0.3125536565029191, 'bootstrap': False, 'max_samples': 0.8897576425508303}. Best is trial 452 with value: 0.8406595463259192.[0m
[32m[I 2022-04-22 01:29:35,243][0m Trial 487 finished with value: 0.8389307051094882 and parameters: {'n_estimators': 722, 'min_samples_split': 0.06907537273003109, 'min_samples_leaf': 0.0023713528125045586, 'min_weight_fraction_leaf': 0.017013721200176704, 'max_features': 0.3147659728918757, 'bootstrap': False, 'max_samples': 0.8954917766918905}. Best is trial 452 with value: 0.8406595463259192.[0m
[32m[I 2022-04-22 01:33:08,969][0m Trial 488 finished with value: 0.8390019034052442 and parameters: {'n_estimators': 709, 'min_samples_split': 0.06173787878199365, 'min_samples_leaf': 0.0010846942444615627, 'min_weight_fraction_leaf': 0.016605993176112277, 'max_features': 0.3167803400930943, 'bootstrap': False, 'max_samples': 0.8970223320968873}. Best is trial 452 with value: 0.8406595463259192.[0m
[32m[I 2022-04-22 01:33:31,594][0m Trial 489 finished with value: 0.7840614774715133 and parameters: {'n_estimators': 746, 'min_samples_split': 0.07322589595821932, 'min_samples_leaf': 0.0049490759760229645, 'min_weight_fraction_leaf': 0.42458922977714114, 'max_features': 0.3162721375291051, 'bootstrap': False, 'max_samples': 0.9009964486429448}. Best is trial 452 with value: 0.8406595463259192.[0m
[32m[I 2022-04-22 01:36:00,939][0m Trial 490 finished with value: 0.8353193271756734 and parameters: {'n_estimators': 728, 'min_samples_split': 0.07247890917614332, 'min_samples_leaf': 0.0036661340968057155, 'min_weight_fraction_leaf': 0.03160170814385739, 'max_features': 0.3178775114968702, 'bootstrap': False, 'max_samples': 0.9206084290892689}. Best is trial 452 with value: 0.8406595463259192.[0m
[32m[I 2022-04-22 01:38:59,840][0m Trial 491 finished with value: 0.8389192908813252 and parameters: {'n_estimators': 790, 'min_samples_split': 0.0657037651459252, 'min_samples_leaf': 0.004563663909192548, 'min_weight_fraction_leaf': 0.015634911668725854, 'max_features': 0.2800278314716867, 'bootstrap': False, 'max_samples': 0.889859106936796}. Best is trial 452 with value: 0.8406595463259192.[0m
[32m[I 2022-04-22 01:41:31,338][0m Trial 492 finished with value: 0.8388413779550561 and parameters: {'n_estimators': 697, 'min_samples_split': 0.07912577524763464, 'min_samples_leaf': 0.0013265649599482655, 'min_weight_fraction_leaf': 0.01730184411335067, 'max_features': 0.2823598504652513, 'bootstrap': False, 'max_samples': 0.8983624749726147}. Best is trial 452 with value: 0.8406595463259192.[0m
[32m[I 2022-04-22 01:43:22,308][0m Trial 493 finished with value: 0.8330167181570152 and parameters: {'n_estimators': 692, 'min_samples_split': 0.09693624599232237, 'min_samples_leaf': 0.0015413239789157686, 'min_weight_fraction_leaf': 0.035209767577150455, 'max_features': 0.27973173921250477, 'bootstrap': False, 'max_samples': 0.25422682784941497}. Best is trial 452 with value: 0.8406595463259192.[0m
[32m[I 2022-04-22 01:45:21,981][0m Trial 494 finished with value: 0.8321585809469093 and parameters: {'n_estimators': 796, 'min_samples_split': 0.07207173213241547, 'min_samples_leaf': 0.0026240319099745564, 'min_weight_fraction_leaf': 0.048358417384353564, 'max_features': 0.28451683087381074, 'bootstrap': False, 'max_samples': 0.8991220671516289}. Best is trial 452 with value: 0.8406595463259192.[0m
[32m[I 2022-04-22 01:47:26,716][0m Trial 495 finished with value: 0.8347579237604222 and parameters: {'n_estimators': 715, 'min_samples_split': 0.08387755484027523, 'min_samples_leaf': 0.006361363489859927, 'min_weight_fraction_leaf': 0.02890624612975634, 'max_features': 0.2830342285992034, 'bootstrap': False, 'max_samples': 0.9279377160354674}. Best is trial 452 with value: 0.8406595463259192.[0m
[32m[I 2022-04-22 01:49:48,712][0m Trial 496 finished with value: 0.8381813541258977 and parameters: {'n_estimators': 711, 'min_samples_split': 0.08382957470983693, 'min_samples_leaf': 0.0052352028447426036, 'min_weight_fraction_leaf': 0.01863082232850674, 'max_features': 0.2982886927078615, 'bootstrap': False, 'max_samples': 0.9055744838564596}. Best is trial 452 with value: 0.8406595463259192.[0m
[32m[I 2022-04-22 01:52:21,979][0m Trial 497 finished with value: 0.8342740438387853 and parameters: {'n_estimators': 767, 'min_samples_split': 0.06614500780406492, 'min_samples_leaf': 0.0017530901082936957, 'min_weight_fraction_leaf': 0.042042334073037146, 'max_features': 0.3304932727118165, 'bootstrap': False, 'max_samples': 0.9207061298705947}. Best is trial 452 with value: 0.8406595463259192.[0m
[32m[I 2022-04-22 01:55:20,874][0m Trial 498 finished with value: 0.8389925098019969 and parameters: {'n_estimators': 812, 'min_samples_split': 0.0706465030816549, 'min_samples_leaf': 0.0010249455616150784, 'min_weight_fraction_leaf': 0.018375094695135274, 'max_features': 0.27183321548579314, 'bootstrap': False, 'max_samples': 0.8898173585600345}. Best is trial 452 with value: 0.8406595463259192.[0m
[32m[I 2022-04-22 01:57:34,529][0m Trial 499 finished with value: 0.8358776084009172 and parameters: {'n_estimators': 833, 'min_samples_split': 0.08542977131830301, 'min_samples_leaf': 0.002701329971960248, 'min_weight_fraction_leaf': 0.028783695369748577, 'max_features': 0.23225464520332145, 'bootstrap': False, 'max_samples': 0.891324866925387}. Best is trial 452 with value: 0.8406595463259192.[0m
[32m[I 2022-04-22 01:59:48,315][0m Trial 500 finished with value: 0.8392102555216564 and parameters: {'n_estimators': 686, 'min_samples_split': 0.06235098609700429, 'min_samples_leaf': 0.008697764444003702, 'min_weight_fraction_leaf': 0.01679602348806814, 'max_features': 0.25701705260508567, 'bootstrap': False, 'max_samples': 0.37315545037593045}. Best is trial 452 with value: 0.8406595463259192.[0m
[32m[I 2022-04-22 02:01:15,854][0m Trial 501 finished with value: 0.8344344207577056 and parameters: {'n_estimators': 683, 'min_samples_split': 0.06905481999924057, 'min_samples_leaf': 0.0018731441262055293, 'min_weight_fraction_leaf': 0.038880036926187536, 'max_features': 0.19322398442836874, 'bootstrap': False, 'max_samples': 0.32373647484580637}. Best is trial 452 with value: 0.8406595463259192.[0m
[32m[I 2022-04-22 02:01:30,994][0m Trial 502 finished with value: 0.8029195437598791 and parameters: {'n_estimators': 735, 'min_samples_split': 0.06232721560011411, 'min_samples_leaf': 0.15459007736538088, 'min_weight_fraction_leaf': 0.23105754736788303, 'max_features': 0.2512532643745617, 'bootstrap': False, 'max_samples': 0.9219080568163099}. Best is trial 452 with value: 0.8406595463259192.[0m
[32m[I 2022-04-22 02:03:34,610][0m Trial 503 finished with value: 0.8360365433734283 and parameters: {'n_estimators': 784, 'min_samples_split': 0.07682187259949365, 'min_samples_leaf': 0.008700741868092624, 'min_weight_fraction_leaf': 0.0308521039623871, 'max_features': 0.2651566394856201, 'bootstrap': False, 'max_samples': 0.4286061933532854}. Best is trial 452 with value: 0.8406595463259192.[0m
[32m[I 2022-04-22 02:04:43,952][0m Trial 504 finished with value: 0.8325467403938994 and parameters: {'n_estimators': 751, 'min_samples_split': 0.09325965786873744, 'min_samples_leaf': 0.008713572861456386, 'min_weight_fraction_leaf': 0.06560669033724752, 'max_features': 0.21670153395473946, 'bootstrap': False, 'max_samples': 0.22714101928696748}. Best is trial 452 with value: 0.8406595463259192.[0m
[32m[I 2022-04-22 02:04:57,722][0m Trial 505 finished with value: 0.8160421301052647 and parameters: {'n_estimators': 807, 'min_samples_split': 0.07857414051393649, 'min_samples_leaf': 0.2002672465138766, 'min_weight_fraction_leaf': 0.017621936551972514, 'max_features': 0.2410727294540135, 'bootstrap': False, 'max_samples': 0.18555557093569497}. Best is trial 452 with value: 0.8406595463259192.[0m
[32m[I 2022-04-22 02:07:38,421][0m Trial 506 finished with value: 0.8390095445597266 and parameters: {'n_estimators': 705, 'min_samples_split': 0.06716081271187549, 'min_samples_leaf': 0.0021729561279592736, 'min_weight_fraction_leaf': 0.018343170367774032, 'max_features': 0.2721762743734651, 'bootstrap': False, 'max_samples': 0.2812779624471057}. Best is trial 452 with value: 0.8406595463259192.[0m
[32m[I 2022-04-22 02:10:01,745][0m Trial 507 finished with value: 0.8360525175627511 and parameters: {'n_estimators': 712, 'min_samples_split': 0.06490045851669364, 'min_samples_leaf': 0.0012858964590990373, 'min_weight_fraction_leaf': 0.03297593352488645, 'max_features': 0.26797061208823975, 'bootstrap': False, 'max_samples': 0.2735277471336336}. Best is trial 452 with value: 0.8406595463259192.[0m
[32m[I 2022-04-22 02:11:50,077][0m Trial 508 finished with value: 0.832630562764737 and parameters: {'n_estimators': 673, 'min_samples_split': 0.06910891380639637, 'min_samples_leaf': 0.0010558207948837006, 'min_weight_fraction_leaf': 0.051222488380225036, 'max_features': 0.2749414821585154, 'bootstrap': False, 'max_samples': 0.3611092499894559}. Best is trial 452 with value: 0.8406595463259192.[0m
[32m[I 2022-04-22 02:13:54,509][0m Trial 509 finished with value: 0.8383324134076051 and parameters: {'n_estimators': 738, 'min_samples_split': 0.05821954009112838, 'min_samples_leaf': 0.011236189631434301, 'min_weight_fraction_leaf': 0.025944138981523826, 'max_features': 0.24922334866654874, 'bootstrap': False, 'max_samples': 0.1846398315500538}. Best is trial 452 with value: 0.8406595463259192.[0m
[32m[I 2022-04-22 02:16:18,155][0m Trial 510 finished with value: 0.8349426508747705 and parameters: {'n_estimators': 824, 'min_samples_split': 0.07753522344022735, 'min_samples_leaf': 0.001242348110243898, 'min_weight_fraction_leaf': 0.04234233533767853, 'max_features': 0.2824863562263743, 'bootstrap': False, 'max_samples': 0.27629671616467544}. Best is trial 452 with value: 0.8406595463259192.[0m
[32m[I 2022-04-22 02:17:59,327][0m Trial 511 finished with value: 0.8381181498404828 and parameters: {'n_estimators': 688, 'min_samples_split': 0.06659077415906488, 'min_samples_leaf': 0.012039445920127203, 'min_weight_fraction_leaf': 0.017939993012116687, 'max_features': 0.22726162844859166, 'bootstrap': False, 'max_samples': 0.23623344985409075}. Best is trial 452 with value: 0.8406595463259192.[0m
[32m[I 2022-04-22 02:19:39,581][0m Trial 512 finished with value: 0.8356822386858196 and parameters: {'n_estimators': 723, 'min_samples_split': 0.08091304486804231, 'min_samples_leaf': 0.01140994383800253, 'min_weight_fraction_leaf': 0.027633243742198645, 'max_features': 0.25920211798324233, 'bootstrap': False, 'max_samples': 0.3456631894489181}. Best is trial 452 with value: 0.8406595463259192.[0m
[32m[I 2022-04-22 02:22:03,433][0m Trial 513 finished with value: 0.8400142983597725 and parameters: {'n_estimators': 781, 'min_samples_split': 0.06204940865054785, 'min_samples_leaf': 0.013764477058381734, 'min_weight_fraction_leaf': 0.016104224906644853, 'max_features': 0.2920034779245952, 'bootstrap': False, 'max_samples': 0.46397959692868973}. Best is trial 452 with value: 0.8406595463259192.[0m
[32m[I 2022-04-22 02:24:28,671][0m Trial 514 finished with value: 0.8380325882861419 and parameters: {'n_estimators': 780, 'min_samples_split': 0.103521744594498, 'min_samples_leaf': 0.011169903776445882, 'min_weight_fraction_leaf': 0.0167974089739417, 'max_features': 0.30628018658218104, 'bootstrap': False, 'max_samples': 0.30158748084385717}. Best is trial 452 with value: 0.8406595463259192.[0m
[32m[I 2022-04-22 02:26:45,633][0m Trial 515 finished with value: 0.834844799627638 and parameters: {'n_estimators': 750, 'min_samples_split': 0.06166070791725104, 'min_samples_leaf': 0.001452888047482533, 'min_weight_fraction_leaf': 0.03745225445385737, 'max_features': 0.2693293946830576, 'bootstrap': False, 'max_samples': 0.2608898315430961}. Best is trial 452 with value: 0.8406595463259192.[0m
[32m[I 2022-04-22 02:29:13,727][0m Trial 516 finished with value: 0.8363598261864673 and parameters: {'n_estimators': 699, 'min_samples_split': 0.08969357385031322, 'min_samples_leaf': 0.0018702949469007312, 'min_weight_fraction_leaf': 0.027258713432696077, 'max_features': 0.303571681007258, 'bootstrap': False, 'max_samples': 0.3901479012289673}. Best is trial 452 with value: 0.8406595463259192.[0m
[32m[I 2022-04-22 02:32:14,405][0m Trial 517 finished with value: 0.8389722152304545 and parameters: {'n_estimators': 811, 'min_samples_split': 0.06876831827514501, 'min_samples_leaf': 0.0010371179838244986, 'min_weight_fraction_leaf': 0.015044987357526811, 'max_features': 0.23556812772428937, 'bootstrap': False, 'max_samples': 0.49850935618993664}. Best is trial 452 with value: 0.8406595463259192.[0m
[32m[I 2022-04-22 02:35:07,309][0m Trial 518 finished with value: 0.8399661605263976 and parameters: {'n_estimators': 831, 'min_samples_split': 0.0713932476227031, 'min_samples_leaf': 0.001724672587098546, 'min_weight_fraction_leaf': 0.014835550352851824, 'max_features': 0.22733889499478843, 'bootstrap': False, 'max_samples': 0.4565592514153718}. Best is trial 452 with value: 0.8406595463259192.[0m
[32m[I 2022-04-22 02:37:09,077][0m Trial 519 finished with value: 0.8387133237116743 and parameters: {'n_estimators': 840, 'min_samples_split': 0.06914184615745796, 'min_samples_leaf': 0.012931373756390797, 'min_weight_fraction_leaf': 0.015271964483829515, 'max_features': 0.19993896062106828, 'bootstrap': False, 'max_samples': 0.47967480501763093}. Best is trial 452 with value: 0.8406595463259192.[0m
[32m[I 2022-04-22 02:39:05,168][0m Trial 520 finished with value: 0.8387896056814956 and parameters: {'n_estimators': 791, 'min_samples_split': 0.060660070875319355, 'min_samples_leaf': 0.017251917340363937, 'min_weight_fraction_leaf': 0.012863754358849394, 'max_features': 0.23893783396813895, 'bootstrap': False, 'max_samples': 0.49685626019635293}. Best is trial 452 with value: 0.8406595463259192.[0m
[32m[I 2022-04-22 02:39:13,851][0m Trial 521 finished with value: 0.7967497766743824 and parameters: {'n_estimators': 830, 'min_samples_split': 0.09026439590271793, 'min_samples_leaf': 0.3399422216768877, 'min_weight_fraction_leaf': 0.029517420379687985, 'max_features': 0.2254072153487386, 'bootstrap': False, 'max_samples': 0.4180818200397474}. Best is trial 452 with value: 0.8406595463259192.[0m
[32m[I 2022-04-22 02:41:25,469][0m Trial 522 finished with value: 0.8390840559539534 and parameters: {'n_estimators': 770, 'min_samples_split': 0.07146966880616218, 'min_samples_leaf': 0.009897695317366055, 'min_weight_fraction_leaf': 0.01207269269081807, 'max_features': 0.21731698277984185, 'bootstrap': False, 'max_samples': 0.2092333458022032}. Best is trial 452 with value: 0.8406595463259192.[0m
[32m[I 2022-04-22 02:43:47,978][0m Trial 523 finished with value: 0.8397807561100403 and parameters: {'n_estimators': 761, 'min_samples_split': 0.07437866759401919, 'min_samples_leaf': 0.0019648345881859534, 'min_weight_fraction_leaf': 0.012476772552977597, 'max_features': 0.1974776187296104, 'bootstrap': False, 'max_samples': 0.5399417203589599}. Best is trial 452 with value: 0.8406595463259192.[0m
[32m[I 2022-04-22 02:44:34,735][0m Trial 524 finished with value: 0.8258937057080914 and parameters: {'n_estimators': 749, 'min_samples_split': 0.0791326587807735, 'min_samples_leaf': 0.0019339504091232906, 'min_weight_fraction_leaf': 0.12223733313909615, 'max_features': 0.21002014203810537, 'bootstrap': False, 'max_samples': 0.5224894750523397}. Best is trial 452 with value: 0.8406595463259192.[0m
[32m[I 2022-04-22 02:46:18,009][0m Trial 525 finished with value: 0.8392301789030086 and parameters: {'n_estimators': 755, 'min_samples_split': 0.07130794581030922, 'min_samples_leaf': 0.011043308709983646, 'min_weight_fraction_leaf': 0.010722452473395353, 'max_features': 0.17240809524042053, 'bootstrap': False, 'max_samples': 0.45532949276611706}. Best is trial 452 with value: 0.8406595463259192.[0m
[32m[I 2022-04-22 02:47:28,294][0m Trial 526 finished with value: 0.837028413128633 and parameters: {'n_estimators': 759, 'min_samples_split': 0.08830028074447463, 'min_samples_leaf': 0.02232934993757283, 'min_weight_fraction_leaf': 0.010773856387848581, 'max_features': 0.16137983742627682, 'bootstrap': False, 'max_samples': 0.47436303034577176}. Best is trial 452 with value: 0.8406595463259192.[0m
