[32m[I 2022-04-21 11:53:03,850][0m Trial 216 finished with value: 0.8427903724166675 and parameters: {'n_estimators': 274, 'min_samples_split': 0.23817868642372259, 'min_samples_leaf': 0.17706805751864954, 'min_weight_fraction_leaf': 0.014510318277232526, 'max_features': 0.016340172179298312, 'bootstrap': False, 'max_samples': 0.5123239721146526}. Best is trial 50 with value: 0.8427903724166675.[0m
[32m[I 2022-04-21 11:53:08,902][0m Trial 217 finished with value: 0.8368254332554039 and parameters: {'n_estimators': 509, 'min_samples_split': 0.038398144406171675, 'min_samples_leaf': 0.13783222318394026, 'min_weight_fraction_leaf': 0.011039393384545678, 'max_features': 0.07653467610196206, 'bootstrap': False, 'max_samples': 0.5473932877873401}. Best is trial 50 with value: 0.8427903724166675.[0m
[32m[I 2022-04-21 11:53:12,504][0m Trial 218 finished with value: 0.8427903724166675 and parameters: {'n_estimators': 322, 'min_samples_split': 0.24837756318206167, 'min_samples_leaf': 0.1615343467294156, 'min_weight_fraction_leaf': 0.17738211721016994, 'max_features': 0.0630914831537162, 'bootstrap': False, 'max_samples': 0.45816977015705}. Best is trial 50 with value: 0.8427903724166675.[0m
[32m[I 2022-04-21 11:53:19,209][0m Trial 219 finished with value: 0.8423083212244602 and parameters: {'n_estimators': 842, 'min_samples_split': 0.2169495570488558, 'min_samples_leaf': 0.1248880570147195, 'min_weight_fraction_leaf': 0.17301431713974558, 'max_features': 0.041100249255656585, 'bootstrap': False, 'max_samples': 0.4525860514028319}. Best is trial 50 with value: 0.8427903724166675.[0m
[32m[I 2022-04-21 11:53:24,233][0m Trial 220 finished with value: 0.8426442432752064 and parameters: {'n_estimators': 563, 'min_samples_split': 0.17235102183787926, 'min_samples_leaf': 0.1901224054330645, 'min_weight_fraction_leaf': 0.1856340732174081, 'max_features': 0.09718708003490725, 'bootstrap': False, 'max_samples': 0.7044176296083128}. Best is trial 50 with value: 0.8427903724166675.[0m
[32m[I 2022-04-21 11:53:27,306][0m Trial 221 finished with value: 0.8427903724166675 and parameters: {'n_estimators': 248, 'min_samples_split': 0.24339514979556748, 'min_samples_leaf': 0.17472585803858465, 'min_weight_fraction_leaf': 0.1342593881387284, 'max_features': 0.0886263089768867, 'bootstrap': False, 'max_samples': 0.4757286073259058}. Best is trial 50 with value: 0.8427903724166675.[0m
[32m[I 2022-04-21 11:53:34,008][0m Trial 222 finished with value: 0.8427903724166675 and parameters: {'n_estimators': 723, 'min_samples_split': 0.2418563725010599, 'min_samples_leaf': 0.17376235483707056, 'min_weight_fraction_leaf': 0.13071647330571107, 'max_features': 0.07962223147884087, 'bootstrap': False, 'max_samples': 0.3604210337964498}. Best is trial 50 with value: 0.8427903724166675.[0m
[32m[I 2022-04-21 11:53:38,193][0m Trial 223 finished with value: 0.8381885072369828 and parameters: {'n_estimators': 310, 'min_samples_split': 0.1951051634610237, 'min_samples_leaf': 0.15638208189659547, 'min_weight_fraction_leaf': 0.10981054864623521, 'max_features': 0.028761689785166602, 'bootstrap': False, 'max_samples': 0.40510196894691286}. Best is trial 50 with value: 0.8427903724166675.[0m
[32m[I 2022-04-21 11:53:44,680][0m Trial 224 finished with value: 0.8421627375642503 and parameters: {'n_estimators': 826, 'min_samples_split': 0.2580091421404809, 'min_samples_leaf': 0.1716790415558589, 'min_weight_fraction_leaf': 0.1299998956083187, 'max_features': 0.1646836379657357, 'bootstrap': False, 'max_samples': 0.3577993052696229}. Best is trial 50 with value: 0.8427903724166675.[0m
[32m[I 2022-04-21 11:53:49,013][0m Trial 225 finished with value: 0.8426442432752064 and parameters: {'n_estimators': 398, 'min_samples_split': 0.30828458585934715, 'min_samples_leaf': 0.18616836114056987, 'min_weight_fraction_leaf': 0.165583514898481, 'max_features': 0.4749623348075132, 'bootstrap': False, 'max_samples': 0.41460827696818975}. Best is trial 50 with value: 0.8427903724166675.[0m
[32m[I 2022-04-21 11:53:52,166][0m Trial 226 finished with value: 0.8427903724166675 and parameters: {'n_estimators': 215, 'min_samples_split': 0.2178924706172521, 'min_samples_leaf': 0.162492677190098, 'min_weight_fraction_leaf': 0.1739964261488048, 'max_features': 0.05334232387115354, 'bootstrap': False, 'max_samples': 0.4395164919597598}. Best is trial 50 with value: 0.8427903724166675.[0m
[32m[I 2022-04-21 11:53:58,694][0m Trial 227 finished with value: 0.8426442432752064 and parameters: {'n_estimators': 749, 'min_samples_split': 0.2075748959423984, 'min_samples_leaf': 0.15398354746090226, 'min_weight_fraction_leaf': 0.20146208342599484, 'max_features': 0.06218946102741624, 'bootstrap': False, 'max_samples': 0.5977260825904738}. Best is trial 50 with value: 0.8427903724166675.[0m
[32m[I 2022-04-21 11:54:04,333][0m Trial 228 finished with value: 0.8427903724166675 and parameters: {'n_estimators': 637, 'min_samples_split': 0.25890280309605135, 'min_samples_leaf': 0.17520836277469473, 'min_weight_fraction_leaf': 0.1415878433742901, 'max_features': 0.19453729185326923, 'bootstrap': False, 'max_samples': 0.40247160238853963}. Best is trial 50 with value: 0.8427903724166675.[0m
[32m[I 2022-04-21 11:54:07,801][0m Trial 229 finished with value: 0.8427903724166675 and parameters: {'n_estimators': 251, 'min_samples_split': 0.2280171992895, 'min_samples_leaf': 0.16647569303177898, 'min_weight_fraction_leaf': 0.17941379445653285, 'max_features': 0.022433068500407796, 'bootstrap': False, 'max_samples': 0.44235377443674273}. Best is trial 50 with value: 0.8427903724166675.[0m
[32m[I 2022-04-21 11:54:12,113][0m Trial 230 finished with value: 0.839201170342092 and parameters: {'n_estimators': 361, 'min_samples_split': 0.21576768885971306, 'min_samples_leaf': 0.16438924256876486, 'min_weight_fraction_leaf': 0.16418459951312414, 'max_features': 0.38130062624188765, 'bootstrap': False, 'max_samples': 0.368212762104682}. Best is trial 50 with value: 0.8427903724166675.[0m
[32m[I 2022-04-21 11:54:15,062][0m Trial 231 finished with value: 0.8426442432752064 and parameters: {'n_estimators': 251, 'min_samples_split': 0.25063152570457115, 'min_samples_leaf': 0.18368478619815032, 'min_weight_fraction_leaf': 0.13813525480167127, 'max_features': 0.09763184941299252, 'bootstrap': False, 'max_samples': 0.41927909428124527}. Best is trial 50 with value: 0.8427903724166675.[0m
[32m[I 2022-04-21 11:54:17,966][0m Trial 232 finished with value: 0.8426442432752064 and parameters: {'n_estimators': 196, 'min_samples_split': 0.18358014476497003, 'min_samples_leaf': 0.1969862299163827, 'min_weight_fraction_leaf': 0.18988164235174726, 'max_features': 0.037988454093580704, 'bootstrap': False, 'max_samples': 0.42356201969004276}. Best is trial 50 with value: 0.8427903724166675.[0m
[32m[I 2022-04-21 11:54:21,594][0m Trial 233 finished with value: 0.8423083212244602 and parameters: {'n_estimators': 305, 'min_samples_split': 0.1541659720877937, 'min_samples_leaf': 0.14428295106606198, 'min_weight_fraction_leaf': 0.17323625481436372, 'max_features': 0.0029093694380254165, 'bootstrap': False, 'max_samples': 0.39347751908730305}. Best is trial 50 with value: 0.8427903724166675.[0m
[32m[I 2022-04-21 11:54:28,149][0m Trial 234 finished with value: 0.8427903724166675 and parameters: {'n_estimators': 708, 'min_samples_split': 0.2828083738215763, 'min_samples_leaf': 0.1799051571118232, 'min_weight_fraction_leaf': 0.11592026869348421, 'max_features': 0.17456505403701203, 'bootstrap': False, 'max_samples': 0.38548709104749723}. Best is trial 50 with value: 0.8427903724166675.[0m
[32m[I 2022-04-21 11:54:34,796][0m Trial 235 finished with value: 0.8427903724166675 and parameters: {'n_estimators': 708, 'min_samples_split': 0.2620210351150477, 'min_samples_leaf': 0.17985458293786108, 'min_weight_fraction_leaf': 0.11732087487230981, 'max_features': 0.17123926568035858, 'bootstrap': False, 'max_samples': 0.38207740515157573}. Best is trial 50 with value: 0.8427903724166675.[0m
[32m[I 2022-04-21 11:54:41,075][0m Trial 236 finished with value: 0.8427903724166675 and parameters: {'n_estimators': 701, 'min_samples_split': 0.26787568636997694, 'min_samples_leaf': 0.18051346176765887, 'min_weight_fraction_leaf': 0.10830784546611492, 'max_features': 0.17080875760718378, 'bootstrap': False, 'max_samples': 0.3859216277991726}. Best is trial 50 with value: 0.8427903724166675.[0m
[32m[I 2022-04-21 11:54:45,264][0m Trial 237 finished with value: 0.8426442432752064 and parameters: {'n_estimators': 389, 'min_samples_split': 0.19358273031637815, 'min_samples_leaf': 0.19172033915245187, 'min_weight_fraction_leaf': 0.1568770393816241, 'max_features': 0.04753281880353389, 'bootstrap': False, 'max_samples': 0.3429101555121892}. Best is trial 50 with value: 0.8427903724166675.[0m
[32m[I 2022-04-21 11:54:51,005][0m Trial 238 finished with value: 0.720122309788786 and parameters: {'n_estimators': 732, 'min_samples_split': 0.22904122364943783, 'min_samples_leaf': 0.30637298020919, 'min_weight_fraction_leaf': 0.12621117200205245, 'max_features': 0.07845492059200793, 'bootstrap': False, 'max_samples': 0.46518726000943517}. Best is trial 50 with value: 0.8427903724166675.[0m
[32m[I 2022-04-21 11:54:54,505][0m Trial 239 finished with value: 0.8381885072369828 and parameters: {'n_estimators': 295, 'min_samples_split': 0.24268050497451074, 'min_samples_leaf': 0.15919250032374502, 'min_weight_fraction_leaf': 0.14784005297372635, 'max_features': 0.14126417105865333, 'bootstrap': False, 'max_samples': 0.45781806511372264}. Best is trial 50 with value: 0.8427903724166675.[0m
[32m[I 2022-04-21 11:54:57,734][0m Trial 240 finished with value: 0.8426442432752064 and parameters: {'n_estimators': 286, 'min_samples_split': 0.2909511906786882, 'min_samples_leaf': 0.17018015247143314, 'min_weight_fraction_leaf': 0.18451183078096434, 'max_features': 0.20650557237264608, 'bootstrap': False, 'max_samples': 0.6542501447852355}. Best is trial 50 with value: 0.8427903724166675.[0m
[32m[I 2022-04-21 11:55:04,375][0m Trial 241 finished with value: 0.8380088752486856 and parameters: {'n_estimators': 795, 'min_samples_split': 0.23861854129467358, 'min_samples_leaf': 0.15467262952477248, 'min_weight_fraction_leaf': 0.03170373182410943, 'max_features': 0.06779412474396077, 'bootstrap': False, 'max_samples': 0.6268554040672782}. Best is trial 50 with value: 0.8427903724166675.[0m
[32m[I 2022-04-21 11:55:07,623][0m Trial 242 finished with value: 0.8427903724166675 and parameters: {'n_estimators': 271, 'min_samples_split': 0.27390201770222816, 'min_samples_leaf': 0.17763660626163988, 'min_weight_fraction_leaf': 0.012692961240771558, 'max_features': 0.017861536735938974, 'bootstrap': False, 'max_samples': 0.5131864303765938}. Best is trial 50 with value: 0.8427903724166675.[0m
[32m[I 2022-04-21 11:55:12,705][0m Trial 243 finished with value: 0.8381885072369828 and parameters: {'n_estimators': 622, 'min_samples_split': 0.2005285689209065, 'min_samples_leaf': 0.15416443417192283, 'min_weight_fraction_leaf': 0.13852499324390566, 'max_features': 0.017749791670963116, 'bootstrap': False, 'max_samples': 0.4105396810097709}. Best is trial 50 with value: 0.8427903724166675.[0m
[32m[I 2022-04-21 11:55:16,222][0m Trial 244 finished with value: 0.8427903724166675 and parameters: {'n_estimators': 276, 'min_samples_split': 0.27221446643803743, 'min_samples_leaf': 0.17482923695174163, 'min_weight_fraction_leaf': 0.017260592010291287, 'max_features': 0.00016979290474038178, 'bootstrap': False, 'max_samples': 0.48242379211936937}. Best is trial 50 with value: 0.8427903724166675.[0m
[32m[I 2022-04-21 11:55:20,058][0m Trial 245 finished with value: 0.8426442432752064 and parameters: {'n_estimators': 376, 'min_samples_split': 0.33159188603469286, 'min_samples_leaf': 0.1906974732975526, 'min_weight_fraction_leaf': 0.0026829630058519405, 'max_features': 0.029367687409409107, 'bootstrap': False, 'max_samples': 0.5078875692875376}. Best is trial 50 with value: 0.8427903724166675.[0m
[32m[I 2022-04-21 11:55:24,962][0m Trial 246 finished with value: 0.8354732234586274 and parameters: {'n_estimators': 465, 'min_samples_split': 0.20521275118721177, 'min_samples_leaf': 0.14074076109182065, 'min_weight_fraction_leaf': 0.041566272235040634, 'max_features': 0.06880013767714767, 'bootstrap': False, 'max_samples': 0.6850800774171713}. Best is trial 50 with value: 0.8427903724166675.[0m
[32m[I 2022-04-21 11:55:27,810][0m Trial 247 finished with value: 0.839201170342092 and parameters: {'n_estimators': 209, 'min_samples_split': 0.2431112206360352, 'min_samples_leaf': 0.1664360129948311, 'min_weight_fraction_leaf': 0.13100462345827485, 'max_features': 0.11606270110115102, 'bootstrap': False, 'max_samples': 0.43796391298322734}. Best is trial 50 with value: 0.8427903724166675.[0m
[32m[I 2022-04-21 11:55:31,299][0m Trial 248 finished with value: 0.8427903724166675 and parameters: {'n_estimators': 260, 'min_samples_split': 0.2911609774706829, 'min_samples_leaf': 0.17413938025661105, 'min_weight_fraction_leaf': 0.028667909436676076, 'max_features': 0.1197246481308217, 'bootstrap': False, 'max_samples': 0.6613374694029611}. Best is trial 50 with value: 0.8427903724166675.[0m
[32m[I 2022-04-21 11:55:35,292][0m Trial 249 finished with value: 0.7342953809553551 and parameters: {'n_estimators': 339, 'min_samples_split': 0.14377242644823207, 'min_samples_leaf': 0.14651757821593506, 'min_weight_fraction_leaf': 0.17702927781752686, 'max_features': 0.03321853202921192, 'bootstrap': True, 'max_samples': 0.5806519853041888, 'oob_score': False}. Best is trial 50 with value: 0.8427903724166675.[0m
[32m[I 2022-04-21 11:55:38,564][0m Trial 250 finished with value: 0.837657491599791 and parameters: {'n_estimators': 220, 'min_samples_split': 0.2423207304616526, 'min_samples_leaf': 0.1708054348124509, 'min_weight_fraction_leaf': 0.04580546265661897, 'max_features': 0.8444436058177149, 'bootstrap': False, 'max_samples': 0.49940660889944116}. Best is trial 50 with value: 0.8427903724166675.[0m
[32m[I 2022-04-21 11:55:42,254][0m Trial 251 finished with value: 0.839201170342092 and parameters: {'n_estimators': 333, 'min_samples_split': 0.2205287756788344, 'min_samples_leaf': 0.16553638616584873, 'min_weight_fraction_leaf': 0.14393243256668142, 'max_features': 0.05492507415108455, 'bootstrap': False, 'max_samples': 0.46996826952486553}. Best is trial 50 with value: 0.8427903724166675.[0m
[32m[I 2022-04-21 11:55:45,380][0m Trial 252 finished with value: 0.839201170342092 and parameters: {'n_estimators': 289, 'min_samples_split': 0.24760904198965983, 'min_samples_leaf': 0.16151849221033518, 'min_weight_fraction_leaf': 0.031180209817074218, 'max_features': 0.12786450068279967, 'bootstrap': False, 'max_samples': 0.5333247515064676}. Best is trial 50 with value: 0.8427903724166675.[0m
[32m[I 2022-04-21 11:55:48,951][0m Trial 253 finished with value: 0.8426442432752064 and parameters: {'n_estimators': 319, 'min_samples_split': 0.2310392654962498, 'min_samples_leaf': 0.20287075811797273, 'min_weight_fraction_leaf': 0.04015082624764187, 'max_features': 0.06901607710363436, 'bootstrap': False, 'max_samples': 0.47776245409404294}. Best is trial 50 with value: 0.8427903724166675.[0m
[32m[I 2022-04-21 11:55:52,117][0m Trial 254 finished with value: 0.65 and parameters: {'n_estimators': 314, 'min_samples_split': 0.2240835364765045, 'min_samples_leaf': 0.18738501588825318, 'min_weight_fraction_leaf': 0.47635159786162806, 'max_features': 0.057904819904509755, 'bootstrap': False, 'max_samples': 0.4397469118605949}. Best is trial 50 with value: 0.8427903724166675.[0m
[32m[I 2022-04-21 11:55:57,533][0m Trial 255 finished with value: 0.8426442432752064 and parameters: {'n_estimators': 712, 'min_samples_split': 0.2626864969413338, 'min_samples_leaf': 0.18391254067839843, 'min_weight_fraction_leaf': 0.10980190425054201, 'max_features': 0.18124912140697438, 'bootstrap': False, 'max_samples': 0.3852555858177388}. Best is trial 50 with value: 0.8427903724166675.[0m
[32m[I 2022-04-21 11:56:02,028][0m Trial 256 finished with value: 0.8385082943467893 and parameters: {'n_estimators': 412, 'min_samples_split': 0.20658503342083714, 'min_samples_leaf': 0.1501870451179325, 'min_weight_fraction_leaf': 0.1216288759480053, 'max_features': 0.08563600858373906, 'bootstrap': False, 'max_samples': 0.415630650456349}. Best is trial 50 with value: 0.8427903724166675.[0m
[32m[I 2022-04-21 11:56:04,932][0m Trial 257 finished with value: 0.8423083212244602 and parameters: {'n_estimators': 245, 'min_samples_split': 0.2548123503729466, 'min_samples_leaf': 0.17167211622498077, 'min_weight_fraction_leaf': 0.13489708914008042, 'max_features': 0.20495066903383585, 'bootstrap': False, 'max_samples': 0.6449507831036652}. Best is trial 50 with value: 0.8427903724166675.[0m
[32m[I 2022-04-21 11:56:10,470][0m Trial 258 finished with value: 0.8426442432752064 and parameters: {'n_estimators': 665, 'min_samples_split': 0.2999314088213911, 'min_samples_leaf': 0.1943351411717155, 'min_weight_fraction_leaf': 0.15669895251924953, 'max_features': 0.22630358846949603, 'bootstrap': False, 'max_samples': 0.6662351783841562}. Best is trial 50 with value: 0.8427903724166675.[0m
[32m[I 2022-04-21 11:56:14,561][0m Trial 259 finished with value: 0.8426442432752064 and parameters: {'n_estimators': 354, 'min_samples_split': 0.21408253940477762, 'min_samples_leaf': 0.18121303076406828, 'min_weight_fraction_leaf': 0.16732996101822803, 'max_features': 0.18520470957315077, 'bootstrap': False, 'max_samples': 0.36772499394105695}. Best is trial 50 with value: 0.8427903724166675.[0m
[32m[I 2022-04-21 11:56:20,232][0m Trial 260 finished with value: 0.8427903724166675 and parameters: {'n_estimators': 661, 'min_samples_split': 0.2739896156149125, 'min_samples_leaf': 0.12888134865928613, 'min_weight_fraction_leaf': 0.18040876256825691, 'max_features': 8.883239912971241e-05, 'bootstrap': False, 'max_samples': 0.45015980225615704}. Best is trial 50 with value: 0.8427903724166675.[0m
[32m[I 2022-04-21 11:56:23,728][0m Trial 261 finished with value: 0.8427903724166675 and parameters: {'n_estimators': 368, 'min_samples_split': 0.17219646516863188, 'min_samples_leaf': 0.12975158584452928, 'min_weight_fraction_leaf': 0.17684540298426832, 'max_features': 0.03561551210509153, 'bootstrap': False, 'max_samples': 0.7095171303080332}. Best is trial 50 with value: 0.8427903724166675.[0m
[32m[I 2022-04-21 11:56:27,590][0m Trial 262 finished with value: 0.8426442432752064 and parameters: {'n_estimators': 368, 'min_samples_split': 0.1886850250749717, 'min_samples_leaf': 0.12297068748600001, 'min_weight_fraction_leaf': 0.19508828229520495, 'max_features': 0.036592859822642314, 'bootstrap': False, 'max_samples': 0.7223600798298696}. Best is trial 50 with value: 0.8427903724166675.[0m
[32m[I 2022-04-21 11:56:30,360][0m Trial 263 finished with value: 0.8426442432752064 and parameters: {'n_estimators': 238, 'min_samples_split': 0.254491065597961, 'min_samples_leaf': 0.20984227966360533, 'min_weight_fraction_leaf': 0.05834396051987459, 'max_features': 0.10037568151447858, 'bootstrap': False, 'max_samples': 0.501342002594874}. Best is trial 50 with value: 0.8427903724166675.[0m
[32m[I 2022-04-21 11:56:33,787][0m Trial 264 finished with value: 0.8426442432752064 and parameters: {'n_estimators': 281, 'min_samples_split': 0.2843787924166311, 'min_samples_leaf': 0.18422395498706728, 'min_weight_fraction_leaf': 0.02356694656364572, 'max_features': 0.14058281540829481, 'bootstrap': False, 'max_samples': 0.5633373968110986}. Best is trial 50 with value: 0.8427903724166675.[0m
[32m[I 2022-04-21 11:56:37,454][0m Trial 265 finished with value: 0.8427903724166675 and parameters: {'n_estimators': 299, 'min_samples_split': 0.16747571631045638, 'min_samples_leaf': 0.17626893988795467, 'min_weight_fraction_leaf': 0.01728454211968542, 'max_features': 0.07337252972521642, 'bootstrap': False, 'max_samples': 0.6336777132555582}. Best is trial 50 with value: 0.8427903724166675.[0m
[32m[I 2022-04-21 11:56:42,135][0m Trial 266 finished with value: 0.8423083212244602 and parameters: {'n_estimators': 488, 'min_samples_split': 0.16664499443446693, 'min_samples_leaf': 0.14770063624253388, 'min_weight_fraction_leaf': 0.1699227838607308, 'max_features': 0.07993327684135076, 'bootstrap': False, 'max_samples': 0.6776115113479068}. Best is trial 50 with value: 0.8427903724166675.[0m
[32m[I 2022-04-21 11:56:49,766][0m Trial 267 finished with value: 0.8389262618724311 and parameters: {'n_estimators': 770, 'min_samples_split': 0.2803492647556318, 'min_samples_leaf': 0.1610023011285278, 'min_weight_fraction_leaf': 0.0011402183437122966, 'max_features': 0.5578455613174362, 'bootstrap': False, 'max_samples': 0.6289401591156919}. Best is trial 50 with value: 0.8427903724166675.[0m
[32m[I 2022-04-21 11:56:53,245][0m Trial 268 finished with value: 0.65 and parameters: {'n_estimators': 271, 'min_samples_split': 0.2631642587343031, 'min_samples_leaf': 0.18195106490608787, 'min_weight_fraction_leaf': 0.09242777477147725, 'max_features': 0.2052844268406591, 'bootstrap': True, 'max_samples': 0.32286119412317804, 'oob_score': False}. Best is trial 50 with value: 0.8427903724166675.[0m
[32m[I 2022-04-21 11:56:56,374][0m Trial 269 finished with value: 0.65 and parameters: {'n_estimators': 265, 'min_samples_split': 0.3113279814662729, 'min_samples_leaf': 0.4699642577446312, 'min_weight_fraction_leaf': 0.1902312418012585, 'max_features': 0.11263544227668182, 'bootstrap': False, 'max_samples': 0.5211177212039266}. Best is trial 50 with value: 0.8427903724166675.[0m
