[32m[I 2022-04-21 14:40:25,859][0m Trial 949 finished with value: 0.6933521886157207 and parameters: {'n_estimators': 828, 'min_samples_split': 0.07051407424362885, 'min_samples_leaf': 0.00900060436749158, 'min_weight_fraction_leaf': 0.062217267197384775, 'max_features': 0.4106446438229351, 'bootstrap': True, 'max_samples': 0.43884284766596543, 'oob_score': False}. Best is trial 530 with value: 0.696197846611031.[0m
[32m[I 2022-04-21 14:40:33,926][0m Trial 950 finished with value: 0.6924105899982863 and parameters: {'n_estimators': 805, 'min_samples_split': 0.04215929778470891, 'min_samples_leaf': 0.030818833697466918, 'min_weight_fraction_leaf': 0.06190725201479842, 'max_features': 0.449917019846028, 'bootstrap': True, 'max_samples': 0.478190213121994, 'oob_score': False}. Best is trial 530 with value: 0.696197846611031.[0m
[32m[I 2022-04-21 14:40:41,542][0m Trial 951 finished with value: 0.6915912349715684 and parameters: {'n_estimators': 829, 'min_samples_split': 0.07877917673621718, 'min_samples_leaf': 0.018895415957588386, 'min_weight_fraction_leaf': 0.07779235211522863, 'max_features': 0.395477046594527, 'bootstrap': True, 'max_samples': 0.46279691623389174, 'oob_score': False}. Best is trial 530 with value: 0.696197846611031.[0m
[32m[I 2022-04-21 14:40:48,311][0m Trial 952 finished with value: 0.6902174736898754 and parameters: {'n_estimators': 776, 'min_samples_split': 0.04891250993067178, 'min_samples_leaf': 0.042839699910311224, 'min_weight_fraction_leaf': 0.10046259528703978, 'max_features': 0.4263730548631469, 'bootstrap': True, 'max_samples': 0.40932876511030575, 'oob_score': False}. Best is trial 530 with value: 0.696197846611031.[0m
[32m[I 2022-04-21 14:40:54,376][0m Trial 953 finished with value: 0.6798245218548546 and parameters: {'n_estimators': 836, 'min_samples_split': 0.047727278993272955, 'min_samples_leaf': 0.08324193171622632, 'min_weight_fraction_leaf': 0.08708371109945445, 'max_features': 0.3762170030496998, 'bootstrap': False, 'max_samples': 0.43413649893447664}. Best is trial 530 with value: 0.696197846611031.[0m
[32m[I 2022-04-21 14:41:01,771][0m Trial 954 finished with value: 0.6955005301852422 and parameters: {'n_estimators': 800, 'min_samples_split': 0.061991668519549764, 'min_samples_leaf': 0.011639070278607538, 'min_weight_fraction_leaf': 0.0689878711942791, 'max_features': 0.42196047512205, 'bootstrap': True, 'max_samples': 0.44177044379367575, 'oob_score': False}. Best is trial 530 with value: 0.696197846611031.[0m
[32m[I 2022-04-21 14:41:10,223][0m Trial 955 finished with value: 0.6940634742788638 and parameters: {'n_estimators': 768, 'min_samples_split': 0.05497072944188204, 'min_samples_leaf': 0.009309729607259018, 'min_weight_fraction_leaf': 0.07486537477978569, 'max_features': 0.4132594933513261, 'bootstrap': True, 'max_samples': 0.4479296258704633, 'oob_score': False}. Best is trial 530 with value: 0.696197846611031.[0m
[32m[I 2022-04-21 14:41:17,818][0m Trial 956 finished with value: 0.6924105899982863 and parameters: {'n_estimators': 777, 'min_samples_split': 0.09423758994609976, 'min_samples_leaf': 0.023505675306837802, 'min_weight_fraction_leaf': 0.061680992074414395, 'max_features': 0.4321084305305931, 'bootstrap': True, 'max_samples': 0.47662018511011006, 'oob_score': False}. Best is trial 530 with value: 0.696197846611031.[0m
[32m[I 2022-04-21 14:41:25,606][0m Trial 957 finished with value: 0.6885698132023454 and parameters: {'n_estimators': 803, 'min_samples_split': 0.06861485952974807, 'min_samples_leaf': 0.07110303354027749, 'min_weight_fraction_leaf': 0.08316177376968854, 'max_features': 0.41936865431863607, 'bootstrap': True, 'max_samples': 0.496067868976722, 'oob_score': False}. Best is trial 530 with value: 0.696197846611031.[0m
[32m[I 2022-04-21 14:41:33,639][0m Trial 958 finished with value: 0.6947607907046526 and parameters: {'n_estimators': 765, 'min_samples_split': 0.07844443345876674, 'min_samples_leaf': 0.027830032566878885, 'min_weight_fraction_leaf': 0.06757672476443329, 'max_features': 0.4501792307546384, 'bootstrap': True, 'max_samples': 0.4596580386955845, 'oob_score': False}. Best is trial 530 with value: 0.696197846611031.[0m
[32m[I 2022-04-21 14:41:40,471][0m Trial 959 finished with value: 0.683082017662297 and parameters: {'n_estimators': 810, 'min_samples_split': 0.05903020313755698, 'min_samples_leaf': 0.0013359131584826706, 'min_weight_fraction_leaf': 0.09359595267638363, 'max_features': 0.3982481594349951, 'bootstrap': True, 'max_samples': 0.4160405133076142, 'oob_score': False}. Best is trial 530 with value: 0.696197846611031.[0m
[32m[I 2022-04-21 14:41:49,041][0m Trial 960 finished with value: 0.6865250423914384 and parameters: {'n_estimators': 814, 'min_samples_split': 0.07484495205666358, 'min_samples_leaf': 0.009385995004265046, 'min_weight_fraction_leaf': 0.05707821762361868, 'max_features': 0.3961343519368343, 'bootstrap': True, 'max_samples': 0.43571156132045064, 'oob_score': False}. Best is trial 530 with value: 0.696197846611031.[0m
[32m[I 2022-04-21 14:41:57,114][0m Trial 961 finished with value: 0.6944227382554584 and parameters: {'n_estimators': 765, 'min_samples_split': 0.061078019412387094, 'min_samples_leaf': 0.020273386656530747, 'min_weight_fraction_leaf': 0.07420341269923658, 'max_features': 0.4297905151932633, 'bootstrap': True, 'max_samples': 0.4674056938310871, 'oob_score': False}. Best is trial 530 with value: 0.696197846611031.[0m
[32m[I 2022-04-21 14:42:05,136][0m Trial 962 finished with value: 0.6921372159341457 and parameters: {'n_estimators': 754, 'min_samples_split': 0.0750895652753962, 'min_samples_leaf': 0.037610164190871376, 'min_weight_fraction_leaf': 0.07673573668118508, 'max_features': 0.44505907573964204, 'bootstrap': True, 'max_samples': 0.45560225259328024, 'oob_score': False}. Best is trial 530 with value: 0.696197846611031.[0m
[32m[I 2022-04-21 14:42:13,288][0m Trial 963 finished with value: 0.6883120560558614 and parameters: {'n_estimators': 842, 'min_samples_split': 0.061224653250748634, 'min_samples_leaf': 0.009487513246636905, 'min_weight_fraction_leaf': 0.05819474810244895, 'max_features': 0.1091927157116363, 'bootstrap': True, 'max_samples': 0.40163961592102565, 'oob_score': False}. Best is trial 530 with value: 0.696197846611031.[0m
[32m[I 2022-04-21 14:42:21,292][0m Trial 964 finished with value: 0.6893572621899895 and parameters: {'n_estimators': 766, 'min_samples_split': 0.08008159902238693, 'min_samples_leaf': 0.008947121097450458, 'min_weight_fraction_leaf': 0.06818410345880385, 'max_features': 0.38557419483013633, 'bootstrap': True, 'max_samples': 0.4236138677037324, 'oob_score': False}. Best is trial 530 with value: 0.696197846611031.[0m
[32m[I 2022-04-21 14:42:29,570][0m Trial 965 finished with value: 0.6922533590252032 and parameters: {'n_estimators': 808, 'min_samples_split': 0.05486536669312818, 'min_samples_leaf': 0.0518965066778134, 'min_weight_fraction_leaf': 0.11153191184837388, 'max_features': 0.4636629166303845, 'bootstrap': True, 'max_samples': 0.6904137327835934, 'oob_score': False}. Best is trial 530 with value: 0.696197846611031.[0m
[32m[I 2022-04-21 14:42:37,207][0m Trial 966 finished with value: 0.6906994666147002 and parameters: {'n_estimators': 847, 'min_samples_split': 0.0467468658538495, 'min_samples_leaf': 0.03894325467561894, 'min_weight_fraction_leaf': 0.08483165093204291, 'max_features': 0.4479418231981267, 'bootstrap': True, 'max_samples': 0.44173433779319055, 'oob_score': False}. Best is trial 530 with value: 0.696197846611031.[0m
[32m[I 2022-04-21 14:42:45,548][0m Trial 967 finished with value: 0.6930141361665265 and parameters: {'n_estimators': 858, 'min_samples_split': 0.06644687317584902, 'min_samples_leaf': 0.02119144758865113, 'min_weight_fraction_leaf': 0.05981526406265764, 'max_features': 0.41772137968217526, 'bootstrap': True, 'max_samples': 0.445176252174915, 'oob_score': False}. Best is trial 530 with value: 0.696197846611031.[0m
[32m[I 2022-04-21 14:42:53,611][0m Trial 968 finished with value: 0.6859697764413919 and parameters: {'n_estimators': 813, 'min_samples_split': 0.03828773333734639, 'min_samples_leaf': 0.0011433254729846798, 'min_weight_fraction_leaf': 0.04991886113064307, 'max_features': 0.36048847952270713, 'bootstrap': True, 'max_samples': 0.412883932267495, 'oob_score': False}. Best is trial 530 with value: 0.696197846611031.[0m
[32m[I 2022-04-21 14:43:01,026][0m Trial 969 finished with value: 0.6944227382554584 and parameters: {'n_estimators': 748, 'min_samples_split': 0.05932463229484094, 'min_samples_leaf': 0.027330292221089146, 'min_weight_fraction_leaf': 0.07008222525855266, 'max_features': 0.43761892618104214, 'bootstrap': True, 'max_samples': 0.49783279287765675, 'oob_score': False}. Best is trial 530 with value: 0.696197846611031.[0m
[32m[I 2022-04-21 14:43:08,750][0m Trial 970 finished with value: 0.6910309548495419 and parameters: {'n_estimators': 783, 'min_samples_split': 0.08032247229552872, 'min_samples_leaf': 0.012329592740549213, 'min_weight_fraction_leaf': 0.08896125969831414, 'max_features': 0.4128756387538542, 'bootstrap': True, 'max_samples': 0.47141832818781715, 'oob_score': False}. Best is trial 530 with value: 0.696197846611031.[0m
[32m[I 2022-04-21 14:43:16,369][0m Trial 971 finished with value: 0.6873419454320044 and parameters: {'n_estimators': 853, 'min_samples_split': 0.03888823593981819, 'min_samples_leaf': 0.015306834071485685, 'min_weight_fraction_leaf': 0.07781586652032889, 'max_features': 0.42724411750768254, 'bootstrap': True, 'max_samples': 0.3875230622831317, 'oob_score': False}. Best is trial 530 with value: 0.696197846611031.[0m
[32m[I 2022-04-21 14:43:23,397][0m Trial 972 finished with value: 0.6955005301852422 and parameters: {'n_estimators': 770, 'min_samples_split': 0.05781424382348586, 'min_samples_leaf': 0.011646885982767877, 'min_weight_fraction_leaf': 0.06643485674691854, 'max_features': 0.412590511192921, 'bootstrap': True, 'max_samples': 0.4267956369706899, 'oob_score': False}. Best is trial 530 with value: 0.696197846611031.[0m
[32m[I 2022-04-21 14:43:28,821][0m Trial 973 finished with value: 0.5 and parameters: {'n_estimators': 788, 'min_samples_split': 0.062804416921145, 'min_samples_leaf': 0.009672919862553496, 'min_weight_fraction_leaf': 0.47701983961898886, 'max_features': 0.4274306799251033, 'bootstrap': False, 'max_samples': 0.39719191866475767}. Best is trial 530 with value: 0.696197846611031.[0m
[32m[I 2022-04-21 14:43:35,349][0m Trial 974 finished with value: 0.5 and parameters: {'n_estimators': 748, 'min_samples_split': 0.05504127873997143, 'min_samples_leaf': 0.427901321017306, 'min_weight_fraction_leaf': 0.3556925970000322, 'max_features': 0.40758742504709455, 'bootstrap': True, 'max_samples': 0.4223188448896945, 'oob_score': False}. Best is trial 530 with value: 0.696197846611031.[0m
[32m[I 2022-04-21 14:43:42,876][0m Trial 975 finished with value: 0.6900273838027425 and parameters: {'n_estimators': 793, 'min_samples_split': 0.06919870528270966, 'min_samples_leaf': 0.017530381896510794, 'min_weight_fraction_leaf': 0.053310303120954874, 'max_features': 0.42090219328981776, 'bootstrap': True, 'max_samples': 0.4529379132347885, 'oob_score': False}. Best is trial 530 with value: 0.696197846611031.[0m
[32m[I 2022-04-21 14:43:49,698][0m Trial 976 finished with value: 0.6859749519016767 and parameters: {'n_estimators': 758, 'min_samples_split': 0.0663490126580084, 'min_samples_leaf': 0.0012837499068166364, 'min_weight_fraction_leaf': 0.061475503595674316, 'max_features': 0.3813135175828027, 'bootstrap': True, 'max_samples': 0.43288250051583227, 'oob_score': False}. Best is trial 530 with value: 0.696197846611031.[0m
[32m[I 2022-04-21 14:43:56,822][0m Trial 977 finished with value: 0.6925216936720722 and parameters: {'n_estimators': 743, 'min_samples_split': 0.06296441859341359, 'min_samples_leaf': 0.020483502962135875, 'min_weight_fraction_leaf': 0.08093830136197892, 'max_features': 0.41095023701998423, 'bootstrap': True, 'max_samples': 0.46852221552222023, 'oob_score': False}. Best is trial 530 with value: 0.696197846611031.[0m
[32m[I 2022-04-21 14:44:03,716][0m Trial 978 finished with value: 0.681898480471663 and parameters: {'n_estimators': 746, 'min_samples_split': 0.08570453342075185, 'min_samples_leaf': 0.009818551970070944, 'min_weight_fraction_leaf': 0.098910386392915, 'max_features': 0.45189949488468895, 'bootstrap': True, 'max_samples': 0.4901497908972049, 'oob_score': False}. Best is trial 530 with value: 0.696197846611031.[0m
[32m[I 2022-04-21 14:44:11,135][0m Trial 979 finished with value: 0.6922167268732269 and parameters: {'n_estimators': 815, 'min_samples_split': 0.05080522106169246, 'min_samples_leaf': 0.0010844461274994877, 'min_weight_fraction_leaf': 0.07158930729834652, 'max_features': 0.43824205329350313, 'bootstrap': True, 'max_samples': 0.40645717014925986, 'oob_score': False}. Best is trial 530 with value: 0.696197846611031.[0m
[32m[I 2022-04-21 14:44:18,571][0m Trial 980 finished with value: 0.6876406129563335 and parameters: {'n_estimators': 804, 'min_samples_split': 0.045386876155230016, 'min_samples_leaf': 0.008987329293270634, 'min_weight_fraction_leaf': 0.04983333501211855, 'max_features': 0.34938846872668583, 'bootstrap': True, 'max_samples': 0.3740644923989385, 'oob_score': False}. Best is trial 530 with value: 0.696197846611031.[0m
[32m[I 2022-04-21 14:44:25,255][0m Trial 981 finished with value: 0.5 and parameters: {'n_estimators': 829, 'min_samples_split': 0.09045116216591455, 'min_samples_leaf': 0.0010105538288008066, 'min_weight_fraction_leaf': 0.06592646747541477, 'max_features': 0.3674676677900378, 'bootstrap': True, 'max_samples': 0.10440673167425113, 'oob_score': False}. Best is trial 530 with value: 0.696197846611031.[0m
[32m[I 2022-04-21 14:44:32,718][0m Trial 982 finished with value: 0.6939587495784507 and parameters: {'n_estimators': 789, 'min_samples_split': 0.05190638281303572, 'min_samples_leaf': 0.025742381569795768, 'min_weight_fraction_leaf': 0.082262759687314, 'max_features': 0.4582002084902798, 'bootstrap': True, 'max_samples': 0.44478287217867035, 'oob_score': False}. Best is trial 530 with value: 0.696197846611031.[0m
[32m[I 2022-04-21 14:44:40,079][0m Trial 983 finished with value: 0.6930141361665265 and parameters: {'n_estimators': 842, 'min_samples_split': 0.05217875312561637, 'min_samples_leaf': 0.016501533803433135, 'min_weight_fraction_leaf': 0.05798280234868441, 'max_features': 0.43945990307230465, 'bootstrap': True, 'max_samples': 0.4168056292491446, 'oob_score': False}. Best is trial 530 with value: 0.696197846611031.[0m
[32m[I 2022-04-21 14:44:46,418][0m Trial 984 finished with value: 0.6898318982020992 and parameters: {'n_estimators': 769, 'min_samples_split': 0.0433657991702574, 'min_samples_leaf': 0.03432370281029734, 'min_weight_fraction_leaf': 0.09149171883457609, 'max_features': 0.47384337977527835, 'bootstrap': True, 'max_samples': 0.38978552633006247, 'oob_score': False}. Best is trial 530 with value: 0.696197846611031.[0m
[32m[I 2022-04-21 14:44:54,258][0m Trial 985 finished with value: 0.6863687101963831 and parameters: {'n_estimators': 818, 'min_samples_split': 0.06314837960216316, 'min_samples_leaf': 0.010615990940020565, 'min_weight_fraction_leaf': 0.04170950956225884, 'max_features': 0.3970193517818037, 'bootstrap': True, 'max_samples': 0.4228894705977902, 'oob_score': False}. Best is trial 530 with value: 0.696197846611031.[0m
[32m[I 2022-04-21 14:45:01,183][0m Trial 986 finished with value: 0.5 and parameters: {'n_estimators': 788, 'min_samples_split': 0.0725697663717971, 'min_samples_leaf': 0.019175581243563652, 'min_weight_fraction_leaf': 0.211755280562702, 'max_features': 0.4578146907351659, 'bootstrap': True, 'max_samples': 0.4013845479320202, 'oob_score': False}. Best is trial 530 with value: 0.696197846611031.[0m
[32m[I 2022-04-21 14:45:08,818][0m Trial 987 finished with value: 0.6895614691793415 and parameters: {'n_estimators': 862, 'min_samples_split': 0.0538986840579375, 'min_samples_leaf': 0.010252518570316158, 'min_weight_fraction_leaf': 0.073299439411263, 'max_features': 0.3830981034059165, 'bootstrap': True, 'max_samples': 0.42873373204711035, 'oob_score': False}. Best is trial 530 with value: 0.696197846611031.[0m
[32m[I 2022-04-21 14:45:16,845][0m Trial 988 finished with value: 0.6930141361665265 and parameters: {'n_estimators': 836, 'min_samples_split': 0.03714525619634468, 'min_samples_leaf': 0.02588705156241655, 'min_weight_fraction_leaf': 0.06025258525964578, 'max_features': 0.42118153674830666, 'bootstrap': True, 'max_samples': 0.4461684424222869, 'oob_score': False}. Best is trial 530 with value: 0.696197846611031.[0m
[32m[I 2022-04-21 14:45:24,324][0m Trial 989 finished with value: 0.6944227382554584 and parameters: {'n_estimators': 739, 'min_samples_split': 0.0860074402730857, 'min_samples_leaf': 0.02598268345499119, 'min_weight_fraction_leaf': 0.0710137857216266, 'max_features': 0.4423639874091593, 'bootstrap': True, 'max_samples': 0.47536879383566516, 'oob_score': False}. Best is trial 530 with value: 0.696197846611031.[0m
[32m[I 2022-04-21 14:45:31,539][0m Trial 990 finished with value: 0.6873095509295161 and parameters: {'n_estimators': 870, 'min_samples_split': 0.04507229879898158, 'min_samples_leaf': 0.015629580721746444, 'min_weight_fraction_leaf': 0.050798898865859164, 'max_features': 0.374092862470193, 'bootstrap': True, 'max_samples': 0.37582283496953134, 'oob_score': False}. Best is trial 530 with value: 0.696197846611031.[0m
[32m[I 2022-04-21 14:45:37,954][0m Trial 991 finished with value: 0.6883018229404384 and parameters: {'n_estimators': 790, 'min_samples_split': 0.03501721707174544, 'min_samples_leaf': 0.0014127769506695302, 'min_weight_fraction_leaf': 0.08067914253522006, 'max_features': 0.3327508169553739, 'bootstrap': True, 'max_samples': 0.4066433329408871, 'oob_score': False}. Best is trial 530 with value: 0.696197846611031.[0m
[32m[I 2022-04-21 14:45:43,857][0m Trial 992 finished with value: 0.6852884865504126 and parameters: {'n_estimators': 826, 'min_samples_split': 0.037921799081882604, 'min_samples_leaf': 0.036762829557635296, 'min_weight_fraction_leaf': 0.2220482108890353, 'max_features': 0.4761983150048491, 'bootstrap': False, 'max_samples': 0.4363357496080991}. Best is trial 530 with value: 0.696197846611031.[0m
[32m[I 2022-04-21 14:45:51,566][0m Trial 993 finished with value: 0.6951697200260941 and parameters: {'n_estimators': 868, 'min_samples_split': 0.05224254418523827, 'min_samples_leaf': 0.030395547755788316, 'min_weight_fraction_leaf': 0.0674576600812883, 'max_features': 0.45680630585950316, 'bootstrap': True, 'max_samples': 0.4607025528174942, 'oob_score': False}. Best is trial 530 with value: 0.696197846611031.[0m
[32m[I 2022-04-21 14:45:57,961][0m Trial 994 finished with value: 0.5 and parameters: {'n_estimators': 783, 'min_samples_split': 0.06405700512440103, 'min_samples_leaf': 0.4067415241436127, 'min_weight_fraction_leaf': 0.10361046452838292, 'max_features': 0.41343401688275544, 'bootstrap': True, 'max_samples': 0.46560338276341334, 'oob_score': False}. Best is trial 530 with value: 0.696197846611031.[0m
[32m[I 2022-04-21 14:46:04,510][0m Trial 995 finished with value: 0.6817906087408834 and parameters: {'n_estimators': 832, 'min_samples_split': 0.06892474775350105, 'min_samples_leaf': 0.019628319723743647, 'min_weight_fraction_leaf': 0.1285797563108616, 'max_features': 0.16969616869771442, 'bootstrap': True, 'max_samples': 0.5065627365093898, 'oob_score': False}. Best is trial 530 with value: 0.696197846611031.[0m
[32m[I 2022-04-21 14:46:11,425][0m Trial 996 finished with value: 0.6923062421587427 and parameters: {'n_estimators': 805, 'min_samples_split': 0.05411005975755201, 'min_samples_leaf': 0.030245371287366353, 'min_weight_fraction_leaf': 0.08977457023050522, 'max_features': 0.4447134144892099, 'bootstrap': True, 'max_samples': 0.4825885526281117, 'oob_score': False}. Best is trial 530 with value: 0.696197846611031.[0m
[32m[I 2022-04-21 14:46:20,737][0m Trial 997 finished with value: 0.6870850042804315 and parameters: {'n_estimators': 853, 'min_samples_split': 0.05228382044851143, 'min_samples_leaf': 0.01636305486568282, 'min_weight_fraction_leaf': 0.03413960679576523, 'max_features': 0.422645401189781, 'bootstrap': True, 'max_samples': 0.4564378229445271, 'oob_score': False}. Best is trial 530 with value: 0.696197846611031.[0m
[32m[I 2022-04-21 14:46:27,333][0m Trial 998 finished with value: 0.6930141361665265 and parameters: {'n_estimators': 780, 'min_samples_split': 0.07482020215069683, 'min_samples_leaf': 0.02373131908254245, 'min_weight_fraction_leaf': 0.05596278631132944, 'max_features': 0.4636967042696918, 'bootstrap': True, 'max_samples': 0.44147734656766646, 'oob_score': False}. Best is trial 530 with value: 0.696197846611031.[0m
