[32m[I 2022-04-22 21:11:21,152][0m Trial 959 finished with value: 0.7948414844812618 and parameters: {'n_estimators': 853, 'min_samples_split': 0.05743839247701027, 'min_samples_leaf': 0.28590979128244276, 'min_weight_fraction_leaf': 0.007721663747840325, 'max_features': 0.300741050629935, 'bootstrap': False, 'max_samples': 0.07419918983678632}. Best is trial 784 with value: 0.8411330872952079.[0m
[32m[I 2022-04-22 21:11:34,545][0m Trial 960 finished with value: 0.8237587847345148 and parameters: {'n_estimators': 231, 'min_samples_split': 0.03434052413759915, 'min_samples_leaf': 0.02324801364112554, 'min_weight_fraction_leaf': 0.11775265344573457, 'max_features': 0.1734054908401529, 'bootstrap': False, 'max_samples': 0.005077156070845301}. Best is trial 784 with value: 0.8411330872952079.[0m
[32m[I 2022-04-22 21:12:22,149][0m Trial 961 finished with value: 0.8241615920625172 and parameters: {'n_estimators': 801, 'min_samples_split': 0.04873104199236159, 'min_samples_leaf': 0.10514887430524565, 'min_weight_fraction_leaf': 0.000204014324226693, 'max_features': 0.32954067682746846, 'bootstrap': False, 'max_samples': 0.053131780947674984}. Best is trial 784 with value: 0.8411330872952079.[0m
[32m[I 2022-04-22 21:15:01,457][0m Trial 962 finished with value: 0.829052825579196 and parameters: {'n_estimators': 906, 'min_samples_split': 0.34061312820113454, 'min_samples_leaf': 0.0011168200362024483, 'min_weight_fraction_leaf': 0.020501304412214157, 'max_features': 0.3578550343498197, 'bootstrap': False, 'max_samples': 0.08220762004120931}. Best is trial 784 with value: 0.8411330872952079.[0m
[32m[I 2022-04-22 21:18:29,147][0m Trial 963 finished with value: 0.839369104272959 and parameters: {'n_estimators': 838, 'min_samples_split': 0.03249990089318854, 'min_samples_leaf': 0.0107387273671057, 'min_weight_fraction_leaf': 0.010277234460997688, 'max_features': 0.21840392264800992, 'bootstrap': False, 'max_samples': 0.050043482475997714}. Best is trial 784 with value: 0.8411330872952079.[0m
[32m[I 2022-04-22 21:19:49,066][0m Trial 964 finished with value: 0.835640448505138 and parameters: {'n_estimators': 720, 'min_samples_split': 0.06147270191303042, 'min_samples_leaf': 0.033145963815952174, 'min_weight_fraction_leaf': 0.02601714331092982, 'max_features': 0.1999563877981792, 'bootstrap': False, 'max_samples': 0.09922249255548334}. Best is trial 784 with value: 0.8411330872952079.[0m
[32m[I 2022-04-22 21:23:38,531][0m Trial 965 finished with value: 0.8358431604761185 and parameters: {'n_estimators': 884, 'min_samples_split': 0.03751356901881186, 'min_samples_leaf': 0.0014033642421485302, 'min_weight_fraction_leaf': 0.0411185090008037, 'max_features': 0.2982559168954851, 'bootstrap': False, 'max_samples': 0.025740114954467493}. Best is trial 784 with value: 0.8411330872952079.[0m
[32m[I 2022-04-22 21:26:16,074][0m Trial 966 finished with value: 0.8392755367776672 and parameters: {'n_estimators': 783, 'min_samples_split': 0.04661687652404077, 'min_samples_leaf': 0.017699562768526297, 'min_weight_fraction_leaf': 0.014685209697155808, 'max_features': 0.23488530075475628, 'bootstrap': False, 'max_samples': 0.06499124483169415}. Best is trial 784 with value: 0.8411330872952079.[0m
[32m[I 2022-04-22 21:26:53,493][0m Trial 967 finished with value: 0.7947401921036852 and parameters: {'n_estimators': 826, 'min_samples_split': 0.02856254446091356, 'min_samples_leaf': 0.009926242144887687, 'min_weight_fraction_leaf': 0.28769625266185483, 'max_features': 0.2881906445225601, 'bootstrap': False, 'max_samples': 0.635608063061878}. Best is trial 784 with value: 0.8411330872952079.[0m
[32m[I 2022-04-22 21:28:09,752][0m Trial 968 finished with value: 0.8348925092983575 and parameters: {'n_estimators': 909, 'min_samples_split': 0.03697088346851012, 'min_samples_leaf': 0.04688192603011787, 'min_weight_fraction_leaf': 0.008649503913513917, 'max_features': 0.19964987738592252, 'bootstrap': False, 'max_samples': 0.0007641930596425858}. Best is trial 784 with value: 0.8411330872952079.[0m
[32m[I 2022-04-22 21:28:26,771][0m Trial 969 finished with value: 0.8154119294291975 and parameters: {'n_estimators': 858, 'min_samples_split': 0.05372724673566359, 'min_samples_leaf': 0.21259977518263856, 'min_weight_fraction_leaf': 0.024695115518386282, 'max_features': 0.2563772738492024, 'bootstrap': False, 'max_samples': 0.1277222880191582}. Best is trial 784 with value: 0.8411330872952079.[0m
[32m[I 2022-04-22 21:29:44,874][0m Trial 970 finished with value: 0.8319386855211814 and parameters: {'n_estimators': 737, 'min_samples_split': 0.0242760951425371, 'min_samples_leaf': 0.0644466151434844, 'min_weight_fraction_leaf': 0.032802136147384364, 'max_features': 0.3338474676877592, 'bootstrap': False, 'max_samples': 0.0958369558052583}. Best is trial 784 with value: 0.8411330872952079.[0m
[32m[I 2022-04-22 21:30:12,497][0m Trial 971 finished with value: 0.7845562157344019 and parameters: {'n_estimators': 918, 'min_samples_split': 0.04521083771976322, 'min_samples_leaf': 0.023476201725722293, 'min_weight_fraction_leaf': 0.407762403901908, 'max_features': 0.30930650354010464, 'bootstrap': False, 'max_samples': 0.038178023307860576}. Best is trial 784 with value: 0.8411330872952079.[0m
[32m[I 2022-04-22 21:41:12,829][0m Trial 972 finished with value: 0.8370216710824444 and parameters: {'n_estimators': 865, 'min_samples_split': 0.03184030109498963, 'min_samples_leaf': 0.0014038208907114422, 'min_weight_fraction_leaf': 0.016096512343124616, 'max_features': 0.5118089197559844, 'bootstrap': False, 'max_samples': 0.9300011155461303}. Best is trial 784 with value: 0.8411330872952079.[0m
[32m[I 2022-04-22 21:43:37,619][0m Trial 973 finished with value: 0.8409256438057302 and parameters: {'n_estimators': 789, 'min_samples_split': 0.06551507741130261, 'min_samples_leaf': 0.015883796833541217, 'min_weight_fraction_leaf': 0.007458710906970471, 'max_features': 0.22606773978360128, 'bootstrap': False, 'max_samples': 0.08390217824607919}. Best is trial 784 with value: 0.8411330872952079.[0m
[32m[I 2022-04-22 21:44:57,189][0m Trial 974 finished with value: 0.8348597911564685 and parameters: {'n_estimators': 703, 'min_samples_split': 0.05944169144944781, 'min_samples_leaf': 0.03918648451576359, 'min_weight_fraction_leaf': 0.007753795792146536, 'max_features': 0.2709508831872167, 'bootstrap': False, 'max_samples': 0.07619386790828309}. Best is trial 784 with value: 0.8411330872952079.[0m
[32m[I 2022-04-22 21:46:40,139][0m Trial 975 finished with value: 0.836671078772828 and parameters: {'n_estimators': 752, 'min_samples_split': 0.06677185806044733, 'min_samples_leaf': 0.028912778542666558, 'min_weight_fraction_leaf': 8.287322695779871e-05, 'max_features': 0.2447123131132226, 'bootstrap': False, 'max_samples': 0.04492589705141095}. Best is trial 784 with value: 0.8411330872952079.[0m
[32m[I 2022-04-22 21:48:48,753][0m Trial 976 finished with value: 0.8368609203708054 and parameters: {'n_estimators': 807, 'min_samples_split': 0.06063685031968205, 'min_samples_leaf': 0.03321223930964231, 'min_weight_fraction_leaf': 8.902573300160165e-05, 'max_features': 0.28544176616707256, 'bootstrap': False, 'max_samples': 0.06907128408329014}. Best is trial 784 with value: 0.8411330872952079.[0m
[32m[I 2022-04-22 21:51:15,040][0m Trial 977 finished with value: 0.8378304179170296 and parameters: {'n_estimators': 740, 'min_samples_split': 0.06351355380908447, 'min_samples_leaf': 0.023632120676557188, 'min_weight_fraction_leaf': 0.01957524987989856, 'max_features': 0.2550193257637714, 'bootstrap': False, 'max_samples': 0.07656847122934987}. Best is trial 784 with value: 0.8411330872952079.[0m
[32m[I 2022-04-22 21:53:22,652][0m Trial 978 finished with value: 0.8372926694416378 and parameters: {'n_estimators': 784, 'min_samples_split': 0.06952396945026638, 'min_samples_leaf': 0.020880478035095126, 'min_weight_fraction_leaf': 0.0001385043123537967, 'max_features': 0.22765671833784298, 'bootstrap': False, 'max_samples': 0.3794870648139204}. Best is trial 784 with value: 0.8411330872952079.[0m
[32m[I 2022-04-22 21:56:19,905][0m Trial 979 finished with value: 0.8288217081661801 and parameters: {'n_estimators': 773, 'min_samples_split': 0.06450682881339238, 'min_samples_leaf': 0.04209060498278964, 'min_weight_fraction_leaf': 0.016609794562286673, 'max_features': 0.5526061773360533, 'bootstrap': False, 'max_samples': 0.09700477489812695}. Best is trial 784 with value: 0.8411330872952079.[0m
[32m[I 2022-04-22 21:59:39,637][0m Trial 980 finished with value: 0.8356038148969672 and parameters: {'n_estimators': 760, 'min_samples_split': 0.055080355256169465, 'min_samples_leaf': 0.016881153162932316, 'min_weight_fraction_leaf': 0.02866310594381316, 'max_features': 0.3200696292107931, 'bootstrap': False, 'max_samples': 0.05422806756150393}. Best is trial 784 with value: 0.8411330872952079.[0m
[32m[I 2022-04-22 22:01:33,568][0m Trial 981 finished with value: 0.8371447958576681 and parameters: {'n_estimators': 707, 'min_samples_split': 0.055506641302294706, 'min_samples_leaf': 0.03103414449484221, 'min_weight_fraction_leaf': 0.009529584259169672, 'max_features': 0.2863454238951913, 'bootstrap': False, 'max_samples': 0.08732554376462685}. Best is trial 784 with value: 0.8411330872952079.[0m
[32m[I 2022-04-22 22:04:10,358][0m Trial 982 finished with value: 0.8383726798576984 and parameters: {'n_estimators': 796, 'min_samples_split': 0.06669370617224912, 'min_samples_leaf': 0.01513304182775772, 'min_weight_fraction_leaf': 0.02310752716777269, 'max_features': 0.26636046908187827, 'bootstrap': False, 'max_samples': 0.05619172852456273}. Best is trial 784 with value: 0.8411330872952079.[0m
[32m[I 2022-04-22 22:04:24,770][0m Trial 983 finished with value: 0.4517862572055223 and parameters: {'n_estimators': 830, 'min_samples_split': 0.048901599454603664, 'min_samples_leaf': 0.024989159091529017, 'min_weight_fraction_leaf': 0.49871211837788365, 'max_features': 0.18125638610824513, 'bootstrap': False, 'max_samples': 0.018654696841381505}. Best is trial 784 with value: 0.8411330872952079.[0m
[32m[I 2022-04-22 22:06:00,978][0m Trial 984 finished with value: 0.8314040714758895 and parameters: {'n_estimators': 820, 'min_samples_split': 0.02290756447003404, 'min_samples_leaf': 0.017056306565967676, 'min_weight_fraction_leaf': 0.06522182850708627, 'max_features': 0.24180244959336644, 'bootstrap': False, 'max_samples': 0.08250013357142882}. Best is trial 784 with value: 0.8411330872952079.[0m
[32m[I 2022-04-22 22:07:23,168][0m Trial 985 finished with value: 0.8342051992128845 and parameters: {'n_estimators': 782, 'min_samples_split': 0.042267569795861645, 'min_samples_leaf': 0.03180434706181081, 'min_weight_fraction_leaf': 0.042926940318463364, 'max_features': 0.207439971974356, 'bootstrap': False, 'max_samples': 0.10887454830280317}. Best is trial 784 with value: 0.8411330872952079.[0m
[32m[I 2022-04-22 22:08:48,730][0m Trial 986 finished with value: 0.8330630825959335 and parameters: {'n_estimators': 746, 'min_samples_split': 0.025540017951190284, 'min_samples_leaf': 0.04690386077828503, 'min_weight_fraction_leaf': 0.014096390707162345, 'max_features': 0.30157205044573787, 'bootstrap': False, 'max_samples': 0.037276904868162576}. Best is trial 784 with value: 0.8411330872952079.[0m
[32m[I 2022-04-22 22:11:07,665][0m Trial 987 finished with value: 0.8372676286721582 and parameters: {'n_estimators': 824, 'min_samples_split': 0.050245890337511805, 'min_samples_leaf': 0.013015704536948013, 'min_weight_fraction_leaf': 0.03283719429579219, 'max_features': 0.22937224525875327, 'bootstrap': False, 'max_samples': 0.5539637518559444}. Best is trial 784 with value: 0.8411330872952079.[0m
[32m[I 2022-04-22 22:13:38,661][0m Trial 988 finished with value: 0.837494005162128 and parameters: {'n_estimators': 851, 'min_samples_split': 0.017547829422003718, 'min_samples_leaf': 0.024873127503365722, 'min_weight_fraction_leaf': 0.009363638847740103, 'max_features': 0.26708888727799107, 'bootstrap': False, 'max_samples': 0.09626103772526308}. Best is trial 784 with value: 0.8411330872952079.[0m
[32m[I 2022-04-22 22:26:52,991][0m Trial 989 finished with value: 0.8348709242461702 and parameters: {'n_estimators': 800, 'min_samples_split': 0.06990647233233832, 'min_samples_leaf': 0.0011253483524595442, 'min_weight_fraction_leaf': 0.000274221258596971, 'max_features': 0.35929116122899196, 'bootstrap': False, 'max_samples': 0.06146317006857046}. Best is trial 784 with value: 0.8411330872952079.[0m
[32m[I 2022-04-22 22:31:19,560][0m Trial 990 finished with value: 0.8390532549355412 and parameters: {'n_estimators': 865, 'min_samples_split': 0.03890035749474374, 'min_samples_leaf': 0.010526787115463345, 'min_weight_fraction_leaf': 0.019190026594518454, 'max_features': 0.33529803463277663, 'bootstrap': False, 'max_samples': 0.11556587207397338}. Best is trial 784 with value: 0.8411330872952079.[0m
[32m[I 2022-04-22 22:32:14,728][0m Trial 991 finished with value: 0.8353109377601932 and parameters: {'n_estimators': 717, 'min_samples_split': 0.03170121547931748, 'min_samples_leaf': 0.03829906786056603, 'min_weight_fraction_leaf': 0.010292839678650976, 'max_features': 0.16678987075465027, 'bootstrap': False, 'max_samples': 0.07572526832634821}. Best is trial 784 with value: 0.8411330872952079.[0m
[32m[I 2022-04-22 22:35:18,438][0m Trial 992 finished with value: 0.8369254491306382 and parameters: {'n_estimators': 763, 'min_samples_split': 0.02225392062599237, 'min_samples_leaf': 0.016343995993062063, 'min_weight_fraction_leaf': 0.02557305777500407, 'max_features': 0.2947650379203833, 'bootstrap': False, 'max_samples': 0.09576468847961296}. Best is trial 784 with value: 0.8411330872952079.[0m
[32m[I 2022-04-22 22:38:57,700][0m Trial 993 finished with value: 0.8398482760745578 and parameters: {'n_estimators': 826, 'min_samples_split': 0.04702858688968989, 'min_samples_leaf': 0.010268473553341442, 'min_weight_fraction_leaf': 0.017726044139539182, 'max_features': 0.24627601418257272, 'bootstrap': False, 'max_samples': 0.03675875979805729}. Best is trial 784 with value: 0.8411330872952079.[0m
[32m[I 2022-04-22 22:40:17,381][0m Trial 994 finished with value: 0.8319665908482532 and parameters: {'n_estimators': 874, 'min_samples_split': 0.24109299050555547, 'min_samples_leaf': 0.025473753231352547, 'min_weight_fraction_leaf': 0.03600225355833142, 'max_features': 0.2179363567132158, 'bootstrap': False, 'max_samples': 0.06364260770496327}. Best is trial 784 with value: 0.8411330872952079.[0m
[32m[I 2022-04-22 22:45:25,234][0m Trial 995 finished with value: 0.8387241119122848 and parameters: {'n_estimators': 897, 'min_samples_split': 0.05844111120006089, 'min_samples_leaf': 0.010121281453286425, 'min_weight_fraction_leaf': 0.00914110522695157, 'max_features': 0.2780596378183288, 'bootstrap': False, 'max_samples': 0.11330509886550191}. Best is trial 784 with value: 0.8411330872952079.[0m
[32m[I 2022-04-22 22:50:31,253][0m Trial 996 finished with value: 0.8375542998242851 and parameters: {'n_estimators': 791, 'min_samples_split': 0.011068960583968283, 'min_samples_leaf': 0.0010048770254651763, 'min_weight_fraction_leaf': 0.022731618267323637, 'max_features': 0.3208595893893387, 'bootstrap': False, 'max_samples': 0.08568013781583306}. Best is trial 784 with value: 0.8411330872952079.[0m
[32m[I 2022-04-22 22:52:44,286][0m Trial 997 finished with value: 0.8377522328004601 and parameters: {'n_estimators': 841, 'min_samples_split': 0.03074623588941261, 'min_samples_leaf': 0.02148023335105978, 'min_weight_fraction_leaf': 6.0551750365920654e-05, 'max_features': 0.20328284817421136, 'bootstrap': False, 'max_samples': 0.020095841358504937}. Best is trial 784 with value: 0.8411330872952079.[0m
[32m[I 2022-04-22 22:54:52,811][0m Trial 998 finished with value: 0.8343823692572677 and parameters: {'n_estimators': 929, 'min_samples_split': 0.0387431526887091, 'min_samples_leaf': 0.035348519268025215, 'min_weight_fraction_leaf': 0.009167959878483638, 'max_features': 0.25592602097325073, 'bootstrap': False, 'max_samples': 0.12058064482479611}. Best is trial 784 with value: 0.8411330872952079.[0m
[32m[I 2022-04-22 22:55:05,537][0m Trial 999 finished with value: 0.7930558568096003 and parameters: {'n_estimators': 886, 'min_samples_split': 0.021467530630911218, 'min_samples_leaf': 0.2513785699307881, 'min_weight_fraction_leaf': 0.028519297823265545, 'max_features': 0.23259904638912, 'bootstrap': False, 'max_samples': 0.05629413528909489}. Best is trial 784 with value: 0.8411330872952079.[0m
[32m[I 2022-04-22 22:55:05,542][0m A new study created in memory with name: no-name-eee43bd6-2441-4e0a-8eed-535f7f38ada6[0m
[32m[I 2022-04-22 22:55:07,743][0m Trial 0 finished with value: 0.5650282637213258 and parameters: {'n_estimators': 188, 'min_samples_split': 0.3700995816506178, 'min_samples_leaf': 0.38303608481326246, 'min_weight_fraction_leaf': 0.31007211508742977, 'max_features': 0.6389570471010595, 'bootstrap': False, 'max_samples': 0.41920445069364964}. Best is trial 0 with value: 0.5650282637213258.[0m
[32m[I 2022-04-22 22:55:11,131][0m Trial 1 finished with value: 0.5504466060196496 and parameters: {'n_estimators': 210, 'min_samples_split': 0.47849687337112856, 'min_samples_leaf': 0.3062895783392731, 'min_weight_fraction_leaf': 0.4403002265636832, 'max_features': 0.6212292695600886, 'bootstrap': False, 'max_samples': 0.19918288305779486}. Best is trial 0 with value: 0.5650282637213258.[0m
[32m[I 2022-04-22 22:55:12,748][0m Trial 2 finished with value: 0.5 and parameters: {'n_estimators': 173, 'min_samples_split': 0.13842612073012034, 'min_samples_leaf': 0.11522049706489203, 'min_weight_fraction_leaf': 0.321770549324325, 'max_features': 0.6122388686618488, 'bootstrap': True, 'max_samples': 0.4481632505674741, 'oob_score': True}. Best is trial 0 with value: 0.5650282637213258.[0m
[32m[I 2022-04-22 22:55:14,875][0m Trial 3 finished with value: 0.5 and parameters: {'n_estimators': 333, 'min_samples_split': 0.4397852503903501, 'min_samples_leaf': 0.47596896055820487, 'min_weight_fraction_leaf': 0.06722187998139584, 'max_features': 0.481235908522612, 'bootstrap': True, 'max_samples': 0.8023645935557944, 'oob_score': False}. Best is trial 0 with value: 0.5650282637213258.[0m
[32m[I 2022-04-22 22:56:13,283][0m Trial 4 finished with value: 0.6125059351540413 and parameters: {'n_estimators': 435, 'min_samples_split': 0.10620122589765311, 'min_samples_leaf': 0.08194880620719851, 'min_weight_fraction_leaf': 0.19319259432297953, 'max_features': 0.9083674423859309, 'bootstrap': False, 'max_samples': 0.03833084498045147}. Best is trial 4 with value: 0.6125059351540413.[0m
[32m[I 2022-04-22 22:56:21,182][0m Trial 5 finished with value: 0.5658297177261968 and parameters: {'n_estimators': 188, 'min_samples_split': 0.010380361138910284, 'min_samples_leaf': 0.11848337066204423, 'min_weight_fraction_leaf': 0.4185634707662467, 'max_features': 0.6710796927732128, 'bootstrap': False, 'max_samples': 0.6300276968790856}. Best is trial 4 with value: 0.6125059351540413.[0m
[32m[I 2022-04-22 22:56:23,573][0m Trial 6 finished with value: 0.5618003841954584 and parameters: {'n_estimators': 363, 'min_samples_split': 0.4569132206287971, 'min_samples_leaf': 0.45868453075833293, 'min_weight_fraction_leaf': 0.1290578116329763, 'max_features': 0.18712888318229104, 'bootstrap': False, 'max_samples': 0.8668233365347442}. Best is trial 4 with value: 0.6125059351540413.[0m
[32m[I 2022-04-22 22:56:36,056][0m Trial 7 finished with value: 0.613260654636949 and parameters: {'n_estimators': 230, 'min_samples_split': 0.45810066691238216, 'min_samples_leaf': 0.13792131185753026, 'min_weight_fraction_leaf': 0.2265496065323428, 'max_features': 0.530109956264369, 'bootstrap': False, 'max_samples': 0.7457386024065109}. Best is trial 7 with value: 0.613260654636949.[0m
[32m[I 2022-04-22 22:57:00,181][0m Trial 8 finished with value: 0.6216254863486079 and parameters: {'n_estimators': 190, 'min_samples_split': 0.3683152740092071, 'min_samples_leaf': 0.12530085056738452, 'min_weight_fraction_leaf': 0.08993562644471298, 'max_features': 0.8413494938350214, 'bootstrap': False, 'max_samples': 0.3272471932079498}. Best is trial 8 with value: 0.6216254863486079.[0m
[32m[I 2022-04-22 22:57:02,359][0m Trial 9 finished with value: 0.5 and parameters: {'n_estimators': 212, 'min_samples_split': 0.4652912932955996, 'min_samples_leaf': 0.1971078370670901, 'min_weight_fraction_leaf': 0.04529114920694216, 'max_features': 0.7614127980928661, 'bootstrap': True, 'max_samples': 0.4175317215340256, 'oob_score': True}. Best is trial 8 with value: 0.6216254863486079.[0m
[32m[I 2022-04-22 22:57:07,231][0m Trial 10 finished with value: 0.5 and parameters: {'n_estimators': 753, 'min_samples_split': 0.3015288025241776, 'min_samples_leaf': 0.003875931557768636, 'min_weight_fraction_leaf': 0.014599199072909769, 'max_features': 0.9905046709604362, 'bootstrap': True, 'max_samples': 0.15845553555720215, 'oob_score': False}. Best is trial 8 with value: 0.6216254863486079.[0m
[32m[I 2022-04-22 22:57:10,162][0m Trial 11 finished with value: 0.6166024395634306 and parameters: {'n_estimators': 117, 'min_samples_split': 0.34142112778360134, 'min_samples_leaf': 0.22457199526376548, 'min_weight_fraction_leaf': 0.1989262314441012, 'max_features': 0.36272185375813365, 'bootstrap': False, 'max_samples': 0.6481176461752622}. Best is trial 8 with value: 0.6216254863486079.[0m
[32m[I 2022-04-22 22:57:12,497][0m Trial 12 finished with value: 0.6091869277288924 and parameters: {'n_estimators': 109, 'min_samples_split': 0.2898166736905883, 'min_samples_leaf': 0.23331062302267724, 'min_weight_fraction_leaf': 0.15053291424882745, 'max_features': 0.29850351015953314, 'bootstrap': False, 'max_samples': 0.6074741271535224}. Best is trial 8 with value: 0.6216254863486079.[0m
