[32m[I 2022-04-21 13:23:05,883][0m Trial 377 finished with value: 0.6904360417301495 and parameters: {'n_estimators': 701, 'min_samples_split': 0.0017157537659937393, 'min_samples_leaf': 0.030288722406722837, 'min_weight_fraction_leaf': 0.01763025092155016, 'max_features': 0.6047832900368867, 'bootstrap': True, 'max_samples': 0.30485002105152725, 'oob_score': True}. Best is trial 322 with value: 0.694845396553984.[0m
[32m[I 2022-04-21 13:23:13,678][0m Trial 378 finished with value: 0.6807616742075726 and parameters: {'n_estimators': 587, 'min_samples_split': 0.031109654338782506, 'min_samples_leaf': 0.07583154348009358, 'min_weight_fraction_leaf': 0.03319193102639781, 'max_features': 0.5646560382070341, 'bootstrap': True, 'max_samples': 0.22318383860893973, 'oob_score': True}. Best is trial 322 with value: 0.694845396553984.[0m
[32m[I 2022-04-21 13:23:24,532][0m Trial 379 finished with value: 0.6875139831973347 and parameters: {'n_estimators': 797, 'min_samples_split': 0.048832760432384194, 'min_samples_leaf': 0.057345233864574796, 'min_weight_fraction_leaf': 0.04373557403476873, 'max_features': 0.6212501413820025, 'bootstrap': True, 'max_samples': 0.3540063186043026, 'oob_score': True}. Best is trial 322 with value: 0.694845396553984.[0m
[32m[I 2022-04-21 13:23:32,995][0m Trial 380 finished with value: 0.6874686327858852 and parameters: {'n_estimators': 619, 'min_samples_split': 0.019485594993868184, 'min_samples_leaf': 0.022818179323344526, 'min_weight_fraction_leaf': 0.05345679532835295, 'max_features': 0.6375808232812558, 'bootstrap': True, 'max_samples': 0.4212905665680447, 'oob_score': True}. Best is trial 322 with value: 0.694845396553984.[0m
[32m[I 2022-04-21 13:23:43,426][0m Trial 381 finished with value: 0.6933521886157207 and parameters: {'n_estimators': 828, 'min_samples_split': 0.07389647194489106, 'min_samples_leaf': 0.04199609842282546, 'min_weight_fraction_leaf': 0.02527964297664894, 'max_features': 0.5282870911592785, 'bootstrap': True, 'max_samples': 0.4388296191445018, 'oob_score': True}. Best is trial 322 with value: 0.694845396553984.[0m
[32m[I 2022-04-21 13:23:53,995][0m Trial 382 finished with value: 0.6912734886915571 and parameters: {'n_estimators': 832, 'min_samples_split': 0.07647495753161088, 'min_samples_leaf': 0.06143439178596978, 'min_weight_fraction_leaf': 0.014855803418838028, 'max_features': 0.5296545021977215, 'bootstrap': True, 'max_samples': 0.4385129077817075, 'oob_score': True}. Best is trial 322 with value: 0.694845396553984.[0m
[32m[I 2022-04-21 13:24:07,011][0m Trial 383 finished with value: 0.6948384061316073 and parameters: {'n_estimators': 930, 'min_samples_split': 0.03730372595571804, 'min_samples_leaf': 0.04469131188866324, 'min_weight_fraction_leaf': 0.00019248430722509924, 'max_features': 0.5375368262758048, 'bootstrap': True, 'max_samples': 0.3198278056610399, 'oob_score': True}. Best is trial 322 with value: 0.694845396553984.[0m
[32m[I 2022-04-21 13:24:20,832][0m Trial 384 finished with value: 0.692739226171594 and parameters: {'n_estimators': 950, 'min_samples_split': 0.04160113627265663, 'min_samples_leaf': 0.047967680325172075, 'min_weight_fraction_leaf': 0.005013719808324726, 'max_features': 0.5368204273955124, 'bootstrap': True, 'max_samples': 0.3259494733099624, 'oob_score': True}. Best is trial 322 with value: 0.694845396553984.[0m
[32m[I 2022-04-21 13:24:33,250][0m Trial 385 finished with value: 0.692739226171594 and parameters: {'n_estimators': 921, 'min_samples_split': 0.04030669750898769, 'min_samples_leaf': 0.0459191789273811, 'min_weight_fraction_leaf': 0.00024123767757897673, 'max_features': 0.5337550363447776, 'bootstrap': True, 'max_samples': 0.3247281992863008, 'oob_score': True}. Best is trial 322 with value: 0.694845396553984.[0m
[32m[I 2022-04-21 13:24:48,708][0m Trial 386 finished with value: 0.6888916470157136 and parameters: {'n_estimators': 992, 'min_samples_split': 0.0408437343755761, 'min_samples_leaf': 0.06218817320079601, 'min_weight_fraction_leaf': 0.00800174415832692, 'max_features': 0.5290889805830988, 'bootstrap': True, 'max_samples': 0.3287795163258184, 'oob_score': True}. Best is trial 322 with value: 0.694845396553984.[0m
[32m[I 2022-04-21 13:25:01,570][0m Trial 387 finished with value: 0.6889635793362975 and parameters: {'n_estimators': 937, 'min_samples_split': 0.054094813034757286, 'min_samples_leaf': 0.05103397516728292, 'min_weight_fraction_leaf': 0.006161963227364169, 'max_features': 0.5525798492597291, 'bootstrap': True, 'max_samples': 0.31782677241516494, 'oob_score': True}. Best is trial 322 with value: 0.694845396553984.[0m
[32m[I 2022-04-21 13:25:13,204][0m Trial 388 finished with value: 0.6878723472386372 and parameters: {'n_estimators': 885, 'min_samples_split': 0.012043471347783002, 'min_samples_leaf': 0.0809560892645968, 'min_weight_fraction_leaf': 0.005727114994418637, 'max_features': 0.5351071374258445, 'bootstrap': True, 'max_samples': 0.34256167998999243, 'oob_score': True}. Best is trial 322 with value: 0.694845396553984.[0m
[32m[I 2022-04-21 13:25:25,448][0m Trial 389 finished with value: 0.6870042901636532 and parameters: {'n_estimators': 954, 'min_samples_split': 0.06385593445852043, 'min_samples_leaf': 0.06855177038438642, 'min_weight_fraction_leaf': 4.597392896767296e-05, 'max_features': 0.5491271253144823, 'bootstrap': True, 'max_samples': 0.2696518840148097, 'oob_score': True}. Best is trial 322 with value: 0.694845396553984.[0m
[32m[I 2022-04-21 13:25:34,011][0m Trial 390 finished with value: 0.6832793829194148 and parameters: {'n_estimators': 923, 'min_samples_split': 0.04118924004246734, 'min_samples_leaf': 0.050348700922943544, 'min_weight_fraction_leaf': 0.02027210790152993, 'max_features': 0.5220126307361669, 'bootstrap': False, 'max_samples': 0.31929751554245567}. Best is trial 322 with value: 0.694845396553984.[0m
[32m[I 2022-04-21 13:25:45,491][0m Trial 391 finished with value: 0.6942443787341472 and parameters: {'n_estimators': 826, 'min_samples_split': 0.023430400528655266, 'min_samples_leaf': 0.0469331361047105, 'min_weight_fraction_leaf': 0.011167903081263534, 'max_features': 0.568912677371251, 'bootstrap': True, 'max_samples': 0.29902283557280235, 'oob_score': True}. Best is trial 322 with value: 0.694845396553984.[0m
[32m[I 2022-04-21 13:25:55,163][0m Trial 392 finished with value: 0.6943107828723982 and parameters: {'n_estimators': 766, 'min_samples_split': 0.02064649989316449, 'min_samples_leaf': 0.04384866839586461, 'min_weight_fraction_leaf': 0.018688500503753324, 'max_features': 0.5695620867548528, 'bootstrap': True, 'max_samples': 0.296002694492049, 'oob_score': True}. Best is trial 322 with value: 0.694845396553984.[0m
[32m[I 2022-04-21 13:26:06,357][0m Trial 393 finished with value: 0.6937324122520463 and parameters: {'n_estimators': 862, 'min_samples_split': 0.022340936341180513, 'min_samples_leaf': 0.04064299187688203, 'min_weight_fraction_leaf': 0.01786644387124881, 'max_features': 0.5756754797928839, 'bootstrap': True, 'max_samples': 0.2941732277063704, 'oob_score': True}. Best is trial 322 with value: 0.694845396553984.[0m
[32m[I 2022-04-21 13:26:17,400][0m Trial 394 finished with value: 0.6912090812034358 and parameters: {'n_estimators': 862, 'min_samples_split': 0.022802182480437354, 'min_samples_leaf': 0.05666425767620052, 'min_weight_fraction_leaf': 0.015903709723438096, 'max_features': 0.579032805153627, 'bootstrap': True, 'max_samples': 0.2959404112616198, 'oob_score': True}. Best is trial 322 with value: 0.694845396553984.[0m
[32m[I 2022-04-21 13:26:28,641][0m Trial 395 finished with value: 0.6883528738571834 and parameters: {'n_estimators': 756, 'min_samples_split': 0.009407106000649538, 'min_samples_leaf': 0.04177856883613508, 'min_weight_fraction_leaf': 0.02486807558886441, 'max_features': 0.5660870332587283, 'bootstrap': True, 'max_samples': 0.2725389775550997, 'oob_score': True}. Best is trial 322 with value: 0.694845396553984.[0m
[32m[I 2022-04-21 13:26:39,889][0m Trial 396 finished with value: 0.6912090812034358 and parameters: {'n_estimators': 841, 'min_samples_split': 0.024781824834367507, 'min_samples_leaf': 0.05931825330261456, 'min_weight_fraction_leaf': 0.016945457156084642, 'max_features': 0.5825711003945871, 'bootstrap': True, 'max_samples': 0.2899811915865247, 'oob_score': True}. Best is trial 322 with value: 0.694845396553984.[0m
[32m[I 2022-04-21 13:26:50,615][0m Trial 397 finished with value: 0.6864644232924164 and parameters: {'n_estimators': 827, 'min_samples_split': 0.017212176427677257, 'min_samples_leaf': 0.04301780690739571, 'min_weight_fraction_leaf': 0.0263788442049607, 'max_features': 0.5585319884760453, 'bootstrap': True, 'max_samples': 0.24718708351101515, 'oob_score': True}. Best is trial 322 with value: 0.694845396553984.[0m
[32m[I 2022-04-21 13:27:01,498][0m Trial 398 finished with value: 0.6920491520358513 and parameters: {'n_estimators': 790, 'min_samples_split': 0.0010207166666232979, 'min_samples_leaf': 0.04285091556093397, 'min_weight_fraction_leaf': 0.014488304851150893, 'max_features': 0.5884905244706113, 'bootstrap': True, 'max_samples': 0.3681889649203667, 'oob_score': True}. Best is trial 322 with value: 0.694845396553984.[0m
[32m[I 2022-04-21 13:27:10,707][0m Trial 399 finished with value: 0.6868481541898995 and parameters: {'n_estimators': 722, 'min_samples_split': 0.029331245525806113, 'min_samples_leaf': 0.05195544391465527, 'min_weight_fraction_leaf': 0.030025113192300737, 'max_features': 0.5967211425474909, 'bootstrap': True, 'max_samples': 0.30202296097293696, 'oob_score': True}. Best is trial 322 with value: 0.694845396553984.[0m
[32m[I 2022-04-21 13:27:20,650][0m Trial 400 finished with value: 0.5 and parameters: {'n_estimators': 767, 'min_samples_split': 0.011910559067162842, 'min_samples_leaf': 0.17728119062659553, 'min_weight_fraction_leaf': 0.024980193310971968, 'max_features': 0.5555023992959676, 'bootstrap': True, 'max_samples': 0.3556041802283734, 'oob_score': True}. Best is trial 322 with value: 0.694845396553984.[0m
[32m[I 2022-04-21 13:27:32,627][0m Trial 401 finished with value: 0.6881846187785379 and parameters: {'n_estimators': 881, 'min_samples_split': 0.022829829323116436, 'min_samples_leaf': 0.06603829008987117, 'min_weight_fraction_leaf': 0.03420656355207763, 'max_features': 0.5711096522497738, 'bootstrap': True, 'max_samples': 0.3961168651061449, 'oob_score': True}. Best is trial 322 with value: 0.694845396553984.[0m
[32m[I 2022-04-21 13:27:45,083][0m Trial 402 finished with value: 0.6909455773805709 and parameters: {'n_estimators': 808, 'min_samples_split': 0.032612757003394124, 'min_samples_leaf': 0.033107121866910845, 'min_weight_fraction_leaf': 0.01638150172587834, 'max_features': 0.6077125157425918, 'bootstrap': True, 'max_samples': 0.3404402342075789, 'oob_score': True}. Best is trial 322 with value: 0.694845396553984.[0m
[32m[I 2022-04-21 13:27:54,364][0m Trial 403 finished with value: 0.6934013502252289 and parameters: {'n_estimators': 675, 'min_samples_split': 0.011586681687097438, 'min_samples_leaf': 0.0397498458844562, 'min_weight_fraction_leaf': 0.03782237242888895, 'max_features': 0.5757797655492508, 'bootstrap': True, 'max_samples': 0.27946307574817214, 'oob_score': True}. Best is trial 322 with value: 0.694845396553984.[0m
[32m[I 2022-04-21 13:28:04,066][0m Trial 404 finished with value: 0.6934013502252289 and parameters: {'n_estimators': 680, 'min_samples_split': 0.009405687216288964, 'min_samples_leaf': 0.0392696768841839, 'min_weight_fraction_leaf': 0.034493316811177135, 'max_features': 0.5546792137645059, 'bootstrap': True, 'max_samples': 0.27283075948319546, 'oob_score': True}. Best is trial 322 with value: 0.694845396553984.[0m
[32m[I 2022-04-21 13:28:12,776][0m Trial 405 finished with value: 0.6912090812034358 and parameters: {'n_estimators': 681, 'min_samples_split': 0.008739486086849671, 'min_samples_leaf': 0.050564168782615736, 'min_weight_fraction_leaf': 0.03033750942331126, 'max_features': 0.5530821370874162, 'bootstrap': True, 'max_samples': 0.25561797600690755, 'oob_score': True}. Best is trial 322 with value: 0.694845396553984.[0m
[32m[I 2022-04-21 13:28:22,036][0m Trial 406 finished with value: 0.6826998485116887 and parameters: {'n_estimators': 646, 'min_samples_split': 0.011784148040923599, 'min_samples_leaf': 0.07150776030660011, 'min_weight_fraction_leaf': 0.012548450428965255, 'max_features': 0.5681493818323473, 'bootstrap': True, 'max_samples': 0.2816143194066651, 'oob_score': True}. Best is trial 322 with value: 0.694845396553984.[0m
[32m[I 2022-04-21 13:28:30,971][0m Trial 407 finished with value: 0.6899911842938473 and parameters: {'n_estimators': 673, 'min_samples_split': 0.018463156193212052, 'min_samples_leaf': 0.04162633165669728, 'min_weight_fraction_leaf': 0.023049921018357615, 'max_features': 0.5438605904315703, 'bootstrap': True, 'max_samples': 0.3814985748542142, 'oob_score': True}. Best is trial 322 with value: 0.694845396553984.[0m
[32m[I 2022-04-21 13:28:40,816][0m Trial 408 finished with value: 0.6884397509175711 and parameters: {'n_estimators': 721, 'min_samples_split': 0.030841745870670106, 'min_samples_leaf': 0.05796824905422839, 'min_weight_fraction_leaf': 0.034200692616404675, 'max_features': 0.5183970081561871, 'bootstrap': True, 'max_samples': 0.2626610337973459, 'oob_score': True}. Best is trial 322 with value: 0.694845396553984.[0m
[32m[I 2022-04-21 13:28:47,249][0m Trial 409 finished with value: 0.6847820314580036 and parameters: {'n_estimators': 555, 'min_samples_split': 0.005529025900694283, 'min_samples_leaf': 0.03921054698940192, 'min_weight_fraction_leaf': 0.03810015973714575, 'max_features': 0.5697626173806828, 'bootstrap': False, 'max_samples': 0.2217574135463449}. Best is trial 322 with value: 0.694845396553984.[0m
[32m[I 2022-04-21 13:28:56,873][0m Trial 410 finished with value: 0.6868481541898995 and parameters: {'n_estimators': 628, 'min_samples_split': 0.018314180292635027, 'min_samples_leaf': 0.05103252025389888, 'min_weight_fraction_leaf': 0.021328512777307476, 'max_features': 0.5439789222671069, 'bootstrap': True, 'max_samples': 0.284044612709457, 'oob_score': True}. Best is trial 322 with value: 0.694845396553984.[0m
[32m[I 2022-04-21 13:29:06,199][0m Trial 411 finished with value: 0.6877287560111986 and parameters: {'n_estimators': 684, 'min_samples_split': 0.03067369411693986, 'min_samples_leaf': 0.03978318462024383, 'min_weight_fraction_leaf': 0.00999279820286741, 'max_features': 0.6080030289636434, 'bootstrap': True, 'max_samples': 0.40601751471280656, 'oob_score': True}. Best is trial 322 with value: 0.694845396553984.[0m
[32m[I 2022-04-21 13:29:13,756][0m Trial 412 finished with value: 0.6888265686230725 and parameters: {'n_estimators': 594, 'min_samples_split': 0.002064232062544553, 'min_samples_leaf': 0.03358593377998125, 'min_weight_fraction_leaf': 0.03780897830582506, 'max_features': 0.57036808477293, 'bootstrap': True, 'max_samples': 0.23344136564243656, 'oob_score': True}. Best is trial 322 with value: 0.694845396553984.[0m
[32m[I 2022-04-21 13:29:24,063][0m Trial 413 finished with value: 0.6939515188958036 and parameters: {'n_estimators': 736, 'min_samples_split': 0.013562273816063106, 'min_samples_leaf': 0.04770045064662343, 'min_weight_fraction_leaf': 0.02589223636621705, 'max_features': 0.5534721676329707, 'bootstrap': True, 'max_samples': 0.30104694116894015, 'oob_score': True}. Best is trial 322 with value: 0.694845396553984.[0m
[32m[I 2022-04-21 13:29:34,619][0m Trial 414 finished with value: 0.6888916470157136 and parameters: {'n_estimators': 736, 'min_samples_split': 0.013014145753076125, 'min_samples_leaf': 0.060289801325983744, 'min_weight_fraction_leaf': 0.023403637306431486, 'max_features': 0.5200176493535648, 'bootstrap': True, 'max_samples': 0.30716301314507327, 'oob_score': True}. Best is trial 322 with value: 0.694845396553984.[0m
[32m[I 2022-04-21 13:29:41,261][0m Trial 415 finished with value: 0.5 and parameters: {'n_estimators': 640, 'min_samples_split': 0.018113603895639943, 'min_samples_leaf': 0.04830972378697887, 'min_weight_fraction_leaf': 0.34191634844361163, 'max_features': 0.5452077990127607, 'bootstrap': True, 'max_samples': 0.2728889250328174, 'oob_score': True}. Best is trial 322 with value: 0.694845396553984.[0m
[32m[I 2022-04-21 13:29:51,385][0m Trial 416 finished with value: 0.6839648066058526 and parameters: {'n_estimators': 876, 'min_samples_split': 0.009629956208949284, 'min_samples_leaf': 0.07301390569314015, 'min_weight_fraction_leaf': 0.011775372615189808, 'max_features': 0.5550377582890047, 'bootstrap': True, 'max_samples': 0.2943160889565588, 'oob_score': True}. Best is trial 322 with value: 0.694845396553984.[0m
[32m[I 2022-04-21 13:29:59,657][0m Trial 417 finished with value: 0.6930287723458635 and parameters: {'n_estimators': 708, 'min_samples_split': 0.026568897667731326, 'min_samples_leaf': 0.05906666113407962, 'min_weight_fraction_leaf': 0.02917808389610577, 'max_features': 0.5296789924980044, 'bootstrap': True, 'max_samples': 0.4620056374266275, 'oob_score': True}. Best is trial 322 with value: 0.694845396553984.[0m
[32m[I 2022-04-21 13:30:09,797][0m Trial 418 finished with value: 0.694091676228641 and parameters: {'n_estimators': 672, 'min_samples_split': 0.01932768860050478, 'min_samples_leaf': 0.04341474428090146, 'min_weight_fraction_leaf': 0.02103498535328429, 'max_features': 0.5995709681556574, 'bootstrap': True, 'max_samples': 0.341698542745482, 'oob_score': True}. Best is trial 322 with value: 0.694845396553984.[0m
[32m[I 2022-04-21 13:30:19,454][0m Trial 419 finished with value: 0.686150999200167 and parameters: {'n_estimators': 732, 'min_samples_split': 0.001353078415514717, 'min_samples_leaf': 0.0626420056204389, 'min_weight_fraction_leaf': 0.014388740848332766, 'max_features': 0.6303229267963216, 'bootstrap': True, 'max_samples': 0.31110743251560063, 'oob_score': True}. Best is trial 322 with value: 0.694845396553984.[0m
[32m[I 2022-04-21 13:30:27,291][0m Trial 420 finished with value: 0.6930984901481886 and parameters: {'n_estimators': 670, 'min_samples_split': 0.016500670667049532, 'min_samples_leaf': 0.04397014316239931, 'min_weight_fraction_leaf': 0.0255562127183241, 'max_features': 0.5605918042690102, 'bootstrap': True, 'max_samples': 0.34984711359789294, 'oob_score': True}. Best is trial 322 with value: 0.694845396553984.[0m
[32m[I 2022-04-21 13:30:36,937][0m Trial 421 finished with value: 0.6931464925662716 and parameters: {'n_estimators': 824, 'min_samples_split': 0.02338322119731969, 'min_samples_leaf': 0.05074222050160539, 'min_weight_fraction_leaf': 0.0013950012054461192, 'max_features': 0.5806713444449587, 'bootstrap': True, 'max_samples': 0.2446996539683639, 'oob_score': True}. Best is trial 322 with value: 0.694845396553984.[0m
[32m[I 2022-04-21 13:30:46,585][0m Trial 422 finished with value: 0.6886482869713746 and parameters: {'n_estimators': 701, 'min_samples_split': 0.05157247208785278, 'min_samples_leaf': 0.038946521086927643, 'min_weight_fraction_leaf': 0.019883225643924998, 'max_features': 0.6066127489826869, 'bootstrap': True, 'max_samples': 0.2916976208384989, 'oob_score': True}. Best is trial 322 with value: 0.694845396553984.[0m
[32m[I 2022-04-21 13:30:56,533][0m Trial 423 finished with value: 0.6916474533970568 and parameters: {'n_estimators': 857, 'min_samples_split': 0.010912739710458752, 'min_samples_leaf': 0.05365787641052438, 'min_weight_fraction_leaf': 0.011913529701007668, 'max_features': 0.5378688691885088, 'bootstrap': True, 'max_samples': 0.33779206593477124, 'oob_score': True}. Best is trial 322 with value: 0.694845396553984.[0m
[32m[I 2022-04-21 13:31:06,010][0m Trial 424 finished with value: 0.6930702881984114 and parameters: {'n_estimators': 761, 'min_samples_split': 0.03718761218413934, 'min_samples_leaf': 0.03724550340597434, 'min_weight_fraction_leaf': 0.0297146811527299, 'max_features': 0.514609020600763, 'bootstrap': True, 'max_samples': 0.3166545040664235, 'oob_score': True}. Best is trial 322 with value: 0.694845396553984.[0m
[32m[I 2022-04-21 13:31:13,715][0m Trial 425 finished with value: 0.684258077284448 and parameters: {'n_estimators': 660, 'min_samples_split': 0.024897908430814554, 'min_samples_leaf': 0.06466234462629789, 'min_weight_fraction_leaf': 0.038409533306414986, 'max_features': 0.558127092081564, 'bootstrap': True, 'max_samples': 0.28488768320095975, 'oob_score': True}. Best is trial 322 with value: 0.694845396553984.[0m
[32m[I 2022-04-21 13:31:23,018][0m Trial 426 finished with value: 0.6826140249805841 and parameters: {'n_estimators': 708, 'min_samples_split': 0.01011320935515106, 'min_samples_leaf': 0.08126635301312612, 'min_weight_fraction_leaf': 0.02190292865653415, 'max_features': 0.5819630637143267, 'bootstrap': True, 'max_samples': 0.27142339872860866, 'oob_score': True}. Best is trial 322 with value: 0.694845396553984.[0m
[32m[I 2022-04-21 13:31:26,057][0m Trial 427 finished with value: 0.686912382190022 and parameters: {'n_estimators': 121, 'min_samples_split': 0.01940963870577956, 'min_samples_leaf': 0.046054944548395926, 'min_weight_fraction_leaf': 0.0026954873266150526, 'max_features': 0.6031334184845379, 'bootstrap': True, 'max_samples': 0.35400218913998754, 'oob_score': True}. Best is trial 322 with value: 0.694845396553984.[0m
[32m[I 2022-04-21 13:31:35,791][0m Trial 428 finished with value: 0.5 and parameters: {'n_estimators': 749, 'min_samples_split': 0.0374510507709858, 'min_samples_leaf': 0.03712866218354435, 'min_weight_fraction_leaf': 0.45325094233280416, 'max_features': 0.6324389343042918, 'bootstrap': True, 'max_samples': 0.4746566086018108, 'oob_score': True}. Best is trial 322 with value: 0.694845396553984.[0m
