[32m[I 2022-04-21 12:16:46,252][0m Trial 540 finished with value: 0.8426442432752064 and parameters: {'n_estimators': 715, 'min_samples_split': 0.2444116396013824, 'min_samples_leaf': 0.1810413327120567, 'min_weight_fraction_leaf': 0.12176752855480255, 'max_features': 0.14681597313961942, 'bootstrap': False, 'max_samples': 0.3622073908869691}. Best is trial 349 with value: 0.842952376884214.[0m
[32m[I 2022-04-21 12:16:49,869][0m Trial 541 finished with value: 0.8348302638757943 and parameters: {'n_estimators': 281, 'min_samples_split': 0.18323789277904967, 'min_samples_leaf': 0.12899057440523679, 'min_weight_fraction_leaf': 0.043516868568634785, 'max_features': 0.11973278506540817, 'bootstrap': False, 'max_samples': 0.6429739475296948}. Best is trial 349 with value: 0.842952376884214.[0m
[32m[I 2022-04-21 12:16:55,581][0m Trial 542 finished with value: 0.8427903724166675 and parameters: {'n_estimators': 653, 'min_samples_split': 0.23538177254970125, 'min_samples_leaf': 0.1568770420719515, 'min_weight_fraction_leaf': 0.1739046577043819, 'max_features': 0.0964657396475839, 'bootstrap': False, 'max_samples': 0.40825044673557787}. Best is trial 349 with value: 0.842952376884214.[0m
[32m[I 2022-04-21 12:16:58,762][0m Trial 543 finished with value: 0.8426442432752064 and parameters: {'n_estimators': 238, 'min_samples_split': 0.233216507399024, 'min_samples_leaf': 0.1671729188259699, 'min_weight_fraction_leaf': 0.2094451013086674, 'max_features': 0.0896502219826418, 'bootstrap': False, 'max_samples': 0.4685814417168612}. Best is trial 349 with value: 0.842952376884214.[0m
[32m[I 2022-04-21 12:17:01,834][0m Trial 544 finished with value: 0.8426442432752064 and parameters: {'n_estimators': 273, 'min_samples_split': 0.301024047431849, 'min_samples_leaf': 0.2083375200591308, 'min_weight_fraction_leaf': 0.026761163495827023, 'max_features': 0.3548561926392454, 'bootstrap': False, 'max_samples': 0.9812630886172269}. Best is trial 349 with value: 0.842952376884214.[0m
[32m[I 2022-04-21 12:17:04,393][0m Trial 545 finished with value: 0.8426442432752064 and parameters: {'n_estimators': 134, 'min_samples_split': 0.2979686061653806, 'min_samples_leaf': 0.18950585447938118, 'min_weight_fraction_leaf': 0.18401695981563843, 'max_features': 0.14533804074983211, 'bootstrap': False, 'max_samples': 0.9197102994545387}. Best is trial 349 with value: 0.842952376884214.[0m
[32m[I 2022-04-21 12:17:06,773][0m Trial 546 finished with value: 0.8426442432752064 and parameters: {'n_estimators': 101, 'min_samples_split': 0.3077725954366765, 'min_samples_leaf': 0.2036788440876064, 'min_weight_fraction_leaf': 0.04706612288023811, 'max_features': 0.16246679627966015, 'bootstrap': False, 'max_samples': 0.1974619443548745}. Best is trial 349 with value: 0.842952376884214.[0m
[32m[I 2022-04-21 12:17:12,908][0m Trial 547 finished with value: 0.6859234301296964 and parameters: {'n_estimators': 348, 'min_samples_split': 0.20147183084782175, 'min_samples_leaf': 0.18486621094594338, 'min_weight_fraction_leaf': 0.1627306785354993, 'max_features': 0.45252308408569425, 'bootstrap': True, 'max_samples': 0.49813512870567417, 'oob_score': True}. Best is trial 349 with value: 0.842952376884214.[0m
[32m[I 2022-04-21 12:17:17,880][0m Trial 548 finished with value: 0.8397832999475096 and parameters: {'n_estimators': 405, 'min_samples_split': 0.19799469326039018, 'min_samples_leaf': 0.09445438185094661, 'min_weight_fraction_leaf': 0.016702474753819297, 'max_features': 0.04274834720571165, 'bootstrap': False, 'max_samples': 0.6558794379438827}. Best is trial 349 with value: 0.842952376884214.[0m
[32m[I 2022-04-21 12:17:20,950][0m Trial 549 finished with value: 0.8426442432752064 and parameters: {'n_estimators': 254, 'min_samples_split': 0.0845545373089573, 'min_samples_leaf': 0.19781065357641023, 'min_weight_fraction_leaf': 0.1639458210674603, 'max_features': 0.18708794329867362, 'bootstrap': False, 'max_samples': 0.9632551421120135}. Best is trial 349 with value: 0.842952376884214.[0m
[32m[I 2022-04-21 12:17:25,279][0m Trial 550 finished with value: 0.840482246590492 and parameters: {'n_estimators': 424, 'min_samples_split': 0.253196894134754, 'min_samples_leaf': 0.11743382797663802, 'min_weight_fraction_leaf': 0.0460361416545987, 'max_features': 0.11387141063208157, 'bootstrap': False, 'max_samples': 0.0011597385999308901}. Best is trial 349 with value: 0.842952376884214.[0m
[32m[I 2022-04-21 12:17:29,607][0m Trial 551 finished with value: 0.65 and parameters: {'n_estimators': 357, 'min_samples_split': 0.21789035755737252, 'min_samples_leaf': 0.44238512662436513, 'min_weight_fraction_leaf': 0.18737962290697724, 'max_features': 0.00090474739032919, 'bootstrap': False, 'max_samples': 0.6015318845507512}. Best is trial 349 with value: 0.842952376884214.[0m
[32m[I 2022-04-21 12:17:33,652][0m Trial 552 finished with value: 0.8426442432752064 and parameters: {'n_estimators': 280, 'min_samples_split': 0.2895337535980639, 'min_samples_leaf': 0.21641911544498482, 'min_weight_fraction_leaf': 0.1840369581998264, 'max_features': 0.17870682614886368, 'bootstrap': False, 'max_samples': 0.9589162173859036}. Best is trial 349 with value: 0.842952376884214.[0m
[32m[I 2022-04-21 12:17:36,314][0m Trial 553 finished with value: 0.8426447887564578 and parameters: {'n_estimators': 141, 'min_samples_split': 0.31295409312659667, 'min_samples_leaf': 0.17916938818397596, 'min_weight_fraction_leaf': 0.06610823072734015, 'max_features': 0.13334250807390396, 'bootstrap': False, 'max_samples': 0.15641045452022453}. Best is trial 349 with value: 0.842952376884214.[0m
[32m[I 2022-04-21 12:17:38,733][0m Trial 554 finished with value: 0.8423083212244602 and parameters: {'n_estimators': 113, 'min_samples_split': 0.32210722298103517, 'min_samples_leaf': 0.10568626056673286, 'min_weight_fraction_leaf': 0.1725598229458184, 'max_features': 0.12926459763791387, 'bootstrap': False, 'max_samples': 0.21114358764571822}. Best is trial 349 with value: 0.842952376884214.[0m
[32m[I 2022-04-21 12:17:41,821][0m Trial 555 finished with value: 0.8426442432752064 and parameters: {'n_estimators': 237, 'min_samples_split': 0.18201156300381438, 'min_samples_leaf': 0.16777788689238382, 'min_weight_fraction_leaf': 0.1962058899986343, 'max_features': 0.13371837740465167, 'bootstrap': False, 'max_samples': 0.30252846973592057}. Best is trial 349 with value: 0.842952376884214.[0m
[32m[I 2022-04-21 12:17:47,787][0m Trial 556 finished with value: 0.65 and parameters: {'n_estimators': 605, 'min_samples_split': 0.2937006969263693, 'min_samples_leaf': 0.24922653525044955, 'min_weight_fraction_leaf': 0.15332128217814764, 'max_features': 0.2951091890247484, 'bootstrap': True, 'max_samples': 0.5121205257896444, 'oob_score': False}. Best is trial 349 with value: 0.842952376884214.[0m
[32m[I 2022-04-21 12:17:52,157][0m Trial 557 finished with value: 0.8427903724166675 and parameters: {'n_estimators': 443, 'min_samples_split': 0.27022324482581234, 'min_samples_leaf': 0.17581930736962179, 'min_weight_fraction_leaf': 0.023824062181801504, 'max_features': 0.02569981951359831, 'bootstrap': False, 'max_samples': 0.2707953752533687}. Best is trial 349 with value: 0.842952376884214.[0m
[32m[I 2022-04-21 12:17:58,384][0m Trial 558 finished with value: 0.8426442432752064 and parameters: {'n_estimators': 804, 'min_samples_split': 0.20654917851900015, 'min_samples_leaf': 0.19159642051590134, 'min_weight_fraction_leaf': 0.15376905475531816, 'max_features': 0.03774315547987871, 'bootstrap': False, 'max_samples': 0.484007301059783}. Best is trial 349 with value: 0.842952376884214.[0m
[32m[I 2022-04-21 12:18:01,234][0m Trial 559 finished with value: 0.8427903724166675 and parameters: {'n_estimators': 176, 'min_samples_split': 0.21529123873096245, 'min_samples_leaf': 0.17423026624453583, 'min_weight_fraction_leaf': 0.14724518679509865, 'max_features': 0.0571719548728082, 'bootstrap': False, 'max_samples': 0.5329870892740377}. Best is trial 349 with value: 0.842952376884214.[0m
[32m[I 2022-04-21 12:18:07,232][0m Trial 560 finished with value: 0.8421627375642503 and parameters: {'n_estimators': 738, 'min_samples_split': 0.2652981298476971, 'min_samples_leaf': 0.16730428696696042, 'min_weight_fraction_leaf': 0.13659221078658873, 'max_features': 0.07641361176425679, 'bootstrap': False, 'max_samples': 0.37397232184510726}. Best is trial 349 with value: 0.842952376884214.[0m
[32m[I 2022-04-21 12:18:10,338][0m Trial 561 finished with value: 0.8381885072369828 and parameters: {'n_estimators': 229, 'min_samples_split': 0.06898483376156987, 'min_samples_leaf': 0.1588538764740446, 'min_weight_fraction_leaf': 0.11051023310880055, 'max_features': 0.19955417881136414, 'bootstrap': False, 'max_samples': 0.9384438236011695}. Best is trial 349 with value: 0.842952376884214.[0m
[32m[I 2022-04-21 12:18:12,649][0m Trial 562 finished with value: 0.8426442432752064 and parameters: {'n_estimators': 102, 'min_samples_split': 0.22013618386021236, 'min_samples_leaf': 0.13831429247710986, 'min_weight_fraction_leaf': 0.1850917664124191, 'max_features': 0.039265485046870455, 'bootstrap': False, 'max_samples': 0.9525880512135881}. Best is trial 349 with value: 0.842952376884214.[0m
[32m[I 2022-04-21 12:18:16,087][0m Trial 563 finished with value: 0.7069750683934998 and parameters: {'n_estimators': 242, 'min_samples_split': 0.2654898566228264, 'min_samples_leaf': 0.31674492513458874, 'min_weight_fraction_leaf': 0.11568412575051638, 'max_features': 0.19226057064344054, 'bootstrap': False, 'max_samples': 0.8362209834553722}. Best is trial 349 with value: 0.842952376884214.[0m
[32m[I 2022-04-21 12:18:19,455][0m Trial 564 finished with value: 0.8426442432752064 and parameters: {'n_estimators': 281, 'min_samples_split': 0.24653485718256812, 'min_samples_leaf': 0.1866512108801047, 'min_weight_fraction_leaf': 0.014592353329499335, 'max_features': 0.0042603713172851, 'bootstrap': False, 'max_samples': 0.4646739532515429}. Best is trial 349 with value: 0.842952376884214.[0m
[32m[I 2022-04-21 12:18:26,017][0m Trial 565 finished with value: 0.8426447887564578 and parameters: {'n_estimators': 811, 'min_samples_split': 0.23867164225775536, 'min_samples_leaf': 0.1679774549978249, 'min_weight_fraction_leaf': 0.17418817029587377, 'max_features': 0.22389939638660716, 'bootstrap': False, 'max_samples': 0.5072463841469355}. Best is trial 349 with value: 0.842952376884214.[0m
[32m[I 2022-04-21 12:18:28,321][0m Trial 566 finished with value: 0.8426442432752064 and parameters: {'n_estimators': 107, 'min_samples_split': 0.2823054026797555, 'min_samples_leaf': 0.20291336178941455, 'min_weight_fraction_leaf': 0.09843814200000679, 'max_features': 0.0006165641563561653, 'bootstrap': False, 'max_samples': 0.44108953314979776}. Best is trial 349 with value: 0.842952376884214.[0m
[32m[I 2022-04-21 12:18:33,774][0m Trial 567 finished with value: 0.8377143731740399 and parameters: {'n_estimators': 504, 'min_samples_split': 0.3488039150858035, 'min_samples_leaf': 0.11548083853311528, 'min_weight_fraction_leaf': 0.03207044949177143, 'max_features': 0.7881105397310576, 'bootstrap': False, 'max_samples': 0.30284711913380835}. Best is trial 349 with value: 0.842952376884214.[0m
[32m[I 2022-04-21 12:18:39,024][0m Trial 568 finished with value: 0.8368254332554039 and parameters: {'n_estimators': 526, 'min_samples_split': 0.1862325588793582, 'min_samples_leaf': 0.13594454637130102, 'min_weight_fraction_leaf': 0.03508770197477685, 'max_features': 0.06590951591411667, 'bootstrap': False, 'max_samples': 0.23707182092354306}. Best is trial 349 with value: 0.842952376884214.[0m
[32m[I 2022-04-21 12:18:43,595][0m Trial 569 finished with value: 0.8426442432752064 and parameters: {'n_estimators': 436, 'min_samples_split': 0.149497660668988, 'min_samples_leaf': 0.10821600386382482, 'min_weight_fraction_leaf': 0.1977749521031383, 'max_features': 0.12006236016244212, 'bootstrap': False, 'max_samples': 0.7009642815332211}. Best is trial 349 with value: 0.842952376884214.[0m
[32m[I 2022-04-21 12:18:48,138][0m Trial 570 finished with value: 0.8427903724166675 and parameters: {'n_estimators': 421, 'min_samples_split': 0.24834109181218153, 'min_samples_leaf': 0.17817349612006803, 'min_weight_fraction_leaf': 0.029390014908563782, 'max_features': 0.11123395874495745, 'bootstrap': False, 'max_samples': 0.3118023144944898}. Best is trial 349 with value: 0.842952376884214.[0m
[32m[I 2022-04-21 12:18:57,586][0m Trial 571 finished with value: 0.665713331163875 and parameters: {'n_estimators': 646, 'min_samples_split': 0.2293659111001695, 'min_samples_leaf': 0.18610477953155444, 'min_weight_fraction_leaf': 0.1600613537795632, 'max_features': 0.024207417458937994, 'bootstrap': True, 'max_samples': 0.4956812237996818, 'oob_score': True}. Best is trial 349 with value: 0.842952376884214.[0m
[32m[I 2022-04-21 12:19:01,320][0m Trial 572 finished with value: 0.8427903724166675 and parameters: {'n_estimators': 324, 'min_samples_split': 0.22447812310581672, 'min_samples_leaf': 0.17427460973292438, 'min_weight_fraction_leaf': 0.10172703540716414, 'max_features': 0.034248221776332764, 'bootstrap': False, 'max_samples': 0.569867829734128}. Best is trial 349 with value: 0.842952376884214.[0m
[32m[I 2022-04-21 12:19:05,359][0m Trial 573 finished with value: 0.8427903724166675 and parameters: {'n_estimators': 322, 'min_samples_split': 0.20030021878175464, 'min_samples_leaf': 0.18051796437443837, 'min_weight_fraction_leaf': 0.09014824818038664, 'max_features': 0.05701358539801955, 'bootstrap': False, 'max_samples': 0.4739332046458044}. Best is trial 349 with value: 0.842952376884214.[0m
[32m[I 2022-04-21 12:19:09,230][0m Trial 574 finished with value: 0.8426442432752064 and parameters: {'n_estimators': 333, 'min_samples_split': 0.19791220329024556, 'min_samples_leaf': 0.18246057712408922, 'min_weight_fraction_leaf': 0.0021799483508712233, 'max_features': 0.05274271188317088, 'bootstrap': False, 'max_samples': 0.4789974892703086}. Best is trial 349 with value: 0.842952376884214.[0m
[32m[I 2022-04-21 12:19:11,526][0m Trial 575 finished with value: 0.8426442432752064 and parameters: {'n_estimators': 120, 'min_samples_split': 0.3038792091526277, 'min_samples_leaf': 0.19161826781439417, 'min_weight_fraction_leaf': 0.0578144866547759, 'max_features': 0.012900979697784542, 'bootstrap': False, 'max_samples': 0.2445952214662902}. Best is trial 349 with value: 0.842952376884214.[0m
[32m[I 2022-04-21 12:19:14,827][0m Trial 576 finished with value: 0.8427903724166675 and parameters: {'n_estimators': 291, 'min_samples_split': 0.3184308273586663, 'min_samples_leaf': 0.16966698303132438, 'min_weight_fraction_leaf': 0.17753875270107458, 'max_features': 0.019021936019252984, 'bootstrap': False, 'max_samples': 0.46003346082879526}. Best is trial 349 with value: 0.842952376884214.[0m
[32m[I 2022-04-21 12:19:21,752][0m Trial 577 finished with value: 0.8421627375642503 and parameters: {'n_estimators': 757, 'min_samples_split': 0.32938715486434444, 'min_samples_leaf': 0.1625206459658058, 'min_weight_fraction_leaf': 0.16974052243431242, 'max_features': 0.17054376061834015, 'bootstrap': False, 'max_samples': 0.3962336095619808}. Best is trial 349 with value: 0.842952376884214.[0m
[32m[I 2022-04-21 12:19:24,478][0m Trial 578 finished with value: 0.8426442432752064 and parameters: {'n_estimators': 189, 'min_samples_split': 0.16099925090046924, 'min_samples_leaf': 0.14991731325376545, 'min_weight_fraction_leaf': 0.20136112109800752, 'max_features': 0.0609633865789406, 'bootstrap': False, 'max_samples': 0.7147863086181249}. Best is trial 349 with value: 0.842952376884214.[0m
[32m[I 2022-04-21 12:19:28,561][0m Trial 579 finished with value: 0.8381885072369828 and parameters: {'n_estimators': 387, 'min_samples_split': 0.20756939057500118, 'min_samples_leaf': 0.15414495403540146, 'min_weight_fraction_leaf': 0.08907777528624208, 'max_features': 0.06026292894421274, 'bootstrap': False, 'max_samples': 0.43459990804783233}. Best is trial 349 with value: 0.842952376884214.[0m
[32m[I 2022-04-21 12:19:32,455][0m Trial 580 finished with value: 0.8427903724166675 and parameters: {'n_estimators': 319, 'min_samples_split': 0.17124944188560914, 'min_samples_leaf': 0.06423885612226515, 'min_weight_fraction_leaf': 0.17906771188135495, 'max_features': 0.07370478345725322, 'bootstrap': False, 'max_samples': 0.685523127449868}. Best is trial 349 with value: 0.842952376884214.[0m
[32m[I 2022-04-21 12:19:38,131][0m Trial 581 finished with value: 0.842207155720071 and parameters: {'n_estimators': 335, 'min_samples_split': 0.19400068706614046, 'min_samples_leaf': 0.022881383796947055, 'min_weight_fraction_leaf': 0.16425715893276635, 'max_features': 0.07302406375504404, 'bootstrap': True, 'max_samples': 0.6893248732179611, 'oob_score': True}. Best is trial 349 with value: 0.842952376884214.[0m
[32m[I 2022-04-21 12:19:41,618][0m Trial 582 finished with value: 0.8426442432752064 and parameters: {'n_estimators': 275, 'min_samples_split': 0.31490153709375307, 'min_samples_leaf': 0.19520554303199594, 'min_weight_fraction_leaf': 0.07380298155134644, 'max_features': 0.15146791204570784, 'bootstrap': False, 'max_samples': 0.9866142543377614}. Best is trial 349 with value: 0.842952376884214.[0m
[32m[I 2022-04-21 12:19:44,328][0m Trial 583 finished with value: 0.8426442432752064 and parameters: {'n_estimators': 153, 'min_samples_split': 0.15821586968236076, 'min_samples_leaf': 0.08957057070673813, 'min_weight_fraction_leaf': 0.21035946901147368, 'max_features': 0.10175047450092924, 'bootstrap': False, 'max_samples': 0.6075386275445596}. Best is trial 349 with value: 0.842952376884214.[0m
[32m[I 2022-04-21 12:19:47,843][0m Trial 584 finished with value: 0.839201170342092 and parameters: {'n_estimators': 355, 'min_samples_split': 0.21308532214849005, 'min_samples_leaf': 0.15894577026623205, 'min_weight_fraction_leaf': 0.16177735258273276, 'max_features': 0.05162027143140576, 'bootstrap': False, 'max_samples': 0.46018456229964805}. Best is trial 349 with value: 0.842952376884214.[0m
[32m[I 2022-04-21 12:19:53,329][0m Trial 585 finished with value: 0.8427903724166675 and parameters: {'n_estimators': 619, 'min_samples_split': 0.29998568930229635, 'min_samples_leaf': 0.1429556793431546, 'min_weight_fraction_leaf': 0.17856473088046693, 'max_features': 0.03636173065305612, 'bootstrap': False, 'max_samples': 0.4237224608400841}. Best is trial 349 with value: 0.842952376884214.[0m
[32m[I 2022-04-21 12:19:57,466][0m Trial 586 finished with value: 0.8426442432752064 and parameters: {'n_estimators': 381, 'min_samples_split': 0.20483523000817266, 'min_samples_leaf': 0.15317222635815653, 'min_weight_fraction_leaf': 0.19051800248192757, 'max_features': 0.041168255996127355, 'bootstrap': False, 'max_samples': 0.45770656009799315}. Best is trial 349 with value: 0.842952376884214.[0m
[32m[I 2022-04-21 12:20:02,610][0m Trial 587 finished with value: 0.8417986399666695 and parameters: {'n_estimators': 592, 'min_samples_split': 0.23377947376433428, 'min_samples_leaf': 0.14844512508674554, 'min_weight_fraction_leaf': 0.22717144585622062, 'max_features': 0.22079634440828427, 'bootstrap': False, 'max_samples': 0.41984828629623994}. Best is trial 349 with value: 0.842952376884214.[0m
[32m[I 2022-04-21 12:20:07,688][0m Trial 588 finished with value: 0.835904888478637 and parameters: {'n_estimators': 474, 'min_samples_split': 0.13471062400199676, 'min_samples_leaf': 0.1374031358543615, 'min_weight_fraction_leaf': 0.007477384986894232, 'max_features': 0.6546923595235872, 'bootstrap': False, 'max_samples': 0.7548921396645496}. Best is trial 349 with value: 0.842952376884214.[0m
[32m[I 2022-04-21 12:20:12,229][0m Trial 589 finished with value: 0.8423083212244602 and parameters: {'n_estimators': 453, 'min_samples_split': 0.2879064525926584, 'min_samples_leaf': 0.16840878876066467, 'min_weight_fraction_leaf': 0.1561041540274669, 'max_features': 0.25331809369680036, 'bootstrap': False, 'max_samples': 0.4387456547556047}. Best is trial 349 with value: 0.842952376884214.[0m
[32m[I 2022-04-21 12:20:14,739][0m Trial 590 finished with value: 0.8421627375642503 and parameters: {'n_estimators': 122, 'min_samples_split': 0.3370618695380442, 'min_samples_leaf': 0.17253947268882205, 'min_weight_fraction_leaf': 0.03836498792471002, 'max_features': 0.16850848865194548, 'bootstrap': False, 'max_samples': 0.19634037185967734}. Best is trial 349 with value: 0.842952376884214.[0m
[32m[I 2022-04-21 12:20:19,209][0m Trial 591 finished with value: 0.8427903724166675 and parameters: {'n_estimators': 413, 'min_samples_split': 0.1444300545037345, 'min_samples_leaf': 0.13992752170559153, 'min_weight_fraction_leaf': 0.17925204912528947, 'max_features': 0.08498287971135535, 'bootstrap': False, 'max_samples': 0.9996328992896041}. Best is trial 349 with value: 0.842952376884214.[0m
[32m[I 2022-04-21 12:20:23,086][0m Trial 592 finished with value: 0.8427903724166675 and parameters: {'n_estimators': 348, 'min_samples_split': 0.14013659279603458, 'min_samples_leaf': 0.1761229820183267, 'min_weight_fraction_leaf': 0.16266374977719147, 'max_features': 0.05954927530870893, 'bootstrap': False, 'max_samples': 0.4760237495107084}. Best is trial 349 with value: 0.842952376884214.[0m
[32m[I 2022-04-21 12:20:28,653][0m Trial 593 finished with value: 0.8426442432752064 and parameters: {'n_estimators': 671, 'min_samples_split': 0.2534256479047672, 'min_samples_leaf': 0.1883093206698489, 'min_weight_fraction_leaf': 0.1372152320739856, 'max_features': 0.011201221913001377, 'bootstrap': False, 'max_samples': 0.3639359012830917}. Best is trial 349 with value: 0.842952376884214.[0m
