[32m[I 2022-04-21 13:14:48,263][0m Trial 325 finished with value: 0.5 and parameters: {'n_estimators': 567, 'min_samples_split': 0.037536426450568705, 'min_samples_leaf': 0.24185945190744138, 'min_weight_fraction_leaf': 0.028964135647120533, 'max_features': 0.5989956146960137, 'bootstrap': True, 'max_samples': 0.4311282614280078, 'oob_score': True}. Best is trial 322 with value: 0.694845396553984.[0m
[32m[I 2022-04-21 13:14:54,314][0m Trial 326 finished with value: 0.6824133306122345 and parameters: {'n_estimators': 526, 'min_samples_split': 0.02697852351080797, 'min_samples_leaf': 0.007962693678718278, 'min_weight_fraction_leaf': 0.04345882348339376, 'max_features': 0.646741158045301, 'bootstrap': False, 'max_samples': 0.38973209066960024}. Best is trial 322 with value: 0.694845396553984.[0m
[32m[I 2022-04-21 13:15:02,475][0m Trial 327 finished with value: 0.6865196353732209 and parameters: {'n_estimators': 573, 'min_samples_split': 0.011719539913646554, 'min_samples_leaf': 0.02777037381648632, 'min_weight_fraction_leaf': 0.019503718344431806, 'max_features': 0.5706507893900322, 'bootstrap': True, 'max_samples': 0.4229847944127437, 'oob_score': True}. Best is trial 322 with value: 0.694845396553984.[0m
[32m[I 2022-04-21 13:15:09,517][0m Trial 328 finished with value: 0.6937847247087747 and parameters: {'n_estimators': 504, 'min_samples_split': 0.027531089696397164, 'min_samples_leaf': 0.027646579339742645, 'min_weight_fraction_leaf': 0.03906335292252897, 'max_features': 0.5988511132566593, 'bootstrap': True, 'max_samples': 0.38315695429020796, 'oob_score': True}. Best is trial 322 with value: 0.694845396553984.[0m
[32m[I 2022-04-21 13:15:16,105][0m Trial 329 finished with value: 0.6165037991133889 and parameters: {'n_estimators': 546, 'min_samples_split': 0.03063926501829496, 'min_samples_leaf': 0.1536250315906608, 'min_weight_fraction_leaf': 0.040601735767631944, 'max_features': 0.6179984503099032, 'bootstrap': True, 'max_samples': 0.3837896363648159, 'oob_score': True}. Best is trial 322 with value: 0.694845396553984.[0m
[32m[I 2022-04-21 13:15:24,234][0m Trial 330 finished with value: 0.6917672997861614 and parameters: {'n_estimators': 502, 'min_samples_split': 0.05721929982925798, 'min_samples_leaf': 0.0026004050986082987, 'min_weight_fraction_leaf': 0.04798666932321542, 'max_features': 0.5950421931138632, 'bootstrap': True, 'max_samples': 0.4071167591963599, 'oob_score': True}. Best is trial 322 with value: 0.694845396553984.[0m
[32m[I 2022-04-21 13:15:33,545][0m Trial 331 finished with value: 0.6877693757113067 and parameters: {'n_estimators': 530, 'min_samples_split': 0.02091926043074916, 'min_samples_leaf': 0.02223570250541888, 'min_weight_fraction_leaf': 0.024363036219714675, 'max_features': 0.6350945771232273, 'bootstrap': True, 'max_samples': 0.362270522730771, 'oob_score': True}. Best is trial 322 with value: 0.694845396553984.[0m
[32m[I 2022-04-21 13:15:40,339][0m Trial 332 finished with value: 0.6934016020928983 and parameters: {'n_estimators': 551, 'min_samples_split': 0.040417175351470366, 'min_samples_leaf': 0.01543532063315366, 'min_weight_fraction_leaf': 0.03523934644322037, 'max_features': 0.587752519492076, 'bootstrap': True, 'max_samples': 0.3655462807606968, 'oob_score': True}. Best is trial 322 with value: 0.694845396553984.[0m
[32m[I 2022-04-21 13:15:49,782][0m Trial 333 finished with value: 0.6934696987490729 and parameters: {'n_estimators': 611, 'min_samples_split': 0.011608617693915333, 'min_samples_leaf': 0.012333344600041384, 'min_weight_fraction_leaf': 0.034573732929251026, 'max_features': 0.5851617585865122, 'bootstrap': True, 'max_samples': 0.3124587122267947, 'oob_score': True}. Best is trial 322 with value: 0.694845396553984.[0m
[32m[I 2022-04-21 13:15:58,597][0m Trial 334 finished with value: 0.6894263464565404 and parameters: {'n_estimators': 578, 'min_samples_split': 0.03791837596545451, 'min_samples_leaf': 0.0117586916371836, 'min_weight_fraction_leaf': 0.022848172329753825, 'max_features': 0.6104511073840365, 'bootstrap': True, 'max_samples': 0.2913922462607856, 'oob_score': True}. Best is trial 322 with value: 0.694845396553984.[0m
[32m[I 2022-04-21 13:16:06,787][0m Trial 335 finished with value: 0.6931226006551399 and parameters: {'n_estimators': 624, 'min_samples_split': 0.032815572552280986, 'min_samples_leaf': 0.011721901374407344, 'min_weight_fraction_leaf': 0.038610168661941405, 'max_features': 0.5956498988923055, 'bootstrap': True, 'max_samples': 0.380498647481998, 'oob_score': True}. Best is trial 322 with value: 0.694845396553984.[0m
[32m[I 2022-04-21 13:16:18,623][0m Trial 336 finished with value: 0.6847416472111411 and parameters: {'n_estimators': 714, 'min_samples_split': 0.0105426610200169, 'min_samples_leaf': 0.016106988530940648, 'min_weight_fraction_leaf': 0.01176732966757825, 'max_features': 0.6307784117439275, 'bootstrap': True, 'max_samples': 0.4006320133561668, 'oob_score': True}. Best is trial 322 with value: 0.694845396553984.[0m
[32m[I 2022-04-21 13:16:26,447][0m Trial 337 finished with value: 0.6884470466449141 and parameters: {'n_estimators': 612, 'min_samples_split': 0.043575056154891864, 'min_samples_leaf': 0.010424358260949184, 'min_weight_fraction_leaf': 0.031708870015732624, 'max_features': 0.5765423581645817, 'bootstrap': True, 'max_samples': 0.3677672337156892, 'oob_score': True}. Best is trial 322 with value: 0.694845396553984.[0m
[32m[I 2022-04-21 13:16:35,832][0m Trial 338 finished with value: 0.6903163576109569 and parameters: {'n_estimators': 607, 'min_samples_split': 0.028255244704490118, 'min_samples_leaf': 0.021717645910891564, 'min_weight_fraction_leaf': 0.034402474018390666, 'max_features': 0.60014895328618, 'bootstrap': True, 'max_samples': 0.32914421748149425, 'oob_score': True}. Best is trial 322 with value: 0.694845396553984.[0m
[32m[I 2022-04-21 13:16:45,054][0m Trial 339 finished with value: 0.6937608660694929 and parameters: {'n_estimators': 583, 'min_samples_split': 0.020415346461229188, 'min_samples_leaf': 0.012697646844960692, 'min_weight_fraction_leaf': 0.04108899289623885, 'max_features': 0.5948362509198419, 'bootstrap': True, 'max_samples': 0.3504362211972369, 'oob_score': True}. Best is trial 322 with value: 0.694845396553984.[0m
[32m[I 2022-04-21 13:16:53,841][0m Trial 340 finished with value: 0.6895152956163673 and parameters: {'n_estimators': 627, 'min_samples_split': 0.01997840167841046, 'min_samples_leaf': 0.03765173551456101, 'min_weight_fraction_leaf': 0.040108311915848925, 'max_features': 0.6133868486302342, 'bootstrap': True, 'max_samples': 0.32385611465187614, 'oob_score': True}. Best is trial 322 with value: 0.694845396553984.[0m
[32m[I 2022-04-21 13:17:03,524][0m Trial 341 finished with value: 0.6876243731891677 and parameters: {'n_estimators': 563, 'min_samples_split': 0.054368498576177156, 'min_samples_leaf': 0.02808431913347432, 'min_weight_fraction_leaf': 0.03010935022501774, 'max_features': 0.594031162493439, 'bootstrap': True, 'max_samples': 0.3772673849476361, 'oob_score': True}. Best is trial 322 with value: 0.694845396553984.[0m
[32m[I 2022-04-21 13:17:12,544][0m Trial 342 finished with value: 0.6897790931367994 and parameters: {'n_estimators': 597, 'min_samples_split': 0.03237484474575264, 'min_samples_leaf': 0.017264153666641864, 'min_weight_fraction_leaf': 0.03511484541740609, 'max_features': 0.6532754997985116, 'bootstrap': True, 'max_samples': 0.3501082518420162, 'oob_score': True}. Best is trial 322 with value: 0.694845396553984.[0m
[32m[I 2022-04-21 13:17:22,193][0m Trial 343 finished with value: 0.6866049393239646 and parameters: {'n_estimators': 545, 'min_samples_split': 0.008931336215565092, 'min_samples_leaf': 0.01053057018535368, 'min_weight_fraction_leaf': 0.007752011466367975, 'max_features': 0.6292389873625879, 'bootstrap': True, 'max_samples': 0.46519020649498616, 'oob_score': True}. Best is trial 322 with value: 0.694845396553984.[0m
[32m[I 2022-04-21 13:17:32,747][0m Trial 344 finished with value: 0.6937324122520463 and parameters: {'n_estimators': 688, 'min_samples_split': 0.0010915643199220643, 'min_samples_leaf': 0.0014362251039189574, 'min_weight_fraction_leaf': 0.04447473344337353, 'max_features': 0.5601765652259821, 'bootstrap': True, 'max_samples': 0.30877422950864497, 'oob_score': True}. Best is trial 322 with value: 0.694845396553984.[0m
[32m[I 2022-04-21 13:17:41,695][0m Trial 345 finished with value: 0.693429552175006 and parameters: {'n_estimators': 644, 'min_samples_split': 0.01701512912126507, 'min_samples_leaf': 0.0017450368353035886, 'min_weight_fraction_leaf': 0.043864823903127306, 'max_features': 0.5564018657086053, 'bootstrap': True, 'max_samples': 0.33668225889864056, 'oob_score': True}. Best is trial 322 with value: 0.694845396553984.[0m
[32m[I 2022-04-21 13:17:51,346][0m Trial 346 finished with value: 0.6882264068123483 and parameters: {'n_estimators': 643, 'min_samples_split': 0.0011912438620975963, 'min_samples_leaf': 0.021321367492673566, 'min_weight_fraction_leaf': 0.022013562770846106, 'max_features': 0.5497850708278522, 'bootstrap': True, 'max_samples': 0.34160124730475205, 'oob_score': True}. Best is trial 322 with value: 0.694845396553984.[0m
[32m[I 2022-04-21 13:18:01,220][0m Trial 347 finished with value: 0.6944793940226821 and parameters: {'n_estimators': 738, 'min_samples_split': 0.025285356663717, 'min_samples_leaf': 0.033360114803049686, 'min_weight_fraction_leaf': 0.038626780442730185, 'max_features': 0.5909169200283986, 'bootstrap': True, 'max_samples': 0.28941928685671564, 'oob_score': True}. Best is trial 322 with value: 0.694845396553984.[0m
[32m[I 2022-04-21 13:18:07,393][0m Trial 348 finished with value: 0.6851253568842065 and parameters: {'n_estimators': 629, 'min_samples_split': 0.019511176243637206, 'min_samples_leaf': 0.04431107348915593, 'min_weight_fraction_leaf': 0.0363976909811386, 'max_features': 0.5979898377047494, 'bootstrap': False, 'max_samples': 0.34944549689143084}. Best is trial 322 with value: 0.694845396553984.[0m
[32m[I 2022-04-21 13:18:16,173][0m Trial 349 finished with value: 0.6908865023890667 and parameters: {'n_estimators': 659, 'min_samples_split': 0.025771837821999884, 'min_samples_leaf': 0.034088882367892405, 'min_weight_fraction_leaf': 0.04184071215876294, 'max_features': 0.5895035676455281, 'bootstrap': True, 'max_samples': 0.2699438566955274, 'oob_score': True}. Best is trial 322 with value: 0.694845396553984.[0m
[32m[I 2022-04-21 13:18:25,470][0m Trial 350 finished with value: 0.6918222444590019 and parameters: {'n_estimators': 668, 'min_samples_split': 0.046645812287745086, 'min_samples_leaf': 0.051678580667107954, 'min_weight_fraction_leaf': 0.026376068266553875, 'max_features': 0.5566878358792504, 'bootstrap': True, 'max_samples': 0.25321239981308874, 'oob_score': True}. Best is trial 322 with value: 0.694845396553984.[0m
[32m[I 2022-04-21 13:18:35,476][0m Trial 351 finished with value: 0.5 and parameters: {'n_estimators': 753, 'min_samples_split': 0.013608431730222489, 'min_samples_leaf': 0.48836531547501194, 'min_weight_fraction_leaf': 0.016688924383773392, 'max_features': 0.6138465083173864, 'bootstrap': True, 'max_samples': 0.31049369606997984, 'oob_score': True}. Best is trial 322 with value: 0.694845396553984.[0m
[32m[I 2022-04-21 13:18:44,453][0m Trial 352 finished with value: 0.6898087104592828 and parameters: {'n_estimators': 697, 'min_samples_split': 0.033278135670933455, 'min_samples_leaf': 0.03185908430258402, 'min_weight_fraction_leaf': 0.04417451662693418, 'max_features': 0.5362179346075705, 'bootstrap': True, 'max_samples': 0.2795620759208625, 'oob_score': True}. Best is trial 322 with value: 0.694845396553984.[0m
[32m[I 2022-04-21 13:18:54,088][0m Trial 353 finished with value: 0.6930141361665265 and parameters: {'n_estimators': 774, 'min_samples_split': 0.021185964111641906, 'min_samples_leaf': 0.024252692014907762, 'min_weight_fraction_leaf': 0.04851934807222558, 'max_features': 0.5870420179135812, 'bootstrap': True, 'max_samples': 0.3278893411870973, 'oob_score': True}. Best is trial 322 with value: 0.694845396553984.[0m
[32m[I 2022-04-21 13:19:04,763][0m Trial 354 finished with value: 0.6900702604572193 and parameters: {'n_estimators': 678, 'min_samples_split': 0.02128369562222541, 'min_samples_leaf': 0.018048729564167584, 'min_weight_fraction_leaf': 0.03877551593081523, 'max_features': 0.6388530906060191, 'bootstrap': True, 'max_samples': 0.30955889096514266, 'oob_score': True}. Best is trial 322 with value: 0.694845396553984.[0m
[32m[I 2022-04-21 13:19:13,356][0m Trial 355 finished with value: 0.6934013502252289 and parameters: {'n_estimators': 703, 'min_samples_split': 0.01454229081290429, 'min_samples_leaf': 0.03870849751013858, 'min_weight_fraction_leaf': 0.05114485765907579, 'max_features': 0.5890810583224436, 'bootstrap': True, 'max_samples': 0.3346003195410049, 'oob_score': True}. Best is trial 322 with value: 0.694845396553984.[0m
[32m[I 2022-04-21 13:19:23,835][0m Trial 356 finished with value: 0.6855651559110774 and parameters: {'n_estimators': 839, 'min_samples_split': 0.0141356997132287, 'min_samples_leaf': 0.055382894685559916, 'min_weight_fraction_leaf': 0.02971344617113916, 'max_features': 0.6735013513857284, 'bootstrap': True, 'max_samples': 0.3301274496507323, 'oob_score': True}. Best is trial 322 with value: 0.694845396553984.[0m
[32m[I 2022-04-21 13:19:33,632][0m Trial 357 finished with value: 0.6902490618713877 and parameters: {'n_estimators': 725, 'min_samples_split': 0.0014381011930031662, 'min_samples_leaf': 0.04081908095753706, 'min_weight_fraction_leaf': 0.0470380536510086, 'max_features': 0.605859566676385, 'bootstrap': True, 'max_samples': 0.3391925833814757, 'oob_score': True}. Best is trial 322 with value: 0.694845396553984.[0m
[32m[I 2022-04-21 13:19:42,710][0m Trial 358 finished with value: 0.6930420862486343 and parameters: {'n_estimators': 793, 'min_samples_split': 0.044359977277835826, 'min_samples_leaf': 0.03753487044356707, 'min_weight_fraction_leaf': 0.04975640893482479, 'max_features': 0.5893423901030106, 'bootstrap': True, 'max_samples': 0.30436211274452535, 'oob_score': True}. Best is trial 322 with value: 0.694845396553984.[0m
[32m[I 2022-04-21 13:19:53,026][0m Trial 359 finished with value: 0.6881991638155502 and parameters: {'n_estimators': 795, 'min_samples_split': 0.04212022180545403, 'min_samples_leaf': 0.04509128206069151, 'min_weight_fraction_leaf': 0.04789926613508784, 'max_features': 0.6218976375981402, 'bootstrap': True, 'max_samples': 0.2904653573705968, 'oob_score': True}. Best is trial 322 with value: 0.694845396553984.[0m
[32m[I 2022-04-21 13:20:05,082][0m Trial 360 finished with value: 0.6926830741397091 and parameters: {'n_estimators': 797, 'min_samples_split': 0.05962925455954604, 'min_samples_leaf': 0.030235471593035544, 'min_weight_fraction_leaf': 0.03560112745817229, 'max_features': 0.5914443325884966, 'bootstrap': True, 'max_samples': 0.3133404341278308, 'oob_score': True}. Best is trial 322 with value: 0.694845396553984.[0m
[32m[I 2022-04-21 13:20:18,001][0m Trial 361 finished with value: 0.6941762820779724 and parameters: {'n_estimators': 873, 'min_samples_split': 0.02928398162712063, 'min_samples_leaf': 0.047441829351117806, 'min_weight_fraction_leaf': 0.035466730741389334, 'max_features': 0.5957296900977664, 'bootstrap': True, 'max_samples': 0.31359816203539215, 'oob_score': True}. Best is trial 322 with value: 0.694845396553984.[0m
[32m[I 2022-04-21 13:20:27,286][0m Trial 362 finished with value: 0.686150999200167 and parameters: {'n_estimators': 774, 'min_samples_split': 0.06727105088226651, 'min_samples_leaf': 0.06628922172614145, 'min_weight_fraction_leaf': 0.018635988045070384, 'max_features': 0.6007300059888927, 'bootstrap': True, 'max_samples': 0.3126434184584395, 'oob_score': True}. Best is trial 322 with value: 0.694845396553984.[0m
[32m[I 2022-04-21 13:20:39,122][0m Trial 363 finished with value: 0.6897617278137846 and parameters: {'n_estimators': 920, 'min_samples_split': 0.056728926482899206, 'min_samples_leaf': 0.04132094753995666, 'min_weight_fraction_leaf': 0.033396174667014354, 'max_features': 0.6299339966130385, 'bootstrap': True, 'max_samples': 0.256065905770224, 'oob_score': True}. Best is trial 322 with value: 0.694845396553984.[0m
[32m[I 2022-04-21 13:20:50,643][0m Trial 364 finished with value: 0.6933092195434349 and parameters: {'n_estimators': 883, 'min_samples_split': 0.044797121640851006, 'min_samples_leaf': 0.05190697675800573, 'min_weight_fraction_leaf': 0.027567555454535445, 'max_features': 0.5892086030545253, 'bootstrap': True, 'max_samples': 0.3606290394418071, 'oob_score': True}. Best is trial 322 with value: 0.694845396553984.[0m
[32m[I 2022-04-21 13:21:02,172][0m Trial 365 finished with value: 0.6853581087804362 and parameters: {'n_estimators': 834, 'min_samples_split': 0.0425357586908486, 'min_samples_leaf': 0.0562793412614981, 'min_weight_fraction_leaf': 0.028367660847121133, 'max_features': 0.6464892774492269, 'bootstrap': True, 'max_samples': 0.36395667900076417, 'oob_score': True}. Best is trial 322 with value: 0.694845396553984.[0m
[32m[I 2022-04-21 13:21:16,092][0m Trial 366 finished with value: 0.6896833401495484 and parameters: {'n_estimators': 883, 'min_samples_split': 0.03070601375406751, 'min_samples_leaf': 0.04778900029122626, 'min_weight_fraction_leaf': 0.012167641046302274, 'max_features': 0.612589678554233, 'bootstrap': True, 'max_samples': 0.20771086551402346, 'oob_score': True}. Best is trial 322 with value: 0.694845396553984.[0m
[32m[I 2022-04-21 13:21:26,059][0m Trial 367 finished with value: 0.6913445933200164 and parameters: {'n_estimators': 747, 'min_samples_split': 0.02258651429145235, 'min_samples_leaf': 0.053206480191379774, 'min_weight_fraction_leaf': 0.04953116441779819, 'max_features': 0.5877540652212095, 'bootstrap': True, 'max_samples': 0.34928927642201146, 'oob_score': True}. Best is trial 322 with value: 0.694845396553984.[0m
[32m[I 2022-04-21 13:21:36,115][0m Trial 368 finished with value: 0.6891585191310309 and parameters: {'n_estimators': 701, 'min_samples_split': 0.04820791230088919, 'min_samples_leaf': 0.06974626019800789, 'min_weight_fraction_leaf': 0.0417102070797934, 'max_features': 0.6070574483580696, 'bootstrap': True, 'max_samples': 0.3830723673005759, 'oob_score': True}. Best is trial 322 with value: 0.694845396553984.[0m
[32m[I 2022-04-21 13:21:43,804][0m Trial 369 finished with value: 0.6873200406372726 and parameters: {'n_estimators': 898, 'min_samples_split': 0.009989176659638652, 'min_samples_leaf': 0.0635418173227499, 'min_weight_fraction_leaf': 0.004361872878788878, 'max_features': 0.2559824627253138, 'bootstrap': False, 'max_samples': 0.40747272672555035}. Best is trial 322 with value: 0.694845396553984.[0m
[32m[I 2022-04-21 13:21:56,486][0m Trial 370 finished with value: 0.6889635793362975 and parameters: {'n_estimators': 954, 'min_samples_split': 0.03690621359261126, 'min_samples_leaf': 0.05283171754553316, 'min_weight_fraction_leaf': 0.023696147146745235, 'max_features': 0.5807557866995459, 'bootstrap': True, 'max_samples': 0.3279548667675969, 'oob_score': True}. Best is trial 322 with value: 0.694845396553984.[0m
[32m[I 2022-04-21 13:22:05,882][0m Trial 371 finished with value: 0.5 and parameters: {'n_estimators': 742, 'min_samples_split': 0.019883285793717446, 'min_samples_leaf': 0.3083800335325964, 'min_weight_fraction_leaf': 0.05028061013346481, 'max_features': 0.5633739494029095, 'bootstrap': True, 'max_samples': 0.3667052535557371, 'oob_score': True}. Best is trial 322 with value: 0.694845396553984.[0m
[32m[I 2022-04-21 13:22:18,221][0m Trial 372 finished with value: 0.6894306657869672 and parameters: {'n_estimators': 854, 'min_samples_split': 0.024922031253813003, 'min_samples_leaf': 0.03750546243600183, 'min_weight_fraction_leaf': 0.038177020869250226, 'max_features': 0.6202082696156258, 'bootstrap': True, 'max_samples': 0.29720655879003877, 'oob_score': True}. Best is trial 322 with value: 0.694845396553984.[0m
[32m[I 2022-04-21 13:22:25,667][0m Trial 373 finished with value: 0.5 and parameters: {'n_estimators': 595, 'min_samples_split': 0.03572285990950978, 'min_samples_leaf': 0.2827856973422732, 'min_weight_fraction_leaf': 0.026500924640379474, 'max_features': 0.5920348865790253, 'bootstrap': True, 'max_samples': 0.3405492934865433, 'oob_score': True}. Best is trial 322 with value: 0.694845396553984.[0m
[32m[I 2022-04-21 13:22:36,222][0m Trial 374 finished with value: 0.6917878096553944 and parameters: {'n_estimators': 668, 'min_samples_split': 0.011922141964555016, 'min_samples_leaf': 0.043987486901151854, 'min_weight_fraction_leaf': 0.05019630522507061, 'max_features': 0.5630165860700704, 'bootstrap': True, 'max_samples': 0.3973164651128166, 'oob_score': True}. Best is trial 322 with value: 0.694845396553984.[0m
[32m[I 2022-04-21 13:22:44,624][0m Trial 375 finished with value: 0.5 and parameters: {'n_estimators': 644, 'min_samples_split': 0.027662373391697956, 'min_samples_leaf': 0.46708940918643416, 'min_weight_fraction_leaf': 0.039224622514027085, 'max_features': 0.5855157927107961, 'bootstrap': True, 'max_samples': 0.37379188143945824, 'oob_score': True}. Best is trial 322 with value: 0.694845396553984.[0m
[32m[I 2022-04-21 13:22:55,108][0m Trial 376 finished with value: 0.6898199466754308 and parameters: {'n_estimators': 778, 'min_samples_split': 0.04399142829209007, 'min_samples_leaf': 0.03360572335934084, 'min_weight_fraction_leaf': 0.05184871533849902, 'max_features': 0.6601567747156807, 'bootstrap': True, 'max_samples': 0.27924245819967924, 'oob_score': True}. Best is trial 322 with value: 0.694845396553984.[0m
