[32m[I 2022-04-21 12:05:15,223][0m Trial 378 finished with value: 0.8379135987673221 and parameters: {'n_estimators': 750, 'min_samples_split': 0.2415322313158943, 'min_samples_leaf': 0.15701414067837732, 'min_weight_fraction_leaf': 0.12275228864784647, 'max_features': 0.5010388338600197, 'bootstrap': False, 'max_samples': 0.42019738545744034}. Best is trial 349 with value: 0.842952376884214.[0m
[32m[I 2022-04-21 12:05:19,289][0m Trial 379 finished with value: 0.8403366629302822 and parameters: {'n_estimators': 356, 'min_samples_split': 0.1760779571887681, 'min_samples_leaf': 0.10402283726934292, 'min_weight_fraction_leaf': 0.020815822531578584, 'max_features': 0.0007708359686521369, 'bootstrap': False, 'max_samples': 0.7808865343965279}. Best is trial 349 with value: 0.842952376884214.[0m
[32m[I 2022-04-21 12:05:25,664][0m Trial 380 finished with value: 0.8426442432752064 and parameters: {'n_estimators': 798, 'min_samples_split': 0.29702595524878134, 'min_samples_leaf': 0.12793339388861444, 'min_weight_fraction_leaf': 0.20190658919676327, 'max_features': 0.18055973102076722, 'bootstrap': False, 'max_samples': 0.8458312018859905}. Best is trial 349 with value: 0.842952376884214.[0m
[32m[I 2022-04-21 12:05:29,287][0m Trial 381 finished with value: 0.8423083212244602 and parameters: {'n_estimators': 263, 'min_samples_split': 0.2749501181324928, 'min_samples_leaf': 0.16747400203946372, 'min_weight_fraction_leaf': 0.04020226414900734, 'max_features': 0.20044033568629926, 'bootstrap': False, 'max_samples': 0.5238967351014414}. Best is trial 349 with value: 0.842952376884214.[0m
[32m[I 2022-04-21 12:05:32,218][0m Trial 382 finished with value: 0.8380976564036793 and parameters: {'n_estimators': 172, 'min_samples_split': 0.1604296534998046, 'min_samples_leaf': 0.11947175540402351, 'min_weight_fraction_leaf': 0.11489528810129238, 'max_features': 0.017283156874423278, 'bootstrap': False, 'max_samples': 0.38839096534885625}. Best is trial 349 with value: 0.842952376884214.[0m
[32m[I 2022-04-21 12:05:37,033][0m Trial 383 finished with value: 0.8426442432752064 and parameters: {'n_estimators': 536, 'min_samples_split': 0.22775959056141387, 'min_samples_leaf': 0.1843783152706926, 'min_weight_fraction_leaf': 0.1489499104172295, 'max_features': 0.10201974984999429, 'bootstrap': False, 'max_samples': 0.5017663244108574}. Best is trial 349 with value: 0.842952376884214.[0m
[32m[I 2022-04-21 12:05:40,201][0m Trial 384 finished with value: 0.8423083212244602 and parameters: {'n_estimators': 244, 'min_samples_split': 0.2670970100211245, 'min_samples_leaf': 0.17351302692285345, 'min_weight_fraction_leaf': 0.027157016325268003, 'max_features': 0.15972948575863927, 'bootstrap': False, 'max_samples': 0.5102661006668079}. Best is trial 349 with value: 0.842952376884214.[0m
[32m[I 2022-04-21 12:05:44,553][0m Trial 385 finished with value: 0.65 and parameters: {'n_estimators': 362, 'min_samples_split': 0.1538281384890437, 'min_samples_leaf': 0.1907493653092293, 'min_weight_fraction_leaf': 0.13700750883691634, 'max_features': 0.04844364688396849, 'bootstrap': True, 'max_samples': 0.3674527010789719, 'oob_score': False}. Best is trial 349 with value: 0.842952376884214.[0m
[32m[I 2022-04-21 12:05:48,116][0m Trial 386 finished with value: 0.8426442432752064 and parameters: {'n_estimators': 305, 'min_samples_split': 0.2985571652015123, 'min_samples_leaf': 0.1964592748989925, 'min_weight_fraction_leaf': 0.0009395761270464889, 'max_features': 0.03497862273350792, 'bootstrap': False, 'max_samples': 0.4564264291039105}. Best is trial 349 with value: 0.842952376884214.[0m
[32m[I 2022-04-21 12:05:51,158][0m Trial 387 finished with value: 0.8426442432752064 and parameters: {'n_estimators': 212, 'min_samples_split': 0.17718105857956634, 'min_samples_leaf': 0.18155090205188518, 'min_weight_fraction_leaf': 0.17237969910293172, 'max_features': 0.05208547916084788, 'bootstrap': False, 'max_samples': 0.6105466504085417}. Best is trial 349 with value: 0.842952376884214.[0m
[32m[I 2022-04-21 12:05:57,142][0m Trial 388 finished with value: 0.8355169745378828 and parameters: {'n_estimators': 569, 'min_samples_split': 0.27841959639779235, 'min_samples_leaf': 0.12843525398986413, 'min_weight_fraction_leaf': 0.00954581471334789, 'max_features': 0.022327966232452066, 'bootstrap': False, 'max_samples': 0.7586507811733822}. Best is trial 349 with value: 0.842952376884214.[0m
[32m[I 2022-04-21 12:05:59,873][0m Trial 389 finished with value: 0.839201170342092 and parameters: {'n_estimators': 215, 'min_samples_split': 0.23095953373629646, 'min_samples_leaf': 0.16137971270683135, 'min_weight_fraction_leaf': 0.15338678063546526, 'max_features': 0.07944428090932168, 'bootstrap': False, 'max_samples': 0.425405759636942}. Best is trial 349 with value: 0.842952376884214.[0m
[32m[I 2022-04-21 12:06:05,058][0m Trial 390 finished with value: 0.8359698164988536 and parameters: {'n_estimators': 564, 'min_samples_split': 0.28674881925585644, 'min_samples_leaf': 0.1449860906659106, 'min_weight_fraction_leaf': 0.10502480257552874, 'max_features': 0.12924833854077866, 'bootstrap': False, 'max_samples': 0.745715460088803}. Best is trial 349 with value: 0.842952376884214.[0m
[32m[I 2022-04-21 12:06:10,912][0m Trial 391 finished with value: 0.8426442432752064 and parameters: {'n_estimators': 710, 'min_samples_split': 0.24274784973524144, 'min_samples_leaf': 0.2070520343335563, 'min_weight_fraction_leaf': 0.07115943726000407, 'max_features': 0.06479130186939491, 'bootstrap': False, 'max_samples': 0.4178829885876619}. Best is trial 349 with value: 0.842952376884214.[0m
[32m[I 2022-04-21 12:06:13,706][0m Trial 392 finished with value: 0.8427903724166675 and parameters: {'n_estimators': 183, 'min_samples_split': 0.24919975150438695, 'min_samples_leaf': 0.17399957449705306, 'min_weight_fraction_leaf': 0.03726243757753103, 'max_features': 0.09106399519575817, 'bootstrap': False, 'max_samples': 0.6610685603510688}. Best is trial 349 with value: 0.842952376884214.[0m
[32m[I 2022-04-21 12:06:18,811][0m Trial 393 finished with value: 0.8426442432752064 and parameters: {'n_estimators': 515, 'min_samples_split': 0.2105734894158296, 'min_samples_leaf': 0.18413029867428632, 'min_weight_fraction_leaf': 0.12165077950828115, 'max_features': 0.10583956007286177, 'bootstrap': False, 'max_samples': 0.467007195854893}. Best is trial 349 with value: 0.842952376884214.[0m
[32m[I 2022-04-21 12:06:22,697][0m Trial 394 finished with value: 0.8427903724166675 and parameters: {'n_estimators': 388, 'min_samples_split': 0.31623821999395235, 'min_samples_leaf': 0.155386217837059, 'min_weight_fraction_leaf': 0.17856511980838569, 'max_features': 0.025741068029285233, 'bootstrap': False, 'max_samples': 0.45705511146570005}. Best is trial 349 with value: 0.842952376884214.[0m
[32m[I 2022-04-21 12:06:25,148][0m Trial 395 finished with value: 0.839201170342092 and parameters: {'n_estimators': 114, 'min_samples_split': 0.3443294782129101, 'min_samples_leaf': 0.1613612678252867, 'min_weight_fraction_leaf': 0.15966154387269532, 'max_features': 0.08568313083105185, 'bootstrap': False, 'max_samples': 0.32723446644367166}. Best is trial 349 with value: 0.842952376884214.[0m
[32m[I 2022-04-21 12:06:30,957][0m Trial 396 finished with value: 0.7388475120193162 and parameters: {'n_estimators': 354, 'min_samples_split': 0.1947512395850114, 'min_samples_leaf': 0.14164194722629037, 'min_weight_fraction_leaf': 0.16520722392292958, 'max_features': 0.0007304072628921895, 'bootstrap': True, 'max_samples': 0.5802551436848609, 'oob_score': True}. Best is trial 349 with value: 0.842952376884214.[0m
[32m[I 2022-04-21 12:06:36,212][0m Trial 397 finished with value: 0.839201170342092 and parameters: {'n_estimators': 688, 'min_samples_split': 0.25649939823672874, 'min_samples_leaf': 0.1655295808013606, 'min_weight_fraction_leaf': 0.1342463155713888, 'max_features': 0.06182224308154763, 'bootstrap': False, 'max_samples': 0.48118907281744017}. Best is trial 349 with value: 0.842952376884214.[0m
[32m[I 2022-04-21 12:06:40,683][0m Trial 398 finished with value: 0.7318450474400788 and parameters: {'n_estimators': 485, 'min_samples_split': 0.19889676067104975, 'min_samples_leaf': 0.18919351188410102, 'min_weight_fraction_leaf': 0.268070902797225, 'max_features': 0.10294060019468197, 'bootstrap': False, 'max_samples': 0.8039484252666483}. Best is trial 349 with value: 0.842952376884214.[0m
[32m[I 2022-04-21 12:06:44,115][0m Trial 399 finished with value: 0.8427903724166675 and parameters: {'n_estimators': 278, 'min_samples_split': 0.25387888600941727, 'min_samples_leaf': 0.17681002620037584, 'min_weight_fraction_leaf': 0.053301615034042335, 'max_features': 0.14923249420697227, 'bootstrap': False, 'max_samples': 0.08161537225497528}. Best is trial 349 with value: 0.842952376884214.[0m
[32m[I 2022-04-21 12:06:48,443][0m Trial 400 finished with value: 0.8427903724166675 and parameters: {'n_estimators': 433, 'min_samples_split': 0.20981131844801496, 'min_samples_leaf': 0.14819877238671328, 'min_weight_fraction_leaf': 0.1764405334543825, 'max_features': 0.04041643608871927, 'bootstrap': False, 'max_samples': 0.7256121288915536}. Best is trial 349 with value: 0.842952376884214.[0m
[32m[I 2022-04-21 12:06:52,981][0m Trial 401 finished with value: 0.8379020197379132 and parameters: {'n_estimators': 434, 'min_samples_split': 0.3324360846339024, 'min_samples_leaf': 0.24106220323857613, 'min_weight_fraction_leaf': 0.17428740508174353, 'max_features': 0.026137399269269404, 'bootstrap': False, 'max_samples': 0.5042318128223359}. Best is trial 349 with value: 0.842952376884214.[0m
[32m[I 2022-04-21 12:06:58,290][0m Trial 402 finished with value: 0.839201170342092 and parameters: {'n_estimators': 542, 'min_samples_split': 0.22727996741345274, 'min_samples_leaf': 0.1601995390232616, 'min_weight_fraction_leaf': 0.12987677814476273, 'max_features': 0.06489760490929003, 'bootstrap': False, 'max_samples': 0.7412532280197629}. Best is trial 349 with value: 0.842952376884214.[0m
[32m[I 2022-04-21 12:07:01,845][0m Trial 403 finished with value: 0.8427903724166675 and parameters: {'n_estimators': 237, 'min_samples_split': 0.282149757744462, 'min_samples_leaf': 0.17657265946165002, 'min_weight_fraction_leaf': 0.11737161558205723, 'max_features': 0.13032307048953828, 'bootstrap': False, 'max_samples': 0.9737365524342869}. Best is trial 349 with value: 0.842952376884214.[0m
[32m[I 2022-04-21 12:07:05,854][0m Trial 404 finished with value: 0.8426442432752064 and parameters: {'n_estimators': 363, 'min_samples_split': 0.18457605819952794, 'min_samples_leaf': 0.11234191491994396, 'min_weight_fraction_leaf': 0.18902376006512506, 'max_features': 0.021067433132346935, 'bootstrap': False, 'max_samples': 0.969091753405828}. Best is trial 349 with value: 0.842952376884214.[0m
[32m[I 2022-04-21 12:07:09,358][0m Trial 405 finished with value: 0.8423083212244602 and parameters: {'n_estimators': 228, 'min_samples_split': 0.24663513876834922, 'min_samples_leaf': 0.16897185220913094, 'min_weight_fraction_leaf': 0.01690773460514161, 'max_features': 0.0006313729115099388, 'bootstrap': False, 'max_samples': 0.29402249379178796}. Best is trial 349 with value: 0.842952376884214.[0m
[32m[I 2022-04-21 12:07:13,981][0m Trial 406 finished with value: 0.8426442432752064 and parameters: {'n_estimators': 344, 'min_samples_split': 0.17373961570450053, 'min_samples_leaf': 0.11659020566355681, 'min_weight_fraction_leaf': 0.1990496526285488, 'max_features': 0.23005751488612733, 'bootstrap': False, 'max_samples': 0.5463884770698066}. Best is trial 349 with value: 0.842952376884214.[0m
[32m[I 2022-04-21 12:07:17,141][0m Trial 407 finished with value: 0.8427903724166675 and parameters: {'n_estimators': 255, 'min_samples_split': 0.2599709549000817, 'min_samples_leaf': 0.17429195289360944, 'min_weight_fraction_leaf': 0.02179458803282564, 'max_features': 0.18868403164900646, 'bootstrap': False, 'max_samples': 0.3214866133631641}. Best is trial 349 with value: 0.842952376884214.[0m
[32m[I 2022-04-21 12:07:21,421][0m Trial 408 finished with value: 0.8427903724166675 and parameters: {'n_estimators': 250, 'min_samples_split': 0.2600424724475674, 'min_samples_leaf': 0.17900317481225536, 'min_weight_fraction_leaf': 0.007504701549150549, 'max_features': 0.18555906697982313, 'bootstrap': False, 'max_samples': 0.32895661790025027}. Best is trial 349 with value: 0.842952376884214.[0m
[32m[I 2022-04-21 12:07:24,970][0m Trial 409 finished with value: 0.65 and parameters: {'n_estimators': 215, 'min_samples_split': 0.233322903690938, 'min_samples_leaf': 0.2126891686104585, 'min_weight_fraction_leaf': 0.14426368474231804, 'max_features': 0.07300877948522523, 'bootstrap': True, 'max_samples': 0.33552152150882214, 'oob_score': False}. Best is trial 349 with value: 0.842952376884214.[0m
[32m[I 2022-04-21 12:07:28,493][0m Trial 410 finished with value: 0.8426442432752064 and parameters: {'n_estimators': 267, 'min_samples_split': 0.29467884800101546, 'min_samples_leaf': 0.19408253119294894, 'min_weight_fraction_leaf': 0.04688440833452535, 'max_features': 0.047462836092256, 'bootstrap': False, 'max_samples': 0.6494933130837641}. Best is trial 349 with value: 0.842952376884214.[0m
[32m[I 2022-04-21 12:07:32,590][0m Trial 411 finished with value: 0.8426442432752064 and parameters: {'n_estimators': 338, 'min_samples_split': 0.055145093308521076, 'min_samples_leaf': 0.19556444706105638, 'min_weight_fraction_leaf': 0.1356288457708855, 'max_features': 0.26388693828854826, 'bootstrap': False, 'max_samples': 0.399883968632574}. Best is trial 349 with value: 0.842952376884214.[0m
[32m[I 2022-04-21 12:07:35,747][0m Trial 412 finished with value: 0.8426442432752064 and parameters: {'n_estimators': 205, 'min_samples_split': 0.21907235016414559, 'min_samples_leaf': 0.18329913566291686, 'min_weight_fraction_leaf': 0.1418504037686211, 'max_features': 0.07736600777186851, 'bootstrap': False, 'max_samples': 0.444901162570349}. Best is trial 349 with value: 0.842952376884214.[0m
[32m[I 2022-04-21 12:07:41,836][0m Trial 413 finished with value: 0.839201170342092 and parameters: {'n_estimators': 650, 'min_samples_split': 0.2523349650509967, 'min_samples_leaf': 0.16624241052046543, 'min_weight_fraction_leaf': 0.1038234495419896, 'max_features': 0.1669255145787362, 'bootstrap': False, 'max_samples': 0.3740312582913865}. Best is trial 349 with value: 0.842952376884214.[0m
[32m[I 2022-04-21 12:07:45,357][0m Trial 414 finished with value: 0.8423083212244602 and parameters: {'n_estimators': 301, 'min_samples_split': 0.30961240442137133, 'min_samples_leaf': 0.15385114842710287, 'min_weight_fraction_leaf': 0.1670781418828799, 'max_features': 0.04480510305475642, 'bootstrap': False, 'max_samples': 0.6766796482139844}. Best is trial 349 with value: 0.842952376884214.[0m
[32m[I 2022-04-21 12:07:52,364][0m Trial 415 finished with value: 0.8426442432752064 and parameters: {'n_estimators': 822, 'min_samples_split': 0.2940108499133701, 'min_samples_leaf': 0.20315705409666845, 'min_weight_fraction_leaf': 0.09273676192397097, 'max_features': 0.1273616806663058, 'bootstrap': False, 'max_samples': 0.5303989135173294}. Best is trial 349 with value: 0.842952376884214.[0m
[32m[I 2022-04-21 12:07:55,414][0m Trial 416 finished with value: 0.8426442432752064 and parameters: {'n_estimators': 236, 'min_samples_split': 0.004215508885172303, 'min_samples_leaf': 0.16966963071460922, 'min_weight_fraction_leaf': 0.21569291656826586, 'max_features': 0.21693822615408972, 'bootstrap': False, 'max_samples': 0.3466397545761264}. Best is trial 349 with value: 0.842952376884214.[0m
[32m[I 2022-04-21 12:08:01,260][0m Trial 417 finished with value: 0.8390215383537946 and parameters: {'n_estimators': 749, 'min_samples_split': 0.24237447185517114, 'min_samples_leaf': 0.1634696351233982, 'min_weight_fraction_leaf': 0.0033636851191305526, 'max_features': 0.14711548518862538, 'bootstrap': False, 'max_samples': 0.5201972535606026}. Best is trial 349 with value: 0.842952376884214.[0m
[32m[I 2022-04-21 12:08:07,298][0m Trial 418 finished with value: 0.839201170342092 and parameters: {'n_estimators': 668, 'min_samples_split': 0.243545588286326, 'min_samples_leaf': 0.16328810797734175, 'min_weight_fraction_leaf': 0.006665163943689354, 'max_features': 0.09380913594120767, 'bootstrap': False, 'max_samples': 0.49342320250757526}. Best is trial 349 with value: 0.842952376884214.[0m
[32m[I 2022-04-21 12:08:12,950][0m Trial 419 finished with value: 0.8426442432752064 and parameters: {'n_estimators': 632, 'min_samples_split': 0.2631246145766461, 'min_samples_leaf': 0.15420914745934663, 'min_weight_fraction_leaf': 0.1852439737808255, 'max_features': 0.1682216924850715, 'bootstrap': False, 'max_samples': 0.36174753939109877}. Best is trial 349 with value: 0.842952376884214.[0m
[32m[I 2022-04-21 12:08:17,266][0m Trial 420 finished with value: 0.65 and parameters: {'n_estimators': 248, 'min_samples_split': 0.2662494138296752, 'min_samples_leaf': 0.18725196254490187, 'min_weight_fraction_leaf': 0.030909469805390794, 'max_features': 0.19486574652406957, 'bootstrap': True, 'max_samples': 0.3533445935502076, 'oob_score': True}. Best is trial 349 with value: 0.842952376884214.[0m
[32m[I 2022-04-21 12:08:22,271][0m Trial 421 finished with value: 0.8359698164988536 and parameters: {'n_estimators': 469, 'min_samples_split': 0.19407751987723207, 'min_samples_leaf': 0.1448413990361416, 'min_weight_fraction_leaf': 0.038276718560632646, 'max_features': 0.05441486738273299, 'bootstrap': False, 'max_samples': 0.599869353708211}. Best is trial 349 with value: 0.842952376884214.[0m
[32m[I 2022-04-21 12:08:25,892][0m Trial 422 finished with value: 0.8427903724166675 and parameters: {'n_estimators': 279, 'min_samples_split': 0.25235501605322747, 'min_samples_leaf': 0.1797007311238261, 'min_weight_fraction_leaf': 0.05199095101287292, 'max_features': 0.1101131992710687, 'bootstrap': False, 'max_samples': 0.1018856998568236}. Best is trial 349 with value: 0.842952376884214.[0m
[32m[I 2022-04-21 12:08:28,580][0m Trial 423 finished with value: 0.8426442432752064 and parameters: {'n_estimators': 158, 'min_samples_split': 0.23437853799608072, 'min_samples_leaf': 0.18783529683390343, 'min_weight_fraction_leaf': 0.06848466647429184, 'max_features': 0.11234644319799787, 'bootstrap': False, 'max_samples': 0.13731181413406113}. Best is trial 349 with value: 0.842952376884214.[0m
[32m[I 2022-04-21 12:08:32,900][0m Trial 424 finished with value: 0.839201170342092 and parameters: {'n_estimators': 409, 'min_samples_split': 0.19056933270991205, 'min_samples_leaf': 0.14393216170767942, 'min_weight_fraction_leaf': 0.16398056675691264, 'max_features': 0.04026092523848977, 'bootstrap': False, 'max_samples': 0.816806616441059}. Best is trial 349 with value: 0.842952376884214.[0m
[32m[I 2022-04-21 12:08:36,631][0m Trial 425 finished with value: 0.8423083212244602 and parameters: {'n_estimators': 287, 'min_samples_split': 0.3782927166964456, 'min_samples_leaf': 0.17326168068374323, 'min_weight_fraction_leaf': 0.15620574749924412, 'max_features': 0.01945002992154713, 'bootstrap': False, 'max_samples': 0.8401038620606396}. Best is trial 349 with value: 0.842952376884214.[0m
[32m[I 2022-04-21 12:08:38,858][0m Trial 426 finished with value: 0.8426442432752064 and parameters: {'n_estimators': 126, 'min_samples_split': 0.18143977196837152, 'min_samples_leaf': 0.12653703843724698, 'min_weight_fraction_leaf': 0.18220949258593128, 'max_features': 0.06700045200621657, 'bootstrap': False, 'max_samples': 0.7206666033678611}. Best is trial 349 with value: 0.842952376884214.[0m
[32m[I 2022-04-21 12:08:42,038][0m Trial 427 finished with value: 0.839201170342092 and parameters: {'n_estimators': 222, 'min_samples_split': 0.22851885318347112, 'min_samples_leaf': 0.16312523438616014, 'min_weight_fraction_leaf': 0.1509664269395965, 'max_features': 0.09165450992394295, 'bootstrap': False, 'max_samples': 0.5814345234233964}. Best is trial 349 with value: 0.842952376884214.[0m
[32m[I 2022-04-21 12:08:48,564][0m Trial 428 finished with value: 0.8381885072369828 and parameters: {'n_estimators': 685, 'min_samples_split': 0.287904964438453, 'min_samples_leaf': 0.15355994885690474, 'min_weight_fraction_leaf': 0.12851149255719238, 'max_features': 0.08018421809551791, 'bootstrap': False, 'max_samples': 0.5426095962830744}. Best is trial 349 with value: 0.842952376884214.[0m
[32m[I 2022-04-21 12:08:51,779][0m Trial 429 finished with value: 0.8427903724166675 and parameters: {'n_estimators': 268, 'min_samples_split': 0.24679456771700092, 'min_samples_leaf': 0.17673740134033641, 'min_weight_fraction_leaf': 0.034985113679607965, 'max_features': 0.13844385567000134, 'bootstrap': False, 'max_samples': 0.4782416213508673}. Best is trial 349 with value: 0.842952376884214.[0m
[32m[I 2022-04-21 12:08:56,043][0m Trial 430 finished with value: 0.8418736494032364 and parameters: {'n_estimators': 326, 'min_samples_split': 0.14026284452836885, 'min_samples_leaf': 0.13600614278681405, 'min_weight_fraction_leaf': 0.19166869764399835, 'max_features': 0.05493001246732142, 'bootstrap': True, 'max_samples': 0.6762199384318632, 'oob_score': False}. Best is trial 349 with value: 0.842952376884214.[0m
[32m[I 2022-04-21 12:08:58,691][0m Trial 431 finished with value: 0.8426442432752064 and parameters: {'n_estimators': 204, 'min_samples_split': 0.2778650515321853, 'min_samples_leaf': 0.19577825330822599, 'min_weight_fraction_leaf': 0.08272480282460905, 'max_features': 0.13154282307821138, 'bootstrap': False, 'max_samples': 0.36997903260870724}. Best is trial 349 with value: 0.842952376884214.[0m
