[32m[I 2022-04-21 13:54:38,964][0m Trial 585 finished with value: 0.6907810842755864 and parameters: {'n_estimators': 1000, 'min_samples_split': 0.0014179222683977253, 'min_samples_leaf': 0.06855458114375193, 'min_weight_fraction_leaf': 0.07296377099655235, 'max_features': 0.43380650321361586, 'bootstrap': True, 'max_samples': 0.46804750020991787, 'oob_score': False}. Best is trial 530 with value: 0.696197846611031.[0m
[32m[I 2022-04-21 13:54:47,763][0m Trial 586 finished with value: 0.689668119826148 and parameters: {'n_estimators': 910, 'min_samples_split': 0.014977708076295379, 'min_samples_leaf': 0.02026738110989674, 'min_weight_fraction_leaf': 0.05493757153426441, 'max_features': 0.5069420777806898, 'bootstrap': True, 'max_samples': 0.4615603053286567, 'oob_score': False}. Best is trial 530 with value: 0.696197846611031.[0m
[32m[I 2022-04-21 13:54:56,255][0m Trial 587 finished with value: 0.6835878172664619 and parameters: {'n_estimators': 932, 'min_samples_split': 0.002176817387349408, 'min_samples_leaf': 0.044338994501154146, 'min_weight_fraction_leaf': 0.08498450001548707, 'max_features': 0.44129923203290033, 'bootstrap': False, 'max_samples': 0.48509726957663735}. Best is trial 530 with value: 0.696197846611031.[0m
[32m[I 2022-04-21 13:55:04,142][0m Trial 588 finished with value: 0.6947607907046526 and parameters: {'n_estimators': 931, 'min_samples_split': 0.01789723255812822, 'min_samples_leaf': 0.028560386711596317, 'min_weight_fraction_leaf': 0.06704531943305597, 'max_features': 0.4905440633424946, 'bootstrap': True, 'max_samples': 0.44000889691060835, 'oob_score': False}. Best is trial 530 with value: 0.696197846611031.[0m
[32m[I 2022-04-21 13:55:12,475][0m Trial 589 finished with value: 0.6933521886157207 and parameters: {'n_estimators': 881, 'min_samples_split': 0.018796499941795355, 'min_samples_leaf': 0.040689406291571, 'min_weight_fraction_leaf': 0.06091562224129267, 'max_features': 0.4575205020158415, 'bootstrap': True, 'max_samples': 0.43505434250787245, 'oob_score': False}. Best is trial 530 with value: 0.696197846611031.[0m
[32m[I 2022-04-21 13:55:20,377][0m Trial 590 finished with value: 0.6829520774297781 and parameters: {'n_estimators': 916, 'min_samples_split': 0.02792926926111103, 'min_samples_leaf': 0.05888785899898928, 'min_weight_fraction_leaf': 0.1437049086330771, 'max_features': 0.49107743903290835, 'bootstrap': True, 'max_samples': 0.4952907282476505, 'oob_score': False}. Best is trial 530 with value: 0.696197846611031.[0m
[32m[I 2022-04-21 13:55:27,267][0m Trial 591 finished with value: 0.5 and parameters: {'n_estimators': 857, 'min_samples_split': 0.01730150722667107, 'min_samples_leaf': 0.02481846073453173, 'min_weight_fraction_leaf': 0.41445312422059294, 'max_features': 0.5099888670289906, 'bootstrap': True, 'max_samples': 0.40726059350303095, 'oob_score': False}. Best is trial 530 with value: 0.696197846611031.[0m
[32m[I 2022-04-21 13:55:36,570][0m Trial 592 finished with value: 0.6923872044850454 and parameters: {'n_estimators': 999, 'min_samples_split': 0.0251490933330853, 'min_samples_leaf': 0.04184154928081504, 'min_weight_fraction_leaf': 0.06623767396750004, 'max_features': 0.46706371262866075, 'bootstrap': True, 'max_samples': 0.46598491817516713, 'oob_score': False}. Best is trial 530 with value: 0.696197846611031.[0m
[32m[I 2022-04-21 13:55:43,747][0m Trial 593 finished with value: 0.6864274532105019 and parameters: {'n_estimators': 940, 'min_samples_split': 0.010832975353541812, 'min_samples_leaf': 0.10703909387960142, 'min_weight_fraction_leaf': 0.08433530571307521, 'max_features': 0.4251970099013127, 'bootstrap': True, 'max_samples': 0.4397589486215814, 'oob_score': False}. Best is trial 530 with value: 0.696197846611031.[0m
[32m[I 2022-04-21 13:55:51,152][0m Trial 594 finished with value: 0.6916975338162169 and parameters: {'n_estimators': 841, 'min_samples_split': 0.018589368747199613, 'min_samples_leaf': 0.05566418741162765, 'min_weight_fraction_leaf': 0.0667921349559448, 'max_features': 0.44656949708371163, 'bootstrap': True, 'max_samples': 0.46266993095641973, 'oob_score': False}. Best is trial 530 with value: 0.696197846611031.[0m
[32m[I 2022-04-21 13:55:59,359][0m Trial 595 finished with value: 0.6910205698831949 and parameters: {'n_estimators': 898, 'min_samples_split': 0.028196823037042205, 'min_samples_leaf': 0.03183661290181834, 'min_weight_fraction_leaf': 0.052025841680592586, 'max_features': 0.48406812167705904, 'bootstrap': True, 'max_samples': 0.4514598857962896, 'oob_score': False}. Best is trial 530 with value: 0.696197846611031.[0m
[32m[I 2022-04-21 13:56:07,739][0m Trial 596 finished with value: 0.6930775188810585 and parameters: {'n_estimators': 956, 'min_samples_split': 0.010634797209668595, 'min_samples_leaf': 0.02006470825756726, 'min_weight_fraction_leaf': 0.07911195951042249, 'max_features': 0.45565692123520585, 'bootstrap': True, 'max_samples': 0.4874904320307355, 'oob_score': False}. Best is trial 530 with value: 0.696197846611031.[0m
[32m[I 2022-04-21 13:56:15,628][0m Trial 597 finished with value: 0.6947607907046526 and parameters: {'n_estimators': 869, 'min_samples_split': 0.01933442496376054, 'min_samples_leaf': 0.04067759412837824, 'min_weight_fraction_leaf': 0.06860061073196602, 'max_features': 0.4890212913019768, 'bootstrap': True, 'max_samples': 0.432292940673749, 'oob_score': False}. Best is trial 530 with value: 0.696197846611031.[0m
[32m[I 2022-04-21 13:56:23,214][0m Trial 598 finished with value: 0.6944863728376599 and parameters: {'n_estimators': 827, 'min_samples_split': 0.030109994648057005, 'min_samples_leaf': 0.05094451941925968, 'min_weight_fraction_leaf': 0.056480039572124247, 'max_features': 0.49561156597545086, 'bootstrap': True, 'max_samples': 0.42869219744823717, 'oob_score': False}. Best is trial 530 with value: 0.696197846611031.[0m
[32m[I 2022-04-21 13:56:29,725][0m Trial 599 finished with value: 0.6843924073377556 and parameters: {'n_estimators': 812, 'min_samples_split': 0.03304733646511031, 'min_samples_leaf': 0.07630803352612023, 'min_weight_fraction_leaf': 0.05231193818027087, 'max_features': 0.5077320450199765, 'bootstrap': True, 'max_samples': 0.40276686296084535, 'oob_score': False}. Best is trial 530 with value: 0.696197846611031.[0m
[32m[I 2022-04-21 13:56:37,297][0m Trial 600 finished with value: 0.6907810842755864 and parameters: {'n_estimators': 839, 'min_samples_split': 0.030315498125477448, 'min_samples_leaf': 0.06319393264595097, 'min_weight_fraction_leaf': 0.06368467857127802, 'max_features': 0.500189057708725, 'bootstrap': True, 'max_samples': 0.46045946260034293, 'oob_score': False}. Best is trial 530 with value: 0.696197846611031.[0m
[32m[I 2022-04-21 13:56:45,902][0m Trial 601 finished with value: 0.6917878096553944 and parameters: {'n_estimators': 875, 'min_samples_split': 0.021641228785601777, 'min_samples_leaf': 0.05212896834141853, 'min_weight_fraction_leaf': 0.054556814971247355, 'max_features': 0.4709680442579605, 'bootstrap': True, 'max_samples': 0.43017924961875287, 'oob_score': False}. Best is trial 530 with value: 0.696197846611031.[0m
[32m[I 2022-04-21 13:56:54,230][0m Trial 602 finished with value: 0.6933521886157207 and parameters: {'n_estimators': 816, 'min_samples_split': 0.03558872675418512, 'min_samples_leaf': 0.04695609199263845, 'min_weight_fraction_leaf': 0.05809827501335259, 'max_features': 0.494195880194308, 'bootstrap': True, 'max_samples': 0.4381189099545824, 'oob_score': False}. Best is trial 530 with value: 0.696197846611031.[0m
[32m[I 2022-04-21 13:57:01,270][0m Trial 603 finished with value: 0.5 and parameters: {'n_estimators': 866, 'min_samples_split': 0.029451517232475535, 'min_samples_leaf': 0.066086436397046, 'min_weight_fraction_leaf': 0.2498797766291409, 'max_features': 0.5157666566960615, 'bootstrap': True, 'max_samples': 0.42269835095607156, 'oob_score': False}. Best is trial 530 with value: 0.696197846611031.[0m
[32m[I 2022-04-21 13:57:09,618][0m Trial 604 finished with value: 0.6907810842755864 and parameters: {'n_estimators': 835, 'min_samples_split': 0.02032613995172089, 'min_samples_leaf': 0.0576704769669237, 'min_weight_fraction_leaf': 0.05282314411743298, 'max_features': 0.5163230854227038, 'bootstrap': True, 'max_samples': 0.4015432003886501, 'oob_score': False}. Best is trial 530 with value: 0.696197846611031.[0m
[32m[I 2022-04-21 13:57:17,943][0m Trial 605 finished with value: 0.6930493169312814 and parameters: {'n_estimators': 897, 'min_samples_split': 0.019987823145338972, 'min_samples_leaf': 0.042582552388311545, 'min_weight_fraction_leaf': 0.07947353352362169, 'max_features': 0.484632338813806, 'bootstrap': True, 'max_samples': 0.43593030053530907, 'oob_score': False}. Best is trial 530 with value: 0.696197846611031.[0m
[32m[I 2022-04-21 13:57:26,347][0m Trial 606 finished with value: 0.6940634742788638 and parameters: {'n_estimators': 851, 'min_samples_split': 0.04086939782002201, 'min_samples_leaf': 0.048934646723239356, 'min_weight_fraction_leaf': 0.0515747751192365, 'max_features': 0.43943158655570796, 'bootstrap': True, 'max_samples': 0.407639212613903, 'oob_score': False}. Best is trial 530 with value: 0.696197846611031.[0m
[32m[I 2022-04-21 13:57:35,412][0m Trial 607 finished with value: 0.6810598703278303 and parameters: {'n_estimators': 907, 'min_samples_split': 0.0011181814733386662, 'min_samples_leaf': 0.0341870766295159, 'min_weight_fraction_leaf': 0.06735767035362411, 'max_features': 0.46286149654974024, 'bootstrap': False, 'max_samples': 0.4740112496523668}. Best is trial 530 with value: 0.696197846611031.[0m
[32m[I 2022-04-21 13:57:42,811][0m Trial 608 finished with value: 0.6933521886157207 and parameters: {'n_estimators': 834, 'min_samples_split': 0.029729510313461945, 'min_samples_leaf': 0.04420104049785188, 'min_weight_fraction_leaf': 0.04558525910234389, 'max_features': 0.4961642026656561, 'bootstrap': True, 'max_samples': 0.42940442208661134, 'oob_score': False}. Best is trial 530 with value: 0.696197846611031.[0m
[32m[I 2022-04-21 13:57:48,321][0m Trial 609 finished with value: 0.5 and parameters: {'n_estimators': 813, 'min_samples_split': 0.017458284709470268, 'min_samples_leaf': 0.3183976822292952, 'min_weight_fraction_leaf': 0.06162393295369787, 'max_features': 0.5138580252103052, 'bootstrap': True, 'max_samples': 0.45035550764554094, 'oob_score': False}. Best is trial 530 with value: 0.696197846611031.[0m
[32m[I 2022-04-21 13:57:55,598][0m Trial 610 finished with value: 0.6882934876651793 and parameters: {'n_estimators': 877, 'min_samples_split': 0.026256876916389837, 'min_samples_leaf': 0.021006474486908115, 'min_weight_fraction_leaf': 0.04854195560509374, 'max_features': 0.4533912979817653, 'bootstrap': True, 'max_samples': 0.4546631218806747, 'oob_score': False}. Best is trial 530 with value: 0.696197846611031.[0m
[32m[I 2022-04-21 13:58:03,031][0m Trial 611 finished with value: 0.6897344824840249 and parameters: {'n_estimators': 915, 'min_samples_split': 0.01193641189752287, 'min_samples_leaf': 0.07024461386551756, 'min_weight_fraction_leaf': 0.076122359038648, 'max_features': 0.4908889483001418, 'bootstrap': True, 'max_samples': 0.49366706879215944, 'oob_score': False}. Best is trial 530 with value: 0.696197846611031.[0m
[32m[I 2022-04-21 13:58:10,256][0m Trial 612 finished with value: 0.6885605849888962 and parameters: {'n_estimators': 861, 'min_samples_split': 0.01115119528036741, 'min_samples_leaf': 0.05638463030572631, 'min_weight_fraction_leaf': 0.09084214737572249, 'max_features': 0.5176365379448051, 'bootstrap': True, 'max_samples': 0.42020316396292956, 'oob_score': False}. Best is trial 530 with value: 0.696197846611031.[0m
[32m[I 2022-04-21 13:58:16,440][0m Trial 613 finished with value: 0.5 and parameters: {'n_estimators': 803, 'min_samples_split': 0.01972541184303518, 'min_samples_leaf': 0.027477310177161155, 'min_weight_fraction_leaf': 0.33691280116979694, 'max_features': 0.49240378228831205, 'bootstrap': True, 'max_samples': 0.4696929262151853, 'oob_score': False}. Best is trial 530 with value: 0.696197846611031.[0m
[32m[I 2022-04-21 13:58:24,146][0m Trial 614 finished with value: 0.6934013502252289 and parameters: {'n_estimators': 909, 'min_samples_split': 0.03814729109026428, 'min_samples_leaf': 0.04071747688487757, 'min_weight_fraction_leaf': 0.0636962381296613, 'max_features': 0.4587529124402609, 'bootstrap': True, 'max_samples': 0.4023840739183474, 'oob_score': False}. Best is trial 530 with value: 0.696197846611031.[0m
[32m[I 2022-04-21 13:58:32,634][0m Trial 615 finished with value: 0.694091676228641 and parameters: {'n_estimators': 948, 'min_samples_split': 0.009510865827375207, 'min_samples_leaf': 0.018789138921128816, 'min_weight_fraction_leaf': 0.07280888064713659, 'max_features': 0.47332006427425827, 'bootstrap': True, 'max_samples': 0.48811061474589496, 'oob_score': False}. Best is trial 530 with value: 0.696197846611031.[0m
[32m[I 2022-04-21 13:58:41,463][0m Trial 616 finished with value: 0.6892624107083217 and parameters: {'n_estimators': 952, 'min_samples_split': 0.010390606278435154, 'min_samples_leaf': 0.03304087407846823, 'min_weight_fraction_leaf': 0.08698831052742809, 'max_features': 0.4258213507236351, 'bootstrap': True, 'max_samples': 0.45701902036587705, 'oob_score': False}. Best is trial 530 with value: 0.696197846611031.[0m
[32m[I 2022-04-21 13:58:49,235][0m Trial 617 finished with value: 0.5755431752947923 and parameters: {'n_estimators': 896, 'min_samples_split': 0.0012954186886718925, 'min_samples_leaf': 0.18207650942850168, 'min_weight_fraction_leaf': 0.06868638746312249, 'max_features': 0.4698672282647173, 'bootstrap': True, 'max_samples': 0.47146729007634297, 'oob_score': False}. Best is trial 530 with value: 0.696197846611031.[0m
[32m[I 2022-04-21 13:58:56,766][0m Trial 618 finished with value: 0.6685907619107101 and parameters: {'n_estimators': 932, 'min_samples_split': 0.0016237904593323785, 'min_samples_leaf': 0.02311180490956933, 'min_weight_fraction_leaf': 0.17896903597119362, 'max_features': 0.4424734242184141, 'bootstrap': True, 'max_samples': 0.43957893646942314, 'oob_score': False}. Best is trial 530 with value: 0.696197846611031.[0m
[32m[I 2022-04-21 13:59:04,522][0m Trial 619 finished with value: 0.6865827881270435 and parameters: {'n_estimators': 870, 'min_samples_split': 0.027907590317564852, 'min_samples_leaf': 0.03541357921892574, 'min_weight_fraction_leaf': 0.08073819910763026, 'max_features': 0.48654439274035755, 'bootstrap': True, 'max_samples': 0.7256464416576782, 'oob_score': False}. Best is trial 530 with value: 0.696197846611031.[0m
[32m[I 2022-04-21 13:59:11,724][0m Trial 620 finished with value: 0.6852132939874649 and parameters: {'n_estimators': 947, 'min_samples_split': 0.015593397616725698, 'min_samples_leaf': 0.01880080874502379, 'min_weight_fraction_leaf': 0.06333487470824958, 'max_features': 0.28301179527896075, 'bootstrap': True, 'max_samples': 0.4887140372840856, 'oob_score': False}. Best is trial 530 with value: 0.696197846611031.[0m
[32m[I 2022-04-21 13:59:19,371][0m Trial 621 finished with value: 0.6940634742788638 and parameters: {'n_estimators': 967, 'min_samples_split': 0.0448959531763384, 'min_samples_leaf': 0.017718414786288945, 'min_weight_fraction_leaf': 0.07222495917520778, 'max_features': 0.46334163944286355, 'bootstrap': True, 'max_samples': 0.43544927547226375, 'oob_score': False}. Best is trial 530 with value: 0.696197846611031.[0m
[32m[I 2022-04-21 13:59:25,885][0m Trial 622 finished with value: 0.6858161673047769 and parameters: {'n_estimators': 841, 'min_samples_split': 0.0010557023051172149, 'min_samples_leaf': 0.031550645664345844, 'min_weight_fraction_leaf': 0.055367140939088504, 'max_features': 0.12278246623700939, 'bootstrap': True, 'max_samples': 0.4574008392136958, 'oob_score': False}. Best is trial 530 with value: 0.696197846611031.[0m
[32m[I 2022-04-21 13:59:32,515][0m Trial 623 finished with value: 0.693408580907876 and parameters: {'n_estimators': 783, 'min_samples_split': 0.025497596623592342, 'min_samples_leaf': 0.050798112477234175, 'min_weight_fraction_leaf': 0.04743393428512433, 'max_features': 0.513089395361256, 'bootstrap': True, 'max_samples': 0.42001846548963173, 'oob_score': False}. Best is trial 530 with value: 0.696197846611031.[0m
[32m[I 2022-04-21 13:59:39,248][0m Trial 624 finished with value: 0.6911436036456691 and parameters: {'n_estimators': 818, 'min_samples_split': 0.03332330524267031, 'min_samples_leaf': 0.016820649657478422, 'min_weight_fraction_leaf': 0.07872948132442154, 'max_features': 0.4959533091423464, 'bootstrap': True, 'max_samples': 0.419108170060736, 'oob_score': False}. Best is trial 530 with value: 0.696197846611031.[0m
[32m[I 2022-04-21 13:59:45,545][0m Trial 625 finished with value: 0.5 and parameters: {'n_estimators': 899, 'min_samples_split': 0.012972823885345583, 'min_samples_leaf': 0.023049257436823987, 'min_weight_fraction_leaf': 0.2986520696815915, 'max_features': 0.4754208592662163, 'bootstrap': True, 'max_samples': 0.49284852740084323, 'oob_score': False}. Best is trial 530 with value: 0.696197846611031.[0m
[32m[I 2022-04-21 13:59:53,563][0m Trial 626 finished with value: 0.6826970482785751 and parameters: {'n_estimators': 785, 'min_samples_split': 0.02158649126988394, 'min_samples_leaf': 0.020432806804977527, 'min_weight_fraction_leaf': 0.052492051587406226, 'max_features': 0.5140209367003686, 'bootstrap': False, 'max_samples': 0.39863184979931726}. Best is trial 530 with value: 0.696197846611031.[0m
[32m[I 2022-04-21 13:59:56,156][0m Trial 627 finished with value: 0.689384984225726 and parameters: {'n_estimators': 227, 'min_samples_split': 0.01171765587575964, 'min_samples_leaf': 0.03798187940317154, 'min_weight_fraction_leaf': 0.06766881130452419, 'max_features': 0.41944341608892455, 'bootstrap': True, 'max_samples': 0.44314106685981286, 'oob_score': False}. Best is trial 530 with value: 0.696197846611031.[0m
[32m[I 2022-04-21 14:00:03,099][0m Trial 628 finished with value: 0.6885605849888962 and parameters: {'n_estimators': 861, 'min_samples_split': 0.03384044342594924, 'min_samples_leaf': 0.06059984464539575, 'min_weight_fraction_leaf': 0.08513577044258973, 'max_features': 0.5184594183098481, 'bootstrap': True, 'max_samples': 0.3956961757038227, 'oob_score': False}. Best is trial 530 with value: 0.696197846611031.[0m
[32m[I 2022-04-21 14:00:05,101][0m Trial 629 finished with value: 0.6896107979882243 and parameters: {'n_estimators': 136, 'min_samples_split': 0.02290010812249048, 'min_samples_leaf': 0.04744381693994258, 'min_weight_fraction_leaf': 0.04510254700922503, 'max_features': 0.44083132567670436, 'bootstrap': True, 'max_samples': 0.437218143998871, 'oob_score': False}. Best is trial 530 with value: 0.696197846611031.[0m
[32m[I 2022-04-21 14:00:11,762][0m Trial 630 finished with value: 0.6916917030213485 and parameters: {'n_estimators': 816, 'min_samples_split': 0.04872403246168816, 'min_samples_leaf': 0.043004823284083345, 'min_weight_fraction_leaf': 0.05553952228607363, 'max_features': 0.49848429632429814, 'bootstrap': True, 'max_samples': 0.47348154991923314, 'oob_score': False}. Best is trial 530 with value: 0.696197846611031.[0m
[32m[I 2022-04-21 14:00:19,116][0m Trial 631 finished with value: 0.6947607907046526 and parameters: {'n_estimators': 921, 'min_samples_split': 0.010316890079980438, 'min_samples_leaf': 0.03075515149436632, 'min_weight_fraction_leaf': 0.06688468979315695, 'max_features': 0.4722926145235093, 'bootstrap': True, 'max_samples': 0.45710894911564937, 'oob_score': False}. Best is trial 530 with value: 0.696197846611031.[0m
[32m[I 2022-04-21 14:00:26,828][0m Trial 632 finished with value: 0.6944227382554584 and parameters: {'n_estimators': 892, 'min_samples_split': 0.016015021819572664, 'min_samples_leaf': 0.029072475517052016, 'min_weight_fraction_leaf': 0.06269221128842835, 'max_features': 0.44626149421402767, 'bootstrap': True, 'max_samples': 0.45007466095265725, 'oob_score': False}. Best is trial 530 with value: 0.696197846611031.[0m
[32m[I 2022-04-21 14:00:33,801][0m Trial 633 finished with value: 0.6933521886157207 and parameters: {'n_estimators': 873, 'min_samples_split': 0.019115857750362893, 'min_samples_leaf': 0.0270146156758264, 'min_weight_fraction_leaf': 0.061336454198071995, 'max_features': 0.42922994367570305, 'bootstrap': True, 'max_samples': 0.4306046290297212, 'oob_score': False}. Best is trial 530 with value: 0.696197846611031.[0m
[32m[I 2022-04-21 14:00:40,306][0m Trial 634 finished with value: 0.6940634742788638 and parameters: {'n_estimators': 850, 'min_samples_split': 0.0326388290544764, 'min_samples_leaf': 0.02901516671987164, 'min_weight_fraction_leaf': 0.07459214756158493, 'max_features': 0.4509005806976476, 'bootstrap': True, 'max_samples': 0.4510730384386867, 'oob_score': False}. Best is trial 530 with value: 0.696197846611031.[0m
[32m[I 2022-04-21 14:00:46,988][0m Trial 635 finished with value: 0.6933521886157207 and parameters: {'n_estimators': 905, 'min_samples_split': 0.01106634049028235, 'min_samples_leaf': 0.015508291225268851, 'min_weight_fraction_leaf': 0.05935209530814211, 'max_features': 0.4106155112656701, 'bootstrap': True, 'max_samples': 0.42048224154638686, 'oob_score': False}. Best is trial 530 with value: 0.696197846611031.[0m
[32m[I 2022-04-21 14:00:54,626][0m Trial 636 finished with value: 0.6944227382554584 and parameters: {'n_estimators': 890, 'min_samples_split': 0.020439851305299975, 'min_samples_leaf': 0.025801597934795858, 'min_weight_fraction_leaf': 0.06756248523290002, 'max_features': 0.4444070626563744, 'bootstrap': True, 'max_samples': 0.44145524583478013, 'oob_score': False}. Best is trial 530 with value: 0.696197846611031.[0m
