[32m[I 2022-04-22 22:57:13,389][0m Trial 13 finished with value: 0.5760946282794857 and parameters: {'n_estimators': 106, 'min_samples_split': 0.21977308684896027, 'min_samples_leaf': 0.3044540001704335, 'min_weight_fraction_leaf': 0.11241614068939156, 'max_features': 0.0446672234641482, 'bootstrap': False, 'max_samples': 0.9610770825943082}. Best is trial 8 with value: 0.6216254863486079.[0m
[32m[I 2022-04-22 22:57:16,983][0m Trial 14 finished with value: 0.5911162595268726 and parameters: {'n_estimators': 134, 'min_samples_split': 0.36171466645114775, 'min_samples_leaf': 0.19849022838463093, 'min_weight_fraction_leaf': 0.28119216404373304, 'max_features': 0.3588256619341782, 'bootstrap': False, 'max_samples': 0.28421889321040433}. Best is trial 8 with value: 0.6216254863486079.[0m
[32m[I 2022-04-22 22:57:41,720][0m Trial 15 finished with value: 0.618996931797825 and parameters: {'n_estimators': 136, 'min_samples_split': 0.3732747804547553, 'min_samples_leaf': 0.0203248107376727, 'min_weight_fraction_leaf': 0.20934384668722433, 'max_features': 0.7774635771796405, 'bootstrap': False, 'max_samples': 0.5811843706162659}. Best is trial 8 with value: 0.6216254863486079.[0m
[32m[I 2022-04-22 22:57:55,083][0m Trial 16 finished with value: 0.5578810579472796 and parameters: {'n_estimators': 146, 'min_samples_split': 0.22564873523814588, 'min_samples_leaf': 0.007824935620603907, 'min_weight_fraction_leaf': 0.37460304075550155, 'max_features': 0.8349315493473637, 'bootstrap': False, 'max_samples': 0.33965847522894566}. Best is trial 8 with value: 0.6216254863486079.[0m
[32m[I 2022-04-22 22:58:44,074][0m Trial 17 finished with value: 0.6256331287109446 and parameters: {'n_estimators': 279, 'min_samples_split': 0.4000801724963986, 'min_samples_leaf': 0.06999723637310648, 'min_weight_fraction_leaf': 0.08278230534544995, 'max_features': 0.8183703488575712, 'bootstrap': False, 'max_samples': 0.5126312117152622}. Best is trial 17 with value: 0.6256331287109446.[0m
[32m[I 2022-04-22 22:58:50,214][0m Trial 18 finished with value: 0.625704629861687 and parameters: {'n_estimators': 271, 'min_samples_split': 0.40647058208492903, 'min_samples_leaf': 0.08170269428706595, 'min_weight_fraction_leaf': 0.08062547013381621, 'max_features': 0.9978852489264418, 'bootstrap': True, 'max_samples': 0.520524389107446, 'oob_score': True}. Best is trial 18 with value: 0.625704629861687.[0m
[32m[I 2022-04-22 22:58:54,903][0m Trial 19 finished with value: 0.5 and parameters: {'n_estimators': 526, 'min_samples_split': 0.4144433467797253, 'min_samples_leaf': 0.06774623305817778, 'min_weight_fraction_leaf': 0.4993411628487705, 'max_features': 0.9938351597549044, 'bootstrap': True, 'max_samples': 0.5157810924834293, 'oob_score': True}. Best is trial 18 with value: 0.625704629861687.[0m
[32m[I 2022-04-22 22:59:19,380][0m Trial 20 finished with value: 0.6452040564349562 and parameters: {'n_estimators': 284, 'min_samples_split': 0.296329904565459, 'min_samples_leaf': 0.07010305944978495, 'min_weight_fraction_leaf': 0.002975942980895402, 'max_features': 0.9080680507143835, 'bootstrap': True, 'max_samples': 0.7352114261504462, 'oob_score': True}. Best is trial 20 with value: 0.6452040564349562.[0m
[32m[I 2022-04-22 22:59:51,490][0m Trial 21 finished with value: 0.6485498429396868 and parameters: {'n_estimators': 282, 'min_samples_split': 0.28077918962773973, 'min_samples_leaf': 0.0496933389025805, 'min_weight_fraction_leaf': 0.004125304608578492, 'max_features': 0.8998908673498819, 'bootstrap': True, 'max_samples': 0.7122430907574103, 'oob_score': True}. Best is trial 21 with value: 0.6485498429396868.[0m
[32m[I 2022-04-22 22:59:57,555][0m Trial 22 finished with value: 0.5940392992720712 and parameters: {'n_estimators': 273, 'min_samples_split': 0.2690569530455737, 'min_samples_leaf': 0.17478601948660832, 'min_weight_fraction_leaf': 0.0004036330520911964, 'max_features': 0.9479145771250047, 'bootstrap': True, 'max_samples': 0.7223915263490953, 'oob_score': True}. Best is trial 21 with value: 0.6485498429396868.[0m
[32m[I 2022-04-22 23:00:47,708][0m Trial 23 finished with value: 0.6501560437225414 and parameters: {'n_estimators': 437, 'min_samples_split': 0.32141043607076436, 'min_samples_leaf': 0.05134509422048616, 'min_weight_fraction_leaf': 0.03966965489897123, 'max_features': 0.8963101755880161, 'bootstrap': True, 'max_samples': 0.8826794991100206, 'oob_score': True}. Best is trial 23 with value: 0.6501560437225414.[0m
[32m[I 2022-04-22 23:01:58,720][0m Trial 24 finished with value: 0.655166727808289 and parameters: {'n_estimators': 569, 'min_samples_split': 0.2169577756520692, 'min_samples_leaf': 0.04598112716399666, 'min_weight_fraction_leaf': 0.03475842138238185, 'max_features': 0.7256481624298378, 'bootstrap': True, 'max_samples': 0.9352281513799477, 'oob_score': True}. Best is trial 24 with value: 0.655166727808289.[0m
[32m[I 2022-04-22 23:03:45,380][0m Trial 25 finished with value: 0.6579465376285798 and parameters: {'n_estimators': 682, 'min_samples_split': 0.18436299740256173, 'min_samples_leaf': 0.038660327175040504, 'min_weight_fraction_leaf': 0.04017502819283674, 'max_features': 0.7197043713560903, 'bootstrap': True, 'max_samples': 0.9982104219588918, 'oob_score': True}. Best is trial 25 with value: 0.6579465376285798.[0m
[32m[I 2022-04-22 23:05:45,721][0m Trial 26 finished with value: 0.6456467179065779 and parameters: {'n_estimators': 933, 'min_samples_split': 0.16871981313099232, 'min_samples_leaf': 0.03415762966778082, 'min_weight_fraction_leaf': 0.14434649789714826, 'max_features': 0.7289348045941779, 'bootstrap': True, 'max_samples': 0.9966188222364576, 'oob_score': True}. Best is trial 25 with value: 0.6579465376285798.[0m
[32m[I 2022-04-22 23:06:02,192][0m Trial 27 finished with value: 0.602450333076491 and parameters: {'n_estimators': 596, 'min_samples_split': 0.1828817511581468, 'min_samples_leaf': 0.15655239381756772, 'min_weight_fraction_leaf': 0.041195657092276516, 'max_features': 0.7135947143269137, 'bootstrap': True, 'max_samples': 0.886661723058768, 'oob_score': True}. Best is trial 25 with value: 0.6579465376285798.[0m
[32m[I 2022-04-22 23:06:25,748][0m Trial 28 finished with value: 0.6373484360599356 and parameters: {'n_estimators': 635, 'min_samples_split': 0.09930606187537797, 'min_samples_leaf': 0.1029173092718276, 'min_weight_fraction_leaf': 0.17082982938447888, 'max_features': 0.44196875837407695, 'bootstrap': True, 'max_samples': 0.892109020241459, 'oob_score': True}. Best is trial 25 with value: 0.6579465376285798.[0m
[32m[I 2022-04-22 23:06:29,596][0m Trial 29 finished with value: 0.566859398911533 and parameters: {'n_estimators': 454, 'min_samples_split': 0.2322857331166347, 'min_samples_leaf': 0.2867157591848476, 'min_weight_fraction_leaf': 0.03709238695618747, 'max_features': 0.6265975731226663, 'bootstrap': True, 'max_samples': 0.947616070208407, 'oob_score': False}. Best is trial 25 with value: 0.6579465376285798.[0m
[32m[I 2022-04-22 23:06:36,406][0m Trial 30 finished with value: 0.5 and parameters: {'n_estimators': 843, 'min_samples_split': 0.05488343962247583, 'min_samples_leaf': 0.3394041556015666, 'min_weight_fraction_leaf': 0.11549657503106261, 'max_features': 0.6945188023369502, 'bootstrap': True, 'max_samples': 0.821946246794808, 'oob_score': True}. Best is trial 25 with value: 0.6579465376285798.[0m
[32m[I 2022-04-22 23:07:43,632][0m Trial 31 finished with value: 0.6577146652980893 and parameters: {'n_estimators': 405, 'min_samples_split': 0.18720126732869832, 'min_samples_leaf': 0.04289768994785039, 'min_weight_fraction_leaf': 0.048104226049044366, 'max_features': 0.8690787331163518, 'bootstrap': True, 'max_samples': 0.9269061450602277, 'oob_score': True}. Best is trial 25 with value: 0.6579465376285798.[0m
[32m[I 2022-04-22 23:08:31,643][0m Trial 32 finished with value: 0.6578937738659993 and parameters: {'n_estimators': 405, 'min_samples_split': 0.1781454002690468, 'min_samples_leaf': 0.03946948624854208, 'min_weight_fraction_leaf': 0.05392817812525161, 'max_features': 0.5800001525100761, 'bootstrap': True, 'max_samples': 0.93213705002025, 'oob_score': True}. Best is trial 25 with value: 0.6579465376285798.[0m
[32m[I 2022-04-22 23:09:51,930][0m Trial 33 finished with value: 0.6579712407071671 and parameters: {'n_estimators': 692, 'min_samples_split': 0.16688097875549612, 'min_samples_leaf': 0.03987894557716011, 'min_weight_fraction_leaf': 0.071428211958031, 'max_features': 0.562744218594452, 'bootstrap': True, 'max_samples': 0.9507070184169338, 'oob_score': True}. Best is trial 33 with value: 0.6579712407071671.[0m
[32m[I 2022-04-22 23:10:24,993][0m Trial 34 finished with value: 0.6408375572893601 and parameters: {'n_estimators': 750, 'min_samples_split': 0.17524135083623313, 'min_samples_leaf': 0.09779992003310845, 'min_weight_fraction_leaf': 0.09780348593606797, 'max_features': 0.5655393566204407, 'bootstrap': True, 'max_samples': 0.8086454158394296, 'oob_score': True}. Best is trial 33 with value: 0.6579712407071671.[0m
[32m[I 2022-04-22 23:11:53,760][0m Trial 35 finished with value: 0.6622022503551481 and parameters: {'n_estimators': 374, 'min_samples_split': 0.1361260809067322, 'min_samples_leaf': 0.003556165978608139, 'min_weight_fraction_leaf': 0.056742026979261645, 'max_features': 0.6227038817095341, 'bootstrap': True, 'max_samples': 0.987253539187969, 'oob_score': True}. Best is trial 35 with value: 0.6622022503551481.[0m
[32m[I 2022-04-22 23:12:15,110][0m Trial 36 finished with value: 0.5909997735009984 and parameters: {'n_estimators': 346, 'min_samples_split': 0.11535913808839826, 'min_samples_leaf': 0.0027036308257000277, 'min_weight_fraction_leaf': 0.2649116728647255, 'max_features': 0.5574190434099415, 'bootstrap': True, 'max_samples': 0.8214751073694483, 'oob_score': True}. Best is trial 35 with value: 0.6622022503551481.[0m
[32m[I 2022-04-22 23:12:18,082][0m Trial 37 finished with value: 0.5 and parameters: {'n_estimators': 510, 'min_samples_split': 0.14253092139341716, 'min_samples_leaf': 0.415910714705569, 'min_weight_fraction_leaf': 0.16563023790695044, 'max_features': 0.47401861960423325, 'bootstrap': True, 'max_samples': 0.9881975546576208, 'oob_score': False}. Best is trial 35 with value: 0.6622022503551481.[0m
[32m[I 2022-04-22 23:12:35,674][0m Trial 38 finished with value: 0.6077714725925389 and parameters: {'n_estimators': 694, 'min_samples_split': 0.07299247447935889, 'min_samples_leaf': 0.14927405887192527, 'min_weight_fraction_leaf': 0.06459090398635642, 'max_features': 0.6065709285919775, 'bootstrap': True, 'max_samples': 0.8465534231800009, 'oob_score': True}. Best is trial 35 with value: 0.6622022503551481.[0m
[32m[I 2022-04-22 23:12:47,471][0m Trial 39 finished with value: 0.5810543647169736 and parameters: {'n_estimators': 495, 'min_samples_split': 0.14984007624612203, 'min_samples_leaf': 0.09879419774431508, 'min_weight_fraction_leaf': 0.3479229499297432, 'max_features': 0.42364122710532925, 'bootstrap': True, 'max_samples': 0.9138276037681167, 'oob_score': True}. Best is trial 35 with value: 0.6622022503551481.[0m
[32m[I 2022-04-22 23:15:29,010][0m Trial 40 finished with value: 0.6620790689454458 and parameters: {'n_estimators': 982, 'min_samples_split': 0.04418519618722233, 'min_samples_leaf': 0.02109489138680743, 'min_weight_fraction_leaf': 0.0693908438654721, 'max_features': 0.6549618041658263, 'bootstrap': True, 'max_samples': 0.7693146899364229, 'oob_score': True}. Best is trial 35 with value: 0.6622022503551481.[0m
[32m[I 2022-04-22 23:18:38,702][0m Trial 41 finished with value: 0.6639600130869646 and parameters: {'n_estimators': 994, 'min_samples_split': 0.0011177573625802684, 'min_samples_leaf': 0.02795099764446509, 'min_weight_fraction_leaf': 0.06655634307337394, 'max_features': 0.660099912575881, 'bootstrap': True, 'max_samples': 0.9841995102873915, 'oob_score': True}. Best is trial 41 with value: 0.6639600130869646.[0m
[32m[I 2022-04-22 23:20:28,888][0m Trial 42 finished with value: 0.6445761339622627 and parameters: {'n_estimators': 965, 'min_samples_split': 0.0032529542751548158, 'min_samples_leaf': 0.013849037695709526, 'min_weight_fraction_leaf': 0.1272161289790299, 'max_features': 0.6449695836588163, 'bootstrap': True, 'max_samples': 0.7625706286335534, 'oob_score': True}. Best is trial 41 with value: 0.6639600130869646.[0m
[32m[I 2022-04-22 23:22:39,177][0m Trial 43 finished with value: 0.6634132349278239 and parameters: {'n_estimators': 862, 'min_samples_split': 0.035044065774536504, 'min_samples_leaf': 0.02699429471448624, 'min_weight_fraction_leaf': 0.07425995985450418, 'max_features': 0.5045987437572913, 'bootstrap': True, 'max_samples': 0.9889698329281589, 'oob_score': True}. Best is trial 41 with value: 0.6639600130869646.[0m
[32m[I 2022-04-22 23:23:08,542][0m Trial 44 finished with value: 0.6362602113245726 and parameters: {'n_estimators': 878, 'min_samples_split': 0.03357666291807198, 'min_samples_leaf': 0.11989424597771364, 'min_weight_fraction_leaf': 0.0977291408089665, 'max_features': 0.5204293374095875, 'bootstrap': True, 'max_samples': 0.858684985070101, 'oob_score': True}. Best is trial 41 with value: 0.6639600130869646.[0m
[32m[I 2022-04-22 23:25:17,217][0m Trial 45 finished with value: 0.6557301428671616 and parameters: {'n_estimators': 833, 'min_samples_split': 0.031657673487627075, 'min_samples_leaf': 0.01590121169460551, 'min_weight_fraction_leaf': 0.07460450247148007, 'max_features': 0.651594173166603, 'bootstrap': True, 'max_samples': 0.6713528814121701, 'oob_score': True}. Best is trial 41 with value: 0.6639600130869646.[0m
[32m[I 2022-04-22 23:26:25,645][0m Trial 46 finished with value: 0.6470775248701737 and parameters: {'n_estimators': 999, 'min_samples_split': 0.07810737390890787, 'min_samples_leaf': 0.06448984804516672, 'min_weight_fraction_leaf': 0.1375864933155541, 'max_features': 0.501648728860663, 'bootstrap': True, 'max_samples': 0.96947265938582, 'oob_score': True}. Best is trial 41 with value: 0.6639600130869646.[0m
[32m[I 2022-04-22 23:27:21,260][0m Trial 47 finished with value: 0.6507366512874685 and parameters: {'n_estimators': 775, 'min_samples_split': 0.028509141137912867, 'min_samples_leaf': 0.02825190629177897, 'min_weight_fraction_leaf': 0.10240275399287635, 'max_features': 0.38298307550643695, 'bootstrap': True, 'max_samples': 0.7968472998905528, 'oob_score': False}. Best is trial 41 with value: 0.6639600130869646.[0m
[32m[I 2022-04-22 23:27:29,213][0m Trial 48 finished with value: 0.5 and parameters: {'n_estimators': 878, 'min_samples_split': 0.12106842850310298, 'min_samples_leaf': 0.09145291780770093, 'min_weight_fraction_leaf': 0.23083480603054513, 'max_features': 0.25330160534432655, 'bootstrap': True, 'max_samples': 0.014869736066197736, 'oob_score': True}. Best is trial 41 with value: 0.6639600130869646.[0m
[32m[I 2022-04-22 23:28:45,971][0m Trial 49 finished with value: 0.6357701236253559 and parameters: {'n_estimators': 693, 'min_samples_split': 0.05911340430962082, 'min_samples_leaf': 0.002868244375971475, 'min_weight_fraction_leaf': 0.16362649319355113, 'max_features': 0.6696617358978685, 'bootstrap': True, 'max_samples': 0.7650702723524798, 'oob_score': False}. Best is trial 41 with value: 0.6639600130869646.[0m
[32m[I 2022-04-22 23:28:51,884][0m Trial 50 finished with value: 0.5 and parameters: {'n_estimators': 772, 'min_samples_split': 0.09784374596750708, 'min_samples_leaf': 0.4866817221106323, 'min_weight_fraction_leaf': 0.02317420267193912, 'max_features': 0.6001622382409462, 'bootstrap': True, 'max_samples': 0.957964848522634, 'oob_score': True}. Best is trial 41 with value: 0.6639600130869646.[0m
[32m[I 2022-04-22 23:31:08,654][0m Trial 51 finished with value: 0.6593972220681332 and parameters: {'n_estimators': 611, 'min_samples_split': 0.04916993885564565, 'min_samples_leaf': 0.02916006164233993, 'min_weight_fraction_leaf': 0.0653329661250499, 'max_features': 0.7823027698026286, 'bootstrap': True, 'max_samples': 0.9904810727450913, 'oob_score': True}. Best is trial 41 with value: 0.6639600130869646.[0m
[32m[I 2022-04-22 23:33:22,840][0m Trial 52 finished with value: 0.6622141991884913 and parameters: {'n_estimators': 633, 'min_samples_split': 0.01557734724385855, 'min_samples_leaf': 0.025172253150279867, 'min_weight_fraction_leaf': 0.06738823918600623, 'max_features': 0.7800136319254496, 'bootstrap': True, 'max_samples': 0.8987959385909685, 'oob_score': True}. Best is trial 41 with value: 0.6639600130869646.[0m
[32m[I 2022-04-22 23:34:31,838][0m Trial 53 finished with value: 0.6537056873334035 and parameters: {'n_estimators': 625, 'min_samples_split': 0.01623827307450911, 'min_samples_leaf': 0.06294683606728871, 'min_weight_fraction_leaf': 0.06546499652160712, 'max_features': 0.7821942691259424, 'bootstrap': True, 'max_samples': 0.9077517429596568, 'oob_score': True}. Best is trial 41 with value: 0.6639600130869646.[0m
[32m[I 2022-04-22 23:37:01,114][0m Trial 54 finished with value: 0.6485772191013843 and parameters: {'n_estimators': 914, 'min_samples_split': 0.049544795029404065, 'min_samples_leaf': 0.023733425224869778, 'min_weight_fraction_leaf': 0.11833384348317333, 'max_features': 0.8173074791591313, 'bootstrap': True, 'max_samples': 0.8626439090229616, 'oob_score': True}. Best is trial 41 with value: 0.6639600130869646.[0m
[32m[I 2022-04-22 23:38:06,798][0m Trial 55 finished with value: 0.6495366701669989 and parameters: {'n_estimators': 815, 'min_samples_split': 0.0017610810725324638, 'min_samples_leaf': 0.08174254041760531, 'min_weight_fraction_leaf': 0.020445139615377132, 'max_features': 0.6859615013141439, 'bootstrap': True, 'max_samples': 0.9948609152232302, 'oob_score': True}. Best is trial 41 with value: 0.6639600130869646.[0m
[32m[I 2022-04-22 23:38:11,771][0m Trial 56 finished with value: 0.5 and parameters: {'n_estimators': 561, 'min_samples_split': 0.06971192613939645, 'min_samples_leaf': 0.01880317786462177, 'min_weight_fraction_leaf': 0.08857556956206375, 'max_features': 0.7844811924162034, 'bootstrap': True, 'max_samples': 0.09382149439954651, 'oob_score': True}. Best is trial 41 with value: 0.6639600130869646.[0m
[32m[I 2022-04-22 23:41:33,831][0m Trial 57 finished with value: 0.6403653820666579 and parameters: {'n_estimators': 969, 'min_samples_split': 0.04398004492719869, 'min_samples_leaf': 0.06379032581064818, 'min_weight_fraction_leaf': 0.06484396942390407, 'max_features': 0.7371035602320889, 'bootstrap': False, 'max_samples': 0.9039205195188202}. Best is trial 41 with value: 0.6639600130869646.[0m
[32m[I 2022-04-22 23:41:38,029][0m Trial 58 finished with value: 0.5841602843692281 and parameters: {'n_estimators': 238, 'min_samples_split': 0.08899085353497016, 'min_samples_leaf': 0.13619632917495952, 'min_weight_fraction_leaf': 0.08588123363470071, 'max_features': 0.7646300037688201, 'bootstrap': True, 'max_samples': 0.4510479426259189, 'oob_score': True}. Best is trial 41 with value: 0.6639600130869646.[0m
[32m[I 2022-04-22 23:41:40,417][0m Trial 59 finished with value: 0.5817610440047247 and parameters: {'n_estimators': 308, 'min_samples_split': 0.015189732862336283, 'min_samples_leaf': 0.07766754601177103, 'min_weight_fraction_leaf': 0.18264076083977268, 'max_features': 0.013903650025792524, 'bootstrap': True, 'max_samples': 0.84309965278184, 'oob_score': False}. Best is trial 41 with value: 0.6639600130869646.[0m
[32m[I 2022-04-22 23:43:17,328][0m Trial 60 finished with value: 0.6311495031364824 and parameters: {'n_estimators': 742, 'min_samples_split': 0.024554166859804428, 'min_samples_leaf': 0.11463718104741544, 'min_weight_fraction_leaf': 0.02325741489788545, 'max_features': 0.8565166786650725, 'bootstrap': False, 'max_samples': 0.9710095102164847}. Best is trial 41 with value: 0.6639600130869646.[0m
[32m[I 2022-04-22 23:44:56,939][0m Trial 61 finished with value: 0.6655169819616406 and parameters: {'n_estimators': 642, 'min_samples_split': 0.04751878825023888, 'min_samples_leaf': 0.02913163625983478, 'min_weight_fraction_leaf': 0.06837245474489875, 'max_features': 0.5347132758364901, 'bootstrap': True, 'max_samples': 0.9482955658726125, 'oob_score': True}. Best is trial 61 with value: 0.6655169819616406.[0m
[32m[I 2022-04-22 23:45:44,563][0m Trial 62 finished with value: 0.6578493188524972 and parameters: {'n_estimators': 637, 'min_samples_split': 0.03870119114044484, 'min_samples_leaf': 0.05687264877157717, 'min_weight_fraction_leaf': 0.05515217936230654, 'max_features': 0.44557986478567585, 'bootstrap': True, 'max_samples': 0.9276285484701513, 'oob_score': True}. Best is trial 61 with value: 0.6655169819616406.[0m
[32m[I 2022-04-22 23:46:03,509][0m Trial 63 finished with value: 0.588393960358907 and parameters: {'n_estimators': 474, 'min_samples_split': 0.0644914246943889, 'min_samples_leaf': 0.025079929365594254, 'min_weight_fraction_leaf': 0.3080921390197695, 'max_features': 0.5231305209842627, 'bootstrap': True, 'max_samples': 0.876398886976967, 'oob_score': True}. Best is trial 61 with value: 0.6655169819616406.[0m
[32m[I 2022-04-22 23:47:28,328][0m Trial 64 finished with value: 0.653397302003489 and parameters: {'n_estimators': 574, 'min_samples_split': 0.08334583426768957, 'min_samples_leaf': 0.029993468408396794, 'min_weight_fraction_leaf': 0.10611177281373438, 'max_features': 0.640932681451738, 'bootstrap': True, 'max_samples': 0.964504902579694, 'oob_score': True}. Best is trial 61 with value: 0.6655169819616406.[0m
[32m[I 2022-04-22 23:47:58,800][0m Trial 65 finished with value: 0.5725521660956472 and parameters: {'n_estimators': 895, 'min_samples_split': 0.12857288325997918, 'min_samples_leaf': 0.05123723158750937, 'min_weight_fraction_leaf': 0.4173281875868528, 'max_features': 0.48166960505886636, 'bootstrap': True, 'max_samples': 0.9989473353775222, 'oob_score': True}. Best is trial 61 with value: 0.6655169819616406.[0m
