[32m[I 2022-04-21 13:03:43,493][0m Trial 221 finished with value: 0.68978999149598 and parameters: {'n_estimators': 451, 'min_samples_split': 0.22243300026056592, 'min_samples_leaf': 0.009691073573751562, 'min_weight_fraction_leaf': 0.08670476794429824, 'max_features': 0.5024431138068406, 'bootstrap': True, 'max_samples': 0.5998051560427614, 'oob_score': True}. Best is trial 133 with value: 0.6927698539748809.[0m
[32m[I 2022-04-21 13:03:48,608][0m Trial 222 finished with value: 0.6918376911490542 and parameters: {'n_estimators': 418, 'min_samples_split': 0.23867974697054897, 'min_samples_leaf': 0.020109071536104334, 'min_weight_fraction_leaf': 0.09183059780785079, 'max_features': 0.5678898100294949, 'bootstrap': True, 'max_samples': 0.5502661673490704, 'oob_score': True}. Best is trial 133 with value: 0.6927698539748809.[0m
[32m[I 2022-04-21 13:03:54,130][0m Trial 223 finished with value: 0.6905624038398533 and parameters: {'n_estimators': 412, 'min_samples_split': 0.24171361294884344, 'min_samples_leaf': 0.021003568908687, 'min_weight_fraction_leaf': 0.09922922599985486, 'max_features': 0.5976886000455897, 'bootstrap': True, 'max_samples': 0.5827519292668037, 'oob_score': True}. Best is trial 133 with value: 0.6927698539748809.[0m
[32m[I 2022-04-21 13:04:00,683][0m Trial 224 finished with value: 0.6920554174645175 and parameters: {'n_estimators': 435, 'min_samples_split': 0.23126084946443434, 'min_samples_leaf': 0.002747295008859793, 'min_weight_fraction_leaf': 0.07805273057952511, 'max_features': 0.5791389606963229, 'bootstrap': True, 'max_samples': 0.5498785115640527, 'oob_score': True}. Best is trial 133 with value: 0.6927698539748809.[0m
[32m[I 2022-04-21 13:04:07,338][0m Trial 225 finished with value: 0.6920890467422488 and parameters: {'n_estimators': 440, 'min_samples_split': 0.2394298625689243, 'min_samples_leaf': 0.0013427644708277238, 'min_weight_fraction_leaf': 0.07088376815075169, 'max_features': 0.5751745064767624, 'bootstrap': True, 'max_samples': 0.5512693908485937, 'oob_score': True}. Best is trial 133 with value: 0.6927698539748809.[0m
[32m[I 2022-04-21 13:04:14,092][0m Trial 226 finished with value: 0.6873497150619046 and parameters: {'n_estimators': 429, 'min_samples_split': 0.24328447622523872, 'min_samples_leaf': 0.009550588901422942, 'min_weight_fraction_leaf': 0.0680771298938112, 'max_features': 0.5659611741529371, 'bootstrap': True, 'max_samples': 0.5401795454877503, 'oob_score': True}. Best is trial 133 with value: 0.6927698539748809.[0m
[32m[I 2022-04-21 13:04:21,087][0m Trial 227 finished with value: 0.6923867313590043 and parameters: {'n_estimators': 464, 'min_samples_split': 0.23885366810640282, 'min_samples_leaf': 0.002926186344263592, 'min_weight_fraction_leaf': 0.07405483033867467, 'max_features': 0.5775458289889749, 'bootstrap': True, 'max_samples': 0.5688247315549596, 'oob_score': True}. Best is trial 133 with value: 0.6927698539748809.[0m
[32m[I 2022-04-21 13:04:28,633][0m Trial 228 finished with value: 0.6869622491355327 and parameters: {'n_estimators': 497, 'min_samples_split': 0.2533563389150778, 'min_samples_leaf': 0.029829914205120617, 'min_weight_fraction_leaf': 0.04956224054946462, 'max_features': 0.5797551207136821, 'bootstrap': True, 'max_samples': 0.5492476121631809, 'oob_score': True}. Best is trial 133 with value: 0.6927698539748809.[0m
[32m[I 2022-04-21 13:04:34,535][0m Trial 229 finished with value: 0.692083871281964 and parameters: {'n_estimators': 458, 'min_samples_split': 0.21696743905814322, 'min_samples_leaf': 0.0030358646239601363, 'min_weight_fraction_leaf': 0.07521485570384731, 'max_features': 0.5671083368004189, 'bootstrap': True, 'max_samples': 0.558711725055467, 'oob_score': True}. Best is trial 133 with value: 0.6927698539748809.[0m
[32m[I 2022-04-21 13:04:42,328][0m Trial 230 finished with value: 0.6880634265785573 and parameters: {'n_estimators': 526, 'min_samples_split': 0.21579831500934696, 'min_samples_leaf': 0.004950496856756248, 'min_weight_fraction_leaf': 0.06215924348418296, 'max_features': 0.5949751344963443, 'bootstrap': True, 'max_samples': 0.5679838903271411, 'oob_score': True}. Best is trial 133 with value: 0.6927698539748809.[0m
[32m[I 2022-04-21 13:04:49,509][0m Trial 231 finished with value: 0.6917528092551466 and parameters: {'n_estimators': 461, 'min_samples_split': 0.23305148792240646, 'min_samples_leaf': 0.0036020520948541485, 'min_weight_fraction_leaf': 0.07258329771933072, 'max_features': 0.555959122982066, 'bootstrap': True, 'max_samples': 0.5314070549501101, 'oob_score': True}. Best is trial 133 with value: 0.6927698539748809.[0m
[32m[I 2022-04-21 13:04:55,436][0m Trial 232 finished with value: 0.6846123720023359 and parameters: {'n_estimators': 462, 'min_samples_split': 0.20290271309602226, 'min_samples_leaf': 0.0038721359875743175, 'min_weight_fraction_leaf': 0.07347514326059026, 'max_features': 0.6153225415814487, 'bootstrap': True, 'max_samples': 0.556039755432543, 'oob_score': True}. Best is trial 133 with value: 0.6927698539748809.[0m
[32m[I 2022-04-21 13:05:02,418][0m Trial 233 finished with value: 0.6917297827656543 and parameters: {'n_estimators': 446, 'min_samples_split': 0.21925437077610727, 'min_samples_leaf': 0.017392900597178105, 'min_weight_fraction_leaf': 0.07791286743825136, 'max_features': 0.5825057006469854, 'bootstrap': True, 'max_samples': 0.6033593742831245, 'oob_score': True}. Best is trial 133 with value: 0.6927698539748809.[0m
[32m[I 2022-04-21 13:05:09,874][0m Trial 234 finished with value: 0.6881593661607608 and parameters: {'n_estimators': 479, 'min_samples_split': 0.23041449801797528, 'min_samples_leaf': 0.0015380960262461729, 'min_weight_fraction_leaf': 0.06655221494531408, 'max_features': 0.5429838489988398, 'bootstrap': True, 'max_samples': 0.570671974848558, 'oob_score': True}. Best is trial 133 with value: 0.6927698539748809.[0m
[32m[I 2022-04-21 13:05:16,651][0m Trial 235 finished with value: 0.6915015366411243 and parameters: {'n_estimators': 402, 'min_samples_split': 0.24405853913224193, 'min_samples_leaf': 0.012733017000131457, 'min_weight_fraction_leaf': 0.07974200508704232, 'max_features': 0.542346656600379, 'bootstrap': True, 'max_samples': 0.5826719669068458, 'oob_score': True}. Best is trial 133 with value: 0.6927698539748809.[0m
[32m[I 2022-04-21 13:05:23,414][0m Trial 236 finished with value: 0.6861169491240502 and parameters: {'n_estimators': 411, 'min_samples_split': 0.24085512910682755, 'min_samples_leaf': 0.014067561244090096, 'min_weight_fraction_leaf': 0.05997532347213656, 'max_features': 0.5639215526752278, 'bootstrap': True, 'max_samples': 0.5256478715092874, 'oob_score': True}. Best is trial 133 with value: 0.6927698539748809.[0m
[32m[I 2022-04-21 13:05:29,292][0m Trial 237 finished with value: 0.691501453661952 and parameters: {'n_estimators': 440, 'min_samples_split': 0.22353037898387035, 'min_samples_leaf': 0.001179434120725624, 'min_weight_fraction_leaf': 0.0867372889845927, 'max_features': 0.5259365419562014, 'bootstrap': True, 'max_samples': 0.5413849136211802, 'oob_score': True}. Best is trial 133 with value: 0.6927698539748809.[0m
[32m[I 2022-04-21 13:05:34,509][0m Trial 238 finished with value: 0.6911341673883042 and parameters: {'n_estimators': 423, 'min_samples_split': 0.2597533425954405, 'min_samples_leaf': 0.01988407979620365, 'min_weight_fraction_leaf': 0.09764178103995957, 'max_features': 0.5940453159802582, 'bootstrap': True, 'max_samples': 0.6123544537554583, 'oob_score': True}. Best is trial 133 with value: 0.6927698539748809.[0m
[32m[I 2022-04-21 13:05:41,993][0m Trial 239 finished with value: 0.6877525930775926 and parameters: {'n_estimators': 465, 'min_samples_split': 0.2050643642990906, 'min_samples_leaf': 0.013022441379061249, 'min_weight_fraction_leaf': 0.1071132627957385, 'max_features': 0.572284384271763, 'bootstrap': True, 'max_samples': 0.5862509668986372, 'oob_score': True}. Best is trial 133 with value: 0.6927698539748809.[0m
[32m[I 2022-04-21 13:05:47,826][0m Trial 240 finished with value: 0.5 and parameters: {'n_estimators': 429, 'min_samples_split': 0.23765424694245668, 'min_samples_leaf': 0.2803234054557588, 'min_weight_fraction_leaf': 0.07439347209736906, 'max_features': 0.6306219697533367, 'bootstrap': True, 'max_samples': 0.568372470443339, 'oob_score': True}. Best is trial 133 with value: 0.6927698539748809.[0m
[32m[I 2022-04-21 13:05:54,196][0m Trial 241 finished with value: 0.6918376911490542 and parameters: {'n_estimators': 448, 'min_samples_split': 0.2533391641777556, 'min_samples_leaf': 0.027630305945764308, 'min_weight_fraction_leaf': 0.09136025214751553, 'max_features': 0.5505137458365682, 'bootstrap': True, 'max_samples': 0.5520367115852602, 'oob_score': True}. Best is trial 133 with value: 0.6927698539748809.[0m
[32m[I 2022-04-21 13:05:59,990][0m Trial 242 finished with value: 0.6912245278934883 and parameters: {'n_estimators': 413, 'min_samples_split': 0.2708652671134266, 'min_samples_leaf': 0.028121420059894514, 'min_weight_fraction_leaf': 0.09055577394303037, 'max_features': 0.5495822037387319, 'bootstrap': True, 'max_samples': 0.5528671994080293, 'oob_score': True}. Best is trial 133 with value: 0.6927698539748809.[0m
[32m[I 2022-04-21 13:06:06,606][0m Trial 243 finished with value: 0.6906120961294728 and parameters: {'n_estimators': 483, 'min_samples_split': 0.21263936349466847, 'min_samples_leaf': 0.012579918295495826, 'min_weight_fraction_leaf': 0.081108722077496, 'max_features': 0.46802867658683095, 'bootstrap': True, 'max_samples': 0.5606996659649487, 'oob_score': True}. Best is trial 133 with value: 0.6927698539748809.[0m
[32m[I 2022-04-21 13:06:13,309][0m Trial 244 finished with value: 0.6914217472283292 and parameters: {'n_estimators': 452, 'min_samples_split': 0.25002286469632007, 'min_samples_leaf': 0.001130354796644334, 'min_weight_fraction_leaf': 0.07082223976336034, 'max_features': 0.5802264988968595, 'bootstrap': True, 'max_samples': 0.5270164039828037, 'oob_score': True}. Best is trial 133 with value: 0.6927698539748809.[0m
[32m[I 2022-04-21 13:06:19,582][0m Trial 245 finished with value: 0.683486752270065 and parameters: {'n_estimators': 401, 'min_samples_split': 0.23525876783426117, 'min_samples_leaf': 0.01992767012368096, 'min_weight_fraction_leaf': 0.09593485964408159, 'max_features': 0.604078970818515, 'bootstrap': True, 'max_samples': 0.5892655618396795, 'oob_score': True}. Best is trial 133 with value: 0.6927698539748809.[0m
[32m[I 2022-04-21 13:06:25,167][0m Trial 246 finished with value: 0.6890334043810766 and parameters: {'n_estimators': 396, 'min_samples_split': 0.255969321048018, 'min_samples_leaf': 0.030816870671084313, 'min_weight_fraction_leaf': 0.10388872562638442, 'max_features': 0.5703907808702033, 'bootstrap': True, 'max_samples': 0.5094575983901823, 'oob_score': True}. Best is trial 133 with value: 0.6927698539748809.[0m
[32m[I 2022-04-21 13:06:29,475][0m Trial 247 finished with value: 0.6770493980970402 and parameters: {'n_estimators': 436, 'min_samples_split': 0.19342009962326936, 'min_samples_leaf': 0.0010120532168512416, 'min_weight_fraction_leaf': 0.09101311664091079, 'max_features': 0.5311236308429057, 'bootstrap': False, 'max_samples': 0.5722272988501539}. Best is trial 133 with value: 0.6927698539748809.[0m
[32m[I 2022-04-21 13:06:36,471][0m Trial 248 finished with value: 0.6918376911490542 and parameters: {'n_estimators': 429, 'min_samples_split': 0.22900376960888696, 'min_samples_leaf': 0.02504302878822736, 'min_weight_fraction_leaf': 0.09493488322410559, 'max_features': 0.5551332505371533, 'bootstrap': True, 'max_samples': 0.6086009271436782, 'oob_score': True}. Best is trial 133 with value: 0.6927698539748809.[0m
[32m[I 2022-04-21 13:06:43,417][0m Trial 249 finished with value: 0.6893060580751591 and parameters: {'n_estimators': 439, 'min_samples_split': 0.22701157019849327, 'min_samples_leaf': 0.010018383510255382, 'min_weight_fraction_leaf': 0.0806070122437083, 'max_features': 0.4571297251264337, 'bootstrap': True, 'max_samples': 0.638786942363412, 'oob_score': True}. Best is trial 133 with value: 0.6927698539748809.[0m
[32m[I 2022-04-21 13:06:49,438][0m Trial 250 finished with value: 0.6861078970733259 and parameters: {'n_estimators': 424, 'min_samples_split': 0.21078222949967015, 'min_samples_leaf': 0.010460822743768394, 'min_weight_fraction_leaf': 0.06228121277774927, 'max_features': 0.1338072015336203, 'bootstrap': True, 'max_samples': 0.6178534265459472, 'oob_score': True}. Best is trial 133 with value: 0.6927698539748809.[0m
[32m[I 2022-04-21 13:06:55,871][0m Trial 251 finished with value: 0.6860887471742732 and parameters: {'n_estimators': 475, 'min_samples_split': 0.21690607782737692, 'min_samples_leaf': 0.02378321391095683, 'min_weight_fraction_leaf': 0.053415234582388824, 'max_features': 0.5140096818075076, 'bootstrap': True, 'max_samples': 0.5457455571631215, 'oob_score': True}. Best is trial 133 with value: 0.6927698539748809.[0m
[32m[I 2022-04-21 13:07:01,662][0m Trial 252 finished with value: 0.6904521155496148 and parameters: {'n_estimators': 417, 'min_samples_split': 0.22392744495670822, 'min_samples_leaf': 0.001255213959265004, 'min_weight_fraction_leaf': 0.08393338140104237, 'max_features': 0.49018657976438096, 'bootstrap': True, 'max_samples': 0.5988528161718442, 'oob_score': True}. Best is trial 133 with value: 0.6927698539748809.[0m
[32m[I 2022-04-21 13:07:07,980][0m Trial 253 finished with value: 0.6746430366785507 and parameters: {'n_estimators': 513, 'min_samples_split': 0.23899507636134834, 'min_samples_leaf': 0.01868255542309605, 'min_weight_fraction_leaf': 0.21199016853984284, 'max_features': 0.5468609456687233, 'bootstrap': True, 'max_samples': 0.5739802308947775, 'oob_score': True}. Best is trial 133 with value: 0.6927698539748809.[0m
[32m[I 2022-04-21 13:07:14,952][0m Trial 254 finished with value: 0.6877525930775926 and parameters: {'n_estimators': 468, 'min_samples_split': 0.24444889668081776, 'min_samples_leaf': 0.01577904549736583, 'min_weight_fraction_leaf': 0.11024038457793475, 'max_features': 0.4586246510769983, 'bootstrap': True, 'max_samples': 0.5846114590125796, 'oob_score': True}. Best is trial 133 with value: 0.6927698539748809.[0m
[32m[I 2022-04-21 13:07:20,926][0m Trial 255 finished with value: 0.6913705187890598 and parameters: {'n_estimators': 385, 'min_samples_split': 0.20315315273249634, 'min_samples_leaf': 0.00115889201277404, 'min_weight_fraction_leaf': 0.07153825887670884, 'max_features': 0.44092167192171866, 'bootstrap': True, 'max_samples': 0.564447931302733, 'oob_score': True}. Best is trial 133 with value: 0.6927698539748809.[0m
[32m[I 2022-04-21 13:07:27,280][0m Trial 256 finished with value: 0.6918376911490542 and parameters: {'n_estimators': 450, 'min_samples_split': 0.25614202818027326, 'min_samples_leaf': 0.03438665631807851, 'min_weight_fraction_leaf': 0.08395588597484124, 'max_features': 0.47197424972266905, 'bootstrap': True, 'max_samples': 0.5362007974184363, 'oob_score': True}. Best is trial 133 with value: 0.6927698539748809.[0m
[32m[I 2022-04-21 13:07:34,365][0m Trial 257 finished with value: 0.6918376911490542 and parameters: {'n_estimators': 458, 'min_samples_split': 0.25453928107623597, 'min_samples_leaf': 0.029297948873304183, 'min_weight_fraction_leaf': 0.07671332202925482, 'max_features': 0.47621305863771624, 'bootstrap': True, 'max_samples': 0.5113733200885746, 'oob_score': True}. Best is trial 133 with value: 0.6927698539748809.[0m
[32m[I 2022-04-21 13:07:41,290][0m Trial 258 finished with value: 0.688916230673841 and parameters: {'n_estimators': 485, 'min_samples_split': 0.271484933754329, 'min_samples_leaf': 0.029653507255969602, 'min_weight_fraction_leaf': 0.06572959156119111, 'max_features': 0.47240345838138403, 'bootstrap': True, 'max_samples': 0.5150061617116953, 'oob_score': True}. Best is trial 133 with value: 0.6927698539748809.[0m
[32m[I 2022-04-21 13:07:46,673][0m Trial 259 finished with value: 0.6912102863415321 and parameters: {'n_estimators': 394, 'min_samples_split': 0.23663362555240797, 'min_samples_leaf': 0.009520041756674043, 'min_weight_fraction_leaf': 0.07649934778714589, 'max_features': 0.4342733964954029, 'bootstrap': True, 'max_samples': 0.5076814738188115, 'oob_score': True}. Best is trial 133 with value: 0.6927698539748809.[0m
[32m[I 2022-04-21 13:07:52,243][0m Trial 260 finished with value: 0.690365211912451 and parameters: {'n_estimators': 422, 'min_samples_split': 0.23254638672412903, 'min_samples_leaf': 0.02060304212885969, 'min_weight_fraction_leaf': 0.1011412118200267, 'max_features': 0.5778320099760416, 'bootstrap': True, 'max_samples': 0.6099027559529275, 'oob_score': True}. Best is trial 133 with value: 0.6927698539748809.[0m
[32m[I 2022-04-21 13:07:59,244][0m Trial 261 finished with value: 0.6856974263957167 and parameters: {'n_estimators': 453, 'min_samples_split': 0.2651476768210748, 'min_samples_leaf': 0.0359420935907633, 'min_weight_fraction_leaf': 0.04528881047472671, 'max_features': 0.48258490286459815, 'bootstrap': True, 'max_samples': 0.5389241464371535, 'oob_score': True}. Best is trial 133 with value: 0.6927698539748809.[0m
[32m[I 2022-04-21 13:08:06,400][0m Trial 262 finished with value: 0.6877525930775926 and parameters: {'n_estimators': 433, 'min_samples_split': 0.22587362847144787, 'min_samples_leaf': 0.010025457459065728, 'min_weight_fraction_leaf': 0.11744426554352512, 'max_features': 0.5493125558556892, 'bootstrap': True, 'max_samples': 0.5964623383691465, 'oob_score': True}. Best is trial 133 with value: 0.6927698539748809.[0m
[32m[I 2022-04-21 13:08:14,539][0m Trial 263 finished with value: 0.6873215131121274 and parameters: {'n_estimators': 544, 'min_samples_split': 0.25080671538649224, 'min_samples_leaf': 0.02176720841443847, 'min_weight_fraction_leaf': 0.05714035158967795, 'max_features': 0.5187270865731318, 'bootstrap': True, 'max_samples': 0.5515787762675172, 'oob_score': True}. Best is trial 133 with value: 0.6927698539748809.[0m
[32m[I 2022-04-21 13:08:20,199][0m Trial 264 finished with value: 0.6836408572893259 and parameters: {'n_estimators': 402, 'min_samples_split': 0.10429004339382061, 'min_samples_leaf': 0.010087290883656591, 'min_weight_fraction_leaf': 0.08650694844755442, 'max_features': 0.6102643569855203, 'bootstrap': True, 'max_samples': 0.5668671091262852, 'oob_score': True}. Best is trial 133 with value: 0.6927698539748809.[0m
[32m[I 2022-04-21 13:08:24,093][0m Trial 265 finished with value: 0.6799953533661424 and parameters: {'n_estimators': 412, 'min_samples_split': 0.24402951648601529, 'min_samples_leaf': 0.010826191156597113, 'min_weight_fraction_leaf': 0.08486586368731228, 'max_features': 0.5139638701797646, 'bootstrap': False, 'max_samples': 0.5369710556160079}. Best is trial 133 with value: 0.6927698539748809.[0m
[32m[I 2022-04-21 13:08:29,209][0m Trial 266 finished with value: 0.6866470725133181 and parameters: {'n_estimators': 375, 'min_samples_split': 0.19604317626476703, 'min_samples_leaf': 0.037593867828120395, 'min_weight_fraction_leaf': 0.07174842337929747, 'max_features': 0.5576395812232341, 'bootstrap': True, 'max_samples': 0.6343565408511826, 'oob_score': True}. Best is trial 133 with value: 0.6927698539748809.[0m
[32m[I 2022-04-21 13:08:35,395][0m Trial 267 finished with value: 0.6903376406576845 and parameters: {'n_estimators': 394, 'min_samples_split': 0.21525635920965208, 'min_samples_leaf': 0.020063568850231597, 'min_weight_fraction_leaf': 0.09960802504278365, 'max_features': 0.5896789923469791, 'bootstrap': True, 'max_samples': 0.5551893474319687, 'oob_score': True}. Best is trial 133 with value: 0.6927698539748809.[0m
[32m[I 2022-04-21 13:08:41,813][0m Trial 268 finished with value: 0.6918376911490542 and parameters: {'n_estimators': 439, 'min_samples_split': 0.22101997813383234, 'min_samples_leaf': 0.0011934721692156945, 'min_weight_fraction_leaf': 0.09513448925852815, 'max_features': 0.5032727569718519, 'bootstrap': True, 'max_samples': 0.5903232122059772, 'oob_score': True}. Best is trial 133 with value: 0.6927698539748809.[0m
[32m[I 2022-04-21 13:08:48,293][0m Trial 269 finished with value: 0.6877525930775926 and parameters: {'n_estimators': 501, 'min_samples_split': 0.24550444414190553, 'min_samples_leaf': 0.017883092280061182, 'min_weight_fraction_leaf': 0.1102225652173198, 'max_features': 0.5672884325310772, 'bootstrap': True, 'max_samples': 0.5823457169552533, 'oob_score': True}. Best is trial 133 with value: 0.6927698539748809.[0m
[32m[I 2022-04-21 13:08:54,715][0m Trial 270 finished with value: 0.6918376911490542 and parameters: {'n_estimators': 413, 'min_samples_split': 0.20881915773372434, 'min_samples_leaf': 0.0010644658803748274, 'min_weight_fraction_leaf': 0.09087289907757266, 'max_features': 0.49581913711644865, 'bootstrap': True, 'max_samples': 0.5885067495582241, 'oob_score': True}. Best is trial 133 with value: 0.6927698539748809.[0m
[32m[I 2022-04-21 13:09:00,759][0m Trial 271 finished with value: 0.6874577064244768 and parameters: {'n_estimators': 361, 'min_samples_split': 0.21151102631442614, 'min_samples_leaf': 0.0015112665125609189, 'min_weight_fraction_leaf': 0.06740795297998627, 'max_features': 0.4519036931307716, 'bootstrap': True, 'max_samples': 0.6221275370363214, 'oob_score': True}. Best is trial 133 with value: 0.6927698539748809.[0m
[32m[I 2022-04-21 13:09:06,166][0m Trial 272 finished with value: 0.5 and parameters: {'n_estimators': 468, 'min_samples_split': 0.19105657572536872, 'min_samples_leaf': 0.4187857473325977, 'min_weight_fraction_leaf': 0.386661973340663, 'max_features': 0.5209653255124049, 'bootstrap': True, 'max_samples': 0.5531605315556006, 'oob_score': True}. Best is trial 133 with value: 0.6927698539748809.[0m
