[32m[I 2022-04-24 02:59:31,733][0m Trial 766 finished with value: 0.676196458866902 and parameters: {'n_estimators': 775, 'min_samples_split': 0.0012388459141164613, 'min_samples_leaf': 0.00989908915059009, 'min_weight_fraction_leaf': 4.261494468416662e-05, 'max_features': 0.24090988632289195, 'bootstrap': False, 'max_samples': 0.3381676609766872}. Best is trial 251 with value: 0.6908430332111252.[0m
[32m[I 2022-04-24 03:01:09,731][0m Trial 767 finished with value: 0.6715053886771717 and parameters: {'n_estimators': 845, 'min_samples_split': 0.023391834862303364, 'min_samples_leaf': 0.024996562982063944, 'min_weight_fraction_leaf': 0.03605378399087299, 'max_features': 0.18753423194209756, 'bootstrap': False, 'max_samples': 0.3878928794347195}. Best is trial 251 with value: 0.6908430332111252.[0m
[32m[I 2022-04-24 03:01:18,766][0m Trial 768 finished with value: 0.6212822848291965 and parameters: {'n_estimators': 599, 'min_samples_split': 0.03620792083655515, 'min_samples_leaf': 0.11134760393262898, 'min_weight_fraction_leaf': 0.18016472301419717, 'max_features': 0.0752634205759602, 'bootstrap': False, 'max_samples': 0.21802356353458613}. Best is trial 251 with value: 0.6908430332111252.[0m
[32m[I 2022-04-24 03:07:09,235][0m Trial 769 finished with value: 0.6450157393027838 and parameters: {'n_estimators': 697, 'min_samples_split': 0.3421225744588422, 'min_samples_leaf': 0.0010618520440779811, 'min_weight_fraction_leaf': 0.014693253186024689, 'max_features': 0.9133702985768819, 'bootstrap': False, 'max_samples': 0.18586866846368297}. Best is trial 251 with value: 0.6908430332111252.[0m
[32m[I 2022-04-24 03:08:26,023][0m Trial 770 finished with value: 0.6720300477287158 and parameters: {'n_estimators': 662, 'min_samples_split': 0.01037623137342656, 'min_samples_leaf': 0.037038026058074255, 'min_weight_fraction_leaf': 0.009004560091450628, 'max_features': 0.21600762954029318, 'bootstrap': False, 'max_samples': 0.3723588898183204}. Best is trial 251 with value: 0.6908430332111252.[0m
[32m[I 2022-04-24 03:08:30,830][0m Trial 771 finished with value: 0.5 and parameters: {'n_estimators': 807, 'min_samples_split': 0.023995726025998705, 'min_samples_leaf': 0.01824128203716118, 'min_weight_fraction_leaf': 0.3940899741400541, 'max_features': 0.15581563660208736, 'bootstrap': True, 'max_samples': 0.26033694130342183, 'oob_score': False}. Best is trial 251 with value: 0.6908430332111252.[0m
[32m[I 2022-04-24 03:09:08,367][0m Trial 772 finished with value: 0.67068504283298 and parameters: {'n_estimators': 745, 'min_samples_split': 0.015643775540258743, 'min_samples_leaf': 0.01033620553679154, 'min_weight_fraction_leaf': 0.02285655618491844, 'max_features': 0.04886055854580175, 'bootstrap': False, 'max_samples': 0.3025375486003713}. Best is trial 251 with value: 0.6908430332111252.[0m
[32m[I 2022-04-24 03:12:20,976][0m Trial 773 finished with value: 0.6730214668880714 and parameters: {'n_estimators': 869, 'min_samples_split': 0.1454035652997117, 'min_samples_leaf': 0.010746157059724544, 'min_weight_fraction_leaf': 0.009630185144087177, 'max_features': 0.27497847642409273, 'bootstrap': False, 'max_samples': 0.35249335809096116}. Best is trial 251 with value: 0.6908430332111252.[0m
[32m[I 2022-04-24 03:13:26,283][0m Trial 774 finished with value: 0.6730587094715628 and parameters: {'n_estimators': 709, 'min_samples_split': 0.030485522080835804, 'min_samples_leaf': 0.02917179293239408, 'min_weight_fraction_leaf': 0.015671832830061367, 'max_features': 0.14225791504632398, 'bootstrap': False, 'max_samples': 0.32823858039719467}. Best is trial 251 with value: 0.6908430332111252.[0m
[32m[I 2022-04-24 03:13:53,693][0m Trial 775 finished with value: 0.6809824290304991 and parameters: {'n_estimators': 137, 'min_samples_split': 0.011626030941401928, 'min_samples_leaf': 0.019711150173808225, 'min_weight_fraction_leaf': 8.897335490219273e-05, 'max_features': 0.24441526080950757, 'bootstrap': False, 'max_samples': 0.2801617012592683}. Best is trial 251 with value: 0.6908430332111252.[0m
[32m[I 2022-04-24 03:16:27,947][0m Trial 776 finished with value: 0.6748980485248243 and parameters: {'n_estimators': 772, 'min_samples_split': 0.001215150222947329, 'min_samples_leaf': 0.009819488362473415, 'min_weight_fraction_leaf': 0.0249857530078327, 'max_features': 0.19339877969148667, 'bootstrap': False, 'max_samples': 0.23504192673027055}. Best is trial 251 with value: 0.6908430332111252.[0m
[32m[I 2022-04-24 03:17:47,198][0m Trial 777 finished with value: 0.6769517987806297 and parameters: {'n_estimators': 818, 'min_samples_split': 0.020297606970772195, 'min_samples_leaf': 0.017480170258166818, 'min_weight_fraction_leaf': 0.009290344272872827, 'max_features': 0.1133294914595776, 'bootstrap': False, 'max_samples': 0.4009690398760816}. Best is trial 251 with value: 0.6908430332111252.[0m
[32m[I 2022-04-24 03:17:49,908][0m Trial 778 finished with value: 0.6428809176481667 and parameters: {'n_estimators': 125, 'min_samples_split': 0.030914803179890666, 'min_samples_leaf': 0.14449587172797224, 'min_weight_fraction_leaf': 0.015694598704253413, 'max_features': 0.2306543271595477, 'bootstrap': False, 'max_samples': 0.36999066307889344}. Best is trial 251 with value: 0.6908430332111252.[0m
[32m[I 2022-04-24 03:22:28,497][0m Trial 779 finished with value: 0.6789484221171985 and parameters: {'n_estimators': 745, 'min_samples_split': 0.0010922673118568072, 'min_samples_leaf': 0.008744969736568584, 'min_weight_fraction_leaf': 0.0002990322857117384, 'max_features': 0.29367552359857063, 'bootstrap': False, 'max_samples': 0.33995425044174254}. Best is trial 251 with value: 0.6908430332111252.[0m
[32m[I 2022-04-24 03:22:44,023][0m Trial 780 finished with value: 0.6696156835412168 and parameters: {'n_estimators': 234, 'min_samples_split': 0.04478019828412886, 'min_samples_leaf': 0.04506837931997483, 'min_weight_fraction_leaf': 4.1083198217377685e-05, 'max_features': 0.16671506658996263, 'bootstrap': False, 'max_samples': 0.30953937515693225}. Best is trial 251 with value: 0.6908430332111252.[0m
[32m[I 2022-04-24 03:23:17,916][0m Trial 781 finished with value: 0.6701912691447134 and parameters: {'n_estimators': 641, 'min_samples_split': 0.01643005122730095, 'min_samples_leaf': 0.03176721772249129, 'min_weight_fraction_leaf': 0.033206968942713994, 'max_features': 0.09179303059139585, 'bootstrap': False, 'max_samples': 0.25652599911822593}. Best is trial 251 with value: 0.6908430332111252.[0m
[32m[I 2022-04-24 03:28:57,955][0m Trial 782 finished with value: 0.6812974372447128 and parameters: {'n_estimators': 680, 'min_samples_split': 0.009879891989503675, 'min_samples_leaf': 0.00102161448056367, 'min_weight_fraction_leaf': 0.01010853128180714, 'max_features': 0.25407107788148786, 'bootstrap': False, 'max_samples': 0.3474395463051531}. Best is trial 251 with value: 0.6908430332111252.[0m
[32m[I 2022-04-24 03:30:14,278][0m Trial 783 finished with value: 0.6804911004378882 and parameters: {'n_estimators': 789, 'min_samples_split': 0.024442151236552162, 'min_samples_leaf': 0.02146212410078418, 'min_weight_fraction_leaf': 0.02063503795665219, 'max_features': 0.1320222615273625, 'bootstrap': False, 'max_samples': 0.28716928989991813}. Best is trial 251 with value: 0.6908430332111252.[0m
[32m[I 2022-04-24 03:38:16,730][0m Trial 784 finished with value: 0.6761121313903212 and parameters: {'n_estimators': 852, 'min_samples_split': 0.009453984935112944, 'min_samples_leaf': 0.0012502447170958406, 'min_weight_fraction_leaf': 0.00998729048133657, 'max_features': 0.3095339686397345, 'bootstrap': False, 'max_samples': 0.38719286018769467}. Best is trial 251 with value: 0.6908430332111252.[0m
[32m[I 2022-04-24 03:40:31,985][0m Trial 785 finished with value: 0.6688851609836313 and parameters: {'n_estimators': 718, 'min_samples_split': 0.03763243847482094, 'min_samples_leaf': 0.0011128413347839938, 'min_weight_fraction_leaf': 0.041090818540096795, 'max_features': 0.22489118977192452, 'bootstrap': False, 'max_samples': 0.3239409941400152}. Best is trial 251 with value: 0.6908430332111252.[0m
[32m[I 2022-04-24 03:42:44,805][0m Trial 786 finished with value: 0.6756397272562771 and parameters: {'n_estimators': 760, 'min_samples_split': 0.019935139270285278, 'min_samples_leaf': 0.01676270722019055, 'min_weight_fraction_leaf': 0.023441707930438253, 'max_features': 0.20565718719961587, 'bootstrap': False, 'max_samples': 0.4169679059970831}. Best is trial 251 with value: 0.6908430332111252.[0m
[32m[I 2022-04-24 03:45:01,776][0m Trial 787 finished with value: 0.6746094093783835 and parameters: {'n_estimators': 813, 'min_samples_split': 0.029360677341618444, 'min_samples_leaf': 0.0265978467591235, 'min_weight_fraction_leaf': 0.00929508733641015, 'max_features': 0.2706535416876555, 'bootstrap': False, 'max_samples': 0.3584278574125535}. Best is trial 251 with value: 0.6908430332111252.[0m
[32m[I 2022-04-24 03:45:17,047][0m Trial 788 finished with value: 0.6753514759695054 and parameters: {'n_estimators': 180, 'min_samples_split': 0.009472098666988218, 'min_samples_leaf': 0.011480715744228669, 'min_weight_fraction_leaf': 0.00014276967933929202, 'max_features': 0.06558306480695161, 'bootstrap': False, 'max_samples': 0.3031124675594867}. Best is trial 251 with value: 0.6908430332111252.[0m
[32m[I 2022-04-24 03:45:25,811][0m Trial 789 finished with value: 0.6598999031099323 and parameters: {'n_estimators': 252, 'min_samples_split': 0.01816154206005382, 'min_samples_leaf': 0.010108706179667689, 'min_weight_fraction_leaf': 0.014126143693630376, 'max_features': 0.17077017400431307, 'bootstrap': True, 'max_samples': 0.2236302332522373, 'oob_score': False}. Best is trial 251 with value: 0.6908430332111252.[0m
[32m[I 2022-04-24 03:47:35,909][0m Trial 790 finished with value: 0.6716885200545677 and parameters: {'n_estimators': 685, 'min_samples_split': 0.0012285627030291877, 'min_samples_leaf': 0.001154365573469436, 'min_weight_fraction_leaf': 0.031289478877037445, 'max_features': 0.19331693256386548, 'bootstrap': False, 'max_samples': 0.3757889033623451}. Best is trial 251 with value: 0.6908430332111252.[0m
[32m[I 2022-04-24 03:48:28,943][0m Trial 791 finished with value: 0.6699059636593189 and parameters: {'n_estimators': 894, 'min_samples_split': 0.04391938784602126, 'min_samples_leaf': 0.03385348777726635, 'min_weight_fraction_leaf': 0.017827152656696495, 'max_features': 0.10235429278903606, 'bootstrap': False, 'max_samples': 0.3339584958416262}. Best is trial 251 with value: 0.6908430332111252.[0m
[32m[I 2022-04-24 03:49:55,440][0m Trial 792 finished with value: 0.6766730102743033 and parameters: {'n_estimators': 723, 'min_samples_split': 0.00991502737848619, 'min_samples_leaf': 0.020189907291626313, 'min_weight_fraction_leaf': 0.00016345086040134033, 'max_features': 0.14009096470577984, 'bootstrap': False, 'max_samples': 0.27238958177790357}. Best is trial 251 with value: 0.6908430332111252.[0m
[32m[I 2022-04-24 03:55:09,206][0m Trial 793 finished with value: 0.6818640453994456 and parameters: {'n_estimators': 624, 'min_samples_split': 0.0010617962504767646, 'min_samples_leaf': 0.0010170905553307803, 'min_weight_fraction_leaf': 0.008930311200319473, 'max_features': 0.25426654068819565, 'bootstrap': False, 'max_samples': 0.24441978804202116}. Best is trial 251 with value: 0.6908430332111252.[0m
[32m[I 2022-04-24 03:55:17,901][0m Trial 794 finished with value: 0.6516507815685906 and parameters: {'n_estimators': 786, 'min_samples_split': 0.027017521053355677, 'min_samples_leaf': 0.01793396029078176, 'min_weight_fraction_leaf': 0.023465853082178766, 'max_features': 0.016311348586956424, 'bootstrap': False, 'max_samples': 0.3570454970215769}. Best is trial 251 with value: 0.6908430332111252.[0m
[32m[I 2022-04-24 03:55:22,257][0m Trial 795 finished with value: 0.563872840154251 and parameters: {'n_estimators': 745, 'min_samples_split': 0.01866464099830381, 'min_samples_leaf': 0.42976250561945045, 'min_weight_fraction_leaf': 0.009070538884888199, 'max_features': 0.2128665165308311, 'bootstrap': False, 'max_samples': 0.3208021626745392}. Best is trial 251 with value: 0.6908430332111252.[0m
[32m[I 2022-04-24 03:55:32,600][0m Trial 796 finished with value: 0.5631847305347419 and parameters: {'n_estimators': 851, 'min_samples_split': 0.029776509509702547, 'min_samples_leaf': 0.3842288621027118, 'min_weight_fraction_leaf': 0.016624744452850025, 'max_features': 0.7845089859070001, 'bootstrap': False, 'max_samples': 0.20588585991160066}. Best is trial 251 with value: 0.6908430332111252.[0m
[32m[I 2022-04-24 03:59:28,840][0m Trial 797 finished with value: 0.6826990445606388 and parameters: {'n_estimators': 654, 'min_samples_split': 0.015842203328153854, 'min_samples_leaf': 0.010500770486975113, 'min_weight_fraction_leaf': 0.008787604525322979, 'max_features': 0.28449222754257314, 'bootstrap': False, 'max_samples': 0.37544687215437184}. Best is trial 251 with value: 0.6908430332111252.[0m
[32m[I 2022-04-24 04:00:32,220][0m Trial 798 finished with value: 0.6544713174300754 and parameters: {'n_estimators': 602, 'min_samples_split': 0.4741238949396964, 'min_samples_leaf': 0.02689603467542303, 'min_weight_fraction_leaf': 0.03201929513138728, 'max_features': 0.3368072173935391, 'bootstrap': False, 'max_samples': 0.293505138210254}. Best is trial 251 with value: 0.6908430332111252.[0m
[32m[I 2022-04-24 04:03:45,070][0m Trial 799 finished with value: 0.6752785810749203 and parameters: {'n_estimators': 649, 'min_samples_split': 0.010741049330213958, 'min_samples_leaf': 0.010976107030815847, 'min_weight_fraction_leaf': 0.02390137962155152, 'max_features': 0.31093021741261656, 'bootstrap': False, 'max_samples': 0.34145032178106377}. Best is trial 251 with value: 0.6908430332111252.[0m
[32m[I 2022-04-24 04:05:33,533][0m Trial 800 finished with value: 0.6651744875003832 and parameters: {'n_estimators': 634, 'min_samples_split': 0.011180693435896373, 'min_samples_leaf': 0.011009981899746321, 'min_weight_fraction_leaf': 0.05195513328843933, 'max_features': 0.29278516024402695, 'bootstrap': False, 'max_samples': 0.254333501669319}. Best is trial 251 with value: 0.6908430332111252.[0m
[32m[I 2022-04-24 04:07:02,940][0m Trial 801 finished with value: 0.6676427762921009 and parameters: {'n_estimators': 660, 'min_samples_split': 0.01735563634083459, 'min_samples_leaf': 0.04236952195113618, 'min_weight_fraction_leaf': 0.017390105693212872, 'max_features': 0.3195706998601519, 'bootstrap': False, 'max_samples': 0.3659706287468532}. Best is trial 251 with value: 0.6908430332111252.[0m
[32m[I 2022-04-24 04:08:58,189][0m Trial 802 finished with value: 0.6682389364365467 and parameters: {'n_estimators': 668, 'min_samples_split': 0.009520754994509257, 'min_samples_leaf': 0.023597520250087933, 'min_weight_fraction_leaf': 0.03994219946351228, 'max_features': 0.28508679846918505, 'bootstrap': False, 'max_samples': 0.39670909493508827}. Best is trial 251 with value: 0.6908430332111252.[0m
[32m[I 2022-04-24 04:13:48,638][0m Trial 803 finished with value: 0.6795635414850711 and parameters: {'n_estimators': 689, 'min_samples_split': 0.0013097586713103938, 'min_samples_leaf': 0.010189601267436899, 'min_weight_fraction_leaf': 0.00920881805128589, 'max_features': 0.2968054447263546, 'bootstrap': False, 'max_samples': 0.2750293502477659}. Best is trial 251 with value: 0.6908430332111252.[0m
[32m[I 2022-04-24 04:15:53,671][0m Trial 804 finished with value: 0.6738741391678186 and parameters: {'n_estimators': 616, 'min_samples_split': 0.02368302121631185, 'min_samples_leaf': 0.01789735702442214, 'min_weight_fraction_leaf': 0.025918090023454507, 'max_features': 0.2765527713869414, 'bootstrap': False, 'max_samples': 0.3105958475475623}. Best is trial 251 with value: 0.6908430332111252.[0m
[32m[I 2022-04-24 04:16:04,628][0m Trial 805 finished with value: 0.6135933475163928 and parameters: {'n_estimators': 575, 'min_samples_split': 0.03338192892672274, 'min_samples_leaf': 0.22791591927172467, 'min_weight_fraction_leaf': 0.00010730362202115783, 'max_features': 0.3526145562221029, 'bootstrap': False, 'max_samples': 0.19219372681199504}. Best is trial 251 with value: 0.6908430332111252.[0m
[32m[I 2022-04-24 04:18:12,510][0m Trial 806 finished with value: 0.6730898065067705 and parameters: {'n_estimators': 690, 'min_samples_split': 0.0012885775985114617, 'min_samples_leaf': 0.028434054097883722, 'min_weight_fraction_leaf': 0.015168726391646346, 'max_features': 0.3094525470143332, 'bootstrap': False, 'max_samples': 0.34541578476660073}. Best is trial 251 with value: 0.6908430332111252.[0m
[32m[I 2022-04-24 04:22:52,995][0m Trial 807 finished with value: 0.680712573115253 and parameters: {'n_estimators': 706, 'min_samples_split': 0.01633116972419557, 'min_samples_leaf': 0.010225003326039565, 'min_weight_fraction_leaf': 0.00935910179353629, 'max_features': 0.2702339772608657, 'bootstrap': False, 'max_samples': 0.2271658514653977}. Best is trial 251 with value: 0.6908430332111252.[0m
[32m[I 2022-04-24 04:22:59,937][0m Trial 808 finished with value: 0.5609679167849146 and parameters: {'n_estimators': 640, 'min_samples_split': 0.010256491907524989, 'min_samples_leaf': 0.08627306775301538, 'min_weight_fraction_leaf': 0.4210441635868122, 'max_features': 0.1228954048441633, 'bootstrap': False, 'max_samples': 0.3794967525464501}. Best is trial 251 with value: 0.6908430332111252.[0m
[32m[I 2022-04-24 04:23:08,622][0m Trial 809 finished with value: 0.6502173939456432 and parameters: {'n_estimators': 660, 'min_samples_split': 0.024696238453249426, 'min_samples_leaf': 0.037499369757758236, 'min_weight_fraction_leaf': 0.03104749548894345, 'max_features': 0.040440874487766995, 'bootstrap': True, 'max_samples': 0.592872876356475, 'oob_score': False}. Best is trial 251 with value: 0.6908430332111252.[0m
[32m[I 2022-04-24 04:28:21,409][0m Trial 810 finished with value: 0.6696363526937956 and parameters: {'n_estimators': 731, 'min_samples_split': 0.03616826184317588, 'min_samples_leaf': 0.018774360816180218, 'min_weight_fraction_leaf': 0.018265371425995727, 'max_features': 0.5384755145874379, 'bootstrap': False, 'max_samples': 0.3270052271168855}. Best is trial 251 with value: 0.6908430332111252.[0m
[32m[I 2022-04-24 04:28:40,150][0m Trial 811 finished with value: 0.5841977255221249 and parameters: {'n_estimators': 705, 'min_samples_split': 0.018610277186837658, 'min_samples_leaf': 0.010006482020760682, 'min_weight_fraction_leaf': 0.3480648150316637, 'max_features': 0.27915543816481236, 'bootstrap': False, 'max_samples': 0.3580413992766036}. Best is trial 251 with value: 0.6908430332111252.[0m
[32m[I 2022-04-24 04:30:24,681][0m Trial 812 finished with value: 0.6773112692440668 and parameters: {'n_estimators': 677, 'min_samples_split': 0.009148787257059969, 'min_samples_leaf': 0.0010243099629843756, 'min_weight_fraction_leaf': 0.00904488731938423, 'max_features': 0.0730888342750997, 'bootstrap': False, 'max_samples': 0.42325859638354313}. Best is trial 251 with value: 0.6908430332111252.[0m
[32m[I 2022-04-24 04:30:32,297][0m Trial 813 finished with value: 0.650397432390721 and parameters: {'n_estimators': 130, 'min_samples_split': 0.0010638407611825228, 'min_samples_leaf': 0.13311276580429585, 'min_weight_fraction_leaf': 5.324731247744179e-05, 'max_features': 0.49444783436325823, 'bootstrap': False, 'max_samples': 0.2883726137698918}. Best is trial 251 with value: 0.6908430332111252.[0m
[32m[I 2022-04-24 04:32:45,927][0m Trial 814 finished with value: 0.6745774234376395 and parameters: {'n_estimators': 728, 'min_samples_split': 0.05962456079127497, 'min_samples_leaf': 0.024270372188542923, 'min_weight_fraction_leaf': 0.022482379023088597, 'max_features': 0.29603203946588186, 'bootstrap': False, 'max_samples': 0.24458479683446752}. Best is trial 251 with value: 0.6908430332111252.[0m
[32m[I 2022-04-24 04:35:19,961][0m Trial 815 finished with value: 0.6786956808472475 and parameters: {'n_estimators': 703, 'min_samples_split': 0.01831241373464618, 'min_samples_leaf': 0.009019469474763201, 'min_weight_fraction_leaf': 0.008910809853606698, 'max_features': 0.15125003458772834, 'bootstrap': False, 'max_samples': 0.31264125838006346}. Best is trial 251 with value: 0.6908430332111252.[0m
[32m[I 2022-04-24 04:38:16,306][0m Trial 816 finished with value: 0.6813472423942852 and parameters: {'n_estimators': 762, 'min_samples_split': 0.049438576399665216, 'min_samples_leaf': 0.016758323762396755, 'min_weight_fraction_leaf': 0.0001362521443603014, 'max_features': 0.2588875143711378, 'bootstrap': False, 'max_samples': 0.16929436891129648}. Best is trial 251 with value: 0.6908430332111252.[0m
[32m[I 2022-04-24 04:43:10,157][0m Trial 817 finished with value: 0.676709129284099 and parameters: {'n_estimators': 669, 'min_samples_split': 0.031922188812443845, 'min_samples_leaf': 0.001107537122456103, 'min_weight_fraction_leaf': 0.01756405986025742, 'max_features': 0.3298963837741602, 'bootstrap': False, 'max_samples': 0.39734756223014156}. Best is trial 251 with value: 0.6908430332111252.[0m
[32m[I 2022-04-24 04:44:01,057][0m Trial 818 finished with value: 0.6724591161426527 and parameters: {'n_estimators': 746, 'min_samples_split': 0.010283717612172963, 'min_samples_leaf': 0.02909214346032937, 'min_weight_fraction_leaf': 6.672396704977129e-06, 'max_features': 0.10775018374582881, 'bootstrap': False, 'max_samples': 0.2618645884280686}. Best is trial 251 with value: 0.6908430332111252.[0m
[32m[I 2022-04-24 04:44:23,015][0m Trial 819 finished with value: 0.6671340828715804 and parameters: {'n_estimators': 483, 'min_samples_split': 0.24110306139795606, 'min_samples_leaf': 0.009379183424538338, 'min_weight_fraction_leaf': 0.03195005719141203, 'max_features': 0.09274106358434142, 'bootstrap': False, 'max_samples': 0.337294702704503}. Best is trial 251 with value: 0.6908430332111252.[0m
