[32m[I 2022-04-22 15:58:43,095][0m Trial 851 finished with value: 0.7839259410763049 and parameters: {'n_estimators': 746, 'min_samples_split': 0.023982705929856463, 'min_samples_leaf': 0.4209274003283106, 'min_weight_fraction_leaf': 0.010217564289759085, 'max_features': 0.3290000448772327, 'bootstrap': False, 'max_samples': 0.16089402008255388}. Best is trial 784 with value: 0.8411330872952079.[0m
[32m[I 2022-04-22 16:01:26,148][0m Trial 852 finished with value: 0.8378427710127838 and parameters: {'n_estimators': 852, 'min_samples_split': 0.033960136605787845, 'min_samples_leaf': 0.022457475776767752, 'min_weight_fraction_leaf': 0.025047141822022903, 'max_features': 0.26142262886408113, 'bootstrap': False, 'max_samples': 0.1281381507563205}. Best is trial 784 with value: 0.8411330872952079.[0m
[32m[I 2022-04-22 16:02:43,804][0m Trial 853 finished with value: 0.8207708161612984 and parameters: {'n_estimators': 815, 'min_samples_split': 0.015287287097273672, 'min_samples_leaf': 0.0010460075742441018, 'min_weight_fraction_leaf': 0.14874543891230574, 'max_features': 0.28799880489081015, 'bootstrap': False, 'max_samples': 0.09567183914843425}. Best is trial 784 with value: 0.8411330872952079.[0m
[32m[I 2022-04-22 16:06:37,177][0m Trial 854 finished with value: 0.8389473734590647 and parameters: {'n_estimators': 898, 'min_samples_split': 0.001034101528084426, 'min_samples_leaf': 0.017409281564326348, 'min_weight_fraction_leaf': 0.0003797770762502591, 'max_features': 0.3138608216007874, 'bootstrap': False, 'max_samples': 0.1450794402820827}. Best is trial 784 with value: 0.8411330872952079.[0m
[32m[I 2022-04-22 16:09:02,896][0m Trial 855 finished with value: 0.8356121100525249 and parameters: {'n_estimators': 954, 'min_samples_split': 0.04225664790520167, 'min_samples_leaf': 0.03246021356399402, 'min_weight_fraction_leaf': 0.015952838888585362, 'max_features': 0.2731030649794719, 'bootstrap': False, 'max_samples': 0.07546271493074272}. Best is trial 784 with value: 0.8411330872952079.[0m
[32m[I 2022-04-22 16:10:30,252][0m Trial 856 finished with value: 0.8265584727364252 and parameters: {'n_estimators': 1000, 'min_samples_split': 0.43460612581746183, 'min_samples_leaf': 0.010720193155830914, 'min_weight_fraction_leaf': 0.034840908210627845, 'max_features': 0.25336323025870583, 'bootstrap': False, 'max_samples': 0.06155785063283874}. Best is trial 784 with value: 0.8411330872952079.[0m
[32m[I 2022-04-22 16:16:20,899][0m Trial 857 finished with value: 0.8394295389274008 and parameters: {'n_estimators': 890, 'min_samples_split': 0.0280568556292397, 'min_samples_leaf': 0.009681658156834453, 'min_weight_fraction_leaf': 0.008173257583629995, 'max_features': 0.29968025968455025, 'bootstrap': False, 'max_samples': 0.11719652517068829}. Best is trial 784 with value: 0.8411330872952079.[0m
[32m[I 2022-04-22 16:19:03,490][0m Trial 858 finished with value: 0.836343033347674 and parameters: {'n_estimators': 923, 'min_samples_split': 0.019632878337635044, 'min_samples_leaf': 0.02461611848745386, 'min_weight_fraction_leaf': 0.021554820882235946, 'max_features': 0.2753039777279857, 'bootstrap': False, 'max_samples': 0.16574522973322686}. Best is trial 784 with value: 0.8411330872952079.[0m
[32m[I 2022-04-22 16:22:35,891][0m Trial 859 finished with value: 0.8407458974996243 and parameters: {'n_estimators': 844, 'min_samples_split': 0.033745891799098635, 'min_samples_leaf': 0.016757365398745713, 'min_weight_fraction_leaf': 0.008901555484023937, 'max_features': 0.24846013064420533, 'bootstrap': False, 'max_samples': 0.034084417123208026}. Best is trial 784 with value: 0.8411330872952079.[0m
[32m[I 2022-04-22 16:23:55,071][0m Trial 860 finished with value: 0.833890661453602 and parameters: {'n_estimators': 792, 'min_samples_split': 0.010257498151515495, 'min_samples_leaf': 0.04461482169402016, 'min_weight_fraction_leaf': 0.029043483327165553, 'max_features': 0.23799149252827895, 'bootstrap': False, 'max_samples': 0.023142421537594576}. Best is trial 784 with value: 0.8411330872952079.[0m
[32m[I 2022-04-22 16:26:03,430][0m Trial 861 finished with value: 0.8329835594499858 and parameters: {'n_estimators': 821, 'min_samples_split': 0.02565861271354021, 'min_samples_leaf': 0.035784956173375855, 'min_weight_fraction_leaf': 0.00019580499499793902, 'max_features': 0.32736207020425484, 'bootstrap': False, 'max_samples': 0.010140647651242861}. Best is trial 784 with value: 0.8411330872952079.[0m
[32m[I 2022-04-22 16:27:32,350][0m Trial 862 finished with value: 0.8338619109788576 and parameters: {'n_estimators': 739, 'min_samples_split': 0.038241127675705054, 'min_samples_leaf': 0.05023613316750598, 'min_weight_fraction_leaf': 0.01769027984612589, 'max_features': 0.2857799184012907, 'bootstrap': False, 'max_samples': 0.0013093987320339229}. Best is trial 784 with value: 0.8411330872952079.[0m
[32m[I 2022-04-22 16:29:51,921][0m Trial 863 finished with value: 0.8366338483940364 and parameters: {'n_estimators': 841, 'min_samples_split': 0.016573287911721666, 'min_samples_leaf': 0.02854346538586857, 'min_weight_fraction_leaf': 0.009527258003778181, 'max_features': 0.2658816258864705, 'bootstrap': False, 'max_samples': 0.0460904666226002}. Best is trial 784 with value: 0.8411330872952079.[0m
[32m[I 2022-04-22 16:33:16,474][0m Trial 864 finished with value: 0.838078133218815 and parameters: {'n_estimators': 786, 'min_samples_split': 0.04398099354710891, 'min_samples_leaf': 0.02224715289305357, 'min_weight_fraction_leaf': 0.00020445043847801617, 'max_features': 0.34613018520353206, 'bootstrap': False, 'max_samples': 0.037984820855809724}. Best is trial 784 with value: 0.8411330872952079.[0m
[32m[I 2022-04-22 16:35:02,879][0m Trial 865 finished with value: 0.8326879470286052 and parameters: {'n_estimators': 829, 'min_samples_split': 0.18437034293932641, 'min_samples_leaf': 0.03916955685137706, 'min_weight_fraction_leaf': 0.01869567637813143, 'max_features': 0.31077716782974873, 'bootstrap': False, 'max_samples': 0.03657837994282935}. Best is trial 784 with value: 0.8411330872952079.[0m
[32m[I 2022-04-22 16:37:11,320][0m Trial 866 finished with value: 0.8342270882393077 and parameters: {'n_estimators': 859, 'min_samples_split': 0.03096466785226937, 'min_samples_leaf': 0.01939388521970776, 'min_weight_fraction_leaf': 0.041479345261514006, 'max_features': 0.23951685505908038, 'bootstrap': False, 'max_samples': 0.050167331484068364}. Best is trial 784 with value: 0.8411330872952079.[0m
[32m[I 2022-04-22 16:37:33,123][0m Trial 867 finished with value: 0.7844087230402245 and parameters: {'n_estimators': 804, 'min_samples_split': 0.021544605451006456, 'min_samples_leaf': 0.031538199528312764, 'min_weight_fraction_leaf': 0.4218372350126637, 'max_features': 0.2612627278913927, 'bootstrap': False, 'max_samples': 0.06757011710745443}. Best is trial 784 with value: 0.8411330872952079.[0m
[32m[I 2022-04-22 16:38:19,828][0m Trial 868 finished with value: 0.8362010553842538 and parameters: {'n_estimators': 221, 'min_samples_split': 0.010185102692047778, 'min_samples_leaf': 0.01800859537885411, 'min_weight_fraction_leaf': 0.028039569924581738, 'max_features': 0.2856510918141032, 'bootstrap': False, 'max_samples': 0.04165521269488212}. Best is trial 784 with value: 0.8411330872952079.[0m
[32m[I 2022-04-22 16:40:22,678][0m Trial 869 finished with value: 0.8381237172887145 and parameters: {'n_estimators': 758, 'min_samples_split': 0.03427192249167668, 'min_samples_leaf': 0.024313305691373598, 'min_weight_fraction_leaf': 0.009691610052397987, 'max_features': 0.23416828827756683, 'bootstrap': False, 'max_samples': 0.033896618241296354}. Best is trial 784 with value: 0.8411330872952079.[0m
[32m[I 2022-04-22 16:44:48,497][0m Trial 870 finished with value: 0.8401049108088072 and parameters: {'n_estimators': 848, 'min_samples_split': 0.04443101348988518, 'min_samples_leaf': 0.01059695360022802, 'min_weight_fraction_leaf': 0.01626884936877278, 'max_features': 0.2991193177514518, 'bootstrap': False, 'max_samples': 0.0894761897942826}. Best is trial 784 with value: 0.8411330872952079.[0m
[32m[I 2022-04-22 16:48:12,324][0m Trial 871 finished with value: 0.8345334503706366 and parameters: {'n_estimators': 810, 'min_samples_split': 0.04684490175159314, 'min_samples_leaf': 0.010065339787246969, 'min_weight_fraction_leaf': 0.03742399135090549, 'max_features': 0.3204594602525827, 'bootstrap': False, 'max_samples': 0.018185758710294375}. Best is trial 784 with value: 0.8411330872952079.[0m
[32m[I 2022-04-22 16:52:00,113][0m Trial 872 finished with value: 0.8343131535187427 and parameters: {'n_estimators': 856, 'min_samples_split': 0.049301584787706076, 'min_samples_leaf': 0.010619485275154163, 'min_weight_fraction_leaf': 0.031341131016599626, 'max_features': 0.3340014118119794, 'bootstrap': False, 'max_samples': 0.0726804661483331}. Best is trial 784 with value: 0.8411330872952079.[0m
[32m[I 2022-04-22 16:55:34,260][0m Trial 873 finished with value: 0.8372531833142718 and parameters: {'n_estimators': 781, 'min_samples_split': 0.04317265200036378, 'min_samples_leaf': 0.010450084818985277, 'min_weight_fraction_leaf': 0.02719064156906119, 'max_features': 0.291683140798146, 'bootstrap': False, 'max_samples': 0.06642959365501881}. Best is trial 784 with value: 0.8411330872952079.[0m
[32m[I 2022-04-22 17:00:21,847][0m Trial 874 finished with value: 0.8378274347115247 and parameters: {'n_estimators': 740, 'min_samples_split': 0.023301773386984588, 'min_samples_leaf': 0.0010008443216187966, 'min_weight_fraction_leaf': 0.020835505020657324, 'max_features': 0.3077282317604095, 'bootstrap': False, 'max_samples': 0.09560327225355011}. Best is trial 784 with value: 0.8411330872952079.[0m
[32m[I 2022-04-22 17:02:25,348][0m Trial 875 finished with value: 0.8335627467284106 and parameters: {'n_estimators': 831, 'min_samples_split': 0.009633932321815862, 'min_samples_leaf': 0.029234276395132645, 'min_weight_fraction_leaf': 0.047104755344655996, 'max_features': 0.3016913572121681, 'bootstrap': False, 'max_samples': 0.06194902356932884}. Best is trial 784 with value: 0.8411330872952079.[0m
[32m[I 2022-04-22 17:05:50,783][0m Trial 876 finished with value: 0.8383431585608999 and parameters: {'n_estimators': 848, 'min_samples_split': 0.05326154457749961, 'min_samples_leaf': 0.0194453892532737, 'min_weight_fraction_leaf': 0.021085738161035227, 'max_features': 0.3471035425380656, 'bootstrap': False, 'max_samples': 0.09736276258999363}. Best is trial 784 with value: 0.8411330872952079.[0m
[32m[I 2022-04-22 17:08:10,123][0m Trial 877 finished with value: 0.8348880560977016 and parameters: {'n_estimators': 803, 'min_samples_split': 0.028730140335055408, 'min_samples_leaf': 0.01691907573982585, 'min_weight_fraction_leaf': 0.03391851196425862, 'max_features': 0.25565327686263783, 'bootstrap': False, 'max_samples': 0.052537905698956375}. Best is trial 784 with value: 0.8411330872952079.[0m
[32m[I 2022-04-22 17:12:37,337][0m Trial 878 finished with value: 0.8388421398071735 and parameters: {'n_estimators': 779, 'min_samples_split': 0.04125304412578449, 'min_samples_leaf': 0.010266976321622724, 'min_weight_fraction_leaf': 0.018300378651014443, 'max_features': 0.3219021142220152, 'bootstrap': False, 'max_samples': 0.6529901483540601}. Best is trial 784 with value: 0.8411330872952079.[0m
[32m[I 2022-04-22 17:14:19,449][0m Trial 879 finished with value: 0.8363300938760988 and parameters: {'n_estimators': 873, 'min_samples_split': 0.01892841231438773, 'min_samples_leaf': 0.03591021846578654, 'min_weight_fraction_leaf': 0.015336167533694132, 'max_features': 0.23593563078653035, 'bootstrap': False, 'max_samples': 0.03266191996852752}. Best is trial 784 with value: 0.8411330872952079.[0m
[32m[I 2022-04-22 17:18:02,261][0m Trial 880 finished with value: 0.8368263526498655 and parameters: {'n_estimators': 864, 'min_samples_split': 0.033317137581536274, 'min_samples_leaf': 0.001069049389268285, 'min_weight_fraction_leaf': 0.027954757028321803, 'max_features': 0.2696806338451245, 'bootstrap': False, 'max_samples': 0.11412032674544323}. Best is trial 784 with value: 0.8411330872952079.[0m
[32m[I 2022-04-22 17:20:02,438][0m Trial 881 finished with value: 0.8356530239432363 and parameters: {'n_estimators': 734, 'min_samples_split': 0.0010285304918437894, 'min_samples_leaf': 0.026669710508602028, 'min_weight_fraction_leaf': 0.04051555911056032, 'max_features': 0.3002881181285386, 'bootstrap': False, 'max_samples': 0.08497502032017389}. Best is trial 784 with value: 0.8411330872952079.[0m
[32m[I 2022-04-22 17:23:00,180][0m Trial 882 finished with value: 0.8398537456811456 and parameters: {'n_estimators': 824, 'min_samples_split': 0.017288556609673163, 'min_samples_leaf': 0.017453579226507532, 'min_weight_fraction_leaf': 0.010868664523555213, 'max_features': 0.2533716373966392, 'bootstrap': False, 'max_samples': 0.15359837521227265}. Best is trial 784 with value: 0.8411330872952079.[0m
[32m[I 2022-04-22 17:23:38,116][0m Trial 883 finished with value: 0.7910619632831574 and parameters: {'n_estimators': 884, 'min_samples_split': 0.04582137502124563, 'min_samples_leaf': 0.009800971252489236, 'min_weight_fraction_leaf': 0.27446676086455934, 'max_features': 0.28352226185089546, 'bootstrap': False, 'max_samples': 0.1825468912348447}. Best is trial 784 with value: 0.8411330872952079.[0m
[32m[I 2022-04-22 17:25:39,180][0m Trial 884 finished with value: 0.8379090853757818 and parameters: {'n_estimators': 792, 'min_samples_split': 0.02389439161854696, 'min_samples_leaf': 0.02547580397190831, 'min_weight_fraction_leaf': 0.017559652272210326, 'max_features': 0.23238709213768646, 'bootstrap': False, 'max_samples': 0.7124478275994752}. Best is trial 784 with value: 0.8411330872952079.[0m
[32m[I 2022-04-22 17:27:16,592][0m Trial 885 finished with value: 0.8344567106996003 and parameters: {'n_estimators': 849, 'min_samples_split': 0.03685240080002688, 'min_samples_leaf': 0.04188117016973149, 'min_weight_fraction_leaf': 0.02527324117885498, 'max_features': 0.2617283208131946, 'bootstrap': False, 'max_samples': 0.10969356481896617}. Best is trial 784 with value: 0.8411330872952079.[0m
[32m[I 2022-04-22 17:32:29,377][0m Trial 886 finished with value: 0.8400651985517962 and parameters: {'n_estimators': 893, 'min_samples_split': 0.051300074834654284, 'min_samples_leaf': 0.009655435754670328, 'min_weight_fraction_leaf': 0.011472997031618616, 'max_features': 0.30073408001548924, 'bootstrap': False, 'max_samples': 0.0854563980559516}. Best is trial 784 with value: 0.8411330872952079.[0m
[32m[I 2022-04-22 17:32:35,339][0m Trial 887 finished with value: 0.7748163541322829 and parameters: {'n_estimators': 896, 'min_samples_split': 0.41865652816871024, 'min_samples_leaf': 0.4749941336184542, 'min_weight_fraction_leaf': 0.009092261346876188, 'max_features': 0.3394400881830498, 'bootstrap': False, 'max_samples': 0.07670469129892463}. Best is trial 784 with value: 0.8411330872952079.[0m
[32m[I 2022-04-22 17:33:29,120][0m Trial 888 finished with value: 0.8132087353549414 and parameters: {'n_estimators': 888, 'min_samples_split': 0.029087811022332308, 'min_samples_leaf': 0.010026282010523215, 'min_weight_fraction_leaf': 0.22001022391307898, 'max_features': 0.31480610000407283, 'bootstrap': False, 'max_samples': 0.05684008361154877}. Best is trial 784 with value: 0.8411330872952079.[0m
[32m[I 2022-04-22 17:38:01,054][0m Trial 889 finished with value: 0.8391021038803782 and parameters: {'n_estimators': 897, 'min_samples_split': 0.04137900634705177, 'min_samples_leaf': 0.009792754463043379, 'min_weight_fraction_leaf': 0.00843727155612027, 'max_features': 0.23041062041126778, 'bootstrap': False, 'max_samples': 0.08956874130136668}. Best is trial 784 with value: 0.8411330872952079.[0m
[32m[I 2022-04-22 17:39:24,927][0m Trial 890 finished with value: 0.8281051569248616 and parameters: {'n_estimators': 862, 'min_samples_split': 0.461248827337737, 'min_samples_leaf': 0.019222990063937087, 'min_weight_fraction_leaf': 0.009363202918764331, 'max_features': 0.2775496064417633, 'bootstrap': False, 'max_samples': 0.10035438584653282}. Best is trial 784 with value: 0.8411330872952079.[0m
[32m[I 2022-04-22 17:40:39,471][0m Trial 891 finished with value: 0.8261216511643614 and parameters: {'n_estimators': 899, 'min_samples_split': 0.480902978952778, 'min_samples_leaf': 0.03138964017331788, 'min_weight_fraction_leaf': 0.02387095870858735, 'max_features': 0.3025202120126972, 'bootstrap': False, 'max_samples': 0.02669365841991329}. Best is trial 784 with value: 0.8411330872952079.[0m
[32m[I 2022-04-22 17:43:44,050][0m Trial 892 finished with value: 0.8352936069055479 and parameters: {'n_estimators': 923, 'min_samples_split': 0.011030601688377419, 'min_samples_leaf': 0.008370423021848658, 'min_weight_fraction_leaf': 0.035068828867080806, 'max_features': 0.2509610997595438, 'bootstrap': False, 'max_samples': 0.12992404792081014}. Best is trial 784 with value: 0.8411330872952079.[0m
[32m[I 2022-04-22 17:47:34,747][0m Trial 893 finished with value: 0.8389765377938717 and parameters: {'n_estimators': 845, 'min_samples_split': 0.03177759163500649, 'min_samples_leaf': 0.0189798331897702, 'min_weight_fraction_leaf': 0.015912400947913102, 'max_features': 0.32534200983777045, 'bootstrap': False, 'max_samples': 0.06970272483084632}. Best is trial 784 with value: 0.8411330872952079.[0m
[32m[I 2022-04-22 17:49:01,189][0m Trial 894 finished with value: 0.8238268513481433 and parameters: {'n_estimators': 919, 'min_samples_split': 0.05206530423568967, 'min_samples_leaf': 0.00872299080719415, 'min_weight_fraction_leaf': 0.12896221205626693, 'max_features': 0.28012667061481933, 'bootstrap': False, 'max_samples': 0.086958478010191}. Best is trial 784 with value: 0.8411330872952079.[0m
[32m[I 2022-04-22 17:49:20,536][0m Trial 895 finished with value: 0.7767841725852179 and parameters: {'n_estimators': 872, 'min_samples_split': 0.018936143528402435, 'min_samples_leaf': 0.0262343170204261, 'min_weight_fraction_leaf': 0.4678857849004429, 'max_features': 0.2212961055934145, 'bootstrap': False, 'max_samples': 0.0010532015729806735}. Best is trial 784 with value: 0.8411330872952079.[0m
[32m[I 2022-04-22 17:55:49,669][0m Trial 896 finished with value: 0.8397996913324117 and parameters: {'n_estimators': 830, 'min_samples_split': 0.02634607831069026, 'min_samples_leaf': 0.0014789823349556138, 'min_weight_fraction_leaf': 0.009101547312921524, 'max_features': 0.24926475687533584, 'bootstrap': False, 'max_samples': 0.11697899413076451}. Best is trial 784 with value: 0.8411330872952079.[0m
[32m[I 2022-04-22 17:59:00,003][0m Trial 897 finished with value: 0.8324532654941533 and parameters: {'n_estimators': 924, 'min_samples_split': 0.04195925794236877, 'min_samples_leaf': 0.0011493924081842077, 'min_weight_fraction_leaf': 0.05776733074426306, 'max_features': 0.29953390339242364, 'bootstrap': False, 'max_samples': 0.05293046382667339}. Best is trial 784 with value: 0.8411330872952079.[0m
[32m[I 2022-04-22 17:59:28,842][0m Trial 898 finished with value: 0.8229135171148594 and parameters: {'n_estimators': 878, 'min_samples_split': 0.016531808832442714, 'min_samples_leaf': 0.134874493003169, 'min_weight_fraction_leaf': 0.0240006946156963, 'max_features': 0.2683004496145937, 'bootstrap': False, 'max_samples': 0.10276072897570823}. Best is trial 784 with value: 0.8411330872952079.[0m
[32m[I 2022-04-22 18:02:12,285][0m Trial 899 finished with value: 0.8393045614034185 and parameters: {'n_estimators': 821, 'min_samples_split': 0.03458191938798503, 'min_samples_leaf': 0.019683226127750947, 'min_weight_fraction_leaf': 0.007521337736609906, 'max_features': 0.23484199959645471, 'bootstrap': False, 'max_samples': 0.1419489119648651}. Best is trial 784 with value: 0.8411330872952079.[0m
[32m[I 2022-04-22 18:05:32,391][0m Trial 900 finished with value: 0.839445785669286 and parameters: {'n_estimators': 919, 'min_samples_split': 0.010880378667329944, 'min_samples_leaf': 0.01722269363161001, 'min_weight_fraction_leaf': 0.017382214145669702, 'max_features': 0.2593427302138474, 'bootstrap': False, 'max_samples': 0.07868588908166382}. Best is trial 784 with value: 0.8411330872952079.[0m
[32m[I 2022-04-22 18:07:09,660][0m Trial 901 finished with value: 0.8357616864935892 and parameters: {'n_estimators': 869, 'min_samples_split': 0.04952572579636971, 'min_samples_leaf': 0.03505140813277106, 'min_weight_fraction_leaf': 0.0004598554428574351, 'max_features': 0.2210535880265064, 'bootstrap': False, 'max_samples': 0.1294233246530159}. Best is trial 784 with value: 0.8411330872952079.[0m
[32m[I 2022-04-22 18:08:38,173][0m Trial 902 finished with value: 0.8322616079202018 and parameters: {'n_estimators': 844, 'min_samples_split': 0.025348273417338755, 'min_samples_leaf': 0.05216300037285661, 'min_weight_fraction_leaf': 0.03299275222677517, 'max_features': 0.2969158444796553, 'bootstrap': False, 'max_samples': 0.17360046208116875}. Best is trial 784 with value: 0.8411330872952079.[0m
[32m[I 2022-04-22 18:10:22,194][0m Trial 903 finished with value: 0.8378658276163631 and parameters: {'n_estimators': 304, 'min_samples_split': 0.03920292026734362, 'min_samples_leaf': 0.01157984644466161, 'min_weight_fraction_leaf': 0.016939699305486788, 'max_features': 0.3485503337250436, 'bootstrap': False, 'max_samples': 0.04154025717704919}. Best is trial 784 with value: 0.8411330872952079.[0m
[32m[I 2022-04-22 18:11:22,183][0m Trial 904 finished with value: 0.8299959581554475 and parameters: {'n_estimators': 923, 'min_samples_split': 0.00776029572913034, 'min_samples_leaf': 0.08573989976883283, 'min_weight_fraction_leaf': 0.02496769074471465, 'max_features': 0.3163734262588255, 'bootstrap': False, 'max_samples': 0.10359061279406488}. Best is trial 784 with value: 0.8411330872952079.[0m
