[32m[I 2022-04-21 12:38:34,135][0m Trial 908 finished with value: 0.842952376884214 and parameters: {'n_estimators': 104, 'min_samples_split': 0.01891243320795425, 'min_samples_leaf': 0.054763430703973374, 'min_weight_fraction_leaf': 0.2176821465290107, 'max_features': 0.3607714589109094, 'bootstrap': True, 'max_samples': 0.9501626355816177, 'oob_score': True}. Best is trial 813 with value: 0.844738016450119.[0m
[32m[I 2022-04-21 12:38:37,305][0m Trial 909 finished with value: 0.8449176484384164 and parameters: {'n_estimators': 112, 'min_samples_split': 0.0897212163786322, 'min_samples_leaf': 0.0344133834565242, 'min_weight_fraction_leaf': 0.20679088798137754, 'max_features': 0.28726723885001004, 'bootstrap': True, 'max_samples': 0.9041881028529514, 'oob_score': True}. Best is trial 909 with value: 0.8449176484384164.[0m
[32m[I 2022-04-21 12:38:40,807][0m Trial 910 finished with value: 0.8425654298350229 and parameters: {'n_estimators': 120, 'min_samples_split': 0.3995890476788593, 'min_samples_leaf': 0.03609614104004062, 'min_weight_fraction_leaf': 0.1866004744750703, 'max_features': 0.29054589141489456, 'bootstrap': True, 'max_samples': 0.8764138364391689, 'oob_score': True}. Best is trial 909 with value: 0.8449176484384164.[0m
[32m[I 2022-04-21 12:38:43,974][0m Trial 911 finished with value: 0.8422373875176639 and parameters: {'n_estimators': 125, 'min_samples_split': 0.08314999537318415, 'min_samples_leaf': 0.010339110806961743, 'min_weight_fraction_leaf': 0.20825184203647107, 'max_features': 0.30028592364463236, 'bootstrap': True, 'max_samples': 0.8469645871860716, 'oob_score': True}. Best is trial 909 with value: 0.8449176484384164.[0m
[32m[I 2022-04-21 12:38:47,195][0m Trial 912 finished with value: 0.8425654298350229 and parameters: {'n_estimators': 133, 'min_samples_split': 0.05819299135101923, 'min_samples_leaf': 0.02644888470673647, 'min_weight_fraction_leaf': 0.1983619876198414, 'max_features': 0.3017129687511588, 'bootstrap': True, 'max_samples': 0.9019595772079648, 'oob_score': True}. Best is trial 909 with value: 0.8449176484384164.[0m
[32m[I 2022-04-21 12:38:50,343][0m Trial 913 finished with value: 0.8436327612797718 and parameters: {'n_estimators': 117, 'min_samples_split': 0.065542264784885, 'min_samples_leaf': 0.04751607524909664, 'min_weight_fraction_leaf': 0.20604437344158924, 'max_features': 0.2836670782664292, 'bootstrap': True, 'max_samples': 0.8919669598925393, 'oob_score': True}. Best is trial 909 with value: 0.8449176484384164.[0m
[32m[I 2022-04-21 12:38:52,743][0m Trial 914 finished with value: 0.8424541508018741 and parameters: {'n_estimators': 114, 'min_samples_split': 0.026953846131201976, 'min_samples_leaf': 0.022636199427997356, 'min_weight_fraction_leaf': 0.24205064330360737, 'max_features': 0.33928361056124323, 'bootstrap': True, 'max_samples': 0.9334804924998309, 'oob_score': False}. Best is trial 909 with value: 0.8449176484384164.[0m
[32m[I 2022-04-21 12:38:56,118][0m Trial 915 finished with value: 0.8424541508018741 and parameters: {'n_estimators': 112, 'min_samples_split': 0.08417807508518527, 'min_samples_leaf': 0.03311806111443597, 'min_weight_fraction_leaf': 0.22918535210290958, 'max_features': 0.39068626986151106, 'bootstrap': True, 'max_samples': 0.9058609323523112, 'oob_score': True}. Best is trial 909 with value: 0.8449176484384164.[0m
[32m[I 2022-04-21 12:38:59,285][0m Trial 916 finished with value: 0.8425654298350229 and parameters: {'n_estimators': 111, 'min_samples_split': 0.008960056503217215, 'min_samples_leaf': 0.052273672297748194, 'min_weight_fraction_leaf': 0.18831446003358993, 'max_features': 0.2779031950046529, 'bootstrap': True, 'max_samples': 0.8753180040925055, 'oob_score': True}. Best is trial 909 with value: 0.8449176484384164.[0m
[32m[I 2022-04-21 12:39:02,344][0m Trial 917 finished with value: 0.8423470543447079 and parameters: {'n_estimators': 103, 'min_samples_split': 0.11326200030440928, 'min_samples_leaf': 0.04362303291283935, 'min_weight_fraction_leaf': 0.19980451835862287, 'max_features': 0.3083197864951214, 'bootstrap': True, 'max_samples': 0.9199987171213126, 'oob_score': True}. Best is trial 909 with value: 0.8449176484384164.[0m
[32m[I 2022-04-21 12:39:05,617][0m Trial 918 finished with value: 0.8413488956315269 and parameters: {'n_estimators': 121, 'min_samples_split': 0.05166576505175074, 'min_samples_leaf': 0.021097754958947126, 'min_weight_fraction_leaf': 0.2197110473059118, 'max_features': 0.2860961000211685, 'bootstrap': True, 'max_samples': 0.861088279851745, 'oob_score': True}. Best is trial 909 with value: 0.8449176484384164.[0m
[32m[I 2022-04-21 12:39:08,668][0m Trial 919 finished with value: 0.842992769059277 and parameters: {'n_estimators': 110, 'min_samples_split': 0.0836440080430198, 'min_samples_leaf': 0.03445378186252726, 'min_weight_fraction_leaf': 0.2097280633369604, 'max_features': 0.36971662846598197, 'bootstrap': True, 'max_samples': 0.8917931135597232, 'oob_score': True}. Best is trial 909 with value: 0.8449176484384164.[0m
[32m[I 2022-04-21 12:39:11,933][0m Trial 920 finished with value: 0.8424826643283186 and parameters: {'n_estimators': 118, 'min_samples_split': 0.10279272222894778, 'min_samples_leaf': 0.06050052895311511, 'min_weight_fraction_leaf': 0.19597061883905628, 'max_features': 0.3135695279501028, 'bootstrap': True, 'max_samples': 0.9370883652560337, 'oob_score': True}. Best is trial 909 with value: 0.8449176484384164.[0m
[32m[I 2022-04-21 12:39:14,795][0m Trial 921 finished with value: 0.65 and parameters: {'n_estimators': 116, 'min_samples_split': 0.04156945811739009, 'min_samples_leaf': 0.01712419599584256, 'min_weight_fraction_leaf': 0.48188700143521224, 'max_features': 0.33217057910655795, 'bootstrap': True, 'max_samples': 0.9073774544946649, 'oob_score': True}. Best is trial 909 with value: 0.8449176484384164.[0m
[32m[I 2022-04-21 12:39:17,721][0m Trial 922 finished with value: 0.8419987382571449 and parameters: {'n_estimators': 107, 'min_samples_split': 0.002231567600664481, 'min_samples_leaf': 0.03028019459279063, 'min_weight_fraction_leaf': 0.20466022684096896, 'max_features': 0.4169498440537314, 'bootstrap': True, 'max_samples': 0.9538697142591012, 'oob_score': True}. Best is trial 909 with value: 0.8449176484384164.[0m
[32m[I 2022-04-21 12:39:20,820][0m Trial 923 finished with value: 0.8420262014977082 and parameters: {'n_estimators': 112, 'min_samples_split': 0.024015026582329763, 'min_samples_leaf': 0.017129739106407343, 'min_weight_fraction_leaf': 0.2216128733422988, 'max_features': 0.3568474353081928, 'bootstrap': True, 'max_samples': 0.9388277481190614, 'oob_score': True}. Best is trial 909 with value: 0.8449176484384164.[0m
[32m[I 2022-04-21 12:39:23,597][0m Trial 924 finished with value: 0.8412071873688278 and parameters: {'n_estimators': 105, 'min_samples_split': 0.09460816403021155, 'min_samples_leaf': 0.022106731603358937, 'min_weight_fraction_leaf': 0.2307376758490361, 'max_features': 0.38456841793921454, 'bootstrap': True, 'max_samples': 0.9238340312072644, 'oob_score': True}. Best is trial 909 with value: 0.8449176484384164.[0m
[32m[I 2022-04-21 12:39:26,849][0m Trial 925 finished with value: 0.8419938509939147 and parameters: {'n_estimators': 124, 'min_samples_split': 0.072863491883648, 'min_samples_leaf': 0.03617313208195181, 'min_weight_fraction_leaf': 0.18719225189143746, 'max_features': 0.3157578314887325, 'bootstrap': True, 'max_samples': 0.8895936269552588, 'oob_score': True}. Best is trial 909 with value: 0.8449176484384164.[0m
[32m[I 2022-04-21 12:39:29,869][0m Trial 926 finished with value: 0.7254282235217255 and parameters: {'n_estimators': 104, 'min_samples_split': 0.021548646149689685, 'min_samples_leaf': 0.043937046928255175, 'min_weight_fraction_leaf': 0.32579895202732667, 'max_features': 0.32759021715226516, 'bootstrap': True, 'max_samples': 0.8372851943188787, 'oob_score': True}. Best is trial 909 with value: 0.8449176484384164.[0m
[32m[I 2022-04-21 12:39:33,397][0m Trial 927 finished with value: 0.65 and parameters: {'n_estimators': 113, 'min_samples_split': 0.018882739184259246, 'min_samples_leaf': 0.3467699765644665, 'min_weight_fraction_leaf': 0.21734195725068226, 'max_features': 0.337174654602797, 'bootstrap': True, 'max_samples': 0.9503168781191771, 'oob_score': True}. Best is trial 909 with value: 0.8449176484384164.[0m
[32m[I 2022-04-21 12:39:36,329][0m Trial 928 finished with value: 0.8411283739286445 and parameters: {'n_estimators': 109, 'min_samples_split': 0.0010240011550254214, 'min_samples_leaf': 0.026188817544487295, 'min_weight_fraction_leaf': 0.19825382733502273, 'max_features': 0.37175266361682957, 'bootstrap': True, 'max_samples': 0.869943624621064, 'oob_score': True}. Best is trial 909 with value: 0.8449176484384164.[0m
[32m[I 2022-04-21 12:39:39,266][0m Trial 929 finished with value: 0.8438115734916497 and parameters: {'n_estimators': 104, 'min_samples_split': 0.08946321460278786, 'min_samples_leaf': 0.022633085412667772, 'min_weight_fraction_leaf': 0.21194792585295846, 'max_features': 0.2858856258418683, 'bootstrap': True, 'max_samples': 0.9343129136021793, 'oob_score': True}. Best is trial 909 with value: 0.8449176484384164.[0m
[32m[I 2022-04-21 12:39:51,941][0m Trial 930 finished with value: 0.8415793802799222 and parameters: {'n_estimators': 972, 'min_samples_split': 0.08937769542000074, 'min_samples_leaf': 0.03696992200435853, 'min_weight_fraction_leaf': 0.24136506291468451, 'max_features': 0.35125893448101925, 'bootstrap': True, 'max_samples': 0.908724988670955, 'oob_score': True}. Best is trial 909 with value: 0.8449176484384164.[0m
[32m[I 2022-04-21 12:39:54,760][0m Trial 931 finished with value: 0.8412071873688278 and parameters: {'n_estimators': 108, 'min_samples_split': 0.1170651440945898, 'min_samples_leaf': 0.010650358277065921, 'min_weight_fraction_leaf': 0.22695463036568514, 'max_features': 0.3166540248351139, 'bootstrap': True, 'max_samples': 0.9099069517648011, 'oob_score': True}. Best is trial 909 with value: 0.8449176484384164.[0m
[32m[I 2022-04-21 12:39:57,754][0m Trial 932 finished with value: 0.8425654298350229 and parameters: {'n_estimators': 118, 'min_samples_split': 0.0011041276715289573, 'min_samples_leaf': 0.001253347456364645, 'min_weight_fraction_leaf': 0.21497991349977844, 'max_features': 0.3951744598854823, 'bootstrap': True, 'max_samples': 0.9560464008872182, 'oob_score': True}. Best is trial 909 with value: 0.8449176484384164.[0m
[32m[I 2022-04-21 12:40:00,696][0m Trial 933 finished with value: 0.8438115734916497 and parameters: {'n_estimators': 103, 'min_samples_split': 0.1084582382997278, 'min_samples_leaf': 0.0068948853539475465, 'min_weight_fraction_leaf': 0.21180076351666485, 'max_features': 0.3197536807535209, 'bootstrap': True, 'max_samples': 0.9320292109758997, 'oob_score': True}. Best is trial 909 with value: 0.8449176484384164.[0m
[32m[I 2022-04-21 12:40:03,640][0m Trial 934 finished with value: 0.8420407607788543 and parameters: {'n_estimators': 113, 'min_samples_split': 0.4863628806946147, 'min_samples_leaf': 0.0564034419315764, 'min_weight_fraction_leaf': 0.1938274728754857, 'max_features': 0.30499695129870114, 'bootstrap': True, 'max_samples': 0.8819591646679318, 'oob_score': False}. Best is trial 909 with value: 0.8449176484384164.[0m
[32m[I 2022-04-21 12:40:06,841][0m Trial 935 finished with value: 0.8425654298350229 and parameters: {'n_estimators': 107, 'min_samples_split': 0.10322123363072037, 'min_samples_leaf': 0.048396050621837675, 'min_weight_fraction_leaf': 0.1989165446544138, 'max_features': 0.38194198779758776, 'bootstrap': True, 'max_samples': 0.9279847525489279, 'oob_score': True}. Best is trial 909 with value: 0.8449176484384164.[0m
[32m[I 2022-04-21 12:40:09,583][0m Trial 936 finished with value: 0.8405494012959667 and parameters: {'n_estimators': 109, 'min_samples_split': 0.035357304271815486, 'min_samples_leaf': 0.040081222651512885, 'min_weight_fraction_leaf': 0.23396361126030507, 'max_features': 0.2903936589560846, 'bootstrap': True, 'max_samples': 0.8581029258514519, 'oob_score': True}. Best is trial 909 with value: 0.8449176484384164.[0m
[32m[I 2022-04-21 12:40:12,819][0m Trial 937 finished with value: 0.8438123932680692 and parameters: {'n_estimators': 117, 'min_samples_split': 0.06911013863962939, 'min_samples_leaf': 0.03138357334579184, 'min_weight_fraction_leaf': 0.20648700100057737, 'max_features': 0.3052578196665754, 'bootstrap': True, 'max_samples': 0.9001837870668719, 'oob_score': True}. Best is trial 909 with value: 0.8449176484384164.[0m
[32m[I 2022-04-21 12:40:16,229][0m Trial 938 finished with value: 0.8417262325008246 and parameters: {'n_estimators': 122, 'min_samples_split': 0.08399862054033988, 'min_samples_leaf': 0.026152437377439414, 'min_weight_fraction_leaf': 0.20970889397922698, 'max_features': 0.4309822082645714, 'bootstrap': True, 'max_samples': 0.8915668183453647, 'oob_score': True}. Best is trial 909 with value: 0.8449176484384164.[0m
[32m[I 2022-04-21 12:40:19,442][0m Trial 939 finished with value: 0.8420766165006193 and parameters: {'n_estimators': 124, 'min_samples_split': 0.0735232476286413, 'min_samples_leaf': 0.028051399503887332, 'min_weight_fraction_leaf': 0.18524217557244477, 'max_features': 0.3673329054231497, 'bootstrap': True, 'max_samples': 0.8703674382147838, 'oob_score': True}. Best is trial 909 with value: 0.8449176484384164.[0m
[32m[I 2022-04-21 12:40:22,141][0m Trial 940 finished with value: 0.8434523095150551 and parameters: {'n_estimators': 100, 'min_samples_split': 0.010150892294128792, 'min_samples_leaf': 0.03667347145382034, 'min_weight_fraction_leaf': 0.20606655717755937, 'max_features': 0.3338484807484846, 'bootstrap': True, 'max_samples': 0.9016416404028161, 'oob_score': True}. Best is trial 909 with value: 0.8449176484384164.[0m
[32m[I 2022-04-21 12:40:25,179][0m Trial 941 finished with value: 0.8413488956315269 and parameters: {'n_estimators': 130, 'min_samples_split': 0.026760920520810867, 'min_samples_leaf': 0.016117116829513677, 'min_weight_fraction_leaf': 0.22125624036912417, 'max_features': 0.34143495501122256, 'bootstrap': True, 'max_samples': 0.9043173474811406, 'oob_score': True}. Best is trial 909 with value: 0.8449176484384164.[0m
[32m[I 2022-04-21 12:40:28,205][0m Trial 942 finished with value: 0.8414392685741172 and parameters: {'n_estimators': 118, 'min_samples_split': 0.06731639140546639, 'min_samples_leaf': 0.0492690506776069, 'min_weight_fraction_leaf': 0.18639364016675758, 'max_features': 0.40552990925209953, 'bootstrap': True, 'max_samples': 0.8811754749202165, 'oob_score': True}. Best is trial 909 with value: 0.8449176484384164.[0m
[32m[I 2022-04-21 12:40:31,323][0m Trial 943 finished with value: 0.65 and parameters: {'n_estimators': 116, 'min_samples_split': 0.06154288194093704, 'min_samples_leaf': 0.27741512420037495, 'min_weight_fraction_leaf': 0.2226161813332134, 'max_features': 0.27873624042464934, 'bootstrap': True, 'max_samples': 0.9144996071143326, 'oob_score': True}. Best is trial 909 with value: 0.8449176484384164.[0m
[32m[I 2022-04-21 12:40:34,751][0m Trial 944 finished with value: 0.8423753373616908 and parameters: {'n_estimators': 139, 'min_samples_split': 0.09201427833358582, 'min_samples_leaf': 0.06085683373924191, 'min_weight_fraction_leaf': 0.1985280126815493, 'max_features': 0.3043012931044969, 'bootstrap': True, 'max_samples': 0.8860542738298027, 'oob_score': True}. Best is trial 909 with value: 0.8449176484384164.[0m
[32m[I 2022-04-21 12:40:37,835][0m Trial 945 finished with value: 0.65 and parameters: {'n_estimators': 120, 'min_samples_split': 0.017788495008322643, 'min_samples_leaf': 0.2600806681177321, 'min_weight_fraction_leaf': 0.20517253106158967, 'max_features': 0.35968624889904693, 'bootstrap': True, 'max_samples': 0.916322216701502, 'oob_score': True}. Best is trial 909 with value: 0.8449176484384164.[0m
[32m[I 2022-04-21 12:40:40,908][0m Trial 946 finished with value: 0.8412071873688278 and parameters: {'n_estimators': 113, 'min_samples_split': 0.01738772421658341, 'min_samples_leaf': 0.001715620233866292, 'min_weight_fraction_leaf': 0.23571783142533997, 'max_features': 0.3318676323928941, 'bootstrap': True, 'max_samples': 0.9563974127154833, 'oob_score': True}. Best is trial 909 with value: 0.8449176484384164.[0m
[32m[I 2022-04-21 12:40:44,066][0m Trial 947 finished with value: 0.8432578108482713 and parameters: {'n_estimators': 127, 'min_samples_split': 0.010125712572471964, 'min_samples_leaf': 0.04757475364488211, 'min_weight_fraction_leaf': 0.1939049514151187, 'max_features': 0.5088442114162619, 'bootstrap': True, 'max_samples': 0.8450300911027263, 'oob_score': True}. Best is trial 909 with value: 0.8449176484384164.[0m
[32m[I 2022-04-21 12:40:47,064][0m Trial 948 finished with value: 0.8425654298350229 and parameters: {'n_estimators': 116, 'min_samples_split': 0.07867137117234983, 'min_samples_leaf': 0.023683325844481413, 'min_weight_fraction_leaf': 0.20468954015927282, 'max_features': 0.2746749573174753, 'bootstrap': True, 'max_samples': 0.9357807295980125, 'oob_score': True}. Best is trial 909 with value: 0.8449176484384164.[0m
[32m[I 2022-04-21 12:40:50,094][0m Trial 949 finished with value: 0.8417262325008246 and parameters: {'n_estimators': 111, 'min_samples_split': 0.09473489199825076, 'min_samples_leaf': 0.03882814704182122, 'min_weight_fraction_leaf': 0.21750847000846174, 'max_features': 0.2858036028719516, 'bootstrap': True, 'max_samples': 0.8595089287744926, 'oob_score': True}. Best is trial 909 with value: 0.8449176484384164.[0m
[32m[I 2022-04-21 12:40:53,029][0m Trial 950 finished with value: 0.8424541508018741 and parameters: {'n_estimators': 110, 'min_samples_split': 0.07761359203439597, 'min_samples_leaf': 0.011301214753586954, 'min_weight_fraction_leaf': 0.2273825343956102, 'max_features': 0.30779671511373685, 'bootstrap': True, 'max_samples': 0.8998777722916561, 'oob_score': True}. Best is trial 909 with value: 0.8449176484384164.[0m
[32m[I 2022-04-21 12:40:55,973][0m Trial 951 finished with value: 0.8438312442009112 and parameters: {'n_estimators': 106, 'min_samples_split': 0.05175633565471756, 'min_samples_leaf': 0.04343003697488847, 'min_weight_fraction_leaf': 0.18598589669679355, 'max_features': 0.3519005848258687, 'bootstrap': True, 'max_samples': 0.9484022283330816, 'oob_score': True}. Best is trial 909 with value: 0.8449176484384164.[0m
[32m[I 2022-04-21 12:40:58,772][0m Trial 952 finished with value: 0.8438312442009112 and parameters: {'n_estimators': 121, 'min_samples_split': 0.049245014612548085, 'min_samples_leaf': 0.06878995858299389, 'min_weight_fraction_leaf': 0.18650629566231033, 'max_features': 0.3778552297957862, 'bootstrap': True, 'max_samples': 0.9580970135163073, 'oob_score': True}. Best is trial 909 with value: 0.8449176484384164.[0m
[32m[I 2022-04-21 12:41:01,476][0m Trial 953 finished with value: 0.65 and parameters: {'n_estimators': 134, 'min_samples_split': 0.05703986915501787, 'min_samples_leaf': 0.4215214523896301, 'min_weight_fraction_leaf': 0.18674144798898776, 'max_features': 0.43294269815920855, 'bootstrap': True, 'max_samples': 0.9610134375239293, 'oob_score': False}. Best is trial 909 with value: 0.8449176484384164.[0m
[32m[I 2022-04-21 12:41:04,494][0m Trial 954 finished with value: 0.8438312442009112 and parameters: {'n_estimators': 128, 'min_samples_split': 0.061240088847095836, 'min_samples_leaf': 0.07270965959350754, 'min_weight_fraction_leaf': 0.18547247945335293, 'max_features': 0.3716422735722591, 'bootstrap': True, 'max_samples': 0.9495258897295665, 'oob_score': True}. Best is trial 909 with value: 0.8449176484384164.[0m
[32m[I 2022-04-21 12:41:07,620][0m Trial 955 finished with value: 0.8432382911932524 and parameters: {'n_estimators': 126, 'min_samples_split': 0.052518946327086695, 'min_samples_leaf': 0.08497939111184868, 'min_weight_fraction_leaf': 0.1851102810654131, 'max_features': 0.5776976898972725, 'bootstrap': True, 'max_samples': 0.9636965036459247, 'oob_score': True}. Best is trial 909 with value: 0.8449176484384164.[0m
[32m[I 2022-04-21 12:41:11,159][0m Trial 956 finished with value: 0.8424022348807266 and parameters: {'n_estimators': 131, 'min_samples_split': 0.06534337749472457, 'min_samples_leaf': 0.06359992802042261, 'min_weight_fraction_leaf': 0.18258417154208437, 'max_features': 0.36997459712641734, 'bootstrap': True, 'max_samples': 0.9620292355019849, 'oob_score': True}. Best is trial 909 with value: 0.8449176484384164.[0m
[32m[I 2022-04-21 12:41:14,689][0m Trial 957 finished with value: 0.8438312442009112 and parameters: {'n_estimators': 129, 'min_samples_split': 0.059740037013368344, 'min_samples_leaf': 0.07331133209124903, 'min_weight_fraction_leaf': 0.18779548642003122, 'max_features': 0.3526241976369835, 'bootstrap': True, 'max_samples': 0.9511819884716826, 'oob_score': True}. Best is trial 909 with value: 0.8449176484384164.[0m
[32m[I 2022-04-21 12:41:17,548][0m Trial 958 finished with value: 0.8438312442009112 and parameters: {'n_estimators': 122, 'min_samples_split': 0.05956470213165696, 'min_samples_leaf': 0.07375626912868302, 'min_weight_fraction_leaf': 0.18543889788719056, 'max_features': 0.3575222284975433, 'bootstrap': True, 'max_samples': 0.9577065497627052, 'oob_score': True}. Best is trial 909 with value: 0.8449176484384164.[0m
[32m[I 2022-04-21 12:41:20,824][0m Trial 959 finished with value: 0.8431587692267067 and parameters: {'n_estimators': 137, 'min_samples_split': 0.05918475944570818, 'min_samples_leaf': 0.07653139311550039, 'min_weight_fraction_leaf': 0.18757857473744918, 'max_features': 0.38332798772329263, 'bootstrap': True, 'max_samples': 0.9562650419482013, 'oob_score': True}. Best is trial 909 with value: 0.8449176484384164.[0m
