[32m[I 2022-04-22 08:50:09,587][0m Trial 689 finished with value: 0.8359250503962181 and parameters: {'n_estimators': 887, 'min_samples_split': 0.051128450390777465, 'min_samples_leaf': 0.001057192896144863, 'min_weight_fraction_leaf': 0.029986461978451978, 'max_features': 0.20359546976735848, 'bootstrap': False, 'max_samples': 0.16278839794464006}. Best is trial 686 with value: 0.8407076771819675.[0m
[32m[I 2022-04-22 08:54:13,763][0m Trial 690 finished with value: 0.8377273618495543 and parameters: {'n_estimators': 998, 'min_samples_split': 0.03738070683601019, 'min_samples_leaf': 0.011760480546030483, 'min_weight_fraction_leaf': 0.017364606493201058, 'max_features': 0.2307988211214422, 'bootstrap': False, 'max_samples': 0.16107833588314702}. Best is trial 686 with value: 0.8407076771819675.[0m
[32m[I 2022-04-22 08:57:33,843][0m Trial 691 finished with value: 0.8329673649204506 and parameters: {'n_estimators': 927, 'min_samples_split': 0.21296327647554686, 'min_samples_leaf': 0.0012261232626930238, 'min_weight_fraction_leaf': 0.009956490309555048, 'max_features': 0.2556076518639608, 'bootstrap': False, 'max_samples': 0.12997960941719736}. Best is trial 686 with value: 0.8407076771819675.[0m
[32m[I 2022-04-22 09:00:57,251][0m Trial 692 finished with value: 0.8363334914368925 and parameters: {'n_estimators': 888, 'min_samples_split': 0.048942340554956804, 'min_samples_leaf': 0.0011037448573242223, 'min_weight_fraction_leaf': 0.027977832783655253, 'max_features': 0.2051098899375437, 'bootstrap': False, 'max_samples': 0.17195899601089115}. Best is trial 686 with value: 0.8407076771819675.[0m
[32m[I 2022-04-22 09:04:41,773][0m Trial 693 finished with value: 0.8393188087777729 and parameters: {'n_estimators': 953, 'min_samples_split': 0.029884264429943276, 'min_samples_leaf': 0.011377920204245943, 'min_weight_fraction_leaf': 0.01721013876466112, 'max_features': 0.22652140481738925, 'bootstrap': False, 'max_samples': 0.14511652396944924}. Best is trial 686 with value: 0.8407076771819675.[0m
[32m[I 2022-04-22 09:04:52,673][0m Trial 694 finished with value: 0.7950008877893365 and parameters: {'n_estimators': 953, 'min_samples_split': 0.03713271395269501, 'min_samples_leaf': 0.2964307547222879, 'min_weight_fraction_leaf': 1.0462872770525592e-05, 'max_features': 0.25292884801312643, 'bootstrap': False, 'max_samples': 0.12007637817502255}. Best is trial 686 with value: 0.8407076771819675.[0m
[32m[I 2022-04-22 09:08:19,027][0m Trial 695 finished with value: 0.8397757506282553 and parameters: {'n_estimators': 892, 'min_samples_split': 0.04950813401280494, 'min_samples_leaf': 0.01209602074358167, 'min_weight_fraction_leaf': 0.009317323185825269, 'max_features': 0.19304238528249004, 'bootstrap': False, 'max_samples': 0.12714892604700065}. Best is trial 686 with value: 0.8407076771819675.[0m
[32m[I 2022-04-22 09:11:42,573][0m Trial 696 finished with value: 0.8397788935095442 and parameters: {'n_estimators': 883, 'min_samples_split': 0.05025096593200102, 'min_samples_leaf': 0.010935887654022772, 'min_weight_fraction_leaf': 0.0086057412032682, 'max_features': 0.18712026250576946, 'bootstrap': False, 'max_samples': 0.12749777910425414}. Best is trial 686 with value: 0.8407076771819675.[0m
[32m[I 2022-04-22 09:14:37,608][0m Trial 697 finished with value: 0.8398307922935497 and parameters: {'n_estimators': 873, 'min_samples_split': 0.050184578713719424, 'min_samples_leaf': 0.013159402322294872, 'min_weight_fraction_leaf': 0.010875280374054152, 'max_features': 0.19119030475779375, 'bootstrap': False, 'max_samples': 0.12088396433860521}. Best is trial 686 with value: 0.8407076771819675.[0m
[32m[I 2022-04-22 09:16:24,352][0m Trial 698 finished with value: 0.8359070180672438 and parameters: {'n_estimators': 874, 'min_samples_split': 0.05157598188707382, 'min_samples_leaf': 0.01700676011313592, 'min_weight_fraction_leaf': 0.03475666859575967, 'max_features': 0.18673738762231198, 'bootstrap': False, 'max_samples': 0.16402804033734786}. Best is trial 686 with value: 0.8407076771819675.[0m
[32m[I 2022-04-22 09:18:39,551][0m Trial 699 finished with value: 0.8382849146825162 and parameters: {'n_estimators': 881, 'min_samples_split': 0.04990744924181595, 'min_samples_leaf': 0.015454418254907003, 'min_weight_fraction_leaf': 0.024059054333594912, 'max_features': 0.19178385568487274, 'bootstrap': False, 'max_samples': 0.13550294526647852}. Best is trial 686 with value: 0.8407076771819675.[0m
[32m[I 2022-04-22 09:19:12,135][0m Trial 700 finished with value: 0.8373010228817307 and parameters: {'n_estimators': 262, 'min_samples_split': 0.053697555565040155, 'min_samples_leaf': 0.025722214483072006, 'min_weight_fraction_leaf': 0.015042382305319249, 'max_features': 0.19527588667057494, 'bootstrap': False, 'max_samples': 0.12526991313369107}. Best is trial 686 with value: 0.8407076771819675.[0m
[32m[I 2022-04-22 09:21:14,921][0m Trial 701 finished with value: 0.8357427519350503 and parameters: {'n_estimators': 881, 'min_samples_split': 0.052956049714613304, 'min_samples_leaf': 0.012827302336654224, 'min_weight_fraction_leaf': 0.03760406078447288, 'max_features': 0.18823434176988516, 'bootstrap': False, 'max_samples': 0.18573295984313676}. Best is trial 686 with value: 0.8407076771819675.[0m
[32m[I 2022-04-22 09:23:32,439][0m Trial 702 finished with value: 0.8378242093827997 and parameters: {'n_estimators': 857, 'min_samples_split': 0.0528029998135425, 'min_samples_leaf': 0.015797501999711912, 'min_weight_fraction_leaf': 0.02340582742189704, 'max_features': 0.17923166501297205, 'bootstrap': False, 'max_samples': 0.11056737431648882}. Best is trial 686 with value: 0.8407076771819675.[0m
[32m[I 2022-04-22 09:26:06,313][0m Trial 703 finished with value: 0.8396626805011685 and parameters: {'n_estimators': 914, 'min_samples_split': 0.04350262398951756, 'min_samples_leaf': 0.021671134715174185, 'min_weight_fraction_leaf': 0.01224310855463255, 'max_features': 0.21072564534756708, 'bootstrap': False, 'max_samples': 0.15374209764982186}. Best is trial 686 with value: 0.8407076771819675.[0m
[32m[I 2022-04-22 09:29:26,328][0m Trial 704 finished with value: 0.8389517200213297 and parameters: {'n_estimators': 862, 'min_samples_split': 0.05724548540843615, 'min_samples_leaf': 0.010796198264307635, 'min_weight_fraction_leaf': 0.011014124431162254, 'max_features': 0.20250723647345534, 'bootstrap': False, 'max_samples': 0.17388624048736748}. Best is trial 686 with value: 0.8407076771819675.[0m
[32m[I 2022-04-22 09:30:44,266][0m Trial 705 finished with value: 0.8321526581517764 and parameters: {'n_estimators': 896, 'min_samples_split': 0.23415897014284942, 'min_samples_leaf': 0.02851733015695475, 'min_weight_fraction_leaf': 0.026110730225633986, 'max_features': 0.17797565032766738, 'bootstrap': False, 'max_samples': 0.1098133623153601}. Best is trial 686 with value: 0.8407076771819675.[0m
[32m[I 2022-04-22 09:34:03,693][0m Trial 706 finished with value: 0.8407932976946242 and parameters: {'n_estimators': 844, 'min_samples_split': 0.046349182145801394, 'min_samples_leaf': 0.010882055230703692, 'min_weight_fraction_leaf': 0.011282296906779763, 'max_features': 0.20730751638019895, 'bootstrap': False, 'max_samples': 0.08580161903506504}. Best is trial 706 with value: 0.8407932976946242.[0m
[32m[I 2022-04-22 09:36:41,840][0m Trial 707 finished with value: 0.8360366959645227 and parameters: {'n_estimators': 898, 'min_samples_split': 0.04480772019471565, 'min_samples_leaf': 0.011850589126903375, 'min_weight_fraction_leaf': 0.03359196273383144, 'max_features': 0.2142673800818562, 'bootstrap': False, 'max_samples': 0.08639003198357675}. Best is trial 706 with value: 0.8407932976946242.[0m
[32m[I 2022-04-22 09:37:07,416][0m Trial 708 finished with value: 0.8213538171047354 and parameters: {'n_estimators': 915, 'min_samples_split': 0.3694392561200887, 'min_samples_leaf': 0.1443559909816376, 'min_weight_fraction_leaf': 0.0200207791249815, 'max_features': 0.21029600141875668, 'bootstrap': False, 'max_samples': 0.09247916260877251}. Best is trial 706 with value: 0.8407932976946242.[0m
[32m[I 2022-04-22 09:40:08,107][0m Trial 709 finished with value: 0.8357554411150533 and parameters: {'n_estimators': 853, 'min_samples_split': 0.05639573008787283, 'min_samples_leaf': 0.009973614317809304, 'min_weight_fraction_leaf': 0.02793401910393138, 'max_features': 0.2215944468918529, 'bootstrap': False, 'max_samples': 0.13284940928103528}. Best is trial 706 with value: 0.8407932976946242.[0m
[32m[I 2022-04-22 09:42:05,336][0m Trial 710 finished with value: 0.8345161607464032 and parameters: {'n_estimators': 875, 'min_samples_split': 0.04294677393546491, 'min_samples_leaf': 0.010887150548581578, 'min_weight_fraction_leaf': 0.044891258037975605, 'max_features': 0.1951952831026458, 'bootstrap': False, 'max_samples': 0.11912087332503268}. Best is trial 706 with value: 0.8407932976946242.[0m
[32m[I 2022-04-22 09:42:12,881][0m Trial 711 finished with value: 0.7844984145961493 and parameters: {'n_estimators': 923, 'min_samples_split': 0.19481165696325486, 'min_samples_leaf': 0.39898050550730274, 'min_weight_fraction_leaf': 0.015551071589063532, 'max_features': 0.22025855780179002, 'bootstrap': False, 'max_samples': 0.07627660508673569}. Best is trial 706 with value: 0.8407932976946242.[0m
[32m[I 2022-04-22 09:42:39,715][0m Trial 712 finished with value: 0.7931327281735776 and parameters: {'n_estimators': 847, 'min_samples_split': 0.052602943797609165, 'min_samples_leaf': 0.010581106444074197, 'min_weight_fraction_leaf': 0.2642325951987699, 'max_features': 0.1761999918103991, 'bootstrap': False, 'max_samples': 0.14954966429814986}. Best is trial 706 with value: 0.8407932976946242.[0m
[32m[I 2022-04-22 09:44:45,771][0m Trial 713 finished with value: 0.8354071826356563 and parameters: {'n_estimators': 923, 'min_samples_split': 0.05979395651269936, 'min_samples_leaf': 0.02387858631846035, 'min_weight_fraction_leaf': 0.034278118107114536, 'max_features': 0.20316240440330097, 'bootstrap': False, 'max_samples': 0.10667202052639034}. Best is trial 706 with value: 0.8407932976946242.[0m
[32m[I 2022-04-22 09:48:20,690][0m Trial 714 finished with value: 0.8397994753322708 and parameters: {'n_estimators': 829, 'min_samples_split': 0.040294492622792256, 'min_samples_leaf': 0.010466284677811338, 'min_weight_fraction_leaf': 0.01353887092387138, 'max_features': 0.22593482375842006, 'bootstrap': False, 'max_samples': 0.0746930120887252}. Best is trial 706 with value: 0.8407932976946242.[0m
[32m[I 2022-04-22 09:49:07,665][0m Trial 715 finished with value: 0.8169578759638562 and parameters: {'n_estimators': 825, 'min_samples_split': 0.039047597939075133, 'min_samples_leaf': 0.01954174702717174, 'min_weight_fraction_leaf': 0.16504920854657829, 'max_features': 0.23052403986575412, 'bootstrap': False, 'max_samples': 0.06841639991670634}. Best is trial 706 with value: 0.8407932976946242.[0m
[32m[I 2022-04-22 09:52:23,270][0m Trial 716 finished with value: 0.838495654419849 and parameters: {'n_estimators': 822, 'min_samples_split': 0.03874213813397841, 'min_samples_leaf': 0.009816848955926332, 'min_weight_fraction_leaf': 0.022410528143021215, 'max_features': 0.22843607137025596, 'bootstrap': False, 'max_samples': 0.07523848198974761}. Best is trial 706 with value: 0.8407932976946242.[0m
[32m[I 2022-04-22 09:56:09,701][0m Trial 717 finished with value: 0.8395606102935395 and parameters: {'n_estimators': 861, 'min_samples_split': 0.03894854757421584, 'min_samples_leaf': 0.0011996184671013497, 'min_weight_fraction_leaf': 0.01730835203510765, 'max_features': 0.2120859574552442, 'bootstrap': False, 'max_samples': 0.047796347425306696}. Best is trial 706 with value: 0.8407932976946242.[0m
[32m[I 2022-04-22 09:57:52,151][0m Trial 718 finished with value: 0.8361630375247883 and parameters: {'n_estimators': 817, 'min_samples_split': 0.04627252341083847, 'min_samples_leaf': 0.028032698201524722, 'min_weight_fraction_leaf': 0.03601185524882991, 'max_features': 0.23315426002788162, 'bootstrap': False, 'max_samples': 0.05231442029308819}. Best is trial 706 with value: 0.8407932976946242.[0m
[32m[I 2022-04-22 10:00:28,348][0m Trial 719 finished with value: 0.8368285257648396 and parameters: {'n_estimators': 938, 'min_samples_split': 0.0339292459587872, 'min_samples_leaf': 0.017448040270070735, 'min_weight_fraction_leaf': 0.025277766590986975, 'max_features': 0.20985889875686578, 'bootstrap': False, 'max_samples': 0.08782137197526707}. Best is trial 706 with value: 0.8407932976946242.[0m
[32m[I 2022-04-22 10:03:39,132][0m Trial 720 finished with value: 0.839747598530176 and parameters: {'n_estimators': 870, 'min_samples_split': 0.05628484423092329, 'min_samples_leaf': 0.009664205399204031, 'min_weight_fraction_leaf': 0.01187909852767927, 'max_features': 0.1788606459101291, 'bootstrap': False, 'max_samples': 0.1071051155354808}. Best is trial 706 with value: 0.8407932976946242.[0m
[32m[I 2022-04-22 10:03:53,096][0m Trial 721 finished with value: 0.7919377121555191 and parameters: {'n_estimators': 911, 'min_samples_split': 0.042453921386127524, 'min_samples_leaf': 0.264901526384492, 'min_weight_fraction_leaf': 0.01004797849922822, 'max_features': 0.23488128725766708, 'bootstrap': False, 'max_samples': 0.1660113833174932}. Best is trial 706 with value: 0.8407932976946242.[0m
[32m[I 2022-04-22 10:05:47,114][0m Trial 722 finished with value: 0.8382718544916512 and parameters: {'n_estimators': 804, 'min_samples_split': 0.05970179715357664, 'min_samples_leaf': 0.025697180734981992, 'min_weight_fraction_leaf': 0.023452946919087867, 'max_features': 0.20031879466808403, 'bootstrap': False, 'max_samples': 0.08508748655160799}. Best is trial 706 with value: 0.8407932976946242.[0m
[32m[I 2022-04-22 10:08:39,445][0m Trial 723 finished with value: 0.8339353782375405 and parameters: {'n_estimators': 946, 'min_samples_split': 0.03601317532582795, 'min_samples_leaf': 0.009739954340881532, 'min_weight_fraction_leaf': 0.046765950132362094, 'max_features': 0.24226616271827112, 'bootstrap': False, 'max_samples': 0.14016028054050916}. Best is trial 706 with value: 0.8407932976946242.[0m
[32m[I 2022-04-22 10:11:05,560][0m Trial 724 finished with value: 0.8387499750792584 and parameters: {'n_estimators': 841, 'min_samples_split': 0.04640860541519658, 'min_samples_leaf': 0.017885353226742666, 'min_weight_fraction_leaf': 0.00962967778821006, 'max_features': 0.21510398096613204, 'bootstrap': False, 'max_samples': 0.0482288104809168}. Best is trial 706 with value: 0.8407932976946242.[0m
[32m[I 2022-04-22 10:12:38,058][0m Trial 725 finished with value: 0.8369168525719953 and parameters: {'n_estimators': 876, 'min_samples_split': 0.059931067140611124, 'min_samples_leaf': 0.03328918057779416, 'min_weight_fraction_leaf': 0.017163499808185004, 'max_features': 0.18954020689484535, 'bootstrap': False, 'max_samples': 0.10104658598919286}. Best is trial 706 with value: 0.8407932976946242.[0m
[32m[I 2022-04-22 10:12:46,253][0m Trial 726 finished with value: 0.7909028338501272 and parameters: {'n_estimators': 954, 'min_samples_split': 0.030228539548720436, 'min_samples_leaf': 0.36092284578587647, 'min_weight_fraction_leaf': 0.03095583315745206, 'max_features': 0.22710861122912174, 'bootstrap': False, 'max_samples': 0.15603645530047894}. Best is trial 706 with value: 0.8407932976946242.[0m
[32m[I 2022-04-22 10:13:00,850][0m Trial 727 finished with value: 0.7793599767385848 and parameters: {'n_estimators': 799, 'min_samples_split': 0.03279438822759136, 'min_samples_leaf': 0.010294370964395167, 'min_weight_fraction_leaf': 0.38679654566572463, 'max_features': 0.15460485437630173, 'bootstrap': False, 'max_samples': 0.187983945337317}. Best is trial 706 with value: 0.8407932976946242.[0m
[32m[I 2022-04-22 10:15:51,425][0m Trial 728 finished with value: 0.8388432784754819 and parameters: {'n_estimators': 911, 'min_samples_split': 0.04617487282333296, 'min_samples_leaf': 0.021208083204001554, 'min_weight_fraction_leaf': 0.008775792876389618, 'max_features': 0.24633389096131625, 'bootstrap': False, 'max_samples': 0.12026810369077788}. Best is trial 706 with value: 0.8407932976946242.[0m
[32m[I 2022-04-22 10:19:39,062][0m Trial 729 finished with value: 0.838555303303926 and parameters: {'n_estimators': 837, 'min_samples_split': 0.03999480326042796, 'min_samples_leaf': 0.0015793422704978802, 'min_weight_fraction_leaf': 0.020842001290943775, 'max_features': 0.20512445505422494, 'bootstrap': False, 'max_samples': 0.06665535954524697}. Best is trial 706 with value: 0.8407932976946242.[0m
[32m[I 2022-04-22 10:22:46,978][0m Trial 730 finished with value: 0.8389494366882037 and parameters: {'n_estimators': 949, 'min_samples_split': 0.06289164215616694, 'min_samples_leaf': 0.010730648358337081, 'min_weight_fraction_leaf': 0.009344167796827781, 'max_features': 0.1809084306317327, 'bootstrap': False, 'max_samples': 0.14202243565290665}. Best is trial 706 with value: 0.8407932976946242.[0m
[32m[I 2022-04-22 10:24:51,900][0m Trial 731 finished with value: 0.8357343947588219 and parameters: {'n_estimators': 884, 'min_samples_split': 0.051335130851484015, 'min_samples_leaf': 0.027770830435532058, 'min_weight_fraction_leaf': 0.03487876644688317, 'max_features': 0.2284760975039729, 'bootstrap': False, 'max_samples': 0.03501730675438103}. Best is trial 706 with value: 0.8407932976946242.[0m
[32m[I 2022-04-22 10:30:11,569][0m Trial 732 finished with value: 0.8400828130589126 and parameters: {'n_estimators': 849, 'min_samples_split': 0.03177174662929692, 'min_samples_leaf': 0.001066029849730919, 'min_weight_fraction_leaf': 0.018827144262507284, 'max_features': 0.254678551218553, 'bootstrap': False, 'max_samples': 0.0928397222010331}. Best is trial 706 with value: 0.8407932976946242.[0m
[32m[I 2022-04-22 10:32:27,623][0m Trial 733 finished with value: 0.8311965013334998 and parameters: {'n_estimators': 788, 'min_samples_split': 0.03229861774192822, 'min_samples_leaf': 0.007821551791223964, 'min_weight_fraction_leaf': 0.05887611727971717, 'max_features': 0.27884977877904105, 'bootstrap': False, 'max_samples': 0.07575184659999952}. Best is trial 706 with value: 0.8407932976946242.[0m
[32m[I 2022-04-22 10:34:49,824][0m Trial 734 finished with value: 0.8341565068382778 and parameters: {'n_estimators': 829, 'min_samples_split': 0.028564748494182376, 'min_samples_leaf': 0.017415907762989978, 'min_weight_fraction_leaf': 0.0406713102715527, 'max_features': 0.2595426005227117, 'bootstrap': False, 'max_samples': 0.09129515768306555}. Best is trial 706 with value: 0.8407932976946242.[0m
[32m[I 2022-04-22 10:38:44,956][0m Trial 735 finished with value: 0.8388126270636651 and parameters: {'n_estimators': 799, 'min_samples_split': 0.029096597869983306, 'min_samples_leaf': 0.00220312660886263, 'min_weight_fraction_leaf': 0.02726789550216184, 'max_features': 0.2569455148769973, 'bootstrap': False, 'max_samples': 0.059268883032238984}. Best is trial 706 with value: 0.8407932976946242.[0m
[32m[I 2022-04-22 10:42:47,806][0m Trial 736 finished with value: 0.8384985061720014 and parameters: {'n_estimators': 860, 'min_samples_split': 0.033259349149869916, 'min_samples_leaf': 0.00888546756237159, 'min_weight_fraction_leaf': 0.021460649940056156, 'max_features': 0.27642756274029984, 'bootstrap': False, 'max_samples': 0.11647660312164738}. Best is trial 706 with value: 0.8407932976946242.[0m
[32m[I 2022-04-22 10:46:42,521][0m Trial 737 finished with value: 0.8359975049224191 and parameters: {'n_estimators': 947, 'min_samples_split': 0.03857665960354697, 'min_samples_leaf': 0.0014360395962003591, 'min_weight_fraction_leaf': 0.03103012620339131, 'max_features': 0.24613364089776038, 'bootstrap': False, 'max_samples': 0.09136538304223427}. Best is trial 706 with value: 0.8407932976946242.[0m
[32m[I 2022-04-22 10:48:44,828][0m Trial 738 finished with value: 0.8318756850032596 and parameters: {'n_estimators': 834, 'min_samples_split': 0.02584928060324819, 'min_samples_leaf': 0.018831010666763282, 'min_weight_fraction_leaf': 0.05220216652287445, 'max_features': 0.2408803705655147, 'bootstrap': False, 'max_samples': 0.1754838782554359}. Best is trial 706 with value: 0.8407932976946242.[0m
[32m[I 2022-04-22 10:48:50,898][0m Trial 739 finished with value: 0.8028363313823889 and parameters: {'n_estimators': 899, 'min_samples_split': 0.040543791765130205, 'min_samples_leaf': 0.15945529436645198, 'min_weight_fraction_leaf': 0.017734074541860288, 'max_features': 0.0004488663429322859, 'bootstrap': False, 'max_samples': 0.10435520095132064}. Best is trial 706 with value: 0.8407932976946242.[0m
[32m[I 2022-04-22 10:52:36,234][0m Trial 740 finished with value: 0.8377447911129169 and parameters: {'n_estimators': 1000, 'min_samples_split': 0.02792275016678608, 'min_samples_leaf': 0.019979713462018864, 'min_weight_fraction_leaf': 0.017282553417914126, 'max_features': 0.2185273393360446, 'bootstrap': False, 'max_samples': 0.07299228927327442}. Best is trial 706 with value: 0.8407932976946242.[0m
[32m[I 2022-04-22 10:54:53,377][0m Trial 741 finished with value: 0.8323950941292562 and parameters: {'n_estimators': 771, 'min_samples_split': 0.1716074100466794, 'min_samples_leaf': 0.00989499194708484, 'min_weight_fraction_leaf': 0.04022225770647583, 'max_features': 0.2833657245596913, 'bootstrap': False, 'max_samples': 0.16277718846737801}. Best is trial 706 with value: 0.8407932976946242.[0m
[32m[I 2022-04-22 10:57:04,948][0m Trial 742 finished with value: 0.8351688893089569 and parameters: {'n_estimators': 954, 'min_samples_split': 0.04136826905540896, 'min_samples_leaf': 0.03608589073134154, 'min_weight_fraction_leaf': 0.027243309010954318, 'max_features': 0.26757559550919763, 'bootstrap': False, 'max_samples': 0.038853338485247024}. Best is trial 706 with value: 0.8407932976946242.[0m
