[32m[I 2022-04-21 12:20:33,245][0m Trial 594 finished with value: 0.7155548915900896 and parameters: {'n_estimators': 377, 'min_samples_split': 0.18843992804888138, 'min_samples_leaf': 0.1598702626718976, 'min_weight_fraction_leaf': 0.17166351810849118, 'max_features': 0.03925971752274041, 'bootstrap': True, 'max_samples': 0.4358380309310803, 'oob_score': False}. Best is trial 349 with value: 0.842952376884214.[0m
[32m[I 2022-04-21 12:20:38,094][0m Trial 595 finished with value: 0.8394608585602624 and parameters: {'n_estimators': 433, 'min_samples_split': 0.1221259549904047, 'min_samples_leaf': 0.12466585496288911, 'min_weight_fraction_leaf': 0.04986868278522312, 'max_features': 0.028606840918074344, 'bootstrap': False, 'max_samples': 0.9805517375347642}. Best is trial 349 with value: 0.842952376884214.[0m
[32m[I 2022-04-21 12:20:42,512][0m Trial 596 finished with value: 0.839201170342092 and parameters: {'n_estimators': 456, 'min_samples_split': 0.2245511444513832, 'min_samples_leaf': 0.16658511885785915, 'min_weight_fraction_leaf': 0.1486900241897715, 'max_features': 0.20533749388728664, 'bootstrap': False, 'max_samples': 0.42875179604427816}. Best is trial 349 with value: 0.842952376884214.[0m
[32m[I 2022-04-21 12:20:45,032][0m Trial 597 finished with value: 0.8426442432752064 and parameters: {'n_estimators': 182, 'min_samples_split': 0.26070995620445064, 'min_samples_leaf': 0.1552341951975586, 'min_weight_fraction_leaf': 0.1903202151966608, 'max_features': 0.2231930482878041, 'bootstrap': False, 'max_samples': 0.35258022871125394}. Best is trial 349 with value: 0.842952376884214.[0m
[32m[I 2022-04-21 12:20:48,251][0m Trial 598 finished with value: 0.8427903724166675 and parameters: {'n_estimators': 251, 'min_samples_split': 0.25816977180852196, 'min_samples_leaf': 0.1771214880997159, 'min_weight_fraction_leaf': 0.015428436363878244, 'max_features': 0.18696516043518926, 'bootstrap': False, 'max_samples': 0.25181152776799104}. Best is trial 349 with value: 0.842952376884214.[0m
[32m[I 2022-04-21 12:20:53,071][0m Trial 599 finished with value: 0.839201170342092 and parameters: {'n_estimators': 364, 'min_samples_split': 0.23195296329525497, 'min_samples_leaf': 0.16438991588676025, 'min_weight_fraction_leaf': 0.1082780661388279, 'max_features': 0.2359023141097854, 'bootstrap': False, 'max_samples': 0.5878875989921067}. Best is trial 349 with value: 0.842952376884214.[0m
[32m[I 2022-04-21 12:20:59,232][0m Trial 600 finished with value: 0.8427903724166675 and parameters: {'n_estimators': 858, 'min_samples_split': 0.22249832706228823, 'min_samples_leaf': 0.15956828451656174, 'min_weight_fraction_leaf': 0.17431553796378096, 'max_features': 0.2364968412812734, 'bootstrap': False, 'max_samples': 0.3981539094494155}. Best is trial 349 with value: 0.842952376884214.[0m
[32m[I 2022-04-21 12:21:04,593][0m Trial 601 finished with value: 0.8426442432752064 and parameters: {'n_estimators': 625, 'min_samples_split': 0.2702839336775602, 'min_samples_leaf': 0.18827030322827912, 'min_weight_fraction_leaf': 0.1250867118888154, 'max_features': 0.0010426200888055022, 'bootstrap': False, 'max_samples': 0.37597214003575624}. Best is trial 349 with value: 0.842952376884214.[0m
[32m[I 2022-04-21 12:21:10,038][0m Trial 602 finished with value: 0.65 and parameters: {'n_estimators': 547, 'min_samples_split': 0.21181239937374188, 'min_samples_leaf': 0.48295023056893305, 'min_weight_fraction_leaf': 0.1665768602230836, 'max_features': 0.03272606442759988, 'bootstrap': False, 'max_samples': 0.4529662322161999}. Best is trial 349 with value: 0.842952376884214.[0m
[32m[I 2022-04-21 12:21:13,904][0m Trial 603 finished with value: 0.837941333358566 and parameters: {'n_estimators': 236, 'min_samples_split': 0.25881265635510864, 'min_samples_leaf': 0.006250773900962681, 'min_weight_fraction_leaf': 0.028604425522785956, 'max_features': 0.14374985992154551, 'bootstrap': False, 'max_samples': 0.06947069633085}. Best is trial 349 with value: 0.842952376884214.[0m
[32m[I 2022-04-21 12:21:16,542][0m Trial 604 finished with value: 0.8426447887564578 and parameters: {'n_estimators': 160, 'min_samples_split': 0.16629982140045768, 'min_samples_leaf': 0.14555867542792975, 'min_weight_fraction_leaf': 0.17734389739946427, 'max_features': 0.09590655178519228, 'bootstrap': False, 'max_samples': 0.6577085671855463}. Best is trial 349 with value: 0.842952376884214.[0m
[32m[I 2022-04-21 12:21:26,601][0m Trial 605 finished with value: 0.8407683942328893 and parameters: {'n_estimators': 728, 'min_samples_split': 0.24563089876521058, 'min_samples_leaf': 0.04727535664000401, 'min_weight_fraction_leaf': 0.13567639944425627, 'max_features': 0.08024838317331391, 'bootstrap': True, 'max_samples': 0.3797516728981419, 'oob_score': True}. Best is trial 349 with value: 0.842952376884214.[0m
[32m[I 2022-04-21 12:21:29,608][0m Trial 606 finished with value: 0.8426442432752064 and parameters: {'n_estimators': 181, 'min_samples_split': 0.2558090168529632, 'min_samples_leaf': 0.2073569352960372, 'min_weight_fraction_leaf': 0.1429977789319054, 'max_features': 0.14222309255250315, 'bootstrap': False, 'max_samples': 0.28137715058031854}. Best is trial 349 with value: 0.842952376884214.[0m
[32m[I 2022-04-21 12:21:34,522][0m Trial 607 finished with value: 0.8426442432752064 and parameters: {'n_estimators': 400, 'min_samples_split': 0.21482131948020453, 'min_samples_leaf': 0.14893455137209002, 'min_weight_fraction_leaf': 0.19047356678153832, 'max_features': 0.03948558092773837, 'bootstrap': False, 'max_samples': 0.7008697886384265}. Best is trial 349 with value: 0.842952376884214.[0m
[32m[I 2022-04-21 12:21:39,345][0m Trial 608 finished with value: 0.8423083212244602 and parameters: {'n_estimators': 401, 'min_samples_split': 0.20082892680028422, 'min_samples_leaf': 0.15562364644537371, 'min_weight_fraction_leaf': 0.16790264705220445, 'max_features': 0.044354686801891405, 'bootstrap': False, 'max_samples': 0.7249603241267767}. Best is trial 349 with value: 0.842952376884214.[0m
[32m[I 2022-04-21 12:21:44,398][0m Trial 609 finished with value: 0.8426442432752064 and parameters: {'n_estimators': 515, 'min_samples_split': 0.17259213639977516, 'min_samples_leaf': 0.137004923437299, 'min_weight_fraction_leaf': 0.19844525102695232, 'max_features': 0.07403019510915554, 'bootstrap': False, 'max_samples': 0.6719498520216697}. Best is trial 349 with value: 0.842952376884214.[0m
[32m[I 2022-04-21 12:21:49,047][0m Trial 610 finished with value: 0.7318450474400788 and parameters: {'n_estimators': 434, 'min_samples_split': 0.19300058151439983, 'min_samples_leaf': 0.1504598090261665, 'min_weight_fraction_leaf': 0.3007722080595794, 'max_features': 0.01819392061048769, 'bootstrap': False, 'max_samples': 0.7469395353102942}. Best is trial 349 with value: 0.842952376884214.[0m
[32m[I 2022-04-21 12:21:55,573][0m Trial 611 finished with value: 0.8373220262956302 and parameters: {'n_estimators': 682, 'min_samples_split': 0.2151029719587185, 'min_samples_leaf': 0.13524474229249867, 'min_weight_fraction_leaf': 0.12261036605170007, 'max_features': 0.020229477520256355, 'bootstrap': False, 'max_samples': 0.9622039351521714}. Best is trial 349 with value: 0.842952376884214.[0m
[32m[I 2022-04-21 12:21:58,324][0m Trial 612 finished with value: 0.8427903724166675 and parameters: {'n_estimators': 131, 'min_samples_split': 0.3260885584047016, 'min_samples_leaf': 0.175467638108929, 'min_weight_fraction_leaf': 0.15090404702871765, 'max_features': 0.015673365728783632, 'bootstrap': False, 'max_samples': 0.44900668575220476}. Best is trial 349 with value: 0.842952376884214.[0m
[32m[I 2022-04-21 12:22:01,131][0m Trial 613 finished with value: 0.8427903724166675 and parameters: {'n_estimators': 130, 'min_samples_split': 0.32387328492191386, 'min_samples_leaf': 0.17710041476318927, 'min_weight_fraction_leaf': 0.15311405937992698, 'max_features': 0.028845055107240593, 'bootstrap': False, 'max_samples': 0.7446009047032414}. Best is trial 349 with value: 0.842952376884214.[0m
[32m[I 2022-04-21 12:22:05,429][0m Trial 614 finished with value: 0.6585798231965897 and parameters: {'n_estimators': 291, 'min_samples_split': 0.2784630485354925, 'min_samples_leaf': 0.16919860990532817, 'min_weight_fraction_leaf': 0.09377134917168524, 'max_features': 0.012083869749399533, 'bootstrap': True, 'max_samples': 0.40873271094962926, 'oob_score': False}. Best is trial 349 with value: 0.842952376884214.[0m
[32m[I 2022-04-21 12:22:08,867][0m Trial 615 finished with value: 0.7318450474400788 and parameters: {'n_estimators': 309, 'min_samples_split': 0.15384171945075656, 'min_samples_leaf': 0.3014148324771981, 'min_weight_fraction_leaf': 0.17836526244514345, 'max_features': 0.0574217139983369, 'bootstrap': False, 'max_samples': 0.4697761275283923}. Best is trial 349 with value: 0.842952376884214.[0m
[32m[I 2022-04-21 12:22:11,737][0m Trial 616 finished with value: 0.8426442432752064 and parameters: {'n_estimators': 197, 'min_samples_split': 0.308677248064523, 'min_samples_leaf': 0.18184146066413845, 'min_weight_fraction_leaf': 0.0883234441789935, 'max_features': 0.18699872143825014, 'bootstrap': False, 'max_samples': 0.08838245326256366}. Best is trial 349 with value: 0.842952376884214.[0m
[32m[I 2022-04-21 12:22:16,726][0m Trial 617 finished with value: 0.8426442432752064 and parameters: {'n_estimators': 409, 'min_samples_split': 0.21060482928862545, 'min_samples_leaf': 0.14074230846343236, 'min_weight_fraction_leaf': 0.188391036629858, 'max_features': 0.03858733359630431, 'bootstrap': False, 'max_samples': 0.9640980399569063}. Best is trial 349 with value: 0.842952376884214.[0m
[32m[I 2022-04-21 12:22:20,030][0m Trial 618 finished with value: 0.8423083212244602 and parameters: {'n_estimators': 190, 'min_samples_split': 0.33996637992831513, 'min_samples_leaf': 0.17082571503198135, 'min_weight_fraction_leaf': 0.05615931140070771, 'max_features': 0.13814442903884935, 'bootstrap': False, 'max_samples': 0.9035216424087218}. Best is trial 349 with value: 0.842952376884214.[0m
[32m[I 2022-04-21 12:22:26,003][0m Trial 619 finished with value: 0.8423083212244602 and parameters: {'n_estimators': 703, 'min_samples_split': 0.27007303275097866, 'min_samples_leaf': 0.0876638506750815, 'min_weight_fraction_leaf': 0.17025095181669966, 'max_features': 0.21005205755186465, 'bootstrap': False, 'max_samples': 0.4365171935915991}. Best is trial 349 with value: 0.842952376884214.[0m
[32m[I 2022-04-21 12:22:28,723][0m Trial 620 finished with value: 0.8423083212244602 and parameters: {'n_estimators': 108, 'min_samples_split': 0.02633049616552946, 'min_samples_leaf': 0.1720069495517447, 'min_weight_fraction_leaf': 0.02968439200013871, 'max_features': 0.09708015338078445, 'bootstrap': False, 'max_samples': 0.542393729244656}. Best is trial 349 with value: 0.842952376884214.[0m
[32m[I 2022-04-21 12:22:33,370][0m Trial 621 finished with value: 0.8426442432752064 and parameters: {'n_estimators': 413, 'min_samples_split': 0.21978420108673644, 'min_samples_leaf': 0.12216483625608765, 'min_weight_fraction_leaf': 0.18095397823387732, 'max_features': 0.02458228058358046, 'bootstrap': False, 'max_samples': 0.2880132195898457}. Best is trial 349 with value: 0.842952376884214.[0m
[32m[I 2022-04-21 12:22:36,342][0m Trial 622 finished with value: 0.8426442432752064 and parameters: {'n_estimators': 105, 'min_samples_split': 0.2769940949379217, 'min_samples_leaf': 0.19749363907909978, 'min_weight_fraction_leaf': 0.1073082049822646, 'max_features': 0.16689883812850975, 'bootstrap': False, 'max_samples': 0.5360220023893085}. Best is trial 349 with value: 0.842952376884214.[0m
[32m[I 2022-04-21 12:22:40,005][0m Trial 623 finished with value: 0.8426442432752064 and parameters: {'n_estimators': 302, 'min_samples_split': 0.2388639704131562, 'min_samples_leaf': 0.15199808394084505, 'min_weight_fraction_leaf': 0.2007385778820136, 'max_features': 0.09455986193854121, 'bootstrap': False, 'max_samples': 0.4165531384530043}. Best is trial 349 with value: 0.842952376884214.[0m
[32m[I 2022-04-21 12:22:44,621][0m Trial 624 finished with value: 0.7318450474400788 and parameters: {'n_estimators': 486, 'min_samples_split': 0.24212406977291978, 'min_samples_leaf': 0.15176269875265902, 'min_weight_fraction_leaf': 0.2713975378369177, 'max_features': 0.10449387113697534, 'bootstrap': False, 'max_samples': 0.43414767454879133}. Best is trial 349 with value: 0.842952376884214.[0m
[32m[I 2022-04-21 12:22:48,252][0m Trial 625 finished with value: 0.8426442432752064 and parameters: {'n_estimators': 286, 'min_samples_split': 0.2906229463246909, 'min_samples_leaf': 0.19648131413441486, 'min_weight_fraction_leaf': 0.010072599986852173, 'max_features': 0.26075007163099256, 'bootstrap': False, 'max_samples': 0.5441819369993626}. Best is trial 349 with value: 0.842952376884214.[0m
[32m[I 2022-04-21 12:22:52,025][0m Trial 626 finished with value: 0.8426442432752064 and parameters: {'n_estimators': 326, 'min_samples_split': 0.11872938458902547, 'min_samples_leaf': 0.1846875462694803, 'min_weight_fraction_leaf': 0.08516169595695283, 'max_features': 0.11576688314318012, 'bootstrap': False, 'max_samples': 0.993495463073974}. Best is trial 349 with value: 0.842952376884214.[0m
[32m[I 2022-04-21 12:22:59,262][0m Trial 627 finished with value: 0.65 and parameters: {'n_estimators': 434, 'min_samples_split': 0.14924430480217804, 'min_samples_leaf': 0.15749566955182734, 'min_weight_fraction_leaf': 0.18340909074130873, 'max_features': 0.04735848629582051, 'bootstrap': True, 'max_samples': 0.1577056359500397, 'oob_score': True}. Best is trial 349 with value: 0.842952376884214.[0m
[32m[I 2022-04-21 12:23:04,654][0m Trial 628 finished with value: 0.8426442432752064 and parameters: {'n_estimators': 590, 'min_samples_split': 0.18130067765598812, 'min_samples_leaf': 0.2192780072664408, 'min_weight_fraction_leaf': 0.17318034195354493, 'max_features': 0.07506119809013637, 'bootstrap': False, 'max_samples': 0.9957694243242942}. Best is trial 349 with value: 0.842952376884214.[0m
[32m[I 2022-04-21 12:23:11,274][0m Trial 629 finished with value: 0.8426442432752064 and parameters: {'n_estimators': 783, 'min_samples_split': 0.2999544186483402, 'min_samples_leaf': 0.18695650754215937, 'min_weight_fraction_leaf': 0.10340911053611776, 'max_features': 0.16919274559684433, 'bootstrap': False, 'max_samples': 0.9427974484875755}. Best is trial 349 with value: 0.842952376884214.[0m
[32m[I 2022-04-21 12:23:17,945][0m Trial 630 finished with value: 0.8426447887564578 and parameters: {'n_estimators': 739, 'min_samples_split': 0.3064830899633887, 'min_samples_leaf': 0.1801071354695065, 'min_weight_fraction_leaf': 0.11966702936754155, 'max_features': 0.1598722632451069, 'bootstrap': False, 'max_samples': 0.5597942764416172}. Best is trial 349 with value: 0.842952376884214.[0m
[32m[I 2022-04-21 12:23:21,802][0m Trial 631 finished with value: 0.839201170342092 and parameters: {'n_estimators': 350, 'min_samples_split': 0.22031080283342686, 'min_samples_leaf': 0.1596793367019368, 'min_weight_fraction_leaf': 0.16167217049333288, 'max_features': 0.05962836847680707, 'bootstrap': False, 'max_samples': 0.7864534822075606}. Best is trial 349 with value: 0.842952376884214.[0m
[32m[I 2022-04-21 12:23:27,460][0m Trial 632 finished with value: 0.839201170342092 and parameters: {'n_estimators': 681, 'min_samples_split': 0.24877050206750856, 'min_samples_leaf': 0.16662176386274033, 'min_weight_fraction_leaf': 0.14138367355932718, 'max_features': 0.07966572109630769, 'bootstrap': False, 'max_samples': 0.4148380630343318}. Best is trial 349 with value: 0.842952376884214.[0m
[32m[I 2022-04-21 12:23:32,387][0m Trial 633 finished with value: 0.839201170342092 and parameters: {'n_estimators': 497, 'min_samples_split': 0.17523668869077696, 'min_samples_leaf': 0.16007354410376223, 'min_weight_fraction_leaf': 0.15345843294582015, 'max_features': 0.1026438422379321, 'bootstrap': False, 'max_samples': 0.6158362269837061}. Best is trial 349 with value: 0.842952376884214.[0m
[32m[I 2022-04-21 12:23:36,742][0m Trial 634 finished with value: 0.8423083212244602 and parameters: {'n_estimators': 460, 'min_samples_split': 0.1930717952695875, 'min_samples_leaf': 0.1486159659939407, 'min_weight_fraction_leaf': 0.16802212273448724, 'max_features': 0.08734352427682393, 'bootstrap': False, 'max_samples': 0.6609459659925496}. Best is trial 349 with value: 0.842952376884214.[0m
[32m[I 2022-04-21 12:23:39,350][0m Trial 635 finished with value: 0.8427903724166675 and parameters: {'n_estimators': 176, 'min_samples_split': 0.23180422709185486, 'min_samples_leaf': 0.1742041588876579, 'min_weight_fraction_leaf': 0.1391539971895924, 'max_features': 0.25964192236805245, 'bootstrap': False, 'max_samples': 0.3464742608603945}. Best is trial 349 with value: 0.842952376884214.[0m
[32m[I 2022-04-21 12:23:43,389][0m Trial 636 finished with value: 0.8423083212244602 and parameters: {'n_estimators': 337, 'min_samples_split': 0.23201226597437025, 'min_samples_leaf': 0.16987169173315309, 'min_weight_fraction_leaf': 0.1454615764835747, 'max_features': 0.2747495969698372, 'bootstrap': False, 'max_samples': 0.3440563122375912}. Best is trial 349 with value: 0.842952376884214.[0m
[32m[I 2022-04-21 12:23:46,923][0m Trial 637 finished with value: 0.8426442432752064 and parameters: {'n_estimators': 311, 'min_samples_split': 0.20569420898429966, 'min_samples_leaf': 0.19058686502207814, 'min_weight_fraction_leaf': 0.15189703191453874, 'max_features': 0.05335977869728361, 'bootstrap': False, 'max_samples': 0.45671017446112155}. Best is trial 349 with value: 0.842952376884214.[0m
[32m[I 2022-04-21 12:23:50,071][0m Trial 638 finished with value: 0.8427903724166675 and parameters: {'n_estimators': 208, 'min_samples_split': 0.2638536639564368, 'min_samples_leaf': 0.17735090990010666, 'min_weight_fraction_leaf': 0.0009785229582022041, 'max_features': 0.18909770072458484, 'bootstrap': False, 'max_samples': 0.33253389990279014}. Best is trial 349 with value: 0.842952376884214.[0m
[32m[I 2022-04-21 12:23:56,142][0m Trial 639 finished with value: 0.8431960369856846 and parameters: {'n_estimators': 364, 'min_samples_split': 0.21900487883040506, 'min_samples_leaf': 0.04714947773578661, 'min_weight_fraction_leaf': 0.003538171298951197, 'max_features': 0.03898195669374199, 'bootstrap': True, 'max_samples': 0.829678975478814, 'oob_score': True}. Best is trial 639 with value: 0.8431960369856846.[0m
[32m[I 2022-04-21 12:24:04,793][0m Trial 640 finished with value: 0.65 and parameters: {'n_estimators': 656, 'min_samples_split': 0.23749218990827992, 'min_samples_leaf': 0.20457893341443123, 'min_weight_fraction_leaf': 0.1355286944472764, 'max_features': 0.8797464526414552, 'bootstrap': True, 'max_samples': 0.39399633186945365, 'oob_score': True}. Best is trial 639 with value: 0.8431960369856846.[0m
[32m[I 2022-04-21 12:24:11,954][0m Trial 641 finished with value: 0.65 and parameters: {'n_estimators': 530, 'min_samples_split': 0.1482612069743705, 'min_samples_leaf': 0.07515039463480516, 'min_weight_fraction_leaf': 0.20862241648125177, 'max_features': 0.14630977736203588, 'bootstrap': True, 'max_samples': 0.21909946114668544, 'oob_score': True}. Best is trial 639 with value: 0.8431960369856846.[0m
[32m[I 2022-04-21 12:24:15,676][0m Trial 642 finished with value: 0.8424826643283186 and parameters: {'n_estimators': 211, 'min_samples_split': 0.33649496750250907, 'min_samples_leaf': 0.054007225332256215, 'min_weight_fraction_leaf': 0.1801900706190031, 'max_features': 0.06351779423314813, 'bootstrap': True, 'max_samples': 0.8677721180842252, 'oob_score': True}. Best is trial 639 with value: 0.8431960369856846.[0m
[32m[I 2022-04-21 12:24:21,374][0m Trial 643 finished with value: 0.8418313468016978 and parameters: {'n_estimators': 340, 'min_samples_split': 0.281102291221999, 'min_samples_leaf': 0.0021400115031236927, 'min_weight_fraction_leaf': 0.018858239196621773, 'max_features': 0.008285692534400847, 'bootstrap': True, 'max_samples': 0.9489420614252196, 'oob_score': True}. Best is trial 639 with value: 0.8431960369856846.[0m
[32m[I 2022-04-21 12:24:31,713][0m Trial 644 finished with value: 0.8418736494032364 and parameters: {'n_estimators': 898, 'min_samples_split': 0.20716173630583426, 'min_samples_leaf': 0.15821152884306433, 'min_weight_fraction_leaf': 0.1616776534016291, 'max_features': 0.03777513413271547, 'bootstrap': True, 'max_samples': 0.7319371169132355, 'oob_score': True}. Best is trial 639 with value: 0.8431960369856846.[0m
[32m[I 2022-04-21 12:24:35,020][0m Trial 645 finished with value: 0.7120242832081012 and parameters: {'n_estimators': 140, 'min_samples_split': 0.29084116359463436, 'min_samples_leaf': 0.18146362380439093, 'min_weight_fraction_leaf': 0.002463794434226379, 'max_features': 0.10721081474584017, 'bootstrap': True, 'max_samples': 0.5647098578013464, 'oob_score': True}. Best is trial 639 with value: 0.8431960369856846.[0m
[32m[I 2022-04-21 12:24:40,714][0m Trial 646 finished with value: 0.8394140850808585 and parameters: {'n_estimators': 358, 'min_samples_split': 0.20362742067995995, 'min_samples_leaf': 0.01934574211431892, 'min_weight_fraction_leaf': 0.16601436355975505, 'max_features': 0.04875169919037895, 'bootstrap': True, 'max_samples': 0.47012177995691384, 'oob_score': True}. Best is trial 639 with value: 0.8431960369856846.[0m
[32m[I 2022-04-21 12:24:45,900][0m Trial 647 finished with value: 0.8397810826616532 and parameters: {'n_estimators': 340, 'min_samples_split': 0.21939266451745232, 'min_samples_leaf': 0.06159638175382465, 'min_weight_fraction_leaf': 0.1918603230808713, 'max_features': 0.027997666442605373, 'bootstrap': True, 'max_samples': 0.6100745686639333, 'oob_score': True}. Best is trial 639 with value: 0.8431960369856846.[0m
