[32m[I 2022-04-23 01:42:12,399][0m Trial 119 finished with value: 0.6675134244599803 and parameters: {'n_estimators': 803, 'min_samples_split': 0.14557648227821324, 'min_samples_leaf': 0.06122006490340476, 'min_weight_fraction_leaf': 0.010423508760914938, 'max_features': 0.24917489287844394, 'bootstrap': False, 'max_samples': 0.7413396366063276}. Best is trial 88 with value: 0.674655769013983.[0m
[32m[I 2022-04-23 01:42:27,072][0m Trial 120 finished with value: 0.5834365274455333 and parameters: {'n_estimators': 999, 'min_samples_split': 0.1174063383473303, 'min_samples_leaf': 0.25577565687303566, 'min_weight_fraction_leaf': 0.024480830317204043, 'max_features': 0.3110798080848619, 'bootstrap': False, 'max_samples': 0.7688549510905601}. Best is trial 88 with value: 0.674655769013983.[0m
[32m[I 2022-04-23 01:45:28,317][0m Trial 121 finished with value: 0.669282484197193 and parameters: {'n_estimators': 897, 'min_samples_split': 0.1700036996040602, 'min_samples_leaf': 0.01765285487747983, 'min_weight_fraction_leaf': 0.0007810198905583848, 'max_features': 0.34144101166711366, 'bootstrap': False, 'max_samples': 0.8093006633484664}. Best is trial 88 with value: 0.674655769013983.[0m
[32m[I 2022-04-23 01:48:23,491][0m Trial 122 finished with value: 0.6655600575703211 and parameters: {'n_estimators': 941, 'min_samples_split': 0.1642385112649675, 'min_samples_leaf': 0.003133238640244779, 'min_weight_fraction_leaf': 0.026821870771466465, 'max_features': 0.2636346227794922, 'bootstrap': False, 'max_samples': 0.7778723661461275}. Best is trial 88 with value: 0.674655769013983.[0m
[32m[I 2022-04-23 01:49:14,526][0m Trial 123 finished with value: 0.6701669131973012 and parameters: {'n_estimators': 860, 'min_samples_split': 0.18499110369820607, 'min_samples_leaf': 0.031147433626019738, 'min_weight_fraction_leaf': 0.036935189300347386, 'max_features': 0.12923763290897958, 'bootstrap': False, 'max_samples': 0.8523592367497264}. Best is trial 88 with value: 0.674655769013983.[0m
[32m[I 2022-04-23 01:52:30,058][0m Trial 124 finished with value: 0.675310291470532 and parameters: {'n_estimators': 938, 'min_samples_split': 0.12397941838557519, 'min_samples_leaf': 0.011239174689477825, 'min_weight_fraction_leaf': 0.019185558795850925, 'max_features': 0.28798671928795055, 'bootstrap': False, 'max_samples': 0.6989738222324906}. Best is trial 124 with value: 0.675310291470532.[0m
[32m[I 2022-04-23 01:54:25,112][0m Trial 125 finished with value: 0.6712429080718895 and parameters: {'n_estimators': 823, 'min_samples_split': 0.13858375379064375, 'min_samples_leaf': 0.023654006823559844, 'min_weight_fraction_leaf': 0.016348428389916965, 'max_features': 0.22810547813951107, 'bootstrap': False, 'max_samples': 0.6927277798525964}. Best is trial 124 with value: 0.675310291470532.[0m
[32m[I 2022-04-23 01:56:54,911][0m Trial 126 finished with value: 0.664392800498588 and parameters: {'n_estimators': 944, 'min_samples_split': 0.12733983725882847, 'min_samples_leaf': 0.013035280942066477, 'min_weight_fraction_leaf': 0.059050092367072975, 'max_features': 0.28732521760225677, 'bootstrap': False, 'max_samples': 0.6232110297973126}. Best is trial 124 with value: 0.675310291470532.[0m
[32m[I 2022-04-23 01:58:00,319][0m Trial 127 finished with value: 0.6682130001368424 and parameters: {'n_estimators': 781, 'min_samples_split': 0.15093372474659078, 'min_samples_leaf': 0.044606258089165324, 'min_weight_fraction_leaf': 0.011325196704481707, 'max_features': 0.19150791402472045, 'bootstrap': False, 'max_samples': 0.6462422826357165}. Best is trial 124 with value: 0.675310291470532.[0m
[32m[I 2022-04-23 02:00:13,769][0m Trial 128 finished with value: 0.6685765459758309 and parameters: {'n_estimators': 874, 'min_samples_split': 0.1083953674824921, 'min_samples_leaf': 0.03327147780828078, 'min_weight_fraction_leaf': 9.807166526124705e-05, 'max_features': 0.30386695822801085, 'bootstrap': False, 'max_samples': 0.702429638234619}. Best is trial 124 with value: 0.675310291470532.[0m
[32m[I 2022-04-23 02:00:48,781][0m Trial 129 finished with value: 0.6663085461840621 and parameters: {'n_estimators': 150, 'min_samples_split': 0.1011422185114586, 'min_samples_leaf': 0.01300975385136975, 'min_weight_fraction_leaf': 0.04032011819700327, 'max_features': 0.3668543655956624, 'bootstrap': False, 'max_samples': 0.747441025373738}. Best is trial 124 with value: 0.675310291470532.[0m
[32m[I 2022-04-23 02:03:43,902][0m Trial 130 finished with value: 0.6667515645361425 and parameters: {'n_estimators': 766, 'min_samples_split': 0.12206158895426328, 'min_samples_leaf': 0.023810897644782215, 'min_weight_fraction_leaf': 0.02844479276588925, 'max_features': 0.39541623871925635, 'bootstrap': False, 'max_samples': 0.7289334361254448}. Best is trial 124 with value: 0.675310291470532.[0m
[32m[I 2022-04-23 02:09:19,901][0m Trial 131 finished with value: 0.6725706196037239 and parameters: {'n_estimators': 911, 'min_samples_split': 0.05401356102520163, 'min_samples_leaf': 0.0030601136813385946, 'min_weight_fraction_leaf': 0.024110536310612517, 'max_features': 0.33075029041918336, 'bootstrap': False, 'max_samples': 0.7989501389123225}. Best is trial 124 with value: 0.675310291470532.[0m
[32m[I 2022-04-23 02:15:06,524][0m Trial 132 finished with value: 0.6750089774689982 and parameters: {'n_estimators': 953, 'min_samples_split': 0.054319200820664396, 'min_samples_leaf': 0.0020786949015848774, 'min_weight_fraction_leaf': 0.021829049221152808, 'max_features': 0.3207007439678073, 'bootstrap': False, 'max_samples': 0.7871335786441435}. Best is trial 124 with value: 0.675310291470532.[0m
[32m[I 2022-04-23 02:18:54,009][0m Trial 133 finished with value: 0.6678709695844923 and parameters: {'n_estimators': 974, 'min_samples_split': 0.053204395865098425, 'min_samples_leaf': 0.001089936278195933, 'min_weight_fraction_leaf': 0.050352839587354425, 'max_features': 0.32081738107640356, 'bootstrap': False, 'max_samples': 0.7839594292736501}. Best is trial 124 with value: 0.675310291470532.[0m
[32m[I 2022-04-23 02:23:55,968][0m Trial 134 finished with value: 0.6669822656258849 and parameters: {'n_estimators': 878, 'min_samples_split': 0.0341382655969202, 'min_samples_leaf': 0.009997440149952515, 'min_weight_fraction_leaf': 0.03335136108911981, 'max_features': 0.41779157508320597, 'bootstrap': False, 'max_samples': 0.8141075963538272}. Best is trial 124 with value: 0.675310291470532.[0m
[32m[I 2022-04-23 02:24:05,188][0m Trial 135 finished with value: 0.5931796708479932 and parameters: {'n_estimators': 836, 'min_samples_split': 0.31418970389307055, 'min_samples_leaf': 0.32807740738517677, 'min_weight_fraction_leaf': 0.025488510309624974, 'max_features': 0.3476701883789607, 'bootstrap': False, 'max_samples': 0.759013761402502}. Best is trial 124 with value: 0.675310291470532.[0m
[32m[I 2022-04-23 02:27:45,864][0m Trial 136 finished with value: 0.6814095013837085 and parameters: {'n_estimators': 892, 'min_samples_split': 0.04955301046895092, 'min_samples_leaf': 0.015207645517149601, 'min_weight_fraction_leaf': 0.007702307242957216, 'max_features': 0.25399162606102443, 'bootstrap': False, 'max_samples': 0.845689274145395}. Best is trial 136 with value: 0.6814095013837085.[0m
[32m[I 2022-04-23 02:27:52,121][0m Trial 137 finished with value: 0.5721841225034197 and parameters: {'n_estimators': 817, 'min_samples_split': 0.04356036362920256, 'min_samples_leaf': 0.3766577778827511, 'min_weight_fraction_leaf': 0.007704658020626735, 'max_features': 0.25215626841136574, 'bootstrap': False, 'max_samples': 0.8471833300419784}. Best is trial 136 with value: 0.6814095013837085.[0m
[32m[I 2022-04-23 02:29:09,407][0m Trial 138 finished with value: 0.6573630482085812 and parameters: {'n_estimators': 968, 'min_samples_split': 0.4289059063434215, 'min_samples_leaf': 0.0014410936216316399, 'min_weight_fraction_leaf': 0.04384304006237305, 'max_features': 0.21338947794834778, 'bootstrap': False, 'max_samples': 0.8523849220358521}. Best is trial 136 with value: 0.6814095013837085.[0m
[32m[I 2022-04-23 02:29:45,910][0m Trial 139 finished with value: 0.6069193262447252 and parameters: {'n_estimators': 881, 'min_samples_split': 0.023986018574734806, 'min_samples_leaf': 0.038924751404623294, 'min_weight_fraction_leaf': 0.2391260872223005, 'max_features': 0.26788682262687935, 'bootstrap': False, 'max_samples': 0.426346728713151}. Best is trial 136 with value: 0.6814095013837085.[0m
[32m[I 2022-04-23 02:30:22,962][0m Trial 140 finished with value: 0.5818606791346828 and parameters: {'n_estimators': 846, 'min_samples_split': 0.08522017247068393, 'min_samples_leaf': 0.02566258953178275, 'min_weight_fraction_leaf': 0.2723740020025864, 'max_features': 0.3072728400434288, 'bootstrap': False, 'max_samples': 0.787470478789618}. Best is trial 136 with value: 0.6814095013837085.[0m
[32m[I 2022-04-23 02:35:29,828][0m Trial 141 finished with value: 0.6761240426601467 and parameters: {'n_estimators': 912, 'min_samples_split': 0.05668987266610248, 'min_samples_leaf': 0.01324966328705202, 'min_weight_fraction_leaf': 0.01988787529092828, 'max_features': 0.3681737644973612, 'bootstrap': False, 'max_samples': 0.8083550623754181}. Best is trial 136 with value: 0.6814095013837085.[0m
[32m[I 2022-04-23 02:40:29,273][0m Trial 142 finished with value: 0.6745246380299308 and parameters: {'n_estimators': 996, 'min_samples_split': 0.0741471414141, 'min_samples_leaf': 0.014890714789329108, 'min_weight_fraction_leaf': 0.018736670189379585, 'max_features': 0.36925346340456316, 'bootstrap': False, 'max_samples': 0.7715921304790089}. Best is trial 136 with value: 0.6814095013837085.[0m
[32m[I 2022-04-23 02:45:21,978][0m Trial 143 finished with value: 0.6748376631797843 and parameters: {'n_estimators': 998, 'min_samples_split': 0.05059722276000846, 'min_samples_leaf': 0.014880518432796166, 'min_weight_fraction_leaf': 0.020431674416203475, 'max_features': 0.37303395466146455, 'bootstrap': False, 'max_samples': 0.7518664700953243}. Best is trial 136 with value: 0.6814095013837085.[0m
[32m[I 2022-04-23 02:46:30,422][0m Trial 144 finished with value: 0.6316486341264984 and parameters: {'n_estimators': 992, 'min_samples_split': 0.05480242774675366, 'min_samples_leaf': 0.012630408673692514, 'min_weight_fraction_leaf': 0.20557391094020389, 'max_features': 0.369878091570988, 'bootstrap': False, 'max_samples': 0.7385537059248685}. Best is trial 136 with value: 0.6814095013837085.[0m
[32m[I 2022-04-23 02:47:01,024][0m Trial 145 finished with value: 0.6349871873737616 and parameters: {'n_estimators': 950, 'min_samples_split': 0.03800036924062948, 'min_samples_leaf': 0.1690394020141126, 'min_weight_fraction_leaf': 0.008794717777773796, 'max_features': 0.4262261391664074, 'bootstrap': False, 'max_samples': 0.8238610487296203}. Best is trial 136 with value: 0.6814095013837085.[0m
[32m[I 2022-04-23 02:49:09,946][0m Trial 146 finished with value: 0.6607715398870269 and parameters: {'n_estimators': 947, 'min_samples_split': 0.05334229767440607, 'min_samples_leaf': 0.04815527322719541, 'min_weight_fraction_leaf': 0.03368756838863821, 'max_features': 0.3945834103038712, 'bootstrap': False, 'max_samples': 0.7233172326764753}. Best is trial 136 with value: 0.6814095013837085.[0m
[32m[I 2022-04-23 02:52:36,554][0m Trial 147 finished with value: 0.670626108901822 and parameters: {'n_estimators': 999, 'min_samples_split': 0.07308051719712706, 'min_samples_leaf': 0.029110921579195734, 'min_weight_fraction_leaf': 0.01763854011819214, 'max_features': 0.3598407365116737, 'bootstrap': False, 'max_samples': 0.8083453869959251}. Best is trial 136 with value: 0.6814095013837085.[0m
[32m[I 2022-04-23 02:52:54,708][0m Trial 148 finished with value: 0.627095984944041 and parameters: {'n_estimators': 910, 'min_samples_split': 0.028785854584742223, 'min_samples_leaf': 0.21978278845880125, 'min_weight_fraction_leaf': 0.0009647674291494331, 'max_features': 0.3247960982356358, 'bootstrap': False, 'max_samples': 0.8386308161877689}. Best is trial 136 with value: 0.6814095013837085.[0m
[32m[I 2022-04-23 02:53:32,431][0m Trial 149 finished with value: 0.5865344606574681 and parameters: {'n_estimators': 807, 'min_samples_split': 0.07493557831789943, 'min_samples_leaf': 0.01348290760125021, 'min_weight_fraction_leaf': 0.31036440979328284, 'max_features': 0.3814052435689815, 'bootstrap': False, 'max_samples': 0.7142424270165209}. Best is trial 136 with value: 0.6814095013837085.[0m
[32m[I 2022-04-23 02:56:30,612][0m Trial 150 finished with value: 0.6665696568114889 and parameters: {'n_estimators': 943, 'min_samples_split': 0.04985268909797198, 'min_samples_leaf': 0.036015237607320005, 'min_weight_fraction_leaf': 0.03997786789766668, 'max_features': 0.40185916940440747, 'bootstrap': False, 'max_samples': 0.7546635184859971}. Best is trial 136 with value: 0.6814095013837085.[0m
[32m[I 2022-04-23 02:59:59,683][0m Trial 151 finished with value: 0.6721654837355332 and parameters: {'n_estimators': 884, 'min_samples_split': 0.09030619440723421, 'min_samples_leaf': 0.018822201580875338, 'min_weight_fraction_leaf': 0.022863795202710833, 'max_features': 0.33296895976560204, 'bootstrap': False, 'max_samples': 0.7931975368235825}. Best is trial 136 with value: 0.6814095013837085.[0m
[32m[I 2022-04-23 03:06:18,916][0m Trial 152 finished with value: 0.6754964950871293 and parameters: {'n_estimators': 861, 'min_samples_split': 0.05414189096930764, 'min_samples_leaf': 0.011281724362789416, 'min_weight_fraction_leaf': 0.01699320187007238, 'max_features': 0.443097104671568, 'bootstrap': False, 'max_samples': 0.7706472272842133}. Best is trial 136 with value: 0.6814095013837085.[0m
[32m[I 2022-04-23 03:13:50,913][0m Trial 153 finished with value: 0.6754142123376733 and parameters: {'n_estimators': 1000, 'min_samples_split': 0.06084196272535094, 'min_samples_leaf': 0.010785217994136146, 'min_weight_fraction_leaf': 0.01125340695542457, 'max_features': 0.43957677489126673, 'bootstrap': False, 'max_samples': 0.6663113812032743}. Best is trial 136 with value: 0.6814095013837085.[0m
[32m[I 2022-04-23 03:21:11,915][0m Trial 154 finished with value: 0.6733566864943497 and parameters: {'n_estimators': 996, 'min_samples_split': 0.05925720539101919, 'min_samples_leaf': 0.009599408323279046, 'min_weight_fraction_leaf': 0.018350023658179875, 'max_features': 0.4501081560728536, 'bootstrap': False, 'max_samples': 0.6588882466001331}. Best is trial 136 with value: 0.6814095013837085.[0m
[32m[I 2022-04-23 03:26:07,351][0m Trial 155 finished with value: 0.6663350234678687 and parameters: {'n_estimators': 956, 'min_samples_split': 0.04144857356094822, 'min_samples_leaf': 0.026681508319661942, 'min_weight_fraction_leaf': 0.014264903039587523, 'max_features': 0.49121626486726155, 'bootstrap': False, 'max_samples': 0.678854818098826}. Best is trial 136 with value: 0.6814095013837085.[0m
[32m[I 2022-04-23 03:35:27,382][0m Trial 156 finished with value: 0.672132729272944 and parameters: {'n_estimators': 988, 'min_samples_split': 0.06057816162483186, 'min_samples_leaf': 0.010123871805162263, 'min_weight_fraction_leaf': 0.006919825876456417, 'max_features': 0.4509232879035118, 'bootstrap': False, 'max_samples': 0.6710473669895743}. Best is trial 136 with value: 0.6814095013837085.[0m
[32m[I 2022-04-23 03:38:27,351][0m Trial 157 finished with value: 0.6667483526435249 and parameters: {'n_estimators': 853, 'min_samples_split': 0.013263046981461024, 'min_samples_leaf': 0.034751748418886785, 'min_weight_fraction_leaf': 0.03681783446069839, 'max_features': 0.43071263309542174, 'bootstrap': False, 'max_samples': 0.5398167622373374}. Best is trial 136 with value: 0.6814095013837085.[0m
[32m[I 2022-04-23 03:41:06,236][0m Trial 158 finished with value: 0.6610453900254651 and parameters: {'n_estimators': 997, 'min_samples_split': 0.08054904928376179, 'min_samples_leaf': 0.05150523332796258, 'min_weight_fraction_leaf': 0.05026377381519011, 'max_features': 0.4446912331592608, 'bootstrap': False, 'max_samples': 0.65713328544968}. Best is trial 136 with value: 0.6814095013837085.[0m
[32m[I 2022-04-23 03:47:20,034][0m Trial 159 finished with value: 0.6750576788798208 and parameters: {'n_estimators': 920, 'min_samples_split': 0.031754017080637006, 'min_samples_leaf': 0.01763216562232775, 'min_weight_fraction_leaf': 0.014948633515251223, 'max_features': 0.46670629149631865, 'bootstrap': False, 'max_samples': 0.6248044860302621}. Best is trial 136 with value: 0.6814095013837085.[0m
[32m[I 2022-04-23 03:48:52,637][0m Trial 160 finished with value: 0.668988289107686 and parameters: {'n_estimators': 257, 'min_samples_split': 0.03220119880173217, 'min_samples_leaf': 0.02159085870198015, 'min_weight_fraction_leaf': 0.0002413815286035209, 'max_features': 0.48146271769309346, 'bootstrap': False, 'max_samples': 0.5966586600755679}. Best is trial 136 with value: 0.6814095013837085.[0m
[32m[I 2022-04-23 03:49:29,715][0m Trial 161 finished with value: 0.5783724648755257 and parameters: {'n_estimators': 913, 'min_samples_split': 0.0584019725740087, 'min_samples_leaf': 0.01014447830408496, 'min_weight_fraction_leaf': 0.3813849844660432, 'max_features': 0.40552518559961936, 'bootstrap': False, 'max_samples': 0.6366283145099152}. Best is trial 136 with value: 0.6814095013837085.[0m
[32m[I 2022-04-23 03:54:48,336][0m Trial 162 finished with value: 0.6749017871816954 and parameters: {'n_estimators': 955, 'min_samples_split': 0.04701286643461381, 'min_samples_leaf': 0.020609964150938152, 'min_weight_fraction_leaf': 0.01836042643394885, 'max_features': 0.43034059127654906, 'bootstrap': False, 'max_samples': 0.6930418681176421}. Best is trial 136 with value: 0.6814095013837085.[0m
[32m[I 2022-04-23 03:58:46,006][0m Trial 163 finished with value: 0.6680369186294123 and parameters: {'n_estimators': 958, 'min_samples_split': 0.043274375483130775, 'min_samples_leaf': 0.030394633123394507, 'min_weight_fraction_leaf': 0.031015981033810786, 'max_features': 0.43575038299175545, 'bootstrap': False, 'max_samples': 0.6640358135657847}. Best is trial 136 with value: 0.6814095013837085.[0m
[32m[I 2022-04-23 03:59:27,599][0m Trial 164 finished with value: 0.6686554825582168 and parameters: {'n_estimators': 101, 'min_samples_split': 0.07067215849724487, 'min_samples_leaf': 0.018625526654159417, 'min_weight_fraction_leaf': 0.019084003391022942, 'max_features': 0.5112794632270917, 'bootstrap': False, 'max_samples': 0.6218512805207498}. Best is trial 136 with value: 0.6814095013837085.[0m
[32m[I 2022-04-23 04:02:15,655][0m Trial 165 finished with value: 0.6657705745585324 and parameters: {'n_estimators': 866, 'min_samples_split': 0.04662926999515779, 'min_samples_leaf': 0.04192695391220352, 'min_weight_fraction_leaf': 0.010085290703193013, 'max_features': 0.46245443840346384, 'bootstrap': False, 'max_samples': 0.706619703659447}. Best is trial 136 with value: 0.6814095013837085.[0m
[32m[I 2022-04-23 04:07:34,711][0m Trial 166 finished with value: 0.6701250981807325 and parameters: {'n_estimators': 953, 'min_samples_split': 0.021569021823186593, 'min_samples_leaf': 0.011727699892333578, 'min_weight_fraction_leaf': 0.027793892365470883, 'max_features': 0.413585902282335, 'bootstrap': False, 'max_samples': 0.6970796517373513}. Best is trial 136 with value: 0.6814095013837085.[0m
[32m[I 2022-04-23 04:10:12,628][0m Trial 167 finished with value: 0.6689177095166271 and parameters: {'n_estimators': 903, 'min_samples_split': 0.03425969834943343, 'min_samples_leaf': 0.026516608225691497, 'min_weight_fraction_leaf': 0.04174513068047993, 'max_features': 0.3640011466169842, 'bootstrap': False, 'max_samples': 0.7153355828401143}. Best is trial 136 with value: 0.6814095013837085.[0m
[32m[I 2022-04-23 04:16:09,668][0m Trial 168 finished with value: 0.6722263270541091 and parameters: {'n_estimators': 997, 'min_samples_split': 0.06193040039170527, 'min_samples_leaf': 0.018286008598046105, 'min_weight_fraction_leaf': 0.0003776751006281144, 'max_features': 0.4740488410074672, 'bootstrap': False, 'max_samples': 0.684437031192231}. Best is trial 136 with value: 0.6814095013837085.[0m
[32m[I 2022-04-23 04:19:09,254][0m Trial 169 finished with value: 0.6672630454766451 and parameters: {'n_estimators': 831, 'min_samples_split': 0.07189886552439642, 'min_samples_leaf': 0.036194007889930435, 'min_weight_fraction_leaf': 0.016303634752016082, 'max_features': 0.4367429620617195, 'bootstrap': False, 'max_samples': 0.659083251274278}. Best is trial 136 with value: 0.6814095013837085.[0m
[32m[I 2022-04-23 04:22:32,084][0m Trial 170 finished with value: 0.6611104481821448 and parameters: {'n_estimators': 897, 'min_samples_split': 0.09916892617416437, 'min_samples_leaf': 0.009157734991226588, 'min_weight_fraction_leaf': 0.05905196241402516, 'max_features': 0.3886340722609364, 'bootstrap': False, 'max_samples': 0.5951434942645852}. Best is trial 136 with value: 0.6814095013837085.[0m
[32m[I 2022-04-23 04:29:02,835][0m Trial 171 finished with value: 0.6750351515565106 and parameters: {'n_estimators': 935, 'min_samples_split': 0.049502491374746195, 'min_samples_leaf': 0.007377530963584315, 'min_weight_fraction_leaf': 0.018681590654029925, 'max_features': 0.41404130170418946, 'bootstrap': False, 'max_samples': 0.7325023922587378}. Best is trial 136 with value: 0.6814095013837085.[0m
[32m[I 2022-04-23 04:30:04,720][0m Trial 172 finished with value: 0.6686347040498701 and parameters: {'n_estimators': 203, 'min_samples_split': 0.04902813758234204, 'min_samples_leaf': 0.020088629897135172, 'min_weight_fraction_leaf': 0.023255301391856085, 'max_features': 0.417746303272756, 'bootstrap': False, 'max_samples': 0.7502865294627377}. Best is trial 136 with value: 0.6814095013837085.[0m
