[32m[I 2022-04-21 14:11:35,133][0m Trial 156 finished with value: 0.8358256400256833 and parameters: {'n_estimators': 334, 'min_samples_split': 0.016967689675858117, 'min_samples_leaf': 0.003161224312611674, 'min_weight_fraction_leaf': 0.02540104423157433, 'max_features': 0.8857824068268236, 'bootstrap': True, 'max_samples': 0.9993394083484729, 'oob_score': True}. Best is trial 142 with value: 0.8369015041621106.[0m
[32m[I 2022-04-21 14:13:45,600][0m Trial 157 finished with value: 0.8310947216102992 and parameters: {'n_estimators': 332, 'min_samples_split': 0.07425423754293956, 'min_samples_leaf': 0.002961748588818084, 'min_weight_fraction_leaf': 0.0519515100316847, 'max_features': 0.9143567227958823, 'bootstrap': True, 'max_samples': 0.9622926333822212, 'oob_score': True}. Best is trial 142 with value: 0.8369015041621106.[0m
[32m[I 2022-04-21 14:18:27,500][0m Trial 158 finished with value: 0.8351490529094093 and parameters: {'n_estimators': 443, 'min_samples_split': 0.021589335703021517, 'min_samples_leaf': 0.001169864412915042, 'min_weight_fraction_leaf': 0.029735229467593598, 'max_features': 0.944211906863383, 'bootstrap': True, 'max_samples': 0.9925307468400911, 'oob_score': True}. Best is trial 142 with value: 0.8369015041621106.[0m
[32m[I 2022-04-21 14:22:28,922][0m Trial 159 finished with value: 0.8350009959655422 and parameters: {'n_estimators': 449, 'min_samples_split': 0.051101300331796884, 'min_samples_leaf': 0.0013214591563754565, 'min_weight_fraction_leaf': 0.029772294787130504, 'max_features': 0.856495960504603, 'bootstrap': True, 'max_samples': 0.9913111807359513, 'oob_score': True}. Best is trial 142 with value: 0.8369015041621106.[0m
[32m[I 2022-04-21 14:23:17,153][0m Trial 160 finished with value: 0.8270261504890557 and parameters: {'n_estimators': 338, 'min_samples_split': 0.19037999387624158, 'min_samples_leaf': 0.04602588416496971, 'min_weight_fraction_leaf': 0.04187226076787222, 'max_features': 0.9667136448233346, 'bootstrap': True, 'max_samples': 0.9127282077192417, 'oob_score': True}. Best is trial 142 with value: 0.8369015041621106.[0m
[32m[I 2022-04-21 14:26:06,891][0m Trial 161 finished with value: 0.8363586712371633 and parameters: {'n_estimators': 425, 'min_samples_split': 0.020922689155583436, 'min_samples_leaf': 0.013774983335628474, 'min_weight_fraction_leaf': 0.026929564620563055, 'max_features': 0.8757895427576559, 'bootstrap': True, 'max_samples': 0.9980859673366267, 'oob_score': True}. Best is trial 142 with value: 0.8369015041621106.[0m
[32m[I 2022-04-21 14:28:36,732][0m Trial 162 finished with value: 0.8358387999629796 and parameters: {'n_estimators': 428, 'min_samples_split': 0.03431877973505212, 'min_samples_leaf': 0.01871597532757683, 'min_weight_fraction_leaf': 0.020759044339848407, 'max_features': 0.8920205869449128, 'bootstrap': True, 'max_samples': 0.9640424107109907, 'oob_score': True}. Best is trial 142 with value: 0.8369015041621106.[0m
[32m[I 2022-04-21 14:31:04,290][0m Trial 163 finished with value: 0.835288660750915 and parameters: {'n_estimators': 422, 'min_samples_split': 0.03726476998506371, 'min_samples_leaf': 0.018320983262934586, 'min_weight_fraction_leaf': 0.0193455602115031, 'max_features': 0.8786384384878675, 'bootstrap': True, 'max_samples': 0.9647232425793997, 'oob_score': True}. Best is trial 142 with value: 0.8369015041621106.[0m
[32m[I 2022-04-21 14:34:00,937][0m Trial 164 finished with value: 0.8352621170571638 and parameters: {'n_estimators': 415, 'min_samples_split': 0.03503047931271168, 'min_samples_leaf': 0.016260404491848013, 'min_weight_fraction_leaf': 0.017102181433799067, 'max_features': 0.8910595304779717, 'bootstrap': True, 'max_samples': 0.9662977076061587, 'oob_score': True}. Best is trial 142 with value: 0.8369015041621106.[0m
[32m[I 2022-04-21 14:34:33,182][0m Trial 165 finished with value: 0.8065111325021045 and parameters: {'n_estimators': 416, 'min_samples_split': 0.03645679029404121, 'min_samples_leaf': 0.03714460989192544, 'min_weight_fraction_leaf': 0.25381314637719565, 'max_features': 0.8777007061477479, 'bootstrap': True, 'max_samples': 0.9605174463143832, 'oob_score': True}. Best is trial 142 with value: 0.8369015041621106.[0m
[32m[I 2022-04-21 14:39:15,610][0m Trial 166 finished with value: 0.8252695821065021 and parameters: {'n_estimators': 429, 'min_samples_split': 0.04317597339303174, 'min_samples_leaf': 0.01721097586674313, 'min_weight_fraction_leaf': 0.014366671417274157, 'max_features': 0.895274295728235, 'bootstrap': False, 'max_samples': 0.9340635738177575}. Best is trial 142 with value: 0.8369015041621106.[0m
[32m[I 2022-04-21 14:40:49,736][0m Trial 167 finished with value: 0.8306507110669473 and parameters: {'n_estimators': 467, 'min_samples_split': 0.0332608372047938, 'min_samples_leaf': 0.031136768942655896, 'min_weight_fraction_leaf': 0.01909670138155028, 'max_features': 0.8280636953407811, 'bootstrap': True, 'max_samples': 0.9574919696438106, 'oob_score': True}. Best is trial 142 with value: 0.8369015041621106.[0m
[32m[I 2022-04-21 14:42:54,027][0m Trial 168 finished with value: 0.8325831002662966 and parameters: {'n_estimators': 386, 'min_samples_split': 0.04918670292384533, 'min_samples_leaf': 0.016219342120675453, 'min_weight_fraction_leaf': 0.03119649063137885, 'max_features': 0.8557073941331187, 'bootstrap': True, 'max_samples': 0.8877704913441203, 'oob_score': False}. Best is trial 142 with value: 0.8369015041621106.[0m
[32m[I 2022-04-21 14:44:36,717][0m Trial 169 finished with value: 0.8323231313089867 and parameters: {'n_estimators': 369, 'min_samples_split': 0.030941373010748265, 'min_samples_leaf': 0.022145601778879316, 'min_weight_fraction_leaf': 0.049382892467033396, 'max_features': 0.9279186293031811, 'bootstrap': True, 'max_samples': 0.9972017899557175, 'oob_score': True}. Best is trial 142 with value: 0.8369015041621106.[0m
[32m[I 2022-04-21 14:45:48,512][0m Trial 170 finished with value: 0.8300812701248933 and parameters: {'n_estimators': 415, 'min_samples_split': 0.018778731981314523, 'min_samples_leaf': 0.04295446443650279, 'min_weight_fraction_leaf': 0.01873637201978927, 'max_features': 0.891553497112853, 'bootstrap': True, 'max_samples': 0.9730857885224329, 'oob_score': True}. Best is trial 142 with value: 0.8369015041621106.[0m
[32m[I 2022-04-21 14:47:56,083][0m Trial 171 finished with value: 0.8324359916861221 and parameters: {'n_estimators': 360, 'min_samples_split': 0.019277416624855017, 'min_samples_leaf': 0.011414224510885033, 'min_weight_fraction_leaf': 0.038546161612976484, 'max_features': 0.9020870245689657, 'bootstrap': True, 'max_samples': 0.9199764340695363, 'oob_score': True}. Best is trial 142 with value: 0.8369015041621106.[0m
[32m[I 2022-04-21 14:50:13,817][0m Trial 172 finished with value: 0.8350939815352533 and parameters: {'n_estimators': 426, 'min_samples_split': 0.03910034307801118, 'min_samples_leaf': 0.017799175531558152, 'min_weight_fraction_leaf': 0.01121748795304058, 'max_features': 0.867250599846744, 'bootstrap': True, 'max_samples': 0.9412486187020223, 'oob_score': True}. Best is trial 142 with value: 0.8369015041621106.[0m
[32m[I 2022-04-21 14:51:49,672][0m Trial 173 finished with value: 0.8315555444732201 and parameters: {'n_estimators': 379, 'min_samples_split': 0.012074470326068697, 'min_samples_leaf': 0.029579359317471333, 'min_weight_fraction_leaf': 0.026355908225280406, 'max_features': 0.9611884957950325, 'bootstrap': True, 'max_samples': 0.9768221879287531, 'oob_score': True}. Best is trial 142 with value: 0.8369015041621106.[0m
[32m[I 2022-04-21 14:54:21,469][0m Trial 174 finished with value: 0.8331727167626835 and parameters: {'n_estimators': 484, 'min_samples_split': 0.02546793139314376, 'min_samples_leaf': 0.014131329166449883, 'min_weight_fraction_leaf': 0.0395870794846888, 'max_features': 0.8287903867636672, 'bootstrap': True, 'max_samples': 0.999458136900175, 'oob_score': True}. Best is trial 142 with value: 0.8369015041621106.[0m
[32m[I 2022-04-21 14:55:56,754][0m Trial 175 finished with value: 0.8339987976110091 and parameters: {'n_estimators': 396, 'min_samples_split': 0.03304652558291277, 'min_samples_leaf': 0.02553040402620302, 'min_weight_fraction_leaf': 0.0105486622600051, 'max_features': 0.8428089179735044, 'bootstrap': True, 'max_samples': 0.9544649952733094, 'oob_score': True}. Best is trial 142 with value: 0.8369015041621106.[0m
[32m[I 2022-04-21 14:58:43,896][0m Trial 176 finished with value: 0.8366289743771527 and parameters: {'n_estimators': 342, 'min_samples_split': 0.001632693996522338, 'min_samples_leaf': 0.009660662688165662, 'min_weight_fraction_leaf': 0.020921475644803973, 'max_features': 0.8817881052490275, 'bootstrap': True, 'max_samples': 0.9251326339280298, 'oob_score': True}. Best is trial 142 with value: 0.8369015041621106.[0m
[32m[I 2022-04-21 15:01:25,943][0m Trial 177 finished with value: 0.8349769394964213 and parameters: {'n_estimators': 323, 'min_samples_split': 0.05402182971812856, 'min_samples_leaf': 0.0015375565361967413, 'min_weight_fraction_leaf': 0.0256578973860138, 'max_features': 0.883419456079627, 'bootstrap': True, 'max_samples': 0.9015432599609018, 'oob_score': True}. Best is trial 142 with value: 0.8369015041621106.[0m
[32m[I 2022-04-21 15:02:31,342][0m Trial 178 finished with value: 0.8311778735513566 and parameters: {'n_estimators': 340, 'min_samples_split': 0.04368724360191681, 'min_samples_leaf': 0.03540911719688213, 'min_weight_fraction_leaf': 0.015804488227462426, 'max_features': 0.9171742302438671, 'bootstrap': True, 'max_samples': 0.9322590886303841, 'oob_score': True}. Best is trial 142 with value: 0.8369015041621106.[0m
[32m[I 2022-04-21 15:04:27,129][0m Trial 179 finished with value: 0.8337636915805916 and parameters: {'n_estimators': 365, 'min_samples_split': 0.01075747065106057, 'min_samples_leaf': 0.019266625429133027, 'min_weight_fraction_leaf': 0.03205703190443353, 'max_features': 0.8635415075015769, 'bootstrap': True, 'max_samples': 0.9697493555648494, 'oob_score': True}. Best is trial 142 with value: 0.8369015041621106.[0m
[32m[I 2022-04-21 15:06:52,571][0m Trial 180 finished with value: 0.8355344875396213 and parameters: {'n_estimators': 352, 'min_samples_split': 0.026031465443918458, 'min_samples_leaf': 0.011155181570021494, 'min_weight_fraction_leaf': 0.008981440478151713, 'max_features': 0.8171723423039319, 'bootstrap': True, 'max_samples': 0.8607707675298661, 'oob_score': True}. Best is trial 142 with value: 0.8369015041621106.[0m
[32m[I 2022-04-21 15:10:06,146][0m Trial 181 finished with value: 0.8350839318586472 and parameters: {'n_estimators': 349, 'min_samples_split': 0.025952768186054, 'min_samples_leaf': 0.010129591355020414, 'min_weight_fraction_leaf': 0.0008676641195509982, 'max_features': 0.8085717447871751, 'bootstrap': True, 'max_samples': 0.9199598645909829, 'oob_score': True}. Best is trial 142 with value: 0.8369015041621106.[0m
[32m[I 2022-04-21 15:11:39,315][0m Trial 182 finished with value: 0.8340677397044128 and parameters: {'n_estimators': 322, 'min_samples_split': 0.018477000865904324, 'min_samples_leaf': 0.02198015764473001, 'min_weight_fraction_leaf': 0.018529547730363166, 'max_features': 0.8876687459178193, 'bootstrap': True, 'max_samples': 0.9482978930193054, 'oob_score': True}. Best is trial 142 with value: 0.8369015041621106.[0m
[32m[I 2022-04-21 15:11:46,115][0m Trial 183 finished with value: 0.7581682126054281 and parameters: {'n_estimators': 377, 'min_samples_split': 0.03449516578629783, 'min_samples_leaf': 0.3293111634339569, 'min_weight_fraction_leaf': 0.008621186715452256, 'max_features': 0.9481079218288729, 'bootstrap': True, 'max_samples': 0.9726931332551366, 'oob_score': True}. Best is trial 142 with value: 0.8369015041621106.[0m
[32m[I 2022-04-21 15:14:43,934][0m Trial 184 finished with value: 0.8366025042527759 and parameters: {'n_estimators': 401, 'min_samples_split': 0.04210538914244731, 'min_samples_leaf': 0.01001742659942654, 'min_weight_fraction_leaf': 0.02034255057710524, 'max_features': 0.8446009168392807, 'bootstrap': True, 'max_samples': 0.8520847457227577, 'oob_score': True}. Best is trial 142 with value: 0.8369015041621106.[0m
[32m[I 2022-04-21 15:16:54,480][0m Trial 185 finished with value: 0.8336238806585504 and parameters: {'n_estimators': 358, 'min_samples_split': 0.04547394288068467, 'min_samples_leaf': 0.009490220041612325, 'min_weight_fraction_leaf': 0.02799467576944283, 'max_features': 0.8236491485535751, 'bootstrap': True, 'max_samples': 0.8627050255491286, 'oob_score': True}. Best is trial 142 with value: 0.8369015041621106.[0m
[32m[I 2022-04-21 15:17:16,567][0m Trial 186 finished with value: 0.7853417011473057 and parameters: {'n_estimators': 395, 'min_samples_split': 0.0671367154214643, 'min_samples_leaf': 0.02995447172297537, 'min_weight_fraction_leaf': 0.38078088789688286, 'max_features': 0.8446063207781075, 'bootstrap': True, 'max_samples': 0.8847839872408989, 'oob_score': True}. Best is trial 142 with value: 0.8369015041621106.[0m
[32m[I 2022-04-21 15:17:22,716][0m Trial 187 finished with value: 0.35 and parameters: {'n_estimators': 296, 'min_samples_split': 0.010321816482732466, 'min_samples_leaf': 0.4076609954696203, 'min_weight_fraction_leaf': 0.00016869274783159587, 'max_features': 0.8501268427951292, 'bootstrap': True, 'max_samples': 0.8465161859330416, 'oob_score': True}. Best is trial 142 with value: 0.8369015041621106.[0m
[32m[I 2022-04-21 15:19:32,980][0m Trial 188 finished with value: 0.8313093137346426 and parameters: {'n_estimators': 315, 'min_samples_split': 0.02477868788840822, 'min_samples_leaf': 0.001000521226106485, 'min_weight_fraction_leaf': 0.04664836487352396, 'max_features': 0.9186630633749564, 'bootstrap': True, 'max_samples': 0.907198539737684, 'oob_score': True}. Best is trial 142 with value: 0.8369015041621106.[0m
[32m[I 2022-04-21 15:20:13,115][0m Trial 189 finished with value: 0.8271891466758623 and parameters: {'n_estimators': 333, 'min_samples_split': 0.25912746519923147, 'min_samples_leaf': 0.03898495037227869, 'min_weight_fraction_leaf': 0.009873489138429198, 'max_features': 0.7797347878459009, 'bootstrap': True, 'max_samples': 0.9312782468882014, 'oob_score': True}. Best is trial 142 with value: 0.8369015041621106.[0m
[32m[I 2022-04-21 15:22:33,849][0m Trial 190 finished with value: 0.8353740525568376 and parameters: {'n_estimators': 346, 'min_samples_split': 0.05456326397951068, 'min_samples_leaf': 0.01117838007482275, 'min_weight_fraction_leaf': 0.021338546257846456, 'max_features': 0.9003691685514184, 'bootstrap': True, 'max_samples': 0.8940531007905808, 'oob_score': True}. Best is trial 142 with value: 0.8369015041621106.[0m
[32m[I 2022-04-21 15:24:48,956][0m Trial 191 finished with value: 0.8350757325521334 and parameters: {'n_estimators': 349, 'min_samples_split': 0.05627510378814811, 'min_samples_leaf': 0.012412092388927029, 'min_weight_fraction_leaf': 0.022605532755824588, 'max_features': 0.9010602758274927, 'bootstrap': True, 'max_samples': 0.890401885537043, 'oob_score': True}. Best is trial 142 with value: 0.8369015041621106.[0m
[32m[I 2022-04-21 15:26:13,481][0m Trial 192 finished with value: 0.8325426831269237 and parameters: {'n_estimators': 371, 'min_samples_split': 0.039021807453768806, 'min_samples_leaf': 0.02425981546902477, 'min_weight_fraction_leaf': 0.031843915255860084, 'max_features': 0.8715112518599227, 'bootstrap': True, 'max_samples': 0.8647830717605776, 'oob_score': True}. Best is trial 142 with value: 0.8369015041621106.[0m
[32m[I 2022-04-21 15:31:56,448][0m Trial 193 finished with value: 0.8355016689848128 and parameters: {'n_estimators': 386, 'min_samples_split': 0.026549033877579037, 'min_samples_leaf': 0.0010286092069010221, 'min_weight_fraction_leaf': 0.011387526332398904, 'max_features': 0.9325376778811534, 'bootstrap': True, 'max_samples': 0.9464586909810765, 'oob_score': True}. Best is trial 142 with value: 0.8369015041621106.[0m
[32m[I 2022-04-21 15:34:51,417][0m Trial 194 finished with value: 0.8361988106834962 and parameters: {'n_estimators': 333, 'min_samples_split': 0.020376067810578404, 'min_samples_leaf': 0.011200309390862046, 'min_weight_fraction_leaf': 0.00856605708524265, 'max_features': 0.9337715666249161, 'bootstrap': True, 'max_samples': 0.9991629658161603, 'oob_score': True}. Best is trial 142 with value: 0.8369015041621106.[0m
[32m[I 2022-04-21 15:41:24,723][0m Trial 195 finished with value: 0.8350323674259179 and parameters: {'n_estimators': 338, 'min_samples_split': 0.002099709365502174, 'min_samples_leaf': 0.0011583721532747587, 'min_weight_fraction_leaf': 0.008651297654435987, 'max_features': 0.9393757572942124, 'bootstrap': True, 'max_samples': 0.9421601304715378, 'oob_score': True}. Best is trial 142 with value: 0.8369015041621106.[0m
[32m[I 2022-04-21 15:44:43,057][0m Trial 196 finished with value: 0.8158594492204856 and parameters: {'n_estimators': 326, 'min_samples_split': 0.0181394305137557, 'min_samples_leaf': 0.011400023959818126, 'min_weight_fraction_leaf': 0.03412182191064369, 'max_features': 0.9278696250899822, 'bootstrap': False, 'max_samples': 0.9973315089833328}. Best is trial 142 with value: 0.8369015041621106.[0m
[32m[I 2022-04-21 15:47:24,967][0m Trial 197 finished with value: 0.8364150126955192 and parameters: {'n_estimators': 309, 'min_samples_split': 0.017916091100068345, 'min_samples_leaf': 0.008541219191474696, 'min_weight_fraction_leaf': 0.02147452126947704, 'max_features': 0.9819998698340316, 'bootstrap': True, 'max_samples': 0.9187824510092795, 'oob_score': True}. Best is trial 142 with value: 0.8369015041621106.[0m
[32m[I 2022-04-21 15:50:45,672][0m Trial 198 finished with value: 0.8353491774173314 and parameters: {'n_estimators': 310, 'min_samples_split': 0.014977127514743852, 'min_samples_leaf': 0.00831120583978988, 'min_weight_fraction_leaf': 0.01154678331787664, 'max_features': 0.9725508465481237, 'bootstrap': True, 'max_samples': 0.9249224916951718, 'oob_score': False}. Best is trial 142 with value: 0.8369015041621106.[0m
[32m[I 2022-04-21 15:50:52,295][0m Trial 199 finished with value: 0.35 and parameters: {'n_estimators': 380, 'min_samples_split': 0.024637390548931694, 'min_samples_leaf': 0.4604062707481299, 'min_weight_fraction_leaf': 0.04073849552176144, 'max_features': 0.9669086388819191, 'bootstrap': True, 'max_samples': 0.9774228401554802, 'oob_score': True}. Best is trial 142 with value: 0.8369015041621106.[0m
[32m[I 2022-04-21 15:52:09,529][0m Trial 200 finished with value: 0.8238803177791201 and parameters: {'n_estimators': 357, 'min_samples_split': 0.009415589735257253, 'min_samples_leaf': 0.0018862870373338378, 'min_weight_fraction_leaf': 0.1408712366447362, 'max_features': 0.9545248629585941, 'bootstrap': True, 'max_samples': 0.9996672909568024, 'oob_score': True}. Best is trial 142 with value: 0.8369015041621106.[0m
[32m[I 2022-04-21 15:54:35,642][0m Trial 201 finished with value: 0.8350314867991735 and parameters: {'n_estimators': 345, 'min_samples_split': 0.04540849017639016, 'min_samples_leaf': 0.012895118442288299, 'min_weight_fraction_leaf': 0.020312302264154716, 'max_features': 0.9104284980926681, 'bootstrap': True, 'max_samples': 0.907501392505432, 'oob_score': True}. Best is trial 142 with value: 0.8369015041621106.[0m
[32m[I 2022-04-21 15:56:01,990][0m Trial 202 finished with value: 0.8314786705644746 and parameters: {'n_estimators': 388, 'min_samples_split': 0.028340333696298486, 'min_samples_leaf': 0.027532297051858872, 'min_weight_fraction_leaf': 0.026780718779706218, 'max_features': 0.9969704858689211, 'bootstrap': True, 'max_samples': 0.8731143416299567, 'oob_score': True}. Best is trial 142 with value: 0.8369015041621106.[0m
[32m[I 2022-04-21 16:00:11,663][0m Trial 203 finished with value: 0.8349662624371774 and parameters: {'n_estimators': 299, 'min_samples_split': 0.018443097183914594, 'min_samples_leaf': 0.0011407287806671877, 'min_weight_fraction_leaf': 0.011038992322349032, 'max_features': 0.932260358778526, 'bootstrap': True, 'max_samples': 0.8991789185687853, 'oob_score': True}. Best is trial 142 with value: 0.8369015041621106.[0m
[32m[I 2022-04-21 16:02:01,654][0m Trial 204 finished with value: 0.835262635988658 and parameters: {'n_estimators': 331, 'min_samples_split': 0.051084475151234404, 'min_samples_leaf': 0.017028353048776486, 'min_weight_fraction_leaf': 0.02253914162410341, 'max_features': 0.8513818740718344, 'bootstrap': True, 'max_samples': 0.9514651876267196, 'oob_score': True}. Best is trial 142 with value: 0.8369015041621106.[0m
[32m[I 2022-04-21 16:02:44,261][0m Trial 205 finished with value: 0.8181149187219006 and parameters: {'n_estimators': 360, 'min_samples_split': 0.02988137337169141, 'min_samples_leaf': 0.010244868325936388, 'min_weight_fraction_leaf': 0.18834037884048782, 'max_features': 0.7980703444509359, 'bootstrap': True, 'max_samples': 0.939801118032124, 'oob_score': True}. Best is trial 142 with value: 0.8369015041621106.[0m
[32m[I 2022-04-21 16:03:27,217][0m Trial 206 finished with value: 0.8268010967541237 and parameters: {'n_estimators': 372, 'min_samples_split': 0.3878291055142841, 'min_samples_leaf': 0.025082805150749055, 'min_weight_fraction_leaf': 0.03257992919518561, 'max_features': 0.9010382185846177, 'bootstrap': True, 'max_samples': 0.9187080814412117, 'oob_score': True}. Best is trial 142 with value: 0.8369015041621106.[0m
[32m[I 2022-04-21 16:06:08,324][0m Trial 207 finished with value: 0.8364034025688918 and parameters: {'n_estimators': 321, 'min_samples_split': 0.002057218394059382, 'min_samples_leaf': 0.010076664845087764, 'min_weight_fraction_leaf': 0.018490239075747275, 'max_features': 0.8682616156095662, 'bootstrap': True, 'max_samples': 0.9846754100729564, 'oob_score': True}. Best is trial 142 with value: 0.8369015041621106.[0m
