[32m[I 2022-04-21 21:29:54,988][0m Trial 312 finished with value: 0.8370739604000683 and parameters: {'n_estimators': 522, 'min_samples_split': 0.0016902973704163724, 'min_samples_leaf': 0.0014085879780944876, 'min_weight_fraction_leaf': 0.010923443876436699, 'max_features': 0.23355250991805976, 'bootstrap': True, 'max_samples': 0.874271870081522, 'oob_score': True}. Best is trial 302 with value: 0.8387709714658141.[0m
[32m[I 2022-04-21 21:33:45,642][0m Trial 313 finished with value: 0.8367218690666025 and parameters: {'n_estimators': 527, 'min_samples_split': 0.002897715028902353, 'min_samples_leaf': 0.001178206004227712, 'min_weight_fraction_leaf': 0.009318553898418973, 'max_features': 0.4026846799975303, 'bootstrap': True, 'max_samples': 0.8645159080147793, 'oob_score': True}. Best is trial 302 with value: 0.8387709714658141.[0m
[32m[I 2022-04-21 21:36:04,933][0m Trial 314 finished with value: 0.8395559028926337 and parameters: {'n_estimators': 577, 'min_samples_split': 0.0015571106255671974, 'min_samples_leaf': 0.008431514871578739, 'min_weight_fraction_leaf': 0.00046397577894894987, 'max_features': 0.3734678044415246, 'bootstrap': True, 'max_samples': 0.8788596027647154, 'oob_score': True}. Best is trial 314 with value: 0.8395559028926337.[0m
[32m[I 2022-04-21 21:38:29,646][0m Trial 315 finished with value: 0.8387843755419169 and parameters: {'n_estimators': 581, 'min_samples_split': 0.0024356511744735992, 'min_samples_leaf': 0.010068298695308262, 'min_weight_fraction_leaf': 0.0018940896209593255, 'max_features': 0.3923217174361419, 'bootstrap': True, 'max_samples': 0.8757422213601656, 'oob_score': True}. Best is trial 314 with value: 0.8395559028926337.[0m
[32m[I 2022-04-21 21:38:37,282][0m Trial 316 finished with value: 0.35 and parameters: {'n_estimators': 573, 'min_samples_split': 0.0025389352289081745, 'min_samples_leaf': 0.4912496635898477, 'min_weight_fraction_leaf': 0.00037702275463745894, 'max_features': 0.3956647361143748, 'bootstrap': True, 'max_samples': 0.8730011170058665, 'oob_score': True}. Best is trial 314 with value: 0.8395559028926337.[0m
[32m[I 2022-04-21 21:42:35,690][0m Trial 317 finished with value: 0.8371411620544805 and parameters: {'n_estimators': 579, 'min_samples_split': 0.007767788524565533, 'min_samples_leaf': 0.0016663801597408172, 'min_weight_fraction_leaf': 0.008046388588361203, 'max_features': 0.3653108878406573, 'bootstrap': True, 'max_samples': 0.8740177601039, 'oob_score': True}. Best is trial 314 with value: 0.8395559028926337.[0m
[32m[I 2022-04-21 21:45:21,071][0m Trial 318 finished with value: 0.8354652311955435 and parameters: {'n_estimators': 631, 'min_samples_split': 0.0026195529085407654, 'min_samples_leaf': 0.0010108939852972367, 'min_weight_fraction_leaf': 0.007521290516299675, 'max_features': 0.2326958149404096, 'bootstrap': True, 'max_samples': 0.8648255372882053, 'oob_score': True}. Best is trial 314 with value: 0.8395559028926337.[0m
[32m[I 2022-04-21 21:46:16,630][0m Trial 319 finished with value: 0.8356487767997791 and parameters: {'n_estimators': 527, 'min_samples_split': 0.001301521037929069, 'min_samples_leaf': 0.024660640880396288, 'min_weight_fraction_leaf': 0.0012560987218419124, 'max_features': 0.3763974705481854, 'bootstrap': True, 'max_samples': 0.8766246408547987, 'oob_score': True}. Best is trial 314 with value: 0.8395559028926337.[0m
[32m[I 2022-04-21 21:49:10,644][0m Trial 320 finished with value: 0.8383220928624724 and parameters: {'n_estimators': 589, 'min_samples_split': 0.0013359961077036781, 'min_samples_leaf': 0.017221871056824285, 'min_weight_fraction_leaf': 6.26431771202484e-05, 'max_features': 0.4412091141653485, 'bootstrap': False, 'max_samples': 0.8490118486491491}. Best is trial 314 with value: 0.8395559028926337.[0m
[32m[I 2022-04-21 21:50:07,539][0m Trial 321 finished with value: 0.8162591709318849 and parameters: {'n_estimators': 568, 'min_samples_split': 0.014474814035897614, 'min_samples_leaf': 0.01858988878212498, 'min_weight_fraction_leaf': 0.15719203852800717, 'max_features': 0.45721526562796877, 'bootstrap': False, 'max_samples': 0.8380610530187242}. Best is trial 314 with value: 0.8395559028926337.[0m
[32m[I 2022-04-21 22:03:23,461][0m Trial 322 finished with value: 0.835182546300639 and parameters: {'n_estimators': 589, 'min_samples_split': 0.0011820181031410894, 'min_samples_leaf': 0.0020733357151343367, 'min_weight_fraction_leaf': 0.0009263095114573756, 'max_features': 0.41043726756893917, 'bootstrap': False, 'max_samples': 0.884365095652986}. Best is trial 314 with value: 0.8395559028926337.[0m
[32m[I 2022-04-21 22:04:31,124][0m Trial 323 finished with value: 0.8346195696462836 and parameters: {'n_estimators': 611, 'min_samples_split': 0.01631117733506996, 'min_samples_leaf': 0.038551735104586767, 'min_weight_fraction_leaf': 0.01301983761980854, 'max_features': 0.2955818260332654, 'bootstrap': False, 'max_samples': 0.8665690272294999}. Best is trial 314 with value: 0.8395559028926337.[0m
[32m[I 2022-04-21 22:16:23,217][0m Trial 324 finished with value: 0.8351818162107062 and parameters: {'n_estimators': 646, 'min_samples_split': 0.015250362592161403, 'min_samples_leaf': 0.0012849315961256155, 'min_weight_fraction_leaf': 0.0002793080928316684, 'max_features': 0.3846883405018098, 'bootstrap': False, 'max_samples': 0.8830221720128156}. Best is trial 314 with value: 0.8395559028926337.[0m
[32m[I 2022-04-21 22:18:38,195][0m Trial 325 finished with value: 0.8384015946699994 and parameters: {'n_estimators': 586, 'min_samples_split': 0.011651047613985237, 'min_samples_leaf': 0.017297557763548906, 'min_weight_fraction_leaf': 0.014668669474583527, 'max_features': 0.32792769904325003, 'bootstrap': False, 'max_samples': 0.8318223170211427}. Best is trial 314 with value: 0.8395559028926337.[0m
[32m[I 2022-04-21 22:19:58,582][0m Trial 326 finished with value: 0.8368376002225704 and parameters: {'n_estimators': 597, 'min_samples_split': 0.001243455204658371, 'min_samples_leaf': 0.027484677586498554, 'min_weight_fraction_leaf': 0.013349088329049626, 'max_features': 0.24700808791701961, 'bootstrap': False, 'max_samples': 0.8454308300047051}. Best is trial 314 with value: 0.8395559028926337.[0m
[32m[I 2022-04-21 22:21:51,873][0m Trial 327 finished with value: 0.8345080765030953 and parameters: {'n_estimators': 591, 'min_samples_split': 0.017295424476521125, 'min_samples_leaf': 0.030100282084544194, 'min_weight_fraction_leaf': 0.015310967421794884, 'max_features': 0.43292647665111084, 'bootstrap': False, 'max_samples': 0.8319009941194317}. Best is trial 314 with value: 0.8395559028926337.[0m
[32m[I 2022-04-21 22:22:41,023][0m Trial 328 finished with value: 0.8346052667653943 and parameters: {'n_estimators': 609, 'min_samples_split': 0.01139624148083706, 'min_samples_leaf': 0.0434316907276622, 'min_weight_fraction_leaf': 0.015471765920786015, 'max_features': 0.2326313588856102, 'bootstrap': False, 'max_samples': 0.8170039674832777}. Best is trial 314 with value: 0.8395559028926337.[0m
[32m[I 2022-04-21 22:24:26,159][0m Trial 329 finished with value: 0.8377802034283084 and parameters: {'n_estimators': 578, 'min_samples_split': 0.0011824251835252252, 'min_samples_leaf': 0.022875602916342087, 'min_weight_fraction_leaf': 0.0006549410928360827, 'max_features': 0.3244599105672381, 'bootstrap': False, 'max_samples': 0.8369542332645932}. Best is trial 314 with value: 0.8395559028926337.[0m
[32m[I 2022-04-21 22:25:47,299][0m Trial 330 finished with value: 0.8361404015718825 and parameters: {'n_estimators': 635, 'min_samples_split': 0.0013515196491913906, 'min_samples_leaf': 0.03338325087270625, 'min_weight_fraction_leaf': 0.0007561069001544447, 'max_features': 0.30967636094287415, 'bootstrap': False, 'max_samples': 0.8546592524184313}. Best is trial 314 with value: 0.8395559028926337.[0m
[32m[I 2022-04-21 22:27:35,592][0m Trial 331 finished with value: 0.8380213777611732 and parameters: {'n_estimators': 575, 'min_samples_split': 0.010337851988445092, 'min_samples_leaf': 0.02402150566700343, 'min_weight_fraction_leaf': 0.0008088822807007512, 'max_features': 0.3267645060523974, 'bootstrap': False, 'max_samples': 0.8288577855508629}. Best is trial 314 with value: 0.8395559028926337.[0m
[32m[I 2022-04-21 22:29:37,318][0m Trial 332 finished with value: 0.8374962604446615 and parameters: {'n_estimators': 562, 'min_samples_split': 0.019530895267081645, 'min_samples_leaf': 0.02044457759256814, 'min_weight_fraction_leaf': 0.008234097498306631, 'max_features': 0.32458793653408646, 'bootstrap': False, 'max_samples': 0.7928255484956189}. Best is trial 314 with value: 0.8395559028926337.[0m
[32m[I 2022-04-21 22:30:42,224][0m Trial 333 finished with value: 0.8339297500077496 and parameters: {'n_estimators': 563, 'min_samples_split': 0.015157010872454092, 'min_samples_leaf': 0.04145254274662215, 'min_weight_fraction_leaf': 0.0002540468002148778, 'max_features': 0.3413542545796907, 'bootstrap': False, 'max_samples': 0.8133701429042319}. Best is trial 314 with value: 0.8395559028926337.[0m
[32m[I 2022-04-21 22:30:55,368][0m Trial 334 finished with value: 0.7780008335380171 and parameters: {'n_estimators': 544, 'min_samples_split': 0.019830292541206197, 'min_samples_leaf': 0.05211066059797397, 'min_weight_fraction_leaf': 0.43840642057160073, 'max_features': 0.3249676764545295, 'bootstrap': False, 'max_samples': 0.8210581011841356}. Best is trial 314 with value: 0.8395559028926337.[0m
[32m[I 2022-04-21 22:32:56,574][0m Trial 335 finished with value: 0.8371377733836696 and parameters: {'n_estimators': 575, 'min_samples_split': 0.010714939353299983, 'min_samples_leaf': 0.021327216562185447, 'min_weight_fraction_leaf': 0.009337766042604185, 'max_features': 0.36468145529142293, 'bootstrap': False, 'max_samples': 0.7892488643163706}. Best is trial 314 with value: 0.8395559028926337.[0m
[32m[I 2022-04-21 22:34:43,853][0m Trial 336 finished with value: 0.8371765138912501 and parameters: {'n_estimators': 578, 'min_samples_split': 0.019768937012330665, 'min_samples_leaf': 0.02490552029598278, 'min_weight_fraction_leaf': 0.008917975396934424, 'max_features': 0.36545293964198394, 'bootstrap': False, 'max_samples': 0.7854479020979533}. Best is trial 314 with value: 0.8395559028926337.[0m
[32m[I 2022-04-21 22:36:22,848][0m Trial 337 finished with value: 0.834973140232254 and parameters: {'n_estimators': 668, 'min_samples_split': 0.020348760723575193, 'min_samples_leaf': 0.03427416952705248, 'min_weight_fraction_leaf': 0.008604758920722046, 'max_features': 0.3665835418122296, 'bootstrap': False, 'max_samples': 0.7916940956382728}. Best is trial 314 with value: 0.8395559028926337.[0m
[32m[I 2022-04-21 22:36:30,719][0m Trial 338 finished with value: 0.7963900896302369 and parameters: {'n_estimators': 586, 'min_samples_split': 0.0013693914389571072, 'min_samples_leaf': 0.31420011208092163, 'min_weight_fraction_leaf': 0.00038597357199437847, 'max_features': 0.28291288875977977, 'bootstrap': False, 'max_samples': 0.7893579658697657}. Best is trial 314 with value: 0.8395559028926337.[0m
[32m[I 2022-04-21 22:38:20,295][0m Trial 339 finished with value: 0.8368359347845271 and parameters: {'n_estimators': 570, 'min_samples_split': 0.02199920044981561, 'min_samples_leaf': 0.02576544619883324, 'min_weight_fraction_leaf': 0.0007704053362703317, 'max_features': 0.3587387271371502, 'bootstrap': False, 'max_samples': 0.802540040081073}. Best is trial 314 with value: 0.8395559028926337.[0m
[32m[I 2022-04-21 22:39:05,715][0m Trial 340 finished with value: 0.827303547153304 and parameters: {'n_estimators': 611, 'min_samples_split': 0.3777677462287097, 'min_samples_leaf': 0.04907056003041125, 'min_weight_fraction_leaf': 0.00031701568538771243, 'max_features': 0.32715473124567596, 'bootstrap': False, 'max_samples': 0.830736307467911}. Best is trial 314 with value: 0.8395559028926337.[0m
[32m[I 2022-04-21 22:40:45,183][0m Trial 341 finished with value: 0.8363016227035729 and parameters: {'n_estimators': 547, 'min_samples_split': 0.010621973582873102, 'min_samples_leaf': 0.02227516305325062, 'min_weight_fraction_leaf': 0.024992823751929405, 'max_features': 0.31420522597959766, 'bootstrap': False, 'max_samples': 0.8426081805074885}. Best is trial 314 with value: 0.8395559028926337.[0m
[32m[I 2022-04-21 22:41:57,945][0m Trial 342 finished with value: 0.8309381968432096 and parameters: {'n_estimators': 583, 'min_samples_split': 0.18672215974129666, 'min_samples_leaf': 0.035143282796351746, 'min_weight_fraction_leaf': 0.01087128296355186, 'max_features': 0.3849604543638196, 'bootstrap': False, 'max_samples': 0.7792180427431018}. Best is trial 314 with value: 0.8395559028926337.[0m
[32m[I 2022-04-21 22:44:32,019][0m Trial 343 finished with value: 0.8368896737747253 and parameters: {'n_estimators': 631, 'min_samples_split': 0.010292047101772173, 'min_samples_leaf': 0.02172037413453379, 'min_weight_fraction_leaf': 0.023248472039205093, 'max_features': 0.4215007705928226, 'bootstrap': False, 'max_samples': 0.8914426902747105}. Best is trial 314 with value: 0.8395559028926337.[0m
[32m[I 2022-04-21 22:46:52,823][0m Trial 344 finished with value: 0.8374936796514699 and parameters: {'n_estimators': 561, 'min_samples_split': 0.022470506112340402, 'min_samples_leaf': 0.020441483077223856, 'min_weight_fraction_leaf': 0.011641687041618234, 'max_features': 0.3685034313434225, 'bootstrap': False, 'max_samples': 0.8108962755628184}. Best is trial 314 with value: 0.8395559028926337.[0m
[32m[I 2022-04-21 22:48:10,651][0m Trial 345 finished with value: 0.8343379642083711 and parameters: {'n_estimators': 564, 'min_samples_split': 0.02697495546749188, 'min_samples_leaf': 0.040598576593672546, 'min_weight_fraction_leaf': 0.00997630519994876, 'max_features': 0.3670430888249955, 'bootstrap': False, 'max_samples': 0.8103827836124162}. Best is trial 314 with value: 0.8395559028926337.[0m
[32m[I 2022-04-21 22:49:45,461][0m Trial 346 finished with value: 0.8381098254026105 and parameters: {'n_estimators': 537, 'min_samples_split': 0.02175655179798929, 'min_samples_leaf': 0.023261978129529265, 'min_weight_fraction_leaf': 0.0006176148045803144, 'max_features': 0.2928869016140071, 'bootstrap': False, 'max_samples': 0.7928673395302731}. Best is trial 314 with value: 0.8395559028926337.[0m
[32m[I 2022-04-21 22:50:51,711][0m Trial 347 finished with value: 0.8358467368821756 and parameters: {'n_estimators': 542, 'min_samples_split': 0.022605133718644883, 'min_samples_leaf': 0.0295265059460759, 'min_weight_fraction_leaf': 0.0009114480923571466, 'max_features': 0.26036517079514176, 'bootstrap': False, 'max_samples': 0.7938762823459882}. Best is trial 314 with value: 0.8395559028926337.[0m
[32m[I 2022-04-21 22:52:01,801][0m Trial 348 finished with value: 0.8338673892689359 and parameters: {'n_estimators': 596, 'min_samples_split': 0.020081239645775798, 'min_samples_leaf': 0.04379521743597457, 'min_weight_fraction_leaf': 0.011438334575942472, 'max_features': 0.33713267831772703, 'bootstrap': False, 'max_samples': 0.8318940190658761}. Best is trial 314 with value: 0.8395559028926337.[0m
[32m[I 2022-04-21 22:53:08,899][0m Trial 349 finished with value: 0.823517356211366 and parameters: {'n_estimators': 542, 'min_samples_split': 0.48566130143472097, 'min_samples_leaf': 0.023001316354955805, 'min_weight_fraction_leaf': 0.0073285448819088335, 'max_features': 0.49721257444837336, 'bootstrap': False, 'max_samples': 0.7685200469544398}. Best is trial 314 with value: 0.8395559028926337.[0m
[32m[I 2022-04-21 22:54:13,927][0m Trial 350 finished with value: 0.8346563319456056 and parameters: {'n_estimators': 575, 'min_samples_split': 0.0239604075890325, 'min_samples_leaf': 0.036035979098749234, 'min_weight_fraction_leaf': 0.0009368883344689357, 'max_features': 0.28976173410779604, 'bootstrap': False, 'max_samples': 0.8576128988243562}. Best is trial 314 with value: 0.8395559028926337.[0m
[32m[I 2022-04-21 22:55:18,421][0m Trial 351 finished with value: 0.8366812279149792 and parameters: {'n_estimators': 626, 'min_samples_split': 0.0010188156806827957, 'min_samples_leaf': 0.020686617213868184, 'min_weight_fraction_leaf': 0.024590612991091786, 'max_features': 0.1828593053864433, 'bootstrap': False, 'max_samples': 0.8003417338305121}. Best is trial 314 with value: 0.8395559028926337.[0m
[32m[I 2022-04-21 22:56:35,833][0m Trial 352 finished with value: 0.8361628533643589 and parameters: {'n_estimators': 529, 'min_samples_split': 0.0139446980364236, 'min_samples_leaf': 0.028999068069515778, 'min_weight_fraction_leaf': 0.010157440781252816, 'max_features': 0.3064970686883265, 'bootstrap': False, 'max_samples': 0.8289738117620754}. Best is trial 314 with value: 0.8395559028926337.[0m
[32m[I 2022-04-21 22:57:27,915][0m Trial 353 finished with value: 0.8313286320332682 and parameters: {'n_estimators': 559, 'min_samples_split': 0.02487368287981233, 'min_samples_leaf': 0.055154830329048964, 'min_weight_fraction_leaf': 9.994074429431682e-05, 'max_features': 0.3403868646781399, 'bootstrap': False, 'max_samples': 0.8705947682440713}. Best is trial 314 with value: 0.8395559028926337.[0m
[32m[I 2022-04-21 22:57:46,470][0m Trial 354 finished with value: 0.8171037946300906 and parameters: {'n_estimators': 584, 'min_samples_split': 0.26519328084297383, 'min_samples_leaf': 0.16815152145272266, 'min_weight_fraction_leaf': 0.017252143801906407, 'max_features': 0.36850706697489216, 'bootstrap': False, 'max_samples': 0.8522907967300676}. Best is trial 314 with value: 0.8395559028926337.[0m
[32m[I 2022-04-21 23:00:16,723][0m Trial 355 finished with value: 0.83901209002021 and parameters: {'n_estimators': 702, 'min_samples_split': 0.010890346983784273, 'min_samples_leaf': 0.017521234344509713, 'min_weight_fraction_leaf': 0.00026089025530578666, 'max_features': 0.32194384450485514, 'bootstrap': False, 'max_samples': 0.8164092824887113}. Best is trial 314 with value: 0.8395559028926337.[0m
[32m[I 2022-04-21 23:02:43,308][0m Trial 356 finished with value: 0.8403393004825064 and parameters: {'n_estimators': 924, 'min_samples_split': 0.01869818787621274, 'min_samples_leaf': 0.020639552002458327, 'min_weight_fraction_leaf': 0.011205945406218366, 'max_features': 0.2667887264642733, 'bootstrap': False, 'max_samples': 0.8093123302892458}. Best is trial 356 with value: 0.8403393004825064.[0m
[32m[I 2022-04-21 23:03:38,420][0m Trial 357 finished with value: 0.8315256440505896 and parameters: {'n_estimators': 927, 'min_samples_split': 0.02994889168818684, 'min_samples_leaf': 0.06936546874037727, 'min_weight_fraction_leaf': 0.02399139027718255, 'max_features': 0.2717978022868333, 'bootstrap': False, 'max_samples': 0.7795818748057821}. Best is trial 356 with value: 0.8403393004825064.[0m
[32m[I 2022-04-21 23:05:11,451][0m Trial 358 finished with value: 0.8348511743808927 and parameters: {'n_estimators': 751, 'min_samples_split': 0.019397881729565865, 'min_samples_leaf': 0.0359655144835975, 'min_weight_fraction_leaf': 0.000529791041198711, 'max_features': 0.3200133328623592, 'bootstrap': False, 'max_samples': 0.8218845180784197}. Best is trial 356 with value: 0.8403393004825064.[0m
[32m[I 2022-04-21 23:08:57,175][0m Trial 359 finished with value: 0.8339344938909072 and parameters: {'n_estimators': 911, 'min_samples_split': 0.03155155614910915, 'min_samples_leaf': 0.02627303816750455, 'min_weight_fraction_leaf': 0.009774524051772307, 'max_features': 0.4787434436471337, 'bootstrap': False, 'max_samples': 0.7960705137273875}. Best is trial 356 with value: 0.8403393004825064.[0m
[32m[I 2022-04-21 23:10:51,187][0m Trial 360 finished with value: 0.8367739573570183 and parameters: {'n_estimators': 694, 'min_samples_split': 0.018628270561828256, 'min_samples_leaf': 0.017627809019971467, 'min_weight_fraction_leaf': 0.027799273898026056, 'max_features': 0.2880819234760129, 'bootstrap': False, 'max_samples': 0.8105562089383801}. Best is trial 356 with value: 0.8403393004825064.[0m
[32m[I 2022-04-21 23:12:08,577][0m Trial 361 finished with value: 0.8319807707098941 and parameters: {'n_estimators': 657, 'min_samples_split': 0.01215968013554482, 'min_samples_leaf': 0.047256866972076435, 'min_weight_fraction_leaf': 2.3752848207112334e-05, 'max_features': 0.3510956236776901, 'bootstrap': False, 'max_samples': 0.7670867032445418}. Best is trial 356 with value: 0.8403393004825064.[0m
[32m[I 2022-04-21 23:15:17,357][0m Trial 362 finished with value: 0.8366416377489084 and parameters: {'n_estimators': 600, 'min_samples_split': 0.025757952761077858, 'min_samples_leaf': 0.01927163177063212, 'min_weight_fraction_leaf': 0.01591968892195506, 'max_features': 0.4483609685302451, 'bootstrap': False, 'max_samples': 0.8340555388554981}. Best is trial 356 with value: 0.8403393004825064.[0m
[32m[I 2022-04-21 23:17:57,616][0m Trial 363 finished with value: 0.8345275999777723 and parameters: {'n_estimators': 987, 'min_samples_split': 0.010420890782839266, 'min_samples_leaf': 0.03248744391991465, 'min_weight_fraction_leaf': 0.00020650719074860689, 'max_features': 0.3875096205231877, 'bootstrap': False, 'max_samples': 0.8064947848230988}. Best is trial 356 with value: 0.8403393004825064.[0m
[32m[I 2022-04-21 23:20:22,895][0m Trial 364 finished with value: 0.8363467781236096 and parameters: {'n_estimators': 831, 'min_samples_split': 0.018630084315739474, 'min_samples_leaf': 0.018420037402687196, 'min_weight_fraction_leaf': 0.03254897130632597, 'max_features': 0.30457929836608344, 'bootstrap': False, 'max_samples': 0.8472207021319976}. Best is trial 356 with value: 0.8403393004825064.[0m
