[32m[I 2022-04-23 22:59:42,247][0m Trial 658 finished with value: 0.6772119842587832 and parameters: {'n_estimators': 704, 'min_samples_split': 0.01753110166136423, 'min_samples_leaf': 0.01738827187210932, 'min_weight_fraction_leaf': 4.850047050693543e-05, 'max_features': 0.11509395928519178, 'bootstrap': False, 'max_samples': 0.2110723960528419}. Best is trial 251 with value: 0.6908430332111252.[0m
[32m[I 2022-04-23 23:03:06,085][0m Trial 659 finished with value: 0.6713511873812116 and parameters: {'n_estimators': 778, 'min_samples_split': 0.02705218355904258, 'min_samples_leaf': 0.009796986756371489, 'min_weight_fraction_leaf': 0.028540855865287016, 'max_features': 0.27895252947832017, 'bootstrap': False, 'max_samples': 0.3380259378788206}. Best is trial 251 with value: 0.6908430332111252.[0m
[32m[I 2022-04-23 23:04:53,147][0m Trial 660 finished with value: 0.6750315438944272 and parameters: {'n_estimators': 964, 'min_samples_split': 0.008862076513948573, 'min_samples_leaf': 0.02624369943117364, 'min_weight_fraction_leaf': 0.014547814565303463, 'max_features': 0.1552655158012107, 'bootstrap': False, 'max_samples': 0.39083257439517183}. Best is trial 251 with value: 0.6908430332111252.[0m
[32m[I 2022-04-23 23:06:25,277][0m Trial 661 finished with value: 0.668978569751 and parameters: {'n_estimators': 903, 'min_samples_split': 0.01849302230420483, 'min_samples_leaf': 0.03951094411947165, 'min_weight_fraction_leaf': 0.009366916828934644, 'max_features': 0.19823186871233062, 'bootstrap': False, 'max_samples': 0.36727792410752513}. Best is trial 251 with value: 0.6908430332111252.[0m
[32m[I 2022-04-23 23:10:42,193][0m Trial 662 finished with value: 0.6785142980546087 and parameters: {'n_estimators': 814, 'min_samples_split': 0.01008585364105667, 'min_samples_leaf': 0.001206947588183382, 'min_weight_fraction_leaf': 0.021941743899594367, 'max_features': 0.24680142473694155, 'bootstrap': False, 'max_samples': 0.32607435642346977}. Best is trial 251 with value: 0.6908430332111252.[0m
[32m[I 2022-04-23 23:11:31,302][0m Trial 663 finished with value: 0.6737835908868884 and parameters: {'n_estimators': 747, 'min_samples_split': 0.001238867965123016, 'min_samples_leaf': 0.01824064268663022, 'min_weight_fraction_leaf': 0.00023435682238280938, 'max_features': 0.059298599973580404, 'bootstrap': False, 'max_samples': 0.4088280095921305}. Best is trial 251 with value: 0.6908430332111252.[0m
[32m[I 2022-04-23 23:14:27,940][0m Trial 664 finished with value: 0.6765257824769946 and parameters: {'n_estimators': 661, 'min_samples_split': 0.03271120501364033, 'min_samples_leaf': 0.010019967795946733, 'min_weight_fraction_leaf': 0.009579581233022024, 'max_features': 0.17190344065280797, 'bootstrap': False, 'max_samples': 0.43902082892926186}. Best is trial 251 with value: 0.6908430332111252.[0m
[32m[I 2022-04-23 23:17:01,248][0m Trial 665 finished with value: 0.6742134993294592 and parameters: {'n_estimators': 708, 'min_samples_split': 0.021479384300505642, 'min_samples_leaf': 0.026014799677297612, 'min_weight_fraction_leaf': 0.015773779736145733, 'max_features': 0.30776990782989716, 'bootstrap': False, 'max_samples': 0.2822822287912488}. Best is trial 251 with value: 0.6908430332111252.[0m
[32m[I 2022-04-23 23:18:56,153][0m Trial 666 finished with value: 0.6645135586850026 and parameters: {'n_estimators': 855, 'min_samples_split': 0.1828607811055822, 'min_samples_leaf': 0.017208166352262008, 'min_weight_fraction_leaf': 0.03308426492911956, 'max_features': 0.23569707981534235, 'bootstrap': False, 'max_samples': 0.3499731956633124}. Best is trial 251 with value: 0.6908430332111252.[0m
[32m[I 2022-04-23 23:21:16,591][0m Trial 667 finished with value: 0.6737059262552432 and parameters: {'n_estimators': 793, 'min_samples_split': 0.044892620203735294, 'min_samples_leaf': 0.008788624163178027, 'min_weight_fraction_leaf': 3.9989975744360404e-05, 'max_features': 0.12314507927284236, 'bootstrap': False, 'max_samples': 0.3141826332780679}. Best is trial 251 with value: 0.6908430332111252.[0m
[32m[I 2022-04-23 23:25:33,592][0m Trial 668 finished with value: 0.6768255972980138 and parameters: {'n_estimators': 759, 'min_samples_split': 0.01547148351959259, 'min_samples_leaf': 0.001430013903511383, 'min_weight_fraction_leaf': 0.023336022065438618, 'max_features': 0.26306977905609097, 'bootstrap': False, 'max_samples': 0.3804941873640548}. Best is trial 251 with value: 0.6908430332111252.[0m
[32m[I 2022-04-23 23:25:39,437][0m Trial 669 finished with value: 0.6552763225918397 and parameters: {'n_estimators': 726, 'min_samples_split': 0.027268740016417936, 'min_samples_leaf': 0.01725536648958738, 'min_weight_fraction_leaf': 0.009162247504289107, 'max_features': 0.0005023703123905182, 'bootstrap': False, 'max_samples': 0.3366434946077353}. Best is trial 251 with value: 0.6908430332111252.[0m
[32m[I 2022-04-23 23:27:06,160][0m Trial 670 finished with value: 0.6728896844545172 and parameters: {'n_estimators': 679, 'min_samples_split': 0.010986909758666978, 'min_samples_leaf': 0.03325665371753138, 'min_weight_fraction_leaf': 0.015445808319010669, 'max_features': 0.21847416010626258, 'bootstrap': False, 'max_samples': 0.08399565969244843}. Best is trial 251 with value: 0.6908430332111252.[0m
[32m[I 2022-04-23 23:27:21,270][0m Trial 671 finished with value: 0.5857376214243397 and parameters: {'n_estimators': 911, 'min_samples_split': 0.41330967951281633, 'min_samples_leaf': 0.010168794807497838, 'min_weight_fraction_leaf': 0.30026226327997013, 'max_features': 0.07680609909023986, 'bootstrap': False, 'max_samples': 0.24543786404357465}. Best is trial 251 with value: 0.6908430332111252.[0m
[32m[I 2022-04-23 23:28:43,448][0m Trial 672 finished with value: 0.6751551953950724 and parameters: {'n_estimators': 841, 'min_samples_split': 0.034590520690324034, 'min_samples_leaf': 0.024525041457985213, 'min_weight_fraction_leaf': 0.00012033920728812906, 'max_features': 0.1402147945923956, 'bootstrap': False, 'max_samples': 0.16136351349451}. Best is trial 251 with value: 0.6908430332111252.[0m
[32m[I 2022-04-23 23:29:49,848][0m Trial 673 finished with value: 0.669241951540511 and parameters: {'n_estimators': 799, 'min_samples_split': 0.009196052865738939, 'min_samples_leaf': 0.0455806231806903, 'min_weight_fraction_leaf': 0.04448872411347979, 'max_features': 0.1906247784738373, 'bootstrap': False, 'max_samples': 0.2946774703507228}. Best is trial 251 with value: 0.6908430332111252.[0m
[32m[I 2022-04-23 23:30:26,309][0m Trial 674 finished with value: 0.6720538051418468 and parameters: {'n_estimators': 754, 'min_samples_split': 0.020359325461849143, 'min_samples_leaf': 0.01118022846007826, 'min_weight_fraction_leaf': 0.016985889866588715, 'max_features': 0.04095935237461127, 'bootstrap': False, 'max_samples': 0.35630369137778534}. Best is trial 251 with value: 0.6908430332111252.[0m
[32m[I 2022-04-23 23:31:00,330][0m Trial 675 finished with value: 0.6541140302554931 and parameters: {'n_estimators': 719, 'min_samples_split': 0.0011840608705204628, 'min_samples_leaf': 0.0015135924534076008, 'min_weight_fraction_leaf': 0.008991352120979337, 'max_features': 0.10337819603933797, 'bootstrap': True, 'max_samples': 0.21170607465475433, 'oob_score': False}. Best is trial 251 with value: 0.6908430332111252.[0m
[32m[I 2022-04-23 23:34:25,812][0m Trial 676 finished with value: 0.6733924176089413 and parameters: {'n_estimators': 636, 'min_samples_split': 0.025652797909026342, 'min_samples_leaf': 0.0012552436043114165, 'min_weight_fraction_leaf': 0.02693735150045451, 'max_features': 0.2777382929518123, 'bootstrap': False, 'max_samples': 0.26779149465483965}. Best is trial 251 with value: 0.6908430332111252.[0m
[32m[I 2022-04-23 23:37:36,016][0m Trial 677 finished with value: 0.6774014962392748 and parameters: {'n_estimators': 880, 'min_samples_split': 0.059239319181341676, 'min_samples_leaf': 0.01873252221841936, 'min_weight_fraction_leaf': 0.008735586915498752, 'max_features': 0.24559785895943204, 'bootstrap': False, 'max_samples': 0.37348517884859933}. Best is trial 251 with value: 0.6908430332111252.[0m
[32m[I 2022-04-23 23:41:01,822][0m Trial 678 finished with value: 0.6761045649997686 and parameters: {'n_estimators': 692, 'min_samples_split': 0.001022439928554211, 'min_samples_leaf': 0.001031768175392266, 'min_weight_fraction_leaf': 0.02037897745962595, 'max_features': 0.20518297032481345, 'bootstrap': False, 'max_samples': 0.30528737005890116}. Best is trial 251 with value: 0.6908430332111252.[0m
[32m[I 2022-04-23 23:42:28,730][0m Trial 679 finished with value: 0.6746778683738652 and parameters: {'n_estimators': 810, 'min_samples_split': 0.017295709895794494, 'min_samples_leaf': 0.027589388727935274, 'min_weight_fraction_leaf': 0.00011426407076116504, 'max_features': 0.1756850805577057, 'bootstrap': False, 'max_samples': 0.39453647022729527}. Best is trial 251 with value: 0.6908430332111252.[0m
[32m[I 2022-04-23 23:44:09,013][0m Trial 680 finished with value: 0.6761755862141664 and parameters: {'n_estimators': 765, 'min_samples_split': 0.042419579762576806, 'min_samples_leaf': 0.01749007544707821, 'min_weight_fraction_leaf': 0.00940218186224227, 'max_features': 0.1510242075786262, 'bootstrap': False, 'max_samples': 0.33790708956566035}. Best is trial 251 with value: 0.6908430332111252.[0m
[32m[I 2022-04-23 23:47:43,570][0m Trial 681 finished with value: 0.6695631113892141 and parameters: {'n_estimators': 928, 'min_samples_split': 0.010553132655130467, 'min_samples_leaf': 0.011023066584598245, 'min_weight_fraction_leaf': 0.03469944009358323, 'max_features': 0.29317413719279545, 'bootstrap': False, 'max_samples': 0.18950019543879096}. Best is trial 251 with value: 0.6908430332111252.[0m
[32m[I 2022-04-23 23:47:47,271][0m Trial 682 finished with value: 0.5035725144110446 and parameters: {'n_estimators': 855, 'min_samples_split': 0.31576137495818823, 'min_samples_leaf': 0.49902041416912546, 'min_weight_fraction_leaf': 0.09504782052098337, 'max_features': 0.2230632461119619, 'bootstrap': False, 'max_samples': 0.35564233394443484}. Best is trial 251 with value: 0.6908430332111252.[0m
[32m[I 2022-04-23 23:50:03,816][0m Trial 683 finished with value: 0.668874427445427 and parameters: {'n_estimators': 724, 'min_samples_split': 0.029382642745722748, 'min_samples_leaf': 0.03668209632940145, 'min_weight_fraction_leaf': 0.01808344697317424, 'max_features': 0.34990526886430734, 'bootstrap': False, 'max_samples': 0.2255248277798862}. Best is trial 251 with value: 0.6908430332111252.[0m
[32m[I 2022-04-23 23:54:21,328][0m Trial 684 finished with value: 0.6765241611076622 and parameters: {'n_estimators': 657, 'min_samples_split': 0.016259218452241302, 'min_samples_leaf': 0.010078584317673996, 'min_weight_fraction_leaf': 0.009218231981723495, 'max_features': 0.2643706441536271, 'bootstrap': False, 'max_samples': 0.3264181712946616}. Best is trial 251 with value: 0.6908430332111252.[0m
[32m[I 2022-04-23 23:55:13,852][0m Trial 685 finished with value: 0.6759459998574535 and parameters: {'n_estimators': 779, 'min_samples_split': 0.009437682229812928, 'min_samples_leaf': 0.02614471284422613, 'min_weight_fraction_leaf': 0.008682699514803357, 'max_features': 0.09910857992045474, 'bootstrap': False, 'max_samples': 0.41218792813580357}. Best is trial 251 with value: 0.6908430332111252.[0m
[32m[I 2022-04-23 23:55:43,248][0m Trial 686 finished with value: 0.6782162472474311 and parameters: {'n_estimators': 100, 'min_samples_split': 0.0010699446115804718, 'min_samples_leaf': 0.016165395462549012, 'min_weight_fraction_leaf': 0.00016852084034725545, 'max_features': 0.31685978977374746, 'bootstrap': False, 'max_samples': 0.25995070824157}. Best is trial 251 with value: 0.6908430332111252.[0m
[32m[I 2022-04-23 23:57:22,398][0m Trial 687 finished with value: 0.6735873575575392 and parameters: {'n_estimators': 820, 'min_samples_split': 0.023893187283718708, 'min_samples_leaf': 0.009713395353447188, 'min_weight_fraction_leaf': 0.027496560048523595, 'max_features': 0.12866014083470662, 'bootstrap': False, 'max_samples': 0.283693882910042}. Best is trial 251 with value: 0.6908430332111252.[0m
[32m[I 2022-04-23 23:57:24,179][0m Trial 688 finished with value: 0.5818069662771077 and parameters: {'n_estimators': 128, 'min_samples_split': 0.038443425319613075, 'min_samples_leaf': 0.026177387487230745, 'min_weight_fraction_leaf': 0.24151882671310693, 'max_features': 0.05938380742961645, 'bootstrap': False, 'max_samples': 0.3737552180835913}. Best is trial 251 with value: 0.6908430332111252.[0m
[32m[I 2022-04-24 00:00:26,500][0m Trial 689 finished with value: 0.6763514146649212 and parameters: {'n_estimators': 689, 'min_samples_split': 0.01813553295812432, 'min_samples_leaf': 0.009299075745009478, 'min_weight_fraction_leaf': 0.018309642816032642, 'max_features': 0.23521868498143425, 'bootstrap': False, 'max_samples': 0.30734109189081243}. Best is trial 251 with value: 0.6908430332111252.[0m
[32m[I 2022-04-24 00:13:15,060][0m Trial 690 finished with value: 0.6806163639778646 and parameters: {'n_estimators': 963, 'min_samples_split': 0.009409282814759855, 'min_samples_leaf': 0.0011275498936091665, 'min_weight_fraction_leaf': 0.00023680491663805552, 'max_features': 0.19596807812161396, 'bootstrap': False, 'max_samples': 0.34885737241665316}. Best is trial 251 with value: 0.6908430332111252.[0m
[32m[I 2022-04-24 00:13:46,979][0m Trial 691 finished with value: 0.677653869032291 and parameters: {'n_estimators': 143, 'min_samples_split': 0.029545826447347857, 'min_samples_leaf': 0.018649757872739516, 'min_weight_fraction_leaf': 0.01702694198454328, 'max_features': 0.25151872921939783, 'bootstrap': False, 'max_samples': 0.39148205394877905}. Best is trial 251 with value: 0.6908430332111252.[0m
[32m[I 2022-04-24 00:17:29,750][0m Trial 692 finished with value: 0.6712535245729373 and parameters: {'n_estimators': 742, 'min_samples_split': 0.015213371440935108, 'min_samples_leaf': 0.001001777611723972, 'min_weight_fraction_leaf': 0.02925027292492759, 'max_features': 0.2802273302478307, 'bootstrap': False, 'max_samples': 0.23277277547357472}. Best is trial 251 with value: 0.6908430332111252.[0m
[32m[I 2022-04-24 00:21:31,108][0m Trial 693 finished with value: 0.6429497451808881 and parameters: {'n_estimators': 871, 'min_samples_split': 0.024278543004984058, 'min_samples_leaf': 0.03772043565136368, 'min_weight_fraction_leaf': 0.05622034741512249, 'max_features': 0.7034532167406327, 'bootstrap': False, 'max_samples': 0.32888350767604224}. Best is trial 251 with value: 0.6908430332111252.[0m
[32m[I 2022-04-24 00:29:19,321][0m Trial 694 finished with value: 0.6644499190322917 and parameters: {'n_estimators': 789, 'min_samples_split': 0.009289923057330892, 'min_samples_leaf': 0.01848797365973313, 'min_weight_fraction_leaf': 0.009133539671195087, 'max_features': 0.6575591706491577, 'bootstrap': False, 'max_samples': 0.3672003887585366}. Best is trial 251 with value: 0.6908430332111252.[0m
[32m[I 2022-04-24 00:29:25,888][0m Trial 695 finished with value: 0.6264428989703418 and parameters: {'n_estimators': 709, 'min_samples_split': 0.0011104985111174918, 'min_samples_leaf': 0.028695455123266954, 'min_weight_fraction_leaf': 0.010683004704480085, 'max_features': 0.025639164517543188, 'bootstrap': True, 'max_samples': 0.2923863571626817, 'oob_score': False}. Best is trial 251 with value: 0.6908430332111252.[0m
[32m[I 2022-04-24 00:30:37,283][0m Trial 696 finished with value: 0.675096080618473 and parameters: {'n_estimators': 827, 'min_samples_split': 0.05165821373934117, 'min_samples_leaf': 0.011071154174866954, 'min_weight_fraction_leaf': 0.02278202678791507, 'max_features': 0.0855659716215472, 'bootstrap': False, 'max_samples': 0.3520185720978742}. Best is trial 251 with value: 0.6908430332111252.[0m
[32m[I 2022-04-24 00:31:56,400][0m Trial 697 finished with value: 0.6705452356715084 and parameters: {'n_estimators': 756, 'min_samples_split': 0.034457730078531895, 'min_samples_leaf': 0.01832794512063913, 'min_weight_fraction_leaf': 0.042686408912158004, 'max_features': 0.1649373407335351, 'bootstrap': False, 'max_samples': 0.25052969679526343}. Best is trial 251 with value: 0.6908430332111252.[0m
[32m[I 2022-04-24 00:35:39,338][0m Trial 698 finished with value: 0.6800696969979275 and parameters: {'n_estimators': 676, 'min_samples_split': 0.016703970802991023, 'min_samples_leaf': 0.009855971290473803, 'min_weight_fraction_leaf': 0.008698702401622295, 'max_features': 0.21701871387348065, 'bootstrap': False, 'max_samples': 0.3243932884106103}. Best is trial 251 with value: 0.6908430332111252.[0m
[32m[I 2022-04-24 00:37:09,079][0m Trial 699 finished with value: 0.6644666812662623 and parameters: {'n_estimators': 902, 'min_samples_split': 0.024812800370734748, 'min_samples_leaf': 0.06013323690355613, 'min_weight_fraction_leaf': 0.0158154205577683, 'max_features': 0.30208461566930694, 'bootstrap': False, 'max_samples': 0.42478401598134014}. Best is trial 251 with value: 0.6908430332111252.[0m
[32m[I 2022-04-24 00:37:23,117][0m Trial 700 finished with value: 0.5889636657741255 and parameters: {'n_estimators': 724, 'min_samples_split': 0.0010131656923066598, 'min_samples_leaf': 0.0013042380817712515, 'min_weight_fraction_leaf': 0.32520299728022345, 'max_features': 0.12183089924148048, 'bootstrap': False, 'max_samples': 0.38515293829601127}. Best is trial 251 with value: 0.6908430332111252.[0m
[32m[I 2022-04-24 00:39:17,796][0m Trial 701 finished with value: 0.6774979824538274 and parameters: {'n_estimators': 781, 'min_samples_split': 0.010963908967057026, 'min_samples_leaf': 0.02369505758042951, 'min_weight_fraction_leaf': 0.00012080277505155225, 'max_features': 0.18169578504651096, 'bootstrap': False, 'max_samples': 0.2711828031447715}. Best is trial 251 with value: 0.6908430332111252.[0m
[32m[I 2022-04-24 00:40:23,254][0m Trial 702 finished with value: 0.6577499940089735 and parameters: {'n_estimators': 630, 'min_samples_split': 0.26345137497511617, 'min_samples_leaf': 0.033871764812277556, 'min_weight_fraction_leaf': 0.03135802517951061, 'max_features': 0.26129852156874117, 'bootstrap': False, 'max_samples': 0.2049068482966246}. Best is trial 251 with value: 0.6908430332111252.[0m
[32m[I 2022-04-24 00:42:45,945][0m Trial 703 finished with value: 0.6777390586552035 and parameters: {'n_estimators': 827, 'min_samples_split': 0.018701632800242438, 'min_samples_leaf': 0.010427244426634428, 'min_weight_fraction_leaf': 0.017830294919689335, 'max_features': 0.14856835092737872, 'bootstrap': False, 'max_samples': 0.3133029701839482}. Best is trial 251 with value: 0.6908430332111252.[0m
[32m[I 2022-04-24 00:45:37,440][0m Trial 704 finished with value: 0.6791936089480022 and parameters: {'n_estimators': 863, 'min_samples_split': 0.034337029711532255, 'min_samples_leaf': 0.018355723326231522, 'min_weight_fraction_leaf': 0.008600306772754189, 'max_features': 0.23331504084785534, 'bootstrap': False, 'max_samples': 0.34836496255512434}. Best is trial 251 with value: 0.6908430332111252.[0m
[32m[I 2022-04-24 00:45:45,612][0m Trial 705 finished with value: 0.6261801040341852 and parameters: {'n_estimators': 733, 'min_samples_split': 0.00917691418166226, 'min_samples_leaf': 0.16259063612057545, 'min_weight_fraction_leaf': 0.00957304340148688, 'max_features': 0.07248810381972207, 'bootstrap': False, 'max_samples': 0.3679935149940617}. Best is trial 251 with value: 0.6908430332111252.[0m
[32m[I 2022-04-24 00:49:32,633][0m Trial 706 finished with value: 0.679390168711578 and parameters: {'n_estimators': 764, 'min_samples_split': 0.02372182264369336, 'min_samples_leaf': 0.009032852635771091, 'min_weight_fraction_leaf': 4.967649117460736e-05, 'max_features': 0.20435637710082122, 'bootstrap': False, 'max_samples': 0.12558928937100428}. Best is trial 251 with value: 0.6908430332111252.[0m
[32m[I 2022-04-24 00:50:19,478][0m Trial 707 finished with value: 0.6552182035325917 and parameters: {'n_estimators': 661, 'min_samples_split': 0.3990364096473522, 'min_samples_leaf': 0.0454233159250438, 'min_weight_fraction_leaf': 0.02485705302129249, 'max_features': 0.28153453346660956, 'bootstrap': False, 'max_samples': 0.3356975239743705}. Best is trial 251 with value: 0.6908430332111252.[0m
[32m[I 2022-04-24 00:56:26,125][0m Trial 708 finished with value: 0.6556019637016588 and parameters: {'n_estimators': 704, 'min_samples_split': 0.0010194135244190844, 'min_samples_leaf': 0.026103638975001092, 'min_weight_fraction_leaf': 4.869222522905711e-06, 'max_features': 0.7320127564727212, 'bootstrap': False, 'max_samples': 0.40103931171522966}. Best is trial 251 with value: 0.6908430332111252.[0m
[32m[I 2022-04-24 00:57:44,805][0m Trial 709 finished with value: 0.6764686114316635 and parameters: {'n_estimators': 800, 'min_samples_split': 0.03989359069781962, 'min_samples_leaf': 0.017681145025811508, 'min_weight_fraction_leaf': 0.0170311540093898, 'max_features': 0.10736877816970758, 'bootstrap': False, 'max_samples': 0.2409037444880222}. Best is trial 251 with value: 0.6908430332111252.[0m
[32m[I 2022-04-24 00:58:27,111][0m Trial 710 finished with value: 0.5871420278816084 and parameters: {'n_estimators': 931, 'min_samples_split': 0.014120987404467433, 'min_samples_leaf': 0.009847351950594547, 'min_weight_fraction_leaf': 0.2539219349773384, 'max_features': 0.2488074915839999, 'bootstrap': False, 'max_samples': 0.29054931582166565}. Best is trial 251 with value: 0.6908430332111252.[0m
[32m[I 2022-04-24 01:01:43,013][0m Trial 711 finished with value: 0.6769622241233176 and parameters: {'n_estimators': 746, 'min_samples_split': 0.029498958656593133, 'min_samples_leaf': 0.009905445358949879, 'min_weight_fraction_leaf': 0.008623789381795314, 'max_features': 0.16966319909577654, 'bootstrap': False, 'max_samples': 0.3621816757790487}. Best is trial 251 with value: 0.6908430332111252.[0m
