[32m[I 2022-04-23 18:53:31,327][0m Trial 550 finished with value: 0.6799760468681374 and parameters: {'n_estimators': 936, 'min_samples_split': 0.009608482696164187, 'min_samples_leaf': 0.017486832356413663, 'min_weight_fraction_leaf': 0.009182054194145714, 'max_features': 0.24476215933953543, 'bootstrap': False, 'max_samples': 0.2863766837956317}. Best is trial 251 with value: 0.6908430332111252.[0m
[32m[I 2022-04-23 18:53:41,562][0m Trial 551 finished with value: 0.6369446826847687 and parameters: {'n_estimators': 750, 'min_samples_split': 0.0390019170910805, 'min_samples_leaf': 0.14225906172878114, 'min_weight_fraction_leaf': 2.3031644053194772e-05, 'max_features': 0.08644558789419049, 'bootstrap': False, 'max_samples': 0.3209259960358384}. Best is trial 251 with value: 0.6908430332111252.[0m
[32m[I 2022-04-23 18:56:10,073][0m Trial 552 finished with value: 0.6768774738165021 and parameters: {'n_estimators': 801, 'min_samples_split': 0.02195920155876175, 'min_samples_leaf': 0.010642814188707831, 'min_weight_fraction_leaf': 0.019461672310229453, 'max_features': 0.18066118059397202, 'bootstrap': False, 'max_samples': 0.3899945871851767}. Best is trial 251 with value: 0.6908430332111252.[0m
[32m[I 2022-04-23 18:56:17,536][0m Trial 553 finished with value: 0.5902229085720785 and parameters: {'n_estimators': 708, 'min_samples_split': 0.0012416877883279515, 'min_samples_leaf': 0.2947285494625279, 'min_weight_fraction_leaf': 0.009448156432257092, 'max_features': 0.2626869869474516, 'bootstrap': False, 'max_samples': 0.23529586431831653}. Best is trial 251 with value: 0.6908430332111252.[0m
[32m[I 2022-04-23 18:57:32,342][0m Trial 554 finished with value: 0.6615740756066726 and parameters: {'n_estimators': 907, 'min_samples_split': 0.2376253344519031, 'min_samples_leaf': 0.033639164450460904, 'min_weight_fraction_leaf': 0.027607877556185476, 'max_features': 0.20046035628432274, 'bootstrap': False, 'max_samples': 0.3067257177746392}. Best is trial 251 with value: 0.6908430332111252.[0m
[32m[I 2022-04-23 19:00:27,000][0m Trial 555 finished with value: 0.6793084626348213 and parameters: {'n_estimators': 756, 'min_samples_split': 0.010173021314646414, 'min_samples_leaf': 0.01933823797514974, 'min_weight_fraction_leaf': 0.017496676706032867, 'max_features': 0.29009178908896033, 'bootstrap': False, 'max_samples': 0.35984110888067394}. Best is trial 251 with value: 0.6908430332111252.[0m
[32m[I 2022-04-23 19:05:08,650][0m Trial 556 finished with value: 0.6788627048345055 and parameters: {'n_estimators': 797, 'min_samples_split': 0.030566446456106733, 'min_samples_leaf': 0.010264854739022437, 'min_weight_fraction_leaf': 0.010004651245012973, 'max_features': 0.24136851900332768, 'bootstrap': False, 'max_samples': 0.3330299419501014}. Best is trial 251 with value: 0.6908430332111252.[0m
[32m[I 2022-04-23 19:06:10,880][0m Trial 557 finished with value: 0.6750990648531219 and parameters: {'n_estimators': 723, 'min_samples_split': 0.023157854758811942, 'min_samples_leaf': 0.02458356336145477, 'min_weight_fraction_leaf': 0.0006154379087207942, 'max_features': 0.10943190162047055, 'bootstrap': False, 'max_samples': 0.27058094137421285}. Best is trial 251 with value: 0.6908430332111252.[0m
[32m[I 2022-04-23 19:07:11,123][0m Trial 558 finished with value: 0.6720879615819954 and parameters: {'n_estimators': 845, 'min_samples_split': 0.01050677283777885, 'min_samples_leaf': 0.009920530527033122, 'min_weight_fraction_leaf': 0.017794363817433028, 'max_features': 0.05910751877769227, 'bootstrap': False, 'max_samples': 0.3807049194600635}. Best is trial 251 with value: 0.6908430332111252.[0m
[32m[I 2022-04-23 19:08:26,560][0m Trial 559 finished with value: 0.6675257222832018 and parameters: {'n_estimators': 685, 'min_samples_split': 0.05605297279448338, 'min_samples_leaf': 0.03956573705347125, 'min_weight_fraction_leaf': 0.03157941045016326, 'max_features': 0.22079417274374885, 'bootstrap': False, 'max_samples': 0.3408565108659853}. Best is trial 251 with value: 0.6908430332111252.[0m
[32m[I 2022-04-23 19:10:33,282][0m Trial 560 finished with value: 0.677093907323268 and parameters: {'n_estimators': 774, 'min_samples_split': 0.01705833008531343, 'min_samples_leaf': 0.014912861570268601, 'min_weight_fraction_leaf': 0.008819031653086555, 'max_features': 0.1574008450283926, 'bootstrap': False, 'max_samples': 0.29747739205047263}. Best is trial 251 with value: 0.6908430332111252.[0m
[32m[I 2022-04-23 19:11:34,608][0m Trial 561 finished with value: 0.6597348093283458 and parameters: {'n_estimators': 879, 'min_samples_split': 0.031366934729906835, 'min_samples_leaf': 0.022986855166201456, 'min_weight_fraction_leaf': 0.00010660372284185553, 'max_features': 0.30796835974276776, 'bootstrap': True, 'max_samples': 0.4244212100945035, 'oob_score': False}. Best is trial 251 with value: 0.6908430332111252.[0m
[32m[I 2022-04-23 19:11:45,901][0m Trial 562 finished with value: 0.6521884604363181 and parameters: {'n_estimators': 733, 'min_samples_split': 0.0010555387075937943, 'min_samples_leaf': 0.01008373626009175, 'min_weight_fraction_leaf': 0.01833282406650115, 'max_features': 0.012911404819451432, 'bootstrap': False, 'max_samples': 0.2504991289267543}. Best is trial 251 with value: 0.6908430332111252.[0m
[32m[I 2022-04-23 19:13:24,724][0m Trial 563 finished with value: 0.6641436599818714 and parameters: {'n_estimators': 813, 'min_samples_split': 0.19424759083665608, 'min_samples_leaf': 0.03213682240146689, 'min_weight_fraction_leaf': 0.008546423321178904, 'max_features': 0.2641499545401469, 'bootstrap': False, 'max_samples': 0.36660432771275986}. Best is trial 251 with value: 0.6908430332111252.[0m
[32m[I 2022-04-23 19:23:40,707][0m Trial 564 finished with value: 0.6544936852944835 and parameters: {'n_estimators': 688, 'min_samples_split': 0.010634503118972497, 'min_samples_leaf': 0.0016079523532855026, 'min_weight_fraction_leaf': 0.0252036096736946, 'max_features': 0.7573319436193529, 'bootstrap': False, 'max_samples': 0.31974326226905025}. Best is trial 251 with value: 0.6908430332111252.[0m
[32m[I 2022-04-23 19:25:28,807][0m Trial 565 finished with value: 0.678713928210032 and parameters: {'n_estimators': 754, 'min_samples_split': 0.0449470468287745, 'min_samples_leaf': 0.01796446753128449, 'min_weight_fraction_leaf': 0.0005493479963903664, 'max_features': 0.18001874991487976, 'bootstrap': False, 'max_samples': 0.34755811829335886}. Best is trial 251 with value: 0.6908430332111252.[0m
[32m[I 2022-04-23 19:27:24,061][0m Trial 566 finished with value: 0.6775808832690142 and parameters: {'n_estimators': 573, 'min_samples_split': 0.02195534923685956, 'min_samples_leaf': 0.0010014596453504772, 'min_weight_fraction_leaf': 0.01678624347162199, 'max_features': 0.13191685935667816, 'bootstrap': False, 'max_samples': 0.39812285163236244}. Best is trial 251 with value: 0.6908430332111252.[0m
[32m[I 2022-04-23 19:31:11,298][0m Trial 567 finished with value: 0.679632161968606 and parameters: {'n_estimators': 655, 'min_samples_split': 0.010298903057579422, 'min_samples_leaf': 0.010279838524906229, 'min_weight_fraction_leaf': 0.009155251783510766, 'max_features': 0.23159647800830635, 'bootstrap': False, 'max_samples': 0.21615793001197087}. Best is trial 251 with value: 0.6908430332111252.[0m
[32m[I 2022-04-23 19:33:18,172][0m Trial 568 finished with value: 0.6741564417803948 and parameters: {'n_estimators': 834, 'min_samples_split': 0.03479894036468398, 'min_samples_leaf': 0.024925762870480643, 'min_weight_fraction_leaf': 9.349003113283925e-05, 'max_features': 0.20539630355510424, 'bootstrap': False, 'max_samples': 0.37879763455654963}. Best is trial 251 with value: 0.6908430332111252.[0m
[32m[I 2022-04-23 19:40:59,063][0m Trial 569 finished with value: 0.6457810309576115 and parameters: {'n_estimators': 793, 'min_samples_split': 0.0010836697059223473, 'min_samples_leaf': 0.018359143250492233, 'min_weight_fraction_leaf': 0.033785842943214295, 'max_features': 0.8166356805761763, 'bootstrap': False, 'max_samples': 0.293186541890238}. Best is trial 251 with value: 0.6908430332111252.[0m
[32m[I 2022-04-23 19:42:18,617][0m Trial 570 finished with value: 0.6778553020390271 and parameters: {'n_estimators': 710, 'min_samples_split': 0.021259474528776977, 'min_samples_leaf': 0.00916699042064581, 'min_weight_fraction_leaf': 0.02339064369693246, 'max_features': 0.09919354208156497, 'bootstrap': False, 'max_samples': 0.32588110491300737}. Best is trial 251 with value: 0.6908430332111252.[0m
[32m[I 2022-04-23 19:44:45,106][0m Trial 571 finished with value: 0.6728662829879462 and parameters: {'n_estimators': 924, 'min_samples_split': 0.010257234316270491, 'min_samples_leaf': 0.030822385058046624, 'min_weight_fraction_leaf': 0.009742064725075121, 'max_features': 0.2523261097296461, 'bootstrap': False, 'max_samples': 0.34836969684270896}. Best is trial 251 with value: 0.6908430332111252.[0m
[32m[I 2022-04-23 19:59:28,684][0m Trial 572 finished with value: 0.6784251297846694 and parameters: {'n_estimators': 868, 'min_samples_split': 0.024776063359887857, 'min_samples_leaf': 0.0012838831139809406, 'min_weight_fraction_leaf': 0.0003263657234116417, 'max_features': 0.2789237378822974, 'bootstrap': False, 'max_samples': 0.2728208170224088}. Best is trial 251 with value: 0.6908430332111252.[0m
[32m[I 2022-04-23 20:00:06,017][0m Trial 573 finished with value: 0.6750978301565693 and parameters: {'n_estimators': 279, 'min_samples_split': 0.0164624842770559, 'min_samples_leaf': 0.017348440152195096, 'min_weight_fraction_leaf': 0.016270088983851554, 'max_features': 0.16930122088558502, 'bootstrap': False, 'max_samples': 0.36731258447898746}. Best is trial 251 with value: 0.6908430332111252.[0m
[32m[I 2022-04-23 20:00:54,978][0m Trial 574 finished with value: 0.6680383298785819 and parameters: {'n_estimators': 732, 'min_samples_split': 0.03397789303314895, 'min_samples_leaf': 0.0010463799104785537, 'min_weight_fraction_leaf': 0.04114894341237494, 'max_features': 0.06911845429911684, 'bootstrap': False, 'max_samples': 0.2511456222277138}. Best is trial 251 with value: 0.6908430332111252.[0m
[32m[I 2022-04-23 20:01:14,802][0m Trial 575 finished with value: 0.5797251217677503 and parameters: {'n_estimators': 776, 'min_samples_split': 0.010447752913355994, 'min_samples_leaf': 0.20747822808349503, 'min_weight_fraction_leaf': 0.2715896059703841, 'max_features': 0.5585247562247344, 'bootstrap': False, 'max_samples': 0.4073810762664589}. Best is trial 251 with value: 0.6908430332111252.[0m
[32m[I 2022-04-23 20:01:57,571][0m Trial 576 finished with value: 0.6785403446457284 and parameters: {'n_estimators': 133, 'min_samples_split': 0.02371140653061394, 'min_samples_leaf': 0.010275423158731431, 'min_weight_fraction_leaf': 0.009223629795389862, 'max_features': 0.2182353836798143, 'bootstrap': False, 'max_samples': 0.1945949981718374}. Best is trial 251 with value: 0.6908430332111252.[0m
[32m[I 2022-04-23 20:02:41,710][0m Trial 577 finished with value: 0.6680670756760783 and parameters: {'n_estimators': 673, 'min_samples_split': 0.001366137697903778, 'min_samples_leaf': 0.043552281892808756, 'min_weight_fraction_leaf': 0.02471442228709822, 'max_features': 0.14279584588920413, 'bootstrap': False, 'max_samples': 0.2272921430606267}. Best is trial 251 with value: 0.6908430332111252.[0m
[32m[I 2022-04-23 20:03:05,044][0m Trial 578 finished with value: 0.6636943296845131 and parameters: {'n_estimators': 754, 'min_samples_split': 0.016364186467297242, 'min_samples_leaf': 0.025087189810369614, 'min_weight_fraction_leaf': 0.01643702359691052, 'max_features': 0.04253124317888933, 'bootstrap': False, 'max_samples': 0.3064293669720326}. Best is trial 251 with value: 0.6908430332111252.[0m
[32m[I 2022-04-23 20:07:21,390][0m Trial 579 finished with value: 0.6791869104820808 and parameters: {'n_estimators': 824, 'min_samples_split': 0.04002592508967556, 'min_samples_leaf': 0.015829948501008884, 'min_weight_fraction_leaf': 0.009269514092141787, 'max_features': 0.30172856076900156, 'bootstrap': False, 'max_samples': 0.43643595967376714}. Best is trial 251 with value: 0.6908430332111252.[0m
[32m[I 2022-04-23 20:08:02,094][0m Trial 580 finished with value: 0.5667632706111414 and parameters: {'n_estimators': 713, 'min_samples_split': 0.02857825006786429, 'min_samples_leaf': 0.010561401299479339, 'min_weight_fraction_leaf': 0.40431758468399437, 'max_features': 0.6340054258455992, 'bootstrap': False, 'max_samples': 0.3367796281575657}. Best is trial 251 with value: 0.6908430332111252.[0m
[32m[I 2022-04-23 20:09:02,378][0m Trial 581 finished with value: 0.6610083171922815 and parameters: {'n_estimators': 877, 'min_samples_split': 0.009540960880020814, 'min_samples_leaf': 0.001055238547004217, 'min_weight_fraction_leaf': 0.02773695804279147, 'max_features': 0.19603639812611534, 'bootstrap': True, 'max_samples': 0.38603690619672554, 'oob_score': False}. Best is trial 251 with value: 0.6908430332111252.[0m
[32m[I 2022-04-23 20:11:45,911][0m Trial 582 finished with value: 0.6713117326918835 and parameters: {'n_estimators': 955, 'min_samples_split': 0.019436314890187503, 'min_samples_leaf': 0.029996307033346957, 'min_weight_fraction_leaf': 0.009103276504984175, 'max_features': 0.2773593599333087, 'bootstrap': False, 'max_samples': 0.3611247991829842}. Best is trial 251 with value: 0.6908430332111252.[0m
[32m[I 2022-04-23 20:13:46,986][0m Trial 583 finished with value: 0.6772159673190278 and parameters: {'n_estimators': 643, 'min_samples_split': 0.009945522259258715, 'min_samples_leaf': 0.02180837676143348, 'min_weight_fraction_leaf': 0.0003554502804588313, 'max_features': 0.23747078907494043, 'bootstrap': False, 'max_samples': 0.2800390031782276}. Best is trial 251 with value: 0.6908430332111252.[0m
[32m[I 2022-04-23 20:15:34,456][0m Trial 584 finished with value: 0.6776508811524342 and parameters: {'n_estimators': 779, 'min_samples_split': 0.02849252630714774, 'min_samples_leaf': 0.010692791528525519, 'min_weight_fraction_leaf': 0.017150146621879584, 'max_features': 0.11569954452228301, 'bootstrap': False, 'max_samples': 0.3215448222288626}. Best is trial 251 with value: 0.6908430332111252.[0m
[32m[I 2022-04-23 20:17:18,190][0m Trial 585 finished with value: 0.6764710237373766 and parameters: {'n_estimators': 686, 'min_samples_split': 0.049037180309796244, 'min_samples_leaf': 0.001101615036403474, 'min_weight_fraction_leaf': 0.008292478198248847, 'max_features': 0.09180531730118519, 'bootstrap': False, 'max_samples': 0.1726417803666707}. Best is trial 251 with value: 0.6908430332111252.[0m
[32m[I 2022-04-23 20:18:53,186][0m Trial 586 finished with value: 0.6682594704545066 and parameters: {'n_estimators': 721, 'min_samples_split': 0.001522950534383378, 'min_samples_leaf': 0.03885833366449959, 'min_weight_fraction_leaf': 0.01746215684267967, 'max_features': 0.2567341202279215, 'bootstrap': False, 'max_samples': 0.24247995298638872}. Best is trial 251 with value: 0.6908430332111252.[0m
[32m[I 2022-04-23 20:20:33,690][0m Trial 587 finished with value: 0.6708094308491025 and parameters: {'n_estimators': 812, 'min_samples_split': 0.018000143719295803, 'min_samples_leaf': 0.019406322334366306, 'min_weight_fraction_leaf': 0.03598989053106177, 'max_features': 0.16889324701093622, 'bootstrap': False, 'max_samples': 0.35985531014997196}. Best is trial 251 with value: 0.6908430332111252.[0m
[32m[I 2022-04-23 20:24:32,260][0m Trial 588 finished with value: 0.6742417205899691 and parameters: {'n_estimators': 749, 'min_samples_split': 0.040188709301324836, 'min_samples_leaf': 0.0103039172414106, 'min_weight_fraction_leaf': 0.02501546582224804, 'max_features': 0.31868317759332515, 'bootstrap': False, 'max_samples': 0.34565916563538074}. Best is trial 251 with value: 0.6908430332111252.[0m
[32m[I 2022-04-23 20:26:04,066][0m Trial 589 finished with value: 0.6647763899739603 and parameters: {'n_estimators': 842, 'min_samples_split': 0.009946511947463045, 'min_samples_leaf': 0.02626931794757629, 'min_weight_fraction_leaf': 0.04842151336362864, 'max_features': 0.2214621190941058, 'bootstrap': False, 'max_samples': 0.39387359764733987}. Best is trial 251 with value: 0.6908430332111252.[0m
[32m[I 2022-04-23 20:26:14,182][0m Trial 590 finished with value: 0.6290586998757179 and parameters: {'n_estimators': 598, 'min_samples_split': 0.024227997032048122, 'min_samples_leaf': 0.18325681750884512, 'min_weight_fraction_leaf': 0.00022597511146796697, 'max_features': 0.18894425324592834, 'bootstrap': False, 'max_samples': 0.30982495711060504}. Best is trial 251 with value: 0.6908430332111252.[0m
[32m[I 2022-04-23 20:28:38,076][0m Trial 591 finished with value: 0.6763441066529627 and parameters: {'n_estimators': 907, 'min_samples_split': 0.01650492281897472, 'min_samples_leaf': 0.016347037327291807, 'min_weight_fraction_leaf': 0.00022796273979955014, 'max_features': 0.1418380085964583, 'bootstrap': False, 'max_samples': 0.37371323930195127}. Best is trial 251 with value: 0.6908430332111252.[0m
[32m[I 2022-04-23 20:33:17,337][0m Trial 592 finished with value: 0.6798175224404861 and parameters: {'n_estimators': 785, 'min_samples_split': 0.0010033250118705568, 'min_samples_leaf': 0.010834293122201223, 'min_weight_fraction_leaf': 0.016753191150156208, 'max_features': 0.33870990681708196, 'bootstrap': False, 'max_samples': 0.26348187831891656}. Best is trial 251 with value: 0.6908430332111252.[0m
[32m[I 2022-04-23 20:35:05,163][0m Trial 593 finished with value: 0.6733707748272559 and parameters: {'n_estimators': 669, 'min_samples_split': 0.030265345436685652, 'min_samples_leaf': 0.0012797925014040382, 'min_weight_fraction_leaf': 0.009235981929997219, 'max_features': 0.08119655680470676, 'bootstrap': False, 'max_samples': 0.2946985935170171}. Best is trial 251 with value: 0.6908430332111252.[0m
[32m[I 2022-04-23 20:36:55,266][0m Trial 594 finished with value: 0.6682126364195271 and parameters: {'n_estimators': 709, 'min_samples_split': 0.01027807867240805, 'min_samples_leaf': 0.03479988936378159, 'min_weight_fraction_leaf': 0.009245578665270072, 'max_features': 0.28822872135278965, 'bootstrap': False, 'max_samples': 0.21223149269332495}. Best is trial 251 with value: 0.6908430332111252.[0m
[32m[I 2022-04-23 20:39:47,062][0m Trial 595 finished with value: 0.675984893279036 and parameters: {'n_estimators': 860, 'min_samples_split': 0.018594662151934605, 'min_samples_leaf': 0.018952592825752027, 'min_weight_fraction_leaf': 0.026747070471136294, 'max_features': 0.24745707866165395, 'bootstrap': False, 'max_samples': 0.32926628172344846}. Best is trial 251 with value: 0.6908430332111252.[0m
[32m[I 2022-04-23 20:40:14,390][0m Trial 596 finished with value: 0.6631398640070848 and parameters: {'n_estimators': 736, 'min_samples_split': 0.035950455678480736, 'min_samples_leaf': 0.0012169820572331558, 'min_weight_fraction_leaf': 0.017622363474351734, 'max_features': 0.028133608851793238, 'bootstrap': False, 'max_samples': 0.41058465935647404}. Best is trial 251 with value: 0.6908430332111252.[0m
[32m[I 2022-04-23 20:44:32,988][0m Trial 597 finished with value: 0.6781908490529407 and parameters: {'n_estimators': 765, 'min_samples_split': 0.011937361413187948, 'min_samples_leaf': 0.010264294328565298, 'min_weight_fraction_leaf': 1.1376713011392557e-05, 'max_features': 0.20349481305172176, 'bootstrap': False, 'max_samples': 0.4807215659916984}. Best is trial 251 with value: 0.6908430332111252.[0m
[32m[I 2022-04-23 20:45:01,039][0m Trial 598 finished with value: 0.6731626920452661 and parameters: {'n_estimators': 145, 'min_samples_split': 0.026672744828661638, 'min_samples_leaf': 0.025114031147712143, 'min_weight_fraction_leaf': 0.009016753327424127, 'max_features': 0.26887438395325963, 'bootstrap': False, 'max_samples': 0.3509202206684607}. Best is trial 251 with value: 0.6908430332111252.[0m
[32m[I 2022-04-23 20:45:38,974][0m Trial 599 finished with value: 0.6678851397266599 and parameters: {'n_estimators': 807, 'min_samples_split': 0.0011115146127308165, 'min_samples_leaf': 0.05163949597177818, 'min_weight_fraction_leaf': 0.015741307809964845, 'max_features': 0.11121520108454848, 'bootstrap': False, 'max_samples': 0.2358850275208259}. Best is trial 251 with value: 0.6908430332111252.[0m
[32m[I 2022-04-23 20:47:18,494][0m Trial 600 finished with value: 0.6729048504059263 and parameters: {'n_estimators': 628, 'min_samples_split': 0.017944049233860084, 'min_samples_leaf': 0.010122308924959173, 'min_weight_fraction_leaf': 0.02923056472462781, 'max_features': 0.1609118245968603, 'bootstrap': False, 'max_samples': 0.38426176444105836}. Best is trial 251 with value: 0.6908430332111252.[0m
[32m[I 2022-04-23 20:48:53,259][0m Trial 601 finished with value: 0.672873930668729 and parameters: {'n_estimators': 691, 'min_samples_split': 0.010157542710081595, 'min_samples_leaf': 0.03365100388424588, 'min_weight_fraction_leaf': 0.008504254659789542, 'max_features': 0.23317583115903157, 'bootstrap': False, 'max_samples': 0.32870831478996265}. Best is trial 251 with value: 0.6908430332111252.[0m
[32m[I 2022-04-23 20:49:50,554][0m Trial 602 finished with value: 0.6743083869797132 and parameters: {'n_estimators': 895, 'min_samples_split': 0.04431676317365388, 'min_samples_leaf': 0.017903195951025807, 'min_weight_fraction_leaf': 0.00013006648795572864, 'max_features': 0.06206831242530565, 'bootstrap': False, 'max_samples': 0.5735908084410701}. Best is trial 251 with value: 0.6908430332111252.[0m
[32m[I 2022-04-23 20:50:54,089][0m Trial 603 finished with value: 0.6815800275772994 and parameters: {'n_estimators': 198, 'min_samples_split': 0.022530707303161365, 'min_samples_leaf': 0.008593218766504042, 'min_weight_fraction_leaf': 0.021176089904387737, 'max_features': 0.30256998651952427, 'bootstrap': False, 'max_samples': 0.2879548284572398}. Best is trial 251 with value: 0.6908430332111252.[0m
