[32m[I 2022-04-21 16:07:07,500][0m Trial 208 finished with value: 0.8327249681122317 and parameters: {'n_estimators': 318, 'min_samples_split': 0.003035743658121471, 'min_samples_leaf': 0.03206703666723221, 'min_weight_fraction_leaf': 0.009751337090286893, 'max_features': 0.8230630812260087, 'bootstrap': True, 'max_samples': 0.9819993796262086, 'oob_score': True}. Best is trial 142 with value: 0.8369015041621106.[0m
[32m[I 2022-04-21 16:12:03,403][0m Trial 209 finished with value: 0.8361989545289358 and parameters: {'n_estimators': 398, 'min_samples_split': 0.010533090240269653, 'min_samples_leaf': 0.0010043235730742058, 'min_weight_fraction_leaf': 0.0164519615051252, 'max_features': 0.8716969685903737, 'bootstrap': True, 'max_samples': 0.9989728188963058, 'oob_score': True}. Best is trial 142 with value: 0.8369015041621106.[0m
[32m[I 2022-04-21 16:13:44,959][0m Trial 210 finished with value: 0.8325945372469274 and parameters: {'n_estimators': 402, 'min_samples_split': 0.0013363976981800793, 'min_samples_leaf': 0.02153541738717368, 'min_weight_fraction_leaf': 0.045073307938561714, 'max_features': 0.8807330255077302, 'bootstrap': True, 'max_samples': 0.9971294124721047, 'oob_score': True}. Best is trial 142 with value: 0.8369015041621106.[0m
[32m[I 2022-04-21 16:18:23,306][0m Trial 211 finished with value: 0.8366098603149601 and parameters: {'n_estimators': 382, 'min_samples_split': 0.011700044939017818, 'min_samples_leaf': 0.00132627466549304, 'min_weight_fraction_leaf': 0.016976384057796938, 'max_features': 0.8589224599136631, 'bootstrap': True, 'max_samples': 0.9787515100995032, 'oob_score': True}. Best is trial 142 with value: 0.8369015041621106.[0m
[32m[I 2022-04-21 16:21:36,217][0m Trial 212 finished with value: 0.8369523752353721 and parameters: {'n_estimators': 390, 'min_samples_split': 0.013166547000883095, 'min_samples_leaf': 0.008635272518133475, 'min_weight_fraction_leaf': 0.018259513844408944, 'max_features': 0.8620850104756413, 'bootstrap': True, 'max_samples': 0.9739051055922302, 'oob_score': True}. Best is trial 212 with value: 0.8369523752353721.[0m
[32m[I 2022-04-21 16:25:53,253][0m Trial 213 finished with value: 0.8370472967709631 and parameters: {'n_estimators': 439, 'min_samples_split': 0.0110272845400808, 'min_samples_leaf': 0.009829207336550244, 'min_weight_fraction_leaf': 0.008389275951109497, 'max_features': 0.8373910296584361, 'bootstrap': True, 'max_samples': 0.9778964215944275, 'oob_score': True}. Best is trial 213 with value: 0.8370472967709631.[0m
[32m[I 2022-04-21 16:34:04,795][0m Trial 214 finished with value: 0.8366965071294606 and parameters: {'n_estimators': 441, 'min_samples_split': 0.01109177184621574, 'min_samples_leaf': 0.0018408577878142197, 'min_weight_fraction_leaf': 0.008200795442174565, 'max_features': 0.8592739199869557, 'bootstrap': True, 'max_samples': 0.979031195108456, 'oob_score': True}. Best is trial 213 with value: 0.8370472967709631.[0m
[32m[I 2022-04-21 16:37:33,798][0m Trial 215 finished with value: 0.8362109952291142 and parameters: {'n_estimators': 447, 'min_samples_split': 0.013739820238725189, 'min_samples_leaf': 0.010774033714131749, 'min_weight_fraction_leaf': 0.0009435175101934323, 'max_features': 0.838162076199747, 'bootstrap': True, 'max_samples': 0.977811563994465, 'oob_score': True}. Best is trial 213 with value: 0.8370472967709631.[0m
[32m[I 2022-04-21 16:41:40,982][0m Trial 216 finished with value: 0.8372101988076311 and parameters: {'n_estimators': 463, 'min_samples_split': 0.008635801729746838, 'min_samples_leaf': 0.008636177966404092, 'min_weight_fraction_leaf': 0.01834136686453309, 'max_features': 0.8357744946700131, 'bootstrap': True, 'max_samples': 0.9811562433339169, 'oob_score': True}. Best is trial 216 with value: 0.8372101988076311.[0m
[32m[I 2022-04-21 16:45:31,934][0m Trial 217 finished with value: 0.8371066384337478 and parameters: {'n_estimators': 460, 'min_samples_split': 0.009444756834182907, 'min_samples_leaf': 0.007731220669110875, 'min_weight_fraction_leaf': 0.02375581465064487, 'max_features': 0.8613530878878478, 'bootstrap': True, 'max_samples': 0.9839555513079898, 'oob_score': True}. Best is trial 216 with value: 0.8372101988076311.[0m
[32m[I 2022-04-21 16:45:42,870][0m Trial 218 finished with value: 0.7915467303837815 and parameters: {'n_estimators': 467, 'min_samples_split': 0.004705051372972528, 'min_samples_leaf': 0.24145859528414673, 'min_weight_fraction_leaf': 0.2048143678813636, 'max_features': 0.8408578882195253, 'bootstrap': True, 'max_samples': 0.979367947218718, 'oob_score': True}. Best is trial 216 with value: 0.8372101988076311.[0m
[32m[I 2022-04-21 16:50:55,274][0m Trial 219 finished with value: 0.8373811113695944 and parameters: {'n_estimators': 449, 'min_samples_split': 0.010292586241486754, 'min_samples_leaf': 0.001230035423480247, 'min_weight_fraction_leaf': 0.019672600298404903, 'max_features': 0.8640304516537552, 'bootstrap': True, 'max_samples': 0.9746636859642727, 'oob_score': True}. Best is trial 219 with value: 0.8373811113695944.[0m
[32m[I 2022-04-21 16:53:09,085][0m Trial 220 finished with value: 0.8359051657544931 and parameters: {'n_estimators': 456, 'min_samples_split': 0.00989640983141165, 'min_samples_leaf': 0.020486181097006433, 'min_weight_fraction_leaf': 0.02069069785484519, 'max_features': 0.8618004391170269, 'bootstrap': True, 'max_samples': 0.9738108424369107, 'oob_score': True}. Best is trial 219 with value: 0.8373811113695944.[0m
[32m[I 2022-04-21 16:55:02,509][0m Trial 221 finished with value: 0.8356946822832112 and parameters: {'n_estimators': 449, 'min_samples_split': 0.00976765149555907, 'min_samples_leaf': 0.020738524720894755, 'min_weight_fraction_leaf': 0.01621900353734232, 'max_features': 0.8595052390401643, 'bootstrap': True, 'max_samples': 0.9749785419370659, 'oob_score': True}. Best is trial 219 with value: 0.8373811113695944.[0m
[32m[I 2022-04-21 16:58:15,140][0m Trial 222 finished with value: 0.8358714019777613 and parameters: {'n_estimators': 467, 'min_samples_split': 0.0019443100712556866, 'min_samples_leaf': 0.010486564763927064, 'min_weight_fraction_leaf': 0.019905565047982698, 'max_features': 0.862760921527426, 'bootstrap': True, 'max_samples': 0.9734414540422586, 'oob_score': True}. Best is trial 219 with value: 0.8373811113695944.[0m
[32m[I 2022-04-21 17:02:59,393][0m Trial 223 finished with value: 0.8364228538476844 and parameters: {'n_estimators': 469, 'min_samples_split': 0.010580071266619924, 'min_samples_leaf': 0.001524835724841479, 'min_weight_fraction_leaf': 0.019104300925962457, 'max_features': 0.8349144167967562, 'bootstrap': True, 'max_samples': 0.979843137218386, 'oob_score': True}. Best is trial 219 with value: 0.8373811113695944.[0m
[32m[I 2022-04-21 17:10:53,150][0m Trial 224 finished with value: 0.8365582244138148 and parameters: {'n_estimators': 492, 'min_samples_split': 0.013643613235252844, 'min_samples_leaf': 0.0018126940029413487, 'min_weight_fraction_leaf': 0.008096188713041142, 'max_features': 0.836933669216673, 'bootstrap': True, 'max_samples': 0.9803006004215133, 'oob_score': True}. Best is trial 219 with value: 0.8373811113695944.[0m
[32m[I 2022-04-21 17:24:38,953][0m Trial 225 finished with value: 0.8374764296736048 and parameters: {'n_estimators': 480, 'min_samples_split': 0.0012878917357351982, 'min_samples_leaf': 0.002592913953673992, 'min_weight_fraction_leaf': 0.0004238168231849534, 'max_features': 0.8425163171576983, 'bootstrap': True, 'max_samples': 0.9563854111814123, 'oob_score': True}. Best is trial 225 with value: 0.8374764296736048.[0m
[32m[I 2022-04-21 17:31:11,099][0m Trial 226 finished with value: 0.8359126558123847 and parameters: {'n_estimators': 498, 'min_samples_split': 0.0012485193754828011, 'min_samples_leaf': 0.006485819897710931, 'min_weight_fraction_leaf': 0.0013505125459772303, 'max_features': 0.8116959184142559, 'bootstrap': True, 'max_samples': 0.9670180465076805, 'oob_score': True}. Best is trial 225 with value: 0.8374764296736048.[0m
[32m[I 2022-04-21 17:32:17,447][0m Trial 227 finished with value: 0.8200690039244847 and parameters: {'n_estimators': 488, 'min_samples_split': 0.009402524802027693, 'min_samples_leaf': 0.001954743070935497, 'min_weight_fraction_leaf': 0.1704991292752186, 'max_features': 0.8319890814591708, 'bootstrap': True, 'max_samples': 0.9551235484539807, 'oob_score': True}. Best is trial 225 with value: 0.8374764296736048.[0m
[32m[I 2022-04-21 17:43:56,146][0m Trial 228 finished with value: 0.8334749105139515 and parameters: {'n_estimators': 473, 'min_samples_split': 0.014770318202945325, 'min_samples_leaf': 0.0023727695798222, 'min_weight_fraction_leaf': 0.00029054776640507346, 'max_features': 0.8407385799229472, 'bootstrap': True, 'max_samples': 0.9525035454885745, 'oob_score': True}. Best is trial 225 with value: 0.8374764296736048.[0m
[32m[I 2022-04-21 17:46:57,616][0m Trial 229 finished with value: 0.8170145285720416 and parameters: {'n_estimators': 510, 'min_samples_split': 0.011229809486340508, 'min_samples_leaf': 0.02888419577569061, 'min_weight_fraction_leaf': 0.03509779933541812, 'max_features': 0.8372603695188331, 'bootstrap': False, 'max_samples': 0.97941178187321}. Best is trial 225 with value: 0.8374764296736048.[0m
[32m[I 2022-04-21 17:47:09,556][0m Trial 230 finished with value: 0.7965836860373174 and parameters: {'n_estimators': 443, 'min_samples_split': 0.012851524370225834, 'min_samples_leaf': 0.1884461962274937, 'min_weight_fraction_leaf': 0.01113914743268228, 'max_features': 0.8053073221260245, 'bootstrap': True, 'max_samples': 0.9816765180331316, 'oob_score': True}. Best is trial 225 with value: 0.8374764296736048.[0m
[32m[I 2022-04-21 17:54:23,134][0m Trial 231 finished with value: 0.8351324602248751 and parameters: {'n_estimators': 439, 'min_samples_split': 0.017420514218627437, 'min_samples_leaf': 0.0012134327040355768, 'min_weight_fraction_leaf': 0.009035919294886128, 'max_features': 0.857718442499106, 'bootstrap': True, 'max_samples': 0.999231196734369, 'oob_score': True}. Best is trial 225 with value: 0.8374764296736048.[0m
[32m[I 2022-04-21 17:57:21,591][0m Trial 232 finished with value: 0.8362839806496749 and parameters: {'n_estimators': 438, 'min_samples_split': 0.016730479285432337, 'min_samples_leaf': 0.011127751379874738, 'min_weight_fraction_leaf': 0.016388837259350773, 'max_features': 0.8323305011374071, 'bootstrap': True, 'max_samples': 0.954547353245824, 'oob_score': True}. Best is trial 225 with value: 0.8374764296736048.[0m
[32m[I 2022-04-21 18:00:25,462][0m Trial 233 finished with value: 0.8354715353482188 and parameters: {'n_estimators': 480, 'min_samples_split': 0.002447039105198943, 'min_samples_leaf': 0.013725449706143767, 'min_weight_fraction_leaf': 0.018110635938175253, 'max_features': 0.8250673968082622, 'bootstrap': True, 'max_samples': 0.9559337217433918, 'oob_score': True}. Best is trial 225 with value: 0.8374764296736048.[0m
[32m[I 2022-04-21 18:02:57,279][0m Trial 234 finished with value: 0.8350925889860237 and parameters: {'n_estimators': 444, 'min_samples_split': 0.011101251459900516, 'min_samples_leaf': 0.0117739265844185, 'min_weight_fraction_leaf': 0.024866867982527418, 'max_features': 0.7884533274953915, 'bootstrap': True, 'max_samples': 0.9375151997879976, 'oob_score': True}. Best is trial 225 with value: 0.8374764296736048.[0m
[32m[I 2022-04-21 18:05:04,663][0m Trial 235 finished with value: 0.8348794186546528 and parameters: {'n_estimators': 462, 'min_samples_split': 0.017723538783854402, 'min_samples_leaf': 0.019248073931246473, 'min_weight_fraction_leaf': 0.01591304996871907, 'max_features': 0.8432750737476274, 'bootstrap': True, 'max_samples': 0.9588738707971761, 'oob_score': True}. Best is trial 225 with value: 0.8374764296736048.[0m
[32m[I 2022-04-21 18:07:38,714][0m Trial 236 finished with value: 0.8350838225838446 and parameters: {'n_estimators': 427, 'min_samples_split': 0.008390329389800909, 'min_samples_leaf': 0.010152890865135645, 'min_weight_fraction_leaf': 0.03283181067990074, 'max_features': 0.8712086358636987, 'bootstrap': True, 'max_samples': 0.9803604764881784, 'oob_score': False}. Best is trial 225 with value: 0.8374764296736048.[0m
[32m[I 2022-04-21 18:19:28,193][0m Trial 237 finished with value: 0.8378953493723558 and parameters: {'n_estimators': 433, 'min_samples_split': 0.0012181718046510512, 'min_samples_leaf': 0.0011372981634462827, 'min_weight_fraction_leaf': 0.000141210141358053, 'max_features': 0.812703793238828, 'bootstrap': True, 'max_samples': 0.9556443633266201, 'oob_score': True}. Best is trial 237 with value: 0.8378953493723558.[0m
[32m[I 2022-04-21 18:21:00,892][0m Trial 238 finished with value: 0.8318810590183425 and parameters: {'n_estimators': 437, 'min_samples_split': 0.001418813064474052, 'min_samples_leaf': 0.02435425725274784, 'min_weight_fraction_leaf': 0.0071832607997858264, 'max_features': 0.8104296606849072, 'bootstrap': True, 'max_samples': 0.9394355978315327, 'oob_score': True}. Best is trial 237 with value: 0.8378953493723558.[0m
[32m[I 2022-04-21 18:24:31,657][0m Trial 239 finished with value: 0.8359234419633588 and parameters: {'n_estimators': 493, 'min_samples_split': 0.01949755580296931, 'min_samples_leaf': 0.011178094576011854, 'min_weight_fraction_leaf': 0.006534592218878309, 'max_features': 0.8304892554028442, 'bootstrap': True, 'max_samples': 0.9631153686129237, 'oob_score': True}. Best is trial 237 with value: 0.8378953493723558.[0m
[32m[I 2022-04-21 18:24:46,873][0m Trial 240 finished with value: 0.8135227161185077 and parameters: {'n_estimators': 462, 'min_samples_split': 0.01798927427570375, 'min_samples_leaf': 0.1465095355564232, 'min_weight_fraction_leaf': 0.0010930822973641303, 'max_features': 0.8483356840094214, 'bootstrap': True, 'max_samples': 0.9284531970648426, 'oob_score': True}. Best is trial 237 with value: 0.8378953493723558.[0m
[32m[I 2022-04-21 18:29:36,003][0m Trial 241 finished with value: 0.8369838330708046 and parameters: {'n_estimators': 412, 'min_samples_split': 0.009712441081453764, 'min_samples_leaf': 0.0016676062921697397, 'min_weight_fraction_leaf': 0.01713732786404279, 'max_features': 0.8668348340881019, 'bootstrap': True, 'max_samples': 0.9822874364050616, 'oob_score': True}. Best is trial 237 with value: 0.8378953493723558.[0m
[32m[I 2022-04-21 18:32:20,337][0m Trial 242 finished with value: 0.8358010705300659 and parameters: {'n_estimators': 414, 'min_samples_split': 0.0021817799912184806, 'min_samples_leaf': 0.010075008444221868, 'min_weight_fraction_leaf': 0.026913072154241914, 'max_features': 0.8208826505519063, 'bootstrap': True, 'max_samples': 0.955031099904579, 'oob_score': True}. Best is trial 237 with value: 0.8378953493723558.[0m
[32m[I 2022-04-21 18:42:56,983][0m Trial 243 finished with value: 0.8346570422245179 and parameters: {'n_estimators': 435, 'min_samples_split': 0.01567128396272447, 'min_samples_leaf': 0.001047411323409507, 'min_weight_fraction_leaf': 0.00037898000935557286, 'max_features': 0.7930068519306634, 'bootstrap': True, 'max_samples': 0.9793051860883075, 'oob_score': True}. Best is trial 237 with value: 0.8378953493723558.[0m
[32m[I 2022-04-21 18:43:36,903][0m Trial 244 finished with value: 0.8291724722526992 and parameters: {'n_estimators': 451, 'min_samples_split': 0.009211310818196684, 'min_samples_leaf': 0.018474686106496677, 'min_weight_fraction_leaf': 0.01729605876772791, 'max_features': 0.8555189580788163, 'bootstrap': True, 'max_samples': 0.2775368888323204, 'oob_score': True}. Best is trial 237 with value: 0.8378953493723558.[0m
[32m[I 2022-04-21 18:46:25,446][0m Trial 245 finished with value: 0.8363769829886882 and parameters: {'n_estimators': 409, 'min_samples_split': 0.0016102726507064152, 'min_samples_leaf': 0.009710982915184978, 'min_weight_fraction_leaf': 0.024930531427322156, 'max_features': 0.8428973833452438, 'bootstrap': True, 'max_samples': 0.9780271535693508, 'oob_score': True}. Best is trial 237 with value: 0.8378953493723558.[0m
[32m[I 2022-04-21 18:47:50,828][0m Trial 246 finished with value: 0.8288177904873304 and parameters: {'n_estimators': 420, 'min_samples_split': 0.15954285572138027, 'min_samples_leaf': 0.01951995099306273, 'min_weight_fraction_leaf': 0.03573066272650444, 'max_features': 0.8711788854629762, 'bootstrap': True, 'max_samples': 0.9509122655503303, 'oob_score': True}. Best is trial 237 with value: 0.8378953493723558.[0m
[32m[I 2022-04-21 18:49:08,718][0m Trial 247 finished with value: 0.8319242468247214 and parameters: {'n_estimators': 408, 'min_samples_split': 0.02329431866245762, 'min_samples_leaf': 0.02883145757413977, 'min_weight_fraction_leaf': 0.02593420764817304, 'max_features': 0.8512239024896459, 'bootstrap': True, 'max_samples': 0.931448801829438, 'oob_score': True}. Best is trial 237 with value: 0.8378953493723558.[0m
[32m[I 2022-04-21 18:54:34,653][0m Trial 248 finished with value: 0.8361833055589234 and parameters: {'n_estimators': 482, 'min_samples_split': 0.0013870824019676688, 'min_samples_leaf': 0.0019359166043294192, 'min_weight_fraction_leaf': 0.017041862905585882, 'max_features': 0.8139681325099084, 'bootstrap': True, 'max_samples': 0.9631126473617305, 'oob_score': True}. Best is trial 237 with value: 0.8378953493723558.[0m
[32m[I 2022-04-21 18:57:07,605][0m Trial 249 finished with value: 0.8347135982744194 and parameters: {'n_estimators': 428, 'min_samples_split': 0.020232209815180806, 'min_samples_leaf': 0.011298008629968942, 'min_weight_fraction_leaf': 0.028044390609463583, 'max_features': 0.870580481979174, 'bootstrap': True, 'max_samples': 0.9795912307539754, 'oob_score': True}. Best is trial 237 with value: 0.8378953493723558.[0m
[32m[I 2022-04-21 18:57:29,247][0m Trial 250 finished with value: 0.7973826845542652 and parameters: {'n_estimators': 418, 'min_samples_split': 0.4535313774740203, 'min_samples_leaf': 0.01908072912937191, 'min_weight_fraction_leaf': 0.27937918227734665, 'max_features': 0.835813342737442, 'bootstrap': True, 'max_samples': 0.9464652808808834, 'oob_score': True}. Best is trial 237 with value: 0.8378953493723558.[0m
[32m[I 2022-04-21 19:02:00,912][0m Trial 251 finished with value: 0.8369303148238536 and parameters: {'n_estimators': 506, 'min_samples_split': 0.009634190596065453, 'min_samples_leaf': 0.009491880905461337, 'min_weight_fraction_leaf': 0.012672665760483925, 'max_features': 0.8840634950150964, 'bootstrap': True, 'max_samples': 0.9815122631457931, 'oob_score': True}. Best is trial 237 with value: 0.8378953493723558.[0m
[32m[I 2022-04-21 19:03:56,042][0m Trial 252 finished with value: 0.8322266939248688 and parameters: {'n_estimators': 523, 'min_samples_split': 0.001242625977002065, 'min_samples_leaf': 0.02704123302279908, 'min_weight_fraction_leaf': 0.03924977919763718, 'max_features': 0.8906858553457289, 'bootstrap': True, 'max_samples': 0.9866504746105699, 'oob_score': True}. Best is trial 237 with value: 0.8378953493723558.[0m
[32m[I 2022-04-21 19:09:42,022][0m Trial 253 finished with value: 0.8357493330152789 and parameters: {'n_estimators': 406, 'min_samples_split': 0.009635071123792542, 'min_samples_leaf': 0.0017872444587526837, 'min_weight_fraction_leaf': 0.010851980221823205, 'max_features': 0.875543927921993, 'bootstrap': True, 'max_samples': 0.9777073427986135, 'oob_score': True}. Best is trial 237 with value: 0.8378953493723558.[0m
[32m[I 2022-04-21 19:11:51,096][0m Trial 254 finished with value: 0.8347881795889249 and parameters: {'n_estimators': 506, 'min_samples_split': 0.0016329429899982068, 'min_samples_leaf': 0.019608463880363067, 'min_weight_fraction_leaf': 0.030026929047914992, 'max_features': 0.7739217938507806, 'bootstrap': True, 'max_samples': 0.9704560905070184, 'oob_score': True}. Best is trial 237 with value: 0.8378953493723558.[0m
[32m[I 2022-04-21 19:15:34,805][0m Trial 255 finished with value: 0.8375229816710519 and parameters: {'n_estimators': 477, 'min_samples_split': 0.02636705582918099, 'min_samples_leaf': 0.009869454100312713, 'min_weight_fraction_leaf': 0.022729212123189898, 'max_features': 0.8571843235534969, 'bootstrap': True, 'max_samples': 0.99992499379517, 'oob_score': True}. Best is trial 237 with value: 0.8378953493723558.[0m
[32m[I 2022-04-21 19:16:08,963][0m Trial 256 finished with value: 0.7963249143275185 and parameters: {'n_estimators': 478, 'min_samples_split': 0.02604248838216255, 'min_samples_leaf': 0.0018697176566286737, 'min_weight_fraction_leaf': 0.32494380013567553, 'max_features': 0.8619345106334796, 'bootstrap': True, 'max_samples': 0.9985866494290788, 'oob_score': True}. Best is trial 237 with value: 0.8378953493723558.[0m
[32m[I 2022-04-21 19:19:40,760][0m Trial 257 finished with value: 0.836304510817901 and parameters: {'n_estimators': 514, 'min_samples_split': 0.011481541528375092, 'min_samples_leaf': 0.010488750930097577, 'min_weight_fraction_leaf': 0.020272411588610584, 'max_features': 0.8507138083723197, 'bootstrap': True, 'max_samples': 0.983944511014198, 'oob_score': True}. Best is trial 237 with value: 0.8378953493723558.[0m
[32m[I 2022-04-21 19:21:06,039][0m Trial 258 finished with value: 0.8309569258558861 and parameters: {'n_estimators': 467, 'min_samples_split': 0.02398064341676929, 'min_samples_leaf': 0.032583314685901296, 'min_weight_fraction_leaf': 0.03847689223868316, 'max_features': 0.8853781789663946, 'bootstrap': True, 'max_samples': 0.9649394399870475, 'oob_score': True}. Best is trial 237 with value: 0.8378953493723558.[0m
[32m[I 2022-04-21 19:26:39,507][0m Trial 259 finished with value: 0.8251954995029951 and parameters: {'n_estimators': 486, 'min_samples_split': 0.031104812857230768, 'min_samples_leaf': 0.0012166729886508906, 'min_weight_fraction_leaf': 0.02493184694340116, 'max_features': 0.8037396304183977, 'bootstrap': False, 'max_samples': 0.9263445840646328}. Best is trial 237 with value: 0.8378953493723558.[0m
