[32m[I 2022-04-22 02:49:40,379][0m Trial 527 finished with value: 0.8404595130291913 and parameters: {'n_estimators': 799, 'min_samples_split': 0.07415419380669261, 'min_samples_leaf': 0.011986633391892073, 'min_weight_fraction_leaf': 0.010290942707509684, 'max_features': 0.21569645305625132, 'bootstrap': False, 'max_samples': 0.21076389704454424}. Best is trial 452 with value: 0.8406595463259192.[0m
[32m[I 2022-04-22 02:49:54,601][0m Trial 528 finished with value: 0.7830967200050784 and parameters: {'n_estimators': 780, 'min_samples_split': 0.07434968221063556, 'min_samples_leaf': 0.023305782511808988, 'min_weight_fraction_leaf': 0.45104108757599914, 'max_features': 0.18035339061231426, 'bootstrap': False, 'max_samples': 0.20082531518596344}. Best is trial 452 with value: 0.8406595463259192.[0m
[32m[I 2022-04-22 02:51:38,664][0m Trial 529 finished with value: 0.8381435307294034 and parameters: {'n_estimators': 730, 'min_samples_split': 0.09233810734891708, 'min_samples_leaf': 0.014811635178918002, 'min_weight_fraction_leaf': 0.011209383662230578, 'max_features': 0.21433310585525847, 'bootstrap': False, 'max_samples': 0.2147144067716652}. Best is trial 452 with value: 0.8406595463259192.[0m
[32m[I 2022-04-22 02:52:18,850][0m Trial 530 finished with value: 0.8289727354225782 and parameters: {'n_estimators': 673, 'min_samples_split': 0.10031143360983544, 'min_samples_leaf': 0.025866166524645455, 'min_weight_fraction_leaf': 0.0867145447975684, 'max_features': 0.18005566359471115, 'bootstrap': False, 'max_samples': 0.4340162122928123}. Best is trial 452 with value: 0.8406595463259192.[0m
[32m[I 2022-04-22 02:53:49,912][0m Trial 531 finished with value: 0.8381181279916806 and parameters: {'n_estimators': 845, 'min_samples_split': 0.07833361187917899, 'min_samples_leaf': 0.012314313231206285, 'min_weight_fraction_leaf': 0.010798694754793395, 'max_features': 0.1344061701886432, 'bootstrap': False, 'max_samples': 0.45802803975238177}. Best is trial 452 with value: 0.8406595463259192.[0m
[32m[I 2022-04-22 02:55:12,173][0m Trial 532 finished with value: 0.8379613784046216 and parameters: {'n_estimators': 768, 'min_samples_split': 0.05688881303771799, 'min_samples_leaf': 0.020196089523233922, 'min_weight_fraction_leaf': 0.02376378239896404, 'max_features': 0.17172772712723233, 'bootstrap': False, 'max_samples': 0.44243298409098897}. Best is trial 452 with value: 0.8406595463259192.[0m
[32m[I 2022-04-22 02:56:32,671][0m Trial 533 finished with value: 0.8375327790931516 and parameters: {'n_estimators': 717, 'min_samples_split': 0.05914150499452553, 'min_samples_leaf': 0.01271528763029612, 'min_weight_fraction_leaf': 0.010462769408330009, 'max_features': 0.14303690933581925, 'bootstrap': False, 'max_samples': 0.4614159956384909}. Best is trial 452 with value: 0.8406595463259192.[0m
[32m[I 2022-04-22 02:57:49,176][0m Trial 534 finished with value: 0.836095706684362 and parameters: {'n_estimators': 761, 'min_samples_split': 0.08541900345209806, 'min_samples_leaf': 0.026779858643833317, 'min_weight_fraction_leaf': 0.01096291051987988, 'max_features': 0.20554394876690246, 'bootstrap': False, 'max_samples': 0.4101772020718587}. Best is trial 452 with value: 0.8406595463259192.[0m
[32m[I 2022-04-22 02:59:19,033][0m Trial 535 finished with value: 0.8356720908943688 and parameters: {'n_estimators': 811, 'min_samples_split': 0.07509035499539587, 'min_samples_leaf': 0.011799033777146618, 'min_weight_fraction_leaf': 0.03183641899998042, 'max_features': 0.19335610661646802, 'bootstrap': False, 'max_samples': 0.2441936763990002}. Best is trial 452 with value: 0.8406595463259192.[0m
[32m[I 2022-04-22 03:01:01,921][0m Trial 536 finished with value: 0.837979549377807 and parameters: {'n_estimators': 906, 'min_samples_split': 0.056299652774148085, 'min_samples_leaf': 0.020463246135318365, 'min_weight_fraction_leaf': 0.009669873883485978, 'max_features': 0.1711556910814758, 'bootstrap': False, 'max_samples': 0.1639156175148653}. Best is trial 452 with value: 0.8406595463259192.[0m
[32m[I 2022-04-22 03:02:22,631][0m Trial 537 finished with value: 0.8379383739809271 and parameters: {'n_estimators': 656, 'min_samples_split': 0.07049669061141578, 'min_samples_leaf': 0.010861432887374704, 'min_weight_fraction_leaf': 0.02409619654894985, 'max_features': 0.20086055409269532, 'bootstrap': False, 'max_samples': 0.20520078871101374}. Best is trial 452 with value: 0.8406595463259192.[0m
[32m[I 2022-04-22 03:03:43,387][0m Trial 538 finished with value: 0.8365153781339745 and parameters: {'n_estimators': 808, 'min_samples_split': 0.0605967609708914, 'min_samples_leaf': 0.029865579804380815, 'min_weight_fraction_leaf': 0.010188892111087065, 'max_features': 0.22582206046887843, 'bootstrap': False, 'max_samples': 0.5367776192338605}. Best is trial 452 with value: 0.8406595463259192.[0m
[32m[I 2022-04-22 03:04:59,816][0m Trial 539 finished with value: 0.8358234829140023 and parameters: {'n_estimators': 710, 'min_samples_split': 0.053462701180471625, 'min_samples_leaf': 0.010618278105917133, 'min_weight_fraction_leaf': 0.03645342243229796, 'max_features': 0.19894279551137972, 'bootstrap': False, 'max_samples': 0.4578405710035284}. Best is trial 452 with value: 0.8406595463259192.[0m
[32m[I 2022-04-22 03:06:15,052][0m Trial 540 finished with value: 0.8371951392373391 and parameters: {'n_estimators': 867, 'min_samples_split': 0.10841157748228027, 'min_samples_leaf': 0.01828092432271511, 'min_weight_fraction_leaf': 0.023636118242500483, 'max_features': 0.17130667118645704, 'bootstrap': False, 'max_samples': 0.37422200897085645}. Best is trial 452 with value: 0.8406595463259192.[0m
[32m[I 2022-04-22 03:07:47,357][0m Trial 541 finished with value: 0.8376241998310492 and parameters: {'n_estimators': 756, 'min_samples_split': 0.08294364573490415, 'min_samples_leaf': 0.010230886964444515, 'min_weight_fraction_leaf': 0.008736573623023347, 'max_features': 0.15050971450880338, 'bootstrap': False, 'max_samples': 0.2367177303836084}. Best is trial 452 with value: 0.8406595463259192.[0m
[32m[I 2022-04-22 03:09:15,053][0m Trial 542 finished with value: 0.8368651626816039 and parameters: {'n_estimators': 968, 'min_samples_split': 0.06334235716163367, 'min_samples_leaf': 0.028420471707441105, 'min_weight_fraction_leaf': 0.02451251789057215, 'max_features': 0.22027797590596615, 'bootstrap': False, 'max_samples': 0.1514215562891707}. Best is trial 452 with value: 0.8406595463259192.[0m
[32m[I 2022-04-22 03:09:21,346][0m Trial 543 finished with value: 0.7833441420861605 and parameters: {'n_estimators': 678, 'min_samples_split': 0.07726655305868926, 'min_samples_leaf': 0.4156071268155753, 'min_weight_fraction_leaf': 0.010007647075412317, 'max_features': 0.23158209949911754, 'bootstrap': False, 'max_samples': 0.30373422380275544}. Best is trial 452 with value: 0.8406595463259192.[0m
[32m[I 2022-04-22 03:11:07,295][0m Trial 544 finished with value: 0.8327623667338976 and parameters: {'n_estimators': 740, 'min_samples_split': 0.09466779629407643, 'min_samples_leaf': 0.0010497121054672109, 'min_weight_fraction_leaf': 0.04572338577165796, 'max_features': 0.25622951016609025, 'bootstrap': False, 'max_samples': 0.4913638053634227}. Best is trial 452 with value: 0.8406595463259192.[0m
[32m[I 2022-04-22 03:12:39,216][0m Trial 545 finished with value: 0.8392016819857362 and parameters: {'n_estimators': 993, 'min_samples_split': 0.056126350577935746, 'min_samples_leaf': 0.0012681801848675265, 'min_weight_fraction_leaf': 0.019710708075788223, 'max_features': 0.10137151799684657, 'bootstrap': False, 'max_samples': 0.2510461635535182}. Best is trial 452 with value: 0.8406595463259192.[0m
[32m[I 2022-04-22 03:14:22,446][0m Trial 546 finished with value: 0.8358079063852184 and parameters: {'n_estimators': 994, 'min_samples_split': 0.04986861743363983, 'min_samples_leaf': 0.018981517394804335, 'min_weight_fraction_leaf': 0.03337515384586941, 'max_features': 0.20193405806796444, 'bootstrap': False, 'max_samples': 0.22408025943325527}. Best is trial 452 with value: 0.8406595463259192.[0m
[32m[I 2022-04-22 03:15:12,143][0m Trial 547 finished with value: 0.8366035746961806 and parameters: {'n_estimators': 935, 'min_samples_split': 0.053104680659740444, 'min_samples_leaf': 0.022691793666535013, 'min_weight_fraction_leaf': 0.02437957496991405, 'max_features': 0.08388821602387589, 'bootstrap': False, 'max_samples': 0.46935179478255956}. Best is trial 452 with value: 0.8406595463259192.[0m
[32m[I 2022-04-22 03:16:44,155][0m Trial 548 finished with value: 0.8387222855708094 and parameters: {'n_estimators': 936, 'min_samples_split': 0.05976547242220655, 'min_samples_leaf': 0.011077931632644008, 'min_weight_fraction_leaf': 0.009316240413836118, 'max_features': 0.12269315678567931, 'bootstrap': False, 'max_samples': 0.25372835472104843}. Best is trial 452 with value: 0.8406595463259192.[0m
[32m[I 2022-04-22 03:18:28,577][0m Trial 549 finished with value: 0.8386962201470312 and parameters: {'n_estimators': 988, 'min_samples_split': 0.05319874357094386, 'min_samples_leaf': 0.001134483039327185, 'min_weight_fraction_leaf': 0.01625731779677126, 'max_features': 0.10037724614243028, 'bootstrap': False, 'max_samples': 0.2651517382071349}. Best is trial 452 with value: 0.8406595463259192.[0m
[32m[I 2022-04-22 03:18:54,402][0m Trial 550 finished with value: 0.8333285025256336 and parameters: {'n_estimators': 998, 'min_samples_split': 0.06643522823144846, 'min_samples_leaf': 0.032969602640207075, 'min_weight_fraction_leaf': 0.03673497528891022, 'max_features': 0.04689677636113221, 'bootstrap': False, 'max_samples': 0.20071934395163016}. Best is trial 452 with value: 0.8406595463259192.[0m
[32m[I 2022-04-22 03:21:09,267][0m Trial 551 finished with value: 0.8391336205504111 and parameters: {'n_estimators': 890, 'min_samples_split': 0.05202888091834522, 'min_samples_leaf': 0.01998431319732139, 'min_weight_fraction_leaf': 0.00879360754060773, 'max_features': 0.2441300396901761, 'bootstrap': False, 'max_samples': 0.32216978382816835}. Best is trial 452 with value: 0.8406595463259192.[0m
[32m[I 2022-04-22 03:21:53,908][0m Trial 552 finished with value: 0.8359532121545982 and parameters: {'n_estimators': 896, 'min_samples_split': 0.049773600311209504, 'min_samples_leaf': 0.037367845474589684, 'min_weight_fraction_leaf': 0.007809980607313296, 'max_features': 0.1104424951180375, 'bootstrap': False, 'max_samples': 0.28290316358712486}. Best is trial 452 with value: 0.8406595463259192.[0m
[32m[I 2022-04-22 03:22:14,127][0m Trial 553 finished with value: 0.7907354238588077 and parameters: {'n_estimators': 911, 'min_samples_split': 0.40178551195197065, 'min_samples_leaf': 0.02544975213790734, 'min_weight_fraction_leaf': 0.3488955812456603, 'max_features': 0.2456004767973719, 'bootstrap': False, 'max_samples': 0.31474089067016314}. Best is trial 452 with value: 0.8406595463259192.[0m
[32m[I 2022-04-22 03:24:03,279][0m Trial 554 finished with value: 0.8392592301394615 and parameters: {'n_estimators': 848, 'min_samples_split': 0.07338976231548104, 'min_samples_leaf': 0.019117981593125343, 'min_weight_fraction_leaf': 0.009884880854197047, 'max_features': 0.21557622074149949, 'bootstrap': False, 'max_samples': 0.2839647164849295}. Best is trial 452 with value: 0.8406595463259192.[0m
[32m[I 2022-04-22 03:24:58,364][0m Trial 555 finished with value: 0.8342765221060022 and parameters: {'n_estimators': 862, 'min_samples_split': 0.08565439236805825, 'min_samples_leaf': 0.042412810332843935, 'min_weight_fraction_leaf': 0.007980907503032295, 'max_features': 0.1885892402422226, 'bootstrap': False, 'max_samples': 0.25531999956048335}. Best is trial 452 with value: 0.8406595463259192.[0m
[32m[I 2022-04-22 03:25:09,498][0m Trial 556 finished with value: 0.801599636689947 and parameters: {'n_estimators': 852, 'min_samples_split': 0.07374512602006779, 'min_samples_leaf': 0.24050571996803488, 'min_weight_fraction_leaf': 0.008639792830157644, 'max_features': 0.22678639845145704, 'bootstrap': False, 'max_samples': 0.28513541930388764}. Best is trial 452 with value: 0.8406595463259192.[0m
[32m[I 2022-04-22 03:26:37,096][0m Trial 557 finished with value: 0.8359325654400163 and parameters: {'n_estimators': 934, 'min_samples_split': 0.08380224214538463, 'min_samples_leaf': 0.03291574820357562, 'min_weight_fraction_leaf': 0.02551621989143534, 'max_features': 0.22298540936853084, 'bootstrap': False, 'max_samples': 0.29270511477917993}. Best is trial 452 with value: 0.8406595463259192.[0m
[32m[I 2022-04-22 03:26:50,011][0m Trial 558 finished with value: 0.8302866677436533 and parameters: {'n_estimators': 894, 'min_samples_split': 0.07093044800977219, 'min_samples_leaf': 0.027237853488111433, 'min_weight_fraction_leaf': 0.008772886388755225, 'max_features': 0.023969770448115102, 'bootstrap': False, 'max_samples': 0.2380485035702754}. Best is trial 452 with value: 0.8406595463259192.[0m
[32m[I 2022-04-22 03:27:03,878][0m Trial 559 finished with value: 0.8373423561845564 and parameters: {'n_estimators': 112, 'min_samples_split': 0.04930953345958687, 'min_samples_leaf': 0.02136955807274512, 'min_weight_fraction_leaf': 0.01851143273318921, 'max_features': 0.21106550636648697, 'bootstrap': False, 'max_samples': 0.2814061735907904}. Best is trial 452 with value: 0.8406595463259192.[0m
[32m[I 2022-04-22 03:27:33,860][0m Trial 560 finished with value: 0.8357039532077705 and parameters: {'n_estimators': 952, 'min_samples_split': 0.1005084248784553, 'min_samples_leaf': 0.031172255942689124, 'min_weight_fraction_leaf': 0.007461531488623992, 'max_features': 0.06584607351924732, 'bootstrap': False, 'max_samples': 0.33634655510995665}. Best is trial 452 with value: 0.8406595463259192.[0m
[32m[I 2022-04-22 03:27:44,643][0m Trial 561 finished with value: 0.8122367815924433 and parameters: {'n_estimators': 852, 'min_samples_split': 0.0667563622098465, 'min_samples_leaf': 0.21246177363643037, 'min_weight_fraction_leaf': 0.029718910032375898, 'max_features': 0.15771912794374637, 'bootstrap': False, 'max_samples': 0.36271549544009396}. Best is trial 452 with value: 0.8406595463259192.[0m
[32m[I 2022-04-22 03:28:46,310][0m Trial 562 finished with value: 0.8297139437657741 and parameters: {'n_estimators': 828, 'min_samples_split': 0.3131282017973883, 'min_samples_leaf': 0.01901265614973651, 'min_weight_fraction_leaf': 0.0081555146300183, 'max_features': 0.2389084606470364, 'bootstrap': False, 'max_samples': 0.3059610710920679}. Best is trial 452 with value: 0.8406595463259192.[0m
[32m[I 2022-04-22 03:29:42,571][0m Trial 563 finished with value: 0.8358045772934887 and parameters: {'n_estimators': 878, 'min_samples_split': 0.0514617770526351, 'min_samples_leaf': 0.03946849494649865, 'min_weight_fraction_leaf': 0.01835564454964536, 'max_features': 0.19457942507911527, 'bootstrap': False, 'max_samples': 0.26469202433453576}. Best is trial 452 with value: 0.8406595463259192.[0m
[32m[I 2022-04-22 03:31:26,934][0m Trial 564 finished with value: 0.8382662609561706 and parameters: {'n_estimators': 787, 'min_samples_split': 0.07525231786779427, 'min_samples_leaf': 0.01755004486498377, 'min_weight_fraction_leaf': 0.023332718192563842, 'max_features': 0.24759483777174635, 'bootstrap': False, 'max_samples': 0.5632293280295966}. Best is trial 452 with value: 0.8406595463259192.[0m
[32m[I 2022-04-22 03:31:35,616][0m Trial 565 finished with value: 0.7827635714945078 and parameters: {'n_estimators': 999, 'min_samples_split': 0.09097394505371961, 'min_samples_leaf': 0.3901398995828177, 'min_weight_fraction_leaf': 0.0005165845353721013, 'max_features': 0.21418631033556665, 'bootstrap': False, 'max_samples': 0.33209488746617954}. Best is trial 452 with value: 0.8406595463259192.[0m
[32m[I 2022-04-22 03:33:24,203][0m Trial 566 finished with value: 0.8355438194238086 and parameters: {'n_estimators': 917, 'min_samples_split': 0.06317284643475687, 'min_samples_leaf': 0.025640320896618836, 'min_weight_fraction_leaf': 0.03205288482543157, 'max_features': 0.24991821911128606, 'bootstrap': False, 'max_samples': 0.31597424051351386}. Best is trial 452 with value: 0.8406595463259192.[0m
[32m[I 2022-04-22 03:35:08,200][0m Trial 567 finished with value: 0.8399518146052998 and parameters: {'n_estimators': 800, 'min_samples_split': 0.045898612523906965, 'min_samples_leaf': 0.014500511589297013, 'min_weight_fraction_leaf': 0.015873724044034792, 'max_features': 0.18745248218051574, 'bootstrap': False, 'max_samples': 0.22383439640270258}. Best is trial 452 with value: 0.8406595463259192.[0m
[32m[I 2022-04-22 03:35:57,425][0m Trial 568 finished with value: 0.8366320727065453 and parameters: {'n_estimators': 812, 'min_samples_split': 0.04566778453013785, 'min_samples_leaf': 0.03599957965815716, 'min_weight_fraction_leaf': 0.00851744966958189, 'max_features': 0.15438123151463523, 'bootstrap': False, 'max_samples': 0.21768452977131436}. Best is trial 452 with value: 0.8406595463259192.[0m
[32m[I 2022-04-22 03:37:37,813][0m Trial 569 finished with value: 0.8397686932132595 and parameters: {'n_estimators': 832, 'min_samples_split': 0.047460538563063794, 'min_samples_leaf': 0.019852991982067046, 'min_weight_fraction_leaf': 0.00018063164993966513, 'max_features': 0.18788692027455356, 'bootstrap': False, 'max_samples': 0.23564500240331154}. Best is trial 452 with value: 0.8406595463259192.[0m
[32m[I 2022-04-22 03:38:43,344][0m Trial 570 finished with value: 0.8345584615087549 and parameters: {'n_estimators': 837, 'min_samples_split': 0.04562105979445646, 'min_samples_leaf': 0.03398942363259944, 'min_weight_fraction_leaf': 0.042709724534870236, 'max_features': 0.1792326221102415, 'bootstrap': False, 'max_samples': 0.17350051669095312}. Best is trial 452 with value: 0.8406595463259192.[0m
[32m[I 2022-04-22 03:39:37,821][0m Trial 571 finished with value: 0.8336403494573001 and parameters: {'n_estimators': 907, 'min_samples_split': 0.05139666200460166, 'min_samples_leaf': 0.045838985211636055, 'min_weight_fraction_leaf': 0.01536518121644486, 'max_features': 0.18337329257686585, 'bootstrap': False, 'max_samples': 0.22831851162880615}. Best is trial 452 with value: 0.8406595463259192.[0m
[32m[I 2022-04-22 03:40:45,629][0m Trial 572 finished with value: 0.8372724904527133 and parameters: {'n_estimators': 791, 'min_samples_split': 0.05788244505103435, 'min_samples_leaf': 0.023563013086764, 'min_weight_fraction_leaf': 0.029556446067021035, 'max_features': 0.15607781023173617, 'bootstrap': False, 'max_samples': 0.19753595838255686}. Best is trial 452 with value: 0.8406595463259192.[0m
[32m[I 2022-04-22 03:42:37,573][0m Trial 573 finished with value: 0.8395863780303735 and parameters: {'n_estimators': 867, 'min_samples_split': 0.04693268353195083, 'min_samples_leaf': 0.01519233693209175, 'min_weight_fraction_leaf': 0.00834665816968369, 'max_features': 0.17453876040135127, 'bootstrap': False, 'max_samples': 0.24165223342477118}. Best is trial 452 with value: 0.8406595463259192.[0m
[32m[I 2022-04-22 03:43:36,949][0m Trial 574 finished with value: 0.8355906196969375 and parameters: {'n_estimators': 871, 'min_samples_split': 0.05005520869495489, 'min_samples_leaf': 0.028268936601035542, 'min_weight_fraction_leaf': 0.008077251727304988, 'max_features': 0.13985215878447377, 'bootstrap': False, 'max_samples': 0.2521770396529598}. Best is trial 452 with value: 0.8406595463259192.[0m
[32m[I 2022-04-22 03:45:28,392][0m Trial 575 finished with value: 0.8392076162485711 and parameters: {'n_estimators': 840, 'min_samples_split': 0.04887951411716965, 'min_samples_leaf': 0.01228910363209962, 'min_weight_fraction_leaf': 0.0004292667872635479, 'max_features': 0.16962593313930804, 'bootstrap': False, 'max_samples': 0.21932939211615937}. Best is trial 452 with value: 0.8406595463259192.[0m
[32m[I 2022-04-22 03:46:18,298][0m Trial 576 finished with value: 0.8350894735772798 and parameters: {'n_estimators': 847, 'min_samples_split': 0.05457205178739487, 'min_samples_leaf': 0.04034605846886872, 'min_weight_fraction_leaf': 0.0008213817580303897, 'max_features': 0.16766068315976373, 'bootstrap': False, 'max_samples': 0.2225169580609234}. Best is trial 452 with value: 0.8406595463259192.[0m
[32m[I 2022-04-22 03:47:23,066][0m Trial 577 finished with value: 0.8390972204450321 and parameters: {'n_estimators': 890, 'min_samples_split': 0.059493446362906766, 'min_samples_leaf': 0.020391095794909563, 'min_weight_fraction_leaf': 0.007748831609402942, 'max_features': 0.11710800482149339, 'bootstrap': False, 'max_samples': 0.2230285383876843}. Best is trial 452 with value: 0.8406595463259192.[0m
[32m[I 2022-04-22 03:48:12,637][0m Trial 578 finished with value: 0.8370631389922645 and parameters: {'n_estimators': 884, 'min_samples_split': 0.04709221785276087, 'min_samples_leaf': 0.030804199507452286, 'min_weight_fraction_leaf': 0.007768277508725668, 'max_features': 0.11606708267409173, 'bootstrap': False, 'max_samples': 0.22306343470984907}. Best is trial 452 with value: 0.8406595463259192.[0m
[32m[I 2022-04-22 03:48:44,866][0m Trial 579 finished with value: 0.8339327387385197 and parameters: {'n_estimators': 931, 'min_samples_split': 0.0582455098728747, 'min_samples_leaf': 0.05068958017047823, 'min_weight_fraction_leaf': 0.005479112049841994, 'max_features': 0.1027490262012956, 'bootstrap': False, 'max_samples': 0.24731996231305772}. Best is trial 452 with value: 0.8406595463259192.[0m
[32m[I 2022-04-22 03:50:00,716][0m Trial 580 finished with value: 0.8385414935321034 and parameters: {'n_estimators': 953, 'min_samples_split': 0.04804458848562604, 'min_samples_leaf': 0.02207504270303611, 'min_weight_fraction_leaf': 0.0009969619833649565, 'max_features': 0.1380290416904185, 'bootstrap': False, 'max_samples': 0.24060263299806772}. Best is trial 452 with value: 0.8406595463259192.[0m
