[32m[I 2022-04-21 19:28:45,239][0m Trial 260 finished with value: 0.8321666198321921 and parameters: {'n_estimators': 538, 'min_samples_split': 0.010386161935229173, 'min_samples_leaf': 0.020741541052912836, 'min_weight_fraction_leaf': 0.04956972892807125, 'max_features': 0.8671641390126462, 'bootstrap': True, 'max_samples': 0.9994861364030595, 'oob_score': True}. Best is trial 237 with value: 0.8378953493723558.[0m
[32m[I 2022-04-21 19:31:57,235][0m Trial 261 finished with value: 0.8374122640404892 and parameters: {'n_estimators': 454, 'min_samples_split': 0.018652382505528763, 'min_samples_leaf': 0.01089014151074512, 'min_weight_fraction_leaf': 0.012740050344650387, 'max_features': 0.8440389707911192, 'bootstrap': True, 'max_samples': 0.981986665360815, 'oob_score': False}. Best is trial 237 with value: 0.8378953493723558.[0m
[32m[I 2022-04-21 19:35:52,406][0m Trial 262 finished with value: 0.8354110448686537 and parameters: {'n_estimators': 457, 'min_samples_split': 0.01769387267209503, 'min_samples_leaf': 0.009963160902368626, 'min_weight_fraction_leaf': 0.009414566987378432, 'max_features': 0.8198264990390557, 'bootstrap': True, 'max_samples': 0.940994178157351, 'oob_score': False}. Best is trial 237 with value: 0.8378953493723558.[0m
[32m[I 2022-04-21 19:37:56,213][0m Trial 263 finished with value: 0.832504652508652 and parameters: {'n_estimators': 489, 'min_samples_split': 0.0012216274644120484, 'min_samples_leaf': 0.026728911666113988, 'min_weight_fraction_leaf': 0.016080632885377512, 'max_features': 0.8466261828407171, 'bootstrap': True, 'max_samples': 0.9624656038480279, 'oob_score': False}. Best is trial 237 with value: 0.8378953493723558.[0m
[32m[I 2022-04-21 19:45:10,909][0m Trial 264 finished with value: 0.8351863267044226 and parameters: {'n_estimators': 462, 'min_samples_split': 0.030684547701513038, 'min_samples_leaf': 0.001071528002747759, 'min_weight_fraction_leaf': 0.008982152736268434, 'max_features': 0.8283154541287057, 'bootstrap': True, 'max_samples': 0.9798076032230442, 'oob_score': False}. Best is trial 237 with value: 0.8378953493723558.[0m
[32m[I 2022-04-21 19:47:09,163][0m Trial 265 finished with value: 0.8364231143855942 and parameters: {'n_estimators': 398, 'min_samples_split': 0.0108889020237815, 'min_samples_leaf': 0.018826321668665224, 'min_weight_fraction_leaf': 0.00024211854469194383, 'max_features': 0.7999403395234065, 'bootstrap': True, 'max_samples': 0.9216541127965335, 'oob_score': False}. Best is trial 237 with value: 0.8378953493723558.[0m
[32m[I 2022-04-21 19:49:06,874][0m Trial 266 finished with value: 0.8357351198564335 and parameters: {'n_estimators': 390, 'min_samples_split': 0.021006816862827404, 'min_samples_leaf': 0.01905134971619902, 'min_weight_fraction_leaf': 0.0007242358122734171, 'max_features': 0.8122523960519822, 'bootstrap': True, 'max_samples': 0.9087917950135171, 'oob_score': False}. Best is trial 237 with value: 0.8378953493723558.[0m
[32m[I 2022-04-21 19:50:27,371][0m Trial 267 finished with value: 0.8312202700571145 and parameters: {'n_estimators': 498, 'min_samples_split': 0.036925646428065194, 'min_samples_leaf': 0.03545676638419798, 'min_weight_fraction_leaf': 0.00027319544403111955, 'max_features': 0.7853195962388703, 'bootstrap': True, 'max_samples': 0.9173694221404913, 'oob_score': False}. Best is trial 237 with value: 0.8378953493723558.[0m
[32m[I 2022-04-21 19:52:38,340][0m Trial 268 finished with value: 0.8356251868050839 and parameters: {'n_estimators': 442, 'min_samples_split': 0.011612382354752036, 'min_samples_leaf': 0.01743997074987598, 'min_weight_fraction_leaf': 0.012228209459650932, 'max_features': 0.793884182126614, 'bootstrap': True, 'max_samples': 0.9369134205235742, 'oob_score': False}. Best is trial 237 with value: 0.8378953493723558.[0m
[32m[I 2022-04-21 19:56:52,923][0m Trial 269 finished with value: 0.8364373067264088 and parameters: {'n_estimators': 471, 'min_samples_split': 0.021496206104806313, 'min_samples_leaf': 0.010213702218030755, 'min_weight_fraction_leaf': 0.017526342152283533, 'max_features': 0.8570698623078358, 'bootstrap': True, 'max_samples': 0.9567204691519198, 'oob_score': False}. Best is trial 237 with value: 0.8378953493723558.[0m
[32m[I 2022-04-21 20:04:59,071][0m Trial 270 finished with value: 0.83552485133959 and parameters: {'n_estimators': 524, 'min_samples_split': 0.03507736787449398, 'min_samples_leaf': 0.0010054587307505862, 'min_weight_fraction_leaf': 0.009255559794085612, 'max_features': 0.8483116576195154, 'bootstrap': True, 'max_samples': 0.9448958459645688, 'oob_score': False}. Best is trial 237 with value: 0.8378953493723558.[0m
[32m[I 2022-04-21 20:07:10,377][0m Trial 271 finished with value: 0.8330342223336663 and parameters: {'n_estimators': 471, 'min_samples_split': 0.02511643975692409, 'min_samples_leaf': 0.026521168606630237, 'min_weight_fraction_leaf': 0.0192015245998119, 'max_features': 0.9032563610282586, 'bootstrap': True, 'max_samples': 0.9547768276174048, 'oob_score': False}. Best is trial 237 with value: 0.8378953493723558.[0m
[32m[I 2022-04-21 20:09:39,315][0m Trial 272 finished with value: 0.834339817184204 and parameters: {'n_estimators': 456, 'min_samples_split': 0.018967778928246484, 'min_samples_leaf': 0.01928158825156731, 'min_weight_fraction_leaf': 0.035669338231792254, 'max_features': 0.83280032927113, 'bootstrap': True, 'max_samples': 0.9200819558981457, 'oob_score': False}. Best is trial 237 with value: 0.8378953493723558.[0m
[32m[I 2022-04-21 20:11:09,087][0m Trial 273 finished with value: 0.8303482994017296 and parameters: {'n_estimators': 495, 'min_samples_split': 0.03524502265574663, 'min_samples_leaf': 0.036159547199377085, 'min_weight_fraction_leaf': 0.009944298846740291, 'max_features': 0.8059497189722906, 'bootstrap': True, 'max_samples': 0.9633104402634387, 'oob_score': False}. Best is trial 237 with value: 0.8378953493723558.[0m
[32m[I 2022-04-21 20:11:13,853][0m Trial 274 finished with value: 0.35 and parameters: {'n_estimators': 397, 'min_samples_split': 0.013282923463409537, 'min_samples_leaf': 0.009620553335271616, 'min_weight_fraction_leaf': 0.4805768730573518, 'max_features': 0.8844729961729948, 'bootstrap': True, 'max_samples': 0.9302741764651317, 'oob_score': False}. Best is trial 237 with value: 0.8378953493723558.[0m
[32m[I 2022-04-21 20:11:18,811][0m Trial 275 finished with value: 0.35 and parameters: {'n_estimators': 433, 'min_samples_split': 0.024985282753024696, 'min_samples_leaf': 0.3688594186240052, 'min_weight_fraction_leaf': 0.024451796952426386, 'max_features': 0.20337020350802731, 'bootstrap': True, 'max_samples': 0.9600987218923048, 'oob_score': False}. Best is trial 237 with value: 0.8378953493723558.[0m
[32m[I 2022-04-21 20:15:41,686][0m Trial 276 finished with value: 0.835398337983003 and parameters: {'n_estimators': 478, 'min_samples_split': 0.013563497622657558, 'min_samples_leaf': 0.010273205855783169, 'min_weight_fraction_leaf': 0.00848925794448564, 'max_features': 0.8537590250281358, 'bootstrap': True, 'max_samples': 0.9045063613627449, 'oob_score': False}. Best is trial 237 with value: 0.8378953493723558.[0m
[32m[I 2022-04-21 20:24:26,396][0m Trial 277 finished with value: 0.8344376079952671 and parameters: {'n_estimators': 381, 'min_samples_split': 0.031003517411071723, 'min_samples_leaf': 0.001036661132607605, 'min_weight_fraction_leaf': 0.00014489908415202778, 'max_features': 0.8148352682614631, 'bootstrap': True, 'max_samples': 0.9365889662112464, 'oob_score': False}. Best is trial 237 with value: 0.8378953493723558.[0m
[32m[I 2022-04-21 20:26:21,298][0m Trial 278 finished with value: 0.8341155321851563 and parameters: {'n_estimators': 448, 'min_samples_split': 0.04026254164342295, 'min_samples_leaf': 0.023545475860671385, 'min_weight_fraction_leaf': 0.03065008526206775, 'max_features': 0.8574464833963785, 'bootstrap': True, 'max_samples': 0.999976481250435, 'oob_score': False}. Best is trial 237 with value: 0.8378953493723558.[0m
[32m[I 2022-04-21 20:26:38,206][0m Trial 279 finished with value: 0.8087400310644604 and parameters: {'n_estimators': 412, 'min_samples_split': 0.021337903787243064, 'min_samples_leaf': 0.2103009939646985, 'min_weight_fraction_leaf': 0.017790772666482824, 'max_features': 0.8305156583025444, 'bootstrap': False, 'max_samples': 0.9706594307394782}. Best is trial 237 with value: 0.8378953493723558.[0m
[32m[I 2022-04-21 20:28:32,438][0m Trial 280 finished with value: 0.837018005349661 and parameters: {'n_estimators': 371, 'min_samples_split': 0.009836896608306516, 'min_samples_leaf': 0.014991472875143429, 'min_weight_fraction_leaf': 0.017355292294096804, 'max_features': 0.7667309381820014, 'bootstrap': True, 'max_samples': 0.9831571257825917, 'oob_score': True}. Best is trial 237 with value: 0.8378953493723558.[0m
[32m[I 2022-04-21 20:29:28,449][0m Trial 281 finished with value: 0.831705172140451 and parameters: {'n_estimators': 367, 'min_samples_split': 0.009273777451240053, 'min_samples_leaf': 0.03493219294141175, 'min_weight_fraction_leaf': 0.009248044563332607, 'max_features': 0.7704700112419975, 'bootstrap': True, 'max_samples': 0.9826049445551333, 'oob_score': True}. Best is trial 237 with value: 0.8378953493723558.[0m
[32m[I 2022-04-21 20:31:08,225][0m Trial 282 finished with value: 0.8352879480953341 and parameters: {'n_estimators': 380, 'min_samples_split': 0.011092618703059283, 'min_samples_leaf': 0.017985346826497793, 'min_weight_fraction_leaf': 0.033681899346891565, 'max_features': 0.7924013550132921, 'bootstrap': True, 'max_samples': 0.9594724713548098, 'oob_score': True}. Best is trial 237 with value: 0.8378953493723558.[0m
[32m[I 2022-04-21 20:33:24,124][0m Trial 283 finished with value: 0.8335728935329042 and parameters: {'n_estimators': 550, 'min_samples_split': 0.02372714521917499, 'min_samples_leaf': 0.026736869694933812, 'min_weight_fraction_leaf': 0.0003587852822059777, 'max_features': 0.8827809876454035, 'bootstrap': True, 'max_samples': 0.9782185689293682, 'oob_score': True}. Best is trial 237 with value: 0.8378953493723558.[0m
[32m[I 2022-04-21 20:35:34,548][0m Trial 284 finished with value: 0.8347051645088701 and parameters: {'n_estimators': 401, 'min_samples_split': 0.009335802272740794, 'min_samples_leaf': 0.01680454100419208, 'min_weight_fraction_leaf': 0.016310751487531305, 'max_features': 0.760592861367295, 'bootstrap': True, 'max_samples': 0.9478283385559334, 'oob_score': True}. Best is trial 237 with value: 0.8378953493723558.[0m
[32m[I 2022-04-21 20:37:25,748][0m Trial 285 finished with value: 0.8256025979359862 and parameters: {'n_estimators': 508, 'min_samples_split': 0.030966973585292858, 'min_samples_leaf': 0.0012499788817996649, 'min_weight_fraction_leaf': 0.11669938552129597, 'max_features': 0.8198499410324487, 'bootstrap': True, 'max_samples': 0.9800761070877583, 'oob_score': True}. Best is trial 237 with value: 0.8378953493723558.[0m
[32m[I 2022-04-21 20:39:53,315][0m Trial 286 finished with value: 0.8323959944695416 and parameters: {'n_estimators': 421, 'min_samples_split': 0.018599386928581242, 'min_samples_leaf': 0.011152910184396934, 'min_weight_fraction_leaf': 0.044180149440084415, 'max_features': 0.9015322711248595, 'bootstrap': True, 'max_samples': 0.9999089911819142, 'oob_score': True}. Best is trial 237 with value: 0.8378953493723558.[0m
[32m[I 2022-04-21 20:40:08,036][0m Trial 287 finished with value: 0.8145207064528137 and parameters: {'n_estimators': 460, 'min_samples_split': 0.04054071899889508, 'min_samples_leaf': 0.041007169995729634, 'min_weight_fraction_leaf': 0.025048122368593793, 'max_features': 0.8637168018823217, 'bootstrap': True, 'max_samples': 0.18336147494552957, 'oob_score': True}. Best is trial 237 with value: 0.8378953493723558.[0m
[32m[I 2022-04-21 20:41:34,634][0m Trial 288 finished with value: 0.8317284645363795 and parameters: {'n_estimators': 365, 'min_samples_split': 0.001519563007207677, 'min_samples_leaf': 0.027081873741126538, 'min_weight_fraction_leaf': 0.010835887374668018, 'max_features': 0.8410691601477305, 'bootstrap': True, 'max_samples': 0.9630825516578663, 'oob_score': False}. Best is trial 237 with value: 0.8378953493723558.[0m
[32m[I 2022-04-21 20:41:58,728][0m Trial 289 finished with value: 0.8344231394300486 and parameters: {'n_estimators': 430, 'min_samples_split': 0.011318282683026464, 'min_samples_leaf': 0.016800148734680526, 'min_weight_fraction_leaf': 0.017664872095027852, 'max_features': 0.07698402949747318, 'bootstrap': True, 'max_samples': 0.9444265075076302, 'oob_score': True}. Best is trial 237 with value: 0.8378953493723558.[0m
[32m[I 2022-04-21 20:44:24,259][0m Trial 290 finished with value: 0.8360515588289937 and parameters: {'n_estimators': 392, 'min_samples_split': 0.02808747567797245, 'min_samples_leaf': 0.010938839394680832, 'min_weight_fraction_leaf': 0.029066556099454435, 'max_features': 0.7970685829509342, 'bootstrap': True, 'max_samples': 0.9839282292109548, 'oob_score': True}. Best is trial 237 with value: 0.8378953493723558.[0m
[32m[I 2022-04-21 20:47:31,687][0m Trial 291 finished with value: 0.8319556855737271 and parameters: {'n_estimators': 480, 'min_samples_split': 0.13728191213365992, 'min_samples_leaf': 0.009578584256760279, 'min_weight_fraction_leaf': 0.010242612747386057, 'max_features': 0.8784272257343507, 'bootstrap': True, 'max_samples': 0.9639784305273981, 'oob_score': True}. Best is trial 237 with value: 0.8378953493723558.[0m
[32m[I 2022-04-21 20:49:22,938][0m Trial 292 finished with value: 0.8338153133785566 and parameters: {'n_estimators': 449, 'min_samples_split': 0.019326693126244913, 'min_samples_leaf': 0.026880572479823082, 'min_weight_fraction_leaf': 0.036559531373534564, 'max_features': 0.8291491982506843, 'bootstrap': True, 'max_samples': 0.9997376467744616, 'oob_score': True}. Best is trial 237 with value: 0.8378953493723558.[0m
[32m[I 2022-04-21 20:51:07,083][0m Trial 293 finished with value: 0.8308278203146369 and parameters: {'n_estimators': 411, 'min_samples_split': 0.2235851277516981, 'min_samples_leaf': 0.0019707423507061856, 'min_weight_fraction_leaf': 0.02105701240245855, 'max_features': 0.7726197230405897, 'bootstrap': True, 'max_samples': 0.9399328630808736, 'oob_score': True}. Best is trial 237 with value: 0.8378953493723558.[0m
[32m[I 2022-04-21 20:53:05,532][0m Trial 294 finished with value: 0.835707404859337 and parameters: {'n_estimators': 374, 'min_samples_split': 0.00979669939304174, 'min_samples_leaf': 0.017463682417175157, 'min_weight_fraction_leaf': 0.007103979747446274, 'max_features': 0.8486158814021127, 'bootstrap': True, 'max_samples': 0.9690240978419741, 'oob_score': True}. Best is trial 237 with value: 0.8378953493723558.[0m
[32m[I 2022-04-21 20:53:15,606][0m Trial 295 finished with value: 0.7823402125381668 and parameters: {'n_estimators': 511, 'min_samples_split': 0.03926120583951166, 'min_samples_leaf': 0.2765624715435758, 'min_weight_fraction_leaf': 0.2289178534896646, 'max_features': 0.8627477880648216, 'bootstrap': True, 'max_samples': 0.9799241240994684, 'oob_score': True}. Best is trial 237 with value: 0.8378953493723558.[0m
[32m[I 2022-04-21 20:57:44,844][0m Trial 296 finished with value: 0.8354713047679763 and parameters: {'n_estimators': 432, 'min_samples_split': 0.0014120792816446504, 'min_samples_leaf': 0.010017843644911976, 'min_weight_fraction_leaf': 0.0006076359216296684, 'max_features': 0.886128506403787, 'bootstrap': True, 'max_samples': 0.952401728513185, 'oob_score': True}. Best is trial 237 with value: 0.8378953493723558.[0m
[32m[I 2022-04-21 20:59:23,751][0m Trial 297 finished with value: 0.8323988458743447 and parameters: {'n_estimators': 470, 'min_samples_split': 0.03023705495895347, 'min_samples_leaf': 0.03058654329022862, 'min_weight_fraction_leaf': 0.024768396522325646, 'max_features': 0.8013881322896802, 'bootstrap': True, 'max_samples': 0.9304974790360041, 'oob_score': False}. Best is trial 237 with value: 0.8378953493723558.[0m
[32m[I 2022-04-21 21:01:35,315][0m Trial 298 finished with value: 0.8353626620187764 and parameters: {'n_estimators': 397, 'min_samples_split': 0.020028746698512206, 'min_samples_leaf': 0.019858725790407726, 'min_weight_fraction_leaf': 0.01646620284638828, 'max_features': 0.8231556969773313, 'bootstrap': True, 'max_samples': 0.9817142324607682, 'oob_score': True}. Best is trial 237 with value: 0.8378953493723558.[0m
[32m[I 2022-04-21 21:05:57,991][0m Trial 299 finished with value: 0.8149757796051043 and parameters: {'n_estimators': 450, 'min_samples_split': 0.011737942488566883, 'min_samples_leaf': 0.0016107722578429802, 'min_weight_fraction_leaf': 0.043657866682688104, 'max_features': 0.9113476693980018, 'bootstrap': False, 'max_samples': 0.9561319468468302}. Best is trial 237 with value: 0.8378953493723558.[0m
[32m[I 2022-04-21 21:06:37,552][0m Trial 300 finished with value: 0.8260714866907914 and parameters: {'n_estimators': 363, 'min_samples_split': 0.3213017497811876, 'min_samples_leaf': 0.04679704616967913, 'min_weight_fraction_leaf': 0.010046190004374273, 'max_features': 0.8501676979650974, 'bootstrap': True, 'max_samples': 0.9842360961692217, 'oob_score': True}. Best is trial 237 with value: 0.8378953493723558.[0m
[32m[I 2022-04-21 21:08:59,623][0m Trial 301 finished with value: 0.8348489742291569 and parameters: {'n_estimators': 493, 'min_samples_split': 0.026122947225381894, 'min_samples_leaf': 0.017845278048351027, 'min_weight_fraction_leaf': 0.030026813970979314, 'max_features': 0.868543790304029, 'bootstrap': True, 'max_samples': 0.9152327084534203, 'oob_score': True}. Best is trial 237 with value: 0.8378953493723558.[0m
[32m[I 2022-04-21 21:13:53,494][0m Trial 302 finished with value: 0.8387709714658141 and parameters: {'n_estimators': 531, 'min_samples_split': 0.010491229449748878, 'min_samples_leaf': 0.0012764142871133275, 'min_weight_fraction_leaf': 0.0002945191167985639, 'max_features': 0.3233594681632516, 'bootstrap': True, 'max_samples': 0.8883805279778615, 'oob_score': True}. Best is trial 302 with value: 0.8387709714658141.[0m
[32m[I 2022-04-21 21:15:50,193][0m Trial 303 finished with value: 0.8366410878038476 and parameters: {'n_estimators': 565, 'min_samples_split': 0.009258983864242237, 'min_samples_leaf': 0.009198863344126259, 'min_weight_fraction_leaf': 0.007455223618414532, 'max_features': 0.3504351582588766, 'bootstrap': True, 'max_samples': 0.8860298758415983, 'oob_score': True}. Best is trial 302 with value: 0.8387709714658141.[0m
[32m[I 2022-04-21 21:17:52,359][0m Trial 304 finished with value: 0.8374250453149484 and parameters: {'n_estimators': 488, 'min_samples_split': 0.0014687482583475193, 'min_samples_leaf': 0.010281710651883769, 'min_weight_fraction_leaf': 0.0005705718444502551, 'max_features': 0.44696582927308726, 'bootstrap': True, 'max_samples': 0.8747155717792563, 'oob_score': True}. Best is trial 302 with value: 0.8387709714658141.[0m
[32m[I 2022-04-21 21:19:35,326][0m Trial 305 finished with value: 0.8364911438568804 and parameters: {'n_estimators': 570, 'min_samples_split': 0.008428852051670932, 'min_samples_leaf': 0.009453491031520074, 'min_weight_fraction_leaf': 1.2066034617204776e-05, 'max_features': 0.32123733428589046, 'bootstrap': True, 'max_samples': 0.8043780589252076, 'oob_score': True}. Best is trial 302 with value: 0.8387709714658141.[0m
[32m[I 2022-04-21 21:21:21,146][0m Trial 306 finished with value: 0.8366652267261474 and parameters: {'n_estimators': 518, 'min_samples_split': 0.001117895426746493, 'min_samples_leaf': 0.008794665023701496, 'min_weight_fraction_leaf': 0.006963301469190872, 'max_features': 0.3508284657453528, 'bootstrap': True, 'max_samples': 0.8489280974447231, 'oob_score': True}. Best is trial 302 with value: 0.8387709714658141.[0m
[32m[I 2022-04-21 21:22:09,133][0m Trial 307 finished with value: 0.8346672428077779 and parameters: {'n_estimators': 549, 'min_samples_split': 0.004356148878746486, 'min_samples_leaf': 0.026981204612213535, 'min_weight_fraction_leaf': 0.006689464562308383, 'max_features': 0.3385086440357562, 'bootstrap': True, 'max_samples': 0.8227313345861733, 'oob_score': True}. Best is trial 302 with value: 0.8387709714658141.[0m
[32m[I 2022-04-21 21:24:01,538][0m Trial 308 finished with value: 0.8372940037321198 and parameters: {'n_estimators': 579, 'min_samples_split': 0.003605432911231341, 'min_samples_leaf': 0.009177254394439956, 'min_weight_fraction_leaf': 0.0002706609344557548, 'max_features': 0.3108181882781326, 'bootstrap': True, 'max_samples': 0.8531487330220889, 'oob_score': True}. Best is trial 302 with value: 0.8387709714658141.[0m
[32m[I 2022-04-21 21:24:37,652][0m Trial 309 finished with value: 0.8323013777516598 and parameters: {'n_estimators': 537, 'min_samples_split': 0.002592382598037169, 'min_samples_leaf': 0.034296693497043125, 'min_weight_fraction_leaf': 0.009205606844969443, 'max_features': 0.2725982005214769, 'bootstrap': True, 'max_samples': 0.853667983323719, 'oob_score': True}. Best is trial 302 with value: 0.8387709714658141.[0m
[32m[I 2022-04-21 21:27:11,427][0m Trial 310 finished with value: 0.8374340893567684 and parameters: {'n_estimators': 510, 'min_samples_split': 0.01330257132910966, 'min_samples_leaf': 0.001858979252063589, 'min_weight_fraction_leaf': 0.009563889440794272, 'max_features': 0.27535010714937264, 'bootstrap': True, 'max_samples': 0.8804001596450106, 'oob_score': True}. Best is trial 302 with value: 0.8387709714658141.[0m
[32m[I 2022-04-21 21:28:00,220][0m Trial 311 finished with value: 0.8342486146910826 and parameters: {'n_estimators': 552, 'min_samples_split': 0.11248942619716862, 'min_samples_leaf': 0.019634601276601694, 'min_weight_fraction_leaf': 0.0010532449897996208, 'max_features': 0.30152261040081774, 'bootstrap': True, 'max_samples': 0.8375281569252567, 'oob_score': True}. Best is trial 302 with value: 0.8387709714658141.[0m
