[32m[I 2022-04-21 12:41:24,118][0m Trial 960 finished with value: 0.8424022348807266 and parameters: {'n_estimators': 136, 'min_samples_split': 0.05635722482978501, 'min_samples_leaf': 0.08067083411912317, 'min_weight_fraction_leaf': 0.1829483585308599, 'max_features': 0.36309262973932754, 'bootstrap': True, 'max_samples': 0.9636454757557901, 'oob_score': True}. Best is trial 909 with value: 0.8449176484384164.[0m
[32m[I 2022-04-21 12:41:28,154][0m Trial 961 finished with value: 0.8431587692267067 and parameters: {'n_estimators': 145, 'min_samples_split': 0.07321582849945775, 'min_samples_leaf': 0.07727151779584784, 'min_weight_fraction_leaf': 0.1827825796290362, 'max_features': 0.35732957298842716, 'bootstrap': True, 'max_samples': 0.9591412204377526, 'oob_score': True}. Best is trial 909 with value: 0.8449176484384164.[0m
[32m[I 2022-04-21 12:41:31,666][0m Trial 962 finished with value: 0.8438312442009112 and parameters: {'n_estimators': 131, 'min_samples_split': 0.04948984949045938, 'min_samples_leaf': 0.06908210111322427, 'min_weight_fraction_leaf': 0.18198114080334657, 'max_features': 0.38410597313101424, 'bootstrap': True, 'max_samples': 0.9493577222581423, 'oob_score': True}. Best is trial 909 with value: 0.8449176484384164.[0m
[32m[I 2022-04-21 12:41:35,144][0m Trial 963 finished with value: 0.8424022348807266 and parameters: {'n_estimators': 130, 'min_samples_split': 0.06346306013176783, 'min_samples_leaf': 0.07205607999958812, 'min_weight_fraction_leaf': 0.17953156009272533, 'max_features': 0.39751297849011125, 'bootstrap': True, 'max_samples': 0.961384825962642, 'oob_score': True}. Best is trial 909 with value: 0.8449176484384164.[0m
[32m[I 2022-04-21 12:41:38,594][0m Trial 964 finished with value: 0.8431551393025231 and parameters: {'n_estimators': 134, 'min_samples_split': 0.05076609170695144, 'min_samples_leaf': 0.06934321311599062, 'min_weight_fraction_leaf': 0.18838352162538147, 'max_features': 0.3820876355886547, 'bootstrap': True, 'max_samples': 0.9474099529148498, 'oob_score': True}. Best is trial 909 with value: 0.8449176484384164.[0m
[32m[I 2022-04-21 12:41:42,150][0m Trial 965 finished with value: 0.8424022348807266 and parameters: {'n_estimators': 130, 'min_samples_split': 0.06020755399537966, 'min_samples_leaf': 0.08904660325899277, 'min_weight_fraction_leaf': 0.17919616939987765, 'max_features': 0.398744621751808, 'bootstrap': True, 'max_samples': 0.9673414195613333, 'oob_score': True}. Best is trial 909 with value: 0.8449176484384164.[0m
[32m[I 2022-04-21 12:41:45,754][0m Trial 966 finished with value: 0.84094348881474 and parameters: {'n_estimators': 144, 'min_samples_split': 0.06906739600799391, 'min_samples_leaf': 0.07875476589281456, 'min_weight_fraction_leaf': 0.18215146380870617, 'max_features': 0.41818152479969584, 'bootstrap': True, 'max_samples': 0.9440320440922167, 'oob_score': True}. Best is trial 909 with value: 0.8449176484384164.[0m
[32m[I 2022-04-21 12:41:49,361][0m Trial 967 finished with value: 0.8424022348807266 and parameters: {'n_estimators': 130, 'min_samples_split': 0.05698946839082428, 'min_samples_leaf': 0.07073835552399349, 'min_weight_fraction_leaf': 0.17771812386947525, 'max_features': 0.37525024119860023, 'bootstrap': True, 'max_samples': 0.976677636136474, 'oob_score': True}. Best is trial 909 with value: 0.8449176484384164.[0m
[32m[I 2022-04-21 12:41:53,164][0m Trial 968 finished with value: 0.8438312442009112 and parameters: {'n_estimators': 125, 'min_samples_split': 0.051947278914036915, 'min_samples_leaf': 0.08237941795070167, 'min_weight_fraction_leaf': 0.1891327019845046, 'max_features': 0.35385277169864215, 'bootstrap': True, 'max_samples': 0.951040113575809, 'oob_score': True}. Best is trial 909 with value: 0.8449176484384164.[0m
[32m[I 2022-04-21 12:41:57,022][0m Trial 969 finished with value: 0.8431587692267067 and parameters: {'n_estimators': 137, 'min_samples_split': 0.047554748313788656, 'min_samples_leaf': 0.08896985486717728, 'min_weight_fraction_leaf': 0.18901599133774988, 'max_features': 0.3854131509162755, 'bootstrap': True, 'max_samples': 0.95817247080764, 'oob_score': True}. Best is trial 909 with value: 0.8449176484384164.[0m
[32m[I 2022-04-21 12:42:00,675][0m Trial 970 finished with value: 0.8424022348807266 and parameters: {'n_estimators': 127, 'min_samples_split': 0.05157601379837966, 'min_samples_leaf': 0.08394077747871939, 'min_weight_fraction_leaf': 0.18233299054153587, 'max_features': 0.3613690802432404, 'bootstrap': True, 'max_samples': 0.9775139177858169, 'oob_score': True}. Best is trial 909 with value: 0.8449176484384164.[0m
[32m[I 2022-04-21 12:42:04,005][0m Trial 971 finished with value: 0.8424022348807266 and parameters: {'n_estimators': 125, 'min_samples_split': 0.051700150629848056, 'min_samples_leaf': 0.07950420514863428, 'min_weight_fraction_leaf': 0.18043944722405297, 'max_features': 0.3568157892959632, 'bootstrap': True, 'max_samples': 0.9637814580999629, 'oob_score': True}. Best is trial 909 with value: 0.8449176484384164.[0m
[32m[I 2022-04-21 12:42:07,532][0m Trial 972 finished with value: 0.844083422316238 and parameters: {'n_estimators': 125, 'min_samples_split': 0.06710505507298868, 'min_samples_leaf': 0.06510836863201358, 'min_weight_fraction_leaf': 0.17696573695325032, 'max_features': 0.3718163301068339, 'bootstrap': True, 'max_samples': 0.947293742004026, 'oob_score': True}. Best is trial 909 with value: 0.8449176484384164.[0m
[32m[I 2022-04-21 12:42:12,692][0m Trial 973 finished with value: 0.843149881214285 and parameters: {'n_estimators': 131, 'min_samples_split': 0.06530577177960571, 'min_samples_leaf': 0.07065548483346441, 'min_weight_fraction_leaf': 0.17648825127397652, 'max_features': 0.40484807757103064, 'bootstrap': True, 'max_samples': 0.9498003101803527, 'oob_score': True}. Best is trial 909 with value: 0.8449176484384164.[0m
[32m[I 2022-04-21 12:42:16,215][0m Trial 974 finished with value: 0.8415250687653602 and parameters: {'n_estimators': 140, 'min_samples_split': 0.058415146143413366, 'min_samples_leaf': 0.06978271796622525, 'min_weight_fraction_leaf': 0.1722926500111442, 'max_features': 0.37872123788130757, 'bootstrap': True, 'max_samples': 0.9775758683762665, 'oob_score': True}. Best is trial 909 with value: 0.8449176484384164.[0m
[32m[I 2022-04-21 12:42:19,856][0m Trial 975 finished with value: 0.84094348881474 and parameters: {'n_estimators': 150, 'min_samples_split': 0.07553838718735201, 'min_samples_leaf': 0.09335337583325329, 'min_weight_fraction_leaf': 0.18107474586592384, 'max_features': 0.41840841579607746, 'bootstrap': True, 'max_samples': 0.9466694092637865, 'oob_score': True}. Best is trial 909 with value: 0.8449176484384164.[0m
[32m[I 2022-04-21 12:42:23,287][0m Trial 976 finished with value: 0.8438312442009112 and parameters: {'n_estimators': 125, 'min_samples_split': 0.05056344515052177, 'min_samples_leaf': 0.0696542155661085, 'min_weight_fraction_leaf': 0.18887670701989823, 'max_features': 0.3788793408259889, 'bootstrap': True, 'max_samples': 0.9637966195314173, 'oob_score': True}. Best is trial 909 with value: 0.8449176484384164.[0m
[32m[I 2022-04-21 12:42:26,588][0m Trial 977 finished with value: 0.8425703536242779 and parameters: {'n_estimators': 138, 'min_samples_split': 0.04561048088798948, 'min_samples_leaf': 0.08182924924653867, 'min_weight_fraction_leaf': 0.18958416577944143, 'max_features': 0.39188643913910154, 'bootstrap': True, 'max_samples': 0.975302493349773, 'oob_score': False}. Best is trial 909 with value: 0.8449176484384164.[0m
[32m[I 2022-04-21 12:42:30,387][0m Trial 978 finished with value: 0.8431638620590384 and parameters: {'n_estimators': 128, 'min_samples_split': 0.06375800557423827, 'min_samples_leaf': 0.07002343813662293, 'min_weight_fraction_leaf': 0.1733293153084281, 'max_features': 0.4027512045746541, 'bootstrap': True, 'max_samples': 0.9685654925508338, 'oob_score': True}. Best is trial 909 with value: 0.8449176484384164.[0m
[32m[I 2022-04-21 12:42:34,165][0m Trial 979 finished with value: 0.844083422316238 and parameters: {'n_estimators': 133, 'min_samples_split': 0.07025272364046715, 'min_samples_leaf': 0.06887181350149174, 'min_weight_fraction_leaf': 0.17907245253280873, 'max_features': 0.3693116907386031, 'bootstrap': True, 'max_samples': 0.9423155673872513, 'oob_score': True}. Best is trial 909 with value: 0.8449176484384164.[0m
[32m[I 2022-04-21 12:42:37,970][0m Trial 980 finished with value: 0.8416701132004019 and parameters: {'n_estimators': 137, 'min_samples_split': 0.07725723426695198, 'min_samples_leaf': 0.06486829389563567, 'min_weight_fraction_leaf': 0.17046953821370187, 'max_features': 0.36647956603685067, 'bootstrap': True, 'max_samples': 0.9397545186924672, 'oob_score': True}. Best is trial 909 with value: 0.8449176484384164.[0m
[32m[I 2022-04-21 12:42:41,608][0m Trial 981 finished with value: 0.8446629499062451 and parameters: {'n_estimators': 123, 'min_samples_split': 0.047187374096334986, 'min_samples_leaf': 0.06671733875251123, 'min_weight_fraction_leaf': 0.1764012159616058, 'max_features': 0.44512736413872217, 'bootstrap': True, 'max_samples': 0.9793153671293904, 'oob_score': True}. Best is trial 909 with value: 0.8449176484384164.[0m
[32m[I 2022-04-21 12:42:44,998][0m Trial 982 finished with value: 0.8428404060079385 and parameters: {'n_estimators': 125, 'min_samples_split': 0.07166463951052134, 'min_samples_leaf': 0.08596014850129802, 'min_weight_fraction_leaf': 0.19252643747945278, 'max_features': 0.4411619640350157, 'bootstrap': True, 'max_samples': 0.9815336015605199, 'oob_score': True}. Best is trial 909 with value: 0.8449176484384164.[0m
[32m[I 2022-04-21 12:42:49,137][0m Trial 983 finished with value: 0.8446629499062451 and parameters: {'n_estimators': 122, 'min_samples_split': 0.06736491724997061, 'min_samples_leaf': 0.06757110312452311, 'min_weight_fraction_leaf': 0.17541370201740258, 'max_features': 0.43599901017391174, 'bootstrap': True, 'max_samples': 0.982567477507758, 'oob_score': True}. Best is trial 909 with value: 0.8449176484384164.[0m
[32m[I 2022-04-21 12:42:52,669][0m Trial 984 finished with value: 0.8443318878794278 and parameters: {'n_estimators': 122, 'min_samples_split': 0.0812163492237596, 'min_samples_leaf': 0.057940141335284585, 'min_weight_fraction_leaf': 0.17396727372926185, 'max_features': 0.4589000310557396, 'bootstrap': True, 'max_samples': 0.9879566320511123, 'oob_score': True}. Best is trial 909 with value: 0.8449176484384164.[0m
[32m[I 2022-04-21 12:42:56,432][0m Trial 985 finished with value: 0.845007992777816 and parameters: {'n_estimators': 122, 'min_samples_split': 0.08147477391140046, 'min_samples_leaf': 0.05878180516368507, 'min_weight_fraction_leaf': 0.17038722326728598, 'max_features': 0.477256689958777, 'bootstrap': True, 'max_samples': 0.9865026803893635, 'oob_score': True}. Best is trial 985 with value: 0.845007992777816.[0m
[32m[I 2022-04-21 12:43:00,338][0m Trial 986 finished with value: 0.8420551076210732 and parameters: {'n_estimators': 123, 'min_samples_split': 0.08392432024716548, 'min_samples_leaf': 0.057355484076207705, 'min_weight_fraction_leaf': 0.18144672183267277, 'max_features': 0.46700060460873094, 'bootstrap': True, 'max_samples': 0.9894635506049336, 'oob_score': True}. Best is trial 985 with value: 0.845007992777816.[0m
[32m[I 2022-04-21 12:43:04,614][0m Trial 987 finished with value: 0.8434949240858559 and parameters: {'n_estimators': 129, 'min_samples_split': 0.07604947201660567, 'min_samples_leaf': 0.05932743712250041, 'min_weight_fraction_leaf': 0.1724330387155396, 'max_features': 0.4927233604006749, 'bootstrap': True, 'max_samples': 0.9974753709901554, 'oob_score': True}. Best is trial 985 with value: 0.845007992777816.[0m
[32m[I 2022-04-21 12:43:08,234][0m Trial 988 finished with value: 0.845007992777816 and parameters: {'n_estimators': 122, 'min_samples_split': 0.08699550102737828, 'min_samples_leaf': 0.06333589932007773, 'min_weight_fraction_leaf': 0.1689129906256269, 'max_features': 0.45084648906178915, 'bootstrap': True, 'max_samples': 0.9967284688701433, 'oob_score': True}. Best is trial 985 with value: 0.845007992777816.[0m
[32m[I 2022-04-21 12:43:12,012][0m Trial 989 finished with value: 0.8444974188928365 and parameters: {'n_estimators': 122, 'min_samples_split': 0.08228024017706699, 'min_samples_leaf': 0.05942953464549676, 'min_weight_fraction_leaf': 0.17824196358362743, 'max_features': 0.46400171496708964, 'bootstrap': True, 'max_samples': 0.9912101476987545, 'oob_score': True}. Best is trial 985 with value: 0.845007992777816.[0m
[32m[I 2022-04-21 12:43:15,615][0m Trial 990 finished with value: 0.8452029050989008 and parameters: {'n_estimators': 122, 'min_samples_split': 0.09389151351808715, 'min_samples_leaf': 0.0665037992391899, 'min_weight_fraction_leaf': 0.16170734133966014, 'max_features': 0.47807766081083847, 'bootstrap': True, 'max_samples': 0.986510983098025, 'oob_score': True}. Best is trial 990 with value: 0.8452029050989008.[0m
[32m[I 2022-04-21 12:43:19,278][0m Trial 991 finished with value: 0.8458845061771922 and parameters: {'n_estimators': 122, 'min_samples_split': 0.10271640581495994, 'min_samples_leaf': 0.06225570968792793, 'min_weight_fraction_leaf': 0.1652733226908439, 'max_features': 0.48339452784633596, 'bootstrap': True, 'max_samples': 0.9979929860666301, 'oob_score': True}. Best is trial 991 with value: 0.8458845061771922.[0m
[32m[I 2022-04-21 12:43:22,680][0m Trial 992 finished with value: 0.8458845061771922 and parameters: {'n_estimators': 122, 'min_samples_split': 0.08992068645728869, 'min_samples_leaf': 0.0617690400493834, 'min_weight_fraction_leaf': 0.16207190133339236, 'max_features': 0.46611366334051285, 'bootstrap': True, 'max_samples': 0.9980044570729215, 'oob_score': True}. Best is trial 991 with value: 0.8458845061771922.[0m
[32m[I 2022-04-21 12:43:26,180][0m Trial 993 finished with value: 0.8458845061771922 and parameters: {'n_estimators': 124, 'min_samples_split': 0.09336775735415265, 'min_samples_leaf': 0.062205274853455964, 'min_weight_fraction_leaf': 0.16464977323706298, 'max_features': 0.48262177737877193, 'bootstrap': True, 'max_samples': 0.997996854046197, 'oob_score': True}. Best is trial 991 with value: 0.8458845061771922.[0m
[32m[I 2022-04-21 12:43:30,065][0m Trial 994 finished with value: 0.8417985353252584 and parameters: {'n_estimators': 136, 'min_samples_split': 0.09220280553699249, 'min_samples_leaf': 0.06314497859222445, 'min_weight_fraction_leaf': 0.17116803043429166, 'max_features': 0.47902268582124075, 'bootstrap': True, 'max_samples': 0.9954102752698444, 'oob_score': True}. Best is trial 991 with value: 0.8458845061771922.[0m
[32m[I 2022-04-21 12:43:33,238][0m Trial 995 finished with value: 0.8445167021905382 and parameters: {'n_estimators': 124, 'min_samples_split': 0.09991790118959804, 'min_samples_leaf': 0.06126868377817388, 'min_weight_fraction_leaf': 0.158639329272451, 'max_features': 0.48112622038764497, 'bootstrap': True, 'max_samples': 0.9856576822975842, 'oob_score': True}. Best is trial 991 with value: 0.8458845061771922.[0m
[32m[I 2022-04-21 12:43:36,580][0m Trial 996 finished with value: 0.8426771733018315 and parameters: {'n_estimators': 132, 'min_samples_split': 0.09434232085521692, 'min_samples_leaf': 0.057479446624276676, 'min_weight_fraction_leaf': 0.16118609678360424, 'max_features': 0.502309744718705, 'bootstrap': True, 'max_samples': 0.9962898913964875, 'oob_score': True}. Best is trial 991 with value: 0.8458845061771922.[0m
[32m[I 2022-04-21 12:43:40,204][0m Trial 997 finished with value: 0.8458886292722421 and parameters: {'n_estimators': 125, 'min_samples_split': 0.0912828061925992, 'min_samples_leaf': 0.06510640753509316, 'min_weight_fraction_leaf': 0.15890924455242, 'max_features': 0.5231155093813271, 'bootstrap': True, 'max_samples': 0.9968542625853066, 'oob_score': True}. Best is trial 997 with value: 0.8458886292722421.[0m
[32m[I 2022-04-21 12:43:43,798][0m Trial 998 finished with value: 0.8456669074632911 and parameters: {'n_estimators': 133, 'min_samples_split': 0.0971558797042768, 'min_samples_leaf': 0.060889836864939435, 'min_weight_fraction_leaf': 0.1571152856810444, 'max_features': 0.4821948047954266, 'bootstrap': True, 'max_samples': 0.99921299207323, 'oob_score': True}. Best is trial 997 with value: 0.8458886292722421.[0m
[32m[I 2022-04-21 12:43:46,930][0m Trial 999 finished with value: 0.8451677266929225 and parameters: {'n_estimators': 135, 'min_samples_split': 0.10073161931095392, 'min_samples_leaf': 0.06289041860087204, 'min_weight_fraction_leaf': 0.15696843840029745, 'max_features': 0.5244348239976154, 'bootstrap': True, 'max_samples': 0.9974062017460877, 'oob_score': False}. Best is trial 997 with value: 0.8458886292722421.[0m
[32m[I 2022-04-21 12:43:46,934][0m A new study created in memory with name: no-name-78d23db6-0084-4942-9d9e-a5dfea15117a[0m
[32m[I 2022-04-21 12:43:52,375][0m Trial 0 finished with value: 0.6139501367869995 and parameters: {'n_estimators': 746, 'min_samples_split': 0.11114154798899072, 'min_samples_leaf': 0.06900882478268672, 'min_weight_fraction_leaf': 0.31757571918906374, 'max_features': 0.06828919832481939, 'bootstrap': False, 'max_samples': 0.32886564050702194}. Best is trial 0 with value: 0.6139501367869995.[0m
[32m[I 2022-04-21 12:44:00,973][0m Trial 1 finished with value: 0.6439434310168857 and parameters: {'n_estimators': 917, 'min_samples_split': 0.4191507297473337, 'min_samples_leaf': 0.06349322295431044, 'min_weight_fraction_leaf': 0.34625087475340144, 'max_features': 0.7573388751386011, 'bootstrap': True, 'max_samples': 0.8124955093357298, 'oob_score': False}. Best is trial 1 with value: 0.6439434310168857.[0m
[32m[I 2022-04-21 12:44:04,148][0m Trial 2 finished with value: 0.5 and parameters: {'n_estimators': 311, 'min_samples_split': 0.19575442527776712, 'min_samples_leaf': 0.1947189557215465, 'min_weight_fraction_leaf': 0.4032393506599268, 'max_features': 0.8178933318968972, 'bootstrap': True, 'max_samples': 0.6046254539904133, 'oob_score': False}. Best is trial 1 with value: 0.6439434310168857.[0m
[32m[I 2022-04-21 12:44:06,223][0m Trial 3 finished with value: 0.5 and parameters: {'n_estimators': 133, 'min_samples_split': 0.37509170849239637, 'min_samples_leaf': 0.10599049982007776, 'min_weight_fraction_leaf': 0.48627715004399447, 'max_features': 0.026868573720999933, 'bootstrap': True, 'max_samples': 0.24982514322971727, 'oob_score': False}. Best is trial 1 with value: 0.6439434310168857.[0m
[32m[I 2022-04-21 12:44:08,642][0m Trial 4 finished with value: 0.5 and parameters: {'n_estimators': 128, 'min_samples_split': 0.2213441935495361, 'min_samples_leaf': 0.2535982686695526, 'min_weight_fraction_leaf': 0.18259165448779885, 'max_features': 0.42859650814961514, 'bootstrap': True, 'max_samples': 0.538866301975849, 'oob_score': True}. Best is trial 1 with value: 0.6439434310168857.[0m
[32m[I 2022-04-21 12:44:10,495][0m Trial 5 finished with value: 0.5 and parameters: {'n_estimators': 149, 'min_samples_split': 0.1063189544907795, 'min_samples_leaf': 0.06737496570738352, 'min_weight_fraction_leaf': 0.42903673998160397, 'max_features': 0.6025850202010034, 'bootstrap': False, 'max_samples': 0.08265271109958983}. Best is trial 1 with value: 0.6439434310168857.[0m
[32m[I 2022-04-21 12:44:12,723][0m Trial 6 finished with value: 0.5 and parameters: {'n_estimators': 104, 'min_samples_split': 0.2979972833613655, 'min_samples_leaf': 0.2600134927103446, 'min_weight_fraction_leaf': 0.395216709625699, 'max_features': 0.6070592351185077, 'bootstrap': True, 'max_samples': 0.09483196717676368, 'oob_score': True}. Best is trial 1 with value: 0.6439434310168857.[0m
[32m[I 2022-04-21 12:44:17,680][0m Trial 7 finished with value: 0.5 and parameters: {'n_estimators': 733, 'min_samples_split': 0.4685572655938361, 'min_samples_leaf': 0.4683249429771085, 'min_weight_fraction_leaf': 0.12547320877555596, 'max_features': 0.49818795395538007, 'bootstrap': False, 'max_samples': 0.9883408764918598}. Best is trial 1 with value: 0.6439434310168857.[0m
[32m[I 2022-04-21 12:44:21,246][0m Trial 8 finished with value: 0.5 and parameters: {'n_estimators': 331, 'min_samples_split': 0.29687593746713575, 'min_samples_leaf': 0.12874045385704053, 'min_weight_fraction_leaf': 0.396630668055758, 'max_features': 0.148387630785212, 'bootstrap': True, 'max_samples': 0.5651800294985267, 'oob_score': False}. Best is trial 1 with value: 0.6439434310168857.[0m
[32m[I 2022-04-21 12:44:23,869][0m Trial 9 finished with value: 0.5 and parameters: {'n_estimators': 265, 'min_samples_split': 0.19480257076456226, 'min_samples_leaf': 0.40402682869179823, 'min_weight_fraction_leaf': 0.3244275836203128, 'max_features': 0.18831001978850925, 'bootstrap': False, 'max_samples': 0.9897586350639859}. Best is trial 1 with value: 0.6439434310168857.[0m
[32m[I 2022-04-21 12:44:32,596][0m Trial 10 finished with value: 0.6846120670816875 and parameters: {'n_estimators': 973, 'min_samples_split': 0.4998122030301011, 'min_samples_leaf': 0.024162157465926003, 'min_weight_fraction_leaf': 0.03663729446834557, 'max_features': 0.9363213771299006, 'bootstrap': True, 'max_samples': 0.8202344918473065, 'oob_score': False}. Best is trial 10 with value: 0.6846120670816875.[0m
[32m[I 2022-04-21 12:44:42,342][0m Trial 11 finished with value: 0.6834067748204263 and parameters: {'n_estimators': 986, 'min_samples_split': 0.49515811443699265, 'min_samples_leaf': 0.00399053455426478, 'min_weight_fraction_leaf': 0.039191197560815294, 'max_features': 0.9887847588565255, 'bootstrap': True, 'max_samples': 0.7729309489015193, 'oob_score': False}. Best is trial 10 with value: 0.6846120670816875.[0m
