[32m[I 2022-04-21 13:09:11,967][0m Trial 273 finished with value: 0.6913932934108826 and parameters: {'n_estimators': 454, 'min_samples_split': 0.2605965495239841, 'min_samples_leaf': 0.03571899731560459, 'min_weight_fraction_leaf': 0.07813723725269595, 'max_features': 0.4340258296074929, 'bootstrap': True, 'max_samples': 0.5227137403178341, 'oob_score': True}. Best is trial 133 with value: 0.6927698539748809.[0m
[32m[I 2022-04-21 13:09:18,388][0m Trial 274 finished with value: 0.6879836371657623 and parameters: {'n_estimators': 490, 'min_samples_split': 0.2296914760463822, 'min_samples_leaf': 0.01141770105003902, 'min_weight_fraction_leaf': 0.06006415170626516, 'max_features': 0.5399299383235064, 'bootstrap': True, 'max_samples': 0.4992221334104171, 'oob_score': True}. Best is trial 133 with value: 0.6927698539748809.[0m
[32m[I 2022-04-21 13:09:24,512][0m Trial 275 finished with value: 0.6837132139510276 and parameters: {'n_estimators': 393, 'min_samples_split': 0.11110668042273528, 'min_samples_leaf': 0.011935316859128268, 'min_weight_fraction_leaf': 0.08633339073259289, 'max_features': 0.3980953512811556, 'bootstrap': True, 'max_samples': 0.5722643361352294, 'oob_score': True}. Best is trial 133 with value: 0.6927698539748809.[0m
[32m[I 2022-04-21 13:09:31,336][0m Trial 276 finished with value: 0.6918376911490542 and parameters: {'n_estimators': 417, 'min_samples_split': 0.2801151144943262, 'min_samples_leaf': 0.03636261800767045, 'min_weight_fraction_leaf': 0.09283618075619092, 'max_features': 0.5609826355598995, 'bootstrap': True, 'max_samples': 0.6068719701141051, 'oob_score': True}. Best is trial 133 with value: 0.6927698539748809.[0m
[32m[I 2022-04-21 13:09:36,344][0m Trial 277 finished with value: 0.6239283235970412 and parameters: {'n_estimators': 366, 'min_samples_split': 0.23441281610382814, 'min_samples_leaf': 0.18874139094869546, 'min_weight_fraction_leaf': 0.06870531404568596, 'max_features': 0.3867507259915604, 'bootstrap': True, 'max_samples': 0.5725114337393276, 'oob_score': True}. Best is trial 133 with value: 0.6927698539748809.[0m
[32m[I 2022-04-21 13:09:42,017][0m Trial 278 finished with value: 0.6838857695487109 and parameters: {'n_estimators': 461, 'min_samples_split': 0.294176430203679, 'min_samples_leaf': 0.03871067317120686, 'min_weight_fraction_leaf': 0.07625298863267328, 'max_features': 0.47186237490598654, 'bootstrap': True, 'max_samples': 0.5245415900711464, 'oob_score': True}. Best is trial 133 with value: 0.6927698539748809.[0m
[32m[I 2022-04-21 13:09:48,782][0m Trial 279 finished with value: 0.6866106333371634 and parameters: {'n_estimators': 444, 'min_samples_split': 0.28791624303514274, 'min_samples_leaf': 0.026421423877373344, 'min_weight_fraction_leaf': 0.10556784491399397, 'max_features': 0.5350391125246347, 'bootstrap': True, 'max_samples': 0.5406600007711965, 'oob_score': True}. Best is trial 133 with value: 0.6927698539748809.[0m
[32m[I 2022-04-21 13:09:54,822][0m Trial 280 finished with value: 0.6918376911490542 and parameters: {'n_estimators': 409, 'min_samples_split': 0.22733794779808156, 'min_samples_leaf': 0.0022765208113836276, 'min_weight_fraction_leaf': 0.09227296877711663, 'max_features': 0.545848577641744, 'bootstrap': True, 'max_samples': 0.6123890053067907, 'oob_score': True}. Best is trial 133 with value: 0.6927698539748809.[0m
[32m[I 2022-04-21 13:10:01,115][0m Trial 281 finished with value: 0.6811724195401818 and parameters: {'n_estimators': 432, 'min_samples_split': 0.23710839410971868, 'min_samples_leaf': 0.02493297056385846, 'min_weight_fraction_leaf': 0.12723261688462878, 'max_features': 0.6006369505826253, 'bootstrap': True, 'max_samples': 0.6360489996106703, 'oob_score': True}. Best is trial 133 with value: 0.6927698539748809.[0m
[32m[I 2022-04-21 13:10:08,106][0m Trial 282 finished with value: 0.6910687356732012 and parameters: {'n_estimators': 380, 'min_samples_split': 0.09643864807085949, 'min_samples_leaf': 0.009635926639979975, 'min_weight_fraction_leaf': 0.10164673425210631, 'max_features': 0.4501980816050313, 'bootstrap': True, 'max_samples': 0.6033896267320622, 'oob_score': True}. Best is trial 133 with value: 0.6927698539748809.[0m
[32m[I 2022-04-21 13:10:14,089][0m Trial 283 finished with value: 0.6916847125989719 and parameters: {'n_estimators': 408, 'min_samples_split': 0.20118568159021308, 'min_samples_leaf': 0.025337310624820336, 'min_weight_fraction_leaf': 0.08105910681524645, 'max_features': 0.4968691917284022, 'bootstrap': True, 'max_samples': 0.5959449479474555, 'oob_score': True}. Best is trial 133 with value: 0.6927698539748809.[0m
[32m[I 2022-04-21 13:10:19,549][0m Trial 284 finished with value: 0.6837524548079423 and parameters: {'n_estimators': 474, 'min_samples_split': 0.2578708502592293, 'min_samples_leaf': 0.043180157500944456, 'min_weight_fraction_leaf': 0.11624451488666689, 'max_features': 0.5856517043588103, 'bootstrap': True, 'max_samples': 0.4905695259478333, 'oob_score': True}. Best is trial 133 with value: 0.6927698539748809.[0m
[32m[I 2022-04-21 13:10:26,641][0m Trial 285 finished with value: 0.6918377741282266 and parameters: {'n_estimators': 450, 'min_samples_split': 0.21730965207603176, 'min_samples_leaf': 0.02811466577072335, 'min_weight_fraction_leaf': 0.06274495331907082, 'max_features': 0.5758278558634644, 'bootstrap': True, 'max_samples': 0.5308074642186047, 'oob_score': True}. Best is trial 133 with value: 0.6927698539748809.[0m
[32m[I 2022-04-21 13:10:31,280][0m Trial 286 finished with value: 0.6803590175382221 and parameters: {'n_estimators': 441, 'min_samples_split': 0.2183158699984063, 'min_samples_leaf': 0.013611851179773291, 'min_weight_fraction_leaf': 0.04938691680504431, 'max_features': 0.4229685440881453, 'bootstrap': False, 'max_samples': 0.5617348187125656}. Best is trial 133 with value: 0.6927698539748809.[0m
[32m[I 2022-04-21 13:10:38,878][0m Trial 287 finished with value: 0.6863597263149782 and parameters: {'n_estimators': 519, 'min_samples_split': 0.2547760401624998, 'min_samples_leaf': 0.03136747724509, 'min_weight_fraction_leaf': 0.0363982764507837, 'max_features': 0.48188069810397666, 'bootstrap': True, 'max_samples': 0.47786340007314526, 'oob_score': True}. Best is trial 133 with value: 0.6927698539748809.[0m
[32m[I 2022-04-21 13:10:45,229][0m Trial 288 finished with value: 0.6882836984083152 and parameters: {'n_estimators': 484, 'min_samples_split': 0.2492305596863176, 'min_samples_leaf': 0.019532871538628507, 'min_weight_fraction_leaf': 0.05972705428547717, 'max_features': 0.6111556614113796, 'bootstrap': True, 'max_samples': 0.2965944364983344, 'oob_score': True}. Best is trial 133 with value: 0.6927698539748809.[0m
[32m[I 2022-04-21 13:10:51,665][0m Trial 289 finished with value: 0.687932709835687 and parameters: {'n_estimators': 423, 'min_samples_split': 0.277402538608191, 'min_samples_leaf': 0.017628018075761313, 'min_weight_fraction_leaf': 0.06694016902921626, 'max_features': 0.5753427076456183, 'bootstrap': True, 'max_samples': 0.5811189935700314, 'oob_score': True}. Best is trial 133 with value: 0.6927698539748809.[0m
[32m[I 2022-04-21 13:10:57,441][0m Trial 290 finished with value: 0.6835800626875715 and parameters: {'n_estimators': 382, 'min_samples_split': 0.24516077263405955, 'min_samples_leaf': 0.026843586879361017, 'min_weight_fraction_leaf': 0.09749562192529267, 'max_features': 0.6211887916589488, 'bootstrap': True, 'max_samples': 0.6185109442242197, 'oob_score': True}. Best is trial 133 with value: 0.6927698539748809.[0m
[32m[I 2022-04-21 13:11:03,242][0m Trial 291 finished with value: 0.6898160058951178 and parameters: {'n_estimators': 459, 'min_samples_split': 0.12570663476149993, 'min_samples_leaf': 0.033420541369735025, 'min_weight_fraction_leaf': 0.05291257885851533, 'max_features': 0.5574822727158955, 'bootstrap': True, 'max_samples': 0.5245784074703975, 'oob_score': True}. Best is trial 133 with value: 0.6927698539748809.[0m
[32m[I 2022-04-21 13:11:09,717][0m Trial 292 finished with value: 0.6886551824734533 and parameters: {'n_estimators': 421, 'min_samples_split': 0.209786769339536, 'min_samples_leaf': 0.007947226500101379, 'min_weight_fraction_leaf': 0.07637223460024915, 'max_features': 0.5874277045802131, 'bootstrap': True, 'max_samples': 0.6742958943690824, 'oob_score': True}. Best is trial 133 with value: 0.6927698539748809.[0m
[32m[I 2022-04-21 13:11:15,599][0m Trial 293 finished with value: 0.6913987207388368 and parameters: {'n_estimators': 450, 'min_samples_split': 0.21976259658375036, 'min_samples_leaf': 0.01257770338653997, 'min_weight_fraction_leaf': 0.06494690878496999, 'max_features': 0.5272323398830413, 'bootstrap': True, 'max_samples': 0.5457394271606597, 'oob_score': True}. Best is trial 133 with value: 0.6927698539748809.[0m
[32m[I 2022-04-21 13:11:21,870][0m Trial 294 finished with value: 0.6918376911490542 and parameters: {'n_estimators': 431, 'min_samples_split': 0.004138894013025862, 'min_samples_leaf': 0.019977320406745408, 'min_weight_fraction_leaf': 0.08494222690830229, 'max_features': 0.40671525896516886, 'bootstrap': True, 'max_samples': 0.5531911850812397, 'oob_score': True}. Best is trial 133 with value: 0.6927698539748809.[0m
[32m[I 2022-04-21 13:11:26,692][0m Trial 295 finished with value: 0.5404201979316425 and parameters: {'n_estimators': 355, 'min_samples_split': 0.0033248991516169456, 'min_samples_leaf': 0.2052779881979936, 'min_weight_fraction_leaf': 0.07504610868057793, 'max_features': 0.44242306901965944, 'bootstrap': True, 'max_samples': 0.5672838630692839, 'oob_score': True}. Best is trial 133 with value: 0.6927698539748809.[0m
[32m[I 2022-04-21 13:11:32,473][0m Trial 296 finished with value: 0.6828843081046527 and parameters: {'n_estimators': 408, 'min_samples_split': 0.20933192852003638, 'min_samples_leaf': 0.00148262716875562, 'min_weight_fraction_leaf': 0.08947032249899745, 'max_features': 0.6548001495078215, 'bootstrap': True, 'max_samples': 0.6588771839976544, 'oob_score': True}. Best is trial 133 with value: 0.6927698539748809.[0m
[32m[I 2022-04-21 13:11:40,180][0m Trial 297 finished with value: 0.6908393296083172 and parameters: {'n_estimators': 499, 'min_samples_split': 0.023420805118379205, 'min_samples_leaf': 0.05706850782721169, 'min_weight_fraction_leaf': 0.04314711848673589, 'max_features': 0.48599474739946064, 'bootstrap': True, 'max_samples': 0.52546809339195, 'oob_score': True}. Best is trial 133 with value: 0.6927698539748809.[0m
[32m[I 2022-04-21 13:11:46,075][0m Trial 298 finished with value: 0.6824792177972108 and parameters: {'n_estimators': 437, 'min_samples_split': 0.242840154496592, 'min_samples_leaf': 0.018041234716943723, 'min_weight_fraction_leaf': 0.10435787608007475, 'max_features': 0.600466807542265, 'bootstrap': True, 'max_samples': 0.543035879824268, 'oob_score': True}. Best is trial 133 with value: 0.6927698539748809.[0m
[32m[I 2022-04-21 13:11:52,304][0m Trial 299 finished with value: 0.6839222963018893 and parameters: {'n_estimators': 465, 'min_samples_split': 0.3067306603618508, 'min_samples_leaf': 0.039759652640199566, 'min_weight_fraction_leaf': 0.057730543600239964, 'max_features': 0.5023039151316631, 'bootstrap': True, 'max_samples': 0.5094032824904267, 'oob_score': True}. Best is trial 133 with value: 0.6927698539748809.[0m
[32m[I 2022-04-21 13:11:58,665][0m Trial 300 finished with value: 0.6934243767147212 and parameters: {'n_estimators': 459, 'min_samples_split': 0.18467825341321698, 'min_samples_leaf': 0.04699727112062129, 'min_weight_fraction_leaf': 0.07337420256114444, 'max_features': 0.5718629355926849, 'bootstrap': True, 'max_samples': 0.5019559594718508, 'oob_score': True}. Best is trial 300 with value: 0.6934243767147212.[0m
[32m[I 2022-04-21 13:12:05,472][0m Trial 301 finished with value: 0.6923750386023839 and parameters: {'n_estimators': 478, 'min_samples_split': 0.22616855845402956, 'min_samples_leaf': 0.026064475234716625, 'min_weight_fraction_leaf': 0.06679858092001043, 'max_features': 0.5612489659293721, 'bootstrap': True, 'max_samples': 0.49624093631001126, 'oob_score': True}. Best is trial 300 with value: 0.6934243767147212.[0m
[32m[I 2022-04-21 13:12:12,043][0m Trial 302 finished with value: 0.6908395814759866 and parameters: {'n_estimators': 491, 'min_samples_split': 0.18109394198920947, 'min_samples_leaf': 0.04900704579873773, 'min_weight_fraction_leaf': 0.05407942303129735, 'max_features': 0.5710279435456292, 'bootstrap': True, 'max_samples': 0.45096384634330455, 'oob_score': True}. Best is trial 300 with value: 0.6934243767147212.[0m
[32m[I 2022-04-21 13:12:19,656][0m Trial 303 finished with value: 0.6917246073053694 and parameters: {'n_estimators': 474, 'min_samples_split': 0.22277049388842127, 'min_samples_leaf': 0.01763158726275221, 'min_weight_fraction_leaf': 0.06628207352289417, 'max_features': 0.5881079245729615, 'bootstrap': True, 'max_samples': 0.4978699660466225, 'oob_score': True}. Best is trial 300 with value: 0.6934243767147212.[0m
[32m[I 2022-04-21 13:12:26,096][0m Trial 304 finished with value: 0.5 and parameters: {'n_estimators': 505, 'min_samples_split': 0.23394194032843776, 'min_samples_leaf': 0.010800022729855923, 'min_weight_fraction_leaf': 0.32267612112897964, 'max_features': 0.5633946067253067, 'bootstrap': True, 'max_samples': 0.48348870646663866, 'oob_score': True}. Best is trial 300 with value: 0.6934243767147212.[0m
[32m[I 2022-04-21 13:12:33,029][0m Trial 305 finished with value: 0.6880235318721598 and parameters: {'n_estimators': 454, 'min_samples_split': 0.2301188536491679, 'min_samples_leaf': 0.02885925669953535, 'min_weight_fraction_leaf': 0.06874800025379303, 'max_features': 0.5658658851800739, 'bootstrap': True, 'max_samples': 0.6091821457223023, 'oob_score': True}. Best is trial 300 with value: 0.6934243767147212.[0m
[32m[I 2022-04-21 13:12:37,888][0m Trial 306 finished with value: 0.6824378225851253 and parameters: {'n_estimators': 529, 'min_samples_split': 0.2394631941740147, 'min_samples_leaf': 0.01591780189006796, 'min_weight_fraction_leaf': 0.07803213866275194, 'max_features': 0.6000104868302355, 'bootstrap': False, 'max_samples': 0.5069296827428127}. Best is trial 300 with value: 0.6934243767147212.[0m
[32m[I 2022-04-21 13:12:43,271][0m Trial 307 finished with value: 0.6869959855693432 and parameters: {'n_estimators': 396, 'min_samples_split': 0.27389908689521975, 'min_samples_leaf': 0.03119485669885487, 'min_weight_fraction_leaf': 0.06104592854708042, 'max_features': 0.4584382294539824, 'bootstrap': True, 'max_samples': 0.48377037984345916, 'oob_score': True}. Best is trial 300 with value: 0.6934243767147212.[0m
[32m[I 2022-04-21 13:12:49,458][0m Trial 308 finished with value: 0.6849568330270827 and parameters: {'n_estimators': 480, 'min_samples_split': 0.19039061804262422, 'min_samples_leaf': 0.038119955235142, 'min_weight_fraction_leaf': 0.04781164129935915, 'max_features': 0.3832579688198821, 'bootstrap': True, 'max_samples': 0.5251672667620899, 'oob_score': True}. Best is trial 300 with value: 0.6934243767147212.[0m
[32m[I 2022-04-21 13:12:54,471][0m Trial 309 finished with value: 0.5 and parameters: {'n_estimators': 443, 'min_samples_split': 0.22433959673671697, 'min_samples_leaf': 0.009403924352257006, 'min_weight_fraction_leaf': 0.07132429255510395, 'max_features': 0.5300711949268048, 'bootstrap': True, 'max_samples': 0.006453755986576659, 'oob_score': True}. Best is trial 300 with value: 0.6934243767147212.[0m
[32m[I 2022-04-21 13:13:00,951][0m Trial 310 finished with value: 0.6926828222720396 and parameters: {'n_estimators': 406, 'min_samples_split': 0.030513371750721562, 'min_samples_leaf': 0.0013273849145787186, 'min_weight_fraction_leaf': 0.0814805128645774, 'max_features': 0.544207783350646, 'bootstrap': True, 'max_samples': 0.5367982152470334, 'oob_score': True}. Best is trial 300 with value: 0.6934243767147212.[0m
[32m[I 2022-04-21 13:13:07,326][0m Trial 311 finished with value: 0.6937606142018236 and parameters: {'n_estimators': 468, 'min_samples_split': 0.026124581878327932, 'min_samples_leaf': 0.002635869050081335, 'min_weight_fraction_leaf': 0.07569141017038439, 'max_features': 0.5390229967369042, 'bootstrap': True, 'max_samples': 0.503450186518925, 'oob_score': True}. Best is trial 311 with value: 0.6937606142018236.[0m
[32m[I 2022-04-21 13:13:12,948][0m Trial 312 finished with value: 0.6904317179460195 and parameters: {'n_estimators': 364, 'min_samples_split': 0.038470624585915145, 'min_samples_leaf': 0.044700263081432996, 'min_weight_fraction_leaf': 0.05770842480612216, 'max_features': 0.54125141055193, 'bootstrap': True, 'max_samples': 0.5293048629592647, 'oob_score': True}. Best is trial 311 with value: 0.6937606142018236.[0m
[32m[I 2022-04-21 13:13:20,800][0m Trial 313 finished with value: 0.6937606142018236 and parameters: {'n_estimators': 469, 'min_samples_split': 0.026353654845084958, 'min_samples_leaf': 0.023908874374432097, 'min_weight_fraction_leaf': 0.07369424126749868, 'max_features': 0.46088252097583265, 'bootstrap': True, 'max_samples': 0.4622570395869076, 'oob_score': True}. Best is trial 311 with value: 0.6937606142018236.[0m
[32m[I 2022-04-21 13:13:27,842][0m Trial 314 finished with value: 0.6853787765632041 and parameters: {'n_estimators': 517, 'min_samples_split': 0.05140038162808422, 'min_samples_leaf': 0.02482380268541626, 'min_weight_fraction_leaf': 0.03091352530724774, 'max_features': 0.6260722593494292, 'bootstrap': True, 'max_samples': 0.49784502250164475, 'oob_score': True}. Best is trial 311 with value: 0.6937606142018236.[0m
[32m[I 2022-04-21 13:13:35,280][0m Trial 315 finished with value: 0.6937606142018236 and parameters: {'n_estimators': 474, 'min_samples_split': 0.025501247401566438, 'min_samples_leaf': 0.001979730028944427, 'min_weight_fraction_leaf': 0.07279432422470654, 'max_features': 0.5418570817767142, 'bootstrap': True, 'max_samples': 0.46634739804036107, 'oob_score': True}. Best is trial 311 with value: 0.6937606142018236.[0m
[32m[I 2022-04-21 13:13:42,628][0m Trial 316 finished with value: 0.694162301233219 and parameters: {'n_estimators': 493, 'min_samples_split': 0.024785277550295144, 'min_samples_leaf': 0.0013278355059115287, 'min_weight_fraction_leaf': 0.06479230391766037, 'max_features': 0.5733522785869413, 'bootstrap': True, 'max_samples': 0.4561712293040897, 'oob_score': True}. Best is trial 316 with value: 0.694162301233219.[0m
[32m[I 2022-04-21 13:13:49,378][0m Trial 317 finished with value: 0.691736773188031 and parameters: {'n_estimators': 507, 'min_samples_split': 0.028677075521491867, 'min_samples_leaf': 0.01695492189817831, 'min_weight_fraction_leaf': 0.04909797685162792, 'max_features': 0.585795593758021, 'bootstrap': True, 'max_samples': 0.42053686124246453, 'oob_score': True}. Best is trial 316 with value: 0.694162301233219.[0m
[32m[I 2022-04-21 13:13:56,043][0m Trial 318 finished with value: 0.6923988972416659 and parameters: {'n_estimators': 479, 'min_samples_split': 0.016140977021964726, 'min_samples_leaf': 0.03483471211965003, 'min_weight_fraction_leaf': 0.06173278640838766, 'max_features': 0.5780860701250522, 'bootstrap': True, 'max_samples': 0.4590503154415532, 'oob_score': True}. Best is trial 316 with value: 0.694162301233219.[0m
[32m[I 2022-04-21 13:14:03,712][0m Trial 319 finished with value: 0.6866911185744482 and parameters: {'n_estimators': 530, 'min_samples_split': 0.01690949032598148, 'min_samples_leaf': 0.0010816871469749058, 'min_weight_fraction_leaf': 0.03920598585662534, 'max_features': 0.5421368335693699, 'bootstrap': True, 'max_samples': 0.46020432724345545, 'oob_score': True}. Best is trial 316 with value: 0.694162301233219.[0m
[32m[I 2022-04-21 13:14:11,599][0m Trial 320 finished with value: 0.5 and parameters: {'n_estimators': 490, 'min_samples_split': 0.037388887602191605, 'min_samples_leaf': 0.33483286134574797, 'min_weight_fraction_leaf': 0.06143297671752499, 'max_features': 0.6157962238473224, 'bootstrap': True, 'max_samples': 0.4501325675681838, 'oob_score': True}. Best is trial 316 with value: 0.694162301233219.[0m
[32m[I 2022-04-21 13:14:18,794][0m Trial 321 finished with value: 0.5 and parameters: {'n_estimators': 499, 'min_samples_split': 0.016036844623065233, 'min_samples_leaf': 0.37470175906231273, 'min_weight_fraction_leaf': 0.05495181218428587, 'max_features': 0.5799034145836189, 'bootstrap': True, 'max_samples': 0.44093438443625277, 'oob_score': True}. Best is trial 316 with value: 0.694162301233219.[0m
[32m[I 2022-04-21 13:14:24,980][0m Trial 322 finished with value: 0.694845396553984 and parameters: {'n_estimators': 481, 'min_samples_split': 0.02929466122367616, 'min_samples_leaf': 0.010590877929262117, 'min_weight_fraction_leaf': 0.06608236558631253, 'max_features': 0.5638803815595117, 'bootstrap': True, 'max_samples': 0.4298473693848863, 'oob_score': True}. Best is trial 322 with value: 0.694845396553984.[0m
[32m[I 2022-04-21 13:14:31,919][0m Trial 323 finished with value: 0.6927351347287682 and parameters: {'n_estimators': 476, 'min_samples_split': 0.03140224196303287, 'min_samples_leaf': 0.023596296797290493, 'min_weight_fraction_leaf': 0.050031175926978255, 'max_features': 0.4256964435400899, 'bootstrap': True, 'max_samples': 0.43886868464549994, 'oob_score': True}. Best is trial 322 with value: 0.694845396553984.[0m
[32m[I 2022-04-21 13:14:40,688][0m Trial 324 finished with value: 0.6930661967555857 and parameters: {'n_estimators': 531, 'min_samples_split': 0.031073042309296233, 'min_samples_leaf': 0.011644673758093815, 'min_weight_fraction_leaf': 0.040442559560027395, 'max_features': 0.576630023369144, 'bootstrap': True, 'max_samples': 0.3821405943930407, 'oob_score': True}. Best is trial 322 with value: 0.694845396553984.[0m
