[32m[I 2022-04-21 14:33:41,009][0m Trial 897 finished with value: 0.6944227382554584 and parameters: {'n_estimators': 920, 'min_samples_split': 0.0565008714593571, 'min_samples_leaf': 0.022618635578147025, 'min_weight_fraction_leaf': 0.06918588759813557, 'max_features': 0.4299817976642689, 'bootstrap': True, 'max_samples': 0.4258401502104877, 'oob_score': False}. Best is trial 530 with value: 0.696197846611031.[0m
[32m[I 2022-04-21 14:33:43,914][0m Trial 898 finished with value: 0.6823259866244589 and parameters: {'n_estimators': 213, 'min_samples_split': 0.010606278630192657, 'min_samples_leaf': 0.03467851667092531, 'min_weight_fraction_leaf': 0.05384628541597351, 'max_features': 0.38907562663272266, 'bootstrap': True, 'max_samples': 0.8776091447316422, 'oob_score': False}. Best is trial 530 with value: 0.696197846611031.[0m
[32m[I 2022-04-21 14:33:52,791][0m Trial 899 finished with value: 0.6557168014333278 and parameters: {'n_estimators': 1000, 'min_samples_split': 0.04362947028800017, 'min_samples_leaf': 0.010336369592548824, 'min_weight_fraction_leaf': 0.20079495911671702, 'max_features': 0.5174517052027036, 'bootstrap': True, 'max_samples': 0.41482913795491766, 'oob_score': False}. Best is trial 530 with value: 0.696197846611031.[0m
[32m[I 2022-04-21 14:33:59,520][0m Trial 900 finished with value: 0.6860666581228035 and parameters: {'n_estimators': 835, 'min_samples_split': 0.02653543280486067, 'min_samples_leaf': 0.018329437318413196, 'min_weight_fraction_leaf': 0.09756315844881328, 'max_features': 0.4678537526237325, 'bootstrap': True, 'max_samples': 0.4645956538626409, 'oob_score': False}. Best is trial 530 with value: 0.696197846611031.[0m
[32m[I 2022-04-21 14:34:06,293][0m Trial 901 finished with value: 0.6918621315988583 and parameters: {'n_estimators': 771, 'min_samples_split': 0.01895601800826684, 'min_samples_leaf': 0.009955262965682712, 'min_weight_fraction_leaf': 0.07789932237369919, 'max_features': 0.4994200302651818, 'bootstrap': True, 'max_samples': 0.44072547630846015, 'oob_score': False}. Best is trial 530 with value: 0.696197846611031.[0m
[32m[I 2022-04-21 14:34:11,811][0m Trial 902 finished with value: -1.0 and parameters: {'n_estimators': 711, 'min_samples_split': 0.009894797454711885, 'min_samples_leaf': 0.45127194486473143, 'min_weight_fraction_leaf': 0.047269302594930944, 'max_features': 0.44565223546609956, 'bootstrap': True, 'max_samples': 0.002253128371687896, 'oob_score': False}. Best is trial 530 with value: 0.696197846611031.[0m
[32m[I 2022-04-21 14:34:19,688][0m Trial 903 finished with value: 0.693429552175006 and parameters: {'n_estimators': 868, 'min_samples_split': 0.036571691696724265, 'min_samples_leaf': 0.02700423868582061, 'min_weight_fraction_leaf': 0.06543294701802904, 'max_features': 0.5494105547369144, 'bootstrap': True, 'max_samples': 0.38468936625677697, 'oob_score': False}. Best is trial 530 with value: 0.696197846611031.[0m
[32m[I 2022-04-21 14:34:27,176][0m Trial 904 finished with value: 0.5 and parameters: {'n_estimators': 932, 'min_samples_split': 0.021050132876353857, 'min_samples_leaf': 0.04037479112957007, 'min_weight_fraction_leaf': 0.09013594985500775, 'max_features': 0.5261919371757564, 'bootstrap': True, 'max_samples': 0.038608669761561965, 'oob_score': False}. Best is trial 530 with value: 0.696197846611031.[0m
[32m[I 2022-04-21 14:34:34,919][0m Trial 905 finished with value: 0.6933521886157207 and parameters: {'n_estimators': 819, 'min_samples_split': 0.010282730356054814, 'min_samples_leaf': 0.0010747046120792934, 'min_weight_fraction_leaf': 0.05847840967139606, 'max_features': 0.48215592236865906, 'bootstrap': True, 'max_samples': 0.43001872679205927, 'oob_score': False}. Best is trial 530 with value: 0.696197846611031.[0m
[32m[I 2022-04-21 14:34:43,408][0m Trial 906 finished with value: 0.6944227382554584 and parameters: {'n_estimators': 887, 'min_samples_split': 0.0013682143724705258, 'min_samples_leaf': 0.019611466855492483, 'min_weight_fraction_leaf': 0.07133158982099086, 'max_features': 0.45814369761778484, 'bootstrap': True, 'max_samples': 0.4833477120923007, 'oob_score': False}. Best is trial 530 with value: 0.696197846611031.[0m
[32m[I 2022-04-21 14:34:49,975][0m Trial 907 finished with value: 0.6921372159341457 and parameters: {'n_estimators': 672, 'min_samples_split': 0.026700546241900793, 'min_samples_leaf': 0.0339733556415818, 'min_weight_fraction_leaf': 0.08080776127959796, 'max_features': 0.510658065801909, 'bootstrap': True, 'max_samples': 0.4531330674051411, 'oob_score': False}. Best is trial 530 with value: 0.696197846611031.[0m
[32m[I 2022-04-21 14:34:57,019][0m Trial 908 finished with value: 0.692434599300081 and parameters: {'n_estimators': 751, 'min_samples_split': 0.01853478116414168, 'min_samples_leaf': 0.022552929111678915, 'min_weight_fraction_leaf': 0.046080952055674654, 'max_features': 0.42412738562780167, 'bootstrap': True, 'max_samples': 0.40940164444458177, 'oob_score': False}. Best is trial 530 with value: 0.696197846611031.[0m
[32m[I 2022-04-21 14:35:04,381][0m Trial 909 finished with value: 0.696197846611031 and parameters: {'n_estimators': 803, 'min_samples_split': 0.03655338716630301, 'min_samples_leaf': 0.00987734417088298, 'min_weight_fraction_leaf': 0.06603359564091102, 'max_features': 0.49196950344833534, 'bootstrap': True, 'max_samples': 0.43532819261170247, 'oob_score': False}. Best is trial 530 with value: 0.696197846611031.[0m
[32m[I 2022-04-21 14:35:11,777][0m Trial 910 finished with value: 0.6930984901481886 and parameters: {'n_estimators': 821, 'min_samples_split': 0.05131950957425633, 'min_samples_leaf': 0.03763492457613724, 'min_weight_fraction_leaf': 0.05675089861235158, 'max_features': 0.4710986398909195, 'bootstrap': True, 'max_samples': 0.3730818288772662, 'oob_score': False}. Best is trial 530 with value: 0.696197846611031.[0m
[32m[I 2022-04-21 14:35:19,947][0m Trial 911 finished with value: 0.6933239866659435 and parameters: {'n_estimators': 855, 'min_samples_split': 0.06469957552156705, 'min_samples_leaf': 0.026832647114144455, 'min_weight_fraction_leaf': 0.04992405996100036, 'max_features': 0.4886671154996451, 'bootstrap': True, 'max_samples': 0.4114966281415349, 'oob_score': False}. Best is trial 530 with value: 0.696197846611031.[0m
[32m[I 2022-04-21 14:35:27,179][0m Trial 912 finished with value: 0.5 and parameters: {'n_estimators': 820, 'min_samples_split': 0.042732143789281245, 'min_samples_leaf': 0.2624741139809637, 'min_weight_fraction_leaf': 0.06355533119307366, 'max_features': 0.45687411231213476, 'bootstrap': True, 'max_samples': 0.3937885640607398, 'oob_score': False}. Best is trial 530 with value: 0.696197846611031.[0m
[32m[I 2022-04-21 14:35:37,694][0m Trial 913 finished with value: 0.6893205486061738 and parameters: {'n_estimators': 792, 'min_samples_split': 0.011850324476171755, 'min_samples_leaf': 0.018896474222093815, 'min_weight_fraction_leaf': 0.038268350648047955, 'max_features': 0.4916264349399403, 'bootstrap': True, 'max_samples': 0.4265214736569627, 'oob_score': True}. Best is trial 530 with value: 0.696197846611031.[0m
[32m[I 2022-04-21 14:35:45,285][0m Trial 914 finished with value: 0.6813979227770244 and parameters: {'n_estimators': 861, 'min_samples_split': 0.05433976402209909, 'min_samples_leaf': 0.009815090755084981, 'min_weight_fraction_leaf': 0.06426603765816696, 'max_features': 0.4452710980426989, 'bootstrap': False, 'max_samples': 0.46369717821304274}. Best is trial 530 with value: 0.696197846611031.[0m
[32m[I 2022-04-21 14:35:52,760][0m Trial 915 finished with value: 0.6200786636623277 and parameters: {'n_estimators': 907, 'min_samples_split': 0.3978764936691725, 'min_samples_leaf': 0.01039005378417061, 'min_weight_fraction_leaf': 0.05404459560968011, 'max_features': 0.411470725873506, 'bootstrap': True, 'max_samples': 0.43123023092535895, 'oob_score': False}. Best is trial 530 with value: 0.696197846611031.[0m
[32m[I 2022-04-21 14:36:00,928][0m Trial 916 finished with value: 0.6871722257943402 and parameters: {'n_estimators': 960, 'min_samples_split': 0.03715030534386926, 'min_samples_leaf': 0.030841891828072922, 'min_weight_fraction_leaf': 0.07928951844591126, 'max_features': 0.4706240602728433, 'bootstrap': True, 'max_samples': 0.39767000333789776, 'oob_score': False}. Best is trial 530 with value: 0.696197846611031.[0m
[32m[I 2022-04-21 14:36:12,708][0m Trial 917 finished with value: 0.6882934876651793 and parameters: {'n_estimators': 792, 'min_samples_split': 0.009651227184715932, 'min_samples_leaf': 0.03789445927724229, 'min_weight_fraction_leaf': 0.042994697781357824, 'max_features': 0.4932301657955187, 'bootstrap': True, 'max_samples': 0.47423676866015246, 'oob_score': True}. Best is trial 530 with value: 0.696197846611031.[0m
[32m[I 2022-04-21 14:36:20,006][0m Trial 918 finished with value: 0.6955005301852422 and parameters: {'n_estimators': 860, 'min_samples_split': 0.05045084370696533, 'min_samples_leaf': 0.018880895718755706, 'min_weight_fraction_leaf': 0.06862696491051115, 'max_features': 0.43413776346488053, 'bootstrap': True, 'max_samples': 0.4439108088808682, 'oob_score': False}. Best is trial 530 with value: 0.696197846611031.[0m
[32m[I 2022-04-21 14:36:27,638][0m Trial 919 finished with value: 0.6863130043508707 and parameters: {'n_estimators': 861, 'min_samples_split': 0.05867312664530701, 'min_samples_leaf': 0.044367533166204, 'min_weight_fraction_leaf': 0.05816497469553571, 'max_features': 0.39755435786766224, 'bootstrap': True, 'max_samples': 0.4163626628707489, 'oob_score': False}. Best is trial 530 with value: 0.696197846611031.[0m
[32m[I 2022-04-21 14:36:41,303][0m Trial 920 finished with value: 0.6944227382554584 and parameters: {'n_estimators': 896, 'min_samples_split': 0.05278402991081097, 'min_samples_leaf': 0.02839806469705025, 'min_weight_fraction_leaf': 0.06599001628397765, 'max_features': 0.4334671963572352, 'bootstrap': True, 'max_samples': 0.4494258390133254, 'oob_score': True}. Best is trial 530 with value: 0.696197846611031.[0m
[32m[I 2022-04-21 14:36:47,628][0m Trial 921 finished with value: 0.5 and parameters: {'n_estimators': 841, 'min_samples_split': 0.04520811802106951, 'min_samples_leaf': 0.21183480499511964, 'min_weight_fraction_leaf': 0.330578418944094, 'max_features': 0.37809066555783877, 'bootstrap': True, 'max_samples': 0.4280877615302396, 'oob_score': False}. Best is trial 530 with value: 0.696197846611031.[0m
[32m[I 2022-04-21 14:36:58,553][0m Trial 922 finished with value: 0.6933451981933441 and parameters: {'n_estimators': 892, 'min_samples_split': 0.060649615263188066, 'min_samples_leaf': 0.025760013738111046, 'min_weight_fraction_leaf': 0.051295134424082976, 'max_features': 0.4176294515475726, 'bootstrap': True, 'max_samples': 0.3903454038334443, 'oob_score': True}. Best is trial 530 with value: 0.696197846611031.[0m
[32m[I 2022-04-21 14:37:06,716][0m Trial 923 finished with value: 0.5 and parameters: {'n_estimators': 945, 'min_samples_split': 0.06754079098596642, 'min_samples_leaf': 0.28448691471441423, 'min_weight_fraction_leaf': 0.03870893508761958, 'max_features': 0.4364101033255914, 'bootstrap': True, 'max_samples': 0.5003139444446404, 'oob_score': False}. Best is trial 530 with value: 0.696197846611031.[0m
[32m[I 2022-04-21 14:37:14,570][0m Trial 924 finished with value: 0.6858629183378036 and parameters: {'n_estimators': 848, 'min_samples_split': 0.04623162258841619, 'min_samples_leaf': 0.03855307874209381, 'min_weight_fraction_leaf': 0.06705526901770358, 'max_features': 0.3666952031857962, 'bootstrap': True, 'max_samples': 0.46244961491172026, 'oob_score': False}. Best is trial 530 with value: 0.696197846611031.[0m
[32m[I 2022-04-21 14:37:27,866][0m Trial 925 finished with value: 0.6940634742788638 and parameters: {'n_estimators': 926, 'min_samples_split': 0.08516099859351475, 'min_samples_leaf': 0.02189927513763283, 'min_weight_fraction_leaf': 0.057307142383306295, 'max_features': 0.4017814608372777, 'bootstrap': True, 'max_samples': 0.4103796012841938, 'oob_score': True}. Best is trial 530 with value: 0.696197846611031.[0m
[32m[I 2022-04-21 14:37:35,185][0m Trial 926 finished with value: 0.5 and parameters: {'n_estimators': 881, 'min_samples_split': 0.07449308988159786, 'min_samples_leaf': 0.3562024996108343, 'min_weight_fraction_leaf': 0.08126784341221252, 'max_features': 0.4405053081812335, 'bootstrap': True, 'max_samples': 0.36838694714325615, 'oob_score': False}. Best is trial 530 with value: 0.696197846611031.[0m
[32m[I 2022-04-21 14:37:42,639][0m Trial 927 finished with value: 0.6933521886157207 and parameters: {'n_estimators': 821, 'min_samples_split': 0.04074590985607274, 'min_samples_leaf': 0.04736170294464685, 'min_weight_fraction_leaf': 0.04891753736252552, 'max_features': 0.45625840250874233, 'bootstrap': True, 'max_samples': 0.4276310108942514, 'oob_score': False}. Best is trial 530 with value: 0.696197846611031.[0m
[32m[I 2022-04-21 14:37:53,463][0m Trial 928 finished with value: 0.5 and parameters: {'n_estimators': 906, 'min_samples_split': 0.05053222302591811, 'min_samples_leaf': 0.03203639276330619, 'min_weight_fraction_leaf': 0.412466162653536, 'max_features': 0.41809836939120554, 'bootstrap': True, 'max_samples': 0.4818696302565283, 'oob_score': True}. Best is trial 530 with value: 0.696197846611031.[0m
[32m[I 2022-04-21 14:38:00,971][0m Trial 929 finished with value: 0.6955005301852422 and parameters: {'n_estimators': 842, 'min_samples_split': 0.03641845962289947, 'min_samples_leaf': 0.017643469010408377, 'min_weight_fraction_leaf': 0.06970331183130304, 'max_features': 0.4634039684158053, 'bootstrap': True, 'max_samples': 0.4428487348134943, 'oob_score': False}. Best is trial 530 with value: 0.696197846611031.[0m
[32m[I 2022-04-21 14:38:09,093][0m Trial 930 finished with value: 0.6902308092354663 and parameters: {'n_estimators': 877, 'min_samples_split': 0.04939920940168764, 'min_samples_leaf': 0.016060475648171573, 'min_weight_fraction_leaf': 0.09108743883919615, 'max_features': 0.4402450900331699, 'bootstrap': True, 'max_samples': 0.5172847951101024, 'oob_score': False}. Best is trial 530 with value: 0.696197846611031.[0m
[32m[I 2022-04-21 14:38:15,664][0m Trial 931 finished with value: 0.6834147806689485 and parameters: {'n_estimators': 847, 'min_samples_split': 0.04189935582138499, 'min_samples_leaf': 0.0271870359272619, 'min_weight_fraction_leaf': 0.11554406985534588, 'max_features': 0.45879566280539985, 'bootstrap': True, 'max_samples': 0.48916624620051724, 'oob_score': False}. Best is trial 530 with value: 0.696197846611031.[0m
[32m[I 2022-04-21 14:38:24,211][0m Trial 932 finished with value: 0.6872115347706165 and parameters: {'n_estimators': 961, 'min_samples_split': 0.06579843322030532, 'min_samples_leaf': 0.038072964393370996, 'min_weight_fraction_leaf': 0.09278318790393184, 'max_features': 0.4223207871049829, 'bootstrap': True, 'max_samples': 0.7428349565345582, 'oob_score': False}. Best is trial 530 with value: 0.696197846611031.[0m
[32m[I 2022-04-21 14:38:32,495][0m Trial 933 finished with value: 0.6925216936720722 and parameters: {'n_estimators': 830, 'min_samples_split': 0.04035811550778908, 'min_samples_leaf': 0.018090499206365206, 'min_weight_fraction_leaf': 0.0826586478171339, 'max_features': 0.46718634996880165, 'bootstrap': True, 'max_samples': 0.46040211551122284, 'oob_score': False}. Best is trial 530 with value: 0.696197846611031.[0m
[32m[I 2022-04-21 14:38:40,902][0m Trial 934 finished with value: 0.6828218807496345 and parameters: {'n_estimators': 924, 'min_samples_split': 0.059087083685864225, 'min_samples_leaf': 0.023360925478879548, 'min_weight_fraction_leaf': 0.0731846361518636, 'max_features': 0.4469271244576832, 'bootstrap': False, 'max_samples': 0.44427798252805734}. Best is trial 530 with value: 0.696197846611031.[0m
[32m[I 2022-04-21 14:38:48,925][0m Trial 935 finished with value: 0.6882450823737238 and parameters: {'n_estimators': 874, 'min_samples_split': 0.052772096006333195, 'min_samples_leaf': 0.03381173100153183, 'min_weight_fraction_leaf': 0.10643858104636389, 'max_features': 0.4710139787027409, 'bootstrap': True, 'max_samples': 0.4719843146312679, 'oob_score': False}. Best is trial 530 with value: 0.696197846611031.[0m
[32m[I 2022-04-21 14:38:56,094][0m Trial 936 finished with value: 0.5 and parameters: {'n_estimators': 851, 'min_samples_split': 0.0377922114251928, 'min_samples_leaf': 0.01639772105870617, 'min_weight_fraction_leaf': 0.07485755311630267, 'max_features': 0.4329937938869515, 'bootstrap': True, 'max_samples': 0.1385923130311767, 'oob_score': False}. Best is trial 530 with value: 0.696197846611031.[0m
[32m[I 2022-04-21 14:39:04,651][0m Trial 937 finished with value: 0.6931931293945465 and parameters: {'n_estimators': 910, 'min_samples_split': 0.03473719296112327, 'min_samples_leaf': 0.04992069881704779, 'min_weight_fraction_leaf': 0.0848892016907736, 'max_features': 0.4627806889121428, 'bootstrap': True, 'max_samples': 0.4983810286590932, 'oob_score': False}. Best is trial 530 with value: 0.696197846611031.[0m
[32m[I 2022-04-21 14:39:12,861][0m Trial 938 finished with value: 0.6903966065376598 and parameters: {'n_estimators': 1000, 'min_samples_split': 0.04509691818210032, 'min_samples_leaf': 0.010322527255980273, 'min_weight_fraction_leaf': 0.09627959667673903, 'max_features': 0.39929716689172184, 'bootstrap': True, 'max_samples': 0.4506283247627547, 'oob_score': False}. Best is trial 530 with value: 0.696197846611031.[0m
[32m[I 2022-04-21 14:39:20,925][0m Trial 939 finished with value: 0.6955005301852422 and parameters: {'n_estimators': 817, 'min_samples_split': 0.03261227916945931, 'min_samples_leaf': 0.027249322695218833, 'min_weight_fraction_leaf': 0.06969140072466974, 'max_features': 0.4503107226446081, 'bootstrap': True, 'max_samples': 0.44580746891809264, 'oob_score': False}. Best is trial 530 with value: 0.696197846611031.[0m
[32m[I 2022-04-21 14:39:28,274][0m Trial 940 finished with value: 0.6955005301852422 and parameters: {'n_estimators': 795, 'min_samples_split': 0.05516880045167445, 'min_samples_leaf': 0.03992184477991358, 'min_weight_fraction_leaf': 0.07141000138600904, 'max_features': 0.4155356159665681, 'bootstrap': True, 'max_samples': 0.4404374150296536, 'oob_score': False}. Best is trial 530 with value: 0.696197846611031.[0m
[32m[I 2022-04-21 14:39:35,585][0m Trial 941 finished with value: 0.5 and parameters: {'n_estimators': 789, 'min_samples_split': 0.060060676304217506, 'min_samples_leaf': 0.05934374239984026, 'min_weight_fraction_leaf': 0.4486234893000417, 'max_features': 0.4292477155821143, 'bootstrap': True, 'max_samples': 0.1791354771847508, 'oob_score': False}. Best is trial 530 with value: 0.696197846611031.[0m
[32m[I 2022-04-21 14:39:43,594][0m Trial 942 finished with value: 0.6923552029568116 and parameters: {'n_estimators': 792, 'min_samples_split': 0.06913728146512227, 'min_samples_leaf': 0.05593983432787478, 'min_weight_fraction_leaf': 0.0882644519266395, 'max_features': 0.445500824947925, 'bootstrap': True, 'max_samples': 0.4678059582134178, 'oob_score': False}. Best is trial 530 with value: 0.696197846611031.[0m
[32m[I 2022-04-21 14:39:50,996][0m Trial 943 finished with value: 0.6919292874207625 and parameters: {'n_estimators': 804, 'min_samples_split': 0.07598435014580218, 'min_samples_leaf': 0.04792983011282411, 'min_weight_fraction_leaf': 0.07637569769469818, 'max_features': 0.39749115066761936, 'bootstrap': True, 'max_samples': 0.43090793683290374, 'oob_score': False}. Best is trial 530 with value: 0.696197846611031.[0m
[32m[I 2022-04-21 14:39:54,422][0m Trial 944 finished with value: 0.6844310601563386 and parameters: {'n_estimators': 265, 'min_samples_split': 0.058213798537089564, 'min_samples_leaf': 0.01750753781023225, 'min_weight_fraction_leaf': 0.09788810186711386, 'max_features': 0.3589688553616358, 'bootstrap': True, 'max_samples': 0.48594018424123225, 'oob_score': False}. Best is trial 530 with value: 0.696197846611031.[0m
[32m[I 2022-04-21 14:40:01,781][0m Trial 945 finished with value: 0.6841587474163667 and parameters: {'n_estimators': 822, 'min_samples_split': 0.06689500789028609, 'min_samples_leaf': 0.04347914362391955, 'min_weight_fraction_leaf': 0.08023676243185333, 'max_features': 0.930984648491141, 'bootstrap': True, 'max_samples': 0.22322340383792408, 'oob_score': False}. Best is trial 530 with value: 0.696197846611031.[0m
[32m[I 2022-04-21 14:40:04,695][0m Trial 946 finished with value: 0.6864953780054777 and parameters: {'n_estimators': 183, 'min_samples_split': 0.04689454703017373, 'min_samples_leaf': 0.03039213030339743, 'min_weight_fraction_leaf': 0.06865071264979998, 'max_features': 0.3897545979408692, 'bootstrap': True, 'max_samples': 0.45289080609817894, 'oob_score': False}. Best is trial 530 with value: 0.696197846611031.[0m
[32m[I 2022-04-21 14:40:10,993][0m Trial 947 finished with value: 0.6636900948801576 and parameters: {'n_estimators': 801, 'min_samples_split': 0.057097532361158304, 'min_samples_leaf': 0.1689456873722156, 'min_weight_fraction_leaf': 0.08621643005340893, 'max_features': 0.4319818781964283, 'bootstrap': True, 'max_samples': 0.5177493433947714, 'oob_score': False}. Best is trial 530 with value: 0.696197846611031.[0m
[32m[I 2022-04-21 14:40:18,033][0m Trial 948 finished with value: 0.6938446874735853 and parameters: {'n_estimators': 777, 'min_samples_split': 0.05050002182000086, 'min_samples_leaf': 0.039977477341274686, 'min_weight_fraction_leaf': 0.07133693246286235, 'max_features': 0.40650436507579296, 'bootstrap': True, 'max_samples': 0.41820594581548387, 'oob_score': False}. Best is trial 530 with value: 0.696197846611031.[0m
