[32m[I 2022-04-23 17:54:50,444][0m Trial 496 finished with value: 0.6695942362586735 and parameters: {'n_estimators': 317, 'min_samples_split': 0.023041134677434336, 'min_samples_leaf': 0.0013022128670181904, 'min_weight_fraction_leaf': 0.00863986913174871, 'max_features': 0.035967992138441277, 'bootstrap': False, 'max_samples': 0.26050004939042665}. Best is trial 251 with value: 0.6908430332111252.[0m
[32m[I 2022-04-23 17:56:58,299][0m Trial 497 finished with value: 0.6717328806045977 and parameters: {'n_estimators': 905, 'min_samples_split': 0.0016470901278801318, 'min_samples_leaf': 0.02971898909552667, 'min_weight_fraction_leaf': 0.009784316735878982, 'max_features': 0.22287275071206994, 'bootstrap': False, 'max_samples': 0.24472634353447148}. Best is trial 251 with value: 0.6908430332111252.[0m
[32m[I 2022-04-23 17:57:30,876][0m Trial 498 finished with value: 0.6690773499604358 and parameters: {'n_estimators': 225, 'min_samples_split': 0.04698499957905137, 'min_samples_leaf': 0.04355674523481931, 'min_weight_fraction_leaf': 0.0012719975135551617, 'max_features': 0.2949069786043122, 'bootstrap': False, 'max_samples': 0.2836033898292609}. Best is trial 251 with value: 0.6908430332111252.[0m
[32m[I 2022-04-23 17:58:04,589][0m Trial 499 finished with value: 0.6837248749805221 and parameters: {'n_estimators': 142, 'min_samples_split': 0.026932817760059125, 'min_samples_leaf': 0.017756184817856863, 'min_weight_fraction_leaf': 0.0007035262664529512, 'max_features': 0.25604752107642514, 'bootstrap': False, 'max_samples': 0.2377484852010307}. Best is trial 251 with value: 0.6908430332111252.[0m
[32m[I 2022-04-23 17:59:19,113][0m Trial 500 finished with value: 0.6704385880947236 and parameters: {'n_estimators': 499, 'min_samples_split': 0.03582601536116089, 'min_samples_leaf': 0.0332134958441485, 'min_weight_fraction_leaf': 0.01874751059257005, 'max_features': 0.2549481337215117, 'bootstrap': False, 'max_samples': 0.18824654928062812}. Best is trial 251 with value: 0.6908430332111252.[0m
[32m[I 2022-04-23 18:00:14,042][0m Trial 501 finished with value: 0.6778915013832593 and parameters: {'n_estimators': 241, 'min_samples_split': 0.027989111903335417, 'min_samples_leaf': 0.020143787234579404, 'min_weight_fraction_leaf': 0.008280303346352847, 'max_features': 0.2757446209361642, 'bootstrap': False, 'max_samples': 0.22608740735935057}. Best is trial 251 with value: 0.6908430332111252.[0m
[32m[I 2022-04-23 18:03:08,170][0m Trial 502 finished with value: 0.6755108084767059 and parameters: {'n_estimators': 864, 'min_samples_split': 0.019051786721636654, 'min_samples_leaf': 0.017791201189160444, 'min_weight_fraction_leaf': 0.02447609078333888, 'max_features': 0.24199491676111973, 'bootstrap': False, 'max_samples': 0.21135976307773582}. Best is trial 251 with value: 0.6908430332111252.[0m
[32m[I 2022-04-23 18:03:16,454][0m Trial 503 finished with value: 0.6470205533596982 and parameters: {'n_estimators': 300, 'min_samples_split': 0.044407728244145975, 'min_samples_leaf': 0.02719075534013074, 'min_weight_fraction_leaf': 0.016606240853859405, 'max_features': 0.2736138690375346, 'bootstrap': True, 'max_samples': 0.2309938924753554, 'oob_score': False}. Best is trial 251 with value: 0.6908430332111252.[0m
[32m[I 2022-04-23 18:04:04,821][0m Trial 504 finished with value: 0.6689787170687644 and parameters: {'n_estimators': 394, 'min_samples_split': 0.02816063847817897, 'min_samples_leaf': 0.04260848298185262, 'min_weight_fraction_leaf': 3.2704936071362395e-05, 'max_features': 0.2607154076397188, 'bootstrap': False, 'max_samples': 0.2516406224715196}. Best is trial 251 with value: 0.6908430332111252.[0m
[32m[I 2022-04-23 18:04:44,789][0m Trial 505 finished with value: 0.6855362070021956 and parameters: {'n_estimators': 135, 'min_samples_split': 0.016051618729460315, 'min_samples_leaf': 0.010574094540301018, 'min_weight_fraction_leaf': 0.008939564041549834, 'max_features': 0.2286353299601074, 'bootstrap': False, 'max_samples': 0.2395398617597197}. Best is trial 251 with value: 0.6908430332111252.[0m
[32m[I 2022-04-23 18:05:07,157][0m Trial 506 finished with value: 0.6771686264212453 and parameters: {'n_estimators': 136, 'min_samples_split': 0.017831687570058603, 'min_samples_leaf': 0.02511293952486629, 'min_weight_fraction_leaf': 0.024350085940179858, 'max_features': 0.23069403562295962, 'bootstrap': False, 'max_samples': 0.27685790462732435}. Best is trial 251 with value: 0.6908430332111252.[0m
[32m[I 2022-04-23 18:05:30,144][0m Trial 507 finished with value: 0.6810577135385183 and parameters: {'n_estimators': 103, 'min_samples_split': 0.03687796913995356, 'min_samples_leaf': 0.017739391945580024, 'min_weight_fraction_leaf': 0.0001424085108392231, 'max_features': 0.24144124364578004, 'bootstrap': False, 'max_samples': 0.25706851215971077}. Best is trial 251 with value: 0.6908430332111252.[0m
[32m[I 2022-04-23 18:05:50,696][0m Trial 508 finished with value: 0.6724028726940519 and parameters: {'n_estimators': 149, 'min_samples_split': 0.0011407625851362938, 'min_samples_leaf': 0.03341805383550141, 'min_weight_fraction_leaf': 0.01562004545625743, 'max_features': 0.22510588280583654, 'bootstrap': False, 'max_samples': 0.24008474108586914}. Best is trial 251 with value: 0.6908430332111252.[0m
[32m[I 2022-04-23 18:06:16,437][0m Trial 509 finished with value: 0.6707269489543285 and parameters: {'n_estimators': 161, 'min_samples_split': 0.024784706571803643, 'min_samples_leaf': 0.010906082405554235, 'min_weight_fraction_leaf': 0.04047616745240644, 'max_features': 0.20634937695131764, 'bootstrap': False, 'max_samples': 0.289189209122844}. Best is trial 251 with value: 0.6908430332111252.[0m
[32m[I 2022-04-23 18:06:27,571][0m Trial 510 finished with value: 0.6499840733551372 and parameters: {'n_estimators': 206, 'min_samples_split': 0.010517653770247442, 'min_samples_leaf': 0.10705159760893862, 'min_weight_fraction_leaf': 0.02739190953100746, 'max_features': 0.29049618413896405, 'bootstrap': False, 'max_samples': 0.26961396713460645}. Best is trial 251 with value: 0.6908430332111252.[0m
[32m[I 2022-04-23 18:06:31,546][0m Trial 511 finished with value: 0.6350094565049241 and parameters: {'n_estimators': 138, 'min_samples_split': 0.018516896883705378, 'min_samples_leaf': 0.17002667014704415, 'min_weight_fraction_leaf': 0.009601506523736942, 'max_features': 0.26071239485336567, 'bootstrap': False, 'max_samples': 0.24582950368495604}. Best is trial 251 with value: 0.6908430332111252.[0m
[32m[I 2022-04-23 18:07:02,217][0m Trial 512 finished with value: 0.6811631978026178 and parameters: {'n_estimators': 130, 'min_samples_split': 0.033673626030311724, 'min_samples_leaf': 0.016273590704736184, 'min_weight_fraction_leaf': 8.798699054080755e-06, 'max_features': 0.2160598444313776, 'bootstrap': False, 'max_samples': 0.28821672319541286}. Best is trial 251 with value: 0.6908430332111252.[0m
[32m[I 2022-04-23 18:07:44,855][0m Trial 513 finished with value: 0.6740857470619012 and parameters: {'n_estimators': 155, 'min_samples_split': 0.012460892122586747, 'min_samples_leaf': 0.010485350178366616, 'min_weight_fraction_leaf': 0.01617352989128578, 'max_features': 0.24023373822034413, 'bootstrap': False, 'max_samples': 0.22892364728011924}. Best is trial 251 with value: 0.6908430332111252.[0m
[32m[I 2022-04-23 18:08:38,489][0m Trial 514 finished with value: 0.672407572490445 and parameters: {'n_estimators': 268, 'min_samples_split': 0.049059985688156046, 'min_samples_leaf': 0.025392995587218203, 'min_weight_fraction_leaf': 0.010699390149336728, 'max_features': 0.30841940937739765, 'bootstrap': False, 'max_samples': 0.3017649369693067}. Best is trial 251 with value: 0.6908430332111252.[0m
[32m[I 2022-04-23 18:08:53,785][0m Trial 515 finished with value: 0.6634691280989544 and parameters: {'n_estimators': 125, 'min_samples_split': 0.02308169342361332, 'min_samples_leaf': 0.04937154885714111, 'min_weight_fraction_leaf': 0.021309578303098466, 'max_features': 0.28641448575966144, 'bootstrap': False, 'max_samples': 0.2661951109308972}. Best is trial 251 with value: 0.6908430332111252.[0m
[32m[I 2022-04-23 18:09:13,419][0m Trial 516 finished with value: 0.671573202566842 and parameters: {'n_estimators': 121, 'min_samples_split': 0.009451718658632865, 'min_samples_leaf': 0.010393583461538888, 'min_weight_fraction_leaf': 0.03229580895227531, 'max_features': 0.18694960703471514, 'bootstrap': False, 'max_samples': 0.4004046495902866}. Best is trial 251 with value: 0.6908430332111252.[0m
[32m[I 2022-04-23 18:09:38,175][0m Trial 517 finished with value: 0.6679453097156282 and parameters: {'n_estimators': 188, 'min_samples_split': 0.001304941577832346, 'min_samples_leaf': 0.03835562900352718, 'min_weight_fraction_leaf': 0.0001420617940992955, 'max_features': 0.2610871748787088, 'bootstrap': False, 'max_samples': 0.30873402261133015}. Best is trial 251 with value: 0.6908430332111252.[0m
[32m[I 2022-04-23 18:10:04,850][0m Trial 518 finished with value: 0.6801974910635675 and parameters: {'n_estimators': 118, 'min_samples_split': 0.030170195414532794, 'min_samples_leaf': 0.01880112837735596, 'min_weight_fraction_leaf': 0.01415030861746016, 'max_features': 0.2430216623775356, 'bootstrap': False, 'max_samples': 0.20098780988759377}. Best is trial 251 with value: 0.6908430332111252.[0m
[32m[I 2022-04-23 18:10:13,368][0m Trial 519 finished with value: 0.6307195348396359 and parameters: {'n_estimators': 141, 'min_samples_split': 0.016052997391725388, 'min_samples_leaf': 0.009819921554759765, 'min_weight_fraction_leaf': 0.1851057828619811, 'max_features': 0.21188289237501604, 'bootstrap': False, 'max_samples': 0.27393979736586427}. Best is trial 251 with value: 0.6908430332111252.[0m
[32m[I 2022-04-23 18:10:35,632][0m Trial 520 finished with value: 0.6695566607729094 and parameters: {'n_estimators': 126, 'min_samples_split': 0.025712070959461902, 'min_samples_leaf': 0.029073000732904468, 'min_weight_fraction_leaf': 0.010896644021849408, 'max_features': 0.2745369320403145, 'bootstrap': False, 'max_samples': 0.25208264786386625}. Best is trial 251 with value: 0.6908430332111252.[0m
[32m[I 2022-04-23 18:11:01,824][0m Trial 521 finished with value: 0.6616286731886938 and parameters: {'n_estimators': 198, 'min_samples_split': 0.27139603982799354, 'min_samples_leaf': 0.0010408726178715451, 'min_weight_fraction_leaf': 0.02508854685414659, 'max_features': 0.23167156614161738, 'bootstrap': False, 'max_samples': 0.32354544234031707}. Best is trial 251 with value: 0.6908430332111252.[0m
[32m[I 2022-04-23 18:14:34,862][0m Trial 522 finished with value: 0.6724169849910278 and parameters: {'n_estimators': 900, 'min_samples_split': 0.009986281684803549, 'min_samples_leaf': 0.025153076209179816, 'min_weight_fraction_leaf': 0.00948669566128122, 'max_features': 0.3314785627842494, 'bootstrap': False, 'max_samples': 0.22111125992739192}. Best is trial 251 with value: 0.6908430332111252.[0m
[32m[I 2022-04-23 18:14:49,080][0m Trial 523 finished with value: 0.6648204578372907 and parameters: {'n_estimators': 140, 'min_samples_split': 0.03832968392244277, 'min_samples_leaf': 0.01682374318660225, 'min_weight_fraction_leaf': 0.0786192578544988, 'max_features': 0.19230335410099705, 'bootstrap': False, 'max_samples': 0.4216122520036403}. Best is trial 251 with value: 0.6908430332111252.[0m
[32m[I 2022-04-23 18:15:15,288][0m Trial 524 finished with value: 0.6613325638857905 and parameters: {'n_estimators': 345, 'min_samples_split': 0.01754209061356655, 'min_samples_leaf': 0.011331117666330225, 'min_weight_fraction_leaf': 0.018927251969379187, 'max_features': 0.25662830971991357, 'bootstrap': True, 'max_samples': 0.3836957498712683, 'oob_score': False}. Best is trial 251 with value: 0.6908430332111252.[0m
[32m[I 2022-04-23 18:15:47,870][0m Trial 525 finished with value: 0.6569316395373201 and parameters: {'n_estimators': 243, 'min_samples_split': 0.4790267018758848, 'min_samples_leaf': 0.010015850875300164, 'min_weight_fraction_leaf': 0.008448987713131316, 'max_features': 0.29939642311517345, 'bootstrap': False, 'max_samples': 0.29173472200268014}. Best is trial 251 with value: 0.6908430332111252.[0m
[32m[I 2022-04-23 18:15:57,527][0m Trial 526 finished with value: 0.6719662300458586 and parameters: {'n_estimators': 163, 'min_samples_split': 0.008642813730112914, 'min_samples_leaf': 0.020426020460282454, 'min_weight_fraction_leaf': 0.0001687849638337473, 'max_features': 0.056605035790327066, 'bootstrap': False, 'max_samples': 0.3717210591603905}. Best is trial 251 with value: 0.6908430332111252.[0m
[32m[I 2022-04-23 18:17:42,817][0m Trial 527 finished with value: 0.671516954215921 and parameters: {'n_estimators': 830, 'min_samples_split': 0.025911934370212625, 'min_samples_leaf': 0.03351015776150804, 'min_weight_fraction_leaf': 0.03636527635292353, 'max_features': 0.21909850612182002, 'bootstrap': False, 'max_samples': 0.3162689740892371}. Best is trial 251 with value: 0.6908430332111252.[0m
[32m[I 2022-04-23 18:17:53,774][0m Trial 528 finished with value: 0.6596732307196568 and parameters: {'n_estimators': 426, 'min_samples_split': 0.0011750314091883863, 'min_samples_leaf': 0.009239106597299193, 'min_weight_fraction_leaf': 0.01696840151761577, 'max_features': 0.024279094817812916, 'bootstrap': False, 'max_samples': 0.3352332363940958}. Best is trial 251 with value: 0.6908430332111252.[0m
[32m[I 2022-04-23 18:17:54,715][0m Trial 529 finished with value: 0.5521221724340544 and parameters: {'n_estimators': 152, 'min_samples_split': 0.01758421581736139, 'min_samples_leaf': 0.4725677513751281, 'min_weight_fraction_leaf': 0.008817680521421825, 'max_features': 0.18242372071918378, 'bootstrap': False, 'max_samples': 0.40128921053154826}. Best is trial 251 with value: 0.6908430332111252.[0m
[32m[I 2022-04-23 18:18:20,337][0m Trial 530 finished with value: 0.6745342250419905 and parameters: {'n_estimators': 127, 'min_samples_split': 0.039805808511621334, 'min_samples_leaf': 0.018275449788469043, 'min_weight_fraction_leaf': 0.02649437474803185, 'max_features': 0.24931201976772782, 'bootstrap': False, 'max_samples': 0.3585363932851851}. Best is trial 251 with value: 0.6908430332111252.[0m
[32m[I 2022-04-23 18:18:38,946][0m Trial 531 finished with value: 0.6634918971642312 and parameters: {'n_estimators': 329, 'min_samples_split': 0.010891468233086572, 'min_samples_leaf': 0.07856244754230984, 'min_weight_fraction_leaf': 0.010694358817584904, 'max_features': 0.20601098345485933, 'bootstrap': False, 'max_samples': 0.24965525599737426}. Best is trial 251 with value: 0.6908430332111252.[0m
[32m[I 2022-04-23 18:19:21,714][0m Trial 532 finished with value: 0.6761129230318313 and parameters: {'n_estimators': 141, 'min_samples_split': 0.030036878538636787, 'min_samples_leaf': 0.009234902856631156, 'min_weight_fraction_leaf': 0.020991137878047933, 'max_features': 0.2808124535328419, 'bootstrap': False, 'max_samples': 0.23441417903591344}. Best is trial 251 with value: 0.6908430332111252.[0m
[32m[I 2022-04-23 18:19:54,539][0m Trial 533 finished with value: 0.6251680056243859 and parameters: {'n_estimators': 535, 'min_samples_split': 0.021106023068573322, 'min_samples_leaf': 0.0016868731640240775, 'min_weight_fraction_leaf': 0.22117357406268556, 'max_features': 0.2737614963412086, 'bootstrap': False, 'max_samples': 0.29642774404349204}. Best is trial 251 with value: 0.6908430332111252.[0m
[32m[I 2022-04-23 18:21:02,330][0m Trial 534 finished with value: 0.6797475218994482 and parameters: {'n_estimators': 131, 'min_samples_split': 0.008105330663022096, 'min_samples_leaf': 0.0012940224645101276, 'min_weight_fraction_leaf': 0.008539473662308887, 'max_features': 0.22920998253927138, 'bootstrap': False, 'max_samples': 0.3771687964665022}. Best is trial 251 with value: 0.6908430332111252.[0m
[32m[I 2022-04-23 18:22:58,878][0m Trial 535 finished with value: 0.6751536444058728 and parameters: {'n_estimators': 951, 'min_samples_split': 0.016653414443015827, 'min_samples_leaf': 0.028075582081952256, 'min_weight_fraction_leaf': 0.008594036728804941, 'max_features': 0.1844462229668401, 'bootstrap': False, 'max_samples': 0.44818268185705096}. Best is trial 251 with value: 0.6908430332111252.[0m
[32m[I 2022-04-23 18:23:46,072][0m Trial 536 finished with value: 0.6714006702174091 and parameters: {'n_estimators': 794, 'min_samples_split': 0.0280051351803504, 'min_samples_leaf': 0.019253401468255493, 'min_weight_fraction_leaf': 0.028604941149257795, 'max_features': 0.06651195407452108, 'bootstrap': False, 'max_samples': 0.33887778038973815}. Best is trial 251 with value: 0.6908430332111252.[0m
[32m[I 2022-04-23 18:27:37,861][0m Trial 537 finished with value: 0.6746175147787886 and parameters: {'n_estimators': 176, 'min_samples_split': 0.008209104741849698, 'min_samples_leaf': 0.0011033740463148416, 'min_weight_fraction_leaf': 0.0007043178790404083, 'max_features': 0.30915938244702784, 'bootstrap': False, 'max_samples': 0.274296255129486}. Best is trial 251 with value: 0.6908430332111252.[0m
[32m[I 2022-04-23 18:27:58,345][0m Trial 538 finished with value: 0.6716260187111961 and parameters: {'n_estimators': 146, 'min_samples_split': 0.05015906731968393, 'min_samples_leaf': 0.037689444264130414, 'min_weight_fraction_leaf': 0.00042915952482185907, 'max_features': 0.25370176763221997, 'bootstrap': False, 'max_samples': 0.19951382806646029}. Best is trial 251 with value: 0.6908430332111252.[0m
[32m[I 2022-04-23 18:28:23,015][0m Trial 539 finished with value: 0.6789044196030041 and parameters: {'n_estimators': 114, 'min_samples_split': 0.0013105734801618328, 'min_samples_leaf': 0.016866668979589747, 'min_weight_fraction_leaf': 0.017703674087151594, 'max_features': 0.21265898964374624, 'bootstrap': False, 'max_samples': 0.3130498001209107}. Best is trial 251 with value: 0.6908430332111252.[0m
[32m[I 2022-04-23 18:28:42,779][0m Trial 540 finished with value: 0.6645756565815191 and parameters: {'n_estimators': 366, 'min_samples_split': 0.01920358611737048, 'min_samples_leaf': 0.010386000192462608, 'min_weight_fraction_leaf': 0.058637377184925815, 'max_features': 0.07924564106437364, 'bootstrap': False, 'max_samples': 0.3595998824350884}. Best is trial 251 with value: 0.6908430332111252.[0m
[32m[I 2022-04-23 18:29:44,680][0m Trial 541 finished with value: 0.6492230258172903 and parameters: {'n_estimators': 856, 'min_samples_split': 0.0014145730910342326, 'min_samples_leaf': 0.027541342699377903, 'min_weight_fraction_leaf': 0.12568862099118253, 'max_features': 0.2368661938644625, 'bootstrap': False, 'max_samples': 0.1788752667407672}. Best is trial 251 with value: 0.6908430332111252.[0m
[32m[I 2022-04-23 18:29:56,520][0m Trial 542 finished with value: 0.6412236657490233 and parameters: {'n_estimators': 216, 'min_samples_split': 0.038295117804120773, 'min_samples_leaf': 0.011490011948162602, 'min_weight_fraction_leaf': 0.1489085458376556, 'max_features': 0.16932403181697137, 'bootstrap': False, 'max_samples': 0.14058914277673912}. Best is trial 251 with value: 0.6908430332111252.[0m
[32m[I 2022-04-23 18:30:34,396][0m Trial 543 finished with value: 0.6579649345033267 and parameters: {'n_estimators': 814, 'min_samples_split': 0.02676548641189573, 'min_samples_leaf': 0.021419832331072926, 'min_weight_fraction_leaf': 0.04373841444810295, 'max_features': 0.2909334395807722, 'bootstrap': True, 'max_samples': 0.39227203454538445, 'oob_score': False}. Best is trial 251 with value: 0.6908430332111252.[0m
[32m[I 2022-04-23 18:31:43,833][0m Trial 544 finished with value: 0.6808788446216976 and parameters: {'n_estimators': 289, 'min_samples_split': 0.0010353081025535355, 'min_samples_leaf': 0.009647414510146338, 'min_weight_fraction_leaf': 0.016540305343856088, 'max_features': 0.197305553503082, 'bootstrap': False, 'max_samples': 0.3351605966363444}. Best is trial 251 with value: 0.6908430332111252.[0m
[32m[I 2022-04-23 18:45:44,103][0m Trial 545 finished with value: 0.680682517515433 and parameters: {'n_estimators': 881, 'min_samples_split': 0.017037694841808358, 'min_samples_leaf': 0.001276922435618623, 'min_weight_fraction_leaf': 0.00011310853785529047, 'max_features': 0.2673250740657503, 'bootstrap': False, 'max_samples': 0.4112480144162073}. Best is trial 251 with value: 0.6908430332111252.[0m
[32m[I 2022-04-23 18:45:48,140][0m Trial 546 finished with value: 0.5843913293278149 and parameters: {'n_estimators': 458, 'min_samples_split': 0.36053876366469695, 'min_samples_leaf': 0.026644407976031438, 'min_weight_fraction_leaf': 0.3039898454663111, 'max_features': 0.04573806406673447, 'bootstrap': False, 'max_samples': 0.36773247778912316}. Best is trial 251 with value: 0.6908430332111252.[0m
[32m[I 2022-04-23 18:49:12,433][0m Trial 547 finished with value: 0.6776277493732922 and parameters: {'n_estimators': 834, 'min_samples_split': 0.01425472174246129, 'min_samples_leaf': 0.0010881712851823072, 'min_weight_fraction_leaf': 0.023699778334420694, 'max_features': 0.21988998822385036, 'bootstrap': False, 'max_samples': 0.21854627849715313}. Best is trial 251 with value: 0.6908430332111252.[0m
[32m[I 2022-04-23 18:49:51,198][0m Trial 548 finished with value: 0.6654549261423446 and parameters: {'n_estimators': 772, 'min_samples_split': 0.029727323070887646, 'min_samples_leaf': 0.05907402604550199, 'min_weight_fraction_leaf': 0.010358448189436112, 'max_features': 0.1536426190796014, 'bootstrap': False, 'max_samples': 0.260627184249995}. Best is trial 251 with value: 0.6908430332111252.[0m
[32m[I 2022-04-23 18:50:22,393][0m Trial 549 finished with value: 0.6633200027302483 and parameters: {'n_estimators': 254, 'min_samples_split': 0.01669856492804723, 'min_samples_leaf': 0.0464402237014563, 'min_weight_fraction_leaf': 0.03539566562421301, 'max_features': 0.3244329992994577, 'bootstrap': False, 'max_samples': 0.349855842689952}. Best is trial 251 with value: 0.6908430332111252.[0m
