[32m[I 2022-04-21 13:31:48,474][0m Trial 429 finished with value: 0.6916283086994176 and parameters: {'n_estimators': 994, 'min_samples_split': 0.001611463606668681, 'min_samples_leaf': 0.03061302957009806, 'min_weight_fraction_leaf': 0.03007589142891502, 'max_features': 0.5465365792329405, 'bootstrap': True, 'max_samples': 0.31337295587989367, 'oob_score': True}. Best is trial 322 with value: 0.694845396553984.[0m
[32m[I 2022-04-21 13:31:55,524][0m Trial 430 finished with value: 0.6888414382404746 and parameters: {'n_estimators': 570, 'min_samples_split': 0.021351072720308468, 'min_samples_leaf': 0.05398136797775894, 'min_weight_fraction_leaf': 0.013936717175588479, 'max_features': 0.5714013108308033, 'bootstrap': True, 'max_samples': 0.33828341123613276, 'oob_score': True}. Best is trial 322 with value: 0.694845396553984.[0m
[32m[I 2022-04-21 13:32:02,961][0m Trial 431 finished with value: 0.6868882993571176 and parameters: {'n_estimators': 877, 'min_samples_split': 0.051919774395225514, 'min_samples_leaf': 0.045076149822573595, 'min_weight_fraction_leaf': 0.03846813899951091, 'max_features': 0.530420921465633, 'bootstrap': False, 'max_samples': 0.44983462569916005}. Best is trial 322 with value: 0.694845396553984.[0m
[32m[I 2022-04-21 13:32:12,714][0m Trial 432 finished with value: 0.6897218331073871 and parameters: {'n_estimators': 684, 'min_samples_split': 0.028639784360339884, 'min_samples_leaf': 0.0320896753333648, 'min_weight_fraction_leaf': 0.0450876156988432, 'max_features': 0.5949963394986926, 'bootstrap': True, 'max_samples': 0.2608416108454163, 'oob_score': True}. Best is trial 322 with value: 0.694845396553984.[0m
[32m[I 2022-04-21 13:32:23,366][0m Trial 433 finished with value: 0.6882013376362262 and parameters: {'n_estimators': 907, 'min_samples_split': 0.011915917424055691, 'min_samples_leaf': 0.08820832580609725, 'min_weight_fraction_leaf': 0.02541699952044255, 'max_features': 0.6134372966126371, 'bootstrap': True, 'max_samples': 0.4306533873909955, 'oob_score': True}. Best is trial 322 with value: 0.694845396553984.[0m
[32m[I 2022-04-21 13:32:31,484][0m Trial 434 finished with value: 0.685599571198446 and parameters: {'n_estimators': 650, 'min_samples_split': 0.0389734656031742, 'min_samples_leaf': 0.05339184681246294, 'min_weight_fraction_leaf': 0.009829137350420427, 'max_features': 0.573924391453046, 'bootstrap': True, 'max_samples': 0.3021249777375997, 'oob_score': True}. Best is trial 322 with value: 0.694845396553984.[0m
[32m[I 2022-04-21 13:32:38,953][0m Trial 435 finished with value: 0.5 and parameters: {'n_estimators': 611, 'min_samples_split': 0.02311508591406458, 'min_samples_leaf': 0.06608868136089716, 'min_weight_fraction_leaf': 0.1678083199090433, 'max_features': 0.55410605466696, 'bootstrap': True, 'max_samples': 0.20082684232257408, 'oob_score': True}. Best is trial 322 with value: 0.694845396553984.[0m
[32m[I 2022-04-21 13:32:49,106][0m Trial 436 finished with value: 0.6906075249313768 and parameters: {'n_estimators': 823, 'min_samples_split': 0.012825343850364972, 'min_samples_leaf': 0.03265444903711351, 'min_weight_fraction_leaf': 0.032598354886928686, 'max_features': 0.6465097799631053, 'bootstrap': True, 'max_samples': 0.32790639222245305, 'oob_score': True}. Best is trial 322 with value: 0.694845396553984.[0m
[32m[I 2022-04-21 13:32:59,233][0m Trial 437 finished with value: 0.6901182668088844 and parameters: {'n_estimators': 728, 'min_samples_split': 0.03281190087972843, 'min_samples_leaf': 0.048932829918695055, 'min_weight_fraction_leaf': 0.045888487192972935, 'max_features': 0.5889971017507167, 'bootstrap': True, 'max_samples': 0.3536672002990801, 'oob_score': True}. Best is trial 322 with value: 0.694845396553984.[0m
[32m[I 2022-04-21 13:33:07,605][0m Trial 438 finished with value: 0.5 and parameters: {'n_estimators': 794, 'min_samples_split': 0.04516578856482327, 'min_samples_leaf': 0.041270020534030886, 'min_weight_fraction_leaf': 0.28020836047096753, 'max_features': 0.5169107406829918, 'bootstrap': True, 'max_samples': 0.2932559736064303, 'oob_score': True}. Best is trial 322 with value: 0.694845396553984.[0m
[32m[I 2022-04-21 13:33:17,179][0m Trial 439 finished with value: 0.6862811724769099 and parameters: {'n_estimators': 686, 'min_samples_split': 0.0010549690045631652, 'min_samples_leaf': 0.029940711651683, 'min_weight_fraction_leaf': 0.018116984511682345, 'max_features': 0.07590812821230358, 'bootstrap': True, 'max_samples': 0.31549824887483485, 'oob_score': True}. Best is trial 322 with value: 0.694845396553984.[0m
[32m[I 2022-04-21 13:33:27,877][0m Trial 440 finished with value: 0.6892398965316466 and parameters: {'n_estimators': 855, 'min_samples_split': 0.018905946910635227, 'min_samples_leaf': 0.05743627865788338, 'min_weight_fraction_leaf': 0.033198494022732394, 'max_features': 0.6228507533643445, 'bootstrap': True, 'max_samples': 0.277530075412339, 'oob_score': True}. Best is trial 322 with value: 0.694845396553984.[0m
[32m[I 2022-04-21 13:33:35,713][0m Trial 441 finished with value: 0.6913493072616592 and parameters: {'n_estimators': 559, 'min_samples_split': 0.034648765669114935, 'min_samples_leaf': 0.030551559611876555, 'min_weight_fraction_leaf': 0.043049979140464226, 'max_features': 0.5633299376599884, 'bootstrap': True, 'max_samples': 0.41160164958408096, 'oob_score': True}. Best is trial 322 with value: 0.694845396553984.[0m
[32m[I 2022-04-21 13:33:46,191][0m Trial 442 finished with value: 0.6923802140626687 and parameters: {'n_estimators': 761, 'min_samples_split': 0.026926518903097735, 'min_samples_leaf': 0.042335829146662424, 'min_weight_fraction_leaf': 0.02283242180283412, 'max_features': 0.5438758324450345, 'bootstrap': True, 'max_samples': 0.3678950638903723, 'oob_score': True}. Best is trial 322 with value: 0.694845396553984.[0m
[32m[I 2022-04-21 13:33:49,521][0m Trial 443 finished with value: 0.6868655701116214 and parameters: {'n_estimators': 196, 'min_samples_split': 0.010178552414145295, 'min_samples_leaf': 0.0748648892036709, 'min_weight_fraction_leaf': 0.05613749374591376, 'max_features': 0.5805971933637355, 'bootstrap': True, 'max_samples': 0.4677770516863314, 'oob_score': True}. Best is trial 322 with value: 0.694845396553984.[0m
[32m[I 2022-04-21 13:33:58,883][0m Trial 444 finished with value: 0.6882264068123483 and parameters: {'n_estimators': 654, 'min_samples_split': 0.04865528615589349, 'min_samples_leaf': 0.02769612102106337, 'min_weight_fraction_leaf': 0.010025515834253781, 'max_features': 0.594771171197934, 'bootstrap': True, 'max_samples': 0.3349736806282561, 'oob_score': True}. Best is trial 322 with value: 0.694845396553984.[0m
[32m[I 2022-04-21 13:34:07,546][0m Trial 445 finished with value: 0.6937324122520463 and parameters: {'n_estimators': 592, 'min_samples_split': 0.01793037924101664, 'min_samples_leaf': 0.03766163251399618, 'min_weight_fraction_leaf': 0.0320728128629644, 'max_features': 0.5353227508215578, 'bootstrap': True, 'max_samples': 0.30478691979052613, 'oob_score': True}. Best is trial 322 with value: 0.694845396553984.[0m
[32m[I 2022-04-21 13:34:15,552][0m Trial 446 finished with value: 0.5 and parameters: {'n_estimators': 584, 'min_samples_split': 0.01714286198884441, 'min_samples_leaf': 0.023842501803211843, 'min_weight_fraction_leaf': 0.259243907094966, 'max_features': 0.511765671041764, 'bootstrap': True, 'max_samples': 0.30095882050455613, 'oob_score': True}. Best is trial 322 with value: 0.694845396553984.[0m
[32m[I 2022-04-21 13:34:23,225][0m Trial 447 finished with value: 0.6894306657869672 and parameters: {'n_estimators': 620, 'min_samples_split': 0.009174852252270268, 'min_samples_leaf': 0.03595655739514414, 'min_weight_fraction_leaf': 0.041884608986074844, 'max_features': 0.5205111246884792, 'bootstrap': True, 'max_samples': 0.24428122692480198, 'oob_score': True}. Best is trial 322 with value: 0.694845396553984.[0m
[32m[I 2022-04-21 13:34:25,684][0m Trial 448 finished with value: 0.6828294932476333 and parameters: {'n_estimators': 165, 'min_samples_split': 0.022864451692055573, 'min_samples_leaf': 0.025946598594124133, 'min_weight_fraction_leaf': 0.05129465589069965, 'max_features': 0.5473108455801864, 'bootstrap': False, 'max_samples': 0.2783813836066677}. Best is trial 322 with value: 0.694845396553984.[0m
[32m[I 2022-04-21 13:34:34,272][0m Trial 449 finished with value: 0.6636900948801576 and parameters: {'n_estimators': 595, 'min_samples_split': 0.0017850120326429325, 'min_samples_leaf': 0.12174814475625749, 'min_weight_fraction_leaf': 0.0347811662963705, 'max_features': 0.5277573299583828, 'bootstrap': True, 'max_samples': 0.32424292478361794, 'oob_score': True}. Best is trial 322 with value: 0.694845396553984.[0m
[32m[I 2022-04-21 13:34:42,990][0m Trial 450 finished with value: 0.6874576093728687 and parameters: {'n_estimators': 705, 'min_samples_split': 0.025416832706601892, 'min_samples_leaf': 0.042371102577129935, 'min_weight_fraction_leaf': 0.018941941727604786, 'max_features': 0.560826323525394, 'bootstrap': True, 'max_samples': 0.25977996234953793, 'oob_score': True}. Best is trial 322 with value: 0.694845396553984.[0m
[32m[I 2022-04-21 13:34:50,976][0m Trial 451 finished with value: 0.5 and parameters: {'n_estimators': 548, 'min_samples_split': 0.014840620587580976, 'min_samples_leaf': 0.0373948424207611, 'min_weight_fraction_leaf': 0.19220889399207927, 'max_features': 0.5315434352186317, 'bootstrap': True, 'max_samples': 0.29405978736321925, 'oob_score': True}. Best is trial 322 with value: 0.694845396553984.[0m
[32m[I 2022-04-21 13:34:59,187][0m Trial 452 finished with value: 0.6865026696395918 and parameters: {'n_estimators': 644, 'min_samples_split': 0.03330430758660841, 'min_samples_leaf': 0.024429172748605215, 'min_weight_fraction_leaf': 0.0009439503422394777, 'max_features': 0.5043099958821098, 'bootstrap': True, 'max_samples': 0.4367209973767063, 'oob_score': True}. Best is trial 322 with value: 0.694845396553984.[0m
[32m[I 2022-04-21 13:35:06,367][0m Trial 453 finished with value: 0.686212734454012 and parameters: {'n_estimators': 598, 'min_samples_split': 0.016107789714052967, 'min_samples_leaf': 0.04967619399601494, 'min_weight_fraction_leaf': 0.056767043599461386, 'max_features': 0.5612812388182101, 'bootstrap': True, 'max_samples': 0.3126169315545422, 'oob_score': True}. Best is trial 322 with value: 0.694845396553984.[0m
[32m[I 2022-04-21 13:35:15,445][0m Trial 454 finished with value: 0.6746430366785507 and parameters: {'n_estimators': 732, 'min_samples_split': 0.009032037363975993, 'min_samples_leaf': 0.14293101704760675, 'min_weight_fraction_leaf': 0.043523281772261564, 'max_features': 0.5385260324372024, 'bootstrap': True, 'max_samples': 0.47499328893146964, 'oob_score': True}. Best is trial 322 with value: 0.694845396553984.[0m
[32m[I 2022-04-21 13:35:24,587][0m Trial 455 finished with value: 0.6931104347724784 and parameters: {'n_estimators': 684, 'min_samples_split': 0.027105499787876523, 'min_samples_leaf': 0.021881825065830866, 'min_weight_fraction_leaf': 0.03023167721010501, 'max_features': 0.5703956344658554, 'bootstrap': True, 'max_samples': 0.3367564993788226, 'oob_score': True}. Best is trial 322 with value: 0.694845396553984.[0m
[32m[I 2022-04-21 13:35:32,794][0m Trial 456 finished with value: 0.5 and parameters: {'n_estimators': 627, 'min_samples_split': 0.037728964780204585, 'min_samples_leaf': 0.034266297971598636, 'min_weight_fraction_leaf': 0.3013882901503919, 'max_features': 0.6118300001535625, 'bootstrap': True, 'max_samples': 0.28261882351283685, 'oob_score': True}. Best is trial 322 with value: 0.694845396553984.[0m
[32m[I 2022-04-21 13:35:41,392][0m Trial 457 finished with value: 0.6881870496102175 and parameters: {'n_estimators': 560, 'min_samples_split': 0.023426240043251043, 'min_samples_leaf': 0.062260691096250306, 'min_weight_fraction_leaf': 0.02123113856610532, 'max_features': 0.046458497007499655, 'bootstrap': True, 'max_samples': 0.3085040678275065, 'oob_score': True}. Best is trial 322 with value: 0.694845396553984.[0m
[32m[I 2022-04-21 13:35:48,754][0m Trial 458 finished with value: 0.6911778627500935 and parameters: {'n_estimators': 514, 'min_samples_split': 0.007653677829363714, 'min_samples_leaf': 0.0457680113154113, 'min_weight_fraction_leaf': 0.05349082196835207, 'max_features': 0.5462133426197202, 'bootstrap': True, 'max_samples': 0.268427295350226, 'oob_score': True}. Best is trial 322 with value: 0.694845396553984.[0m
[32m[I 2022-04-21 13:35:57,427][0m Trial 459 finished with value: 0.5 and parameters: {'n_estimators': 796, 'min_samples_split': 0.01859179506986133, 'min_samples_leaf': 0.21929786539435547, 'min_weight_fraction_leaf': 0.0010702089845141972, 'max_features': 0.5843915152259513, 'bootstrap': True, 'max_samples': 0.4463259561248365, 'oob_score': True}. Best is trial 322 with value: 0.694845396553984.[0m
[32m[I 2022-04-21 13:36:06,112][0m Trial 460 finished with value: 0.5 and parameters: {'n_estimators': 730, 'min_samples_split': 0.033406089371238, 'min_samples_leaf': 0.23945035910614007, 'min_weight_fraction_leaf': 0.15486653888479812, 'max_features': 0.568674506454845, 'bootstrap': True, 'max_samples': 0.3263509678118762, 'oob_score': True}. Best is trial 322 with value: 0.694845396553984.[0m
[32m[I 2022-04-21 13:36:14,734][0m Trial 461 finished with value: 0.5 and parameters: {'n_estimators': 687, 'min_samples_split': 0.058217718228339425, 'min_samples_leaf': 0.26792233390063686, 'min_weight_fraction_leaf': 0.035019282295175674, 'max_features': 0.6024720424044648, 'bootstrap': True, 'max_samples': 0.29471643384125334, 'oob_score': True}. Best is trial 322 with value: 0.694845396553984.[0m
[32m[I 2022-04-21 13:36:24,250][0m Trial 462 finished with value: 0.6858933905060528 and parameters: {'n_estimators': 656, 'min_samples_split': 0.017051528309504658, 'min_samples_leaf': 0.020410947761722687, 'min_weight_fraction_leaf': 0.013727902862810178, 'max_features': 0.5335198101559188, 'bootstrap': True, 'max_samples': 0.4210575280813949, 'oob_score': True}. Best is trial 322 with value: 0.694845396553984.[0m
[32m[I 2022-04-21 13:36:33,228][0m Trial 463 finished with value: 0.6930423381163037 and parameters: {'n_estimators': 574, 'min_samples_split': 0.02787529749122192, 'min_samples_leaf': 0.03381450467335652, 'min_weight_fraction_leaf': 0.04333037686504729, 'max_features': 0.5544424422775454, 'bootstrap': True, 'max_samples': 0.35201417517238826, 'oob_score': True}. Best is trial 322 with value: 0.694845396553984.[0m
[32m[I 2022-04-21 13:36:40,781][0m Trial 464 finished with value: 0.6896413951822136 and parameters: {'n_estimators': 528, 'min_samples_split': 0.0027804765806814374, 'min_samples_leaf': 0.042800087689645404, 'min_weight_fraction_leaf': 0.02595774560448307, 'max_features': 0.6233770890029823, 'bootstrap': True, 'max_samples': 0.3137759323097889, 'oob_score': True}. Best is trial 322 with value: 0.694845396553984.[0m
[32m[I 2022-04-21 13:36:50,375][0m Trial 465 finished with value: 0.5 and parameters: {'n_estimators': 760, 'min_samples_split': 0.039073749090807866, 'min_samples_leaf': 0.3573230918273177, 'min_weight_fraction_leaf': 0.055080891575563444, 'max_features': 0.6732964820187504, 'bootstrap': True, 'max_samples': 0.3392107499855299, 'oob_score': True}. Best is trial 322 with value: 0.694845396553984.[0m
[32m[I 2022-04-21 13:36:58,644][0m Trial 466 finished with value: 0.6902636245294509 and parameters: {'n_estimators': 614, 'min_samples_split': 0.013401153228985196, 'min_samples_leaf': 0.02408410503391119, 'min_weight_fraction_leaf': 0.03558853650130421, 'max_features': 0.5101073128223467, 'bootstrap': True, 'max_samples': 0.23466463173970858, 'oob_score': True}. Best is trial 322 with value: 0.694845396553984.[0m
[32m[I 2022-04-21 13:37:08,898][0m Trial 467 finished with value: 0.6933521886157207 and parameters: {'n_estimators': 816, 'min_samples_split': 0.029159270088317805, 'min_samples_leaf': 0.05502987753643402, 'min_weight_fraction_leaf': 0.013237650416089049, 'max_features': 0.5761961853658149, 'bootstrap': True, 'max_samples': 0.4664170656289804, 'oob_score': True}. Best is trial 322 with value: 0.694845396553984.[0m
[32m[I 2022-04-21 13:37:15,287][0m Trial 468 finished with value: 0.6822861968389624 and parameters: {'n_estimators': 665, 'min_samples_split': 0.027440361943211415, 'min_samples_leaf': 0.0667753105977715, 'min_weight_fraction_leaf': 0.011677201247693295, 'max_features': 0.581076708107201, 'bootstrap': False, 'max_samples': 0.4776559234675133}. Best is trial 322 with value: 0.694845396553984.[0m
[32m[I 2022-04-21 13:37:26,296][0m Trial 469 finished with value: 0.6947380160828296 and parameters: {'n_estimators': 719, 'min_samples_split': 0.01007669564481768, 'min_samples_leaf': 0.018902853998873124, 'min_weight_fraction_leaf': 0.0446532275554452, 'max_features': 0.5533369555240254, 'bootstrap': True, 'max_samples': 0.39543612419749335, 'oob_score': True}. Best is trial 322 with value: 0.694845396553984.[0m
[32m[I 2022-04-21 13:37:35,042][0m Trial 470 finished with value: 0.5 and parameters: {'n_estimators': 711, 'min_samples_split': 0.007158554505861938, 'min_samples_leaf': 0.4017805848333861, 'min_weight_fraction_leaf': 0.049464451586783614, 'max_features': 0.6041074694345836, 'bootstrap': True, 'max_samples': 0.3770262261375766, 'oob_score': True}. Best is trial 322 with value: 0.694845396553984.[0m
[32m[I 2022-04-21 13:37:43,871][0m Trial 471 finished with value: 0.6921035372732636 and parameters: {'n_estimators': 645, 'min_samples_split': 0.01606457481674531, 'min_samples_leaf': 0.015045423551997655, 'min_weight_fraction_leaf': 0.04427651344757949, 'max_features': 0.5616062067979829, 'bootstrap': True, 'max_samples': 0.4006364698033853, 'oob_score': True}. Best is trial 322 with value: 0.694845396553984.[0m
[32m[I 2022-04-21 13:37:52,843][0m Trial 472 finished with value: 0.6937606142018236 and parameters: {'n_estimators': 697, 'min_samples_split': 0.002474799543825989, 'min_samples_leaf': 0.017948962367196255, 'min_weight_fraction_leaf': 0.06013275779364697, 'max_features': 0.551018556847463, 'bootstrap': True, 'max_samples': 0.3656577853853486, 'oob_score': True}. Best is trial 322 with value: 0.694845396553984.[0m
[32m[I 2022-04-21 13:38:02,492][0m Trial 473 finished with value: 0.6930097928560313 and parameters: {'n_estimators': 742, 'min_samples_split': 0.00327609028881758, 'min_samples_leaf': 0.017765849143538563, 'min_weight_fraction_leaf': 0.04055011151069172, 'max_features': 0.5443989447097126, 'bootstrap': True, 'max_samples': 0.36891258246074426, 'oob_score': True}. Best is trial 322 with value: 0.694845396553984.[0m
[32m[I 2022-04-21 13:38:11,818][0m Trial 474 finished with value: 0.6929916587259703 and parameters: {'n_estimators': 701, 'min_samples_split': 0.002095599618164289, 'min_samples_leaf': 0.013664665303555767, 'min_weight_fraction_leaf': 0.056981753759008665, 'max_features': 0.5575106047020469, 'bootstrap': True, 'max_samples': 0.3645392124398681, 'oob_score': True}. Best is trial 322 with value: 0.694845396553984.[0m
[32m[I 2022-04-21 13:38:18,865][0m Trial 475 finished with value: 0.6930702881984114 and parameters: {'n_estimators': 546, 'min_samples_split': 0.02134820496983977, 'min_samples_leaf': 0.025747633192192167, 'min_weight_fraction_leaf': 0.05895632373563598, 'max_features': 0.5370290426180437, 'bootstrap': True, 'max_samples': 0.39750413406117574, 'oob_score': True}. Best is trial 322 with value: 0.694845396553984.[0m
[32m[I 2022-04-21 13:38:28,621][0m Trial 476 finished with value: 0.6886301250860377 and parameters: {'n_estimators': 611, 'min_samples_split': 0.011267559456203368, 'min_samples_leaf': 0.015900232105822105, 'min_weight_fraction_leaf': 0.030153166806717806, 'max_features': 0.5072654500355025, 'bootstrap': True, 'max_samples': 0.3826900637980692, 'oob_score': True}. Best is trial 322 with value: 0.694845396553984.[0m
[32m[I 2022-04-21 13:38:37,895][0m Trial 477 finished with value: 0.6934013502252289 and parameters: {'n_estimators': 721, 'min_samples_split': 0.037469373120139204, 'min_samples_leaf': 0.011656852327249055, 'min_weight_fraction_leaf': 0.06015591538687657, 'max_features': 0.5967085083812964, 'bootstrap': True, 'max_samples': 0.34834368276158245, 'oob_score': True}. Best is trial 322 with value: 0.694845396553984.[0m
[32m[I 2022-04-21 13:38:44,665][0m Trial 478 finished with value: 0.6910867768376601 and parameters: {'n_estimators': 745, 'min_samples_split': 0.04991439263858305, 'min_samples_leaf': 0.011490561476323368, 'min_weight_fraction_leaf': 0.060440860772343744, 'max_features': 0.6249311232658349, 'bootstrap': True, 'max_samples': 0.3490947738307188, 'oob_score': False}. Best is trial 322 with value: 0.694845396553984.[0m
[32m[I 2022-04-21 13:38:52,468][0m Trial 479 finished with value: 0.687113607678174 and parameters: {'n_estimators': 509, 'min_samples_split': 0.03786175099257096, 'min_samples_leaf': 0.011014834614991312, 'min_weight_fraction_leaf': 0.05866454428679878, 'max_features': 0.6019910336615897, 'bootstrap': True, 'max_samples': 0.3585941035605298, 'oob_score': True}. Best is trial 322 with value: 0.694845396553984.[0m
[32m[I 2022-04-21 13:39:02,968][0m Trial 480 finished with value: 0.6874422457982 and parameters: {'n_estimators': 775, 'min_samples_split': 0.020454681306221627, 'min_samples_leaf': 0.02722029381841705, 'min_weight_fraction_leaf': 0.046287633086485626, 'max_features': 0.6446103566362066, 'bootstrap': True, 'max_samples': 0.3896108114169291, 'oob_score': True}. Best is trial 322 with value: 0.694845396553984.[0m
