[32m[I 2022-05-04 20:28:51,259][0m Trial 997 finished with value: 0.8398434476967873 and parameters: {'n_estimators': 116, 'min_samples_split': 0.07112283071704871, 'min_samples_leaf': 0.14206642911549985, 'min_weight_fraction_leaf': 0.07329034865764532, 'max_features': 0.8786105483527951, 'bootstrap': False, 'max_samples': 0.3357393390719128}. Best is trial 903 with value: 0.841484988947041.[0m
[32m[I 2022-05-04 20:35:23,781][0m Trial 998 finished with value: 0.8393291710333216 and parameters: {'n_estimators': 110, 'min_samples_split': 0.05726911803185748, 'min_samples_leaf': 0.13332649217439177, 'min_weight_fraction_leaf': 0.07839916432892072, 'max_features': 0.8491025161853992, 'bootstrap': False, 'max_samples': 0.36458520792947424}. Best is trial 903 with value: 0.841484988947041.[0m
[32m[I 2022-05-04 20:41:27,037][0m Trial 999 finished with value: 0.8386977332828549 and parameters: {'n_estimators': 118, 'min_samples_split': 0.06269574169508274, 'min_samples_leaf': 0.16285318370708818, 'min_weight_fraction_leaf': 0.10639353703839056, 'max_features': 0.8666436722678893, 'bootstrap': False, 'max_samples': 0.3784244059701963}. Best is trial 903 with value: 0.841484988947041.[0m
RandomSurvivalForest
Running Optimizer with LogRank binary scoring
{'n_estimators': 205, 'min_samples_split': 0.020291985051448524, 'min_samples_leaf': 0.1385578826583956, 'min_weight_fraction_leaf': 0.008989451494319872, 'max_features': 0.8506371302781686, 'bootstrap': False, 'max_samples': 0.9787021656147553, 'UnoC_LR': 0.9207214438111938}
Running Optimizer normaly
{'n_estimators': 124, 'min_samples_split': 0.03761532050050915, 'min_samples_leaf': 0.13645173002854044, 'min_weight_fraction_leaf': 0.04666117897858357, 'max_features': 0.8542962778415047, 'bootstrap': False, 'max_samples': 0.3443573258239851, 'UnoC': 0.841484988947041}
