[32m[I 2022-04-26 11:18:02,295][0m Trial 594 finished with value: 0.9183727176699101 and parameters: {'n_estimators': 132, 'min_samples_split': 0.23220618692095515, 'min_samples_leaf': 0.12626400187805537, 'min_weight_fraction_leaf': 0.05653125691489905, 'max_features': 0.8736818608285366, 'bootstrap': False, 'max_samples': 0.48733120375888606}. Best is trial 272 with value: 0.9207214438111938.[0m
[32m[I 2022-04-26 11:25:00,025][0m Trial 595 finished with value: 0.9206907647376198 and parameters: {'n_estimators': 120, 'min_samples_split': 0.19210137456216095, 'min_samples_leaf': 0.1369297544873083, 'min_weight_fraction_leaf': 0.06714692838662924, 'max_features': 0.8525995780293336, 'bootstrap': False, 'max_samples': 0.48941615528624954}. Best is trial 272 with value: 0.9207214438111938.[0m
[32m[I 2022-04-26 11:25:22,249][0m Trial 596 finished with value: 0.8701084745350913 and parameters: {'n_estimators': 116, 'min_samples_split': 0.19049847898312056, 'min_samples_leaf': 0.15899383924775282, 'min_weight_fraction_leaf': 0.07632983034819248, 'max_features': 0.8278203581658383, 'bootstrap': True, 'max_samples': 0.4849157460901075, 'oob_score': True}. Best is trial 272 with value: 0.9207214438111938.[0m
[32m[I 2022-04-26 11:32:03,192][0m Trial 597 finished with value: 0.9199670837703602 and parameters: {'n_estimators': 116, 'min_samples_split': 0.17766579420322953, 'min_samples_leaf': 0.14378542603552164, 'min_weight_fraction_leaf': 0.09251673864111817, 'max_features': 0.8641707634306316, 'bootstrap': False, 'max_samples': 0.6413090905170267}. Best is trial 272 with value: 0.9207214438111938.[0m
[32m[I 2022-04-26 11:39:30,576][0m Trial 598 finished with value: 0.9197537358986931 and parameters: {'n_estimators': 121, 'min_samples_split': 0.164198690727042, 'min_samples_leaf': 0.13680566138374106, 'min_weight_fraction_leaf': 0.06796487971130662, 'max_features': 0.8841771689455982, 'bootstrap': False, 'max_samples': 0.4684375030574212}. Best is trial 272 with value: 0.9207214438111938.[0m
[32m[I 2022-04-26 11:46:40,332][0m Trial 599 finished with value: 0.9197693000952094 and parameters: {'n_estimators': 131, 'min_samples_split': 0.19349287714889546, 'min_samples_leaf': 0.15115576735260672, 'min_weight_fraction_leaf': 0.061795824799721594, 'max_features': 0.8489077935491388, 'bootstrap': False, 'max_samples': 0.4903693886734856}. Best is trial 272 with value: 0.9207214438111938.[0m
[32m[I 2022-04-26 11:53:17,690][0m Trial 600 finished with value: 0.9180317434986872 and parameters: {'n_estimators': 107, 'min_samples_split': 0.1959494322511579, 'min_samples_leaf': 0.12435890145615608, 'min_weight_fraction_leaf': 0.0512578215535645, 'max_features': 0.8176144815852007, 'bootstrap': False, 'max_samples': 0.45950226835770397}. Best is trial 272 with value: 0.9207214438111938.[0m
[32m[I 2022-04-26 11:59:50,379][0m Trial 601 finished with value: 0.9203865285171571 and parameters: {'n_estimators': 112, 'min_samples_split': 0.17335326625214537, 'min_samples_leaf': 0.13609395608135239, 'min_weight_fraction_leaf': 0.07002018600164896, 'max_features': 0.8383727212655004, 'bootstrap': False, 'max_samples': 0.8272021983410107}. Best is trial 272 with value: 0.9207214438111938.[0m
[32m[I 2022-04-26 12:05:29,285][0m Trial 602 finished with value: 0.918449123841306 and parameters: {'n_estimators': 105, 'min_samples_split': 0.15473558642476226, 'min_samples_leaf': 0.15980110522875032, 'min_weight_fraction_leaf': 0.08275598440648525, 'max_features': 0.8970360271013899, 'bootstrap': False, 'max_samples': 0.8479875455012803}. Best is trial 272 with value: 0.9207214438111938.[0m
[32m[I 2022-04-26 12:11:51,538][0m Trial 603 finished with value: 0.9199234088284143 and parameters: {'n_estimators': 110, 'min_samples_split': 0.17485062060060477, 'min_samples_leaf': 0.1446398725099144, 'min_weight_fraction_leaf': 0.0712818640634493, 'max_features': 0.8639323083043311, 'bootstrap': False, 'max_samples': 0.44857126833492017}. Best is trial 272 with value: 0.9207214438111938.[0m
[32m[I 2022-04-26 12:19:40,487][0m Trial 604 finished with value: 0.9179676642686806 and parameters: {'n_estimators': 118, 'min_samples_split': 0.16810731818836475, 'min_samples_leaf': 0.11686820176576504, 'min_weight_fraction_leaf': 0.09249118406049306, 'max_features': 0.8431736776273905, 'bootstrap': False, 'max_samples': 0.47917686118179936}. Best is trial 272 with value: 0.9207214438111938.[0m
[32m[I 2022-04-26 12:26:40,277][0m Trial 605 finished with value: 0.9194760295827497 and parameters: {'n_estimators': 111, 'min_samples_split': 0.17909446119481112, 'min_samples_leaf': 0.12928362775121893, 'min_weight_fraction_leaf': 0.08162984608931861, 'max_features': 0.8778881385428267, 'bootstrap': False, 'max_samples': 0.8125207257434441}. Best is trial 272 with value: 0.9207214438111938.[0m
[32m[I 2022-04-26 12:32:45,250][0m Trial 606 finished with value: 0.9199174607361472 and parameters: {'n_estimators': 112, 'min_samples_split': 0.18655544213342673, 'min_samples_leaf': 0.14761787266873064, 'min_weight_fraction_leaf': 0.07129375365364707, 'max_features': 0.8425231161578038, 'bootstrap': False, 'max_samples': 0.46753957170961374}. Best is trial 272 with value: 0.9207214438111938.[0m
[32m[I 2022-04-26 12:39:55,096][0m Trial 607 finished with value: 0.9201614622937608 and parameters: {'n_estimators': 120, 'min_samples_split': 0.18068412704209888, 'min_samples_leaf': 0.13696215649747848, 'min_weight_fraction_leaf': 0.06301830229925946, 'max_features': 0.8631378800949672, 'bootstrap': False, 'max_samples': 0.3313068334180973}. Best is trial 272 with value: 0.9207214438111938.[0m
[32m[I 2022-04-26 12:46:02,066][0m Trial 608 finished with value: 0.9184744413504262 and parameters: {'n_estimators': 109, 'min_samples_split': 0.1641247159097315, 'min_samples_leaf': 0.15554929087353592, 'min_weight_fraction_leaf': 0.0752309882362829, 'max_features': 0.89616423903898, 'bootstrap': False, 'max_samples': 0.5027344741707657}. Best is trial 272 with value: 0.9207214438111938.[0m
[32m[I 2022-04-26 12:53:11,578][0m Trial 609 finished with value: 0.9179808189998608 and parameters: {'n_estimators': 114, 'min_samples_split': 0.2036738899895088, 'min_samples_leaf': 0.12465677543323872, 'min_weight_fraction_leaf': 0.06597954115660984, 'max_features': 0.837086370772427, 'bootstrap': False, 'max_samples': 0.442849856413477}. Best is trial 272 with value: 0.9207214438111938.[0m
[32m[I 2022-04-26 13:00:25,211][0m Trial 610 finished with value: 0.9199536682341222 and parameters: {'n_estimators': 124, 'min_samples_split': 0.190698454295287, 'min_samples_leaf': 0.1421883033470296, 'min_weight_fraction_leaf': 0.058511674613510575, 'max_features': 0.8781723106651025, 'bootstrap': False, 'max_samples': 0.48097240603784447}. Best is trial 272 with value: 0.9207214438111938.[0m
[32m[I 2022-04-26 13:07:52,519][0m Trial 611 finished with value: 0.9199494738417389 and parameters: {'n_estimators': 126, 'min_samples_split': 0.17415773210495333, 'min_samples_leaf': 0.1329132272933699, 'min_weight_fraction_leaf': 0.08198069975748824, 'max_features': 0.85726816762835, 'bootstrap': False, 'max_samples': 0.22449364787080833}. Best is trial 272 with value: 0.9207214438111938.[0m
[32m[I 2022-04-26 13:13:45,779][0m Trial 612 finished with value: 0.9193798215186421 and parameters: {'n_estimators': 120, 'min_samples_split': 0.19668979418333069, 'min_samples_leaf': 0.16155337669448366, 'min_weight_fraction_leaf': 0.10878564690338247, 'max_features': 0.8284642388392071, 'bootstrap': False, 'max_samples': 0.42920754262190886}. Best is trial 272 with value: 0.9207214438111938.[0m
[32m[I 2022-04-26 13:26:25,020][0m Trial 613 finished with value: 0.9178521143728355 and parameters: {'n_estimators': 190, 'min_samples_split': 0.18396185828495537, 'min_samples_leaf': 0.11646424034848335, 'min_weight_fraction_leaf': 0.07130147517029607, 'max_features': 0.9058566012790821, 'bootstrap': False, 'max_samples': 0.5230777266265554}. Best is trial 272 with value: 0.9207214438111938.[0m
[32m[I 2022-04-26 13:27:39,271][0m Trial 614 finished with value: 0.8956546783262924 and parameters: {'n_estimators': 127, 'min_samples_split': 0.20458935051765054, 'min_samples_leaf': 0.14943532555574138, 'min_weight_fraction_leaf': 0.05203385390353016, 'max_features': 0.855795878672611, 'bootstrap': True, 'max_samples': 0.82341149629672, 'oob_score': False}. Best is trial 272 with value: 0.9207214438111938.[0m
[32m[I 2022-04-26 13:34:31,769][0m Trial 615 finished with value: 0.9201575211619655 and parameters: {'n_estimators': 118, 'min_samples_split': 0.1450534055957026, 'min_samples_leaf': 0.13622375510005638, 'min_weight_fraction_leaf': 0.09668235091645892, 'max_features': 0.816529222532844, 'bootstrap': False, 'max_samples': 0.4585308590798545}. Best is trial 272 with value: 0.9207214438111938.[0m
[32m[I 2022-04-26 13:40:16,471][0m Trial 616 finished with value: 0.9027054653137053 and parameters: {'n_estimators': 100, 'min_samples_split': 0.1710659626785248, 'min_samples_leaf': 0.12609996067167728, 'min_weight_fraction_leaf': 0.23700522457769269, 'max_features': 0.8817446811902796, 'bootstrap': False, 'max_samples': 0.782996520999956}. Best is trial 272 with value: 0.9207214438111938.[0m
[32m[I 2022-04-26 13:47:08,540][0m Trial 617 finished with value: 0.9195300121197338 and parameters: {'n_estimators': 129, 'min_samples_split': 0.1968952997400639, 'min_samples_leaf': 0.14512459347114634, 'min_weight_fraction_leaf': 0.04277791026605236, 'max_features': 0.8369803989204412, 'bootstrap': False, 'max_samples': 0.5029351176762384}. Best is trial 272 with value: 0.9207214438111938.[0m
[32m[I 2022-04-26 13:54:53,534][0m Trial 618 finished with value: 0.8678087406929949 and parameters: {'n_estimators': 186, 'min_samples_split': 0.1585344250313958, 'min_samples_leaf': 0.10718870652551432, 'min_weight_fraction_leaf': 0.3937561456599513, 'max_features': 0.8526058296463859, 'bootstrap': False, 'max_samples': 0.48090372765347633}. Best is trial 272 with value: 0.9207214438111938.[0m
[32m[I 2022-04-26 14:02:03,432][0m Trial 619 finished with value: 0.9192655363416975 and parameters: {'n_estimators': 135, 'min_samples_split': 0.2108838485017164, 'min_samples_leaf': 0.15595671245519818, 'min_weight_fraction_leaf': 0.059468122826140606, 'max_features': 0.8691669444392215, 'bootstrap': False, 'max_samples': 0.4461096212244292}. Best is trial 272 with value: 0.9207214438111938.[0m
[32m[I 2022-04-26 14:08:38,751][0m Trial 620 finished with value: 0.9200864246603844 and parameters: {'n_estimators': 113, 'min_samples_split': 0.1852632300141274, 'min_samples_leaf': 0.13577297561333, 'min_weight_fraction_leaf': 0.03642768728859253, 'max_features': 0.8213738493096623, 'bootstrap': False, 'max_samples': 0.5628677711094995}. Best is trial 272 with value: 0.9207214438111938.[0m
[32m[I 2022-04-26 14:15:22,703][0m Trial 621 finished with value: 0.9180339361699461 and parameters: {'n_estimators': 107, 'min_samples_split': 0.20036811883960107, 'min_samples_leaf': 0.12344889914489325, 'min_weight_fraction_leaf': 0.05194276692029702, 'max_features': 0.839316060076542, 'bootstrap': False, 'max_samples': 0.7239733864702884}. Best is trial 272 with value: 0.9207214438111938.[0m
[32m[I 2022-04-26 14:24:34,498][0m Trial 622 finished with value: 0.9197950950090898 and parameters: {'n_estimators': 175, 'min_samples_split': 0.18928164060674613, 'min_samples_leaf': 0.14580048921078242, 'min_weight_fraction_leaf': 0.06736137608795313, 'max_features': 0.8081612700291517, 'bootstrap': False, 'max_samples': 0.4231518482180552}. Best is trial 272 with value: 0.9207214438111938.[0m
[32m[I 2022-04-26 14:31:36,951][0m Trial 623 finished with value: 0.9035913558850457 and parameters: {'n_estimators': 122, 'min_samples_split': 0.2164355434757465, 'min_samples_leaf': 0.12958219653784922, 'min_weight_fraction_leaf': 0.2137233567990897, 'max_features': 0.8902906557955322, 'bootstrap': False, 'max_samples': 0.45908961652405367}. Best is trial 272 with value: 0.9207214438111938.[0m
[32m[I 2022-04-26 14:41:39,710][0m Trial 624 finished with value: 0.9198094405702151 and parameters: {'n_estimators': 200, 'min_samples_split': 0.2683249881481967, 'min_samples_leaf': 0.16242236045654956, 'min_weight_fraction_leaf': 0.07870969511983142, 'max_features': 0.8655040968745891, 'bootstrap': False, 'max_samples': 0.498726365200117}. Best is trial 272 with value: 0.9207214438111938.[0m
[32m[I 2022-04-26 14:42:59,609][0m Trial 625 finished with value: 0.8677741260355886 and parameters: {'n_estimators': 134, 'min_samples_split': 0.17857587342907053, 'min_samples_leaf': 0.39666325848849404, 'min_weight_fraction_leaf': 0.04084610734582858, 'max_features': 0.8435273140058658, 'bootstrap': False, 'max_samples': 0.5300988226832412}. Best is trial 272 with value: 0.9207214438111938.[0m
[32m[I 2022-04-26 14:50:01,027][0m Trial 626 finished with value: 0.9195853101513307 and parameters: {'n_estimators': 127, 'min_samples_split': 0.20655080288984864, 'min_samples_leaf': 0.14017844578792846, 'min_weight_fraction_leaf': 0.03796021590927909, 'max_features': 0.8293997074497746, 'bootstrap': False, 'max_samples': 0.48277628219443885}. Best is trial 272 with value: 0.9207214438111938.[0m
[32m[I 2022-04-26 14:59:54,064][0m Trial 627 finished with value: 0.9197261482151557 and parameters: {'n_estimators': 185, 'min_samples_split': 0.19690510661171987, 'min_samples_leaf': 0.15336656571324112, 'min_weight_fraction_leaf': 0.052260496229383786, 'max_features': 0.8693603662689552, 'bootstrap': False, 'max_samples': 0.46791036026716404}. Best is trial 272 with value: 0.9207214438111938.[0m
[32m[I 2022-04-26 15:11:43,940][0m Trial 628 finished with value: 0.9197946228338999 and parameters: {'n_estimators': 193, 'min_samples_split': 0.17353889881850254, 'min_samples_leaf': 0.13600898528369992, 'min_weight_fraction_leaf': 0.08908604772802717, 'max_features': 0.909924463539788, 'bootstrap': False, 'max_samples': 0.4336560783297045}. Best is trial 272 with value: 0.9207214438111938.[0m
[32m[I 2022-04-26 15:15:44,114][0m Trial 629 finished with value: 0.9119769785147771 and parameters: {'n_estimators': 137, 'min_samples_split': 0.28745445077888504, 'min_samples_leaf': 0.11689389354584913, 'min_weight_fraction_leaf': 0.030756056889011715, 'max_features': 0.30410135365860747, 'bootstrap': False, 'max_samples': 0.4517841643397648}. Best is trial 272 with value: 0.9207214438111938.[0m
[32m[I 2022-04-26 15:22:12,132][0m Trial 630 finished with value: 0.9193239441247265 and parameters: {'n_estimators': 123, 'min_samples_split': 0.12414714643006894, 'min_samples_leaf': 0.1489156773164573, 'min_weight_fraction_leaf': 0.023223801175479127, 'max_features': 0.8039393227342997, 'bootstrap': False, 'max_samples': 0.4184431448378027}. Best is trial 272 with value: 0.9207214438111938.[0m
[32m[I 2022-04-26 15:31:01,383][0m Trial 631 finished with value: 0.9199865066397745 and parameters: {'n_estimators': 144, 'min_samples_split': 0.21165282901368354, 'min_samples_leaf': 0.12808801884267046, 'min_weight_fraction_leaf': 0.03381632014276169, 'max_features': 0.8537080739036241, 'bootstrap': False, 'max_samples': 0.4954931363601112}. Best is trial 272 with value: 0.9207214438111938.[0m
[32m[I 2022-04-26 15:38:03,254][0m Trial 632 finished with value: 0.9196799657568777 and parameters: {'n_estimators': 130, 'min_samples_split': 0.19086803549319467, 'min_samples_leaf': 0.14119167962966603, 'min_weight_fraction_leaf': 0.061684058363365185, 'max_features': 0.8277661279830758, 'bootstrap': False, 'max_samples': 0.5198992835958346}. Best is trial 272 with value: 0.9207214438111938.[0m
[32m[I 2022-04-26 15:38:31,324][0m Trial 633 finished with value: 0.8593375044126956 and parameters: {'n_estimators': 173, 'min_samples_split': 0.22004277881383985, 'min_samples_leaf': 0.16263333221508436, 'min_weight_fraction_leaf': 0.020603612933798747, 'max_features': 0.883349655569183, 'bootstrap': True, 'max_samples': 0.4423895001768888, 'oob_score': True}. Best is trial 272 with value: 0.9207214438111938.[0m
[32m[I 2022-04-26 15:46:29,646][0m Trial 634 finished with value: 0.9188117786572118 and parameters: {'n_estimators': 118, 'min_samples_split': 0.2020597753778427, 'min_samples_leaf': 0.11382156451183219, 'min_weight_fraction_leaf': 0.04285990323305502, 'max_features': 0.8512883898204823, 'bootstrap': False, 'max_samples': 0.6225559796040642}. Best is trial 272 with value: 0.9207214438111938.[0m
[32m[I 2022-04-26 15:53:31,960][0m Trial 635 finished with value: 0.9195124588024853 and parameters: {'n_estimators': 135, 'min_samples_split': 0.18528980728232114, 'min_samples_leaf': 0.15158209813556828, 'min_weight_fraction_leaf': 0.0003213216825892779, 'max_features': 0.8170964000876633, 'bootstrap': False, 'max_samples': 0.46950450471436883}. Best is trial 272 with value: 0.9207214438111938.[0m
[32m[I 2022-04-26 16:05:30,530][0m Trial 636 finished with value: 0.9188486905864387 and parameters: {'n_estimators': 200, 'min_samples_split': 0.1619638993598923, 'min_samples_leaf': 0.13200080216599566, 'min_weight_fraction_leaf': 0.01787001861392747, 'max_features': 0.8684511398611872, 'bootstrap': False, 'max_samples': 0.4745132584845866}. Best is trial 272 with value: 0.9207214438111938.[0m
[32m[I 2022-04-26 16:12:16,275][0m Trial 637 finished with value: 0.9196349664159655 and parameters: {'n_estimators': 127, 'min_samples_split': 0.2569356196819318, 'min_samples_leaf': 0.14333212829934272, 'min_weight_fraction_leaf': 3.383952572370841e-06, 'max_features': 0.7933529682158937, 'bootstrap': False, 'max_samples': 0.491571375390798}. Best is trial 272 with value: 0.9207214438111938.[0m
[32m[I 2022-04-26 16:21:33,325][0m Trial 638 finished with value: 0.9179087490926499 and parameters: {'n_estimators': 144, 'min_samples_split': 0.2094404196548862, 'min_samples_leaf': 0.12107591966051645, 'min_weight_fraction_leaf': 0.05012141480567868, 'max_features': 0.8414125322103997, 'bootstrap': False, 'max_samples': 0.8334161629935832}. Best is trial 272 with value: 0.9207214438111938.[0m
[32m[I 2022-04-26 16:32:45,495][0m Trial 639 finished with value: 0.9193159238529158 and parameters: {'n_estimators': 182, 'min_samples_split': 0.22299270406354882, 'min_samples_leaf': 0.13524139868968843, 'min_weight_fraction_leaf': 0.03440513822461909, 'max_features': 0.8882045404847299, 'bootstrap': False, 'max_samples': 0.548141217893936}. Best is trial 272 with value: 0.9207214438111938.[0m
[32m[I 2022-04-26 16:40:28,440][0m Trial 640 finished with value: 0.8898068838733074 and parameters: {'n_estimators': 167, 'min_samples_split': 0.17234926551144042, 'min_samples_leaf': 0.15387368649588834, 'min_weight_fraction_leaf': 0.26833127509169896, 'max_features': 0.828548710522971, 'bootstrap': False, 'max_samples': 0.4197214025758559}. Best is trial 272 with value: 0.9207214438111938.[0m
[32m[I 2022-04-26 16:46:49,189][0m Trial 641 finished with value: 0.9177084691735425 and parameters: {'n_estimators': 103, 'min_samples_split': 0.19569939911228232, 'min_samples_leaf': 0.1250840681023462, 'min_weight_fraction_leaf': 0.07148564323501758, 'max_features': 0.8577865034661227, 'bootstrap': False, 'max_samples': 0.3053646193587727}. Best is trial 272 with value: 0.9207214438111938.[0m
[32m[I 2022-04-26 17:03:03,326][0m Trial 642 finished with value: 0.8925558339883946 and parameters: {'n_estimators': 574, 'min_samples_split': 0.244649015018489, 'min_samples_leaf': 0.25918091276161737, 'min_weight_fraction_leaf': 0.013536569496245071, 'max_features': 0.8380249568497482, 'bootstrap': False, 'max_samples': 0.5129697341569099}. Best is trial 272 with value: 0.9207214438111938.[0m
[32m[I 2022-04-26 17:08:19,703][0m Trial 643 finished with value: 0.9039567970205413 and parameters: {'n_estimators': 139, 'min_samples_split': 0.18304571687847565, 'min_samples_leaf': 0.22047375748574177, 'min_weight_fraction_leaf': 0.02609342460063713, 'max_features': 0.9108016604217701, 'bootstrap': False, 'max_samples': 0.17317139818604824}. Best is trial 272 with value: 0.9207214438111938.[0m
[32m[I 2022-04-26 17:14:37,240][0m Trial 644 finished with value: 0.9197286628195789 and parameters: {'n_estimators': 114, 'min_samples_split': 0.21340871653082913, 'min_samples_leaf': 0.14016703426400842, 'min_weight_fraction_leaf': 0.010253931726267103, 'max_features': 0.8099719771369072, 'bootstrap': False, 'max_samples': 0.4537394510302214}. Best is trial 272 with value: 0.9207214438111938.[0m
[32m[I 2022-04-26 17:24:41,788][0m Trial 645 finished with value: 0.9171589633631957 and parameters: {'n_estimators': 131, 'min_samples_split': 0.20220460379586064, 'min_samples_leaf': 0.10637309992503574, 'min_weight_fraction_leaf': 0.0544380287717634, 'max_features': 0.8705498012995698, 'bootstrap': False, 'max_samples': 0.39532301648916934}. Best is trial 272 with value: 0.9207214438111938.[0m
[32m[I 2022-04-26 17:29:57,784][0m Trial 646 finished with value: 0.7842399913988289 and parameters: {'n_estimators': 148, 'min_samples_split': 0.18988836828418035, 'min_samples_leaf': 0.1626464110127876, 'min_weight_fraction_leaf': 0.33460791062013223, 'max_features': 0.8480479604805871, 'bootstrap': False, 'max_samples': 0.4296974528951886}. Best is trial 272 with value: 0.9207214438111938.[0m
[32m[I 2022-04-26 17:36:50,812][0m Trial 647 finished with value: 0.9187679451646845 and parameters: {'n_estimators': 122, 'min_samples_split': 0.22573184730077184, 'min_samples_leaf': 0.15243739981398283, 'min_weight_fraction_leaf': 0.031043819194736547, 'max_features': 0.8918646090998981, 'bootstrap': False, 'max_samples': 0.4697021833357873}. Best is trial 272 with value: 0.9207214438111938.[0m
