[32m[I 2022-05-02 19:39:15,752][0m Trial 619 finished with value: 0.5 and parameters: {'n_estimators': 132, 'min_samples_split': 0.25962334234015255, 'min_samples_leaf': 0.095409881845892, 'min_weight_fraction_leaf': 0.04659707985464066, 'max_features': 0.8571688788691708, 'bootstrap': True, 'max_samples': 0.27130453243435, 'oob_score': False}. Best is trial 376 with value: 0.8413011491451163.[0m
[32m[I 2022-05-02 19:49:27,778][0m Trial 620 finished with value: 0.8394680589947667 and parameters: {'n_estimators': 183, 'min_samples_split': 0.23814128080056085, 'min_samples_leaf': 0.14266143943677995, 'min_weight_fraction_leaf': 0.008664547959733666, 'max_features': 0.879840476722059, 'bootstrap': False, 'max_samples': 0.392802722224263}. Best is trial 376 with value: 0.8413011491451163.[0m
[32m[I 2022-05-02 19:49:39,771][0m Trial 621 finished with value: 0.7145264105424592 and parameters: {'n_estimators': 141, 'min_samples_split': 0.25206524071316105, 'min_samples_leaf': 0.4846978439352253, 'min_weight_fraction_leaf': 0.03587011842095637, 'max_features': 0.8347087914741259, 'bootstrap': False, 'max_samples': 0.31942550548787896}. Best is trial 376 with value: 0.8413011491451163.[0m
[32m[I 2022-05-02 19:59:19,286][0m Trial 622 finished with value: 0.8391346784129677 and parameters: {'n_estimators': 162, 'min_samples_split': 0.2716809028623207, 'min_samples_leaf': 0.12899873647922838, 'min_weight_fraction_leaf': 0.00031277773858637975, 'max_features': 0.8604177720745813, 'bootstrap': False, 'max_samples': 0.499875349456435}. Best is trial 376 with value: 0.8413011491451163.[0m
[32m[I 2022-05-02 20:05:48,197][0m Trial 623 finished with value: 0.8390960293853448 and parameters: {'n_estimators': 126, 'min_samples_split': 0.17328464883151956, 'min_samples_leaf': 0.1517118320762185, 'min_weight_fraction_leaf': 0.023701216453416392, 'max_features': 0.8221148863502213, 'bootstrap': False, 'max_samples': 0.3502669890037773}. Best is trial 376 with value: 0.8413011491451163.[0m
[32m[I 2022-05-02 20:29:28,523][0m Trial 624 finished with value: 0.8378104180503543 and parameters: {'n_estimators': 411, 'min_samples_split': 0.2164397617978794, 'min_samples_leaf': 0.13824209687674258, 'min_weight_fraction_leaf': 0.08382889262932697, 'max_features': 0.8944903491287919, 'bootstrap': False, 'max_samples': 0.5721746206461005}. Best is trial 376 with value: 0.8413011491451163.[0m
[32m[I 2022-05-02 20:32:36,435][0m Trial 625 finished with value: 0.7771962836680796 and parameters: {'n_estimators': 114, 'min_samples_split': 0.22740814368016635, 'min_samples_leaf': 0.2728051176644069, 'min_weight_fraction_leaf': 0.1682838191856677, 'max_features': 0.8722041846691079, 'bootstrap': False, 'max_samples': 0.7389489899867534}. Best is trial 376 with value: 0.8413011491451163.[0m
[32m[I 2022-05-02 20:44:23,687][0m Trial 626 finished with value: 0.832734464749602 and parameters: {'n_estimators': 209, 'min_samples_split': 0.2808200381721358, 'min_samples_leaf': 0.15388093728871985, 'min_weight_fraction_leaf': 0.018995904235487585, 'max_features': 0.9540451276675511, 'bootstrap': False, 'max_samples': 0.025298129061007937}. Best is trial 376 with value: 0.8413011491451163.[0m
[32m[I 2022-05-02 20:51:54,810][0m Trial 627 finished with value: 0.8358248885293085 and parameters: {'n_estimators': 121, 'min_samples_split': 0.23840507472084416, 'min_samples_leaf': 0.12093341155510313, 'min_weight_fraction_leaf': 0.00010291549249821482, 'max_features': 0.8452846365079705, 'bootstrap': False, 'max_samples': 0.36973774704263496}. Best is trial 376 with value: 0.8413011491451163.[0m
[32m[I 2022-05-02 20:58:20,240][0m Trial 628 finished with value: 0.8249466871096436 and parameters: {'n_estimators': 151, 'min_samples_split': 0.2611801571568544, 'min_samples_leaf': 0.17426103555152356, 'min_weight_fraction_leaf': 0.05537893518616317, 'max_features': 0.7780424024728704, 'bootstrap': False, 'max_samples': 0.39756030096752015}. Best is trial 376 with value: 0.8413011491451163.[0m
[32m[I 2022-05-02 21:04:27,996][0m Trial 629 finished with value: 0.7983245927976271 and parameters: {'n_estimators': 224, 'min_samples_split': 0.1975283504333013, 'min_samples_leaf': 0.252679021433506, 'min_weight_fraction_leaf': 0.03149853190122872, 'max_features': 0.8073172216099412, 'bootstrap': False, 'max_samples': 0.45081914056165223}. Best is trial 376 with value: 0.8413011491451163.[0m
[32m[I 2022-05-02 21:11:02,599][0m Trial 630 finished with value: 0.8389381305953177 and parameters: {'n_estimators': 135, 'min_samples_split': 0.2488579377111434, 'min_samples_leaf': 0.16044289238671366, 'min_weight_fraction_leaf': 0.00981196577399708, 'max_features': 0.8346216219815934, 'bootstrap': False, 'max_samples': 0.054583470105905446}. Best is trial 376 with value: 0.8413011491451163.[0m
[32m[I 2022-05-02 21:21:00,085][0m Trial 631 finished with value: 0.8390406149133367 and parameters: {'n_estimators': 178, 'min_samples_split': 0.026661822989671565, 'min_samples_leaf': 0.14156991502325628, 'min_weight_fraction_leaf': 0.040613971037527875, 'max_features': 0.8761134908432803, 'bootstrap': False, 'max_samples': 0.2967806945633805}. Best is trial 376 with value: 0.8413011491451163.[0m
[32m[I 2022-05-02 21:27:23,838][0m Trial 632 finished with value: 0.8391513930202699 and parameters: {'n_estimators': 108, 'min_samples_split': 0.20851974742935792, 'min_samples_leaf': 0.13088019339477464, 'min_weight_fraction_leaf': 0.016159991466466246, 'max_features': 0.8515298395182463, 'bootstrap': False, 'max_samples': 0.32323326928189655}. Best is trial 376 with value: 0.8413011491451163.[0m
[32m[I 2022-05-02 21:32:19,801][0m Trial 633 finished with value: 0.7284440937480053 and parameters: {'n_estimators': 129, 'min_samples_split': 0.0031890094975207672, 'min_samples_leaf': 0.14822625056768055, 'min_weight_fraction_leaf': 0.400815162122074, 'max_features': 0.8925067725695833, 'bootstrap': False, 'max_samples': 0.42648246552242897}. Best is trial 376 with value: 0.8413011491451163.[0m
[32m[I 2022-05-02 21:39:06,503][0m Trial 634 finished with value: 0.8395448728643453 and parameters: {'n_estimators': 116, 'min_samples_split': 0.22748709944875167, 'min_samples_leaf': 0.13463505236107387, 'min_weight_fraction_leaf': 5.413639951800265e-05, 'max_features': 0.8205434209549817, 'bootstrap': False, 'max_samples': 0.3554162850045491}. Best is trial 376 with value: 0.8413011491451163.[0m
[32m[I 2022-05-02 21:48:28,188][0m Trial 635 finished with value: 0.8391598164290791 and parameters: {'n_estimators': 142, 'min_samples_split': 0.26567304415951587, 'min_samples_leaf': 0.11510387859945176, 'min_weight_fraction_leaf': 0.07182676983968683, 'max_features': 0.8627150566154861, 'bootstrap': False, 'max_samples': 0.6190333702635658}. Best is trial 376 with value: 0.8413011491451163.[0m
[32m[I 2022-05-02 21:49:48,929][0m Trial 636 finished with value: 0.7852228926833366 and parameters: {'n_estimators': 122, 'min_samples_split': 0.2433583635318708, 'min_samples_leaf': 0.2977793309574966, 'min_weight_fraction_leaf': 0.022908902558700307, 'max_features': 0.3370004899940996, 'bootstrap': False, 'max_samples': 0.3834113555819168}. Best is trial 376 with value: 0.8413011491451163.[0m
[32m[I 2022-05-02 22:00:34,068][0m Trial 637 finished with value: 0.8370952286979222 and parameters: {'n_estimators': 169, 'min_samples_split': 0.21996063093462742, 'min_samples_leaf': 0.12586981437790834, 'min_weight_fraction_leaf': 0.010583914194857751, 'max_features': 0.9121581675750918, 'bootstrap': False, 'max_samples': 0.4822816499539301}. Best is trial 376 with value: 0.8413011491451163.[0m
[32m[I 2022-05-02 22:08:01,436][0m Trial 638 finished with value: 0.8405664731147156 and parameters: {'n_estimators': 135, 'min_samples_split': 0.25822031304240217, 'min_samples_leaf': 0.1431994776610937, 'min_weight_fraction_leaf': 0.03336546100236097, 'max_features': 0.8405765710319292, 'bootstrap': False, 'max_samples': 0.3380162240177319}. Best is trial 376 with value: 0.8413011491451163.[0m
[32m[I 2022-05-02 22:08:02,681][0m Trial 639 finished with value: 0.5 and parameters: {'n_estimators': 137, 'min_samples_split': 0.25806242002851426, 'min_samples_leaf': 0.16323216543302954, 'min_weight_fraction_leaf': 0.05846665749648414, 'max_features': 0.7523226593789728, 'bootstrap': True, 'max_samples': 0.3327138428622906, 'oob_score': False}. Best is trial 376 with value: 0.8413011491451163.[0m
[32m[I 2022-05-02 22:08:04,209][0m Trial 640 finished with value: 0.5505693592998819 and parameters: {'n_estimators': 144, 'min_samples_split': 0.27027023186058935, 'min_samples_leaf': 0.4998279216484131, 'min_weight_fraction_leaf': 0.048505148057811316, 'max_features': 0.7987301090064176, 'bootstrap': False, 'max_samples': 0.31204969382640346}. Best is trial 376 with value: 0.8413011491451163.[0m
[32m[I 2022-05-02 22:15:57,937][0m Trial 641 finished with value: 0.8390827546609962 and parameters: {'n_estimators': 156, 'min_samples_split': 0.2802860773500113, 'min_samples_leaf': 0.15243631231048582, 'min_weight_fraction_leaf': 0.04006539141567951, 'max_features': 0.8274176364958923, 'bootstrap': False, 'max_samples': 0.3420406041345171}. Best is trial 376 with value: 0.8413011491451163.[0m
[32m[I 2022-05-02 22:23:26,604][0m Trial 642 finished with value: 0.8406355489822982 and parameters: {'n_estimators': 136, 'min_samples_split': 0.25414422240444823, 'min_samples_leaf': 0.1440349469168788, 'min_weight_fraction_leaf': 0.03287550921867901, 'max_features': 0.8373292328175816, 'bootstrap': False, 'max_samples': 0.3637066533454227}. Best is trial 376 with value: 0.8413011491451163.[0m
[32m[I 2022-05-02 22:29:42,074][0m Trial 643 finished with value: 0.8383952913429983 and parameters: {'n_estimators': 133, 'min_samples_split': 0.24509894459039716, 'min_samples_leaf': 0.1586681534907709, 'min_weight_fraction_leaf': 0.04847414072021245, 'max_features': 0.7799495546169379, 'bootstrap': False, 'max_samples': 0.28564796107646917}. Best is trial 376 with value: 0.8413011491451163.[0m
[32m[I 2022-05-02 22:33:59,574][0m Trial 644 finished with value: 0.8069086220313831 and parameters: {'n_estimators': 129, 'min_samples_split': 0.25149890700076755, 'min_samples_leaf': 0.21975448539817088, 'min_weight_fraction_leaf': 0.064483518240282, 'max_features': 0.8017144754100831, 'bootstrap': False, 'max_samples': 0.33880764160840776}. Best is trial 376 with value: 0.8413011491451163.[0m
[32m[I 2022-05-02 22:40:13,553][0m Trial 645 finished with value: 0.8395301336545016 and parameters: {'n_estimators': 136, 'min_samples_split': 0.2398136696720899, 'min_samples_leaf': 0.16891580801499362, 'min_weight_fraction_leaf': 0.0315674788524907, 'max_features': 0.8190610143309512, 'bootstrap': False, 'max_samples': 0.7649957453126358}. Best is trial 376 with value: 0.8413011491451163.[0m
[32m[I 2022-05-02 22:47:05,728][0m Trial 646 finished with value: 0.8392425864697486 and parameters: {'n_estimators': 133, 'min_samples_split': 0.25592507329852227, 'min_samples_leaf': 0.15139800127519856, 'min_weight_fraction_leaf': 0.008568234436771592, 'max_features': 0.8322079678960959, 'bootstrap': False, 'max_samples': 0.37100680069433906}. Best is trial 376 with value: 0.8413011491451163.[0m
[32m[I 2022-05-02 22:53:13,322][0m Trial 647 finished with value: 0.7850342850213232 and parameters: {'n_estimators': 128, 'min_samples_split': 0.23020916922278123, 'min_samples_leaf': 0.14540904467805724, 'min_weight_fraction_leaf': 0.3103187230563298, 'max_features': 0.841223654554252, 'bootstrap': False, 'max_samples': 0.3139373035741382}. Best is trial 376 with value: 0.8413011491451163.[0m
[32m[I 2022-05-02 23:01:17,795][0m Trial 648 finished with value: 0.8393117260985921 and parameters: {'n_estimators': 150, 'min_samples_split': 0.24846607230687973, 'min_samples_leaf': 0.14362780103437872, 'min_weight_fraction_leaf': 0.041567934899780085, 'max_features': 0.8168782679675011, 'bootstrap': False, 'max_samples': 0.4105368138405528}. Best is trial 376 with value: 0.8413011491451163.[0m
[32m[I 2022-05-02 23:09:36,983][0m Trial 649 finished with value: 0.8355034606593437 and parameters: {'n_estimators': 138, 'min_samples_split': 0.2370133253955753, 'min_samples_leaf': 0.12532899806177747, 'min_weight_fraction_leaf': 0.024200415003557095, 'max_features': 0.8450822109010836, 'bootstrap': False, 'max_samples': 0.34938753758977914}. Best is trial 376 with value: 0.8413011491451163.[0m
[32m[I 2022-05-02 23:16:46,816][0m Trial 650 finished with value: 0.8391818642839926 and parameters: {'n_estimators': 125, 'min_samples_split': 0.25976541689310473, 'min_samples_leaf': 0.13248915058323676, 'min_weight_fraction_leaf': 0.0798016279051632, 'max_features': 0.8063710871549725, 'bootstrap': False, 'max_samples': 0.38578338130487816}. Best is trial 376 with value: 0.8413011491451163.[0m
[32m[I 2022-05-02 23:24:11,849][0m Trial 651 finished with value: 0.8393933525562698 and parameters: {'n_estimators': 143, 'min_samples_split': 0.2513807791297318, 'min_samples_leaf': 0.1561828569911424, 'min_weight_fraction_leaf': 0.09687449476879799, 'max_features': 0.847418963651571, 'bootstrap': False, 'max_samples': 0.23815174966936342}. Best is trial 376 with value: 0.8413011491451163.[0m
[32m[I 2022-05-02 23:33:31,804][0m Trial 652 finished with value: 0.8372871880606624 and parameters: {'n_estimators': 131, 'min_samples_split': 0.330144359362649, 'min_samples_leaf': 0.10636643468839542, 'min_weight_fraction_leaf': 0.015671337556637993, 'max_features': 0.8291582966025753, 'bootstrap': False, 'max_samples': 0.33517029812798826}. Best is trial 376 with value: 0.8413011491451163.[0m
[32m[I 2022-05-02 23:41:04,548][0m Trial 653 finished with value: 0.8322747146115697 and parameters: {'n_estimators': 137, 'min_samples_split': 0.3526752967792399, 'min_samples_leaf': 0.14574462213274192, 'min_weight_fraction_leaf': 0.029841745760120907, 'max_features': 0.8773916041849609, 'bootstrap': False, 'max_samples': 0.3549626341733687}. Best is trial 376 with value: 0.8413011491451163.[0m
[32m[I 2022-05-02 23:49:07,136][0m Trial 654 finished with value: 0.8401260846312738 and parameters: {'n_estimators': 148, 'min_samples_split': 0.23295338567910073, 'min_samples_leaf': 0.13563761148528625, 'min_weight_fraction_leaf': 0.011476270385095577, 'max_features': 0.7853003062715835, 'bootstrap': False, 'max_samples': 0.2979488722190906}. Best is trial 376 with value: 0.8413011491451163.[0m
[32m[I 2022-05-02 23:57:39,225][0m Trial 655 finished with value: 0.8225033583354667 and parameters: {'n_estimators': 194, 'min_samples_split': 0.04546962897764584, 'min_samples_leaf': 0.17802241056693435, 'min_weight_fraction_leaf': 0.05201065258133412, 'max_features': 0.8552098278829254, 'bootstrap': False, 'max_samples': 0.3967789973772523}. Best is trial 376 with value: 0.8413011491451163.[0m
[32m[I 2022-05-03 00:03:31,027][0m Trial 656 finished with value: 0.8385676718679168 and parameters: {'n_estimators': 123, 'min_samples_split': 0.2446641576156071, 'min_samples_leaf': 0.16420902351873426, 'min_weight_fraction_leaf': 0.019353460577410067, 'max_features': 0.828792069997037, 'bootstrap': False, 'max_samples': 0.6569583889451952}. Best is trial 376 with value: 0.8413011491451163.[0m
[32m[I 2022-05-03 00:05:06,564][0m Trial 657 finished with value: 0.809214946332592 and parameters: {'n_estimators': 166, 'min_samples_split': 0.2629321967947328, 'min_samples_leaf': 0.12098042568613637, 'min_weight_fraction_leaf': 0.00020057452906068677, 'max_features': 0.8724037415130708, 'bootstrap': True, 'max_samples': 0.693678267217564, 'oob_score': True}. Best is trial 376 with value: 0.8413011491451163.[0m
[32m[I 2022-05-03 00:12:15,363][0m Trial 658 finished with value: 0.8404558331762116 and parameters: {'n_estimators': 130, 'min_samples_split': 0.2396624989544627, 'min_samples_leaf': 0.140366852540583, 'min_weight_fraction_leaf': 0.009155056282343178, 'max_features': 0.8505072748541318, 'bootstrap': False, 'max_samples': 0.5484853788731466}. Best is trial 376 with value: 0.8413011491451163.[0m
[32m[I 2022-05-03 00:19:30,652][0m Trial 659 finished with value: 0.8405453297789155 and parameters: {'n_estimators': 132, 'min_samples_split': 0.23052728721527055, 'min_samples_leaf': 0.13605878739221125, 'min_weight_fraction_leaf': 0.008744346197825338, 'max_features': 0.8099534333493288, 'bootstrap': False, 'max_samples': 0.6061568996754529}. Best is trial 376 with value: 0.8413011491451163.[0m
[32m[I 2022-05-03 00:27:40,948][0m Trial 660 finished with value: 0.8365353676494877 and parameters: {'n_estimators': 129, 'min_samples_split': 0.2276256043686333, 'min_samples_leaf': 0.11390717746007308, 'min_weight_fraction_leaf': 0.008532258682618248, 'max_features': 0.795739908478106, 'bootstrap': False, 'max_samples': 0.6231475234677093}. Best is trial 376 with value: 0.8413011491451163.[0m
[32m[I 2022-05-03 00:35:09,329][0m Trial 661 finished with value: 0.8394418349443946 and parameters: {'n_estimators': 135, 'min_samples_split': 0.22228351227409238, 'min_samples_leaf': 0.1271827852326172, 'min_weight_fraction_leaf': 0.010372368852580693, 'max_features': 0.7627853240238514, 'bootstrap': False, 'max_samples': 0.5422726716050514}. Best is trial 376 with value: 0.8413011491451163.[0m
[32m[I 2022-05-03 00:42:14,026][0m Trial 662 finished with value: 0.8403207764648124 and parameters: {'n_estimators': 132, 'min_samples_split': 0.2364514315037266, 'min_samples_leaf': 0.13676266464637155, 'min_weight_fraction_leaf': 0.006355160729834842, 'max_features': 0.7906157253297537, 'bootstrap': False, 'max_samples': 0.5630431574217303}. Best is trial 376 with value: 0.8413011491451163.[0m
[32m[I 2022-05-03 00:50:21,025][0m Trial 663 finished with value: 0.8365085400846345 and parameters: {'n_estimators': 141, 'min_samples_split': 0.21760691039897304, 'min_samples_leaf': 0.1218473414467657, 'min_weight_fraction_leaf': 0.017292135873422362, 'max_features': 0.7686077626173866, 'bootstrap': False, 'max_samples': 0.6192641745342873}. Best is trial 376 with value: 0.8413011491451163.[0m
[32m[I 2022-05-03 00:57:28,394][0m Trial 664 finished with value: 0.839180709580942 and parameters: {'n_estimators': 125, 'min_samples_split': 0.2350505589980888, 'min_samples_leaf': 0.13269315432130602, 'min_weight_fraction_leaf': 0.00699698122653576, 'max_features': 0.8091909339666402, 'bootstrap': False, 'max_samples': 0.5546564416393025}. Best is trial 376 with value: 0.8413011491451163.[0m
[32m[I 2022-05-03 01:04:28,312][0m Trial 665 finished with value: 0.839095031517539 and parameters: {'n_estimators': 128, 'min_samples_split': 0.2269572762424134, 'min_samples_leaf': 0.13924764803814532, 'min_weight_fraction_leaf': 0.0173956577607889, 'max_features': 0.814668164732224, 'bootstrap': False, 'max_samples': 0.5189289303289871}. Best is trial 376 with value: 0.8413011491451163.[0m
[32m[I 2022-05-03 01:12:37,272][0m Trial 666 finished with value: 0.8364844932809096 and parameters: {'n_estimators': 137, 'min_samples_split': 0.21221541393402693, 'min_samples_leaf': 0.12696270120380732, 'min_weight_fraction_leaf': 0.0010106593537833747, 'max_features': 0.8307439414568957, 'bootstrap': False, 'max_samples': 0.5856463643812462}. Best is trial 376 with value: 0.8413011491451163.[0m
[32m[I 2022-05-03 01:19:26,472][0m Trial 667 finished with value: 0.8392729959029455 and parameters: {'n_estimators': 131, 'min_samples_split': 0.22532383702385717, 'min_samples_leaf': 0.14518539874185715, 'min_weight_fraction_leaf': 0.017333025025674857, 'max_features': 0.8055095809532902, 'bootstrap': False, 'max_samples': 0.6028415465725582}. Best is trial 376 with value: 0.8413011491451163.[0m
[32m[I 2022-05-03 01:28:10,301][0m Trial 668 finished with value: 0.8351270056789831 and parameters: {'n_estimators': 122, 'min_samples_split': 0.24001281339527253, 'min_samples_leaf': 0.10900781969778607, 'min_weight_fraction_leaf': 0.00043813106474702504, 'max_features': 0.8376543763163439, 'bootstrap': False, 'max_samples': 0.57228218686154}. Best is trial 376 with value: 0.8413011491451163.[0m
[32m[I 2022-05-03 01:30:12,614][0m Trial 669 finished with value: 0.7596635556679058 and parameters: {'n_estimators': 145, 'min_samples_split': 0.23246136811163245, 'min_samples_leaf': 0.34762929234931295, 'min_weight_fraction_leaf': 0.025679149793978475, 'max_features': 0.7805281028190265, 'bootstrap': False, 'max_samples': 0.5798221073466115}. Best is trial 376 with value: 0.8413011491451163.[0m
[32m[I 2022-05-03 01:38:16,955][0m Trial 670 finished with value: 0.8390314719100884 and parameters: {'n_estimators': 136, 'min_samples_split': 0.24146352073029473, 'min_samples_leaf': 0.13204140650699117, 'min_weight_fraction_leaf': 0.009771399516479344, 'max_features': 0.8482214198065972, 'bootstrap': False, 'max_samples': 0.6399033325892779}. Best is trial 376 with value: 0.8413011491451163.[0m
[32m[I 2022-05-03 01:44:17,320][0m Trial 671 finished with value: 0.8380967717859876 and parameters: {'n_estimators': 126, 'min_samples_split': 0.22286509026806062, 'min_samples_leaf': 0.14587409501042192, 'min_weight_fraction_leaf': 0.015723423713449425, 'max_features': 0.7209258007281724, 'bootstrap': False, 'max_samples': 0.5000538544284282}. Best is trial 376 with value: 0.8413011491451163.[0m
[32m[I 2022-05-03 01:57:08,461][0m Trial 672 finished with value: 0.8106593373699995 and parameters: {'n_estimators': 119, 'min_samples_split': 0.2156335601985522, 'min_samples_leaf': 0.03626159756127212, 'min_weight_fraction_leaf': 0.0005895906543118955, 'max_features': 0.8110321155703336, 'bootstrap': False, 'max_samples': 0.6643543115069482}. Best is trial 376 with value: 0.8413011491451163.[0m
