[32m[I 2022-05-01 13:07:37,978][0m Trial 403 finished with value: 0.8074393498611008 and parameters: {'n_estimators': 166, 'min_samples_split': 0.19166560444348443, 'min_samples_leaf': 0.23488418600838756, 'min_weight_fraction_leaf': 0.00029806380413980145, 'max_features': 0.8524222203335251, 'bootstrap': False, 'max_samples': 0.46880112574381516}. Best is trial 376 with value: 0.8413011491451163.[0m
[32m[I 2022-05-01 13:17:38,299][0m Trial 404 finished with value: 0.8381596777544372 and parameters: {'n_estimators': 180, 'min_samples_split': 0.2725627246625566, 'min_samples_leaf': 0.14748030596362965, 'min_weight_fraction_leaf': 0.033156306385759976, 'max_features': 0.888862168582579, 'bootstrap': False, 'max_samples': 0.3709141785579113}. Best is trial 376 with value: 0.8413011491451163.[0m
[32m[I 2022-05-01 13:18:11,738][0m Trial 405 finished with value: 0.7748137901861518 and parameters: {'n_estimators': 118, 'min_samples_split': 0.20280436484300612, 'min_samples_leaf': 0.16825908191785047, 'min_weight_fraction_leaf': 0.09593316471748928, 'max_features': 0.8135631683516539, 'bootstrap': True, 'max_samples': 0.6623368040119393, 'oob_score': True}. Best is trial 376 with value: 0.8413011491451163.[0m
[32m[I 2022-05-01 13:24:54,363][0m Trial 406 finished with value: 0.8378726968459572 and parameters: {'n_estimators': 130, 'min_samples_split': 0.044856847075728665, 'min_samples_leaf': 0.15893721371106687, 'min_weight_fraction_leaf': 0.011771289798711202, 'max_features': 0.8668728217900944, 'bootstrap': False, 'max_samples': 0.430612813865503}. Best is trial 376 with value: 0.8413011491451163.[0m
[32m[I 2022-05-01 13:33:33,635][0m Trial 407 finished with value: 0.8390208709035403 and parameters: {'n_estimators': 137, 'min_samples_split': 0.28271183804823474, 'min_samples_leaf': 0.11828030166971518, 'min_weight_fraction_leaf': 0.06021445298481212, 'max_features': 0.8407561853306857, 'bootstrap': False, 'max_samples': 0.4920175613894632}. Best is trial 376 with value: 0.8413011491451163.[0m
[32m[I 2022-05-01 13:41:34,815][0m Trial 408 finished with value: 0.8398288478303444 and parameters: {'n_estimators': 151, 'min_samples_split': 0.2534331247237196, 'min_samples_leaf': 0.14157715335026497, 'min_weight_fraction_leaf': 0.020596936950942963, 'max_features': 0.8010437891867136, 'bootstrap': False, 'max_samples': 0.5468837731665142}. Best is trial 376 with value: 0.8413011491451163.[0m
[32m[I 2022-05-01 13:51:24,887][0m Trial 409 finished with value: 0.8377938023039718 and parameters: {'n_estimators': 161, 'min_samples_split': 0.023728992867171637, 'min_samples_leaf': 0.1329417573053284, 'min_weight_fraction_leaf': 0.04006331451109247, 'max_features': 0.8933405127492421, 'bootstrap': False, 'max_samples': 0.39682018041175726}. Best is trial 376 with value: 0.8413011491451163.[0m
[32m[I 2022-05-01 13:57:44,934][0m Trial 410 finished with value: 0.8114133563474425 and parameters: {'n_estimators': 171, 'min_samples_split': 0.23173483152701516, 'min_samples_leaf': 0.2073880369964638, 'min_weight_fraction_leaf': 0.08701598589660406, 'max_features': 0.8581344307894951, 'bootstrap': False, 'max_samples': 0.35213790109773846}. Best is trial 376 with value: 0.8413011491451163.[0m
[32m[I 2022-05-01 14:04:11,585][0m Trial 411 finished with value: 0.8390679886389634 and parameters: {'n_estimators': 125, 'min_samples_split': 0.21453724252611192, 'min_samples_leaf': 0.15302733842618715, 'min_weight_fraction_leaf': 0.010632424955895777, 'max_features': 0.8328268012795802, 'bootstrap': False, 'max_samples': 0.3289870040498042}. Best is trial 376 with value: 0.8413011491451163.[0m
[32m[I 2022-05-01 14:12:27,431][0m Trial 412 finished with value: 0.8041104094452771 and parameters: {'n_estimators': 144, 'min_samples_split': 0.24340319132618587, 'min_samples_leaf': 0.12742365049975116, 'min_weight_fraction_leaf': 0.24581556700113785, 'max_features': 0.9191435299097778, 'bootstrap': False, 'max_samples': 0.8945400857826988}. Best is trial 376 with value: 0.8413011491451163.[0m
[32m[I 2022-05-01 14:26:27,212][0m Trial 413 finished with value: 0.8351117580230962 and parameters: {'n_estimators': 197, 'min_samples_split': 0.25687838659450635, 'min_samples_leaf': 0.10813003877849367, 'min_weight_fraction_leaf': 0.03003163785753754, 'max_features': 0.874778304302671, 'bootstrap': False, 'max_samples': 0.4109075965634449}. Best is trial 376 with value: 0.8413011491451163.[0m
[32m[I 2022-05-01 14:37:53,896][0m Trial 414 finished with value: 0.8334435898203658 and parameters: {'n_estimators': 135, 'min_samples_split': 0.2868148720483715, 'min_samples_leaf': 0.07273231101171582, 'min_weight_fraction_leaf': 0.04552877135088246, 'max_features': 0.8213718221025549, 'bootstrap': False, 'max_samples': 0.3848430013974115}. Best is trial 376 with value: 0.8413011491451163.[0m
[32m[I 2022-05-01 14:43:27,968][0m Trial 415 finished with value: 0.8213952728458495 and parameters: {'n_estimators': 122, 'min_samples_split': 0.26831100427769944, 'min_samples_leaf': 0.17552817169581553, 'min_weight_fraction_leaf': 0.07176458927826547, 'max_features': 0.8492237773420908, 'bootstrap': False, 'max_samples': 0.44312994258821103}. Best is trial 376 with value: 0.8413011491451163.[0m
[32m[I 2022-05-01 14:55:37,332][0m Trial 416 finished with value: 0.838583416994666 and parameters: {'n_estimators': 217, 'min_samples_split': 0.05765823545533962, 'min_samples_leaf': 0.14473449356135976, 'min_weight_fraction_leaf': 0.018537721708403742, 'max_features': 0.8908079546626694, 'bootstrap': False, 'max_samples': 0.30734847061486226}. Best is trial 376 with value: 0.8413011491451163.[0m
[32m[I 2022-05-01 15:13:26,602][0m Trial 417 finished with value: 0.8373705974524691 and parameters: {'n_estimators': 352, 'min_samples_split': 0.2235963297635883, 'min_samples_leaf': 0.15627056695818156, 'min_weight_fraction_leaf': 0.00038501188049486386, 'max_features': 0.8642339283207482, 'bootstrap': False, 'max_samples': 0.3584617093311122}. Best is trial 376 with value: 0.8413011491451163.[0m
[32m[I 2022-05-01 15:19:13,907][0m Trial 418 finished with value: 0.8384705417552247 and parameters: {'n_estimators': 129, 'min_samples_split': 0.23874677493208776, 'min_samples_leaf': 0.16506203873572667, 'min_weight_fraction_leaf': 0.10437211827205246, 'max_features': 0.7881438891013145, 'bootstrap': False, 'max_samples': 0.7377515229199376}. Best is trial 376 with value: 0.8413011491451163.[0m
[32m[I 2022-05-01 15:25:41,308][0m Trial 419 finished with value: 0.840583351781136 and parameters: {'n_estimators': 114, 'min_samples_split': 0.29625942475334716, 'min_samples_leaf': 0.138808289979397, 'min_weight_fraction_leaf': 0.05466744028425733, 'max_features': 0.8415120562599161, 'bootstrap': False, 'max_samples': 0.0014212777649808064}. Best is trial 376 with value: 0.8413011491451163.[0m
[32m[I 2022-05-01 15:32:28,304][0m Trial 420 finished with value: 0.8370838080574791 and parameters: {'n_estimators': 111, 'min_samples_split': 0.3104429915766664, 'min_samples_leaf': 0.12188442657171245, 'min_weight_fraction_leaf': 0.05331674428681046, 'max_features': 0.8222816267684002, 'bootstrap': False, 'max_samples': 0.4238274436041088}. Best is trial 376 with value: 0.8413011491451163.[0m
[32m[I 2022-05-01 15:38:27,139][0m Trial 421 finished with value: 0.8381859319228104 and parameters: {'n_estimators': 114, 'min_samples_split': 0.30115976752335266, 'min_samples_leaf': 0.1353155400186551, 'min_weight_fraction_leaf': 0.039513233746131235, 'max_features': 0.7633433655424203, 'bootstrap': False, 'max_samples': 0.018318112011232235}. Best is trial 376 with value: 0.8413011491451163.[0m
[32m[I 2022-05-01 15:44:41,655][0m Trial 422 finished with value: 0.8398416547423884 and parameters: {'n_estimators': 110, 'min_samples_split': 0.3205475844554063, 'min_samples_leaf': 0.1408906557959351, 'min_weight_fraction_leaf': 0.030000499984184206, 'max_features': 0.8425262697283505, 'bootstrap': False, 'max_samples': 0.046124312692695055}. Best is trial 376 with value: 0.8413011491451163.[0m
[32m[I 2022-05-01 15:46:56,699][0m Trial 423 finished with value: 0.7296876903057422 and parameters: {'n_estimators': 103, 'min_samples_split': 0.2935061585248517, 'min_samples_leaf': 0.27121242570073967, 'min_weight_fraction_leaf': 0.41156126308922086, 'max_features': 0.8017597895212802, 'bootstrap': False, 'max_samples': 0.06766022012374472}. Best is trial 376 with value: 0.8413011491451163.[0m
[32m[I 2022-05-01 15:53:29,860][0m Trial 424 finished with value: 0.8380885093784626 and parameters: {'n_estimators': 105, 'min_samples_split': 0.27650759527824237, 'min_samples_leaf': 0.1274586420629558, 'min_weight_fraction_leaf': 0.010003875969169043, 'max_features': 0.8742927958032977, 'bootstrap': False, 'max_samples': 0.019668340913561164}. Best is trial 376 with value: 0.8413011491451163.[0m
[32m[I 2022-05-01 15:53:30,920][0m Trial 425 finished with value: 0.5 and parameters: {'n_estimators': 116, 'min_samples_split': 0.2106608667512726, 'min_samples_leaf': 0.11473046207889068, 'min_weight_fraction_leaf': 0.0506683421951772, 'max_features': 0.8363368316130911, 'bootstrap': True, 'max_samples': 0.002191464152474643, 'oob_score': False}. Best is trial 376 with value: 0.8413011491451163.[0m
[32m[I 2022-05-01 15:59:57,519][0m Trial 426 finished with value: 0.8396131975847043 and parameters: {'n_estimators': 120, 'min_samples_split': 0.2483322275861365, 'min_samples_leaf': 0.14790788325216106, 'min_weight_fraction_leaf': 0.01939111668640667, 'max_features': 0.8519113834377132, 'bootstrap': False, 'max_samples': 0.02523020514399773}. Best is trial 376 with value: 0.8413011491451163.[0m
[32m[I 2022-05-01 16:04:26,634][0m Trial 427 finished with value: 0.829112414258869 and parameters: {'n_estimators': 125, 'min_samples_split': 0.33634699091747927, 'min_samples_leaf': 0.13753751829558855, 'min_weight_fraction_leaf': 0.028450364558873426, 'max_features': 0.4561651130152757, 'bootstrap': False, 'max_samples': 0.28374248439108796}. Best is trial 376 with value: 0.8413011491451163.[0m
[32m[I 2022-05-01 16:13:01,808][0m Trial 428 finished with value: 0.8375839669372211 and parameters: {'n_estimators': 139, 'min_samples_split': 0.2643894096855109, 'min_samples_leaf': 0.1313998796232547, 'min_weight_fraction_leaf': 0.06002639833693962, 'max_features': 0.9015000475915745, 'bootstrap': False, 'max_samples': 0.3742302469871445}. Best is trial 376 with value: 0.8413011491451163.[0m
[32m[I 2022-05-01 16:18:23,046][0m Trial 429 finished with value: 0.8330116404119965 and parameters: {'n_estimators': 148, 'min_samples_split': 0.22702388456611652, 'min_samples_leaf': 0.1468218455537134, 'min_weight_fraction_leaf': 0.009045396349691332, 'max_features': 0.518925001082482, 'bootstrap': False, 'max_samples': 0.3226791100027786}. Best is trial 376 with value: 0.8413011491451163.[0m
[32m[I 2022-05-01 16:27:42,012][0m Trial 430 finished with value: 0.8358919515394494 and parameters: {'n_estimators': 157, 'min_samples_split': 0.25639349573853204, 'min_samples_leaf': 0.12605216249127446, 'min_weight_fraction_leaf': 0.03350880062738294, 'max_features': 0.8196749209230121, 'bootstrap': False, 'max_samples': 0.4573448640056835}. Best is trial 376 with value: 0.8413011491451163.[0m
[32m[I 2022-05-01 16:33:23,421][0m Trial 431 finished with value: 0.8377886112632625 and parameters: {'n_estimators': 107, 'min_samples_split': 0.1706181747073275, 'min_samples_leaf': 0.1546953294794439, 'min_weight_fraction_leaf': 0.044542093670643025, 'max_features': 0.8750812768800275, 'bootstrap': False, 'max_samples': 0.010350641783185418}. Best is trial 376 with value: 0.8413011491451163.[0m
[32m[I 2022-05-01 16:40:07,984][0m Trial 432 finished with value: 0.8403215710490383 and parameters: {'n_estimators': 119, 'min_samples_split': 0.19586708681463413, 'min_samples_leaf': 0.13931018997912645, 'min_weight_fraction_leaf': 0.02161100234693436, 'max_features': 0.855330230854822, 'bootstrap': False, 'max_samples': 0.04573006914574012}. Best is trial 376 with value: 0.8413011491451163.[0m
[32m[I 2022-05-01 16:52:50,718][0m Trial 433 finished with value: 0.8046074618738563 and parameters: {'n_estimators': 120, 'min_samples_split': 0.21876936872716551, 'min_samples_leaf': 0.0454496802391957, 'min_weight_fraction_leaf': 0.020605695532634794, 'max_features': 0.8609820964116487, 'bootstrap': False, 'max_samples': 0.06296490613115531}. Best is trial 376 with value: 0.8413011491451163.[0m
[32m[I 2022-05-01 17:01:19,695][0m Trial 434 finished with value: 0.8352827715770443 and parameters: {'n_estimators': 118, 'min_samples_split': 0.18503787432898564, 'min_samples_leaf': 0.11058316237218829, 'min_weight_fraction_leaf': 0.02374736873183724, 'max_features': 0.8785761767224196, 'bootstrap': False, 'max_samples': 0.038823338811186214}. Best is trial 376 with value: 0.8413011491451163.[0m
[32m[I 2022-05-01 17:08:11,286][0m Trial 435 finished with value: 0.8374239619592629 and parameters: {'n_estimators': 109, 'min_samples_split': 0.194963343222855, 'min_samples_leaf': 0.13748841412341092, 'min_weight_fraction_leaf': 0.009915175265793337, 'max_features': 0.9397932140982154, 'bootstrap': False, 'max_samples': 0.07787996130245216}. Best is trial 376 with value: 0.8413011491451163.[0m
[32m[I 2022-05-01 17:16:00,541][0m Trial 436 finished with value: 0.8355284723691174 and parameters: {'n_estimators': 116, 'min_samples_split': 0.20197851611891385, 'min_samples_leaf': 0.11984974202387762, 'min_weight_fraction_leaf': 0.035436608637642766, 'max_features': 0.8984204719606824, 'bootstrap': False, 'max_samples': 0.03930425148714043}. Best is trial 376 with value: 0.8413011491451163.[0m
[32m[I 2022-05-01 17:25:36,613][0m Trial 437 finished with value: 0.8222175093360031 and parameters: {'n_estimators': 126, 'min_samples_split': 0.18135931021565052, 'min_samples_leaf': 0.09459424765396314, 'min_weight_fraction_leaf': 0.016084739953359725, 'max_features': 0.8427394350602766, 'bootstrap': False, 'max_samples': 0.10109831986844445}. Best is trial 376 with value: 0.8413011491451163.[0m
[32m[I 2022-05-01 17:31:59,512][0m Trial 438 finished with value: 0.8404331116659518 and parameters: {'n_estimators': 114, 'min_samples_split': 0.2350259194857185, 'min_samples_leaf': 0.14166954556395495, 'min_weight_fraction_leaf': 2.6772391107365238e-05, 'max_features': 0.8580715420953424, 'bootstrap': False, 'max_samples': 0.0022530885075492}. Best is trial 376 with value: 0.8413011491451163.[0m
[32m[I 2022-05-01 17:38:37,465][0m Trial 439 finished with value: 0.8391791123496102 and parameters: {'n_estimators': 112, 'min_samples_split': 0.20674567540918673, 'min_samples_leaf': 0.13115402924731984, 'min_weight_fraction_leaf': 0.0016179590550591547, 'max_features': 0.8590593484035521, 'bootstrap': False, 'max_samples': 0.05069880262947857}. Best is trial 376 with value: 0.8413011491451163.[0m
[32m[I 2022-05-01 17:45:21,073][0m Trial 440 finished with value: 0.8376010541481509 and parameters: {'n_estimators': 112, 'min_samples_split': 0.22687930031866801, 'min_samples_leaf': 0.1412054637035643, 'min_weight_fraction_leaf': 0.0069640621029733495, 'max_features': 0.8866022850415619, 'bootstrap': False, 'max_samples': 0.026971511864998184}. Best is trial 376 with value: 0.8413011491451163.[0m
[32m[I 2022-05-01 17:53:13,157][0m Trial 441 finished with value: 0.8358726863947041 and parameters: {'n_estimators': 120, 'min_samples_split': 0.2123828459896899, 'min_samples_leaf': 0.12489766984817517, 'min_weight_fraction_leaf': 0.010493388908680644, 'max_features': 0.918082559594855, 'bootstrap': False, 'max_samples': 0.005968639619615149}. Best is trial 376 with value: 0.8413011491451163.[0m
[32m[I 2022-05-01 17:59:59,172][0m Trial 442 finished with value: 0.8398561739076225 and parameters: {'n_estimators': 114, 'min_samples_split': 0.19761114594651386, 'min_samples_leaf': 0.13584034389686134, 'min_weight_fraction_leaf': 0.0008846159678141312, 'max_features': 0.8663817320230639, 'bootstrap': False, 'max_samples': 0.01506435284672581}. Best is trial 376 with value: 0.8413011491451163.[0m
[32m[I 2022-05-01 18:07:02,110][0m Trial 443 finished with value: 0.8392025815784745 and parameters: {'n_estimators': 131, 'min_samples_split': 0.23423293775835066, 'min_samples_leaf': 0.14604753496148187, 'min_weight_fraction_leaf': 0.01327330813876893, 'max_features': 0.82525828888175, 'bootstrap': False, 'max_samples': 0.048919789802938776}. Best is trial 376 with value: 0.8413011491451163.[0m
[32m[I 2022-05-01 18:13:53,555][0m Trial 444 finished with value: 0.8357398698861125 and parameters: {'n_estimators': 107, 'min_samples_split': 0.22107788587172403, 'min_samples_leaf': 0.11680546599992127, 'min_weight_fraction_leaf': 0.019921554624425578, 'max_features': 0.8521922899684193, 'bootstrap': False, 'max_samples': 0.07511251270042511}. Best is trial 376 with value: 0.8413011491451163.[0m
[32m[I 2022-05-01 18:13:54,754][0m Trial 445 finished with value: 0.5 and parameters: {'n_estimators': 123, 'min_samples_split': 0.2418424661966298, 'min_samples_leaf': 0.13131278172905214, 'min_weight_fraction_leaf': 0.007986387340985647, 'max_features': 0.8864881542619178, 'bootstrap': True, 'max_samples': 0.041031836324039575, 'oob_score': False}. Best is trial 376 with value: 0.8413011491451163.[0m
[32m[I 2022-05-01 18:20:42,317][0m Trial 446 finished with value: 0.8391250862567027 and parameters: {'n_estimators': 129, 'min_samples_split': 0.23536631674579359, 'min_samples_leaf': 0.14278092905995562, 'min_weight_fraction_leaf': 0.0008413207784496958, 'max_features': 0.8100336425288521, 'bootstrap': False, 'max_samples': 0.03622786957833275}. Best is trial 376 with value: 0.8413011491451163.[0m
[32m[I 2022-05-01 18:26:51,563][0m Trial 447 finished with value: 0.8389755374682512 and parameters: {'n_estimators': 118, 'min_samples_split': 0.22117084156374833, 'min_samples_leaf': 0.15182228543023052, 'min_weight_fraction_leaf': 0.02265754972263901, 'max_features': 0.8364247834823373, 'bootstrap': False, 'max_samples': 0.019330836687000134}. Best is trial 376 with value: 0.8413011491451163.[0m
[32m[I 2022-05-01 18:35:24,609][0m Trial 448 finished with value: 0.8362709596261423 and parameters: {'n_estimators': 133, 'min_samples_split': 0.21009959049114224, 'min_samples_leaf': 0.12208823246492984, 'min_weight_fraction_leaf': 0.016816576246750013, 'max_features': 0.8673574843350906, 'bootstrap': False, 'max_samples': 0.014794962944502024}. Best is trial 376 with value: 0.8413011491451163.[0m
[32m[I 2022-05-01 18:43:04,501][0m Trial 449 finished with value: 0.839421730655552 and parameters: {'n_estimators': 124, 'min_samples_split': 0.011937143716176123, 'min_samples_leaf': 0.13472467007633868, 'min_weight_fraction_leaf': 0.026645416294681, 'max_features': 0.907835812282424, 'bootstrap': False, 'max_samples': 0.2494766665056864}. Best is trial 376 with value: 0.8413011491451163.[0m
[32m[I 2022-05-01 18:49:58,116][0m Trial 450 finished with value: 0.8339459044977795 and parameters: {'n_estimators': 101, 'min_samples_split': 0.19941767812566785, 'min_samples_leaf': 0.10299482297061195, 'min_weight_fraction_leaf': 0.0013113674464146387, 'max_features': 0.7846615454200628, 'bootstrap': False, 'max_samples': 0.0037292004976454828}. Best is trial 376 with value: 0.8413011491451163.[0m
[32m[I 2022-05-01 18:56:08,583][0m Trial 451 finished with value: 0.8400834016079226 and parameters: {'n_estimators': 114, 'min_samples_split': 0.19129129033709555, 'min_samples_leaf': 0.14597319811750425, 'min_weight_fraction_leaf': 0.06666124570282446, 'max_features': 0.850090120818876, 'bootstrap': False, 'max_samples': 0.3516865768696719}. Best is trial 376 with value: 0.8413011491451163.[0m
[32m[I 2022-05-01 19:01:34,038][0m Trial 452 finished with value: 0.837255479989415 and parameters: {'n_estimators': 137, 'min_samples_split': 0.233027706209624, 'min_samples_leaf': 0.1534028601883385, 'min_weight_fraction_leaf': 0.00022634478421530192, 'max_features': 0.6110427609528848, 'bootstrap': False, 'max_samples': 0.3392320271260913}. Best is trial 376 with value: 0.8413011491451163.[0m
[32m[I 2022-05-01 19:08:39,033][0m Trial 453 finished with value: 0.8398759082760421 and parameters: {'n_estimators': 127, 'min_samples_split': 0.164327272927564, 'min_samples_leaf': 0.13834096116954514, 'min_weight_fraction_leaf': 0.013903660726067447, 'max_features': 0.8270302625152488, 'bootstrap': False, 'max_samples': 0.057629432064393304}. Best is trial 376 with value: 0.8413011491451163.[0m
[32m[I 2022-05-01 19:15:09,837][0m Trial 454 finished with value: 0.8391304343120292 and parameters: {'n_estimators': 107, 'min_samples_split': 0.03265153585728792, 'min_samples_leaf': 0.12966244916922523, 'min_weight_fraction_leaf': 0.03446234710693065, 'max_features': 0.8789990508697, 'bootstrap': False, 'max_samples': 0.30752344850696794}. Best is trial 376 with value: 0.8413011491451163.[0m
[32m[I 2022-05-01 19:20:59,821][0m Trial 455 finished with value: 0.8381035238602464 and parameters: {'n_estimators': 120, 'min_samples_split': 0.24446169451402686, 'min_samples_leaf': 0.15889137886384233, 'min_weight_fraction_leaf': 0.025831632380424567, 'max_features': 0.8070203215911534, 'bootstrap': False, 'max_samples': 0.37225668425659814}. Best is trial 376 with value: 0.8413011491451163.[0m
[32m[I 2022-05-01 19:30:02,792][0m Trial 456 finished with value: 0.8363291318319925 and parameters: {'n_estimators': 132, 'min_samples_split': 0.12347602001202274, 'min_samples_leaf': 0.1125811750652298, 'min_weight_fraction_leaf': 0.04944298306041005, 'max_features': 0.8551891885378197, 'bootstrap': False, 'max_samples': 0.003060539811205451}. Best is trial 376 with value: 0.8413011491451163.[0m
