[32m[I 2022-04-23 08:31:00,390][0m Trial 162 finished with value: 0.920094676606514 and parameters: {'n_estimators': 370, 'min_samples_split': 0.03142309618905291, 'min_samples_leaf': 0.13727512891000918, 'min_weight_fraction_leaf': 0.01676849913046121, 'max_features': 0.841889348209305, 'bootstrap': False, 'max_samples': 0.8499398310089907}. Best is trial 111 with value: 0.9202710050082409.[0m
[32m[I 2022-04-23 08:50:44,314][0m Trial 163 finished with value: 0.9196258162348838 and parameters: {'n_estimators': 380, 'min_samples_split': 0.0013005210225964861, 'min_samples_leaf': 0.1555552420149794, 'min_weight_fraction_leaf': 0.04712445801493461, 'max_features': 0.83811906286646, 'bootstrap': False, 'max_samples': 0.8433730293902945}. Best is trial 111 with value: 0.9202710050082409.[0m
[32m[I 2022-04-23 09:11:48,363][0m Trial 164 finished with value: 0.919261065314749 and parameters: {'n_estimators': 364, 'min_samples_split': 0.03876291275666424, 'min_samples_leaf': 0.1376865437336887, 'min_weight_fraction_leaf': 0.01332153114624439, 'max_features': 0.8769665797737759, 'bootstrap': False, 'max_samples': 0.9581301721737362}. Best is trial 111 with value: 0.9202710050082409.[0m
[32m[I 2022-04-23 09:31:17,839][0m Trial 165 finished with value: 0.9110415928232577 and parameters: {'n_estimators': 416, 'min_samples_split': 0.01789957423533601, 'min_samples_leaf': 0.1802688871418139, 'min_weight_fraction_leaf': 0.02308005493351017, 'max_features': 0.9237074506455507, 'bootstrap': False, 'max_samples': 0.8510700933664993}. Best is trial 111 with value: 0.9202710050082409.[0m
[32m[I 2022-04-23 09:40:47,089][0m Trial 166 finished with value: 0.9098329206993835 and parameters: {'n_estimators': 319, 'min_samples_split': 0.05028237086017101, 'min_samples_leaf': 0.11339284937027308, 'min_weight_fraction_leaf': 0.03945151889921045, 'max_features': 0.3470720275410117, 'bootstrap': False, 'max_samples': 0.9114608228403003}. Best is trial 111 with value: 0.9202710050082409.[0m
[32m[I 2022-04-23 09:58:05,285][0m Trial 167 finished with value: 0.9197308702518197 and parameters: {'n_estimators': 340, 'min_samples_split': 0.02486791144089626, 'min_samples_leaf': 0.1476411346754703, 'min_weight_fraction_leaf': 0.04999387925767115, 'max_features': 0.7925755470442214, 'bootstrap': False, 'max_samples': 0.8945780466207541}. Best is trial 111 with value: 0.9202710050082409.[0m
[32m[I 2022-04-23 10:11:56,496][0m Trial 168 finished with value: 0.9198933589791283 and parameters: {'n_estimators': 301, 'min_samples_split': 0.03796903662762009, 'min_samples_leaf': 0.1706482824452784, 'min_weight_fraction_leaf': 0.06632381006566201, 'max_features': 0.8488832725133796, 'bootstrap': False, 'max_samples': 0.9317482695672777}. Best is trial 111 with value: 0.9202710050082409.[0m
[32m[I 2022-04-23 10:26:39,101][0m Trial 169 finished with value: 0.9181858939098015 and parameters: {'n_estimators': 304, 'min_samples_split': 0.05689512974392097, 'min_samples_leaf': 0.17177895822999378, 'min_weight_fraction_leaf': 0.06285511696352768, 'max_features': 0.8971588925457749, 'bootstrap': False, 'max_samples': 0.9483536875879625}. Best is trial 111 with value: 0.9202710050082409.[0m
[32m[I 2022-04-23 10:41:44,854][0m Trial 170 finished with value: 0.9197700934395442 and parameters: {'n_estimators': 310, 'min_samples_split': 0.04580480642004792, 'min_samples_leaf': 0.16231945664816352, 'min_weight_fraction_leaf': 0.09272663262074138, 'max_features': 0.8500628849680033, 'bootstrap': False, 'max_samples': 0.9142884023654642}. Best is trial 111 with value: 0.9202710050082409.[0m
[32m[I 2022-04-23 10:57:05,334][0m Trial 171 finished with value: 0.9195905550142193 and parameters: {'n_estimators': 307, 'min_samples_split': 0.04487261412249102, 'min_samples_leaf': 0.15844615737405757, 'min_weight_fraction_leaf': 0.08745533243300978, 'max_features': 0.8467155395308165, 'bootstrap': False, 'max_samples': 0.9316277070004194}. Best is trial 111 with value: 0.9202710050082409.[0m
[32m[I 2022-04-23 11:12:00,162][0m Trial 172 finished with value: 0.9199228884024617 and parameters: {'n_estimators': 325, 'min_samples_split': 0.2938436829109784, 'min_samples_leaf': 0.16687201082048148, 'min_weight_fraction_leaf': 0.07375259309295429, 'max_features': 0.826558802782786, 'bootstrap': False, 'max_samples': 0.999380177627186}. Best is trial 111 with value: 0.9202710050082409.[0m
[32m[I 2022-04-23 11:24:52,054][0m Trial 173 finished with value: 0.9063617498511858 and parameters: {'n_estimators': 326, 'min_samples_split': 0.01666383873746144, 'min_samples_leaf': 0.20357922090856712, 'min_weight_fraction_leaf': 0.09655028302298965, 'max_features': 0.8629133576506981, 'bootstrap': False, 'max_samples': 0.9998581480537881}. Best is trial 111 with value: 0.9202710050082409.[0m
[32m[I 2022-04-23 11:39:41,594][0m Trial 174 finished with value: 0.9109336489740787 and parameters: {'n_estimators': 355, 'min_samples_split': 0.31829126594253915, 'min_samples_leaf': 0.1843607428367396, 'min_weight_fraction_leaf': 0.07560842533506687, 'max_features': 0.819850236466837, 'bootstrap': False, 'max_samples': 0.9672554251307262}. Best is trial 111 with value: 0.9202710050082409.[0m
[32m[I 2022-04-23 11:53:37,342][0m Trial 175 finished with value: 0.9199371742227133 and parameters: {'n_estimators': 298, 'min_samples_split': 0.03988640628991049, 'min_samples_leaf': 0.16660087840682114, 'min_weight_fraction_leaf': 0.06233772702086264, 'max_features': 0.8198479935411175, 'bootstrap': False, 'max_samples': 0.9843202247507472}. Best is trial 111 with value: 0.9202710050082409.[0m
[32m[I 2022-04-23 12:06:57,167][0m Trial 176 finished with value: 0.9138994666747216 and parameters: {'n_estimators': 296, 'min_samples_split': 0.2573388185543714, 'min_samples_leaf': 0.17322605183849324, 'min_weight_fraction_leaf': 0.07229939476400753, 'max_features': 0.8213175435517432, 'bootstrap': False, 'max_samples': 0.9806915965485313}. Best is trial 111 with value: 0.9202710050082409.[0m
[32m[I 2022-04-23 12:20:53,360][0m Trial 177 finished with value: 0.9105290411772222 and parameters: {'n_estimators': 334, 'min_samples_split': 0.28927068733333505, 'min_samples_leaf': 0.19429323857102065, 'min_weight_fraction_leaf': 0.17233614584384266, 'max_features': 0.8739774395042662, 'bootstrap': False, 'max_samples': 0.9807784227236411}. Best is trial 111 with value: 0.9202710050082409.[0m
[32m[I 2022-04-23 12:34:55,055][0m Trial 178 finished with value: 0.9198303723377365 and parameters: {'n_estimators': 322, 'min_samples_split': 0.034340356516341534, 'min_samples_leaf': 0.16949103327575712, 'min_weight_fraction_leaf': 0.05818779591682901, 'max_features': 0.7821607085264083, 'bootstrap': False, 'max_samples': 0.9519426496334792}. Best is trial 111 with value: 0.9202710050082409.[0m
[32m[I 2022-04-23 12:47:10,223][0m Trial 179 finished with value: 0.9195416303480404 and parameters: {'n_estimators': 281, 'min_samples_split': 0.34605210064330455, 'min_samples_leaf': 0.1695867255034451, 'min_weight_fraction_leaf': 0.06421518399674564, 'max_features': 0.7756647688044722, 'bootstrap': False, 'max_samples': 0.95037652877361}. Best is trial 111 with value: 0.9202710050082409.[0m
[32m[I 2022-04-23 12:59:32,645][0m Trial 180 finished with value: 0.9094641268479677 and parameters: {'n_estimators': 299, 'min_samples_split': 0.2276447023936859, 'min_samples_leaf': 0.18497361152550962, 'min_weight_fraction_leaf': 0.08183156223878338, 'max_features': 0.8122731956841921, 'bootstrap': False, 'max_samples': 0.9964681974259546}. Best is trial 111 with value: 0.9202710050082409.[0m
[32m[I 2022-04-23 13:15:39,843][0m Trial 181 finished with value: 0.919626920644258 and parameters: {'n_estimators': 318, 'min_samples_split': 0.30768283619040404, 'min_samples_leaf': 0.15240959297090717, 'min_weight_fraction_leaf': 0.05498055855610838, 'max_features': 0.8330950429809074, 'bootstrap': False, 'max_samples': 0.9635864850768312}. Best is trial 111 with value: 0.9202710050082409.[0m
[32m[I 2022-04-23 13:31:37,456][0m Trial 182 finished with value: 0.9192439221067008 and parameters: {'n_estimators': 346, 'min_samples_split': 0.037426912119730975, 'min_samples_leaf': 0.1650479635048248, 'min_weight_fraction_leaf': 0.04386739312578679, 'max_features': 0.7908361408382782, 'bootstrap': False, 'max_samples': 0.9261766683050245}. Best is trial 111 with value: 0.9202710050082409.[0m
[32m[I 2022-04-23 13:48:25,722][0m Trial 183 finished with value: 0.9196448516589584 and parameters: {'n_estimators': 328, 'min_samples_split': 0.02342319326511652, 'min_samples_leaf': 0.13718313917469102, 'min_weight_fraction_leaf': 0.06500836344913458, 'max_features': 0.7565824739544537, 'bootstrap': False, 'max_samples': 0.941117659588853}. Best is trial 111 with value: 0.9202710050082409.[0m
[32m[I 2022-04-23 14:07:13,507][0m Trial 184 finished with value: 0.9195379678604784 and parameters: {'n_estimators': 368, 'min_samples_split': 0.011165560241741656, 'min_samples_leaf': 0.15212919498642263, 'min_weight_fraction_leaf': 0.03433688925585777, 'max_features': 0.8504826312027075, 'bootstrap': False, 'max_samples': 0.9852347311295142}. Best is trial 111 with value: 0.9202710050082409.[0m
[32m[I 2022-04-23 14:22:21,078][0m Trial 185 finished with value: 0.9195322295727717 and parameters: {'n_estimators': 315, 'min_samples_split': 0.026708166617732638, 'min_samples_leaf': 0.16153978173509018, 'min_weight_fraction_leaf': 0.05120569097252434, 'max_features': 0.8180570979816633, 'bootstrap': False, 'max_samples': 0.8615684487759085}. Best is trial 111 with value: 0.9202710050082409.[0m
[32m[I 2022-04-23 14:39:13,105][0m Trial 186 finished with value: 0.911804797373924 and parameters: {'n_estimators': 290, 'min_samples_split': 0.376556002939257, 'min_samples_leaf': 0.14021196330030378, 'min_weight_fraction_leaf': 0.03998241533777806, 'max_features': 0.9072149173681717, 'bootstrap': False, 'max_samples': 0.9261883097350492}. Best is trial 111 with value: 0.9202710050082409.[0m
[32m[I 2022-04-23 14:55:41,223][0m Trial 187 finished with value: 0.9150633562976036 and parameters: {'n_estimators': 347, 'min_samples_split': 0.036108736633212915, 'min_samples_leaf': 0.17267542675609454, 'min_weight_fraction_leaf': 0.026447919915843204, 'max_features': 0.8753522939911111, 'bootstrap': False, 'max_samples': 0.9554130495557556}. Best is trial 111 with value: 0.9202710050082409.[0m
[32m[I 2022-04-23 15:13:57,352][0m Trial 188 finished with value: 0.9176809364340703 and parameters: {'n_estimators': 304, 'min_samples_split': 0.012570878683906914, 'min_samples_leaf': 0.12534091729293692, 'min_weight_fraction_leaf': 0.06157170092123527, 'max_features': 0.8418693116119673, 'bootstrap': False, 'max_samples': 0.9998352868081555}. Best is trial 111 with value: 0.9202710050082409.[0m
[32m[I 2022-04-23 15:27:45,963][0m Trial 189 finished with value: 0.9100597803585238 and parameters: {'n_estimators': 335, 'min_samples_split': 0.26889608009566573, 'min_samples_leaf': 0.17854406460197847, 'min_weight_fraction_leaf': 0.04652448419653944, 'max_features': 0.786994862826936, 'bootstrap': False, 'max_samples': 0.49947528164763594}. Best is trial 111 with value: 0.9202710050082409.[0m
[32m[I 2022-04-23 15:32:12,225][0m Trial 190 finished with value: 0.8993118847478169 and parameters: {'n_estimators': 397, 'min_samples_split': 0.06567495127121434, 'min_samples_leaf': 0.14969349601782037, 'min_weight_fraction_leaf': 0.0332687228394677, 'max_features': 0.8084968884132304, 'bootstrap': True, 'max_samples': 0.887552781682258, 'oob_score': True}. Best is trial 111 with value: 0.9202710050082409.[0m
[32m[I 2022-04-23 15:47:39,785][0m Trial 191 finished with value: 0.9196687060589108 and parameters: {'n_estimators': 315, 'min_samples_split': 0.047691973100573395, 'min_samples_leaf': 0.1614176682517881, 'min_weight_fraction_leaf': 0.08381377636615062, 'max_features': 0.8518309077527746, 'bootstrap': False, 'max_samples': 0.908834142329301}. Best is trial 111 with value: 0.9202710050082409.[0m
[32m[I 2022-04-23 16:02:58,058][0m Trial 192 finished with value: 0.9194929880467597 and parameters: {'n_estimators': 323, 'min_samples_split': 0.038630482779155734, 'min_samples_leaf': 0.16311535251695855, 'min_weight_fraction_leaf': 0.07042177043755543, 'max_features': 0.8348262598699598, 'bootstrap': False, 'max_samples': 0.9231225681855607}. Best is trial 111 with value: 0.9202710050082409.[0m
[32m[I 2022-04-23 16:21:03,056][0m Trial 193 finished with value: 0.9189772823647996 and parameters: {'n_estimators': 300, 'min_samples_split': 0.02179860060405873, 'min_samples_leaf': 0.13420084011883335, 'min_weight_fraction_leaf': 0.10215978184957439, 'max_features': 0.8862789650866568, 'bootstrap': False, 'max_samples': 0.9477696173257056}. Best is trial 111 with value: 0.9202710050082409.[0m
[32m[I 2022-04-23 16:35:57,375][0m Trial 194 finished with value: 0.9105919026394087 and parameters: {'n_estimators': 360, 'min_samples_split': 0.0510428781429627, 'min_samples_leaf': 0.19149452116011295, 'min_weight_fraction_leaf': 0.05157729122780487, 'max_features': 0.858882917107051, 'bootstrap': False, 'max_samples': 0.9028026680677617}. Best is trial 111 with value: 0.9202710050082409.[0m
[32m[I 2022-04-23 16:50:54,616][0m Trial 195 finished with value: 0.9198444312087417 and parameters: {'n_estimators': 283, 'min_samples_split': 0.030561868227918114, 'min_samples_leaf': 0.14410290472013396, 'min_weight_fraction_leaf': 0.0907519032361068, 'max_features': 0.8259681821118838, 'bootstrap': False, 'max_samples': 0.9690575886712097}. Best is trial 111 with value: 0.9202710050082409.[0m
[32m[I 2022-04-23 17:05:48,612][0m Trial 196 finished with value: 0.9198437437082514 and parameters: {'n_estimators': 279, 'min_samples_split': 0.030176894153381116, 'min_samples_leaf': 0.14425064112316932, 'min_weight_fraction_leaf': 0.026244076764713027, 'max_features': 0.816160133163152, 'bootstrap': False, 'max_samples': 0.9761477950010782}. Best is trial 111 with value: 0.9202710050082409.[0m
[32m[I 2022-04-23 17:07:42,620][0m Trial 197 finished with value: 0.8644266681912367 and parameters: {'n_estimators': 268, 'min_samples_split': 0.029006222226170875, 'min_samples_leaf': 0.4244893588880927, 'min_weight_fraction_leaf': 0.034251797697871, 'max_features': 0.8066081496749269, 'bootstrap': False, 'max_samples': 0.9772979477204852}. Best is trial 111 with value: 0.9202710050082409.[0m
[32m[I 2022-04-23 17:22:46,768][0m Trial 198 finished with value: 0.9198085700514644 and parameters: {'n_estimators': 281, 'min_samples_split': 0.03754707784489338, 'min_samples_leaf': 0.14380882960276462, 'min_weight_fraction_leaf': 0.07139436227847647, 'max_features': 0.8209432374984801, 'bootstrap': False, 'max_samples': 0.6910885280659056}. Best is trial 111 with value: 0.9202710050082409.[0m
[32m[I 2022-04-23 17:33:08,454][0m Trial 199 finished with value: 0.8635201571032752 and parameters: {'n_estimators': 286, 'min_samples_split': 0.030101214923914443, 'min_samples_leaf': 0.12201669743191906, 'min_weight_fraction_leaf': 0.450438822380797, 'max_features': 0.7723225351331837, 'bootstrap': False, 'max_samples': 0.9551085280877143}. Best is trial 111 with value: 0.9202710050082409.[0m
[32m[I 2022-04-23 17:48:42,336][0m Trial 200 finished with value: 0.919522767143779 and parameters: {'n_estimators': 274, 'min_samples_split': 0.05568742604561564, 'min_samples_leaf': 0.13450057656783226, 'min_weight_fraction_leaf': 0.06225553429179357, 'max_features': 0.8221558947421007, 'bootstrap': False, 'max_samples': 0.6918188045417335}. Best is trial 111 with value: 0.9202710050082409.[0m
[32m[I 2022-04-23 18:03:03,047][0m Trial 201 finished with value: 0.9196176322427373 and parameters: {'n_estimators': 278, 'min_samples_split': 0.04189018377986889, 'min_samples_leaf': 0.14718508230305083, 'min_weight_fraction_leaf': 0.0730536161585098, 'max_features': 0.7935100749179919, 'bootstrap': False, 'max_samples': 0.7578317750259337}. Best is trial 111 with value: 0.9202710050082409.[0m
[32m[I 2022-04-23 18:16:50,389][0m Trial 202 finished with value: 0.9196471720483057 and parameters: {'n_estimators': 255, 'min_samples_split': 0.03384300305449903, 'min_samples_leaf': 0.14149757479010208, 'min_weight_fraction_leaf': 0.04496585136097574, 'max_features': 0.8261835831216511, 'bootstrap': False, 'max_samples': 0.6191391494915229}. Best is trial 111 with value: 0.9202710050082409.[0m
[32m[I 2022-04-23 18:32:21,835][0m Trial 203 finished with value: 0.9196532151632155 and parameters: {'n_estimators': 295, 'min_samples_split': 0.021431087201489674, 'min_samples_leaf': 0.1451265539561747, 'min_weight_fraction_leaf': 0.08105861293441574, 'max_features': 0.8005948370634983, 'bootstrap': False, 'max_samples': 0.9835559822701176}. Best is trial 111 with value: 0.9202710050082409.[0m
[32m[I 2022-04-23 18:46:28,923][0m Trial 204 finished with value: 0.9195686052937783 and parameters: {'n_estimators': 238, 'min_samples_split': 0.03694278265480695, 'min_samples_leaf': 0.1275796583496821, 'min_weight_fraction_leaf': 0.054852486628271864, 'max_features': 0.8268464718816418, 'bootstrap': False, 'max_samples': 0.9406842154028391}. Best is trial 111 with value: 0.9202710050082409.[0m
[32m[I 2022-04-23 18:58:56,261][0m Trial 205 finished with value: 0.9192756446135497 and parameters: {'n_estimators': 262, 'min_samples_split': 0.01899154756956293, 'min_samples_leaf': 0.15118361269487693, 'min_weight_fraction_leaf': 0.02803735448732719, 'max_features': 0.751541576716802, 'bootstrap': False, 'max_samples': 0.5806329868560269}. Best is trial 111 with value: 0.9202710050082409.[0m
[32m[I 2022-04-23 19:14:58,648][0m Trial 206 finished with value: 0.9189389839772246 and parameters: {'n_estimators': 282, 'min_samples_split': 0.062189972953165036, 'min_samples_leaf': 0.13973339917758612, 'min_weight_fraction_leaf': 0.03986688532202898, 'max_features': 0.8654642405849184, 'bootstrap': False, 'max_samples': 0.03684897836602612}. Best is trial 111 with value: 0.9202710050082409.[0m
[32m[I 2022-04-23 19:22:04,685][0m Trial 207 finished with value: 0.9079152395099414 and parameters: {'n_estimators': 304, 'min_samples_split': 0.04527852866891116, 'min_samples_leaf': 0.1179930377800795, 'min_weight_fraction_leaf': 0.06940059142780482, 'max_features': 0.27663812263333454, 'bootstrap': False, 'max_samples': 0.8472027178741882}. Best is trial 111 with value: 0.9202710050082409.[0m
[32m[I 2022-04-23 19:31:44,303][0m Trial 208 finished with value: 0.9201506061705975 and parameters: {'n_estimators': 221, 'min_samples_split': 0.02776133625814104, 'min_samples_leaf': 0.1706816705175422, 'min_weight_fraction_leaf': 0.016281942433568515, 'max_features': 0.7780569099559096, 'bootstrap': False, 'max_samples': 0.9599546065400422}. Best is trial 111 with value: 0.9202710050082409.[0m
[32m[I 2022-04-23 19:40:49,568][0m Trial 209 finished with value: 0.9136110174686003 and parameters: {'n_estimators': 210, 'min_samples_split': 0.011248239740403423, 'min_samples_leaf': 0.1734947210427538, 'min_weight_fraction_leaf': 0.0196328561152634, 'max_features': 0.778103000698504, 'bootstrap': False, 'max_samples': 0.9600078597765885}. Best is trial 111 with value: 0.9202710050082409.[0m
[32m[I 2022-04-23 19:50:06,492][0m Trial 210 finished with value: 0.9107140059423628 and parameters: {'n_estimators': 219, 'min_samples_split': 0.0012577513999696742, 'min_samples_leaf': 0.18171412993858, 'min_weight_fraction_leaf': 0.010506907801335178, 'max_features': 0.8084353676662153, 'bootstrap': False, 'max_samples': 0.9310936677062012}. Best is trial 111 with value: 0.9202710050082409.[0m
[32m[I 2022-04-23 20:01:28,884][0m Trial 211 finished with value: 0.9196099614585161 and parameters: {'n_estimators': 227, 'min_samples_split': 0.025199168792410357, 'min_samples_leaf': 0.15908499962531747, 'min_weight_fraction_leaf': 0.028789178469787704, 'max_features': 0.8383249857356098, 'bootstrap': False, 'max_samples': 0.3270996799771926}. Best is trial 111 with value: 0.9202710050082409.[0m
[32m[I 2022-04-23 20:14:54,813][0m Trial 212 finished with value: 0.919083096994294 and parameters: {'n_estimators': 245, 'min_samples_split': 0.035247848156641136, 'min_samples_leaf': 0.13178177927864979, 'min_weight_fraction_leaf': 0.013412558692789478, 'max_features': 0.7862191468420462, 'bootstrap': False, 'max_samples': 0.890636195041929}. Best is trial 111 with value: 0.9202710050082409.[0m
[32m[I 2022-04-23 20:26:49,088][0m Trial 213 finished with value: 0.9197466904807994 and parameters: {'n_estimators': 235, 'min_samples_split': 0.02853324638507978, 'min_samples_leaf': 0.15169310140308606, 'min_weight_fraction_leaf': 0.03717989914272437, 'max_features': 0.8165586803206957, 'bootstrap': False, 'max_samples': 0.9589596281812518}. Best is trial 111 with value: 0.9202710050082409.[0m
[32m[I 2022-04-23 20:38:53,740][0m Trial 214 finished with value: 0.919877191386625 and parameters: {'n_estimators': 258, 'min_samples_split': 0.05288485533682129, 'min_samples_leaf': 0.16883595113610358, 'min_weight_fraction_leaf': 0.02322431923132591, 'max_features': 0.855440622617982, 'bootstrap': False, 'max_samples': 0.9994024218683206}. Best is trial 111 with value: 0.9202710050082409.[0m
[32m[I 2022-04-23 20:50:55,223][0m Trial 215 finished with value: 0.9198913724154313 and parameters: {'n_estimators': 261, 'min_samples_split': 0.05327370749346166, 'min_samples_leaf': 0.17067513719473731, 'min_weight_fraction_leaf': 0.023262319966979826, 'max_features': 0.8297942647704433, 'bootstrap': False, 'max_samples': 0.9857453135034051}. Best is trial 111 with value: 0.9202710050082409.[0m
