[32m[I 2022-04-29 01:33:17,527][0m Trial 972 finished with value: 0.9182611580303224 and parameters: {'n_estimators': 176, 'min_samples_split': 0.17832630102660688, 'min_samples_leaf': 0.10589858078109746, 'min_weight_fraction_leaf': 0.024192899752913354, 'max_features': 0.8570955550346696, 'bootstrap': False, 'max_samples': 0.6404015214659515}. Best is trial 272 with value: 0.9207214438111938.[0m
[32m[I 2022-04-29 01:42:30,302][0m Trial 973 finished with value: 0.9180862658889888 and parameters: {'n_estimators': 148, 'min_samples_split': 0.19269540031787286, 'min_samples_leaf': 0.12333330366776854, 'min_weight_fraction_leaf': 0.021482254748555273, 'max_features': 0.8369374775665216, 'bootstrap': False, 'max_samples': 0.08089866427090209}. Best is trial 272 with value: 0.9207214438111938.[0m
[32m[I 2022-04-29 01:51:47,709][0m Trial 974 finished with value: 0.9200301511207349 and parameters: {'n_estimators': 159, 'min_samples_split': 0.16247675858325988, 'min_samples_leaf': 0.13872273080585862, 'min_weight_fraction_leaf': 0.033939144973608684, 'max_features': 0.8686228850947123, 'bootstrap': False, 'max_samples': 0.09208428483019583}. Best is trial 272 with value: 0.9207214438111938.[0m
[32m[I 2022-04-29 02:02:01,154][0m Trial 975 finished with value: 0.9184237594689311 and parameters: {'n_estimators': 151, 'min_samples_split': 0.21125309213643012, 'min_samples_leaf': 0.11423272315093039, 'min_weight_fraction_leaf': 0.04569871715500362, 'max_features': 0.8148033943663643, 'bootstrap': False, 'max_samples': 0.11184863262516517}. Best is trial 272 with value: 0.9207214438111938.[0m
[32m[I 2022-04-29 02:11:44,635][0m Trial 976 finished with value: 0.9201033447248772 and parameters: {'n_estimators': 178, 'min_samples_split': 0.20111839484340002, 'min_samples_leaf': 0.14889061435004167, 'min_weight_fraction_leaf': 0.0180723985386506, 'max_features': 0.8408645493733017, 'bootstrap': False, 'max_samples': 0.15217174944534106}. Best is trial 272 with value: 0.9207214438111938.[0m
[32m[I 2022-04-29 02:22:04,966][0m Trial 977 finished with value: 0.9192811855595204 and parameters: {'n_estimators': 164, 'min_samples_split': 0.16927103256420406, 'min_samples_leaf': 0.1309491939065252, 'min_weight_fraction_leaf': 0.0795960339968326, 'max_features': 0.8997875696167302, 'bootstrap': False, 'max_samples': 0.10671865798708416}. Best is trial 272 with value: 0.9207214438111938.[0m
[32m[I 2022-04-29 02:23:37,862][0m Trial 978 finished with value: 0.9012014977320228 and parameters: {'n_estimators': 151, 'min_samples_split': 0.288180825383343, 'min_samples_leaf': 0.13928179853304545, 'min_weight_fraction_leaf': 0.09669965329971421, 'max_features': 0.8260530825922092, 'bootstrap': True, 'max_samples': 0.8026734288139179, 'oob_score': False}. Best is trial 272 with value: 0.9207214438111938.[0m
[32m[I 2022-04-29 02:35:02,816][0m Trial 979 finished with value: 0.9120930379845122 and parameters: {'n_estimators': 187, 'min_samples_split': 0.3687028559357068, 'min_samples_leaf': 0.12558359513898995, 'min_weight_fraction_leaf': 0.031090989604409057, 'max_features': 0.8712919881506652, 'bootstrap': False, 'max_samples': 0.6639896228047854}. Best is trial 272 with value: 0.9207214438111938.[0m
[32m[I 2022-04-29 02:44:07,218][0m Trial 980 finished with value: 0.919680215825523 and parameters: {'n_estimators': 174, 'min_samples_split': 0.21563679785147105, 'min_samples_leaf': 0.15399080528345876, 'min_weight_fraction_leaf': 0.016800192054470895, 'max_features': 0.84810353382238, 'bootstrap': False, 'max_samples': 0.1119366420085629}. Best is trial 272 with value: 0.9207214438111938.[0m
[32m[I 2022-04-29 02:51:53,007][0m Trial 981 finished with value: 0.9198921826151668 and parameters: {'n_estimators': 145, 'min_samples_split': 0.18558236779977474, 'min_samples_leaf': 0.14482555256656754, 'min_weight_fraction_leaf': 0.0546744781497416, 'max_features': 0.8000460568004489, 'bootstrap': False, 'max_samples': 0.14700784691064092}. Best is trial 272 with value: 0.9207214438111938.[0m
[32m[I 2022-04-29 02:59:12,300][0m Trial 982 finished with value: 0.9199378024683418 and parameters: {'n_estimators': 143, 'min_samples_split': 0.19674933162380218, 'min_samples_leaf': 0.16774086324342807, 'min_weight_fraction_leaf': 0.027358108470532258, 'max_features': 0.8623085444267812, 'bootstrap': False, 'max_samples': 0.16134430430027458}. Best is trial 272 with value: 0.9207214438111938.[0m
[32m[I 2022-04-29 03:09:46,924][0m Trial 983 finished with value: 0.9102757487900796 and parameters: {'n_estimators': 200, 'min_samples_split': 0.39250826758422436, 'min_samples_leaf': 0.13195578037682562, 'min_weight_fraction_leaf': 0.04120132576524062, 'max_features': 0.7559971844361841, 'bootstrap': False, 'max_samples': 0.7600742795068305}. Best is trial 272 with value: 0.9207214438111938.[0m
[32m[I 2022-04-29 03:18:38,904][0m Trial 984 finished with value: 0.8832362230079649 and parameters: {'n_estimators': 211, 'min_samples_split': 0.2071268666308089, 'min_samples_leaf': 0.11683682047167501, 'min_weight_fraction_leaf': 0.3275430283620413, 'max_features': 0.8263545255973525, 'bootstrap': False, 'max_samples': 0.083558296224721}. Best is trial 272 with value: 0.9207214438111938.[0m
[32m[I 2022-04-29 03:29:42,270][0m Trial 985 finished with value: 0.9196329727621698 and parameters: {'n_estimators': 182, 'min_samples_split': 0.17423365168892166, 'min_samples_leaf': 0.13723307355391307, 'min_weight_fraction_leaf': 0.01731221104788772, 'max_features': 0.8879912473538968, 'bootstrap': False, 'max_samples': 0.10711732641062706}. Best is trial 272 with value: 0.9207214438111938.[0m
[32m[I 2022-04-29 03:38:25,243][0m Trial 986 finished with value: 0.919951776803104 and parameters: {'n_estimators': 163, 'min_samples_split': 0.21840353681649502, 'min_samples_leaf': 0.14854134332108335, 'min_weight_fraction_leaf': 0.06710828781747599, 'max_features': 0.8478809422271302, 'bootstrap': False, 'max_samples': 0.601444183770848}. Best is trial 272 with value: 0.9207214438111938.[0m
[32m[I 2022-04-29 03:46:36,885][0m Trial 987 finished with value: 0.9185106555817324 and parameters: {'n_estimators': 140, 'min_samples_split': 0.18963038250256573, 'min_samples_leaf': 0.12566704038593862, 'min_weight_fraction_leaf': 0.03297521652014326, 'max_features': 0.782380949829902, 'bootstrap': False, 'max_samples': 0.07644190807455067}. Best is trial 272 with value: 0.9207214438111938.[0m
[32m[I 2022-04-29 03:54:55,669][0m Trial 988 finished with value: 0.9187068396626199 and parameters: {'n_estimators': 196, 'min_samples_split': 0.2036669103813254, 'min_samples_leaf': 0.16066783751201297, 'min_weight_fraction_leaf': 0.024241675751760013, 'max_features': 0.6882721243946691, 'bootstrap': False, 'max_samples': 0.586012878944657}. Best is trial 272 with value: 0.9207214438111938.[0m
[32m[I 2022-04-29 04:04:43,419][0m Trial 989 finished with value: 0.9199868934181428 and parameters: {'n_estimators': 173, 'min_samples_split': 0.18157875815341404, 'min_samples_leaf': 0.13809317347263395, 'min_weight_fraction_leaf': 0.010747312861766419, 'max_features': 0.820940928107997, 'bootstrap': False, 'max_samples': 0.545170717695711}. Best is trial 272 with value: 0.9207214438111938.[0m
[32m[I 2022-04-29 04:16:52,829][0m Trial 990 finished with value: 0.9114916300638951 and parameters: {'n_estimators': 155, 'min_samples_split': 0.21145987552195808, 'min_samples_leaf': 0.09775877454316942, 'min_weight_fraction_leaf': 0.05200343936625971, 'max_features': 0.8791386223340968, 'bootstrap': False, 'max_samples': 0.18387146021205095}. Best is trial 272 with value: 0.9207214438111938.[0m
[32m[I 2022-04-29 04:27:37,141][0m Trial 991 finished with value: 0.9200673789984328 and parameters: {'n_estimators': 207, 'min_samples_split': 0.15571562400830635, 'min_samples_leaf': 0.15181851866166696, 'min_weight_fraction_leaf': 0.04001311636528547, 'max_features': 0.8403583842979665, 'bootstrap': False, 'max_samples': 0.09888878611533086}. Best is trial 272 with value: 0.9207214438111938.[0m
[32m[I 2022-04-29 04:38:54,146][0m Trial 992 finished with value: 0.9182216873596104 and parameters: {'n_estimators': 180, 'min_samples_split': 0.19460236535978662, 'min_samples_leaf': 0.11787093216706793, 'min_weight_fraction_leaf': 0.022797178821804702, 'max_features': 0.859596455007981, 'bootstrap': False, 'max_samples': 0.8809137419200957}. Best is trial 272 with value: 0.9207214438111938.[0m
[32m[I 2022-04-29 04:49:36,361][0m Trial 993 finished with value: 0.9191465358271781 and parameters: {'n_estimators': 189, 'min_samples_split': 0.22426636337311212, 'min_samples_leaf': 0.13220589883280967, 'min_weight_fraction_leaf': 0.008303809161164955, 'max_features': 0.8095025157593452, 'bootstrap': False, 'max_samples': 0.5637248592057015}. Best is trial 272 with value: 0.9207214438111938.[0m
[32m[I 2022-04-29 04:57:38,788][0m Trial 994 finished with value: 0.9191969739613661 and parameters: {'n_estimators': 137, 'min_samples_split': 0.16889205512778271, 'min_samples_leaf': 0.14464569604470992, 'min_weight_fraction_leaf': 0.0317161871595275, 'max_features': 0.9048636587712544, 'bootstrap': False, 'max_samples': 0.6771948260888362}. Best is trial 272 with value: 0.9207214438111938.[0m
[32m[I 2022-04-29 05:06:49,971][0m Trial 995 finished with value: 0.9184519734663092 and parameters: {'n_estimators': 147, 'min_samples_split': 0.20649193985467462, 'min_samples_leaf': 0.12577784402582376, 'min_weight_fraction_leaf': 0.01576693518278665, 'max_features': 0.840832380748757, 'bootstrap': False, 'max_samples': 0.5102653879694148}. Best is trial 272 with value: 0.9207214438111938.[0m
[32m[I 2022-04-29 05:18:59,134][0m Trial 996 finished with value: 0.9178951549607962 and parameters: {'n_estimators': 169, 'min_samples_split': 0.272253274047425, 'min_samples_leaf': 0.10738895591464573, 'min_weight_fraction_leaf': 0.0008719613731645801, 'max_features': 0.8678535752363226, 'bootstrap': False, 'max_samples': 0.5280631700621317}. Best is trial 272 with value: 0.9207214438111938.[0m
[32m[I 2022-04-29 05:21:21,014][0m Trial 997 finished with value: 0.8964372490260422 and parameters: {'n_estimators': 199, 'min_samples_split': 0.1784145285972099, 'min_samples_leaf': 0.15665574849278133, 'min_weight_fraction_leaf': 0.04081303236761169, 'max_features': 0.8273437600714163, 'bootstrap': True, 'max_samples': 0.925822110616249, 'oob_score': True}. Best is trial 272 with value: 0.9207214438111938.[0m
[32m[I 2022-04-29 05:30:13,989][0m Trial 998 finished with value: 0.910460544336539 and parameters: {'n_estimators': 212, 'min_samples_split': 0.1857575213930978, 'min_samples_leaf': 0.18358207388854508, 'min_weight_fraction_leaf': 0.02155606129722091, 'max_features': 0.8012188678333169, 'bootstrap': False, 'max_samples': 0.6095480249259269}. Best is trial 272 with value: 0.9207214438111938.[0m
[32m[I 2022-04-29 05:40:41,890][0m Trial 999 finished with value: 0.9206087977623497 and parameters: {'n_estimators': 186, 'min_samples_split': 0.23252225843140242, 'min_samples_leaf': 0.13846508230689744, 'min_weight_fraction_leaf': 0.058963731085481044, 'max_features': 0.8582685842146277, 'bootstrap': False, 'max_samples': 0.5405906671578277}. Best is trial 272 with value: 0.9207214438111938.[0m
[32m[I 2022-04-29 05:40:41,897][0m A new study created in memory with name: no-name-57d36878-398d-4814-b6b7-8be80ea26f41[0m
[32m[I 2022-04-29 06:13:59,751][0m Trial 0 finished with value: 0.7452984068842783 and parameters: {'n_estimators': 874, 'min_samples_split': 0.3385608884373991, 'min_samples_leaf': 0.09513598080124486, 'min_weight_fraction_leaf': 0.3956936038860909, 'max_features': 0.7716217300049811, 'bootstrap': False, 'max_samples': 0.4337207640952402}. Best is trial 0 with value: 0.7452984068842783.[0m
[32m[I 2022-04-29 06:14:01,416][0m Trial 1 finished with value: 0.7281213584088689 and parameters: {'n_estimators': 118, 'min_samples_split': 0.07871776753495127, 'min_samples_leaf': 0.48335500639958334, 'min_weight_fraction_leaf': 0.17322791940314558, 'max_features': 0.015442685279564605, 'bootstrap': False, 'max_samples': 0.7378743844808446}. Best is trial 0 with value: 0.7452984068842783.[0m
[32m[I 2022-04-29 06:14:59,518][0m Trial 2 finished with value: 0.7441700392658748 and parameters: {'n_estimators': 214, 'min_samples_split': 0.402812035094792, 'min_samples_leaf': 0.21666123983266508, 'min_weight_fraction_leaf': 0.07761248567842655, 'max_features': 0.909514829080758, 'bootstrap': True, 'max_samples': 0.8082304625243859, 'oob_score': True}. Best is trial 0 with value: 0.7452984068842783.[0m
[32m[I 2022-04-29 06:19:07,910][0m Trial 3 finished with value: 0.7866198529902979 and parameters: {'n_estimators': 514, 'min_samples_split': 0.42923691719024976, 'min_samples_leaf': 0.061525129871205064, 'min_weight_fraction_leaf': 0.1647292429861425, 'max_features': 0.6821634613396638, 'bootstrap': True, 'max_samples': 0.6299305520822019, 'oob_score': True}. Best is trial 3 with value: 0.7866198529902979.[0m
[32m[I 2022-04-29 06:44:13,600][0m Trial 4 finished with value: 0.75702154479632 and parameters: {'n_estimators': 858, 'min_samples_split': 0.16803914347540505, 'min_samples_leaf': 0.17786316606592673, 'min_weight_fraction_leaf': 0.35631028619844857, 'max_features': 0.7848321903194082, 'bootstrap': False, 'max_samples': 0.34374673297598757}. Best is trial 3 with value: 0.7866198529902979.[0m
[32m[I 2022-04-29 06:47:17,083][0m Trial 5 finished with value: 0.748835873024713 and parameters: {'n_estimators': 347, 'min_samples_split': 0.01809307915861809, 'min_samples_leaf': 0.3912327024114202, 'min_weight_fraction_leaf': 0.1395702855713406, 'max_features': 0.7357267191354258, 'bootstrap': False, 'max_samples': 0.8955995997624292}. Best is trial 3 with value: 0.7866198529902979.[0m
[32m[I 2022-04-29 06:48:59,129][0m Trial 6 finished with value: 0.5 and parameters: {'n_estimators': 993, 'min_samples_split': 0.3600188215543361, 'min_samples_leaf': 0.48515332305425574, 'min_weight_fraction_leaf': 0.25907334011834654, 'max_features': 0.5097785666825635, 'bootstrap': True, 'max_samples': 0.12737483384795278, 'oob_score': True}. Best is trial 3 with value: 0.7866198529902979.[0m
[32m[I 2022-04-29 06:49:58,998][0m Trial 7 finished with value: 0.7271759965409405 and parameters: {'n_estimators': 158, 'min_samples_split': 0.2904476621649743, 'min_samples_leaf': 0.14082259854285514, 'min_weight_fraction_leaf': 0.36138843696358136, 'max_features': 0.6814187704678146, 'bootstrap': True, 'max_samples': 0.7749233751305101, 'oob_score': False}. Best is trial 3 with value: 0.7866198529902979.[0m
[32m[I 2022-04-29 06:52:04,605][0m Trial 8 finished with value: 0.7329262043741636 and parameters: {'n_estimators': 733, 'min_samples_split': 0.3603224773805919, 'min_samples_leaf': 0.42024782792561205, 'min_weight_fraction_leaf': 0.2822064299196018, 'max_features': 0.3023431239043305, 'bootstrap': False, 'max_samples': 0.25137058407213775}. Best is trial 3 with value: 0.7866198529902979.[0m
[32m[I 2022-04-29 06:52:27,812][0m Trial 9 finished with value: 0.5 and parameters: {'n_estimators': 405, 'min_samples_split': 0.041191207480432424, 'min_samples_leaf': 0.3800723828571435, 'min_weight_fraction_leaf': 0.21352028433854003, 'max_features': 0.43230465395479034, 'bootstrap': True, 'max_samples': 0.5342685333038807, 'oob_score': True}. Best is trial 3 with value: 0.7866198529902979.[0m
[32m[I 2022-04-29 06:53:39,724][0m Trial 10 finished with value: 0.8033350910493681 and parameters: {'n_estimators': 474, 'min_samples_split': 0.4511756588672541, 'min_samples_leaf': 0.010797098709881464, 'min_weight_fraction_leaf': 0.009934289909352911, 'max_features': 0.1906792525506592, 'bootstrap': True, 'max_samples': 0.6053931048899845, 'oob_score': False}. Best is trial 10 with value: 0.8033350910493681.[0m
[32m[I 2022-04-29 06:53:43,466][0m Trial 11 finished with value: 0.5 and parameters: {'n_estimators': 444, 'min_samples_split': 0.49634336466219303, 'min_samples_leaf': 0.015013479529719775, 'min_weight_fraction_leaf': 0.0055685323938970376, 'max_features': 0.11996180654072192, 'bootstrap': True, 'max_samples': 0.5870628781479695, 'oob_score': False}. Best is trial 10 with value: 0.8033350910493681.[0m
[32m[I 2022-04-29 06:53:48,136][0m Trial 12 finished with value: 0.5 and parameters: {'n_estimators': 563, 'min_samples_split': 0.4952884852940602, 'min_samples_leaf': 0.022380880210010085, 'min_weight_fraction_leaf': 0.4853452166720754, 'max_features': 0.23125717027279724, 'bootstrap': True, 'max_samples': 0.6669677189103885, 'oob_score': False}. Best is trial 10 with value: 0.8033350910493681.[0m
[32m[I 2022-04-29 06:56:21,494][0m Trial 13 finished with value: 0.8021502547216832 and parameters: {'n_estimators': 224, 'min_samples_split': 0.428042899625108, 'min_samples_leaf': 0.08318222338393394, 'min_weight_fraction_leaf': 0.0037945072475332187, 'max_features': 0.5113152209747818, 'bootstrap': True, 'max_samples': 0.9514912617463188, 'oob_score': False}. Best is trial 10 with value: 0.8033350910493681.[0m
[32m[I 2022-04-29 06:56:36,981][0m Trial 14 finished with value: 0.7280126402680965 and parameters: {'n_estimators': 259, 'min_samples_split': 0.2216672863148763, 'min_samples_leaf': 0.27853905312392907, 'min_weight_fraction_leaf': 0.011162308845069857, 'max_features': 0.48872567715132914, 'bootstrap': True, 'max_samples': 0.9220229692387178, 'oob_score': False}. Best is trial 10 with value: 0.8033350910493681.[0m
[32m[I 2022-04-29 06:58:34,976][0m Trial 15 finished with value: 0.8028335960132214 and parameters: {'n_estimators': 254, 'min_samples_split': 0.43061842543242496, 'min_samples_leaf': 0.11008922141911816, 'min_weight_fraction_leaf': 0.0689879762734096, 'max_features': 0.3523655030282041, 'bootstrap': True, 'max_samples': 0.997133250699435, 'oob_score': False}. Best is trial 10 with value: 0.8033350910493681.[0m
[32m[I 2022-04-29 06:58:37,743][0m Trial 16 finished with value: 0.5 and parameters: {'n_estimators': 308, 'min_samples_split': 0.2554746850760847, 'min_samples_leaf': 0.2857778632066625, 'min_weight_fraction_leaf': 0.08065874050897205, 'max_features': 0.3283868392217827, 'bootstrap': True, 'max_samples': 0.4388787484145587, 'oob_score': False}. Best is trial 10 with value: 0.8033350910493681.[0m
[32m[I 2022-04-29 06:58:39,386][0m Trial 17 finished with value: 0.5 and parameters: {'n_estimators': 180, 'min_samples_split': 0.4533410038862509, 'min_samples_leaf': 0.14513042850657937, 'min_weight_fraction_leaf': 0.07556788228419808, 'max_features': 0.1404005636132975, 'bootstrap': True, 'max_samples': 0.23671507609340553, 'oob_score': False}. Best is trial 10 with value: 0.8033350910493681.[0m
[32m[I 2022-04-29 07:12:01,522][0m Trial 18 finished with value: 0.8138440919736837 and parameters: {'n_estimators': 641, 'min_samples_split': 0.3074608007413715, 'min_samples_leaf': 0.0026498805543197362, 'min_weight_fraction_leaf': 0.11544702657271484, 'max_features': 0.37389697268703814, 'bootstrap': True, 'max_samples': 0.9987652269131535, 'oob_score': False}. Best is trial 18 with value: 0.8138440919736837.[0m
[32m[I 2022-04-29 07:12:06,801][0m Trial 19 finished with value: 0.5 and parameters: {'n_estimators': 661, 'min_samples_split': 0.13694865044055993, 'min_samples_leaf': 0.011065213469401576, 'min_weight_fraction_leaf': 0.12526751063781974, 'max_features': 0.1877997315674788, 'bootstrap': True, 'max_samples': 0.1051745686868314, 'oob_score': False}. Best is trial 18 with value: 0.8138440919736837.[0m
[32m[I 2022-04-29 07:12:16,675][0m Trial 20 finished with value: 0.7519778831814646 and parameters: {'n_estimators': 598, 'min_samples_split': 0.3118454794853783, 'min_samples_leaf': 0.2146651474630985, 'min_weight_fraction_leaf': 0.2153062359280799, 'max_features': 0.015738094001588293, 'bootstrap': True, 'max_samples': 0.8279571067427178, 'oob_score': False}. Best is trial 18 with value: 0.8138440919736837.[0m
[32m[I 2022-04-29 07:16:31,660][0m Trial 21 finished with value: 0.8141943844426022 and parameters: {'n_estimators': 336, 'min_samples_split': 0.3934824888904241, 'min_samples_leaf': 0.06321502591295133, 'min_weight_fraction_leaf': 0.06327409214247466, 'max_features': 0.3839960043910441, 'bootstrap': True, 'max_samples': 0.9952361372576175, 'oob_score': False}. Best is trial 21 with value: 0.8141943844426022.[0m
[32m[I 2022-04-29 07:16:35,274][0m Trial 22 finished with value: 0.5 and parameters: {'n_estimators': 442, 'min_samples_split': 0.3856442802640664, 'min_samples_leaf': 0.05224979962287801, 'min_weight_fraction_leaf': 0.05561150108284542, 'max_features': 0.41057743575301286, 'bootstrap': True, 'max_samples': 0.005450381752095779, 'oob_score': False}. Best is trial 21 with value: 0.8141943844426022.[0m
[32m[I 2022-04-29 07:22:56,220][0m Trial 23 finished with value: 0.8135038617649688 and parameters: {'n_estimators': 345, 'min_samples_split': 0.2832687571824418, 'min_samples_leaf': 0.04234813300186327, 'min_weight_fraction_leaf': 0.12049874212845217, 'max_features': 0.5726301703230587, 'bootstrap': True, 'max_samples': 0.8741042687996499, 'oob_score': False}. Best is trial 21 with value: 0.8141943844426022.[0m
[32m[I 2022-04-29 07:29:02,432][0m Trial 24 finished with value: 0.8147321208597804 and parameters: {'n_estimators': 354, 'min_samples_split': 0.24408218013648722, 'min_samples_leaf': 0.05792858345606382, 'min_weight_fraction_leaf': 0.12855918941202113, 'max_features': 0.5623136289135223, 'bootstrap': True, 'max_samples': 0.8802048202829784, 'oob_score': False}. Best is trial 24 with value: 0.8147321208597804.[0m
