[32m[I 2022-04-28 16:02:26,193][0m Trial 918 finished with value: 0.9201932266008225 and parameters: {'n_estimators': 216, 'min_samples_split': 0.20735292750127768, 'min_samples_leaf': 0.12743339622586536, 'min_weight_fraction_leaf': 0.050441737798158734, 'max_features': 0.8572601534440459, 'bootstrap': False, 'max_samples': 0.2882647985890692}. Best is trial 272 with value: 0.9207214438111938.[0m
[32m[I 2022-04-28 16:08:37,698][0m Trial 919 finished with value: 0.9193170108167795 and parameters: {'n_estimators': 114, 'min_samples_split': 0.1556727619137599, 'min_samples_leaf': 0.1546300099007504, 'min_weight_fraction_leaf': 0.008689016171395194, 'max_features': 0.8808003129318868, 'bootstrap': False, 'max_samples': 0.47065216966308365}. Best is trial 272 with value: 0.9207214438111938.[0m
[32m[I 2022-04-28 16:09:50,770][0m Trial 920 finished with value: 0.8779910128569167 and parameters: {'n_estimators': 414, 'min_samples_split': 0.26502068995546396, 'min_samples_leaf': 0.13953742774197583, 'min_weight_fraction_leaf': 0.07430548834046792, 'max_features': 0.7876267575408515, 'bootstrap': True, 'max_samples': 0.45268930052009715, 'oob_score': True}. Best is trial 272 with value: 0.9207214438111938.[0m
[32m[I 2022-04-28 16:19:13,716][0m Trial 921 finished with value: 0.917942713417659 and parameters: {'n_estimators': 147, 'min_samples_split': 0.17611702719703315, 'min_samples_leaf': 0.11951746546808582, 'min_weight_fraction_leaf': 0.01830311231107253, 'max_features': 0.8378321678843301, 'bootstrap': False, 'max_samples': 0.5799416916175312}. Best is trial 272 with value: 0.9207214438111938.[0m
[32m[I 2022-04-28 16:30:13,402][0m Trial 922 finished with value: 0.9198034663442769 and parameters: {'n_estimators': 202, 'min_samples_split': 0.22152748923950372, 'min_samples_leaf': 0.1481263003576579, 'min_weight_fraction_leaf': 0.03598113048937521, 'max_features': 0.8626357981359852, 'bootstrap': False, 'max_samples': 0.524466511405963}. Best is trial 272 with value: 0.9207214438111938.[0m
[32m[I 2022-04-28 16:37:29,805][0m Trial 923 finished with value: 0.9195732022729384 and parameters: {'n_estimators': 130, 'min_samples_split': 0.2458822088111184, 'min_samples_leaf': 0.1339902281569257, 'min_weight_fraction_leaf': 0.025887330977480055, 'max_features': 0.8086122178971414, 'bootstrap': False, 'max_samples': 0.8344327130490955}. Best is trial 272 with value: 0.9207214438111938.[0m
[32m[I 2022-04-28 16:49:13,135][0m Trial 924 finished with value: 0.9186034848859626 and parameters: {'n_estimators': 193, 'min_samples_split': 0.19043759513210665, 'min_samples_leaf': 0.1259086487793613, 'min_weight_fraction_leaf': 0.056289325790618606, 'max_features': 0.8403372161305838, 'bootstrap': False, 'max_samples': 0.7382265406752945}. Best is trial 272 with value: 0.9207214438111938.[0m
[32m[I 2022-04-28 16:55:08,890][0m Trial 925 finished with value: 0.9104915861997378 and parameters: {'n_estimators': 120, 'min_samples_split': 0.2013306010094168, 'min_samples_leaf': 0.17608267976382863, 'min_weight_fraction_leaf': 0.042132569610456375, 'max_features': 0.9180280106555947, 'bootstrap': False, 'max_samples': 0.49291074342684676}. Best is trial 272 with value: 0.9207214438111938.[0m
[32m[I 2022-04-28 17:06:06,868][0m Trial 926 finished with value: 0.9197969118136082 and parameters: {'n_estimators': 206, 'min_samples_split': 0.3003860721211051, 'min_samples_leaf': 0.1440650723557753, 'min_weight_fraction_leaf': 0.008821800191902564, 'max_features': 0.8230409401549664, 'bootstrap': False, 'max_samples': 0.5538565694238063}. Best is trial 272 with value: 0.9207214438111938.[0m
[32m[I 2022-04-28 17:17:25,140][0m Trial 927 finished with value: 0.9172004313607575 and parameters: {'n_estimators': 157, 'min_samples_split': 0.23610636782504238, 'min_samples_leaf': 0.1116827849248972, 'min_weight_fraction_leaf': 0.01705640813824059, 'max_features': 0.8844485002259804, 'bootstrap': False, 'max_samples': 0.4719149881060783}. Best is trial 272 with value: 0.9207214438111938.[0m
[32m[I 2022-04-28 17:25:35,570][0m Trial 928 finished with value: 0.9195334063561417 and parameters: {'n_estimators': 166, 'min_samples_split': 0.31485011359766396, 'min_samples_leaf': 0.16294782516187709, 'min_weight_fraction_leaf': 0.00018046726188353495, 'max_features': 0.8542772320412938, 'bootstrap': False, 'max_samples': 0.9252396267926292}. Best is trial 272 with value: 0.9207214438111938.[0m
[32m[I 2022-04-28 17:35:36,260][0m Trial 929 finished with value: 0.9203066647965621 and parameters: {'n_estimators': 183, 'min_samples_split': 0.16524747539194767, 'min_samples_leaf': 0.13676719754310118, 'min_weight_fraction_leaf': 0.0288255687186487, 'max_features': 0.7998400968444604, 'bootstrap': False, 'max_samples': 0.6351321514135851}. Best is trial 272 with value: 0.9207214438111938.[0m
[32m[I 2022-04-28 17:40:43,482][0m Trial 930 finished with value: 0.9188266910583774 and parameters: {'n_estimators': 106, 'min_samples_split': 0.3290933219702192, 'min_samples_leaf': 0.15234470932258676, 'min_weight_fraction_leaf': 0.015345151548761184, 'max_features': 0.7221009213653707, 'bootstrap': False, 'max_samples': 0.42874455527391603}. Best is trial 272 with value: 0.9207214438111938.[0m
[32m[I 2022-04-28 17:48:39,239][0m Trial 931 finished with value: 0.9182672433945275 and parameters: {'n_estimators': 125, 'min_samples_split': 0.20997800686157278, 'min_samples_leaf': 0.12707864164774002, 'min_weight_fraction_leaf': 0.03771582711258296, 'max_features': 0.8726121401318542, 'bootstrap': False, 'max_samples': 0.5092270095189142}. Best is trial 272 with value: 0.9207214438111938.[0m
[32m[I 2022-04-28 17:56:41,290][0m Trial 932 finished with value: 0.9199718272538476 and parameters: {'n_estimators': 142, 'min_samples_split': 0.18195668302944393, 'min_samples_leaf': 0.13860115873451087, 'min_weight_fraction_leaf': 0.02495426304681096, 'max_features': 0.8328527025599569, 'bootstrap': False, 'max_samples': 0.6022618130146816}. Best is trial 272 with value: 0.9207214438111938.[0m
[32m[I 2022-04-28 18:07:00,249][0m Trial 933 finished with value: 0.9201883273195806 and parameters: {'n_estimators': 192, 'min_samples_split': 0.19616606565809688, 'min_samples_leaf': 0.14705713174690874, 'min_weight_fraction_leaf': 0.04693669956772727, 'max_features': 0.8540303219545633, 'bootstrap': False, 'max_samples': 0.5693934103440537}. Best is trial 272 with value: 0.9207214438111938.[0m
[32m[I 2022-04-28 18:18:48,572][0m Trial 934 finished with value: 0.9178222479790353 and parameters: {'n_estimators': 172, 'min_samples_split': 0.2261882835157112, 'min_samples_leaf': 0.11550478635338597, 'min_weight_fraction_leaf': 0.00790478401887328, 'max_features': 0.9010604532393091, 'bootstrap': False, 'max_samples': 0.4550119711128468}. Best is trial 272 with value: 0.9207214438111938.[0m
[32m[I 2022-04-28 18:29:52,871][0m Trial 935 finished with value: 0.9195528003875723 and parameters: {'n_estimators': 228, 'min_samples_split': 0.2131036624379153, 'min_samples_leaf': 0.15852125382319285, 'min_weight_fraction_leaf': 0.08874793811327521, 'max_features': 0.8216623258394546, 'bootstrap': False, 'max_samples': 0.4955706219645164}. Best is trial 272 with value: 0.9207214438111938.[0m
[32m[I 2022-04-28 18:38:02,692][0m Trial 936 finished with value: 0.9195922396110626 and parameters: {'n_estimators': 138, 'min_samples_split': 0.1724702432426387, 'min_samples_leaf': 0.13102554945723585, 'min_weight_fraction_leaf': 0.01865410486022981, 'max_features': 0.8457917641552042, 'bootstrap': False, 'max_samples': 0.32146174134172756}. Best is trial 272 with value: 0.9207214438111938.[0m
[32m[I 2022-04-28 18:48:27,060][0m Trial 937 finished with value: 0.9109609839123486 and parameters: {'n_estimators': 133, 'min_samples_split': 0.18536049514187367, 'min_samples_leaf': 0.0997389870883176, 'min_weight_fraction_leaf': 0.03246511490534462, 'max_features': 0.8743490278027813, 'bootstrap': False, 'max_samples': 0.5420375909840022}. Best is trial 272 with value: 0.9207214438111938.[0m
[32m[I 2022-04-28 19:19:56,839][0m Trial 938 finished with value: 0.9196234751645198 and parameters: {'n_estimators': 605, 'min_samples_split': 0.2539608947137576, 'min_samples_leaf': 0.14217588697761227, 'min_weight_fraction_leaf': 0.05736629325337484, 'max_features': 0.8117943108838855, 'bootstrap': False, 'max_samples': 0.40723924204890066}. Best is trial 272 with value: 0.9207214438111938.[0m
[32m[I 2022-04-28 19:20:01,772][0m Trial 939 finished with value: 0.25 and parameters: {'n_estimators': 212, 'min_samples_split': 0.20014770777234542, 'min_samples_leaf': 0.12377921898524075, 'min_weight_fraction_leaf': 0.008730967272247616, 'max_features': 0.8359929884461195, 'bootstrap': True, 'max_samples': 0.2691343271842563, 'oob_score': False}. Best is trial 272 with value: 0.9207214438111938.[0m
[32m[I 2022-04-28 19:23:10,108][0m Trial 940 finished with value: 0.8862979912596316 and parameters: {'n_estimators': 192, 'min_samples_split': 0.2155458134260011, 'min_samples_leaf': 0.3244686775828721, 'min_weight_fraction_leaf': 0.022533093773963342, 'max_features': 0.7876807981508679, 'bootstrap': False, 'max_samples': 0.44176303055188293}. Best is trial 272 with value: 0.9207214438111938.[0m
[32m[I 2022-04-28 19:29:22,958][0m Trial 941 finished with value: 0.9196257040869638 and parameters: {'n_estimators': 113, 'min_samples_split': 0.001132494608736952, 'min_samples_leaf': 0.1519278173042174, 'min_weight_fraction_leaf': 0.040700047031537206, 'max_features': 0.8612516111500579, 'bootstrap': False, 'max_samples': 0.48265767420295297}. Best is trial 272 with value: 0.9207214438111938.[0m
[32m[I 2022-04-28 19:34:41,373][0m Trial 942 finished with value: 0.5615742000594827 and parameters: {'n_estimators': 128, 'min_samples_split': 0.22576767398960587, 'min_samples_leaf': 0.13469380996774505, 'min_weight_fraction_leaf': 0.41259479824965084, 'max_features': 0.8894370219955734, 'bootstrap': False, 'max_samples': 0.5216504943630904}. Best is trial 272 with value: 0.9207214438111938.[0m
[32m[I 2022-04-28 19:44:15,698][0m Trial 943 finished with value: 0.9183962352868896 and parameters: {'n_estimators': 181, 'min_samples_split': 0.18964279708673104, 'min_samples_leaf': 0.16532170673964777, 'min_weight_fraction_leaf': 0.014773762186305299, 'max_features': 0.948024587264572, 'bootstrap': False, 'max_samples': 0.4554040097027562}. Best is trial 272 with value: 0.9207214438111938.[0m
[32m[I 2022-04-28 19:55:00,504][0m Trial 944 finished with value: 0.9198654881920136 and parameters: {'n_estimators': 201, 'min_samples_split': 0.20571811867317583, 'min_samples_leaf': 0.14459892062742316, 'min_weight_fraction_leaf': 0.07471961657573566, 'max_features': 0.8237691734174976, 'bootstrap': False, 'max_samples': 0.3753700624586993}. Best is trial 272 with value: 0.9207214438111938.[0m
[32m[I 2022-04-28 20:02:44,900][0m Trial 945 finished with value: 0.9179296723682905 and parameters: {'n_estimators': 119, 'min_samples_split': 0.23960291608971343, 'min_samples_leaf': 0.11980946507968272, 'min_weight_fraction_leaf': 0.0320684372547134, 'max_features': 0.8443464307047317, 'bootstrap': False, 'max_samples': 0.5674113922101982}. Best is trial 272 with value: 0.9207214438111938.[0m
[32m[I 2022-04-28 20:11:52,129][0m Trial 946 finished with value: 0.9197519701080381 and parameters: {'n_estimators': 151, 'min_samples_split': 0.17038046902567847, 'min_samples_leaf': 0.13459246575839914, 'min_weight_fraction_leaf': 1.3308526492385349e-05, 'max_features': 0.8700476935489972, 'bootstrap': False, 'max_samples': 0.4812124718472325}. Best is trial 272 with value: 0.9207214438111938.[0m
[32m[I 2022-04-28 20:18:48,965][0m Trial 947 finished with value: 0.9167899672212501 and parameters: {'n_estimators': 100, 'min_samples_split': 0.19430918462354949, 'min_samples_leaf': 0.10652280455691067, 'min_weight_fraction_leaf': 0.027604501890217025, 'max_features': 0.8009654070504449, 'bootstrap': False, 'max_samples': 0.5394559319700839}. Best is trial 272 with value: 0.9207214438111938.[0m
[32m[I 2022-04-28 20:25:06,755][0m Trial 948 finished with value: 0.9191612603883919 and parameters: {'n_estimators': 135, 'min_samples_split': 0.21083251416024099, 'min_samples_leaf': 0.15443852086960974, 'min_weight_fraction_leaf': 0.04683663804748156, 'max_features': 0.7417429674073084, 'bootstrap': False, 'max_samples': 0.8948793677342709}. Best is trial 272 with value: 0.9207214438111938.[0m
[32m[I 2022-04-28 20:55:47,297][0m Trial 949 finished with value: 0.9196801577388183 and parameters: {'n_estimators': 526, 'min_samples_split': 0.18023065866694285, 'min_samples_leaf': 0.12947220912019722, 'min_weight_fraction_leaf': 0.06644562252896909, 'max_features': 0.8511985002346371, 'bootstrap': False, 'max_samples': 0.5877526321321827}. Best is trial 272 with value: 0.9207214438111938.[0m
[32m[I 2022-04-28 21:16:14,416][0m Trial 950 finished with value: 0.9037125467648928 and parameters: {'n_estimators': 144, 'min_samples_split': 0.2221536266296051, 'min_samples_leaf': 0.0018507313189766172, 'min_weight_fraction_leaf': 0.017522911653240027, 'max_features': 0.8269088375698735, 'bootstrap': False, 'max_samples': 0.5175555052708728}. Best is trial 272 with value: 0.9207214438111938.[0m
[32m[I 2022-04-28 21:34:41,471][0m Trial 951 finished with value: 0.9083766383045819 and parameters: {'n_estimators': 222, 'min_samples_split': 0.13373565082640562, 'min_samples_leaf': 0.0883626291347337, 'min_weight_fraction_leaf': 0.007830053289224164, 'max_features': 0.9025817096431094, 'bootstrap': False, 'max_samples': 0.6188423497580191}. Best is trial 272 with value: 0.9207214438111938.[0m
[32m[I 2022-04-28 21:39:01,304][0m Trial 952 finished with value: 0.9037157726211232 and parameters: {'n_estimators': 110, 'min_samples_split': 0.1565006585126174, 'min_samples_leaf': 0.2105726572356587, 'min_weight_fraction_leaf': 0.036065821169352544, 'max_features': 0.8757548800897867, 'bootstrap': False, 'max_samples': 0.41842520785011045}. Best is trial 272 with value: 0.9207214438111938.[0m
[32m[I 2022-04-28 21:49:06,904][0m Trial 953 finished with value: 0.9204343609987182 and parameters: {'n_estimators': 186, 'min_samples_split': 0.2018474333055288, 'min_samples_leaf': 0.14458823326403675, 'min_weight_fraction_leaf': 0.022860496360132588, 'max_features': 0.8423989714919523, 'bootstrap': False, 'max_samples': 0.45988426176071295}. Best is trial 272 with value: 0.9207214438111938.[0m
[32m[I 2022-04-28 21:56:35,935][0m Trial 954 finished with value: 0.9111788248552731 and parameters: {'n_estimators': 174, 'min_samples_split': 0.19773325921806104, 'min_samples_leaf': 0.1756802143850995, 'min_weight_fraction_leaf': 0.050090018697510966, 'max_features': 0.7713371609449815, 'bootstrap': False, 'max_samples': 0.48357964036955253}. Best is trial 272 with value: 0.9207214438111938.[0m
[32m[I 2022-04-28 22:05:59,107][0m Trial 955 finished with value: 0.9197710180792875 and parameters: {'n_estimators': 184, 'min_samples_split': 0.2016905521274409, 'min_samples_leaf': 0.14918098403215066, 'min_weight_fraction_leaf': 0.02631241011347962, 'max_features': 0.8122896556294422, 'bootstrap': False, 'max_samples': 0.5040899940801726}. Best is trial 272 with value: 0.9207214438111938.[0m
[32m[I 2022-04-28 22:14:27,098][0m Trial 956 finished with value: 0.9196006698086723 and parameters: {'n_estimators': 177, 'min_samples_split': 0.18715085195987477, 'min_samples_leaf': 0.16321905457277397, 'min_weight_fraction_leaf': 0.03618861862503893, 'max_features': 0.8307775057737117, 'bootstrap': False, 'max_samples': 0.4686203419803063}. Best is trial 272 with value: 0.9207214438111938.[0m
[32m[I 2022-04-28 22:24:56,710][0m Trial 957 finished with value: 0.919924525950969 and parameters: {'n_estimators': 193, 'min_samples_split': 0.18726857225240331, 'min_samples_leaf': 0.1395701730678181, 'min_weight_fraction_leaf': 0.00826650030596477, 'max_features': 0.7968184417902283, 'bootstrap': False, 'max_samples': 0.4971613972816441}. Best is trial 272 with value: 0.9207214438111938.[0m
[32m[I 2022-04-28 22:25:49,319][0m Trial 958 finished with value: 0.8920649787949543 and parameters: {'n_estimators': 169, 'min_samples_split': 0.17548050038715807, 'min_samples_leaf': 0.12437203690766269, 'min_weight_fraction_leaf': 0.056503005810178294, 'max_features': 0.8473322671663809, 'bootstrap': True, 'max_samples': 0.5270298705814098, 'oob_score': True}. Best is trial 272 with value: 0.9207214438111938.[0m
[32m[I 2022-04-28 22:35:37,693][0m Trial 959 finished with value: 0.91976853079701 and parameters: {'n_estimators': 192, 'min_samples_split': 0.2023044276213481, 'min_samples_leaf': 0.15336963544571536, 'min_weight_fraction_leaf': 0.017796582667333628, 'max_features': 0.8188086118837468, 'bootstrap': False, 'max_samples': 0.46749926157528904}. Best is trial 272 with value: 0.9207214438111938.[0m
[32m[I 2022-04-28 22:46:29,124][0m Trial 960 finished with value: 0.9198262796525102 and parameters: {'n_estimators': 184, 'min_samples_split': 0.19523312622577663, 'min_samples_leaf': 0.13259911095423557, 'min_weight_fraction_leaf': 0.04479245592373722, 'max_features': 0.8380584176678805, 'bootstrap': False, 'max_samples': 0.5573494524212088}. Best is trial 272 with value: 0.9207214438111938.[0m
[32m[I 2022-04-28 22:59:33,585][0m Trial 961 finished with value: 0.9139554287505444 and parameters: {'n_estimators': 202, 'min_samples_split': 0.1823316880899706, 'min_samples_leaf': 0.11715489416362891, 'min_weight_fraction_leaf': 0.17306368566629685, 'max_features': 0.8631415360137606, 'bootstrap': False, 'max_samples': 0.49485964601029725}. Best is trial 272 with value: 0.9207214438111938.[0m
[32m[I 2022-04-28 23:53:26,032][0m Trial 962 finished with value: 0.9200416634925193 and parameters: {'n_estimators': 992, 'min_samples_split': 0.20814975942913622, 'min_samples_leaf': 0.1436101350931144, 'min_weight_fraction_leaf': 0.027288013508920017, 'max_features': 0.8152992700356442, 'bootstrap': False, 'max_samples': 0.85333221261515}. Best is trial 272 with value: 0.9207214438111938.[0m
[32m[I 2022-04-29 00:02:39,625][0m Trial 963 finished with value: 0.919362719085483 and parameters: {'n_estimators': 187, 'min_samples_split': 0.19278831193985815, 'min_samples_leaf': 0.15898021889986874, 'min_weight_fraction_leaf': 0.00885629196145021, 'max_features': 0.7809920179876703, 'bootstrap': False, 'max_samples': 0.4438432090055279}. Best is trial 272 with value: 0.9207214438111938.[0m
[32m[I 2022-04-29 00:11:54,130][0m Trial 964 finished with value: 0.9204982073755703 and parameters: {'n_estimators': 160, 'min_samples_split': 0.1744083406328705, 'min_samples_leaf': 0.13526559340121969, 'min_weight_fraction_leaf': 0.021866735220725093, 'max_features': 0.8563814977083967, 'bootstrap': False, 'max_samples': 0.1163408623715724}. Best is trial 272 with value: 0.9207214438111938.[0m
[32m[I 2022-04-29 00:24:11,620][0m Trial 965 finished with value: 0.9180496875655502 and parameters: {'n_estimators': 163, 'min_samples_split': 0.14823215789784092, 'min_samples_leaf': 0.1099388292051844, 'min_weight_fraction_leaf': 0.04011174301794196, 'max_features': 0.8796934386118416, 'bootstrap': False, 'max_samples': 0.09453570999441202}. Best is trial 272 with value: 0.9207214438111938.[0m
[32m[I 2022-04-29 00:34:36,297][0m Trial 966 finished with value: 0.9180931105172929 and parameters: {'n_estimators': 163, 'min_samples_split': 0.1735342055125924, 'min_samples_leaf': 0.12462750509447823, 'min_weight_fraction_leaf': 0.032664970721102235, 'max_features': 0.85729643486851, 'bootstrap': False, 'max_samples': 0.12897347850250793}. Best is trial 272 with value: 0.9207214438111938.[0m
[32m[I 2022-04-29 00:44:19,367][0m Trial 967 finished with value: 0.919252976256011 and parameters: {'n_estimators': 169, 'min_samples_split': 0.1630979510400819, 'min_samples_leaf': 0.13293845781149366, 'min_weight_fraction_leaf': 0.044741100667395936, 'max_features': 0.8364981093028186, 'bootstrap': False, 'max_samples': 0.13256247513247035}. Best is trial 272 with value: 0.9207214438111938.[0m
[32m[I 2022-04-29 00:55:04,872][0m Trial 968 finished with value: 0.9175147664408559 and parameters: {'n_estimators': 154, 'min_samples_split': 0.1602023714715129, 'min_samples_leaf': 0.11876006352464712, 'min_weight_fraction_leaf': 0.027633225674676142, 'max_features': 0.888005403710307, 'bootstrap': False, 'max_samples': 0.07173248271676569}. Best is trial 272 with value: 0.9207214438111938.[0m
[32m[I 2022-04-29 01:00:29,655][0m Trial 969 finished with value: 0.9158240995475773 and parameters: {'n_estimators': 159, 'min_samples_split': 0.16738747794792003, 'min_samples_leaf': 0.13653556325187424, 'min_weight_fraction_leaf': 0.06536636923978148, 'max_features': 0.4279014682699348, 'bootstrap': False, 'max_samples': 0.11993608881999847}. Best is trial 272 with value: 0.9207214438111938.[0m
[32m[I 2022-04-29 01:09:54,127][0m Trial 970 finished with value: 0.9199863402775531 and parameters: {'n_estimators': 157, 'min_samples_split': 0.1800099576494529, 'min_samples_leaf': 0.1283776385721612, 'min_weight_fraction_leaf': 0.054658350435184286, 'max_features': 0.8026846579272439, 'bootstrap': False, 'max_samples': 0.060512291323045454}. Best is trial 272 with value: 0.9207214438111938.[0m
[32m[I 2022-04-29 01:20:05,998][0m Trial 971 finished with value: 0.9193837824787032 and parameters: {'n_estimators': 170, 'min_samples_split': 0.1502828058314808, 'min_samples_leaf': 0.14431848639081174, 'min_weight_fraction_leaf': 0.03730382220295024, 'max_features': 0.9227036807307456, 'bootstrap': False, 'max_samples': 0.13421991169779066}. Best is trial 272 with value: 0.9207214438111938.[0m
