[32m[I 2022-05-03 08:33:25,505][0m Trial 727 finished with value: 0.8395737946638565 and parameters: {'n_estimators': 131, 'min_samples_split': 0.2331342595787986, 'min_samples_leaf': 0.15148600932200748, 'min_weight_fraction_leaf': 0.028746958119620428, 'max_features': 0.8594382833431637, 'bootstrap': False, 'max_samples': 0.648370868991565}. Best is trial 376 with value: 0.8413011491451163.[0m
[32m[I 2022-05-03 08:40:38,751][0m Trial 728 finished with value: 0.8387086075581223 and parameters: {'n_estimators': 122, 'min_samples_split': 0.244658514013633, 'min_samples_leaf': 0.142103020557769, 'min_weight_fraction_leaf': 0.018030349644938555, 'max_features': 0.901440787601665, 'bootstrap': False, 'max_samples': 0.6055492892547181}. Best is trial 376 with value: 0.8413011491451163.[0m
[32m[I 2022-05-03 08:47:59,485][0m Trial 729 finished with value: 0.8391882392139072 and parameters: {'n_estimators': 135, 'min_samples_split': 0.22841322651298504, 'min_samples_leaf': 0.12978059752009327, 'min_weight_fraction_leaf': 0.03784757663244296, 'max_features': 0.7621135856988099, 'bootstrap': False, 'max_samples': 0.65776023818648}. Best is trial 376 with value: 0.8413011491451163.[0m
[32m[I 2022-05-03 08:49:32,347][0m Trial 730 finished with value: 0.7889909284110916 and parameters: {'n_estimators': 126, 'min_samples_split': 0.08185419935083693, 'min_samples_leaf': 0.3157692583041938, 'min_weight_fraction_leaf': 0.0472585786089868, 'max_features': 0.49190141225015216, 'bootstrap': False, 'max_samples': 0.6853232302871748}. Best is trial 376 with value: 0.8413011491451163.[0m
[32m[I 2022-05-03 09:00:44,396][0m Trial 731 finished with value: 0.8137598951281906 and parameters: {'n_estimators': 144, 'min_samples_split': 0.2500783224689688, 'min_samples_leaf': 0.09052878951643537, 'min_weight_fraction_leaf': 0.024408611131630953, 'max_features': 0.8295436493688862, 'bootstrap': False, 'max_samples': 0.628689072168692}. Best is trial 376 with value: 0.8413011491451163.[0m
[32m[I 2022-05-03 09:07:52,346][0m Trial 732 finished with value: 0.8392121452868821 and parameters: {'n_estimators': 133, 'min_samples_split': 0.2402736545646755, 'min_samples_leaf': 0.1530529043555571, 'min_weight_fraction_leaf': 0.012976185359612072, 'max_features': 0.8768867162309498, 'bootstrap': False, 'max_samples': 0.6321104296590419}. Best is trial 376 with value: 0.8413011491451163.[0m
[32m[I 2022-05-03 09:13:34,461][0m Trial 733 finished with value: 0.838518624618645 and parameters: {'n_estimators': 127, 'min_samples_split': 0.129849912178855, 'min_samples_leaf': 0.1702794759936614, 'min_weight_fraction_leaf': 0.029669490065140428, 'max_features': 0.7985789971515526, 'bootstrap': False, 'max_samples': 0.6635394220342651}. Best is trial 376 with value: 0.8413011491451163.[0m
[32m[I 2022-05-03 09:20:18,263][0m Trial 734 finished with value: 0.8403215710490383 and parameters: {'n_estimators': 119, 'min_samples_split': 0.2231751172243588, 'min_samples_leaf': 0.13931784044643789, 'min_weight_fraction_leaf': 0.010379734635443805, 'max_features': 0.8490986592938075, 'bootstrap': False, 'max_samples': 0.6373987184565868}. Best is trial 376 with value: 0.8413011491451163.[0m
[32m[I 2022-05-03 09:28:35,919][0m Trial 735 finished with value: 0.8356318393592446 and parameters: {'n_estimators': 140, 'min_samples_split': 0.23452847515953779, 'min_samples_leaf': 0.12114127356759397, 'min_weight_fraction_leaf': 0.01818589937530475, 'max_features': 0.8135268352009163, 'bootstrap': False, 'max_samples': 0.6588735683573534}. Best is trial 376 with value: 0.8413011491451163.[0m
[32m[I 2022-05-03 09:28:59,890][0m Trial 736 finished with value: 0.7962959094715756 and parameters: {'n_estimators': 121, 'min_samples_split': 0.21285583108555967, 'min_samples_leaf': 0.14648182457392306, 'min_weight_fraction_leaf': 0.008515428283978948, 'max_features': 0.6132462745229723, 'bootstrap': True, 'max_samples': 0.618593619669462, 'oob_score': False}. Best is trial 376 with value: 0.8413011491451163.[0m
[32m[I 2022-05-03 09:29:16,063][0m Trial 737 finished with value: 0.7893773837710687 and parameters: {'n_estimators': 133, 'min_samples_split': 0.2526397274529893, 'min_samples_leaf': 0.160339964010124, 'min_weight_fraction_leaf': 0.0435065540258438, 'max_features': 0.04480572156388035, 'bootstrap': False, 'max_samples': 0.6233115641390559}. Best is trial 376 with value: 0.8413011491451163.[0m
[32m[I 2022-05-03 09:36:44,386][0m Trial 738 finished with value: 0.8388214020386267 and parameters: {'n_estimators': 126, 'min_samples_split': 0.09609535508267611, 'min_samples_leaf': 0.1342963916005952, 'min_weight_fraction_leaf': 0.02530057280810042, 'max_features': 0.8677834773848867, 'bootstrap': False, 'max_samples': 0.7056687330960663}. Best is trial 376 with value: 0.8413011491451163.[0m
[32m[I 2022-05-03 09:40:22,416][0m Trial 739 finished with value: 0.8179349604794194 and parameters: {'n_estimators': 145, 'min_samples_split': 0.24132757325962034, 'min_samples_leaf': 0.11440070990113052, 'min_weight_fraction_leaf': 0.016273501531407355, 'max_features': 0.2644555930946836, 'bootstrap': False, 'max_samples': 0.6754801449742537}. Best is trial 376 with value: 0.8413011491451163.[0m
[32m[I 2022-05-03 09:46:45,166][0m Trial 740 finished with value: 0.8389487659772449 and parameters: {'n_estimators': 117, 'min_samples_split': 0.06174041523749859, 'min_samples_leaf': 0.14529308056366502, 'min_weight_fraction_leaf': 0.0334730557026378, 'max_features': 0.8337417221082482, 'bootstrap': False, 'max_samples': 0.5937803477199353}. Best is trial 376 with value: 0.8413011491451163.[0m
[32m[I 2022-05-03 09:54:55,359][0m Trial 741 finished with value: 0.8215962651391238 and parameters: {'n_estimators': 137, 'min_samples_split': 0.044392861474010115, 'min_samples_leaf': 0.12783823470496225, 'min_weight_fraction_leaf': 0.18971062342203607, 'max_features': 0.8899152196434295, 'bootstrap': False, 'max_samples': 0.6460549476649591}. Best is trial 376 with value: 0.8413011491451163.[0m
[32m[I 2022-05-03 10:02:11,914][0m Trial 742 finished with value: 0.8410683631137801 and parameters: {'n_estimators': 130, 'min_samples_split': 0.2264218682215714, 'min_samples_leaf': 0.13761407110915358, 'min_weight_fraction_leaf': 0.00812933583545098, 'max_features': 0.852058824467716, 'bootstrap': False, 'max_samples': 0.590537927417056}. Best is trial 376 with value: 0.8413011491451163.[0m
[32m[I 2022-05-03 10:10:27,830][0m Trial 743 finished with value: 0.8361969928993757 and parameters: {'n_estimators': 131, 'min_samples_split': 0.2190350716359529, 'min_samples_leaf': 0.12352307759858483, 'min_weight_fraction_leaf': 0.03446963573673278, 'max_features': 0.8405982479145725, 'bootstrap': False, 'max_samples': 0.5767424638285029}. Best is trial 376 with value: 0.8413011491451163.[0m
[32m[I 2022-05-03 10:18:15,341][0m Trial 744 finished with value: 0.840165270414779 and parameters: {'n_estimators': 138, 'min_samples_split': 0.1979324349907973, 'min_samples_leaf': 0.13489441471474964, 'min_weight_fraction_leaf': 0.02330837444506208, 'max_features': 0.8193285334162842, 'bootstrap': False, 'max_samples': 0.5900213306176709}. Best is trial 376 with value: 0.8413011491451163.[0m
[32m[I 2022-05-03 10:26:48,604][0m Trial 745 finished with value: 0.8348567384245434 and parameters: {'n_estimators': 129, 'min_samples_split': 0.21353907215306378, 'min_samples_leaf': 0.10677368712191095, 'min_weight_fraction_leaf': 0.01601330225951999, 'max_features': 0.7883968522311045, 'bootstrap': False, 'max_samples': 0.5845131527592865}. Best is trial 376 with value: 0.8413011491451163.[0m
[32m[I 2022-05-03 10:34:17,919][0m Trial 746 finished with value: 0.8392706849648377 and parameters: {'n_estimators': 146, 'min_samples_split': 0.2054857111278334, 'min_samples_leaf': 0.1559758563542806, 'min_weight_fraction_leaf': 0.009474330238827407, 'max_features': 0.8588165079035955, 'bootstrap': False, 'max_samples': 0.6169419449775394}. Best is trial 376 with value: 0.8413011491451163.[0m
[32m[I 2022-05-03 10:42:03,043][0m Trial 747 finished with value: 0.8414301147947075 and parameters: {'n_estimators': 134, 'min_samples_split': 0.2254310601250597, 'min_samples_leaf': 0.13702061955121853, 'min_weight_fraction_leaf': 0.05260563806760804, 'max_features': 0.8431964671853075, 'bootstrap': False, 'max_samples': 0.5484288748935349}. Best is trial 747 with value: 0.8414301147947075.[0m
[32m[I 2022-05-03 10:50:31,314][0m Trial 748 finished with value: 0.8355414945998373 and parameters: {'n_estimators': 139, 'min_samples_split': 0.22027410260325486, 'min_samples_leaf': 0.11618947036878255, 'min_weight_fraction_leaf': 0.047459026894149325, 'max_features': 0.8063255955323098, 'bootstrap': False, 'max_samples': 0.5674474719751254}. Best is trial 747 with value: 0.8414301147947075.[0m
[32m[I 2022-05-03 10:59:12,959][0m Trial 749 finished with value: 0.83923937879583 and parameters: {'n_estimators': 149, 'min_samples_split': 0.20472539005284943, 'min_samples_leaf': 0.13030672300346255, 'min_weight_fraction_leaf': 0.058457249856480015, 'max_features': 0.8380884207869901, 'bootstrap': False, 'max_samples': 0.561520998114077}. Best is trial 747 with value: 0.8414301147947075.[0m
[32m[I 2022-05-03 11:09:43,362][0m Trial 750 finished with value: 0.8223808076287206 and parameters: {'n_estimators': 135, 'min_samples_split': 0.18945878466153995, 'min_samples_leaf': 0.09813802861054319, 'min_weight_fraction_leaf': 0.06049159505146204, 'max_features': 0.8729286209630983, 'bootstrap': False, 'max_samples': 0.613204128130912}. Best is trial 747 with value: 0.8414301147947075.[0m
[32m[I 2022-05-03 11:18:20,219][0m Trial 751 finished with value: 0.8368032778867203 and parameters: {'n_estimators': 143, 'min_samples_split': 0.22823976148746714, 'min_samples_leaf': 0.12592640455134874, 'min_weight_fraction_leaf': 0.05289479648846931, 'max_features': 0.8180792882037847, 'bootstrap': False, 'max_samples': 0.6312912222489002}. Best is trial 747 with value: 0.8414301147947075.[0m
[32m[I 2022-05-03 11:25:01,794][0m Trial 752 finished with value: 0.839227889812291 and parameters: {'n_estimators': 135, 'min_samples_split': 0.21420750943120925, 'min_samples_leaf': 0.1498144386668243, 'min_weight_fraction_leaf': 0.05123423737195969, 'max_features': 0.7808902186214791, 'bootstrap': False, 'max_samples': 0.6001294297537088}. Best is trial 747 with value: 0.8414301147947075.[0m
[32m[I 2022-05-03 11:32:03,923][0m Trial 753 finished with value: 0.839911536364599 and parameters: {'n_estimators': 126, 'min_samples_split': 0.22421938684528414, 'min_samples_leaf': 0.137537638401039, 'min_weight_fraction_leaf': 0.04242389957018168, 'max_features': 0.837108983673442, 'bootstrap': False, 'max_samples': 0.5780699981473447}. Best is trial 747 with value: 0.8414301147947075.[0m
[32m[I 2022-05-03 11:41:33,723][0m Trial 754 finished with value: 0.8353386504740954 and parameters: {'n_estimators': 141, 'min_samples_split': 0.20640389890343427, 'min_samples_leaf': 0.11677851050308247, 'min_weight_fraction_leaf': 0.04366874498030186, 'max_features': 0.9038937799795734, 'bootstrap': False, 'max_samples': 0.6139464520593997}. Best is trial 747 with value: 0.8414301147947075.[0m
[32m[I 2022-05-03 11:46:01,737][0m Trial 755 finished with value: 0.8324467824417281 and parameters: {'n_estimators': 132, 'min_samples_split': 0.30675731430175224, 'min_samples_leaf': 0.1459309814094046, 'min_weight_fraction_leaf': 0.054395887833812606, 'max_features': 0.461073240551052, 'bootstrap': False, 'max_samples': 0.6399912537486606}. Best is trial 747 with value: 0.8414301147947075.[0m
[32m[I 2022-05-03 11:53:42,341][0m Trial 756 finished with value: 0.8388521152927225 and parameters: {'n_estimators': 128, 'min_samples_split': 0.23084429725763833, 'min_samples_leaf': 0.1336005188969274, 'min_weight_fraction_leaf': 0.03581889643316049, 'max_features': 0.8624024575751401, 'bootstrap': False, 'max_samples': 0.5970077474647014}. Best is trial 747 with value: 0.8414301147947075.[0m
[32m[I 2022-05-03 11:59:54,478][0m Trial 757 finished with value: 0.8068533881706574 and parameters: {'n_estimators': 122, 'min_samples_split': 0.22318720228032024, 'min_samples_leaf': 0.15636185899126837, 'min_weight_fraction_leaf': 0.21764515029838594, 'max_features': 0.8883797512890241, 'bootstrap': False, 'max_samples': 0.5466975951786437}. Best is trial 747 with value: 0.8414301147947075.[0m
[32m[I 2022-05-03 12:00:24,565][0m Trial 758 finished with value: 0.7529569726838928 and parameters: {'n_estimators': 144, 'min_samples_split': 0.040195874754572425, 'min_samples_leaf': 0.1702713557935367, 'min_weight_fraction_leaf': 0.03354538362103489, 'max_features': 0.8058347079874115, 'bootstrap': True, 'max_samples': 0.6014225448963831, 'oob_score': True}. Best is trial 747 with value: 0.8414301147947075.[0m
[32m[I 2022-05-03 12:08:46,323][0m Trial 759 finished with value: 0.8369670341264553 and parameters: {'n_estimators': 135, 'min_samples_split': 0.21264019693506397, 'min_samples_leaf': 0.12558419934282225, 'min_weight_fraction_leaf': 0.04598104080095021, 'max_features': 0.850033539272709, 'bootstrap': False, 'max_samples': 0.4489448005004546}. Best is trial 747 with value: 0.8414301147947075.[0m
[32m[I 2022-05-03 12:17:02,996][0m Trial 760 finished with value: 0.8393242656861976 and parameters: {'n_estimators': 150, 'min_samples_split': 0.20175754783672914, 'min_samples_leaf': 0.14095857814219578, 'min_weight_fraction_leaf': 0.061942552816461376, 'max_features': 0.8243022243172431, 'bootstrap': False, 'max_samples': 0.5658962403409609}. Best is trial 747 with value: 0.8414301147947075.[0m
[32m[I 2022-05-03 12:23:51,359][0m Trial 761 finished with value: 0.8219791508275606 and parameters: {'n_estimators': 125, 'min_samples_split': 0.3674747309780845, 'min_samples_leaf': 0.1494512054639106, 'min_weight_fraction_leaf': 0.024330371217648555, 'max_features': 0.8760189018256896, 'bootstrap': False, 'max_samples': 0.6447811776209692}. Best is trial 747 with value: 0.8414301147947075.[0m
[32m[I 2022-05-03 12:33:19,223][0m Trial 762 finished with value: 0.8362136816709494 and parameters: {'n_estimators': 139, 'min_samples_split': 0.22334696806775375, 'min_samples_leaf': 0.11043252383995011, 'min_weight_fraction_leaf': 0.03093161376507585, 'max_features': 0.8416810437265473, 'bootstrap': False, 'max_samples': 0.5866825440259085}. Best is trial 747 with value: 0.8414301147947075.[0m
[32m[I 2022-05-03 12:40:48,493][0m Trial 763 finished with value: 0.8376104838572024 and parameters: {'n_estimators': 121, 'min_samples_split': 0.23094956259929744, 'min_samples_leaf': 0.13169134893152226, 'min_weight_fraction_leaf': 0.04034900539812149, 'max_features': 0.8624007662429997, 'bootstrap': False, 'max_samples': 0.6250707386724617}. Best is trial 747 with value: 0.8414301147947075.[0m
[32m[I 2022-05-03 12:48:38,868][0m Trial 764 finished with value: 0.8361706377468447 and parameters: {'n_estimators': 129, 'min_samples_split': 0.18015296602615538, 'min_samples_leaf': 0.1222334350743523, 'min_weight_fraction_leaf': 0.0237569935202444, 'max_features': 0.8223735286096353, 'bootstrap': False, 'max_samples': 0.4165514119949659}. Best is trial 747 with value: 0.8414301147947075.[0m
[32m[I 2022-05-03 12:55:36,686][0m Trial 765 finished with value: 0.8388049951094512 and parameters: {'n_estimators': 134, 'min_samples_split': 0.24810352337517033, 'min_samples_leaf': 0.1602486543224308, 'min_weight_fraction_leaf': 0.05017670055954642, 'max_features': 0.8773158983598778, 'bootstrap': False, 'max_samples': 0.20309219866625594}. Best is trial 747 with value: 0.8414301147947075.[0m
[32m[I 2022-05-03 13:13:08,673][0m Trial 766 finished with value: 0.8392087325558968 and parameters: {'n_estimators': 334, 'min_samples_split': 0.21268355809584125, 'min_samples_leaf': 0.13945085147950126, 'min_weight_fraction_leaf': 0.015784490558084424, 'max_features': 0.7949248398304921, 'bootstrap': False, 'max_samples': 0.5119759040443591}. Best is trial 747 with value: 0.8414301147947075.[0m
[32m[I 2022-05-03 13:18:31,563][0m Trial 767 finished with value: 0.76510544157705 and parameters: {'n_estimators': 141, 'min_samples_split': 0.0733751606901851, 'min_samples_leaf': 0.1488549280750068, 'min_weight_fraction_leaf': 0.3272302179438754, 'max_features': 0.8486152201825384, 'bootstrap': False, 'max_samples': 0.34323182731824764}. Best is trial 747 with value: 0.8414301147947075.[0m
[32m[I 2022-05-03 13:26:09,188][0m Trial 768 finished with value: 0.8397476431034366 and parameters: {'n_estimators': 122, 'min_samples_split': 0.2302880192381027, 'min_samples_leaf': 0.13274359043594566, 'min_weight_fraction_leaf': 0.028466745568674207, 'max_features': 0.921760256965746, 'bootstrap': False, 'max_samples': 0.37652257873265105}. Best is trial 747 with value: 0.8414301147947075.[0m
[32m[I 2022-05-03 13:34:41,541][0m Trial 769 finished with value: 0.8359133458508238 and parameters: {'n_estimators': 130, 'min_samples_split': 0.2559114484071646, 'min_samples_leaf': 0.12087269565012909, 'min_weight_fraction_leaf': 0.019676360555525407, 'max_features': 0.8930349670188358, 'bootstrap': False, 'max_samples': 0.3547460925069859}. Best is trial 747 with value: 0.8414301147947075.[0m
[32m[I 2022-05-03 13:42:41,408][0m Trial 770 finished with value: 0.8393632723901554 and parameters: {'n_estimators': 145, 'min_samples_split': 0.030152617375076907, 'min_samples_leaf': 0.14112066658917, 'min_weight_fraction_leaf': 0.007784652410596525, 'max_features': 0.8313036869424077, 'bootstrap': False, 'max_samples': 0.6087975868220693}. Best is trial 747 with value: 0.8414301147947075.[0m
[32m[I 2022-05-03 13:49:40,991][0m Trial 771 finished with value: 0.8395516368208849 and parameters: {'n_estimators': 135, 'min_samples_split': 0.19317837790306708, 'min_samples_leaf': 0.15568568070744032, 'min_weight_fraction_leaf': 0.03758469627484017, 'max_features': 0.8566980804279551, 'bootstrap': False, 'max_samples': 0.5408162872519897}. Best is trial 747 with value: 0.8414301147947075.[0m
[32m[I 2022-05-03 13:53:56,156][0m Trial 772 finished with value: 0.7272959690661394 and parameters: {'n_estimators': 118, 'min_samples_split': 0.010133083415959594, 'min_samples_leaf': 0.1296245685374754, 'min_weight_fraction_leaf': 0.4332511199401997, 'max_features': 0.764938021896409, 'bootstrap': False, 'max_samples': 0.38987445865364895}. Best is trial 747 with value: 0.8414301147947075.[0m
[32m[I 2022-05-03 14:00:29,291][0m Trial 773 finished with value: 0.8390023069394152 and parameters: {'n_estimators': 125, 'min_samples_split': 0.2379713944337569, 'min_samples_leaf': 0.14729365127919908, 'min_weight_fraction_leaf': 0.0550259317548932, 'max_features': 0.8093523673866191, 'bootstrap': False, 'max_samples': 0.4639702617090762}. Best is trial 747 with value: 0.8414301147947075.[0m
[32m[I 2022-05-03 14:20:04,903][0m Trial 774 finished with value: 0.8394454903793364 and parameters: {'n_estimators': 436, 'min_samples_split': 0.21590148368583909, 'min_samples_leaf': 0.16837585413547296, 'min_weight_fraction_leaf': 0.00013064020822494836, 'max_features': 0.8364214992001898, 'bootstrap': False, 'max_samples': 0.7166995256984109}. Best is trial 747 with value: 0.8414301147947075.[0m
[32m[I 2022-05-03 14:20:26,209][0m Trial 775 finished with value: 0.7775107236778738 and parameters: {'n_estimators': 128, 'min_samples_split': 0.24383741388592728, 'min_samples_leaf': 0.10987020959183391, 'min_weight_fraction_leaf': 0.06891843860624142, 'max_features': 0.8771724809468422, 'bootstrap': True, 'max_samples': 0.42992864835839345, 'oob_score': False}. Best is trial 747 with value: 0.8414301147947075.[0m
[32m[I 2022-05-03 14:29:15,224][0m Trial 776 finished with value: 0.838852420334951 and parameters: {'n_estimators': 149, 'min_samples_split': 0.2239954809931703, 'min_samples_leaf': 0.13793764366207267, 'min_weight_fraction_leaf': 0.016525518866718842, 'max_features': 0.9055094550808344, 'bootstrap': False, 'max_samples': 0.6784971768036526}. Best is trial 747 with value: 0.8414301147947075.[0m
[32m[I 2022-05-03 14:37:22,611][0m Trial 777 finished with value: 0.8240384075400256 and parameters: {'n_estimators': 139, 'min_samples_split': 0.3959339924991435, 'min_samples_leaf': 0.12634185914976875, 'min_weight_fraction_leaf': 0.027319427144707538, 'max_features': 0.8581027901283073, 'bootstrap': False, 'max_samples': 0.3609542062134587}. Best is trial 747 with value: 0.8414301147947075.[0m
[32m[I 2022-05-03 14:44:26,901][0m Trial 778 finished with value: 0.8390057874323908 and parameters: {'n_estimators': 132, 'min_samples_split': 0.2057048247971374, 'min_samples_leaf': 0.14704471933332863, 'min_weight_fraction_leaf': 0.00761429740921894, 'max_features': 0.8225836489786451, 'bootstrap': False, 'max_samples': 0.32860254675234407}. Best is trial 747 with value: 0.8414301147947075.[0m
[32m[I 2022-05-03 14:52:13,477][0m Trial 779 finished with value: 0.8358094568259993 and parameters: {'n_estimators': 123, 'min_samples_split': 0.25216873552788877, 'min_samples_leaf': 0.11926276933169488, 'min_weight_fraction_leaf': 0.0396261576069493, 'max_features': 0.8458803781378322, 'bootstrap': False, 'max_samples': 0.3846779957844074}. Best is trial 747 with value: 0.8414301147947075.[0m
[32m[I 2022-05-03 14:59:18,819][0m Trial 780 finished with value: 0.8403383498072042 and parameters: {'n_estimators': 118, 'min_samples_split': 0.23238451644875172, 'min_samples_leaf': 0.13514074266189646, 'min_weight_fraction_leaf': 0.01820575917218004, 'max_features': 0.8743115179413584, 'bootstrap': False, 'max_samples': 0.4404666176153435}. Best is trial 747 with value: 0.8414301147947075.[0m
