[32m[I 2022-05-03 22:18:08,271][0m Trial 835 finished with value: 0.8396035041034784 and parameters: {'n_estimators': 131, 'min_samples_split': 0.19575542122192197, 'min_samples_leaf': 0.13606700555762977, 'min_weight_fraction_leaf': 2.8241812777950875e-06, 'max_features': 0.8728780221119657, 'bootstrap': False, 'max_samples': 0.41473319596705666}. Best is trial 747 with value: 0.8414301147947075.[0m
[32m[I 2022-05-03 22:24:59,274][0m Trial 836 finished with value: 0.8391730047105856 and parameters: {'n_estimators': 141, 'min_samples_split': 0.04647850204462826, 'min_samples_leaf': 0.1621937725194459, 'min_weight_fraction_leaf': 0.05962074813414604, 'max_features': 0.8343335776853592, 'bootstrap': False, 'max_samples': 0.37299175242045435}. Best is trial 747 with value: 0.8414301147947075.[0m
[32m[I 2022-05-03 22:31:06,917][0m Trial 837 finished with value: 0.8401151266902713 and parameters: {'n_estimators': 112, 'min_samples_split': 0.06963529925787493, 'min_samples_leaf': 0.14456377622195743, 'min_weight_fraction_leaf': 0.03556395662909895, 'max_features': 0.8551928054162845, 'bootstrap': False, 'max_samples': 0.3534298949737895}. Best is trial 747 with value: 0.8414301147947075.[0m
[32m[I 2022-05-03 22:38:35,920][0m Trial 838 finished with value: 0.8354399333928658 and parameters: {'n_estimators': 125, 'min_samples_split': 0.21528263029296296, 'min_samples_leaf': 0.12532534113712826, 'min_weight_fraction_leaf': 0.046451539513012785, 'max_features': 0.8118683425183217, 'bootstrap': False, 'max_samples': 0.3392346891192698}. Best is trial 747 with value: 0.8414301147947075.[0m
[32m[I 2022-05-03 22:44:05,576][0m Trial 839 finished with value: 0.8151882136792278 and parameters: {'n_estimators': 153, 'min_samples_split': 0.24940744744524446, 'min_samples_leaf': 0.10856283929065975, 'min_weight_fraction_leaf': 0.00010210829351041568, 'max_features': 0.36350415418860094, 'bootstrap': False, 'max_samples': 0.310118973828743}. Best is trial 747 with value: 0.8414301147947075.[0m
[32m[I 2022-05-03 22:52:11,844][0m Trial 840 finished with value: 0.8385548333462219 and parameters: {'n_estimators': 134, 'min_samples_split': 0.2670445368880125, 'min_samples_leaf': 0.13353200477615912, 'min_weight_fraction_leaf': 0.02326028803196725, 'max_features': 0.8824746169180948, 'bootstrap': False, 'max_samples': 0.5886384419956618}. Best is trial 747 with value: 0.8414301147947075.[0m
[32m[I 2022-05-03 22:58:36,131][0m Trial 841 finished with value: 0.8391424581383375 and parameters: {'n_estimators': 116, 'min_samples_split': 0.2292289186677942, 'min_samples_leaf': 0.14456932539085554, 'min_weight_fraction_leaf': 0.011992471271960736, 'max_features': 0.8334610242923122, 'bootstrap': False, 'max_samples': 0.3954793281708721}. Best is trial 747 with value: 0.8414301147947075.[0m
[32m[I 2022-05-03 23:07:59,549][0m Trial 842 finished with value: 0.8356942962006666 and parameters: {'n_estimators': 147, 'min_samples_split': 0.21940253188695938, 'min_samples_leaf': 0.11992425331456896, 'min_weight_fraction_leaf': 0.015617481647889776, 'max_features': 0.861241661077923, 'bootstrap': False, 'max_samples': 0.375442148417298}. Best is trial 747 with value: 0.8414301147947075.[0m
[32m[I 2022-05-03 23:14:50,949][0m Trial 843 finished with value: 0.8376581021547835 and parameters: {'n_estimators': 123, 'min_samples_split': 0.23840477403998017, 'min_samples_leaf': 0.1541017047202066, 'min_weight_fraction_leaf': 0.027413563213649583, 'max_features': 0.9084388631592323, 'bootstrap': False, 'max_samples': 0.27938260122165337}. Best is trial 747 with value: 0.8414301147947075.[0m
[32m[I 2022-05-03 23:19:43,592][0m Trial 844 finished with value: 0.7525673689536644 and parameters: {'n_estimators': 137, 'min_samples_split': 0.14239576378906815, 'min_samples_leaf': 0.13210198788085573, 'min_weight_fraction_leaf': 0.3662354892557432, 'max_features': 0.7760471433316813, 'bootstrap': False, 'max_samples': 0.454624126030882}. Best is trial 747 with value: 0.8414301147947075.[0m
[32m[I 2022-05-03 23:28:43,745][0m Trial 845 finished with value: 0.8160277913688414 and parameters: {'n_estimators': 109, 'min_samples_split': 0.20925561521498404, 'min_samples_leaf': 0.08648036252407038, 'min_weight_fraction_leaf': 0.007976256635742812, 'max_features': 0.8213514403454102, 'bootstrap': False, 'max_samples': 0.5331381916339801}. Best is trial 747 with value: 0.8414301147947075.[0m
[32m[I 2022-05-03 23:34:28,383][0m Trial 846 finished with value: 0.8206767103533318 and parameters: {'n_estimators': 130, 'min_samples_split': 0.2585832855142467, 'min_samples_leaf': 0.17675351079339377, 'min_weight_fraction_leaf': 0.039071949553896874, 'max_features': 0.8466152541736209, 'bootstrap': False, 'max_samples': 0.6234960445359922}. Best is trial 747 with value: 0.8414301147947075.[0m
[32m[I 2022-05-03 23:59:22,070][0m Trial 847 finished with value: 0.8392337095104259 and parameters: {'n_estimators': 483, 'min_samples_split': 0.23171420691168326, 'min_samples_leaf': 0.14225460230036238, 'min_weight_fraction_leaf': 0.021723728550969056, 'max_features': 0.7953064621719317, 'bootstrap': False, 'max_samples': 0.40659466200562405}. Best is trial 747 with value: 0.8414301147947075.[0m
[32m[I 2022-05-04 00:06:55,696][0m Trial 848 finished with value: 0.8378209063433044 and parameters: {'n_estimators': 120, 'min_samples_split': 0.31283784069691467, 'min_samples_leaf': 0.1248636561356522, 'min_weight_fraction_leaf': 0.052057425186504754, 'max_features': 0.8805371257021152, 'bootstrap': False, 'max_samples': 0.4785767657708436}. Best is trial 747 with value: 0.8414301147947075.[0m
[32m[I 2022-05-04 00:13:54,332][0m Trial 849 finished with value: 0.838827198321465 and parameters: {'n_estimators': 141, 'min_samples_split': 0.2746422655066064, 'min_samples_leaf': 0.1655369140098532, 'min_weight_fraction_leaf': 0.009670458089222626, 'max_features': 0.8636221904856434, 'bootstrap': False, 'max_samples': 0.3558491821286378}. Best is trial 747 with value: 0.8414301147947075.[0m
[32m[I 2022-05-04 00:14:17,829][0m Trial 850 finished with value: 0.7584857811160624 and parameters: {'n_estimators': 128, 'min_samples_split': 0.24565549072055998, 'min_samples_leaf': 0.15327331802728836, 'min_weight_fraction_leaf': 0.031774962234019155, 'max_features': 0.8374187596733881, 'bootstrap': True, 'max_samples': 0.5656892005217612, 'oob_score': False}. Best is trial 747 with value: 0.8414301147947075.[0m
[32m[I 2022-05-04 00:22:26,326][0m Trial 851 finished with value: 0.839157654660515 and parameters: {'n_estimators': 135, 'min_samples_split': 0.2252794223026061, 'min_samples_leaf': 0.13685264924063445, 'min_weight_fraction_leaf': 0.017427591148703982, 'max_features': 0.8934239831803127, 'bootstrap': False, 'max_samples': 0.33122949793583106}. Best is trial 747 with value: 0.8414301147947075.[0m
[32m[I 2022-05-04 00:30:31,246][0m Trial 852 finished with value: 0.8373228947861318 and parameters: {'n_estimators': 116, 'min_samples_split': 0.20415891474285916, 'min_samples_leaf': 0.10754067843441177, 'min_weight_fraction_leaf': 0.00906563056175965, 'max_features': 0.813292182429702, 'bootstrap': False, 'max_samples': 0.3798314691999655}. Best is trial 747 with value: 0.8414301147947075.[0m
[32m[I 2022-05-04 00:38:26,833][0m Trial 853 finished with value: 0.8403094552109875 and parameters: {'n_estimators': 145, 'min_samples_split': 0.25154626142255226, 'min_samples_leaf': 0.1456681086181491, 'min_weight_fraction_leaf': 0.06357168664132583, 'max_features': 0.8494176958379407, 'bootstrap': False, 'max_samples': 0.6602302659711622}. Best is trial 747 with value: 0.8414301147947075.[0m
[32m[I 2022-05-04 00:43:49,901][0m Trial 854 finished with value: 0.8203085634575531 and parameters: {'n_estimators': 126, 'min_samples_split': 0.2641160342705426, 'min_samples_leaf': 0.1919477952674623, 'min_weight_fraction_leaf': 0.00032465943453300825, 'max_features': 0.8713952524677226, 'bootstrap': False, 'max_samples': 0.423514220978793}. Best is trial 747 with value: 0.8414301147947075.[0m
[32m[I 2022-05-04 00:51:51,936][0m Trial 855 finished with value: 0.8390929749759037 and parameters: {'n_estimators': 134, 'min_samples_split': 0.03122997134355082, 'min_samples_leaf': 0.12708883678505115, 'min_weight_fraction_leaf': 0.026976933203882076, 'max_features': 0.832168864987428, 'bootstrap': False, 'max_samples': 0.5872527029485775}. Best is trial 747 with value: 0.8414301147947075.[0m
[32m[I 2022-05-04 00:59:45,411][0m Trial 856 finished with value: 0.8359579750030066 and parameters: {'n_estimators': 122, 'min_samples_split': 0.056099293765788115, 'min_samples_leaf': 0.11652382139444675, 'min_weight_fraction_leaf': 0.04286316418477268, 'max_features': 0.8544131099448605, 'bootstrap': False, 'max_samples': 0.30975590329493013}. Best is trial 747 with value: 0.8414301147947075.[0m
[32m[I 2022-05-04 01:06:23,553][0m Trial 857 finished with value: 0.8373951302207953 and parameters: {'n_estimators': 109, 'min_samples_split': 0.29840577978859006, 'min_samples_leaf': 0.13577046005413748, 'min_weight_fraction_leaf': 0.015739916867421745, 'max_features': 0.890551612587639, 'bootstrap': False, 'max_samples': 0.3421769870815339}. Best is trial 747 with value: 0.8414301147947075.[0m
[32m[I 2022-05-04 01:12:33,714][0m Trial 858 finished with value: 0.8383615382029657 and parameters: {'n_estimators': 130, 'min_samples_split': 0.23654269914025317, 'min_samples_leaf': 0.15869848527324382, 'min_weight_fraction_leaf': 0.0345015378220151, 'max_features': 0.8037686996130425, 'bootstrap': False, 'max_samples': 0.40229945822553237}. Best is trial 747 with value: 0.8414301147947075.[0m
[32m[I 2022-05-04 01:21:19,900][0m Trial 859 finished with value: 0.8383040982622557 and parameters: {'n_estimators': 154, 'min_samples_split': 0.22013562589144461, 'min_samples_leaf': 0.14708712013154948, 'min_weight_fraction_leaf': 0.025084875363533595, 'max_features': 0.9254516900927537, 'bootstrap': False, 'max_samples': 0.43732891891518155}. Best is trial 747 with value: 0.8414301147947075.[0m
[32m[I 2022-05-04 01:29:06,359][0m Trial 860 finished with value: 0.8395157140101673 and parameters: {'n_estimators': 139, 'min_samples_split': 0.19475763419266148, 'min_samples_leaf': 0.13467719135233297, 'min_weight_fraction_leaf': 0.008966812288877826, 'max_features': 0.830621658922634, 'bootstrap': False, 'max_samples': 0.6394752176062924}. Best is trial 747 with value: 0.8414301147947075.[0m
[32m[I 2022-05-04 01:36:45,818][0m Trial 861 finished with value: 0.835816953345611 and parameters: {'n_estimators': 116, 'min_samples_split': 0.24480347198890506, 'min_samples_leaf': 0.11802389444107822, 'min_weight_fraction_leaf': 0.05140175261683034, 'max_features': 0.8669514236059714, 'bootstrap': False, 'max_samples': 0.36338170839268996}. Best is trial 747 with value: 0.8414301147947075.[0m
[32m[I 2022-05-04 01:44:54,567][0m Trial 862 finished with value: 0.8405610509005138 and parameters: {'n_estimators': 146, 'min_samples_split': 0.20971055021877044, 'min_samples_leaf': 0.14218598858268267, 'min_weight_fraction_leaf': 0.019751163923292556, 'max_features': 0.8500156260174586, 'bootstrap': False, 'max_samples': 0.6114148566004809}. Best is trial 747 with value: 0.8414301147947075.[0m
[32m[I 2022-05-04 01:50:10,398][0m Trial 863 finished with value: 0.8081321405067579 and parameters: {'n_estimators': 145, 'min_samples_split': 0.23052591691375998, 'min_samples_leaf': 0.21193589065156088, 'min_weight_fraction_leaf': 0.03909294872741634, 'max_features': 0.8151933051511722, 'bootstrap': False, 'max_samples': 0.3878055727611589}. Best is trial 747 with value: 0.8414301147947075.[0m
[32m[I 2022-05-04 02:32:09,370][0m Trial 864 finished with value: 0.8148564846375816 and parameters: {'n_estimators': 534, 'min_samples_split': 0.2533829050766595, 'min_samples_leaf': 0.06955912529550168, 'min_weight_fraction_leaf': 0.07355735492217852, 'max_features': 0.764159625143026, 'bootstrap': False, 'max_samples': 0.348576498662104}. Best is trial 747 with value: 0.8414301147947075.[0m
[32m[I 2022-05-04 02:39:13,967][0m Trial 865 finished with value: 0.8385636372130725 and parameters: {'n_estimators': 151, 'min_samples_split': 0.22149176064930362, 'min_samples_leaf': 0.1654482764451927, 'min_weight_fraction_leaf': 0.033605258345050924, 'max_features': 0.7923720924040547, 'bootstrap': False, 'max_samples': 0.3172844622670516}. Best is trial 747 with value: 0.8414301147947075.[0m
[32m[I 2022-05-04 02:43:14,669][0m Trial 866 finished with value: 0.8101684422285207 and parameters: {'n_estimators': 142, 'min_samples_split': 0.23759801846285988, 'min_samples_leaf': 0.15128152386407667, 'min_weight_fraction_leaf': 0.2113187734631498, 'max_features': 0.39995486608815445, 'bootstrap': False, 'max_samples': 0.1370676183101349}. Best is trial 747 with value: 0.8414301147947075.[0m
[32m[I 2022-05-04 02:51:14,045][0m Trial 867 finished with value: 0.8395333430230517 and parameters: {'n_estimators': 156, 'min_samples_split': 0.2862406538669901, 'min_samples_leaf': 0.1554110403104908, 'min_weight_fraction_leaf': 0.022682684619098552, 'max_features': 0.8407784668726144, 'bootstrap': False, 'max_samples': 0.6799051243511776}. Best is trial 747 with value: 0.8414301147947075.[0m
[32m[I 2022-05-04 03:00:03,755][0m Trial 868 finished with value: 0.836649927271089 and parameters: {'n_estimators': 148, 'min_samples_split': 0.21456828574290776, 'min_samples_leaf': 0.12679012741753945, 'min_weight_fraction_leaf': 0.0447082746307857, 'max_features': 0.8209955522328526, 'bootstrap': False, 'max_samples': 0.46731125522192796}. Best is trial 747 with value: 0.8414301147947075.[0m
[32m[I 2022-05-04 03:00:16,333][0m Trial 869 finished with value: 0.7328485684290886 and parameters: {'n_estimators': 154, 'min_samples_split': 0.2634667115269825, 'min_samples_leaf': 0.14145963948456863, 'min_weight_fraction_leaf': 0.02521098708649626, 'max_features': 0.1506074661181418, 'bootstrap': True, 'max_samples': 0.36565491569093583, 'oob_score': True}. Best is trial 747 with value: 0.8414301147947075.[0m
[32m[I 2022-05-04 03:10:17,073][0m Trial 870 finished with value: 0.8304704615420924 and parameters: {'n_estimators': 139, 'min_samples_split': 0.2287270315862819, 'min_samples_leaf': 0.10170978434272487, 'min_weight_fraction_leaf': 0.01760719697749415, 'max_features': 0.8471797001275704, 'bootstrap': False, 'max_samples': 0.636466621835354}. Best is trial 747 with value: 0.8414301147947075.[0m
[32m[I 2022-05-04 03:18:10,832][0m Trial 871 finished with value: 0.839303165188588 and parameters: {'n_estimators': 150, 'min_samples_split': 0.2729585113296873, 'min_samples_leaf': 0.14674967670914607, 'min_weight_fraction_leaf': 0.03377070192157672, 'max_features': 0.8266241210749302, 'bootstrap': False, 'max_samples': 0.29144906760707284}. Best is trial 747 with value: 0.8414301147947075.[0m
[32m[I 2022-05-04 03:26:15,464][0m Trial 872 finished with value: 0.8175262326003677 and parameters: {'n_estimators': 145, 'min_samples_split': 0.4591469448347598, 'min_samples_leaf': 0.13087350720837254, 'min_weight_fraction_leaf': 0.05145694385743654, 'max_features': 0.8766673972702249, 'bootstrap': False, 'max_samples': 0.413687013018354}. Best is trial 747 with value: 0.8414301147947075.[0m
[32m[I 2022-05-04 03:32:59,443][0m Trial 873 finished with value: 0.8392618909907179 and parameters: {'n_estimators': 135, 'min_samples_split': 0.2468780527676688, 'min_samples_leaf': 0.1624276092266086, 'min_weight_fraction_leaf': 0.018083385093668553, 'max_features': 0.8491737800730471, 'bootstrap': False, 'max_samples': 0.6114067755589168}. Best is trial 747 with value: 0.8414301147947075.[0m
[32m[I 2022-05-04 03:40:28,236][0m Trial 874 finished with value: 0.839898217648814 and parameters: {'n_estimators': 140, 'min_samples_split': 0.20652161285510634, 'min_samples_leaf': 0.13948617538031557, 'min_weight_fraction_leaf': 0.028584684018122038, 'max_features': 0.7984889392953716, 'bootstrap': False, 'max_samples': 0.39037914938264423}. Best is trial 747 with value: 0.8414301147947075.[0m
[32m[I 2022-05-04 03:56:12,120][0m Trial 875 finished with value: 0.7773323902862567 and parameters: {'n_estimators': 313, 'min_samples_split': 0.21952910566274605, 'min_samples_leaf': 0.12231944711560679, 'min_weight_fraction_leaf': 0.276365362250327, 'max_features': 0.8318251431220601, 'bootstrap': False, 'max_samples': 0.37671567602706235}. Best is trial 747 with value: 0.8414301147947075.[0m
[32m[I 2022-05-04 04:06:31,946][0m Trial 876 finished with value: 0.82193948226773 and parameters: {'n_estimators': 218, 'min_samples_split': 0.041854077828867554, 'min_samples_leaf': 0.17413293842140184, 'min_weight_fraction_leaf': 0.06163868206452576, 'max_features': 0.9054998362052157, 'bootstrap': False, 'max_samples': 0.44013895103627554}. Best is trial 747 with value: 0.8414301147947075.[0m
[32m[I 2022-05-04 04:22:48,898][0m Trial 877 finished with value: 0.8080612378582306 and parameters: {'n_estimators': 132, 'min_samples_split': 0.23516837362178486, 'min_samples_leaf': 0.02548962530953064, 'min_weight_fraction_leaf': 0.0004745787086939922, 'max_features': 0.8665667096423301, 'bootstrap': False, 'max_samples': 0.7001468403444782}. Best is trial 747 with value: 0.8414301147947075.[0m
[32m[I 2022-05-04 04:29:55,039][0m Trial 878 finished with value: 0.8389106220807074 and parameters: {'n_estimators': 145, 'min_samples_split': 0.2536069162391187, 'min_samples_leaf': 0.1527462432494085, 'min_weight_fraction_leaf': 0.041619189174818216, 'max_features': 0.7792134466380647, 'bootstrap': False, 'max_samples': 0.33339453847875433}. Best is trial 747 with value: 0.8414301147947075.[0m
[32m[I 2022-05-04 04:37:44,007][0m Trial 879 finished with value: 0.8379983553710227 and parameters: {'n_estimators': 136, 'min_samples_split': 0.24203801937308672, 'min_samples_leaf': 0.13167680992573053, 'min_weight_fraction_leaf': 1.6739203390556123e-05, 'max_features': 0.8147723773717205, 'bootstrap': False, 'max_samples': 0.5187914340924947}. Best is trial 747 with value: 0.8414301147947075.[0m
[32m[I 2022-05-04 04:44:46,715][0m Trial 880 finished with value: 0.8405173965053766 and parameters: {'n_estimators': 129, 'min_samples_split': 0.0806778499131559, 'min_samples_leaf': 0.14343963410266264, 'min_weight_fraction_leaf': 0.015809573290948727, 'max_features': 0.8484131238860322, 'bootstrap': False, 'max_samples': 0.4175482080632296}. Best is trial 747 with value: 0.8414301147947075.[0m
[32m[I 2022-05-04 04:51:16,375][0m Trial 881 finished with value: 0.839383508789562 and parameters: {'n_estimators': 130, 'min_samples_split': 0.07459483022722337, 'min_samples_leaf': 0.15752967435024778, 'min_weight_fraction_leaf': 0.009102393543749322, 'max_features': 0.8424072202710017, 'bootstrap': False, 'max_samples': 0.41784794424570487}. Best is trial 747 with value: 0.8414301147947075.[0m
[32m[I 2022-05-04 04:58:19,369][0m Trial 882 finished with value: 0.8394411879510418 and parameters: {'n_estimators': 137, 'min_samples_split': 0.08518363268466068, 'min_samples_leaf': 0.14663109259248966, 'min_weight_fraction_leaf': 0.01775644010873812, 'max_features': 0.8093529742022356, 'bootstrap': False, 'max_samples': 0.428688397173726}. Best is trial 747 with value: 0.8414301147947075.[0m
[32m[I 2022-05-04 05:13:51,161][0m Trial 883 finished with value: 0.8373396220454312 and parameters: {'n_estimators': 271, 'min_samples_split': 0.07159704514281197, 'min_samples_leaf': 0.14076274187887422, 'min_weight_fraction_leaf': 0.028648485201857914, 'max_features': 0.8842872060699062, 'bootstrap': False, 'max_samples': 0.4382496009855516}. Best is trial 747 with value: 0.8414301147947075.[0m
[32m[I 2022-05-04 05:19:07,545][0m Trial 884 finished with value: 0.8368286926783911 and parameters: {'n_estimators': 143, 'min_samples_split': 0.06096323133686908, 'min_samples_leaf': 0.17033822637761972, 'min_weight_fraction_leaf': 0.010491062457212982, 'max_features': 0.6315790545582515, 'bootstrap': False, 'max_samples': 0.45271766400518537}. Best is trial 747 with value: 0.8414301147947075.[0m
[32m[I 2022-05-04 05:27:17,389][0m Trial 885 finished with value: 0.8356600129278122 and parameters: {'n_estimators': 131, 'min_samples_split': 0.05958501650103255, 'min_samples_leaf': 0.12492221248462951, 'min_weight_fraction_leaf': 0.038738407931726476, 'max_features': 0.8390568830560734, 'bootstrap': False, 'max_samples': 0.40118464313694757}. Best is trial 747 with value: 0.8414301147947075.[0m
[32m[I 2022-05-04 05:35:38,977][0m Trial 886 finished with value: 0.8388537564509413 and parameters: {'n_estimators': 157, 'min_samples_split': 0.07625154155908856, 'min_samples_leaf': 0.15097475493687523, 'min_weight_fraction_leaf': 0.1576732551876291, 'max_features': 0.8608048932433757, 'bootstrap': False, 'max_samples': 0.41816900250578487}. Best is trial 747 with value: 0.8414301147947075.[0m
[32m[I 2022-05-04 05:43:27,913][0m Trial 887 finished with value: 0.8386503780158371 and parameters: {'n_estimators': 137, 'min_samples_split': 0.06679695382150712, 'min_samples_leaf': 0.13335637663201888, 'min_weight_fraction_leaf': 0.017461411939720305, 'max_features': 0.8195626533527974, 'bootstrap': False, 'max_samples': 0.4908141377436791}. Best is trial 747 with value: 0.8414301147947075.[0m
[32m[I 2022-05-04 05:53:16,982][0m Trial 888 finished with value: 0.837685773239142 and parameters: {'n_estimators': 149, 'min_samples_split': 0.09095202366714206, 'min_samples_leaf': 0.11480269941398162, 'min_weight_fraction_leaf': 0.008250819030417411, 'max_features': 0.881337565496188, 'bootstrap': False, 'max_samples': 0.41130434280860273}. Best is trial 747 with value: 0.8414301147947075.[0m
