[32m[I 2022-04-24 17:28:08,393][0m Trial 324 finished with value: 0.917103907914572 and parameters: {'n_estimators': 173, 'min_samples_split': 0.14432914259761775, 'min_samples_leaf': 0.12390896408505259, 'min_weight_fraction_leaf': 0.009540242866367073, 'max_features': 0.6172854037023083, 'bootstrap': False, 'max_samples': 0.05251178579022282}. Best is trial 272 with value: 0.9207214438111938.[0m
[32m[I 2022-04-24 17:41:25,031][0m Trial 325 finished with value: 0.9181800246388863 and parameters: {'n_estimators': 196, 'min_samples_split': 0.1898849107118191, 'min_samples_leaf': 0.11174334787420892, 'min_weight_fraction_leaf': 0.021979892783789746, 'max_features': 0.859531710432319, 'bootstrap': False, 'max_samples': 0.029102166716931305}. Best is trial 272 with value: 0.9207214438111938.[0m
[32m[I 2022-04-24 17:50:44,813][0m Trial 326 finished with value: 0.9197714959773388 and parameters: {'n_estimators': 183, 'min_samples_split': 0.06796472623999775, 'min_samples_leaf': 0.15041934144698094, 'min_weight_fraction_leaf': 0.008248224041842403, 'max_features': 0.8132948535482949, 'bootstrap': False, 'max_samples': 0.25784552062005944}. Best is trial 272 with value: 0.9207214438111938.[0m
[32m[I 2022-04-24 18:07:40,875][0m Trial 327 finished with value: 0.9033401340180861 and parameters: {'n_estimators': 238, 'min_samples_split': 0.044643700001686604, 'min_samples_leaf': 0.053557458500478355, 'min_weight_fraction_leaf': 0.03893562583690494, 'max_features': 0.5391675723198247, 'bootstrap': False, 'max_samples': 0.9793425491250223}. Best is trial 272 with value: 0.9207214438111938.[0m
[32m[I 2022-04-24 18:19:23,330][0m Trial 328 finished with value: 0.9185202182040868 and parameters: {'n_estimators': 216, 'min_samples_split': 0.05647042190639985, 'min_samples_leaf': 0.1605144368426276, 'min_weight_fraction_leaf': 0.0007538720850376445, 'max_features': 0.9492664126847487, 'bootstrap': False, 'max_samples': 0.41021169128870105}. Best is trial 272 with value: 0.9207214438111938.[0m
[32m[I 2022-04-24 18:31:53,551][0m Trial 329 finished with value: 0.9196880950705968 and parameters: {'n_estimators': 224, 'min_samples_split': 0.030976450198720945, 'min_samples_leaf': 0.13460403763842965, 'min_weight_fraction_leaf': 0.017698788225487334, 'max_features': 0.8325784758383291, 'bootstrap': False, 'max_samples': 0.06617925595477092}. Best is trial 272 with value: 0.9207214438111938.[0m
[32m[I 2022-04-24 18:41:02,461][0m Trial 330 finished with value: 0.9113433560329472 and parameters: {'n_estimators': 207, 'min_samples_split': 0.182768360195959, 'min_samples_leaf': 0.1804237342753938, 'min_weight_fraction_leaf': 0.029995815243303758, 'max_features': 0.8523376951658402, 'bootstrap': False, 'max_samples': 0.36646089392881914}. Best is trial 272 with value: 0.9207214438111938.[0m
[32m[I 2022-04-24 19:00:16,846][0m Trial 331 finished with value: 0.9197404103420469 and parameters: {'n_estimators': 373, 'min_samples_split': 0.020863793336552482, 'min_samples_leaf': 0.14590664214464477, 'min_weight_fraction_leaf': 0.013875844754875199, 'max_features': 0.810843758511365, 'bootstrap': False, 'max_samples': 0.4628578048036008}. Best is trial 272 with value: 0.9207214438111938.[0m
[32m[I 2022-04-24 19:12:02,446][0m Trial 332 finished with value: 0.9089630397982408 and parameters: {'n_estimators': 245, 'min_samples_split': 0.4834051717619504, 'min_samples_leaf': 0.1606895161635447, 'min_weight_fraction_leaf': 0.02605112722875378, 'max_features': 0.8760745470899709, 'bootstrap': False, 'max_samples': 0.6476859819912631}. Best is trial 272 with value: 0.9207214438111938.[0m
[32m[I 2022-04-24 19:24:52,470][0m Trial 333 finished with value: 0.9202188846147565 and parameters: {'n_estimators': 199, 'min_samples_split': 0.04055991110082535, 'min_samples_leaf': 0.12796576824034914, 'min_weight_fraction_leaf': 0.008967699949114857, 'max_features': 0.929480450573674, 'bootstrap': False, 'max_samples': 0.9591791486261485}. Best is trial 272 with value: 0.9207214438111938.[0m
[32m[I 2022-04-24 19:37:17,274][0m Trial 334 finished with value: 0.9186372147896076 and parameters: {'n_estimators': 191, 'min_samples_split': 0.03947542615892204, 'min_samples_leaf': 0.12555146658739405, 'min_weight_fraction_leaf': 0.0007049130141312364, 'max_features': 0.907932668044498, 'bootstrap': False, 'max_samples': 0.960923517532415}. Best is trial 272 with value: 0.9207214438111938.[0m
[32m[I 2022-04-24 19:53:16,423][0m Trial 335 finished with value: 0.910982599251558 and parameters: {'n_estimators': 202, 'min_samples_split': 0.03143899425642286, 'min_samples_leaf': 0.09752766228190876, 'min_weight_fraction_leaf': 0.012171015925697607, 'max_features': 0.8983213806791409, 'bootstrap': False, 'max_samples': 0.9707211788726857}. Best is trial 272 with value: 0.9207214438111938.[0m
[32m[I 2022-04-24 20:42:32,380][0m Trial 336 finished with value: 0.9158542939427374 and parameters: {'n_estimators': 681, 'min_samples_split': 0.04425582708905522, 'min_samples_leaf': 0.11458596043950808, 'min_weight_fraction_leaf': 0.010108053675302445, 'max_features': 0.9953930841280585, 'bootstrap': False, 'max_samples': 0.9799113746609913}. Best is trial 272 with value: 0.9207214438111938.[0m
[32m[I 2022-04-24 20:45:35,073][0m Trial 337 finished with value: 0.9017253527194976 and parameters: {'n_estimators': 180, 'min_samples_split': 0.011167315566084744, 'min_samples_leaf': 0.13266476806899782, 'min_weight_fraction_leaf': 5.726429480508444e-05, 'max_features': 0.9743962522480026, 'bootstrap': True, 'max_samples': 0.9483471763521639, 'oob_score': True}. Best is trial 272 with value: 0.9207214438111938.[0m
[32m[I 2022-04-24 21:14:05,008][0m Trial 338 finished with value: 0.6854391422346782 and parameters: {'n_estimators': 199, 'min_samples_split': 0.023079575011647653, 'min_samples_leaf': 0.022397797332453673, 'min_weight_fraction_leaf': 0.019343472983843694, 'max_features': 0.9393280003829597, 'bootstrap': False, 'max_samples': 0.8493859416980378}. Best is trial 272 with value: 0.9207214438111938.[0m
[32m[I 2022-04-24 21:16:18,968][0m Trial 339 finished with value: 0.3638126931797837 and parameters: {'n_estimators': 208, 'min_samples_split': 0.05557905484558352, 'min_samples_leaf': 0.39791610442758796, 'min_weight_fraction_leaf': 0.00966937486409587, 'max_features': 0.934065412031876, 'bootstrap': False, 'max_samples': 0.9934378498886882}. Best is trial 272 with value: 0.9207214438111938.[0m
[32m[I 2022-04-24 21:16:34,809][0m Trial 340 finished with value: 0.6533433090936464 and parameters: {'n_estimators': 231, 'min_samples_split': 0.039774101597891284, 'min_samples_leaf': 0.4920455562505918, 'min_weight_fraction_leaf': 0.02171247482897863, 'max_features': 0.9152767407162513, 'bootstrap': False, 'max_samples': 0.9998236088204467}. Best is trial 272 with value: 0.9207214438111938.[0m
[32m[I 2022-04-24 21:29:09,584][0m Trial 341 finished with value: 0.9196488068310653 and parameters: {'n_estimators': 220, 'min_samples_split': 0.19826557525264699, 'min_samples_leaf': 0.13941415021390105, 'min_weight_fraction_leaf': 0.030129517216233002, 'max_features': 0.8633181162230027, 'bootstrap': False, 'max_samples': 0.9527576129011065}. Best is trial 272 with value: 0.9207214438111938.[0m
[32m[I 2022-04-24 21:40:40,746][0m Trial 342 finished with value: 0.9182174154941881 and parameters: {'n_estimators': 189, 'min_samples_split': 0.11472531415396625, 'min_samples_leaf': 0.12334994746020962, 'min_weight_fraction_leaf': 0.0169491455900894, 'max_features': 0.8340844272481573, 'bootstrap': False, 'max_samples': 0.38759383817207044}. Best is trial 272 with value: 0.9207214438111938.[0m
[32m[I 2022-04-24 21:50:02,642][0m Trial 343 finished with value: 0.9190627786699388 and parameters: {'n_estimators': 163, 'min_samples_split': 0.1643451946468518, 'min_samples_leaf': 0.14606859198330097, 'min_weight_fraction_leaf': 0.008023925029730157, 'max_features': 0.8868238645057352, 'bootstrap': False, 'max_samples': 0.9742175141358098}. Best is trial 272 with value: 0.9207214438111938.[0m
[32m[I 2022-04-24 22:02:48,514][0m Trial 344 finished with value: 0.9199176988129775 and parameters: {'n_estimators': 214, 'min_samples_split': 0.03338235709911472, 'min_samples_leaf': 0.12960043109993555, 'min_weight_fraction_leaf': 0.0001695606029720768, 'max_features': 0.8478976502518557, 'bootstrap': False, 'max_samples': 0.4435279995813635}. Best is trial 272 with value: 0.9207214438111938.[0m
[32m[I 2022-04-24 22:13:02,209][0m Trial 345 finished with value: 0.9196906120885855 and parameters: {'n_estimators': 200, 'min_samples_split': 0.051350530052334524, 'min_samples_leaf': 0.15131231855302082, 'min_weight_fraction_leaf': 0.043298803350289475, 'max_features': 0.7931155635036352, 'bootstrap': False, 'max_samples': 0.9403632520861398}. Best is trial 272 with value: 0.9207214438111938.[0m
[32m[I 2022-04-24 22:30:42,305][0m Trial 346 finished with value: 0.9157759232419516 and parameters: {'n_estimators': 223, 'min_samples_split': 0.17786725899624103, 'min_samples_leaf': 0.1062259616117513, 'min_weight_fraction_leaf': 0.021952535340548564, 'max_features': 0.9576268389213921, 'bootstrap': False, 'max_samples': 0.01131564307306196}. Best is trial 272 with value: 0.9207214438111938.[0m
[32m[I 2022-04-24 22:42:28,576][0m Trial 347 finished with value: 0.9198227251791142 and parameters: {'n_estimators': 230, 'min_samples_split': 0.018266924867557585, 'min_samples_leaf': 0.13873582553961697, 'min_weight_fraction_leaf': 0.12786407182491272, 'max_features': 0.7233841858874835, 'bootstrap': False, 'max_samples': 0.3513749776977436}. Best is trial 272 with value: 0.9207214438111938.[0m
[32m[I 2022-04-24 22:53:30,334][0m Trial 348 finished with value: 0.9172048812469326 and parameters: {'n_estimators': 192, 'min_samples_split': 0.06327952256094557, 'min_samples_leaf': 0.116894216262158, 'min_weight_fraction_leaf': 0.032670813963031516, 'max_features': 0.6747047235378252, 'bootstrap': False, 'max_samples': 0.491632737331429}. Best is trial 272 with value: 0.9207214438111938.[0m
[32m[I 2022-04-24 23:01:12,515][0m Trial 349 finished with value: 0.9041215762644004 and parameters: {'n_estimators': 206, 'min_samples_split': 0.047014582781422176, 'min_samples_leaf': 0.21326856526199264, 'min_weight_fraction_leaf': 0.011981759436145545, 'max_features': 0.8681865228325536, 'bootstrap': False, 'max_samples': 0.4025797642115501}. Best is trial 272 with value: 0.9207214438111938.[0m
[32m[I 2022-04-24 23:14:50,895][0m Trial 350 finished with value: 0.919224986123751 and parameters: {'n_estimators': 238, 'min_samples_split': 0.027068169806149837, 'min_samples_leaf': 0.1332945405950543, 'min_weight_fraction_leaf': 0.022228977058851334, 'max_features': 0.8311706531642804, 'bootstrap': False, 'max_samples': 0.9767042952411138}. Best is trial 272 with value: 0.9207214438111938.[0m
[32m[I 2022-04-24 23:24:13,288][0m Trial 351 finished with value: 0.9198724253569186 and parameters: {'n_estimators': 176, 'min_samples_split': 0.0018276642632486621, 'min_samples_leaf': 0.15254973243170666, 'min_weight_fraction_leaf': 1.552896820373236e-05, 'max_features': 0.8493164812921521, 'bootstrap': False, 'max_samples': 0.9591003442118372}. Best is trial 272 with value: 0.9207214438111938.[0m
[32m[I 2022-04-24 23:30:45,542][0m Trial 352 finished with value: 0.9189544241602532 and parameters: {'n_estimators': 109, 'min_samples_split': 0.01186573071667799, 'min_samples_leaf': 0.14226672536829274, 'min_weight_fraction_leaf': 0.011540481219798185, 'max_features': 0.8862107938455426, 'bootstrap': False, 'max_samples': 0.04153569431087422}. Best is trial 272 with value: 0.9207214438111938.[0m
[32m[I 2022-04-24 23:42:12,693][0m Trial 353 finished with value: 0.9191923911451095 and parameters: {'n_estimators': 216, 'min_samples_split': 0.03876412710674197, 'min_samples_leaf': 0.16177989394303133, 'min_weight_fraction_leaf': 0.036902895674800665, 'max_features': 0.9202308251957868, 'bootstrap': False, 'max_samples': 0.5269543611155454}. Best is trial 272 with value: 0.9207214438111938.[0m
[32m[I 2022-04-24 23:49:54,412][0m Trial 354 finished with value: 0.9110001638662834 and parameters: {'n_estimators': 184, 'min_samples_split': 0.06136837976534062, 'min_samples_leaf': 0.18834948790439485, 'min_weight_fraction_leaf': 0.02562655329451998, 'max_features': 0.8200562266682919, 'bootstrap': False, 'max_samples': 0.5903108126688427}. Best is trial 272 with value: 0.9207214438111938.[0m
[32m[I 2022-04-25 00:06:48,602][0m Trial 355 finished with value: 0.9138841158098872 and parameters: {'n_estimators': 357, 'min_samples_split': 0.2080585621773326, 'min_samples_leaf': 0.17298863561490452, 'min_weight_fraction_leaf': 0.014796900796487288, 'max_features': 0.866372510199057, 'bootstrap': False, 'max_samples': 0.868999365846899}. Best is trial 272 with value: 0.9207214438111938.[0m
[32m[I 2022-04-25 00:20:53,699][0m Trial 356 finished with value: 0.9198284152103477 and parameters: {'n_estimators': 249, 'min_samples_split': 0.1339151216688564, 'min_samples_leaf': 0.1276269402004542, 'min_weight_fraction_leaf': 0.011198395693582877, 'max_features': 0.7705532235863836, 'bootstrap': False, 'max_samples': 0.1992894690873781}. Best is trial 272 with value: 0.9207214438111938.[0m
[32m[I 2022-04-25 00:21:20,405][0m Trial 357 finished with value: 0.25 and parameters: {'n_estimators': 195, 'min_samples_split': 0.14928714300633322, 'min_samples_leaf': 0.14531962995222142, 'min_weight_fraction_leaf': 0.024122386120867506, 'max_features': 0.8420374162076525, 'bootstrap': True, 'max_samples': 0.3192707150683278, 'oob_score': True}. Best is trial 272 with value: 0.9207214438111938.[0m
[32m[I 2022-04-25 00:31:44,455][0m Trial 358 finished with value: 0.9195287486511846 and parameters: {'n_estimators': 209, 'min_samples_split': 0.07388594542367896, 'min_samples_leaf': 0.1543528647431069, 'min_weight_fraction_leaf': 0.041385380191083294, 'max_features': 0.7943275842490749, 'bootstrap': False, 'max_samples': 0.37742027814878826}. Best is trial 272 with value: 0.9207214438111938.[0m
[32m[I 2022-04-25 00:50:24,794][0m Trial 359 finished with value: 0.91959936298207 and parameters: {'n_estimators': 391, 'min_samples_split': 0.023933642903521377, 'min_samples_leaf': 0.16187625319465174, 'min_weight_fraction_leaf': 0.007836796290798625, 'max_features': 0.8297071956346525, 'bootstrap': False, 'max_samples': 0.23943520226076825}. Best is trial 272 with value: 0.9207214438111938.[0m
[32m[I 2022-04-25 01:03:42,984][0m Trial 360 finished with value: 0.9190878883627945 and parameters: {'n_estimators': 223, 'min_samples_split': 0.04951369185870983, 'min_samples_leaf': 0.1357048967424069, 'min_weight_fraction_leaf': 0.031461271721761816, 'max_features': 0.8935230105436174, 'bootstrap': False, 'max_samples': 0.9012776588528075}. Best is trial 272 with value: 0.9207214438111938.[0m
[32m[I 2022-04-25 01:18:30,533][0m Trial 361 finished with value: 0.9179769611310263 and parameters: {'n_estimators': 235, 'min_samples_split': 0.09528347139916606, 'min_samples_leaf': 0.11741179800477557, 'min_weight_fraction_leaf': 0.0001007460458649237, 'max_features': 0.8534622445888456, 'bootstrap': False, 'max_samples': 0.43120071432281515}. Best is trial 272 with value: 0.9207214438111938.[0m
[32m[I 2022-04-25 01:28:40,307][0m Trial 362 finished with value: 0.9143129449184038 and parameters: {'n_estimators': 215, 'min_samples_split': 0.1655655482497356, 'min_samples_leaf': 0.17334069043654446, 'min_weight_fraction_leaf': 0.01911317950496172, 'max_features': 0.8744306859141547, 'bootstrap': False, 'max_samples': 0.9823400176578514}. Best is trial 272 with value: 0.9207214438111938.[0m
[32m[I 2022-04-25 01:36:44,588][0m Trial 363 finished with value: 0.9164321743349815 and parameters: {'n_estimators': 250, 'min_samples_split': 0.18714062718477315, 'min_samples_leaf': 0.1470686256293292, 'min_weight_fraction_leaf': 0.01763530809350855, 'max_features': 0.44579475871094126, 'bootstrap': False, 'max_samples': 0.9995273190700638}. Best is trial 272 with value: 0.9207214438111938.[0m
[32m[I 2022-04-25 01:59:41,366][0m Trial 364 finished with value: 0.9095782501368843 and parameters: {'n_estimators': 557, 'min_samples_split': 0.03427474017916912, 'min_samples_leaf': 0.18357619515998863, 'min_weight_fraction_leaf': 0.009605649534949327, 'max_features': 0.8083267034997679, 'bootstrap': False, 'max_samples': 0.9610263013041166}. Best is trial 272 with value: 0.9207214438111938.[0m
[32m[I 2022-04-25 02:11:39,273][0m Trial 365 finished with value: 0.9195642174774601 and parameters: {'n_estimators': 201, 'min_samples_split': 0.0534204012498686, 'min_samples_leaf': 0.12798943507603705, 'min_weight_fraction_leaf': 0.030116696913803278, 'max_features': 0.8342974162863858, 'bootstrap': False, 'max_samples': 0.28391456284034294}. Best is trial 272 with value: 0.9207214438111938.[0m
[32m[I 2022-04-25 02:29:17,527][0m Trial 366 finished with value: 0.9105122699669403 and parameters: {'n_estimators': 227, 'min_samples_split': 0.017090818378783918, 'min_samples_leaf': 0.09199380896166413, 'min_weight_fraction_leaf': 0.0477471914425949, 'max_features': 0.858128382432676, 'bootstrap': False, 'max_samples': 0.9277202568063242}. Best is trial 272 with value: 0.9207214438111938.[0m
[32m[I 2022-04-25 02:38:58,472][0m Trial 367 finished with value: 0.9107390530366999 and parameters: {'n_estimators': 238, 'min_samples_split': 0.06464922910268477, 'min_samples_leaf': 0.19882077720440763, 'min_weight_fraction_leaf': 0.02010490314233109, 'max_features': 0.8767633725070344, 'bootstrap': False, 'max_samples': 0.9411394085776152}. Best is trial 272 with value: 0.9207214438111938.[0m
[32m[I 2022-04-25 02:48:59,050][0m Trial 368 finished with value: 0.919627440352626 and parameters: {'n_estimators': 209, 'min_samples_split': 0.03669764975423558, 'min_samples_leaf': 0.1634042696672258, 'min_weight_fraction_leaf': 0.008298713021381339, 'max_features': 0.8262085330612443, 'bootstrap': False, 'max_samples': 0.4127437643219429}. Best is trial 272 with value: 0.9207214438111938.[0m
[32m[I 2022-04-25 02:58:11,550][0m Trial 369 finished with value: 0.9196785439683346 and parameters: {'n_estimators': 187, 'min_samples_split': 0.04386463299454439, 'min_samples_leaf': 0.15373067497088588, 'min_weight_fraction_leaf': 0.03427633454504313, 'max_features': 0.8101868669708843, 'bootstrap': False, 'max_samples': 0.05818176472879227}. Best is trial 272 with value: 0.9207214438111938.[0m
[32m[I 2022-04-25 03:09:42,292][0m Trial 370 finished with value: 0.9192978726942961 and parameters: {'n_estimators': 198, 'min_samples_split': 0.17447348321023404, 'min_samples_leaf': 0.1418032050866986, 'min_weight_fraction_leaf': 0.00035184540400673946, 'max_features': 0.9042484254770013, 'bootstrap': False, 'max_samples': 0.9648918616288876}. Best is trial 272 with value: 0.9207214438111938.[0m
[32m[I 2022-04-25 03:19:40,314][0m Trial 371 finished with value: 0.9107536913814066 and parameters: {'n_estimators': 221, 'min_samples_split': 0.07844614243588276, 'min_samples_leaf': 0.17642583691236424, 'min_weight_fraction_leaf': 0.02414712815386471, 'max_features': 0.8535909833232485, 'bootstrap': False, 'max_samples': 0.45297746406561223}. Best is trial 272 with value: 0.9207214438111938.[0m
[32m[I 2022-04-25 03:27:42,053][0m Trial 372 finished with value: 0.916501682257787 and parameters: {'n_estimators': 258, 'min_samples_split': 0.01135375482521803, 'min_samples_leaf': 0.13379425553389726, 'min_weight_fraction_leaf': 0.01421320009026332, 'max_features': 0.40041052121067433, 'bootstrap': False, 'max_samples': 0.8276559861664338}. Best is trial 272 with value: 0.9207214438111938.[0m
[32m[I 2022-04-25 03:41:44,409][0m Trial 373 finished with value: 0.9177278464382879 and parameters: {'n_estimators': 241, 'min_samples_split': 0.029488875779234532, 'min_samples_leaf': 0.12102971344459713, 'min_weight_fraction_leaf': 0.03979276027245744, 'max_features': 0.7802955155865515, 'bootstrap': False, 'max_samples': 0.9855816355790188}. Best is trial 272 with value: 0.9207214438111938.[0m
[32m[I 2022-04-25 03:50:00,566][0m Trial 374 finished with value: 0.919596728615692 and parameters: {'n_estimators': 170, 'min_samples_split': 0.05618636187746762, 'min_samples_leaf': 0.16519323660895774, 'min_weight_fraction_leaf': 0.009486776973735487, 'max_features': 0.8395370766080736, 'bootstrap': False, 'max_samples': 0.02193829936091525}. Best is trial 272 with value: 0.9207214438111938.[0m
[32m[I 2022-04-25 04:16:54,653][0m Trial 375 finished with value: 0.9181274855277219 and parameters: {'n_estimators': 370, 'min_samples_split': 0.19848879406816328, 'min_samples_leaf': 0.10608874869930762, 'min_weight_fraction_leaf': 0.025696918129824747, 'max_features': 0.8727826830195948, 'bootstrap': False, 'max_samples': 0.39654542843305024}. Best is trial 272 with value: 0.9207214438111938.[0m
[32m[I 2022-04-25 04:20:03,190][0m Trial 376 finished with value: 0.9034079218539244 and parameters: {'n_estimators': 231, 'min_samples_split': 0.045392348280671305, 'min_samples_leaf': 0.15252363827927176, 'min_weight_fraction_leaf': 7.066049997928557e-06, 'max_features': 0.9249390200836443, 'bootstrap': True, 'max_samples': 0.967696110148257, 'oob_score': False}. Best is trial 272 with value: 0.9207214438111938.[0m
[32m[I 2022-04-25 04:31:04,935][0m Trial 377 finished with value: 0.9198119817627897 and parameters: {'n_estimators': 206, 'min_samples_split': 0.1034561071722752, 'min_samples_leaf': 0.14155452128343993, 'min_weight_fraction_leaf': 0.018157263676204606, 'max_features': 0.8106003750827847, 'bootstrap': False, 'max_samples': 0.08272910954482937}. Best is trial 272 with value: 0.9207214438111938.[0m
