[32m[I 2022-04-25 13:27:01,228][0m Trial 432 finished with value: 0.9197191266443492 and parameters: {'n_estimators': 199, 'min_samples_split': 0.008870881209267954, 'min_samples_leaf': 0.13568480357873794, 'min_weight_fraction_leaf': 0.04492576525429999, 'max_features': 0.8707456326234883, 'bootstrap': False, 'max_samples': 0.28105813948346736}. Best is trial 272 with value: 0.9207214438111938.[0m
[32m[I 2022-04-25 13:51:21,814][0m Trial 433 finished with value: 0.9178433498246811 and parameters: {'n_estimators': 397, 'min_samples_split': 0.0016215381677465413, 'min_samples_leaf': 0.12113142983828969, 'min_weight_fraction_leaf': 0.023792494296563306, 'max_features': 0.8602481845453103, 'bootstrap': False, 'max_samples': 0.024339971410224044}. Best is trial 272 with value: 0.9207214438111938.[0m
[32m[I 2022-04-25 13:51:42,414][0m Trial 434 finished with value: 0.8746868034133831 and parameters: {'n_estimators': 146, 'min_samples_split': 0.012421282436816589, 'min_samples_leaf': 0.13984538552159576, 'min_weight_fraction_leaf': 0.035795701149732864, 'max_features': 0.8933261962052061, 'bootstrap': True, 'max_samples': 0.462017488615247, 'oob_score': False}. Best is trial 272 with value: 0.9207214438111938.[0m
[32m[I 2022-04-25 13:59:40,770][0m Trial 435 finished with value: 0.9197124970614066 and parameters: {'n_estimators': 131, 'min_samples_split': 0.017666266572732237, 'min_samples_leaf': 0.13060988678906013, 'min_weight_fraction_leaf': 0.019145445443853285, 'max_features': 0.8410739004377201, 'bootstrap': False, 'max_samples': 0.9033571927311583}. Best is trial 272 with value: 0.9207214438111938.[0m
[32m[I 2022-04-25 14:11:16,265][0m Trial 436 finished with value: 0.9192004780930114 and parameters: {'n_estimators': 203, 'min_samples_split': 0.0016168639953987405, 'min_samples_leaf': 0.14659078362525066, 'min_weight_fraction_leaf': 0.016452429587029787, 'max_features': 0.908483544625464, 'bootstrap': False, 'max_samples': 0.052221679172959334}. Best is trial 272 with value: 0.9207214438111938.[0m
[32m[I 2022-04-25 14:36:29,153][0m Trial 437 finished with value: 0.9105258510183674 and parameters: {'n_estimators': 335, 'min_samples_split': 0.0012028416337482029, 'min_samples_leaf': 0.09934071601701569, 'min_weight_fraction_leaf': 0.05551394016232793, 'max_features': 0.8617921378324542, 'bootstrap': False, 'max_samples': 0.29144713701710884}. Best is trial 272 with value: 0.9207214438111938.[0m
[32m[I 2022-04-25 14:56:14,766][0m Trial 438 finished with value: 0.9181626212630001 and parameters: {'n_estimators': 356, 'min_samples_split': 0.19606980882874833, 'min_samples_leaf': 0.15274427703910234, 'min_weight_fraction_leaf': 0.031065228018464574, 'max_features': 0.9518628471807064, 'bootstrap': False, 'max_samples': 0.27032016055973257}. Best is trial 272 with value: 0.9207214438111938.[0m
[32m[I 2022-04-25 15:02:18,841][0m Trial 439 finished with value: 0.8903018483987204 and parameters: {'n_estimators': 119, 'min_samples_split': 0.023937188578457794, 'min_samples_leaf': 0.13857643211233525, 'min_weight_fraction_leaf': 0.2889038562930071, 'max_features': 0.8405490393148589, 'bootstrap': False, 'max_samples': 0.9166759445569285}. Best is trial 272 with value: 0.9207214438111938.[0m
[32m[I 2022-04-25 15:12:22,072][0m Trial 440 finished with value: 0.9180973295784647 and parameters: {'n_estimators': 156, 'min_samples_split': 0.1783160304682561, 'min_samples_leaf': 0.12311691154672537, 'min_weight_fraction_leaf': 0.04394261873997997, 'max_features': 0.8744370094361819, 'bootstrap': False, 'max_samples': 0.10673426064875187}. Best is trial 272 with value: 0.9207214438111938.[0m
[32m[I 2022-04-25 15:23:44,976][0m Trial 441 finished with value: 0.9187767334616559 and parameters: {'n_estimators': 213, 'min_samples_split': 0.01583836936354587, 'min_samples_leaf': 0.15687182336300515, 'min_weight_fraction_leaf': 0.01702812517953917, 'max_features': 0.8927595675091045, 'bootstrap': False, 'max_samples': 0.15597134422191639}. Best is trial 272 with value: 0.9207214438111938.[0m
[32m[I 2022-04-25 15:32:04,882][0m Trial 442 finished with value: 0.918134417222934 and parameters: {'n_estimators': 125, 'min_samples_split': 0.029424637300971536, 'min_samples_leaf': 0.1143132799572294, 'min_weight_fraction_leaf': 0.026928845279814997, 'max_features': 0.8240201669144032, 'bootstrap': False, 'max_samples': 0.41248100200641385}. Best is trial 272 with value: 0.9207214438111938.[0m
[32m[I 2022-04-25 15:40:03,113][0m Trial 443 finished with value: 0.9200066393715158 and parameters: {'n_estimators': 145, 'min_samples_split': 0.18361390152517978, 'min_samples_leaf': 0.14757604490929863, 'min_weight_fraction_leaf': 0.011431487171721197, 'max_features': 0.8531916661435348, 'bootstrap': False, 'max_samples': 0.08809766107344533}. Best is trial 272 with value: 0.9207214438111938.[0m
[32m[I 2022-04-25 15:48:13,579][0m Trial 444 finished with value: 0.9188439041141929 and parameters: {'n_estimators': 151, 'min_samples_split': 0.1640861390493984, 'min_samples_leaf': 0.15947666138711197, 'min_weight_fraction_leaf': 0.008493004011104057, 'max_features': 0.9226024153752789, 'bootstrap': False, 'max_samples': 0.12976008971373773}. Best is trial 272 with value: 0.9207214438111938.[0m
[32m[I 2022-04-25 15:58:02,378][0m Trial 445 finished with value: 0.9039203557974679 and parameters: {'n_estimators': 194, 'min_samples_split': 0.18462294229884507, 'min_samples_leaf': 0.14941810911416734, 'min_weight_fraction_leaf': 0.21802704479617796, 'max_features': 0.8690646083538136, 'bootstrap': False, 'max_samples': 0.09321865527410639}. Best is trial 272 with value: 0.9207214438111938.[0m
[32m[I 2022-04-25 16:05:47,229][0m Trial 446 finished with value: 0.9202692767487264 and parameters: {'n_estimators': 139, 'min_samples_split': 0.19382200663557458, 'min_samples_leaf': 0.1418354816724833, 'min_weight_fraction_leaf': 0.009573741031334891, 'max_features': 0.8518145649591804, 'bootstrap': False, 'max_samples': 0.43970564401073897}. Best is trial 272 with value: 0.9207214438111938.[0m
[32m[I 2022-04-25 16:14:04,733][0m Trial 447 finished with value: 0.919571561751091 and parameters: {'n_estimators': 132, 'min_samples_split': 0.20557939575296424, 'min_samples_leaf': 0.1293211038381663, 'min_weight_fraction_leaf': 0.00908433292303005, 'max_features': 0.883299245798946, 'bootstrap': False, 'max_samples': 0.42903339571674926}. Best is trial 272 with value: 0.9207214438111938.[0m
[32m[I 2022-04-25 16:21:10,653][0m Trial 448 finished with value: 0.9203079450675616 and parameters: {'n_estimators': 126, 'min_samples_split': 0.22677455400240848, 'min_samples_leaf': 0.142357302514348, 'min_weight_fraction_leaf': 0.01970389349188666, 'max_features': 0.8524064307460003, 'bootstrap': False, 'max_samples': 0.44651116831065585}. Best is trial 272 with value: 0.9207214438111938.[0m
[32m[I 2022-04-25 16:29:21,917][0m Trial 449 finished with value: 0.9205349360922627 and parameters: {'n_estimators': 141, 'min_samples_split': 0.22634552850237769, 'min_samples_leaf': 0.13659912381786457, 'min_weight_fraction_leaf': 0.023846630284965205, 'max_features': 0.8432367262093381, 'bootstrap': False, 'max_samples': 0.45279361632520027}. Best is trial 272 with value: 0.9207214438111938.[0m
[32m[I 2022-04-25 16:37:13,856][0m Trial 450 finished with value: 0.9193067566282622 and parameters: {'n_estimators': 135, 'min_samples_split': 0.23103304143144837, 'min_samples_leaf': 0.13291835329043908, 'min_weight_fraction_leaf': 0.023013071824740616, 'max_features': 0.8361455387425185, 'bootstrap': False, 'max_samples': 0.4569448627123773}. Best is trial 272 with value: 0.9207214438111938.[0m
[32m[I 2022-04-25 16:44:20,959][0m Trial 451 finished with value: 0.9201033259675768 and parameters: {'n_estimators': 131, 'min_samples_split': 0.21636997548376627, 'min_samples_leaf': 0.13872362281337228, 'min_weight_fraction_leaf': 0.019256177905222105, 'max_features': 0.8053129483430377, 'bootstrap': False, 'max_samples': 0.4891716378566896}. Best is trial 272 with value: 0.9207214438111938.[0m
[32m[I 2022-04-25 16:51:54,160][0m Trial 452 finished with value: 0.9182214194846994 and parameters: {'n_estimators': 124, 'min_samples_split': 0.24511759866864608, 'min_samples_leaf': 0.12265491478803453, 'min_weight_fraction_leaf': 0.02756026321834893, 'max_features': 0.790884943164072, 'bootstrap': False, 'max_samples': 0.4499424670665422}. Best is trial 272 with value: 0.9207214438111938.[0m
[32m[I 2022-04-25 16:58:08,318][0m Trial 453 finished with value: 0.8993433932125153 and parameters: {'n_estimators': 128, 'min_samples_split': 0.23447247757766101, 'min_samples_leaf': 0.1357827584650241, 'min_weight_fraction_leaf': 0.2540576286231817, 'max_features': 0.8018968955859309, 'bootstrap': False, 'max_samples': 0.46366458945808353}. Best is trial 272 with value: 0.9207214438111938.[0m
[32m[I 2022-04-25 17:05:49,780][0m Trial 454 finished with value: 0.9198508689416881 and parameters: {'n_estimators': 140, 'min_samples_split': 0.21718805411431674, 'min_samples_leaf': 0.12816508303411778, 'min_weight_fraction_leaf': 0.020321277578436665, 'max_features': 0.7580450139479884, 'bootstrap': False, 'max_samples': 0.48607837261237963}. Best is trial 272 with value: 0.9207214438111938.[0m
[32m[I 2022-04-25 17:15:07,842][0m Trial 455 finished with value: 0.9178834672970113 and parameters: {'n_estimators': 142, 'min_samples_split': 0.227303649165449, 'min_samples_leaf': 0.11603174511963484, 'min_weight_fraction_leaf': 0.033285918824999886, 'max_features': 0.8232878284377609, 'bootstrap': False, 'max_samples': 0.4826666936856277}. Best is trial 272 with value: 0.9207214438111938.[0m
[32m[I 2022-04-25 17:15:35,688][0m Trial 456 finished with value: 0.8837504179425357 and parameters: {'n_estimators': 136, 'min_samples_split': 0.25871441303659126, 'min_samples_leaf': 0.14109995557691532, 'min_weight_fraction_leaf': 0.1699434023245587, 'max_features': 0.5533769837557099, 'bootstrap': True, 'max_samples': 0.5003092038780808, 'oob_score': True}. Best is trial 272 with value: 0.9207214438111938.[0m
[32m[I 2022-04-25 17:24:29,518][0m Trial 457 finished with value: 0.9113346641617761 and parameters: {'n_estimators': 112, 'min_samples_split': 0.2259219433101784, 'min_samples_leaf': 0.08341992500739251, 'min_weight_fraction_leaf': 0.01692282855768088, 'max_features': 0.8115732305730429, 'bootstrap': False, 'max_samples': 0.4793715653373784}. Best is trial 272 with value: 0.9207214438111938.[0m
[32m[I 2022-04-25 17:33:11,078][0m Trial 458 finished with value: 0.9186439933488277 and parameters: {'n_estimators': 144, 'min_samples_split': 0.22116883446544516, 'min_samples_leaf': 0.13924859124187422, 'min_weight_fraction_leaf': 0.026821789816478345, 'max_features': 0.9042204983445158, 'bootstrap': False, 'max_samples': 0.5370555404175031}. Best is trial 272 with value: 0.9207214438111938.[0m
[32m[I 2022-04-25 17:41:29,688][0m Trial 459 finished with value: 0.9190239790077465 and parameters: {'n_estimators': 119, 'min_samples_split': 0.22005540886575453, 'min_samples_leaf': 0.10561452158173126, 'min_weight_fraction_leaf': 0.014867725554901215, 'max_features': 0.7906597998796756, 'bootstrap': False, 'max_samples': 0.4410658166167012}. Best is trial 272 with value: 0.9207214438111938.[0m
[32m[I 2022-04-25 17:49:37,441][0m Trial 460 finished with value: 0.9195518435301387 and parameters: {'n_estimators': 128, 'min_samples_split': 0.21526372149399634, 'min_samples_leaf': 0.12872724874189867, 'min_weight_fraction_leaf': 0.01068295749195701, 'max_features': 0.8687012377777883, 'bootstrap': False, 'max_samples': 0.5013067217514063}. Best is trial 272 with value: 0.9207214438111938.[0m
[32m[I 2022-04-25 17:54:49,878][0m Trial 461 finished with value: 0.7837474949991897 and parameters: {'n_estimators': 136, 'min_samples_split': 0.2433889537787007, 'min_samples_leaf': 0.13957251527741812, 'min_weight_fraction_leaf': 0.3398737182619168, 'max_features': 0.8451788459753709, 'bootstrap': False, 'max_samples': 0.48233053980905094}. Best is trial 272 with value: 0.9207214438111938.[0m
[32m[I 2022-04-25 18:03:14,996][0m Trial 462 finished with value: 0.9175730683059126 and parameters: {'n_estimators': 132, 'min_samples_split': 0.20136228604710077, 'min_samples_leaf': 0.11970475578751871, 'min_weight_fraction_leaf': 0.03475574364351485, 'max_features': 0.8205898544749032, 'bootstrap': False, 'max_samples': 0.4545890848279187}. Best is trial 272 with value: 0.9207214438111938.[0m
[32m[I 2022-04-25 18:09:24,879][0m Trial 463 finished with value: 0.9197155496516543 and parameters: {'n_estimators': 116, 'min_samples_split': 0.20649098780501338, 'min_samples_leaf': 0.14608060453480146, 'min_weight_fraction_leaf': 0.023069500470519387, 'max_features': 0.7734064468418596, 'bootstrap': False, 'max_samples': 0.5114735227404218}. Best is trial 272 with value: 0.9207214438111938.[0m
[32m[I 2022-04-25 18:17:08,570][0m Trial 464 finished with value: 0.9193050008736916 and parameters: {'n_estimators': 125, 'min_samples_split': 0.19042765922970672, 'min_samples_leaf': 0.13055962586710196, 'min_weight_fraction_leaf': 2.653859264788866e-05, 'max_features': 0.8630046649010248, 'bootstrap': False, 'max_samples': 0.4342634630814077}. Best is trial 272 with value: 0.9207214438111938.[0m
[32m[I 2022-04-25 18:23:43,610][0m Trial 465 finished with value: 0.9197590006515931 and parameters: {'n_estimators': 134, 'min_samples_split': 0.20113771136198313, 'min_samples_leaf': 0.14379394464989614, 'min_weight_fraction_leaf': 0.014975257525911292, 'max_features': 0.7306259428052843, 'bootstrap': False, 'max_samples': 0.4683522884821959}. Best is trial 272 with value: 0.9207214438111938.[0m
[32m[I 2022-04-25 18:31:38,684][0m Trial 466 finished with value: 0.9205294924289522 and parameters: {'n_estimators': 139, 'min_samples_split': 0.21694445626843895, 'min_samples_leaf': 0.13654016839094182, 'min_weight_fraction_leaf': 0.024557860621881047, 'max_features': 0.838325779787724, 'bootstrap': False, 'max_samples': 0.44366770718929677}. Best is trial 272 with value: 0.9207214438111938.[0m
[32m[I 2022-04-25 18:39:20,096][0m Trial 467 finished with value: 0.9196690164299156 and parameters: {'n_estimators': 143, 'min_samples_split': 0.21321011616631025, 'min_samples_leaf': 0.14750024790919541, 'min_weight_fraction_leaf': 0.008241549005216614, 'max_features': 0.832424445479073, 'bootstrap': False, 'max_samples': 0.4427522937221272}. Best is trial 272 with value: 0.9207214438111938.[0m
[32m[I 2022-04-25 18:47:20,883][0m Trial 468 finished with value: 0.9205741033342413 and parameters: {'n_estimators': 139, 'min_samples_split': 0.2159292433711989, 'min_samples_leaf': 0.13493514775484305, 'min_weight_fraction_leaf': 0.0248632594827719, 'max_features': 0.8489359520332732, 'bootstrap': False, 'max_samples': 0.4725080965358134}. Best is trial 272 with value: 0.9207214438111938.[0m
[32m[I 2022-04-25 18:56:19,404][0m Trial 469 finished with value: 0.9179035758172841 and parameters: {'n_estimators': 137, 'min_samples_split': 0.22047338266705555, 'min_samples_leaf': 0.11882634083860152, 'min_weight_fraction_leaf': 0.035499128485015276, 'max_features': 0.8709201571058918, 'bootstrap': False, 'max_samples': 0.4623968584815155}. Best is trial 272 with value: 0.9207214438111938.[0m
[32m[I 2022-04-25 19:04:45,577][0m Trial 470 finished with value: 0.9202379283731789 and parameters: {'n_estimators': 143, 'min_samples_split': 0.2274746570427379, 'min_samples_leaf': 0.13452718825820018, 'min_weight_fraction_leaf': 0.025091301241795236, 'max_features': 0.8506267924620361, 'bootstrap': False, 'max_samples': 0.5073680583021606}. Best is trial 272 with value: 0.9207214438111938.[0m
[32m[I 2022-04-25 19:15:57,967][0m Trial 471 finished with value: 0.9170427943903932 and parameters: {'n_estimators': 148, 'min_samples_split': 0.24150277283816163, 'min_samples_leaf': 0.10735586444260775, 'min_weight_fraction_leaf': 0.03942641053157887, 'max_features': 0.8887719639978622, 'bootstrap': False, 'max_samples': 0.5038656099933287}. Best is trial 272 with value: 0.9207214438111938.[0m
[32m[I 2022-04-25 19:24:03,718][0m Trial 472 finished with value: 0.9194957204827283 and parameters: {'n_estimators': 142, 'min_samples_split': 0.2307523859486922, 'min_samples_leaf': 0.13367416054222314, 'min_weight_fraction_leaf': 0.026345599610608585, 'max_features': 0.8072863143043636, 'bootstrap': False, 'max_samples': 0.47763366104966853}. Best is trial 272 with value: 0.9207214438111938.[0m
[32m[I 2022-04-25 19:32:39,569][0m Trial 473 finished with value: 0.9178990447196789 and parameters: {'n_estimators': 136, 'min_samples_split': 0.22588090001109898, 'min_samples_leaf': 0.12146772843520423, 'min_weight_fraction_leaf': 0.029209592107638783, 'max_features': 0.8510190471700598, 'bootstrap': False, 'max_samples': 0.596848005079158}. Best is trial 272 with value: 0.9207214438111938.[0m
[32m[I 2022-04-25 19:40:08,940][0m Trial 474 finished with value: 0.9190364721304117 and parameters: {'n_estimators': 130, 'min_samples_split': 0.21155310037881797, 'min_samples_leaf': 0.13096629280108182, 'min_weight_fraction_leaf': 0.038427808380069095, 'max_features': 0.8270296299898569, 'bootstrap': False, 'max_samples': 0.5209524169474633}. Best is trial 272 with value: 0.9207214438111938.[0m
[32m[I 2022-04-25 19:48:45,408][0m Trial 475 finished with value: 0.9198148622708106 and parameters: {'n_estimators': 149, 'min_samples_split': 0.23266798063298982, 'min_samples_leaf': 0.1391376791509787, 'min_weight_fraction_leaf': 0.021638997471490853, 'max_features': 0.8765579919800434, 'bootstrap': False, 'max_samples': 0.465239761148666}. Best is trial 272 with value: 0.9207214438111938.[0m
[32m[I 2022-04-25 19:48:49,230][0m Trial 476 finished with value: 0.25 and parameters: {'n_estimators': 142, 'min_samples_split': 0.24991020197236455, 'min_samples_leaf': 0.2715822062362274, 'min_weight_fraction_leaf': 0.02476553329958491, 'max_features': 0.9311655805159957, 'bootstrap': True, 'max_samples': 0.49856629451492773, 'oob_score': False}. Best is trial 272 with value: 0.9207214438111938.[0m
[32m[I 2022-04-25 19:56:39,681][0m Trial 477 finished with value: 0.9180093894880412 and parameters: {'n_estimators': 121, 'min_samples_split': 0.21211987395748116, 'min_samples_leaf': 0.11572700136164527, 'min_weight_fraction_leaf': 0.031135749587363957, 'max_features': 0.8416494955482349, 'bootstrap': False, 'max_samples': 0.49006121514312967}. Best is trial 272 with value: 0.9207214438111938.[0m
[32m[I 2022-04-25 20:04:52,933][0m Trial 478 finished with value: 0.9182807536272627 and parameters: {'n_estimators': 126, 'min_samples_split': 0.21865515024545043, 'min_samples_leaf': 0.12650567533841867, 'min_weight_fraction_leaf': 0.01650283016292136, 'max_features': 0.8994464275854781, 'bootstrap': False, 'max_samples': 0.646785529953331}. Best is trial 272 with value: 0.9207214438111938.[0m
[32m[I 2022-04-25 20:12:32,547][0m Trial 479 finished with value: 0.9202419914334243 and parameters: {'n_estimators': 140, 'min_samples_split': 0.2349281891164286, 'min_samples_leaf': 0.13593002766139275, 'min_weight_fraction_leaf': 0.0446521417172691, 'max_features': 0.8128469618896714, 'bootstrap': False, 'max_samples': 0.6871911982211238}. Best is trial 272 with value: 0.9207214438111938.[0m
[32m[I 2022-04-25 20:38:10,559][0m Trial 480 finished with value: 0.9189132228928841 and parameters: {'n_estimators': 473, 'min_samples_split': 0.24135537075509583, 'min_samples_leaf': 0.1318948814186049, 'min_weight_fraction_leaf': 0.05049753778098024, 'max_features': 0.7901006289602358, 'bootstrap': False, 'max_samples': 0.6847996100074695}. Best is trial 272 with value: 0.9207214438111938.[0m
[32m[I 2022-04-25 20:47:17,466][0m Trial 481 finished with value: 0.9183315796863859 and parameters: {'n_estimators': 137, 'min_samples_split': 0.23495374821211415, 'min_samples_leaf': 0.11076271847525379, 'min_weight_fraction_leaf': 0.04753608310722039, 'max_features': 0.806922651214608, 'bootstrap': False, 'max_samples': 0.5407092542041723}. Best is trial 272 with value: 0.9207214438111938.[0m
[32m[I 2022-04-25 20:51:35,167][0m Trial 482 finished with value: 0.9140775188252682 and parameters: {'n_estimators': 141, 'min_samples_split': 0.22521900039681086, 'min_samples_leaf': 0.13666052412663188, 'min_weight_fraction_leaf': 0.11942299537352648, 'max_features': 0.3609711998951507, 'bootstrap': False, 'max_samples': 0.5718859912560783}. Best is trial 272 with value: 0.9207214438111938.[0m
[32m[I 2022-04-25 21:02:40,359][0m Trial 483 finished with value: 0.9111263797731327 and parameters: {'n_estimators': 150, 'min_samples_split': 0.22568806124806184, 'min_samples_leaf': 0.09337965595984177, 'min_weight_fraction_leaf': 0.03993551350630606, 'max_features': 0.8135371498873977, 'bootstrap': False, 'max_samples': 0.6631025518925703}. Best is trial 272 with value: 0.9207214438111938.[0m
[32m[I 2022-04-25 21:11:05,291][0m Trial 484 finished with value: 0.9175098663349749 and parameters: {'n_estimators': 134, 'min_samples_split': 0.24981277294945958, 'min_samples_leaf': 0.12124646396657576, 'min_weight_fraction_leaf': 0.03617226412281806, 'max_features': 0.825242969960488, 'bootstrap': False, 'max_samples': 0.7083136924740926}. Best is trial 272 with value: 0.9207214438111938.[0m
[32m[I 2022-04-25 21:19:32,845][0m Trial 485 finished with value: 0.9199392283425848 and parameters: {'n_estimators': 154, 'min_samples_split': 0.20097805060566118, 'min_samples_leaf': 0.13893000561765756, 'min_weight_fraction_leaf': 0.008178922576047028, 'max_features': 0.7983501400598507, 'bootstrap': False, 'max_samples': 0.4540592444444617}. Best is trial 272 with value: 0.9207214438111938.[0m
