[32m[I 2022-04-22 19:13:03,566][0m Trial 108 finished with value: 0.9010672135537867 and parameters: {'n_estimators': 271, 'min_samples_split': 0.034158044395576154, 'min_samples_leaf': 0.1184174414416959, 'min_weight_fraction_leaf': 0.24635516274584318, 'max_features': 0.883825413276647, 'bootstrap': False, 'max_samples': 0.049349231000756846}. Best is trial 102 with value: 0.9201394591460668.[0m
[32m[I 2022-04-22 19:25:09,509][0m Trial 109 finished with value: 0.9195704096781643 and parameters: {'n_estimators': 232, 'min_samples_split': 0.06218994287216079, 'min_samples_leaf': 0.1397292424340506, 'min_weight_fraction_leaf': 0.02643457364827651, 'max_features': 0.7496675638391262, 'bootstrap': False, 'max_samples': 0.013002388658010039}. Best is trial 102 with value: 0.9201394591460668.[0m
[32m[I 2022-04-22 19:38:03,099][0m Trial 110 finished with value: 0.9196187145480952 and parameters: {'n_estimators': 244, 'min_samples_split': 0.08077427407130061, 'min_samples_leaf': 0.14596280383873714, 'min_weight_fraction_leaf': 0.011784962917039798, 'max_features': 0.7967537977353456, 'bootstrap': False, 'max_samples': 0.0688364282050449}. Best is trial 102 with value: 0.9201394591460668.[0m
[32m[I 2022-04-22 19:51:53,759][0m Trial 111 finished with value: 0.9202710050082409 and parameters: {'n_estimators': 246, 'min_samples_split': 0.0776400648562886, 'min_samples_leaf': 0.14224191765583802, 'min_weight_fraction_leaf': 0.008775448792808109, 'max_features': 0.8396629928415255, 'bootstrap': False, 'max_samples': 0.05575559573864471}. Best is trial 111 with value: 0.9202710050082409.[0m
[32m[I 2022-04-22 20:07:28,733][0m Trial 112 finished with value: 0.9177055032665127 and parameters: {'n_estimators': 249, 'min_samples_split': 0.09294373282577043, 'min_samples_leaf': 0.12524846148634128, 'min_weight_fraction_leaf': 0.03754287167118533, 'max_features': 0.8440748477563168, 'bootstrap': False, 'max_samples': 0.03597653896237017}. Best is trial 111 with value: 0.9202710050082409.[0m
[32m[I 2022-04-22 20:17:03,284][0m Trial 113 finished with value: 0.9139347730513752 and parameters: {'n_estimators': 210, 'min_samples_split': 0.01962807331699916, 'min_samples_leaf': 0.17292399873061914, 'min_weight_fraction_leaf': 0.04972876326674703, 'max_features': 0.8131397476071207, 'bootstrap': False, 'max_samples': 0.12994049804988292}. Best is trial 111 with value: 0.9202710050082409.[0m
[32m[I 2022-04-22 20:31:08,254][0m Trial 114 finished with value: 0.9196293525506773 and parameters: {'n_estimators': 267, 'min_samples_split': 0.07432323665707115, 'min_samples_leaf': 0.15196526045821587, 'min_weight_fraction_leaf': 0.025492246975599122, 'max_features': 0.8317260915842458, 'bootstrap': False, 'max_samples': 0.06484832443084801}. Best is trial 111 with value: 0.9202710050082409.[0m
[32m[I 2022-04-22 20:43:32,942][0m Trial 115 finished with value: 0.9192097145051668 and parameters: {'n_estimators': 233, 'min_samples_split': 0.07589963207679283, 'min_samples_leaf': 0.15593207700803752, 'min_weight_fraction_leaf': 0.020101610834289713, 'max_features': 0.8738723230541797, 'bootstrap': False, 'max_samples': 0.09683273479634076}. Best is trial 111 with value: 0.9202710050082409.[0m
[32m[I 2022-04-22 20:43:37,696][0m Trial 116 finished with value: 0.25 and parameters: {'n_estimators': 187, 'min_samples_split': 0.11598232769486191, 'min_samples_leaf': 0.11815021423309158, 'min_weight_fraction_leaf': 0.00889888456094249, 'max_features': 0.832952912003394, 'bootstrap': True, 'max_samples': 0.07776452748712254, 'oob_score': False}. Best is trial 111 with value: 0.9202710050082409.[0m
[32m[I 2022-04-22 20:45:21,330][0m Trial 117 finished with value: 0.9051561337821431 and parameters: {'n_estimators': 217, 'min_samples_split': 0.05825545819674094, 'min_samples_leaf': 0.14921934707033802, 'min_weight_fraction_leaf': 0.06914339525621015, 'max_features': 0.1145949134193957, 'bootstrap': False, 'max_samples': 0.6716839954489534}. Best is trial 111 with value: 0.9202710050082409.[0m
[32m[I 2022-04-22 20:45:53,778][0m Trial 118 finished with value: 0.8582303011393628 and parameters: {'n_estimators': 203, 'min_samples_split': 0.10061091864454975, 'min_samples_leaf': 0.47606165598872235, 'min_weight_fraction_leaf': 0.05465428018110974, 'max_features': 0.927229066455695, 'bootstrap': False, 'max_samples': 0.0636086382917395}. Best is trial 111 with value: 0.9202710050082409.[0m
[32m[I 2022-04-22 20:56:48,148][0m Trial 119 finished with value: 0.9033881362730234 and parameters: {'n_estimators': 261, 'min_samples_split': 0.06971664795718183, 'min_samples_leaf': 0.19839665524798486, 'min_weight_fraction_leaf': 0.22232860623200218, 'max_features': 0.8981331237437781, 'bootstrap': False, 'max_samples': 0.39473010030162253}. Best is trial 111 with value: 0.9202710050082409.[0m
[32m[I 2022-04-22 21:17:06,454][0m Trial 120 finished with value: 0.9172918324547444 and parameters: {'n_estimators': 286, 'min_samples_split': 0.03319189451791967, 'min_samples_leaf': 0.10726404338905662, 'min_weight_fraction_leaf': 0.026132584356091622, 'max_features': 0.8571640025872591, 'bootstrap': False, 'max_samples': 0.13736135453368126}. Best is trial 111 with value: 0.9202710050082409.[0m
[32m[I 2022-04-22 21:32:47,069][0m Trial 121 finished with value: 0.919257476997724 and parameters: {'n_estimators': 272, 'min_samples_split': 0.04902064544357129, 'min_samples_leaf': 0.12886690600869172, 'min_weight_fraction_leaf': 0.0397377725220572, 'max_features': 0.782440587755001, 'bootstrap': False, 'max_samples': 0.020081748852960726}. Best is trial 111 with value: 0.9202710050082409.[0m
[32m[I 2022-04-22 21:49:53,611][0m Trial 122 finished with value: 0.9199060547349823 and parameters: {'n_estimators': 309, 'min_samples_split': 0.024138968127912525, 'min_samples_leaf': 0.13706110151041065, 'min_weight_fraction_leaf': 0.03412341657212333, 'max_features': 0.8017690566448822, 'bootstrap': False, 'max_samples': 0.05336966682424288}. Best is trial 111 with value: 0.9202710050082409.[0m
[32m[I 2022-04-22 22:05:16,677][0m Trial 123 finished with value: 0.9088892597008155 and parameters: {'n_estimators': 341, 'min_samples_split': 0.46686895991608246, 'min_samples_leaf': 0.17070644098544657, 'min_weight_fraction_leaf': 6.601031099628257e-06, 'max_features': 0.8383737622163944, 'bootstrap': False, 'max_samples': 0.004900231949100414}. Best is trial 111 with value: 0.9202710050082409.[0m
[32m[I 2022-04-22 22:22:12,727][0m Trial 124 finished with value: 0.9194351282824458 and parameters: {'n_estimators': 312, 'min_samples_split': 0.03883018222404126, 'min_samples_leaf': 0.13449282520867575, 'min_weight_fraction_leaf': 0.015799044974012744, 'max_features': 0.7610610349399651, 'bootstrap': False, 'max_samples': 0.10032982252870692}. Best is trial 111 with value: 0.9202710050082409.[0m
[32m[I 2022-04-22 22:34:44,430][0m Trial 125 finished with value: 0.9191137543917847 and parameters: {'n_estimators': 238, 'min_samples_split': 0.026875903224514622, 'min_samples_leaf': 0.15759677607532846, 'min_weight_fraction_leaf': 0.04626645648159018, 'max_features': 0.8723197424151409, 'bootstrap': False, 'max_samples': 0.06690189647731622}. Best is trial 111 with value: 0.9202710050082409.[0m
[32m[I 2022-04-22 22:47:30,304][0m Trial 126 finished with value: 0.8881825236821814 and parameters: {'n_estimators': 302, 'min_samples_split': 0.05270211973369107, 'min_samples_leaf': 0.14585338167495693, 'min_weight_fraction_leaf': 0.28077183831137703, 'max_features': 0.7303250785835796, 'bootstrap': False, 'max_samples': 0.12473228409605713}. Best is trial 111 with value: 0.9202710050082409.[0m
[32m[I 2022-04-22 23:05:46,588][0m Trial 127 finished with value: 0.9139192211841944 and parameters: {'n_estimators': 252, 'min_samples_split': 0.006846748599335213, 'min_samples_leaf': 0.09773703687619263, 'min_weight_fraction_leaf': 0.02757314702728774, 'max_features': 0.7930742936382309, 'bootstrap': False, 'max_samples': 0.08700480905841516}. Best is trial 111 with value: 0.9202710050082409.[0m
[32m[I 2022-04-22 23:12:54,416][0m Trial 128 finished with value: 0.8713112811147269 and parameters: {'n_estimators': 226, 'min_samples_split': 0.0675952856284156, 'min_samples_leaf': 0.1819367510528866, 'min_weight_fraction_leaf': 0.3662505304857614, 'max_features': 0.8204831457279911, 'bootstrap': False, 'max_samples': 0.04006325223451341}. Best is trial 111 with value: 0.9202710050082409.[0m
[32m[I 2022-04-22 23:25:03,007][0m Trial 129 finished with value: 0.9180380886741359 and parameters: {'n_estimators': 194, 'min_samples_split': 0.12350780561691643, 'min_samples_leaf': 0.12114248663120171, 'min_weight_fraction_leaf': 0.05898159163044443, 'max_features': 0.8480177155701977, 'bootstrap': False, 'max_samples': 0.2058347466065467}. Best is trial 111 with value: 0.9202710050082409.[0m
[32m[I 2022-04-22 23:30:23,753][0m Trial 130 finished with value: 0.8873666487854948 and parameters: {'n_estimators': 246, 'min_samples_split': 0.05929079559796986, 'min_samples_leaf': 0.30600319472946425, 'min_weight_fraction_leaf': 0.012137263184081124, 'max_features': 0.8847594227126654, 'bootstrap': False, 'max_samples': 0.17113378064592513}. Best is trial 111 with value: 0.9202710050082409.[0m
[32m[I 2022-04-22 23:44:53,421][0m Trial 131 finished with value: 0.91961274492329 and parameters: {'n_estimators': 268, 'min_samples_split': 0.014721977469671488, 'min_samples_leaf': 0.1392817740328037, 'min_weight_fraction_leaf': 0.03502270288683676, 'max_features': 0.8097220978104211, 'bootstrap': False, 'max_samples': 0.053216538239815134}. Best is trial 111 with value: 0.9202710050082409.[0m
[32m[I 2022-04-22 23:57:39,228][0m Trial 132 finished with value: 0.9189891231052354 and parameters: {'n_estimators': 282, 'min_samples_split': 0.02487819263566801, 'min_samples_leaf': 0.1646668219466727, 'min_weight_fraction_leaf': 0.03278483852033301, 'max_features': 0.7761470426491395, 'bootstrap': False, 'max_samples': 0.10023909618720953}. Best is trial 111 with value: 0.9202710050082409.[0m
[32m[I 2022-04-23 00:15:42,457][0m Trial 133 finished with value: 0.9199965477553114 and parameters: {'n_estimators': 323, 'min_samples_split': 0.0011292207827844972, 'min_samples_leaf': 0.13603450668972872, 'min_weight_fraction_leaf': 0.04432136992018822, 'max_features': 0.8296446915455241, 'bootstrap': False, 'max_samples': 0.03340502228734939}. Best is trial 111 with value: 0.9202710050082409.[0m
[32m[I 2022-04-23 00:36:45,152][0m Trial 134 finished with value: 0.9191828806845859 and parameters: {'n_estimators': 361, 'min_samples_split': 0.044119401806400095, 'min_samples_leaf': 0.12960384357751742, 'min_weight_fraction_leaf': 0.042734414416556746, 'max_features': 0.8289392599113865, 'bootstrap': False, 'max_samples': 0.025012668265946503}. Best is trial 111 with value: 0.9202710050082409.[0m
[32m[I 2022-04-23 00:53:31,707][0m Trial 135 finished with value: 0.9197962940343526 and parameters: {'n_estimators': 321, 'min_samples_split': 0.037170423133860875, 'min_samples_leaf': 0.15141444441784271, 'min_weight_fraction_leaf': 0.07526179179072025, 'max_features': 0.8587856132353863, 'bootstrap': False, 'max_samples': 0.12288739992085311}. Best is trial 111 with value: 0.9202710050082409.[0m
[32m[I 2022-04-23 01:17:08,491][0m Trial 136 finished with value: 0.9174985409029048 and parameters: {'n_estimators': 335, 'min_samples_split': 0.03584633197134822, 'min_samples_leaf': 0.11114903589886227, 'min_weight_fraction_leaf': 0.07803781542505722, 'max_features': 0.8688298894631503, 'bootstrap': False, 'max_samples': 0.1307472251631599}. Best is trial 111 with value: 0.9202710050082409.[0m
[32m[I 2022-04-23 01:17:59,461][0m Trial 137 finished with value: 0.25 and parameters: {'n_estimators': 311, 'min_samples_split': 0.007737626869393374, 'min_samples_leaf': 0.1711893159352546, 'min_weight_fraction_leaf': 0.06685944457907667, 'max_features': 0.9098881846618931, 'bootstrap': True, 'max_samples': 0.11304107310486257, 'oob_score': True}. Best is trial 111 with value: 0.9202710050082409.[0m
[32m[I 2022-04-23 01:31:27,507][0m Trial 138 finished with value: 0.9035129638920163 and parameters: {'n_estimators': 345, 'min_samples_split': 0.0030666080146847727, 'min_samples_leaf': 0.222404525211389, 'min_weight_fraction_leaf': 0.05012145899309743, 'max_features': 0.9564998721288439, 'bootstrap': False, 'max_samples': 0.25004877118917185}. Best is trial 111 with value: 0.9202710050082409.[0m
[32m[I 2022-04-23 01:48:43,313][0m Trial 139 finished with value: 0.9108391844914887 and parameters: {'n_estimators': 412, 'min_samples_split': 0.028213349142753842, 'min_samples_leaf': 0.19020224071101255, 'min_weight_fraction_leaf': 0.0563156200030175, 'max_features': 0.8517137805109861, 'bootstrap': False, 'max_samples': 0.28202101971465465}. Best is trial 111 with value: 0.9202710050082409.[0m
[32m[I 2022-04-23 02:01:34,419][0m Trial 140 finished with value: 0.9158121770245671 and parameters: {'n_estimators': 401, 'min_samples_split': 0.05049959945569631, 'min_samples_leaf': 0.1344229135405808, 'min_weight_fraction_leaf': 0.020890101135616988, 'max_features': 0.4225545809348737, 'bootstrap': False, 'max_samples': 0.13605997505313655}. Best is trial 111 with value: 0.9202710050082409.[0m
[32m[I 2022-04-23 02:10:32,115][0m Trial 141 finished with value: 0.9159200540249545 and parameters: {'n_estimators': 257, 'min_samples_split': 0.08597298182154645, 'min_samples_leaf': 0.15125547264702716, 'min_weight_fraction_leaf': 0.026404268567417205, 'max_features': 0.5301499038218225, 'bootstrap': False, 'max_samples': 0.07388848114868218}. Best is trial 111 with value: 0.9202710050082409.[0m
[32m[I 2022-04-23 02:26:32,971][0m Trial 142 finished with value: 0.9195917867188159 and parameters: {'n_estimators': 323, 'min_samples_split': 0.040730002158373746, 'min_samples_leaf': 0.15703628871074585, 'min_weight_fraction_leaf': 0.04234408869988369, 'max_features': 0.8275287545269978, 'bootstrap': False, 'max_samples': 0.09352866728485776}. Best is trial 111 with value: 0.9202710050082409.[0m
[32m[I 2022-04-23 02:42:04,782][0m Trial 143 finished with value: 0.9196844388600119 and parameters: {'n_estimators': 294, 'min_samples_split': 0.022682592983936004, 'min_samples_leaf': 0.14506858541664497, 'min_weight_fraction_leaf': 0.009185933614773297, 'max_features': 0.8025931021628668, 'bootstrap': False, 'max_samples': 0.7859865320511227}. Best is trial 111 with value: 0.9202710050082409.[0m
[32m[I 2022-04-23 02:58:34,170][0m Trial 144 finished with value: 0.917145737375334 and parameters: {'n_estimators': 290, 'min_samples_split': 0.01941984369222335, 'min_samples_leaf': 0.12095487047421509, 'min_weight_fraction_leaf': 0.009238963368870444, 'max_features': 0.7594780233672447, 'bootstrap': False, 'max_samples': 0.21912199396475857}. Best is trial 111 with value: 0.9202710050082409.[0m
[32m[I 2022-04-23 03:18:20,030][0m Trial 145 finished with value: 0.9197389383402366 and parameters: {'n_estimators': 379, 'min_samples_split': 0.031416598287166496, 'min_samples_leaf': 0.14361580286759007, 'min_weight_fraction_leaf': 0.01741020406339555, 'max_features': 0.8005065542646396, 'bootstrap': False, 'max_samples': 0.8823110754258211}. Best is trial 111 with value: 0.9202710050082409.[0m
[32m[I 2022-04-23 03:38:00,515][0m Trial 146 finished with value: 0.9195631285484058 and parameters: {'n_estimators': 427, 'min_samples_split': 0.014628927306404662, 'min_samples_leaf': 0.16584766484547003, 'min_weight_fraction_leaf': 0.01529342591981869, 'max_features': 0.7910019907958424, 'bootstrap': False, 'max_samples': 0.9026664122972882}. Best is trial 111 with value: 0.9202710050082409.[0m
[32m[I 2022-04-23 03:55:27,004][0m Trial 147 finished with value: 0.9197145909327963 and parameters: {'n_estimators': 352, 'min_samples_split': 0.031196302517736862, 'min_samples_leaf': 0.13092787011926044, 'min_weight_fraction_leaf': 4.481052797711271e-05, 'max_features': 0.6903188605392717, 'bootstrap': False, 'max_samples': 0.8088699097557066}. Best is trial 111 with value: 0.9202710050082409.[0m
[32m[I 2022-04-23 04:21:09,704][0m Trial 148 finished with value: 0.9186350848111543 and parameters: {'n_estimators': 387, 'min_samples_split': 0.030724865613653174, 'min_samples_leaf': 0.11473258793503614, 'min_weight_fraction_leaf': 0.002307733505273163, 'max_features': 0.8647428471251541, 'bootstrap': False, 'max_samples': 0.7681288903349391}. Best is trial 111 with value: 0.9202710050082409.[0m
[32m[I 2022-04-23 04:45:40,462][0m Trial 149 finished with value: 0.9192433334070784 and parameters: {'n_estimators': 389, 'min_samples_split': 0.03581430424508536, 'min_samples_leaf': 0.1272430107773807, 'min_weight_fraction_leaf': 0.007208971849460583, 'max_features': 0.8844008189573148, 'bootstrap': False, 'max_samples': 0.8141664242533168}. Best is trial 111 with value: 0.9202710050082409.[0m
[32m[I 2022-04-23 05:08:03,708][0m Trial 150 finished with value: 0.9158839829913943 and parameters: {'n_estimators': 365, 'min_samples_split': 0.04758989545523987, 'min_samples_leaf': 0.10184844672394432, 'min_weight_fraction_leaf': 0.01675297082006143, 'max_features': 0.6876264730851867, 'bootstrap': False, 'max_samples': 0.8240621871375885}. Best is trial 111 with value: 0.9202710050082409.[0m
[32m[I 2022-04-23 05:26:07,912][0m Trial 151 finished with value: 0.9198021585930156 and parameters: {'n_estimators': 347, 'min_samples_split': 0.024395858849204654, 'min_samples_leaf': 0.14459081621260558, 'min_weight_fraction_leaf': 0.02872329071937731, 'max_features': 0.7951615278220728, 'bootstrap': False, 'max_samples': 0.8854892963909289}. Best is trial 111 with value: 0.9202710050082409.[0m
[32m[I 2022-04-23 05:45:25,593][0m Trial 152 finished with value: 0.92008812487721 and parameters: {'n_estimators': 355, 'min_samples_split': 0.008694249447418931, 'min_samples_leaf': 0.14409741203170706, 'min_weight_fraction_leaf': 0.023339824322759224, 'max_features': 0.8480304784611823, 'bootstrap': False, 'max_samples': 0.8802442284997227}. Best is trial 111 with value: 0.9202710050082409.[0m
[32m[I 2022-04-23 06:03:45,818][0m Trial 153 finished with value: 0.9195874734791228 and parameters: {'n_estimators': 376, 'min_samples_split': 0.002122704515759813, 'min_samples_leaf': 0.14427929188970087, 'min_weight_fraction_leaf': 0.022016818038677156, 'max_features': 0.739123882098986, 'bootstrap': False, 'max_samples': 0.8831174777054707}. Best is trial 111 with value: 0.9202710050082409.[0m
[32m[I 2022-04-23 06:23:20,531][0m Trial 154 finished with value: 0.9192043480110831 and parameters: {'n_estimators': 355, 'min_samples_split': 0.019970736847832467, 'min_samples_leaf': 0.13113572143606544, 'min_weight_fraction_leaf': 0.0011211827506372677, 'max_features': 0.7730149974805015, 'bootstrap': False, 'max_samples': 0.8713333991538673}. Best is trial 111 with value: 0.9202710050082409.[0m
[32m[I 2022-04-23 06:40:38,151][0m Trial 155 finished with value: 0.9199014568642301 and parameters: {'n_estimators': 331, 'min_samples_split': 0.011430833942144187, 'min_samples_leaf': 0.1502251074656417, 'min_weight_fraction_leaf': 0.02775924547456788, 'max_features': 0.8404306032025516, 'bootstrap': False, 'max_samples': 0.9188142306837633}. Best is trial 111 with value: 0.9202710050082409.[0m
[32m[I 2022-04-23 06:53:00,434][0m Trial 156 finished with value: 0.9104321827911352 and parameters: {'n_estimators': 344, 'min_samples_split': 0.010611894509319448, 'min_samples_leaf': 0.17618053007186996, 'min_weight_fraction_leaf': 0.030957963097975036, 'max_features': 0.632559639943563, 'bootstrap': False, 'max_samples': 0.8705002091221414}. Best is trial 111 with value: 0.9202710050082409.[0m
[32m[I 2022-04-23 07:09:40,026][0m Trial 157 finished with value: 0.9197802993393657 and parameters: {'n_estimators': 327, 'min_samples_split': 0.01181990248807617, 'min_samples_leaf': 0.15728815577210908, 'min_weight_fraction_leaf': 0.019185760720222336, 'max_features': 0.8424220870102785, 'bootstrap': False, 'max_samples': 0.9707170348699643}. Best is trial 111 with value: 0.9202710050082409.[0m
[32m[I 2022-04-23 07:26:35,357][0m Trial 158 finished with value: 0.9196958592246102 and parameters: {'n_estimators': 331, 'min_samples_split': 0.009362896064509801, 'min_samples_leaf': 0.15508636265553843, 'min_weight_fraction_leaf': 0.05508126639905947, 'max_features': 0.8440101019492386, 'bootstrap': False, 'max_samples': 0.9273368171743752}. Best is trial 111 with value: 0.9202710050082409.[0m
[32m[I 2022-04-23 07:32:27,642][0m Trial 159 finished with value: 0.9038567960161685 and parameters: {'n_estimators': 491, 'min_samples_split': 0.013414434678035934, 'min_samples_leaf': 0.14885426715338745, 'min_weight_fraction_leaf': 0.028272779761075104, 'max_features': 0.8249670883751485, 'bootstrap': True, 'max_samples': 0.9395172988090879, 'oob_score': False}. Best is trial 111 with value: 0.9202710050082409.[0m
[32m[I 2022-04-23 07:48:56,221][0m Trial 160 finished with value: 0.9189041671327531 and parameters: {'n_estimators': 316, 'min_samples_split': 0.0029137125276642983, 'min_samples_leaf': 0.1619112694630858, 'min_weight_fraction_leaf': 0.018838697090536084, 'max_features': 0.8946639376468547, 'bootstrap': False, 'max_samples': 0.9729508013367113}. Best is trial 111 with value: 0.9202710050082409.[0m
[32m[I 2022-04-23 08:09:52,457][0m Trial 161 finished with value: 0.9179538104972508 and parameters: {'n_estimators': 331, 'min_samples_split': 0.029557985586217052, 'min_samples_leaf': 0.12306138032636033, 'min_weight_fraction_leaf': 0.033841022992020804, 'max_features': 0.8623540298982858, 'bootstrap': False, 'max_samples': 0.9105682673468259}. Best is trial 111 with value: 0.9202710050082409.[0m
