[32m[I 2022-04-26 03:44:19,097][0m Trial 540 finished with value: 0.9196012538668079 and parameters: {'n_estimators': 155, 'min_samples_split': 0.26427322533482434, 'min_samples_leaf': 0.12673655267590184, 'min_weight_fraction_leaf': 9.706814946851272e-05, 'max_features': 0.8487922657793949, 'bootstrap': False, 'max_samples': 0.49547786042218567}. Best is trial 272 with value: 0.9207214438111938.[0m
[32m[I 2022-04-26 03:52:44,908][0m Trial 541 finished with value: 0.9189108169539688 and parameters: {'n_estimators': 142, 'min_samples_split': 0.19995892909140942, 'min_samples_leaf': 0.1479595960936838, 'min_weight_fraction_leaf': 0.01813250245049406, 'max_features': 0.9307593919308077, 'bootstrap': False, 'max_samples': 0.45403921789701635}. Best is trial 272 with value: 0.9207214438111938.[0m
[32m[I 2022-04-26 03:58:09,622][0m Trial 542 finished with value: 0.9192962228440557 and parameters: {'n_estimators': 105, 'min_samples_split': 0.25040866079644, 'min_samples_leaf': 0.15868759272892402, 'min_weight_fraction_leaf': 0.022834438429546508, 'max_features': 0.8194505166676624, 'bootstrap': False, 'max_samples': 0.48063537127826267}. Best is trial 272 with value: 0.9207214438111938.[0m
[32m[I 2022-04-26 04:06:54,290][0m Trial 543 finished with value: 0.9184966191936418 and parameters: {'n_estimators': 125, 'min_samples_split': 0.22665010305082883, 'min_samples_leaf': 0.11322909938706477, 'min_weight_fraction_leaf': 0.06919129337477868, 'max_features': 0.8627870367346792, 'bootstrap': False, 'max_samples': 0.42604390262673403}. Best is trial 272 with value: 0.9207214438111938.[0m
[32m[I 2022-04-26 04:15:40,489][0m Trial 544 finished with value: 0.9201783592730923 and parameters: {'n_estimators': 160, 'min_samples_split': 0.1889639270119694, 'min_samples_leaf': 0.13526046051564364, 'min_weight_fraction_leaf': 0.009514695193212984, 'max_features': 0.8019038834431667, 'bootstrap': False, 'max_samples': 0.40321481770585654}. Best is trial 272 with value: 0.9207214438111938.[0m
[32m[I 2022-04-26 04:28:58,780][0m Trial 545 finished with value: 0.9097879793863701 and parameters: {'n_estimators': 163, 'min_samples_split': 0.17701769639357892, 'min_samples_leaf': 0.09886340191573612, 'min_weight_fraction_leaf': 0.00916637306089981, 'max_features': 0.9103658475275636, 'bootstrap': False, 'max_samples': 0.4115974727633259}. Best is trial 272 with value: 0.9207214438111938.[0m
[32m[I 2022-04-26 04:38:31,434][0m Trial 546 finished with value: 0.9190764171841959 and parameters: {'n_estimators': 162, 'min_samples_split': 0.18845206604803644, 'min_samples_leaf': 0.13056461741592604, 'min_weight_fraction_leaf': 0.009685687449577016, 'max_features': 0.8346198527644485, 'bootstrap': False, 'max_samples': 0.40385657816502496}. Best is trial 272 with value: 0.9207214438111938.[0m
[32m[I 2022-04-26 04:47:42,239][0m Trial 547 finished with value: 0.9116514354223589 and parameters: {'n_estimators': 157, 'min_samples_split': 0.3938263083863825, 'min_samples_leaf': 0.11958852630440135, 'min_weight_fraction_leaf': 0.049313844241270874, 'max_features': 0.8000780189238808, 'bootstrap': False, 'max_samples': 0.3940230359690917}. Best is trial 272 with value: 0.9207214438111938.[0m
[32m[I 2022-04-26 04:56:38,137][0m Trial 548 finished with value: 0.9194940924932393 and parameters: {'n_estimators': 147, 'min_samples_split': 0.19019876778143, 'min_samples_leaf': 0.13771205476484877, 'min_weight_fraction_leaf': 0.03401152164429237, 'max_features': 0.8851337663023185, 'bootstrap': False, 'max_samples': 0.4402555401863003}. Best is trial 272 with value: 0.9207214438111938.[0m
[32m[I 2022-04-26 05:05:02,932][0m Trial 549 finished with value: 0.9199137450331426 and parameters: {'n_estimators': 135, 'min_samples_split': 0.17154702503251124, 'min_samples_leaf': 0.12845207255266056, 'min_weight_fraction_leaf': 0.0005565939649157942, 'max_features': 0.8616777368646413, 'bootstrap': False, 'max_samples': 0.3474950059428964}. Best is trial 272 with value: 0.9207214438111938.[0m
[32m[I 2022-04-26 05:14:21,160][0m Trial 550 finished with value: 0.9200759411463096 and parameters: {'n_estimators': 168, 'min_samples_split': 0.21159853413425594, 'min_samples_leaf': 0.140675129807732, 'min_weight_fraction_leaf': 0.02288884506609548, 'max_features': 0.8383655810828622, 'bootstrap': False, 'max_samples': 0.1860467485004741}. Best is trial 272 with value: 0.9207214438111938.[0m
[32m[I 2022-04-26 05:25:10,420][0m Trial 551 finished with value: 0.9190469338847057 and parameters: {'n_estimators': 151, 'min_samples_split': 0.2006089666354976, 'min_samples_leaf': 0.10742800218811605, 'min_weight_fraction_leaf': 0.014148319516444345, 'max_features': 0.8179838793767964, 'bootstrap': False, 'max_samples': 0.42161001345078924}. Best is trial 272 with value: 0.9207214438111938.[0m
[32m[I 2022-04-26 05:27:21,429][0m Trial 552 finished with value: 0.9040620752411789 and parameters: {'n_estimators': 137, 'min_samples_split': 0.23778912348022363, 'min_samples_leaf': 0.12342065321210016, 'min_weight_fraction_leaf': 0.060276247891303376, 'max_features': 0.17590860424433796, 'bootstrap': False, 'max_samples': 0.4507579735376956}. Best is trial 272 with value: 0.9207214438111938.[0m
[32m[I 2022-04-26 05:35:18,204][0m Trial 553 finished with value: 0.9199891618445817 and parameters: {'n_estimators': 144, 'min_samples_split': 0.19417244465301914, 'min_samples_leaf': 0.14778602349105774, 'min_weight_fraction_leaf': 0.040197758127843354, 'max_features': 0.8549583749213412, 'bootstrap': False, 'max_samples': 0.3739055880025801}. Best is trial 272 with value: 0.9207214438111938.[0m
[32m[I 2022-04-26 05:43:10,132][0m Trial 554 finished with value: 0.9192753822273005 and parameters: {'n_estimators': 129, 'min_samples_split': 0.21397387733549703, 'min_samples_leaf': 0.13529423378435584, 'min_weight_fraction_leaf': 0.0092476465099314, 'max_features': 0.8940020683987805, 'bootstrap': False, 'max_samples': 0.469425703567085}. Best is trial 272 with value: 0.9207214438111938.[0m
[32m[I 2022-04-26 05:54:49,957][0m Trial 555 finished with value: 0.9067245478648411 and parameters: {'n_estimators': 156, 'min_samples_split': 0.18631158742350845, 'min_samples_leaf': 0.041989627504473534, 'min_weight_fraction_leaf': 0.02477897252071513, 'max_features': 0.46969469719912027, 'bootstrap': False, 'max_samples': 0.5097806912568305}. Best is trial 272 with value: 0.9207214438111938.[0m
[32m[I 2022-04-26 05:55:36,205][0m Trial 556 finished with value: 0.8907525527991499 and parameters: {'n_estimators': 116, 'min_samples_split': 0.20398015904997563, 'min_samples_leaf': 0.11667964521865815, 'min_weight_fraction_leaf': 0.03127150747136245, 'max_features': 0.8697193724988528, 'bootstrap': True, 'max_samples': 0.5355078612506072, 'oob_score': True}. Best is trial 272 with value: 0.9207214438111938.[0m
[32m[I 2022-04-26 06:02:53,682][0m Trial 557 finished with value: 0.9196778513933095 and parameters: {'n_estimators': 140, 'min_samples_split': 0.22281578930977788, 'min_samples_leaf': 0.14785734896786093, 'min_weight_fraction_leaf': 0.01717416309959393, 'max_features': 0.8124726325797452, 'bootstrap': False, 'max_samples': 0.4937625516809388}. Best is trial 272 with value: 0.9207214438111938.[0m
[32m[I 2022-04-26 06:51:28,892][0m Trial 558 finished with value: 0.9196044158291311 and parameters: {'n_estimators': 875, 'min_samples_split': 0.1759003223705622, 'min_samples_leaf': 0.13431706542141733, 'min_weight_fraction_leaf': 0.04535637089182117, 'max_features': 0.836768526179605, 'bootstrap': False, 'max_samples': 0.4374701786866108}. Best is trial 272 with value: 0.9207214438111938.[0m
[32m[I 2022-04-26 06:59:08,962][0m Trial 559 finished with value: 0.9202519954576818 and parameters: {'n_estimators': 133, 'min_samples_split': 0.23533301745625979, 'min_samples_leaf': 0.14025362653589726, 'min_weight_fraction_leaf': 0.007368630689763354, 'max_features': 0.8473626610327647, 'bootstrap': False, 'max_samples': 0.3934189772798643}. Best is trial 272 with value: 0.9207214438111938.[0m
[32m[I 2022-04-26 07:06:24,871][0m Trial 560 finished with value: 0.9180653335043308 and parameters: {'n_estimators': 122, 'min_samples_split': 0.24766218500801024, 'min_samples_leaf': 0.12307136159033097, 'min_weight_fraction_leaf': 0.007703627515838474, 'max_features': 0.7677280916168547, 'bootstrap': False, 'max_samples': 0.3563326578478486}. Best is trial 272 with value: 0.9207214438111938.[0m
[32m[I 2022-04-26 07:13:56,109][0m Trial 561 finished with value: 0.9198764976751275 and parameters: {'n_estimators': 132, 'min_samples_split': 0.2353143301532475, 'min_samples_leaf': 0.13447154179103904, 'min_weight_fraction_leaf': 0.0048898607787700625, 'max_features': 0.80436447466858, 'bootstrap': False, 'max_samples': 0.3766702715067937}. Best is trial 272 with value: 0.9207214438111938.[0m
[32m[I 2022-04-26 07:21:49,408][0m Trial 562 finished with value: 0.9198035394737843 and parameters: {'n_estimators': 147, 'min_samples_split': 0.2591954608364541, 'min_samples_leaf': 0.1415777099754849, 'min_weight_fraction_leaf': 0.014226924079501406, 'max_features': 0.7875394728602408, 'bootstrap': False, 'max_samples': 0.39687099974001294}. Best is trial 272 with value: 0.9207214438111938.[0m
[32m[I 2022-04-26 07:31:00,435][0m Trial 563 finished with value: 0.9180233950391024 and parameters: {'n_estimators': 132, 'min_samples_split': 0.22981394912623318, 'min_samples_leaf': 0.11034401483947134, 'min_weight_fraction_leaf': 0.0017572492691491507, 'max_features': 0.8268082116923813, 'bootstrap': False, 'max_samples': 0.40585075251171165}. Best is trial 272 with value: 0.9207214438111938.[0m
[32m[I 2022-04-26 07:39:36,098][0m Trial 564 finished with value: 0.9184287447853834 and parameters: {'n_estimators': 139, 'min_samples_split': 0.2451613737263258, 'min_samples_leaf': 0.12565161769337319, 'min_weight_fraction_leaf': 0.017171553226777696, 'max_features': 0.8439084004788444, 'bootstrap': False, 'max_samples': 0.4239910759125624}. Best is trial 272 with value: 0.9207214438111938.[0m
[32m[I 2022-04-26 07:46:20,786][0m Trial 565 finished with value: 0.9198846453436744 and parameters: {'n_estimators': 127, 'min_samples_split': 0.21083276275892185, 'min_samples_leaf': 0.15084374056697794, 'min_weight_fraction_leaf': 0.026037994837667017, 'max_features': 0.8520066084264255, 'bootstrap': False, 'max_samples': 0.3877088973612403}. Best is trial 272 with value: 0.9207214438111938.[0m
[32m[I 2022-04-26 07:54:16,405][0m Trial 566 finished with value: 0.919718443282672 and parameters: {'n_estimators': 141, 'min_samples_split': 0.2265372960217003, 'min_samples_leaf': 0.13951566512434893, 'min_weight_fraction_leaf': 0.011102842780840883, 'max_features': 0.821057771908626, 'bootstrap': False, 'max_samples': 0.7667736122137602}. Best is trial 272 with value: 0.9207214438111938.[0m
[32m[I 2022-04-26 08:03:33,293][0m Trial 567 finished with value: 0.9198199051341094 and parameters: {'n_estimators': 152, 'min_samples_split': 0.23656132450421155, 'min_samples_leaf': 0.12952945041718783, 'min_weight_fraction_leaf': 0.0009506175633424083, 'max_features': 0.8550365120097051, 'bootstrap': False, 'max_samples': 0.4558907841989056}. Best is trial 272 with value: 0.9207214438111938.[0m
[32m[I 2022-04-26 08:12:02,702][0m Trial 568 finished with value: 0.9177476964828607 and parameters: {'n_estimators': 135, 'min_samples_split': 0.21888152272797137, 'min_samples_leaf': 0.11615153526291273, 'min_weight_fraction_leaf': 0.10485244847328387, 'max_features': 0.793258808724123, 'bootstrap': False, 'max_samples': 0.40924685636995173}. Best is trial 272 with value: 0.9207214438111938.[0m
[32m[I 2022-04-26 08:20:35,765][0m Trial 569 finished with value: 0.9196475089535012 and parameters: {'n_estimators': 163, 'min_samples_split': 0.20104682000763974, 'min_samples_leaf': 0.15021707544334884, 'min_weight_fraction_leaf': 0.058499220695876784, 'max_features': 0.8346854188987614, 'bootstrap': False, 'max_samples': 0.456570350364465}. Best is trial 272 with value: 0.9207214438111938.[0m
[32m[I 2022-04-26 08:22:00,035][0m Trial 570 finished with value: 0.9117104641895905 and parameters: {'n_estimators': 119, 'min_samples_split': 0.18503651379927796, 'min_samples_leaf': 0.14081166626711886, 'min_weight_fraction_leaf': 0.037148978968094895, 'max_features': 0.12120573304670129, 'bootstrap': False, 'max_samples': 0.4876346525340404}. Best is trial 272 with value: 0.9207214438111938.[0m
[32m[I 2022-04-26 08:24:12,341][0m Trial 571 finished with value: 0.874129434084318 and parameters: {'n_estimators': 146, 'min_samples_split': 0.2562929521278401, 'min_samples_leaf': 0.35197464559575053, 'min_weight_fraction_leaf': 0.024544181769843236, 'max_features': 0.8752015993763967, 'bootstrap': False, 'max_samples': 0.4286570674990267}. Best is trial 272 with value: 0.9207214438111938.[0m
[32m[I 2022-04-26 08:31:38,934][0m Trial 572 finished with value: 0.9189577085439868 and parameters: {'n_estimators': 128, 'min_samples_split': 0.19451167445971185, 'min_samples_leaf': 0.1313185947875481, 'min_weight_fraction_leaf': 0.01003624028162423, 'max_features': 0.8157150510656979, 'bootstrap': False, 'max_samples': 0.46494359375860733}. Best is trial 272 with value: 0.9207214438111938.[0m
[32m[I 2022-04-26 08:44:17,659][0m Trial 573 finished with value: 0.9047379616301224 and parameters: {'n_estimators': 133, 'min_samples_split': 0.2115800848218485, 'min_samples_leaf': 0.0652237818933202, 'min_weight_fraction_leaf': 0.017951754811295875, 'max_features': 0.8486762744436389, 'bootstrap': False, 'max_samples': 0.5121048874284732}. Best is trial 272 with value: 0.9207214438111938.[0m
[32m[I 2022-04-26 08:50:33,602][0m Trial 574 finished with value: 0.84261059417315 and parameters: {'n_estimators': 172, 'min_samples_split': 0.2408257870748638, 'min_samples_leaf': 0.15407711554348621, 'min_weight_fraction_leaf': 0.49549111203748797, 'max_features': 0.8831956594127746, 'bootstrap': False, 'max_samples': 0.5553646358399995}. Best is trial 272 with value: 0.9207214438111938.[0m
[32m[I 2022-04-26 08:51:02,323][0m Trial 575 finished with value: 0.8940290365032808 and parameters: {'n_estimators': 145, 'min_samples_split': 0.16523977649426191, 'min_samples_leaf': 0.12003261638735171, 'min_weight_fraction_leaf': 0.0314157800588314, 'max_features': 0.7749329787152998, 'bootstrap': True, 'max_samples': 0.4814548843050019, 'oob_score': False}. Best is trial 272 with value: 0.9207214438111938.[0m
[32m[I 2022-04-26 09:01:43,278][0m Trial 576 finished with value: 0.9111650929244373 and parameters: {'n_estimators': 139, 'min_samples_split': 0.21930566234912294, 'min_samples_leaf': 0.09027969329401314, 'min_weight_fraction_leaf': 0.0008836123328837507, 'max_features': 0.8065056322251211, 'bootstrap': False, 'max_samples': 0.4394814986238345}. Best is trial 272 with value: 0.9207214438111938.[0m
[32m[I 2022-04-26 09:10:41,289][0m Trial 577 finished with value: 0.9158300664418586 and parameters: {'n_estimators': 123, 'min_samples_split': 0.2267431549282732, 'min_samples_leaf': 0.10308917588748828, 'min_weight_fraction_leaf': 0.07329439900627649, 'max_features': 0.8334560015838736, 'bootstrap': False, 'max_samples': 0.41269838963895256}. Best is trial 272 with value: 0.9207214438111938.[0m
[32m[I 2022-04-26 09:13:37,134][0m Trial 578 finished with value: 0.8848604992833448 and parameters: {'n_estimators': 154, 'min_samples_split': 0.20349077807744861, 'min_samples_leaf': 0.3224007665276896, 'min_weight_fraction_leaf': 0.15075838963740745, 'max_features': 0.9019836217553924, 'bootstrap': False, 'max_samples': 0.3604990992145422}. Best is trial 272 with value: 0.9207214438111938.[0m
[32m[I 2022-04-26 09:21:35,631][0m Trial 579 finished with value: 0.9199861192163239 and parameters: {'n_estimators': 140, 'min_samples_split': 0.17562109919770155, 'min_samples_leaf': 0.14423973595850983, 'min_weight_fraction_leaf': 0.04685775632153445, 'max_features': 0.8650669384719301, 'bootstrap': False, 'max_samples': 0.3876857384285415}. Best is trial 272 with value: 0.9207214438111938.[0m
[32m[I 2022-04-26 09:29:23,576][0m Trial 580 finished with value: 0.9189759019617311 and parameters: {'n_estimators': 131, 'min_samples_split': 0.24874336282724602, 'min_samples_leaf': 0.132110390013519, 'min_weight_fraction_leaf': 0.01388976200272157, 'max_features': 0.8255270864033614, 'bootstrap': False, 'max_samples': 0.44371681490074594}. Best is trial 272 with value: 0.9207214438111938.[0m
[32m[I 2022-04-26 09:37:09,541][0m Trial 581 finished with value: 0.9196585569050031 and parameters: {'n_estimators': 150, 'min_samples_split': 0.23500086361832095, 'min_samples_leaf': 0.15874456837979026, 'min_weight_fraction_leaf': 0.027490255078514256, 'max_features': 0.8555134695139476, 'bootstrap': False, 'max_samples': 0.4701157816156317}. Best is trial 272 with value: 0.9207214438111938.[0m
[32m[I 2022-04-26 09:47:38,357][0m Trial 582 finished with value: 0.9204405314030474 and parameters: {'n_estimators': 187, 'min_samples_split': 0.19211279403968193, 'min_samples_leaf': 0.139872026592524, 'min_weight_fraction_leaf': 0.03825311384753312, 'max_features': 0.8377607714417669, 'bootstrap': False, 'max_samples': 0.663891796490934}. Best is trial 272 with value: 0.9207214438111938.[0m
[32m[I 2022-04-26 09:58:11,953][0m Trial 583 finished with value: 0.9197601671833316 and parameters: {'n_estimators': 192, 'min_samples_split': 0.2121063130977529, 'min_samples_leaf': 0.14881281890320155, 'min_weight_fraction_leaf': 0.052432066964006444, 'max_features': 0.8770339843997045, 'bootstrap': False, 'max_samples': 0.6641080246998079}. Best is trial 272 with value: 0.9207214438111938.[0m
[32m[I 2022-04-26 10:02:24,752][0m Trial 584 finished with value: 0.8898751783067052 and parameters: {'n_estimators': 183, 'min_samples_split': 0.2236065146975582, 'min_samples_leaf': 0.29272243624101313, 'min_weight_fraction_leaf': 0.04163225877206102, 'max_features': 0.8451908724820147, 'bootstrap': False, 'max_samples': 0.529356960669039}. Best is trial 272 with value: 0.9207214438111938.[0m
[32m[I 2022-04-26 10:09:31,499][0m Trial 585 finished with value: 0.9202721210061394 and parameters: {'n_estimators': 126, 'min_samples_split': 0.1984441325144226, 'min_samples_leaf': 0.14189937886472845, 'min_weight_fraction_leaf': 0.05911946795077649, 'max_features': 0.8554953318314363, 'bootstrap': False, 'max_samples': 0.5061463823038738}. Best is trial 272 with value: 0.9207214438111938.[0m
[32m[I 2022-04-26 10:23:51,105][0m Trial 586 finished with value: 0.9099787252148124 and parameters: {'n_estimators': 117, 'min_samples_split': 0.1979757401633138, 'min_samples_leaf': 0.0206880634657656, 'min_weight_fraction_leaf': 0.08435402430444353, 'max_features': 0.8609700600900041, 'bootstrap': False, 'max_samples': 0.7028161868399694}. Best is trial 272 with value: 0.9207214438111938.[0m
[32m[I 2022-04-26 10:30:09,081][0m Trial 587 finished with value: 0.9196049620237622 and parameters: {'n_estimators': 124, 'min_samples_split': 0.20481437220323598, 'min_samples_leaf': 0.15914989052662065, 'min_weight_fraction_leaf': 0.06864948357878213, 'max_features': 0.8426530548102191, 'bootstrap': False, 'max_samples': 0.5450465296022564}. Best is trial 272 with value: 0.9207214438111938.[0m
[32m[I 2022-04-26 10:36:42,508][0m Trial 588 finished with value: 0.9199495683734185 and parameters: {'n_estimators': 114, 'min_samples_split': 0.1848549727399726, 'min_samples_leaf': 0.14462660692605261, 'min_weight_fraction_leaf': 0.05577958788339024, 'max_features': 0.8735888697479777, 'bootstrap': False, 'max_samples': 0.5105112495800219}. Best is trial 272 with value: 0.9207214438111938.[0m
[32m[I 2022-04-26 10:43:24,194][0m Trial 589 finished with value: 0.9196974720970015 and parameters: {'n_estimators': 127, 'min_samples_split': 0.19507836743911677, 'min_samples_leaf': 0.15224121113954053, 'min_weight_fraction_leaf': 0.062246333655643735, 'max_features': 0.8503671200679114, 'bootstrap': False, 'max_samples': 0.7366789878878806}. Best is trial 272 with value: 0.9207214438111938.[0m
[32m[I 2022-04-26 10:50:12,765][0m Trial 590 finished with value: 0.9195171458785426 and parameters: {'n_estimators': 122, 'min_samples_split': 0.21211628558639398, 'min_samples_leaf': 0.14076039528941112, 'min_weight_fraction_leaf': 0.07872185559251066, 'max_features': 0.8296227921118852, 'bootstrap': False, 'max_samples': 0.6105569055728628}. Best is trial 272 with value: 0.9207214438111938.[0m
[32m[I 2022-04-26 10:55:12,974][0m Trial 591 finished with value: 0.8585344859103259 and parameters: {'n_estimators': 134, 'min_samples_split': 0.18316320850647516, 'min_samples_leaf': 0.15966210634623662, 'min_weight_fraction_leaf': 0.4606374634479079, 'max_features': 0.8897557315690701, 'bootstrap': False, 'max_samples': 0.5045484328980012}. Best is trial 272 with value: 0.9207214438111938.[0m
[32m[I 2022-04-26 11:02:27,353][0m Trial 592 finished with value: 0.9198603657626278 and parameters: {'n_estimators': 127, 'min_samples_split': 0.20468977817568593, 'min_samples_leaf': 0.14212525190126712, 'min_weight_fraction_leaf': 0.06192163905344541, 'max_features': 0.8613989084607419, 'bootstrap': False, 'max_samples': 0.5826838677264085}. Best is trial 272 with value: 0.9207214438111938.[0m
[32m[I 2022-04-26 11:09:37,439][0m Trial 593 finished with value: 0.9195124104433272 and parameters: {'n_estimators': 137, 'min_samples_split': 0.21856976293278715, 'min_samples_leaf': 0.1514504909682184, 'min_weight_fraction_leaf': 0.046642434228041554, 'max_features': 0.8327330112609316, 'bootstrap': False, 'max_samples': 0.5252267889769047}. Best is trial 272 with value: 0.9207214438111938.[0m
