[32m[I 2022-04-25 04:42:36,114][0m Trial 378 finished with value: 0.9187441122069299 and parameters: {'n_estimators': 216, 'min_samples_split': 0.02252330390479918, 'min_samples_leaf': 0.1566843507471663, 'min_weight_fraction_leaf': 0.030311911441643094, 'max_features': 0.8896000009415542, 'bootstrap': False, 'max_samples': 0.947157191431562}. Best is trial 272 with value: 0.9207214438111938.[0m
[32m[I 2022-04-25 04:52:20,359][0m Trial 379 finished with value: 0.9194904312184438 and parameters: {'n_estimators': 190, 'min_samples_split': 0.08572190626523082, 'min_samples_leaf': 0.1325422403835754, 'min_weight_fraction_leaf': 0.009853048644273815, 'max_features': 0.7066971572080193, 'bootstrap': False, 'max_samples': 0.41945995152004933}. Best is trial 272 with value: 0.9207214438111938.[0m
[32m[I 2022-04-25 05:03:09,318][0m Trial 380 finished with value: 0.9191249503740107 and parameters: {'n_estimators': 252, 'min_samples_split': 0.06871347686042528, 'min_samples_leaf': 0.17062675411104916, 'min_weight_fraction_leaf': 0.018180698171786427, 'max_features': 0.7446043304473079, 'bootstrap': False, 'max_samples': 0.8974254674373162}. Best is trial 272 with value: 0.9207214438111938.[0m
[32m[I 2022-04-25 05:12:46,757][0m Trial 381 finished with value: 0.9201332277305614 and parameters: {'n_estimators': 178, 'min_samples_split': 0.02947527981442701, 'min_samples_leaf': 0.1469677975005131, 'min_weight_fraction_leaf': 0.04496035664269481, 'max_features': 0.8473616835470431, 'bootstrap': False, 'max_samples': 0.9839051420414799}. Best is trial 272 with value: 0.9207214438111938.[0m
[32m[I 2022-04-25 05:19:54,740][0m Trial 382 finished with value: 0.9105157003462352 and parameters: {'n_estimators': 168, 'min_samples_split': 0.030548231651133823, 'min_samples_leaf': 0.18643529716463045, 'min_weight_fraction_leaf': 0.05120967711240837, 'max_features': 0.8552278254987967, 'bootstrap': False, 'max_samples': 0.9835736300933287}. Best is trial 272 with value: 0.9207214438111938.[0m
[32m[I 2022-04-25 05:28:30,588][0m Trial 383 finished with value: 0.8881018356202277 and parameters: {'n_estimators': 184, 'min_samples_split': 0.010288138574585019, 'min_samples_leaf': 0.1621680794421723, 'min_weight_fraction_leaf': 0.3179892710209608, 'max_features': 0.8674079514991881, 'bootstrap': False, 'max_samples': 0.9663609086994892}. Best is trial 272 with value: 0.9207214438111938.[0m
[32m[I 2022-04-25 05:38:07,069][0m Trial 384 finished with value: 0.9189459484521798 and parameters: {'n_estimators': 173, 'min_samples_split': 0.03923980367865366, 'min_samples_leaf': 0.15171030215331688, 'min_weight_fraction_leaf': 0.03803228834814152, 'max_features': 0.8989622321355447, 'bootstrap': False, 'max_samples': 0.9963839378823597}. Best is trial 272 with value: 0.9207214438111938.[0m
[32m[I 2022-04-25 05:42:09,174][0m Trial 385 finished with value: 0.905609617206126 and parameters: {'n_estimators': 179, 'min_samples_split': 0.022800485279564627, 'min_samples_leaf': 0.2299859431625823, 'min_weight_fraction_leaf': 0.05273310941002346, 'max_features': 0.5202334371819786, 'bootstrap': False, 'max_samples': 0.9423432005721392}. Best is trial 272 with value: 0.9207214438111938.[0m
[32m[I 2022-04-25 05:50:18,745][0m Trial 386 finished with value: 0.9117172565512677 and parameters: {'n_estimators': 178, 'min_samples_split': 0.003532802035686374, 'min_samples_leaf': 0.17653123991257003, 'min_weight_fraction_leaf': 0.04482236582323395, 'max_features': 0.8423463477409103, 'bootstrap': False, 'max_samples': 0.9178970406437027}. Best is trial 272 with value: 0.9207214438111938.[0m
[32m[I 2022-04-25 06:08:27,948][0m Trial 387 finished with value: 0.9199442436842583 and parameters: {'n_estimators': 350, 'min_samples_split': 0.21376743804301837, 'min_samples_leaf': 0.1464399867502783, 'min_weight_fraction_leaf': 0.030986705502207022, 'max_features': 0.8242839838434994, 'bootstrap': False, 'max_samples': 0.9584385284212396}. Best is trial 272 with value: 0.9207214438111938.[0m
[32m[I 2022-04-25 06:21:51,892][0m Trial 388 finished with value: 0.9191861816204444 and parameters: {'n_estimators': 269, 'min_samples_split': 0.03275884304816966, 'min_samples_leaf': 0.1648783394298474, 'min_weight_fraction_leaf': 0.026063153033376307, 'max_features': 0.8613350560428581, 'bootstrap': False, 'max_samples': 0.9993173711332334}. Best is trial 272 with value: 0.9207214438111938.[0m
[32m[I 2022-04-25 06:34:29,870][0m Trial 389 finished with value: 0.9195484844766005 and parameters: {'n_estimators': 231, 'min_samples_split': 0.01694855641696646, 'min_samples_leaf': 0.14901331377899604, 'min_weight_fraction_leaf': 0.03533576798156432, 'max_features': 0.8815362102125416, 'bootstrap': False, 'max_samples': 0.9841407773673175}. Best is trial 272 with value: 0.9207214438111938.[0m
[32m[I 2022-04-25 06:35:11,118][0m Trial 390 finished with value: 0.862253832338878 and parameters: {'n_estimators': 244, 'min_samples_split': 0.05023203312926392, 'min_samples_leaf': 0.4692832392278448, 'min_weight_fraction_leaf': 0.04401830894012408, 'max_features': 0.7901706527194094, 'bootstrap': False, 'max_samples': 0.17060060817314673}. Best is trial 272 with value: 0.9207214438111938.[0m
[32m[I 2022-04-25 06:38:28,355][0m Trial 391 finished with value: 0.8842247329657844 and parameters: {'n_estimators': 196, 'min_samples_split': 0.0266709546451726, 'min_samples_leaf': 0.33259023420677003, 'min_weight_fraction_leaf': 0.01797034991096432, 'max_features': 0.847073830038293, 'bootstrap': False, 'max_samples': 0.9686829990146365}. Best is trial 272 with value: 0.9207214438111938.[0m
[32m[I 2022-04-25 06:47:54,119][0m Trial 392 finished with value: 0.9184255350711303 and parameters: {'n_estimators': 154, 'min_samples_split': 0.05852766935771797, 'min_samples_leaf': 0.12560215421430815, 'min_weight_fraction_leaf': 0.025936162536669638, 'max_features': 0.8260090498586716, 'bootstrap': False, 'max_samples': 0.8001188962701873}. Best is trial 272 with value: 0.9207214438111938.[0m
[32m[I 2022-04-25 06:55:56,683][0m Trial 393 finished with value: 0.9193896973669362 and parameters: {'n_estimators': 162, 'min_samples_split': 0.0428710311932624, 'min_samples_leaf': 0.15803250742639147, 'min_weight_fraction_leaf': 0.00977873818510886, 'max_features': 0.8040879473439434, 'bootstrap': False, 'max_samples': 0.04056424775858581}. Best is trial 272 with value: 0.9207214438111938.[0m
[32m[I 2022-04-25 07:10:57,966][0m Trial 394 finished with value: 0.9188387339590298 and parameters: {'n_estimators': 222, 'min_samples_split': 0.1894847858923954, 'min_samples_leaf': 0.11299450883959432, 'min_weight_fraction_leaf': 7.886302709919982e-05, 'max_features': 0.8691115280801629, 'bootstrap': False, 'max_samples': 0.5113274834029888}. Best is trial 272 with value: 0.9207214438111938.[0m
[32m[I 2022-04-25 07:11:03,502][0m Trial 395 finished with value: 0.25 and parameters: {'n_estimators': 250, 'min_samples_split': 0.014129621432271257, 'min_samples_leaf': 0.14208649335369844, 'min_weight_fraction_leaf': 0.018397284716481367, 'max_features': 0.8488943780948308, 'bootstrap': True, 'max_samples': 0.002593030145564945, 'oob_score': False}. Best is trial 272 with value: 0.9207214438111938.[0m
[32m[I 2022-04-25 07:20:00,463][0m Trial 396 finished with value: 0.9110298041593726 and parameters: {'n_estimators': 188, 'min_samples_split': 0.04151570675805211, 'min_samples_leaf': 0.17968081248186196, 'min_weight_fraction_leaf': 0.039902750971321066, 'max_features': 0.8908266131218017, 'bootstrap': False, 'max_samples': 0.9374646720236082}. Best is trial 272 with value: 0.9207214438111938.[0m
[32m[I 2022-04-25 07:34:49,728][0m Trial 397 finished with value: 0.9198581099884147 and parameters: {'n_estimators': 238, 'min_samples_split': 0.17847305028245836, 'min_samples_leaf': 0.1354445092979421, 'min_weight_fraction_leaf': 0.026608137005957058, 'max_features': 0.9143329869715563, 'bootstrap': False, 'max_samples': 0.9794278182657606}. Best is trial 272 with value: 0.9207214438111938.[0m
[32m[I 2022-04-25 07:53:42,629][0m Trial 398 finished with value: 0.9113370627585052 and parameters: {'n_estimators': 417, 'min_samples_split': 0.3717027246987676, 'min_samples_leaf': 0.16940253252047205, 'min_weight_fraction_leaf': 0.01329392096057462, 'max_features': 0.8190190929201999, 'bootstrap': False, 'max_samples': 0.8648007617706883}. Best is trial 272 with value: 0.9207214438111938.[0m
[32m[I 2022-04-25 08:01:29,030][0m Trial 399 finished with value: 0.9111931898062764 and parameters: {'n_estimators': 200, 'min_samples_split': 0.054857995151026184, 'min_samples_leaf': 0.20179589060914357, 'min_weight_fraction_leaf': 0.009021012635263831, 'max_features': 0.8365508420726958, 'bootstrap': False, 'max_samples': 0.06778682893428134}. Best is trial 272 with value: 0.9207214438111938.[0m
[32m[I 2022-04-25 08:15:37,531][0m Trial 400 finished with value: 0.9180468387610683 and parameters: {'n_estimators': 228, 'min_samples_split': 0.027494072510053036, 'min_samples_leaf': 0.12318230851207887, 'min_weight_fraction_leaf': 0.023131762988848715, 'max_features': 0.8638938408776391, 'bootstrap': False, 'max_samples': 0.10535250425087941}. Best is trial 272 with value: 0.9207214438111938.[0m
[32m[I 2022-04-25 08:27:39,578][0m Trial 401 finished with value: 0.9191594888581112 and parameters: {'n_estimators': 259, 'min_samples_split': 0.03740850883001522, 'min_samples_leaf': 0.1553316183384733, 'min_weight_fraction_leaf': 0.03485808165483607, 'max_features': 0.7663285212196758, 'bootstrap': False, 'max_samples': 0.7492082933152777}. Best is trial 272 with value: 0.9207214438111938.[0m
[32m[I 2022-04-25 08:34:56,247][0m Trial 402 finished with value: 0.9170675698771596 and parameters: {'n_estimators': 217, 'min_samples_split': 0.23155215930875805, 'min_samples_leaf': 0.1431641281434837, 'min_weight_fraction_leaf': 0.049049732785546876, 'max_features': 0.4878946420183863, 'bootstrap': False, 'max_samples': 0.980336147265126}. Best is trial 272 with value: 0.9207214438111938.[0m
[32m[I 2022-04-25 08:52:15,786][0m Trial 403 finished with value: 0.9189777195084681 and parameters: {'n_estimators': 343, 'min_samples_split': 0.0040502016555871555, 'min_samples_leaf': 0.16155210154771762, 'min_weight_fraction_leaf': 0.015342261274381947, 'max_features': 0.8789818429059749, 'bootstrap': False, 'max_samples': 0.9515423444959618}. Best is trial 272 with value: 0.9207214438111938.[0m
[32m[I 2022-04-25 09:00:42,727][0m Trial 404 finished with value: 0.9103893013531541 and parameters: {'n_estimators': 211, 'min_samples_split': 0.06285946092904408, 'min_samples_leaf': 0.1926280170851136, 'min_weight_fraction_leaf': 0.009159315711069827, 'max_features': 0.792372969472993, 'bootstrap': False, 'max_samples': 0.9308521584477428}. Best is trial 272 with value: 0.9207214438111938.[0m
[32m[I 2022-04-25 09:22:47,750][0m Trial 405 finished with value: 0.919885565838358 and parameters: {'n_estimators': 376, 'min_samples_split': 0.017177661106584106, 'min_samples_leaf': 0.12846445996644518, 'min_weight_fraction_leaf': 0.14267140457713623, 'max_features': 0.8441100670470902, 'bootstrap': False, 'max_samples': 0.96006956498944}. Best is trial 272 with value: 0.9207214438111938.[0m
[32m[I 2022-04-25 09:32:22,790][0m Trial 406 finished with value: 0.8587210332721081 and parameters: {'n_estimators': 240, 'min_samples_split': 0.051534014049460626, 'min_samples_leaf': 0.15042609727644315, 'min_weight_fraction_leaf': 0.4346270745150176, 'max_features': 0.9357834818238505, 'bootstrap': False, 'max_samples': 0.7224702124858646}. Best is trial 272 with value: 0.9207214438111938.[0m
[32m[I 2022-04-25 09:41:02,364][0m Trial 407 finished with value: 0.9135597110846362 and parameters: {'n_estimators': 192, 'min_samples_split': 0.03432975721715434, 'min_samples_leaf': 0.17345005047961706, 'min_weight_fraction_leaf': 0.030451106148700217, 'max_features': 0.8124848946720902, 'bootstrap': False, 'max_samples': 0.886596630764694}. Best is trial 272 with value: 0.9207214438111938.[0m
[32m[I 2022-04-25 09:51:16,162][0m Trial 408 finished with value: 0.9204172366956189 and parameters: {'n_estimators': 179, 'min_samples_split': 0.19512472409099468, 'min_samples_leaf': 0.1361215681303194, 'min_weight_fraction_leaf': 0.0005305312825429464, 'max_features': 0.8583393077204279, 'bootstrap': False, 'max_samples': 0.4749611926188156}. Best is trial 272 with value: 0.9207214438111938.[0m
[32m[I 2022-04-25 10:02:39,321][0m Trial 409 finished with value: 0.9199142133157203 and parameters: {'n_estimators': 182, 'min_samples_split': 0.19729891208057854, 'min_samples_leaf': 0.13243675324839937, 'min_weight_fraction_leaf': 0.0009964541230368072, 'max_features': 0.9083827708155972, 'bootstrap': False, 'max_samples': 0.447093509330698}. Best is trial 272 with value: 0.9207214438111938.[0m
[32m[I 2022-04-25 10:11:31,144][0m Trial 410 finished with value: 0.9174288423009733 and parameters: {'n_estimators': 172, 'min_samples_split': 0.18020847873707094, 'min_samples_leaf': 0.11588966583517056, 'min_weight_fraction_leaf': 0.0005545446952177459, 'max_features': 0.6440037930256524, 'bootstrap': False, 'max_samples': 0.46878056278678604}. Best is trial 272 with value: 0.9207214438111938.[0m
[32m[I 2022-04-25 10:27:57,024][0m Trial 411 finished with value: 0.903000669270174 and parameters: {'n_estimators': 180, 'min_samples_split': 0.20638498677568254, 'min_samples_leaf': 0.07348840436709801, 'min_weight_fraction_leaf': 0.015014564077403893, 'max_features': 0.8926065929111588, 'bootstrap': False, 'max_samples': 0.043433202453990204}. Best is trial 272 with value: 0.9207214438111938.[0m
[32m[I 2022-04-25 10:38:13,452][0m Trial 412 finished with value: 0.9164385045554123 and parameters: {'n_estimators': 163, 'min_samples_split': 0.19300442039664012, 'min_samples_leaf': 0.14115342961927357, 'min_weight_fraction_leaf': 0.008400253690583885, 'max_features': 0.9764876590952182, 'bootstrap': False, 'max_samples': 0.49944082997350153}. Best is trial 272 with value: 0.9207214438111938.[0m
[32m[I 2022-04-25 10:48:53,629][0m Trial 413 finished with value: 0.9185743381889155 and parameters: {'n_estimators': 174, 'min_samples_split': 0.18883212239949185, 'min_samples_leaf': 0.12623236269082513, 'min_weight_fraction_leaf': 0.008123741639286287, 'max_features': 0.8497753483300414, 'bootstrap': False, 'max_samples': 0.47531538208678437}. Best is trial 272 with value: 0.9207214438111938.[0m
[32m[I 2022-04-25 10:49:37,379][0m Trial 414 finished with value: 0.8749173316181009 and parameters: {'n_estimators': 193, 'min_samples_split': 0.16921347709389625, 'min_samples_leaf': 0.13766585688036154, 'min_weight_fraction_leaf': 0.02070271169637469, 'max_features': 0.8649902724220966, 'bootstrap': True, 'max_samples': 0.4566399653343955, 'oob_score': True}. Best is trial 272 with value: 0.9207214438111938.[0m
[32m[I 2022-04-25 10:55:30,908][0m Trial 415 finished with value: 0.9056262331672602 and parameters: {'n_estimators': 204, 'min_samples_split': 0.18439129738920498, 'min_samples_leaf': 0.10848805629239383, 'min_weight_fraction_leaf': 0.00038634811827497825, 'max_features': 0.322961999661196, 'bootstrap': False, 'max_samples': 0.49043002099396893}. Best is trial 272 with value: 0.9207214438111938.[0m
[32m[I 2022-04-25 11:05:51,607][0m Trial 416 finished with value: 0.9198814184749464 and parameters: {'n_estimators': 185, 'min_samples_split': 0.1591827025560151, 'min_samples_leaf': 0.14424021395085718, 'min_weight_fraction_leaf': 0.017373298764954893, 'max_features': 0.8802047492089121, 'bootstrap': False, 'max_samples': 0.4338664100060452}. Best is trial 272 with value: 0.9207214438111938.[0m
[32m[I 2022-04-25 11:19:25,815][0m Trial 417 finished with value: 0.9180699568558863 and parameters: {'n_estimators': 219, 'min_samples_split': 0.022259271316432856, 'min_samples_leaf': 0.12037609403360484, 'min_weight_fraction_leaf': 0.028076732197957418, 'max_features': 0.8572883860864684, 'bootstrap': False, 'max_samples': 0.08786544238529226}. Best is trial 272 with value: 0.9207214438111938.[0m
[32m[I 2022-04-25 11:29:31,098][0m Trial 418 finished with value: 0.9197501742089329 and parameters: {'n_estimators': 196, 'min_samples_split': 0.21523265038376982, 'min_samples_leaf': 0.15167219653827788, 'min_weight_fraction_leaf': 0.009053625749985087, 'max_features': 0.8252351969355916, 'bootstrap': False, 'max_samples': 0.5535761349841848}. Best is trial 272 with value: 0.9207214438111938.[0m
[32m[I 2022-04-25 11:43:06,867][0m Trial 419 finished with value: 0.9191319483833726 and parameters: {'n_estimators': 227, 'min_samples_split': 0.20544077800947125, 'min_samples_leaf': 0.13423861879782512, 'min_weight_fraction_leaf': 4.7497148478393286e-05, 'max_features': 0.8841284615873308, 'bootstrap': False, 'max_samples': 0.5193171826451884}. Best is trial 272 with value: 0.9207214438111938.[0m
[32m[I 2022-04-25 11:43:31,728][0m Trial 420 finished with value: 0.4966175696819278 and parameters: {'n_estimators': 208, 'min_samples_split': 0.029495076429751917, 'min_samples_leaf': 0.15733386242351755, 'min_weight_fraction_leaf': 0.018250028891178577, 'max_features': 0.0013229507280413944, 'bootstrap': False, 'max_samples': 0.4755717353455448}. Best is trial 272 with value: 0.9207214438111938.[0m
[32m[I 2022-04-25 11:53:08,138][0m Trial 421 finished with value: 0.9202522694397686 and parameters: {'n_estimators': 176, 'min_samples_split': 0.013227872992938828, 'min_samples_leaf': 0.1465646377338562, 'min_weight_fraction_leaf': 0.03944805527684327, 'max_features': 0.8398021424093788, 'bootstrap': False, 'max_samples': 0.27122936348806387}. Best is trial 272 with value: 0.9207214438111938.[0m
[32m[I 2022-04-25 12:02:37,872][0m Trial 422 finished with value: 0.9192566683376558 and parameters: {'n_estimators': 167, 'min_samples_split': 0.00937894479213517, 'min_samples_leaf': 0.13088474979134657, 'min_weight_fraction_leaf': 0.04440974603144438, 'max_features': 0.803696870756731, 'bootstrap': False, 'max_samples': 0.2643126694770353}. Best is trial 272 with value: 0.9207214438111938.[0m
[32m[I 2022-04-25 12:09:15,239][0m Trial 423 finished with value: 0.8702762898033723 and parameters: {'n_estimators': 179, 'min_samples_split': 0.009262199899566934, 'min_samples_leaf': 0.14147301117276168, 'min_weight_fraction_leaf': 0.3759533509563263, 'max_features': 0.8332111669796209, 'bootstrap': False, 'max_samples': 0.23280727378687563}. Best is trial 272 with value: 0.9207214438111938.[0m
[32m[I 2022-04-25 12:17:26,293][0m Trial 424 finished with value: 0.9196453777329575 and parameters: {'n_estimators': 151, 'min_samples_split': 0.018779551614786793, 'min_samples_leaf': 0.1479314472983265, 'min_weight_fraction_leaf': 0.05635295180846938, 'max_features': 0.8204103092395554, 'bootstrap': False, 'max_samples': 0.32782640903237575}. Best is trial 272 with value: 0.9207214438111938.[0m
[32m[I 2022-04-25 12:20:53,578][0m Trial 425 finished with value: 0.9094058229740367 and parameters: {'n_estimators': 184, 'min_samples_split': 0.004034434032285572, 'min_samples_leaf': 0.12155314959547898, 'min_weight_fraction_leaf': 0.038617206481569605, 'max_features': 0.21092578066015766, 'bootstrap': False, 'max_samples': 0.2500591386113528}. Best is trial 272 with value: 0.9207214438111938.[0m
[32m[I 2022-04-25 12:30:09,871][0m Trial 426 finished with value: 0.9197282698496888 and parameters: {'n_estimators': 160, 'min_samples_split': 0.018348743633356784, 'min_samples_leaf': 0.1331107884056112, 'min_weight_fraction_leaf': 0.04993448315870518, 'max_features': 0.847954227009946, 'bootstrap': False, 'max_samples': 0.21287874130442294}. Best is trial 272 with value: 0.9207214438111938.[0m
[32m[I 2022-04-25 12:35:30,103][0m Trial 427 finished with value: 0.9198815884756287 and parameters: {'n_estimators': 100, 'min_samples_split': 0.17081197577886978, 'min_samples_leaf': 0.14222316396842835, 'min_weight_fraction_leaf': 0.03207138614520472, 'max_features': 0.7806444508014243, 'bootstrap': False, 'max_samples': 0.3100419533921331}. Best is trial 272 with value: 0.9207214438111938.[0m
[32m[I 2022-04-25 12:46:15,735][0m Trial 428 finished with value: 0.9185684767746375 and parameters: {'n_estimators': 175, 'min_samples_split': 0.022064269838853498, 'min_samples_leaf': 0.12608179290578264, 'min_weight_fraction_leaf': 0.03847614142050462, 'max_features': 0.8565585441046683, 'bootstrap': False, 'max_samples': 0.42978492439304744}. Best is trial 272 with value: 0.9207214438111938.[0m
[32m[I 2022-04-25 12:54:41,288][0m Trial 429 finished with value: 0.9195583807627674 and parameters: {'n_estimators': 168, 'min_samples_split': 0.010617861211921487, 'min_samples_leaf': 0.15186905658321093, 'min_weight_fraction_leaf': 0.024358970437705955, 'max_features': 0.8083671544272634, 'bootstrap': False, 'max_samples': 0.25652300294524805}. Best is trial 272 with value: 0.9207214438111938.[0m
[32m[I 2022-04-25 13:07:25,012][0m Trial 430 finished with value: 0.9181127098282434 and parameters: {'n_estimators': 189, 'min_samples_split': 0.03003086410140287, 'min_samples_leaf': 0.11119177076228315, 'min_weight_fraction_leaf': 0.03052534037182633, 'max_features': 0.8372038355049287, 'bootstrap': False, 'max_samples': 0.06619122613846878}. Best is trial 272 with value: 0.9207214438111938.[0m
[32m[I 2022-04-25 13:15:21,821][0m Trial 431 finished with value: 0.9205367172754564 and parameters: {'n_estimators': 140, 'min_samples_split': 0.0019735638563480647, 'min_samples_leaf': 0.13804125029877334, 'min_weight_fraction_leaf': 0.018954740097221645, 'max_features': 0.8603453077972493, 'bootstrap': False, 'max_samples': 0.2836554336504598}. Best is trial 272 with value: 0.9207214438111938.[0m
