[32m[I 2022-04-23 21:02:43,441][0m Trial 216 finished with value: 0.9199854533487732 and parameters: {'n_estimators': 257, 'min_samples_split': 0.05581950015920327, 'min_samples_leaf': 0.1694713125255676, 'min_weight_fraction_leaf': 0.022091049062997678, 'max_features': 0.8330966917936864, 'bootstrap': False, 'max_samples': 0.9889106750089407}. Best is trial 111 with value: 0.9202710050082409.[0m
[32m[I 2022-04-23 21:12:33,351][0m Trial 217 finished with value: 0.9066922273227709 and parameters: {'n_estimators': 260, 'min_samples_split': 0.06849988661631157, 'min_samples_leaf': 0.20686501485739284, 'min_weight_fraction_leaf': 0.021001213045662954, 'max_features': 0.8431909287219614, 'bootstrap': False, 'max_samples': 0.9988924181171959}. Best is trial 111 with value: 0.9202710050082409.[0m
[32m[I 2022-04-23 21:24:48,211][0m Trial 218 finished with value: 0.919986561361544 and parameters: {'n_estimators': 254, 'min_samples_split': 0.05503319335384277, 'min_samples_leaf': 0.16931569057733686, 'min_weight_fraction_leaf': 0.009271530598304932, 'max_features': 0.8757757036367243, 'bootstrap': False, 'max_samples': 0.9805227603725613}. Best is trial 111 with value: 0.9202710050082409.[0m
[32m[I 2022-04-23 21:35:50,335][0m Trial 219 finished with value: 0.910684186910863 and parameters: {'n_estimators': 250, 'min_samples_split': 0.07652629675913558, 'min_samples_leaf': 0.19111510540730892, 'min_weight_fraction_leaf': 0.006515607207016133, 'max_features': 0.8867576220083327, 'bootstrap': False, 'max_samples': 0.9781055119052547}. Best is trial 111 with value: 0.9202710050082409.[0m
[32m[I 2022-04-23 21:47:33,389][0m Trial 220 finished with value: 0.9110148697010686 and parameters: {'n_estimators': 264, 'min_samples_split': 0.05810889386580989, 'min_samples_leaf': 0.17882191052793947, 'min_weight_fraction_leaf': 0.009170628704061878, 'max_features': 0.8601770020398373, 'bootstrap': False, 'max_samples': 0.985182299391788}. Best is trial 111 with value: 0.9202710050082409.[0m
[32m[I 2022-04-23 21:59:18,019][0m Trial 221 finished with value: 0.9201717116300288 and parameters: {'n_estimators': 241, 'min_samples_split': 0.05310710540691535, 'min_samples_leaf': 0.1668505841702881, 'min_weight_fraction_leaf': 0.019569852695313736, 'max_features': 0.8706652205036707, 'bootstrap': False, 'max_samples': 0.9972060893668292}. Best is trial 111 with value: 0.9202710050082409.[0m
[32m[I 2022-04-23 22:10:49,042][0m Trial 222 finished with value: 0.9200912255285422 and parameters: {'n_estimators': 238, 'min_samples_split': 0.05245875170917323, 'min_samples_leaf': 0.168099476885987, 'min_weight_fraction_leaf': 0.018939994185408583, 'max_features': 0.8754712260888052, 'bootstrap': False, 'max_samples': 0.9977142193876162}. Best is trial 111 with value: 0.9202710050082409.[0m
[32m[I 2022-04-23 22:22:02,233][0m Trial 223 finished with value: 0.9197521373494567 and parameters: {'n_estimators': 234, 'min_samples_split': 0.05128192379205023, 'min_samples_leaf': 0.16912989820603247, 'min_weight_fraction_leaf': 0.01842748536148467, 'max_features': 0.8769033103025088, 'bootstrap': False, 'max_samples': 0.9963421135031507}. Best is trial 111 with value: 0.9202710050082409.[0m
[32m[I 2022-04-23 22:33:02,451][0m Trial 224 finished with value: 0.9107190598328778 and parameters: {'n_estimators': 247, 'min_samples_split': 0.0660236222001054, 'min_samples_leaf': 0.1820678823770295, 'min_weight_fraction_leaf': 0.01321098108043781, 'max_features': 0.8740799690065585, 'bootstrap': False, 'max_samples': 0.9965919466931968}. Best is trial 111 with value: 0.9202710050082409.[0m
[32m[I 2022-04-23 22:43:42,654][0m Trial 225 finished with value: 0.920008752808416 and parameters: {'n_estimators': 221, 'min_samples_split': 0.05359339219724259, 'min_samples_leaf': 0.1659196934836557, 'min_weight_fraction_leaf': 0.0011981791913967792, 'max_features': 0.8525972985134731, 'bootstrap': False, 'max_samples': 0.9709813010842709}. Best is trial 111 with value: 0.9202710050082409.[0m
[32m[I 2022-04-23 22:54:43,110][0m Trial 226 finished with value: 0.9191093499354441 and parameters: {'n_estimators': 218, 'min_samples_split': 0.0557859184345543, 'min_samples_leaf': 0.16774839864285027, 'min_weight_fraction_leaf': 0.00045304361576581006, 'max_features': 0.8947934493560432, 'bootstrap': False, 'max_samples': 0.9690076346467725}. Best is trial 111 with value: 0.9202710050082409.[0m
[32m[I 2022-04-23 23:03:44,561][0m Trial 227 finished with value: 0.9105098146839994 and parameters: {'n_estimators': 225, 'min_samples_split': 0.07353005428193055, 'min_samples_leaf': 0.1966886646671685, 'min_weight_fraction_leaf': 0.011539517378079706, 'max_features': 0.8502810168258885, 'bootstrap': False, 'max_samples': 0.9980261870213472}. Best is trial 111 with value: 0.9202710050082409.[0m
[32m[I 2022-04-23 23:06:08,540][0m Trial 228 finished with value: 0.8887404458895549 and parameters: {'n_estimators': 217, 'min_samples_split': 0.05335512324867008, 'min_samples_leaf': 0.1769618215739593, 'min_weight_fraction_leaf': 4.870363737933571e-05, 'max_features': 0.8614583009507696, 'bootstrap': True, 'max_samples': 0.9736336346011893, 'oob_score': True}. Best is trial 111 with value: 0.9202710050082409.[0m
[32m[I 2022-04-23 23:17:13,475][0m Trial 229 finished with value: 0.9194617079813325 and parameters: {'n_estimators': 235, 'min_samples_split': 0.08277866472213055, 'min_samples_leaf': 0.16430436782311633, 'min_weight_fraction_leaf': 0.019240093019188158, 'max_features': 0.8357795656900137, 'bootstrap': False, 'max_samples': 0.9632635643758868}. Best is trial 111 with value: 0.9202710050082409.[0m
[32m[I 2022-04-23 23:23:12,873][0m Trial 230 finished with value: 0.9103309714719678 and parameters: {'n_estimators': 203, 'min_samples_split': 0.061780246255366135, 'min_samples_leaf': 0.17410078976122823, 'min_weight_fraction_leaf': 0.024435068008752475, 'max_features': 0.4853222139889759, 'bootstrap': False, 'max_samples': 0.9375762798349614}. Best is trial 111 with value: 0.9202710050082409.[0m
[32m[I 2022-04-23 23:35:06,693][0m Trial 231 finished with value: 0.9196096517466167 and parameters: {'n_estimators': 243, 'min_samples_split': 0.04690840329727065, 'min_samples_leaf': 0.15861093689455041, 'min_weight_fraction_leaf': 0.025977892509413028, 'max_features': 0.8321350597211403, 'bootstrap': False, 'max_samples': 0.9805899626966111}. Best is trial 111 with value: 0.9202710050082409.[0m
[32m[I 2022-04-23 23:46:23,406][0m Trial 232 finished with value: 0.9106206814224184 and parameters: {'n_estimators': 264, 'min_samples_split': 0.049383742490250154, 'min_samples_leaf': 0.18623903069153022, 'min_weight_fraction_leaf': 0.00908907304786964, 'max_features': 0.8523124829414915, 'bootstrap': False, 'max_samples': 0.9802625144440422}. Best is trial 111 with value: 0.9202710050082409.[0m
[32m[I 2022-04-23 23:59:02,073][0m Trial 233 finished with value: 0.9194063380631683 and parameters: {'n_estimators': 253, 'min_samples_split': 0.06625486337564665, 'min_samples_leaf': 0.16428552465884866, 'min_weight_fraction_leaf': 0.026029684475381905, 'max_features': 0.8749821642727789, 'bootstrap': False, 'max_samples': 0.9994937594245278}. Best is trial 111 with value: 0.9202710050082409.[0m
[32m[I 2022-04-24 00:11:07,232][0m Trial 234 finished with value: 0.9196274527636984 and parameters: {'n_estimators': 239, 'min_samples_split': 0.04432033616431669, 'min_samples_leaf': 0.1553870719468774, 'min_weight_fraction_leaf': 0.01844238051573659, 'max_features': 0.8324889378490028, 'bootstrap': False, 'max_samples': 0.9630843773263623}. Best is trial 111 with value: 0.9202710050082409.[0m
[32m[I 2022-04-24 00:21:15,757][0m Trial 235 finished with value: 0.9188167777356624 and parameters: {'n_estimators': 226, 'min_samples_split': 0.05874371022806301, 'min_samples_leaf': 0.17163262141922206, 'min_weight_fraction_leaf': 0.032775266470787025, 'max_features': 0.81515422556728, 'bootstrap': False, 'max_samples': 0.9501465068835119}. Best is trial 111 with value: 0.9202710050082409.[0m
[32m[I 2022-04-24 00:34:51,722][0m Trial 236 finished with value: 0.9196362045629733 and parameters: {'n_estimators': 267, 'min_samples_split': 0.30714633428614807, 'min_samples_leaf': 0.15629884872249247, 'min_weight_fraction_leaf': 0.011173362412269789, 'max_features': 0.85637687637275, 'bootstrap': False, 'max_samples': 0.9772583113418641}. Best is trial 111 with value: 0.9202710050082409.[0m
[32m[I 2022-04-24 00:44:28,074][0m Trial 237 finished with value: 0.9108974094191428 and parameters: {'n_estimators': 210, 'min_samples_split': 0.04981705369388291, 'min_samples_leaf': 0.18434766634559174, 'min_weight_fraction_leaf': 0.031710090107756196, 'max_features': 0.8911722918309769, 'bootstrap': False, 'max_samples': 0.9661610623103667}. Best is trial 111 with value: 0.9202710050082409.[0m
[32m[I 2022-04-24 00:56:40,945][0m Trial 238 finished with value: 0.9199586689949839 and parameters: {'n_estimators': 257, 'min_samples_split': 0.1586549772195498, 'min_samples_leaf': 0.16652721949395294, 'min_weight_fraction_leaf': 0.020897165815577164, 'max_features': 0.8392371550157622, 'bootstrap': False, 'max_samples': 0.9440520080330059}. Best is trial 111 with value: 0.9202710050082409.[0m
[32m[I 2022-04-24 01:08:42,438][0m Trial 239 finished with value: 0.9200356987067796 and parameters: {'n_estimators': 258, 'min_samples_split': 0.07544617989595082, 'min_samples_leaf': 0.16961373511086159, 'min_weight_fraction_leaf': 0.016510507903223635, 'max_features': 0.8428710670837049, 'bootstrap': False, 'max_samples': 0.40712167872765265}. Best is trial 111 with value: 0.9202710050082409.[0m
[32m[I 2022-04-24 01:21:20,901][0m Trial 240 finished with value: 0.9152540357220758 and parameters: {'n_estimators': 252, 'min_samples_split': 0.08973692856782738, 'min_samples_leaf': 0.17242679775842348, 'min_weight_fraction_leaf': 0.0002085571890050493, 'max_features': 0.922612047024362, 'bootstrap': False, 'max_samples': 0.0013412885046984527}. Best is trial 111 with value: 0.9202710050082409.[0m
[32m[I 2022-04-24 01:32:43,423][0m Trial 241 finished with value: 0.920026362410612 and parameters: {'n_estimators': 241, 'min_samples_split': 0.0627374529079065, 'min_samples_leaf': 0.16832227841551115, 'min_weight_fraction_leaf': 0.015286000693953852, 'max_features': 0.8434615532369631, 'bootstrap': False, 'max_samples': 0.40086899369208207}. Best is trial 111 with value: 0.9202710050082409.[0m
[32m[I 2022-04-24 01:44:12,777][0m Trial 242 finished with value: 0.9197255958652828 and parameters: {'n_estimators': 235, 'min_samples_split': 0.15641779647327408, 'min_samples_leaf': 0.16622373503004131, 'min_weight_fraction_leaf': 0.0126916928202578, 'max_features': 0.8671703374084175, 'bootstrap': False, 'max_samples': 0.37286930384887934}. Best is trial 111 with value: 0.9202710050082409.[0m
[32m[I 2022-04-24 01:54:50,682][0m Trial 243 finished with value: 0.9107697888489742 and parameters: {'n_estimators': 243, 'min_samples_split': 0.07485511499244041, 'min_samples_leaf': 0.18261335809682763, 'min_weight_fraction_leaf': 0.019056442813669982, 'max_features': 0.8492262815959338, 'bootstrap': False, 'max_samples': 0.9425574201409325}. Best is trial 111 with value: 0.9202710050082409.[0m
[32m[I 2022-04-24 02:06:29,517][0m Trial 244 finished with value: 0.9116269244658092 and parameters: {'n_estimators': 256, 'min_samples_split': 0.07261129794805832, 'min_samples_leaf': 0.1749139317119004, 'min_weight_fraction_leaf': 0.01826784791169577, 'max_features': 0.8445166251795951, 'bootstrap': False, 'max_samples': 0.4199504869035793}. Best is trial 111 with value: 0.9202710050082409.[0m
[32m[I 2022-04-24 02:17:50,734][0m Trial 245 finished with value: 0.9197684878788899 and parameters: {'n_estimators': 226, 'min_samples_split': 0.17886131272498315, 'min_samples_leaf': 0.16202921184026353, 'min_weight_fraction_leaf': 0.037325035609726914, 'max_features': 0.8746691370167435, 'bootstrap': False, 'max_samples': 0.38747436162687504}. Best is trial 111 with value: 0.9202710050082409.[0m
[32m[I 2022-04-24 02:27:28,930][0m Trial 246 finished with value: 0.9110000477788182 and parameters: {'n_estimators': 244, 'min_samples_split': 0.06367359635012325, 'min_samples_leaf': 0.1955961002109965, 'min_weight_fraction_leaf': 0.023082362777340614, 'max_features': 0.8363533831529829, 'bootstrap': False, 'max_samples': 0.49623464065592016}. Best is trial 111 with value: 0.9202710050082409.[0m
[32m[I 2022-04-24 02:40:46,290][0m Trial 247 finished with value: 0.9188429893584141 and parameters: {'n_estimators': 260, 'min_samples_split': 0.2009658239018068, 'min_samples_leaf': 0.16351985521629367, 'min_weight_fraction_leaf': 0.009491816261156532, 'max_features': 0.9040794740014735, 'bootstrap': False, 'max_samples': 0.45917310711642906}. Best is trial 111 with value: 0.9202710050082409.[0m
[32m[I 2022-04-24 02:51:33,324][0m Trial 248 finished with value: 0.9109695946180688 and parameters: {'n_estimators': 232, 'min_samples_split': 0.08043439677005065, 'min_samples_leaf': 0.1775255781255554, 'min_weight_fraction_leaf': 0.029134089648349716, 'max_features': 0.8625147839627069, 'bootstrap': False, 'max_samples': 0.34554691347702443}. Best is trial 111 with value: 0.9202710050082409.[0m
[32m[I 2022-04-24 03:22:05,260][0m Trial 249 finished with value: 0.9192992797735565 and parameters: {'n_estimators': 634, 'min_samples_split': 0.06146208813966835, 'min_samples_leaf': 0.15639063124778735, 'min_weight_fraction_leaf': 0.039701935929321225, 'max_features': 0.805497968576456, 'bootstrap': False, 'max_samples': 0.02680115187913476}. Best is trial 111 with value: 0.9202710050082409.[0m
[32m[I 2022-04-24 03:31:12,275][0m Trial 250 finished with value: 0.9109187601311671 and parameters: {'n_estimators': 221, 'min_samples_split': 0.05328520740966308, 'min_samples_leaf': 0.18975127227667124, 'min_weight_fraction_leaf': 0.008929228914467763, 'max_features': 0.8365243584052816, 'bootstrap': False, 'max_samples': 0.989682223329026}. Best is trial 111 with value: 0.9202710050082409.[0m
[32m[I 2022-04-24 03:43:44,878][0m Trial 251 finished with value: 0.9187899699677262 and parameters: {'n_estimators': 255, 'min_samples_split': 0.09317396342428216, 'min_samples_leaf': 0.1699439431639522, 'min_weight_fraction_leaf': 0.019023092945886128, 'max_features': 0.8858685626121957, 'bootstrap': False, 'max_samples': 0.9995780080297811}. Best is trial 111 with value: 0.9202710050082409.[0m
[32m[I 2022-04-24 04:22:41,021][0m Trial 252 finished with value: 0.9193701766875737 and parameters: {'n_estimators': 775, 'min_samples_split': 0.07153297960476616, 'min_samples_leaf': 0.15590443758846068, 'min_weight_fraction_leaf': 0.033964028650146284, 'max_features': 0.8575905838870606, 'bootstrap': False, 'max_samples': 0.4327587569435661}. Best is trial 111 with value: 0.9202710050082409.[0m
[32m[I 2022-04-24 04:33:52,335][0m Trial 253 finished with value: 0.9199896874767532 and parameters: {'n_estimators': 241, 'min_samples_split': 0.043576750034956376, 'min_samples_leaf': 0.16818583685468605, 'min_weight_fraction_leaf': 0.006554002000822155, 'max_features': 0.8200132486659347, 'bootstrap': False, 'max_samples': 0.304550285179052}. Best is trial 111 with value: 0.9202710050082409.[0m
[32m[I 2022-04-24 04:42:44,087][0m Trial 254 finished with value: 0.9104570507570736 and parameters: {'n_estimators': 212, 'min_samples_split': 0.04387477953300223, 'min_samples_leaf': 0.18300821300409142, 'min_weight_fraction_leaf': 0.004846257560765472, 'max_features': 0.8085802461059179, 'bootstrap': False, 'max_samples': 0.29201133204472385}. Best is trial 111 with value: 0.9202710050082409.[0m
[32m[I 2022-04-24 04:53:05,214][0m Trial 255 finished with value: 0.9199350375997485 and parameters: {'n_estimators': 224, 'min_samples_split': 0.21927342952893067, 'min_samples_leaf': 0.1684237730885396, 'min_weight_fraction_leaf': 0.0005051551395819642, 'max_features': 0.8249134469862917, 'bootstrap': False, 'max_samples': 0.9162730794665435}. Best is trial 111 with value: 0.9202710050082409.[0m
[32m[I 2022-04-24 05:04:45,089][0m Trial 256 finished with value: 0.9198032281309858 and parameters: {'n_estimators': 230, 'min_samples_split': 0.22262423886171118, 'min_samples_leaf': 0.1537584284432431, 'min_weight_fraction_leaf': 0.004517315161722138, 'max_features': 0.8260414427794913, 'bootstrap': False, 'max_samples': 0.9218144096214579}. Best is trial 111 with value: 0.9202710050082409.[0m
[32m[I 2022-04-24 05:13:24,719][0m Trial 257 finished with value: 0.9116216882085798 and parameters: {'n_estimators': 198, 'min_samples_split': 0.2157089542794881, 'min_samples_leaf': 0.17531807309016917, 'min_weight_fraction_leaf': 0.0008248052682169466, 'max_features': 0.7963233630077388, 'bootstrap': False, 'max_samples': 0.9145732485571589}. Best is trial 111 with value: 0.9202710050082409.[0m
[32m[I 2022-04-24 05:15:40,606][0m Trial 258 finished with value: 0.8926657555782673 and parameters: {'n_estimators': 218, 'min_samples_split': 0.2382829387233905, 'min_samples_leaf': 0.16517626546334596, 'min_weight_fraction_leaf': 0.013536629559875194, 'max_features': 0.819405726601835, 'bootstrap': True, 'max_samples': 0.9354070529169992, 'oob_score': False}. Best is trial 111 with value: 0.9202710050082409.[0m
[32m[I 2022-04-24 05:25:31,065][0m Trial 259 finished with value: 0.9109726346817875 and parameters: {'n_estimators': 237, 'min_samples_split': 0.2501167399880794, 'min_samples_leaf': 0.18822161322390457, 'min_weight_fraction_leaf': 0.016857919204829465, 'max_features': 0.8364295192392859, 'bootstrap': False, 'max_samples': 0.04973793029406731}. Best is trial 111 with value: 0.9202710050082409.[0m
[32m[I 2022-04-24 05:37:43,136][0m Trial 260 finished with value: 0.9193857225248422 and parameters: {'n_estimators': 243, 'min_samples_split': 0.29323146218136187, 'min_samples_leaf': 0.1516070981127818, 'min_weight_fraction_leaf': 0.009620493153994197, 'max_features': 0.800906725425054, 'bootstrap': False, 'max_samples': 0.26624523391374355}. Best is trial 111 with value: 0.9202710050082409.[0m
[32m[I 2022-04-24 05:44:16,106][0m Trial 261 finished with value: 0.9027022843754808 and parameters: {'n_estimators': 204, 'min_samples_split': 0.14197709590490093, 'min_samples_leaf': 0.2423255578657978, 'min_weight_fraction_leaf': 0.0004074420671389492, 'max_features': 0.8767732950103033, 'bootstrap': False, 'max_samples': 0.9425443598515651}. Best is trial 111 with value: 0.9202710050082409.[0m
[32m[I 2022-04-24 05:54:40,171][0m Trial 262 finished with value: 0.906691869673705 and parameters: {'n_estimators': 222, 'min_samples_split': 0.2693139949833831, 'min_samples_leaf': 0.16106457684701372, 'min_weight_fraction_leaf': 0.20435442824035419, 'max_features': 0.81902516533492, 'bootstrap': False, 'max_samples': 0.39601503011846917}. Best is trial 111 with value: 0.9202710050082409.[0m
[32m[I 2022-04-24 06:05:11,084][0m Trial 263 finished with value: 0.9105662457564098 and parameters: {'n_estimators': 234, 'min_samples_split': 0.33159702234552624, 'min_samples_leaf': 0.1758485666034405, 'min_weight_fraction_leaf': 0.024518394806390398, 'max_features': 0.8433611679566922, 'bootstrap': False, 'max_samples': 0.4720939528713782}. Best is trial 111 with value: 0.9202710050082409.[0m
[32m[I 2022-04-24 06:16:02,754][0m Trial 264 finished with value: 0.9197571259299485 and parameters: {'n_estimators': 215, 'min_samples_split': 0.2808463953455355, 'min_samples_leaf': 0.14863411655877432, 'min_weight_fraction_leaf': 0.04464906933606506, 'max_features': 0.8071361388517377, 'bootstrap': False, 'max_samples': 0.5266369488468169}. Best is trial 111 with value: 0.9202710050082409.[0m
[32m[I 2022-04-24 06:53:49,085][0m Trial 265 finished with value: 0.9108987030347242 and parameters: {'n_estimators': 934, 'min_samples_split': 0.015674232777073815, 'min_samples_leaf': 0.1975364481629246, 'min_weight_fraction_leaf': 0.014143052536251983, 'max_features': 0.8617242851742508, 'bootstrap': False, 'max_samples': 0.35881653153298115}. Best is trial 111 with value: 0.9202710050082409.[0m
[32m[I 2022-04-24 07:09:27,361][0m Trial 266 finished with value: 0.9194879492456248 and parameters: {'n_estimators': 270, 'min_samples_split': 0.06435619598723834, 'min_samples_leaf': 0.13366781345144835, 'min_weight_fraction_leaf': 0.031596515551579774, 'max_features': 0.8407958545940086, 'bootstrap': False, 'max_samples': 0.06941076128108589}. Best is trial 111 with value: 0.9202710050082409.[0m
[32m[I 2022-04-24 07:20:11,871][0m Trial 267 finished with value: 0.9198057381931669 and parameters: {'n_estimators': 245, 'min_samples_split': 0.042336071868399695, 'min_samples_leaf': 0.1690782862841953, 'min_weight_fraction_leaf': 0.01558627407251192, 'max_features': 0.7802888593330147, 'bootstrap': False, 'max_samples': 0.9558861920806413}. Best is trial 111 with value: 0.9202710050082409.[0m
[32m[I 2022-04-24 07:24:37,729][0m Trial 268 finished with value: 0.8895686025599854 and parameters: {'n_estimators': 227, 'min_samples_split': 0.10198407346462374, 'min_samples_leaf': 0.26409364878270536, 'min_weight_fraction_leaf': 0.3001930028313626, 'max_features': 0.5994794079335506, 'bootstrap': False, 'max_samples': 0.8973054499120431}. Best is trial 111 with value: 0.9202710050082409.[0m
[32m[I 2022-04-24 07:37:28,789][0m Trial 269 finished with value: 0.9186582926785659 and parameters: {'n_estimators': 240, 'min_samples_split': 0.16102543791109852, 'min_samples_leaf': 0.1584028965361499, 'min_weight_fraction_leaf': 0.024052667278580048, 'max_features': 0.8994384627687546, 'bootstrap': False, 'max_samples': 0.9292603604343869}. Best is trial 111 with value: 0.9202710050082409.[0m
