[32m[I 2022-04-30 15:46:35,291][0m Trial 241 finished with value: 0.839915825825762 and parameters: {'n_estimators': 108, 'min_samples_split': 0.21585609501704875, 'min_samples_leaf': 0.1407196731621849, 'min_weight_fraction_leaf': 0.009192929561828888, 'max_features': 0.8546048045739093, 'bootstrap': False, 'max_samples': 0.3094272275317876}. Best is trial 232 with value: 0.8412722171681117.[0m
[32m[I 2022-04-30 15:53:10,839][0m Trial 242 finished with value: 0.8367663584308849 and parameters: {'n_estimators': 103, 'min_samples_split': 0.19768314796058453, 'min_samples_leaf': 0.11502529271102156, 'min_weight_fraction_leaf': 6.464732422234963e-05, 'max_features': 0.8487492149853357, 'bootstrap': False, 'max_samples': 0.28448441566223603}. Best is trial 232 with value: 0.8412722171681117.[0m
[32m[I 2022-04-30 16:00:16,189][0m Trial 243 finished with value: 0.8396212288457852 and parameters: {'n_estimators': 127, 'min_samples_split': 0.1888908636462477, 'min_samples_leaf': 0.14304144384713616, 'min_weight_fraction_leaf': 0.017821252565174334, 'max_features': 0.8708377011314197, 'bootstrap': False, 'max_samples': 0.34199518055429645}. Best is trial 232 with value: 0.8412722171681117.[0m
[32m[I 2022-04-30 16:07:25,686][0m Trial 244 finished with value: 0.8387703168406656 and parameters: {'n_estimators': 122, 'min_samples_split': 0.21571704496605457, 'min_samples_leaf': 0.13018450239228438, 'min_weight_fraction_leaf': 0.009646219316871471, 'max_features': 0.8306382624824786, 'bootstrap': False, 'max_samples': 0.34144632045898504}. Best is trial 232 with value: 0.8412722171681117.[0m
[32m[I 2022-04-30 16:13:24,400][0m Trial 245 finished with value: 0.8392426742836656 and parameters: {'n_estimators': 116, 'min_samples_split': 0.23229868960083616, 'min_samples_leaf': 0.15718852655609725, 'min_weight_fraction_leaf': 0.010018706456736436, 'max_features': 0.8552673010263736, 'bootstrap': False, 'max_samples': 0.36743469632790754}. Best is trial 232 with value: 0.8412722171681117.[0m
[32m[I 2022-04-30 16:20:47,796][0m Trial 246 finished with value: 0.8384068469801976 and parameters: {'n_estimators': 127, 'min_samples_split': 0.22452544051509796, 'min_samples_leaf': 0.14233908776006268, 'min_weight_fraction_leaf': 0.02182203475079391, 'max_features': 0.8919905011718257, 'bootstrap': False, 'max_samples': 0.3331581317714381}. Best is trial 232 with value: 0.8412722171681117.[0m
[32m[I 2022-04-30 16:29:05,152][0m Trial 247 finished with value: 0.8363594075129035 and parameters: {'n_estimators': 131, 'min_samples_split': 0.2347769869989747, 'min_samples_leaf': 0.12215654490500412, 'min_weight_fraction_leaf': 0.002474734847040079, 'max_features': 0.8486268469435787, 'bootstrap': False, 'max_samples': 0.3515983463445467}. Best is trial 232 with value: 0.8412722171681117.[0m
[32m[I 2022-04-30 16:36:14,896][0m Trial 248 finished with value: 0.8393850754537759 and parameters: {'n_estimators': 131, 'min_samples_split': 0.21570364695904717, 'min_samples_leaf': 0.15238898361281542, 'min_weight_fraction_leaf': 0.010682641845416448, 'max_features': 0.87186087979198, 'bootstrap': False, 'max_samples': 0.295774408010434}. Best is trial 232 with value: 0.8412722171681117.[0m
[32m[I 2022-04-30 16:36:26,052][0m Trial 249 finished with value: 0.5 and parameters: {'n_estimators': 136, 'min_samples_split': 0.23697270918678592, 'min_samples_leaf': 0.13590767594296857, 'min_weight_fraction_leaf': 0.013965517691670077, 'max_features': 0.2387679287414608, 'bootstrap': True, 'max_samples': 0.25988125374550797, 'oob_score': True}. Best is trial 232 with value: 0.8412722171681117.[0m
[32m[I 2022-04-30 16:42:39,937][0m Trial 250 finished with value: 0.8395636439448693 and parameters: {'n_estimators': 136, 'min_samples_split': 0.20368157202893877, 'min_samples_leaf': 0.16923279733104812, 'min_weight_fraction_leaf': 0.0015173006617293853, 'max_features': 0.825282021928838, 'bootstrap': False, 'max_samples': 0.3587069844881644}. Best is trial 232 with value: 0.8412722171681117.[0m
[32m[I 2022-04-30 16:48:32,271][0m Trial 251 finished with value: 0.8379895180298211 and parameters: {'n_estimators': 111, 'min_samples_split': 0.22108228686495326, 'min_samples_leaf': 0.162630290475402, 'min_weight_fraction_leaf': 0.01940113816911421, 'max_features': 0.9071789199382673, 'bootstrap': False, 'max_samples': 0.30091660614860816}. Best is trial 232 with value: 0.8412722171681117.[0m
[32m[I 2022-04-30 16:55:02,627][0m Trial 252 finished with value: 0.8396146797047036 and parameters: {'n_estimators': 122, 'min_samples_split': 0.24659077148265712, 'min_samples_leaf': 0.14974965764641576, 'min_weight_fraction_leaf': 0.0005829609493650926, 'max_features': 0.8483058257039644, 'bootstrap': False, 'max_samples': 0.3873235273324286}. Best is trial 232 with value: 0.8412722171681117.[0m
[32m[I 2022-04-30 17:03:50,141][0m Trial 253 finished with value: 0.8392406830950275 and parameters: {'n_estimators': 143, 'min_samples_split': 0.23080639770918304, 'min_samples_leaf': 0.12988178084545113, 'min_weight_fraction_leaf': 0.023170005122989758, 'max_features': 0.8807121119386536, 'bootstrap': False, 'max_samples': 0.3315479067343048}. Best is trial 232 with value: 0.8412722171681117.[0m
[32m[I 2022-04-30 17:10:47,646][0m Trial 254 finished with value: 0.8393599315137555 and parameters: {'n_estimators': 130, 'min_samples_split': 0.20943740561615276, 'min_samples_leaf': 0.14118671670295208, 'min_weight_fraction_leaf': 0.01548671204480143, 'max_features': 0.8256019594579393, 'bootstrap': False, 'max_samples': 0.37115181560183735}. Best is trial 232 with value: 0.8412722171681117.[0m
[32m[I 2022-04-30 17:17:54,655][0m Trial 255 finished with value: 0.8385728878703314 and parameters: {'n_estimators': 138, 'min_samples_split': 0.23797545863525082, 'min_samples_leaf': 0.15665310341901334, 'min_weight_fraction_leaf': 0.029415229616825182, 'max_features': 0.8616884657320327, 'bootstrap': False, 'max_samples': 0.24226589823342035}. Best is trial 232 with value: 0.8412722171681117.[0m
[32m[I 2022-04-30 17:28:04,443][0m Trial 256 finished with value: 0.8363039308764698 and parameters: {'n_estimators': 146, 'min_samples_split': 0.1765347093793742, 'min_samples_leaf': 0.10978031053681363, 'min_weight_fraction_leaf': 0.01165618353142988, 'max_features': 0.8389746686660238, 'bootstrap': False, 'max_samples': 0.31466236197197733}. Best is trial 232 with value: 0.8412722171681117.[0m
[32m[I 2022-04-30 17:32:24,163][0m Trial 257 finished with value: 0.8198811134297463 and parameters: {'n_estimators': 100, 'min_samples_split': 0.251419048492968, 'min_samples_leaf': 0.17891231065247304, 'min_weight_fraction_leaf': 0.0009590416680236183, 'max_features': 0.8136235406305348, 'bootstrap': False, 'max_samples': 0.401479978034325}. Best is trial 232 with value: 0.8412722171681117.[0m
[32m[I 2022-04-30 17:39:02,269][0m Trial 258 finished with value: 0.8391508653647621 and parameters: {'n_estimators': 116, 'min_samples_split': 0.2252276652242152, 'min_samples_leaf': 0.14722422095738816, 'min_weight_fraction_leaf': 0.0213289504074656, 'max_features': 0.8844599753605065, 'bootstrap': False, 'max_samples': 0.42620741825212943}. Best is trial 232 with value: 0.8412722171681117.[0m
[32m[I 2022-04-30 18:13:41,871][0m Trial 259 finished with value: 0.8360968321889647 and parameters: {'n_estimators': 580, 'min_samples_split': 0.2557722800885743, 'min_samples_leaf': 0.12234214116563574, 'min_weight_fraction_leaf': 0.009195341031930761, 'max_features': 0.8584724625534105, 'bootstrap': False, 'max_samples': 0.38534528972290066}. Best is trial 232 with value: 0.8412722171681117.[0m
[32m[I 2022-04-30 18:19:43,046][0m Trial 260 finished with value: 0.8388905737546383 and parameters: {'n_estimators': 122, 'min_samples_split': 0.19631441029810742, 'min_samples_leaf': 0.1642741308985426, 'min_weight_fraction_leaf': 0.03099438914323862, 'max_features': 0.837621286549476, 'bootstrap': False, 'max_samples': 0.3513161086009747}. Best is trial 232 with value: 0.8412722171681117.[0m
[32m[I 2022-04-30 18:28:18,127][0m Trial 261 finished with value: 0.8385977853289382 and parameters: {'n_estimators': 142, 'min_samples_split': 0.242928291567587, 'min_samples_leaf': 0.1357634892328895, 'min_weight_fraction_leaf': 0.01763751625498152, 'max_features': 0.904214272944056, 'bootstrap': False, 'max_samples': 0.44019788509281443}. Best is trial 232 with value: 0.8412722171681117.[0m
[32m[I 2022-04-30 18:35:22,643][0m Trial 262 finished with value: 0.8385402568899245 and parameters: {'n_estimators': 133, 'min_samples_split': 0.26197921577872046, 'min_samples_leaf': 0.15418140360190574, 'min_weight_fraction_leaf': 0.0011053352759240118, 'max_features': 0.8734643158726314, 'bootstrap': False, 'max_samples': 0.4110034126924202}. Best is trial 232 with value: 0.8412722171681117.[0m
[32m[I 2022-04-30 18:42:06,912][0m Trial 263 finished with value: 0.83924113239388 and parameters: {'n_estimators': 126, 'min_samples_split': 0.2194142291911761, 'min_samples_leaf': 0.14249930571721214, 'min_weight_fraction_leaf': 0.02976656127764079, 'max_features': 0.8046546831027324, 'bootstrap': False, 'max_samples': 0.28658875416019913}. Best is trial 232 with value: 0.8412722171681117.[0m
[32m[I 2022-04-30 18:49:00,929][0m Trial 264 finished with value: 0.8293233519846325 and parameters: {'n_estimators': 136, 'min_samples_split': 0.2525923854609204, 'min_samples_leaf': 0.17231900769127712, 'min_weight_fraction_leaf': 0.009720008958137467, 'max_features': 0.9335467425396689, 'bootstrap': False, 'max_samples': 0.3765669281015469}. Best is trial 232 with value: 0.8412722171681117.[0m
[32m[I 2022-04-30 18:57:48,706][0m Trial 265 finished with value: 0.8398847998216127 and parameters: {'n_estimators': 146, 'min_samples_split': 0.23294678880267977, 'min_samples_leaf': 0.12830164130300178, 'min_weight_fraction_leaf': 0.01897470249843651, 'max_features': 0.8540061502905398, 'bootstrap': False, 'max_samples': 0.26924247584586875}. Best is trial 232 with value: 0.8412722171681117.[0m
[32m[I 2022-04-30 19:04:07,912][0m Trial 266 finished with value: 0.8389911240870858 and parameters: {'n_estimators': 128, 'min_samples_split': 0.24352325517173404, 'min_samples_leaf': 0.15743687093310377, 'min_weight_fraction_leaf': 0.0003708286465554562, 'max_features': 0.8272005546609452, 'bootstrap': False, 'max_samples': 0.3123404738419677}. Best is trial 232 with value: 0.8412722171681117.[0m
[32m[I 2022-04-30 19:20:43,418][0m Trial 267 finished with value: 0.81656764606028 and parameters: {'n_estimators': 141, 'min_samples_split': 0.2673060439686479, 'min_samples_leaf': 0.02964914278937597, 'min_weight_fraction_leaf': 0.025361331421237844, 'max_features': 0.8858059079532253, 'bootstrap': False, 'max_samples': 0.4693873981644829}. Best is trial 232 with value: 0.8412722171681117.[0m
[32m[I 2022-04-30 19:20:53,686][0m Trial 268 finished with value: 0.7213626963752925 and parameters: {'n_estimators': 135, 'min_samples_split': 0.2527153596710909, 'min_samples_leaf': 0.1459350316538943, 'min_weight_fraction_leaf': 0.01020902171017157, 'max_features': 0.8441943045633853, 'bootstrap': True, 'max_samples': 0.33959853697387926, 'oob_score': True}. Best is trial 232 with value: 0.8412722171681117.[0m
[32m[I 2022-04-30 19:30:41,515][0m Trial 269 finished with value: 0.8392607481684479 and parameters: {'n_estimators': 168, 'min_samples_split': 0.21406102785851833, 'min_samples_leaf': 0.1344401347211431, 'min_weight_fraction_leaf': 0.035420816625229834, 'max_features': 0.8673363992227101, 'bootstrap': False, 'max_samples': 0.5929005820918867}. Best is trial 232 with value: 0.8412722171681117.[0m
[32m[I 2022-04-30 19:34:25,415][0m Trial 270 finished with value: 0.7427171460693982 and parameters: {'n_estimators': 111, 'min_samples_split': 0.2591904363487811, 'min_samples_leaf': 0.16701677995710965, 'min_weight_fraction_leaf': 0.36545991704082526, 'max_features': 0.8152813649042485, 'bootstrap': False, 'max_samples': 0.39670632589400956}. Best is trial 232 with value: 0.8412722171681117.[0m
[32m[I 2022-04-30 19:39:46,383][0m Trial 271 finished with value: 0.8211533287368917 and parameters: {'n_estimators': 122, 'min_samples_split': 0.19150040688042205, 'min_samples_leaf': 0.18332560546054744, 'min_weight_fraction_leaf': 0.010541448259513786, 'max_features': 0.8416349464580377, 'bootstrap': False, 'max_samples': 0.36244494863189586}. Best is trial 232 with value: 0.8412722171681117.[0m
[32m[I 2022-04-30 19:48:24,473][0m Trial 272 finished with value: 0.8384075968057239 and parameters: {'n_estimators': 158, 'min_samples_split': 0.22974784998495343, 'min_samples_leaf': 0.1507632560802882, 'min_weight_fraction_leaf': 0.019260994508909668, 'max_features': 0.8948916691397368, 'bootstrap': False, 'max_samples': 0.42019698590132015}. Best is trial 232 with value: 0.8412722171681117.[0m
[32m[I 2022-04-30 19:55:24,830][0m Trial 273 finished with value: 0.8359527271918058 and parameters: {'n_estimators': 105, 'min_samples_split': 0.24137397700623567, 'min_samples_leaf': 0.11626646834344201, 'min_weight_fraction_leaf': 0.07820328116704316, 'max_features': 0.8632047195513832, 'bootstrap': False, 'max_samples': 0.44794260669456437}. Best is trial 232 with value: 0.8412722171681117.[0m
[32m[I 2022-04-30 19:59:52,015][0m Trial 274 finished with value: 0.8269623662970096 and parameters: {'n_estimators': 182, 'min_samples_split': 0.2109051175795234, 'min_samples_leaf': 0.1628116850938826, 'min_weight_fraction_leaf': 0.03790350122559354, 'max_features': 0.36331449205208644, 'bootstrap': False, 'max_samples': 0.5335964963722968}. Best is trial 232 with value: 0.8412722171681117.[0m
[32m[I 2022-04-30 20:05:17,095][0m Trial 275 finished with value: 0.717632787565962 and parameters: {'n_estimators': 149, 'min_samples_split': 0.26823024930985334, 'min_samples_leaf': 0.13823436301164932, 'min_weight_fraction_leaf': 0.428252451221783, 'max_features': 0.8312679461590485, 'bootstrap': False, 'max_samples': 0.3276961099909752}. Best is trial 232 with value: 0.8412722171681117.[0m
[32m[I 2022-04-30 20:11:48,659][0m Trial 276 finished with value: 0.8384900915452288 and parameters: {'n_estimators': 131, 'min_samples_split': 0.2735983765662513, 'min_samples_leaf': 0.15019249761677628, 'min_weight_fraction_leaf': 0.1612789058852607, 'max_features': 0.805431836684299, 'bootstrap': False, 'max_samples': 0.37749122111878186}. Best is trial 232 with value: 0.8412722171681117.[0m
[32m[I 2022-04-30 20:17:27,276][0m Trial 277 finished with value: 0.8378070545921587 and parameters: {'n_estimators': 141, 'min_samples_split': 0.2479831881317044, 'min_samples_leaf': 0.12782868566136632, 'min_weight_fraction_leaf': 0.00891270273346377, 'max_features': 0.5002053996955249, 'bootstrap': False, 'max_samples': 0.3951759914213761}. Best is trial 232 with value: 0.8412722171681117.[0m
[32m[I 2022-04-30 20:26:20,494][0m Trial 278 finished with value: 0.8380201322703883 and parameters: {'n_estimators': 174, 'min_samples_split': 0.22413348097300725, 'min_samples_leaf': 0.15954659501834745, 'min_weight_fraction_leaf': 0.14896396954588564, 'max_features': 0.8756086053797286, 'bootstrap': False, 'max_samples': 0.355203487757073}. Best is trial 232 with value: 0.8412722171681117.[0m
[32m[I 2022-04-30 20:26:55,240][0m Trial 279 finished with value: 0.7814382618646437 and parameters: {'n_estimators': 386, 'min_samples_split': 0.23561534466365744, 'min_samples_leaf': 0.1751170795573852, 'min_weight_fraction_leaf': 0.00045134703795247504, 'max_features': 0.01330782066295888, 'bootstrap': False, 'max_samples': 0.30386604006831774}. Best is trial 232 with value: 0.8412722171681117.[0m
[32m[I 2022-04-30 20:33:58,565][0m Trial 280 finished with value: 0.8384470877050345 and parameters: {'n_estimators': 117, 'min_samples_split': 0.260752278900648, 'min_samples_leaf': 0.1410044325503073, 'min_weight_fraction_leaf': 0.02406829833991514, 'max_features': 0.9211338146085146, 'bootstrap': False, 'max_samples': 0.4361075629394495}. Best is trial 232 with value: 0.8412722171681117.[0m
[32m[I 2022-04-30 20:45:34,950][0m Trial 281 finished with value: 0.8368518178978792 and parameters: {'n_estimators': 191, 'min_samples_split': 0.25505989015662195, 'min_samples_leaf': 0.12045716405918559, 'min_weight_fraction_leaf': 0.018187683833367663, 'max_features': 0.8567457487351329, 'bootstrap': False, 'max_samples': 0.8471705430659604}. Best is trial 232 with value: 0.8412722171681117.[0m
[32m[I 2022-04-30 20:53:37,042][0m Trial 282 finished with value: 0.8391718545297724 and parameters: {'n_estimators': 154, 'min_samples_split': 0.20351271623203937, 'min_samples_leaf': 0.14881635676302077, 'min_weight_fraction_leaf': 0.07254181054269739, 'max_features': 0.8279482259408367, 'bootstrap': False, 'max_samples': 0.40787301627449896}. Best is trial 232 with value: 0.8412722171681117.[0m
[32m[I 2022-04-30 21:03:02,855][0m Trial 283 finished with value: 0.839395896558926 and parameters: {'n_estimators': 162, 'min_samples_split': 0.2734466114294314, 'min_samples_leaf': 0.13321880387590748, 'min_weight_fraction_leaf': 0.03505489857091773, 'max_features': 0.8479558335205659, 'bootstrap': False, 'max_samples': 0.3320725981803225}. Best is trial 232 with value: 0.8412722171681117.[0m
[32m[I 2022-04-30 21:09:27,747][0m Trial 284 finished with value: 0.8379359078842011 and parameters: {'n_estimators': 127, 'min_samples_split': 0.24278357851684187, 'min_samples_leaf': 0.1649987436071106, 'min_weight_fraction_leaf': 0.09563344718118348, 'max_features': 0.8943999605710313, 'bootstrap': False, 'max_samples': 0.37384780687979313}. Best is trial 232 with value: 0.8412722171681117.[0m
[32m[I 2022-04-30 21:17:07,545][0m Trial 285 finished with value: 0.8314430140434415 and parameters: {'n_estimators': 148, 'min_samples_split': 0.22073095814500748, 'min_samples_leaf': 0.1540141244618215, 'min_weight_fraction_leaf': 0.1725112299335616, 'max_features': 0.8657898600409527, 'bootstrap': False, 'max_samples': 0.8172797362015204}. Best is trial 232 with value: 0.8412722171681117.[0m
[32m[I 2022-04-30 21:24:36,586][0m Trial 286 finished with value: 0.8393334826073472 and parameters: {'n_estimators': 137, 'min_samples_split': 0.1838256300956581, 'min_samples_leaf': 0.14068739366015193, 'min_weight_fraction_leaf': 6.770300195338766e-06, 'max_features': 0.8199309675290113, 'bootstrap': False, 'max_samples': 0.3445752183830955}. Best is trial 232 with value: 0.8412722171681117.[0m
[32m[I 2022-04-30 21:25:46,530][0m Trial 287 finished with value: 0.7776289646473101 and parameters: {'n_estimators': 182, 'min_samples_split': 0.284877678786121, 'min_samples_leaf': 0.19383852816320804, 'min_weight_fraction_leaf': 0.012867754041058308, 'max_features': 0.8421256310381995, 'bootstrap': True, 'max_samples': 0.862458474135809, 'oob_score': True}. Best is trial 232 with value: 0.8412722171681117.[0m
[32m[I 2022-04-30 21:33:07,380][0m Trial 288 finished with value: 0.8215572111978717 and parameters: {'n_estimators': 172, 'min_samples_split': 0.32194315096765436, 'min_samples_leaf': 0.17937240726202514, 'min_weight_fraction_leaf': 0.029524056795724653, 'max_features': 0.7958522192170413, 'bootstrap': False, 'max_samples': 0.6459380310186846}. Best is trial 232 with value: 0.8412722171681117.[0m
[32m[I 2022-04-30 21:41:25,865][0m Trial 289 finished with value: 0.8382043924284537 and parameters: {'n_estimators': 132, 'min_samples_split': 0.2661096601342006, 'min_samples_leaf': 0.1283223734548523, 'min_weight_fraction_leaf': 0.06072491733934834, 'max_features': 0.8811239718021897, 'bootstrap': False, 'max_samples': 0.41406144328803984}. Best is trial 232 with value: 0.8412722171681117.[0m
[32m[I 2022-04-30 21:51:45,160][0m Trial 290 finished with value: 0.8360480089161977 and parameters: {'n_estimators': 142, 'min_samples_split': 0.23524695398018788, 'min_samples_leaf': 0.10498621633320748, 'min_weight_fraction_leaf': 0.04415210186418106, 'max_features': 0.8544366508334734, 'bootstrap': False, 'max_samples': 0.45935814053167684}. Best is trial 232 with value: 0.8412722171681117.[0m
[32m[I 2022-04-30 21:57:42,738][0m Trial 291 finished with value: 0.7787297859679567 and parameters: {'n_estimators': 119, 'min_samples_split': 0.25074202987306615, 'min_samples_leaf': 0.15856868580549466, 'min_weight_fraction_leaf': 0.2621502774632113, 'max_features': 0.9100912711563077, 'bootstrap': False, 'max_samples': 0.3893203487125907}. Best is trial 232 with value: 0.8412722171681117.[0m
[32m[I 2022-04-30 22:06:31,958][0m Trial 292 finished with value: 0.8395313519041044 and parameters: {'n_estimators': 167, 'min_samples_split': 0.16546824763815665, 'min_samples_leaf': 0.1444227655296525, 'min_weight_fraction_leaf': 0.010718738604837973, 'max_features': 0.8341704845749727, 'bootstrap': False, 'max_samples': 0.4878512928352555}. Best is trial 232 with value: 0.8412722171681117.[0m
[32m[I 2022-04-30 22:07:33,880][0m Trial 293 finished with value: 0.806356109302607 and parameters: {'n_estimators': 196, 'min_samples_split': 0.2593504465299804, 'min_samples_leaf': 0.16896901777617637, 'min_weight_fraction_leaf': 0.08108147749766945, 'max_features': 0.08055020529699813, 'bootstrap': False, 'max_samples': 0.6191543988681191}. Best is trial 232 with value: 0.8412722171681117.[0m
[32m[I 2022-04-30 22:18:23,873][0m Trial 294 finished with value: 0.8400466627441148 and parameters: {'n_estimators': 187, 'min_samples_split': 0.27787568381382755, 'min_samples_leaf': 0.13745373317774282, 'min_weight_fraction_leaf': 0.13724112479279865, 'max_features': 0.8741208864948617, 'bootstrap': False, 'max_samples': 0.218763786712755}. Best is trial 232 with value: 0.8412722171681117.[0m
