[32m[I 2022-05-04 14:00:13,667][0m Trial 943 finished with value: 0.8352702250402638 and parameters: {'n_estimators': 155, 'min_samples_split': 0.010826636255355487, 'min_samples_leaf': 0.12006995632425121, 'min_weight_fraction_leaf': 0.05530375172321876, 'max_features': 0.8286059858167182, 'bootstrap': False, 'max_samples': 0.3428819641287394}. Best is trial 903 with value: 0.841484988947041.[0m
[32m[I 2022-05-04 14:09:17,546][0m Trial 944 finished with value: 0.8374831425814776 and parameters: {'n_estimators': 146, 'min_samples_split': 0.3062511666257723, 'min_samples_leaf': 0.13329178435598388, 'min_weight_fraction_leaf': 0.0803911052533908, 'max_features': 0.9003956272993899, 'bootstrap': False, 'max_samples': 0.3220363759834015}. Best is trial 903 with value: 0.841484988947041.[0m
[32m[I 2022-05-04 14:18:04,431][0m Trial 945 finished with value: 0.8382664895520012 and parameters: {'n_estimators': 137, 'min_samples_split': 0.29049273085808913, 'min_samples_leaf': 0.12277451428277711, 'min_weight_fraction_leaf': 0.030788030543733455, 'max_features': 0.8756420477980432, 'bootstrap': False, 'max_samples': 0.34843527168786464}. Best is trial 903 with value: 0.841484988947041.[0m
[32m[I 2022-05-04 14:18:17,038][0m Trial 946 finished with value: 0.7285265036309904 and parameters: {'n_estimators': 143, 'min_samples_split': 0.028571621990377365, 'min_samples_leaf': 0.13746112007515257, 'min_weight_fraction_leaf': 0.12590664669559826, 'max_features': 0.8030296136539739, 'bootstrap': True, 'max_samples': 0.3387253418130594, 'oob_score': True}. Best is trial 903 with value: 0.841484988947041.[0m
[32m[I 2022-05-04 14:28:08,404][0m Trial 947 finished with value: 0.8369276156946727 and parameters: {'n_estimators': 163, 'min_samples_split': 0.00139584145437565, 'min_samples_leaf': 0.12594178168158285, 'min_weight_fraction_leaf': 0.05833274723046683, 'max_features': 0.8513357741350589, 'bootstrap': False, 'max_samples': 0.35553633212315605}. Best is trial 903 with value: 0.841484988947041.[0m
[32m[I 2022-05-04 14:35:10,004][0m Trial 948 finished with value: 0.8392298105940309 and parameters: {'n_estimators': 133, 'min_samples_split': 0.035425254966841055, 'min_samples_leaf': 0.1478101261300241, 'min_weight_fraction_leaf': 0.04382340113418954, 'max_features': 0.8308407613793173, 'bootstrap': False, 'max_samples': 0.3155922071487817}. Best is trial 903 with value: 0.841484988947041.[0m
[32m[I 2022-05-04 14:42:40,378][0m Trial 949 finished with value: 0.8329192365960975 and parameters: {'n_estimators': 149, 'min_samples_split': 0.03064124209769125, 'min_samples_leaf': 0.11248837010993282, 'min_weight_fraction_leaf': 0.06702889142519934, 'max_features': 0.5978622949403355, 'bootstrap': False, 'max_samples': 0.3535700620291125}. Best is trial 903 with value: 0.841484988947041.[0m
[32m[I 2022-05-04 14:56:57,950][0m Trial 950 finished with value: 0.8333364881451079 and parameters: {'n_estimators': 225, 'min_samples_split': 0.046977179169705514, 'min_samples_leaf': 0.1366646472193606, 'min_weight_fraction_leaf': 0.03499586161556066, 'max_features': 0.979369855599366, 'bootstrap': False, 'max_samples': 0.3651567203867616}. Best is trial 903 with value: 0.841484988947041.[0m
[32m[I 2022-05-04 14:58:02,455][0m Trial 951 finished with value: 0.8077196159594309 and parameters: {'n_estimators': 138, 'min_samples_split': 0.04023558215646757, 'min_samples_leaf': 0.156996582301984, 'min_weight_fraction_leaf': 0.023756446496547276, 'max_features': 0.11044595734161294, 'bootstrap': False, 'max_samples': 0.2893457366987683}. Best is trial 903 with value: 0.841484988947041.[0m
[32m[I 2022-05-04 15:15:39,036][0m Trial 952 finished with value: 0.8387862694468746 and parameters: {'n_estimators': 238, 'min_samples_split': 0.020258449573485285, 'min_samples_leaf': 0.10329016001803396, 'min_weight_fraction_leaf': 0.048690713318674105, 'max_features': 0.8725451692132998, 'bootstrap': False, 'max_samples': 0.330369188472862}. Best is trial 903 with value: 0.841484988947041.[0m
[32m[I 2022-05-04 15:23:41,935][0m Trial 953 finished with value: 0.8395764969266614 and parameters: {'n_estimators': 133, 'min_samples_split': 0.036525446438848974, 'min_samples_leaf': 0.12918011896169176, 'min_weight_fraction_leaf': 0.025458932924239376, 'max_features': 0.8518677247164886, 'bootstrap': False, 'max_samples': 0.3703743848917174}. Best is trial 903 with value: 0.841484988947041.[0m
[32m[I 2022-05-04 15:30:33,228][0m Trial 954 finished with value: 0.8392966978166031 and parameters: {'n_estimators': 126, 'min_samples_split': 0.04037596538714126, 'min_samples_leaf': 0.14453264731189072, 'min_weight_fraction_leaf': 0.03911448145422683, 'max_features': 0.8194266928924243, 'bootstrap': False, 'max_samples': 0.11035633326471792}. Best is trial 903 with value: 0.841484988947041.[0m
[32m[I 2022-05-04 15:38:04,963][0m Trial 955 finished with value: 0.8382808196386231 and parameters: {'n_estimators': 143, 'min_samples_split': 0.02935188844219791, 'min_samples_leaf': 0.16399659075294942, 'min_weight_fraction_leaf': 0.024009769159817135, 'max_features': 0.8854351232704843, 'bootstrap': False, 'max_samples': 0.3365429915695762}. Best is trial 903 with value: 0.841484988947041.[0m
[32m[I 2022-05-04 15:44:57,588][0m Trial 956 finished with value: 0.8409992334652474 and parameters: {'n_estimators': 121, 'min_samples_split': 0.05266496602570364, 'min_samples_leaf': 0.13827371851133008, 'min_weight_fraction_leaf': 0.026983105245425555, 'max_features': 0.8389319801494495, 'bootstrap': False, 'max_samples': 0.3752130837501385}. Best is trial 903 with value: 0.841484988947041.[0m
[32m[I 2022-05-04 15:52:16,481][0m Trial 957 finished with value: 0.8353046230723956 and parameters: {'n_estimators': 120, 'min_samples_split': 0.053767445321686466, 'min_samples_leaf': 0.11970723638957168, 'min_weight_fraction_leaf': 0.03965855761477227, 'max_features': 0.7995753449201467, 'bootstrap': False, 'max_samples': 0.3643795944507037}. Best is trial 903 with value: 0.841484988947041.[0m
[32m[I 2022-05-04 15:59:07,871][0m Trial 958 finished with value: 0.8403353023908435 and parameters: {'n_estimators': 120, 'min_samples_split': 0.04728831066692857, 'min_samples_leaf': 0.13544709273112804, 'min_weight_fraction_leaf': 0.05387362395971441, 'max_features': 0.8320291053883905, 'bootstrap': False, 'max_samples': 0.3789884487507917}. Best is trial 903 with value: 0.841484988947041.[0m
[32m[I 2022-05-04 16:08:10,868][0m Trial 959 finished with value: 0.8239689345006201 and parameters: {'n_estimators': 122, 'min_samples_split': 0.04599817515814891, 'min_samples_leaf': 0.09320915006716338, 'min_weight_fraction_leaf': 0.04667819832685988, 'max_features': 0.8116797713117389, 'bootstrap': False, 'max_samples': 0.35518145787869676}. Best is trial 903 with value: 0.841484988947041.[0m
[32m[I 2022-05-04 16:13:48,243][0m Trial 960 finished with value: 0.8380193785551935 and parameters: {'n_estimators': 119, 'min_samples_split': 0.054954043619546714, 'min_samples_leaf': 0.1484038446122253, 'min_weight_fraction_leaf': 0.033309988319431, 'max_features': 0.7131783720286794, 'bootstrap': False, 'max_samples': 0.3119415910875112}. Best is trial 903 with value: 0.841484988947041.[0m
[32m[I 2022-05-04 16:21:02,624][0m Trial 961 finished with value: 0.8367461252775904 and parameters: {'n_estimators': 126, 'min_samples_split': 0.035930109780929795, 'min_samples_leaf': 0.12623983425738688, 'min_weight_fraction_leaf': 0.06517439753755212, 'max_features': 0.7875822987873609, 'bootstrap': False, 'max_samples': 0.34883674724304925}. Best is trial 903 with value: 0.841484988947041.[0m
[32m[I 2022-05-04 16:28:13,877][0m Trial 962 finished with value: 0.840538906958759 and parameters: {'n_estimators': 125, 'min_samples_split': 0.0202308923842865, 'min_samples_leaf': 0.14019455264250585, 'min_weight_fraction_leaf': 0.031427411404825314, 'max_features': 0.8391306663509146, 'bootstrap': False, 'max_samples': 0.3755967205468674}. Best is trial 903 with value: 0.841484988947041.[0m
[32m[I 2022-05-04 16:29:22,730][0m Trial 963 finished with value: 0.7349235761313706 and parameters: {'n_estimators': 116, 'min_samples_split': 0.026229369708648344, 'min_samples_leaf': 0.4002398566148281, 'min_weight_fraction_leaf': 0.0492383415399845, 'max_features': 0.8622323089340652, 'bootstrap': False, 'max_samples': 0.38631226779196853}. Best is trial 903 with value: 0.841484988947041.[0m
[32m[I 2022-05-04 16:35:27,634][0m Trial 964 finished with value: 0.8390994483070895 and parameters: {'n_estimators': 121, 'min_samples_split': 0.021200231318445478, 'min_samples_leaf': 0.15938676158844006, 'min_weight_fraction_leaf': 0.04014393050118612, 'max_features': 0.8430779790163548, 'bootstrap': False, 'max_samples': 0.3704616883603658}. Best is trial 903 with value: 0.841484988947041.[0m
[32m[I 2022-05-04 16:41:51,819][0m Trial 965 finished with value: 0.8400685927175932 and parameters: {'n_estimators': 114, 'min_samples_split': 0.028729600087228913, 'min_samples_leaf': 0.14736171331806935, 'min_weight_fraction_leaf': 0.055425336643705275, 'max_features': 0.8637452731333765, 'bootstrap': False, 'max_samples': 0.38293046550351173}. Best is trial 903 with value: 0.841484988947041.[0m
[32m[I 2022-05-04 16:48:15,466][0m Trial 966 finished with value: 0.8395473154560756 and parameters: {'n_estimators': 124, 'min_samples_split': 0.01607800980336527, 'min_samples_leaf': 0.15357004604382316, 'min_weight_fraction_leaf': 0.03393447268015005, 'max_features': 0.8383245026702169, 'bootstrap': False, 'max_samples': 0.3312729055824727}. Best is trial 903 with value: 0.841484988947041.[0m
[32m[I 2022-05-04 16:48:30,340][0m Trial 967 finished with value: 0.7186317495231295 and parameters: {'n_estimators': 120, 'min_samples_split': 0.017582103360102297, 'min_samples_leaf': 0.14002095826444774, 'min_weight_fraction_leaf': 0.045842837547456064, 'max_features': 0.9060276165134624, 'bootstrap': True, 'max_samples': 0.3803048384024443, 'oob_score': True}. Best is trial 903 with value: 0.841484988947041.[0m
[32m[I 2022-05-04 16:54:46,926][0m Trial 968 finished with value: 0.8390931713528949 and parameters: {'n_estimators': 125, 'min_samples_split': 0.005104451258388189, 'min_samples_leaf': 0.1663255431673245, 'min_weight_fraction_leaf': 0.03201462113428216, 'max_features': 0.877578013438556, 'bootstrap': False, 'max_samples': 0.34977655915688505}. Best is trial 903 with value: 0.841484988947041.[0m
[32m[I 2022-05-04 17:01:32,701][0m Trial 969 finished with value: 0.8397423709924279 and parameters: {'n_estimators': 111, 'min_samples_split': 0.021033336637850793, 'min_samples_leaf': 0.12846212475708121, 'min_weight_fraction_leaf': 0.04177025341312352, 'max_features': 0.8507267684551886, 'bootstrap': False, 'max_samples': 0.35828545147961816}. Best is trial 903 with value: 0.841484988947041.[0m
[32m[I 2022-05-04 17:08:04,778][0m Trial 970 finished with value: 0.8388886501018987 and parameters: {'n_estimators': 117, 'min_samples_split': 0.04332063591939933, 'min_samples_leaf': 0.14157551753793549, 'min_weight_fraction_leaf': 0.02890681188292488, 'max_features': 0.8304231011822357, 'bootstrap': False, 'max_samples': 0.3884485223969516}. Best is trial 903 with value: 0.841484988947041.[0m
[32m[I 2022-05-04 17:16:15,086][0m Trial 971 finished with value: 0.8356981917264271 and parameters: {'n_estimators': 129, 'min_samples_split': 0.008761756184529585, 'min_samples_leaf': 0.11816936011266535, 'min_weight_fraction_leaf': 0.05888779723716167, 'max_features': 0.8604488600219253, 'bootstrap': False, 'max_samples': 0.3663761349886052}. Best is trial 903 with value: 0.841484988947041.[0m
[32m[I 2022-05-04 17:23:15,289][0m Trial 972 finished with value: 0.8380734299882422 and parameters: {'n_estimators': 125, 'min_samples_split': 0.036940079528428565, 'min_samples_leaf': 0.15018042058940248, 'min_weight_fraction_leaf': 0.038133837807241625, 'max_features': 0.8851777224222752, 'bootstrap': False, 'max_samples': 0.3346663764197625}. Best is trial 903 with value: 0.841484988947041.[0m
[32m[I 2022-05-04 17:28:56,155][0m Trial 973 finished with value: 0.8219861615275823 and parameters: {'n_estimators': 128, 'min_samples_split': 0.0497040996479827, 'min_samples_leaf': 0.17852169872356943, 'min_weight_fraction_leaf': 0.029502742160438262, 'max_features': 0.8391148927302309, 'bootstrap': False, 'max_samples': 0.3889486202706795}. Best is trial 903 with value: 0.841484988947041.[0m
[32m[I 2022-05-04 17:35:49,808][0m Trial 974 finished with value: 0.8386401870434993 and parameters: {'n_estimators': 120, 'min_samples_split': 0.009069143584097682, 'min_samples_leaf': 0.132886202644824, 'min_weight_fraction_leaf': 0.050333840186820904, 'max_features': 0.8166572615667492, 'bootstrap': False, 'max_samples': 0.34747462897959525}. Best is trial 903 with value: 0.841484988947041.[0m
[32m[I 2022-05-04 17:37:46,150][0m Trial 975 finished with value: 0.7452772902391147 and parameters: {'n_estimators': 114, 'min_samples_split': 0.0336880831919501, 'min_samples_leaf': 0.34108035898991684, 'min_weight_fraction_leaf': 0.0766584819969856, 'max_features': 0.9226067894914339, 'bootstrap': False, 'max_samples': 0.3151204560424106}. Best is trial 903 with value: 0.841484988947041.[0m
[32m[I 2022-05-04 18:13:20,741][0m Trial 976 finished with value: 0.8381847391133069 and parameters: {'n_estimators': 638, 'min_samples_split': 0.028854441969008972, 'min_samples_leaf': 0.1402538834216364, 'min_weight_fraction_leaf': 0.029365266018507474, 'max_features': 0.8690004260244517, 'bootstrap': False, 'max_samples': 0.37078636165958057}. Best is trial 903 with value: 0.841484988947041.[0m
[32m[I 2022-05-04 18:19:48,169][0m Trial 977 finished with value: 0.8390656301772829 and parameters: {'n_estimators': 130, 'min_samples_split': 0.016825710523785738, 'min_samples_leaf': 0.15846098983749096, 'min_weight_fraction_leaf': 0.06728402908960066, 'max_features': 0.8462248048183417, 'bootstrap': False, 'max_samples': 0.3339155975911126}. Best is trial 903 with value: 0.841484988947041.[0m
[32m[I 2022-05-04 18:27:50,023][0m Trial 978 finished with value: 0.8359876233734473 and parameters: {'n_estimators': 122, 'min_samples_split': 0.04380468258406937, 'min_samples_leaf': 0.12445070699949864, 'min_weight_fraction_leaf': 0.044795304538568295, 'max_features': 0.8873778384086495, 'bootstrap': False, 'max_samples': 0.35951481205496216}. Best is trial 903 with value: 0.841484988947041.[0m
[32m[I 2022-05-04 18:36:23,409][0m Trial 979 finished with value: 0.8356772961047128 and parameters: {'n_estimators': 130, 'min_samples_split': 0.02278808762524347, 'min_samples_leaf': 0.11175665184801924, 'min_weight_fraction_leaf': 0.024254423684469176, 'max_features': 0.8233160383417096, 'bootstrap': False, 'max_samples': 0.39115003575548196}. Best is trial 903 with value: 0.841484988947041.[0m
[32m[I 2022-05-04 18:42:57,492][0m Trial 980 finished with value: 0.8392865664819146 and parameters: {'n_estimators': 119, 'min_samples_split': 0.05744823655248829, 'min_samples_leaf': 0.14987891518633378, 'min_weight_fraction_leaf': 0.03656963242190017, 'max_features': 0.8626302822344659, 'bootstrap': False, 'max_samples': 0.3991784972564108}. Best is trial 903 with value: 0.841484988947041.[0m
[32m[I 2022-05-04 18:50:02,498][0m Trial 981 finished with value: 0.8410980335702224 and parameters: {'n_estimators': 124, 'min_samples_split': 0.03553299814245012, 'min_samples_leaf': 0.1373260884768497, 'min_weight_fraction_leaf': 0.11314976021669021, 'max_features': 0.8407208181528669, 'bootstrap': False, 'max_samples': 0.36801042750912233}. Best is trial 903 with value: 0.841484988947041.[0m
[32m[I 2022-05-04 18:57:07,967][0m Trial 982 finished with value: 0.8391088539779797 and parameters: {'n_estimators': 111, 'min_samples_split': 0.04149153851136306, 'min_samples_leaf': 0.128787995519206, 'min_weight_fraction_leaf': 0.11757363870945625, 'max_features': 0.8928235816858444, 'bootstrap': False, 'max_samples': 0.30005552829038495}. Best is trial 903 with value: 0.841484988947041.[0m
[32m[I 2022-05-04 19:05:35,097][0m Trial 983 finished with value: 0.8358245341290008 and parameters: {'n_estimators': 132, 'min_samples_split': 0.050851720800826096, 'min_samples_leaf': 0.11860731990893553, 'min_weight_fraction_leaf': 0.12079439262533774, 'max_features': 0.8561465659901122, 'bootstrap': False, 'max_samples': 0.3457169105608548}. Best is trial 903 with value: 0.841484988947041.[0m
[32m[I 2022-05-04 19:12:28,382][0m Trial 984 finished with value: 0.8386903363673814 and parameters: {'n_estimators': 118, 'min_samples_split': 0.05804585931594944, 'min_samples_leaf': 0.13350196555303004, 'min_weight_fraction_leaf': 0.10925228629971198, 'max_features': 0.8164812967599101, 'bootstrap': False, 'max_samples': 0.3176524979455464}. Best is trial 903 with value: 0.841484988947041.[0m
[32m[I 2022-05-04 19:12:42,077][0m Trial 985 finished with value: 0.7632812185090343 and parameters: {'n_estimators': 124, 'min_samples_split': 0.03789512259711252, 'min_samples_leaf': 0.10483826691678089, 'min_weight_fraction_leaf': 0.10309142160400322, 'max_features': 0.8733303075315265, 'bootstrap': True, 'max_samples': 0.3579961665542985, 'oob_score': False}. Best is trial 903 with value: 0.841484988947041.[0m
[32m[I 2022-05-04 19:20:09,349][0m Trial 986 finished with value: 0.8405388081503196 and parameters: {'n_estimators': 132, 'min_samples_split': 0.0525496693566284, 'min_samples_leaf': 0.14237082009425833, 'min_weight_fraction_leaf': 0.14463206745601226, 'max_features': 0.8417522274629655, 'bootstrap': False, 'max_samples': 0.33100226352190837}. Best is trial 903 with value: 0.841484988947041.[0m
[32m[I 2022-05-04 19:27:02,212][0m Trial 987 finished with value: 0.8366579895238845 and parameters: {'n_estimators': 127, 'min_samples_split': 0.3277877834546801, 'min_samples_leaf': 0.1547458778766642, 'min_weight_fraction_leaf': 0.06647304974650642, 'max_features': 0.900867666978657, 'bootstrap': False, 'max_samples': 0.3717295224970026}. Best is trial 903 with value: 0.841484988947041.[0m
[32m[I 2022-05-04 19:33:34,698][0m Trial 988 finished with value: 0.8386436441340333 and parameters: {'n_estimators': 108, 'min_samples_split': 0.04219084278384922, 'min_samples_leaf': 0.12621504010372045, 'min_weight_fraction_leaf': 0.13370867284602933, 'max_features': 0.8258035042155394, 'bootstrap': False, 'max_samples': 0.39925208978198395}. Best is trial 903 with value: 0.841484988947041.[0m
[32m[I 2022-05-04 19:40:07,176][0m Trial 989 finished with value: 0.8410900463234618 and parameters: {'n_estimators': 115, 'min_samples_split': 0.06091214992234048, 'min_samples_leaf': 0.13594122492044086, 'min_weight_fraction_leaf': 0.08291191090388784, 'max_features': 0.8561815557130117, 'bootstrap': False, 'max_samples': 0.34490751946722414}. Best is trial 903 with value: 0.841484988947041.[0m
[32m[I 2022-05-04 19:45:22,629][0m Trial 990 finished with value: 0.8388728338850001 and parameters: {'n_estimators': 105, 'min_samples_split': 0.06707672991104065, 'min_samples_leaf': 0.16778230155079657, 'min_weight_fraction_leaf': 0.08908229968216869, 'max_features': 0.8764285764357401, 'bootstrap': False, 'max_samples': 0.28216970949613673}. Best is trial 903 with value: 0.841484988947041.[0m
[32m[I 2022-05-04 19:53:02,661][0m Trial 991 finished with value: 0.8362614930141195 and parameters: {'n_estimators': 111, 'min_samples_split': 0.0645473746042633, 'min_samples_leaf': 0.1160993290538751, 'min_weight_fraction_leaf': 0.09665454331197498, 'max_features': 0.9295427401958837, 'bootstrap': False, 'max_samples': 0.32402936343504135}. Best is trial 903 with value: 0.841484988947041.[0m
[32m[I 2022-05-04 19:59:27,901][0m Trial 992 finished with value: 0.8375463288697007 and parameters: {'n_estimators': 111, 'min_samples_split': 0.056885657371985955, 'min_samples_leaf': 0.14672455116477567, 'min_weight_fraction_leaf': 0.08386637162462021, 'max_features': 0.8978407731343194, 'bootstrap': False, 'max_samples': 0.3009304629002145}. Best is trial 903 with value: 0.841484988947041.[0m
[32m[I 2022-05-04 20:06:21,845][0m Trial 993 finished with value: 0.8395139825796459 and parameters: {'n_estimators': 116, 'min_samples_split': 0.04395945313491508, 'min_samples_leaf': 0.1333820774454015, 'min_weight_fraction_leaf': 0.06577274666169224, 'max_features': 0.8571628772626514, 'bootstrap': False, 'max_samples': 0.3401411274388161}. Best is trial 903 with value: 0.841484988947041.[0m
[32m[I 2022-05-04 20:12:35,312][0m Trial 994 finished with value: 0.8386275778993681 and parameters: {'n_estimators': 117, 'min_samples_split': 0.06850086473296413, 'min_samples_leaf': 0.15517598712668043, 'min_weight_fraction_leaf': 0.09070235965175287, 'max_features': 0.8773758291827078, 'bootstrap': False, 'max_samples': 0.3501464574724824}. Best is trial 903 with value: 0.841484988947041.[0m
[32m[I 2022-05-04 20:14:41,643][0m Trial 995 finished with value: 0.7787058586046284 and parameters: {'n_estimators': 107, 'min_samples_split': 0.05378647912902902, 'min_samples_leaf': 0.3156266054043653, 'min_weight_fraction_leaf': 0.08448995546424502, 'max_features': 0.8585423901406494, 'bootstrap': False, 'max_samples': 0.3578847145696177}. Best is trial 903 with value: 0.841484988947041.[0m
[32m[I 2022-05-04 20:22:13,683][0m Trial 996 finished with value: 0.8359383013485809 and parameters: {'n_estimators': 114, 'min_samples_split': 0.04975560359702693, 'min_samples_leaf': 0.12401845389927063, 'min_weight_fraction_leaf': 0.10109582679399584, 'max_features': 0.9034225937225216, 'bootstrap': False, 'max_samples': 0.3138085256505409}. Best is trial 903 with value: 0.841484988947041.[0m
