[32m[I 2022-04-25 21:27:51,018][0m Trial 486 finished with value: 0.9184558368406528 and parameters: {'n_estimators': 132, 'min_samples_split': 0.2056951525410083, 'min_samples_leaf': 0.12596134496884706, 'min_weight_fraction_leaf': 0.01939370877644764, 'max_features': 0.8576645130685575, 'bootstrap': False, 'max_samples': 0.4401298838318318}. Best is trial 272 with value: 0.9207214438111938.[0m
[32m[I 2022-04-25 21:30:32,296][0m Trial 487 finished with value: 0.9106258517848289 and parameters: {'n_estimators': 127, 'min_samples_split': 0.23910089644752117, 'min_samples_leaf': 0.14659390611136597, 'min_weight_fraction_leaf': 0.028509271928874553, 'max_features': 0.2626162536894576, 'bootstrap': False, 'max_samples': 0.4734525261214963}. Best is trial 272 with value: 0.9207214438111938.[0m
[32m[I 2022-04-25 21:39:06,200][0m Trial 488 finished with value: 0.9193218569171238 and parameters: {'n_estimators': 146, 'min_samples_split': 0.21396872451082113, 'min_samples_leaf': 0.13239670002670081, 'min_weight_fraction_leaf': 0.04443712930971538, 'max_features': 0.8326213656952001, 'bootstrap': False, 'max_samples': 0.4474041566242741}. Best is trial 272 with value: 0.9207214438111938.[0m
[32m[I 2022-04-25 21:43:25,805][0m Trial 489 finished with value: 0.9013225104040401 and parameters: {'n_estimators': 138, 'min_samples_split': 0.19773287913985943, 'min_samples_leaf': 0.24895076402395408, 'min_weight_fraction_leaf': 0.0159872601342752, 'max_features': 0.881692311573619, 'bootstrap': False, 'max_samples': 0.741929814221445}. Best is trial 272 with value: 0.9207214438111938.[0m
[32m[I 2022-04-25 21:53:51,173][0m Trial 490 finished with value: 0.9188167020648826 and parameters: {'n_estimators': 156, 'min_samples_split': 0.22156411803148449, 'min_samples_leaf': 0.11389579529642913, 'min_weight_fraction_leaf': 0.00038272754817553884, 'max_features': 0.8554397783234273, 'bootstrap': False, 'max_samples': 0.6267182461302504}. Best is trial 272 with value: 0.9207214438111938.[0m
[32m[I 2022-04-25 22:00:23,190][0m Trial 491 finished with value: 0.9197819027209174 and parameters: {'n_estimators': 123, 'min_samples_split': 0.26678240428459377, 'min_samples_leaf': 0.14209271368667561, 'min_weight_fraction_leaf': 0.008343287803260213, 'max_features': 0.7863431386206421, 'bootstrap': False, 'max_samples': 0.7977898008995788}. Best is trial 272 with value: 0.9207214438111938.[0m
[32m[I 2022-04-25 22:06:44,834][0m Trial 492 finished with value: 0.9095950142722661 and parameters: {'n_estimators': 131, 'min_samples_split': 0.2112324020269301, 'min_samples_leaf': 0.15155759871864039, 'min_weight_fraction_leaf': 0.18687931065220628, 'max_features': 0.7710604167645019, 'bootstrap': False, 'max_samples': 0.7855911330314508}. Best is trial 272 with value: 0.9207214438111938.[0m
[32m[I 2022-04-25 22:15:17,287][0m Trial 493 finished with value: 0.9199675643405824 and parameters: {'n_estimators': 147, 'min_samples_split': 0.25573672898624766, 'min_samples_leaf': 0.12814035265635879, 'min_weight_fraction_leaf': 0.03319908027656102, 'max_features': 0.8130629426349782, 'bootstrap': False, 'max_samples': 0.5213982201745716}. Best is trial 272 with value: 0.9207214438111938.[0m
[32m[I 2022-04-25 22:23:15,415][0m Trial 494 finished with value: 0.9205449740654739 and parameters: {'n_estimators': 140, 'min_samples_split': 0.23347621998024978, 'min_samples_leaf': 0.1387403149677084, 'min_weight_fraction_leaf': 0.0585254684911855, 'max_features': 0.8372800991664957, 'bootstrap': False, 'max_samples': 0.48963086551846985}. Best is trial 272 with value: 0.9207214438111938.[0m
[32m[I 2022-04-25 22:31:25,604][0m Trial 495 finished with value: 0.9200785151131408 and parameters: {'n_estimators': 142, 'min_samples_split': 0.23480681904303846, 'min_samples_leaf': 0.13633541536524546, 'min_weight_fraction_leaf': 0.05718193561790242, 'max_features': 0.828987345327836, 'bootstrap': False, 'max_samples': 0.5138568499015485}. Best is trial 272 with value: 0.9207214438111938.[0m
[32m[I 2022-04-25 22:39:27,068][0m Trial 496 finished with value: 0.9178988849157396 and parameters: {'n_estimators': 115, 'min_samples_split': 0.23246322232555616, 'min_samples_leaf': 0.10508195256076208, 'min_weight_fraction_leaf': 0.05200959381408608, 'max_features': 0.8023987991663577, 'bootstrap': False, 'max_samples': 0.49396378391717705}. Best is trial 272 with value: 0.9207214438111938.[0m
[32m[I 2022-04-25 22:39:55,241][0m Trial 497 finished with value: 0.8925211002367408 and parameters: {'n_estimators': 137, 'min_samples_split': 0.25120661203427486, 'min_samples_leaf': 0.12169638281896403, 'min_weight_fraction_leaf': 0.06399238253885804, 'max_features': 0.8396085550625674, 'bootstrap': True, 'max_samples': 0.48457415421111233, 'oob_score': False}. Best is trial 272 with value: 0.9207214438111938.[0m
[32m[I 2022-04-25 22:47:55,208][0m Trial 498 finished with value: 0.9194235778033185 and parameters: {'n_estimators': 159, 'min_samples_split': 0.24248107343557426, 'min_samples_leaf': 0.1420842942148452, 'min_weight_fraction_leaf': 0.04669252799811798, 'max_features': 0.7522558320221782, 'bootstrap': False, 'max_samples': 0.5597435088263221}. Best is trial 272 with value: 0.9207214438111938.[0m
[32m[I 2022-04-25 22:56:36,103][0m Trial 499 finished with value: 0.9196568619071614 and parameters: {'n_estimators': 143, 'min_samples_split': 0.23200824181593646, 'min_samples_leaf': 0.1283010828568278, 'min_weight_fraction_leaf': 0.04281372264334002, 'max_features': 0.819634389782756, 'bootstrap': False, 'max_samples': 0.4644336224044703}. Best is trial 272 with value: 0.9207214438111938.[0m
[32m[I 2022-04-25 23:03:03,359][0m Trial 500 finished with value: 0.9196278331882712 and parameters: {'n_estimators': 130, 'min_samples_split': 0.20862336500155765, 'min_samples_leaf': 0.14966315987025786, 'min_weight_fraction_leaf': 0.034368195226292864, 'max_features': 0.7791430188953525, 'bootstrap': False, 'max_samples': 0.486399890582375}. Best is trial 272 with value: 0.9207214438111938.[0m
[32m[I 2022-04-25 23:10:48,609][0m Trial 501 finished with value: 0.9202692767487264 and parameters: {'n_estimators': 139, 'min_samples_split': 0.2250959619366899, 'min_samples_leaf': 0.14193382527170897, 'min_weight_fraction_leaf': 0.05845954456619435, 'max_features': 0.8451184395932734, 'bootstrap': False, 'max_samples': 0.5250924903523629}. Best is trial 272 with value: 0.9207214438111938.[0m
[32m[I 2022-04-25 23:11:53,013][0m Trial 502 finished with value: 0.8588185984695744 and parameters: {'n_estimators': 152, 'min_samples_split': 0.2263644587143586, 'min_samples_leaf': 0.428804628902522, 'min_weight_fraction_leaf': 0.06151171902242128, 'max_features': 0.8541316152150565, 'bootstrap': False, 'max_samples': 0.5392903460180263}. Best is trial 272 with value: 0.9207214438111938.[0m
[32m[I 2022-04-25 23:19:38,538][0m Trial 503 finished with value: 0.919983173779946 and parameters: {'n_estimators': 138, 'min_samples_split': 0.21956383443081323, 'min_samples_leaf': 0.13739568574754338, 'min_weight_fraction_leaf': 0.06088782660312292, 'max_features': 0.8334329442074225, 'bootstrap': False, 'max_samples': 0.5317812174118083}. Best is trial 272 with value: 0.9207214438111938.[0m
[32m[I 2022-04-25 23:25:49,923][0m Trial 504 finished with value: 0.9192148505165422 and parameters: {'n_estimators': 121, 'min_samples_split': 0.2200156397362492, 'min_samples_leaf': 0.15367105801712558, 'min_weight_fraction_leaf': 0.053411404690609655, 'max_features': 0.8085634102831832, 'bootstrap': False, 'max_samples': 0.5039421273290239}. Best is trial 272 with value: 0.9207214438111938.[0m
[32m[I 2022-04-25 23:35:02,919][0m Trial 505 finished with value: 0.918377570757315 and parameters: {'n_estimators': 149, 'min_samples_split': 0.19832689836247971, 'min_samples_leaf': 0.12630928368831257, 'min_weight_fraction_leaf': 0.05356320078764992, 'max_features': 0.8654444256475259, 'bootstrap': False, 'max_samples': 0.51293833898624}. Best is trial 272 with value: 0.9207214438111938.[0m
[32m[I 2022-04-25 23:42:31,117][0m Trial 506 finished with value: 0.9202523806322696 and parameters: {'n_estimators': 131, 'min_samples_split': 0.23875015398867314, 'min_samples_leaf': 0.14340018300321564, 'min_weight_fraction_leaf': 0.04771317450510962, 'max_features': 0.8424569917874957, 'bootstrap': False, 'max_samples': 0.4778539730779043}. Best is trial 272 with value: 0.9207214438111938.[0m
[32m[I 2022-04-25 23:50:10,359][0m Trial 507 finished with value: 0.919819623426527 and parameters: {'n_estimators': 142, 'min_samples_split': 0.23566161650828873, 'min_samples_leaf': 0.15106511951807403, 'min_weight_fraction_leaf': 0.03997248509406386, 'max_features': 0.85627609586975, 'bootstrap': False, 'max_samples': 0.4569997893297045}. Best is trial 272 with value: 0.9207214438111938.[0m
[32m[I 2022-04-25 23:57:51,017][0m Trial 508 finished with value: 0.9203191442706569 and parameters: {'n_estimators': 139, 'min_samples_split': 0.2575298358035096, 'min_samples_leaf': 0.1437637499345068, 'min_weight_fraction_leaf': 0.07125119886898243, 'max_features': 0.8378866187181493, 'bootstrap': False, 'max_samples': 0.47193911570847685}. Best is trial 272 with value: 0.9207214438111938.[0m
[32m[I 2022-04-26 00:06:19,956][0m Trial 509 finished with value: 0.9191580580343753 and parameters: {'n_estimators': 138, 'min_samples_split': 0.2634462762395334, 'min_samples_leaf': 0.12129828427222647, 'min_weight_fraction_leaf': 0.06586193227165638, 'max_features': 0.8344895850298096, 'bootstrap': False, 'max_samples': 0.4760013516686221}. Best is trial 272 with value: 0.9207214438111938.[0m
[32m[I 2022-04-26 00:15:01,122][0m Trial 510 finished with value: 0.9196785140269153 and parameters: {'n_estimators': 127, 'min_samples_split': 0.2719289654603368, 'min_samples_leaf': 0.11360501906977273, 'min_weight_fraction_leaf': 0.05013056470980376, 'max_features': 0.8718484040305958, 'bootstrap': False, 'max_samples': 0.4384602298762265}. Best is trial 272 with value: 0.9207214438111938.[0m
[32m[I 2022-04-26 00:24:14,345][0m Trial 511 finished with value: 0.9189537868731114 and parameters: {'n_estimators': 147, 'min_samples_split': 0.25297327380090456, 'min_samples_leaf': 0.13239612049029004, 'min_weight_fraction_leaf': 0.0897449176837172, 'max_features': 0.8923689892804266, 'bootstrap': False, 'max_samples': 0.46373284496816936}. Best is trial 272 with value: 0.9207214438111938.[0m
[32m[I 2022-04-26 00:31:47,533][0m Trial 512 finished with value: 0.9195724511457716 and parameters: {'n_estimators': 137, 'min_samples_split': 0.24630116668657048, 'min_samples_leaf': 0.1420091124896866, 'min_weight_fraction_leaf': 0.0643909028663651, 'max_features': 0.8258283513126099, 'bootstrap': False, 'max_samples': 0.4979632097372625}. Best is trial 272 with value: 0.9207214438111938.[0m
[32m[I 2022-04-26 00:38:53,391][0m Trial 513 finished with value: 0.9196939318602111 and parameters: {'n_estimators': 131, 'min_samples_split': 0.24322973445036372, 'min_samples_leaf': 0.15282691513993268, 'min_weight_fraction_leaf': 0.05774507704140128, 'max_features': 0.8471904159371151, 'bootstrap': False, 'max_samples': 0.4255833350198485}. Best is trial 272 with value: 0.9207214438111938.[0m
[32m[I 2022-04-26 00:48:15,392][0m Trial 514 finished with value: 0.9161101286449742 and parameters: {'n_estimators': 141, 'min_samples_split': 0.2570263212929719, 'min_samples_leaf': 0.13288652698097195, 'min_weight_fraction_leaf': 0.07365053408968919, 'max_features': 0.9868145353169409, 'bootstrap': False, 'max_samples': 0.46848963020349}. Best is trial 272 with value: 0.9207214438111938.[0m
[32m[I 2022-04-26 00:55:27,454][0m Trial 515 finished with value: 0.9200196794509206 and parameters: {'n_estimators': 124, 'min_samples_split': 0.24098534056268836, 'min_samples_leaf': 0.14323520483275726, 'min_weight_fraction_leaf': 0.04574855268897547, 'max_features': 0.8682618622674455, 'bootstrap': False, 'max_samples': 0.5190061871412904}. Best is trial 272 with value: 0.9207214438111938.[0m
[32m[I 2022-04-26 00:56:18,795][0m Trial 516 finished with value: 0.8888051777380953 and parameters: {'n_estimators': 154, 'min_samples_split': 0.22816376248125408, 'min_samples_leaf': 0.10121986991703699, 'min_weight_fraction_leaf': 0.05832168851840522, 'max_features': 0.8420807903032517, 'bootstrap': True, 'max_samples': 0.4370156850854873, 'oob_score': True}. Best is trial 272 with value: 0.9207214438111938.[0m
[32m[I 2022-04-26 01:05:11,083][0m Trial 517 finished with value: 0.9185423500573089 and parameters: {'n_estimators': 133, 'min_samples_split': 0.2591711247572877, 'min_samples_leaf': 0.12380359824861933, 'min_weight_fraction_leaf': 0.06760496969074234, 'max_features': 0.9138166615807541, 'bootstrap': False, 'max_samples': 0.4781901072355657}. Best is trial 272 with value: 0.9207214438111938.[0m
[32m[I 2022-04-26 01:12:33,346][0m Trial 518 finished with value: 0.9194443489573259 and parameters: {'n_estimators': 146, 'min_samples_split': 0.23641415696880563, 'min_samples_leaf': 0.15622871605334054, 'min_weight_fraction_leaf': 0.08275314362557837, 'max_features': 0.8175896131577128, 'bootstrap': False, 'max_samples': 0.4536090071832682}. Best is trial 272 with value: 0.9207214438111938.[0m
[32m[I 2022-04-26 01:20:26,256][0m Trial 519 finished with value: 0.9198785725275378 and parameters: {'n_estimators': 139, 'min_samples_split': 0.19201143670117882, 'min_samples_leaf': 0.14301634206351235, 'min_weight_fraction_leaf': 0.03227393918886154, 'max_features': 0.8758316853411472, 'bootstrap': False, 'max_samples': 0.5466098017737577}. Best is trial 272 with value: 0.9207214438111938.[0m
[32m[I 2022-04-26 01:25:20,944][0m Trial 520 finished with value: 0.9060069337477342 and parameters: {'n_estimators': 128, 'min_samples_split': 0.2484322222214654, 'min_samples_leaf': 0.11470499028174552, 'min_weight_fraction_leaf': 0.04007559810642613, 'max_features': 0.42765798595043175, 'bootstrap': False, 'max_samples': 0.4945426816110422}. Best is trial 272 with value: 0.9207214438111938.[0m
[32m[I 2022-04-26 01:34:22,118][0m Trial 521 finished with value: 0.919923805657563 and parameters: {'n_estimators': 150, 'min_samples_split': 0.22483787475164652, 'min_samples_leaf': 0.1324380140099188, 'min_weight_fraction_leaf': 0.02597239889511565, 'max_features': 0.85785243281551, 'bootstrap': False, 'max_samples': 0.4510043441332803}. Best is trial 272 with value: 0.9207214438111938.[0m
[32m[I 2022-04-26 01:42:28,544][0m Trial 522 finished with value: 0.9167268850720784 and parameters: {'n_estimators': 141, 'min_samples_split': 0.19190981973347115, 'min_samples_leaf': 0.15696676984272817, 'min_weight_fraction_leaf': 0.05148912096089525, 'max_features': 0.9656195554408603, 'bootstrap': False, 'max_samples': 0.5147946850327911}. Best is trial 272 with value: 0.9207214438111938.[0m
[32m[I 2022-04-26 01:42:49,475][0m Trial 523 finished with value: 0.5963145072761952 and parameters: {'n_estimators': 132, 'min_samples_split': 0.28085251149082124, 'min_samples_leaf': 0.14510964848050112, 'min_weight_fraction_leaf': 0.07690572706130706, 'max_features': 0.04090175340360913, 'bootstrap': False, 'max_samples': 0.6018719187048653}. Best is trial 272 with value: 0.9207214438111938.[0m
[32m[I 2022-04-26 01:50:05,353][0m Trial 524 finished with value: 0.9183400473393611 and parameters: {'n_estimators': 119, 'min_samples_split': 0.2068266959780201, 'min_samples_leaf': 0.12610280033507051, 'min_weight_fraction_leaf': 0.008478743933037177, 'max_features': 0.8296259775476805, 'bootstrap': False, 'max_samples': 0.47467435104427014}. Best is trial 272 with value: 0.9207214438111938.[0m
[32m[I 2022-04-26 01:59:38,288][0m Trial 525 finished with value: 0.9193341802533865 and parameters: {'n_estimators': 159, 'min_samples_split': 0.2282359648428082, 'min_samples_leaf': 0.13653963580510675, 'min_weight_fraction_leaf': 0.025194805041390406, 'max_features': 0.8903846700480645, 'bootstrap': False, 'max_samples': 0.4203352257071237}. Best is trial 272 with value: 0.9207214438111938.[0m
[32m[I 2022-04-26 02:01:22,747][0m Trial 526 finished with value: 0.8712734383720256 and parameters: {'n_estimators': 138, 'min_samples_split': 0.21235061811289582, 'min_samples_leaf': 0.3721685546939924, 'min_weight_fraction_leaf': 0.007630004362068388, 'max_features': 0.8481658570178316, 'bootstrap': False, 'max_samples': 0.4344112215480493}. Best is trial 272 with value: 0.9207214438111938.[0m
[32m[I 2022-04-26 02:09:13,177][0m Trial 527 finished with value: 0.9197529584483727 and parameters: {'n_estimators': 145, 'min_samples_split': 0.24205105393506413, 'min_samples_leaf': 0.1476546375651212, 'min_weight_fraction_leaf': 0.03837506628615741, 'max_features': 0.8158855980452696, 'bootstrap': False, 'max_samples': 0.4967648145953714}. Best is trial 272 with value: 0.9207214438111938.[0m
[32m[I 2022-04-26 02:16:49,175][0m Trial 528 finished with value: 0.9202682519619436 and parameters: {'n_estimators': 135, 'min_samples_split': 0.19581960379105545, 'min_samples_leaf': 0.13520987677299529, 'min_weight_fraction_leaf': 0.025730535970069322, 'max_features': 0.7957110881546483, 'bootstrap': False, 'max_samples': 0.4669402129021064}. Best is trial 272 with value: 0.9207214438111938.[0m
[32m[I 2022-04-26 02:24:32,899][0m Trial 529 finished with value: 0.9176526807454668 and parameters: {'n_estimators': 125, 'min_samples_split': 0.19616932931725958, 'min_samples_leaf': 0.11947690379570294, 'min_weight_fraction_leaf': 0.016921729102264985, 'max_features': 0.7916911106970554, 'bootstrap': False, 'max_samples': 0.46802822299368213}. Best is trial 272 with value: 0.9207214438111938.[0m
[32m[I 2022-04-26 02:32:41,427][0m Trial 530 finished with value: 0.9193927151500929 and parameters: {'n_estimators': 134, 'min_samples_split': 0.18598212458637287, 'min_samples_leaf': 0.13399219980730964, 'min_weight_fraction_leaf': 0.032515526154706875, 'max_features': 0.8666015375087167, 'bootstrap': False, 'max_samples': 0.4528176339118892}. Best is trial 272 with value: 0.9207214438111938.[0m
[32m[I 2022-04-26 02:39:18,446][0m Trial 531 finished with value: 0.9196082600470614 and parameters: {'n_estimators': 130, 'min_samples_split': 0.2052759478774776, 'min_samples_leaf': 0.15614910006296284, 'min_weight_fraction_leaf': 0.0001576286351571421, 'max_features': 0.8454620040354616, 'bootstrap': False, 'max_samples': 0.4857146126758977}. Best is trial 272 with value: 0.9207214438111938.[0m
[32m[I 2022-04-26 02:47:29,428][0m Trial 532 finished with value: 0.9170488646982324 and parameters: {'n_estimators': 111, 'min_samples_split': 0.17583449718855754, 'min_samples_leaf': 0.11172717984534311, 'min_weight_fraction_leaf': 0.00015723253792341435, 'max_features': 0.900238873180083, 'bootstrap': False, 'max_samples': 0.5282476664147178}. Best is trial 272 with value: 0.9207214438111938.[0m
[32m[I 2022-04-26 02:56:12,906][0m Trial 533 finished with value: 0.9199725403945653 and parameters: {'n_estimators': 151, 'min_samples_split': 0.1952950355742506, 'min_samples_leaf': 0.1419221471255511, 'min_weight_fraction_leaf': 0.024002372649085932, 'max_features': 0.8807674140854092, 'bootstrap': False, 'max_samples': 0.4462013945955883}. Best is trial 272 with value: 0.9207214438111938.[0m
[32m[I 2022-04-26 03:04:16,109][0m Trial 534 finished with value: 0.9195421257862773 and parameters: {'n_estimators': 136, 'min_samples_split': 0.21915118141532647, 'min_samples_leaf': 0.12916156388558353, 'min_weight_fraction_leaf': 0.05442304430510124, 'max_features': 0.8321345156449663, 'bootstrap': False, 'max_samples': 0.5082716660378266}. Best is trial 272 with value: 0.9207214438111938.[0m
[32m[I 2022-04-26 03:11:14,883][0m Trial 535 finished with value: 0.9200233855910183 and parameters: {'n_estimators': 122, 'min_samples_split': 0.20693397804644229, 'min_samples_leaf': 0.14720137753565743, 'min_weight_fraction_leaf': 0.013579015982824696, 'max_features': 0.8612830881378778, 'bootstrap': False, 'max_samples': 0.41827067077629215}. Best is trial 272 with value: 0.9207214438111938.[0m
[32m[I 2022-04-26 03:18:28,434][0m Trial 536 finished with value: 0.9194995441113469 and parameters: {'n_estimators': 142, 'min_samples_split': 0.23278825227155397, 'min_samples_leaf': 0.15738725324215214, 'min_weight_fraction_leaf': 0.04406737623118956, 'max_features': 0.8195193570586428, 'bootstrap': False, 'max_samples': 0.46679891459810263}. Best is trial 272 with value: 0.9207214438111938.[0m
[32m[I 2022-04-26 03:19:09,589][0m Trial 537 finished with value: 0.8923954775668499 and parameters: {'n_estimators': 147, 'min_samples_split': 0.18240936983442566, 'min_samples_leaf': 0.13505677756659856, 'min_weight_fraction_leaf': 0.026855600084296785, 'max_features': 0.83892676101094, 'bootstrap': True, 'max_samples': 0.576575099740747, 'oob_score': False}. Best is trial 272 with value: 0.9207214438111938.[0m
[32m[I 2022-04-26 03:26:53,310][0m Trial 538 finished with value: 0.91819489497289 and parameters: {'n_estimators': 129, 'min_samples_split': 0.2187669454827338, 'min_samples_leaf': 0.12304752285661777, 'min_weight_fraction_leaf': 0.010638392419348238, 'max_features': 0.7943094457063368, 'bootstrap': False, 'max_samples': 0.47300765342992185}. Best is trial 272 with value: 0.9207214438111938.[0m
[32m[I 2022-04-26 03:34:45,686][0m Trial 539 finished with value: 0.9198598219209007 and parameters: {'n_estimators': 136, 'min_samples_split': 0.2757213597054236, 'min_samples_leaf': 0.14021573396317927, 'min_weight_fraction_leaf': 0.034433828754472484, 'max_features': 0.8800968849975809, 'bootstrap': False, 'max_samples': 0.4357377510240108}. Best is trial 272 with value: 0.9207214438111938.[0m
