[32m[I 2022-05-03 02:06:03,921][0m Trial 673 finished with value: 0.8352645267934486 and parameters: {'n_estimators': 142, 'min_samples_split': 0.055224447948926995, 'min_samples_leaf': 0.1196625561132566, 'min_weight_fraction_leaf': 0.027245883280857433, 'max_features': 0.8236803319486037, 'bootstrap': False, 'max_samples': 0.6134594262390822}. Best is trial 376 with value: 0.8413011491451163.[0m
[32m[I 2022-05-03 02:12:42,986][0m Trial 674 finished with value: 0.8396719072138312 and parameters: {'n_estimators': 129, 'min_samples_split': 0.2327401276881718, 'min_samples_leaf': 0.15332052309141286, 'min_weight_fraction_leaf': 0.0113860329438644, 'max_features': 0.8540578535807983, 'bootstrap': False, 'max_samples': 0.6404663224128627}. Best is trial 376 with value: 0.8413011491451163.[0m
[32m[I 2022-05-03 02:13:08,742][0m Trial 675 finished with value: 0.7170782168883927 and parameters: {'n_estimators': 139, 'min_samples_split': 0.24145411741314524, 'min_samples_leaf': 0.4689232213373485, 'min_weight_fraction_leaf': 0.0187940559216012, 'max_features': 0.8870385145990454, 'bootstrap': False, 'max_samples': 0.5535602168177801}. Best is trial 376 with value: 0.8413011491451163.[0m
[32m[I 2022-05-03 02:19:52,412][0m Trial 676 finished with value: 0.8404600006369378 and parameters: {'n_estimators': 115, 'min_samples_split': 0.2085651395554742, 'min_samples_leaf': 0.13845591509000654, 'min_weight_fraction_leaf': 0.008610524974435717, 'max_features': 0.862826412399229, 'bootstrap': False, 'max_samples': 0.6063016000839879}. Best is trial 376 with value: 0.8413011491451163.[0m
[32m[I 2022-05-03 02:26:31,078][0m Trial 677 finished with value: 0.8394431006919568 and parameters: {'n_estimators': 110, 'min_samples_split': 0.2038810964521798, 'min_samples_leaf': 0.13659097691434108, 'min_weight_fraction_leaf': 0.008269137419290024, 'max_features': 0.8647117226494232, 'bootstrap': False, 'max_samples': 0.5263115044365425}. Best is trial 376 with value: 0.8413011491451163.[0m
[32m[I 2022-05-03 02:27:27,723][0m Trial 678 finished with value: 0.8124753043749184 and parameters: {'n_estimators': 115, 'min_samples_split': 0.2095286654824391, 'min_samples_leaf': 0.09913756709038266, 'min_weight_fraction_leaf': 0.00036816666765907, 'max_features': 0.8388562056640861, 'bootstrap': True, 'max_samples': 0.6025257035801138, 'oob_score': False}. Best is trial 376 with value: 0.8413011491451163.[0m
[32m[I 2022-05-03 02:35:02,183][0m Trial 679 finished with value: 0.8366513912993512 and parameters: {'n_estimators': 118, 'min_samples_split': 0.2059786268029129, 'min_samples_leaf': 0.12653821404022553, 'min_weight_fraction_leaf': 0.022753191601653133, 'max_features': 0.8981202363430087, 'bootstrap': False, 'max_samples': 0.48938137064203174}. Best is trial 376 with value: 0.8413011491451163.[0m
[32m[I 2022-05-03 02:41:05,690][0m Trial 680 finished with value: 0.8392619974748599 and parameters: {'n_estimators': 104, 'min_samples_split': 0.21677695875551367, 'min_samples_leaf': 0.14265032254491108, 'min_weight_fraction_leaf': 0.010075602538080267, 'max_features': 0.8758095553302083, 'bootstrap': False, 'max_samples': 0.5843153839750295}. Best is trial 376 with value: 0.8413011491451163.[0m
[32m[I 2022-05-03 02:48:14,340][0m Trial 681 finished with value: 0.835709001032917 and parameters: {'n_estimators': 112, 'min_samples_split': 0.21924735796792383, 'min_samples_leaf': 0.11571655401421231, 'min_weight_fraction_leaf': 0.030162417900220968, 'max_features': 0.8219433740760282, 'bootstrap': False, 'max_samples': 0.5554154863226433}. Best is trial 376 with value: 0.8413011491451163.[0m
[32m[I 2022-05-03 02:52:00,613][0m Trial 682 finished with value: 0.8030226717930977 and parameters: {'n_estimators': 121, 'min_samples_split': 0.0878700296985585, 'min_samples_leaf': 0.24312668728421222, 'min_weight_fraction_leaf': 0.016800043349842704, 'max_features': 0.8479906470294647, 'bootstrap': False, 'max_samples': 0.5310287584843028}. Best is trial 376 with value: 0.8413011491451163.[0m
[32m[I 2022-05-03 02:59:04,347][0m Trial 683 finished with value: 0.8376214565814408 and parameters: {'n_estimators': 124, 'min_samples_split': 0.06616911965440542, 'min_samples_leaf': 0.15440239725466218, 'min_weight_fraction_leaf': 0.0002718125750052827, 'max_features': 0.9314613741902853, 'bootstrap': False, 'max_samples': 0.5878714707926649}. Best is trial 376 with value: 0.8413011491451163.[0m
[32m[I 2022-05-03 03:06:09,612][0m Trial 684 finished with value: 0.8385147204698212 and parameters: {'n_estimators': 116, 'min_samples_split': 0.11620192993655212, 'min_samples_leaf': 0.13046029323985797, 'min_weight_fraction_leaf': 0.010013465193247167, 'max_features': 0.8650815310289237, 'bootstrap': False, 'max_samples': 0.322606285415868}. Best is trial 376 with value: 0.8413011491451163.[0m
[32m[I 2022-05-03 03:10:15,441][0m Trial 685 finished with value: 0.832439020185206 and parameters: {'n_estimators': 105, 'min_samples_split': 0.22653556069934583, 'min_samples_leaf': 0.14106752091619912, 'min_weight_fraction_leaf': 0.024315998808731604, 'max_features': 0.5202577589815038, 'bootstrap': False, 'max_samples': 0.465746863530922}. Best is trial 376 with value: 0.8413011491451163.[0m
[32m[I 2022-05-03 03:17:07,344][0m Trial 686 finished with value: 0.8391244711049138 and parameters: {'n_estimators': 131, 'min_samples_split': 0.20779828333060063, 'min_samples_leaf': 0.14738524440902412, 'min_weight_fraction_leaf': 0.035909330895681275, 'max_features': 0.8031055543166955, 'bootstrap': False, 'max_samples': 0.53862000372771}. Best is trial 376 with value: 0.8413011491451163.[0m
[32m[I 2022-05-03 03:23:47,496][0m Trial 687 finished with value: 0.8385659905809051 and parameters: {'n_estimators': 111, 'min_samples_split': 0.21836480241956197, 'min_samples_leaf': 0.12879201589403558, 'min_weight_fraction_leaf': 0.009465138704895987, 'max_features': 0.8358636104323544, 'bootstrap': False, 'max_samples': 0.27688136402506164}. Best is trial 376 with value: 0.8413011491451163.[0m
[32m[I 2022-05-03 03:30:26,163][0m Trial 688 finished with value: 0.8384853212833461 and parameters: {'n_estimators': 126, 'min_samples_split': 0.22909691781161687, 'min_samples_leaf': 0.15673208986278153, 'min_weight_fraction_leaf': 0.00037659380657801937, 'max_features': 0.8819260063886023, 'bootstrap': False, 'max_samples': 0.36603955211967265}. Best is trial 376 with value: 0.8413011491451163.[0m
[32m[I 2022-05-03 03:35:25,451][0m Trial 689 finished with value: 0.7175028140020524 and parameters: {'n_estimators': 118, 'min_samples_split': 0.21356248747487244, 'min_samples_leaf': 0.11707969892930115, 'min_weight_fraction_leaf': 0.45189148967549236, 'max_features': 0.8590606332570732, 'bootstrap': False, 'max_samples': 0.328029379217916}. Best is trial 376 with value: 0.8413011491451163.[0m
[32m[I 2022-05-03 03:42:53,331][0m Trial 690 finished with value: 0.8393908544262491 and parameters: {'n_estimators': 123, 'min_samples_split': 0.19500915258592647, 'min_samples_leaf': 0.1377228147641699, 'min_weight_fraction_leaf': 0.019764390733547778, 'max_features': 0.9031064314220222, 'bootstrap': False, 'max_samples': 0.30467024200000264}. Best is trial 376 with value: 0.8413011491451163.[0m
[32m[I 2022-05-03 03:49:05,872][0m Trial 691 finished with value: 0.8364421330063829 and parameters: {'n_estimators': 100, 'min_samples_split': 0.2335080504487285, 'min_samples_leaf': 0.12564339763512877, 'min_weight_fraction_leaf': 0.03230348949389804, 'max_features': 0.827833854149578, 'bootstrap': False, 'max_samples': 0.5154845642996982}. Best is trial 376 with value: 0.8413011491451163.[0m
[32m[I 2022-05-03 03:55:52,874][0m Trial 692 finished with value: 0.839648009047235 and parameters: {'n_estimators': 133, 'min_samples_split': 0.20499605870245832, 'min_samples_leaf': 0.14583704640229614, 'min_weight_fraction_leaf': 0.016165196496633866, 'max_features': 0.7880479810271409, 'bootstrap': False, 'max_samples': 0.3482800901480587}. Best is trial 376 with value: 0.8413011491451163.[0m
[32m[I 2022-05-03 04:02:25,289][0m Trial 693 finished with value: 0.8403942071817291 and parameters: {'n_estimators': 113, 'min_samples_split': 0.223592528244653, 'min_samples_leaf': 0.1346834927306111, 'min_weight_fraction_leaf': 0.0101305128987581, 'max_features': 0.8456779002086492, 'bootstrap': False, 'max_samples': 0.44956194473295136}. Best is trial 376 with value: 0.8413011491451163.[0m
[32m[I 2022-05-03 04:14:02,070][0m Trial 694 finished with value: 0.8108441044454429 and parameters: {'n_estimators': 133, 'min_samples_split': 0.24644668194897806, 'min_samples_leaf': 0.07975194383580696, 'min_weight_fraction_leaf': 0.023948119916569026, 'max_features': 0.8732490831516907, 'bootstrap': False, 'max_samples': 0.374041366340789}. Best is trial 376 with value: 0.8413011491451163.[0m
[32m[I 2022-05-03 04:22:32,920][0m Trial 695 finished with value: 0.8362920589178217 and parameters: {'n_estimators': 124, 'min_samples_split': 0.23691600671065718, 'min_samples_leaf': 0.10796397928187929, 'min_weight_fraction_leaf': 0.009135596053044374, 'max_features': 0.8107080533462508, 'bootstrap': False, 'max_samples': 0.3306853678553469}. Best is trial 376 with value: 0.8413011491451163.[0m
[32m[I 2022-05-03 04:28:29,136][0m Trial 696 finished with value: 0.8390472741887086 and parameters: {'n_estimators': 117, 'min_samples_split': 0.03638988247567653, 'min_samples_leaf': 0.16090412120193717, 'min_weight_fraction_leaf': 0.03270565709153802, 'max_features': 0.8527008413355693, 'bootstrap': False, 'max_samples': 0.34693947443274237}. Best is trial 376 with value: 0.8413011491451163.[0m
[32m[I 2022-05-03 04:36:07,218][0m Trial 697 finished with value: 0.8384890238733759 and parameters: {'n_estimators': 139, 'min_samples_split': 0.2155864637616123, 'min_samples_leaf': 0.1507757318078985, 'min_weight_fraction_leaf': 0.017963621762539045, 'max_features': 0.8888907971148787, 'bootstrap': False, 'max_samples': 0.6055190934417967}. Best is trial 376 with value: 0.8413011491451163.[0m
[32m[I 2022-05-03 04:36:23,828][0m Trial 698 finished with value: 0.7597082216841906 and parameters: {'n_estimators': 130, 'min_samples_split': 0.22463410505104364, 'min_samples_leaf': 0.12137168091313598, 'min_weight_fraction_leaf': 0.02412194839604872, 'max_features': 0.8391714868612123, 'bootstrap': True, 'max_samples': 0.4225318945383732, 'oob_score': False}. Best is trial 376 with value: 0.8413011491451163.[0m
[32m[I 2022-05-03 04:41:55,597][0m Trial 699 finished with value: 0.780360201012616 and parameters: {'n_estimators': 108, 'min_samples_split': 0.23854629763843718, 'min_samples_leaf': 0.1360418230548323, 'min_weight_fraction_leaf': 0.29699615371469623, 'max_features': 0.8644394866587558, 'bootstrap': False, 'max_samples': 0.3726220164616664}. Best is trial 376 with value: 0.8413011491451163.[0m
[32m[I 2022-05-03 04:48:34,233][0m Trial 700 finished with value: 0.8387725496632766 and parameters: {'n_estimators': 122, 'min_samples_split': 0.24632848872523028, 'min_samples_leaf': 0.1429040773649356, 'min_weight_fraction_leaf': 0.0005651341845091023, 'max_features': 0.8245990751726848, 'bootstrap': False, 'max_samples': 0.3028403615964264}. Best is trial 376 with value: 0.8413011491451163.[0m
[32m[I 2022-05-03 04:57:23,458][0m Trial 701 finished with value: 0.8398841163303696 and parameters: {'n_estimators': 137, 'min_samples_split': 0.20154176129312418, 'min_samples_leaf': 0.12909979536820185, 'min_weight_fraction_leaf': 0.039354580736023326, 'max_features': 0.914297254584206, 'bootstrap': False, 'max_samples': 0.2570120273071363}. Best is trial 376 with value: 0.8413011491451163.[0m
[32m[I 2022-05-03 05:04:11,157][0m Trial 702 finished with value: 0.8394011739696726 and parameters: {'n_estimators': 127, 'min_samples_split': 0.18512627364925704, 'min_samples_leaf': 0.1531382067365567, 'min_weight_fraction_leaf': 0.009015694683467926, 'max_features': 0.8805346379498475, 'bootstrap': False, 'max_samples': 0.4772453723908156}. Best is trial 376 with value: 0.8413011491451163.[0m
[32m[I 2022-05-03 05:10:56,470][0m Trial 703 finished with value: 0.835473896081746 and parameters: {'n_estimators': 113, 'min_samples_split': 0.22892830261014238, 'min_samples_leaf': 0.11427953698955223, 'min_weight_fraction_leaf': 6.281270701721797e-05, 'max_features': 0.7564753832656574, 'bootstrap': False, 'max_samples': 0.3626259184120382}. Best is trial 376 with value: 0.8413011491451163.[0m
[32m[I 2022-05-03 05:18:46,743][0m Trial 704 finished with value: 0.8187685192974747 and parameters: {'n_estimators': 145, 'min_samples_split': 0.3168123375244195, 'min_samples_leaf': 0.009930945574813776, 'min_weight_fraction_leaf': 0.016410464000688716, 'max_features': 0.29882104660921005, 'bootstrap': False, 'max_samples': 0.40551220761397705}. Best is trial 376 with value: 0.8413011491451163.[0m
[32m[I 2022-05-03 05:25:31,197][0m Trial 705 finished with value: 0.8403215710490383 and parameters: {'n_estimators': 119, 'min_samples_split': 0.25237372315160594, 'min_samples_leaf': 0.1393940452546065, 'min_weight_fraction_leaf': 0.027164349163505602, 'max_features': 0.8429610862659603, 'bootstrap': False, 'max_samples': 0.437510889394832}. Best is trial 376 with value: 0.8413011491451163.[0m
[32m[I 2022-05-03 05:30:18,014][0m Trial 706 finished with value: 0.8359278288772671 and parameters: {'n_estimators': 134, 'min_samples_split': 0.2118151966644119, 'min_samples_leaf': 0.1628457751322907, 'min_weight_fraction_leaf': 0.010657051454776644, 'max_features': 0.5612662689867606, 'bootstrap': False, 'max_samples': 0.32625508552070825}. Best is trial 376 with value: 0.8413011491451163.[0m
[32m[I 2022-05-03 05:31:33,531][0m Trial 707 finished with value: 0.7477834960065207 and parameters: {'n_estimators': 130, 'min_samples_split': 0.2328946985786519, 'min_samples_leaf': 0.38806574233286933, 'min_weight_fraction_leaf': 3.408154795882549e-05, 'max_features': 0.8071668050981613, 'bootstrap': False, 'max_samples': 0.35167224100710054}. Best is trial 376 with value: 0.8413011491451163.[0m
[32m[I 2022-05-03 05:38:14,343][0m Trial 708 finished with value: 0.8353864442451716 and parameters: {'n_estimators': 107, 'min_samples_split': 0.01884573920221372, 'min_samples_leaf': 0.1253775145526588, 'min_weight_fraction_leaf': 0.03929208585641735, 'max_features': 0.8606502153887906, 'bootstrap': False, 'max_samples': 0.39511278096355634}. Best is trial 376 with value: 0.8413011491451163.[0m
[32m[I 2022-05-03 05:44:55,694][0m Trial 709 finished with value: 0.8390167111306515 and parameters: {'n_estimators': 125, 'min_samples_split': 0.24355082750867915, 'min_samples_leaf': 0.1472866314783386, 'min_weight_fraction_leaf': 0.018973077098040234, 'max_features': 0.8224419398722366, 'bootstrap': False, 'max_samples': 0.3738385658566142}. Best is trial 376 with value: 0.8413011491451163.[0m
[32m[I 2022-05-03 05:52:26,206][0m Trial 710 finished with value: 0.8405222972958999 and parameters: {'n_estimators': 137, 'min_samples_split': 0.22127645222076986, 'min_samples_leaf': 0.13536660125408662, 'min_weight_fraction_leaf': 0.008806683800859864, 'max_features': 0.7923565878267402, 'bootstrap': False, 'max_samples': 0.6341598699252726}. Best is trial 376 with value: 0.8413011491451163.[0m
[32m[I 2022-05-03 06:01:19,010][0m Trial 711 finished with value: 0.8372279096888441 and parameters: {'n_estimators': 137, 'min_samples_split': 0.21974983460090614, 'min_samples_leaf': 0.1089489744586997, 'min_weight_fraction_leaf': 0.0287350967833532, 'max_features': 0.774516376995549, 'bootstrap': False, 'max_samples': 0.6383868830810749}. Best is trial 376 with value: 0.8413011491451163.[0m
[32m[I 2022-05-03 06:08:31,511][0m Trial 712 finished with value: 0.8384301980311845 and parameters: {'n_estimators': 130, 'min_samples_split': 0.20667304344249238, 'min_samples_leaf': 0.13215207078100968, 'min_weight_fraction_leaf': 0.009243808324291926, 'max_features': 0.7916730160699704, 'bootstrap': False, 'max_samples': 0.6276253705248673}. Best is trial 376 with value: 0.8413011491451163.[0m
[32m[I 2022-05-03 07:04:50,450][0m Trial 713 finished with value: 0.8351793389076019 and parameters: {'n_estimators': 993, 'min_samples_split': 0.19561503930178326, 'min_samples_leaf': 0.11980476369189348, 'min_weight_fraction_leaf': 0.017991812374157486, 'max_features': 0.7789317330200916, 'bootstrap': False, 'max_samples': 0.5879893718466447}. Best is trial 376 with value: 0.8413011491451163.[0m
[32m[I 2022-05-03 07:06:58,086][0m Trial 714 finished with value: 0.815010533853356 and parameters: {'n_estimators': 121, 'min_samples_split': 0.2144704260068059, 'min_samples_leaf': 0.13399544737736377, 'min_weight_fraction_leaf': 0.03071989696297034, 'max_features': 0.20892023555297345, 'bootstrap': False, 'max_samples': 0.65627189353578}. Best is trial 376 with value: 0.8413011491451163.[0m
[32m[I 2022-05-03 07:15:07,325][0m Trial 715 finished with value: 0.8366244256202947 and parameters: {'n_estimators': 139, 'min_samples_split': 0.21392217208880773, 'min_samples_leaf': 0.1230449454329775, 'min_weight_fraction_leaf': 0.008561656154539491, 'max_features': 0.8033836960737933, 'bootstrap': False, 'max_samples': 0.6721019039143424}. Best is trial 376 with value: 0.8413011491451163.[0m
[32m[I 2022-05-03 07:21:34,577][0m Trial 716 finished with value: 0.8395790385687425 and parameters: {'n_estimators': 127, 'min_samples_split': 0.2223613828848101, 'min_samples_leaf': 0.14103544924911265, 'min_weight_fraction_leaf': 0.01899592053963288, 'max_features': 0.7432215775248705, 'bootstrap': False, 'max_samples': 0.575559482546389}. Best is trial 376 with value: 0.8413011491451163.[0m
[32m[I 2022-05-03 07:22:37,612][0m Trial 717 finished with value: 0.8101129485056031 and parameters: {'n_estimators': 113, 'min_samples_split': 0.2283174490461071, 'min_samples_leaf': 0.10277224843957009, 'min_weight_fraction_leaf': 0.044316679367715356, 'max_features': 0.820810967357769, 'bootstrap': True, 'max_samples': 0.6289281688325492, 'oob_score': True}. Best is trial 376 with value: 0.8413011491451163.[0m
[32m[I 2022-05-03 07:29:50,592][0m Trial 718 finished with value: 0.8389807533615639 and parameters: {'n_estimators': 119, 'min_samples_split': 0.22609868690468127, 'min_samples_leaf': 0.13443879929076546, 'min_weight_fraction_leaf': 0.009420775676934709, 'max_features': 0.8970037713996557, 'bootstrap': False, 'max_samples': 0.5638691160540615}. Best is trial 376 with value: 0.8413011491451163.[0m
[32m[I 2022-05-03 07:38:05,617][0m Trial 719 finished with value: 0.8366484910585441 and parameters: {'n_estimators': 130, 'min_samples_split': 0.20724687002983075, 'min_samples_leaf': 0.11518610680789876, 'min_weight_fraction_leaf': 0.0006693629472658245, 'max_features': 0.8480187319925186, 'bootstrap': False, 'max_samples': 0.603999087305267}. Best is trial 376 with value: 0.8413011491451163.[0m
[32m[I 2022-05-03 07:45:27,609][0m Trial 720 finished with value: 0.839479609542607 and parameters: {'n_estimators': 134, 'min_samples_split': 0.052393856491173695, 'min_samples_leaf': 0.1486575818520017, 'min_weight_fraction_leaf': 1.0921187570029495e-05, 'max_features': 0.8690901471270992, 'bootstrap': False, 'max_samples': 0.6739660931677954}. Best is trial 376 with value: 0.8413011491451163.[0m
[32m[I 2022-05-03 07:52:36,630][0m Trial 721 finished with value: 0.8389248370227923 and parameters: {'n_estimators': 125, 'min_samples_split': 0.19577945172555206, 'min_samples_leaf': 0.1306885142250333, 'min_weight_fraction_leaf': 0.02600696551379384, 'max_features': 0.7944389653764639, 'bootstrap': False, 'max_samples': 0.6935090190328606}. Best is trial 376 with value: 0.8413011491451163.[0m
[32m[I 2022-05-03 07:57:47,756][0m Trial 722 finished with value: 0.838582581365044 and parameters: {'n_estimators': 104, 'min_samples_split': 0.23513242207266846, 'min_samples_leaf': 0.1562198428647077, 'min_weight_fraction_leaf': 0.038285167217869204, 'max_features': 0.8367589709055903, 'bootstrap': False, 'max_samples': 0.6180261987321941}. Best is trial 376 with value: 0.8413011491451163.[0m
[32m[I 2022-05-03 08:04:19,231][0m Trial 723 finished with value: 0.8388633470393291 and parameters: {'n_estimators': 116, 'min_samples_split': 0.2207501642680893, 'min_samples_leaf': 0.1413941733649433, 'min_weight_fraction_leaf': 0.01645488856382305, 'max_features': 0.8220435009004332, 'bootstrap': False, 'max_samples': 0.5970733778293722}. Best is trial 376 with value: 0.8413011491451163.[0m
[32m[I 2022-05-03 08:13:03,307][0m Trial 724 finished with value: 0.8360798860570622 and parameters: {'n_estimators': 140, 'min_samples_split': 0.029237807738788087, 'min_samples_leaf': 0.12407008466481555, 'min_weight_fraction_leaf': 0.023623251375692274, 'max_features': 0.8822094446546201, 'bootstrap': False, 'max_samples': 0.6010767144275021}. Best is trial 376 with value: 0.8413011491451163.[0m
[32m[I 2022-05-03 08:19:56,107][0m Trial 725 finished with value: 0.840472822823736 and parameters: {'n_estimators': 122, 'min_samples_split': 0.22925712687608876, 'min_samples_leaf': 0.14060341277593272, 'min_weight_fraction_leaf': 0.012493366685257412, 'max_features': 0.8598120032901607, 'bootstrap': False, 'max_samples': 0.6434529675630549}. Best is trial 376 with value: 0.8413011491451163.[0m
[32m[I 2022-05-03 08:26:25,879][0m Trial 726 finished with value: 0.837683030415274 and parameters: {'n_estimators': 124, 'min_samples_split': 0.23815084760016714, 'min_samples_leaf': 0.16426529971554987, 'min_weight_fraction_leaf': 0.03611929418509906, 'max_features': 0.9264858816048094, 'bootstrap': False, 'max_samples': 0.6471826932880477}. Best is trial 376 with value: 0.8413011491451163.[0m
