[32m[I 2022-04-30 22:23:38,659][0m Trial 295 finished with value: 0.8265080097763867 and parameters: {'n_estimators': 187, 'min_samples_split': 0.2935564159385927, 'min_samples_leaf': 0.12348485209047104, 'min_weight_fraction_leaf': 0.1332656371267009, 'max_features': 0.3284921482114092, 'bootstrap': False, 'max_samples': 0.2067113815058015}. Best is trial 232 with value: 0.8412722171681117.[0m
[32m[I 2022-04-30 22:34:20,006][0m Trial 296 finished with value: 0.8376253115070862 and parameters: {'n_estimators': 178, 'min_samples_split': 0.31193260691528274, 'min_samples_leaf': 0.13230238132955127, 'min_weight_fraction_leaf': 0.15286814537728682, 'max_features': 0.8885805447069931, 'bootstrap': False, 'max_samples': 0.25110678819133325}. Best is trial 232 with value: 0.8412722171681117.[0m
[32m[I 2022-04-30 23:18:23,858][0m Trial 297 finished with value: 0.8382763893838654 and parameters: {'n_estimators': 687, 'min_samples_split': 0.28301928205563553, 'min_samples_leaf': 0.11195828309751342, 'min_weight_fraction_leaf': 0.1394806788858193, 'max_features': 0.8723830886625319, 'bootstrap': False, 'max_samples': 0.22516944412227313}. Best is trial 232 with value: 0.8412722171681117.[0m
[32m[I 2022-04-30 23:30:13,857][0m Trial 298 finished with value: 0.8374582114139304 and parameters: {'n_estimators': 197, 'min_samples_split': 0.32897332333630264, 'min_samples_leaf': 0.13920853237737085, 'min_weight_fraction_leaf': 0.018217921504980028, 'max_features': 0.9530768956578239, 'bootstrap': False, 'max_samples': 0.9336323285543753}. Best is trial 232 with value: 0.8412722171681117.[0m
[32m[I 2022-04-30 23:40:33,411][0m Trial 299 finished with value: 0.8379227124829167 and parameters: {'n_estimators': 187, 'min_samples_split': 0.20844189948609396, 'min_samples_leaf': 0.15233876086226045, 'min_weight_fraction_leaf': 0.12154155342292913, 'max_features': 0.9071957679422684, 'bootstrap': False, 'max_samples': 0.17451815684155736}. Best is trial 232 with value: 0.8412722171681117.[0m
[32m[I 2022-04-30 23:51:43,279][0m Trial 300 finished with value: 0.8383631687110086 and parameters: {'n_estimators': 178, 'min_samples_split': 0.22650362159697784, 'min_samples_leaf': 0.12113326533809227, 'min_weight_fraction_leaf': 0.13248863750023673, 'max_features': 0.8649047694505271, 'bootstrap': False, 'max_samples': 0.3130167147898028}. Best is trial 232 with value: 0.8412722171681117.[0m
[32m[I 2022-05-01 00:02:59,323][0m Trial 301 finished with value: 0.8399414886541399 and parameters: {'n_estimators': 202, 'min_samples_split': 0.24057041972027263, 'min_samples_leaf': 0.1353557352408002, 'min_weight_fraction_leaf': 0.026937123065785502, 'max_features': 0.8144330756641313, 'bootstrap': False, 'max_samples': 0.36529480885813737}. Best is trial 232 with value: 0.8412722171681117.[0m
[32m[I 2022-05-01 00:11:13,906][0m Trial 302 finished with value: 0.8388598148387525 and parameters: {'n_estimators': 165, 'min_samples_split': 0.07694269802846208, 'min_samples_leaf': 0.16442998474164722, 'min_weight_fraction_leaf': 2.349890401369387e-05, 'max_features': 0.8796822952166035, 'bootstrap': False, 'max_samples': 0.7006814464323368}. Best is trial 232 with value: 0.8412722171681117.[0m
[32m[I 2022-05-01 00:17:11,007][0m Trial 303 finished with value: 0.8397973414733599 and parameters: {'n_estimators': 108, 'min_samples_split': 0.27751779272912547, 'min_samples_leaf': 0.1432998287878686, 'min_weight_fraction_leaf': 0.14150249274967713, 'max_features': 0.8499401495439801, 'bootstrap': False, 'max_samples': 0.2723853899422093}. Best is trial 232 with value: 0.8412722171681117.[0m
[32m[I 2022-05-01 00:22:37,598][0m Trial 304 finished with value: 0.8214954351650278 and parameters: {'n_estimators': 125, 'min_samples_split': 0.21929227632095977, 'min_samples_leaf': 0.1806691177372192, 'min_weight_fraction_leaf': 0.15733519345384445, 'max_features': 0.8286152030714834, 'bootstrap': False, 'max_samples': 0.23379302563533627}. Best is trial 232 with value: 0.8412722171681117.[0m
[32m[I 2022-05-01 00:30:10,130][0m Trial 305 finished with value: 0.821518779435307 and parameters: {'n_estimators': 188, 'min_samples_split': 0.26422536041398703, 'min_samples_leaf': 0.2002081693295954, 'min_weight_fraction_leaf': 0.009305049330933218, 'max_features': 0.8613107725897825, 'bootstrap': False, 'max_samples': 0.6767651779058739}. Best is trial 232 with value: 0.8412722171681117.[0m
[32m[I 2022-05-01 00:37:53,466][0m Trial 306 finished with value: 0.8070319774663082 and parameters: {'n_estimators': 155, 'min_samples_split': 0.25114336480217936, 'min_samples_leaf': 0.15738534939751644, 'min_weight_fraction_leaf': 0.22877668603624735, 'max_features': 0.8888924037594355, 'bootstrap': False, 'max_samples': 0.4278653518540177}. Best is trial 232 with value: 0.8412722171681117.[0m
[32m[I 2022-05-01 00:46:47,046][0m Trial 307 finished with value: 0.8398250483604457 and parameters: {'n_estimators': 171, 'min_samples_split': 0.23044358962100264, 'min_samples_leaf': 0.14508009058256432, 'min_weight_fraction_leaf': 0.022206110977627605, 'max_features': 0.8057282822376093, 'bootstrap': False, 'max_samples': 0.3449851405925214}. Best is trial 232 with value: 0.8412722171681117.[0m
[32m[I 2022-05-01 00:46:58,637][0m Trial 308 finished with value: 0.5 and parameters: {'n_estimators': 133, 'min_samples_split': 0.19847930593377244, 'min_samples_leaf': 0.1336853558949405, 'min_weight_fraction_leaf': 0.1113591664128683, 'max_features': 0.8389040575816608, 'bootstrap': True, 'max_samples': 0.16756910128924318, 'oob_score': True}. Best is trial 232 with value: 0.8412722171681117.[0m
[32m[I 2022-05-01 00:51:30,727][0m Trial 309 finished with value: 0.8321574318127576 and parameters: {'n_estimators': 178, 'min_samples_split': 0.055882682309242544, 'min_samples_leaf': 0.17017156094681876, 'min_weight_fraction_leaf': 0.009820954908956897, 'max_features': 0.4044589532487497, 'bootstrap': False, 'max_samples': 0.29433448865287276}. Best is trial 232 with value: 0.8412722171681117.[0m
[32m[I 2022-05-01 00:58:41,423][0m Trial 310 finished with value: 0.8378905017598587 and parameters: {'n_estimators': 114, 'min_samples_split': 0.2724528337871558, 'min_samples_leaf': 0.1250089528242268, 'min_weight_fraction_leaf': 0.017382536922505847, 'max_features': 0.8728547076579868, 'bootstrap': False, 'max_samples': 0.39341747791304854}. Best is trial 232 with value: 0.8412722171681117.[0m
[32m[I 2022-05-01 01:14:07,538][0m Trial 311 finished with value: 0.8398251799436466 and parameters: {'n_estimators': 302, 'min_samples_split': 0.302131915930785, 'min_samples_leaf': 0.15041769593319107, 'min_weight_fraction_leaf': 0.03735188772699353, 'max_features': 0.8546778521184666, 'bootstrap': False, 'max_samples': 0.3201023274913034}. Best is trial 232 with value: 0.8412722171681117.[0m
[32m[I 2022-05-01 01:23:20,706][0m Trial 312 finished with value: 0.8218784390145553 and parameters: {'n_estimators': 203, 'min_samples_split': 0.2570319773048207, 'min_samples_leaf': 0.18696150568917783, 'min_weight_fraction_leaf': 0.007994325129113144, 'max_features': 0.9269253802782431, 'bootstrap': False, 'max_samples': 0.3695794545515543}. Best is trial 232 with value: 0.8412722171681117.[0m
[32m[I 2022-05-01 01:31:51,312][0m Trial 313 finished with value: 0.8373841755511979 and parameters: {'n_estimators': 162, 'min_samples_split': 0.24214420953535962, 'min_samples_leaf': 0.15880077252163818, 'min_weight_fraction_leaf': 0.028766608621960198, 'max_features': 0.8993798883206546, 'bootstrap': False, 'max_samples': 0.5138565237236691}. Best is trial 232 with value: 0.8412722171681117.[0m
[32m[I 2022-05-01 01:40:23,691][0m Trial 314 finished with value: 0.8400447297163524 and parameters: {'n_estimators': 151, 'min_samples_split': 0.06894088584926308, 'min_samples_leaf': 0.13718248718866521, 'min_weight_fraction_leaf': 0.04206242778326043, 'max_features': 0.8285598256135104, 'bootstrap': False, 'max_samples': 0.4370355439796536}. Best is trial 232 with value: 0.8412722171681117.[0m
[32m[I 2022-05-01 01:48:27,203][0m Trial 315 finished with value: 0.8191706574725428 and parameters: {'n_estimators': 150, 'min_samples_split': 0.0917612516937111, 'min_samples_leaf': 0.0989891672530798, 'min_weight_fraction_leaf': 0.04564400841764372, 'max_features': 0.5624414889594868, 'bootstrap': False, 'max_samples': 0.43818423911458304}. Best is trial 232 with value: 0.8412722171681117.[0m
[32m[I 2022-05-01 01:57:33,266][0m Trial 316 finished with value: 0.8365082026570828 and parameters: {'n_estimators': 144, 'min_samples_split': 0.07011794314086925, 'min_samples_leaf': 0.11493959732249168, 'min_weight_fraction_leaf': 0.040668984446386544, 'max_features': 0.7941945163779943, 'bootstrap': False, 'max_samples': 0.4520866225195859}. Best is trial 232 with value: 0.8412722171681117.[0m
[32m[I 2022-05-01 02:05:21,629][0m Trial 317 finished with value: 0.8385080223501105 and parameters: {'n_estimators': 136, 'min_samples_split': 0.05693948547477731, 'min_samples_leaf': 0.1334572784057863, 'min_weight_fraction_leaf': 0.05326026858664571, 'max_features': 0.817005757834729, 'bootstrap': False, 'max_samples': 0.5701109484631245}. Best is trial 232 with value: 0.8412722171681117.[0m
[32m[I 2022-05-01 02:13:27,036][0m Trial 318 finished with value: 0.8390050513150491 and parameters: {'n_estimators': 150, 'min_samples_split': 0.07432425504714132, 'min_samples_leaf': 0.14286485445748462, 'min_weight_fraction_leaf': 0.060932574949485944, 'max_features': 0.8314327654322836, 'bootstrap': False, 'max_samples': 0.46868786742429486}. Best is trial 232 with value: 0.8412722171681117.[0m
[32m[I 2022-05-01 02:23:11,920][0m Trial 319 finished with value: 0.8366947389001111 and parameters: {'n_estimators': 158, 'min_samples_split': 0.22907830519821842, 'min_samples_leaf': 0.12647965123607977, 'min_weight_fraction_leaf': 0.022983840989916956, 'max_features': 0.8709996443773046, 'bootstrap': False, 'max_samples': 0.40465847704419294}. Best is trial 232 with value: 0.8412722171681117.[0m
[32m[I 2022-05-01 02:30:27,479][0m Trial 320 finished with value: 0.8410685382180217 and parameters: {'n_estimators': 126, 'min_samples_split': 0.04388589327499347, 'min_samples_leaf': 0.13817902345308544, 'min_weight_fraction_leaf': 0.037985926904628334, 'max_features': 0.8508242420347687, 'bootstrap': False, 'max_samples': 0.43443850642345233}. Best is trial 232 with value: 0.8412722171681117.[0m
[32m[I 2022-05-01 02:37:42,048][0m Trial 321 finished with value: 0.8411192380363616 and parameters: {'n_estimators': 127, 'min_samples_split': 0.0446824037235766, 'min_samples_leaf': 0.13656400278149106, 'min_weight_fraction_leaf': 0.03823747658396948, 'max_features': 0.8501425296077209, 'bootstrap': False, 'max_samples': 0.4272064821170183}. Best is trial 232 with value: 0.8412722171681117.[0m
[32m[I 2022-05-01 02:45:29,290][0m Trial 322 finished with value: 0.8360780073694258 and parameters: {'n_estimators': 120, 'min_samples_split': 0.04441377563786487, 'min_samples_leaf': 0.1153496015806727, 'min_weight_fraction_leaf': 0.033384389294442686, 'max_features': 0.8522836067350302, 'bootstrap': False, 'max_samples': 0.4194551125770437}. Best is trial 232 with value: 0.8412722171681117.[0m
[32m[I 2022-05-01 02:52:30,145][0m Trial 323 finished with value: 0.8130062867246555 and parameters: {'n_estimators': 126, 'min_samples_split': 0.027010966259819386, 'min_samples_leaf': 0.12778232012483037, 'min_weight_fraction_leaf': 0.20551793477424307, 'max_features': 0.8455727371569836, 'bootstrap': False, 'max_samples': 0.4142298539118758}. Best is trial 232 with value: 0.8412722171681117.[0m
[32m[I 2022-05-01 02:57:30,380][0m Trial 324 finished with value: 0.8367240116095556 and parameters: {'n_estimators': 123, 'min_samples_split': 0.0399390701626966, 'min_samples_leaf': 0.14562600170751447, 'min_weight_fraction_leaf': 0.05233082614203099, 'max_features': 0.5932654249192052, 'bootstrap': False, 'max_samples': 0.3829635904902961}. Best is trial 232 with value: 0.8412722171681117.[0m
[32m[I 2022-05-01 03:11:13,653][0m Trial 325 finished with value: 0.7864251586730672 and parameters: {'n_estimators': 130, 'min_samples_split': 0.06445067445556632, 'min_samples_leaf': 0.05526162735459553, 'min_weight_fraction_leaf': 0.03035461499999924, 'max_features': 0.8909634527343656, 'bootstrap': False, 'max_samples': 0.4476825216110677}. Best is trial 232 with value: 0.8412722171681117.[0m
[32m[I 2022-05-01 03:18:09,146][0m Trial 326 finished with value: 0.8410344235434952 and parameters: {'n_estimators': 117, 'min_samples_split': 0.21187407842417164, 'min_samples_leaf': 0.13561042384360128, 'min_weight_fraction_leaf': 0.014642861714970734, 'max_features': 0.8600240476629119, 'bootstrap': False, 'max_samples': 0.35384999560311653}. Best is trial 232 with value: 0.8412722171681117.[0m
[32m[I 2022-05-01 03:26:12,613][0m Trial 327 finished with value: 0.8355805657368155 and parameters: {'n_estimators': 122, 'min_samples_split': 0.20675573366669303, 'min_samples_leaf': 0.12007026551944744, 'min_weight_fraction_leaf': 0.019078677946954583, 'max_features': 0.8609885007968101, 'bootstrap': False, 'max_samples': 0.35602322748224097}. Best is trial 232 with value: 0.8412722171681117.[0m
[32m[I 2022-05-01 03:26:28,675][0m Trial 328 finished with value: 0.7437010346373557 and parameters: {'n_estimators': 114, 'min_samples_split': 0.014862652207723617, 'min_samples_leaf': 0.13476386729538056, 'min_weight_fraction_leaf': 0.033034913359570525, 'max_features': 0.8154063744624044, 'bootstrap': True, 'max_samples': 0.39827749182947275, 'oob_score': True}. Best is trial 232 with value: 0.8412722171681117.[0m
[32m[I 2022-05-01 03:33:10,988][0m Trial 329 finished with value: 0.8395660312657386 and parameters: {'n_estimators': 107, 'min_samples_split': 0.0362404744070976, 'min_samples_leaf': 0.12732543235739532, 'min_weight_fraction_leaf': 0.041782597526426206, 'max_features': 0.8799819893107022, 'bootstrap': False, 'max_samples': 0.32453973010914827}. Best is trial 232 with value: 0.8412722171681117.[0m
[32m[I 2022-05-01 03:36:16,656][0m Trial 330 finished with value: 0.7810605005122542 and parameters: {'n_estimators': 128, 'min_samples_split': 0.3608329805465826, 'min_samples_leaf': 0.2845787729407368, 'min_weight_fraction_leaf': 0.01662387627212422, 'max_features': 0.8430409921256197, 'bootstrap': False, 'max_samples': 0.3467843216925907}. Best is trial 232 with value: 0.8412722171681117.[0m
[32m[I 2022-05-01 03:43:06,447][0m Trial 331 finished with value: 0.821654897852788 and parameters: {'n_estimators': 118, 'min_samples_split': 0.19335719026279682, 'min_samples_leaf': 0.13901569802022945, 'min_weight_fraction_leaf': 0.18811011525250068, 'max_features': 0.9119765906431441, 'bootstrap': False, 'max_samples': 0.3743811930371204}. Best is trial 232 with value: 0.8412722171681117.[0m
[32m[I 2022-05-01 03:50:53,783][0m Trial 332 finished with value: 0.836430375878486 and parameters: {'n_estimators': 119, 'min_samples_split': 0.22253923168025702, 'min_samples_leaf': 0.11247185868940815, 'min_weight_fraction_leaf': 0.061090651579352825, 'max_features': 0.7953016269441885, 'bootstrap': False, 'max_samples': 0.29636038078121596}. Best is trial 232 with value: 0.8412722171681117.[0m
[32m[I 2022-05-01 03:58:22,429][0m Trial 333 finished with value: 0.8396826061759789 and parameters: {'n_estimators': 133, 'min_samples_split': 0.2083776334475257, 'min_samples_leaf': 0.1460388654601444, 'min_weight_fraction_leaf': 0.024873874115105728, 'max_features': 0.8689468421382104, 'bootstrap': False, 'max_samples': 0.42560601915528207}. Best is trial 232 with value: 0.8412722171681117.[0m
[32m[I 2022-05-01 04:04:43,267][0m Trial 334 finished with value: 0.8394341317839735 and parameters: {'n_estimators': 112, 'min_samples_split': 0.21607590881500685, 'min_samples_leaf': 0.13453648218957145, 'min_weight_fraction_leaf': 0.007468105459582739, 'max_features': 0.8356588445121051, 'bootstrap': False, 'max_samples': 0.47646335411990126}. Best is trial 232 with value: 0.8412722171681117.[0m
[32m[I 2022-05-01 04:11:21,190][0m Trial 335 finished with value: 0.8397494280890646 and parameters: {'n_estimators': 126, 'min_samples_split': 0.0214909484341202, 'min_samples_leaf': 0.15058600861126217, 'min_weight_fraction_leaf': 0.00018815818112621896, 'max_features': 0.8558183485634777, 'bootstrap': False, 'max_samples': 0.40426235973375163}. Best is trial 232 with value: 0.8412722171681117.[0m
[32m[I 2022-05-01 04:19:32,897][0m Trial 336 finished with value: 0.838337862770198 and parameters: {'n_estimators': 138, 'min_samples_split': 0.2668440527105658, 'min_samples_leaf': 0.12635981396870405, 'min_weight_fraction_leaf': 0.04998372213519123, 'max_features': 0.8229055117318378, 'bootstrap': False, 'max_samples': 0.35969507265412265}. Best is trial 232 with value: 0.8412722171681117.[0m
[32m[I 2022-05-01 04:27:05,819][0m Trial 337 finished with value: 0.8378741658471032 and parameters: {'n_estimators': 129, 'min_samples_split': 0.24898820827055432, 'min_samples_leaf': 0.140600415709016, 'min_weight_fraction_leaf': 0.013087375892402872, 'max_features': 0.8894075814812511, 'bootstrap': False, 'max_samples': 0.960769068410019}. Best is trial 232 with value: 0.8412722171681117.[0m
[32m[I 2022-05-01 04:35:58,065][0m Trial 338 finished with value: 0.834195381699268 and parameters: {'n_estimators': 117, 'min_samples_split': 0.2765370634438852, 'min_samples_leaf': 0.10248543528963812, 'min_weight_fraction_leaf': 0.08755774836416566, 'max_features': 0.8692543662656234, 'bootstrap': False, 'max_samples': 0.3842160105336377}. Best is trial 232 with value: 0.8412722171681117.[0m
[32m[I 2022-05-01 04:37:41,730][0m Trial 339 finished with value: 0.7467346977454454 and parameters: {'n_estimators': 123, 'min_samples_split': 0.048833780841362126, 'min_samples_leaf': 0.35680954831115935, 'min_weight_fraction_leaf': 0.06713703828338763, 'max_features': 0.8449821733018416, 'bootstrap': False, 'max_samples': 0.3403218356238072}. Best is trial 232 with value: 0.8412722171681117.[0m
[32m[I 2022-05-01 04:44:34,174][0m Trial 340 finished with value: 0.8386200214516565 and parameters: {'n_estimators': 138, 'min_samples_split': 0.2578182725182842, 'min_samples_leaf': 0.15303632133862166, 'min_weight_fraction_leaf': 0.03645187220431758, 'max_features': 0.810320948087466, 'bootstrap': False, 'max_samples': 0.43266334168464443}. Best is trial 232 with value: 0.8412722171681117.[0m
[32m[I 2022-05-01 04:51:31,057][0m Trial 341 finished with value: 0.8376876805259716 and parameters: {'n_estimators': 111, 'min_samples_split': 0.21267911017582225, 'min_samples_leaf': 0.13343781891142648, 'min_weight_fraction_leaf': 0.026199354683267034, 'max_features': 0.9054107347891279, 'bootstrap': False, 'max_samples': 0.4586730942834894}. Best is trial 232 with value: 0.8412722171681117.[0m
[32m[I 2022-05-01 04:55:35,319][0m Trial 342 finished with value: 0.8357736267794824 and parameters: {'n_estimators': 103, 'min_samples_split': 0.2884765139471373, 'min_samples_leaf': 0.12191197872423476, 'min_weight_fraction_leaf': 0.016315910195099807, 'max_features': 0.4782397791903162, 'bootstrap': False, 'max_samples': 0.3663700877416204}. Best is trial 232 with value: 0.8412722171681117.[0m
[32m[I 2022-05-01 05:02:10,756][0m Trial 343 finished with value: 0.8392785418307623 and parameters: {'n_estimators': 129, 'min_samples_split': 0.23592871832188753, 'min_samples_leaf': 0.15494006702085705, 'min_weight_fraction_leaf': 0.010675380612753587, 'max_features': 0.8582107497412983, 'bootstrap': False, 'max_samples': 0.33189123640127516}. Best is trial 232 with value: 0.8412722171681117.[0m
[32m[I 2022-05-01 05:09:24,510][0m Trial 344 finished with value: 0.8392895673022369 and parameters: {'n_estimators': 133, 'min_samples_split': 0.2656180964817537, 'min_samples_leaf': 0.14353919496291906, 'min_weight_fraction_leaf': 0.0004304103844977687, 'max_features': 0.8304325505236833, 'bootstrap': False, 'max_samples': 0.40979546751436097}. Best is trial 232 with value: 0.8412722171681117.[0m
[32m[I 2022-05-01 05:16:09,458][0m Trial 345 finished with value: 0.7785918072137793 and parameters: {'n_estimators': 143, 'min_samples_split': 0.1993260863228267, 'min_samples_leaf': 0.16162404676990597, 'min_weight_fraction_leaf': 0.2939235647868137, 'max_features': 0.8814378451955611, 'bootstrap': False, 'max_samples': 0.38619067814083013}. Best is trial 232 with value: 0.8412722171681117.[0m
[32m[I 2022-05-01 05:24:19,885][0m Trial 346 finished with value: 0.8367037254095043 and parameters: {'n_estimators': 123, 'min_samples_split': 0.18347899423152086, 'min_samples_leaf': 0.1092433457082594, 'min_weight_fraction_leaf': 0.044693211085668705, 'max_features': 0.7867396106187863, 'bootstrap': False, 'max_samples': 0.3032707998636783}. Best is trial 232 with value: 0.8412722171681117.[0m
[32m[I 2022-05-01 05:24:40,179][0m Trial 347 finished with value: 0.7439632281719647 and parameters: {'n_estimators': 133, 'min_samples_split': 0.24840427718523578, 'min_samples_leaf': 0.13860022258099275, 'min_weight_fraction_leaf': 0.023122847141777685, 'max_features': 0.8513987926861512, 'bootstrap': True, 'max_samples': 0.4227307629043076, 'oob_score': True}. Best is trial 232 with value: 0.8412722171681117.[0m
[32m[I 2022-05-01 05:31:58,455][0m Trial 348 finished with value: 0.8392621221610028 and parameters: {'n_estimators': 140, 'min_samples_split': 0.21741080484826872, 'min_samples_leaf': 0.14866285824869213, 'min_weight_fraction_leaf': 0.03234853249685224, 'max_features': 0.8254684224374723, 'bootstrap': False, 'max_samples': 0.32028532432252005}. Best is trial 232 with value: 0.8412722171681117.[0m
