[32m[I 2022-05-02 11:41:51,792][0m Trial 565 finished with value: 0.8395130874988255 and parameters: {'n_estimators': 146, 'min_samples_split': 0.24173035669826154, 'min_samples_leaf': 0.15486642198945813, 'min_weight_fraction_leaf': 0.025044502009006653, 'max_features': 0.8476161629198581, 'bootstrap': False, 'max_samples': 0.35446487417238004}. Best is trial 376 with value: 0.8413011491451163.[0m
[32m[I 2022-05-02 11:48:13,088][0m Trial 566 finished with value: 0.8383093796684957 and parameters: {'n_estimators': 129, 'min_samples_split': 0.1901128063019699, 'min_samples_leaf': 0.13501417315668615, 'min_weight_fraction_leaf': 0.00909354930972214, 'max_features': 0.7062212195564536, 'bootstrap': False, 'max_samples': 0.4577464907579958}. Best is trial 376 with value: 0.8413011491451163.[0m
[32m[I 2022-05-02 11:55:47,918][0m Trial 567 finished with value: 0.8397552951303725 and parameters: {'n_estimators': 138, 'min_samples_split': 0.03205684336527173, 'min_samples_leaf': 0.1449917034706972, 'min_weight_fraction_leaf': 0.03531781165284427, 'max_features': 0.8676035514651952, 'bootstrap': False, 'max_samples': 0.7739806812380015}. Best is trial 376 with value: 0.8413011491451163.[0m
[32m[I 2022-05-02 12:05:28,657][0m Trial 568 finished with value: 0.838642969755832 and parameters: {'n_estimators': 165, 'min_samples_split': 0.014097332474068053, 'min_samples_leaf': 0.12923288265095714, 'min_weight_fraction_leaf': 0.0011656639063236107, 'max_features': 0.8223488102512083, 'bootstrap': False, 'max_samples': 0.3857462328359055}. Best is trial 376 with value: 0.8413011491451163.[0m
[32m[I 2022-05-02 12:13:11,584][0m Trial 569 finished with value: 0.8359683201847365 and parameters: {'n_estimators': 120, 'min_samples_split': 0.230564500943039, 'min_samples_leaf': 0.11600473651822452, 'min_weight_fraction_leaf': 0.0004580146526251862, 'max_features': 0.8437385871828467, 'bootstrap': False, 'max_samples': 0.3438558010598216}. Best is trial 376 with value: 0.8413011491451163.[0m
[32m[I 2022-05-02 12:23:36,264][0m Trial 570 finished with value: 0.8164464223449436 and parameters: {'n_estimators': 108, 'min_samples_split': 0.2634646315017021, 'min_samples_leaf': 0.0626464441992457, 'min_weight_fraction_leaf': 0.019264848182239377, 'max_features': 0.8983211649053917, 'bootstrap': False, 'max_samples': 0.02687507258694358}. Best is trial 376 with value: 0.8413011491451163.[0m
[32m[I 2022-05-02 12:29:49,624][0m Trial 571 finished with value: 0.8167113223033026 and parameters: {'n_estimators': 134, 'min_samples_split': 0.49933809188729694, 'min_samples_leaf': 0.16727615021397083, 'min_weight_fraction_leaf': 0.016808074983704124, 'max_features': 0.8657122355950294, 'bootstrap': False, 'max_samples': 0.2959480587118074}. Best is trial 376 with value: 0.8413011491451163.[0m
[32m[I 2022-05-02 12:38:18,890][0m Trial 572 finished with value: 0.8393104489512005 and parameters: {'n_estimators': 154, 'min_samples_split': 0.27161826355224605, 'min_samples_leaf': 0.13983320246481096, 'min_weight_fraction_leaf': 0.04543895887091766, 'max_features': 0.8317954606852351, 'bootstrap': False, 'max_samples': 0.4434270996316054}. Best is trial 376 with value: 0.8413011491451163.[0m
[32m[I 2022-05-02 12:45:55,786][0m Trial 573 finished with value: 0.8389476376821431 and parameters: {'n_estimators': 143, 'min_samples_split': 0.2517672474728181, 'min_samples_leaf': 0.15508324854204814, 'min_weight_fraction_leaf': 0.029313267161075584, 'max_features': 0.8789236578510514, 'bootstrap': False, 'max_samples': 0.4030543943205678}. Best is trial 376 with value: 0.8413011491451163.[0m
[32m[I 2022-05-02 12:53:07,523][0m Trial 574 finished with value: 0.8367555399140599 and parameters: {'n_estimators': 116, 'min_samples_split': 0.22342008590191656, 'min_samples_leaf': 0.12627377939096618, 'min_weight_fraction_leaf': 0.009922038876990617, 'max_features': 0.8557730428125053, 'bootstrap': False, 'max_samples': 0.3709593297687095}. Best is trial 376 with value: 0.8413011491451163.[0m
[32m[I 2022-05-02 12:59:53,419][0m Trial 575 finished with value: 0.840238281790508 and parameters: {'n_estimators': 123, 'min_samples_split': 0.23781977846445462, 'min_samples_leaf': 0.13870582407842852, 'min_weight_fraction_leaf': 0.020430082753109577, 'max_features': 0.8087778231695025, 'bootstrap': False, 'max_samples': 0.3305160686141769}. Best is trial 376 with value: 0.8413011491451163.[0m
[32m[I 2022-05-02 13:07:15,316][0m Trial 576 finished with value: 0.8379111170713515 and parameters: {'n_estimators': 129, 'min_samples_split': 0.20634480048856407, 'min_samples_leaf': 0.1477520027132629, 'min_weight_fraction_leaf': 0.032604608452259244, 'max_features': 0.9208417516352739, 'bootstrap': False, 'max_samples': 0.3894291778854484}. Best is trial 376 with value: 0.8413011491451163.[0m
[32m[I 2022-05-02 13:12:12,922][0m Trial 577 finished with value: 0.8384201813489559 and parameters: {'n_estimators': 111, 'min_samples_split': 0.2487642589327002, 'min_samples_leaf': 0.1324309299111988, 'min_weight_fraction_leaf': 0.0007314535875594733, 'max_features': 0.5833345921159918, 'bootstrap': False, 'max_samples': 0.34740215109101363}. Best is trial 376 with value: 0.8413011491451163.[0m
[32m[I 2022-05-02 13:23:20,309][0m Trial 578 finished with value: 0.836027704339579 and parameters: {'n_estimators': 160, 'min_samples_split': 0.1951704176746918, 'min_samples_leaf': 0.10315028452067349, 'min_weight_fraction_leaf': 0.04456964676650284, 'max_features': 0.8368729513171406, 'bootstrap': False, 'max_samples': 0.4820295971702479}. Best is trial 376 with value: 0.8413011491451163.[0m
[32m[I 2022-05-02 13:34:37,100][0m Trial 579 finished with value: 0.8357757170798378 and parameters: {'n_estimators': 189, 'min_samples_split': 0.22852555538996533, 'min_samples_leaf': 0.11752159917201975, 'min_weight_fraction_leaf': 0.01452643191676431, 'max_features': 0.7687736083259, 'bootstrap': False, 'max_samples': 0.4223475201156139}. Best is trial 376 with value: 0.8413011491451163.[0m
[32m[I 2022-05-02 13:42:31,286][0m Trial 580 finished with value: 0.8377116286947327 and parameters: {'n_estimators': 147, 'min_samples_split': 0.2567317567124339, 'min_samples_leaf': 0.1573185040561214, 'min_weight_fraction_leaf': 0.024894392417922465, 'max_features': 0.8845239899980385, 'bootstrap': False, 'max_samples': 0.2594199342711454}. Best is trial 376 with value: 0.8413011491451163.[0m
[32m[I 2022-05-02 13:43:36,556][0m Trial 581 finished with value: 0.7798623250375643 and parameters: {'n_estimators': 173, 'min_samples_split': 0.27283325452345464, 'min_samples_leaf': 0.14412554449069592, 'min_weight_fraction_leaf': 0.008013086569505473, 'max_features': 0.8565513254517165, 'bootstrap': True, 'max_samples': 0.683360563468445, 'oob_score': False}. Best is trial 376 with value: 0.8413011491451163.[0m
[32m[I 2022-05-02 13:50:50,372][0m Trial 582 finished with value: 0.8391423243448031 and parameters: {'n_estimators': 123, 'min_samples_split': 0.23852651615041673, 'min_samples_leaf': 0.1296427183585617, 'min_weight_fraction_leaf': 0.0354925983396769, 'max_features': 0.8223543650956691, 'bootstrap': False, 'max_samples': 0.018309232107501055}. Best is trial 376 with value: 0.8413011491451163.[0m
[32m[I 2022-05-02 13:58:29,918][0m Trial 583 finished with value: 0.8384890238733759 and parameters: {'n_estimators': 139, 'min_samples_split': 0.2167172741261355, 'min_samples_leaf': 0.15064260429944187, 'min_weight_fraction_leaf': 0.013605549120521001, 'max_features': 0.904829569764218, 'bootstrap': False, 'max_samples': 0.36422596604104734}. Best is trial 376 with value: 0.8413011491451163.[0m
[32m[I 2022-05-02 13:59:40,961][0m Trial 584 finished with value: 0.8070985857633681 and parameters: {'n_estimators': 133, 'min_samples_split': 0.2638196855618237, 'min_samples_leaf': 0.1661994230212174, 'min_weight_fraction_leaf': 0.00018773926693023928, 'max_features': 0.12569882347694394, 'bootstrap': False, 'max_samples': 0.307848328140083}. Best is trial 376 with value: 0.8413011491451163.[0m
[32m[I 2022-05-02 14:06:13,579][0m Trial 585 finished with value: 0.8399090432300612 and parameters: {'n_estimators': 116, 'min_samples_split': 0.24482501019134323, 'min_samples_leaf': 0.13746993978681782, 'min_weight_fraction_leaf': 0.024917870716138206, 'max_features': 0.7959381201646364, 'bootstrap': False, 'max_samples': 0.3790090367805784}. Best is trial 376 with value: 0.8413011491451163.[0m
[32m[I 2022-05-02 14:07:05,246][0m Trial 586 finished with value: 0.7176659660007892 and parameters: {'n_estimators': 128, 'min_samples_split': 0.23041134156013998, 'min_samples_leaf': 0.4301258598871823, 'min_weight_fraction_leaf': 0.04801940909137799, 'max_features': 0.8685016316870305, 'bootstrap': False, 'max_samples': 0.40302360864285314}. Best is trial 376 with value: 0.8413011491451163.[0m
[32m[I 2022-05-02 14:52:30,701][0m Trial 587 finished with value: 0.8356971355070689 and parameters: {'n_estimators': 745, 'min_samples_split': 0.04761324203200126, 'min_samples_leaf': 0.11970915365626503, 'min_weight_fraction_leaf': 0.01744208007063025, 'max_features': 0.8438376167694184, 'bootstrap': False, 'max_samples': 0.0013524872616444852}. Best is trial 376 with value: 0.8413011491451163.[0m
[32m[I 2022-05-02 15:40:13,851][0m Trial 588 finished with value: 0.8378551773549653 and parameters: {'n_estimators': 891, 'min_samples_split': 0.20868791155724273, 'min_samples_leaf': 0.15010477897096783, 'min_weight_fraction_leaf': 0.11764493217396124, 'max_features': 0.8840037461115156, 'bootstrap': False, 'max_samples': 0.3272576673224237}. Best is trial 376 with value: 0.8413011491451163.[0m
[32m[I 2022-05-02 15:48:21,200][0m Trial 589 finished with value: 0.8391035664264329 and parameters: {'n_estimators': 140, 'min_samples_split': 0.2873941608987007, 'min_samples_leaf': 0.1323707692340988, 'min_weight_fraction_leaf': 0.00908950525775771, 'max_features': 0.8542774005997412, 'bootstrap': False, 'max_samples': 0.4406223528442613}. Best is trial 376 with value: 0.8413011491451163.[0m
[32m[I 2022-05-02 15:58:38,294][0m Trial 590 finished with value: 0.835481084994505 and parameters: {'n_estimators': 150, 'min_samples_split': 0.25327640091140324, 'min_samples_leaf': 0.10845815411770694, 'min_weight_fraction_leaf': 0.03886904532757754, 'max_features': 0.8322910182966627, 'bootstrap': False, 'max_samples': 0.340478356526454}. Best is trial 376 with value: 0.8413011491451163.[0m
[32m[I 2022-05-02 16:04:41,540][0m Trial 591 finished with value: 0.8390687658000069 and parameters: {'n_estimators': 111, 'min_samples_split': 0.1031222026610158, 'min_samples_leaf': 0.14202158335447382, 'min_weight_fraction_leaf': 0.02815731176100261, 'max_features': 0.8149447657685363, 'bootstrap': False, 'max_samples': 0.7208118934701216}. Best is trial 376 with value: 0.8413011491451163.[0m
[32m[I 2022-05-02 16:12:09,416][0m Trial 592 finished with value: 0.8358072255234059 and parameters: {'n_estimators': 118, 'min_samples_split': 0.23783875342363417, 'min_samples_leaf': 0.12432245186771475, 'min_weight_fraction_leaf': 0.00030589091168996274, 'max_features': 0.8682133287346566, 'bootstrap': False, 'max_samples': 0.36229847807645926}. Best is trial 376 with value: 0.8413011491451163.[0m
[32m[I 2022-05-02 16:18:48,564][0m Trial 593 finished with value: 0.837366321803344 and parameters: {'n_estimators': 125, 'min_samples_split': 0.22550212367309375, 'min_samples_leaf': 0.15956227701162706, 'min_weight_fraction_leaf': 0.018004686403922117, 'max_features': 0.9007710522196954, 'bootstrap': False, 'max_samples': 0.3858361804932582}. Best is trial 376 with value: 0.8413011491451163.[0m
[32m[I 2022-05-02 16:23:47,711][0m Trial 594 finished with value: 0.7493868160938654 and parameters: {'n_estimators': 132, 'min_samples_split': 0.2668786172787007, 'min_samples_leaf': 0.13827871337179246, 'min_weight_fraction_leaf': 0.3472219499360851, 'max_features': 0.8485323852904045, 'bootstrap': False, 'max_samples': 0.415092220285863}. Best is trial 376 with value: 0.8413011491451163.[0m
[32m[I 2022-05-02 16:34:12,741][0m Trial 595 finished with value: 0.837039826705374 and parameters: {'n_estimators': 183, 'min_samples_split': 0.27681896927459776, 'min_samples_leaf': 0.1500371195309435, 'min_weight_fraction_leaf': 0.05286674762735773, 'max_features': 0.9385146317130695, 'bootstrap': False, 'max_samples': 0.30934105499795406}. Best is trial 376 with value: 0.8413011491451163.[0m
[32m[I 2022-05-02 16:43:50,115][0m Trial 596 finished with value: 0.836731675592992 and parameters: {'n_estimators': 154, 'min_samples_split': 0.1993507741461756, 'min_samples_leaf': 0.12602692805984098, 'min_weight_fraction_leaf': 0.00839211551915801, 'max_features': 0.8791321956510953, 'bootstrap': False, 'max_samples': 0.4592564438303756}. Best is trial 376 with value: 0.8413011491451163.[0m
[32m[I 2022-05-02 16:49:48,451][0m Trial 597 finished with value: 0.8387214747434513 and parameters: {'n_estimators': 105, 'min_samples_split': 0.3050526404080104, 'min_samples_leaf': 0.13664458361883786, 'min_weight_fraction_leaf': 0.03468770300086075, 'max_features': 0.8305984742940827, 'bootstrap': False, 'max_samples': 0.35684107269665194}. Best is trial 376 with value: 0.8413011491451163.[0m
[32m[I 2022-05-02 17:04:51,460][0m Trial 598 finished with value: 0.8374411166850384 and parameters: {'n_estimators': 247, 'min_samples_split': 0.02169326066710882, 'min_samples_leaf': 0.11414898560337171, 'min_weight_fraction_leaf': 0.025412379999754573, 'max_features': 0.7927453043623311, 'bootstrap': False, 'max_samples': 0.03245486509940722}. Best is trial 376 with value: 0.8413011491451163.[0m
[32m[I 2022-05-02 17:11:05,544][0m Trial 599 finished with value: 0.8391779018881657 and parameters: {'n_estimators': 122, 'min_samples_split': 0.21577080848792068, 'min_samples_leaf': 0.1589716216527454, 'min_weight_fraction_leaf': 0.015932453600075527, 'max_features': 0.8599237023907119, 'bootstrap': False, 'max_samples': 0.3963980842886407}. Best is trial 376 with value: 0.8413011491451163.[0m
[32m[I 2022-05-02 17:11:18,703][0m Trial 600 finished with value: 0.7237230725457157 and parameters: {'n_estimators': 164, 'min_samples_split': 0.24774095923040873, 'min_samples_leaf': 0.17167389631095997, 'min_weight_fraction_leaf': 0.06723638141891537, 'max_features': 0.8448768175874255, 'bootstrap': True, 'max_samples': 0.4327456313498686, 'oob_score': True}. Best is trial 376 with value: 0.8413011491451163.[0m
[32m[I 2022-05-02 17:18:53,118][0m Trial 601 finished with value: 0.8391369164926594 and parameters: {'n_estimators': 141, 'min_samples_split': 0.2565441145468402, 'min_samples_leaf': 0.1455483806524884, 'min_weight_fraction_leaf': 0.00876941594929226, 'max_features': 0.8183155100719846, 'bootstrap': False, 'max_samples': 0.3753406663397986}. Best is trial 376 with value: 0.8413011491451163.[0m
[32m[I 2022-05-02 17:27:20,376][0m Trial 602 finished with value: 0.8390214625129951 and parameters: {'n_estimators': 131, 'min_samples_split': 0.23454723525806898, 'min_samples_leaf': 0.12995560294916572, 'min_weight_fraction_leaf': 0.04267703214749581, 'max_features': 0.8915789275768738, 'bootstrap': False, 'max_samples': 0.33729301478109647}. Best is trial 376 with value: 0.8413011491451163.[0m
[32m[I 2022-05-02 17:33:55,799][0m Trial 603 finished with value: 0.8399048058727667 and parameters: {'n_estimators': 115, 'min_samples_split': 0.2219659907489256, 'min_samples_leaf': 0.14215037659240723, 'min_weight_fraction_leaf': 0.0004969166203015532, 'max_features': 0.8700519003228974, 'bootstrap': False, 'max_samples': 0.4135123166859518}. Best is trial 376 with value: 0.8413011491451163.[0m
[32m[I 2022-05-02 17:43:06,558][0m Trial 604 finished with value: 0.8369430815307026 and parameters: {'n_estimators': 146, 'min_samples_split': 0.2589526066897663, 'min_samples_leaf': 0.11996101929202327, 'min_weight_fraction_leaf': 0.02140092156200244, 'max_features': 0.8399222077743039, 'bootstrap': False, 'max_samples': 0.045670596047154274}. Best is trial 376 with value: 0.8413011491451163.[0m
[32m[I 2022-05-02 17:50:45,494][0m Trial 605 finished with value: 0.8376617620436313 and parameters: {'n_estimators': 137, 'min_samples_split': 0.05849864161992569, 'min_samples_leaf': 0.15285963942147554, 'min_weight_fraction_leaf': 0.029552923437410682, 'max_features': 0.918306083646902, 'bootstrap': False, 'max_samples': 0.31833424060739557}. Best is trial 376 with value: 0.8413011491451163.[0m
[32m[I 2022-05-02 17:57:44,080][0m Trial 606 finished with value: 0.8171520338183111 and parameters: {'n_estimators': 127, 'min_samples_split': 0.46831148991884564, 'min_samples_leaf': 0.13169942505873777, 'min_weight_fraction_leaf': 0.01123601338800794, 'max_features': 0.8609875816553323, 'bootstrap': False, 'max_samples': 0.38392314024387875}. Best is trial 376 with value: 0.8413011491451163.[0m
[32m[I 2022-05-02 18:04:10,646][0m Trial 607 finished with value: 0.8392228870138965 and parameters: {'n_estimators': 120, 'min_samples_split': 0.18446379438316235, 'min_samples_leaf': 0.1441204425043318, 'min_weight_fraction_leaf': 0.0525173634533907, 'max_features': 0.8150335650221915, 'bootstrap': False, 'max_samples': 0.29144070233197955}. Best is trial 376 with value: 0.8413011491451163.[0m
[32m[I 2022-05-02 18:09:44,101][0m Trial 608 finished with value: 0.8391758952651946 and parameters: {'n_estimators': 112, 'min_samples_split': 0.24651889369131796, 'min_samples_leaf': 0.16149044070882732, 'min_weight_fraction_leaf': 0.018299789070747155, 'max_features': 0.8399661455484863, 'bootstrap': False, 'max_samples': 0.3507318501469541}. Best is trial 376 with value: 0.8413011491451163.[0m
[32m[I 2022-05-02 18:28:57,508][0m Trial 609 finished with value: 0.7761954680331504 and parameters: {'n_estimators': 364, 'min_samples_split': 0.03787819425245827, 'min_samples_leaf': 0.1242765667937201, 'min_weight_fraction_leaf': 0.27359132223478194, 'max_features': 0.8823238006466532, 'bootstrap': False, 'max_samples': 0.8062513671914803}. Best is trial 376 with value: 0.8413011491451163.[0m
[32m[I 2022-05-02 18:38:43,569][0m Trial 610 finished with value: 0.8390951624179541 and parameters: {'n_estimators': 172, 'min_samples_split': 0.2761368380235617, 'min_samples_leaf': 0.1341626026247491, 'min_weight_fraction_leaf': 0.03776457580173573, 'max_features': 0.8564948322932977, 'bootstrap': False, 'max_samples': 0.525599195479126}. Best is trial 376 with value: 0.8413011491451163.[0m
[32m[I 2022-05-02 18:47:12,005][0m Trial 611 finished with value: 0.8381688920063178 and parameters: {'n_estimators': 156, 'min_samples_split': 0.2120944491137573, 'min_samples_leaf': 0.1530778490848922, 'min_weight_fraction_leaf': 0.00014815776723333795, 'max_features': 0.8943616773055739, 'bootstrap': False, 'max_samples': 0.4027151688429665}. Best is trial 376 with value: 0.8413011491451163.[0m
[32m[I 2022-05-02 18:56:05,651][0m Trial 612 finished with value: 0.8388712406095131 and parameters: {'n_estimators': 135, 'min_samples_split': 0.2663566653201224, 'min_samples_leaf': 0.10753853497208099, 'min_weight_fraction_leaf': 0.00987517381878331, 'max_features': 0.7905920004992549, 'bootstrap': False, 'max_samples': 0.4682061386715051}. Best is trial 376 with value: 0.8413011491451163.[0m
[32m[I 2022-05-02 18:59:10,399][0m Trial 613 finished with value: 0.8258955742578072 and parameters: {'n_estimators': 100, 'min_samples_split': 0.07382659740077063, 'min_samples_leaf': 0.139131632833199, 'min_weight_fraction_leaf': 0.024491321592166198, 'max_features': 0.38329932031762026, 'bootstrap': False, 'max_samples': 0.3634565566606552}. Best is trial 376 with value: 0.8413011491451163.[0m
[32m[I 2022-05-02 19:10:50,988][0m Trial 614 finished with value: 0.8365102639620396 and parameters: {'n_estimators': 194, 'min_samples_split': 0.23602003042105538, 'min_samples_leaf': 0.12205163180813557, 'min_weight_fraction_leaf': 0.10561085844326296, 'max_features': 0.8268386086616726, 'bootstrap': False, 'max_samples': 0.4354744228257266}. Best is trial 376 with value: 0.8413011491451163.[0m
[32m[I 2022-05-02 19:17:45,844][0m Trial 615 finished with value: 0.8399145192174376 and parameters: {'n_estimators': 126, 'min_samples_split': 0.202322521866933, 'min_samples_leaf': 0.14752456558048657, 'min_weight_fraction_leaf': 0.06334329259757011, 'max_features': 0.8699183083548301, 'bootstrap': False, 'max_samples': 0.33865255206633466}. Best is trial 376 with value: 0.8413011491451163.[0m
[32m[I 2022-05-02 19:23:29,888][0m Trial 616 finished with value: 0.8395171745656789 and parameters: {'n_estimators': 119, 'min_samples_split': 0.2248308088277049, 'min_samples_leaf': 0.16659593128548159, 'min_weight_fraction_leaf': 0.01786688661509593, 'max_features': 0.8439918141453663, 'bootstrap': False, 'max_samples': 0.0018110026724827012}. Best is trial 376 with value: 0.8413011491451163.[0m
[32m[I 2022-05-02 19:31:43,437][0m Trial 617 finished with value: 0.8390543475223542 and parameters: {'n_estimators': 147, 'min_samples_split': 0.2465030482741489, 'min_samples_leaf': 0.13278939615852312, 'min_weight_fraction_leaf': 0.030241673523725483, 'max_features': 0.805492755871373, 'bootstrap': False, 'max_samples': 0.3743632034604738}. Best is trial 376 with value: 0.8413011491451163.[0m
[32m[I 2022-05-02 19:39:14,565][0m Trial 618 finished with value: 0.8393566938437085 and parameters: {'n_estimators': 108, 'min_samples_split': 0.2912431818737287, 'min_samples_leaf': 0.11421855927308626, 'min_weight_fraction_leaf': 0.011317451360342682, 'max_features': 0.9102560956044482, 'bootstrap': False, 'max_samples': 0.41997914449342527}. Best is trial 376 with value: 0.8413011491451163.[0m
