[32m[I 2022-04-26 17:47:56,567][0m Trial 648 finished with value: 0.91976148892298 and parameters: {'n_estimators': 204, 'min_samples_split': 0.24211556810162085, 'min_samples_leaf': 0.14047195065665058, 'min_weight_fraction_leaf': 0.017786384239312503, 'max_features': 0.8199290505943051, 'bootstrap': False, 'max_samples': 0.49320914174186653}. Best is trial 272 with value: 0.9207214438111938.[0m
[32m[I 2022-04-26 17:59:37,467][0m Trial 649 finished with value: 0.9202934704491682 and parameters: {'n_estimators': 193, 'min_samples_split': 0.17781091120125758, 'min_samples_leaf': 0.12765489364102978, 'min_weight_fraction_leaf': 0.04372793888001433, 'max_features': 0.85928892217399, 'bootstrap': False, 'max_samples': 0.21316640535728376}. Best is trial 272 with value: 0.9207214438111938.[0m
[32m[I 2022-04-26 18:11:36,096][0m Trial 650 finished with value: 0.9187630069392659 and parameters: {'n_estimators': 179, 'min_samples_split': 0.16735950247970582, 'min_samples_leaf': 0.11406516582993823, 'min_weight_fraction_leaf': 0.04836857871998661, 'max_features': 0.8772752378375988, 'bootstrap': False, 'max_samples': 0.24956431279901653}. Best is trial 272 with value: 0.9207214438111938.[0m
[32m[I 2022-04-26 18:24:53,848][0m Trial 651 finished with value: 0.9111328929779396 and parameters: {'n_estimators': 171, 'min_samples_split': 0.1517463920290782, 'min_samples_leaf': 0.09786833912274995, 'min_weight_fraction_leaf': 0.06313605411870789, 'max_features': 0.8623184217285207, 'bootstrap': False, 'max_samples': 0.33080648279589464}. Best is trial 272 with value: 0.9207214438111938.[0m
[32m[I 2022-04-26 18:36:49,120][0m Trial 652 finished with value: 0.9200018638320714 and parameters: {'n_estimators': 189, 'min_samples_split': 0.17995864925901175, 'min_samples_leaf': 0.12765114376782802, 'min_weight_fraction_leaf': 0.04325705067049686, 'max_features': 0.8947053024962147, 'bootstrap': False, 'max_samples': 0.24026882346999995}. Best is trial 272 with value: 0.9207214438111938.[0m
[32m[I 2022-04-26 18:36:53,778][0m Trial 653 finished with value: 0.8616558968027472 and parameters: {'n_estimators': 135, 'min_samples_split': 0.2140306242973687, 'min_samples_leaf': 0.11806352513311084, 'min_weight_fraction_leaf': 0.07475751368506071, 'max_features': 0.918675342178573, 'bootstrap': True, 'max_samples': 0.27852123192320377, 'oob_score': False}. Best is trial 272 with value: 0.9207214438111938.[0m
[32m[I 2022-04-26 18:48:31,978][0m Trial 654 finished with value: 0.9199366249543086 and parameters: {'n_estimators': 193, 'min_samples_split': 0.13929224902388387, 'min_samples_leaf': 0.12880603526000892, 'min_weight_fraction_leaf': 0.05490741830327303, 'max_features': 0.8557305989301685, 'bootstrap': False, 'max_samples': 0.2766326871990464}. Best is trial 272 with value: 0.9207214438111938.[0m
[32m[I 2022-04-26 18:59:58,791][0m Trial 655 finished with value: 0.9177148152032238 and parameters: {'n_estimators': 181, 'min_samples_split': 0.2329627472155759, 'min_samples_leaf': 0.12122550361653547, 'min_weight_fraction_leaf': 0.0627060287346903, 'max_features': 0.8795620629177479, 'bootstrap': False, 'max_samples': 0.37143351795793467}. Best is trial 272 with value: 0.9207214438111938.[0m
[32m[I 2022-04-26 19:12:48,304][0m Trial 656 finished with value: 0.9180955873071607 and parameters: {'n_estimators': 188, 'min_samples_split': 0.19579957185106125, 'min_samples_leaf': 0.11101201174937711, 'min_weight_fraction_leaf': 0.05635735152225042, 'max_features': 0.8372133723709407, 'bootstrap': False, 'max_samples': 0.15318125540971186}. Best is trial 272 with value: 0.9207214438111938.[0m
[32m[I 2022-04-26 19:21:38,188][0m Trial 657 finished with value: 0.919523072658073 and parameters: {'n_estimators': 156, 'min_samples_split': 0.25054007795774147, 'min_samples_leaf': 0.13269702875135367, 'min_weight_fraction_leaf': 0.041405697696005335, 'max_features': 0.7924966268872099, 'bootstrap': False, 'max_samples': 0.21910516974415434}. Best is trial 272 with value: 0.9207214438111938.[0m
[32m[I 2022-04-26 19:29:53,472][0m Trial 658 finished with value: 0.920046795127627 and parameters: {'n_estimators': 140, 'min_samples_split': 0.1632557794608521, 'min_samples_leaf': 0.13679732025792835, 'min_weight_fraction_leaf': 0.04050883610657945, 'max_features': 0.8620410379221869, 'bootstrap': False, 'max_samples': 0.31497434196407564}. Best is trial 272 with value: 0.9207214438111938.[0m
[32m[I 2022-04-26 19:36:40,629][0m Trial 659 finished with value: 0.9195065083624299 and parameters: {'n_estimators': 128, 'min_samples_split': 0.20576333314585954, 'min_samples_leaf': 0.1454388454425545, 'min_weight_fraction_leaf': 0.084193945704992, 'max_features': 0.8240381086185334, 'bootstrap': False, 'max_samples': 0.44543023721613906}. Best is trial 272 with value: 0.9207214438111938.[0m
[32m[I 2022-04-26 19:44:57,786][0m Trial 660 finished with value: 0.9089537173593119 and parameters: {'n_estimators': 149, 'min_samples_split': 0.4677666335381089, 'min_samples_leaf': 0.12441908563570984, 'min_weight_fraction_leaf': 0.03173034125673817, 'max_features': 0.8408551337209202, 'bootstrap': False, 'max_samples': 0.4606170472650428}. Best is trial 272 with value: 0.9207214438111938.[0m
[32m[I 2022-04-26 19:56:10,980][0m Trial 661 finished with value: 0.9111054555749988 and parameters: {'n_estimators': 197, 'min_samples_split': 0.26589886211273495, 'min_samples_leaf': 0.13331986845103447, 'min_weight_fraction_leaf': 0.17924452523397683, 'max_features': 0.8730232699526742, 'bootstrap': False, 'max_samples': 0.4802236427987613}. Best is trial 272 with value: 0.9207214438111938.[0m
[32m[I 2022-04-26 20:09:46,994][0m Trial 662 finished with value: 0.9121652095815808 and parameters: {'n_estimators': 177, 'min_samples_split': 0.22161634095399227, 'min_samples_leaf': 0.10252644170721123, 'min_weight_fraction_leaf': 0.047195780294807824, 'max_features': 0.9001973429378449, 'bootstrap': False, 'max_samples': 0.5352605899005864}. Best is trial 272 with value: 0.9207214438111938.[0m
[32m[I 2022-04-26 20:22:29,729][0m Trial 663 finished with value: 0.9188051643040305 and parameters: {'n_estimators': 165, 'min_samples_split': 0.30613203223346175, 'min_samples_leaf': 0.08129676146412351, 'min_weight_fraction_leaf': 0.07208050673683083, 'max_features': 0.8104842500600988, 'bootstrap': False, 'max_samples': 0.294592905748176}. Best is trial 272 with value: 0.9207214438111938.[0m
[32m[I 2022-04-26 20:30:07,212][0m Trial 664 finished with value: 0.9202675699472934 and parameters: {'n_estimators': 134, 'min_samples_split': 0.19160709156064384, 'min_samples_leaf': 0.14444016332400766, 'min_weight_fraction_leaf': 0.12605693249370306, 'max_features': 0.8487425411458166, 'bootstrap': False, 'max_samples': 0.5069548408425731}. Best is trial 272 with value: 0.9207214438111938.[0m
[32m[I 2022-04-26 20:37:46,495][0m Trial 665 finished with value: 0.9158230747555868 and parameters: {'n_estimators': 141, 'min_samples_split': 0.3515756166020373, 'min_samples_leaf': 0.15041980042437897, 'min_weight_fraction_leaf': 0.08299442726009876, 'max_features': 0.8607013049899425, 'bootstrap': False, 'max_samples': 0.5174684066087153}. Best is trial 272 with value: 0.9207214438111938.[0m
[32m[I 2022-04-26 20:43:48,885][0m Trial 666 finished with value: 0.9194175331570879 and parameters: {'n_estimators': 122, 'min_samples_split': 0.17787934442121994, 'min_samples_leaf': 0.16126199530972546, 'min_weight_fraction_leaf': 0.11551091934523303, 'max_features': 0.8279049970604484, 'bootstrap': False, 'max_samples': 0.19881275727249986}. Best is trial 272 with value: 0.9207214438111938.[0m
[32m[I 2022-04-26 20:50:10,206][0m Trial 667 finished with value: 0.9197393156736517 and parameters: {'n_estimators': 112, 'min_samples_split': 0.19373413633880843, 'min_samples_leaf': 0.14534924323973844, 'min_weight_fraction_leaf': 0.09861350387545377, 'max_features': 0.8806883228771624, 'bootstrap': False, 'max_samples': 0.19661258296712558}. Best is trial 272 with value: 0.9207214438111938.[0m
[32m[I 2022-04-26 21:01:46,107][0m Trial 668 finished with value: 0.9198663426840007 and parameters: {'n_estimators': 189, 'min_samples_split': 0.16922033659667454, 'min_samples_leaf': 0.11928948750693802, 'min_weight_fraction_leaf': 0.16135316996029417, 'max_features': 0.8479324455746372, 'bootstrap': False, 'max_samples': 0.5375815874617907}. Best is trial 272 with value: 0.9207214438111938.[0m
[32m[I 2022-04-26 21:08:58,930][0m Trial 669 finished with value: 0.9192696854208741 and parameters: {'n_estimators': 127, 'min_samples_split': 0.18712012629972657, 'min_samples_leaf': 0.13211969470895987, 'min_weight_fraction_leaf': 0.06848779828458354, 'max_features': 0.8000421609288485, 'bootstrap': False, 'max_samples': 0.510400313818621}. Best is trial 272 with value: 0.9207214438111938.[0m
[32m[I 2022-04-26 21:15:56,901][0m Trial 670 finished with value: 0.9196497404153989 and parameters: {'n_estimators': 134, 'min_samples_split': 0.20170038501020787, 'min_samples_leaf': 0.15357849275926708, 'min_weight_fraction_leaf': 0.10003488699828644, 'max_features': 0.8312013574446392, 'bootstrap': False, 'max_samples': 0.5010887518395569}. Best is trial 272 with value: 0.9207214438111938.[0m
[32m[I 2022-04-26 21:22:47,802][0m Trial 671 finished with value: 0.9198862048727486 and parameters: {'n_estimators': 118, 'min_samples_split': 0.17912045681772165, 'min_samples_leaf': 0.1413389802505905, 'min_weight_fraction_leaf': 0.056992014826409976, 'max_features': 0.8613306161899968, 'bootstrap': False, 'max_samples': 0.48869828782949915}. Best is trial 272 with value: 0.9207214438111938.[0m
[32m[I 2022-04-26 21:23:14,307][0m Trial 672 finished with value: 0.8941058659190603 and parameters: {'n_estimators': 148, 'min_samples_split': 0.192067148110003, 'min_samples_leaf': 0.12796974405926745, 'min_weight_fraction_leaf': 0.12014035877450462, 'max_features': 0.23596680671828157, 'bootstrap': True, 'max_samples': 0.5579317306364643, 'oob_score': True}. Best is trial 272 with value: 0.9207214438111938.[0m
[32m[I 2022-04-26 21:30:32,605][0m Trial 673 finished with value: 0.9190232748226688 and parameters: {'n_estimators': 141, 'min_samples_split': 0.20488034858079712, 'min_samples_leaf': 0.16485204626829433, 'min_weight_fraction_leaf': 0.06528146554425854, 'max_features': 0.8967040363418519, 'bootstrap': False, 'max_samples': 0.8614633997024574}. Best is trial 272 with value: 0.9207214438111938.[0m
[32m[I 2022-04-26 21:43:30,979][0m Trial 674 finished with value: 0.9182409913491384 and parameters: {'n_estimators': 196, 'min_samples_split': 0.184501172112039, 'min_samples_leaf': 0.11524488582755545, 'min_weight_fraction_leaf': 0.048745545164699505, 'max_features': 0.8775683936243359, 'bootstrap': False, 'max_samples': 0.2303047781273902}. Best is trial 272 with value: 0.9207214438111938.[0m
[32m[I 2022-04-26 21:50:50,065][0m Trial 675 finished with value: 0.9196774714084757 and parameters: {'n_estimators': 131, 'min_samples_split': 0.19493390810489458, 'min_samples_leaf': 0.1441821142786516, 'min_weight_fraction_leaf': 0.03791391377033016, 'max_features': 0.8146871634795255, 'bootstrap': False, 'max_samples': 0.5157971423313817}. Best is trial 272 with value: 0.9207214438111938.[0m
[32m[I 2022-04-26 22:00:01,610][0m Trial 676 finished with value: 0.9194416892838984 and parameters: {'n_estimators': 154, 'min_samples_split': 0.15543841222241295, 'min_samples_leaf': 0.13192239127924815, 'min_weight_fraction_leaf': 0.0907860043772556, 'max_features': 0.8457734447410107, 'bootstrap': False, 'max_samples': 0.2623081318681375}. Best is trial 272 with value: 0.9207214438111938.[0m
[32m[I 2022-04-26 22:08:51,562][0m Trial 677 finished with value: 0.9197000796134713 and parameters: {'n_estimators': 173, 'min_samples_split': 0.1741629520118103, 'min_samples_leaf': 0.15487548809969812, 'min_weight_fraction_leaf': 0.14322064404641066, 'max_features': 0.8303451163487864, 'bootstrap': False, 'max_samples': 0.47601412140828425}. Best is trial 272 with value: 0.9207214438111938.[0m
[32m[I 2022-04-26 22:16:12,552][0m Trial 678 finished with value: 0.9197886168078038 and parameters: {'n_estimators': 125, 'min_samples_split': 0.21656044906054892, 'min_samples_leaf': 0.13919794490528103, 'min_weight_fraction_leaf': 0.07906645767028794, 'max_features': 0.8618477192913039, 'bootstrap': False, 'max_samples': 0.7675403750425797}. Best is trial 272 with value: 0.9207214438111938.[0m
[32m[I 2022-04-26 22:27:01,276][0m Trial 679 finished with value: 0.9183125628548214 and parameters: {'n_estimators': 184, 'min_samples_split': 0.18879023948521387, 'min_samples_leaf': 0.12181517634352071, 'min_weight_fraction_leaf': 0.029933398954442057, 'max_features': 0.7856798202386044, 'bootstrap': False, 'max_samples': 0.5031688720255894}. Best is trial 272 with value: 0.9207214438111938.[0m
[32m[I 2022-04-26 22:34:11,040][0m Trial 680 finished with value: 0.8874720945023249 and parameters: {'n_estimators': 137, 'min_samples_split': 0.2100704326450537, 'min_samples_leaf': 0.14770885616067417, 'min_weight_fraction_leaf': 0.3073410446635129, 'max_features': 0.9221078769251437, 'bootstrap': False, 'max_samples': 0.46569923371801464}. Best is trial 272 with value: 0.9207214438111938.[0m
[32m[I 2022-04-26 22:45:22,834][0m Trial 681 finished with value: 0.9029866209248439 and parameters: {'n_estimators': 108, 'min_samples_split': 0.1999197527015668, 'min_samples_leaf': 0.05142015118025474, 'min_weight_fraction_leaf': 0.05032882418000964, 'max_features': 0.8780866093545925, 'bootstrap': False, 'max_samples': 0.4813687051836395}. Best is trial 272 with value: 0.9207214438111938.[0m
[32m[I 2022-04-26 22:57:22,369][0m Trial 682 finished with value: 0.9198935583306884 and parameters: {'n_estimators': 202, 'min_samples_split': 0.1737283804190026, 'min_samples_leaf': 0.1291704806980375, 'min_weight_fraction_leaf': 0.037422269513534154, 'max_features': 0.8525197312520854, 'bootstrap': False, 'max_samples': 0.1457296881863434}. Best is trial 272 with value: 0.9207214438111938.[0m
[32m[I 2022-04-26 23:08:05,240][0m Trial 683 finished with value: 0.9183335322459005 and parameters: {'n_estimators': 160, 'min_samples_split': 0.18391719148921543, 'min_samples_leaf': 0.10554963402049378, 'min_weight_fraction_leaf': 0.059240044138553494, 'max_features': 0.8073612115840011, 'bootstrap': False, 'max_samples': 0.4471240427339669}. Best is trial 272 with value: 0.9207214438111938.[0m
[32m[I 2022-04-26 23:14:53,957][0m Trial 684 finished with value: 0.9203832005760294 and parameters: {'n_estimators': 117, 'min_samples_split': 0.2046123909607191, 'min_samples_leaf': 0.13815189121767085, 'min_weight_fraction_leaf': 0.027929122021365334, 'max_features': 0.8403503083893387, 'bootstrap': False, 'max_samples': 0.5434066674762814}. Best is trial 272 with value: 0.9207214438111938.[0m
[32m[I 2022-04-26 23:20:45,996][0m Trial 685 finished with value: 0.9165848697361852 and parameters: {'n_estimators': 119, 'min_samples_split': 0.20674399704993898, 'min_samples_leaf': 0.12350270889665185, 'min_weight_fraction_leaf': 0.023097506107582225, 'max_features': 0.6075021270596892, 'bootstrap': False, 'max_samples': 0.5715649576069958}. Best is trial 272 with value: 0.9207214438111938.[0m
[32m[I 2022-04-26 23:27:15,785][0m Trial 686 finished with value: 0.9111822246992792 and parameters: {'n_estimators': 113, 'min_samples_split': 0.4349281757637544, 'min_samples_leaf': 0.1342914683744815, 'min_weight_fraction_leaf': 0.12682191332622356, 'max_features': 0.8218617020976786, 'bootstrap': False, 'max_samples': 0.5182982454936249}. Best is trial 272 with value: 0.9207214438111938.[0m
[32m[I 2022-04-26 23:34:35,516][0m Trial 687 finished with value: 0.9184516147274222 and parameters: {'n_estimators': 104, 'min_samples_split': 0.199107182567912, 'min_samples_leaf': 0.114380834742424, 'min_weight_fraction_leaf': 0.024422341141168202, 'max_features': 0.8975916380888158, 'bootstrap': False, 'max_samples': 0.5401397581926052}. Best is trial 272 with value: 0.9207214438111938.[0m
[32m[I 2022-04-26 23:40:38,780][0m Trial 688 finished with value: 0.8891592412989711 and parameters: {'n_estimators': 116, 'min_samples_split': 0.21688465616520058, 'min_samples_leaf': 0.13914563009353548, 'min_weight_fraction_leaf': 0.2823075434985651, 'max_features': 0.8718068643045567, 'bootstrap': False, 'max_samples': 0.5526820713869856}. Best is trial 272 with value: 0.9207214438111938.[0m
[32m[I 2022-04-26 23:46:41,212][0m Trial 689 finished with value: 0.9195576716499355 and parameters: {'n_estimators': 121, 'min_samples_split': 0.1998146818135502, 'min_samples_leaf': 0.16238698143691718, 'min_weight_fraction_leaf': 0.01804307973676291, 'max_features': 0.8447052002990971, 'bootstrap': False, 'max_samples': 0.5365861051665552}. Best is trial 272 with value: 0.9207214438111938.[0m
[32m[I 2022-04-26 23:53:04,525][0m Trial 690 finished with value: 0.9105758697141635 and parameters: {'n_estimators': 113, 'min_samples_split': 0.2099200193062442, 'min_samples_leaf': 0.12567408949836018, 'min_weight_fraction_leaf': 0.2021872654176943, 'max_features': 0.8269612451384639, 'bootstrap': False, 'max_samples': 0.5042346495987265}. Best is trial 272 with value: 0.9207214438111938.[0m
[32m[I 2022-04-26 23:59:50,357][0m Trial 691 finished with value: 0.9197313275192688 and parameters: {'n_estimators': 126, 'min_samples_split': 0.2219485607595033, 'min_samples_leaf': 0.15142743196319283, 'min_weight_fraction_leaf': 0.028156115402561993, 'max_features': 0.8577518442623517, 'bootstrap': False, 'max_samples': 0.5187290808077241}. Best is trial 272 with value: 0.9207214438111938.[0m
[32m[I 2022-04-27 00:00:57,522][0m Trial 692 finished with value: 0.8896523709178439 and parameters: {'n_estimators': 109, 'min_samples_split': 0.1901146788502308, 'min_samples_leaf': 0.033257714209701555, 'min_weight_fraction_leaf': 0.13756775357967824, 'max_features': 0.7788111193664952, 'bootstrap': True, 'max_samples': 0.4919781634801876, 'oob_score': False}. Best is trial 272 with value: 0.9207214438111938.[0m
[32m[I 2022-04-27 00:08:18,389][0m Trial 693 finished with value: 0.9199168268959215 and parameters: {'n_estimators': 123, 'min_samples_split': 0.16391050015181788, 'min_samples_leaf': 0.1366321054069098, 'min_weight_fraction_leaf': 0.03383255585818188, 'max_features': 0.8835124580960481, 'bootstrap': False, 'max_samples': 0.5863458148015518}. Best is trial 272 with value: 0.9207214438111938.[0m
[32m[I 2022-04-27 00:15:59,038][0m Trial 694 finished with value: 0.9198973775526538 and parameters: {'n_estimators': 145, 'min_samples_split': 0.1918070388140277, 'min_samples_leaf': 0.14462871807180977, 'min_weight_fraction_leaf': 0.009108937220527014, 'max_features': 0.8042547955464132, 'bootstrap': False, 'max_samples': 0.5299460587275494}. Best is trial 272 with value: 0.9207214438111938.[0m
[32m[I 2022-04-27 00:25:34,351][0m Trial 695 finished with value: 0.9180867691213628 and parameters: {'n_estimators': 132, 'min_samples_split': 0.209012226572783, 'min_samples_leaf': 0.10842948622758025, 'min_weight_fraction_leaf': 0.017370814577845867, 'max_features': 0.8389413078540336, 'bootstrap': False, 'max_samples': 0.5645282115333041}. Best is trial 272 with value: 0.9207214438111938.[0m
[32m[I 2022-04-27 01:09:23,747][0m Trial 696 finished with value: 0.9195475621422556 and parameters: {'n_estimators': 716, 'min_samples_split': 0.18091432709464417, 'min_samples_leaf': 0.12949925905118234, 'min_weight_fraction_leaf': 0.00048725672286726793, 'max_features': 0.9064165588797752, 'bootstrap': False, 'max_samples': 0.4869537287543135}. Best is trial 272 with value: 0.9207214438111938.[0m
[32m[I 2022-04-27 01:15:07,304][0m Trial 697 finished with value: 0.8960970496570088 and parameters: {'n_estimators': 118, 'min_samples_split': 0.2256265349861976, 'min_samples_leaf': 0.15771836823119725, 'min_weight_fraction_leaf': 0.2551339429100549, 'max_features': 0.8625816622911777, 'bootstrap': False, 'max_samples': 0.46159369659330773}. Best is trial 272 with value: 0.9207214438111938.[0m
[32m[I 2022-04-27 01:23:41,453][0m Trial 698 finished with value: 0.9175627614448312 and parameters: {'n_estimators': 139, 'min_samples_split': 0.19774728231788838, 'min_samples_leaf': 0.1198128638540718, 'min_weight_fraction_leaf': 0.0702580713344627, 'max_features': 0.8208711671839637, 'bootstrap': False, 'max_samples': 0.5024424729533187}. Best is trial 272 with value: 0.9207214438111938.[0m
[32m[I 2022-04-27 01:30:57,937][0m Trial 699 finished with value: 0.920561802261133 and parameters: {'n_estimators': 126, 'min_samples_split': 0.17072162716743294, 'min_samples_leaf': 0.1380037575210604, 'min_weight_fraction_leaf': 0.026872810079911307, 'max_features': 0.846914994078154, 'bootstrap': False, 'max_samples': 0.6727723857605411}. Best is trial 272 with value: 0.9207214438111938.[0m
[32m[I 2022-04-27 01:38:45,969][0m Trial 700 finished with value: 0.9191509150219653 and parameters: {'n_estimators': 125, 'min_samples_split': 0.1587523140095967, 'min_samples_leaf': 0.13366975856882451, 'min_weight_fraction_leaf': 0.022750835388539163, 'max_features': 0.8850306847616667, 'bootstrap': False, 'max_samples': 0.6135239716405037}. Best is trial 272 with value: 0.9207214438111938.[0m
[32m[I 2022-04-27 01:46:15,230][0m Trial 701 finished with value: 0.9177219497976914 and parameters: {'n_estimators': 115, 'min_samples_split': 0.16690091521481573, 'min_samples_leaf': 0.12134730419579205, 'min_weight_fraction_leaf': 0.014231611225047236, 'max_features': 0.8645874031019083, 'bootstrap': False, 'max_samples': 0.6489917762451689}. Best is trial 272 with value: 0.9207214438111938.[0m
