[32m[I 2022-04-22 08:14:13,789][0m Trial 54 finished with value: 0.9084324922191851 and parameters: {'n_estimators': 288, 'min_samples_split': 0.19612167870543518, 'min_samples_leaf': 0.17528109117311597, 'min_weight_fraction_leaf': 0.09704009396402297, 'max_features': 0.5137399085827766, 'bootstrap': False, 'max_samples': 0.03131172694532192}. Best is trial 41 with value: 0.9190830639030949.[0m
[32m[I 2022-04-22 08:26:00,951][0m Trial 55 finished with value: 0.9194339601725854 and parameters: {'n_estimators': 238, 'min_samples_split': 0.056031953627513946, 'min_samples_leaf': 0.14143107661747184, 'min_weight_fraction_leaf': 0.030759825591218648, 'max_features': 0.718236642452899, 'bootstrap': False, 'max_samples': 0.11218342789119712}. Best is trial 55 with value: 0.9194339601725854.[0m
[32m[I 2022-04-22 08:40:05,392][0m Trial 56 finished with value: 0.9132622021433686 and parameters: {'n_estimators': 211, 'min_samples_split': 0.026836732261312904, 'min_samples_leaf': 0.09621520238109657, 'min_weight_fraction_leaf': 0.0006746079108787724, 'max_features': 0.7066736592328429, 'bootstrap': False, 'max_samples': 0.11813684141866344}. Best is trial 55 with value: 0.9194339601725854.[0m
[32m[I 2022-04-22 08:55:47,851][0m Trial 57 finished with value: 0.9200298623358524 and parameters: {'n_estimators': 326, 'min_samples_split': 0.047199400648655174, 'min_samples_leaf': 0.13102948806611694, 'min_weight_fraction_leaf': 0.026681769644782336, 'max_features': 0.635534238002015, 'bootstrap': False, 'max_samples': 0.24106549685575912}. Best is trial 57 with value: 0.9200298623358524.[0m
[32m[I 2022-04-22 09:10:02,001][0m Trial 58 finished with value: 0.9190923777390483 and parameters: {'n_estimators': 239, 'min_samples_split': 0.046239884751062485, 'min_samples_leaf': 0.1292614245387933, 'min_weight_fraction_leaf': 0.02811962593531484, 'max_features': 0.8091433538247572, 'bootstrap': False, 'max_samples': 0.18650493014726338}. Best is trial 57 with value: 0.9200298623358524.[0m
[32m[I 2022-04-22 09:28:44,827][0m Trial 59 finished with value: 0.9152723002909511 and parameters: {'n_estimators': 237, 'min_samples_split': 0.033909901302363044, 'min_samples_leaf': 0.10233078223442085, 'min_weight_fraction_leaf': 0.03313021035225916, 'max_features': 0.8705275965678231, 'bootstrap': False, 'max_samples': 0.2389520055897808}. Best is trial 57 with value: 0.9200298623358524.[0m
[32m[I 2022-04-22 09:40:29,991][0m Trial 60 finished with value: 0.9193508013700692 and parameters: {'n_estimators': 186, 'min_samples_split': 0.054298764816977145, 'min_samples_leaf': 0.12976834809759927, 'min_weight_fraction_leaf': 0.08674391173067132, 'max_features': 0.8211176982872168, 'bootstrap': False, 'max_samples': 0.18413810031418731}. Best is trial 57 with value: 0.9200298623358524.[0m
[32m[I 2022-04-22 09:53:35,713][0m Trial 61 finished with value: 0.918021229963054 and parameters: {'n_estimators': 187, 'min_samples_split': 0.05324544023698534, 'min_samples_leaf': 0.1269885480694933, 'min_weight_fraction_leaf': 0.07428996724612431, 'max_features': 0.9418480288795056, 'bootstrap': False, 'max_samples': 0.17512052258313415}. Best is trial 57 with value: 0.9200298623358524.[0m
[32m[I 2022-04-22 10:03:47,363][0m Trial 62 finished with value: 0.9109968812127522 and parameters: {'n_estimators': 236, 'min_samples_split': 0.004006366209374154, 'min_samples_leaf': 0.17702744686668875, 'min_weight_fraction_leaf': 0.08595751913596042, 'max_features': 0.797260217251009, 'bootstrap': False, 'max_samples': 0.0806007930587593}. Best is trial 57 with value: 0.9200298623358524.[0m
[32m[I 2022-04-22 10:13:47,582][0m Trial 63 finished with value: 0.9197398037583058 and parameters: {'n_estimators': 171, 'min_samples_split': 0.05787282871741655, 'min_samples_leaf': 0.13388562903669446, 'min_weight_fraction_leaf': 0.026124738064943615, 'max_features': 0.8411469161459224, 'bootstrap': False, 'max_samples': 0.22439987930040664}. Best is trial 57 with value: 0.9200298623358524.[0m
[32m[I 2022-04-22 10:34:52,543][0m Trial 64 finished with value: 0.7881713494274758 and parameters: {'n_estimators': 165, 'min_samples_split': 0.05369623443740221, 'min_samples_leaf': 0.032710003473613636, 'min_weight_fraction_leaf': 0.02058334331964036, 'max_features': 0.9189841042540883, 'bootstrap': False, 'max_samples': 0.2534620632470889}. Best is trial 57 with value: 0.9200298623358524.[0m
[32m[I 2022-04-22 10:50:25,601][0m Trial 65 finished with value: 0.9101762208402814 and parameters: {'n_estimators': 182, 'min_samples_split': 0.07836485252379426, 'min_samples_leaf': 0.08528760360355105, 'min_weight_fraction_leaf': 0.04905941520432875, 'max_features': 0.843921641233258, 'bootstrap': False, 'max_samples': 0.20517674111611744}. Best is trial 57 with value: 0.9200298623358524.[0m
[32m[I 2022-04-22 10:58:22,288][0m Trial 66 finished with value: 0.9196119174005165 and parameters: {'n_estimators': 139, 'min_samples_split': 0.0446125578553306, 'min_samples_leaf': 0.13067615080922879, 'min_weight_fraction_leaf': 0.030057690480621707, 'max_features': 0.7702469089637208, 'bootstrap': False, 'max_samples': 0.1535045617699}. Best is trial 57 with value: 0.9200298623358524.[0m
[32m[I 2022-04-22 10:58:50,756][0m Trial 67 finished with value: 0.8716531654586989 and parameters: {'n_estimators': 146, 'min_samples_split': 0.02237536478467836, 'min_samples_leaf': 0.13017028251084378, 'min_weight_fraction_leaf': 0.06446287684960081, 'max_features': 0.7642071378281253, 'bootstrap': True, 'max_samples': 0.36906101947520753, 'oob_score': True}. Best is trial 57 with value: 0.9200298623358524.[0m
[32m[I 2022-04-22 11:08:57,255][0m Trial 68 finished with value: 0.3521505535641515 and parameters: {'n_estimators': 212, 'min_samples_split': 0.04427689852043265, 'min_samples_leaf': 0.1104351257228122, 'min_weight_fraction_leaf': 0.4942116024547305, 'max_features': 0.964773488598085, 'bootstrap': False, 'max_samples': 0.26131146327609667}. Best is trial 57 with value: 0.9200298623358524.[0m
[32m[I 2022-04-22 11:19:36,354][0m Trial 69 finished with value: 0.910969814417024 and parameters: {'n_estimators': 249, 'min_samples_split': 0.07469650686607303, 'min_samples_leaf': 0.18724252789665696, 'min_weight_fraction_leaf': 0.03489294878216778, 'max_features': 0.8324367026674774, 'bootstrap': False, 'max_samples': 0.2097462814875657}. Best is trial 57 with value: 0.9200298623358524.[0m
[32m[I 2022-04-22 11:31:02,589][0m Trial 70 finished with value: 0.9188093067757048 and parameters: {'n_estimators': 171, 'min_samples_split': 0.01736010571897506, 'min_samples_leaf': 0.09238960789321946, 'min_weight_fraction_leaf': 0.10936321644718504, 'max_features': 0.7149418599396281, 'bootstrap': False, 'max_samples': 0.30176910116859484}. Best is trial 57 with value: 0.9200298623358524.[0m
[32m[I 2022-04-22 11:43:20,811][0m Trial 71 finished with value: 0.9184329203931748 and parameters: {'n_estimators': 175, 'min_samples_split': 0.05823907040776277, 'min_samples_leaf': 0.08850132633649017, 'min_weight_fraction_leaf': 0.11285071571991387, 'max_features': 0.767344377941664, 'bootstrap': False, 'max_samples': 0.296711988159025}. Best is trial 57 with value: 0.9200298623358524.[0m
[32m[I 2022-04-22 11:51:02,802][0m Trial 72 finished with value: 0.9173009988596255 and parameters: {'n_estimators': 137, 'min_samples_split': 0.01171009372971235, 'min_samples_leaf': 0.11950595908937889, 'min_weight_fraction_leaf': 0.11882179120876957, 'max_features': 0.7123596220098277, 'bootstrap': False, 'max_samples': 0.15048925858431342}. Best is trial 57 with value: 0.9200298623358524.[0m
[32m[I 2022-04-22 12:08:33,620][0m Trial 73 finished with value: 0.8995304128448615 and parameters: {'n_estimators': 158, 'min_samples_split': 0.015682560703615102, 'min_samples_leaf': 0.028101938399856308, 'min_weight_fraction_leaf': 0.05456332732765275, 'max_features': 0.7453233315108349, 'bootstrap': False, 'max_samples': 0.1779703420644968}. Best is trial 57 with value: 0.9200298623358524.[0m
[32m[I 2022-04-22 12:23:01,079][0m Trial 74 finished with value: 0.9138240454469049 and parameters: {'n_estimators': 196, 'min_samples_split': 0.04375211579599423, 'min_samples_leaf': 0.07581305205195094, 'min_weight_fraction_leaf': 0.0979524272695114, 'max_features': 0.6846692269311001, 'bootstrap': False, 'max_samples': 0.22052227345322817}. Best is trial 57 with value: 0.9200298623358524.[0m
[32m[I 2022-04-22 12:30:42,822][0m Trial 75 finished with value: 0.9049702403656278 and parameters: {'n_estimators': 219, 'min_samples_split': 0.06840008328216386, 'min_samples_leaf': 0.21163834894873962, 'min_weight_fraction_leaf': 0.018037619270278492, 'max_features': 0.7868767582864312, 'bootstrap': False, 'max_samples': 0.27237652999267725}. Best is trial 57 with value: 0.9200298623358524.[0m
[32m[I 2022-04-22 12:41:48,781][0m Trial 76 finished with value: 0.9162820263181917 and parameters: {'n_estimators': 148, 'min_samples_split': 0.09311133095462679, 'min_samples_leaf': 0.10236810514974375, 'min_weight_fraction_leaf': 0.0727714567591556, 'max_features': 0.8436536942072839, 'bootstrap': False, 'max_samples': 0.3095611336281725}. Best is trial 57 with value: 0.9200298623358524.[0m
[32m[I 2022-04-22 12:54:29,626][0m Trial 77 finished with value: 0.9188586830534511 and parameters: {'n_estimators': 244, 'min_samples_split': 0.04138902324303325, 'min_samples_leaf': 0.16437049433256157, 'min_weight_fraction_leaf': 0.037022827863150254, 'max_features': 0.8839756919646453, 'bootstrap': False, 'max_samples': 0.14267973751558122}. Best is trial 57 with value: 0.9200298623358524.[0m
[32m[I 2022-04-22 13:09:49,284][0m Trial 78 finished with value: 0.9198355531795407 and parameters: {'n_estimators': 249, 'min_samples_split': 0.041146668911799855, 'min_samples_leaf': 0.13653890050934403, 'min_weight_fraction_leaf': 0.039735791243411464, 'max_features': 0.9070184027404451, 'bootstrap': False, 'max_samples': 0.14080003049792938}. Best is trial 57 with value: 0.9200298623358524.[0m
[32m[I 2022-04-22 13:09:56,932][0m Trial 79 finished with value: 0.25 and parameters: {'n_estimators': 304, 'min_samples_split': 0.08500127872913163, 'min_samples_leaf': 0.13595521094968263, 'min_weight_fraction_leaf': 0.015563165702393538, 'max_features': 0.9976574838628897, 'bootstrap': True, 'max_samples': 0.1862276959195972, 'oob_score': False}. Best is trial 57 with value: 0.9200298623358524.[0m
[32m[I 2022-04-22 13:41:19,738][0m Trial 80 finished with value: 0.8975197599791978 and parameters: {'n_estimators': 326, 'min_samples_split': 0.05577745597714901, 'min_samples_leaf': 0.06940956664520079, 'min_weight_fraction_leaf': 0.05793577663574512, 'max_features': 0.902688182935005, 'bootstrap': False, 'max_samples': 0.1622638663198675}. Best is trial 57 with value: 0.9200298623358524.[0m
[32m[I 2022-04-22 13:53:25,938][0m Trial 81 finished with value: 0.9196505094693161 and parameters: {'n_estimators': 248, 'min_samples_split': 0.040890040617059746, 'min_samples_leaf': 0.16440607958946934, 'min_weight_fraction_leaf': 0.041571097880926486, 'max_features': 0.8551770581332817, 'bootstrap': False, 'max_samples': 0.13347538908851392}. Best is trial 57 with value: 0.9200298623358524.[0m
[32m[I 2022-04-22 14:05:19,285][0m Trial 82 finished with value: 0.919962125426055 and parameters: {'n_estimators': 255, 'min_samples_split': 0.0689576245317804, 'min_samples_leaf': 0.16759650971148307, 'min_weight_fraction_leaf': 0.03260594844900033, 'max_features': 0.8172030826054825, 'bootstrap': False, 'max_samples': 0.1142007987796575}. Best is trial 57 with value: 0.9200298623358524.[0m
[32m[I 2022-04-22 14:17:40,512][0m Trial 83 finished with value: 0.9198586538552543 and parameters: {'n_estimators': 254, 'min_samples_split': 0.03173860704027845, 'min_samples_leaf': 0.16609763151756268, 'min_weight_fraction_leaf': 0.02866373888598702, 'max_features': 0.8380741520443933, 'bootstrap': False, 'max_samples': 0.23719979918703388}. Best is trial 57 with value: 0.9200298623358524.[0m
[32m[I 2022-04-22 14:28:05,845][0m Trial 84 finished with value: 0.9200218568054073 and parameters: {'n_estimators': 208, 'min_samples_split': 0.029254399131266855, 'min_samples_leaf': 0.16634250171644838, 'min_weight_fraction_leaf': 0.04729061503458441, 'max_features': 0.8580949973592379, 'bootstrap': False, 'max_samples': 0.11165214687489461}. Best is trial 57 with value: 0.9200298623358524.[0m
[32m[I 2022-04-22 14:40:52,015][0m Trial 85 finished with value: 0.9195879462618699 and parameters: {'n_estimators': 252, 'min_samples_split': 0.02594678329505542, 'min_samples_leaf': 0.16543372880638219, 'min_weight_fraction_leaf': 0.04725564002433684, 'max_features': 0.8643777305694959, 'bootstrap': False, 'max_samples': 0.11280872832042382}. Best is trial 57 with value: 0.9200298623358524.[0m
[32m[I 2022-04-22 14:51:15,469][0m Trial 86 finished with value: 0.9034724365258355 and parameters: {'n_estimators': 260, 'min_samples_split': 0.026258596855046064, 'min_samples_leaf': 0.21699765431855852, 'min_weight_fraction_leaf': 0.04551891333698642, 'max_features': 0.9388494178399505, 'bootstrap': False, 'max_samples': 0.09684288011746398}. Best is trial 57 with value: 0.9200298623358524.[0m
[32m[I 2022-04-22 15:00:50,370][0m Trial 87 finished with value: 0.9105039242309181 and parameters: {'n_estimators': 218, 'min_samples_split': 0.030961496235067786, 'min_samples_leaf': 0.1892752533115059, 'min_weight_fraction_leaf': 0.012373410242414062, 'max_features': 0.8568497976397496, 'bootstrap': False, 'max_samples': 0.2404510231480579}. Best is trial 57 with value: 0.9200298623358524.[0m
[32m[I 2022-04-22 15:12:22,300][0m Trial 88 finished with value: 0.9167369630257707 and parameters: {'n_estimators': 202, 'min_samples_split': 0.0015705311701805363, 'min_samples_leaf': 0.16189761296097865, 'min_weight_fraction_leaf': 0.04686168075071635, 'max_features': 0.963200141923386, 'bootstrap': False, 'max_samples': 0.11850232902069766}. Best is trial 57 with value: 0.9200298623358524.[0m
[32m[I 2022-04-22 15:22:36,355][0m Trial 89 finished with value: 0.8838572925491922 and parameters: {'n_estimators': 327, 'min_samples_split': 0.07313410603759356, 'min_samples_leaf': 0.2449136229087126, 'min_weight_fraction_leaf': 0.3231742382996966, 'max_features': 0.9029931978842198, 'bootstrap': False, 'max_samples': 0.13769795195331916}. Best is trial 57 with value: 0.9200298623358524.[0m
[32m[I 2022-04-22 15:36:12,175][0m Trial 90 finished with value: 0.9194231986314279 and parameters: {'n_estimators': 293, 'min_samples_split': 0.01513254598042884, 'min_samples_leaf': 0.16745417457119122, 'min_weight_fraction_leaf': 0.0692126098826457, 'max_features': 0.783489651785064, 'bootstrap': False, 'max_samples': 0.3484597549069306}. Best is trial 57 with value: 0.9200298623358524.[0m
[32m[I 2022-04-22 15:45:13,770][0m Trial 91 finished with value: 0.906721092325298 and parameters: {'n_estimators': 227, 'min_samples_split': 0.06578061817448692, 'min_samples_leaf': 0.2050373943331768, 'min_weight_fraction_leaf': 0.029651698095419187, 'max_features': 0.863505599590851, 'bootstrap': False, 'max_samples': 0.07236382626398832}. Best is trial 57 with value: 0.9200298623358524.[0m
[32m[I 2022-04-22 15:51:47,601][0m Trial 92 finished with value: 0.8896076719406893 and parameters: {'n_estimators': 251, 'min_samples_split': 0.0378248278514865, 'min_samples_leaf': 0.2753853743502734, 'min_weight_fraction_leaf': 0.039537046152878265, 'max_features': 0.8350170506198776, 'bootstrap': False, 'max_samples': 0.1155372603090747}. Best is trial 57 with value: 0.9200298623358524.[0m
[32m[I 2022-04-22 16:05:34,617][0m Trial 93 finished with value: 0.9152340535033849 and parameters: {'n_estimators': 276, 'min_samples_split': 0.10189322764586883, 'min_samples_leaf': 0.17280484041887287, 'min_weight_fraction_leaf': 0.012265324873694205, 'max_features': 0.9176465209910891, 'bootstrap': False, 'max_samples': 0.019415242078576256}. Best is trial 57 with value: 0.9200298623358524.[0m
[32m[I 2022-04-22 16:15:24,381][0m Trial 94 finished with value: 0.9106822133264769 and parameters: {'n_estimators': 264, 'min_samples_split': 0.026660972342185695, 'min_samples_leaf': 0.19226087851824455, 'min_weight_fraction_leaf': 0.06008685867337536, 'max_features': 0.7386370969209148, 'bootstrap': False, 'max_samples': 0.22635699984024957}. Best is trial 57 with value: 0.9200298623358524.[0m
[32m[I 2022-04-22 16:26:26,997][0m Trial 95 finished with value: 0.9195686330170088 and parameters: {'n_estimators': 226, 'min_samples_split': 0.045390851200414195, 'min_samples_leaf': 0.15793152693173806, 'min_weight_fraction_leaf': 0.02086828633905048, 'max_features': 0.8229055171887053, 'bootstrap': False, 'max_samples': 0.15336695011080148}. Best is trial 57 with value: 0.9200298623358524.[0m
[32m[I 2022-04-22 16:27:01,211][0m Trial 96 finished with value: 0.25 and parameters: {'n_estimators': 208, 'min_samples_split': 0.009487966112510321, 'min_samples_leaf': 0.15880131314788645, 'min_weight_fraction_leaf': 0.05239460962489005, 'max_features': 0.8898083720261085, 'bootstrap': True, 'max_samples': 0.1552256317751867, 'oob_score': True}. Best is trial 57 with value: 0.9200298623358524.[0m
[32m[I 2022-04-22 16:36:29,210][0m Trial 97 finished with value: 0.9109118155109215 and parameters: {'n_estimators': 223, 'min_samples_split': 0.08448157679531651, 'min_samples_leaf': 0.1827149600235071, 'min_weight_fraction_leaf': 0.00668223902873992, 'max_features': 0.8176182603988029, 'bootstrap': False, 'max_samples': 0.19508262170012822}. Best is trial 57 with value: 0.9200298623358524.[0m
[32m[I 2022-04-22 16:39:01,858][0m Trial 98 finished with value: 0.8633832543390731 and parameters: {'n_estimators': 195, 'min_samples_split': 0.036485020815496164, 'min_samples_leaf': 0.36693647252318246, 'min_weight_fraction_leaf': 0.41362739456381376, 'max_features': 0.8547610322505215, 'bootstrap': False, 'max_samples': 0.09505165908959523}. Best is trial 57 with value: 0.9200298623358524.[0m
[32m[I 2022-04-22 16:56:16,304][0m Trial 99 finished with value: 0.9177071634645706 and parameters: {'n_estimators': 288, 'min_samples_split': 0.046949471364127894, 'min_samples_leaf': 0.11693012735884067, 'min_weight_fraction_leaf': 0.021917009898658017, 'max_features': 0.7768771998214672, 'bootstrap': False, 'max_samples': 0.9739474635953372}. Best is trial 57 with value: 0.9200298623358524.[0m
[32m[I 2022-04-22 17:11:22,308][0m Trial 100 finished with value: 0.9164493466623087 and parameters: {'n_estimators': 258, 'min_samples_split': 0.06439870920399057, 'min_samples_leaf': 0.1545856959748409, 'min_weight_fraction_leaf': 0.07707123509593963, 'max_features': 0.9767115198828609, 'bootstrap': False, 'max_samples': 0.16391746045437425}. Best is trial 57 with value: 0.9200298623358524.[0m
[32m[I 2022-04-22 17:23:40,003][0m Trial 101 finished with value: 0.9196294258127086 and parameters: {'n_estimators': 230, 'min_samples_split': 0.060154904034649306, 'min_samples_leaf': 0.14223830200977639, 'min_weight_fraction_leaf': 0.033627039388689106, 'max_features': 0.8108332783347778, 'bootstrap': False, 'max_samples': 0.13266405689101468}. Best is trial 57 with value: 0.9200298623358524.[0m
[32m[I 2022-04-22 17:36:16,515][0m Trial 102 finished with value: 0.9201394591460668 and parameters: {'n_estimators': 227, 'min_samples_split': 0.021921745068858533, 'min_samples_leaf': 0.13737813971734136, 'min_weight_fraction_leaf': 0.02617025245483693, 'max_features': 0.8028001266103227, 'bootstrap': False, 'max_samples': 0.05921183076564894}. Best is trial 102 with value: 0.9201394591460668.[0m
[32m[I 2022-04-22 17:49:40,496][0m Trial 103 finished with value: 0.9196327390632113 and parameters: {'n_estimators': 247, 'min_samples_split': 0.02374482920600781, 'min_samples_leaf': 0.13920398887691465, 'min_weight_fraction_leaf': 0.041444260345470794, 'max_features': 0.8026796842212113, 'bootstrap': False, 'max_samples': 0.0580670742012417}. Best is trial 102 with value: 0.9201394591460668.[0m
[32m[I 2022-04-22 18:04:31,532][0m Trial 104 finished with value: 0.919623206185703 and parameters: {'n_estimators': 272, 'min_samples_split': 0.016717629848795216, 'min_samples_leaf': 0.13980618308077672, 'min_weight_fraction_leaf': 0.034733835134630506, 'max_features': 0.8077612368187368, 'bootstrap': False, 'max_samples': 0.04768350895074956}. Best is trial 102 with value: 0.9201394591460668.[0m
[32m[I 2022-04-22 18:19:41,263][0m Trial 105 finished with value: 0.9195948113007235 and parameters: {'n_estimators': 280, 'min_samples_split': 0.01891455022206389, 'min_samples_leaf': 0.14005088727891962, 'min_weight_fraction_leaf': 0.038870657083699696, 'max_features': 0.8038968388298231, 'bootstrap': False, 'max_samples': 0.05319084282580399}. Best is trial 102 with value: 0.9201394591460668.[0m
[32m[I 2022-04-22 18:41:52,602][0m Trial 106 finished with value: 0.9093295323009094 and parameters: {'n_estimators': 299, 'min_samples_split': 0.49897973565723086, 'min_samples_leaf': 0.107044568977996, 'min_weight_fraction_leaf': 0.0020600199046408724, 'max_features': 0.936862868324001, 'bootstrap': False, 'max_samples': 0.02994450991757966}. Best is trial 102 with value: 0.9201394591460668.[0m
[32m[I 2022-04-22 18:57:15,925][0m Trial 107 finished with value: 0.9111486595176534 and parameters: {'n_estimators': 319, 'min_samples_split': 0.004829040030983538, 'min_samples_leaf': 0.18111871108359176, 'min_weight_fraction_leaf': 0.061285610254921845, 'max_features': 0.9088827210607179, 'bootstrap': False, 'max_samples': 0.08311329610639376}. Best is trial 102 with value: 0.9201394591460668.[0m
