[32m[I 2022-05-03 15:07:08,216][0m Trial 781 finished with value: 0.7526871182192163 and parameters: {'n_estimators': 679, 'min_samples_split': 0.2194044371769115, 'min_samples_leaf': 0.3696598302400489, 'min_weight_fraction_leaf': 0.028965129469384607, 'max_features': 0.7914419707781529, 'bootstrap': False, 'max_samples': 0.40866342072076245}. Best is trial 747 with value: 0.8414301147947075.[0m
[32m[I 2022-05-03 15:14:20,326][0m Trial 782 finished with value: 0.8376526919516174 and parameters: {'n_estimators': 135, 'min_samples_split': 0.15625701179246704, 'min_samples_leaf': 0.15939405703543028, 'min_weight_fraction_leaf': 0.009624138927444426, 'max_features': 0.889487495271132, 'bootstrap': False, 'max_samples': 0.6566114613030553}. Best is trial 747 with value: 0.8414301147947075.[0m
[32m[I 2022-05-03 15:27:27,603][0m Trial 783 finished with value: 0.8395082114824781 and parameters: {'n_estimators': 243, 'min_samples_split': 0.24378312093031354, 'min_samples_leaf': 0.13981404875101328, 'min_weight_fraction_leaf': 0.0227068482647955, 'max_features': 0.8327556299046475, 'bootstrap': False, 'max_samples': 0.35002225900131234}. Best is trial 747 with value: 0.8414301147947075.[0m
[32m[I 2022-05-03 15:34:47,831][0m Trial 784 finished with value: 0.8388796468004489 and parameters: {'n_estimators': 128, 'min_samples_split': 0.04971204700549122, 'min_samples_leaf': 0.13045024824072854, 'min_weight_fraction_leaf': 0.049131746191423936, 'max_features': 0.8097610427877567, 'bootstrap': False, 'max_samples': 0.6157417076707711}. Best is trial 747 with value: 0.8414301147947075.[0m
[32m[I 2022-05-03 15:43:11,036][0m Trial 785 finished with value: 0.8370302301936233 and parameters: {'n_estimators': 141, 'min_samples_split': 0.32418556145175953, 'min_samples_leaf': 0.10249290080466647, 'min_weight_fraction_leaf': 0.0003440852263943313, 'max_features': 0.6892529388456686, 'bootstrap': False, 'max_samples': 0.5721287841585163}. Best is trial 747 with value: 0.8414301147947075.[0m
[32m[I 2022-05-03 15:49:22,327][0m Trial 786 finished with value: 0.8397405857249931 and parameters: {'n_estimators': 114, 'min_samples_split': 0.261135632255573, 'min_samples_leaf': 0.14770622134414907, 'min_weight_fraction_leaf': 0.01409875911253258, 'max_features': 0.8587296944330778, 'bootstrap': False, 'max_samples': 0.4056529734016605}. Best is trial 747 with value: 0.8414301147947075.[0m
[32m[I 2022-05-03 15:56:35,032][0m Trial 787 finished with value: 0.8187549769063042 and parameters: {'n_estimators': 148, 'min_samples_split': 0.3379369620839099, 'min_samples_leaf': 0.18289604363480155, 'min_weight_fraction_leaf': 0.035877006882068664, 'max_features': 0.9657096077640901, 'bootstrap': False, 'max_samples': 0.11941019192834518}. Best is trial 747 with value: 0.8414301147947075.[0m
[32m[I 2022-05-03 16:04:23,788][0m Trial 788 finished with value: 0.8386490668222344 and parameters: {'n_estimators': 122, 'min_samples_split': 0.29731963223787256, 'min_samples_leaf': 0.1181161835715929, 'min_weight_fraction_leaf': 0.01187555063472999, 'max_features': 0.8438286470253963, 'bootstrap': False, 'max_samples': 0.3197171139259585}. Best is trial 747 with value: 0.8414301147947075.[0m
[32m[I 2022-05-03 16:11:27,766][0m Trial 789 finished with value: 0.8384053078143385 and parameters: {'n_estimators': 132, 'min_samples_split': 0.2333736184405403, 'min_samples_leaf': 0.15630992737467347, 'min_weight_fraction_leaf': 0.025277495137434748, 'max_features': 0.8695400494132233, 'bootstrap': False, 'max_samples': 0.36996969849491324}. Best is trial 747 with value: 0.8414301147947075.[0m
[32m[I 2022-05-03 16:18:29,479][0m Trial 790 finished with value: 0.8399297556135616 and parameters: {'n_estimators': 126, 'min_samples_split': 0.18852291490542775, 'min_samples_leaf': 0.1380761912406396, 'min_weight_fraction_leaf': 0.00019391981181791213, 'max_features': 0.8219028459096955, 'bootstrap': False, 'max_samples': 0.3408760339718959}. Best is trial 747 with value: 0.8414301147947075.[0m
[32m[I 2022-05-03 16:27:29,736][0m Trial 791 finished with value: 0.8371481650779291 and parameters: {'n_estimators': 139, 'min_samples_split': 0.2088539399079393, 'min_samples_leaf': 0.12675347828970338, 'min_weight_fraction_leaf': 0.04091877752744741, 'max_features': 0.9121640674971668, 'bootstrap': False, 'max_samples': 0.3856563431033601}. Best is trial 747 with value: 0.8414301147947075.[0m
[32m[I 2022-05-03 16:33:54,800][0m Trial 792 finished with value: 0.8398402923407551 and parameters: {'n_estimators': 116, 'min_samples_split': 0.25269813713046974, 'min_samples_leaf': 0.1462562151287847, 'min_weight_fraction_leaf': 0.06035249611811229, 'max_features': 0.8532583151836006, 'bootstrap': False, 'max_samples': 0.5900499287410303}. Best is trial 747 with value: 0.8414301147947075.[0m
[32m[I 2022-05-03 16:39:54,248][0m Trial 793 finished with value: 0.8387539934947794 and parameters: {'n_estimators': 133, 'min_samples_split': 0.22185252466554126, 'min_samples_leaf': 0.16554460728303447, 'min_weight_fraction_leaf': 0.009290456120735254, 'max_features': 0.7764374535472828, 'bootstrap': False, 'max_samples': 0.4913583198150393}. Best is trial 747 with value: 0.8414301147947075.[0m
[32m[I 2022-05-03 16:40:14,989][0m Trial 794 finished with value: 0.7472142688131864 and parameters: {'n_estimators': 121, 'min_samples_split': 0.23978567762891406, 'min_samples_leaf': 0.1340145320310003, 'min_weight_fraction_leaf': 0.02184329988851603, 'max_features': 0.8888030261615145, 'bootstrap': True, 'max_samples': 0.42565534365228386, 'oob_score': True}. Best is trial 747 with value: 0.8414301147947075.[0m
[32m[I 2022-05-03 16:53:06,450][0m Trial 795 finished with value: 0.8221084463035625 and parameters: {'n_estimators': 260, 'min_samples_split': 0.1100260683510578, 'min_samples_leaf': 0.15234057056194467, 'min_weight_fraction_leaf': 0.1756257964530653, 'max_features': 0.8358031704824439, 'bootstrap': False, 'max_samples': 0.45151134529636844}. Best is trial 747 with value: 0.8414301147947075.[0m
[32m[I 2022-05-03 17:02:07,872][0m Trial 796 finished with value: 0.8050647061930583 and parameters: {'n_estimators': 145, 'min_samples_split': 0.44244884007088314, 'min_samples_leaf': 0.11164654968991189, 'min_weight_fraction_leaf': 0.2435699694665966, 'max_features': 0.9393258102227309, 'bootstrap': False, 'max_samples': 0.16076022360568856}. Best is trial 747 with value: 0.8414301147947075.[0m
[32m[I 2022-05-03 17:10:55,486][0m Trial 797 finished with value: 0.8395190459200415 and parameters: {'n_estimators': 151, 'min_samples_split': 0.20082126464772118, 'min_samples_leaf': 0.12894183607264284, 'min_weight_fraction_leaf': 0.03229946504190021, 'max_features': 0.8110364437002896, 'bootstrap': False, 'max_samples': 0.36963347213851583}. Best is trial 747 with value: 0.8414301147947075.[0m
[32m[I 2022-05-03 17:18:24,438][0m Trial 798 finished with value: 0.8395223333192428 and parameters: {'n_estimators': 128, 'min_samples_split': 0.22735905040704377, 'min_samples_leaf': 0.1407836260720306, 'min_weight_fraction_leaf': 0.01601556618093692, 'max_features': 0.8645115506645042, 'bootstrap': False, 'max_samples': 0.647084304746637}. Best is trial 747 with value: 0.8414301147947075.[0m
[32m[I 2022-05-03 17:27:07,569][0m Trial 799 finished with value: 0.8370059430481129 and parameters: {'n_estimators': 137, 'min_samples_split': 0.26243947787692756, 'min_samples_leaf': 0.12110936580707592, 'min_weight_fraction_leaf': 0.008532766980881236, 'max_features': 0.8829903120247563, 'bootstrap': False, 'max_samples': 0.6297338903096091}. Best is trial 747 with value: 0.8414301147947075.[0m
[32m[I 2022-05-03 17:33:35,853][0m Trial 800 finished with value: 0.8391911709955202 and parameters: {'n_estimators': 125, 'min_samples_split': 0.21307186200999018, 'min_samples_leaf': 0.15382301382650487, 'min_weight_fraction_leaf': 0.04408203967069156, 'max_features': 0.8387742454425694, 'bootstrap': False, 'max_samples': 0.33197858060139607}. Best is trial 747 with value: 0.8414301147947075.[0m
[32m[I 2022-05-03 17:34:28,492][0m Trial 801 finished with value: 0.7346089441019499 and parameters: {'n_estimators': 117, 'min_samples_split': 0.2469715260387483, 'min_samples_leaf': 0.41600764427391157, 'min_weight_fraction_leaf': 0.030757002082191853, 'max_features': 0.7932173465885098, 'bootstrap': False, 'max_samples': 0.5372932098199852}. Best is trial 747 with value: 0.8414301147947075.[0m
[32m[I 2022-05-03 17:42:06,428][0m Trial 802 finished with value: 0.8394870774043646 and parameters: {'n_estimators': 133, 'min_samples_split': 0.23860683431221302, 'min_samples_leaf': 0.14169259935637804, 'min_weight_fraction_leaf': 0.00018070091276747716, 'max_features': 0.8649660082692243, 'bootstrap': False, 'max_samples': 0.40941818928250795}. Best is trial 747 with value: 0.8414301147947075.[0m
[32m[I 2022-05-03 17:48:32,975][0m Trial 803 finished with value: 0.8386682065366873 and parameters: {'n_estimators': 112, 'min_samples_split': 0.22343664571050187, 'min_samples_leaf': 0.1326290558077918, 'min_weight_fraction_leaf': 0.018312822512754647, 'max_features': 0.8228589072483694, 'bootstrap': False, 'max_samples': 0.36021698159496707}. Best is trial 747 with value: 0.8414301147947075.[0m
[32m[I 2022-05-03 17:58:59,111][0m Trial 804 finished with value: 0.8233882185860122 and parameters: {'n_estimators': 230, 'min_samples_split': 0.25435705185031526, 'min_samples_leaf': 0.17497626235349992, 'min_weight_fraction_leaf': 0.05329060138918904, 'max_features': 0.8455550538692888, 'bootstrap': False, 'max_samples': 0.4745104949079634}. Best is trial 747 with value: 0.8414301147947075.[0m
[32m[I 2022-05-03 18:06:39,895][0m Trial 805 finished with value: 0.837785325895663 and parameters: {'n_estimators': 143, 'min_samples_split': 0.2694742470378937, 'min_samples_leaf': 0.16257766263691367, 'min_weight_fraction_leaf': 0.009405178895786013, 'max_features': 0.8982819357985912, 'bootstrap': False, 'max_samples': 0.39176545012040814}. Best is trial 747 with value: 0.8414301147947075.[0m
[32m[I 2022-05-03 18:13:23,392][0m Trial 806 finished with value: 0.8357279977110954 and parameters: {'n_estimators': 121, 'min_samples_split': 0.059502810353573035, 'min_samples_leaf': 0.12218584683046901, 'min_weight_fraction_leaf': 0.02353582403545798, 'max_features': 0.7307826560243846, 'bootstrap': False, 'max_samples': 0.3132626620767197}. Best is trial 747 with value: 0.8414301147947075.[0m
[32m[I 2022-05-03 18:21:02,563][0m Trial 807 finished with value: 0.8398394407043404 and parameters: {'n_estimators': 137, 'min_samples_split': 0.2331980029806357, 'min_samples_leaf': 0.14549652679769134, 'min_weight_fraction_leaf': 0.035512141912784394, 'max_features': 0.8717309089041961, 'bootstrap': False, 'max_samples': 0.6080330516506642}. Best is trial 747 with value: 0.8414301147947075.[0m
[32m[I 2022-05-03 18:28:11,090][0m Trial 808 finished with value: 0.8391417692342159 and parameters: {'n_estimators': 127, 'min_samples_split': 0.21709852959192674, 'min_samples_leaf': 0.1331422983534184, 'min_weight_fraction_leaf': 0.016616623205749446, 'max_features': 0.8009625158184353, 'bootstrap': False, 'max_samples': 0.3393993629317061}. Best is trial 747 with value: 0.8414301147947075.[0m
[32m[I 2022-05-03 18:36:47,691][0m Trial 809 finished with value: 0.8365701682753219 and parameters: {'n_estimators': 132, 'min_samples_split': 0.19937422989098766, 'min_samples_leaf': 0.11499068912678494, 'min_weight_fraction_leaf': 0.06523738889800879, 'max_features': 0.8452927580200268, 'bootstrap': False, 'max_samples': 0.6839417434533853}. Best is trial 747 with value: 0.8414301147947075.[0m
[32m[I 2022-05-03 18:44:09,758][0m Trial 810 finished with value: 0.8390280764487222 and parameters: {'n_estimators': 142, 'min_samples_split': 0.2443254241389789, 'min_samples_leaf': 0.15243510111449193, 'min_weight_fraction_leaf': 0.008324041279272356, 'max_features': 0.825313450356391, 'bootstrap': False, 'max_samples': 0.38289589925670425}. Best is trial 747 with value: 0.8414301147947075.[0m
[32m[I 2022-05-03 18:48:11,528][0m Trial 811 finished with value: 0.8082263025843387 and parameters: {'n_estimators': 120, 'min_samples_split': 0.23193623077167516, 'min_samples_leaf': 0.23082211822578455, 'min_weight_fraction_leaf': 0.02595049141449261, 'max_features': 0.8560591024552445, 'bootstrap': False, 'max_samples': 0.42847524304357015}. Best is trial 747 with value: 0.8414301147947075.[0m
[32m[I 2022-05-03 18:57:16,822][0m Trial 812 finished with value: 0.8387347719170904 and parameters: {'n_estimators': 154, 'min_samples_split': 0.036749376622345696, 'min_samples_leaf': 0.14131036525254032, 'min_weight_fraction_leaf': 0.008217779948167449, 'max_features': 0.9093554110767947, 'bootstrap': False, 'max_samples': 0.35273671920170496}. Best is trial 747 with value: 0.8414301147947075.[0m
[32m[I 2022-05-03 18:57:56,219][0m Trial 813 finished with value: 0.7763405480662661 and parameters: {'n_estimators': 128, 'min_samples_split': 0.20897283228408467, 'min_samples_leaf': 0.12752675562865615, 'min_weight_fraction_leaf': 0.00019059600919367915, 'max_features': 0.8864056016922797, 'bootstrap': True, 'max_samples': 0.5720134022742743, 'oob_score': False}. Best is trial 747 with value: 0.8414301147947075.[0m
[32m[I 2022-05-03 19:09:41,607][0m Trial 814 finished with value: 0.8147428754584072 and parameters: {'n_estimators': 113, 'min_samples_split': 0.25683072002159435, 'min_samples_leaf': 0.04677448409102143, 'min_weight_fraction_leaf': 0.04512384011527217, 'max_features': 0.8150039189460776, 'bootstrap': False, 'max_samples': 0.4034796560190902}. Best is trial 747 with value: 0.8414301147947075.[0m
[32m[I 2022-05-03 19:20:13,371][0m Trial 815 finished with value: 0.8224990610702868 and parameters: {'n_estimators': 136, 'min_samples_split': 0.16896680640721626, 'min_samples_leaf': 0.09795778165417834, 'min_weight_fraction_leaf': 0.016637003732041647, 'max_features': 0.863825866420846, 'bootstrap': False, 'max_samples': 0.3624399120298487}. Best is trial 747 with value: 0.8414301147947075.[0m
[32m[I 2022-05-03 19:25:30,672][0m Trial 816 finished with value: 0.8364877086265565 and parameters: {'n_estimators': 125, 'min_samples_split': 0.28856597867325173, 'min_samples_leaf': 0.15791134752098906, 'min_weight_fraction_leaf': 0.03146446001410845, 'max_features': 0.6612546603319823, 'bootstrap': False, 'max_samples': 0.62916459640824}. Best is trial 747 with value: 0.8414301147947075.[0m
[32m[I 2022-05-03 19:30:23,170][0m Trial 817 finished with value: 0.7125860656494007 and parameters: {'n_estimators': 131, 'min_samples_split': 0.22527519585115544, 'min_samples_leaf': 0.13848219214850233, 'min_weight_fraction_leaf': 0.4901363002276776, 'max_features': 0.8366300502633772, 'bootstrap': False, 'max_samples': 0.32907705894493455}. Best is trial 747 with value: 0.8414301147947075.[0m
[32m[I 2022-05-03 19:39:27,175][0m Trial 818 finished with value: 0.8397119904979677 and parameters: {'n_estimators': 147, 'min_samples_split': 0.2454723041174307, 'min_samples_leaf': 0.12731334080248535, 'min_weight_fraction_leaf': 0.020213068136634184, 'max_features': 0.8748704383854808, 'bootstrap': False, 'max_samples': 0.5949378619782598}. Best is trial 747 with value: 0.8414301147947075.[0m
[32m[I 2022-05-03 19:42:51,347][0m Trial 819 finished with value: 0.7802083073435602 and parameters: {'n_estimators': 117, 'min_samples_split': 0.41704331244902126, 'min_samples_leaf': 0.26329392368148236, 'min_weight_fraction_leaf': 0.07286876912619086, 'max_features': 0.8504110619566823, 'bootstrap': False, 'max_samples': 0.45485391617196214}. Best is trial 747 with value: 0.8414301147947075.[0m
[32m[I 2022-05-03 19:50:02,255][0m Trial 820 finished with value: 0.8393869788891631 and parameters: {'n_estimators': 140, 'min_samples_split': 0.2167678072296137, 'min_samples_leaf': 0.14277114858895065, 'min_weight_fraction_leaf': 0.039076561258911555, 'max_features': 0.7803947655385808, 'bootstrap': False, 'max_samples': 0.297658521229632}. Best is trial 747 with value: 0.8414301147947075.[0m
[32m[I 2022-05-03 19:58:20,811][0m Trial 821 finished with value: 0.8385154171482677 and parameters: {'n_estimators': 123, 'min_samples_split': 0.26813601923607044, 'min_samples_leaf': 0.11049058807790374, 'min_weight_fraction_leaf': 0.008587614490068979, 'max_features': 0.8276276499814773, 'bootstrap': False, 'max_samples': 0.5558258264812533}. Best is trial 747 with value: 0.8414301147947075.[0m
[32m[I 2022-05-03 20:05:00,588][0m Trial 822 finished with value: 0.8388277884740404 and parameters: {'n_estimators': 132, 'min_samples_split': 0.2334434890486668, 'min_samples_leaf': 0.15068833509252721, 'min_weight_fraction_leaf': 0.025775778525629456, 'max_features': 0.8064949233250355, 'bootstrap': False, 'max_samples': 0.5060181312892623}. Best is trial 747 with value: 0.8414301147947075.[0m
[32m[I 2022-05-03 20:12:34,814][0m Trial 823 finished with value: 0.8351342298249277 and parameters: {'n_estimators': 112, 'min_samples_split': 0.018600708838811375, 'min_samples_leaf': 0.11898844402506314, 'min_weight_fraction_leaf': 0.015844651322611796, 'max_features': 0.8889227946548599, 'bootstrap': False, 'max_samples': 0.3819247787870672}. Best is trial 747 with value: 0.8414301147947075.[0m
[32m[I 2022-05-03 20:19:02,285][0m Trial 824 finished with value: 0.8400287659573629 and parameters: {'n_estimators': 138, 'min_samples_split': 0.24483003228181893, 'min_samples_leaf': 0.1694631021190422, 'min_weight_fraction_leaf': 0.0539464022815774, 'max_features': 0.8594088227817749, 'bootstrap': False, 'max_samples': 0.42384118212965205}. Best is trial 747 with value: 0.8414301147947075.[0m
[32m[I 2022-05-03 20:25:58,782][0m Trial 825 finished with value: 0.8401605724881062 and parameters: {'n_estimators': 123, 'min_samples_split': 0.25885420254848535, 'min_samples_leaf': 0.13534902500034401, 'min_weight_fraction_leaf': 0.03301321417201689, 'max_features': 0.8352693193100159, 'bootstrap': False, 'max_samples': 0.7063713023255405}. Best is trial 747 with value: 0.8414301147947075.[0m
[32m[I 2022-05-03 20:34:23,975][0m Trial 826 finished with value: 0.8382729072904793 and parameters: {'n_estimators': 150, 'min_samples_split': 0.20265132293574828, 'min_samples_leaf': 0.14981149174355757, 'min_weight_fraction_leaf': 0.00848929758543008, 'max_features': 0.9206194583039582, 'bootstrap': False, 'max_samples': 0.34347984598540426}. Best is trial 747 with value: 0.8414301147947075.[0m
[32m[I 2022-05-03 20:42:28,684][0m Trial 827 finished with value: 0.8367022915212257 and parameters: {'n_estimators': 129, 'min_samples_split': 0.22240347431860996, 'min_samples_leaf': 0.12613924291096087, 'min_weight_fraction_leaf': 0.02361818697399362, 'max_features': 0.8731280021809135, 'bootstrap': False, 'max_samples': 0.6684889460071527}. Best is trial 747 with value: 0.8414301147947075.[0m
[32m[I 2022-05-03 20:47:55,736][0m Trial 828 finished with value: 0.83629559877379 and parameters: {'n_estimators': 118, 'min_samples_split': 0.186022292424715, 'min_samples_leaf': 0.16009919012009663, 'min_weight_fraction_leaf': 0.000426300868471452, 'max_features': 0.7501634189039887, 'bootstrap': False, 'max_samples': 0.36236091912193696}. Best is trial 747 with value: 0.8414301147947075.[0m
[32m[I 2022-05-03 20:52:38,922][0m Trial 829 finished with value: 0.8315459150200477 and parameters: {'n_estimators': 143, 'min_samples_split': 0.2370106455132167, 'min_samples_leaf': 0.1376908846758573, 'min_weight_fraction_leaf': 0.04458127820251738, 'max_features': 0.429463603229613, 'bootstrap': False, 'max_samples': 0.32151443417609704}. Best is trial 747 with value: 0.8414301147947075.[0m
[32m[I 2022-05-03 21:00:02,031][0m Trial 830 finished with value: 0.8403174776515703 and parameters: {'n_estimators': 135, 'min_samples_split': 0.2124331504327183, 'min_samples_leaf': 0.1452406118860932, 'min_weight_fraction_leaf': 0.015644651351648713, 'max_features': 0.8453235880199687, 'bootstrap': False, 'max_samples': 0.39144399863310547}. Best is trial 747 with value: 0.8414301147947075.[0m
[32m[I 2022-05-03 21:00:57,993][0m Trial 831 finished with value: 0.7829443168932019 and parameters: {'n_estimators': 127, 'min_samples_split': 0.25363626870695355, 'min_samples_leaf': 0.12994788521264222, 'min_weight_fraction_leaf': 0.030204338057625284, 'max_features': 0.8195610584732326, 'bootstrap': True, 'max_samples': 0.6464465960708566, 'oob_score': True}. Best is trial 747 with value: 0.8414301147947075.[0m
[32m[I 2022-05-03 21:46:09,015][0m Trial 832 finished with value: 0.7846760654287674 and parameters: {'n_estimators': 909, 'min_samples_split': 0.27970268702278406, 'min_samples_leaf': 0.11698894246837196, 'min_weight_fraction_leaf': 0.257373112737191, 'max_features': 0.7998446376355682, 'bootstrap': False, 'max_samples': 0.2236331510286245}. Best is trial 747 with value: 0.8414301147947075.[0m
[32m[I 2022-05-03 22:07:27,844][0m Trial 833 finished with value: 0.8377172554568579 and parameters: {'n_estimators': 397, 'min_samples_split': 0.22670642906270616, 'min_samples_leaf': 0.15133073197234878, 'min_weight_fraction_leaf': 0.009565210198675206, 'max_features': 0.8973882023779706, 'bootstrap': False, 'max_samples': 0.4382887127700369}. Best is trial 747 with value: 0.8414301147947075.[0m
[32m[I 2022-05-03 22:10:15,683][0m Trial 834 finished with value: 0.7804327908604546 and parameters: {'n_estimators': 120, 'min_samples_split': 0.24014997995487597, 'min_samples_leaf': 0.2916878781633645, 'min_weight_fraction_leaf': 0.019142491893144688, 'max_features': 0.8543233601608482, 'bootstrap': False, 'max_samples': 0.6076607091663017}. Best is trial 747 with value: 0.8414301147947075.[0m
