[32m[I 2022-05-04 05:53:20,030][0m Trial 889 finished with value: 0.726101311933732 and parameters: {'n_estimators': 128, 'min_samples_split': 0.10236981895070636, 'min_samples_leaf': 0.1572669562658989, 'min_weight_fraction_leaf': 0.053906141672392535, 'max_features': 0.8496293056906105, 'bootstrap': True, 'max_samples': 0.3963111271020564, 'oob_score': False}. Best is trial 747 with value: 0.8414301147947075.[0m
[32m[I 2022-05-04 06:00:35,794][0m Trial 890 finished with value: 0.83969806586943 and parameters: {'n_estimators': 136, 'min_samples_split': 0.08408103676214057, 'min_samples_leaf': 0.14085480296295258, 'min_weight_fraction_leaf': 0.02466066718867478, 'max_features': 0.7942229822515557, 'bootstrap': False, 'max_samples': 0.44917346890979065}. Best is trial 747 with value: 0.8414301147947075.[0m
[32m[I 2022-05-04 06:09:10,849][0m Trial 891 finished with value: 0.8366405345302341 and parameters: {'n_estimators': 143, 'min_samples_split': 0.09743747353121598, 'min_samples_leaf': 0.12695381377092677, 'min_weight_fraction_leaf': 0.03345085336687917, 'max_features': 0.8297577267385801, 'bootstrap': False, 'max_samples': 0.47305441400717396}. Best is trial 747 with value: 0.8414301147947075.[0m
[32m[I 2022-05-04 06:15:33,843][0m Trial 892 finished with value: 0.8073140171905658 and parameters: {'n_estimators': 126, 'min_samples_split': 0.04333947459816324, 'min_samples_leaf': 0.14653846318250147, 'min_weight_fraction_leaf': 0.23008703980044304, 'max_features': 0.8689877378637976, 'bootstrap': False, 'max_samples': 0.37277028929184547}. Best is trial 747 with value: 0.8414301147947075.[0m
[32m[I 2022-05-04 06:23:46,491][0m Trial 893 finished with value: 0.8387728977904321 and parameters: {'n_estimators': 134, 'min_samples_split': 0.04871704734439111, 'min_samples_leaf': 0.13597923438759166, 'min_weight_fraction_leaf': 0.008351601343923638, 'max_features': 0.8974716937064303, 'bootstrap': False, 'max_samples': 0.3955172030788055}. Best is trial 747 with value: 0.8414301147947075.[0m
[32m[I 2022-05-04 06:30:43,621][0m Trial 894 finished with value: 0.839456098584791 and parameters: {'n_estimators': 140, 'min_samples_split': 0.08261583867170212, 'min_samples_leaf': 0.16052365957481962, 'min_weight_fraction_leaf': 0.017289977531110525, 'max_features': 0.8486598103405807, 'bootstrap': False, 'max_samples': 0.34966305813068127}. Best is trial 747 with value: 0.8414301147947075.[0m
[32m[I 2022-05-04 06:38:51,847][0m Trial 895 finished with value: 0.8360828088953299 and parameters: {'n_estimators': 129, 'min_samples_split': 0.05214133268072205, 'min_samples_leaf': 0.11514623981541566, 'min_weight_fraction_leaf': 0.04292206664936085, 'max_features': 0.8195136811320924, 'bootstrap': False, 'max_samples': 0.43269447309042763}. Best is trial 747 with value: 0.8414301147947075.[0m
[32m[I 2022-05-04 06:46:18,922][0m Trial 896 finished with value: 0.8171088932253945 and parameters: {'n_estimators': 149, 'min_samples_split': 0.48242246119834076, 'min_samples_leaf': 0.15083232737567087, 'min_weight_fraction_leaf': 0.024001120848247355, 'max_features': 0.8693694961544318, 'bootstrap': False, 'max_samples': 0.1893852614576558}. Best is trial 747 with value: 0.8414301147947075.[0m
[32m[I 2022-05-04 06:54:34,591][0m Trial 897 finished with value: 0.8392962591535177 and parameters: {'n_estimators': 125, 'min_samples_split': 0.12050694028203279, 'min_samples_leaf': 0.1280350893713333, 'min_weight_fraction_leaf': 0.000442106439584403, 'max_features': 0.9426484016758314, 'bootstrap': False, 'max_samples': 0.36779983016763185}. Best is trial 747 with value: 0.8414301147947075.[0m
[32m[I 2022-05-04 07:01:33,339][0m Trial 898 finished with value: 0.8396425770201722 and parameters: {'n_estimators': 133, 'min_samples_split': 0.17793721117742392, 'min_samples_leaf': 0.14084957196388767, 'min_weight_fraction_leaf': 0.009183744934797525, 'max_features': 0.7873058203373089, 'bootstrap': False, 'max_samples': 0.41261138754451493}. Best is trial 747 with value: 0.8414301147947075.[0m
[32m[I 2022-05-04 07:11:50,761][0m Trial 899 finished with value: 0.8353697256518247 and parameters: {'n_estimators': 143, 'min_samples_split': 0.19954976222173265, 'min_samples_leaf': 0.10707984926028258, 'min_weight_fraction_leaf': 0.026408768494754892, 'max_features': 0.8451228116992797, 'bootstrap': False, 'max_samples': 0.3867767055192987}. Best is trial 747 with value: 0.8414301147947075.[0m
[32m[I 2022-05-04 07:17:52,884][0m Trial 900 finished with value: 0.8385424200665799 and parameters: {'n_estimators': 131, 'min_samples_split': 0.21194472908859072, 'min_samples_leaf': 0.16704942676678095, 'min_weight_fraction_leaf': 0.000232508799708627, 'max_features': 0.8074594656393463, 'bootstrap': False, 'max_samples': 0.3231102943788664}. Best is trial 747 with value: 0.8414301147947075.[0m
[32m[I 2022-05-04 07:27:18,298][0m Trial 901 finished with value: 0.836045728408051 and parameters: {'n_estimators': 158, 'min_samples_split': 0.06332397081408395, 'min_samples_leaf': 0.12415929294038605, 'min_weight_fraction_leaf': 0.06953367729277096, 'max_features': 0.8339621343384278, 'bootstrap': False, 'max_samples': 0.4604739147995925}. Best is trial 747 with value: 0.8414301147947075.[0m
[32m[I 2022-05-04 07:34:57,690][0m Trial 902 finished with value: 0.8385578434430588 and parameters: {'n_estimators': 138, 'min_samples_split': 0.02376790511060086, 'min_samples_leaf': 0.147757019380412, 'min_weight_fraction_leaf': 0.015471242197234222, 'max_features': 0.8846804408483917, 'bootstrap': False, 'max_samples': 0.361575019675164}. Best is trial 747 with value: 0.8414301147947075.[0m
[32m[I 2022-05-04 07:42:08,395][0m Trial 903 finished with value: 0.841484988947041 and parameters: {'n_estimators': 124, 'min_samples_split': 0.03761532050050915, 'min_samples_leaf': 0.13645173002854044, 'min_weight_fraction_leaf': 0.04666117897858357, 'max_features': 0.8542962778415047, 'bootstrap': False, 'max_samples': 0.3443573258239851}. Best is trial 903 with value: 0.841484988947041.[0m
[32m[I 2022-05-04 07:50:00,841][0m Trial 904 finished with value: 0.8351770737447607 and parameters: {'n_estimators': 129, 'min_samples_split': 0.033571051132274286, 'min_samples_leaf': 0.11996125194987534, 'min_weight_fraction_leaf': 0.029948575070141613, 'max_features': 0.8278297292247581, 'bootstrap': False, 'max_samples': 0.3423171498567045}. Best is trial 903 with value: 0.841484988947041.[0m
[32m[I 2022-05-04 08:04:13,183][0m Trial 905 finished with value: 0.8392923068774362 and parameters: {'n_estimators': 249, 'min_samples_split': 0.026692453975765078, 'min_samples_leaf': 0.13348362531940855, 'min_weight_fraction_leaf': 0.05868782507332468, 'max_features': 0.8547549807781968, 'bootstrap': False, 'max_samples': 0.2973234855334583}. Best is trial 903 with value: 0.841484988947041.[0m
[32m[I 2022-05-04 08:12:28,824][0m Trial 906 finished with value: 0.8390496048811495 and parameters: {'n_estimators': 149, 'min_samples_split': 0.015549176389531918, 'min_samples_leaf': 0.13292470600708473, 'min_weight_fraction_leaf': 0.07981401180300887, 'max_features': 0.8033843295294425, 'bootstrap': False, 'max_samples': 0.32036294968998363}. Best is trial 903 with value: 0.841484988947041.[0m
[32m[I 2022-05-04 08:21:23,358][0m Trial 907 finished with value: 0.8367446130814219 and parameters: {'n_estimators': 139, 'min_samples_split': 0.01468147756792923, 'min_samples_leaf': 0.11399013366800928, 'min_weight_fraction_leaf': 0.057461650266455215, 'max_features': 0.8344690671770773, 'bootstrap': False, 'max_samples': 0.33633933926427284}. Best is trial 903 with value: 0.841484988947041.[0m
[32m[I 2022-05-04 08:28:18,837][0m Trial 908 finished with value: 0.8376631219719582 and parameters: {'n_estimators': 125, 'min_samples_split': 0.038852634979683144, 'min_samples_leaf': 0.15311610692538255, 'min_weight_fraction_leaf': 0.04731538206689076, 'max_features': 0.9050137409383782, 'bootstrap': False, 'max_samples': 0.2680000693338511}. Best is trial 903 with value: 0.841484988947041.[0m
[32m[I 2022-05-04 08:38:56,070][0m Trial 909 finished with value: 0.8218692346603724 and parameters: {'n_estimators': 136, 'min_samples_split': 0.048102924250774434, 'min_samples_leaf': 0.09657490455123158, 'min_weight_fraction_leaf': 0.0655954658866642, 'max_features': 0.8758070811071624, 'bootstrap': False, 'max_samples': 0.3543403677864049}. Best is trial 903 with value: 0.841484988947041.[0m
[32m[I 2022-05-04 08:39:13,873][0m Trial 910 finished with value: 0.7489914228823146 and parameters: {'n_estimators': 131, 'min_samples_split': 0.053287515148991174, 'min_samples_leaf': 0.1250566921688922, 'min_weight_fraction_leaf': 0.046879197009687935, 'max_features': 0.7635284616986263, 'bootstrap': True, 'max_samples': 0.3728717558854202, 'oob_score': True}. Best is trial 903 with value: 0.841484988947041.[0m
[32m[I 2022-05-04 08:40:11,493][0m Trial 911 finished with value: 0.7176659660007892 and parameters: {'n_estimators': 145, 'min_samples_split': 0.035407127417513735, 'min_samples_leaf': 0.43085737020908244, 'min_weight_fraction_leaf': 0.05484310728010241, 'max_features': 0.8547119489904502, 'bootstrap': False, 'max_samples': 0.3081522612394956}. Best is trial 903 with value: 0.841484988947041.[0m
[32m[I 2022-05-04 08:45:39,990][0m Trial 912 finished with value: 0.8211235536710412 and parameters: {'n_estimators': 126, 'min_samples_split': 0.03898114286748619, 'min_samples_leaf': 0.1824240692174711, 'min_weight_fraction_leaf': 0.047796514075691535, 'max_features': 0.8165212810451388, 'bootstrap': False, 'max_samples': 0.33913907018566825}. Best is trial 903 with value: 0.841484988947041.[0m
[32m[I 2022-05-04 08:54:17,435][0m Trial 913 finished with value: 0.840594221733421 and parameters: {'n_estimators': 153, 'min_samples_split': 0.05366865558036826, 'min_samples_leaf': 0.14177150184703458, 'min_weight_fraction_leaf': 0.03982197372154122, 'max_features': 0.8400896920249198, 'bootstrap': False, 'max_samples': 0.3859569102995356}. Best is trial 903 with value: 0.841484988947041.[0m
[32m[I 2022-05-04 09:02:18,371][0m Trial 914 finished with value: 0.8398663579917385 and parameters: {'n_estimators': 159, 'min_samples_split': 0.06488200830966107, 'min_samples_leaf': 0.14373028509540525, 'min_weight_fraction_leaf': 0.06242005796437265, 'max_features': 0.7807320153209844, 'bootstrap': False, 'max_samples': 0.3945647361762877}. Best is trial 903 with value: 0.841484988947041.[0m
[32m[I 2022-05-04 09:09:45,284][0m Trial 915 finished with value: 0.8388080728200661 and parameters: {'n_estimators': 154, 'min_samples_split': 0.04927046913303613, 'min_samples_leaf': 0.15968604951628554, 'min_weight_fraction_leaf': 0.05205645427049539, 'max_features': 0.8011955811786213, 'bootstrap': False, 'max_samples': 0.384360003140242}. Best is trial 903 with value: 0.841484988947041.[0m
[32m[I 2022-05-04 09:18:02,685][0m Trial 916 finished with value: 0.8384450751111086 and parameters: {'n_estimators': 143, 'min_samples_split': 0.048448155820391636, 'min_samples_leaf': 0.1334098560851874, 'min_weight_fraction_leaf': 0.07123425103792692, 'max_features': 0.8283177151399173, 'bootstrap': False, 'max_samples': 0.4096456382327373}. Best is trial 903 with value: 0.841484988947041.[0m
[32m[I 2022-05-04 09:26:32,103][0m Trial 917 finished with value: 0.8403789389113928 and parameters: {'n_estimators': 159, 'min_samples_split': 0.029494684339716942, 'min_samples_leaf': 0.14515607374804418, 'min_weight_fraction_leaf': 0.04211550476262028, 'max_features': 0.8377173694467016, 'bootstrap': False, 'max_samples': 0.4246851480785211}. Best is trial 903 with value: 0.841484988947041.[0m
[32m[I 2022-05-04 09:35:16,971][0m Trial 918 finished with value: 0.8352071613362041 and parameters: {'n_estimators': 149, 'min_samples_split': 0.05209116736895819, 'min_samples_leaf': 0.12177622033537028, 'min_weight_fraction_leaf': 0.04006841247805872, 'max_features': 0.8127594121306269, 'bootstrap': False, 'max_samples': 0.3796274133795901}. Best is trial 903 with value: 0.841484988947041.[0m
[32m[I 2022-05-04 09:44:40,648][0m Trial 919 finished with value: 0.8400841046978856 and parameters: {'n_estimators': 162, 'min_samples_split': 0.058844411077479, 'min_samples_leaf': 0.1343789388680876, 'min_weight_fraction_leaf': 0.05041107439732902, 'max_features': 0.8489021317870212, 'bootstrap': False, 'max_samples': 0.3994849485065459}. Best is trial 903 with value: 0.841484988947041.[0m
[32m[I 2022-05-04 09:52:48,362][0m Trial 920 finished with value: 0.8389736620569836 and parameters: {'n_estimators': 154, 'min_samples_split': 0.0691885436449224, 'min_samples_leaf': 0.1557313150218276, 'min_weight_fraction_leaf': 0.03875965348057905, 'max_features': 0.8649923317520732, 'bootstrap': False, 'max_samples': 0.442908460178606}. Best is trial 903 with value: 0.841484988947041.[0m
[32m[I 2022-05-04 10:03:06,882][0m Trial 921 finished with value: 0.8360967803760093 and parameters: {'n_estimators': 149, 'min_samples_split': 0.05753371311198596, 'min_samples_leaf': 0.10608042561958225, 'min_weight_fraction_leaf': 0.06006901454296633, 'max_features': 0.832642304129489, 'bootstrap': False, 'max_samples': 0.3692860605969416}. Best is trial 903 with value: 0.841484988947041.[0m
[32m[I 2022-05-04 10:43:57,768][0m Trial 922 finished with value: 0.8379219908353661 and parameters: {'n_estimators': 745, 'min_samples_split': 0.03842445345762887, 'min_samples_leaf': 0.141407428026673, 'min_weight_fraction_leaf': 0.0467709538329764, 'max_features': 0.8802963238167706, 'bootstrap': False, 'max_samples': 0.41687735715332974}. Best is trial 903 with value: 0.841484988947041.[0m
[32m[I 2022-05-04 10:46:25,489][0m Trial 923 finished with value: 0.7673402531720528 and parameters: {'n_estimators': 153, 'min_samples_split': 0.06122320122281807, 'min_samples_leaf': 0.3280679951218696, 'min_weight_fraction_leaf': 0.08923068421234452, 'max_features': 0.7909635662549713, 'bootstrap': False, 'max_samples': 0.38684733306935426}. Best is trial 903 with value: 0.841484988947041.[0m
[32m[I 2022-05-04 10:54:48,633][0m Trial 924 finished with value: 0.838234671116117 and parameters: {'n_estimators': 143, 'min_samples_split': 0.041507392573960716, 'min_samples_leaf': 0.1308077232534019, 'min_weight_fraction_leaf': 0.0362835219108318, 'max_features': 0.813976994140397, 'bootstrap': False, 'max_samples': 0.35798867744030965}. Best is trial 903 with value: 0.841484988947041.[0m
[32m[I 2022-05-04 11:00:17,585][0m Trial 925 finished with value: 0.8352689271995801 and parameters: {'n_estimators': 160, 'min_samples_split': 0.07726020585591345, 'min_samples_leaf': 0.1668639384373741, 'min_weight_fraction_leaf': 0.05180580845012344, 'max_features': 0.5584279201853085, 'bootstrap': False, 'max_samples': 0.40475092056626427}. Best is trial 903 with value: 0.841484988947041.[0m
[32m[I 2022-05-04 11:05:43,654][0m Trial 926 finished with value: 0.8209844653362606 and parameters: {'n_estimators': 140, 'min_samples_split': 0.027620806295205896, 'min_samples_leaf': 0.20118964528232086, 'min_weight_fraction_leaf': 0.03591054858234283, 'max_features': 0.8511711465643443, 'bootstrap': False, 'max_samples': 0.43294772807785487}. Best is trial 903 with value: 0.841484988947041.[0m
[32m[I 2022-05-04 11:05:47,139][0m Trial 927 finished with value: 0.7277131228002766 and parameters: {'n_estimators': 148, 'min_samples_split': 0.05177139851157769, 'min_samples_leaf': 0.15094890448445128, 'min_weight_fraction_leaf': 0.06322771928361812, 'max_features': 0.7429659544803399, 'bootstrap': True, 'max_samples': 0.3807498281184276, 'oob_score': False}. Best is trial 903 with value: 0.841484988947041.[0m
[32m[I 2022-05-04 11:07:02,473][0m Trial 928 finished with value: 0.731177243329322 and parameters: {'n_estimators': 334, 'min_samples_split': 0.07112665764356711, 'min_samples_leaf': 0.1190587422696282, 'min_weight_fraction_leaf': 0.4762276649308935, 'max_features': 0.08214812155796108, 'bootstrap': False, 'max_samples': 0.35794037765174247}. Best is trial 903 with value: 0.841484988947041.[0m
[32m[I 2022-05-04 11:14:36,662][0m Trial 929 finished with value: 0.840024155929034 and parameters: {'n_estimators': 135, 'min_samples_split': 0.042427391127336005, 'min_samples_leaf': 0.14424113712695114, 'min_weight_fraction_leaf': 0.03929686807389845, 'max_features': 0.8685029849412513, 'bootstrap': False, 'max_samples': 0.4073825230194587}. Best is trial 903 with value: 0.841484988947041.[0m
[32m[I 2022-05-04 11:22:42,056][0m Trial 930 finished with value: 0.8375579615131425 and parameters: {'n_estimators': 140, 'min_samples_split': 0.3471031161124073, 'min_samples_leaf': 0.12920462190855195, 'min_weight_fraction_leaf': 0.046230520936186945, 'max_features': 0.8263943361719581, 'bootstrap': False, 'max_samples': 0.37914469798645306}. Best is trial 903 with value: 0.841484988947041.[0m
[32m[I 2022-05-04 11:29:48,452][0m Trial 931 finished with value: 0.8218446248119093 and parameters: {'n_estimators': 123, 'min_samples_split': 0.06536426743261553, 'min_samples_leaf': 0.13728267152860468, 'min_weight_fraction_leaf': 0.20144835297839417, 'max_features': 0.8902255621562211, 'bootstrap': False, 'max_samples': 0.42839330799485076}. Best is trial 903 with value: 0.841484988947041.[0m
[32m[I 2022-05-04 11:37:30,934][0m Trial 932 finished with value: 0.8394034773231649 and parameters: {'n_estimators': 152, 'min_samples_split': 0.02804915303922297, 'min_samples_leaf': 0.15791748033431816, 'min_weight_fraction_leaf': 0.03313488776698642, 'max_features': 0.8464542522535797, 'bootstrap': False, 'max_samples': 0.36257802300810854}. Best is trial 903 with value: 0.841484988947041.[0m
[32m[I 2022-05-04 11:46:12,602][0m Trial 933 finished with value: 0.8366154990342831 and parameters: {'n_estimators': 134, 'min_samples_split': 0.04311583439776243, 'min_samples_leaf': 0.11471647014696823, 'min_weight_fraction_leaf': 0.07295144557911917, 'max_features': 0.8141441481092772, 'bootstrap': False, 'max_samples': 0.4578011139316067}. Best is trial 903 with value: 0.841484988947041.[0m
[32m[I 2022-05-04 12:00:55,282][0m Trial 934 finished with value: 0.7920515285974251 and parameters: {'n_estimators': 142, 'min_samples_split': 0.04823478305420777, 'min_samples_leaf': 0.0551219443146503, 'min_weight_fraction_leaf': 0.056104804025774134, 'max_features': 0.8664945348494449, 'bootstrap': False, 'max_samples': 0.3883406058464255}. Best is trial 903 with value: 0.841484988947041.[0m
[32m[I 2022-05-04 12:31:45,890][0m Trial 935 finished with value: 0.8399048281909668 and parameters: {'n_estimators': 593, 'min_samples_split': 0.055755895857638856, 'min_samples_leaf': 0.14771480590033081, 'min_weight_fraction_leaf': 0.032762185976552824, 'max_features': 0.8380870728271702, 'bootstrap': False, 'max_samples': 0.5528104064336147}. Best is trial 903 with value: 0.841484988947041.[0m
[32m[I 2022-05-04 12:54:04,371][0m Trial 936 finished with value: 0.8390427631438596 and parameters: {'n_estimators': 362, 'min_samples_split': 0.03470883880608485, 'min_samples_leaf': 0.13025019783361458, 'min_weight_fraction_leaf': 0.04265203928444095, 'max_features': 0.9158215266454289, 'bootstrap': False, 'max_samples': 0.49335175080745897}. Best is trial 903 with value: 0.841484988947041.[0m
[32m[I 2022-05-04 12:59:40,680][0m Trial 937 finished with value: 0.8293966105713457 and parameters: {'n_estimators': 129, 'min_samples_split': 0.06541738214514682, 'min_samples_leaf': 0.17264417233938334, 'min_weight_fraction_leaf': 0.02918250952195095, 'max_features': 0.7712760254406763, 'bootstrap': False, 'max_samples': 0.400481217499449}. Best is trial 903 with value: 0.841484988947041.[0m
[32m[I 2022-05-04 13:08:39,764][0m Trial 938 finished with value: 0.8391054613285421 and parameters: {'n_estimators': 146, 'min_samples_split': 0.07802997894518837, 'min_samples_leaf': 0.13810975605217699, 'min_weight_fraction_leaf': 0.04777287659880214, 'max_features': 0.8895032186576369, 'bootstrap': False, 'max_samples': 0.3458589116541876}. Best is trial 903 with value: 0.841484988947041.[0m
[32m[I 2022-05-04 13:10:14,129][0m Trial 939 finished with value: 0.7568321984452683 and parameters: {'n_estimators': 123, 'min_samples_split': 0.025761432411622452, 'min_samples_leaf': 0.12578835740133054, 'min_weight_fraction_leaf': 0.38129291334871535, 'max_features': 0.21692179966437852, 'bootstrap': False, 'max_samples': 0.36942381161148485}. Best is trial 903 with value: 0.841484988947041.[0m
[32m[I 2022-05-04 13:25:17,678][0m Trial 940 finished with value: 0.8385969911771648 and parameters: {'n_estimators': 297, 'min_samples_split': 0.06067774332151232, 'min_samples_leaf': 0.15136295195522662, 'min_weight_fraction_leaf': 0.03434003854603156, 'max_features': 0.7900615127465223, 'bootstrap': False, 'max_samples': 0.4218557246569284}. Best is trial 903 with value: 0.841484988947041.[0m
[32m[I 2022-05-04 13:33:31,688][0m Trial 941 finished with value: 0.8409887002922171 and parameters: {'n_estimators': 134, 'min_samples_split': 0.03726529574873334, 'min_samples_leaf': 0.13828084910283256, 'min_weight_fraction_leaf': 0.02549492717224862, 'max_features': 0.85314927778794, 'bootstrap': False, 'max_samples': 0.34545927546121186}. Best is trial 903 with value: 0.841484988947041.[0m
[32m[I 2022-05-04 13:50:40,188][0m Trial 942 finished with value: 0.8359642735415438 and parameters: {'n_estimators': 137, 'min_samples_split': 0.017588505546858944, 'min_samples_leaf': 0.1097667246220625, 'min_weight_fraction_leaf': 0.04031757948714085, 'max_features': 0.8631775083966531, 'bootstrap': False, 'max_samples': 0.32786432399126647}. Best is trial 903 with value: 0.841484988947041.[0m
