[32m[I 2022-05-02 04:48:03,174][0m Trial 511 finished with value: 0.8401888963166165 and parameters: {'n_estimators': 148, 'min_samples_split': 0.27365355339248726, 'min_samples_leaf': 0.14417325726531238, 'min_weight_fraction_leaf': 0.019667706765880425, 'max_features': 0.863048884187882, 'bootstrap': False, 'max_samples': 0.37159664796351144}. Best is trial 376 with value: 0.8413011491451163.[0m
[32m[I 2022-05-02 04:56:46,742][0m Trial 512 finished with value: 0.8353736823447127 and parameters: {'n_estimators': 126, 'min_samples_split': 0.2521013755278417, 'min_samples_leaf': 0.11092738989612691, 'min_weight_fraction_leaf': 0.043828323128655804, 'max_features': 0.8484610934515018, 'bootstrap': False, 'max_samples': 0.41521062212362553}. Best is trial 376 with value: 0.8413011491451163.[0m
[32m[I 2022-05-02 05:04:26,929][0m Trial 513 finished with value: 0.8407395424975999 and parameters: {'n_estimators': 140, 'min_samples_split': 0.2419042511138448, 'min_samples_leaf': 0.13697168280619865, 'min_weight_fraction_leaf': 0.00917823102073557, 'max_features': 0.8078035678095417, 'bootstrap': False, 'max_samples': 0.39646254249340357}. Best is trial 376 with value: 0.8413011491451163.[0m
[32m[I 2022-05-02 05:12:21,445][0m Trial 514 finished with value: 0.8353055712240856 and parameters: {'n_estimators': 131, 'min_samples_split': 0.23558037493115558, 'min_samples_leaf': 0.12019500026610008, 'min_weight_fraction_leaf': 0.011714230652950464, 'max_features': 0.7943622275784081, 'bootstrap': False, 'max_samples': 0.39483060690877736}. Best is trial 376 with value: 0.8413011491451163.[0m
[32m[I 2022-05-02 05:20:25,941][0m Trial 515 finished with value: 0.8389481816086765 and parameters: {'n_estimators': 144, 'min_samples_split': 0.24567422714477982, 'min_samples_leaf': 0.13351016404389926, 'min_weight_fraction_leaf': 0.009107765137088813, 'max_features': 0.8109891997625824, 'bootstrap': False, 'max_samples': 0.36316162545566005}. Best is trial 376 with value: 0.8413011491451163.[0m
[32m[I 2022-05-02 05:31:01,290][0m Trial 516 finished with value: 0.8130494219398342 and parameters: {'n_estimators': 124, 'min_samples_split': 0.22463738842854575, 'min_samples_leaf': 0.08473909239791247, 'min_weight_fraction_leaf': 0.019070840517392933, 'max_features': 0.8737735049752222, 'bootstrap': False, 'max_samples': 0.9797335572835575}. Best is trial 376 with value: 0.8413011491451163.[0m
[32m[I 2022-05-02 05:39:20,015][0m Trial 517 finished with value: 0.8402000230059146 and parameters: {'n_estimators': 136, 'min_samples_split': 0.23789606506076721, 'min_samples_leaf': 0.1281446857435467, 'min_weight_fraction_leaf': 0.008770134596686976, 'max_features': 0.8421629299235162, 'bootstrap': False, 'max_samples': 0.3496597856945875}. Best is trial 376 with value: 0.8413011491451163.[0m
[32m[I 2022-05-02 05:42:45,934][0m Trial 518 finished with value: 0.8302237225157679 and parameters: {'n_estimators': 100, 'min_samples_split': 0.29844641409064854, 'min_samples_leaf': 0.13907426363062134, 'min_weight_fraction_leaf': 0.026368072615836968, 'max_features': 0.4160993943737726, 'bootstrap': False, 'max_samples': 0.3834494359234862}. Best is trial 376 with value: 0.8413011491451163.[0m
[32m[I 2022-05-02 05:53:30,564][0m Trial 519 finished with value: 0.8363162820983836 and parameters: {'n_estimators': 158, 'min_samples_split': 0.2446638692854008, 'min_samples_leaf': 0.1080983388089579, 'min_weight_fraction_leaf': 0.009086686831583549, 'max_features': 0.8229966533849083, 'bootstrap': False, 'max_samples': 0.3410650066486446}. Best is trial 376 with value: 0.8413011491451163.[0m
[32m[I 2022-05-02 06:00:04,147][0m Trial 520 finished with value: 0.8393920134887892 and parameters: {'n_estimators': 118, 'min_samples_split': 0.21397209697785213, 'min_samples_leaf': 0.1489494304346643, 'min_weight_fraction_leaf': 0.017760350083317687, 'max_features': 0.8800782761988956, 'bootstrap': False, 'max_samples': 0.31932819834558807}. Best is trial 376 with value: 0.8413011491451163.[0m
[32m[I 2022-05-02 06:33:13,255][0m Trial 521 finished with value: 0.8357005228755465 and parameters: {'n_estimators': 550, 'min_samples_split': 0.2324603993293694, 'min_samples_leaf': 0.12130682817965935, 'min_weight_fraction_leaf': 0.00043125130722450875, 'max_features': 0.8513527973406005, 'bootstrap': False, 'max_samples': 0.3986124705113781}. Best is trial 376 with value: 0.8413011491451163.[0m
[32m[I 2022-05-02 06:41:38,505][0m Trial 522 finished with value: 0.8395097032928879 and parameters: {'n_estimators': 140, 'min_samples_split': 0.22396847057149216, 'min_samples_leaf': 0.13786522049071465, 'min_weight_fraction_leaf': 0.029613387164190083, 'max_features': 0.907842282244675, 'bootstrap': False, 'max_samples': 0.5277330044876585}. Best is trial 376 with value: 0.8413011491451163.[0m
[32m[I 2022-05-02 06:49:54,896][0m Trial 523 finished with value: 0.8391727659442629 and parameters: {'n_estimators': 132, 'min_samples_split': 0.25184178370308574, 'min_samples_leaf': 0.12925576812826095, 'min_weight_fraction_leaf': 0.00016895176466971522, 'max_features': 0.8632873529498695, 'bootstrap': False, 'max_samples': 0.5537079324963571}. Best is trial 376 with value: 0.8413011491451163.[0m
[32m[I 2022-05-02 06:50:05,292][0m Trial 524 finished with value: 0.7260241039092705 and parameters: {'n_estimators': 123, 'min_samples_split': 0.26276285639013097, 'min_samples_leaf': 0.14890222936373176, 'min_weight_fraction_leaf': 0.018555260403033527, 'max_features': 0.8130854309372956, 'bootstrap': True, 'max_samples': 0.3636938071552489, 'oob_score': True}. Best is trial 376 with value: 0.8413011491451163.[0m
[32m[I 2022-05-02 06:58:47,131][0m Trial 525 finished with value: 0.8382508300057842 and parameters: {'n_estimators': 149, 'min_samples_split': 0.20984415845118196, 'min_samples_leaf': 0.14060923909675768, 'min_weight_fraction_leaf': 0.011425855768981905, 'max_features': 0.8903009805864781, 'bootstrap': False, 'max_samples': 0.33451973608487023}. Best is trial 376 with value: 0.8413011491451163.[0m
[32m[I 2022-05-02 07:06:01,860][0m Trial 526 finished with value: 0.8365361382318579 and parameters: {'n_estimators': 111, 'min_samples_split': 0.24002323274296755, 'min_samples_leaf': 0.1149940723732463, 'min_weight_fraction_leaf': 0.025280527466838367, 'max_features': 0.8392716394218808, 'bootstrap': False, 'max_samples': 0.3810050317806712}. Best is trial 376 with value: 0.8413011491451163.[0m
[32m[I 2022-05-02 07:13:50,885][0m Trial 527 finished with value: 0.8379192038573782 and parameters: {'n_estimators': 130, 'min_samples_split': 0.28050913416559853, 'min_samples_leaf': 0.130574681256796, 'min_weight_fraction_leaf': 0.00851357816410054, 'max_features': 0.86759887777274, 'bootstrap': False, 'max_samples': 0.4069633170651532}. Best is trial 376 with value: 0.8413011491451163.[0m
[32m[I 2022-05-02 07:19:03,648][0m Trial 528 finished with value: 0.8122821784455306 and parameters: {'n_estimators': 105, 'min_samples_split': 0.22907455567948454, 'min_samples_leaf': 0.1538039469618854, 'min_weight_fraction_leaf': 0.2061820566618121, 'max_features': 0.8281527353678222, 'bootstrap': False, 'max_samples': 0.35983587848928295}. Best is trial 376 with value: 0.8413011491451163.[0m
[32m[I 2022-05-02 07:25:51,312][0m Trial 529 finished with value: 0.8404671355130873 and parameters: {'n_estimators': 118, 'min_samples_split': 0.2528836827340659, 'min_samples_leaf': 0.1396547382189828, 'min_weight_fraction_leaf': 0.018053242972509032, 'max_features': 0.8552089931562934, 'bootstrap': False, 'max_samples': 0.6947425245125106}. Best is trial 376 with value: 0.8413011491451163.[0m
[32m[I 2022-05-02 07:33:01,821][0m Trial 530 finished with value: 0.8320734336922502 and parameters: {'n_estimators': 116, 'min_samples_split': 0.2347190300606201, 'min_samples_leaf': 0.10248787523489755, 'min_weight_fraction_leaf': 0.017829576961910655, 'max_features': 0.6788184113171327, 'bootstrap': False, 'max_samples': 0.7237579146494904}. Best is trial 376 with value: 0.8413011491451163.[0m
[32m[I 2022-05-02 07:40:28,418][0m Trial 531 finished with value: 0.8361692469999067 and parameters: {'n_estimators': 112, 'min_samples_split': 0.24925081143694675, 'min_samples_leaf': 0.12398449341805431, 'min_weight_fraction_leaf': 0.00878784344141229, 'max_features': 0.9167362598998303, 'bootstrap': False, 'max_samples': 0.6929644384909497}. Best is trial 376 with value: 0.8413011491451163.[0m
[32m[I 2022-05-02 07:47:39,526][0m Trial 532 finished with value: 0.839451018997621 and parameters: {'n_estimators': 119, 'min_samples_split': 0.24664708563830562, 'min_samples_leaf': 0.1368003087161003, 'min_weight_fraction_leaf': 2.9138847707854817e-05, 'max_features': 0.8907209252017068, 'bootstrap': False, 'max_samples': 0.3287842975002023}. Best is trial 376 with value: 0.8413011491451163.[0m
[32m[I 2022-05-02 07:54:51,570][0m Trial 533 finished with value: 0.8359550099551839 and parameters: {'n_estimators': 109, 'min_samples_split': 0.2560774490588578, 'min_samples_leaf': 0.11986307770650358, 'min_weight_fraction_leaf': 0.02305602159823913, 'max_features': 0.8689390390743165, 'bootstrap': False, 'max_samples': 0.3484387732870776}. Best is trial 376 with value: 0.8413011491451163.[0m
[32m[I 2022-05-02 08:01:10,544][0m Trial 534 finished with value: 0.8401282667268871 and parameters: {'n_estimators': 115, 'min_samples_split': 0.22196647460786373, 'min_samples_leaf': 0.1432527163273696, 'min_weight_fraction_leaf': 0.014018348208528418, 'max_features': 0.8570584236089666, 'bootstrap': False, 'max_samples': 0.6748383474084799}. Best is trial 376 with value: 0.8413011491451163.[0m
[32m[I 2022-05-02 08:08:38,950][0m Trial 535 finished with value: 0.8381606113022567 and parameters: {'n_estimators': 123, 'min_samples_split': 0.24156216606550288, 'min_samples_leaf': 0.13137645005104787, 'min_weight_fraction_leaf': 0.03232001373393801, 'max_features': 0.8797715636924773, 'bootstrap': False, 'max_samples': 0.6507093702730905}. Best is trial 376 with value: 0.8413011491451163.[0m
[32m[I 2022-05-02 08:16:56,733][0m Trial 536 finished with value: 0.8394580921999235 and parameters: {'n_estimators': 162, 'min_samples_split': 0.19110653488248344, 'min_samples_leaf': 0.1554591609177991, 'min_weight_fraction_leaf': 0.016729649838705552, 'max_features': 0.8492502260413857, 'bootstrap': False, 'max_samples': 0.7091631515683521}. Best is trial 376 with value: 0.8413011491451163.[0m
[32m[I 2022-05-02 08:22:27,930][0m Trial 537 finished with value: 0.7720826719610377 and parameters: {'n_estimators': 105, 'min_samples_split': 0.0421271307993559, 'min_samples_leaf': 0.1392996064286539, 'min_weight_fraction_leaf': 0.2850408868015167, 'max_features': 0.8997392195627025, 'bootstrap': False, 'max_samples': 0.7570433591992144}. Best is trial 376 with value: 0.8413011491451163.[0m
[32m[I 2022-05-02 08:28:57,604][0m Trial 538 finished with value: 0.839184706880739 and parameters: {'n_estimators': 124, 'min_samples_split': 0.21274546182889997, 'min_samples_leaf': 0.1483616899554756, 'min_weight_fraction_leaf': 0.00022367269060944909, 'max_features': 0.8309574906155712, 'bootstrap': False, 'max_samples': 0.0007290117023416709}. Best is trial 376 with value: 0.8413011491451163.[0m
[32m[I 2022-05-02 08:35:46,541][0m Trial 539 finished with value: 0.8394933691861087 and parameters: {'n_estimators': 115, 'min_samples_split': 0.2609776748794332, 'min_samples_leaf': 0.12905028684657957, 'min_weight_fraction_leaf': 0.027046415222604363, 'max_features': 0.859002731784937, 'bootstrap': False, 'max_samples': 0.31586132974329223}. Best is trial 376 with value: 0.8413011491451163.[0m
[32m[I 2022-05-02 08:44:34,532][0m Trial 540 finished with value: 0.837630178595534 and parameters: {'n_estimators': 128, 'min_samples_split': 0.23420623051295997, 'min_samples_leaf': 0.1128179092718517, 'min_weight_fraction_leaf': 0.009711948305081972, 'max_features': 0.8796507097326288, 'bootstrap': False, 'max_samples': 0.4315944499343424}. Best is trial 376 with value: 0.8413011491451163.[0m
[32m[I 2022-05-02 08:51:14,257][0m Trial 541 finished with value: 0.840235125409379 and parameters: {'n_estimators': 119, 'min_samples_split': 0.24797039711620875, 'min_samples_leaf': 0.13518640921636668, 'min_weight_fraction_leaf': 0.02098454363203689, 'max_features': 0.8053996172419443, 'bootstrap': False, 'max_samples': 0.37167048080608456}. Best is trial 376 with value: 0.8413011491451163.[0m
[32m[I 2022-05-02 08:56:48,800][0m Trial 542 finished with value: 0.8390712658376789 and parameters: {'n_estimators': 110, 'min_samples_split': 0.2256032100705715, 'min_samples_leaf': 0.16033282140175117, 'min_weight_fraction_leaf': 0.03200233318628844, 'max_features': 0.8428673824910754, 'bootstrap': False, 'max_samples': 0.33278798824918326}. Best is trial 376 with value: 0.8413011491451163.[0m
[32m[I 2022-05-02 08:57:03,408][0m Trial 543 finished with value: 0.7498040140075165 and parameters: {'n_estimators': 153, 'min_samples_split': 0.2540288862531917, 'min_samples_leaf': 0.12188054263877725, 'min_weight_fraction_leaf': 0.009452531236290626, 'max_features': 0.9277757489388027, 'bootstrap': True, 'max_samples': 0.3839028510162885, 'oob_score': False}. Best is trial 376 with value: 0.8413011491451163.[0m
[32m[I 2022-05-02 09:03:33,443][0m Trial 544 finished with value: 0.8390979148394868 and parameters: {'n_estimators': 121, 'min_samples_split': 0.2006253939625226, 'min_samples_leaf': 0.145719268323011, 'min_weight_fraction_leaf': 0.020189735426571813, 'max_features': 0.821405799099068, 'bootstrap': False, 'max_samples': 0.30379859032318024}. Best is trial 376 with value: 0.8413011491451163.[0m
[32m[I 2022-05-02 09:10:42,877][0m Trial 545 finished with value: 0.8397007811713382 and parameters: {'n_estimators': 127, 'min_samples_split': 0.24052503823004917, 'min_samples_leaf': 0.14166662840848013, 'min_weight_fraction_leaf': 0.0357509451732876, 'max_features': 0.8662098960537121, 'bootstrap': False, 'max_samples': 0.4174094542641118}. Best is trial 376 with value: 0.8413011491451163.[0m
[32m[I 2022-05-02 09:21:05,733][0m Trial 546 finished with value: 0.8395918381429469 and parameters: {'n_estimators': 166, 'min_samples_split': 0.05080100969960315, 'min_samples_leaf': 0.1280988295390716, 'min_weight_fraction_leaf': 0.009797663248778996, 'max_features': 0.8940956856233757, 'bootstrap': False, 'max_samples': 0.6320147044774139}. Best is trial 376 with value: 0.8413011491451163.[0m
[32m[I 2022-05-02 09:28:33,667][0m Trial 547 finished with value: 0.8397131567146922 and parameters: {'n_estimators': 142, 'min_samples_split': 0.21782610333522445, 'min_samples_leaf': 0.15321840993119717, 'min_weight_fraction_leaf': 0.02015848718432694, 'max_features': 0.8440003844646949, 'bootstrap': False, 'max_samples': 0.3559862448534599}. Best is trial 376 with value: 0.8413011491451163.[0m
[32m[I 2022-05-02 09:36:32,357][0m Trial 548 finished with value: 0.8399054907519747 and parameters: {'n_estimators': 134, 'min_samples_split': 0.2692706387169705, 'min_samples_leaf': 0.13521492328302764, 'min_weight_fraction_leaf': 0.007650685969935376, 'max_features': 0.8627768445836571, 'bootstrap': False, 'max_samples': 0.39957806727176326}. Best is trial 376 with value: 0.8413011491451163.[0m
[32m[I 2022-05-02 09:44:09,085][0m Trial 549 finished with value: 0.8385953776314157 and parameters: {'n_estimators': 118, 'min_samples_split': 0.2609839966153093, 'min_samples_leaf': 0.11387805161236643, 'min_weight_fraction_leaf': 0.03875441402133067, 'max_features': 0.78246978449464, 'bootstrap': False, 'max_samples': 0.44087696995166437}. Best is trial 376 with value: 0.8413011491451163.[0m
[32m[I 2022-05-02 09:50:08,444][0m Trial 550 finished with value: 0.8214069533162334 and parameters: {'n_estimators': 126, 'min_samples_split': 0.37676271757860846, 'min_samples_leaf': 0.1630605186352207, 'min_weight_fraction_leaf': 0.02791589013865054, 'max_features': 0.8142726094656797, 'bootstrap': False, 'max_samples': 0.7382972241305766}. Best is trial 376 with value: 0.8413011491451163.[0m
[32m[I 2022-05-02 09:57:35,540][0m Trial 551 finished with value: 0.8399553483233209 and parameters: {'n_estimators': 137, 'min_samples_split': 0.23207429039760413, 'min_samples_leaf': 0.1478691106840763, 'min_weight_fraction_leaf': 0.01648635460591327, 'max_features': 0.8809745995868881, 'bootstrap': False, 'max_samples': 0.7903737925115805}. Best is trial 376 with value: 0.8413011491451163.[0m
[32m[I 2022-05-02 10:06:29,865][0m Trial 552 finished with value: 0.8369230680816864 and parameters: {'n_estimators': 149, 'min_samples_split': 0.20436133172635862, 'min_samples_leaf': 0.12606711181807168, 'min_weight_fraction_leaf': 0.007101573413804713, 'max_features': 0.8439201681672006, 'bootstrap': False, 'max_samples': 0.37489951861851084}. Best is trial 376 with value: 0.8413011491451163.[0m
[32m[I 2022-05-02 10:12:58,542][0m Trial 553 finished with value: 0.8391586632783176 and parameters: {'n_estimators': 114, 'min_samples_split': 0.2440695965208053, 'min_samples_leaf': 0.13990342185816995, 'min_weight_fraction_leaf': 0.029507464140984804, 'max_features': 0.8308196578976961, 'bootstrap': False, 'max_samples': 0.3322890826826803}. Best is trial 376 with value: 0.8413011491451163.[0m
[32m[I 2022-05-02 10:19:01,006][0m Trial 554 finished with value: 0.8382099709838107 and parameters: {'n_estimators': 130, 'min_samples_split': 0.2553014950064871, 'min_samples_leaf': 0.15426501627445416, 'min_weight_fraction_leaf': 0.01550334196440269, 'max_features': 0.7423874169476049, 'bootstrap': False, 'max_samples': 0.7011317962896481}. Best is trial 376 with value: 0.8413011491451163.[0m
[32m[I 2022-05-02 10:33:18,741][0m Trial 555 finished with value: 0.8357101025627017 and parameters: {'n_estimators': 231, 'min_samples_split': 0.21729814162951572, 'min_samples_leaf': 0.11856959225472796, 'min_weight_fraction_leaf': 0.0009787206153047043, 'max_features': 0.8593175874605201, 'bootstrap': False, 'max_samples': 0.3545393550521445}. Best is trial 376 with value: 0.8413011491451163.[0m
[32m[I 2022-05-02 10:45:17,485][0m Trial 556 finished with value: 0.8355504370726461 and parameters: {'n_estimators': 157, 'min_samples_split': 0.2325321012935805, 'min_samples_leaf': 0.10604330519701784, 'min_weight_fraction_leaf': 0.025836099993557314, 'max_features': 0.9122093810419345, 'bootstrap': False, 'max_samples': 0.5975884922856386}. Best is trial 376 with value: 0.8413011491451163.[0m
[32m[I 2022-05-02 10:53:41,730][0m Trial 557 finished with value: 0.8389566858986882 and parameters: {'n_estimators': 142, 'min_samples_split': 0.06638417702847096, 'min_samples_leaf': 0.13430496704795553, 'min_weight_fraction_leaf': 0.037975850501227766, 'max_features': 0.8823842497836881, 'bootstrap': False, 'max_samples': 0.3951675564535967}. Best is trial 376 with value: 0.8413011491451163.[0m
[32m[I 2022-05-02 10:59:16,305][0m Trial 558 finished with value: 0.8388475990734783 and parameters: {'n_estimators': 107, 'min_samples_split': 0.2661182355631281, 'min_samples_leaf': 0.14795690727562502, 'min_weight_fraction_leaf': 0.0006035036500100955, 'max_features': 0.7960485338296713, 'bootstrap': False, 'max_samples': 0.5010953275142833}. Best is trial 376 with value: 0.8413011491451163.[0m
[32m[I 2022-05-02 11:04:37,922][0m Trial 559 finished with value: 0.816360312612181 and parameters: {'n_estimators': 121, 'min_samples_split': 0.24570633090576563, 'min_samples_leaf': 0.12789716867931064, 'min_weight_fraction_leaf': 0.19621315336072975, 'max_features': 0.6411269894764418, 'bootstrap': False, 'max_samples': 0.2794466333285567}. Best is trial 376 with value: 0.8413011491451163.[0m
[32m[I 2022-05-02 11:14:27,615][0m Trial 560 finished with value: 0.8204105455000954 and parameters: {'n_estimators': 135, 'min_samples_split': 0.43553041683065447, 'min_samples_leaf': 0.09295158382839852, 'min_weight_fraction_leaf': 0.016345589699726742, 'max_features': 0.8535777406892865, 'bootstrap': False, 'max_samples': 0.4236399956388317}. Best is trial 376 with value: 0.8413011491451163.[0m
[32m[I 2022-05-02 11:20:39,954][0m Trial 561 finished with value: 0.8228578616126526 and parameters: {'n_estimators': 114, 'min_samples_split': 0.4148908314649933, 'min_samples_leaf': 0.1378735437522131, 'min_weight_fraction_leaf': 0.009858680372544653, 'max_features': 0.831035386333815, 'bootstrap': False, 'max_samples': 0.6656454103782611}. Best is trial 376 with value: 0.8413011491451163.[0m
[32m[I 2022-05-02 11:20:41,456][0m Trial 562 finished with value: 0.5 and parameters: {'n_estimators': 174, 'min_samples_split': 0.21001923023129856, 'min_samples_leaf': 0.16245800423914572, 'min_weight_fraction_leaf': 0.023865542853999167, 'max_features': 0.8746130404133623, 'bootstrap': True, 'max_samples': 0.369459531846884, 'oob_score': False}. Best is trial 376 with value: 0.8413011491451163.[0m
[32m[I 2022-05-02 11:27:23,915][0m Trial 563 finished with value: 0.8392574949667722 and parameters: {'n_estimators': 125, 'min_samples_split': 0.255577351206887, 'min_samples_leaf': 0.14465769927793665, 'min_weight_fraction_leaf': 0.041767270658784814, 'max_features': 0.8103126517408483, 'bootstrap': False, 'max_samples': 0.3183731471334161}. Best is trial 376 with value: 0.8413011491451163.[0m
[32m[I 2022-05-02 11:34:16,466][0m Trial 564 finished with value: 0.8358500472122905 and parameters: {'n_estimators': 103, 'min_samples_split': 0.22053391050314167, 'min_samples_leaf': 0.12227745780764628, 'min_weight_fraction_leaf': 0.010939798347739858, 'max_features': 0.894765428367231, 'bootstrap': False, 'max_samples': 0.4137993042856953}. Best is trial 376 with value: 0.8413011491451163.[0m
