[32m[I 2022-04-29 07:33:14,368][0m Trial 25 finished with value: 0.8169887941242031 and parameters: {'n_estimators': 309, 'min_samples_split': 0.22619877293450447, 'min_samples_leaf': 0.11712310609871862, 'min_weight_fraction_leaf': 0.1761085759703927, 'max_features': 0.6060571007297704, 'bootstrap': True, 'max_samples': 0.9951645372174014, 'oob_score': False}. Best is trial 25 with value: 0.8169887941242031.[0m
[32m[I 2022-04-29 07:46:05,015][0m Trial 26 finished with value: 0.8161947478478393 and parameters: {'n_estimators': 295, 'min_samples_split': 0.2090726360719269, 'min_samples_leaf': 0.11120824187874784, 'min_weight_fraction_leaf': 0.19615624159220335, 'max_features': 0.5877732270732219, 'bootstrap': False, 'max_samples': 0.7140393197434833}. Best is trial 25 with value: 0.8169887941242031.[0m
[32m[I 2022-04-29 07:56:15,168][0m Trial 27 finished with value: 0.8101310977387696 and parameters: {'n_estimators': 276, 'min_samples_split': 0.19461927390178246, 'min_samples_leaf': 0.14364472329718123, 'min_weight_fraction_leaf': 0.20758596906408297, 'max_features': 0.5830372139183488, 'bootstrap': False, 'max_samples': 0.7100530272062491}. Best is trial 25 with value: 0.8169887941242031.[0m
[32m[I 2022-04-29 08:03:20,245][0m Trial 28 finished with value: 0.7799184012156376 and parameters: {'n_estimators': 170, 'min_samples_split': 0.12916412200518648, 'min_samples_leaf': 0.1854883335457485, 'min_weight_fraction_leaf': 0.30486433390457984, 'max_features': 0.8803898203491483, 'bootstrap': False, 'max_samples': 0.8337487108257118}. Best is trial 25 with value: 0.8169887941242031.[0m
[32m[I 2022-04-29 08:17:36,662][0m Trial 29 finished with value: 0.8170440949953015 and parameters: {'n_estimators': 207, 'min_samples_split': 0.23469066838061986, 'min_samples_leaf': 0.11238184888580645, 'min_weight_fraction_leaf': 0.17800393551920407, 'max_features': 0.9924129036261875, 'bootstrap': False, 'max_samples': 0.7211752025245498}. Best is trial 29 with value: 0.8170440949953015.[0m
[32m[I 2022-04-29 08:25:19,092][0m Trial 30 finished with value: 0.8192383316922573 and parameters: {'n_estimators': 117, 'min_samples_split': 0.1906462411274013, 'min_samples_leaf': 0.12081656865916278, 'min_weight_fraction_leaf': 0.18620037896941496, 'max_features': 0.9591599127689676, 'bootstrap': False, 'max_samples': 0.4685487407616641}. Best is trial 30 with value: 0.8192383316922573.[0m
[32m[I 2022-04-29 08:33:03,041][0m Trial 31 finished with value: 0.8188468306500895 and parameters: {'n_estimators': 102, 'min_samples_split': 0.1954013772887838, 'min_samples_leaf': 0.10623703099849913, 'min_weight_fraction_leaf': 0.17408635927096563, 'max_features': 0.9898198690280221, 'bootstrap': False, 'max_samples': 0.4781108980801057}. Best is trial 30 with value: 0.8192383316922573.[0m
[32m[I 2022-04-29 08:39:37,834][0m Trial 32 finished with value: 0.8023379704311916 and parameters: {'n_estimators': 101, 'min_samples_split': 0.15353809510898458, 'min_samples_leaf': 0.11345099061943661, 'min_weight_fraction_leaf': 0.24925859007608217, 'max_features': 0.9796654976771743, 'bootstrap': False, 'max_samples': 0.4650346914711154}. Best is trial 30 with value: 0.8192383316922573.[0m
[32m[I 2022-04-29 08:46:28,121][0m Trial 33 finished with value: 0.818473359884111 and parameters: {'n_estimators': 133, 'min_samples_split': 0.11307139010453303, 'min_samples_leaf': 0.17854778845265695, 'min_weight_fraction_leaf': 0.15964651083540551, 'max_features': 0.9958856332589261, 'bootstrap': False, 'max_samples': 0.34472889718351407}. Best is trial 30 with value: 0.8192383316922573.[0m
[32m[I 2022-04-29 08:51:07,952][0m Trial 34 finished with value: 0.8023163134123239 and parameters: {'n_estimators': 131, 'min_samples_split': 0.09731654821271074, 'min_samples_leaf': 0.24455023916636673, 'min_weight_fraction_leaf': 0.24183844117100897, 'max_features': 0.998558955876937, 'bootstrap': False, 'max_samples': 0.3586434051935482}. Best is trial 30 with value: 0.8192383316922573.[0m
[32m[I 2022-04-29 08:57:26,299][0m Trial 35 finished with value: 0.8208341344348499 and parameters: {'n_estimators': 133, 'min_samples_split': 0.18181342061997324, 'min_samples_leaf': 0.17647857436466635, 'min_weight_fraction_leaf': 0.16515504677149212, 'max_features': 0.8823751704866091, 'bootstrap': False, 'max_samples': 0.3728062899163991}. Best is trial 35 with value: 0.8208341344348499.[0m
[32m[I 2022-04-29 09:03:01,657][0m Trial 36 finished with value: 0.8204258079214364 and parameters: {'n_estimators': 126, 'min_samples_split': 0.10213764629525413, 'min_samples_leaf': 0.1859400524878339, 'min_weight_fraction_leaf': 0.17036435074472253, 'max_features': 0.8615351608046461, 'bootstrap': False, 'max_samples': 0.35935903294609395}. Best is trial 35 with value: 0.8208341344348499.[0m
[32m[I 2022-04-29 09:06:58,162][0m Trial 37 finished with value: 0.7806773056795304 and parameters: {'n_estimators': 105, 'min_samples_split': 0.062203875719587826, 'min_samples_leaf': 0.21471413076121876, 'min_weight_fraction_leaf': 0.28622984360272086, 'max_features': 0.8663911979816019, 'bootstrap': False, 'max_samples': 0.5313910438818686}. Best is trial 35 with value: 0.8208341344348499.[0m
[32m[I 2022-04-29 09:09:15,518][0m Trial 38 finished with value: 0.7789224374973936 and parameters: {'n_estimators': 121, 'min_samples_split': 0.17934275157306948, 'min_samples_leaf': 0.3145103066210332, 'min_weight_fraction_leaf': 0.14516747519975748, 'max_features': 0.8187234131943306, 'bootstrap': False, 'max_samples': 0.3873027989836908}. Best is trial 35 with value: 0.8208341344348499.[0m
[32m[I 2022-04-29 09:16:38,214][0m Trial 39 finished with value: 0.8077580464857572 and parameters: {'n_estimators': 147, 'min_samples_split': 0.002688362603183142, 'min_samples_leaf': 0.16137153243895597, 'min_weight_fraction_leaf': 0.23744305119774317, 'max_features': 0.9169848114949181, 'bootstrap': False, 'max_samples': 0.28391024038008805}. Best is trial 35 with value: 0.8208341344348499.[0m
[32m[I 2022-04-29 09:20:58,659][0m Trial 40 finished with value: 0.8194610659048467 and parameters: {'n_estimators': 112, 'min_samples_split': 0.07341037747517586, 'min_samples_leaf': 0.19734044324347672, 'min_weight_fraction_leaf': 0.10380903781608353, 'max_features': 0.7774065058869668, 'bootstrap': False, 'max_samples': 0.4706995376007843}. Best is trial 35 with value: 0.8208341344348499.[0m
[32m[I 2022-04-29 09:25:30,514][0m Trial 41 finished with value: 0.8179859963685766 and parameters: {'n_estimators': 116, 'min_samples_split': 0.08583301759807412, 'min_samples_leaf': 0.18920529947197307, 'min_weight_fraction_leaf': 0.1079494005490639, 'max_features': 0.763546161127208, 'bootstrap': False, 'max_samples': 0.4872200408481432}. Best is trial 35 with value: 0.8208341344348499.[0m
[32m[I 2022-04-29 09:30:16,521][0m Trial 42 finished with value: 0.807954254297903 and parameters: {'n_estimators': 140, 'min_samples_split': 0.15971142872788868, 'min_samples_leaf': 0.24052100801511797, 'min_weight_fraction_leaf': 0.1529571032307577, 'max_features': 0.9275796736076876, 'bootstrap': False, 'max_samples': 0.4271471500880098}. Best is trial 35 with value: 0.8208341344348499.[0m
[32m[I 2022-04-29 09:34:50,018][0m Trial 43 finished with value: 0.8211548610671094 and parameters: {'n_estimators': 115, 'min_samples_split': 0.0654389563761347, 'min_samples_leaf': 0.20053509355918028, 'min_weight_fraction_leaf': 0.1875123951907345, 'max_features': 0.8403001659620221, 'bootstrap': False, 'max_samples': 0.5324352287615266}. Best is trial 43 with value: 0.8211548610671094.[0m
[32m[I 2022-04-29 09:38:22,373][0m Trial 44 finished with value: 0.8081236283284958 and parameters: {'n_estimators': 115, 'min_samples_split': 0.04908556960938, 'min_samples_leaf': 0.21771631308012074, 'min_weight_fraction_leaf': 0.10047341714799449, 'max_features': 0.7074439464922229, 'bootstrap': False, 'max_samples': 0.5647878880678444}. Best is trial 43 with value: 0.8211548610671094.[0m
[32m[I 2022-04-29 09:46:10,144][0m Trial 45 finished with value: 0.8393567113665739 and parameters: {'n_estimators': 161, 'min_samples_split': 0.0287907760504605, 'min_samples_leaf': 0.16223312317413924, 'min_weight_fraction_leaf': 0.035942731716624696, 'max_features': 0.8339701145818407, 'bootstrap': False, 'max_samples': 0.3136617069905124}. Best is trial 45 with value: 0.8393567113665739.[0m
[32m[I 2022-04-29 09:50:10,991][0m Trial 46 finished with value: 0.7778034074020981 and parameters: {'n_estimators': 155, 'min_samples_split': 0.028655204037693685, 'min_samples_leaf': 0.27326283790212713, 'min_weight_fraction_leaf': 0.037131898076067385, 'max_features': 0.827070995311122, 'bootstrap': False, 'max_samples': 0.3025398589691769}. Best is trial 45 with value: 0.8393567113665739.[0m
[32m[I 2022-04-29 09:57:20,802][0m Trial 47 finished with value: 0.8209628944393661 and parameters: {'n_estimators': 189, 'min_samples_split': 0.07036185123821484, 'min_samples_leaf': 0.19987849374679023, 'min_weight_fraction_leaf': 0.03859234469140032, 'max_features': 0.8018740392798385, 'bootstrap': False, 'max_samples': 0.1755732018561087}. Best is trial 45 with value: 0.8393567113665739.[0m
[32m[I 2022-04-29 10:05:10,752][0m Trial 48 finished with value: 0.8371013411648403 and parameters: {'n_estimators': 183, 'min_samples_split': 0.10566111205083874, 'min_samples_leaf': 0.16035233888298436, 'min_weight_fraction_leaf': 0.03369322882126935, 'max_features': 0.6774984517622312, 'bootstrap': False, 'max_samples': 0.16864883413418286}. Best is trial 45 with value: 0.8393567113665739.[0m
[32m[I 2022-04-29 10:10:43,371][0m Trial 49 finished with value: 0.7817832979115976 and parameters: {'n_estimators': 193, 'min_samples_split': 0.05125553312783311, 'min_samples_leaf': 0.15907473471469033, 'min_weight_fraction_leaf': 0.33265337302667164, 'max_features': 0.6469478534945023, 'bootstrap': False, 'max_samples': 0.20878989166632667}. Best is trial 45 with value: 0.8393567113665739.[0m
[32m[I 2022-04-29 10:16:35,989][0m Trial 50 finished with value: 0.7872610922129959 and parameters: {'n_estimators': 231, 'min_samples_split': 0.026963422826821598, 'min_samples_leaf': 0.2579748842421623, 'min_weight_fraction_leaf': 0.03529605778511741, 'max_features': 0.7408588236962144, 'bootstrap': False, 'max_samples': 0.16875122197638256}. Best is trial 45 with value: 0.8393567113665739.[0m
[32m[I 2022-04-29 10:24:48,013][0m Trial 51 finished with value: 0.8393598742960527 and parameters: {'n_estimators': 167, 'min_samples_split': 0.09929525668519515, 'min_samples_leaf': 0.1604372952915745, 'min_weight_fraction_leaf': 0.03636512814769867, 'max_features': 0.8345051915339866, 'bootstrap': False, 'max_samples': 0.08527573815095418}. Best is trial 51 with value: 0.8393598742960527.[0m
[32m[I 2022-04-29 10:32:46,225][0m Trial 52 finished with value: 0.8388842354980046 and parameters: {'n_estimators': 166, 'min_samples_split': 0.12462698160258351, 'min_samples_leaf': 0.16474783361433126, 'min_weight_fraction_leaf': 0.030779186971075286, 'max_features': 0.820185809955188, 'bootstrap': False, 'max_samples': 0.06297354119416507}. Best is trial 51 with value: 0.8393598742960527.[0m
[32m[I 2022-04-29 10:46:58,215][0m Trial 53 finished with value: 0.8268889242683735 and parameters: {'n_estimators': 180, 'min_samples_split': 0.0024202503064174735, 'min_samples_leaf': 0.08589360502837895, 'min_weight_fraction_leaf': 0.03386170038630717, 'max_features': 0.825994895654512, 'bootstrap': False, 'max_samples': 0.09053451289301814}. Best is trial 51 with value: 0.8393598742960527.[0m
[32m[I 2022-04-29 10:58:27,087][0m Trial 54 finished with value: 0.8265707426664411 and parameters: {'n_estimators': 166, 'min_samples_split': 0.0045104615074040635, 'min_samples_leaf': 0.08575431989102258, 'min_weight_fraction_leaf': 0.031554121599137244, 'max_features': 0.6961445967131354, 'bootstrap': False, 'max_samples': 0.04896267724278692}. Best is trial 51 with value: 0.8393598742960527.[0m
[32m[I 2022-04-29 11:09:40,195][0m Trial 55 finished with value: 0.8200607965594653 and parameters: {'n_estimators': 169, 'min_samples_split': 0.009590797295708178, 'min_samples_leaf': 0.08170927801791264, 'min_weight_fraction_leaf': 0.021766252490097327, 'max_features': 0.668823303851552, 'bootstrap': False, 'max_samples': 0.04955531449072679}. Best is trial 51 with value: 0.8393598742960527.[0m
[32m[I 2022-04-29 11:20:07,424][0m Trial 56 finished with value: 0.8391113198437246 and parameters: {'n_estimators': 211, 'min_samples_split': 0.037482712912507515, 'min_samples_leaf': 0.13513936408769922, 'min_weight_fraction_leaf': 0.0885233947818277, 'max_features': 0.7129841551492143, 'bootstrap': False, 'max_samples': 0.09413750217447737}. Best is trial 51 with value: 0.8393598742960527.[0m
[32m[I 2022-04-29 11:30:19,707][0m Trial 57 finished with value: 0.8399150641471935 and parameters: {'n_estimators': 206, 'min_samples_split': 0.03243317087699492, 'min_samples_leaf': 0.13965350253629877, 'min_weight_fraction_leaf': 0.05260614303947, 'max_features': 0.7304837551300069, 'bootstrap': False, 'max_samples': 0.10960886658529911}. Best is trial 57 with value: 0.8399150641471935.[0m
[32m[I 2022-04-29 11:40:37,650][0m Trial 58 finished with value: 0.8384672681686356 and parameters: {'n_estimators': 234, 'min_samples_split': 0.12224160012301563, 'min_samples_leaf': 0.15919053257483792, 'min_weight_fraction_leaf': 0.08610738194442005, 'max_features': 0.7286080435344173, 'bootstrap': False, 'max_samples': 0.11993331270750063}. Best is trial 57 with value: 0.8399150641471935.[0m
[32m[I 2022-04-29 11:52:30,059][0m Trial 59 finished with value: 0.839706508922131 and parameters: {'n_estimators': 232, 'min_samples_split': 0.12918761039808413, 'min_samples_leaf': 0.13599476699339558, 'min_weight_fraction_leaf': 0.05638270989056414, 'max_features': 0.7485490679103063, 'bootstrap': False, 'max_samples': 0.1316983608083745}. Best is trial 57 with value: 0.8399150641471935.[0m
[32m[I 2022-04-29 12:01:50,731][0m Trial 60 finished with value: 0.8393251273789888 and parameters: {'n_estimators': 205, 'min_samples_split': 0.0362147712552975, 'min_samples_leaf': 0.13274709097552218, 'min_weight_fraction_leaf': 0.055723537219427625, 'max_features': 0.6364281442445272, 'bootstrap': False, 'max_samples': 0.0011433202540097748}. Best is trial 57 with value: 0.8399150641471935.[0m
[32m[I 2022-04-29 12:11:26,841][0m Trial 61 finished with value: 0.8391604603447069 and parameters: {'n_estimators': 210, 'min_samples_split': 0.03759407660320018, 'min_samples_leaf': 0.13423550869801976, 'min_weight_fraction_leaf': 0.05571084240482912, 'max_features': 0.6345657867081602, 'bootstrap': False, 'max_samples': 0.011944333483176611}. Best is trial 57 with value: 0.8399150641471935.[0m
[32m[I 2022-04-29 12:20:32,393][0m Trial 62 finished with value: 0.8377560571983377 and parameters: {'n_estimators': 213, 'min_samples_split': 0.04437940155296344, 'min_samples_leaf': 0.137256802480735, 'min_weight_fraction_leaf': 0.05644246267483991, 'max_features': 0.6229267462558331, 'bootstrap': False, 'max_samples': 0.015980262573768514}. Best is trial 57 with value: 0.8399150641471935.[0m
[32m[I 2022-04-29 12:29:49,059][0m Trial 63 finished with value: 0.8357501207191369 and parameters: {'n_estimators': 245, 'min_samples_split': 0.03063306138467499, 'min_samples_leaf': 0.1320528804189947, 'min_weight_fraction_leaf': 0.0018830595664905692, 'max_features': 0.5346988809950968, 'bootstrap': False, 'max_samples': 0.07936245895256872}. Best is trial 57 with value: 0.8399150641471935.[0m
[32m[I 2022-04-29 12:36:59,845][0m Trial 64 finished with value: 0.834909213142771 and parameters: {'n_estimators': 197, 'min_samples_split': 0.08518874797039638, 'min_samples_leaf': 0.13423360365423395, 'min_weight_fraction_leaf': 0.08662555624786877, 'max_features': 0.4699490942019343, 'bootstrap': False, 'max_samples': 0.13863515680509075}. Best is trial 57 with value: 0.8399150641471935.[0m
[32m[I 2022-04-29 12:41:01,229][0m Trial 65 finished with value: 0.7741511094964665 and parameters: {'n_estimators': 271, 'min_samples_split': 0.022007972574810047, 'min_samples_leaf': 0.3285980637987874, 'min_weight_fraction_leaf': 0.052677955920728985, 'max_features': 0.7608859747207821, 'bootstrap': False, 'max_samples': 0.0012969490822625773}. Best is trial 57 with value: 0.8399150641471935.[0m
[32m[I 2022-04-29 12:48:07,095][0m Trial 66 finished with value: 0.7298914766773883 and parameters: {'n_estimators': 211, 'min_samples_split': 0.05539727084503696, 'min_samples_leaf': 0.07456669409712138, 'min_weight_fraction_leaf': 0.44306877710297754, 'max_features': 0.6265292383837466, 'bootstrap': False, 'max_samples': 0.20508645741487583}. Best is trial 57 with value: 0.8399150641471935.[0m
[32m[I 2022-04-29 13:02:31,707][0m Trial 67 finished with value: 0.8083108060951585 and parameters: {'n_estimators': 154, 'min_samples_split': 0.03655907955369833, 'min_samples_leaf': 0.03732461849651218, 'min_weight_fraction_leaf': 0.06689763662272188, 'max_features': 0.7203632900323689, 'bootstrap': False, 'max_samples': 0.030587198389140827}. Best is trial 57 with value: 0.8399150641471935.[0m
[32m[I 2022-04-29 13:15:14,060][0m Trial 68 finished with value: 0.8339912981176004 and parameters: {'n_estimators': 222, 'min_samples_split': 0.08639605538265853, 'min_samples_leaf': 0.10122693098886201, 'min_weight_fraction_leaf': 0.01835319376558201, 'max_features': 0.6556710550383757, 'bootstrap': False, 'max_samples': 0.14070877337608506}. Best is trial 57 with value: 0.8399150641471935.[0m
[32m[I 2022-04-29 13:28:36,189][0m Trial 69 finished with value: 0.8347846994734935 and parameters: {'n_estimators': 245, 'min_samples_split': 0.020127979943037992, 'min_samples_leaf': 0.12504964616628625, 'min_weight_fraction_leaf': 0.09021957202563738, 'max_features': 0.7503792039077842, 'bootstrap': False, 'max_samples': 0.09574457459649216}. Best is trial 57 with value: 0.8399150641471935.[0m
[32m[I 2022-04-29 13:29:03,670][0m Trial 70 finished with value: 0.7290701257713118 and parameters: {'n_estimators': 201, 'min_samples_split': 0.043777915151673605, 'min_samples_leaf': 0.4634502177004137, 'min_weight_fraction_leaf': 0.07312369984592264, 'max_features': 0.5442467864786282, 'bootstrap': False, 'max_samples': 0.2539268152964634}. Best is trial 57 with value: 0.8399150641471935.[0m
[32m[I 2022-04-29 13:37:54,976][0m Trial 71 finished with value: 0.8396423651986528 and parameters: {'n_estimators': 175, 'min_samples_split': 0.14509465275827582, 'min_samples_leaf': 0.14589701855927967, 'min_weight_fraction_leaf': 0.051459963873838624, 'max_features': 0.7776517289061384, 'bootstrap': False, 'max_samples': 0.061798360186260004}. Best is trial 57 with value: 0.8399150641471935.[0m
[32m[I 2022-04-29 13:58:24,076][0m Trial 72 finished with value: 0.8278364811780712 and parameters: {'n_estimators': 287, 'min_samples_split': 0.15270156361773143, 'min_samples_leaf': 0.0957609644631861, 'min_weight_fraction_leaf': 0.053706719717592326, 'max_features': 0.8007478323728203, 'bootstrap': False, 'max_samples': 0.04826553319117329}. Best is trial 57 with value: 0.8399150641471935.[0m
[32m[I 2022-04-29 14:07:22,807][0m Trial 73 finished with value: 0.8399048223897558 and parameters: {'n_estimators': 175, 'min_samples_split': 0.13507312567333557, 'min_samples_leaf': 0.14366653481584588, 'min_weight_fraction_leaf': 0.0519431133300944, 'max_features': 0.7787121964397793, 'bootstrap': False, 'max_samples': 0.11822109938415673}. Best is trial 57 with value: 0.8399150641471935.[0m
[32m[I 2022-04-29 14:15:39,263][0m Trial 74 finished with value: 0.8386265555400921 and parameters: {'n_estimators': 147, 'min_samples_split': 0.13239628674495296, 'min_samples_leaf': 0.14899028484841947, 'min_weight_fraction_leaf': 0.047660628747955104, 'max_features': 0.9007551982439906, 'bootstrap': False, 'max_samples': 0.13373072659709195}. Best is trial 57 with value: 0.8399150641471935.[0m
[32m[I 2022-04-29 14:24:21,593][0m Trial 75 finished with value: 0.8393247595914565 and parameters: {'n_estimators': 176, 'min_samples_split': 0.10882044822373815, 'min_samples_leaf': 0.14919133712338767, 'min_weight_fraction_leaf': 0.01457865349852442, 'max_features': 0.7840433810193483, 'bootstrap': False, 'max_samples': 0.028790848464753716}. Best is trial 57 with value: 0.8399150641471935.[0m
[32m[I 2022-04-29 14:32:27,354][0m Trial 76 finished with value: 0.840253805927244 and parameters: {'n_estimators': 173, 'min_samples_split': 0.14800693777843713, 'min_samples_leaf': 0.1697409247788224, 'min_weight_fraction_leaf': 0.01348595653818676, 'max_features': 0.8594213175535351, 'bootstrap': False, 'max_samples': 0.19610019994092642}. Best is trial 76 with value: 0.840253805927244.[0m
[32m[I 2022-04-29 14:38:19,363][0m Trial 77 finished with value: 0.8068917111767424 and parameters: {'n_estimators': 161, 'min_samples_split': 0.267094603065604, 'min_samples_leaf': 0.23090460613054897, 'min_weight_fraction_leaf': 0.07053596322829644, 'max_features': 0.9426009912820552, 'bootstrap': False, 'max_samples': 0.20191945693771565}. Best is trial 76 with value: 0.840253805927244.[0m
[32m[I 2022-04-29 14:44:42,247][0m Trial 78 finished with value: 0.8310424387243985 and parameters: {'n_estimators': 140, 'min_samples_split': 0.14686405175625344, 'min_samples_leaf': 0.17256281712761537, 'min_weight_fraction_leaf': 0.016787132441963865, 'max_features': 0.8568506892249828, 'bootstrap': False, 'max_samples': 0.28348039553155163}. Best is trial 76 with value: 0.840253805927244.[0m
