[32m[I 2022-04-28 08:03:23,151][0m Trial 864 finished with value: 0.886178293162893 and parameters: {'n_estimators': 198, 'min_samples_split': 0.1995936331109961, 'min_samples_leaf': 0.1415601696109865, 'min_weight_fraction_leaf': 0.04000494182281483, 'max_features': 0.6283038014283153, 'bootstrap': True, 'max_samples': 0.5143602644850285, 'oob_score': False}. Best is trial 272 with value: 0.9207214438111938.[0m
[32m[I 2022-04-28 08:11:48,255][0m Trial 865 finished with value: 0.919204662164242 and parameters: {'n_estimators': 150, 'min_samples_split': 0.18885602454582767, 'min_samples_leaf': 0.15398578351740919, 'min_weight_fraction_leaf': 0.009512716511320064, 'max_features': 0.9014770778796367, 'bootstrap': False, 'max_samples': 0.6255016020692896}. Best is trial 272 with value: 0.9207214438111938.[0m
[32m[I 2022-04-28 08:16:50,821][0m Trial 866 finished with value: 0.9172481042025457 and parameters: {'n_estimators': 118, 'min_samples_split': 0.22975786482570784, 'min_samples_leaf': 0.1318501699335284, 'min_weight_fraction_leaf': 0.03898838561647793, 'max_features': 0.525930781318033, 'bootstrap': False, 'max_samples': 0.5785246470445793}. Best is trial 272 with value: 0.9207214438111938.[0m
[32m[I 2022-04-28 08:30:35,294][0m Trial 867 finished with value: 0.9180493082256108 and parameters: {'n_estimators': 220, 'min_samples_split': 0.20826862480304797, 'min_samples_leaf': 0.12287293180193487, 'min_weight_fraction_leaf': 0.02441169458163501, 'max_features': 0.8663191382312938, 'bootstrap': False, 'max_samples': 0.477987566267933}. Best is trial 272 with value: 0.9207214438111938.[0m
[32m[I 2022-04-28 08:40:36,192][0m Trial 868 finished with value: 0.9196389461836176 and parameters: {'n_estimators': 184, 'min_samples_split': 0.24281280837590108, 'min_samples_leaf': 0.14292428659408218, 'min_weight_fraction_leaf': 0.009454027402748814, 'max_features': 0.8357685055105787, 'bootstrap': False, 'max_samples': 0.4280273202548217}. Best is trial 272 with value: 0.9207214438111938.[0m
[32m[I 2022-04-28 08:50:04,871][0m Trial 869 finished with value: 0.9200473102573422 and parameters: {'n_estimators': 204, 'min_samples_split': 0.26357420386440533, 'min_samples_leaf': 0.1700895795095868, 'min_weight_fraction_leaf': 0.00016789232702322816, 'max_features': 0.8553635271757407, 'bootstrap': False, 'max_samples': 0.46448947349985625}. Best is trial 272 with value: 0.9207214438111938.[0m
[32m[I 2022-04-28 08:51:41,656][0m Trial 870 finished with value: 0.904813338306281 and parameters: {'n_estimators': 194, 'min_samples_split': 0.18037124374730296, 'min_samples_leaf': 0.11058482448105816, 'min_weight_fraction_leaf': 0.018097791468604907, 'max_features': 0.08080852703117836, 'bootstrap': False, 'max_samples': 0.6563051693915565}. Best is trial 272 with value: 0.9207214438111938.[0m
[32m[I 2022-04-28 08:58:01,475][0m Trial 871 finished with value: 0.9195170303819372 and parameters: {'n_estimators': 110, 'min_samples_split': 0.1943837505878263, 'min_samples_leaf': 0.1328051847746523, 'min_weight_fraction_leaf': 0.03557186539732983, 'max_features': 0.8049948151875187, 'bootstrap': False, 'max_samples': 0.7523099729804724}. Best is trial 272 with value: 0.9207214438111938.[0m
[32m[I 2022-04-28 09:05:56,513][0m Trial 872 finished with value: 0.9198756787291231 and parameters: {'n_estimators': 145, 'min_samples_split': 0.22310337104913636, 'min_samples_leaf': 0.15056425024763387, 'min_weight_fraction_leaf': 0.0239979621248766, 'max_features': 0.8775974583397155, 'bootstrap': False, 'max_samples': 0.4975990282411955}. Best is trial 272 with value: 0.9207214438111938.[0m
[32m[I 2022-04-28 09:16:08,238][0m Trial 873 finished with value: 0.9176581674150246 and parameters: {'n_estimators': 164, 'min_samples_split': 0.21546252428578708, 'min_samples_leaf': 0.12098758817955323, 'min_weight_fraction_leaf': 0.01507739684004157, 'max_features': 0.8256234137076668, 'bootstrap': False, 'max_samples': 0.4512651063330898}. Best is trial 272 with value: 0.9207214438111938.[0m
[32m[I 2022-04-28 09:24:47,219][0m Trial 874 finished with value: 0.91961007180908 and parameters: {'n_estimators': 176, 'min_samples_split': 0.20286104465947624, 'min_samples_leaf': 0.16352473966205616, 'min_weight_fraction_leaf': 0.030677162088072602, 'max_features': 0.8494960340944039, 'bootstrap': False, 'max_samples': 0.5364630034625797}. Best is trial 272 with value: 0.9207214438111938.[0m
[32m[I 2022-04-28 09:29:41,484][0m Trial 875 finished with value: 0.36497148214852715 and parameters: {'n_estimators': 123, 'min_samples_split': 0.18728909905202062, 'min_samples_leaf': 0.13894178609282457, 'min_weight_fraction_leaf': 0.3852752621079606, 'max_features': 0.8903632582686485, 'bootstrap': False, 'max_samples': 0.29869357354062165}. Best is trial 272 with value: 0.9207214438111938.[0m
[32m[I 2022-04-28 09:41:23,346][0m Trial 876 finished with value: 0.9199906212486517 and parameters: {'n_estimators': 224, 'min_samples_split': 0.16895393626311894, 'min_samples_leaf': 0.14612505276192653, 'min_weight_fraction_leaf': 0.043202201294963216, 'max_features': 0.8361334197947896, 'bootstrap': False, 'max_samples': 0.5046586435995658}. Best is trial 272 with value: 0.9207214438111938.[0m
[32m[I 2022-04-28 09:48:35,198][0m Trial 877 finished with value: 0.9195387190086896 and parameters: {'n_estimators': 129, 'min_samples_split': 0.23359541629568167, 'min_samples_leaf': 0.13068344783628874, 'min_weight_fraction_leaf': 0.008623393868440452, 'max_features': 0.7903983239479253, 'bootstrap': False, 'max_samples': 0.3368194087441735}. Best is trial 272 with value: 0.9207214438111938.[0m
[32m[I 2022-04-28 10:02:39,743][0m Trial 878 finished with value: 0.9187495233646736 and parameters: {'n_estimators': 187, 'min_samples_split': 0.21169512018374145, 'min_samples_leaf': 0.10372378095150447, 'min_weight_fraction_leaf': 0.01914491600771332, 'max_features': 0.8654476881451506, 'bootstrap': False, 'max_samples': 0.5565978022173321}. Best is trial 272 with value: 0.9207214438111938.[0m
[32m[I 2022-04-28 10:11:58,848][0m Trial 879 finished with value: 0.9014230204201832 and parameters: {'n_estimators': 207, 'min_samples_split': 0.19590300420505535, 'min_samples_leaf': 0.15777752099833658, 'min_weight_fraction_leaf': 0.2442858086417678, 'max_features': 0.8160271161947081, 'bootstrap': False, 'max_samples': 0.43249732295212934}. Best is trial 272 with value: 0.9207214438111938.[0m
[32m[I 2022-04-28 10:21:40,328][0m Trial 880 finished with value: 0.917953173143583 and parameters: {'n_estimators': 151, 'min_samples_split': 0.1739066973865976, 'min_samples_leaf': 0.1193934173387358, 'min_weight_fraction_leaf': 0.03230280373047424, 'max_features': 0.853740593626015, 'bootstrap': False, 'max_samples': 0.4821203118481449}. Best is trial 272 with value: 0.9207214438111938.[0m
[32m[I 2022-04-28 10:32:52,878][0m Trial 881 finished with value: 0.9199004111312726 and parameters: {'n_estimators': 200, 'min_samples_split': 0.2548673601387321, 'min_samples_leaf': 0.1365603475013673, 'min_weight_fraction_leaf': 0.0003146232181794259, 'max_features': 0.8345787015554837, 'bootstrap': False, 'max_samples': 0.5904915151279795}. Best is trial 272 with value: 0.9207214438111938.[0m
[32m[I 2022-04-28 10:36:10,552][0m Trial 882 finished with value: 0.8889975634105811 and parameters: {'n_estimators': 115, 'min_samples_split': 0.2064700675475125, 'min_samples_leaf': 0.26958853949928785, 'min_weight_fraction_leaf': 0.022967327674890438, 'max_features': 0.881077444226618, 'bootstrap': False, 'max_samples': 0.4514893108415808}. Best is trial 272 with value: 0.9207214438111938.[0m
[32m[I 2022-04-28 10:36:39,282][0m Trial 883 finished with value: 0.7753660328928409 and parameters: {'n_estimators': 122, 'min_samples_split': 0.18551668802800567, 'min_samples_leaf': 0.14592180520648154, 'min_weight_fraction_leaf': 0.010475486791017397, 'max_features': 0.9108533510606676, 'bootstrap': True, 'max_samples': 0.5103479507299866, 'oob_score': True}. Best is trial 272 with value: 0.9207214438111938.[0m
[32m[I 2022-04-28 10:43:02,615][0m Trial 884 finished with value: 0.9111686721121967 and parameters: {'n_estimators': 143, 'min_samples_split': 0.22722533472528697, 'min_samples_leaf': 0.176444155830245, 'min_weight_fraction_leaf': 0.04227147075633002, 'max_features': 0.8127775117890506, 'bootstrap': False, 'max_samples': 0.4123962062490365}. Best is trial 272 with value: 0.9207214438111938.[0m
[32m[I 2022-04-28 11:01:26,496][0m Trial 885 finished with value: 0.905484286572986 and parameters: {'n_estimators': 215, 'min_samples_split': 0.2179724331223086, 'min_samples_leaf': 0.0761033091726463, 'min_weight_fraction_leaf': 0.028702640077041857, 'max_features': 0.8545555644065354, 'bootstrap': False, 'max_samples': 0.8669141598928054}. Best is trial 272 with value: 0.9207214438111938.[0m
[32m[I 2022-04-28 11:13:19,371][0m Trial 886 finished with value: 0.9179201979458442 and parameters: {'n_estimators': 189, 'min_samples_split': 0.19637806648413206, 'min_samples_leaf': 0.12395202982413477, 'min_weight_fraction_leaf': 0.012541651758500121, 'max_features': 0.8690555502579377, 'bootstrap': False, 'max_samples': 0.5305179456923661}. Best is trial 272 with value: 0.9207214438111938.[0m
[32m[I 2022-04-28 11:35:10,859][0m Trial 887 finished with value: 0.9196304215187384 and parameters: {'n_estimators': 436, 'min_samples_split': 0.17908500462158405, 'min_samples_leaf': 0.15233943333830105, 'min_weight_fraction_leaf': 0.00010311738946175084, 'max_features': 0.82621259925263, 'bootstrap': False, 'max_samples': 0.5667904704713027}. Best is trial 272 with value: 0.9207214438111938.[0m
[32m[I 2022-04-28 11:42:15,998][0m Trial 888 finished with value: 0.9200990885767094 and parameters: {'n_estimators': 128, 'min_samples_split': 0.24108872349991894, 'min_samples_leaf': 0.13659598409866744, 'min_weight_fraction_leaf': 0.047917904230853944, 'max_features': 0.795552529749011, 'bootstrap': False, 'max_samples': 0.4762455538948958}. Best is trial 272 with value: 0.9207214438111938.[0m
[32m[I 2022-04-28 11:53:05,025][0m Trial 889 finished with value: 0.919942918497126 and parameters: {'n_estimators': 181, 'min_samples_split': 0.20788919159103514, 'min_samples_leaf': 0.12868576965870426, 'min_weight_fraction_leaf': 0.020132941071200727, 'max_features': 0.8458508766119628, 'bootstrap': False, 'max_samples': 0.9141347071231023}. Best is trial 272 with value: 0.9207214438111938.[0m
[32m[I 2022-04-28 12:00:51,505][0m Trial 890 finished with value: 0.9165585218023974 and parameters: {'n_estimators': 104, 'min_samples_split': 0.19159645635865102, 'min_samples_leaf': 0.11153149220664435, 'min_weight_fraction_leaf': 0.037311557541661225, 'max_features': 0.8915947371764408, 'bootstrap': False, 'max_samples': 0.46151837322431294}. Best is trial 272 with value: 0.9207214438111938.[0m
[32m[I 2022-04-28 12:09:20,951][0m Trial 891 finished with value: 0.9197269785261923 and parameters: {'n_estimators': 157, 'min_samples_split': 0.22195733761870276, 'min_samples_leaf': 0.1438678846351291, 'min_weight_fraction_leaf': 0.009315902041827763, 'max_features': 0.8358309196157035, 'bootstrap': False, 'max_samples': 0.7771225285629736}. Best is trial 272 with value: 0.9207214438111938.[0m
[32m[I 2022-04-28 12:18:20,668][0m Trial 892 finished with value: 0.9190899110014877 and parameters: {'n_estimators': 173, 'min_samples_split': 0.20068193175271276, 'min_samples_leaf': 0.15979787228445386, 'min_weight_fraction_leaf': 0.026483409094330713, 'max_features': 0.86853609314038, 'bootstrap': False, 'max_samples': 0.434706328989964}. Best is trial 272 with value: 0.9207214438111938.[0m
[32m[I 2022-04-28 12:29:11,107][0m Trial 893 finished with value: 0.9202364983701552 and parameters: {'n_estimators': 198, 'min_samples_split': 0.15859643424254694, 'min_samples_leaf': 0.1356674180159737, 'min_weight_fraction_leaf': 0.01659886231315589, 'max_features': 0.8082061596003088, 'bootstrap': False, 'max_samples': 0.49428739739314137}. Best is trial 272 with value: 0.9207214438111938.[0m
[32m[I 2022-04-28 12:40:09,621][0m Trial 894 finished with value: 0.9200873244693091 and parameters: {'n_estimators': 211, 'min_samples_split': 0.17801889730769527, 'min_samples_leaf': 0.15105486099801604, 'min_weight_fraction_leaf': 0.034459019056933715, 'max_features': 0.8472022443780218, 'bootstrap': False, 'max_samples': 0.6018898444550861}. Best is trial 272 with value: 0.9207214438111938.[0m
[32m[I 2022-04-28 12:44:53,553][0m Trial 895 finished with value: 0.8743547775270389 and parameters: {'n_estimators': 118, 'min_samples_split': 0.2147341294856358, 'min_samples_leaf': 0.12185758852882646, 'min_weight_fraction_leaf': 0.3509145216917723, 'max_features': 0.8235289970045077, 'bootstrap': False, 'max_samples': 0.8106728587062344}. Best is trial 272 with value: 0.9207214438111938.[0m
[32m[I 2022-04-28 12:51:25,695][0m Trial 896 finished with value: 0.9197627104342742 and parameters: {'n_estimators': 111, 'min_samples_split': 0.23204765226985494, 'min_samples_leaf': 0.141314301772301, 'min_weight_fraction_leaf': 0.0866507293176613, 'max_features': 0.8636284954459151, 'bootstrap': False, 'max_samples': 0.5264375641761638}. Best is trial 272 with value: 0.9207214438111938.[0m
[32m[I 2022-04-28 12:58:36,486][0m Trial 897 finished with value: 0.9193397388426794 and parameters: {'n_estimators': 132, 'min_samples_split': 0.24961236896904798, 'min_samples_leaf': 0.1295971591903255, 'min_weight_fraction_leaf': 0.021879790809986508, 'max_features': 0.7656667573666656, 'bootstrap': False, 'max_samples': 0.5556410121799054}. Best is trial 272 with value: 0.9207214438111938.[0m
[32m[I 2022-04-28 13:08:07,634][0m Trial 898 finished with value: 0.9191231329140097 and parameters: {'n_estimators': 187, 'min_samples_split': 0.18632196476282809, 'min_samples_leaf': 0.1653525247607932, 'min_weight_fraction_leaf': 0.048255840584249726, 'max_features': 0.8890111290041666, 'bootstrap': False, 'max_samples': 0.4815270285988177}. Best is trial 272 with value: 0.9207214438111938.[0m
[32m[I 2022-04-28 13:17:18,381][0m Trial 899 finished with value: 0.9188559105876642 and parameters: {'n_estimators': 139, 'min_samples_split': 0.20145637189934124, 'min_samples_leaf': 0.11446698780468306, 'min_weight_fraction_leaf': 0.014853876711783325, 'max_features': 0.8435793409195271, 'bootstrap': False, 'max_samples': 0.8939647140489292}. Best is trial 272 with value: 0.9207214438111938.[0m
[32m[I 2022-04-28 13:28:22,926][0m Trial 900 finished with value: 0.9195352876850128 and parameters: {'n_estimators': 226, 'min_samples_split': 0.20935567542622052, 'min_samples_leaf': 0.1526369769654253, 'min_weight_fraction_leaf': 0.008688059987950554, 'max_features': 0.7950997488444481, 'bootstrap': False, 'max_samples': 0.45410648667966547}. Best is trial 272 with value: 0.9207214438111938.[0m
[32m[I 2022-04-28 13:28:51,787][0m Trial 901 finished with value: 0.8855905181970449 and parameters: {'n_estimators': 166, 'min_samples_split': 0.16948825565309325, 'min_samples_leaf': 0.13885959870683992, 'min_weight_fraction_leaf': 0.03364243739229047, 'max_features': 0.8224249280790066, 'bootstrap': True, 'max_samples': 0.5084987962337434, 'oob_score': False}. Best is trial 272 with value: 0.9207214438111938.[0m
[32m[I 2022-04-28 13:40:48,479][0m Trial 902 finished with value: 0.9193864162430835 and parameters: {'n_estimators': 194, 'min_samples_split': 0.19443421091150012, 'min_samples_leaf': 0.12723595883275532, 'min_weight_fraction_leaf': 0.02666922275855212, 'max_features': 0.8705624362513118, 'bootstrap': False, 'max_samples': 0.5804791305875596}. Best is trial 272 with value: 0.9207214438111938.[0m
[32m[I 2022-04-28 13:49:37,397][0m Trial 903 finished with value: 0.9190215998994427 and parameters: {'n_estimators': 146, 'min_samples_split': 0.2183925417358642, 'min_samples_leaf': 0.14525319542937495, 'min_weight_fraction_leaf': 0.04000232139798328, 'max_features': 0.9345967119172636, 'bootstrap': False, 'max_samples': 0.3535452397244314}. Best is trial 272 with value: 0.9207214438111938.[0m
[32m[I 2022-04-28 13:58:53,361][0m Trial 904 finished with value: 0.9153437132091259 and parameters: {'n_estimators': 124, 'min_samples_split': 0.2289524269610981, 'min_samples_leaf': 0.10042219839896296, 'min_weight_fraction_leaf': 3.71395211238839e-05, 'max_features': 0.8510595627942092, 'bootstrap': False, 'max_samples': 0.6189078124338739}. Best is trial 272 with value: 0.9207214438111938.[0m
[32m[I 2022-04-28 14:10:31,188][0m Trial 905 finished with value: 0.9191621434757897 and parameters: {'n_estimators': 203, 'min_samples_split': 0.18224224774638723, 'min_samples_leaf': 0.13343107231717652, 'min_weight_fraction_leaf': 0.015289827777238979, 'max_features': 0.8331331295406521, 'bootstrap': False, 'max_samples': 0.4101292887990474}. Best is trial 272 with value: 0.9207214438111938.[0m
[32m[I 2022-04-28 14:17:21,190][0m Trial 906 finished with value: 0.919107621961021 and parameters: {'n_estimators': 129, 'min_samples_split': 0.20321881250932292, 'min_samples_leaf': 0.15673208156969642, 'min_weight_fraction_leaf': 0.04962359410579027, 'max_features': 0.8798356736627839, 'bootstrap': False, 'max_samples': 0.5381657565745641}. Best is trial 272 with value: 0.9207214438111938.[0m
[32m[I 2022-04-28 14:25:40,307][0m Trial 907 finished with value: 0.9193566472422224 and parameters: {'n_estimators': 177, 'min_samples_split': 0.2784518228561701, 'min_samples_leaf': 0.11925125552951939, 'min_weight_fraction_leaf': 0.025042470329796104, 'max_features': 0.5871439393930928, 'bootstrap': False, 'max_samples': 0.44287229634407627}. Best is trial 272 with value: 0.9207214438111938.[0m
[32m[I 2022-04-28 14:32:45,861][0m Trial 908 finished with value: 0.91919750271298 and parameters: {'n_estimators': 116, 'min_samples_split': 0.19071348483114148, 'min_samples_leaf': 0.14320602305998703, 'min_weight_fraction_leaf': 0.010831699753518146, 'max_features': 0.9073372376119957, 'bootstrap': False, 'max_samples': 0.4729942260807151}. Best is trial 272 with value: 0.9207214438111938.[0m
[32m[I 2022-04-28 14:44:37,444][0m Trial 909 finished with value: 0.9195413578115558 and parameters: {'n_estimators': 210, 'min_samples_split': 0.24009240542030025, 'min_samples_leaf': 0.130147160296019, 'min_weight_fraction_leaf': 0.030025322511926838, 'max_features': 0.8086526262124545, 'bootstrap': False, 'max_samples': 0.5119788526457336}. Best is trial 272 with value: 0.9207214438111938.[0m
[32m[I 2022-04-28 14:50:30,112][0m Trial 910 finished with value: 0.9198179888989412 and parameters: {'n_estimators': 108, 'min_samples_split': 0.16985330424286163, 'min_samples_leaf': 0.15059845473237513, 'min_weight_fraction_leaf': 0.01942559047885751, 'max_features': 0.8560231809263569, 'bootstrap': False, 'max_samples': 0.7086535257623505}. Best is trial 272 with value: 0.9207214438111938.[0m
[32m[I 2022-04-28 14:55:20,232][0m Trial 911 finished with value: 0.8635593841564135 and parameters: {'n_estimators': 153, 'min_samples_split': 0.2121734666669301, 'min_samples_leaf': 0.16851601770223124, 'min_weight_fraction_leaf': 0.44605606955928706, 'max_features': 0.7761452581912452, 'bootstrap': False, 'max_samples': 0.6811503548084392}. Best is trial 272 with value: 0.9207214438111938.[0m
[32m[I 2022-04-28 15:05:44,440][0m Trial 912 finished with value: 0.9196072181613658 and parameters: {'n_estimators': 188, 'min_samples_split': 0.20009383887043325, 'min_samples_leaf': 0.13903881746916041, 'min_weight_fraction_leaf': 0.040431712967631414, 'max_features': 0.8324810528936866, 'bootstrap': False, 'max_samples': 0.4962771371984464}. Best is trial 272 with value: 0.9207214438111938.[0m
[32m[I 2022-04-28 15:14:41,090][0m Trial 913 finished with value: 0.918165446456152 and parameters: {'n_estimators': 140, 'min_samples_split': 0.18256800325276815, 'min_samples_leaf': 0.12244539206707537, 'min_weight_fraction_leaf': 1.910884064287334e-05, 'max_features': 0.8668743679765312, 'bootstrap': False, 'max_samples': 0.5488131526601011}. Best is trial 272 with value: 0.9207214438111938.[0m
[32m[I 2022-04-28 15:25:19,954][0m Trial 914 finished with value: 0.9030327897399797 and parameters: {'n_estimators': 198, 'min_samples_split': 0.23037118211658908, 'min_samples_leaf': 0.1118869051293845, 'min_weight_fraction_leaf': 0.2242184962579129, 'max_features': 0.8101174545760228, 'bootstrap': False, 'max_samples': 0.12325334574238009}. Best is trial 272 with value: 0.9207214438111938.[0m
[32m[I 2022-04-28 15:32:11,167][0m Trial 915 finished with value: 0.9197486204077154 and parameters: {'n_estimators': 135, 'min_samples_split': 0.21869890047206356, 'min_samples_leaf': 0.15996504542712203, 'min_weight_fraction_leaf': 0.00795815313105843, 'max_features': 0.8452006281525157, 'bootstrap': False, 'max_samples': 0.42811733706773125}. Best is trial 272 with value: 0.9207214438111938.[0m
[32m[I 2022-04-28 15:43:00,076][0m Trial 916 finished with value: 0.9190913747259198 and parameters: {'n_estimators': 181, 'min_samples_split': 0.192135595549257, 'min_samples_leaf': 0.1340869589295997, 'min_weight_fraction_leaf': 0.021724669621751232, 'max_features': 0.8941576887148934, 'bootstrap': False, 'max_samples': 0.3904896091636333}. Best is trial 272 with value: 0.9207214438111938.[0m
[32m[I 2022-04-28 15:49:35,692][0m Trial 917 finished with value: 0.9194622572570685 and parameters: {'n_estimators': 122, 'min_samples_split': 0.14337832115818794, 'min_samples_leaf': 0.1454144527383152, 'min_weight_fraction_leaf': 0.03158322504799409, 'max_features': 0.8242614066148177, 'bootstrap': False, 'max_samples': 0.6513899811810399}. Best is trial 272 with value: 0.9207214438111938.[0m
