[32m[I 2022-05-01 05:39:31,634][0m Trial 349 finished with value: 0.8395155464192479 and parameters: {'n_estimators': 120, 'min_samples_split': 0.23095550437332202, 'min_samples_leaf': 0.12740193613221845, 'min_weight_fraction_leaf': 0.05454926640980965, 'max_features': 0.8739223114268678, 'bootstrap': False, 'max_samples': 0.36777001644130436}. Best is trial 232 with value: 0.8412722171681117.[0m
[32m[I 2022-05-01 06:00:08,938][0m Trial 350 finished with value: 0.8385533460355354 and parameters: {'n_estimators': 421, 'min_samples_split': 0.27588644881989305, 'min_samples_leaf': 0.1581047332291278, 'min_weight_fraction_leaf': 0.07019353287073841, 'max_features': 0.8407614932208645, 'bootstrap': False, 'max_samples': 0.3979512547787248}. Best is trial 232 with value: 0.8412722171681117.[0m
[32m[I 2022-05-01 06:07:56,848][0m Trial 351 finished with value: 0.8368367110811412 and parameters: {'n_estimators': 113, 'min_samples_split': 0.2591598438555846, 'min_samples_leaf': 0.11772377355146338, 'min_weight_fraction_leaf': 0.009483040857029402, 'max_features': 0.898690994577399, 'bootstrap': False, 'max_samples': 0.4406942125404761}. Best is trial 232 with value: 0.8412722171681117.[0m
[32m[I 2022-05-01 06:14:46,305][0m Trial 352 finished with value: 0.8393431883197646 and parameters: {'n_estimators': 130, 'min_samples_split': 0.2844130061501163, 'min_samples_leaf': 0.14342837892775734, 'min_weight_fraction_leaf': 0.01763475615372587, 'max_features': 0.8123205435511527, 'bootstrap': False, 'max_samples': 0.34676514742722264}. Best is trial 232 with value: 0.8412722171681117.[0m
[32m[I 2022-05-01 06:20:10,627][0m Trial 353 finished with value: 0.6805876738990457 and parameters: {'n_estimators': 138, 'min_samples_split': 0.030890512770925842, 'min_samples_leaf': 0.13259160450281363, 'min_weight_fraction_leaf': 0.4971544148715511, 'max_features': 0.8633341052235916, 'bootstrap': False, 'max_samples': 0.2640999037163241}. Best is trial 232 with value: 0.8412722171681117.[0m
[32m[I 2022-05-01 06:24:02,931][0m Trial 354 finished with value: 0.8015753818046669 and parameters: {'n_estimators': 125, 'min_samples_split': 0.24224023132882463, 'min_samples_leaf': 0.250572855442883, 'min_weight_fraction_leaf': 0.09395078412094171, 'max_features': 0.8446641306488188, 'bootstrap': False, 'max_samples': 0.3557941056151716}. Best is trial 232 with value: 0.8412722171681117.[0m
[32m[I 2022-05-01 06:25:27,049][0m Trial 355 finished with value: 0.8120749332206436 and parameters: {'n_estimators': 116, 'min_samples_split': 0.267471627937333, 'min_samples_leaf': 0.15316755679844724, 'min_weight_fraction_leaf': 0.03860542134493083, 'max_features': 0.1858834152735908, 'bootstrap': False, 'max_samples': 0.3860905485794685}. Best is trial 232 with value: 0.8412722171681117.[0m
[32m[I 2022-05-01 06:34:17,086][0m Trial 356 finished with value: 0.8395052651557322 and parameters: {'n_estimators': 146, 'min_samples_split': 0.2529377172297135, 'min_samples_leaf': 0.1379392648965265, 'min_weight_fraction_leaf': 0.024476743438607115, 'max_features': 0.9216366366025471, 'bootstrap': False, 'max_samples': 0.4925669030646144}. Best is trial 232 with value: 0.8412722171681117.[0m
[32m[I 2022-05-01 06:41:04,970][0m Trial 357 finished with value: 0.8387858072488351 and parameters: {'n_estimators': 132, 'min_samples_split': 0.22765464483698822, 'min_samples_leaf': 0.16154660876469923, 'min_weight_fraction_leaf': 0.008442310702410144, 'max_features': 0.8824146116826979, 'bootstrap': False, 'max_samples': 0.4649923761900943}. Best is trial 232 with value: 0.8412722171681117.[0m
[32m[I 2022-05-01 06:46:18,018][0m Trial 358 finished with value: 0.8062407242524205 and parameters: {'n_estimators': 159, 'min_samples_split': 0.21516915522498883, 'min_samples_leaf': 0.2237043058759164, 'min_weight_fraction_leaf': 0.10228536385123074, 'max_features': 0.8056799699810065, 'bootstrap': False, 'max_samples': 0.4135093521678793}. Best is trial 232 with value: 0.8412722171681117.[0m
[32m[I 2022-05-01 06:54:10,947][0m Trial 359 finished with value: 0.8354999810984299 and parameters: {'n_estimators': 126, 'min_samples_split': 0.20573120719858312, 'min_samples_leaf': 0.125421903353436, 'min_weight_fraction_leaf': 0.05688648399368969, 'max_features': 0.8614939076703544, 'bootstrap': False, 'max_samples': 0.33541977834122716}. Best is trial 232 with value: 0.8412722171681117.[0m
[32m[I 2022-05-01 06:59:48,914][0m Trial 360 finished with value: 0.8391489671733734 and parameters: {'n_estimators': 105, 'min_samples_split': 0.2795060405397389, 'min_samples_leaf': 0.14826323929216742, 'min_weight_fraction_leaf': 0.08173671420216674, 'max_features': 0.8286314422389944, 'bootstrap': False, 'max_samples': 0.278249681896507}. Best is trial 232 with value: 0.8412722171681117.[0m
[32m[I 2022-05-01 07:07:04,552][0m Trial 361 finished with value: 0.838067498924374 and parameters: {'n_estimators': 143, 'min_samples_split': 0.2596709953443011, 'min_samples_leaf': 0.1678313564775168, 'min_weight_fraction_leaf': 0.0007889563358367494, 'max_features': 0.890852116525707, 'bootstrap': False, 'max_samples': 0.37656426984554425}. Best is trial 232 with value: 0.8412722171681117.[0m
[32m[I 2022-05-01 07:13:55,358][0m Trial 362 finished with value: 0.8348516244847073 and parameters: {'n_estimators': 168, 'min_samples_split': 0.2379677533825809, 'min_samples_leaf': 0.1361805022457425, 'min_weight_fraction_leaf': 0.015335741700233385, 'max_features': 0.5400231245952887, 'bootstrap': False, 'max_samples': 0.4346494385670347}. Best is trial 232 with value: 0.8412722171681117.[0m
[32m[I 2022-05-01 07:22:33,033][0m Trial 363 finished with value: 0.8381387601594532 and parameters: {'n_estimators': 135, 'min_samples_split': 0.34724708719464553, 'min_samples_leaf': 0.11830573962776449, 'min_weight_fraction_leaf': 0.03127192681357021, 'max_features': 0.850618599426529, 'bootstrap': False, 'max_samples': 0.3141108325212678}. Best is trial 232 with value: 0.8412722171681117.[0m
[32m[I 2022-05-01 07:32:50,216][0m Trial 364 finished with value: 0.8396826180754193 and parameters: {'n_estimators': 190, 'min_samples_split': 0.24857959247680927, 'min_samples_leaf': 0.1481864387050576, 'min_weight_fraction_leaf': 0.04646316379821059, 'max_features': 0.869482494741446, 'bootstrap': False, 'max_samples': 0.4010251515956433}. Best is trial 232 with value: 0.8412722171681117.[0m
[32m[I 2022-05-01 07:39:53,513][0m Trial 365 finished with value: 0.8371582000504935 and parameters: {'n_estimators': 121, 'min_samples_split': 0.2934984130798949, 'min_samples_leaf': 0.13200649746214635, 'min_weight_fraction_leaf': 0.020122912721832906, 'max_features': 0.8334103333453851, 'bootstrap': False, 'max_samples': 0.3631051773824155}. Best is trial 232 with value: 0.8412722171681117.[0m
[32m[I 2022-05-01 07:40:12,258][0m Trial 366 finished with value: 0.7252514337898418 and parameters: {'n_estimators': 155, 'min_samples_split': 0.001191810058992021, 'min_samples_leaf': 0.15944754218908597, 'min_weight_fraction_leaf': 0.008222062821788938, 'max_features': 0.8178296303021977, 'bootstrap': True, 'max_samples': 0.45134160367620013, 'oob_score': True}. Best is trial 232 with value: 0.8412722171681117.[0m
[32m[I 2022-05-01 07:57:45,553][0m Trial 367 finished with value: 0.8399841596574416 and parameters: {'n_estimators': 323, 'min_samples_split': 0.225066077237328, 'min_samples_leaf': 0.14157040099810683, 'min_weight_fraction_leaf': 0.0002591490970701455, 'max_features': 0.8533586279888803, 'bootstrap': False, 'max_samples': 0.42004414127787715}. Best is trial 232 with value: 0.8412722171681117.[0m
[32m[I 2022-05-01 08:03:50,432][0m Trial 368 finished with value: 0.839362238650198 and parameters: {'n_estimators': 138, 'min_samples_split': 0.1740449405150452, 'min_samples_leaf': 0.17067017626416064, 'min_weight_fraction_leaf': 0.0738126035030549, 'max_features': 0.7837036296181805, 'bootstrap': False, 'max_samples': 0.34430092485480096}. Best is trial 232 with value: 0.8412722171681117.[0m
[32m[I 2022-05-01 08:17:31,207][0m Trial 369 finished with value: 0.8169567320789805 and parameters: {'n_estimators': 174, 'min_samples_split': 0.4835244649488134, 'min_samples_leaf': 0.08823015840861356, 'min_weight_fraction_leaf': 0.035950650659838664, 'max_features': 0.9355965271996378, 'bootstrap': False, 'max_samples': 0.37856358683964825}. Best is trial 232 with value: 0.8412722171681117.[0m
[32m[I 2022-05-01 08:20:44,340][0m Trial 370 finished with value: 0.7793538801220917 and parameters: {'n_estimators': 147, 'min_samples_split': 0.2692270719717114, 'min_samples_leaf': 0.30210921677707514, 'min_weight_fraction_leaf': 0.02589660208743675, 'max_features': 0.8789290583980516, 'bootstrap': False, 'max_samples': 0.29501636287739263}. Best is trial 232 with value: 0.8412722171681117.[0m
[32m[I 2022-05-01 08:22:34,341][0m Trial 371 finished with value: 0.7280082515459498 and parameters: {'n_estimators': 206, 'min_samples_split': 0.40446746732687267, 'min_samples_leaf': 0.4091225363520652, 'min_weight_fraction_leaf': 0.06072169044488922, 'max_features': 0.9053753744447874, 'bootstrap': False, 'max_samples': 0.32498178278731155}. Best is trial 232 with value: 0.8412722171681117.[0m
[32m[I 2022-05-01 08:27:13,561][0m Trial 372 finished with value: 0.8373941680890458 and parameters: {'n_estimators': 108, 'min_samples_split': 0.1439942726889969, 'min_samples_leaf': 0.1531860705869246, 'min_weight_fraction_leaf': 0.014329214499436464, 'max_features': 0.6611253074113727, 'bootstrap': False, 'max_samples': 0.38990276470417906}. Best is trial 232 with value: 0.8412722171681117.[0m
[32m[I 2022-05-01 08:34:24,753][0m Trial 373 finished with value: 0.8351541471533686 and parameters: {'n_estimators': 117, 'min_samples_split': 0.2592897307958636, 'min_samples_leaf': 0.12543347715782002, 'min_weight_fraction_leaf': 0.04270636155397201, 'max_features': 0.8365495492140178, 'bootstrap': False, 'max_samples': 0.35709270597959974}. Best is trial 232 with value: 0.8412722171681117.[0m
[32m[I 2022-05-01 08:41:42,245][0m Trial 374 finished with value: 0.8395897434963044 and parameters: {'n_estimators': 128, 'min_samples_split': 0.05141327618672717, 'min_samples_leaf': 0.1446406211675073, 'min_weight_fraction_leaf': 0.007945856094924814, 'max_features': 0.8631619926126641, 'bootstrap': False, 'max_samples': 0.4066643884674739}. Best is trial 232 with value: 0.8412722171681117.[0m
[32m[I 2022-05-01 08:48:55,832][0m Trial 375 finished with value: 0.8221751634390371 and parameters: {'n_estimators': 165, 'min_samples_split': 0.19826422175046382, 'min_samples_leaf': 0.17683573595439467, 'min_weight_fraction_leaf': 0.024864122637921468, 'max_features': 0.8046155030379079, 'bootstrap': False, 'max_samples': 0.4827565630442713}. Best is trial 232 with value: 0.8412722171681117.[0m
[32m[I 2022-05-01 08:56:48,785][0m Trial 376 finished with value: 0.8413011491451163 and parameters: {'n_estimators': 134, 'min_samples_split': 0.24745258858731378, 'min_samples_leaf': 0.13490644909556854, 'min_weight_fraction_leaf': 0.06718945375191612, 'max_features': 0.8436128249635547, 'bootstrap': False, 'max_samples': 0.42988971745130844}. Best is trial 376 with value: 0.8413011491451163.[0m
[32m[I 2022-05-01 09:02:15,826][0m Trial 377 finished with value: 0.7678059595280126 and parameters: {'n_estimators': 135, 'min_samples_split': 0.23745216738622052, 'min_samples_leaf': 0.11046994898415907, 'min_weight_fraction_leaf': 0.3405296031030757, 'max_features': 0.8244109961034327, 'bootstrap': False, 'max_samples': 0.4544794327352485}. Best is trial 376 with value: 0.8413011491451163.[0m
[32m[I 2022-05-01 09:09:47,410][0m Trial 378 finished with value: 0.8399643761242463 and parameters: {'n_estimators': 125, 'min_samples_split': 0.2508045814261359, 'min_samples_leaf': 0.12801116346524327, 'min_weight_fraction_leaf': 0.06979934528229552, 'max_features': 0.8428807268392053, 'bootstrap': False, 'max_samples': 0.43303905067551174}. Best is trial 376 with value: 0.8413011491451163.[0m
[32m[I 2022-05-01 09:16:32,677][0m Trial 379 finished with value: 0.8387388303480059 and parameters: {'n_estimators': 141, 'min_samples_split': 0.24130317965136822, 'min_samples_leaf': 0.16146428944950525, 'min_weight_fraction_leaf': 0.06189352129218119, 'max_features': 0.7994829222418758, 'bootstrap': False, 'max_samples': 0.4237584513324501}. Best is trial 376 with value: 0.8413011491451163.[0m
[32m[I 2022-05-01 09:23:17,785][0m Trial 380 finished with value: 0.8395528521131956 and parameters: {'n_estimators': 130, 'min_samples_split': 0.22225021767959582, 'min_samples_leaf': 0.15112401423154348, 'min_weight_fraction_leaf': 0.0770773191340549, 'max_features': 0.8487239543512556, 'bootstrap': False, 'max_samples': 0.40538244463746487}. Best is trial 376 with value: 0.8413011491451163.[0m
[32m[I 2022-05-01 09:32:21,829][0m Trial 381 finished with value: 0.8352934577629559 and parameters: {'n_estimators': 144, 'min_samples_split': 0.22982872101222585, 'min_samples_leaf': 0.11969091367010645, 'min_weight_fraction_leaf': 0.053128683468065124, 'max_features': 0.8226683239335351, 'bootstrap': False, 'max_samples': 0.44220951025032695}. Best is trial 376 with value: 0.8413011491451163.[0m
[32m[I 2022-05-01 09:54:04,756][0m Trial 382 finished with value: 0.8079146107063512 and parameters: {'n_estimators': 152, 'min_samples_split': 0.24624219651910037, 'min_samples_leaf': 0.0025124487616797753, 'min_weight_fraction_leaf': 0.04607887819760155, 'max_features': 0.8633500342154841, 'bootstrap': False, 'max_samples': 0.7228289865723133}. Best is trial 376 with value: 0.8413011491451163.[0m
[32m[I 2022-05-01 10:25:19,385][0m Trial 383 finished with value: 0.8334601940586136 and parameters: {'n_estimators': 511, 'min_samples_split': 0.18736376125296078, 'min_samples_leaf': 0.13847529600407169, 'min_weight_fraction_leaf': 0.08290956125014864, 'max_features': 0.9806211325958591, 'bootstrap': False, 'max_samples': 0.7554121191800014}. Best is trial 376 with value: 0.8413011491451163.[0m
[32m[I 2022-05-01 10:32:37,348][0m Trial 384 finished with value: 0.8399504845604705 and parameters: {'n_estimators': 136, 'min_samples_split': 0.21233623467858295, 'min_samples_leaf': 0.14783901640253402, 'min_weight_fraction_leaf': 0.06591598351753361, 'max_features': 0.8382944962697406, 'bootstrap': False, 'max_samples': 0.4702827282875989}. Best is trial 376 with value: 0.8413011491451163.[0m
[32m[I 2022-05-01 10:32:54,521][0m Trial 385 finished with value: 0.7410924530610579 and parameters: {'n_estimators': 121, 'min_samples_split': 0.23291219932828028, 'min_samples_leaf': 0.13401175729646045, 'min_weight_fraction_leaf': 0.03576059104976281, 'max_features': 0.8866070802293072, 'bootstrap': True, 'max_samples': 0.39089375358318634, 'oob_score': True}. Best is trial 376 with value: 0.8413011491451163.[0m
[32m[I 2022-05-01 10:38:27,180][0m Trial 386 finished with value: 0.8386490843324873 and parameters: {'n_estimators': 114, 'min_samples_split': 0.25882714625721703, 'min_samples_leaf': 0.16287809943041773, 'min_weight_fraction_leaf': 0.01582730504675526, 'max_features': 0.8140862541145529, 'bootstrap': False, 'max_samples': 0.3708887633326719}. Best is trial 376 with value: 0.8413011491451163.[0m
[32m[I 2022-05-01 10:45:04,608][0m Trial 387 finished with value: 0.8395977161739614 and parameters: {'n_estimators': 128, 'min_samples_split': 0.24593206323259975, 'min_samples_leaf': 0.15350509183362138, 'min_weight_fraction_leaf': 0.0002673857557208819, 'max_features': 0.854021818390764, 'bootstrap': False, 'max_samples': 0.4127369758124012}. Best is trial 376 with value: 0.8413011491451163.[0m
[32m[I 2022-05-01 10:54:05,119][0m Trial 388 finished with value: 0.8220781280246324 and parameters: {'n_estimators': 133, 'min_samples_split': 0.38795276743035995, 'min_samples_leaf': 0.10431719249927832, 'min_weight_fraction_leaf': 0.05206188242907192, 'max_features': 0.8357145142377209, 'bootstrap': False, 'max_samples': 0.34225251715067606}. Best is trial 376 with value: 0.8413011491451163.[0m
[32m[I 2022-05-01 11:01:18,203][0m Trial 389 finished with value: 0.8219488003904148 and parameters: {'n_estimators': 148, 'min_samples_split': 0.4313017794070828, 'min_samples_leaf': 0.17531236060906583, 'min_weight_fraction_leaf': 0.09027905713012113, 'max_features': 0.8972892650138142, 'bootstrap': False, 'max_samples': 0.4324153564891018}. Best is trial 376 with value: 0.8413011491451163.[0m
[32m[I 2022-05-01 11:41:05,056][0m Trial 390 finished with value: 0.8394480700908137 and parameters: {'n_estimators': 800, 'min_samples_split': 0.15630870673670483, 'min_samples_leaf': 0.14321686479354673, 'min_weight_fraction_leaf': 0.027579409055898535, 'max_features': 0.7772133010751116, 'bootstrap': False, 'max_samples': 0.5106480008961738}. Best is trial 376 with value: 0.8413011491451163.[0m
[32m[I 2022-05-01 11:50:36,577][0m Trial 391 finished with value: 0.8391201854592225 and parameters: {'n_estimators': 159, 'min_samples_split': 0.22019868600408654, 'min_samples_leaf': 0.12927204384187976, 'min_weight_fraction_leaf': 0.014770113669747838, 'max_features': 0.8736616897069736, 'bootstrap': False, 'max_samples': 0.7838849729611266}. Best is trial 376 with value: 0.8413011491451163.[0m
[32m[I 2022-05-01 11:58:28,058][0m Trial 392 finished with value: 0.8394228082768231 and parameters: {'n_estimators': 123, 'min_samples_split': 0.2696992714039997, 'min_samples_leaf': 0.11802755776838601, 'min_weight_fraction_leaf': 0.06678516129451464, 'max_features': 0.8576461653116074, 'bootstrap': False, 'max_samples': 0.3899532968499255}. Best is trial 376 with value: 0.8413011491451163.[0m
[32m[I 2022-05-01 12:03:48,860][0m Trial 393 finished with value: 0.8392155772867221 and parameters: {'n_estimators': 100, 'min_samples_split': 0.20654296788432072, 'min_samples_leaf': 0.1434308238523018, 'min_weight_fraction_leaf': 0.007544061749788087, 'max_features': 0.7980340680127529, 'bootstrap': False, 'max_samples': 0.4557603597449428}. Best is trial 376 with value: 0.8413011491451163.[0m
[32m[I 2022-05-01 12:10:36,399][0m Trial 394 finished with value: 0.8388302701296567 and parameters: {'n_estimators': 140, 'min_samples_split': 0.2552489608789425, 'min_samples_leaf': 0.15826404462976362, 'min_weight_fraction_leaf': 0.038065999580543755, 'max_features': 0.8294318569153191, 'bootstrap': False, 'max_samples': 0.3602173749943841}. Best is trial 376 with value: 0.8413011491451163.[0m
[32m[I 2022-05-01 12:18:11,123][0m Trial 395 finished with value: 0.8392410555878493 and parameters: {'n_estimators': 130, 'min_samples_split': 0.2363474428809484, 'min_samples_leaf': 0.1310831721513426, 'min_weight_fraction_leaf': 0.01783338043656469, 'max_features': 0.8480972428206194, 'bootstrap': False, 'max_samples': 0.32852264071793635}. Best is trial 376 with value: 0.8413011491451163.[0m
[32m[I 2022-05-01 12:23:12,592][0m Trial 396 finished with value: 0.820114235367248 and parameters: {'n_estimators': 110, 'min_samples_split': 0.03655193415629635, 'min_samples_leaf': 0.18460746977132028, 'min_weight_fraction_leaf': 0.07712165618248602, 'max_features': 0.8811060248387859, 'bootstrap': False, 'max_samples': 0.4193397903170152}. Best is trial 376 with value: 0.8413011491451163.[0m
[32m[I 2022-05-01 12:23:51,048][0m Trial 397 finished with value: 0.7175355482532495 and parameters: {'n_estimators': 140, 'min_samples_split': 0.26608045884446585, 'min_samples_leaf': 0.44960903199856456, 'min_weight_fraction_leaf': 0.026843962476103864, 'max_features': 0.8151433740006574, 'bootstrap': False, 'max_samples': 0.3721903334029282}. Best is trial 376 with value: 0.8413011491451163.[0m
[32m[I 2022-05-01 12:29:34,554][0m Trial 398 finished with value: 0.8393445995117498 and parameters: {'n_estimators': 117, 'min_samples_split': 0.2497299368653876, 'min_samples_leaf': 0.16827609403796365, 'min_weight_fraction_leaf': 0.05551478325623768, 'max_features': 0.8615879628655058, 'bootstrap': False, 'max_samples': 0.306205449303019}. Best is trial 376 with value: 0.8413011491451163.[0m
[32m[I 2022-05-01 12:36:05,148][0m Trial 399 finished with value: 0.839295020239382 and parameters: {'n_estimators': 125, 'min_samples_split': 0.26107999419114164, 'min_samples_leaf': 0.15288199482784878, 'min_weight_fraction_leaf': 0.009587392531794359, 'max_features': 0.8387982933333986, 'bootstrap': False, 'max_samples': 0.39120041864672256}. Best is trial 376 with value: 0.8413011491451163.[0m
[32m[I 2022-05-01 12:45:17,527][0m Trial 400 finished with value: 0.838860597120477 and parameters: {'n_estimators': 154, 'min_samples_split': 0.21782001843458113, 'min_samples_leaf': 0.13975929852922495, 'min_weight_fraction_leaf': 0.0012312727682321344, 'max_features': 0.9102207026871335, 'bootstrap': False, 'max_samples': 0.44417791625232145}. Best is trial 376 with value: 0.8413011491451163.[0m
[32m[I 2022-05-01 12:53:50,363][0m Trial 401 finished with value: 0.8359463189834264 and parameters: {'n_estimators': 134, 'min_samples_split': 0.2275805781481655, 'min_samples_leaf': 0.12369636841314388, 'min_weight_fraction_leaf': 0.0460380231299667, 'max_features': 0.8732717284813648, 'bootstrap': False, 'max_samples': 0.40547994800905}. Best is trial 376 with value: 0.8413011491451163.[0m
[32m[I 2022-05-01 13:02:09,632][0m Trial 402 finished with value: 0.8400905630891919 and parameters: {'n_estimators': 145, 'min_samples_split': 0.2412396088995073, 'min_samples_leaf': 0.13480521017823638, 'min_weight_fraction_leaf': 0.021291432382956426, 'max_features': 0.8272544992355928, 'bootstrap': False, 'max_samples': 0.3441933169940101}. Best is trial 376 with value: 0.8413011491451163.[0m
