[32m[I 2022-04-30 00:25:16,377][0m Trial 133 finished with value: 0.8384642992079993 and parameters: {'n_estimators': 170, 'min_samples_split': 0.2952131859054436, 'min_samples_leaf': 0.16997654941562748, 'min_weight_fraction_leaf': 0.16809177847419207, 'max_features': 0.9098693570527018, 'bootstrap': False, 'max_samples': 0.7228163225172626}. Best is trial 105 with value: 0.8403948389969816.[0m
[32m[I 2022-04-30 00:35:48,637][0m Trial 134 finished with value: 0.8390975906298417 and parameters: {'n_estimators': 224, 'min_samples_split': 0.302676779744882, 'min_samples_leaf': 0.16329965190994802, 'min_weight_fraction_leaf': 0.11487010087513774, 'max_features': 0.8284018412647975, 'bootstrap': False, 'max_samples': 0.6279203639233759}. Best is trial 105 with value: 0.8403948389969816.[0m
[32m[I 2022-04-30 00:47:29,570][0m Trial 135 finished with value: 0.8213972365861417 and parameters: {'n_estimators': 268, 'min_samples_split': 0.31224969720768725, 'min_samples_leaf': 0.19003386207899325, 'min_weight_fraction_leaf': 0.14477570338515075, 'max_features': 0.8868116583106792, 'bootstrap': False, 'max_samples': 0.7862440527603319}. Best is trial 105 with value: 0.8403948389969816.[0m
[32m[I 2022-04-30 00:57:09,903][0m Trial 136 finished with value: 0.8394451439359564 and parameters: {'n_estimators': 185, 'min_samples_split': 0.3459558406821305, 'min_samples_leaf': 0.14234718136187113, 'min_weight_fraction_leaf': 0.1330256277773388, 'max_features': 0.7973021790751394, 'bootstrap': False, 'max_samples': 0.7379226203516197}. Best is trial 105 with value: 0.8403948389969816.[0m
[32m[I 2022-04-30 00:58:49,735][0m Trial 137 finished with value: 0.8091505204048055 and parameters: {'n_estimators': 323, 'min_samples_split': 0.28516385681775913, 'min_samples_leaf': 0.15924724815026597, 'min_weight_fraction_leaf': 0.10531067480136501, 'max_features': 0.09117083006836874, 'bootstrap': False, 'max_samples': 0.7027394880719496}. Best is trial 105 with value: 0.8403948389969816.[0m
[32m[I 2022-04-30 01:00:59,032][0m Trial 138 finished with value: 0.7273433360739953 and parameters: {'n_estimators': 202, 'min_samples_split': 0.2628240514439767, 'min_samples_leaf': 0.39418373685370856, 'min_weight_fraction_leaf': 0.08669815306896778, 'max_features': 0.9350374044881617, 'bootstrap': False, 'max_samples': 0.8945629506186077}. Best is trial 105 with value: 0.8403948389969816.[0m
[32m[I 2022-04-30 01:10:26,386][0m Trial 139 finished with value: 0.8209243862760014 and parameters: {'n_estimators': 213, 'min_samples_split': 0.3228665924714258, 'min_samples_leaf': 0.17948271827945517, 'min_weight_fraction_leaf': 0.19822625492072052, 'max_features': 0.8503141692499979, 'bootstrap': False, 'max_samples': 0.6608728294004337}. Best is trial 105 with value: 0.8403948389969816.[0m
[32m[I 2022-04-30 01:17:03,068][0m Trial 140 finished with value: 0.8080517090231201 and parameters: {'n_estimators': 178, 'min_samples_split': 0.2800928575989139, 'min_samples_leaf': 0.21352942385083407, 'min_weight_fraction_leaf': 0.09576039453298112, 'max_features': 0.8781623921937294, 'bootstrap': False, 'max_samples': 0.6032841643235978}. Best is trial 105 with value: 0.8403948389969816.[0m
[32m[I 2022-04-30 01:29:47,971][0m Trial 141 finished with value: 0.8228752535298887 and parameters: {'n_estimators': 243, 'min_samples_split': 0.3748115787509393, 'min_samples_leaf': 0.14807075681451062, 'min_weight_fraction_leaf': 0.11856572102806626, 'max_features': 0.8539013107838875, 'bootstrap': False, 'max_samples': 0.551493228694393}. Best is trial 105 with value: 0.8403948389969816.[0m
[32m[I 2022-04-30 01:41:21,571][0m Trial 142 finished with value: 0.8318426946398929 and parameters: {'n_estimators': 230, 'min_samples_split': 0.3515830965719278, 'min_samples_leaf': 0.15206491955044582, 'min_weight_fraction_leaf': 0.12371092751377669, 'max_features': 0.8270276734699042, 'bootstrap': False, 'max_samples': 0.8199349489904049}. Best is trial 105 with value: 0.8403948389969816.[0m
[32m[I 2022-04-30 01:50:49,875][0m Trial 143 finished with value: 0.8392034323405714 and parameters: {'n_estimators': 194, 'min_samples_split': 0.32243842273308515, 'min_samples_leaf': 0.1556346036348233, 'min_weight_fraction_leaf': 0.1375349662841192, 'max_features': 0.8081185192085376, 'bootstrap': False, 'max_samples': 0.8278941507214749}. Best is trial 105 with value: 0.8403948389969816.[0m
[32m[I 2022-04-30 02:04:19,729][0m Trial 144 finished with value: 0.8227228700375864 and parameters: {'n_estimators': 218, 'min_samples_split': 0.4089475735645058, 'min_samples_leaf': 0.11883821869737499, 'min_weight_fraction_leaf': 0.15918041544620698, 'max_features': 0.9021037920438464, 'bootstrap': False, 'max_samples': 0.784152693627382}. Best is trial 105 with value: 0.8403948389969816.[0m
[32m[I 2022-04-30 02:17:31,029][0m Trial 145 finished with value: 0.8385579284931144 and parameters: {'n_estimators': 236, 'min_samples_split': 0.2946431990345834, 'min_samples_leaf': 0.13905525475273406, 'min_weight_fraction_leaf': 0.10969621001821812, 'max_features': 0.8696026270604467, 'bootstrap': False, 'max_samples': 0.9668603225356347}. Best is trial 105 with value: 0.8403948389969816.[0m
[32m[I 2022-04-30 02:24:50,815][0m Trial 146 finished with value: 0.7793246055023937 and parameters: {'n_estimators': 169, 'min_samples_split': 0.33775384822292137, 'min_samples_leaf': 0.1680338976855466, 'min_weight_fraction_leaf': 0.2722384473964702, 'max_features': 0.838029429046555, 'bootstrap': False, 'max_samples': 0.5070622506483399}. Best is trial 105 with value: 0.8403948389969816.[0m
[32m[I 2022-04-30 02:31:47,203][0m Trial 147 finished with value: 0.820167042491628 and parameters: {'n_estimators': 188, 'min_samples_split': 0.33432908544349316, 'min_samples_leaf': 0.19812428144694294, 'min_weight_fraction_leaf': 0.07639544703562426, 'max_features': 0.7861274142401551, 'bootstrap': False, 'max_samples': 0.8668657589767309}. Best is trial 105 with value: 0.8403948389969816.[0m
[32m[I 2022-04-30 02:44:46,647][0m Trial 148 finished with value: 0.8227079644292619 and parameters: {'n_estimators': 208, 'min_samples_split': 0.2363925796755475, 'min_samples_leaf': 0.10184366151114987, 'min_weight_fraction_leaf': 0.17980394637688807, 'max_features': 0.8562329602350793, 'bootstrap': False, 'max_samples': 0.8331203580807198}. Best is trial 105 with value: 0.8403948389969816.[0m
[32m[I 2022-04-30 02:46:23,870][0m Trial 149 finished with value: 0.8060708724484928 and parameters: {'n_estimators': 163, 'min_samples_split': 0.2492594839855905, 'min_samples_leaf': 0.13040888958056931, 'min_weight_fraction_leaf': 0.12916960911193592, 'max_features': 0.8167245078133378, 'bootstrap': True, 'max_samples': 0.7482426101085745, 'oob_score': True}. Best is trial 105 with value: 0.8403948389969816.[0m
[32m[I 2022-04-30 02:59:29,296][0m Trial 150 finished with value: 0.8222388412513233 and parameters: {'n_estimators': 279, 'min_samples_split': 0.22559851157169458, 'min_samples_leaf': 0.18077875366449978, 'min_weight_fraction_leaf': 0.15251407042220091, 'max_features': 0.913313751339799, 'bootstrap': False, 'max_samples': 0.7690037745963559}. Best is trial 105 with value: 0.8403948389969816.[0m
[32m[I 2022-04-30 03:09:23,703][0m Trial 151 finished with value: 0.8383679281029623 and parameters: {'n_estimators': 180, 'min_samples_split': 0.2747471056418671, 'min_samples_leaf': 0.12535554898087667, 'min_weight_fraction_leaf': 0.016172045431520038, 'max_features': 0.766322856060885, 'bootstrap': False, 'max_samples': 0.8072895668105987}. Best is trial 105 with value: 0.8403948389969816.[0m
[32m[I 2022-04-30 03:17:09,025][0m Trial 152 finished with value: 0.838651606331829 and parameters: {'n_estimators': 158, 'min_samples_split': 0.2578483778579208, 'min_samples_leaf': 0.15586947851785835, 'min_weight_fraction_leaf': 0.01111787563107288, 'max_features': 0.7959383072594199, 'bootstrap': False, 'max_samples': 0.8941314222489234}. Best is trial 105 with value: 0.8403948389969816.[0m
[32m[I 2022-04-30 03:26:51,153][0m Trial 153 finished with value: 0.8375428862822247 and parameters: {'n_estimators': 166, 'min_samples_split': 0.2164251024562812, 'min_samples_leaf': 0.14037265433212542, 'min_weight_fraction_leaf': 0.02703321964303288, 'max_features': 0.8913087168671164, 'bootstrap': False, 'max_samples': 0.705836828577143}. Best is trial 105 with value: 0.8403948389969816.[0m
[32m[I 2022-04-30 03:41:06,480][0m Trial 154 finished with value: 0.8389850724634339 and parameters: {'n_estimators': 261, 'min_samples_split': 0.3045217337182551, 'min_samples_leaf': 0.11380265837400771, 'min_weight_fraction_leaf': 0.06303200270025336, 'max_features': 0.7203990005834071, 'bootstrap': False, 'max_samples': 0.8415571808450373}. Best is trial 105 with value: 0.8403948389969816.[0m
[32m[I 2022-04-30 03:45:04,575][0m Trial 155 finished with value: 0.778269808072013 and parameters: {'n_estimators': 197, 'min_samples_split': 0.28882709998747397, 'min_samples_leaf': 0.3024414473966766, 'min_weight_fraction_leaf': 0.12269817063093356, 'max_features': 0.8304680087881211, 'bootstrap': False, 'max_samples': 0.4370173329634791}. Best is trial 105 with value: 0.8403948389969816.[0m
[32m[I 2022-04-30 03:53:38,033][0m Trial 156 finished with value: 0.83963276031125 and parameters: {'n_estimators': 175, 'min_samples_split': 0.24198194534206358, 'min_samples_leaf': 0.16623383971885305, 'min_weight_fraction_leaf': 0.09602997775068464, 'max_features': 0.867809483617529, 'bootstrap': False, 'max_samples': 0.7920036550948124}. Best is trial 105 with value: 0.8403948389969816.[0m
[32m[I 2022-04-30 04:04:17,386][0m Trial 157 finished with value: 0.8386902174343618 and parameters: {'n_estimators': 190, 'min_samples_split': 0.3150701432665673, 'min_samples_leaf': 0.12765730376810577, 'min_weight_fraction_leaf': 0.002248082003265505, 'max_features': 0.7703986659365403, 'bootstrap': False, 'max_samples': 0.862088590533242}. Best is trial 105 with value: 0.8403948389969816.[0m
[32m[I 2022-04-30 04:12:05,545][0m Trial 158 finished with value: 0.8397445233743053 and parameters: {'n_estimators': 145, 'min_samples_split': 0.2622067272492111, 'min_samples_leaf': 0.14893741424017026, 'min_weight_fraction_leaf': 0.03363267555104984, 'max_features': 0.8425834026151395, 'bootstrap': False, 'max_samples': 0.3987599016711925}. Best is trial 105 with value: 0.8403948389969816.[0m
[32m[I 2022-04-30 04:19:45,925][0m Trial 159 finished with value: 0.8399202867820172 and parameters: {'n_estimators': 143, 'min_samples_split': 0.2715391827781489, 'min_samples_leaf': 0.14981364840557138, 'min_weight_fraction_leaf': 0.07124506363018213, 'max_features': 0.8451353700096071, 'bootstrap': False, 'max_samples': 0.8196296689386998}. Best is trial 105 with value: 0.8403948389969816.[0m
[32m[I 2022-04-30 04:26:14,266][0m Trial 160 finished with value: 0.8285660904333074 and parameters: {'n_estimators': 144, 'min_samples_split': 0.2664458976263067, 'min_samples_leaf': 0.17347426897534268, 'min_weight_fraction_leaf': 0.08186457049292266, 'max_features': 0.8109262295100046, 'bootstrap': False, 'max_samples': 0.6227775063077244}. Best is trial 105 with value: 0.8403948389969816.[0m
[32m[I 2022-04-30 04:34:18,246][0m Trial 161 finished with value: 0.8397641435444934 and parameters: {'n_estimators': 154, 'min_samples_split': 0.2813275369698219, 'min_samples_leaf': 0.15373765824575827, 'min_weight_fraction_leaf': 0.04860266034477589, 'max_features': 0.8425276547678661, 'bootstrap': False, 'max_samples': 0.4177848691347783}. Best is trial 105 with value: 0.8403948389969816.[0m
[32m[I 2022-04-30 04:41:52,394][0m Trial 162 finished with value: 0.8401460306184699 and parameters: {'n_estimators': 137, 'min_samples_split': 0.28063750639588886, 'min_samples_leaf': 0.14278695598679939, 'min_weight_fraction_leaf': 0.06827385019098849, 'max_features': 0.841713404224983, 'bootstrap': False, 'max_samples': 0.4544004121996047}. Best is trial 105 with value: 0.8403948389969816.[0m
[32m[I 2022-04-30 04:49:13,454][0m Trial 163 finished with value: 0.8385919438050118 and parameters: {'n_estimators': 125, 'min_samples_split': 0.27408828361179716, 'min_samples_leaf': 0.14204957256031092, 'min_weight_fraction_leaf': 0.06810603644035561, 'max_features': 0.8868379316779355, 'bootstrap': False, 'max_samples': 0.44889102443013057}. Best is trial 105 with value: 0.8403948389969816.[0m
[32m[I 2022-04-30 04:56:03,924][0m Trial 164 finished with value: 0.8388018243306231 and parameters: {'n_estimators': 138, 'min_samples_split': 0.2890325745733347, 'min_samples_leaf': 0.16491493829603737, 'min_weight_fraction_leaf': 0.07162034535334327, 'max_features': 0.8724487012804699, 'bootstrap': False, 'max_samples': 0.4597741194862613}. Best is trial 105 with value: 0.8403948389969816.[0m
[32m[I 2022-04-30 05:02:46,904][0m Trial 165 finished with value: 0.8215836305767572 and parameters: {'n_estimators': 157, 'min_samples_split': 0.2812951794011087, 'min_samples_leaf': 0.18361463621101667, 'min_weight_fraction_leaf': 0.04833633326368714, 'max_features': 0.8309958207274777, 'bootstrap': False, 'max_samples': 0.5166328183998017}. Best is trial 105 with value: 0.8403948389969816.[0m
[32m[I 2022-04-30 05:24:57,917][0m Trial 166 finished with value: 0.8386868638270835 and parameters: {'n_estimators': 490, 'min_samples_split': 0.30065045000724505, 'min_samples_leaf': 0.1598982190161594, 'min_weight_fraction_leaf': 0.062235784641433756, 'max_features': 0.7902113700423284, 'bootstrap': False, 'max_samples': 0.3992486522781829}. Best is trial 105 with value: 0.8403948389969816.[0m
[32m[I 2022-04-30 05:30:50,604][0m Trial 167 finished with value: 0.7168974225033503 and parameters: {'n_estimators': 151, 'min_samples_split': 0.2478142013116335, 'min_samples_leaf': 0.13588153265511088, 'min_weight_fraction_leaf': 0.47021879246189546, 'max_features': 0.8646469535054805, 'bootstrap': False, 'max_samples': 0.6559032994686014}. Best is trial 105 with value: 0.8403948389969816.[0m
[32m[I 2022-04-30 05:38:30,671][0m Trial 168 finished with value: 0.8220395434133263 and parameters: {'n_estimators': 173, 'min_samples_split': 0.271459153563849, 'min_samples_leaf': 0.17582318020622362, 'min_weight_fraction_leaf': 0.08658106203871867, 'max_features': 0.8158405694018785, 'bootstrap': False, 'max_samples': 0.41380977800231356}. Best is trial 105 with value: 0.8403948389969816.[0m
[32m[I 2022-04-30 05:45:28,718][0m Trial 169 finished with value: 0.8394599278788736 and parameters: {'n_estimators': 132, 'min_samples_split': 0.28820784333215177, 'min_samples_leaf': 0.1525721630218773, 'min_weight_fraction_leaf': 0.054380098121571505, 'max_features': 0.8456852158860878, 'bootstrap': False, 'max_samples': 0.15907949970820762}. Best is trial 105 with value: 0.8403948389969816.[0m
[32m[I 2022-04-30 05:51:29,484][0m Trial 170 finished with value: 0.8216227772186981 and parameters: {'n_estimators': 137, 'min_samples_split': 0.12334468102072585, 'min_samples_leaf': 0.190128506087883, 'min_weight_fraction_leaf': 0.07629327115331948, 'max_features': 0.8980893188264989, 'bootstrap': False, 'max_samples': 0.5643326603445781}. Best is trial 105 with value: 0.8403948389969816.[0m
[32m[I 2022-04-30 05:59:51,141][0m Trial 171 finished with value: 0.840142162828904 and parameters: {'n_estimators': 157, 'min_samples_split': 0.2613433338625441, 'min_samples_leaf': 0.14841307612583976, 'min_weight_fraction_leaf': 0.03846947424732688, 'max_features': 0.8416657498553031, 'bootstrap': False, 'max_samples': 0.4140696130608668}. Best is trial 105 with value: 0.8403948389969816.[0m
[32m[I 2022-04-30 06:04:42,219][0m Trial 172 finished with value: 0.8327710888330511 and parameters: {'n_estimators': 152, 'min_samples_split': 0.2568828814477476, 'min_samples_leaf': 0.14017800012688705, 'min_weight_fraction_leaf': 0.04517582095723192, 'max_features': 0.44024057900099467, 'bootstrap': False, 'max_samples': 0.4896283408015412}. Best is trial 105 with value: 0.8403948389969816.[0m
[32m[I 2022-04-30 06:12:40,760][0m Trial 173 finished with value: 0.839474952282235 and parameters: {'n_estimators': 161, 'min_samples_split': 0.27752304286182305, 'min_samples_leaf': 0.1622898644568768, 'min_weight_fraction_leaf': 0.040385071650221836, 'max_features': 0.8554926184240553, 'bootstrap': False, 'max_samples': 0.4145221371755965}. Best is trial 105 with value: 0.8403948389969816.[0m
[32m[I 2022-04-30 06:22:04,230][0m Trial 174 finished with value: 0.8395423359769014 and parameters: {'n_estimators': 182, 'min_samples_split': 0.2675059244359823, 'min_samples_leaf': 0.1508028903431316, 'min_weight_fraction_leaf': 0.017584482311276066, 'max_features': 0.8288519080995231, 'bootstrap': False, 'max_samples': 0.3309887150642386}. Best is trial 105 with value: 0.8403948389969816.[0m
[32m[I 2022-04-30 06:31:32,427][0m Trial 175 finished with value: 0.8162315614602432 and parameters: {'n_estimators': 171, 'min_samples_split': 0.4652791773908287, 'min_samples_leaf': 0.11885819181379936, 'min_weight_fraction_leaf': 0.06277696313170804, 'max_features': 0.80386835288142, 'bootstrap': False, 'max_samples': 0.7251899697345786}. Best is trial 105 with value: 0.8403948389969816.[0m
[32m[I 2022-04-30 07:27:38,268][0m Trial 176 finished with value: 0.8384703185079742 and parameters: {'n_estimators': 972, 'min_samples_split': 0.29939737157566826, 'min_samples_leaf': 0.131868144301883, 'min_weight_fraction_leaf': 0.031882641709105555, 'max_features': 0.8756363713903118, 'bootstrap': False, 'max_samples': 0.38403274384116354}. Best is trial 105 with value: 0.8403948389969816.[0m
[32m[I 2022-04-30 07:37:33,432][0m Trial 177 finished with value: 0.8385024306080228 and parameters: {'n_estimators': 202, 'min_samples_split': 0.2348858454997737, 'min_samples_leaf': 0.17110188786884678, 'min_weight_fraction_leaf': 0.05503872536443004, 'max_features': 0.9180676403317757, 'bootstrap': False, 'max_samples': 0.7688510684332479}. Best is trial 105 with value: 0.8403948389969816.[0m
[32m[I 2022-04-30 07:37:49,999][0m Trial 178 finished with value: 0.7228329925416273 and parameters: {'n_estimators': 183, 'min_samples_split': 0.2521612800044909, 'min_samples_leaf': 0.14452913994695896, 'min_weight_fraction_leaf': 0.0934068294019574, 'max_features': 0.8409200624119119, 'bootstrap': True, 'max_samples': 0.365496007248574, 'oob_score': True}. Best is trial 105 with value: 0.8403948389969816.[0m
[32m[I 2022-04-30 07:45:39,661][0m Trial 179 finished with value: 0.8388550212134934 and parameters: {'n_estimators': 163, 'min_samples_split': 0.310113012665897, 'min_samples_leaf': 0.15924255734311146, 'min_weight_fraction_leaf': 0.07128143579701166, 'max_features': 0.7971566652161293, 'bootstrap': False, 'max_samples': 0.47311566051933884}. Best is trial 105 with value: 0.8403948389969816.[0m
[32m[I 2022-04-30 07:56:21,747][0m Trial 180 finished with value: 0.837532491322721 and parameters: {'n_estimators': 154, 'min_samples_split': 0.29297975564418643, 'min_samples_leaf': 0.10727747471767007, 'min_weight_fraction_leaf': 0.14288891257968667, 'max_features': 0.8917222023056622, 'bootstrap': False, 'max_samples': 0.11099508565666456}. Best is trial 105 with value: 0.8403948389969816.[0m
[32m[I 2022-04-30 08:04:03,387][0m Trial 181 finished with value: 0.8397404776216485 and parameters: {'n_estimators': 146, 'min_samples_split': 0.2645143749163807, 'min_samples_leaf': 0.15090590076701427, 'min_weight_fraction_leaf': 0.03443517770046417, 'max_features': 0.8546648950884433, 'bootstrap': False, 'max_samples': 0.41335085187708687}. Best is trial 105 with value: 0.8403948389969816.[0m
[32m[I 2022-04-30 08:06:12,416][0m Trial 182 finished with value: 0.7609666569356774 and parameters: {'n_estimators': 143, 'min_samples_split': 0.2661775549824703, 'min_samples_leaf': 0.34415732757042006, 'min_weight_fraction_leaf': 0.021143340081279688, 'max_features': 0.8320767263440949, 'bootstrap': False, 'max_samples': 0.8149751951637487}. Best is trial 105 with value: 0.8403948389969816.[0m
[32m[I 2022-04-30 08:13:36,623][0m Trial 183 finished with value: 0.8403174776515703 and parameters: {'n_estimators': 135, 'min_samples_split': 0.27873506390885733, 'min_samples_leaf': 0.1452468840683887, 'min_weight_fraction_leaf': 0.047452552267278174, 'max_features': 0.8401900162698638, 'bootstrap': False, 'max_samples': 0.39368531006843666}. Best is trial 105 with value: 0.8403948389969816.[0m
[32m[I 2022-04-30 08:19:18,700][0m Trial 184 finished with value: 0.7767514924278767 and parameters: {'n_estimators': 125, 'min_samples_split': 0.27831473296655485, 'min_samples_leaf': 0.16664571818809926, 'min_weight_fraction_leaf': 0.3178254319940198, 'max_features': 0.8695340209986252, 'bootstrap': False, 'max_samples': 0.4509948306064247}. Best is trial 105 with value: 0.8403948389969816.[0m
[32m[I 2022-04-30 08:28:23,442][0m Trial 185 finished with value: 0.839497856920319 and parameters: {'n_estimators': 168, 'min_samples_split': 0.2833653177415704, 'min_samples_leaf': 0.13985870391462407, 'min_weight_fraction_leaf': 0.0591868689966555, 'max_features': 0.8173463530665092, 'bootstrap': False, 'max_samples': 0.17918099913362492}. Best is trial 105 with value: 0.8403948389969816.[0m
[32m[I 2022-04-30 08:36:39,104][0m Trial 186 finished with value: 0.8369277064978892 and parameters: {'n_estimators': 135, 'min_samples_split': 0.2554276432835056, 'min_samples_leaf': 0.12645718645154436, 'min_weight_fraction_leaf': 0.043342641289924246, 'max_features': 0.852573035334839, 'bootstrap': False, 'max_samples': 0.4384884726107521}. Best is trial 105 with value: 0.8403948389969816.[0m
