[32m[I 2022-04-27 17:37:04,084][0m Trial 810 finished with value: 0.9196284538821194 and parameters: {'n_estimators': 202, 'min_samples_split': 0.20617508184153227, 'min_samples_leaf': 0.1587068478952686, 'min_weight_fraction_leaf': 0.04872974310079172, 'max_features': 0.8174030773373682, 'bootstrap': False, 'max_samples': 0.1443992840193823}. Best is trial 272 with value: 0.9207214438111938.[0m
[32m[I 2022-04-27 17:48:52,191][0m Trial 811 finished with value: 0.9181585207098106 and parameters: {'n_estimators': 185, 'min_samples_split': 0.17559226504776126, 'min_samples_leaf': 0.11163376229655671, 'min_weight_fraction_leaf': 6.031346661511134e-05, 'max_features': 0.780835037351482, 'bootstrap': False, 'max_samples': 0.4976461271265106}. Best is trial 272 with value: 0.9207214438111938.[0m
[32m[I 2022-04-27 17:55:24,835][0m Trial 812 finished with value: 0.9196446740943527 and parameters: {'n_estimators': 119, 'min_samples_split': 0.213620214407148, 'min_samples_leaf': 0.14947184646462466, 'min_weight_fraction_leaf': 0.015184606431098695, 'max_features': 0.8820406409298374, 'bootstrap': False, 'max_samples': 0.16254032456541184}. Best is trial 272 with value: 0.9207214438111938.[0m
[32m[I 2022-04-27 18:06:36,209][0m Trial 813 finished with value: 0.9206458284642715 and parameters: {'n_estimators': 195, 'min_samples_split': 0.19474032273273154, 'min_samples_leaf': 0.1355800405825745, 'min_weight_fraction_leaf': 0.036647991136648635, 'max_features': 0.8449371108954149, 'bootstrap': False, 'max_samples': 0.5801969789373415}. Best is trial 272 with value: 0.9207214438111938.[0m
[32m[I 2022-04-27 18:18:47,190][0m Trial 814 finished with value: 0.9180281128343758 and parameters: {'n_estimators': 195, 'min_samples_split': 0.19679439117132275, 'min_samples_leaf': 0.11993463320888334, 'min_weight_fraction_leaf': 0.04933421050771361, 'max_features': 0.8453828753709471, 'bootstrap': False, 'max_samples': 0.6085163881180946}. Best is trial 272 with value: 0.9207214438111938.[0m
[32m[I 2022-04-27 18:29:32,915][0m Trial 815 finished with value: 0.9190957302175532 and parameters: {'n_estimators': 179, 'min_samples_split': 0.18889968765016202, 'min_samples_leaf': 0.13393671378631983, 'min_weight_fraction_leaf': 0.036935424211431284, 'max_features': 0.8977326396876393, 'bootstrap': False, 'max_samples': 0.5923563341511888}. Best is trial 272 with value: 0.9207214438111938.[0m
[32m[I 2022-04-27 18:41:08,301][0m Trial 816 finished with value: 0.9196934194857682 and parameters: {'n_estimators': 189, 'min_samples_split': 0.2025981261313988, 'min_samples_leaf': 0.1283569530159148, 'min_weight_fraction_leaf': 0.052023060792592286, 'max_features': 0.8678433082349077, 'bootstrap': False, 'max_samples': 0.5822251500127836}. Best is trial 272 with value: 0.9207214438111938.[0m
[32m[I 2022-04-27 19:34:40,530][0m Trial 817 finished with value: 0.9198003157044727 and parameters: {'n_estimators': 976, 'min_samples_split': 0.18489800520715324, 'min_samples_leaf': 0.13840452214081903, 'min_weight_fraction_leaf': 0.04141820258287995, 'max_features': 0.8495160533398693, 'bootstrap': False, 'max_samples': 0.5634955803947643}. Best is trial 272 with value: 0.9207214438111938.[0m
[32m[I 2022-04-27 19:47:40,037][0m Trial 818 finished with value: 0.9185719931756235 and parameters: {'n_estimators': 202, 'min_samples_split': 0.1711908706734702, 'min_samples_leaf': 0.11252546610933747, 'min_weight_fraction_leaf': 0.0373837701294348, 'max_features': 0.8090748629585213, 'bootstrap': False, 'max_samples': 0.5593843164782807}. Best is trial 272 with value: 0.9207214438111938.[0m
[32m[I 2022-04-27 19:58:56,810][0m Trial 819 finished with value: 0.9179361379161181 and parameters: {'n_estimators': 173, 'min_samples_split': 0.21053626763670782, 'min_samples_leaf': 0.12528136048610372, 'min_weight_fraction_leaf': 0.053869793560712934, 'max_features': 0.9227789879640184, 'bootstrap': False, 'max_samples': 0.5300022851553222}. Best is trial 272 with value: 0.9207214438111938.[0m
[32m[I 2022-04-27 20:11:57,372][0m Trial 820 finished with value: 0.9109754275821098 and parameters: {'n_estimators': 197, 'min_samples_split': 0.38026154517705546, 'min_samples_leaf': 0.10395306174442576, 'min_weight_fraction_leaf': 0.03653925707259186, 'max_features': 0.827527806010361, 'bootstrap': False, 'max_samples': 0.5785674981753949}. Best is trial 272 with value: 0.9207214438111938.[0m
[32m[I 2022-04-27 20:13:19,473][0m Trial 821 finished with value: 0.9049311647094551 and parameters: {'n_estimators': 183, 'min_samples_split': 0.19464764716736813, 'min_samples_leaf': 0.1428700303046871, 'min_weight_fraction_leaf': 0.04586572088857508, 'max_features': 0.1032273927534837, 'bootstrap': False, 'max_samples': 0.546473469115517}. Best is trial 272 with value: 0.9207214438111938.[0m
[32m[I 2022-04-27 20:20:16,883][0m Trial 822 finished with value: 0.9192422913537313 and parameters: {'n_estimators': 113, 'min_samples_split': 0.22606968152103762, 'min_samples_leaf': 0.1329815652081841, 'min_weight_fraction_leaf': 0.029307108716408688, 'max_features': 0.8737176278832667, 'bootstrap': False, 'max_samples': 0.5760735425100908}. Best is trial 272 with value: 0.9207214438111938.[0m
[32m[I 2022-04-27 20:27:09,005][0m Trial 823 finished with value: 0.9199376247852852 and parameters: {'n_estimators': 127, 'min_samples_split': 0.20083581932145425, 'min_samples_leaf': 0.14801521524274186, 'min_weight_fraction_leaf': 0.0642988914983853, 'max_features': 0.8520940638985319, 'bootstrap': False, 'max_samples': 0.6355967926141634}. Best is trial 272 with value: 0.9207214438111938.[0m
[32m[I 2022-04-27 21:10:41,927][0m Trial 824 finished with value: 0.9203209556156764 and parameters: {'n_estimators': 800, 'min_samples_split': 0.18563746544421741, 'min_samples_leaf': 0.13701363913140835, 'min_weight_fraction_leaf': 0.02808007262124536, 'max_features': 0.8347587274023334, 'bootstrap': False, 'max_samples': 0.5452127100507448}. Best is trial 272 with value: 0.9207214438111938.[0m
[32m[I 2022-04-27 21:46:43,725][0m Trial 825 finished with value: 0.9175332670852597 and parameters: {'n_estimators': 611, 'min_samples_split': 0.17742115702649247, 'min_samples_leaf': 0.12045953640077346, 'min_weight_fraction_leaf': 0.027540414845995093, 'max_features': 0.791728329399473, 'bootstrap': False, 'max_samples': 0.56357543115256}. Best is trial 272 with value: 0.9207214438111938.[0m
[32m[I 2022-04-27 22:28:32,712][0m Trial 826 finished with value: 0.9189299884367562 and parameters: {'n_estimators': 749, 'min_samples_split': 0.16418493559148484, 'min_samples_leaf': 0.1311799249364417, 'min_weight_fraction_leaf': 0.028488745651791735, 'max_features': 0.811367604039429, 'bootstrap': False, 'max_samples': 0.5657417299099259}. Best is trial 272 with value: 0.9207214438111938.[0m
[32m[I 2022-04-27 22:32:58,835][0m Trial 827 finished with value: 0.9062500985628041 and parameters: {'n_estimators': 631, 'min_samples_split': 0.182670339526899, 'min_samples_leaf': 0.09216344533754237, 'min_weight_fraction_leaf': 0.021747688351910315, 'max_features': 0.8310040551905209, 'bootstrap': True, 'max_samples': 0.5495779025489013, 'oob_score': False}. Best is trial 272 with value: 0.9207214438111938.[0m
[32m[I 2022-04-27 22:44:06,896][0m Trial 828 finished with value: 0.9174356802983092 and parameters: {'n_estimators': 192, 'min_samples_split': 0.17255759520907532, 'min_samples_leaf': 0.11799509701116763, 'min_weight_fraction_leaf': 0.03599544092085196, 'max_features': 0.7670047076355284, 'bootstrap': False, 'max_samples': 0.5940182113488436}. Best is trial 272 with value: 0.9207214438111938.[0m
[32m[I 2022-04-27 23:29:36,055][0m Trial 829 finished with value: 0.9199941556788052 and parameters: {'n_estimators': 831, 'min_samples_split': 0.1517903987876808, 'min_samples_leaf': 0.13552880813540505, 'min_weight_fraction_leaf': 0.02605845546199589, 'max_features': 0.8294784506752946, 'bootstrap': False, 'max_samples': 0.5985942252035259}. Best is trial 272 with value: 0.9207214438111938.[0m
[32m[I 2022-04-27 23:30:52,015][0m Trial 830 finished with value: 0.5668262355243062 and parameters: {'n_estimators': 207, 'min_samples_split': 0.1868033500345948, 'min_samples_leaf': 0.1549073930447823, 'min_weight_fraction_leaf': 0.4712181045734556, 'max_features': 0.13722584021274264, 'bootstrap': False, 'max_samples': 0.5340824100978182}. Best is trial 272 with value: 0.9207214438111938.[0m
[32m[I 2022-04-27 23:38:04,477][0m Trial 831 finished with value: 0.9180259428933164 and parameters: {'n_estimators': 104, 'min_samples_split': 0.16350525225784818, 'min_samples_leaf': 0.10748941180161685, 'min_weight_fraction_leaf': 0.01518727384831725, 'max_features': 0.7913616137597185, 'bootstrap': False, 'max_samples': 0.5567380171992202}. Best is trial 272 with value: 0.9207214438111938.[0m
[32m[I 2022-04-27 23:38:39,519][0m Trial 832 finished with value: 0.8631169435637208 and parameters: {'n_estimators': 183, 'min_samples_split': 0.2510782811678105, 'min_samples_leaf': 0.4661940027319512, 'min_weight_fraction_leaf': 0.03726299103061377, 'max_features': 0.8103761453022428, 'bootstrap': False, 'max_samples': 0.5421149284140324}. Best is trial 272 with value: 0.9207214438111938.[0m
[32m[I 2022-04-28 00:17:39,905][0m Trial 833 finished with value: 0.9199618783621195 and parameters: {'n_estimators': 660, 'min_samples_split': 0.18236678778066487, 'min_samples_leaf': 0.12747045522122685, 'min_weight_fraction_leaf': 0.023387961893332247, 'max_features': 0.8394031071193738, 'bootstrap': False, 'max_samples': 0.6140169751873663}. Best is trial 272 with value: 0.9207214438111938.[0m
[32m[I 2022-04-28 00:45:09,645][0m Trial 834 finished with value: 0.9035849588418499 and parameters: {'n_estimators': 545, 'min_samples_split': 0.2373240308574513, 'min_samples_leaf': 0.14299987454688703, 'min_weight_fraction_leaf': 0.2336189610300921, 'max_features': 0.8666731909497147, 'bootstrap': False, 'max_samples': 0.5721523205040887}. Best is trial 272 with value: 0.9207214438111938.[0m
[32m[I 2022-04-28 01:30:49,711][0m Trial 835 finished with value: 0.9178913916909828 and parameters: {'n_estimators': 777, 'min_samples_split': 0.2182434475107225, 'min_samples_leaf': 0.12373800531273375, 'min_weight_fraction_leaf': 0.0316456461676303, 'max_features': 0.8211929375931182, 'bootstrap': False, 'max_samples': 0.6239443201240719}. Best is trial 272 with value: 0.9207214438111938.[0m
[32m[I 2022-04-28 01:42:51,974][0m Trial 836 finished with value: 0.9204484192292751 and parameters: {'n_estimators': 212, 'min_samples_split': 0.20701684536354367, 'min_samples_leaf': 0.13798463793473253, 'min_weight_fraction_leaf': 0.016570149065578292, 'max_features': 0.8425866452597043, 'bootstrap': False, 'max_samples': 0.5802809309495384}. Best is trial 272 with value: 0.9207214438111938.[0m
[32m[I 2022-04-28 01:52:59,394][0m Trial 837 finished with value: 0.9195551471787194 and parameters: {'n_estimators': 210, 'min_samples_split': 0.21083521425591067, 'min_samples_leaf': 0.15770397575881578, 'min_weight_fraction_leaf': 0.009557419074166941, 'max_features': 0.7987554897366553, 'bootstrap': False, 'max_samples': 0.5807781091572802}. Best is trial 272 with value: 0.9207214438111938.[0m
[32m[I 2022-04-28 02:03:41,704][0m Trial 838 finished with value: 0.9199501410002606 and parameters: {'n_estimators': 205, 'min_samples_split': 0.2225231341968482, 'min_samples_leaf': 0.14784479469644915, 'min_weight_fraction_leaf': 0.0160359047733193, 'max_features': 0.8326046579388693, 'bootstrap': False, 'max_samples': 0.6120434018996332}. Best is trial 272 with value: 0.9207214438111938.[0m
[32m[I 2022-04-28 02:13:26,540][0m Trial 839 finished with value: 0.9197986783265966 and parameters: {'n_estimators': 200, 'min_samples_split': 0.207286579628996, 'min_samples_leaf': 0.16254130110945925, 'min_weight_fraction_leaf': 0.007402476812659712, 'max_features': 0.8150398740603831, 'bootstrap': False, 'max_samples': 0.5876866686823176}. Best is trial 272 with value: 0.9207214438111938.[0m
[32m[I 2022-04-28 02:24:13,293][0m Trial 840 finished with value: 0.9110664573131851 and parameters: {'n_estimators': 217, 'min_samples_split': 0.3593559810713817, 'min_samples_leaf': 0.14322130667439412, 'min_weight_fraction_leaf': 0.01519419001115762, 'max_features': 0.7824799421704953, 'bootstrap': False, 'max_samples': 0.5761704610737292}. Best is trial 272 with value: 0.9207214438111938.[0m
[32m[I 2022-04-28 02:51:37,124][0m Trial 841 finished with value: 0.9202016772916707 and parameters: {'n_estimators': 493, 'min_samples_split': 0.23001886655039666, 'min_samples_leaf': 0.13819843141200153, 'min_weight_fraction_leaf': 0.02201409587642751, 'max_features': 0.8435474823222497, 'bootstrap': False, 'max_samples': 0.5468133188970037}. Best is trial 272 with value: 0.9207214438111938.[0m
[32m[I 2022-04-28 03:03:12,795][0m Trial 842 finished with value: 0.9201469669576543 and parameters: {'n_estimators': 218, 'min_samples_split': 0.21531979175962102, 'min_samples_leaf': 0.14889067484564442, 'min_weight_fraction_leaf': 0.009650503278983733, 'max_features': 0.842383995248897, 'bootstrap': False, 'max_samples': 0.6077455491301709}. Best is trial 272 with value: 0.9207214438111938.[0m
[32m[I 2022-04-28 03:06:16,404][0m Trial 843 finished with value: 0.9061136069853776 and parameters: {'n_estimators': 205, 'min_samples_split': 0.19828062143659148, 'min_samples_leaf': 0.1344345743403053, 'min_weight_fraction_leaf': 0.018701324816926636, 'max_features': 0.19130266737916246, 'bootstrap': False, 'max_samples': 0.5479232850970519}. Best is trial 272 with value: 0.9207214438111938.[0m
[32m[I 2022-04-28 03:17:13,225][0m Trial 844 finished with value: 0.9196904030849519 and parameters: {'n_estimators': 221, 'min_samples_split': 0.2212834552555141, 'min_samples_leaf': 0.15719206737097988, 'min_weight_fraction_leaf': 0.02510863104076981, 'max_features': 0.8159593973423992, 'bootstrap': False, 'max_samples': 0.5725706469428385}. Best is trial 272 with value: 0.9207214438111938.[0m
[32m[I 2022-04-28 03:39:08,017][0m Trial 845 finished with value: 0.9150260932054346 and parameters: {'n_estimators': 470, 'min_samples_split': 0.19581766184571742, 'min_samples_leaf': 0.17260144745718756, 'min_weight_fraction_leaf': 0.0108246559947781, 'max_features': 0.8792639765855, 'bootstrap': False, 'max_samples': 0.9077231775029433}. Best is trial 272 with value: 0.9207214438111938.[0m
[32m[I 2022-04-28 03:39:48,294][0m Trial 846 finished with value: 0.8893155703494674 and parameters: {'n_estimators': 154, 'min_samples_split': 0.20657996352233193, 'min_samples_leaf': 0.1374439186332922, 'min_weight_fraction_leaf': 0.023100421466193177, 'max_features': 0.8484749477337717, 'bootstrap': True, 'max_samples': 0.5270695097316487, 'oob_score': True}. Best is trial 272 with value: 0.9207214438111938.[0m
[32m[I 2022-04-28 03:44:24,917][0m Trial 847 finished with value: 0.9020818401522298 and parameters: {'n_estimators': 161, 'min_samples_split': 0.23592131108968295, 'min_samples_leaf': 0.2421388159845636, 'min_weight_fraction_leaf': 0.007377840898925986, 'max_features': 0.7576125255396343, 'bootstrap': False, 'max_samples': 0.5998730745533897}. Best is trial 272 with value: 0.9207214438111938.[0m
[32m[I 2022-04-28 03:55:16,211][0m Trial 848 finished with value: 0.919765180373625 and parameters: {'n_estimators': 216, 'min_samples_split': 0.21142285601206187, 'min_samples_leaf': 0.14983132457270462, 'min_weight_fraction_leaf': 0.028816034562623275, 'max_features': 0.803360868312719, 'bootstrap': False, 'max_samples': 0.7245057646980312}. Best is trial 272 with value: 0.9207214438111938.[0m
[32m[I 2022-04-28 04:06:15,588][0m Trial 849 finished with value: 0.9111149929489806 and parameters: {'n_estimators': 209, 'min_samples_split': 0.18894029327972947, 'min_samples_leaf': 0.13638491288205568, 'min_weight_fraction_leaf': 0.19759806997737073, 'max_features': 0.8346751741751754, 'bootstrap': False, 'max_samples': 0.5673643913341812}. Best is trial 272 with value: 0.9207214438111938.[0m
[32m[I 2022-04-28 04:15:33,007][0m Trial 850 finished with value: 0.9196765612012845 and parameters: {'n_estimators': 193, 'min_samples_split': 0.2277690732875271, 'min_samples_leaf': 0.16464063882385419, 'min_weight_fraction_leaf': 0.00786572744336889, 'max_features': 0.8575667643249169, 'bootstrap': False, 'max_samples': 0.6364273226505851}. Best is trial 272 with value: 0.9207214438111938.[0m
[32m[I 2022-04-28 04:22:02,503][0m Trial 851 finished with value: 0.9187815493100064 and parameters: {'n_estimators': 111, 'min_samples_split': 0.20535804736642682, 'min_samples_leaf': 0.14726561556960346, 'min_weight_fraction_leaf': 0.0009146571156891372, 'max_features': 0.8924901580441154, 'bootstrap': False, 'max_samples': 0.6687760530616029}. Best is trial 272 with value: 0.9207214438111938.[0m
[32m[I 2022-04-28 04:43:28,789][0m Trial 852 finished with value: 0.9097393010612425 and parameters: {'n_estimators': 581, 'min_samples_split': 0.270513986113787, 'min_samples_leaf': 0.05943733105780567, 'min_weight_fraction_leaf': 0.0173771358172854, 'max_features': 0.28455963880017865, 'bootstrap': False, 'max_samples': 0.5427587620474813}. Best is trial 272 with value: 0.9207214438111938.[0m
[32m[I 2022-04-28 05:26:03,943][0m Trial 853 finished with value: 0.9178777627936746 and parameters: {'n_estimators': 696, 'min_samples_split': 0.19374482144639546, 'min_samples_leaf': 0.11730789603857558, 'min_weight_fraction_leaf': 0.03176628771317201, 'max_features': 0.8249598267153687, 'bootstrap': False, 'max_samples': 0.5855865229506344}. Best is trial 272 with value: 0.9207214438111938.[0m
[32m[I 2022-04-28 05:36:24,366][0m Trial 854 finished with value: 0.9198060160568253 and parameters: {'n_estimators': 170, 'min_samples_split': 0.21668889764685934, 'min_samples_leaf': 0.12821681163233498, 'min_weight_fraction_leaf': 0.018460189669529368, 'max_features': 0.8684604710817532, 'bootstrap': False, 'max_samples': 0.5240739592010994}. Best is trial 272 with value: 0.9207214438111938.[0m
[32m[I 2022-04-28 06:18:48,251][0m Trial 855 finished with value: 0.8898321254631598 and parameters: {'n_estimators': 933, 'min_samples_split': 0.19973323847964072, 'min_samples_leaf': 0.15388382947786985, 'min_weight_fraction_leaf': 0.29944741192500957, 'max_features': 0.8400591997327637, 'bootstrap': False, 'max_samples': 0.4503368231553347}. Best is trial 272 with value: 0.9207214438111938.[0m
[32m[I 2022-04-28 06:24:20,116][0m Trial 856 finished with value: 0.9199804035515508 and parameters: {'n_estimators': 100, 'min_samples_split': 0.2480179815978165, 'min_samples_leaf': 0.1387394458569309, 'min_weight_fraction_leaf': 0.000420534144580105, 'max_features': 0.8014354200630691, 'bootstrap': False, 'max_samples': 0.5602358440436949}. Best is trial 272 with value: 0.9207214438111938.[0m
[32m[I 2022-04-28 06:35:38,500][0m Trial 857 finished with value: 0.9196836435864194 and parameters: {'n_estimators': 187, 'min_samples_split': 0.2374719891989402, 'min_samples_leaf': 0.1271975497777059, 'min_weight_fraction_leaf': 0.029907505846324563, 'max_features': 0.8585302331162598, 'bootstrap': False, 'max_samples': 0.5162935915721837}. Best is trial 272 with value: 0.9207214438111938.[0m
[32m[I 2022-04-28 07:20:29,511][0m Trial 858 finished with value: 0.9200948442134841 and parameters: {'n_estimators': 861, 'min_samples_split': 0.2226298077536054, 'min_samples_leaf': 0.14424108811723438, 'min_weight_fraction_leaf': 0.015485310970275496, 'max_features': 0.8247355904844231, 'bootstrap': False, 'max_samples': 0.6039035144548647}. Best is trial 272 with value: 0.9207214438111938.[0m
[32m[I 2022-04-28 07:33:25,850][0m Trial 859 finished with value: 0.9178673235606872 and parameters: {'n_estimators': 197, 'min_samples_split': 0.20668513255757687, 'min_samples_leaf': 0.11673958592117845, 'min_weight_fraction_leaf': 0.020441171943086416, 'max_features': 0.879137892257957, 'bootstrap': False, 'max_samples': 0.8427160847114086}. Best is trial 272 with value: 0.9207214438111938.[0m
[32m[I 2022-04-28 07:37:23,018][0m Trial 860 finished with value: 0.9171304888308398 and parameters: {'n_estimators': 107, 'min_samples_split': 0.18943161783249884, 'min_samples_leaf': 0.13603679490445952, 'min_weight_fraction_leaf': 0.032200184330167116, 'max_features': 0.4629713622691665, 'bootstrap': False, 'max_samples': 0.46870369700677667}. Best is trial 272 with value: 0.9207214438111938.[0m
[32m[I 2022-04-28 07:46:12,648][0m Trial 861 finished with value: 0.9197854025741261 and parameters: {'n_estimators': 177, 'min_samples_split': 0.21769029114754154, 'min_samples_leaf': 0.16036689748936533, 'min_weight_fraction_leaf': 0.0006494343293290371, 'max_features': 0.8452525885798415, 'bootstrap': False, 'max_samples': 0.6960176884336895}. Best is trial 272 with value: 0.9207214438111938.[0m
[32m[I 2022-04-28 07:52:06,692][0m Trial 862 finished with value: 0.9085170312459059 and parameters: {'n_estimators': 117, 'min_samples_split': 0.4890576396897823, 'min_samples_leaf': 0.14932583147045073, 'min_weight_fraction_leaf': 0.014620045759887814, 'max_features': 0.8177077343028955, 'bootstrap': False, 'max_samples': 0.533458423172385}. Best is trial 272 with value: 0.9207214438111938.[0m
[32m[I 2022-04-28 08:02:55,889][0m Trial 863 finished with value: 0.9087585580441028 and parameters: {'n_estimators': 210, 'min_samples_split': 0.4515374268305408, 'min_samples_leaf': 0.12863932436343636, 'min_weight_fraction_leaf': 0.02609697193058181, 'max_features': 0.7783994293056289, 'bootstrap': False, 'max_samples': 0.5483865719593595}. Best is trial 272 with value: 0.9207214438111938.[0m
