[32m[I 2022-04-27 10:14:30,119][0m Trial 756 finished with value: 0.9113673043316777 and parameters: {'n_estimators': 212, 'min_samples_split': 0.20079539557878692, 'min_samples_leaf': 0.10227318897887053, 'min_weight_fraction_leaf': 0.010058015990284793, 'max_features': 0.9406861455930108, 'bootstrap': False, 'max_samples': 0.24435758839251281}. Best is trial 272 with value: 0.9207214438111938.[0m
[32m[I 2022-04-27 10:26:01,288][0m Trial 757 finished with value: 0.9196673678107427 and parameters: {'n_estimators': 197, 'min_samples_split': 0.27375749766694735, 'min_samples_leaf': 0.12992057168200072, 'min_weight_fraction_leaf': 0.01976789979183506, 'max_features': 0.8547456374509054, 'bootstrap': False, 'max_samples': 0.8569941482029245}. Best is trial 272 with value: 0.9207214438111938.[0m
[32m[I 2022-04-27 10:35:09,275][0m Trial 758 finished with value: 0.919816818054812 and parameters: {'n_estimators': 176, 'min_samples_split': 0.24488757672529515, 'min_samples_leaf': 0.1553339146363809, 'min_weight_fraction_leaf': 0.04450840888532206, 'max_features': 0.8401716822891729, 'bootstrap': False, 'max_samples': 0.6434730125896715}. Best is trial 272 with value: 0.9207214438111938.[0m
[32m[I 2022-04-27 10:45:54,857][0m Trial 759 finished with value: 0.919010182210581 and parameters: {'n_estimators': 183, 'min_samples_split': 0.24228821400649533, 'min_samples_leaf': 0.14201726664553516, 'min_weight_fraction_leaf': 0.06749975150285414, 'max_features': 0.8840273557434463, 'bootstrap': False, 'max_samples': 0.16737041968497215}. Best is trial 272 with value: 0.9207214438111938.[0m
[32m[I 2022-04-27 10:52:58,252][0m Trial 760 finished with value: 0.9181566056395065 and parameters: {'n_estimators': 111, 'min_samples_split': 0.1596436566654493, 'min_samples_leaf': 0.12187847080553188, 'min_weight_fraction_leaf': 0.006939685406594403, 'max_features': 0.8582849820846421, 'bootstrap': False, 'max_samples': 0.025084257477786913}. Best is trial 272 with value: 0.9207214438111938.[0m
[32m[I 2022-04-27 11:03:30,942][0m Trial 761 finished with value: 0.9197306134677383 and parameters: {'n_estimators': 205, 'min_samples_split': 0.22436606306210666, 'min_samples_leaf': 0.1488431858908509, 'min_weight_fraction_leaf': 0.030807468219439083, 'max_features': 0.7986044917053258, 'bootstrap': False, 'max_samples': 0.00016286278794136466}. Best is trial 272 with value: 0.9207214438111938.[0m
[32m[I 2022-04-27 11:13:22,469][0m Trial 762 finished with value: 0.9196462108668051 and parameters: {'n_estimators': 170, 'min_samples_split': 0.1896580527575684, 'min_samples_leaf': 0.13607901842219816, 'min_weight_fraction_leaf': 0.01987453664629791, 'max_features': 0.87947991929002, 'bootstrap': False, 'max_samples': 0.7090729517961001}. Best is trial 272 with value: 0.9207214438111938.[0m
[32m[I 2022-04-27 11:22:19,832][0m Trial 763 finished with value: 0.919968883275528 and parameters: {'n_estimators': 195, 'min_samples_split': 0.2123627092681422, 'min_samples_leaf': 0.1710757970533942, 'min_weight_fraction_leaf': 0.07763600815986636, 'max_features': 0.8235816019378107, 'bootstrap': False, 'max_samples': 0.11027514387509182}. Best is trial 272 with value: 0.9207214438111938.[0m
[32m[I 2022-04-27 11:36:51,482][0m Trial 764 finished with value: 0.9184257577556114 and parameters: {'n_estimators': 216, 'min_samples_split': 0.2160841228955396, 'min_samples_leaf': 0.1121459957759576, 'min_weight_fraction_leaf': 0.052008391075509454, 'max_features': 0.8442641482345533, 'bootstrap': False, 'max_samples': 0.6668504209728172}. Best is trial 272 with value: 0.9207214438111938.[0m
[32m[I 2022-04-27 11:48:23,472][0m Trial 765 finished with value: 0.91949863173536 and parameters: {'n_estimators': 186, 'min_samples_split': 0.16725299923762024, 'min_samples_leaf': 0.1291845431463018, 'min_weight_fraction_leaf': 0.00017812308787613917, 'max_features': 0.8708332265803934, 'bootstrap': False, 'max_samples': 0.1753273242533889}. Best is trial 272 with value: 0.9207214438111938.[0m
[32m[I 2022-04-27 11:53:53,075][0m Trial 766 finished with value: 0.9190692466320204 and parameters: {'n_estimators': 114, 'min_samples_split': 0.23510574689277866, 'min_samples_leaf': 0.15801988539458284, 'min_weight_fraction_leaf': 0.0266515264407681, 'max_features': 0.7769107802361246, 'bootstrap': False, 'max_samples': 0.7414181590981896}. Best is trial 272 with value: 0.9207214438111938.[0m
[32m[I 2022-04-27 11:53:55,983][0m Trial 767 finished with value: 0.25 and parameters: {'n_estimators': 107, 'min_samples_split': 0.20487121221548424, 'min_samples_leaf': 0.13984429118081487, 'min_weight_fraction_leaf': 0.014300828373142253, 'max_features': 0.9076793281106698, 'bootstrap': True, 'max_samples': 0.19459511378926175, 'oob_score': False}. Best is trial 272 with value: 0.9207214438111938.[0m
[32m[I 2022-04-27 12:04:29,393][0m Trial 768 finished with value: 0.9196998972699827 and parameters: {'n_estimators': 205, 'min_samples_split': 0.22100087418439207, 'min_samples_leaf': 0.14701502313291484, 'min_weight_fraction_leaf': 0.03648223522395076, 'max_features': 0.8124705227527426, 'bootstrap': False, 'max_samples': 0.13761543412767974}. Best is trial 272 with value: 0.9207214438111938.[0m
[32m[I 2022-04-27 12:16:20,133][0m Trial 769 finished with value: 0.9186006968743776 and parameters: {'n_estimators': 197, 'min_samples_split': 0.17912295411190313, 'min_samples_leaf': 0.12571961863868347, 'min_weight_fraction_leaf': 0.008713311687329263, 'max_features': 0.8509287207805756, 'bootstrap': False, 'max_samples': 0.0755665956509487}. Best is trial 272 with value: 0.9207214438111938.[0m
[32m[I 2022-04-27 12:25:07,059][0m Trial 770 finished with value: 0.9196598473615086 and parameters: {'n_estimators': 179, 'min_samples_split': 0.2079428392427125, 'min_samples_leaf': 0.1364188890155271, 'min_weight_fraction_leaf': 0.06212780711210813, 'max_features': 0.7005068494395321, 'bootstrap': False, 'max_samples': 0.5474812268777625}. Best is trial 272 with value: 0.9207214438111938.[0m
[32m[I 2022-04-27 12:34:46,459][0m Trial 771 finished with value: 0.9197054612522055 and parameters: {'n_estimators': 188, 'min_samples_split': 0.19230012039175437, 'min_samples_leaf': 0.15141428603917406, 'min_weight_fraction_leaf': 0.00018322428506773272, 'max_features': 0.8304613183526526, 'bootstrap': False, 'max_samples': 0.45178933622808226}. Best is trial 272 with value: 0.9207214438111938.[0m
[32m[I 2022-04-27 12:42:28,894][0m Trial 772 finished with value: 0.9195844075449834 and parameters: {'n_estimators': 162, 'min_samples_split': 0.2566504308902234, 'min_samples_leaf': 0.16554480488745915, 'min_weight_fraction_leaf': 0.0238161037411345, 'max_features': 0.8177857540568801, 'bootstrap': False, 'max_samples': 0.036347837367048455}. Best is trial 272 with value: 0.9207214438111938.[0m
[32m[I 2022-04-27 12:45:28,749][0m Trial 773 finished with value: 0.8895473782720076 and parameters: {'n_estimators': 116, 'min_samples_split': 0.1526684650844574, 'min_samples_leaf': 0.284377187747221, 'min_weight_fraction_leaf': 0.041852005804576924, 'max_features': 0.8654055800953091, 'bootstrap': False, 'max_samples': 0.495600474980707}. Best is trial 272 with value: 0.9207214438111938.[0m
[32m[I 2022-04-27 12:59:04,171][0m Trial 774 finished with value: 0.9183489632849628 and parameters: {'n_estimators': 208, 'min_samples_split': 0.18254712464658476, 'min_samples_leaf': 0.12277657021167947, 'min_weight_fraction_leaf': 0.016670200194488706, 'max_features': 0.9227994094963313, 'bootstrap': False, 'max_samples': 0.15254974016465683}. Best is trial 272 with value: 0.9207214438111938.[0m
[32m[I 2022-04-27 13:04:29,931][0m Trial 775 finished with value: 0.9194497870746801 and parameters: {'n_estimators': 103, 'min_samples_split': 0.2403371769957591, 'min_samples_leaf': 0.14263012860480745, 'min_weight_fraction_leaf': 0.027783821273299748, 'max_features': 0.794433371327055, 'bootstrap': False, 'max_samples': 0.5309155057796612}. Best is trial 272 with value: 0.9207214438111938.[0m
[32m[I 2022-04-27 13:17:43,878][0m Trial 776 finished with value: 0.9178672599143989 and parameters: {'n_estimators': 196, 'min_samples_split': 0.2242131432762257, 'min_samples_leaf': 0.1159900792639943, 'min_weight_fraction_leaf': 0.05183747026352235, 'max_features': 0.8892241560677507, 'bootstrap': False, 'max_samples': 0.5162426245644945}. Best is trial 272 with value: 0.9207214438111938.[0m
[32m[I 2022-04-27 13:28:10,600][0m Trial 777 finished with value: 0.9194745895055236 and parameters: {'n_estimators': 176, 'min_samples_split': 0.19682912592887675, 'min_samples_leaf': 0.13219478045264693, 'min_weight_fraction_leaf': 0.00930404477670477, 'max_features': 0.8507735259744534, 'bootstrap': False, 'max_samples': 0.05560761685320073}. Best is trial 272 with value: 0.9207214438111938.[0m
[32m[I 2022-04-27 13:34:16,999][0m Trial 778 finished with value: 0.9193048065527373 and parameters: {'n_estimators': 120, 'min_samples_split': 0.2103479326393828, 'min_samples_leaf': 0.15597232187989196, 'min_weight_fraction_leaf': 0.034750114659296345, 'max_features': 0.8363228072739558, 'bootstrap': False, 'max_samples': 0.7656066560393993}. Best is trial 272 with value: 0.9207214438111938.[0m
[32m[I 2022-04-27 13:44:10,734][0m Trial 779 finished with value: 0.9199071810838149 and parameters: {'n_estimators': 189, 'min_samples_split': 0.23047385524144665, 'min_samples_leaf': 0.1435065285240924, 'min_weight_fraction_leaf': 0.024132708223556773, 'max_features': 0.8044233837581299, 'bootstrap': False, 'max_samples': 0.5137838380035409}. Best is trial 272 with value: 0.9207214438111938.[0m
[32m[I 2022-04-27 13:50:48,797][0m Trial 780 finished with value: 0.9162547151685061 and parameters: {'n_estimators': 205, 'min_samples_split': 0.16967209729672722, 'min_samples_leaf': 0.13273730877467216, 'min_weight_fraction_leaf': 0.015356693026756733, 'max_features': 0.40117405702500225, 'bootstrap': False, 'max_samples': 0.257085144276466}. Best is trial 272 with value: 0.9207214438111938.[0m
[32m[I 2022-04-27 13:59:48,963][0m Trial 781 finished with value: 0.919574672079125 and parameters: {'n_estimators': 167, 'min_samples_split': 0.21928710200627674, 'min_samples_leaf': 0.15028252995394925, 'min_weight_fraction_leaf': 0.0438975619000002, 'max_features': 0.8685297538138235, 'bootstrap': False, 'max_samples': 0.610988352361805}. Best is trial 272 with value: 0.9207214438111938.[0m
[32m[I 2022-04-27 14:15:56,660][0m Trial 782 finished with value: 0.9169681172145806 and parameters: {'n_estimators': 213, 'min_samples_split': 0.18698131486085073, 'min_samples_leaf': 0.10490242556909501, 'min_weight_fraction_leaf': 0.015347065387323056, 'max_features': 0.8949536949377273, 'bootstrap': False, 'max_samples': 0.4094028602317108}. Best is trial 272 with value: 0.9207214438111938.[0m
[32m[I 2022-04-27 14:18:09,659][0m Trial 783 finished with value: 0.8740748142679399 and parameters: {'n_estimators': 157, 'min_samples_split': 0.20576118505362928, 'min_samples_leaf': 0.35363322715295664, 'min_weight_fraction_leaf': 0.061118491423700655, 'max_features': 0.8305065197496978, 'bootstrap': False, 'max_samples': 0.1124559763065177}. Best is trial 272 with value: 0.9207214438111938.[0m
[32m[I 2022-04-27 14:30:20,571][0m Trial 784 finished with value: 0.9180300951862286 and parameters: {'n_estimators': 195, 'min_samples_split': 0.19417672039484296, 'min_samples_leaf': 0.12079224106046485, 'min_weight_fraction_leaf': 0.008036510918808294, 'max_features': 0.8580385878496636, 'bootstrap': False, 'max_samples': 0.22129641587262305}. Best is trial 272 with value: 0.9207214438111938.[0m
[32m[I 2022-04-27 14:31:41,706][0m Trial 785 finished with value: 0.8690017120386573 and parameters: {'n_estimators': 123, 'min_samples_split': 0.17817434641786814, 'min_samples_leaf': 0.3882644190000127, 'min_weight_fraction_leaf': 0.022269518551865645, 'max_features': 0.8727562395335978, 'bootstrap': False, 'max_samples': 0.18200943472451597}. Best is trial 272 with value: 0.9207214438111938.[0m
[32m[I 2022-04-27 14:38:20,772][0m Trial 786 finished with value: 0.9204700653461529 and parameters: {'n_estimators': 114, 'min_samples_split': 0.21337241404863075, 'min_samples_leaf': 0.13744993991406443, 'min_weight_fraction_leaf': 0.03350958357591664, 'max_features': 0.8406784279587648, 'bootstrap': False, 'max_samples': 0.5637056917435794}. Best is trial 272 with value: 0.9207214438111938.[0m
[32m[I 2022-04-27 14:44:50,339][0m Trial 787 finished with value: 0.9195632979625323 and parameters: {'n_estimators': 106, 'min_samples_split': 0.20677593522386817, 'min_samples_leaf': 0.1285106880235743, 'min_weight_fraction_leaf': 0.03408777114726489, 'max_features': 0.8321084699353041, 'bootstrap': False, 'max_samples': 0.5889524884803208}. Best is trial 272 with value: 0.9207214438111938.[0m
[32m[I 2022-04-27 14:51:31,918][0m Trial 788 finished with value: 0.9176277026010371 and parameters: {'n_estimators': 108, 'min_samples_split': 0.21538477544539894, 'min_samples_leaf': 0.11624538134695635, 'min_weight_fraction_leaf': 0.03037571491310264, 'max_features': 0.7678982270619263, 'bootstrap': False, 'max_samples': 0.6965615662121721}. Best is trial 272 with value: 0.9207214438111938.[0m
[32m[I 2022-04-27 14:52:25,785][0m Trial 789 finished with value: 0.8892024983768838 and parameters: {'n_estimators': 113, 'min_samples_split': 0.14284877138504706, 'min_samples_leaf': 0.13708861590068772, 'min_weight_fraction_leaf': 0.027637265510969795, 'max_features': 0.8060585052032075, 'bootstrap': True, 'max_samples': 0.6772947253013859, 'oob_score': True}. Best is trial 272 with value: 0.9207214438111938.[0m
[32m[I 2022-04-27 15:00:20,605][0m Trial 790 finished with value: 0.9135625716871687 and parameters: {'n_estimators': 116, 'min_samples_split': 0.19927350845212372, 'min_samples_leaf': 0.09634452759735093, 'min_weight_fraction_leaf': 0.036616977021296626, 'max_features': 0.7382429317976222, 'bootstrap': False, 'max_samples': 0.6305479874660613}. Best is trial 272 with value: 0.9207214438111938.[0m
[32m[I 2022-04-27 15:06:12,854][0m Trial 791 finished with value: 0.9193581889972385 and parameters: {'n_estimators': 116, 'min_samples_split': 0.202488018769379, 'min_samples_leaf': 0.16097061978778446, 'min_weight_fraction_leaf': 0.021172332694814597, 'max_features': 0.8190521046079818, 'bootstrap': False, 'max_samples': 0.5632878244379196}. Best is trial 272 with value: 0.9207214438111938.[0m
[32m[I 2022-04-27 15:12:32,238][0m Trial 792 finished with value: 0.9196476071413813 and parameters: {'n_estimators': 107, 'min_samples_split': 0.10390268972601088, 'min_samples_leaf': 0.13325142367475373, 'min_weight_fraction_leaf': 0.02679999948578471, 'max_features': 0.8492597492509094, 'bootstrap': False, 'max_samples': 0.5365832004080332}. Best is trial 272 with value: 0.9207214438111938.[0m
[32m[I 2022-04-27 15:15:54,321][0m Trial 793 finished with value: 0.9029005026279853 and parameters: {'n_estimators': 101, 'min_samples_split': 0.16700903376322052, 'min_samples_leaf': 0.23288220530453702, 'min_weight_fraction_leaf': 0.03569358848076077, 'max_features': 0.8306434699501348, 'bootstrap': False, 'max_samples': 0.5576887684652113}. Best is trial 272 with value: 0.9207214438111938.[0m
[32m[I 2022-04-27 15:22:20,338][0m Trial 794 finished with value: 0.9198716256234316 and parameters: {'n_estimators': 114, 'min_samples_split': 0.32207191658407286, 'min_samples_leaf': 0.14602371214223844, 'min_weight_fraction_leaf': 0.044087170765104794, 'max_features': 0.88308524003562, 'bootstrap': False, 'max_samples': 0.8170698519112243}. Best is trial 272 with value: 0.9207214438111938.[0m
[32m[I 2022-04-27 15:48:04,771][0m Trial 795 finished with value: 0.9187629257162578 and parameters: {'n_estimators': 447, 'min_samples_split': 0.28287244979873016, 'min_samples_leaf': 0.12454841827235735, 'min_weight_fraction_leaf': 0.01984885526133308, 'max_features': 0.792667135713891, 'bootstrap': False, 'max_samples': 0.48653036989661386}. Best is trial 272 with value: 0.9207214438111938.[0m
[32m[I 2022-04-27 15:54:25,232][0m Trial 796 finished with value: 0.9200888403090737 and parameters: {'n_estimators': 111, 'min_samples_split': 0.21417567180053854, 'min_samples_leaf': 0.13925113536657083, 'min_weight_fraction_leaf': 0.01664575827018954, 'max_features': 0.8563905401644422, 'bootstrap': False, 'max_samples': 0.5719868211274878}. Best is trial 272 with value: 0.9207214438111938.[0m
[32m[I 2022-04-27 16:02:56,032][0m Trial 797 finished with value: 0.9182146549506598 and parameters: {'n_estimators': 122, 'min_samples_split': 0.18284186009027456, 'min_samples_leaf': 0.1106142761561788, 'min_weight_fraction_leaf': 0.0088296818567267, 'max_features': 0.8170519553019332, 'bootstrap': False, 'max_samples': 0.5024722059924687}. Best is trial 272 with value: 0.9207214438111938.[0m
[32m[I 2022-04-27 16:09:06,832][0m Trial 798 finished with value: 0.9106566222186017 and parameters: {'n_estimators': 118, 'min_samples_split': 0.4065375917484405, 'min_samples_leaf': 0.15369140710389353, 'min_weight_fraction_leaf': 0.02846626813249617, 'max_features': 0.8389294802913287, 'bootstrap': False, 'max_samples': 0.5454338681326393}. Best is trial 272 with value: 0.9207214438111938.[0m
[32m[I 2022-04-27 16:19:54,543][0m Trial 799 finished with value: 0.9195179282135809 and parameters: {'n_estimators': 180, 'min_samples_split': 0.2056518540751367, 'min_samples_leaf': 0.12992280753515384, 'min_weight_fraction_leaf': 0.04138426326710233, 'max_features': 0.8759997408391612, 'bootstrap': False, 'max_samples': 0.5952052356212647}. Best is trial 272 with value: 0.9207214438111938.[0m
[32m[I 2022-04-27 16:30:02,920][0m Trial 800 finished with value: 0.9201181430130105 and parameters: {'n_estimators': 186, 'min_samples_split': 0.29753902786674, 'min_samples_leaf': 0.14579537549318058, 'min_weight_fraction_leaf': 0.0002716614101406759, 'max_features': 0.8517683872607835, 'bootstrap': False, 'max_samples': 0.08801384130762656}. Best is trial 272 with value: 0.9207214438111938.[0m
[32m[I 2022-04-27 16:35:51,794][0m Trial 801 finished with value: 0.9184809793556195 and parameters: {'n_estimators': 112, 'min_samples_split': 0.19158050797183246, 'min_samples_leaf': 0.16613093688628958, 'min_weight_fraction_leaf': 0.019034450388013057, 'max_features': 0.8899873157474635, 'bootstrap': False, 'max_samples': 0.213361533364136}. Best is trial 272 with value: 0.9207214438111938.[0m
[32m[I 2022-04-27 16:47:04,292][0m Trial 802 finished with value: 0.9200046959792383 and parameters: {'n_estimators': 201, 'min_samples_split': 0.17544421670034968, 'min_samples_leaf': 0.13756865904203772, 'min_weight_fraction_leaf': 0.030392235530038024, 'max_features': 0.8221799981828094, 'bootstrap': False, 'max_samples': 0.6527890186738428}. Best is trial 272 with value: 0.9207214438111938.[0m
[32m[I 2022-04-27 16:55:10,691][0m Trial 803 finished with value: 0.9178542913324259 and parameters: {'n_estimators': 121, 'min_samples_split': 0.21681459230852035, 'min_samples_leaf': 0.11877529027502005, 'min_weight_fraction_leaf': 0.01132022845037776, 'max_features': 0.8652064139102086, 'bootstrap': False, 'max_samples': 0.7872372045977019}. Best is trial 272 with value: 0.9207214438111938.[0m
[32m[I 2022-04-27 16:55:39,552][0m Trial 804 finished with value: 0.5997283220783604 and parameters: {'n_estimators': 220, 'min_samples_split': 0.1592063793018228, 'min_samples_leaf': 0.15283988701876566, 'min_weight_fraction_leaf': 0.04411182031087288, 'max_features': 0.03538787763383383, 'bootstrap': False, 'max_samples': 0.47167620592409876}. Best is trial 272 with value: 0.9207214438111938.[0m
[32m[I 2022-04-27 17:07:04,457][0m Trial 805 finished with value: 0.9197362341636305 and parameters: {'n_estimators': 192, 'min_samples_split': 0.1981352245928728, 'min_samples_leaf': 0.13009650543718143, 'min_weight_fraction_leaf': 0.023046494357776136, 'max_features': 0.8438670479748407, 'bootstrap': False, 'max_samples': 0.8800314729403428}. Best is trial 272 with value: 0.9207214438111938.[0m
[32m[I 2022-04-27 17:07:40,315][0m Trial 806 finished with value: 0.8791656707255365 and parameters: {'n_estimators': 171, 'min_samples_split': 0.22834794250761395, 'min_samples_leaf': 0.14167057352750512, 'min_weight_fraction_leaf': 0.00815600490081995, 'max_features': 0.7990503628354373, 'bootstrap': True, 'max_samples': 0.4912487602135328, 'oob_score': True}. Best is trial 272 with value: 0.9207214438111938.[0m
[32m[I 2022-04-27 17:13:13,483][0m Trial 807 finished with value: 0.9143177447708879 and parameters: {'n_estimators': 109, 'min_samples_split': 0.26069285611878656, 'min_samples_leaf': 0.17289008330404912, 'min_weight_fraction_leaf': 0.03557226891815066, 'max_features': 0.9096573927786922, 'bootstrap': False, 'max_samples': 0.5214874091475938}. Best is trial 272 with value: 0.9207214438111938.[0m
[32m[I 2022-04-27 17:26:02,169][0m Trial 808 finished with value: 0.9177128588179789 and parameters: {'n_estimators': 214, 'min_samples_split': 0.18761000273666548, 'min_samples_leaf': 0.1246548199620121, 'min_weight_fraction_leaf': 0.018240695771819086, 'max_features': 0.8333235551522696, 'bootstrap': False, 'max_samples': 0.48214157850798006}. Best is trial 272 with value: 0.9207214438111938.[0m
[32m[I 2022-04-27 17:27:07,833][0m Trial 809 finished with value: 0.8671283893044247 and parameters: {'n_estimators': 123, 'min_samples_split': 0.24282568491823261, 'min_samples_leaf': 0.41029273741285266, 'min_weight_fraction_leaf': 0.025865997493895947, 'max_features': 0.8616520223177614, 'bootstrap': False, 'max_samples': 0.23684690634638786}. Best is trial 272 with value: 0.9207214438111938.[0m
