No protocol specified
[32m[I 2022-04-21 11:36:09,121][0m A new study created in memory with name: no-name-749b0b45-2ff8-488a-8f4c-27ca005cb70a[0m
[32m[I 2022-04-21 11:36:13,485][0m Trial 0 finished with value: 0.25 and parameters: {'n_estimators': 113, 'min_samples_split': 0.06610765165498186, 'min_samples_leaf': 0.2324276834197008, 'min_weight_fraction_leaf': 0.46251347905962914, 'max_features': 0.09377721649991388, 'bootstrap': True, 'max_samples': 0.043414152634204894, 'oob_score': False}. Best is trial 0 with value: 0.25.[0m
[32m[I 2022-04-21 11:54:51,955][0m Trial 1 finished with value: 0.864997320305388 and parameters: {'n_estimators': 308, 'min_samples_split': 0.061331919161635835, 'min_samples_leaf': 0.1510807933146018, 'min_weight_fraction_leaf': 0.4459368157734036, 'max_features': 0.5739558332062099, 'bootstrap': False, 'max_samples': 0.44037832624143336}. Best is trial 1 with value: 0.864997320305388.[0m
[32m[I 2022-04-21 11:57:44,114][0m Trial 2 finished with value: 0.25 and parameters: {'n_estimators': 819, 'min_samples_split': 0.07170601930681336, 'min_samples_leaf': 0.18444354531858514, 'min_weight_fraction_leaf': 0.32609774392504676, 'max_features': 0.763091357555377, 'bootstrap': True, 'max_samples': 0.166833516500409, 'oob_score': True}. Best is trial 1 with value: 0.864997320305388.[0m
[32m[I 2022-04-21 11:57:49,872][0m Trial 3 finished with value: 0.25 and parameters: {'n_estimators': 107, 'min_samples_split': 0.09296452430651696, 'min_samples_leaf': 0.11491130420128479, 'min_weight_fraction_leaf': 0.3053830155646408, 'max_features': 0.05158133488807726, 'bootstrap': True, 'max_samples': 0.14999069522624842, 'oob_score': False}. Best is trial 1 with value: 0.864997320305388.[0m
[32m[I 2022-04-21 11:58:02,225][0m Trial 4 finished with value: 0.25 and parameters: {'n_estimators': 350, 'min_samples_split': 0.36266163274977337, 'min_samples_leaf': 0.48675730656005745, 'min_weight_fraction_leaf': 0.4281913989846159, 'max_features': 0.6084954159529233, 'bootstrap': True, 'max_samples': 0.6385267268056228, 'oob_score': False}. Best is trial 1 with value: 0.864997320305388.[0m
[32m[I 2022-04-21 12:15:00,043][0m Trial 5 finished with value: 0.7922679259789761 and parameters: {'n_estimators': 810, 'min_samples_split': 0.31122704724320494, 'min_samples_leaf': 0.1603193805776272, 'min_weight_fraction_leaf': 0.20227335233264548, 'max_features': 0.9949716235609946, 'bootstrap': True, 'max_samples': 0.7333987139650113, 'oob_score': False}. Best is trial 1 with value: 0.864997320305388.[0m
[32m[I 2022-04-21 12:15:30,703][0m Trial 6 finished with value: 0.25 and parameters: {'n_estimators': 992, 'min_samples_split': 0.4496479975071664, 'min_samples_leaf': 0.3383549457359452, 'min_weight_fraction_leaf': 0.02633359701989496, 'max_features': 0.6125435057069025, 'bootstrap': True, 'max_samples': 0.0057482622663220795, 'oob_score': False}. Best is trial 1 with value: 0.864997320305388.[0m
[32m[I 2022-04-21 12:24:47,704][0m Trial 7 finished with value: 0.8908966722622325 and parameters: {'n_estimators': 222, 'min_samples_split': 0.1320334489369041, 'min_samples_leaf': 0.31503362027079557, 'min_weight_fraction_leaf': 0.006377461334160617, 'max_features': 0.7353718086635348, 'bootstrap': False, 'max_samples': 0.1476681883046167}. Best is trial 7 with value: 0.8908966722622325.[0m
[32m[I 2022-04-21 13:33:47,739][0m Trial 8 finished with value: 0.9046126071086228 and parameters: {'n_estimators': 732, 'min_samples_split': 0.22764977109256931, 'min_samples_leaf': 0.18185826740685188, 'min_weight_fraction_leaf': 0.2192825982572515, 'max_features': 0.6980982171570088, 'bootstrap': False, 'max_samples': 0.4448652286009499}. Best is trial 8 with value: 0.9046126071086228.[0m
[32m[I 2022-04-21 13:41:56,093][0m Trial 9 finished with value: 0.5657274537610895 and parameters: {'n_estimators': 399, 'min_samples_split': 0.09787991341894137, 'min_samples_leaf': 0.09815528264101224, 'min_weight_fraction_leaf': 0.47183078063123407, 'max_features': 0.1567655572126646, 'bootstrap': False, 'max_samples': 0.886911422108337}. Best is trial 8 with value: 0.9046126071086228.[0m
[32m[I 2022-04-21 14:40:19,310][0m Trial 10 finished with value: 0.9118099504612021 and parameters: {'n_estimators': 551, 'min_samples_split': 0.21217646638425636, 'min_samples_leaf': 0.01083871358567845, 'min_weight_fraction_leaf': 0.1693238921298204, 'max_features': 0.3110200180392644, 'bootstrap': False, 'max_samples': 0.41097158755397506}. Best is trial 10 with value: 0.9118099504612021.[0m
[32m[I 2022-04-21 15:35:08,438][0m Trial 11 finished with value: 0.9121234171204431 and parameters: {'n_estimators': 552, 'min_samples_split': 0.21602920909663953, 'min_samples_leaf': 0.012189263377057015, 'min_weight_fraction_leaf': 0.16191828183284857, 'max_features': 0.2938912746051398, 'bootstrap': False, 'max_samples': 0.4117896881618673}. Best is trial 11 with value: 0.9121234171204431.[0m
[32m[I 2022-04-21 16:41:18,029][0m Trial 12 finished with value: 0.911339035421522 and parameters: {'n_estimators': 538, 'min_samples_split': 0.20362778488476216, 'min_samples_leaf': 0.004235051708431092, 'min_weight_fraction_leaf': 0.137449766365178, 'max_features': 0.31952368686267707, 'bootstrap': False, 'max_samples': 0.33785966103364595}. Best is trial 11 with value: 0.9121234171204431.[0m
[32m[I 2022-04-21 17:41:38,565][0m Trial 13 finished with value: 0.9134353205193655 and parameters: {'n_estimators': 507, 'min_samples_split': 0.29447406671554793, 'min_samples_leaf': 0.0129447857976881, 'min_weight_fraction_leaf': 0.11842474414688342, 'max_features': 0.3502836233708325, 'bootstrap': False, 'max_samples': 0.6204984229638785}. Best is trial 13 with value: 0.9134353205193655.[0m
[32m[I 2022-04-21 18:34:05,890][0m Trial 14 finished with value: 0.9138804478837101 and parameters: {'n_estimators': 518, 'min_samples_split': 0.31336812409011033, 'min_samples_leaf': 0.05974585503074393, 'min_weight_fraction_leaf': 0.09216134436602624, 'max_features': 0.3884419444414832, 'bootstrap': False, 'max_samples': 0.6114822380107909}. Best is trial 14 with value: 0.9138804478837101.[0m
[32m[I 2022-04-21 18:58:32,303][0m Trial 15 finished with value: 0.914259024658375 and parameters: {'n_estimators': 228, 'min_samples_split': 0.33081820630266134, 'min_samples_leaf': 0.07985261084920472, 'min_weight_fraction_leaf': 0.07736630290952329, 'max_features': 0.4381808577977395, 'bootstrap': False, 'max_samples': 0.6116086856826457}. Best is trial 15 with value: 0.914259024658375.[0m
[32m[I 2022-04-21 19:17:06,449][0m Trial 16 finished with value: 0.9080603585947944 and parameters: {'n_estimators': 196, 'min_samples_split': 0.41754260450422953, 'min_samples_leaf': 0.09720286943599513, 'min_weight_fraction_leaf': 0.0762119843819776, 'max_features': 0.44024563179636395, 'bootstrap': False, 'max_samples': 0.8271267090477167}. Best is trial 15 with value: 0.914259024658375.[0m
[32m[I 2022-04-21 19:44:42,185][0m Trial 17 finished with value: 0.907816143655954 and parameters: {'n_estimators': 231, 'min_samples_split': 0.4979941278689624, 'min_samples_leaf': 0.06548539400575329, 'min_weight_fraction_leaf': 0.063328911511821, 'max_features': 0.4677840119862793, 'bootstrap': False, 'max_samples': 0.9964149947285172}. Best is trial 15 with value: 0.914259024658375.[0m
[32m[I 2022-04-21 19:48:05,959][0m Trial 18 finished with value: 0.8921696795526326 and parameters: {'n_estimators': 160, 'min_samples_split': 0.3555821048520783, 'min_samples_leaf': 0.2593220177058287, 'min_weight_fraction_leaf': 0.27596755521993777, 'max_features': 0.24700037174663117, 'bootstrap': False, 'max_samples': 0.5732245117539936}. Best is trial 15 with value: 0.914259024658375.[0m
[32m[I 2022-04-21 19:52:23,541][0m Trial 19 finished with value: 0.8698173359076866 and parameters: {'n_estimators': 153, 'min_samples_split': 0.2815216114688984, 'min_samples_leaf': 0.3791703315245397, 'min_weight_fraction_leaf': 0.08036811736158375, 'max_features': 0.8743265798352154, 'bootstrap': False, 'max_samples': 0.7171829542851668}. Best is trial 15 with value: 0.914259024658375.[0m
[32m[I 2022-04-21 20:08:54,395][0m Trial 20 finished with value: 0.881785872689601 and parameters: {'n_estimators': 296, 'min_samples_split': 0.0021124082867303717, 'min_samples_leaf': 0.059734461802570034, 'min_weight_fraction_leaf': 0.35270098532983996, 'max_features': 0.4044451999565712, 'bootstrap': False, 'max_samples': 0.2888524573400769}. Best is trial 15 with value: 0.914259024658375.[0m
[32m[I 2022-04-21 20:55:36,506][0m Trial 21 finished with value: 0.9159254223151547 and parameters: {'n_estimators': 457, 'min_samples_split': 0.3203728121382826, 'min_samples_leaf': 0.06083567155701185, 'min_weight_fraction_leaf': 0.10968584956338714, 'max_features': 0.3826167888733642, 'bootstrap': False, 'max_samples': 0.572776190335786}. Best is trial 21 with value: 0.9159254223151547.[0m
[32m[I 2022-04-21 21:48:35,739][0m Trial 22 finished with value: 0.909002430248113 and parameters: {'n_estimators': 411, 'min_samples_split': 0.3572832308842003, 'min_samples_leaf': 0.06622730383537352, 'min_weight_fraction_leaf': 0.10840498248850569, 'max_features': 0.5524723426340576, 'bootstrap': False, 'max_samples': 0.5410493177256144}. Best is trial 21 with value: 0.9159254223151547.[0m
[32m[I 2022-04-21 22:00:35,363][0m Trial 23 finished with value: 0.904268035678433 and parameters: {'n_estimators': 258, 'min_samples_split': 0.3999428805253205, 'min_samples_leaf': 0.12305485908372729, 'min_weight_fraction_leaf': 0.023229601252374797, 'max_features': 0.23867018551811608, 'bootstrap': False, 'max_samples': 0.7146140561151673}. Best is trial 21 with value: 0.9159254223151547.[0m
[32m[I 2022-04-21 22:51:11,702][0m Trial 24 finished with value: 0.9052400733040891 and parameters: {'n_estimators': 441, 'min_samples_split': 0.2605039335592084, 'min_samples_leaf': 0.03948253290730284, 'min_weight_fraction_leaf': 0.20587406491031263, 'max_features': 0.5044929964264366, 'bootstrap': False, 'max_samples': 0.5093646075022757}. Best is trial 21 with value: 0.9159254223151547.[0m
[32m[I 2022-04-21 23:03:53,684][0m Trial 25 finished with value: 0.9050352404113375 and parameters: {'n_estimators': 343, 'min_samples_split': 0.32578039348373616, 'min_samples_leaf': 0.2307906677392012, 'min_weight_fraction_leaf': 0.05426780949756445, 'max_features': 0.38119857075635627, 'bootstrap': False, 'max_samples': 0.6440234303371635}. Best is trial 21 with value: 0.9159254223151547.[0m
[32m[I 2022-04-21 23:28:28,787][0m Trial 26 finished with value: 0.9040452416263365 and parameters: {'n_estimators': 628, 'min_samples_split': 0.4207771000190773, 'min_samples_leaf': 0.13673606666297483, 'min_weight_fraction_leaf': 0.10221795176879286, 'max_features': 0.22122439950587727, 'bootstrap': False, 'max_samples': 0.8294185778829234}. Best is trial 21 with value: 0.9159254223151547.[0m
[32m[I 2022-04-22 00:17:03,876][0m Trial 27 finished with value: 0.9168466951385998 and parameters: {'n_estimators': 448, 'min_samples_split': 0.1628356684418612, 'min_samples_leaf': 0.08110295741115674, 'min_weight_fraction_leaf': 0.14625398905511391, 'max_features': 0.484231663077778, 'bootstrap': False, 'max_samples': 0.3190157237112332}. Best is trial 27 with value: 0.9168466951385998.[0m
[32m[I 2022-04-22 00:27:51,331][0m Trial 28 finished with value: 0.9076949143675295 and parameters: {'n_estimators': 175, 'min_samples_split': 0.15707089747686157, 'min_samples_leaf': 0.2019558892697692, 'min_weight_fraction_leaf': 0.15510190135921148, 'max_features': 0.5101454987488729, 'bootstrap': False, 'max_samples': 0.2815954235422316}. Best is trial 27 with value: 0.9168466951385998.[0m
[32m[I 2022-04-22 00:28:36,037][0m Trial 29 finished with value: 0.25 and parameters: {'n_estimators': 259, 'min_samples_split': 0.17101776388417766, 'min_samples_leaf': 0.2542767970467099, 'min_weight_fraction_leaf': 0.23952216838143464, 'max_features': 0.6672005046285978, 'bootstrap': True, 'max_samples': 0.3323402532574765, 'oob_score': True}. Best is trial 27 with value: 0.9168466951385998.[0m
[32m[I 2022-04-22 00:35:08,570][0m Trial 30 finished with value: 0.9025314844897621 and parameters: {'n_estimators': 144, 'min_samples_split': 0.26278805064294203, 'min_samples_leaf': 0.08385398674286004, 'min_weight_fraction_leaf': 0.18867263434191617, 'max_features': 0.18988352445752626, 'bootstrap': False, 'max_samples': 0.23477646131479363}. Best is trial 27 with value: 0.9168466951385998.[0m
[32m[I 2022-04-22 01:26:48,452][0m Trial 31 finished with value: 0.9164759519195631 and parameters: {'n_estimators': 448, 'min_samples_split': 0.33444872357092215, 'min_samples_leaf': 0.04748774990359183, 'min_weight_fraction_leaf': 0.12924962046930433, 'max_features': 0.458759984928801, 'bootstrap': False, 'max_samples': 0.5620285152357657}. Best is trial 27 with value: 0.9168466951385998.[0m
[32m[I 2022-04-22 02:16:33,430][0m Trial 32 finished with value: 0.9075707948048723 and parameters: {'n_estimators': 441, 'min_samples_split': 0.397572059595709, 'min_samples_leaf': 0.049562210180904044, 'min_weight_fraction_leaf': 0.13042373589608053, 'max_features': 0.45151388772084855, 'bootstrap': False, 'max_samples': 0.5269799147645751}. Best is trial 27 with value: 0.9168466951385998.[0m
[32m[I 2022-04-22 02:48:47,260][0m Trial 33 finished with value: 0.9173755035100444 and parameters: {'n_estimators': 367, 'min_samples_split': 0.34183061304308504, 'min_samples_leaf': 0.15060882624231106, 'min_weight_fraction_leaf': 0.0439934769735489, 'max_features': 0.5550624847464378, 'bootstrap': False, 'max_samples': 0.4722358600691957}. Best is trial 33 with value: 0.9173755035100444.[0m
[32m[I 2022-04-22 03:23:31,481][0m Trial 34 finished with value: 0.9175584316110399 and parameters: {'n_estimators': 370, 'min_samples_split': 0.248323937078325, 'min_samples_leaf': 0.1477138042309832, 'min_weight_fraction_leaf': 0.054921472015800325, 'max_features': 0.5651977700250033, 'bootstrap': False, 'max_samples': 0.45654307273144557}. Best is trial 34 with value: 0.9175584316110399.[0m
[32m[I 2022-04-22 03:24:40,836][0m Trial 35 finished with value: 0.8646639898434965 and parameters: {'n_estimators': 307, 'min_samples_split': 0.2438937930702174, 'min_samples_leaf': 0.16325894370342534, 'min_weight_fraction_leaf': 0.04570066085268332, 'max_features': 0.5492622052967909, 'bootstrap': True, 'max_samples': 0.431195868763135, 'oob_score': True}. Best is trial 34 with value: 0.9175584316110399.[0m
[32m[I 2022-04-22 03:53:43,496][0m Trial 36 finished with value: 0.9031673632651328 and parameters: {'n_estimators': 356, 'min_samples_split': 0.17783757293915503, 'min_samples_leaf': 0.21478943422755287, 'min_weight_fraction_leaf': 0.0013456065610528561, 'max_features': 0.7949146671198276, 'bootstrap': False, 'max_samples': 0.473324783665847}. Best is trial 34 with value: 0.9175584316110399.[0m
[32m[I 2022-04-22 03:56:58,583][0m Trial 37 finished with value: 0.8774454251432836 and parameters: {'n_estimators': 637, 'min_samples_split': 0.27977885353598786, 'min_samples_leaf': 0.12363623291053139, 'min_weight_fraction_leaf': 0.04195255014092747, 'max_features': 0.6233195016585841, 'bootstrap': True, 'max_samples': 0.36420497737554236, 'oob_score': True}. Best is trial 34 with value: 0.9175584316110399.[0m
[32m[I 2022-04-22 04:26:42,349][0m Trial 38 finished with value: 0.9175637688608826 and parameters: {'n_estimators': 340, 'min_samples_split': 0.139964821538553, 'min_samples_leaf': 0.15412119110717754, 'min_weight_fraction_leaf': 0.13491693406266192, 'max_features': 0.563117100748253, 'bootstrap': False, 'max_samples': 0.12554892315899108}. Best is trial 38 with value: 0.9175637688608826.[0m
[32m[I 2022-04-22 04:27:58,321][0m Trial 39 finished with value: 0.25 and parameters: {'n_estimators': 373, 'min_samples_split': 0.03521949832587701, 'min_samples_leaf': 0.2835843664202605, 'min_weight_fraction_leaf': 0.27367224699778925, 'max_features': 0.8129574307276556, 'bootstrap': True, 'max_samples': 0.09846851781784383, 'oob_score': True}. Best is trial 38 with value: 0.9175637688608826.[0m
[32m[I 2022-04-22 04:52:48,080][0m Trial 40 finished with value: 0.9083462615605231 and parameters: {'n_estimators': 312, 'min_samples_split': 0.12839726293870096, 'min_samples_leaf': 0.16708422175428433, 'min_weight_fraction_leaf': 0.18156052018196825, 'max_features': 0.5991884647738219, 'bootstrap': False, 'max_samples': 0.1855538338093112}. Best is trial 38 with value: 0.9175637688608826.[0m
[32m[I 2022-04-22 05:23:13,459][0m Trial 41 finished with value: 0.9190830639030949 and parameters: {'n_estimators': 278, 'min_samples_split': 0.11848908269553338, 'min_samples_leaf': 0.14153930883067062, 'min_weight_fraction_leaf': 0.13970037480245656, 'max_features': 0.6514855452179773, 'bootstrap': False, 'max_samples': 0.03445617562293747}. Best is trial 41 with value: 0.9190830639030949.[0m
[32m[I 2022-04-22 05:42:27,174][0m Trial 42 finished with value: 0.9085245919142727 and parameters: {'n_estimators': 266, 'min_samples_split': 0.10687337793627916, 'min_samples_leaf': 0.19907425749655389, 'min_weight_fraction_leaf': 0.14665566028445132, 'max_features': 0.6622280979871349, 'bootstrap': False, 'max_samples': 0.06418560846959476}. Best is trial 41 with value: 0.9190830639030949.[0m
[32m[I 2022-04-22 06:08:57,084][0m Trial 43 finished with value: 0.8743319107140601 and parameters: {'n_estimators': 349, 'min_samples_split': 0.06566572758925104, 'min_samples_leaf': 0.13636155116336865, 'min_weight_fraction_leaf': 0.3918867522158751, 'max_features': 0.727637260300579, 'bootstrap': False, 'max_samples': 0.10714135030438932}. Best is trial 41 with value: 0.9190830639030949.[0m
[32m[I 2022-04-22 06:27:41,571][0m Trial 44 finished with value: 0.9175781442450328 and parameters: {'n_estimators': 280, 'min_samples_split': 0.14090124679342253, 'min_samples_leaf': 0.15016248938280918, 'min_weight_fraction_leaf': 0.021232935494106743, 'max_features': 0.5754889304187155, 'bootstrap': False, 'max_samples': 0.0047933076492906596}. Best is trial 41 with value: 0.9190830639030949.[0m
[32m[I 2022-04-22 06:36:28,649][0m Trial 45 finished with value: 0.9078249598072908 and parameters: {'n_estimators': 272, 'min_samples_split': 0.13291855211102385, 'min_samples_leaf': 0.1789260222594156, 'min_weight_fraction_leaf': 0.02555646743145906, 'max_features': 0.561433156195426, 'bootstrap': False, 'max_samples': 0.0009830539045856956}. Best is trial 41 with value: 0.9190830639030949.[0m
[32m[I 2022-04-22 06:42:00,087][0m Trial 46 finished with value: 0.9185065022304592 and parameters: {'n_estimators': 125, 'min_samples_split': 0.18771400580597522, 'min_samples_leaf': 0.14949422051935823, 'min_weight_fraction_leaf': 0.0005562834088487754, 'max_features': 0.6503756195773039, 'bootstrap': False, 'max_samples': 0.05658456725134528}. Best is trial 41 with value: 0.9190830639030949.[0m
[32m[I 2022-04-22 06:42:03,693][0m Trial 47 finished with value: 0.25 and parameters: {'n_estimators': 122, 'min_samples_split': 0.19175638431220068, 'min_samples_leaf': 0.11185696938471897, 'min_weight_fraction_leaf': 0.013265112645084775, 'max_features': 0.6809419901474281, 'bootstrap': True, 'max_samples': 0.0500754297697678, 'oob_score': False}. Best is trial 41 with value: 0.9190830639030949.[0m
[32m[I 2022-04-22 06:42:31,728][0m Trial 48 finished with value: 0.8650966028199976 and parameters: {'n_estimators': 117, 'min_samples_split': 0.09269481997708319, 'min_samples_leaf': 0.451741640303846, 'min_weight_fraction_leaf': 0.06170096892620279, 'max_features': 0.6347500193334242, 'bootstrap': False, 'max_samples': 0.20810503154421528}. Best is trial 41 with value: 0.9190830639030949.[0m
[32m[I 2022-04-22 06:50:06,370][0m Trial 49 finished with value: 0.9095378504606983 and parameters: {'n_estimators': 201, 'min_samples_split': 0.2327532801520636, 'min_samples_leaf': 0.19539633065588546, 'min_weight_fraction_leaf': 0.03502309853640112, 'max_features': 0.755478214618269, 'bootstrap': False, 'max_samples': 0.13162938181856293}. Best is trial 41 with value: 0.9190830639030949.[0m
[32m[I 2022-04-22 07:44:32,309][0m Trial 50 finished with value: 0.8190111612901465 and parameters: {'n_estimators': 983, 'min_samples_split': 0.14506466580015537, 'min_samples_leaf': 0.14832452280434544, 'min_weight_fraction_leaf': 0.006851585594563966, 'max_features': 0.8864331869039317, 'bootstrap': False, 'max_samples': 0.041660717095676085}. Best is trial 41 with value: 0.9190830639030949.[0m
[32m[I 2022-04-22 07:59:45,891][0m Trial 51 finished with value: 0.918244811077584 and parameters: {'n_estimators': 388, 'min_samples_split': 0.10957558594312439, 'min_samples_leaf': 0.14703687950851474, 'min_weight_fraction_leaf': 0.08489103382570296, 'max_features': 0.5899698742543037, 'bootstrap': False, 'max_samples': 0.08992440794193864}. Best is trial 41 with value: 0.9190830639030949.[0m
[32m[I 2022-04-22 08:05:22,073][0m Trial 52 finished with value: 0.9134540941711606 and parameters: {'n_estimators': 104, 'min_samples_split': 0.11217076873172373, 'min_samples_leaf': 0.11136960502648349, 'min_weight_fraction_leaf': 0.0857595448683314, 'max_features': 0.590706833849886, 'bootstrap': False, 'max_samples': 0.07693422204249216}. Best is trial 41 with value: 0.9190830639030949.[0m
[32m[I 2022-04-22 08:05:37,147][0m Trial 53 finished with value: 0.49048773660128475 and parameters: {'n_estimators': 130, 'min_samples_split': 0.08384008092564885, 'min_samples_leaf': 0.22894765354436247, 'min_weight_fraction_leaf': 0.06682271511368368, 'max_features': 0.006700765676683096, 'bootstrap': False, 'max_samples': 0.15420470535693004}. Best is trial 41 with value: 0.9190830639030949.[0m
