[32m[I 2022-05-01 19:38:04,667][0m Trial 457 finished with value: 0.8375373187802353 and parameters: {'n_estimators': 139, 'min_samples_split': 0.1758739733554118, 'min_samples_leaf': 0.14270393588882946, 'min_weight_fraction_leaf': 0.010402940976098285, 'max_features': 0.8958488081589188, 'bootstrap': False, 'max_samples': 0.3945983555104344}. Best is trial 376 with value: 0.8413011491451163.[0m
[32m[I 2022-05-01 20:04:25,180][0m Trial 458 finished with value: 0.8387755577335236 and parameters: {'n_estimators': 463, 'min_samples_split': 0.24876434486450819, 'min_samples_leaf': 0.12862825531817157, 'min_weight_fraction_leaf': 0.015776658907185614, 'max_features': 0.8362914233003218, 'bootstrap': False, 'max_samples': 0.47511248137803785}. Best is trial 376 with value: 0.8413011491451163.[0m
[32m[I 2022-05-01 20:08:38,412][0m Trial 459 finished with value: 0.7168833050056502 and parameters: {'n_estimators': 113, 'min_samples_split': 0.22877105160781652, 'min_samples_leaf': 0.15252055196664302, 'min_weight_fraction_leaf': 0.46376424566596197, 'max_features': 0.8709038223313452, 'bootstrap': False, 'max_samples': 0.32678512090560075}. Best is trial 376 with value: 0.8413011491451163.[0m
[32m[I 2022-05-01 20:11:15,049][0m Trial 460 finished with value: 0.8135482126760397 and parameters: {'n_estimators': 125, 'min_samples_split': 0.2135272548355393, 'min_samples_leaf': 0.1207519684468862, 'min_weight_fraction_leaf': 0.00028338419782064444, 'max_features': 0.25354852208425527, 'bootstrap': False, 'max_samples': 0.34051817819447067}. Best is trial 376 with value: 0.8413011491451163.[0m
[32m[I 2022-05-01 20:26:59,673][0m Trial 461 finished with value: 0.8402395048230875 and parameters: {'n_estimators': 285, 'min_samples_split': 0.27596244881775067, 'min_samples_leaf': 0.13772703742391326, 'min_weight_fraction_leaf': 0.05687836758173957, 'max_features': 0.8509818135236898, 'bootstrap': False, 'max_samples': 0.08749337530567919}. Best is trial 376 with value: 0.8413011491451163.[0m
[32m[I 2022-05-01 20:41:17,395][0m Trial 462 finished with value: 0.8407446699962412 and parameters: {'n_estimators': 253, 'min_samples_split': 0.254191075114435, 'min_samples_leaf': 0.13605380084574112, 'min_weight_fraction_leaf': 0.04278311770224928, 'max_features': 0.8602501172247636, 'bootstrap': False, 'max_samples': 0.05926138636414174}. Best is trial 376 with value: 0.8413011491451163.[0m
[32m[I 2022-05-01 21:01:43,323][0m Trial 463 finished with value: 0.8357644683151694 and parameters: {'n_estimators': 287, 'min_samples_split': 0.04608432116400208, 'min_samples_leaf': 0.1125003567564089, 'min_weight_fraction_leaf': 0.042046098365643915, 'max_features': 0.9165790205922747, 'bootstrap': False, 'max_samples': 0.0319106885145898}. Best is trial 376 with value: 0.8413011491451163.[0m
[32m[I 2022-05-01 21:22:57,743][0m Trial 464 finished with value: 0.8354308479489896 and parameters: {'n_estimators': 341, 'min_samples_split': 0.25055479642783524, 'min_samples_leaf': 0.1252818711488021, 'min_weight_fraction_leaf': 0.03280251432768552, 'max_features': 0.8880460232946961, 'bootstrap': False, 'max_samples': 0.03891032343059733}. Best is trial 376 with value: 0.8413011491451163.[0m
[32m[I 2022-05-01 21:23:33,838][0m Trial 465 finished with value: 0.5 and parameters: {'n_estimators': 256, 'min_samples_split': 0.26486828259895856, 'min_samples_leaf': 0.13534556693204752, 'min_weight_fraction_leaf': 0.04772853982393228, 'max_features': 0.8614127124699879, 'bootstrap': True, 'max_samples': 0.08514373784660896, 'oob_score': True}. Best is trial 376 with value: 0.8413011491451163.[0m
[32m[I 2022-05-01 21:41:35,475][0m Trial 466 finished with value: 0.8382662789047839 and parameters: {'n_estimators': 309, 'min_samples_split': 0.23964118609264676, 'min_samples_leaf': 0.13277972708177951, 'min_weight_fraction_leaf': 0.02513031578539176, 'max_features': 0.8792650374513075, 'bootstrap': False, 'max_samples': 0.06417273439754745}. Best is trial 376 with value: 0.8413011491451163.[0m
[32m[I 2022-05-01 21:57:58,684][0m Trial 467 finished with value: 0.8353350888433013 and parameters: {'n_estimators': 266, 'min_samples_split': 0.21852921281451593, 'min_samples_leaf': 0.1205608483689265, 'min_weight_fraction_leaf': 0.03934552189531518, 'max_features': 0.8553893810166889, 'bootstrap': False, 'max_samples': 0.07035173546668125}. Best is trial 376 with value: 0.8413011491451163.[0m
[32m[I 2022-05-01 22:11:42,948][0m Trial 468 finished with value: 0.8376609163349759 and parameters: {'n_estimators': 239, 'min_samples_split': 0.06189762552086673, 'min_samples_leaf': 0.14078003459512875, 'min_weight_fraction_leaf': 0.052846968768773914, 'max_features': 0.9027968629371452, 'bootstrap': False, 'max_samples': 0.358369909737802}. Best is trial 376 with value: 0.8413011491451163.[0m
[32m[I 2022-05-01 22:31:22,583][0m Trial 469 finished with value: 0.8356888714410353 and parameters: {'n_estimators': 269, 'min_samples_split': 0.2709066888629034, 'min_samples_leaf': 0.10137134560376267, 'min_weight_fraction_leaf': 0.029471110803201125, 'max_features': 0.8710241737548511, 'bootstrap': False, 'max_samples': 0.11704279149154781}. Best is trial 376 with value: 0.8413011491451163.[0m
[32m[I 2022-05-01 22:48:21,422][0m Trial 470 finished with value: 0.8365909341407995 and parameters: {'n_estimators': 287, 'min_samples_split': 0.202117790219444, 'min_samples_leaf': 0.12682981335301838, 'min_weight_fraction_leaf': 0.015666045446070517, 'max_features': 0.8416058673130633, 'bootstrap': False, 'max_samples': 0.08641395397604731}. Best is trial 376 with value: 0.8413011491451163.[0m
[32m[I 2022-05-01 23:05:02,758][0m Trial 471 finished with value: 0.8396386259961934 and parameters: {'n_estimators': 322, 'min_samples_split': 0.22861181258980126, 'min_samples_leaf': 0.1449631364220764, 'min_weight_fraction_leaf': 0.03993907676564146, 'max_features': 0.8230326750596771, 'bootstrap': False, 'max_samples': 0.0029808081545551063}. Best is trial 376 with value: 0.8413011491451163.[0m
[32m[I 2022-05-01 23:20:39,300][0m Trial 472 finished with value: 0.8125040191613848 and parameters: {'n_estimators': 118, 'min_samples_split': 0.25635904427499456, 'min_samples_leaf': 0.01927101148628363, 'min_weight_fraction_leaf': 0.009197994685524544, 'max_features': 0.9307268915257833, 'bootstrap': False, 'max_samples': 0.10048813159382619}. Best is trial 376 with value: 0.8413011491451163.[0m
[32m[I 2022-05-01 23:56:56,659][0m Trial 473 finished with value: 0.8377520628335626 and parameters: {'n_estimators': 618, 'min_samples_split': 0.0829176604539277, 'min_samples_leaf': 0.13558203999971744, 'min_weight_fraction_leaf': 0.024517555306696623, 'max_features': 0.89003162150562, 'bootstrap': False, 'max_samples': 0.2776414370980718}. Best is trial 376 with value: 0.8413011491451163.[0m
[32m[I 2022-05-02 00:04:19,014][0m Trial 474 finished with value: 0.8359119576645939 and parameters: {'n_estimators': 108, 'min_samples_split': 0.138425034399295, 'min_samples_leaf': 0.11259198398125098, 'min_weight_fraction_leaf': 0.01796115561258334, 'max_features': 0.8555138175186096, 'bootstrap': False, 'max_samples': 0.18632059612928084}. Best is trial 376 with value: 0.8413011491451163.[0m
[32m[I 2022-05-02 00:11:09,235][0m Trial 475 finished with value: 0.8399299719047191 and parameters: {'n_estimators': 121, 'min_samples_split': 0.24009591298703403, 'min_samples_leaf': 0.14640939256539393, 'min_weight_fraction_leaf': 0.03219030093963984, 'max_features': 0.8737190555496357, 'bootstrap': False, 'max_samples': 0.13534754686452893}. Best is trial 376 with value: 0.8413011491451163.[0m
[32m[I 2022-05-02 00:33:05,857][0m Trial 476 finished with value: 0.838569029822396 and parameters: {'n_estimators': 375, 'min_samples_split': 0.2797250210791877, 'min_samples_leaf': 0.12723785533895784, 'min_weight_fraction_leaf': 0.010700100166780075, 'max_features': 0.8399421558356348, 'bootstrap': False, 'max_samples': 0.38226614416227855}. Best is trial 376 with value: 0.8413011491451163.[0m
[32m[I 2022-05-02 00:48:26,562][0m Trial 477 finished with value: 0.8394221456598915 and parameters: {'n_estimators': 285, 'min_samples_split': 0.1918428937443642, 'min_samples_leaf': 0.1405848713640656, 'min_weight_fraction_leaf': 0.06038184456061116, 'max_features': 0.8162176922697245, 'bootstrap': False, 'max_samples': 0.05651517280649875}. Best is trial 376 with value: 0.8413011491451163.[0m
[32m[I 2022-05-02 00:55:54,204][0m Trial 478 finished with value: 0.8325518946190134 and parameters: {'n_estimators': 129, 'min_samples_split': 0.2497233697668854, 'min_samples_leaf': 0.15282248365964465, 'min_weight_fraction_leaf': 0.04698839704121986, 'max_features': 0.9651366820047875, 'bootstrap': False, 'max_samples': 0.29621634534412855}. Best is trial 376 with value: 0.8413011491451163.[0m
[32m[I 2022-05-02 00:59:16,118][0m Trial 479 finished with value: 0.8146147525017365 and parameters: {'n_estimators': 276, 'min_samples_split': 0.21092220182612426, 'min_samples_leaf': 0.11921225215267534, 'min_weight_fraction_leaf': 0.022955333880122497, 'max_features': 0.16252608695186727, 'bootstrap': False, 'max_samples': 0.0008498184845482043}. Best is trial 376 with value: 0.8413011491451163.[0m
[32m[I 2022-05-02 01:05:57,172][0m Trial 480 finished with value: 0.8397320535099864 and parameters: {'n_estimators': 115, 'min_samples_split': 0.22316267189793804, 'min_samples_leaf': 0.13272049205116124, 'min_weight_fraction_leaf': 0.01131761022588791, 'max_features': 0.8508254330058364, 'bootstrap': False, 'max_samples': 0.35839165809390594}. Best is trial 376 with value: 0.8413011491451163.[0m
[32m[I 2022-05-02 01:12:25,052][0m Trial 481 finished with value: 0.8386944229663371 and parameters: {'n_estimators': 123, 'min_samples_split': 0.26661873587354057, 'min_samples_leaf': 0.15659468313554242, 'min_weight_fraction_leaf': 0.0006913788371031883, 'max_features': 0.8710882209726702, 'bootstrap': False, 'max_samples': 0.33444562758502405}. Best is trial 376 with value: 0.8413011491451163.[0m
[32m[I 2022-05-02 01:20:17,801][0m Trial 482 finished with value: 0.838200797631057 and parameters: {'n_estimators': 133, 'min_samples_split': 0.23304600561177902, 'min_samples_leaf': 0.1411869365013904, 'min_weight_fraction_leaf': 0.056898962781625886, 'max_features': 0.9009601913881625, 'bootstrap': False, 'max_samples': 0.40026483698476284}. Best is trial 376 with value: 0.8413011491451163.[0m
[32m[I 2022-05-02 01:34:40,564][0m Trial 483 finished with value: 0.8373064838746357 and parameters: {'n_estimators': 255, 'min_samples_split': 0.2925125285119079, 'min_samples_leaf': 0.13061036956356878, 'min_weight_fraction_leaf': 0.037734869356740815, 'max_features': 0.832837283742976, 'bootstrap': False, 'max_samples': 0.3182513671875215}. Best is trial 376 with value: 0.8413011491451163.[0m
[32m[I 2022-05-02 01:34:42,945][0m Trial 484 finished with value: 0.5 and parameters: {'n_estimators': 304, 'min_samples_split': 0.25751141137163785, 'min_samples_leaf': 0.15132777960803992, 'min_weight_fraction_leaf': 0.01917987117590499, 'max_features': 0.8580881360476662, 'bootstrap': True, 'max_samples': 0.025468068914347386, 'oob_score': False}. Best is trial 376 with value: 0.8413011491451163.[0m
[32m[I 2022-05-02 01:45:02,818][0m Trial 485 finished with value: 0.8348492016341238 and parameters: {'n_estimators': 142, 'min_samples_split': 0.24638711960869947, 'min_samples_leaf': 0.10818617886940161, 'min_weight_fraction_leaf': 0.02658716220088978, 'max_features': 0.8784789846233981, 'bootstrap': False, 'max_samples': 0.37732840109057153}. Best is trial 376 with value: 0.8413011491451163.[0m
[32m[I 2022-05-02 01:51:43,204][0m Trial 486 finished with value: 0.8361413414725135 and parameters: {'n_estimators': 112, 'min_samples_split': 0.14865076787534395, 'min_samples_leaf': 0.1220953594989812, 'min_weight_fraction_leaf': 0.000500774775433853, 'max_features': 0.7992210285361198, 'bootstrap': False, 'max_samples': 0.15191105719312759}. Best is trial 376 with value: 0.8413011491451163.[0m
[32m[I 2022-05-02 01:52:14,518][0m Trial 487 finished with value: 0.8060215937266362 and parameters: {'n_estimators': 105, 'min_samples_split': 0.27503270480769554, 'min_samples_leaf': 0.139846540334124, 'min_weight_fraction_leaf': 0.009556660560539157, 'max_features': 0.05191666589731175, 'bootstrap': False, 'max_samples': 0.3502179676449596}. Best is trial 376 with value: 0.8413011491451163.[0m
[32m[I 2022-05-02 01:58:55,594][0m Trial 488 finished with value: 0.8392167532813944 and parameters: {'n_estimators': 127, 'min_samples_split': 0.2200685617841358, 'min_samples_leaf': 0.14557763569655352, 'min_weight_fraction_leaf': 0.04813140349946489, 'max_features': 0.8270401890475213, 'bootstrap': False, 'max_samples': 0.40927917021963084}. Best is trial 376 with value: 0.8413011491451163.[0m
[32m[I 2022-05-02 02:04:54,542][0m Trial 489 finished with value: 0.8390409578556458 and parameters: {'n_estimators': 121, 'min_samples_split': 0.2063394471996304, 'min_samples_leaf': 0.16149754522548437, 'min_weight_fraction_leaf': 0.03265285816245847, 'max_features': 0.8459294090694679, 'bootstrap': False, 'max_samples': 0.37259717013481414}. Best is trial 376 with value: 0.8413011491451163.[0m
[32m[I 2022-05-02 02:06:34,428][0m Trial 490 finished with value: 0.7317505784887437 and parameters: {'n_estimators': 134, 'min_samples_split': 0.23963537478342797, 'min_samples_leaf': 0.3744701020476364, 'min_weight_fraction_leaf': 0.3753156564712782, 'max_features': 0.8871861952864923, 'bootstrap': False, 'max_samples': 0.32018173751864376}. Best is trial 376 with value: 0.8413011491451163.[0m
[32m[I 2022-05-02 02:15:15,752][0m Trial 491 finished with value: 0.8388187452506074 and parameters: {'n_estimators': 145, 'min_samples_split': 0.05542089851341303, 'min_samples_leaf': 0.1333601661455574, 'min_weight_fraction_leaf': 0.016977707463850765, 'max_features': 0.8620757060640195, 'bootstrap': False, 'max_samples': 0.05908612393140758}. Best is trial 376 with value: 0.8413011491451163.[0m
[32m[I 2022-05-02 02:21:52,753][0m Trial 492 finished with value: 0.8391013128031929 and parameters: {'n_estimators': 128, 'min_samples_split': 0.2613597973982202, 'min_samples_leaf': 0.148495484519106, 'min_weight_fraction_leaf': 0.009095064551360823, 'max_features': 0.8176162958897596, 'bootstrap': False, 'max_samples': 0.4274539608096382}. Best is trial 376 with value: 0.8413011491451163.[0m
[32m[I 2022-05-02 02:41:26,210][0m Trial 493 finished with value: 0.8389591858787584 and parameters: {'n_estimators': 297, 'min_samples_split': 0.2838541135257153, 'min_samples_leaf': 0.11891693948353574, 'min_weight_fraction_leaf': 0.04050456233663838, 'max_features': 0.9180501994401609, 'bootstrap': False, 'max_samples': 0.3872755404765727}. Best is trial 376 with value: 0.8413011491451163.[0m
[32m[I 2022-05-02 02:48:58,374][0m Trial 494 finished with value: 0.8324633440800436 and parameters: {'n_estimators': 115, 'min_samples_split': 0.0377549314803021, 'min_samples_leaf': 0.13567390686008282, 'min_weight_fraction_leaf': 0.05814413265210412, 'max_features': 0.9987568169037709, 'bootstrap': False, 'max_samples': 0.34207364636736215}. Best is trial 376 with value: 0.8413011491451163.[0m
[32m[I 2022-05-02 02:51:21,134][0m Trial 495 finished with value: 0.7636366265241484 and parameters: {'n_estimators': 136, 'min_samples_split': 0.23151263240249653, 'min_samples_leaf': 0.3258485843675473, 'min_weight_fraction_leaf': 0.18271376602241896, 'max_features': 0.8460398498700248, 'bootstrap': False, 'max_samples': 0.5793940162887885}. Best is trial 376 with value: 0.8413011491451163.[0m
[32m[I 2022-05-02 02:54:11,899][0m Trial 496 finished with value: 0.8229304620252023 and parameters: {'n_estimators': 119, 'min_samples_split': 0.2519477835930317, 'min_samples_leaf': 0.1593914666639324, 'min_weight_fraction_leaf': 0.022920358026433586, 'max_features': 0.3023456669465494, 'bootstrap': False, 'max_samples': 0.09349054329824844}. Best is trial 376 with value: 0.8413011491451163.[0m
[32m[I 2022-05-02 03:00:47,009][0m Trial 497 finished with value: 0.8365518441936324 and parameters: {'n_estimators': 110, 'min_samples_split': 0.023747063741414307, 'min_samples_leaf': 0.12589518878873765, 'min_weight_fraction_leaf': 0.010669790628192313, 'max_features': 0.7944090512864168, 'bootstrap': False, 'max_samples': 0.02907359636032693}. Best is trial 376 with value: 0.8413011491451163.[0m
[32m[I 2022-05-02 03:09:45,184][0m Trial 498 finished with value: 0.7731202840937389 and parameters: {'n_estimators': 181, 'min_samples_split': 0.21777375756360867, 'min_samples_leaf': 0.14809425003775314, 'min_weight_fraction_leaf': 0.3199600306651845, 'max_features': 0.8965866381232765, 'bootstrap': False, 'max_samples': 0.2914052301485359}. Best is trial 376 with value: 0.8413011491451163.[0m
[32m[I 2022-05-02 03:18:03,043][0m Trial 499 finished with value: 0.8403438596224835 and parameters: {'n_estimators': 142, 'min_samples_split': 0.27155499967605584, 'min_samples_leaf': 0.1379960795500853, 'min_weight_fraction_leaf': 0.03263401224406146, 'max_features': 0.8664379904896663, 'bootstrap': False, 'max_samples': 0.3632346506446836}. Best is trial 376 with value: 0.8413011491451163.[0m
[32m[I 2022-05-02 03:27:06,902][0m Trial 500 finished with value: 0.8358817221399619 and parameters: {'n_estimators': 145, 'min_samples_split': 0.2604010318696842, 'min_samples_leaf': 0.12602262830849756, 'min_weight_fraction_leaf': 0.03112585530544598, 'max_features': 0.8740472170826061, 'bootstrap': False, 'max_samples': 0.35990211728465715}. Best is trial 376 with value: 0.8413011491451163.[0m
[32m[I 2022-05-02 03:34:43,383][0m Trial 501 finished with value: 0.8377235119146205 and parameters: {'n_estimators': 140, 'min_samples_split': 0.18043675926245534, 'min_samples_leaf': 0.15416087119836647, 'min_weight_fraction_leaf': 0.02634742901182347, 'max_features': 0.9044932851061328, 'bootstrap': False, 'max_samples': 0.38290589893274735}. Best is trial 376 with value: 0.8413011491451163.[0m
[32m[I 2022-05-02 03:42:59,195][0m Trial 502 finished with value: 0.8396677566847144 and parameters: {'n_estimators': 146, 'min_samples_split': 0.24172177423615765, 'min_samples_leaf': 0.14289258266169652, 'min_weight_fraction_leaf': 0.018397541842060886, 'max_features': 0.8634385343860344, 'bootstrap': False, 'max_samples': 0.3403961733293194}. Best is trial 376 with value: 0.8413011491451163.[0m
[32m[I 2022-05-02 03:43:00,576][0m Trial 503 finished with value: 0.5 and parameters: {'n_estimators': 154, 'min_samples_split': 0.20120935617905472, 'min_samples_leaf': 0.09779426934091168, 'min_weight_fraction_leaf': 0.2339106874636374, 'max_features': 0.826945039403514, 'bootstrap': True, 'max_samples': 0.407666997895789, 'oob_score': False}. Best is trial 376 with value: 0.8413011491451163.[0m
[32m[I 2022-05-02 03:52:31,682][0m Trial 504 finished with value: 0.8352023805842809 and parameters: {'n_estimators': 131, 'min_samples_split': 0.22826184155381493, 'min_samples_leaf': 0.11319609208514562, 'min_weight_fraction_leaf': 0.03778874877275025, 'max_features': 0.9449015519156333, 'bootstrap': False, 'max_samples': 0.3575800201380999}. Best is trial 376 with value: 0.8413011491451163.[0m
[32m[I 2022-05-02 03:59:36,795][0m Trial 505 finished with value: 0.8380526553220513 and parameters: {'n_estimators': 138, 'min_samples_split': 0.25225847257561274, 'min_samples_leaf': 0.1618503782685865, 'min_weight_fraction_leaf': 0.001128206473370235, 'max_features': 0.8855417343054107, 'bootstrap': False, 'max_samples': 0.3071545416509345}. Best is trial 376 with value: 0.8413011491451163.[0m
[32m[I 2022-05-02 04:08:25,038][0m Trial 506 finished with value: 0.8405700934271951 and parameters: {'n_estimators': 151, 'min_samples_split': 0.2663066357281319, 'min_samples_leaf': 0.13461681679305865, 'min_weight_fraction_leaf': 0.017615353860756293, 'max_features': 0.8394623058298978, 'bootstrap': False, 'max_samples': 0.37387946913832504}. Best is trial 376 with value: 0.8413011491451163.[0m
[32m[I 2022-05-02 04:15:59,483][0m Trial 507 finished with value: 0.8066560423031788 and parameters: {'n_estimators': 150, 'min_samples_split': 0.26845726840983397, 'min_samples_leaf': 0.1320298839271618, 'min_weight_fraction_leaf': 0.22020149770117547, 'max_features': 0.8088748297776487, 'bootstrap': False, 'max_samples': 0.372252274602044}. Best is trial 376 with value: 0.8413011491451163.[0m
[32m[I 2022-05-02 04:23:59,616][0m Trial 508 finished with value: 0.7917689307220991 and parameters: {'n_estimators': 152, 'min_samples_split': 0.2683887338522801, 'min_samples_leaf': 0.12055462158805026, 'min_weight_fraction_leaf': 0.25698023556624383, 'max_features': 0.8313255404321312, 'bootstrap': False, 'max_samples': 0.6107010819677103}. Best is trial 376 with value: 0.8413011491451163.[0m
[32m[I 2022-05-02 04:31:37,184][0m Trial 509 finished with value: 0.8400895727795067 and parameters: {'n_estimators': 142, 'min_samples_split': 0.28633138868455377, 'min_samples_leaf': 0.13576743469617925, 'min_weight_fraction_leaf': 0.03234227026186305, 'max_features': 0.7734514876372764, 'bootstrap': False, 'max_samples': 0.3933388901228386}. Best is trial 376 with value: 0.8413011491451163.[0m
[32m[I 2022-05-02 04:39:45,213][0m Trial 510 finished with value: 0.8391898814042424 and parameters: {'n_estimators': 135, 'min_samples_split': 0.26076012082239514, 'min_samples_leaf': 0.12782451362913613, 'min_weight_fraction_leaf': 2.5233665777720654e-05, 'max_features': 0.8345323987298451, 'bootstrap': False, 'max_samples': 0.6405541444601008}. Best is trial 376 with value: 0.8413011491451163.[0m
