[32m[I 2022-04-27 01:52:44,462][0m Trial 702 finished with value: 0.9194297275342092 and parameters: {'n_estimators': 108, 'min_samples_split': 0.176025347336494, 'min_samples_leaf': 0.13195716549121086, 'min_weight_fraction_leaf': 0.028032154842126254, 'max_features': 0.8462375515669553, 'bootstrap': False, 'max_samples': 0.8044266847421522}. Best is trial 272 with value: 0.9207214438111938.[0m
[32m[I 2022-04-27 01:53:27,172][0m Trial 703 finished with value: 0.8587354359952805 and parameters: {'n_estimators': 121, 'min_samples_split': 0.14740368616900215, 'min_samples_leaf': 0.4412021736940356, 'min_weight_fraction_leaf': 0.011560995549044242, 'max_features': 0.8251459624349387, 'bootstrap': False, 'max_samples': 0.5414554802957536}. Best is trial 272 with value: 0.9207214438111938.[0m
[32m[I 2022-04-27 02:03:58,546][0m Trial 704 finished with value: 0.9093697550164356 and parameters: {'n_estimators': 127, 'min_samples_split': 0.18114051090038413, 'min_samples_leaf': 0.08990914649962116, 'min_weight_fraction_leaf': 0.02338125773244918, 'max_features': 0.8737678078558988, 'bootstrap': False, 'max_samples': 0.5957866023653888}. Best is trial 272 with value: 0.9207214438111938.[0m
[32m[I 2022-04-27 02:12:29,231][0m Trial 705 finished with value: 0.9183595899095405 and parameters: {'n_estimators': 133, 'min_samples_split': 0.1688344466609628, 'min_samples_leaf': 0.11306455921238467, 'min_weight_fraction_leaf': 0.009484404609912992, 'max_features': 0.7975971505097859, 'bootstrap': False, 'max_samples': 0.7127892831456087}. Best is trial 272 with value: 0.9207214438111938.[0m
[32m[I 2022-04-27 02:21:33,469][0m Trial 706 finished with value: 0.9189417607965578 and parameters: {'n_estimators': 208, 'min_samples_split': 0.1572814541646012, 'min_samples_leaf': 0.14308729440993453, 'min_weight_fraction_leaf': 0.03304193421427548, 'max_features': 0.6640647424300307, 'bootstrap': False, 'max_samples': 0.5253107960030703}. Best is trial 272 with value: 0.9207214438111938.[0m
[32m[I 2022-04-27 02:26:57,753][0m Trial 707 finished with value: 0.9194825538106339 and parameters: {'n_estimators': 103, 'min_samples_split': 0.1900712852288809, 'min_samples_leaf': 0.15407840239765244, 'min_weight_fraction_leaf': 0.018797444588407403, 'max_features': 0.8513939018753246, 'bootstrap': False, 'max_samples': 0.6877099311713906}. Best is trial 272 with value: 0.9207214438111938.[0m
[32m[I 2022-04-27 02:55:18,868][0m Trial 708 finished with value: 0.9197653662839052 and parameters: {'n_estimators': 513, 'min_samples_split': 0.17321478227931336, 'min_samples_leaf': 0.13475729564648978, 'min_weight_fraction_leaf': 0.00873554993243796, 'max_features': 0.8338858584856108, 'bootstrap': False, 'max_samples': 0.4442564438807068}. Best is trial 272 with value: 0.9207214438111938.[0m
[32m[I 2022-04-27 03:04:52,734][0m Trial 709 finished with value: 0.9186949382325157 and parameters: {'n_estimators': 146, 'min_samples_split': 0.18398175414231863, 'min_samples_leaf': 0.12624400795659171, 'min_weight_fraction_leaf': 0.03313506941046554, 'max_features': 0.9142652571073323, 'bootstrap': False, 'max_samples': 0.7873926467698122}. Best is trial 272 with value: 0.9207214438111938.[0m
[32m[I 2022-04-27 03:05:44,221][0m Trial 710 finished with value: 0.8932923668856713 and parameters: {'n_estimators': 135, 'min_samples_split': 0.20380631142620892, 'min_samples_leaf': 0.14649858243953637, 'min_weight_fraction_leaf': 0.0003168913234769602, 'max_features': 0.8906847816997436, 'bootstrap': True, 'max_samples': 0.627035398568106, 'oob_score': True}. Best is trial 272 with value: 0.9207214438111938.[0m
[32m[I 2022-04-27 03:11:30,699][0m Trial 711 finished with value: 0.919656838706333 and parameters: {'n_estimators': 116, 'min_samples_split': 0.19379153454276404, 'min_samples_leaf': 0.16621636412867374, 'min_weight_fraction_leaf': 0.02091581991225375, 'max_features': 0.8622586939372757, 'bootstrap': False, 'max_samples': 0.4311568192152529}. Best is trial 272 with value: 0.9207214438111938.[0m
[32m[I 2022-04-27 03:19:26,619][0m Trial 712 finished with value: 0.919677083205681 and parameters: {'n_estimators': 142, 'min_samples_split': 0.1688508546598057, 'min_samples_leaf': 0.14038570347134874, 'min_weight_fraction_leaf': 0.0389952419326481, 'max_features': 0.8163988032371794, 'bootstrap': False, 'max_samples': 0.5737459173621885}. Best is trial 272 with value: 0.9207214438111938.[0m
[32m[I 2022-04-27 03:26:09,256][0m Trial 713 finished with value: 0.9196468594984332 and parameters: {'n_estimators': 128, 'min_samples_split': 0.18115592534730376, 'min_samples_leaf': 0.15285671573099485, 'min_weight_fraction_leaf': 0.02891976028359127, 'max_features': 0.8475663364881402, 'bootstrap': False, 'max_samples': 0.6702996068855595}. Best is trial 272 with value: 0.9207214438111938.[0m
[32m[I 2022-04-27 03:34:28,310][0m Trial 714 finished with value: 0.9178116420147552 and parameters: {'n_estimators': 125, 'min_samples_split': 0.20910720493076448, 'min_samples_leaf': 0.11814250289950572, 'min_weight_fraction_leaf': 0.01613370021174375, 'max_features': 0.8744679947465993, 'bootstrap': False, 'max_samples': 0.8326448578969662}. Best is trial 272 with value: 0.9207214438111938.[0m
[32m[I 2022-04-27 03:45:41,440][0m Trial 715 finished with value: 0.9094770871296312 and parameters: {'n_estimators': 150, 'min_samples_split': 0.1979466765102612, 'min_samples_leaf': 0.09826338445784785, 'min_weight_fraction_leaf': 0.007898339058230596, 'max_features': 0.8289166986968994, 'bootstrap': False, 'max_samples': 0.7549467976456009}. Best is trial 272 with value: 0.9207214438111938.[0m
[32m[I 2022-04-27 03:52:07,138][0m Trial 716 finished with value: 0.9191277567128656 and parameters: {'n_estimators': 110, 'min_samples_split': 0.1387420877322342, 'min_samples_leaf': 0.13130954508819526, 'min_weight_fraction_leaf': 0.02484032590110706, 'max_features': 0.800200414121971, 'bootstrap': False, 'max_samples': 0.5514062628270855}. Best is trial 272 with value: 0.9207214438111938.[0m
[32m[I 2022-04-27 03:59:54,477][0m Trial 717 finished with value: 0.9202498902236712 and parameters: {'n_estimators': 137, 'min_samples_split': 0.2163845696500758, 'min_samples_leaf': 0.1404876127304421, 'min_weight_fraction_leaf': 0.016871153770782008, 'max_features': 0.8549461862673651, 'bootstrap': False, 'max_samples': 0.46328427903197794}. Best is trial 272 with value: 0.9207214438111938.[0m
[32m[I 2022-04-27 04:07:44,078][0m Trial 718 finished with value: 0.9179735693037993 and parameters: {'n_estimators': 119, 'min_samples_split': 0.18747031275212783, 'min_samples_leaf': 0.12433542522268501, 'min_weight_fraction_leaf': 0.04359819514660652, 'max_features': 0.9003892324631386, 'bootstrap': False, 'max_samples': 0.8752379341229121}. Best is trial 272 with value: 0.9207214438111938.[0m
[32m[I 2022-04-27 04:21:35,785][0m Trial 719 finished with value: 0.9183585837418227 and parameters: {'n_estimators': 207, 'min_samples_split': 0.150750266275153, 'min_samples_leaf': 0.11052934206343915, 'min_weight_fraction_leaf': 0.008396691749539865, 'max_features': 0.8368698748151091, 'bootstrap': False, 'max_samples': 0.49991855474381197}. Best is trial 272 with value: 0.9207214438111938.[0m
[32m[I 2022-04-27 04:28:56,960][0m Trial 720 finished with value: 0.919776096222414 and parameters: {'n_estimators': 131, 'min_samples_split': 0.203011152461963, 'min_samples_leaf': 0.14886238704434937, 'min_weight_fraction_leaf': 0.10511091353825588, 'max_features': 0.874423487779952, 'bootstrap': False, 'max_samples': 0.7299245598622719}. Best is trial 272 with value: 0.9207214438111938.[0m
[32m[I 2022-04-27 04:39:35,331][0m Trial 721 finished with value: 0.920337506826882 and parameters: {'n_estimators': 193, 'min_samples_split': 0.19037772984254436, 'min_samples_leaf': 0.13708152580450006, 'min_weight_fraction_leaf': 0.03202277643421232, 'max_features': 0.8126267914955626, 'bootstrap': False, 'max_samples': 0.5223924376201285}. Best is trial 272 with value: 0.9207214438111938.[0m
[32m[I 2022-04-27 04:50:20,552][0m Trial 722 finished with value: 0.918454125342064 and parameters: {'n_estimators': 189, 'min_samples_split': 0.17294392040233605, 'min_samples_leaf': 0.1268626279743332, 'min_weight_fraction_leaf': 0.03717957478998624, 'max_features': 0.7776187913837487, 'bootstrap': False, 'max_samples': 0.5308741531102877}. Best is trial 272 with value: 0.9207214438111938.[0m
[32m[I 2022-04-27 05:00:31,191][0m Trial 723 finished with value: 0.9196466269355723 and parameters: {'n_estimators': 194, 'min_samples_split': 0.16429642241765482, 'min_samples_leaf': 0.13348238503436324, 'min_weight_fraction_leaf': 0.02903205200281286, 'max_features': 0.7573042321041491, 'bootstrap': False, 'max_samples': 0.5648959506605854}. Best is trial 272 with value: 0.9207214438111938.[0m
[32m[I 2022-04-27 05:07:55,021][0m Trial 724 finished with value: 0.876436079258778 and parameters: {'n_estimators': 199, 'min_samples_split': 0.18412785541649263, 'min_samples_leaf': 0.11835670725328662, 'min_weight_fraction_leaf': 0.36359123336655613, 'max_features': 0.7856841669256562, 'bootstrap': False, 'max_samples': 0.4379455027733978}. Best is trial 272 with value: 0.9207214438111938.[0m
[32m[I 2022-04-27 05:19:05,945][0m Trial 725 finished with value: 0.9201189581088428 and parameters: {'n_estimators': 206, 'min_samples_split': 0.21229228450626106, 'min_samples_leaf': 0.13734004101188477, 'min_weight_fraction_leaf': 0.043275637995506766, 'max_features': 0.8020795933123277, 'bootstrap': False, 'max_samples': 0.4686733675532717}. Best is trial 272 with value: 0.9207214438111938.[0m
[32m[I 2022-04-27 05:31:41,134][0m Trial 726 finished with value: 0.9186556638692558 and parameters: {'n_estimators': 187, 'min_samples_split': 0.19921892960160736, 'min_samples_leaf': 0.1084047831581458, 'min_weight_fraction_leaf': 0.02733794173039769, 'max_features': 0.8120457297828959, 'bootstrap': False, 'max_samples': 0.5509364915976037}. Best is trial 272 with value: 0.9207214438111938.[0m
[32m[I 2022-04-27 05:43:35,642][0m Trial 727 finished with value: 0.9177459387834365 and parameters: {'n_estimators': 198, 'min_samples_split': 0.17889512896182128, 'min_samples_leaf': 0.12453167459589987, 'min_weight_fraction_leaf': 0.016962278001322422, 'max_features': 0.8156468763530499, 'bootstrap': False, 'max_samples': 0.5204757096819972}. Best is trial 272 with value: 0.9207214438111938.[0m
[32m[I 2022-04-27 05:53:50,761][0m Trial 728 finished with value: 0.9196176264710185 and parameters: {'n_estimators': 210, 'min_samples_split': 0.19037401228907422, 'min_samples_leaf': 0.158374861410339, 'min_weight_fraction_leaf': 0.03831173860187783, 'max_features': 0.8257040445054614, 'bootstrap': False, 'max_samples': 0.48484629186480677}. Best is trial 272 with value: 0.9207214438111938.[0m
[32m[I 2022-04-27 05:54:10,491][0m Trial 729 finished with value: 0.8755774999331434 and parameters: {'n_estimators': 194, 'min_samples_split': 0.220021169802316, 'min_samples_leaf': 0.13674467333123594, 'min_weight_fraction_leaf': 8.772486064139232e-05, 'max_features': 0.7894736951672767, 'bootstrap': True, 'max_samples': 0.4281249258063359, 'oob_score': False}. Best is trial 272 with value: 0.9207214438111938.[0m
[32m[I 2022-04-27 05:59:05,786][0m Trial 730 finished with value: 0.9110874849147296 and parameters: {'n_estimators': 183, 'min_samples_split': 0.20446681048987295, 'min_samples_leaf': 0.14962553815117985, 'min_weight_fraction_leaf': 0.02468012870401386, 'max_features': 0.36894343621220654, 'bootstrap': False, 'max_samples': 0.4531661522502555}. Best is trial 272 with value: 0.9207214438111938.[0m
[32m[I 2022-04-27 06:06:39,194][0m Trial 731 finished with value: 0.8590365512010422 and parameters: {'n_estimators': 201, 'min_samples_split': 0.15951881357924647, 'min_samples_leaf': 0.13125417556409577, 'min_weight_fraction_leaf': 0.4262610294726745, 'max_features': 0.8340264863912458, 'bootstrap': False, 'max_samples': 0.8906470158590123}. Best is trial 272 with value: 0.9207214438111938.[0m
[32m[I 2022-04-27 06:07:04,231][0m Trial 732 finished with value: 0.8617951213652407 and parameters: {'n_estimators': 210, 'min_samples_split': 0.17297197443622891, 'min_samples_leaf': 0.48049189560138017, 'min_weight_fraction_leaf': 0.04800821922112115, 'max_features': 0.8110905781440187, 'bootstrap': False, 'max_samples': 0.5904211610049697}. Best is trial 272 with value: 0.9207214438111938.[0m
[32m[I 2022-04-27 06:18:48,612][0m Trial 733 finished with value: 0.9176971669544608 and parameters: {'n_estimators': 181, 'min_samples_split': 0.12855800521422053, 'min_samples_leaf': 0.11859993394017213, 'min_weight_fraction_leaf': 0.03372496440425804, 'max_features': 0.8624195869409905, 'bootstrap': False, 'max_samples': 0.41531664907384136}. Best is trial 272 with value: 0.9207214438111938.[0m
[32m[I 2022-04-27 06:29:33,386][0m Trial 734 finished with value: 0.9203745307210912 and parameters: {'n_estimators': 193, 'min_samples_split': 0.21063723502192924, 'min_samples_leaf': 0.1412432178893407, 'min_weight_fraction_leaf': 0.016756751867817395, 'max_features': 0.8380096315362062, 'bootstrap': False, 'max_samples': 0.17220643543875644}. Best is trial 272 with value: 0.9207214438111938.[0m
[32m[I 2022-04-27 06:38:34,006][0m Trial 735 finished with value: 0.919974237116346 and parameters: {'n_estimators': 188, 'min_samples_split': 0.2166415835576051, 'min_samples_leaf': 0.1670887171072159, 'min_weight_fraction_leaf': 0.01197738796761083, 'max_features': 0.8469438533259763, 'bootstrap': False, 'max_samples': 0.20019878688998716}. Best is trial 272 with value: 0.9207214438111938.[0m
[32m[I 2022-04-27 06:49:04,565][0m Trial 736 finished with value: 0.9187717501796693 and parameters: {'n_estimators': 198, 'min_samples_split': 0.2282101869453575, 'min_samples_leaf': 0.15820799490220683, 'min_weight_fraction_leaf': 6.105789569263789e-05, 'max_features': 0.8892885630570514, 'bootstrap': False, 'max_samples': 0.098220284092957}. Best is trial 272 with value: 0.9207214438111938.[0m
[32m[I 2022-04-27 06:58:22,465][0m Trial 737 finished with value: 0.9192044382734826 and parameters: {'n_estimators': 170, 'min_samples_split': 0.21025728992459575, 'min_samples_leaf': 0.14672576744450017, 'min_weight_fraction_leaf': 0.01661364319631862, 'max_features': 0.8655114819696991, 'bootstrap': False, 'max_samples': 0.13491066053378553}. Best is trial 272 with value: 0.9207214438111938.[0m
[32m[I 2022-04-27 07:09:04,106][0m Trial 738 finished with value: 0.9203616170934698 and parameters: {'n_estimators': 192, 'min_samples_split': 0.22669802105097256, 'min_samples_leaf': 0.14256250545461796, 'min_weight_fraction_leaf': 0.0077777301731786425, 'max_features': 0.8377795663099203, 'bootstrap': False, 'max_samples': 0.19536523477831388}. Best is trial 272 with value: 0.9207214438111938.[0m
[32m[I 2022-04-27 07:12:47,383][0m Trial 739 finished with value: 0.8901553716772008 and parameters: {'n_estimators': 186, 'min_samples_split': 0.21542133172351352, 'min_samples_leaf': 0.3065372414562722, 'min_weight_fraction_leaf': 0.008720198605888203, 'max_features': 0.8303802872389043, 'bootstrap': False, 'max_samples': 0.180659676461217}. Best is trial 272 with value: 0.9207214438111938.[0m
[32m[I 2022-04-27 07:19:30,424][0m Trial 740 finished with value: 0.9160818648411295 and parameters: {'n_estimators': 192, 'min_samples_split': 0.22938822464273315, 'min_samples_leaf': 0.1498035613708275, 'min_weight_fraction_leaf': 0.01921821783918384, 'max_features': 0.501959764813064, 'bootstrap': False, 'max_samples': 0.21710306959632855}. Best is trial 272 with value: 0.9207214438111938.[0m
[32m[I 2022-04-27 07:30:49,689][0m Trial 741 finished with value: 0.919602340479029 and parameters: {'n_estimators': 205, 'min_samples_split': 0.2355073707453895, 'min_samples_leaf': 0.1389327749952715, 'min_weight_fraction_leaf': 0.0002529696520810976, 'max_features': 0.836859598605897, 'bootstrap': False, 'max_samples': 0.17850065117290578}. Best is trial 272 with value: 0.9207214438111938.[0m
[32m[I 2022-04-27 07:40:14,234][0m Trial 742 finished with value: 0.9200576339231009 and parameters: {'n_estimators': 193, 'min_samples_split': 0.20356096812418809, 'min_samples_leaf': 0.16686274701330103, 'min_weight_fraction_leaf': 0.011981093105098716, 'max_features': 0.8635078518792346, 'bootstrap': False, 'max_samples': 0.15369714996327083}. Best is trial 272 with value: 0.9207214438111938.[0m
[32m[I 2022-04-27 07:49:06,910][0m Trial 743 finished with value: 0.9195139543697328 and parameters: {'n_estimators': 180, 'min_samples_split': 0.2311982284009197, 'min_samples_leaf': 0.15629002907683795, 'min_weight_fraction_leaf': 0.030225934783391972, 'max_features': 0.8147567211457009, 'bootstrap': False, 'max_samples': 0.19436759393263675}. Best is trial 272 with value: 0.9207214438111938.[0m
[32m[I 2022-04-27 08:01:37,490][0m Trial 744 finished with value: 0.9196845465080041 and parameters: {'n_estimators': 201, 'min_samples_split': 0.18686516375931878, 'min_samples_leaf': 0.1292597270342721, 'min_weight_fraction_leaf': 0.010606463084712707, 'max_features': 0.8872413833532217, 'bootstrap': False, 'max_samples': 0.15504297321781357}. Best is trial 272 with value: 0.9207214438111938.[0m
[32m[I 2022-04-27 08:10:16,512][0m Trial 745 finished with value: 0.9177172172486324 and parameters: {'n_estimators': 211, 'min_samples_split': 0.211890603238476, 'min_samples_leaf': 0.1420795334285555, 'min_weight_fraction_leaf': 0.010274560752637158, 'max_features': 0.5738593133233906, 'bootstrap': False, 'max_samples': 0.22372528606988396}. Best is trial 272 with value: 0.9207214438111938.[0m
[32m[I 2022-04-27 08:21:19,926][0m Trial 746 finished with value: 0.9180104254854771 and parameters: {'n_estimators': 178, 'min_samples_split': 0.2526003546654405, 'min_samples_leaf': 0.1211057293530253, 'min_weight_fraction_leaf': 0.05389717160156911, 'max_features': 0.8397886793114291, 'bootstrap': False, 'max_samples': 0.20804962891881862}. Best is trial 272 with value: 0.9207214438111938.[0m
[32m[I 2022-04-27 08:26:04,120][0m Trial 747 finished with value: 0.9118472213362955 and parameters: {'n_estimators': 191, 'min_samples_split': 0.22864731853371154, 'min_samples_leaf': 0.1523353910979569, 'min_weight_fraction_leaf': 0.02203872579349335, 'max_features': 0.33179804026362525, 'bootstrap': False, 'max_samples': 0.16620469492617174}. Best is trial 272 with value: 0.9207214438111938.[0m
[32m[I 2022-04-27 08:51:32,610][0m Trial 748 finished with value: 0.9044705977733865 and parameters: {'n_estimators': 199, 'min_samples_split': 0.21930899022254896, 'min_samples_leaf': 0.010258267346595129, 'min_weight_fraction_leaf': 0.03357763955792581, 'max_features': 0.8210693781097139, 'bootstrap': False, 'max_samples': 0.1759458908539367}. Best is trial 272 with value: 0.9207214438111938.[0m
[32m[I 2022-04-27 08:52:02,265][0m Trial 749 finished with value: 0.25 and parameters: {'n_estimators': 184, 'min_samples_split': 0.19652864427495656, 'min_samples_leaf': 0.1302944182884245, 'min_weight_fraction_leaf': 0.0077663437307881255, 'max_features': 0.8542230878639128, 'bootstrap': True, 'max_samples': 0.13180293305127638, 'oob_score': True}. Best is trial 272 with value: 0.9207214438111938.[0m
[32m[I 2022-04-27 09:02:11,634][0m Trial 750 finished with value: 0.9196055114990067 and parameters: {'n_estimators': 177, 'min_samples_split': 0.22286592378398196, 'min_samples_leaf': 0.1405701980541856, 'min_weight_fraction_leaf': 0.04398172610300941, 'max_features': 0.8759178904326378, 'bootstrap': False, 'max_samples': 0.12169803681026795}. Best is trial 272 with value: 0.9207214438111938.[0m
[32m[I 2022-04-27 09:12:41,263][0m Trial 751 finished with value: 0.9199133245609342 and parameters: {'n_estimators': 214, 'min_samples_split': 0.223309165801141, 'min_samples_leaf': 0.16202812217241777, 'min_weight_fraction_leaf': 0.021432113420439672, 'max_features': 0.8416810375779571, 'bootstrap': False, 'max_samples': 0.20196056330957965}. Best is trial 272 with value: 0.9207214438111938.[0m
[32m[I 2022-04-27 09:24:51,002][0m Trial 752 finished with value: 0.9180091611416028 and parameters: {'n_estimators': 190, 'min_samples_split': 0.11647424513957891, 'min_samples_leaf': 0.12377347164350647, 'min_weight_fraction_leaf': 0.00020813699360383575, 'max_features': 0.9052819687004748, 'bootstrap': False, 'max_samples': 0.06617710558723645}. Best is trial 272 with value: 0.9207214438111938.[0m
[32m[I 2022-04-27 09:36:24,118][0m Trial 753 finished with value: 0.9182636014313077 and parameters: {'n_estimators': 166, 'min_samples_split': 0.17884129914916552, 'min_samples_leaf': 0.11204903737362812, 'min_weight_fraction_leaf': 0.016439008872956164, 'max_features': 0.8655153035324777, 'bootstrap': False, 'max_samples': 0.21613876052798608}. Best is trial 272 with value: 0.9207214438111938.[0m
[32m[I 2022-04-27 09:47:00,047][0m Trial 754 finished with value: 0.9199321381357519 and parameters: {'n_estimators': 202, 'min_samples_split': 0.23293769418538457, 'min_samples_leaf': 0.14775199231044375, 'min_weight_fraction_leaf': 0.057243100311603234, 'max_features': 0.8140744862677699, 'bootstrap': False, 'max_samples': 0.1922966951505159}. Best is trial 272 with value: 0.9207214438111938.[0m
[32m[I 2022-04-27 09:57:34,813][0m Trial 755 finished with value: 0.919771907238748 and parameters: {'n_estimators': 190, 'min_samples_split': 0.338493149842937, 'min_samples_leaf': 0.13596365763004825, 'min_weight_fraction_leaf': 0.03408113861207712, 'max_features': 0.831461715524855, 'bootstrap': False, 'max_samples': 0.234769189448934}. Best is trial 272 with value: 0.9207214438111938.[0m
