[32m[I 2022-04-29 14:55:00,234][0m Trial 79 finished with value: 0.8384935573625567 and parameters: {'n_estimators': 189, 'min_samples_split': 0.16225566094121452, 'min_samples_leaf': 0.15005495295310134, 'min_weight_fraction_leaf': 0.00475622165856697, 'max_features': 0.897837737321048, 'bootstrap': False, 'max_samples': 0.23531600142046805}. Best is trial 76 with value: 0.840253805927244.[0m
[32m[I 2022-04-29 15:09:43,033][0m Trial 80 finished with value: 0.8347586213994544 and parameters: {'n_estimators': 258, 'min_samples_split': 0.14091982305169115, 'min_samples_leaf': 0.11997401998292528, 'min_weight_fraction_leaf': 0.12518140886780088, 'max_features': 0.7863590496064646, 'bootstrap': False, 'max_samples': 0.07042598397632491}. Best is trial 76 with value: 0.840253805927244.[0m
[32m[I 2022-04-29 15:17:24,393][0m Trial 81 finished with value: 0.8346215437167471 and parameters: {'n_estimators': 180, 'min_samples_split': 0.1152971059987487, 'min_samples_leaf': 0.1721780313430788, 'min_weight_fraction_leaf': 0.019292550543961395, 'max_features': 0.7808386503418534, 'bootstrap': False, 'max_samples': 0.12423059424953162}. Best is trial 76 with value: 0.840253805927244.[0m
[32m[I 2022-04-29 15:26:15,609][0m Trial 82 finished with value: 0.8400450372749025 and parameters: {'n_estimators': 171, 'min_samples_split': 0.09351890961109452, 'min_samples_leaf': 0.15038897905330761, 'min_weight_fraction_leaf': 0.002641792452364497, 'max_features': 0.8551666663891737, 'bootstrap': False, 'max_samples': 0.15434321111476224}. Best is trial 76 with value: 0.840253805927244.[0m
[32m[I 2022-04-29 15:36:58,720][0m Trial 83 finished with value: 0.832778925355421 and parameters: {'n_estimators': 149, 'min_samples_split': 0.09528727014308025, 'min_samples_leaf': 0.10253942007264197, 'min_weight_fraction_leaf': 0.046933413643399605, 'max_features': 0.8477330889148053, 'bootstrap': False, 'max_samples': 0.1532024231394385}. Best is trial 76 with value: 0.840253805927244.[0m
[32m[I 2022-04-29 15:42:53,566][0m Trial 84 finished with value: 0.8085112530956161 and parameters: {'n_estimators': 159, 'min_samples_split': 0.07527040023870225, 'min_samples_leaf': 0.21124040947877415, 'min_weight_fraction_leaf': 0.06577379392849553, 'max_features': 0.8785490183831137, 'bootstrap': False, 'max_samples': 0.10846720673087946}. Best is trial 76 with value: 0.840253805927244.[0m
[32m[I 2022-04-29 15:49:40,972][0m Trial 85 finished with value: 0.8206744830977536 and parameters: {'n_estimators': 173, 'min_samples_split': 0.17685264170103118, 'min_samples_leaf': 0.18266874763662658, 'min_weight_fraction_leaf': 0.0035795055692614494, 'max_features': 0.7412028872382989, 'bootstrap': False, 'max_samples': 0.18528249627222607}. Best is trial 76 with value: 0.840253805927244.[0m
[32m[I 2022-04-29 15:56:52,641][0m Trial 86 finished with value: 0.8391233169198026 and parameters: {'n_estimators': 141, 'min_samples_split': 0.09470312396812486, 'min_samples_leaf': 0.15004904696618487, 'min_weight_fraction_leaf': 0.04527799530047249, 'max_features': 0.8056813994938029, 'bootstrap': False, 'max_samples': 0.22727238542586198}. Best is trial 76 with value: 0.840253805927244.[0m
[32m[I 2022-04-29 16:07:20,937][0m Trial 87 finished with value: 0.8355390996934748 and parameters: {'n_estimators': 198, 'min_samples_split': 0.05972396403921742, 'min_samples_leaf': 0.12226057190294833, 'min_weight_fraction_leaf': 0.026297903058272166, 'max_features': 0.6950795198237435, 'bootstrap': False, 'max_samples': 0.15804659247979458}. Best is trial 76 with value: 0.840253805927244.[0m
[32m[I 2022-04-29 17:25:24,279][0m Trial 88 finished with value: 0.8151691826518324 and parameters: {'n_estimators': 824, 'min_samples_split': 0.1709203346847105, 'min_samples_leaf': 0.07030442751162744, 'min_weight_fraction_leaf': 0.09956554352838762, 'max_features': 0.9549037302404656, 'bootstrap': False, 'max_samples': 0.06646135818392446}. Best is trial 76 with value: 0.840253805927244.[0m
[32m[I 2022-04-29 17:32:57,010][0m Trial 89 finished with value: 0.7380034240773143 and parameters: {'n_estimators': 222, 'min_samples_split': 0.11961967722697296, 'min_samples_leaf': 0.1661429255784373, 'min_weight_fraction_leaf': 0.38752392253404755, 'max_features': 0.8435940435595445, 'bootstrap': False, 'max_samples': 0.10850245596370844}. Best is trial 76 with value: 0.840253805927244.[0m
[32m[I 2022-04-29 17:33:11,320][0m Trial 90 finished with value: 0.5 and parameters: {'n_estimators': 182, 'min_samples_split': 0.13713735681361067, 'min_samples_leaf': 0.19411883989220446, 'min_weight_fraction_leaf': 0.07873318556682901, 'max_features': 0.9144060050886466, 'bootstrap': True, 'max_samples': 0.26326910194559555, 'oob_score': True}. Best is trial 76 with value: 0.840253805927244.[0m
[32m[I 2022-04-29 17:41:51,092][0m Trial 91 finished with value: 0.8398116671035603 and parameters: {'n_estimators': 172, 'min_samples_split': 0.11082323803894828, 'min_samples_leaf': 0.14499375551875437, 'min_weight_fraction_leaf': 0.01592481689812049, 'max_features': 0.767983036591763, 'bootstrap': False, 'max_samples': 0.032617379222936074}. Best is trial 76 with value: 0.840253805927244.[0m
[32m[I 2022-04-29 17:50:54,507][0m Trial 92 finished with value: 0.8397203587846018 and parameters: {'n_estimators': 164, 'min_samples_split': 0.2041822692486625, 'min_samples_leaf': 0.12752623697344107, 'min_weight_fraction_leaf': 0.023836045211272312, 'max_features': 0.7649682469304638, 'bootstrap': False, 'max_samples': 0.038312510637134076}. Best is trial 76 with value: 0.840253805927244.[0m
[32m[I 2022-04-29 18:01:04,947][0m Trial 93 finished with value: 0.8365534545467337 and parameters: {'n_estimators': 163, 'min_samples_split': 0.20815008175145433, 'min_samples_leaf': 0.11082332605775042, 'min_weight_fraction_leaf': 0.01107929466374389, 'max_features': 0.7628481526530784, 'bootstrap': False, 'max_samples': 0.08127412542338669}. Best is trial 76 with value: 0.840253805927244.[0m
[32m[I 2022-04-29 18:09:06,678][0m Trial 94 finished with value: 0.83961399299429 and parameters: {'n_estimators': 153, 'min_samples_split': 0.2082006002313158, 'min_samples_leaf': 0.14633407322836314, 'min_weight_fraction_leaf': 0.042531257887333196, 'max_features': 0.8059680336951043, 'bootstrap': False, 'max_samples': 0.05102637676296806}. Best is trial 76 with value: 0.840253805927244.[0m
[32m[I 2022-04-29 18:16:35,278][0m Trial 95 finished with value: 0.8391134645844783 and parameters: {'n_estimators': 148, 'min_samples_split': 0.20247077688774465, 'min_samples_leaf': 0.15023636244538452, 'min_weight_fraction_leaf': 0.024755851725623487, 'max_features': 0.8119453747617755, 'bootstrap': False, 'max_samples': 0.029104842292476146}. Best is trial 76 with value: 0.840253805927244.[0m
[32m[I 2022-04-29 18:47:40,071][0m Trial 96 finished with value: 0.8150519607303011 and parameters: {'n_estimators': 388, 'min_samples_split': 0.2229175115616329, 'min_samples_leaf': 0.09249104813268308, 'min_weight_fraction_leaf': 0.039850967191417536, 'max_features': 0.8915173667034606, 'bootstrap': False, 'max_samples': 0.056929320953410426}. Best is trial 76 with value: 0.840253805927244.[0m
[32m[I 2022-04-29 18:56:28,767][0m Trial 97 finished with value: 0.8231660865331685 and parameters: {'n_estimators': 188, 'min_samples_split': 0.18382570469938225, 'min_samples_leaf': 0.17448230489227437, 'min_weight_fraction_leaf': 0.02521554374871284, 'max_features': 0.8670635005339816, 'bootstrap': False, 'max_samples': 0.10420576661318615}. Best is trial 76 with value: 0.840253805927244.[0m
[32m[I 2022-04-29 19:03:52,541][0m Trial 98 finished with value: 0.8363934888192844 and parameters: {'n_estimators': 132, 'min_samples_split': 0.24022364979653033, 'min_samples_leaf': 0.12317315247621753, 'min_weight_fraction_leaf': 0.010296297429008852, 'max_features': 0.729173137535292, 'bootstrap': False, 'max_samples': 0.1878100002379934}. Best is trial 76 with value: 0.840253805927244.[0m
[32m[I 2022-04-29 19:10:09,343][0m Trial 99 finished with value: 0.812144465604183 and parameters: {'n_estimators': 174, 'min_samples_split': 0.14802038948379007, 'min_samples_leaf': 0.20530687953090215, 'min_weight_fraction_leaf': 0.06433164006516638, 'max_features': 0.7814826004817781, 'bootstrap': False, 'max_samples': 0.036012958335550675}. Best is trial 76 with value: 0.840253805927244.[0m
[32m[I 2022-04-29 19:16:36,095][0m Trial 100 finished with value: 0.8385913841305385 and parameters: {'n_estimators': 125, 'min_samples_split': 0.16550574437761492, 'min_samples_leaf': 0.14500779340491518, 'min_weight_fraction_leaf': 0.0013990446654082583, 'max_features': 0.751522205118786, 'bootstrap': False, 'max_samples': 0.14534862748052035}. Best is trial 76 with value: 0.840253805927244.[0m
[32m[I 2022-04-29 19:24:16,799][0m Trial 101 finished with value: 0.8387295955642962 and parameters: {'n_estimators': 159, 'min_samples_split': 0.10947550101936551, 'min_samples_leaf': 0.15690166617332, 'min_weight_fraction_leaf': 0.039199841893285674, 'max_features': 0.7959445723483586, 'bootstrap': False, 'max_samples': 0.12482965369463095}. Best is trial 76 with value: 0.840253805927244.[0m
[32m[I 2022-04-29 19:30:39,893][0m Trial 102 finished with value: 0.8216697455094378 and parameters: {'n_estimators': 151, 'min_samples_split': 0.1348724777139155, 'min_samples_leaf': 0.18898569195565817, 'min_weight_fraction_leaf': 0.027880648377233766, 'max_features': 0.8329618263638763, 'bootstrap': False, 'max_samples': 0.07284580191978021}. Best is trial 76 with value: 0.840253805927244.[0m
[32m[I 2022-04-29 19:32:40,391][0m Trial 103 finished with value: 0.8104163745385534 and parameters: {'n_estimators': 141, 'min_samples_split': 0.0801454812759088, 'min_samples_leaf': 0.22695992002250628, 'min_weight_fraction_leaf': 0.04488122971296892, 'max_features': 0.2847810490867785, 'bootstrap': False, 'max_samples': 0.08646674898941614}. Best is trial 76 with value: 0.840253805927244.[0m
[32m[I 2022-04-29 19:40:27,150][0m Trial 104 finished with value: 0.8401820839047334 and parameters: {'n_estimators': 169, 'min_samples_split': 0.2561269907932989, 'min_samples_leaf': 0.1665608508276196, 'min_weight_fraction_leaf': 0.07333187478752722, 'max_features': 0.8298314273626417, 'bootstrap': False, 'max_samples': 0.045712913501293535}. Best is trial 76 with value: 0.840253805927244.[0m
[32m[I 2022-04-29 19:49:52,184][0m Trial 105 finished with value: 0.8403948389969816 and parameters: {'n_estimators': 171, 'min_samples_split': 0.2586744136531029, 'min_samples_leaf': 0.13991983048396056, 'min_weight_fraction_leaf': 0.11435208758011936, 'max_features': 0.8573180619827965, 'bootstrap': False, 'max_samples': 0.6399614203792444}. Best is trial 105 with value: 0.8403948389969816.[0m
[32m[I 2022-04-29 20:00:09,952][0m Trial 106 finished with value: 0.8387944414531565 and parameters: {'n_estimators': 174, 'min_samples_split': 0.2532390726903761, 'min_samples_leaf': 0.14019817722982877, 'min_weight_fraction_leaf': 0.11336923446807509, 'max_features': 0.9294063759054663, 'bootstrap': False, 'max_samples': 0.6800071875499095}. Best is trial 105 with value: 0.8403948389969816.[0m
[32m[I 2022-04-29 20:00:38,222][0m Trial 107 finished with value: 0.5 and parameters: {'n_estimators': 189, 'min_samples_split': 0.27037311495966365, 'min_samples_leaf': 0.12630683329960338, 'min_weight_fraction_leaf': 0.05522961002128172, 'max_features': 0.6898057487205437, 'bootstrap': True, 'max_samples': 0.021135930753023495, 'oob_score': True}. Best is trial 105 with value: 0.8403948389969816.[0m
[32m[I 2022-04-29 20:10:34,817][0m Trial 108 finished with value: 0.8378637563474124 and parameters: {'n_estimators': 155, 'min_samples_split': 0.29963913317107377, 'min_samples_leaf': 0.11001721850829385, 'min_weight_fraction_leaf': 0.09603810139971936, 'max_features': 0.7686418459229172, 'bootstrap': False, 'max_samples': 0.04322228371296609}. Best is trial 105 with value: 0.8403948389969816.[0m
[32m[I 2022-04-29 20:19:55,280][0m Trial 109 finished with value: 0.8399919891512665 and parameters: {'n_estimators': 196, 'min_samples_split': 0.23823090931375573, 'min_samples_leaf': 0.1694927540497036, 'min_weight_fraction_leaf': 0.1350913098880821, 'max_features': 0.8732558828056717, 'bootstrap': False, 'max_samples': 0.6216340133293905}. Best is trial 105 with value: 0.8403948389969816.[0m
[32m[I 2022-04-29 20:30:15,503][0m Trial 110 finished with value: 0.8221231354341043 and parameters: {'n_estimators': 230, 'min_samples_split': 0.3227338488099829, 'min_samples_leaf': 0.1802479307287997, 'min_weight_fraction_leaf': 0.1331027950988808, 'max_features': 0.8704240866616536, 'bootstrap': False, 'max_samples': 0.6418212844823316}. Best is trial 105 with value: 0.8403948389969816.[0m
[32m[I 2022-04-29 20:39:20,338][0m Trial 111 finished with value: 0.8403575576697658 and parameters: {'n_estimators': 197, 'min_samples_split': 0.26432880905344996, 'min_samples_leaf': 0.16970322591013376, 'min_weight_fraction_leaf': 0.07254713513835818, 'max_features': 0.8545317295306033, 'bootstrap': False, 'max_samples': 0.7648632659790728}. Best is trial 105 with value: 0.8403948389969816.[0m
[32m[I 2022-04-29 20:48:47,084][0m Trial 112 finished with value: 0.8400929060367407 and parameters: {'n_estimators': 202, 'min_samples_split': 0.28633904396596244, 'min_samples_leaf': 0.16770246498929925, 'min_weight_fraction_leaf': 0.07872803880247257, 'max_features': 0.8503792017514877, 'bootstrap': False, 'max_samples': 0.7594788518868391}. Best is trial 105 with value: 0.8403948389969816.[0m
[32m[I 2022-04-29 20:59:18,030][0m Trial 113 finished with value: 0.83503770993544 and parameters: {'n_estimators': 201, 'min_samples_split': 0.2668362015102172, 'min_samples_leaf': 0.1690502261700504, 'min_weight_fraction_leaf': 0.08008022782713542, 'max_features': 0.9689659422724222, 'bootstrap': False, 'max_samples': 0.7671548659028969}. Best is trial 105 with value: 0.8403948389969816.[0m
[32m[I 2022-04-29 21:08:16,176][0m Trial 114 finished with value: 0.821247354788422 and parameters: {'n_estimators': 221, 'min_samples_split': 0.2333549207927115, 'min_samples_leaf': 0.1943066063131597, 'min_weight_fraction_leaf': 0.07165961157402816, 'max_features': 0.8549986244231468, 'bootstrap': False, 'max_samples': 0.8020269585026892}. Best is trial 105 with value: 0.8403948389969816.[0m
[32m[I 2022-04-29 21:17:13,551][0m Trial 115 finished with value: 0.8216671469923668 and parameters: {'n_estimators': 194, 'min_samples_split': 0.283713262928072, 'min_samples_leaf': 0.18163488953674978, 'min_weight_fraction_leaf': 0.14920359968434718, 'max_features': 0.8954573253304414, 'bootstrap': False, 'max_samples': 0.5847076159545075}. Best is trial 105 with value: 0.8403948389969816.[0m
[32m[I 2022-04-29 21:28:31,887][0m Trial 116 finished with value: 0.8394809541144352 and parameters: {'n_estimators': 185, 'min_samples_split': 0.2551976869031592, 'min_samples_leaf': 0.13471105651229345, 'min_weight_fraction_leaf': 0.061963491791942896, 'max_features': 0.9241290754931619, 'bootstrap': False, 'max_samples': 0.6863615832290141}. Best is trial 105 with value: 0.8403948389969816.[0m
[32m[I 2022-04-29 21:36:43,590][0m Trial 117 finished with value: 0.8390428822340606 and parameters: {'n_estimators': 167, 'min_samples_split': 0.2744320841523244, 'min_samples_leaf': 0.15889086654567733, 'min_weight_fraction_leaf': 0.09228402350141533, 'max_features': 0.8178803744571831, 'bootstrap': False, 'max_samples': 0.7648809693508644}. Best is trial 105 with value: 0.8403948389969816.[0m
[32m[I 2022-04-29 21:52:12,919][0m Trial 118 finished with value: 0.8397484179124914 and parameters: {'n_estimators': 240, 'min_samples_split': 0.29501269175095296, 'min_samples_leaf': 0.11538310488278605, 'min_weight_fraction_leaf': 0.1155453429538269, 'max_features': 0.8749286411417514, 'bootstrap': False, 'max_samples': 0.7423315398044861}. Best is trial 105 with value: 0.8403948389969816.[0m
[32m[I 2022-04-29 22:08:23,520][0m Trial 119 finished with value: 0.8375736194105861 and parameters: {'n_estimators': 241, 'min_samples_split': 0.2954210382055261, 'min_samples_leaf': 0.11635857041019276, 'min_weight_fraction_leaf': 0.11595036539720781, 'max_features': 0.9426294010601852, 'bootstrap': False, 'max_samples': 0.7542868266315722}. Best is trial 105 with value: 0.8403948389969816.[0m
[32m[I 2022-04-29 22:23:40,575][0m Trial 120 finished with value: 0.8354452251415875 and parameters: {'n_estimators': 205, 'min_samples_split': 0.34155102064773135, 'min_samples_leaf': 0.09281441391895305, 'min_weight_fraction_leaf': 0.08035509820754541, 'max_features': 0.8597512219526806, 'bootstrap': False, 'max_samples': 0.7377705894857594}. Best is trial 105 with value: 0.8403948389969816.[0m
[32m[I 2022-04-29 22:35:49,206][0m Trial 121 finished with value: 0.838928834483462 and parameters: {'n_estimators': 196, 'min_samples_split': 0.24591950553523906, 'min_samples_leaf': 0.1302228041935406, 'min_weight_fraction_leaf': 0.10762965857701984, 'max_features': 0.8884956472507225, 'bootstrap': False, 'max_samples': 0.7933550188925715}. Best is trial 105 with value: 0.8403948389969816.[0m
[32m[I 2022-04-29 22:46:38,633][0m Trial 122 finished with value: 0.8397754254682976 and parameters: {'n_estimators': 218, 'min_samples_split': 0.28048209933144197, 'min_samples_leaf': 0.15705002431452791, 'min_weight_fraction_leaf': 0.12820456777244157, 'max_features': 0.841720387219492, 'bootstrap': False, 'max_samples': 0.8298012635250932}. Best is trial 105 with value: 0.8403948389969816.[0m
[32m[I 2022-04-29 22:54:51,177][0m Trial 123 finished with value: 0.8399726572483026 and parameters: {'n_estimators': 180, 'min_samples_split': 0.30808069754943246, 'min_samples_leaf': 0.1705524738902696, 'min_weight_fraction_leaf': 0.14273663424775393, 'max_features': 0.8407632951538314, 'bootstrap': False, 'max_samples': 0.8511393809710064}. Best is trial 105 with value: 0.8403948389969816.[0m
[32m[I 2022-04-29 23:04:49,619][0m Trial 124 finished with value: 0.840134077582676 and parameters: {'n_estimators': 213, 'min_samples_split': 0.31883728112212656, 'min_samples_leaf': 0.16734619155009442, 'min_weight_fraction_leaf': 0.14158468366632904, 'max_features': 0.8400257928215996, 'bootstrap': False, 'max_samples': 0.8386654191169082}. Best is trial 105 with value: 0.8403948389969816.[0m
[32m[I 2022-04-29 23:14:27,651][0m Trial 125 finished with value: 0.8383479783786422 and parameters: {'n_estimators': 212, 'min_samples_split': 0.32780944223956754, 'min_samples_leaf': 0.17169464014625083, 'min_weight_fraction_leaf': 0.13532240010187607, 'max_features': 0.8415328416021882, 'bootstrap': False, 'max_samples': 0.8510599465826361}. Best is trial 105 with value: 0.8403948389969816.[0m
[32m[I 2022-04-29 23:22:21,960][0m Trial 126 finished with value: 0.8219811911870256 and parameters: {'n_estimators': 177, 'min_samples_split': 0.31397759066237046, 'min_samples_leaf': 0.18887002864646155, 'min_weight_fraction_leaf': 0.15815733454877726, 'max_features': 0.9083337910783386, 'bootstrap': False, 'max_samples': 0.9063675317220978}. Best is trial 105 with value: 0.8403948389969816.[0m
[32m[I 2022-04-29 23:23:24,021][0m Trial 127 finished with value: 0.7486440272312086 and parameters: {'n_estimators': 217, 'min_samples_split': 0.3641970555843188, 'min_samples_leaf': 0.20503944095697882, 'min_weight_fraction_leaf': 0.14724740930112784, 'max_features': 0.8264463047546281, 'bootstrap': True, 'max_samples': 0.8114619660840733, 'oob_score': True}. Best is trial 105 with value: 0.8403948389969816.[0m
[32m[I 2022-04-29 23:32:41,458][0m Trial 128 finished with value: 0.839579074977969 and parameters: {'n_estimators': 184, 'min_samples_split': 0.2882000010164811, 'min_samples_leaf': 0.1568190763463413, 'min_weight_fraction_leaf': 0.13819732506374952, 'max_features': 0.846714891653043, 'bootstrap': False, 'max_samples': 0.8438088603564448}. Best is trial 105 with value: 0.8403948389969816.[0m
[32m[I 2022-04-29 23:42:21,498][0m Trial 129 finished with value: 0.839714196907182 and parameters: {'n_estimators': 204, 'min_samples_split': 0.30804230476116506, 'min_samples_leaf': 0.1683390811925311, 'min_weight_fraction_leaf': 0.12600356219410042, 'max_features': 0.8763156086418747, 'bootstrap': False, 'max_samples': 0.8569166984941067}. Best is trial 105 with value: 0.8403948389969816.[0m
[32m[I 2022-04-29 23:50:16,572][0m Trial 130 finished with value: 0.806301010966482 and parameters: {'n_estimators': 193, 'min_samples_split': 0.27789135965674017, 'min_samples_leaf': 0.17862681580208536, 'min_weight_fraction_leaf': 0.22326145404657968, 'max_features': 0.8125708958733461, 'bootstrap': False, 'max_samples': 0.8791794295736152}. Best is trial 105 with value: 0.8403948389969816.[0m
[32m[I 2022-04-30 00:04:29,329][0m Trial 131 finished with value: 0.8388356629928216 and parameters: {'n_estimators': 251, 'min_samples_split': 0.25995414671599926, 'min_samples_leaf': 0.14052036375372254, 'min_weight_fraction_leaf': 0.10233690461155953, 'max_features': 0.8705296491981029, 'bootstrap': False, 'max_samples': 0.9347313435318909}. Best is trial 105 with value: 0.8403948389969816.[0m
[32m[I 2022-04-30 00:16:43,683][0m Trial 132 finished with value: 0.8397228364815579 and parameters: {'n_estimators': 239, 'min_samples_split': 0.3351626542225421, 'min_samples_leaf': 0.15292040972090373, 'min_weight_fraction_leaf': 0.12072494719335229, 'max_features': 0.8507613767908505, 'bootstrap': False, 'max_samples': 0.8232458208733031}. Best is trial 105 with value: 0.8403948389969816.[0m
