[32m[I 2022-04-30 08:42:04,899][0m Trial 187 finished with value: 0.8223537396354302 and parameters: {'n_estimators': 129, 'min_samples_split': 0.10207382928886596, 'min_samples_leaf': 0.175673519253013, 'min_weight_fraction_leaf': 0.10368264114910893, 'max_features': 0.7856654839309122, 'bootstrap': False, 'max_samples': 0.219334870051768}. Best is trial 105 with value: 0.8403948389969816.[0m
[32m[I 2022-04-30 08:52:24,774][0m Trial 188 finished with value: 0.8396018258902211 and parameters: {'n_estimators': 191, 'min_samples_split': 0.3003057470216655, 'min_samples_leaf': 0.14592972894395537, 'min_weight_fraction_leaf': 0.049902677598998524, 'max_features': 0.8788929728406351, 'bootstrap': False, 'max_samples': 0.840792689287646}. Best is trial 105 with value: 0.8403948389969816.[0m
[32m[I 2022-04-30 08:57:55,009][0m Trial 189 finished with value: 0.8368136290366961 and parameters: {'n_estimators': 120, 'min_samples_split': 0.24418608888547655, 'min_samples_leaf': 0.1588346807756769, 'min_weight_fraction_leaf': 0.008672322299131728, 'max_features': 0.74521815551906, 'bootstrap': False, 'max_samples': 0.8025365246300704}. Best is trial 105 with value: 0.8403948389969816.[0m
[32m[I 2022-04-30 08:58:03,094][0m Trial 190 finished with value: 0.7119674160695324 and parameters: {'n_estimators': 209, 'min_samples_split': 0.3155920329689498, 'min_samples_leaf': 0.49384801012443935, 'min_weight_fraction_leaf': 0.07579418181869922, 'max_features': 0.8203711939882353, 'bootstrap': False, 'max_samples': 0.3519440128900395}. Best is trial 105 with value: 0.8403948389969816.[0m
[32m[I 2022-04-30 09:05:37,825][0m Trial 191 finished with value: 0.8394584511967367 and parameters: {'n_estimators': 146, 'min_samples_split': 0.26381812070459043, 'min_samples_leaf': 0.15311244549415154, 'min_weight_fraction_leaf': 0.034594665084895664, 'max_features': 0.8426326257136011, 'bootstrap': False, 'max_samples': 0.376643372873562}. Best is trial 105 with value: 0.8403948389969816.[0m
[32m[I 2022-04-30 09:14:45,437][0m Trial 192 finished with value: 0.8390142419877253 and parameters: {'n_estimators': 157, 'min_samples_split': 0.27586674992831944, 'min_samples_leaf': 0.13297876590811944, 'min_weight_fraction_leaf': 0.00010367910315428955, 'max_features': 0.8387991077256752, 'bootstrap': False, 'max_samples': 0.4193144286918073}. Best is trial 105 with value: 0.8403948389969816.[0m
[32m[I 2022-04-30 09:24:07,122][0m Trial 193 finished with value: 0.8403581070749262 and parameters: {'n_estimators': 177, 'min_samples_split': 0.25248225164597554, 'min_samples_leaf': 0.1475076564298679, 'min_weight_fraction_leaf': 0.027512019257840577, 'max_features': 0.8541418006365415, 'bootstrap': False, 'max_samples': 0.40116108133047157}. Best is trial 105 with value: 0.8403948389969816.[0m
[32m[I 2022-04-30 09:32:39,993][0m Trial 194 finished with value: 0.839587856558287 and parameters: {'n_estimators': 178, 'min_samples_split': 0.28994476549957926, 'min_samples_leaf': 0.1677304455947129, 'min_weight_fraction_leaf': 0.011980944954473573, 'max_features': 0.8656527255928774, 'bootstrap': False, 'max_samples': 0.3907538828021586}. Best is trial 105 with value: 0.8403948389969816.[0m
[32m[I 2022-04-30 09:41:41,411][0m Trial 195 finished with value: 0.8213711090290227 and parameters: {'n_estimators': 196, 'min_samples_split': 0.25241951169663684, 'min_samples_leaf': 0.18346191156399552, 'min_weight_fraction_leaf': 0.024471852447724714, 'max_features': 0.9022093809250314, 'bootstrap': False, 'max_samples': 0.7463049840247721}. Best is trial 105 with value: 0.8403948389969816.[0m
[32m[I 2022-04-30 09:50:44,232][0m Trial 196 finished with value: 0.8396753823461935 and parameters: {'n_estimators': 171, 'min_samples_split': 0.23138809051286072, 'min_samples_leaf': 0.14221950716194773, 'min_weight_fraction_leaf': 0.04600428015510658, 'max_features': 0.8098772778978949, 'bootstrap': False, 'max_samples': 0.8838010966640163}. Best is trial 105 with value: 0.8403948389969816.[0m
[32m[I 2022-04-30 09:56:02,825][0m Trial 197 finished with value: 0.7844126637278828 and parameters: {'n_estimators': 183, 'min_samples_split': 0.2758378227330278, 'min_samples_leaf': 0.2595217394828234, 'min_weight_fraction_leaf': 0.06318310354054738, 'max_features': 0.8821854502723215, 'bootstrap': False, 'max_samples': 0.13996308929075432}. Best is trial 105 with value: 0.8403948389969816.[0m
[32m[I 2022-04-30 10:04:19,026][0m Trial 198 finished with value: 0.8393288903102611 and parameters: {'n_estimators': 163, 'min_samples_split': 0.11583515677244298, 'min_samples_leaf': 0.15659623859686161, 'min_weight_fraction_leaf': 0.11187646827399177, 'max_features': 0.8502170897623982, 'bootstrap': False, 'max_samples': 0.6864578186735368}. Best is trial 105 with value: 0.8403948389969816.[0m
[32m[I 2022-04-30 10:16:23,365][0m Trial 199 finished with value: 0.8383380752389819 and parameters: {'n_estimators': 216, 'min_samples_split': 0.2848314561131088, 'min_samples_leaf': 0.13425813656499017, 'min_weight_fraction_leaf': 0.08505234943728211, 'max_features': 0.8186858504814878, 'bootstrap': False, 'max_samples': 0.9129601593147438}. Best is trial 105 with value: 0.8403948389969816.[0m
[32m[I 2022-04-30 10:25:06,430][0m Trial 200 finished with value: 0.8390379277692992 and parameters: {'n_estimators': 176, 'min_samples_split': 0.30338849572647947, 'min_samples_leaf': 0.1651816774673505, 'min_weight_fraction_leaf': 0.026703755178911378, 'max_features': 0.867207594717601, 'bootstrap': False, 'max_samples': 0.7797770045407196}. Best is trial 105 with value: 0.8403948389969816.[0m
[32m[I 2022-04-30 10:32:43,336][0m Trial 201 finished with value: 0.8403094357922944 and parameters: {'n_estimators': 141, 'min_samples_split': 0.26012989342270004, 'min_samples_leaf': 0.14673636239904328, 'min_weight_fraction_leaf': 0.04997538754931401, 'max_features': 0.8406922007771948, 'bootstrap': False, 'max_samples': 0.4292323943248589}. Best is trial 105 with value: 0.8403948389969816.[0m
[32m[I 2022-04-30 10:39:56,317][0m Trial 202 finished with value: 0.8392295092369574 and parameters: {'n_estimators': 137, 'min_samples_split': 0.2474184789849366, 'min_samples_leaf': 0.14791525029960567, 'min_weight_fraction_leaf': 0.05339414292711762, 'max_features': 0.8338301699828231, 'bootstrap': False, 'max_samples': 0.4287082185828957}. Best is trial 105 with value: 0.8403948389969816.[0m
[32m[I 2022-04-30 10:49:36,958][0m Trial 203 finished with value: 0.8395376070556075 and parameters: {'n_estimators': 151, 'min_samples_split': 0.2656445234946169, 'min_samples_leaf': 0.11731914586788939, 'min_weight_fraction_leaf': 0.03976164546384629, 'max_features': 0.8565207827995481, 'bootstrap': False, 'max_samples': 0.48289549174465735}. Best is trial 105 with value: 0.8403948389969816.[0m
[32m[I 2022-04-30 10:58:30,186][0m Trial 204 finished with value: 0.8228129273747582 and parameters: {'n_estimators': 205, 'min_samples_split': 0.2582343708087358, 'min_samples_leaf': 0.17617996187218937, 'min_weight_fraction_leaf': 0.07174180010571023, 'max_features': 0.799620581613642, 'bootstrap': False, 'max_samples': 0.44096075540104357}. Best is trial 105 with value: 0.8403948389969816.[0m
[32m[I 2022-04-30 11:10:17,662][0m Trial 205 finished with value: 0.8377843721096415 and parameters: {'n_estimators': 225, 'min_samples_split': 0.15642223785211926, 'min_samples_leaf': 0.15706303919863615, 'min_weight_fraction_leaf': 0.057464447631158315, 'max_features': 0.8860077021105988, 'bootstrap': False, 'max_samples': 0.46376866361470154}. Best is trial 105 with value: 0.8403948389969816.[0m
[32m[I 2022-04-30 11:16:58,448][0m Trial 206 finished with value: 0.8358387809650776 and parameters: {'n_estimators': 111, 'min_samples_split': 0.23973279648255866, 'min_samples_leaf': 0.12687560466146305, 'min_weight_fraction_leaf': 0.04798339429778039, 'max_features': 0.8294959874151905, 'bootstrap': False, 'max_samples': 0.501031141835145}. Best is trial 105 with value: 0.8403948389969816.[0m
[32m[I 2022-04-30 11:27:12,697][0m Trial 207 finished with value: 0.8406988072610687 and parameters: {'n_estimators': 190, 'min_samples_split': 0.06915057608987318, 'min_samples_leaf': 0.14372280625184775, 'min_weight_fraction_leaf': 0.13827080243008436, 'max_features': 0.8593800283286793, 'bootstrap': False, 'max_samples': 0.3301576094971816}. Best is trial 207 with value: 0.8406988072610687.[0m
[32m[I 2022-04-30 11:36:56,541][0m Trial 208 finished with value: 0.8389361900305425 and parameters: {'n_estimators': 195, 'min_samples_split': 0.07320441263338207, 'min_samples_leaf': 0.14673084262959254, 'min_weight_fraction_leaf': 0.16302367559918418, 'max_features': 0.7863928427502018, 'bootstrap': False, 'max_samples': 0.4006326283862094}. Best is trial 207 with value: 0.8406988072610687.[0m
[32m[I 2022-04-30 11:37:10,444][0m Trial 209 finished with value: 0.7248914751046243 and parameters: {'n_estimators': 187, 'min_samples_split': 0.08551069707468237, 'min_samples_leaf': 0.13617090783437208, 'min_weight_fraction_leaf': 0.14306531899739847, 'max_features': 0.8463460142110113, 'bootstrap': True, 'max_samples': 0.3151464729934476, 'oob_score': True}. Best is trial 207 with value: 0.8406988072610687.[0m
[32m[I 2022-04-30 11:44:58,934][0m Trial 210 finished with value: 0.8391021868643055 and parameters: {'n_estimators': 167, 'min_samples_split': 0.10616488567160373, 'min_samples_leaf': 0.16496341728484673, 'min_weight_fraction_leaf': 0.018755217450959795, 'max_features': 0.817088423159622, 'bootstrap': False, 'max_samples': 0.3339868847261949}. Best is trial 207 with value: 0.8406988072610687.[0m
[32m[I 2022-04-30 11:54:49,772][0m Trial 211 finished with value: 0.8396384969578478 and parameters: {'n_estimators': 177, 'min_samples_split': 0.061734101936532816, 'min_samples_leaf': 0.14405126806901003, 'min_weight_fraction_leaf': 0.1264446612834052, 'max_features': 0.863643736603775, 'bootstrap': False, 'max_samples': 0.28099548013863296}. Best is trial 207 with value: 0.8406988072610687.[0m
[32m[I 2022-04-30 12:05:25,395][0m Trial 212 finished with value: 0.8374318363938402 and parameters: {'n_estimators': 199, 'min_samples_split': 0.09102866447484476, 'min_samples_leaf': 0.15643640143417467, 'min_weight_fraction_leaf': 0.1313366332954629, 'max_features': 0.9000154104799805, 'bootstrap': False, 'max_samples': 0.3733546577745954}. Best is trial 207 with value: 0.8406988072610687.[0m
[32m[I 2022-04-30 12:14:26,524][0m Trial 213 finished with value: 0.8394598226996232 and parameters: {'n_estimators': 158, 'min_samples_split': 0.2723872469498262, 'min_samples_leaf': 0.1390386465043649, 'min_weight_fraction_leaf': 0.1388729450352667, 'max_features': 0.8828517213224822, 'bootstrap': False, 'max_samples': 0.8676846756910117}. Best is trial 207 with value: 0.8406988072610687.[0m
[32m[I 2022-04-30 12:15:14,334][0m Trial 214 finished with value: 0.7173062668264404 and parameters: {'n_estimators': 189, 'min_samples_split': 0.2932634964518531, 'min_samples_leaf': 0.4534117231293755, 'min_weight_fraction_leaf': 0.06901122826301939, 'max_features': 0.8422278588293111, 'bootstrap': False, 'max_samples': 0.4255897227636838}. Best is trial 207 with value: 0.8406988072610687.[0m
[32m[I 2022-04-30 12:23:58,791][0m Trial 215 finished with value: 0.8383506939568546 and parameters: {'n_estimators': 140, 'min_samples_split': 0.283034111951191, 'min_samples_leaf': 0.12299726743477277, 'min_weight_fraction_leaf': 0.04116497692006707, 'max_features': 0.8651249365038982, 'bootstrap': False, 'max_samples': 0.4051323092994355}. Best is trial 207 with value: 0.8406988072610687.[0m
[32m[I 2022-04-30 12:32:29,483][0m Trial 216 finished with value: 0.8234123173026304 and parameters: {'n_estimators': 171, 'min_samples_split': 0.04794670300193263, 'min_samples_leaf': 0.1740461556901996, 'min_weight_fraction_leaf': 0.1491281881017228, 'max_features': 0.9186785797366033, 'bootstrap': False, 'max_samples': 0.45125447453705264}. Best is trial 207 with value: 0.8406988072610687.[0m
[32m[I 2022-04-30 12:41:54,482][0m Trial 217 finished with value: 0.8395423359769014 and parameters: {'n_estimators': 182, 'min_samples_split': 0.13026748568900431, 'min_samples_leaf': 0.15072167942255457, 'min_weight_fraction_leaf': 0.03274949633736983, 'max_features': 0.826495985768602, 'bootstrap': False, 'max_samples': 0.09224598393875177}. Best is trial 207 with value: 0.8406988072610687.[0m
[32m[I 2022-04-30 12:52:23,474][0m Trial 218 finished with value: 0.8397241110460124 and parameters: {'n_estimators': 213, 'min_samples_split': 0.25410195783655415, 'min_samples_leaf': 0.15959035492943333, 'min_weight_fraction_leaf': 0.08419106053081063, 'max_features': 0.8582385958250671, 'bootstrap': False, 'max_samples': 0.12832737865866595}. Best is trial 207 with value: 0.8406988072610687.[0m
[32m[I 2022-04-30 12:59:51,159][0m Trial 219 finished with value: 0.8392645400966906 and parameters: {'n_estimators': 132, 'min_samples_split': 0.014337282166510285, 'min_samples_leaf': 0.1326617333990161, 'min_weight_fraction_leaf': 0.06389138997821617, 'max_features': 0.8057933967127853, 'bootstrap': False, 'max_samples': 0.19660106105292585}. Best is trial 207 with value: 0.8406988072610687.[0m
[32m[I 2022-04-30 13:07:09,183][0m Trial 220 finished with value: 0.8216128854930005 and parameters: {'n_estimators': 163, 'min_samples_split': 0.270084571333821, 'min_samples_leaf': 0.18854957331206756, 'min_weight_fraction_leaf': 0.05134390241492453, 'max_features': 0.8846210334194742, 'bootstrap': False, 'max_samples': 0.8380298275736437}. Best is trial 207 with value: 0.8406988072610687.[0m
[32m[I 2022-04-30 13:15:16,012][0m Trial 221 finished with value: 0.8398507089150078 and parameters: {'n_estimators': 151, 'min_samples_split': 0.2618218461396882, 'min_samples_leaf': 0.14985688748308806, 'min_weight_fraction_leaf': 0.025070401076251487, 'max_features': 0.8387996374898691, 'bootstrap': False, 'max_samples': 0.39084560538345847}. Best is trial 207 with value: 0.8406988072610687.[0m
[32m[I 2022-04-30 13:23:43,867][0m Trial 222 finished with value: 0.8404132002639054 and parameters: {'n_estimators': 157, 'min_samples_split': 0.2587923500361292, 'min_samples_leaf': 0.14656440591361897, 'min_weight_fraction_leaf': 0.010388250764405135, 'max_features': 0.8376057244557281, 'bootstrap': False, 'max_samples': 0.384842919501083}. Best is trial 207 with value: 0.8406988072610687.[0m
[32m[I 2022-04-30 13:31:50,415][0m Trial 223 finished with value: 0.8394095489133836 and parameters: {'n_estimators': 155, 'min_samples_split': 0.2605370010989271, 'min_samples_leaf': 0.14728318120078346, 'min_weight_fraction_leaf': 0.010537301021222084, 'max_features': 0.8314750068532349, 'bootstrap': False, 'max_samples': 0.36086007661636404}. Best is trial 207 with value: 0.8406988072610687.[0m
[32m[I 2022-04-30 13:39:03,581][0m Trial 224 finished with value: 0.8391858750201153 and parameters: {'n_estimators': 147, 'min_samples_split': 0.24900030772707318, 'min_samples_leaf': 0.16301777650124877, 'min_weight_fraction_leaf': 0.01917352273113274, 'max_features': 0.8429718228408264, 'bootstrap': False, 'max_samples': 0.38273831056111557}. Best is trial 207 with value: 0.8406988072610687.[0m
[32m[I 2022-04-30 13:46:56,053][0m Trial 225 finished with value: 0.839270391432579 and parameters: {'n_estimators': 150, 'min_samples_split': 0.27337572236123353, 'min_samples_leaf': 0.14883552305185185, 'min_weight_fraction_leaf': 0.027774135871229004, 'max_features': 0.8185244548620771, 'bootstrap': False, 'max_samples': 0.39884699675433316}. Best is trial 207 with value: 0.8406988072610687.[0m
[32m[I 2022-04-30 13:53:59,079][0m Trial 226 finished with value: 0.839291977212954 and parameters: {'n_estimators': 161, 'min_samples_split': 0.24425412342047245, 'min_samples_leaf': 0.17070632636003819, 'min_weight_fraction_leaf': 0.011996418676173846, 'max_features': 0.7710003339744632, 'bootstrap': False, 'max_samples': 0.4206749746552198}. Best is trial 207 with value: 0.8406988072610687.[0m
[32m[I 2022-04-30 14:02:07,549][0m Trial 227 finished with value: 0.840518912148767 and parameters: {'n_estimators': 143, 'min_samples_split': 0.2580964008955461, 'min_samples_leaf': 0.14002970808047618, 'min_weight_fraction_leaf': 0.0026300476076614523, 'max_features': 0.8535591073607999, 'bootstrap': False, 'max_samples': 0.4343022156618895}. Best is trial 207 with value: 0.8406988072610687.[0m
[32m[I 2022-04-30 14:10:09,700][0m Trial 228 finished with value: 0.8398600913016979 and parameters: {'n_estimators': 141, 'min_samples_split': 0.2289239274460219, 'min_samples_leaf': 0.1396867987255783, 'min_weight_fraction_leaf': 0.0057117860727635, 'max_features': 0.8610637566396693, 'bootstrap': False, 'max_samples': 0.3807055562267041}. Best is trial 207 with value: 0.8406988072610687.[0m
[32m[I 2022-04-30 14:17:56,701][0m Trial 229 finished with value: 0.8410611343049931 and parameters: {'n_estimators': 137, 'min_samples_split': 0.22024667944067366, 'min_samples_leaf': 0.13761561734321867, 'min_weight_fraction_leaf': 0.0016292740583569937, 'max_features': 0.8604623867680854, 'bootstrap': False, 'max_samples': 0.3445648510106533}. Best is trial 229 with value: 0.8410611343049931.[0m
[32m[I 2022-04-30 14:26:15,604][0m Trial 230 finished with value: 0.8379020351559177 and parameters: {'n_estimators': 139, 'min_samples_split': 0.2225228814510154, 'min_samples_leaf': 0.1315992141178987, 'min_weight_fraction_leaf': 0.0007197816719624489, 'max_features': 0.8636328060035358, 'bootstrap': False, 'max_samples': 0.3479127587054786}. Best is trial 229 with value: 0.8410611343049931.[0m
[32m[I 2022-04-30 14:33:52,709][0m Trial 231 finished with value: 0.8405454285327089 and parameters: {'n_estimators': 135, 'min_samples_split': 0.23061650823970897, 'min_samples_leaf': 0.1409263254882126, 'min_weight_fraction_leaf': 0.007775252335958575, 'max_features': 0.8566935237467579, 'bootstrap': False, 'max_samples': 0.3773412307085546}. Best is trial 229 with value: 0.8410611343049931.[0m
[32m[I 2022-04-30 14:41:32,127][0m Trial 232 finished with value: 0.8412722171681117 and parameters: {'n_estimators': 131, 'min_samples_split': 0.21414062836921924, 'min_samples_leaf': 0.1362950906810527, 'min_weight_fraction_leaf': 0.0008891133973771804, 'max_features': 0.8595833045780165, 'bootstrap': False, 'max_samples': 0.3720781787917876}. Best is trial 232 with value: 0.8412722171681117.[0m
[32m[I 2022-04-30 14:49:11,622][0m Trial 233 finished with value: 0.8394177680784422 and parameters: {'n_estimators': 128, 'min_samples_split': 0.21068831593226842, 'min_samples_leaf': 0.13649945440733835, 'min_weight_fraction_leaf': 0.0009703381814509665, 'max_features': 0.8651324229853965, 'bootstrap': False, 'max_samples': 0.3276971820419498}. Best is trial 232 with value: 0.8412722171681117.[0m
[32m[I 2022-04-30 14:57:58,787][0m Trial 234 finished with value: 0.8357762457700397 and parameters: {'n_estimators': 134, 'min_samples_split': 0.22568849729224774, 'min_samples_leaf': 0.12350722446269169, 'min_weight_fraction_leaf': 0.00986705917319133, 'max_features': 0.8838084237348286, 'bootstrap': False, 'max_samples': 0.36807859917405045}. Best is trial 232 with value: 0.8412722171681117.[0m
[32m[I 2022-04-30 15:04:57,942][0m Trial 235 finished with value: 0.8410464347174236 and parameters: {'n_estimators': 123, 'min_samples_split': 0.23247142813977384, 'min_samples_leaf': 0.13814532788349312, 'min_weight_fraction_leaf': 0.007565808220099867, 'max_features': 0.8560526996881554, 'bootstrap': False, 'max_samples': 0.3517953569125257}. Best is trial 232 with value: 0.8412722171681117.[0m
[32m[I 2022-04-30 15:12:25,954][0m Trial 236 finished with value: 0.8366349695526539 and parameters: {'n_estimators': 117, 'min_samples_split': 0.24203807060285984, 'min_samples_leaf': 0.1265948604536323, 'min_weight_fraction_leaf': 0.014528986643496099, 'max_features': 0.9010522298124379, 'bootstrap': False, 'max_samples': 0.35504645279314956}. Best is trial 232 with value: 0.8412722171681117.[0m
[32m[I 2022-04-30 15:19:22,550][0m Trial 237 finished with value: 0.8406600479405973 and parameters: {'n_estimators': 123, 'min_samples_split': 0.22139116076250248, 'min_samples_leaf': 0.13952891832314962, 'min_weight_fraction_leaf': 0.00690804443334211, 'max_features': 0.8535565968862665, 'bootstrap': False, 'max_samples': 0.34536131222211364}. Best is trial 232 with value: 0.8412722171681117.[0m
[32m[I 2022-04-30 15:26:52,521][0m Trial 238 finished with value: 0.8405119052832829 and parameters: {'n_estimators': 132, 'min_samples_split': 0.1928059848946542, 'min_samples_leaf': 0.14022856557743124, 'min_weight_fraction_leaf': 0.0019873816686870665, 'max_features': 0.853935653681724, 'bootstrap': False, 'max_samples': 0.3108864137869702}. Best is trial 232 with value: 0.8412722171681117.[0m
[32m[I 2022-04-30 15:33:03,310][0m Trial 239 finished with value: 0.840429826965299 and parameters: {'n_estimators': 107, 'min_samples_split': 0.2181031936809569, 'min_samples_leaf': 0.1358871692169123, 'min_weight_fraction_leaf': 0.00021049743285837634, 'max_features': 0.8566557314742044, 'bootstrap': False, 'max_samples': 0.30107979216437725}. Best is trial 232 with value: 0.8412722171681117.[0m
[32m[I 2022-04-30 15:40:31,927][0m Trial 240 finished with value: 0.8384773277926776 and parameters: {'n_estimators': 122, 'min_samples_split': 0.2011761098892618, 'min_samples_leaf': 0.13256865469454113, 'min_weight_fraction_leaf': 0.0005061203915951948, 'max_features': 0.8781978792659002, 'bootstrap': False, 'max_samples': 0.319252940027241}. Best is trial 232 with value: 0.8412722171681117.[0m
