[32m[I 2022-04-24 07:52:09,023][0m Trial 270 finished with value: 0.9110214265988826 and parameters: {'n_estimators': 338, 'min_samples_split': 0.08348165622147477, 'min_samples_leaf': 0.17934525757046108, 'min_weight_fraction_leaf': 0.0427815105257054, 'max_features': 0.8242436278074015, 'bootstrap': False, 'max_samples': 0.9623885377244485}. Best is trial 111 with value: 0.9202710050082409.[0m
[32m[I 2022-04-24 08:05:51,994][0m Trial 271 finished with value: 0.903344566449565 and parameters: {'n_estimators': 270, 'min_samples_split': 0.05652562554904762, 'min_samples_leaf': 0.1468047825751841, 'min_weight_fraction_leaf': 0.22978523780731402, 'max_features': 0.8750153764832511, 'bootstrap': False, 'max_samples': 0.03737467771313728}. Best is trial 111 with value: 0.9202710050082409.[0m
[32m[I 2022-04-24 08:17:21,263][0m Trial 272 finished with value: 0.9207214438111938 and parameters: {'n_estimators': 205, 'min_samples_split': 0.020291985051448524, 'min_samples_leaf': 0.1385578826583956, 'min_weight_fraction_leaf': 0.008989451494319872, 'max_features': 0.8506371302781686, 'bootstrap': False, 'max_samples': 0.9787021656147553}. Best is trial 272 with value: 0.9207214438111938.[0m
[32m[I 2022-04-24 08:29:13,844][0m Trial 273 finished with value: 0.9205540208441562 and parameters: {'n_estimators': 208, 'min_samples_split': 0.1880152881757649, 'min_samples_leaf': 0.13522442110836483, 'min_weight_fraction_leaf': 0.007084625205515466, 'max_features': 0.8538581359947618, 'bootstrap': False, 'max_samples': 0.9126705569420775}. Best is trial 272 with value: 0.9207214438111938.[0m
[32m[I 2022-04-24 08:40:47,736][0m Trial 274 finished with value: 0.9194261429550148 and parameters: {'n_estimators': 185, 'min_samples_split': 0.014083986144853556, 'min_samples_leaf': 0.13056562318032383, 'min_weight_fraction_leaf': 0.007006017748144227, 'max_features': 0.8917237356393573, 'bootstrap': False, 'max_samples': 0.3127379451349148}. Best is trial 272 with value: 0.9207214438111938.[0m
[32m[I 2022-04-24 08:53:24,685][0m Trial 275 finished with value: 0.9180666554304567 and parameters: {'n_estimators': 200, 'min_samples_split': 0.17069308995275584, 'min_samples_leaf': 0.11913838365840393, 'min_weight_fraction_leaf': 0.0002858900270708703, 'max_features': 0.8563386858447486, 'bootstrap': False, 'max_samples': 0.9127876077097361}. Best is trial 272 with value: 0.9207214438111938.[0m
[32m[I 2022-04-24 09:04:49,043][0m Trial 276 finished with value: 0.9196469109446186 and parameters: {'n_estimators': 189, 'min_samples_split': 0.20011728149580382, 'min_samples_leaf': 0.138182396358545, 'min_weight_fraction_leaf': 0.011164534633761177, 'max_features': 0.9160435818147209, 'bootstrap': False, 'max_samples': 0.555736186288569}. Best is trial 272 with value: 0.9207214438111938.[0m
[32m[I 2022-04-24 09:04:54,311][0m Trial 277 finished with value: 0.25 and parameters: {'n_estimators': 211, 'min_samples_split': 0.005802333955625252, 'min_samples_leaf': 0.13998225271259745, 'min_weight_fraction_leaf': 0.013432208297404422, 'max_features': 0.8025472578507481, 'bootstrap': True, 'max_samples': 0.01858570544871982, 'oob_score': False}. Best is trial 272 with value: 0.9207214438111938.[0m
[32m[I 2022-04-24 09:17:37,722][0m Trial 278 finished with value: 0.9198177218205196 and parameters: {'n_estimators': 207, 'min_samples_split': 0.13294785214995322, 'min_samples_leaf': 0.12770801569515516, 'min_weight_fraction_leaf': 0.0004759508464459751, 'max_features': 0.8694763749428959, 'bootstrap': False, 'max_samples': 0.876380817461272}. Best is trial 272 with value: 0.9207214438111938.[0m
[32m[I 2022-04-24 09:30:20,413][0m Trial 279 finished with value: 0.9183834985071208 and parameters: {'n_estimators': 199, 'min_samples_split': 0.2393109784639234, 'min_samples_leaf': 0.10861343069319411, 'min_weight_fraction_leaf': 0.031475953631805165, 'max_features': 0.7636965411289565, 'bootstrap': False, 'max_samples': 0.9474944746366829}. Best is trial 272 with value: 0.9207214438111938.[0m
[32m[I 2022-04-24 09:42:05,191][0m Trial 280 finished with value: 0.9202426647665229 and parameters: {'n_estimators': 221, 'min_samples_split': 0.18319906778163944, 'min_samples_leaf': 0.14833357310378653, 'min_weight_fraction_leaf': 0.01798940940833822, 'max_features': 0.8424712012748063, 'bootstrap': False, 'max_samples': 0.9750753180786884}. Best is trial 272 with value: 0.9207214438111938.[0m
[32m[I 2022-04-24 09:45:27,786][0m Trial 281 finished with value: 0.8839350007150768 and parameters: {'n_estimators': 223, 'min_samples_split': 0.19333791852068533, 'min_samples_leaf': 0.34021786687556144, 'min_weight_fraction_leaf': 0.017373569419082, 'max_features': 0.8212180501141005, 'bootstrap': False, 'max_samples': 0.9780682583591684}. Best is trial 272 with value: 0.9207214438111938.[0m
[32m[I 2022-04-24 09:57:24,068][0m Trial 282 finished with value: 0.9206728085285949 and parameters: {'n_estimators': 209, 'min_samples_split': 0.1694945044090426, 'min_samples_leaf': 0.13638657902555196, 'min_weight_fraction_leaf': 0.006839722358912717, 'max_features': 0.8525767954152971, 'bootstrap': False, 'max_samples': 0.08417541397421037}. Best is trial 272 with value: 0.9207214438111938.[0m
[32m[I 2022-04-24 10:10:40,814][0m Trial 283 finished with value: 0.9198342193880504 and parameters: {'n_estimators': 216, 'min_samples_split': 0.18472624719713623, 'min_samples_leaf': 0.12780062236683268, 'min_weight_fraction_leaf': 1.9612767268282344e-05, 'max_features': 0.8795022418445725, 'bootstrap': False, 'max_samples': 0.08157428450782617}. Best is trial 272 with value: 0.9207214438111938.[0m
[32m[I 2022-04-24 10:21:16,345][0m Trial 284 finished with value: 0.9204879481512238 and parameters: {'n_estimators': 192, 'min_samples_split': 0.1900717827749308, 'min_samples_leaf': 0.1445662664146151, 'min_weight_fraction_leaf': 0.00975069114977617, 'max_features': 0.8497351516346106, 'bootstrap': False, 'max_samples': 0.44862278769220476}. Best is trial 272 with value: 0.9207214438111938.[0m
[32m[I 2022-04-24 10:31:43,074][0m Trial 285 finished with value: 0.9203171620933585 and parameters: {'n_estimators': 191, 'min_samples_split': 0.18700555491370802, 'min_samples_leaf': 0.14356465360196724, 'min_weight_fraction_leaf': 0.007870173860111856, 'max_features': 0.8529031451521815, 'bootstrap': False, 'max_samples': 0.4001610070367664}. Best is trial 272 with value: 0.9207214438111938.[0m
[32m[I 2022-04-24 10:42:11,222][0m Trial 286 finished with value: 0.9192217895691815 and parameters: {'n_estimators': 174, 'min_samples_split': 0.2067445681321496, 'min_samples_leaf': 0.13704558653661086, 'min_weight_fraction_leaf': 0.01014032834768049, 'max_features': 0.9001546621390728, 'bootstrap': False, 'max_samples': 0.3890985290192942}. Best is trial 272 with value: 0.9207214438111938.[0m
[32m[I 2022-04-24 10:54:44,183][0m Trial 287 finished with value: 0.9175661885413481 and parameters: {'n_estimators': 181, 'min_samples_split': 0.1719779552250482, 'min_samples_leaf': 0.1181109924660252, 'min_weight_fraction_leaf': 0.0187356158697593, 'max_features': 0.9374106484143269, 'bootstrap': False, 'max_samples': 0.440253271335675}. Best is trial 272 with value: 0.9207214438111938.[0m
[32m[I 2022-04-24 11:03:28,689][0m Trial 288 finished with value: 0.9189522557344931 and parameters: {'n_estimators': 192, 'min_samples_split': 0.18318442408120972, 'min_samples_leaf': 0.1454673375976094, 'min_weight_fraction_leaf': 0.013005832325111991, 'max_features': 0.6533007939179875, 'bootstrap': False, 'max_samples': 0.4002323765362838}. Best is trial 272 with value: 0.9207214438111938.[0m
[32m[I 2022-04-24 11:15:54,898][0m Trial 289 finished with value: 0.9179484458349915 and parameters: {'n_estimators': 203, 'min_samples_split': 0.15605774666005828, 'min_samples_leaf': 0.12541414002048434, 'min_weight_fraction_leaf': 0.009647305283716375, 'max_features': 0.8591848250581736, 'bootstrap': False, 'max_samples': 0.41603342718307695}. Best is trial 272 with value: 0.9207214438111938.[0m
[32m[I 2022-04-24 11:26:57,346][0m Trial 290 finished with value: 0.9198936492352914 and parameters: {'n_estimators': 194, 'min_samples_split': 0.19105959592335273, 'min_samples_leaf': 0.14202457147520348, 'min_weight_fraction_leaf': 0.022536936003121708, 'max_features': 0.8805025514433595, 'bootstrap': False, 'max_samples': 0.4790414808724604}. Best is trial 272 with value: 0.9207214438111938.[0m
[32m[I 2022-04-24 11:36:30,308][0m Trial 291 finished with value: 0.9200701726610763 and parameters: {'n_estimators': 180, 'min_samples_split': 0.14943816285361888, 'min_samples_leaf': 0.148715936423414, 'min_weight_fraction_leaf': 0.008752626096991355, 'max_features': 0.8513133540826882, 'bootstrap': False, 'max_samples': 0.4203854480841744}. Best is trial 272 with value: 0.9207214438111938.[0m
[32m[I 2022-04-24 11:46:19,204][0m Trial 292 finished with value: 0.9197279348128191 and parameters: {'n_estimators': 165, 'min_samples_split': 0.1825073697185815, 'min_samples_leaf': 0.13235414408704715, 'min_weight_fraction_leaf': 0.012296731992298623, 'max_features': 0.8540668824473537, 'bootstrap': False, 'max_samples': 0.41064327565229514}. Best is trial 272 with value: 0.9207214438111938.[0m
[32m[I 2022-04-24 11:57:18,058][0m Trial 293 finished with value: 0.919745467898154 and parameters: {'n_estimators': 203, 'min_samples_split': 0.1540918124618993, 'min_samples_leaf': 0.14993034598998642, 'min_weight_fraction_leaf': 0.006976658494756999, 'max_features': 0.8681086116580309, 'bootstrap': False, 'max_samples': 0.4374440637691897}. Best is trial 272 with value: 0.9207214438111938.[0m
[32m[I 2022-04-24 12:07:54,013][0m Trial 294 finished with value: 0.9191812184392791 and parameters: {'n_estimators': 176, 'min_samples_split': 0.17092282860543268, 'min_samples_leaf': 0.13740916041335244, 'min_weight_fraction_leaf': 0.021611708809877138, 'max_features': 0.8967634694796639, 'bootstrap': False, 'max_samples': 0.3650564504926579}. Best is trial 272 with value: 0.9207214438111938.[0m
[32m[I 2022-04-24 12:17:58,010][0m Trial 295 finished with value: 0.9197810578807651 and parameters: {'n_estimators': 186, 'min_samples_split': 0.1478691162980742, 'min_samples_leaf': 0.15364362417196117, 'min_weight_fraction_leaf': 7.376667183396374e-05, 'max_features': 0.883094569389811, 'bootstrap': False, 'max_samples': 0.45596276028178306}. Best is trial 272 with value: 0.9207214438111938.[0m
[32m[I 2022-04-24 12:31:01,256][0m Trial 296 finished with value: 0.9183101521271511 and parameters: {'n_estimators': 211, 'min_samples_split': 0.16696536083751728, 'min_samples_leaf': 0.12205352351023291, 'min_weight_fraction_leaf': 0.018524189217926524, 'max_features': 0.851155148837724, 'bootstrap': False, 'max_samples': 0.4190682074249767}. Best is trial 272 with value: 0.9207214438111938.[0m
[32m[I 2022-04-24 12:37:41,487][0m Trial 297 finished with value: 0.8739597401115718 and parameters: {'n_estimators': 182, 'min_samples_split': 0.17363949539274584, 'min_samples_leaf': 0.1457732717635327, 'min_weight_fraction_leaf': 0.35480787234794386, 'max_features': 0.8463764097594376, 'bootstrap': False, 'max_samples': 0.4499779102815845}. Best is trial 272 with value: 0.9207214438111938.[0m
[32m[I 2022-04-24 12:51:20,707][0m Trial 298 finished with value: 0.9180121506429435 and parameters: {'n_estimators': 194, 'min_samples_split': 0.2086488384292893, 'min_samples_leaf': 0.1108873114844201, 'min_weight_fraction_leaf': 0.009009161430432042, 'max_features': 0.8675744498276551, 'bootstrap': False, 'max_samples': 0.40874162262431923}. Best is trial 272 with value: 0.9207214438111938.[0m
[32m[I 2022-04-24 12:51:51,983][0m Trial 299 finished with value: 0.25 and parameters: {'n_estimators': 191, 'min_samples_split': 0.16693866852110983, 'min_samples_leaf': 0.1359761763466835, 'min_weight_fraction_leaf': 0.027509196118569744, 'max_features': 0.8502847884280142, 'bootstrap': True, 'max_samples': 0.09848230102957227, 'oob_score': True}. Best is trial 272 with value: 0.9207214438111938.[0m
[32m[I 2022-04-24 13:03:27,061][0m Trial 300 finished with value: 0.918688161310796 and parameters: {'n_estimators': 216, 'min_samples_split': 0.1803515299945774, 'min_samples_leaf': 0.15580832435078587, 'min_weight_fraction_leaf': 0.017713527948081325, 'max_features': 0.8858610464765129, 'bootstrap': False, 'max_samples': 0.3832590561470458}. Best is trial 272 with value: 0.9207214438111938.[0m
[32m[I 2022-04-24 13:15:21,034][0m Trial 301 finished with value: 0.9192120854105591 and parameters: {'n_estimators': 207, 'min_samples_split': 0.1922178656985056, 'min_samples_leaf': 0.14636354222263612, 'min_weight_fraction_leaf': 0.010605085421460046, 'max_features': 0.9145836908528537, 'bootstrap': False, 'max_samples': 0.32883446730494525}. Best is trial 272 with value: 0.9207214438111938.[0m
[32m[I 2022-04-24 13:26:10,864][0m Trial 302 finished with value: 0.9186163601839213 and parameters: {'n_estimators': 180, 'min_samples_split': 0.19626003921742402, 'min_samples_leaf': 0.12639343842260228, 'min_weight_fraction_leaf': 0.025550707869575116, 'max_features': 0.8408578867416531, 'bootstrap': False, 'max_samples': 0.42647868849420956}. Best is trial 272 with value: 0.9207214438111938.[0m
[32m[I 2022-04-24 13:36:42,235][0m Trial 303 finished with value: 0.9194427345558557 and parameters: {'n_estimators': 197, 'min_samples_split': 0.15612199605204594, 'min_samples_leaf': 0.15379988041206133, 'min_weight_fraction_leaf': 0.03280688234874429, 'max_features': 0.8681084124690374, 'bootstrap': False, 'max_samples': 0.07658003466271067}. Best is trial 272 with value: 0.9207214438111938.[0m
[32m[I 2022-04-24 13:48:11,810][0m Trial 304 finished with value: 0.919966120096728 and parameters: {'n_estimators': 207, 'min_samples_split': 0.11035873449165262, 'min_samples_leaf': 0.13810580896774413, 'min_weight_fraction_leaf': 0.007640626138965975, 'max_features': 0.8339543670442798, 'bootstrap': False, 'max_samples': 0.37909536044892556}. Best is trial 272 with value: 0.9207214438111938.[0m
[32m[I 2022-04-24 14:00:15,597][0m Trial 305 finished with value: 0.9196742369545106 and parameters: {'n_estimators': 210, 'min_samples_split': 0.12424462187203499, 'min_samples_leaf': 0.13949646153140285, 'min_weight_fraction_leaf': 0.008006305079204676, 'max_features': 0.8622082782291428, 'bootstrap': False, 'max_samples': 0.3630423495371808}. Best is trial 272 with value: 0.9207214438111938.[0m
[32m[I 2022-04-24 14:10:06,070][0m Trial 306 finished with value: 0.9192612161058408 and parameters: {'n_estimators': 168, 'min_samples_split': 0.0969156879757476, 'min_samples_leaf': 0.12928761296756924, 'min_weight_fraction_leaf': 0.008300407767960847, 'max_features': 0.8363062592047827, 'bootstrap': False, 'max_samples': 0.4047224706724376}. Best is trial 272 with value: 0.9207214438111938.[0m
[32m[I 2022-04-24 14:10:48,277][0m Trial 307 finished with value: 0.46690957696364743 and parameters: {'n_estimators': 203, 'min_samples_split': 0.08027604111997169, 'min_samples_leaf': 0.11705698754103176, 'min_weight_fraction_leaf': 0.48004831028523715, 'max_features': 0.06587112894720376, 'bootstrap': False, 'max_samples': 0.3769978370772521}. Best is trial 272 with value: 0.9207214438111938.[0m
[32m[I 2022-04-24 14:47:18,292][0m Trial 308 finished with value: 0.8936561859893081 and parameters: {'n_estimators': 229, 'min_samples_split': 0.11441701777388304, 'min_samples_leaf': 0.004103668327635784, 'min_weight_fraction_leaf': 0.015921478209836068, 'max_features': 0.8840070759592196, 'bootstrap': False, 'max_samples': 0.34818850244037675}. Best is trial 272 with value: 0.9207214438111938.[0m
[32m[I 2022-04-24 14:59:13,872][0m Trial 309 finished with value: 0.9199344235743292 and parameters: {'n_estimators': 192, 'min_samples_split': 0.18712936506861147, 'min_samples_leaf': 0.13635063881771575, 'min_weight_fraction_leaf': 0.005223012985326242, 'max_features': 0.911793455448187, 'bootstrap': False, 'max_samples': 0.4351505311093254}. Best is trial 272 with value: 0.9207214438111938.[0m
[32m[I 2022-04-24 15:07:05,333][0m Trial 310 finished with value: 0.9080092643404676 and parameters: {'n_estimators': 216, 'min_samples_split': 0.10605073063320411, 'min_samples_leaf': 0.14807904169125727, 'min_weight_fraction_leaf': 0.19226049808928541, 'max_features': 0.5741718915385179, 'bootstrap': False, 'max_samples': 0.3984519460578351}. Best is trial 272 with value: 0.9207214438111938.[0m
[32m[I 2022-04-24 15:23:32,658][0m Trial 311 finished with value: 0.9160256347710118 and parameters: {'n_estimators': 229, 'min_samples_split': 0.13287077665740102, 'min_samples_leaf': 0.10188409984875073, 'min_weight_fraction_leaf': 0.029257016235957188, 'max_features': 0.8143579931093836, 'bootstrap': False, 'max_samples': 0.05316155428039515}. Best is trial 272 with value: 0.9207214438111938.[0m
[32m[I 2022-04-24 15:34:01,187][0m Trial 312 finished with value: 0.9198989262060314 and parameters: {'n_estimators': 205, 'min_samples_split': 0.07240869920258783, 'min_samples_leaf': 0.15542006928633292, 'min_weight_fraction_leaf': 0.0011738777577514617, 'max_features': 0.8454531231632734, 'bootstrap': False, 'max_samples': 0.3790604841829069}. Best is trial 272 with value: 0.9207214438111938.[0m
[32m[I 2022-04-24 15:48:22,160][0m Trial 313 finished with value: 0.9197675487314987 and parameters: {'n_estimators': 234, 'min_samples_split': 0.0670195600333024, 'min_samples_leaf': 0.1273845267078575, 'min_weight_fraction_leaf': 0.018507597620651142, 'max_features': 0.8689307121034991, 'bootstrap': False, 'max_samples': 0.42630507425107683}. Best is trial 272 with value: 0.9207214438111938.[0m
[32m[I 2022-04-24 15:50:54,252][0m Trial 314 finished with value: 0.9068309369307018 and parameters: {'n_estimators': 219, 'min_samples_split': 0.08383841345778872, 'min_samples_leaf': 0.14270859581162632, 'min_weight_fraction_leaf': 0.03569277218499757, 'max_features': 0.15104243694151231, 'bootstrap': False, 'max_samples': 0.3917013845334272}. Best is trial 272 with value: 0.9207214438111938.[0m
[32m[I 2022-04-24 15:57:26,090][0m Trial 315 finished with value: 0.8673075657330763 and parameters: {'n_estimators': 188, 'min_samples_split': 0.059795803897422416, 'min_samples_leaf': 0.1578549831468772, 'min_weight_fraction_leaf': 0.406712229290847, 'max_features': 0.8307711811403219, 'bootstrap': False, 'max_samples': 0.09490485323883369}. Best is trial 272 with value: 0.9207214438111938.[0m
[32m[I 2022-04-24 16:08:33,320][0m Trial 316 finished with value: 0.9113220696644108 and parameters: {'n_estimators': 210, 'min_samples_split': 0.43110711276254976, 'min_samples_leaf': 0.13725172552419837, 'min_weight_fraction_leaf': 0.0004927006554157638, 'max_features': 0.8031585797265844, 'bootstrap': False, 'max_samples': 0.44676435746217935}. Best is trial 272 with value: 0.9207214438111938.[0m
[32m[I 2022-04-24 16:08:37,934][0m Trial 317 finished with value: 0.25 and parameters: {'n_estimators': 199, 'min_samples_split': 0.20404539055078963, 'min_samples_leaf': 0.2945033088211266, 'min_weight_fraction_leaf': 0.15734762721878495, 'max_features': 0.8534418437091477, 'bootstrap': True, 'max_samples': 0.47615342259106863, 'oob_score': False}. Best is trial 272 with value: 0.9207214438111938.[0m
[32m[I 2022-04-24 16:23:16,675][0m Trial 318 finished with value: 0.9177767904162282 and parameters: {'n_estimators': 223, 'min_samples_split': 0.0748961720119545, 'min_samples_leaf': 0.11996294266885742, 'min_weight_fraction_leaf': 0.02360379745074901, 'max_features': 0.899400019443661, 'bootstrap': False, 'max_samples': 0.11469353882177438}. Best is trial 272 with value: 0.9207214438111938.[0m
[32m[I 2022-04-24 16:35:24,567][0m Trial 319 finished with value: 0.9196177731778483 and parameters: {'n_estimators': 242, 'min_samples_split': 0.08927087200401243, 'min_samples_leaf': 0.14719452664632998, 'min_weight_fraction_leaf': 0.012976455477868434, 'max_features': 0.7904741999183574, 'bootstrap': False, 'max_samples': 0.4200565538388957}. Best is trial 272 with value: 0.9207214438111938.[0m
[32m[I 2022-04-24 16:46:51,771][0m Trial 320 finished with value: 0.9195484271988988 and parameters: {'n_estimators': 230, 'min_samples_split': 0.048509528387847146, 'min_samples_leaf': 0.15681632668613074, 'min_weight_fraction_leaf': 0.037012314994368904, 'max_features': 0.8251091517241653, 'bootstrap': False, 'max_samples': 0.3370191901385837}. Best is trial 272 with value: 0.9207214438111938.[0m
[32m[I 2022-04-24 16:59:28,710][0m Trial 321 finished with value: 0.9192123071439852 and parameters: {'n_estimators': 213, 'min_samples_split': 0.17554368566358863, 'min_samples_leaf': 0.13356678503279423, 'min_weight_fraction_leaf': 0.017221249896694667, 'max_features': 0.87209314962081, 'bootstrap': False, 'max_samples': 0.3017412323106856}. Best is trial 272 with value: 0.9207214438111938.[0m
[32m[I 2022-04-24 17:11:29,903][0m Trial 322 finished with value: 0.8898839540517602 and parameters: {'n_estimators': 247, 'min_samples_split': 0.0016347973255041986, 'min_samples_leaf': 0.14287247949126436, 'min_weight_fraction_leaf': 0.26388224827582957, 'max_features': 0.8433806919506762, 'bootstrap': False, 'max_samples': 0.07642147230371116}. Best is trial 272 with value: 0.9207214438111938.[0m
[32m[I 2022-04-24 17:19:44,818][0m Trial 323 finished with value: 0.9188367080516262 and parameters: {'n_estimators': 156, 'min_samples_split': 0.02109218473755483, 'min_samples_leaf': 0.16094438913613027, 'min_weight_fraction_leaf': 0.027704482391080996, 'max_features': 0.8864484296843564, 'bootstrap': False, 'max_samples': 0.9653009483153863}. Best is trial 272 with value: 0.9207214438111938.[0m
