[32m[I 2022-04-13 16:46:03,534][0m Trial 779 finished with value: 0.7339477163644681 and parameters: {'n_estimators': 117, 'min_samples_split': 0.1843406234537806, 'min_samples_leaf': 0.020381281278185233, 'min_weight_fraction_leaf': 0.0003017445562598503, 'max_features': 0.6264793393721564, 'bootstrap': False, 'max_samples': 0.6271823854655343}. Best is trial 647 with value: 0.7566204211119171.[0m
[32m[I 2022-04-13 16:46:11,087][0m Trial 780 finished with value: 0.7381307174761866 and parameters: {'n_estimators': 460, 'min_samples_split': 0.1764349559765284, 'min_samples_leaf': 0.05393149479429504, 'min_weight_fraction_leaf': 0.04632006353001412, 'max_features': 0.4981095686697103, 'bootstrap': False, 'max_samples': 0.8930040801236587}. Best is trial 647 with value: 0.7566204211119171.[0m
[32m[I 2022-04-13 16:46:14,578][0m Trial 781 finished with value: 0.7464046150218924 and parameters: {'n_estimators': 105, 'min_samples_split': 0.15846550943953558, 'min_samples_leaf': 0.03815517844469786, 'min_weight_fraction_leaf': 0.019847043913430666, 'max_features': 0.5966150010309856, 'bootstrap': False, 'max_samples': 0.5927751092948335}. Best is trial 647 with value: 0.7566204211119171.[0m
[32m[I 2022-04-13 16:46:22,416][0m Trial 782 finished with value: 0.7390671396425148 and parameters: {'n_estimators': 358, 'min_samples_split': 0.18774494231012293, 'min_samples_leaf': 0.030304691058345733, 'min_weight_fraction_leaf': 0.07622255762321149, 'max_features': 0.5246319794580782, 'bootstrap': False, 'max_samples': 0.6636808720643519}. Best is trial 647 with value: 0.7566204211119171.[0m
[32m[I 2022-04-13 16:46:25,986][0m Trial 783 finished with value: 0.7452121934525275 and parameters: {'n_estimators': 129, 'min_samples_split': 0.20413102542383635, 'min_samples_leaf': 0.043629960633882914, 'min_weight_fraction_leaf': 0.030797035040629347, 'max_features': 0.5843207848993652, 'bootstrap': False, 'max_samples': 0.6415302757424686}. Best is trial 647 with value: 0.7566204211119171.[0m
[32m[I 2022-04-13 16:46:30,508][0m Trial 784 finished with value: 0.7363344566532939 and parameters: {'n_estimators': 140, 'min_samples_split': 0.18836223541586583, 'min_samples_leaf': 0.013267134071783211, 'min_weight_fraction_leaf': 0.03626328515620903, 'max_features': 0.62710176186204, 'bootstrap': False, 'max_samples': 0.9505262146569333}. Best is trial 647 with value: 0.7566204211119171.[0m
[32m[I 2022-04-13 16:46:37,245][0m Trial 785 finished with value: 0.7307646798899017 and parameters: {'n_estimators': 515, 'min_samples_split': 0.16816719557404394, 'min_samples_leaf': 0.08192811583505222, 'min_weight_fraction_leaf': 0.15825963335807874, 'max_features': 0.5349159494063432, 'bootstrap': False, 'max_samples': 0.6498217750606959}. Best is trial 647 with value: 0.7566204211119171.[0m
[32m[I 2022-04-13 16:46:47,778][0m Trial 786 finished with value: 0.7505682279880264 and parameters: {'n_estimators': 553, 'min_samples_split': 0.17956148318048842, 'min_samples_leaf': 0.048409972658448534, 'min_weight_fraction_leaf': 0.009972067869071458, 'max_features': 0.5682042226915623, 'bootstrap': False, 'max_samples': 0.6882129993738699}. Best is trial 647 with value: 0.7566204211119171.[0m
[32m[I 2022-04-13 16:46:57,402][0m Trial 787 finished with value: 0.7357795536375804 and parameters: {'n_estimators': 476, 'min_samples_split': 0.21374435227286287, 'min_samples_leaf': 0.058780487528725354, 'min_weight_fraction_leaf': 0.05124275561246123, 'max_features': 0.5106450320637691, 'bootstrap': True, 'max_samples': 0.8046631114795366, 'oob_score': True}. Best is trial 647 with value: 0.7566204211119171.[0m
[32m[I 2022-04-13 16:47:01,997][0m Trial 788 finished with value: 0.4253867668652056 and parameters: {'n_estimators': 445, 'min_samples_split': 0.19882438601646638, 'min_samples_leaf': 0.4891327584796429, 'min_weight_fraction_leaf': 0.04203122448476657, 'max_features': 0.5376524355592205, 'bootstrap': False, 'max_samples': 0.8507088816399888}. Best is trial 647 with value: 0.7566204211119171.[0m
[32m[I 2022-04-13 16:47:12,821][0m Trial 789 finished with value: 0.7387004308674129 and parameters: {'n_estimators': 529, 'min_samples_split': 0.1702202930780618, 'min_samples_leaf': 0.02358379201628108, 'min_weight_fraction_leaf': 0.05783086861250186, 'max_features': 0.4993248006757473, 'bootstrap': False, 'max_samples': 0.6178490754847785}. Best is trial 647 with value: 0.7566204211119171.[0m
[32m[I 2022-04-13 16:47:16,359][0m Trial 790 finished with value: 0.747292175832951 and parameters: {'n_estimators': 123, 'min_samples_split': 0.1841966529660023, 'min_samples_leaf': 0.0353038905703431, 'min_weight_fraction_leaf': 0.04598788085195871, 'max_features': 0.4728272707347294, 'bootstrap': False, 'max_samples': 0.5569544592502609}. Best is trial 647 with value: 0.7566204211119171.[0m
[32m[I 2022-04-13 16:47:25,617][0m Trial 791 finished with value: 0.7392666200289104 and parameters: {'n_estimators': 501, 'min_samples_split': 0.22878839913825122, 'min_samples_leaf': 0.05347785591387591, 'min_weight_fraction_leaf': 0.06553544630062091, 'max_features': 0.5479180552339046, 'bootstrap': False, 'max_samples': 0.6809641746681501}. Best is trial 647 with value: 0.7566204211119171.[0m
[32m[I 2022-04-13 16:47:28,991][0m Trial 792 finished with value: 0.7458437032266779 and parameters: {'n_estimators': 137, 'min_samples_split': 0.19335641352599875, 'min_samples_leaf': 0.04004302517509786, 'min_weight_fraction_leaf': 0.11290058324457566, 'max_features': 0.6013900677280352, 'bootstrap': False, 'max_samples': 0.7113926512173708}. Best is trial 647 with value: 0.7566204211119171.[0m
[32m[I 2022-04-13 16:47:34,234][0m Trial 793 finished with value: 0.3961998110000204 and parameters: {'n_estimators': 567, 'min_samples_split': 0.21068087281845932, 'min_samples_leaf': 0.4490712648146671, 'min_weight_fraction_leaf': 0.0210077115466781, 'max_features': 0.5790797206971623, 'bootstrap': False, 'max_samples': 0.9174540869836695}. Best is trial 647 with value: 0.7566204211119171.[0m
[32m[I 2022-04-13 16:47:39,314][0m Trial 794 finished with value: 0.7319302117435653 and parameters: {'n_estimators': 215, 'min_samples_split': 0.1929654739098542, 'min_samples_leaf': 0.06815420343743361, 'min_weight_fraction_leaf': 0.03315419361386736, 'max_features': 0.6427716792248611, 'bootstrap': False, 'max_samples': 0.7137358533312909}. Best is trial 647 with value: 0.7566204211119171.[0m
[32m[I 2022-04-13 16:47:45,339][0m Trial 795 finished with value: 0.6095243356597948 and parameters: {'n_estimators': 714, 'min_samples_split': 0.15383072323232477, 'min_samples_leaf': 0.34332153733574905, 'min_weight_fraction_leaf': 0.05304157421716895, 'max_features': 0.5222880846439875, 'bootstrap': False, 'max_samples': 0.3788282923438901}. Best is trial 647 with value: 0.7566204211119171.[0m
[32m[I 2022-04-13 16:48:00,404][0m Trial 796 finished with value: 0.7505225783361805 and parameters: {'n_estimators': 672, 'min_samples_split': 0.1784578309768369, 'min_samples_leaf': 0.026679466330804008, 'min_weight_fraction_leaf': 0.02126856724601941, 'max_features': 0.6151384176508415, 'bootstrap': False, 'max_samples': 0.8825078104129701}. Best is trial 647 with value: 0.7566204211119171.[0m
[32m[I 2022-04-13 16:48:06,776][0m Trial 797 finished with value: 0.679526485455187 and parameters: {'n_estimators': 529, 'min_samples_split': 0.16638506702279782, 'min_samples_leaf': 0.29198847257845795, 'min_weight_fraction_leaf': 0.038417207966359126, 'max_features': 0.5568955343421353, 'bootstrap': False, 'max_samples': 0.7618731880532131}. Best is trial 647 with value: 0.7566204211119171.[0m
[32m[I 2022-04-13 16:48:10,989][0m Trial 798 finished with value: 0.7280927600331448 and parameters: {'n_estimators': 158, 'min_samples_split': 0.2028941988985705, 'min_samples_leaf': 0.047812863381555604, 'min_weight_fraction_leaf': 0.08509375155635449, 'max_features': 0.523243419121031, 'bootstrap': False, 'max_samples': 0.8273927528208337}. Best is trial 647 with value: 0.7566204211119171.[0m
[32m[I 2022-04-13 16:48:13,871][0m Trial 799 finished with value: 0.7427630898093249 and parameters: {'n_estimators': 101, 'min_samples_split': 0.18598701924289276, 'min_samples_leaf': 0.03543049754977997, 'min_weight_fraction_leaf': 0.027085916084433694, 'max_features': 0.5730635131659606, 'bootstrap': False, 'max_samples': 0.6640579865362306}. Best is trial 647 with value: 0.7566204211119171.[0m
[32m[I 2022-04-13 16:48:23,716][0m Trial 800 finished with value: 0.7339435318786298 and parameters: {'n_estimators': 511, 'min_samples_split': 0.21489605904279468, 'min_samples_leaf': 0.060987566247370374, 'min_weight_fraction_leaf': 0.06941019287540433, 'max_features': 0.5537595739120071, 'bootstrap': False, 'max_samples': 0.6899617893457155}. Best is trial 647 with value: 0.7566204211119171.[0m
[32m[I 2022-04-13 16:48:36,995][0m Trial 801 finished with value: 0.7489549232611171 and parameters: {'n_estimators': 619, 'min_samples_split': 0.1772664337339101, 'min_samples_leaf': 0.014358203263118447, 'min_weight_fraction_leaf': 0.04663251864917917, 'max_features': 0.5023153351999136, 'bootstrap': False, 'max_samples': 0.7827625003276238}. Best is trial 647 with value: 0.7566204211119171.[0m
[32m[I 2022-04-13 16:48:48,602][0m Trial 802 finished with value: 0.7365860261709907 and parameters: {'n_estimators': 580, 'min_samples_split': 0.16160990847310508, 'min_samples_leaf': 0.07493482290824742, 'min_weight_fraction_leaf': 0.05353991928423442, 'max_features': 0.5368431325484118, 'bootstrap': False, 'max_samples': 0.09939631451529801}. Best is trial 647 with value: 0.7566204211119171.[0m
[32m[I 2022-04-13 16:48:53,695][0m Trial 803 finished with value: 0.750383541541228 and parameters: {'n_estimators': 252, 'min_samples_split': 0.2717419895851342, 'min_samples_leaf': 0.04360421186489788, 'min_weight_fraction_leaf': 0.009323927640813391, 'max_features': 0.5942270179429037, 'bootstrap': False, 'max_samples': 0.7263340990869667}. Best is trial 647 with value: 0.7566204211119171.[0m
[32m[I 2022-04-13 16:48:56,518][0m Trial 804 finished with value: 0.744315183949203 and parameters: {'n_estimators': 115, 'min_samples_split': 0.2445624807437115, 'min_samples_leaf': 0.05493183819007484, 'min_weight_fraction_leaf': 0.03859968184311759, 'max_features': 0.5330573518343649, 'bootstrap': False, 'max_samples': 0.7592685845019518}. Best is trial 647 with value: 0.7566204211119171.[0m
[32m[I 2022-04-13 16:49:05,154][0m Trial 805 finished with value: 0.746179599207115 and parameters: {'n_estimators': 375, 'min_samples_split': 0.20199775032101186, 'min_samples_leaf': 0.02284413074466676, 'min_weight_fraction_leaf': 0.05655111075253201, 'max_features': 0.5575930134584428, 'bootstrap': False, 'max_samples': 0.7483937758253982}. Best is trial 647 with value: 0.7566204211119171.[0m
[32m[I 2022-04-13 16:49:10,490][0m Trial 806 finished with value: 0.5 and parameters: {'n_estimators': 485, 'min_samples_split': 0.1897711548179963, 'min_samples_leaf': 0.03363170889494171, 'min_weight_fraction_leaf': 0.22206033307130923, 'max_features': 0.5573092414149449, 'bootstrap': True, 'max_samples': 0.1619944680440638, 'oob_score': False}. Best is trial 647 with value: 0.7566204211119171.[0m
[32m[I 2022-04-13 16:49:16,076][0m Trial 807 finished with value: 0.684827789251529 and parameters: {'n_estimators': 541, 'min_samples_split': 0.175076541273864, 'min_samples_leaf': 0.2414990792610222, 'min_weight_fraction_leaf': 0.04216038187334199, 'max_features': 0.4771829656145082, 'bootstrap': False, 'max_samples': 0.7862871963917359}. Best is trial 647 with value: 0.7566204211119171.[0m
[32m[I 2022-04-13 16:49:20,535][0m Trial 808 finished with value: 0.7332699826251355 and parameters: {'n_estimators': 179, 'min_samples_split': 0.219475994835381, 'min_samples_leaf': 0.06534543151901902, 'min_weight_fraction_leaf': 0.06336998147278566, 'max_features': 0.5156322811137138, 'bootstrap': False, 'max_samples': 0.6452439526801803}. Best is trial 647 with value: 0.7566204211119171.[0m
[32m[I 2022-04-13 16:49:34,076][0m Trial 809 finished with value: 0.7503889150166483 and parameters: {'n_estimators': 520, 'min_samples_split': 0.183203605070466, 'min_samples_leaf': 0.008128570045816963, 'min_weight_fraction_leaf': 0.047653989393312744, 'max_features': 0.540122799384638, 'bootstrap': False, 'max_samples': 0.7403483683478576}. Best is trial 647 with value: 0.7566204211119171.[0m
[32m[I 2022-04-13 16:49:43,600][0m Trial 810 finished with value: 0.7454308643186041 and parameters: {'n_estimators': 436, 'min_samples_split': 0.19774205551544471, 'min_samples_leaf': 0.045735723071665735, 'min_weight_fraction_leaf': 0.03571274625722691, 'max_features': 0.5159570473814129, 'bootstrap': False, 'max_samples': 0.873750804229381}. Best is trial 647 with value: 0.7566204211119171.[0m
[32m[I 2022-04-13 16:49:54,145][0m Trial 811 finished with value: 0.7413058218887306 and parameters: {'n_estimators': 558, 'min_samples_split': 0.2082623540635237, 'min_samples_leaf': 0.031152532541946748, 'min_weight_fraction_leaf': 0.05961887393209564, 'max_features': 0.4470190908471611, 'bootstrap': False, 'max_samples': 0.7978347223667176}. Best is trial 647 with value: 0.7566204211119171.[0m
[32m[I 2022-04-13 16:49:57,881][0m Trial 812 finished with value: 0.7343242039795116 and parameters: {'n_estimators': 149, 'min_samples_split': 0.17213649104357112, 'min_samples_leaf': 0.05369119242548637, 'min_weight_fraction_leaf': 0.029151660897903844, 'max_features': 0.5017214690651842, 'bootstrap': False, 'max_samples': 0.8466057735484152}. Best is trial 647 with value: 0.7566204211119171.[0m
[32m[I 2022-04-13 16:50:03,970][0m Trial 813 finished with value: 0.702503126698771 and parameters: {'n_estimators': 465, 'min_samples_split': 0.19379350789726174, 'min_samples_leaf': 0.18545487418389384, 'min_weight_fraction_leaf': 0.014171907019727814, 'max_features': 0.6159355205750191, 'bootstrap': False, 'max_samples': 0.7005322984049339}. Best is trial 647 with value: 0.7566204211119171.[0m
[32m[I 2022-04-13 16:50:14,487][0m Trial 814 finished with value: 0.7342391219556281 and parameters: {'n_estimators': 492, 'min_samples_split': 0.16099684597658903, 'min_samples_leaf': 0.04181934623581383, 'min_weight_fraction_leaf': 0.0700682106881009, 'max_features': 0.5656037040097927, 'bootstrap': False, 'max_samples': 0.6767144134068399}. Best is trial 647 with value: 0.7566204211119171.[0m
[32m[I 2022-04-13 16:50:25,127][0m Trial 815 finished with value: 0.7381854641347164 and parameters: {'n_estimators': 582, 'min_samples_split': 0.1836843102945744, 'min_samples_leaf': 0.0940446729558169, 'min_weight_fraction_leaf': 0.047404206813897405, 'max_features': 0.6821078406674529, 'bootstrap': False, 'max_samples': 0.9036669010561058}. Best is trial 647 with value: 0.7566204211119171.[0m
[32m[I 2022-04-13 16:50:31,969][0m Trial 816 finished with value: 0.6832859450864409 and parameters: {'n_estimators': 533, 'min_samples_split': 0.20543490035769485, 'min_samples_leaf': 0.019438355996970726, 'min_weight_fraction_leaf': 0.24248711266260317, 'max_features': 0.5886151919133041, 'bootstrap': False, 'max_samples': 0.7258429244455756}. Best is trial 647 with value: 0.7566204211119171.[0m
[32m[I 2022-04-13 16:50:37,243][0m Trial 817 finished with value: 0.7458211612583374 and parameters: {'n_estimators': 229, 'min_samples_split': 0.17147349211555138, 'min_samples_leaf': 0.060266899792014904, 'min_weight_fraction_leaf': 0.038158179592009435, 'max_features': 0.5406137258662315, 'bootstrap': False, 'max_samples': 0.768528986280732}. Best is trial 647 with value: 0.7566204211119171.[0m
[32m[I 2022-04-13 16:50:56,119][0m Trial 818 finished with value: 0.7374887922212621 and parameters: {'n_estimators': 953, 'min_samples_split': 0.14941847698998154, 'min_samples_leaf': 0.031173307044638807, 'min_weight_fraction_leaf': 0.05642594440896044, 'max_features': 0.5663399785296219, 'bootstrap': False, 'max_samples': 0.5146885505850988}. Best is trial 647 with value: 0.7566204211119171.[0m
[32m[I 2022-04-13 16:51:07,257][0m Trial 819 finished with value: 0.7258288037655035 and parameters: {'n_estimators': 508, 'min_samples_split': 0.19664721745409994, 'min_samples_leaf': 0.04785326686556239, 'min_weight_fraction_leaf': 0.08088510435815202, 'max_features': 0.7467366903356681, 'bootstrap': False, 'max_samples': 0.7014056616585009}. Best is trial 647 with value: 0.7566204211119171.[0m
[32m[I 2022-04-13 16:51:12,374][0m Trial 820 finished with value: 0.5691154857786918 and parameters: {'n_estimators': 561, 'min_samples_split': 0.22540356160916433, 'min_samples_leaf': 0.40620627683166644, 'min_weight_fraction_leaf': 0.048914336150409764, 'max_features': 0.5485359938624552, 'bootstrap': False, 'max_samples': 0.6586855900654}. Best is trial 647 with value: 0.7566204211119171.[0m
[32m[I 2022-04-13 16:51:22,389][0m Trial 821 finished with value: 0.7441881633376142 and parameters: {'n_estimators': 609, 'min_samples_split': 0.18557584578423175, 'min_samples_leaf': 0.07209968263615166, 'min_weight_fraction_leaf': 0.026139426992783807, 'max_features': 0.594968777281021, 'bootstrap': False, 'max_samples': 0.6882232069748044}. Best is trial 647 with value: 0.7566204211119171.[0m
[32m[I 2022-04-13 16:51:33,513][0m Trial 822 finished with value: 0.7374823572071628 and parameters: {'n_estimators': 545, 'min_samples_split': 0.1921913651982973, 'min_samples_leaf': 0.03761527099425601, 'min_weight_fraction_leaf': 0.02273674613373821, 'max_features': 0.6324322303493596, 'bootstrap': False, 'max_samples': 0.6207699778877589}. Best is trial 647 with value: 0.7566204211119171.[0m
[32m[I 2022-04-13 16:51:42,307][0m Trial 823 finished with value: 0.7457177729797955 and parameters: {'n_estimators': 500, 'min_samples_split': 0.211069911002166, 'min_samples_leaf': 0.02415737992329279, 'min_weight_fraction_leaf': 0.037361764272320734, 'max_features': 0.572882465789571, 'bootstrap': False, 'max_samples': 0.727783549499242}. Best is trial 647 with value: 0.7566204211119171.[0m
[32m[I 2022-04-13 16:51:51,520][0m Trial 824 finished with value: 0.7343537367754486 and parameters: {'n_estimators': 521, 'min_samples_split': 0.20192272282505802, 'min_samples_leaf': 0.055469875817505856, 'min_weight_fraction_leaf': 0.06110906103800848, 'max_features': 0.4916042629740574, 'bootstrap': False, 'max_samples': 0.8225837031562684}. Best is trial 647 with value: 0.7566204211119171.[0m
[32m[I 2022-04-13 16:52:03,089][0m Trial 825 finished with value: 0.7338442383437441 and parameters: {'n_estimators': 555, 'min_samples_split': 0.1770026333692916, 'min_samples_leaf': 0.001769805823583999, 'min_weight_fraction_leaf': 0.026849397448205914, 'max_features': 0.6064795934284736, 'bootstrap': True, 'max_samples': 0.5805757139947838, 'oob_score': True}. Best is trial 647 with value: 0.7566204211119171.[0m
[32m[I 2022-04-13 16:52:06,497][0m Trial 826 finished with value: 0.7436910181556398 and parameters: {'n_estimators': 110, 'min_samples_split': 0.1622686119998217, 'min_samples_leaf': 0.04711968933600418, 'min_weight_fraction_leaf': 0.0439244764895332, 'max_features': 0.5236347695085612, 'bootstrap': False, 'max_samples': 0.765782043906004}. Best is trial 647 with value: 0.7566204211119171.[0m
[32m[I 2022-04-13 16:52:12,652][0m Trial 827 finished with value: 0.39867296165974075 and parameters: {'n_estimators': 475, 'min_samples_split': 0.18697408184119382, 'min_samples_leaf': 0.03700471214157063, 'min_weight_fraction_leaf': 0.4817598416529616, 'max_features': 0.5492926796805682, 'bootstrap': False, 'max_samples': 0.9260479782738394}. Best is trial 647 with value: 0.7566204211119171.[0m
[32m[I 2022-04-13 16:52:29,606][0m Trial 828 finished with value: 0.7407564345473758 and parameters: {'n_estimators': 863, 'min_samples_split': 0.1784668540248127, 'min_samples_leaf': 0.06333598204090264, 'min_weight_fraction_leaf': 0.07262474388995369, 'max_features': 0.574707188887318, 'bootstrap': False, 'max_samples': 0.889356574849719}. Best is trial 647 with value: 0.7566204211119171.[0m
[32m[I 2022-04-13 16:52:39,443][0m Trial 829 finished with value: 0.746398597335828 and parameters: {'n_estimators': 529, 'min_samples_split': 0.19481729082787277, 'min_samples_leaf': 0.026045936538082928, 'min_weight_fraction_leaf': 0.05371426937646757, 'max_features': 0.46536313704071186, 'bootstrap': False, 'max_samples': 0.7486962903991152}. Best is trial 647 with value: 0.7566204211119171.[0m
[32m[I 2022-04-13 16:52:47,653][0m Trial 830 finished with value: 0.7366049778319311 and parameters: {'n_estimators': 345, 'min_samples_split': 0.21287175377355, 'min_samples_leaf': 0.05059559919042634, 'min_weight_fraction_leaf': 0.03805714437352794, 'max_features': 0.6557115873833963, 'bootstrap': False, 'max_samples': 0.675971113561836}. Best is trial 647 with value: 0.7566204211119171.[0m
[32m[I 2022-04-13 16:53:01,027][0m Trial 831 finished with value: 0.7514050906031348 and parameters: {'n_estimators': 583, 'min_samples_split': 0.17412016179236117, 'min_samples_leaf': 0.015825785138457355, 'min_weight_fraction_leaf': 0.04808406198805776, 'max_features': 0.5172320619685863, 'bootstrap': False, 'max_samples': 0.7899681038999651}. Best is trial 647 with value: 0.7566204211119171.[0m
[32m[I 2022-04-13 16:53:13,458][0m Trial 832 finished with value: 0.7498293316222624 and parameters: {'n_estimators': 639, 'min_samples_split': 0.1865681674714778, 'min_samples_leaf': 0.04075812886173594, 'min_weight_fraction_leaf': 0.034379290666906946, 'max_features': 0.5302114720558275, 'bootstrap': False, 'max_samples': 0.7384806165355855}. Best is trial 647 with value: 0.7566204211119171.[0m
