[32m[I 2022-04-13 16:28:45,039][0m Trial 671 finished with value: 0.7443134992322097 and parameters: {'n_estimators': 506, 'min_samples_split': 0.18101221521693583, 'min_samples_leaf': 0.04964276049348292, 'min_weight_fraction_leaf': 0.02643917656949532, 'max_features': 0.4709574540938516, 'bootstrap': False, 'max_samples': 0.6739849991783917}. Best is trial 647 with value: 0.7566204211119171.[0m
[32m[I 2022-04-13 16:28:58,383][0m Trial 672 finished with value: 0.7504074889035832 and parameters: {'n_estimators': 594, 'min_samples_split': 0.16841039151187676, 'min_samples_leaf': 0.032924734547569626, 'min_weight_fraction_leaf': 0.04149619587556739, 'max_features': 0.5407310361081796, 'bootstrap': False, 'max_samples': 0.8794730454050467}. Best is trial 647 with value: 0.7566204211119171.[0m
[32m[I 2022-04-13 16:29:10,266][0m Trial 673 finished with value: 0.7460054955215313 and parameters: {'n_estimators': 532, 'min_samples_split': 0.1935984594610335, 'min_samples_leaf': 0.022949603674596645, 'min_weight_fraction_leaf': 0.060008769909591364, 'max_features': 0.5596169000308185, 'bootstrap': False, 'max_samples': 0.6577774316265175}. Best is trial 647 with value: 0.7566204211119171.[0m
[32m[I 2022-04-13 16:29:13,326][0m Trial 674 finished with value: 0.7421794475109486 and parameters: {'n_estimators': 110, 'min_samples_split': 0.17896234259465912, 'min_samples_leaf': 0.043019800678857925, 'min_weight_fraction_leaf': 0.03455420552981171, 'max_features': 0.6308197376909132, 'bootstrap': False, 'max_samples': 0.6867211796426954}. Best is trial 647 with value: 0.7566204211119171.[0m
[32m[I 2022-04-13 16:29:23,682][0m Trial 675 finished with value: 0.7449172047020632 and parameters: {'n_estimators': 480, 'min_samples_split': 0.2014241356571022, 'min_samples_leaf': 0.05542986904744838, 'min_weight_fraction_leaf': 0.04949155874780896, 'max_features': 0.5961449582930007, 'bootstrap': False, 'max_samples': 0.8932514829954018}. Best is trial 647 with value: 0.7566204211119171.[0m
[32m[I 2022-04-13 16:29:33,251][0m Trial 676 finished with value: 0.7441881633376142 and parameters: {'n_estimators': 563, 'min_samples_split': 0.1875645391963937, 'min_samples_leaf': 0.07223246537868172, 'min_weight_fraction_leaf': 0.021645820341219126, 'max_features': 0.5198135813226265, 'bootstrap': False, 'max_samples': 0.8406257653568677}. Best is trial 647 with value: 0.7566204211119171.[0m
[32m[I 2022-04-13 16:29:36,406][0m Trial 677 finished with value: 0.7405324340105779 and parameters: {'n_estimators': 114, 'min_samples_split': 0.2144046727064508, 'min_samples_leaf': 0.03940365163567946, 'min_weight_fraction_leaf': 0.06641043376567393, 'max_features': 0.5731702472181379, 'bootstrap': False, 'max_samples': 0.6958881792094033}. Best is trial 647 with value: 0.7566204211119171.[0m
[32m[I 2022-04-13 16:29:46,996][0m Trial 678 finished with value: 0.725960801971443 and parameters: {'n_estimators': 449, 'min_samples_split': 0.16552789773273924, 'min_samples_leaf': 0.061019722971420984, 'min_weight_fraction_leaf': 0.043608130114031154, 'max_features': 0.6663255541658153, 'bootstrap': False, 'max_samples': 0.5989448373336819}. Best is trial 647 with value: 0.7566204211119171.[0m
[32m[I 2022-04-13 16:30:05,332][0m Trial 679 finished with value: 0.7468287227132117 and parameters: {'n_estimators': 835, 'min_samples_split': 0.19569018786634226, 'min_samples_leaf': 0.03262211167271562, 'min_weight_fraction_leaf': 0.03053718882287052, 'max_features': 0.5453723158500047, 'bootstrap': False, 'max_samples': 0.9718926442548211}. Best is trial 647 with value: 0.7566204211119171.[0m
[32m[I 2022-04-13 16:30:13,279][0m Trial 680 finished with value: 0.5947147012640884 and parameters: {'n_estimators': 659, 'min_samples_split': 0.32103984526737706, 'min_samples_leaf': 0.047255687523012777, 'min_weight_fraction_leaf': 0.3704945386549123, 'max_features': 0.7894549145906746, 'bootstrap': False, 'max_samples': 0.7082796809972721}. Best is trial 647 with value: 0.7566204211119171.[0m
[32m[I 2022-04-13 16:30:18,832][0m Trial 681 finished with value: 0.7458791137335654 and parameters: {'n_estimators': 223, 'min_samples_split': 0.18186435172067084, 'min_samples_leaf': 0.02524821880007827, 'min_weight_fraction_leaf': 0.05612742287369432, 'max_features': 0.607849374488277, 'bootstrap': False, 'max_samples': 0.6260126271414503}. Best is trial 647 with value: 0.7566204211119171.[0m
[32m[I 2022-04-13 16:30:28,599][0m Trial 682 finished with value: 0.7366979290270425 and parameters: {'n_estimators': 519, 'min_samples_split': 0.2094770367125922, 'min_samples_leaf': 0.05356313759685373, 'min_weight_fraction_leaf': 0.07964738993198774, 'max_features': 0.5270153656477895, 'bootstrap': False, 'max_samples': 0.9368529081962361}. Best is trial 647 with value: 0.7566204211119171.[0m
[32m[I 2022-04-13 16:30:37,095][0m Trial 683 finished with value: 0.7397310079076858 and parameters: {'n_estimators': 508, 'min_samples_split': 0.17227418956104565, 'min_samples_leaf': 0.09883890083379024, 'min_weight_fraction_leaf': 0.0414869245447622, 'max_features': 0.5589516902731774, 'bootstrap': False, 'max_samples': 0.825318161643815}. Best is trial 647 with value: 0.7566204211119171.[0m
[32m[I 2022-04-13 16:30:48,473][0m Trial 684 finished with value: 0.7486603996401526 and parameters: {'n_estimators': 555, 'min_samples_split': 0.2244013680545294, 'min_samples_leaf': 0.036364197129395336, 'min_weight_fraction_leaf': 0.0005754126154445885, 'max_features': 0.580358056701791, 'bootstrap': False, 'max_samples': 0.665876776461522}. Best is trial 647 with value: 0.7566204211119171.[0m
[32m[I 2022-04-13 16:31:01,249][0m Trial 685 finished with value: 0.7408799247558197 and parameters: {'n_estimators': 623, 'min_samples_split': 0.23571944069531742, 'min_samples_leaf': 0.020259037868359177, 'min_weight_fraction_leaf': 0.05739833564819056, 'max_features': 0.5012225940305202, 'bootstrap': False, 'max_samples': 0.6857473868894444}. Best is trial 647 with value: 0.7566204211119171.[0m
[32m[I 2022-04-13 16:31:12,989][0m Trial 686 finished with value: 0.7377242823779652 and parameters: {'n_estimators': 582, 'min_samples_split': 0.18846039033182238, 'min_samples_leaf': 0.06685549680453615, 'min_weight_fraction_leaf': 0.012848534397622418, 'max_features': 0.6457505021108825, 'bootstrap': False, 'max_samples': 0.8612257206952845}. Best is trial 647 with value: 0.7566204211119171.[0m
[32m[I 2022-04-13 16:31:24,488][0m Trial 687 finished with value: 0.7489688367326514 and parameters: {'n_estimators': 536, 'min_samples_split': 0.19841952595543375, 'min_samples_leaf': 0.04512198560387342, 'min_weight_fraction_leaf': 0.03328613266511949, 'max_features': 0.5332104059716606, 'bootstrap': False, 'max_samples': 0.7049303896471856}. Best is trial 647 with value: 0.7566204211119171.[0m
[32m[I 2022-04-13 16:31:34,082][0m Trial 688 finished with value: 0.7438990475667946 and parameters: {'n_estimators': 474, 'min_samples_split': 0.15988533170605834, 'min_samples_leaf': 0.0562677509148383, 'min_weight_fraction_leaf': 0.04689102648085558, 'max_features': 0.5939222283149831, 'bootstrap': False, 'max_samples': 0.9009355606445391}. Best is trial 647 with value: 0.7566204211119171.[0m
[32m[I 2022-04-13 16:31:44,517][0m Trial 689 finished with value: 0.7416205701111878 and parameters: {'n_estimators': 506, 'min_samples_split': 0.20414566363395073, 'min_samples_leaf': 0.033392380319647766, 'min_weight_fraction_leaf': 0.07017236283332365, 'max_features': 0.5559510128341016, 'bootstrap': False, 'max_samples': 0.6488261825311717}. Best is trial 647 with value: 0.7566204211119171.[0m
[32m[I 2022-04-13 16:31:53,685][0m Trial 690 finished with value: 0.7344986890353187 and parameters: {'n_estimators': 545, 'min_samples_split': 0.18074163207590727, 'min_samples_leaf': 0.07888086925813176, 'min_weight_fraction_leaf': 0.051568246206677784, 'max_features': 0.44995092634437706, 'bootstrap': False, 'max_samples': 0.721783122589387}. Best is trial 647 with value: 0.7566204211119171.[0m
[32m[I 2022-04-13 16:32:06,018][0m Trial 691 finished with value: 0.7489688367326514 and parameters: {'n_estimators': 583, 'min_samples_split': 0.19326791278207162, 'min_samples_leaf': 0.046735086354187785, 'min_weight_fraction_leaf': 0.021099486439684425, 'max_features': 0.6105193529823616, 'bootstrap': False, 'max_samples': 0.9198453666524609}. Best is trial 647 with value: 0.7566204211119171.[0m
[32m[I 2022-04-13 16:32:18,705][0m Trial 692 finished with value: 0.7530199911543629 and parameters: {'n_estimators': 526, 'min_samples_split': 0.17400824529513087, 'min_samples_leaf': 0.02634406417470671, 'min_weight_fraction_leaf': 0.039510762920077526, 'max_features': 0.5823545396484848, 'bootstrap': False, 'max_samples': 0.6833018771707243}. Best is trial 647 with value: 0.7566204211119171.[0m
[32m[I 2022-04-13 16:32:31,815][0m Trial 693 finished with value: 0.7439377420036757 and parameters: {'n_estimators': 531, 'min_samples_split': 0.146091029832248, 'min_samples_leaf': 0.0385567409486421, 'min_weight_fraction_leaf': 0.03529611669086832, 'max_features': 0.5719501940399624, 'bootstrap': False, 'max_samples': 0.6747819127155923}. Best is trial 647 with value: 0.7566204211119171.[0m
[32m[I 2022-04-13 16:32:42,731][0m Trial 694 finished with value: 0.7461897685760897 and parameters: {'n_estimators': 563, 'min_samples_split': 0.1609050860519817, 'min_samples_leaf': 0.06153616238838823, 'min_weight_fraction_leaf': 0.025308108684082568, 'max_features': 0.5406486633658074, 'bootstrap': True, 'max_samples': 0.692900524115191, 'oob_score': True}. Best is trial 647 with value: 0.7566204211119171.[0m
[32m[I 2022-04-13 16:32:53,820][0m Trial 695 finished with value: 0.74716233378487 and parameters: {'n_estimators': 513, 'min_samples_split': 0.1690223761777322, 'min_samples_leaf': 0.05051241590151473, 'min_weight_fraction_leaf': 0.01569592315619559, 'max_features': 0.506724212993416, 'bootstrap': False, 'max_samples': 0.6940181327530148}. Best is trial 647 with value: 0.7566204211119171.[0m
[32m[I 2022-04-13 16:33:12,773][0m Trial 696 finished with value: 0.749504806925375 and parameters: {'n_estimators': 781, 'min_samples_split': 0.17489442036681851, 'min_samples_leaf': 0.032189071562326414, 'min_weight_fraction_leaf': 0.033037720327545254, 'max_features': 0.5552438088707816, 'bootstrap': False, 'max_samples': 0.6509132272792689}. Best is trial 647 with value: 0.7566204211119171.[0m
[32m[I 2022-04-13 16:33:18,462][0m Trial 697 finished with value: 0.6576838099146924 and parameters: {'n_estimators': 550, 'min_samples_split': 0.15345712286980423, 'min_samples_leaf': 0.3141142321929186, 'min_weight_fraction_leaf': 0.039754653467609855, 'max_features': 0.5828953688740095, 'bootstrap': False, 'max_samples': 0.664862699441101}. Best is trial 647 with value: 0.7566204211119171.[0m
[32m[I 2022-04-13 16:33:28,202][0m Trial 698 finished with value: 0.7483357858925512 and parameters: {'n_estimators': 496, 'min_samples_split': 0.16931742481093678, 'min_samples_leaf': 0.04347179035054813, 'min_weight_fraction_leaf': 0.026574141509178372, 'max_features': 0.533634085266592, 'bootstrap': False, 'max_samples': 0.6120462809329866}. Best is trial 647 with value: 0.7566204211119171.[0m
[32m[I 2022-04-13 16:33:44,772][0m Trial 699 finished with value: 0.7135783258012431 and parameters: {'n_estimators': 534, 'min_samples_split': 0.17956578083454447, 'min_samples_leaf': 0.022314188097278493, 'min_weight_fraction_leaf': 0.04500253763741553, 'max_features': 0.93665044902446, 'bootstrap': False, 'max_samples': 0.7176547361085711}. Best is trial 647 with value: 0.7566204211119171.[0m
[32m[I 2022-04-13 16:33:55,612][0m Trial 700 finished with value: 0.7441881633376142 and parameters: {'n_estimators': 602, 'min_samples_split': 0.18532671129537193, 'min_samples_leaf': 0.06784218087676744, 'min_weight_fraction_leaf': 0.03413640580038439, 'max_features': 0.5668708940001362, 'bootstrap': False, 'max_samples': 0.6819856877157869}. Best is trial 647 with value: 0.7566204211119171.[0m
[32m[I 2022-04-13 16:34:00,981][0m Trial 701 finished with value: 0.7443772076632491 and parameters: {'n_estimators': 238, 'min_samples_split': 0.16218843526832846, 'min_samples_leaf': 0.0558376677373808, 'min_weight_fraction_leaf': 0.019593257653855625, 'max_features': 0.4892623966787485, 'bootstrap': False, 'max_samples': 0.7026534177557372}. Best is trial 647 with value: 0.7566204211119171.[0m
[32m[I 2022-04-13 16:34:13,187][0m Trial 702 finished with value: 0.7461462724681197 and parameters: {'n_estimators': 520, 'min_samples_split': 0.17516335586602133, 'min_samples_leaf': 0.017638765683380152, 'min_weight_fraction_leaf': 0.059138866405203466, 'max_features': 0.5194099850182736, 'bootstrap': False, 'max_samples': 0.6739171196352702}. Best is trial 647 with value: 0.7566204211119171.[0m
[32m[I 2022-04-13 16:34:26,877][0m Trial 703 finished with value: 0.7477885416487895 and parameters: {'n_estimators': 568, 'min_samples_split': 0.18563672676139348, 'min_samples_leaf': 0.038067854526760175, 'min_weight_fraction_leaf': 0.010916366133852544, 'max_features': 0.5844799225360136, 'bootstrap': False, 'max_samples': 0.7155270522853006}. Best is trial 647 with value: 0.7566204211119171.[0m
[32m[I 2022-04-13 16:34:40,508][0m Trial 704 finished with value: 0.7489533274367983 and parameters: {'n_estimators': 704, 'min_samples_split': 0.17187367088508915, 'min_samples_leaf': 0.04938903860298026, 'min_weight_fraction_leaf': 0.04597256443752902, 'max_features': 0.5513109334496242, 'bootstrap': False, 'max_samples': 0.6478585351007731}. Best is trial 647 with value: 0.7566204211119171.[0m
[32m[I 2022-04-13 16:34:52,551][0m Trial 705 finished with value: 0.7428384997520218 and parameters: {'n_estimators': 492, 'min_samples_split': 0.1566510964052535, 'min_samples_leaf': 0.028878189776919593, 'min_weight_fraction_leaf': 0.03946484012370905, 'max_features': 0.5641002083723842, 'bootstrap': False, 'max_samples': 0.7245866957125621}. Best is trial 647 with value: 0.7566204211119171.[0m
[32m[I 2022-04-13 16:35:10,591][0m Trial 706 finished with value: 0.7490833576803106 and parameters: {'n_estimators': 912, 'min_samples_split': 0.18666170014949016, 'min_samples_leaf': 0.060360250071757354, 'min_weight_fraction_leaf': 0.030244996976294652, 'max_features': 0.5275875241643299, 'bootstrap': False, 'max_samples': 0.43376301941901685}. Best is trial 647 with value: 0.7566204211119171.[0m
[32m[I 2022-04-13 16:35:21,522][0m Trial 707 finished with value: 0.745842758985695 and parameters: {'n_estimators': 543, 'min_samples_split': 0.20928170015985337, 'min_samples_leaf': 0.04585244448549218, 'min_weight_fraction_leaf': 0.06302532675739549, 'max_features': 0.5901044876236925, 'bootstrap': False, 'max_samples': 0.6987222726547945}. Best is trial 647 with value: 0.7566204211119171.[0m
[32m[I 2022-04-13 16:35:25,268][0m Trial 708 finished with value: 0.7464924616154303 and parameters: {'n_estimators': 135, 'min_samples_split': 0.19854085205352948, 'min_samples_leaf': 0.035701533365878224, 'min_weight_fraction_leaf': 0.04633878515923881, 'max_features': 0.5417543258661678, 'bootstrap': False, 'max_samples': 0.6385042073639063}. Best is trial 647 with value: 0.7566204211119171.[0m
[32m[I 2022-04-13 16:35:35,952][0m Trial 709 finished with value: 0.7380437822468694 and parameters: {'n_estimators': 512, 'min_samples_split': 0.17784295018877136, 'min_samples_leaf': 0.0766012814148566, 'min_weight_fraction_leaf': 0.05329007061347015, 'max_features': 0.5091286946500782, 'bootstrap': False, 'max_samples': 0.6778214503526576}. Best is trial 647 with value: 0.7566204211119171.[0m
[32m[I 2022-04-13 16:35:40,451][0m Trial 710 finished with value: 0.3854278001738127 and parameters: {'n_estimators': 568, 'min_samples_split': 0.1652438036270412, 'min_samples_leaf': 0.47253673763664017, 'min_weight_fraction_leaf': 0.022676589017424784, 'max_features': 0.5751815377300945, 'bootstrap': False, 'max_samples': 0.7132847126298612}. Best is trial 647 with value: 0.7566204211119171.[0m
[32m[I 2022-04-13 16:35:50,230][0m Trial 711 finished with value: 0.7355533116169057 and parameters: {'n_estimators': 859, 'min_samples_split': 0.21666082273262116, 'min_samples_leaf': 0.15713219867088377, 'min_weight_fraction_leaf': 0.03675794955755572, 'max_features': 0.5547997360900095, 'bootstrap': False, 'max_samples': 0.7306394533310062}. Best is trial 647 with value: 0.7566204211119171.[0m
[32m[I 2022-04-13 16:36:02,374][0m Trial 712 finished with value: 0.7386843509163852 and parameters: {'n_estimators': 641, 'min_samples_split': 0.19055369864858232, 'min_samples_leaf': 0.017524575302417928, 'min_weight_fraction_leaf': 0.07520704643282691, 'max_features': 0.6000708112082231, 'bootstrap': True, 'max_samples': 0.6911259122583232, 'oob_score': True}. Best is trial 647 with value: 0.7566204211119171.[0m
[32m[I 2022-04-13 16:36:05,988][0m Trial 713 finished with value: 0.7414674945081894 and parameters: {'n_estimators': 122, 'min_samples_split': 0.14360697215887733, 'min_samples_leaf': 0.04378888809000824, 'min_weight_fraction_leaf': 0.0555260030857277, 'max_features': 0.47890276642849117, 'bootstrap': False, 'max_samples': 0.6598445429136259}. Best is trial 647 with value: 0.7566204211119171.[0m
[32m[I 2022-04-13 16:36:15,079][0m Trial 714 finished with value: 0.7461486092849723 and parameters: {'n_estimators': 475, 'min_samples_split': 0.20459033761200027, 'min_samples_leaf': 0.05540526585230959, 'min_weight_fraction_leaf': 0.008225924935467907, 'max_features': 0.524382637896782, 'bootstrap': False, 'max_samples': 0.7209959280723321}. Best is trial 647 with value: 0.7566204211119171.[0m
[32m[I 2022-04-13 16:36:27,214][0m Trial 715 finished with value: 0.7505682279880264 and parameters: {'n_estimators': 548, 'min_samples_split': 0.1787405655598435, 'min_samples_leaf': 0.030979195571927114, 'min_weight_fraction_leaf': 0.04060609251960149, 'max_features': 0.6242500388180404, 'bootstrap': False, 'max_samples': 0.7376450922337837}. Best is trial 647 with value: 0.7566204211119171.[0m
[32m[I 2022-04-13 16:36:38,712][0m Trial 716 finished with value: 0.7478519530974017 and parameters: {'n_estimators': 597, 'min_samples_split': 0.19060414878514728, 'min_samples_leaf': 0.06554588832050967, 'min_weight_fraction_leaf': 0.028461322550849242, 'max_features': 0.5442359733921817, 'bootstrap': False, 'max_samples': 0.539988348118527}. Best is trial 647 with value: 0.7566204211119171.[0m
[32m[I 2022-04-13 16:36:50,691][0m Trial 717 finished with value: 0.7441579913903256 and parameters: {'n_estimators': 524, 'min_samples_split': 0.16990280469966235, 'min_samples_leaf': 0.038414319348878685, 'min_weight_fraction_leaf': 0.06108602648347482, 'max_features': 0.5773885976086469, 'bootstrap': False, 'max_samples': 0.7030119028057797}. Best is trial 647 with value: 0.7566204211119171.[0m
[32m[I 2022-04-13 16:36:58,465][0m Trial 718 finished with value: 0.7301109797148442 and parameters: {'n_estimators': 498, 'min_samples_split': 0.478509213998216, 'min_samples_leaf': 0.049978645826321444, 'min_weight_fraction_leaf': 0.04838315916390627, 'max_features': 0.5618439192391258, 'bootstrap': False, 'max_samples': 0.6281638087417613}. Best is trial 647 with value: 0.7566204211119171.[0m
[32m[I 2022-04-13 16:37:10,927][0m Trial 719 finished with value: 0.743177313726963 and parameters: {'n_estimators': 533, 'min_samples_split': 0.1995662811108496, 'min_samples_leaf': 0.020483602237951298, 'min_weight_fraction_leaf': 0.018592642763626377, 'max_features': 0.5973575212935903, 'bootstrap': False, 'max_samples': 0.5739674397798412}. Best is trial 647 with value: 0.7566204211119171.[0m
[32m[I 2022-04-13 16:37:18,864][0m Trial 720 finished with value: 0.7214874568227954 and parameters: {'n_estimators': 575, 'min_samples_split': 0.184066336600856, 'min_samples_leaf': 0.028996963689945674, 'min_weight_fraction_leaf': 0.0679610629444358, 'max_features': 0.15034562690122882, 'bootstrap': False, 'max_samples': 0.7557667590319576}. Best is trial 647 with value: 0.7566204211119171.[0m
[32m[I 2022-04-13 16:37:28,135][0m Trial 721 finished with value: 0.7405433352632469 and parameters: {'n_estimators': 511, 'min_samples_split': 0.22653699015304338, 'min_samples_leaf': 0.05608926274641497, 'min_weight_fraction_leaf': 0.037325234969878426, 'max_features': 0.5108998608368894, 'bootstrap': False, 'max_samples': 0.6704534938179878}. Best is trial 647 with value: 0.7566204211119171.[0m
[32m[I 2022-04-13 16:37:37,434][0m Trial 722 finished with value: 0.7425566787456203 and parameters: {'n_estimators': 481, 'min_samples_split': 0.2135284754595876, 'min_samples_leaf': 0.042386359432458956, 'min_weight_fraction_leaf': 0.04910193319778676, 'max_features': 0.5416060776191245, 'bootstrap': False, 'max_samples': 0.7973195240130808}. Best is trial 647 with value: 0.7566204211119171.[0m
[32m[I 2022-04-13 16:37:47,522][0m Trial 723 finished with value: 0.7438627002379874 and parameters: {'n_estimators': 546, 'min_samples_split': 0.24920975383574123, 'min_samples_leaf': 0.06244305299498907, 'min_weight_fraction_leaf': 0.032402623589970654, 'max_features': 0.5805301219040857, 'bootstrap': False, 'max_samples': 0.6899988294833708}. Best is trial 647 with value: 0.7566204211119171.[0m
[32m[I 2022-04-13 16:38:02,669][0m Trial 724 finished with value: 0.7380194550507733 and parameters: {'n_estimators': 586, 'min_samples_split': 0.15531715854706973, 'min_samples_leaf': 0.013115840082953752, 'min_weight_fraction_leaf': 0.059356205499095094, 'max_features': 0.5635081149791566, 'bootstrap': False, 'max_samples': 0.7391846658784348}. Best is trial 647 with value: 0.7566204211119171.[0m
