[32m[I 2022-04-13 15:23:33,806][0m Trial 239 finished with value: 0.7502455519669878 and parameters: {'n_estimators': 561, 'min_samples_split': 0.19882566235310575, 'min_samples_leaf': 0.04544522004332627, 'min_weight_fraction_leaf': 0.04409221956273751, 'max_features': 0.5982218785011293, 'bootstrap': False, 'max_samples': 0.7250015626132087}. Best is trial 88 with value: 0.7533408627023566.[0m
[32m[I 2022-04-13 15:23:44,526][0m Trial 240 finished with value: 0.7448249875748895 and parameters: {'n_estimators': 564, 'min_samples_split': 0.20516496795193173, 'min_samples_leaf': 0.05996108504087033, 'min_weight_fraction_leaf': 0.04635206490906411, 'max_features': 0.599277078498384, 'bootstrap': False, 'max_samples': 0.7348627360672517}. Best is trial 88 with value: 0.7533408627023566.[0m
[32m[I 2022-04-13 15:23:55,461][0m Trial 241 finished with value: 0.753329816702875 and parameters: {'n_estimators': 531, 'min_samples_split': 0.19729431666342354, 'min_samples_leaf': 0.04682245517587903, 'min_weight_fraction_leaf': 0.042951836875797234, 'max_features': 0.5934178952455432, 'bootstrap': False, 'max_samples': 0.7420243524723926}. Best is trial 88 with value: 0.7533408627023566.[0m
[32m[I 2022-04-13 15:24:05,826][0m Trial 242 finished with value: 0.7489688367326514 and parameters: {'n_estimators': 527, 'min_samples_split': 0.19792041914498398, 'min_samples_leaf': 0.04562037315566686, 'min_weight_fraction_leaf': 0.04595916242841267, 'max_features': 0.5961845946852432, 'bootstrap': False, 'max_samples': 0.7346879956700706}. Best is trial 88 with value: 0.7533408627023566.[0m
[32m[I 2022-04-13 15:24:16,625][0m Trial 243 finished with value: 0.7520531014685385 and parameters: {'n_estimators': 526, 'min_samples_split': 0.19677827166700249, 'min_samples_leaf': 0.048601447955997086, 'min_weight_fraction_leaf': 0.04720495101508179, 'max_features': 0.6039284659562448, 'bootstrap': False, 'max_samples': 0.7379049017992965}. Best is trial 88 with value: 0.7533408627023566.[0m
[32m[I 2022-04-13 15:24:26,516][0m Trial 244 finished with value: 0.7489688367326514 and parameters: {'n_estimators': 531, 'min_samples_split': 0.20462291765170362, 'min_samples_leaf': 0.05010496396725642, 'min_weight_fraction_leaf': 0.04597348571239235, 'max_features': 0.6162305324470684, 'bootstrap': False, 'max_samples': 0.7349218130075157}. Best is trial 88 with value: 0.7533408627023566.[0m
[32m[I 2022-04-13 15:24:38,311][0m Trial 245 finished with value: 0.7387908161552871 and parameters: {'n_estimators': 522, 'min_samples_split': 0.1950309138523041, 'min_samples_leaf': 0.05147478202276834, 'min_weight_fraction_leaf': 0.04354698750356013, 'max_features': 0.626097962032072, 'bootstrap': False, 'max_samples': 0.7299145079901734}. Best is trial 88 with value: 0.7533408627023566.[0m
[32m[I 2022-04-13 15:24:47,855][0m Trial 246 finished with value: 0.7362904360939924 and parameters: {'n_estimators': 527, 'min_samples_split': 0.21114503549015468, 'min_samples_leaf': 0.06882328256093961, 'min_weight_fraction_leaf': 0.06879212228285769, 'max_features': 0.6024640026333739, 'bootstrap': False, 'max_samples': 0.7616014399753197}. Best is trial 88 with value: 0.7533408627023566.[0m
[32m[I 2022-04-13 15:25:00,472][0m Trial 247 finished with value: 0.7487082970848016 and parameters: {'n_estimators': 563, 'min_samples_split': 0.19394887041856956, 'min_samples_leaf': 0.052555070385870095, 'min_weight_fraction_leaf': 0.045763012764443084, 'max_features': 0.5928055418097563, 'bootstrap': False, 'max_samples': 0.7299873853665511}. Best is trial 88 with value: 0.7533408627023566.[0m
[32m[I 2022-04-13 15:25:10,347][0m Trial 248 finished with value: 0.745842758985695 and parameters: {'n_estimators': 529, 'min_samples_split': 0.2020110778286604, 'min_samples_leaf': 0.05961768340523876, 'min_weight_fraction_leaf': 0.04521131978874851, 'max_features': 0.6087791178901675, 'bootstrap': False, 'max_samples': 0.726257670742569}. Best is trial 88 with value: 0.7533408627023566.[0m
[32m[I 2022-04-13 15:25:21,748][0m Trial 249 finished with value: 0.7342485867868225 and parameters: {'n_estimators': 547, 'min_samples_split': 0.18860819094470635, 'min_samples_leaf': 0.05266607996204707, 'min_weight_fraction_leaf': 0.06482984057798924, 'max_features': 0.639472510755908, 'bootstrap': False, 'max_samples': 0.7706669090711821}. Best is trial 88 with value: 0.7533408627023566.[0m
[32m[I 2022-04-13 15:25:32,825][0m Trial 250 finished with value: 0.7505682279880264 and parameters: {'n_estimators': 559, 'min_samples_split': 0.17707698720640017, 'min_samples_leaf': 0.04948146937622528, 'min_weight_fraction_leaf': 0.04135580945193906, 'max_features': 0.5848910501945115, 'bootstrap': False, 'max_samples': 0.714778539052262}. Best is trial 88 with value: 0.7533408627023566.[0m
[32m[I 2022-04-13 15:25:43,160][0m Trial 251 finished with value: 0.7461462724681197 and parameters: {'n_estimators': 520, 'min_samples_split': 0.17415573705690784, 'min_samples_leaf': 0.06498074439377499, 'min_weight_fraction_leaf': 0.03897995738305207, 'max_features': 0.579858028946548, 'bootstrap': False, 'max_samples': 0.7111331723728442}. Best is trial 88 with value: 0.7533408627023566.[0m
[32m[I 2022-04-13 15:25:53,251][0m Trial 252 finished with value: 0.7392751868297784 and parameters: {'n_estimators': 536, 'min_samples_split': 0.17976965297509226, 'min_samples_leaf': 0.0760855861646119, 'min_weight_fraction_leaf': 0.0530426808621628, 'max_features': 0.6135918212966778, 'bootstrap': False, 'max_samples': 0.7876630844881637}. Best is trial 88 with value: 0.7533408627023566.[0m
[32m[I 2022-04-13 15:25:59,644][0m Trial 253 finished with value: 0.49133375714234206 and parameters: {'n_estimators': 568, 'min_samples_split': 0.21149242507416496, 'min_samples_leaf': 0.043720774139687626, 'min_weight_fraction_leaf': 0.43080663773093736, 'max_features': 0.5735367742069392, 'bootstrap': False, 'max_samples': 0.7549185546986139}. Best is trial 88 with value: 0.7533408627023566.[0m
[32m[I 2022-04-13 15:26:09,832][0m Trial 254 finished with value: 0.7463669614791837 and parameters: {'n_estimators': 545, 'min_samples_split': 0.173260586399198, 'min_samples_leaf': 0.05525848544391154, 'min_weight_fraction_leaf': 0.0405189275887528, 'max_features': 0.5913678681382726, 'bootstrap': False, 'max_samples': 0.685471372819453}. Best is trial 88 with value: 0.7533408627023566.[0m
[32m[I 2022-04-13 15:26:21,482][0m Trial 255 finished with value: 0.745842758985695 and parameters: {'n_estimators': 524, 'min_samples_split': 0.20219485208199217, 'min_samples_leaf': 0.04513745861077307, 'min_weight_fraction_leaf': 0.06108391557517236, 'max_features': 0.5648261626919011, 'bootstrap': False, 'max_samples': 0.709754154951921}. Best is trial 88 with value: 0.7533408627023566.[0m
[32m[I 2022-04-13 15:26:32,343][0m Trial 256 finished with value: 0.7380437822468694 and parameters: {'n_estimators': 557, 'min_samples_split': 0.18382131247075278, 'min_samples_leaf': 0.04195534194277836, 'min_weight_fraction_leaf': 0.07669454123402913, 'max_features': 0.5502968478559946, 'bootstrap': False, 'max_samples': 0.744922155741204}. Best is trial 88 with value: 0.7533408627023566.[0m
[32m[I 2022-04-13 15:26:42,475][0m Trial 257 finished with value: 0.7294060265921118 and parameters: {'n_estimators': 513, 'min_samples_split': 0.16971097263393678, 'min_samples_leaf': 0.06266244719102394, 'min_weight_fraction_leaf': 0.05182332510315843, 'max_features': 0.6349655556020419, 'bootstrap': False, 'max_samples': 0.8023429814244107}. Best is trial 88 with value: 0.7533408627023566.[0m
[32m[I 2022-04-13 15:26:54,459][0m Trial 258 finished with value: 0.7487082970848016 and parameters: {'n_estimators': 567, 'min_samples_split': 0.19601043890823416, 'min_samples_leaf': 0.05103002583889794, 'min_weight_fraction_leaf': 0.03468676133019239, 'max_features': 0.5828862627293465, 'bootstrap': False, 'max_samples': 0.7594813855260121}. Best is trial 88 with value: 0.7533408627023566.[0m
[32m[I 2022-04-13 15:27:06,341][0m Trial 259 finished with value: 0.7374918454027123 and parameters: {'n_estimators': 573, 'min_samples_split': 0.21471464955778663, 'min_samples_leaf': 0.05347122958085912, 'min_weight_fraction_leaf': 0.04000404723936605, 'max_features': 0.5937449774500991, 'bootstrap': False, 'max_samples': 0.7761527998779676}. Best is trial 88 with value: 0.7533408627023566.[0m
[32m[I 2022-04-13 15:27:11,948][0m Trial 260 finished with value: 0.6713225336272666 and parameters: {'n_estimators': 467, 'min_samples_split': 0.18441797617518407, 'min_samples_leaf': 0.22939020981116837, 'min_weight_fraction_leaf': 0.06591004425963362, 'max_features': 0.6602094477907925, 'bootstrap': False, 'max_samples': 0.6972142434459898}. Best is trial 88 with value: 0.7533408627023566.[0m
[32m[I 2022-04-13 15:27:23,033][0m Trial 261 finished with value: 0.7489688367326514 and parameters: {'n_estimators': 537, 'min_samples_split': 0.20394310117216702, 'min_samples_leaf': 0.041392367493886, 'min_weight_fraction_leaf': 0.05010430802652452, 'max_features': 0.54606777873235, 'bootstrap': False, 'max_samples': 0.7220078463167322}. Best is trial 88 with value: 0.7533408627023566.[0m
[32m[I 2022-04-13 15:27:29,452][0m Trial 262 finished with value: 0.7118613278674254 and parameters: {'n_estimators': 516, 'min_samples_split': 0.21137418389449739, 'min_samples_leaf': 0.17585221943051627, 'min_weight_fraction_leaf': 0.05339748988234931, 'max_features': 0.5536516612915303, 'bootstrap': False, 'max_samples': 0.7172250409278144}. Best is trial 88 with value: 0.7533408627023566.[0m
[32m[I 2022-04-13 15:27:41,045][0m Trial 263 finished with value: 0.745842758985695 and parameters: {'n_estimators': 534, 'min_samples_split': 0.2040581363231864, 'min_samples_leaf': 0.039081113767226665, 'min_weight_fraction_leaf': 0.06277113933050771, 'max_features': 0.5411462592984845, 'bootstrap': False, 'max_samples': 0.6854306493089382}. Best is trial 88 with value: 0.7533408627023566.[0m
[32m[I 2022-04-13 15:27:46,440][0m Trial 264 finished with value: 0.6095243356597948 and parameters: {'n_estimators': 540, 'min_samples_split': 0.18013995217255746, 'min_samples_leaf': 0.32974508815304826, 'min_weight_fraction_leaf': 0.3539151886062133, 'max_features': 0.5662865349255134, 'bootstrap': False, 'max_samples': 0.7194514970457353}. Best is trial 88 with value: 0.7533408627023566.[0m
[32m[I 2022-04-13 15:27:55,372][0m Trial 265 finished with value: 0.7397522229358413 and parameters: {'n_estimators': 505, 'min_samples_split': 0.18959122707571807, 'min_samples_leaf': 0.07361818906757674, 'min_weight_fraction_leaf': 0.035641541768307305, 'max_features': 0.5421642319607736, 'bootstrap': False, 'max_samples': 0.7545423697301734}. Best is trial 88 with value: 0.7533408627023566.[0m
[32m[I 2022-04-13 15:28:03,584][0m Trial 266 finished with value: 0.7382507067130576 and parameters: {'n_estimators': 473, 'min_samples_split': 0.3364191287866804, 'min_samples_leaf': 0.04171856071054646, 'min_weight_fraction_leaf': 0.07456310072023502, 'max_features': 0.6103086350511099, 'bootstrap': False, 'max_samples': 0.7394789704152585}. Best is trial 88 with value: 0.7533408627023566.[0m
[32m[I 2022-04-13 15:28:08,049][0m Trial 267 finished with value: 0.4253867668652056 and parameters: {'n_estimators': 535, 'min_samples_split': 0.16673940518225694, 'min_samples_leaf': 0.49548892817871254, 'min_weight_fraction_leaf': 0.05365387814995913, 'max_features': 0.6249156240903571, 'bootstrap': False, 'max_samples': 0.7016359552290451}. Best is trial 88 with value: 0.7533408627023566.[0m
[32m[I 2022-04-13 15:28:20,197][0m Trial 268 finished with value: 0.7448249875748895 and parameters: {'n_estimators': 577, 'min_samples_split': 0.20103765518170105, 'min_samples_leaf': 0.06145800442831943, 'min_weight_fraction_leaf': 0.041237812852030514, 'max_features': 0.5640881001989215, 'bootstrap': False, 'max_samples': 0.6739704931480476}. Best is trial 88 with value: 0.7533408627023566.[0m
[32m[I 2022-04-13 15:28:31,809][0m Trial 269 finished with value: 0.7514066864274538 and parameters: {'n_estimators': 513, 'min_samples_split': 0.17473546841245396, 'min_samples_leaf': 0.03952462719581418, 'min_weight_fraction_leaf': 0.03353103134026074, 'max_features': 0.5847775148150691, 'bootstrap': False, 'max_samples': 0.7739123866540127}. Best is trial 88 with value: 0.7533408627023566.[0m
[32m[I 2022-04-13 15:28:42,200][0m Trial 270 finished with value: 0.7493491262284993 and parameters: {'n_estimators': 485, 'min_samples_split': 0.17924194029644858, 'min_samples_leaf': 0.03867668130839495, 'min_weight_fraction_leaf': 0.03316712647799071, 'max_features': 0.5913277332237483, 'bootstrap': False, 'max_samples': 0.769355060481977}. Best is trial 88 with value: 0.7533408627023566.[0m
[32m[I 2022-04-13 15:28:53,973][0m Trial 271 finished with value: 0.7489141265324342 and parameters: {'n_estimators': 483, 'min_samples_split': 0.16385145245710975, 'min_samples_leaf': 0.03739197697815213, 'min_weight_fraction_leaf': 0.03677822916677789, 'max_features': 0.5874385728302178, 'bootstrap': False, 'max_samples': 0.7770790656538256}. Best is trial 88 with value: 0.7533408627023566.[0m
[32m[I 2022-04-13 15:29:01,366][0m Trial 272 finished with value: 0.6816414278228989 and parameters: {'n_estimators': 502, 'min_samples_split': 0.17858247874490873, 'min_samples_leaf': 0.05833551811064614, 'min_weight_fraction_leaf': 0.26549714381374445, 'max_features': 0.536950534092711, 'bootstrap': False, 'max_samples': 0.8109121822401286}. Best is trial 88 with value: 0.7533408627023566.[0m
[32m[I 2022-04-13 15:29:11,820][0m Trial 273 finished with value: 0.7523120452920695 and parameters: {'n_estimators': 518, 'min_samples_split': 0.18849882803781376, 'min_samples_leaf': 0.05106272878235335, 'min_weight_fraction_leaf': 0.034506499986806556, 'max_features': 0.6205624194584627, 'bootstrap': False, 'max_samples': 0.7640770283380599}. Best is trial 88 with value: 0.7533408627023566.[0m
[32m[I 2022-04-13 15:29:21,997][0m Trial 274 finished with value: 0.7325326007483509 and parameters: {'n_estimators': 510, 'min_samples_split': 0.18617458969436526, 'min_samples_leaf': 0.08416126915061076, 'min_weight_fraction_leaf': 0.02848518394668479, 'max_features': 0.623366517892594, 'bootstrap': False, 'max_samples': 0.7868857970548766}. Best is trial 88 with value: 0.7533408627023566.[0m
[32m[I 2022-04-13 15:29:32,035][0m Trial 275 finished with value: 0.734884557079433 and parameters: {'n_estimators': 487, 'min_samples_split': 0.17432856336706562, 'min_samples_leaf': 0.06831640449572382, 'min_weight_fraction_leaf': 0.032154796271359504, 'max_features': 0.6018466783563724, 'bootstrap': False, 'max_samples': 0.7442016338115173}. Best is trial 88 with value: 0.7533408627023566.[0m
[32m[I 2022-04-13 15:29:42,705][0m Trial 276 finished with value: 0.7472822107558676 and parameters: {'n_estimators': 510, 'min_samples_split': 0.1867286892318612, 'min_samples_leaf': 0.048799135735925536, 'min_weight_fraction_leaf': 0.06498172419620099, 'max_features': 0.5767547170267471, 'bootstrap': False, 'max_samples': 0.7611510401099452}. Best is trial 88 with value: 0.7533408627023566.[0m
[32m[I 2022-04-13 15:29:50,865][0m Trial 277 finished with value: 0.7251395710262973 and parameters: {'n_estimators': 458, 'min_samples_split': 0.4695750299569089, 'min_samples_leaf': 0.03574573335132314, 'min_weight_fraction_leaf': 0.055341347275176145, 'max_features': 0.5571980906581657, 'bootstrap': False, 'max_samples': 0.705560146517068}. Best is trial 88 with value: 0.7533408627023566.[0m
[32m[I 2022-04-13 15:30:02,975][0m Trial 278 finished with value: 0.7263861169085601 and parameters: {'n_estimators': 551, 'min_samples_split': 0.16316643466314315, 'min_samples_leaf': 0.05476468443502176, 'min_weight_fraction_leaf': 0.03529808165358029, 'max_features': 0.6378349641817558, 'bootstrap': False, 'max_samples': 0.7788581709165776}. Best is trial 88 with value: 0.7533408627023566.[0m
[32m[I 2022-04-13 15:30:15,515][0m Trial 279 finished with value: 0.7505682279880264 and parameters: {'n_estimators': 552, 'min_samples_split': 0.17768612232508446, 'min_samples_leaf': 0.03696783993724299, 'min_weight_fraction_leaf': 0.04182122279425972, 'max_features': 0.5738382629583672, 'bootstrap': False, 'max_samples': 0.722002678486833}. Best is trial 88 with value: 0.7533408627023566.[0m
[32m[I 2022-04-13 15:30:28,999][0m Trial 280 finished with value: 0.7481177216455903 and parameters: {'n_estimators': 577, 'min_samples_split': 0.17175414169637976, 'min_samples_leaf': 0.03456367605242028, 'min_weight_fraction_leaf': 0.03027275540473058, 'max_features': 0.571494022752693, 'bootstrap': False, 'max_samples': 0.7190071709041191}. Best is trial 88 with value: 0.7533408627023566.[0m
[32m[I 2022-04-13 15:30:38,653][0m Trial 281 finished with value: 0.7408015738292684 and parameters: {'n_estimators': 559, 'min_samples_split': 0.17833426304972455, 'min_samples_leaf': 0.06258811897997754, 'min_weight_fraction_leaf': 0.04024631102500895, 'max_features': 0.4910239387626366, 'bootstrap': False, 'max_samples': 0.6832053989951967}. Best is trial 88 with value: 0.7533408627023566.[0m
[32m[I 2022-04-13 15:30:49,105][0m Trial 282 finished with value: 0.7485209923280033 and parameters: {'n_estimators': 483, 'min_samples_split': 0.1874641899213592, 'min_samples_leaf': 0.036596916908992874, 'min_weight_fraction_leaf': 0.05881716552309421, 'max_features': 0.5538747095126741, 'bootstrap': False, 'max_samples': 0.7612823741756377}. Best is trial 88 with value: 0.7533408627023566.[0m
[32m[I 2022-04-13 15:31:00,646][0m Trial 283 finished with value: 0.7283985343803959 and parameters: {'n_estimators': 555, 'min_samples_split': 0.1625434635324445, 'min_samples_leaf': 0.03962037144939249, 'min_weight_fraction_leaf': 0.08276935911935589, 'max_features': 0.5367554988225444, 'bootstrap': False, 'max_samples': 0.7177957640016117}. Best is trial 88 with value: 0.7533408627023566.[0m
[32m[I 2022-04-13 15:31:11,264][0m Trial 284 finished with value: 0.753329816702875 and parameters: {'n_estimators': 515, 'min_samples_split': 0.19236604223753556, 'min_samples_leaf': 0.049007807747463446, 'min_weight_fraction_leaf': 0.03111882283299836, 'max_features': 0.5899705988081513, 'bootstrap': False, 'max_samples': 0.7512098067578732}. Best is trial 88 with value: 0.7533408627023566.[0m
[32m[I 2022-04-13 15:31:20,070][0m Trial 285 finished with value: 0.7370260108360638 and parameters: {'n_estimators': 493, 'min_samples_split': 0.17800548579479858, 'min_samples_leaf': 0.06964613190818053, 'min_weight_fraction_leaf': 0.03139038585448924, 'max_features': 0.5974075737275565, 'bootstrap': False, 'max_samples': 0.7965073501250342}. Best is trial 88 with value: 0.7533408627023566.[0m
[32m[I 2022-04-13 15:31:26,453][0m Trial 286 finished with value: 0.6816414278228989 and parameters: {'n_estimators': 512, 'min_samples_split': 0.19229559379748182, 'min_samples_leaf': 0.26453216821501835, 'min_weight_fraction_leaf': 0.038241311025890665, 'max_features': 0.5657698326390044, 'bootstrap': False, 'max_samples': 0.7438000586775952}. Best is trial 88 with value: 0.7533408627023566.[0m
[32m[I 2022-04-13 15:31:35,887][0m Trial 287 finished with value: 0.7501923791784872 and parameters: {'n_estimators': 332, 'min_samples_split': 0.1687269660554822, 'min_samples_leaf': 0.033117332211495196, 'min_weight_fraction_leaf': 0.028604073785592085, 'max_features': 0.5818966061480081, 'bootstrap': False, 'max_samples': 0.7239707421091246}. Best is trial 88 with value: 0.7533408627023566.[0m
[32m[I 2022-04-13 15:31:46,928][0m Trial 288 finished with value: 0.7486259809273244 and parameters: {'n_estimators': 414, 'min_samples_split': 0.1667284505874554, 'min_samples_leaf': 0.032306102118782654, 'min_weight_fraction_leaf': 0.030407789073844203, 'max_features': 0.5833345478400658, 'bootstrap': False, 'max_samples': 0.8336746584749486}. Best is trial 88 with value: 0.7533408627023566.[0m
[32m[I 2022-04-13 15:31:59,986][0m Trial 289 finished with value: 0.7428812761559891 and parameters: {'n_estimators': 583, 'min_samples_split': 0.1591140118122678, 'min_samples_leaf': 0.056611652223272566, 'min_weight_fraction_leaf': 0.027298021979901048, 'max_features': 0.6137610545459917, 'bootstrap': False, 'max_samples': 0.7671782429598358}. Best is trial 88 with value: 0.7533408627023566.[0m
[32m[I 2022-04-13 15:32:11,504][0m Trial 290 finished with value: 0.7478918996114863 and parameters: {'n_estimators': 464, 'min_samples_split': 0.1719835123049228, 'min_samples_leaf': 0.031228867662557357, 'min_weight_fraction_leaf': 0.04030173160521122, 'max_features': 0.577096517903626, 'bootstrap': False, 'max_samples': 0.7044236410188901}. Best is trial 88 with value: 0.7533408627023566.[0m
[32m[I 2022-04-13 15:32:23,581][0m Trial 291 finished with value: 0.7386344061620927 and parameters: {'n_estimators': 510, 'min_samples_split': 0.18086628861162898, 'min_samples_leaf': 0.04987520390037993, 'min_weight_fraction_leaf': 0.025436921674842954, 'max_features': 0.6472289571655849, 'bootstrap': False, 'max_samples': 0.7438693819237705}. Best is trial 88 with value: 0.7533408627023566.[0m
[32m[I 2022-04-13 15:32:36,404][0m Trial 292 finished with value: 0.7460054955215313 and parameters: {'n_estimators': 576, 'min_samples_split': 0.1861868495004808, 'min_samples_leaf': 0.03847790443269547, 'min_weight_fraction_leaf': 0.05936998156910301, 'max_features': 0.5604087028000054, 'bootstrap': False, 'max_samples': 0.6954050674246036}. Best is trial 88 with value: 0.7533408627023566.[0m
