[32m[I 2022-04-13 16:13:31,655][0m Trial 563 finished with value: 0.745841704495924 and parameters: {'n_estimators': 521, 'min_samples_split': 0.18063678209383247, 'min_samples_leaf': 0.03157726710541663, 'min_weight_fraction_leaf': 0.008651570017254438, 'max_features': 0.48464604504668507, 'bootstrap': False, 'max_samples': 0.7134093905606619}. Best is trial 88 with value: 0.7533408627023566.[0m
[32m[I 2022-04-13 16:13:43,243][0m Trial 564 finished with value: 0.7417078240483078 and parameters: {'n_estimators': 490, 'min_samples_split': 0.1670302739529651, 'min_samples_leaf': 0.04567909266968326, 'min_weight_fraction_leaf': 0.06098939972745329, 'max_features': 0.5640388900424443, 'bootstrap': False, 'max_samples': 0.719980245276766}. Best is trial 88 with value: 0.7533408627023566.[0m
[32m[I 2022-04-13 16:13:55,090][0m Trial 565 finished with value: 0.7520531014685385 and parameters: {'n_estimators': 527, 'min_samples_split': 0.1877126476296793, 'min_samples_leaf': 0.020561898341934393, 'min_weight_fraction_leaf': 0.04784982262500685, 'max_features': 0.5212554118163326, 'bootstrap': False, 'max_samples': 0.8034389301585755}. Best is trial 88 with value: 0.7533408627023566.[0m
[32m[I 2022-04-13 16:14:04,617][0m Trial 566 finished with value: 0.7432754245256211 and parameters: {'n_estimators': 468, 'min_samples_split': 0.1855755372444751, 'min_samples_leaf': 0.011727307047215488, 'min_weight_fraction_leaf': 0.05305570183971171, 'max_features': 0.46345062086129585, 'bootstrap': False, 'max_samples': 0.8310277701605211}. Best is trial 88 with value: 0.7533408627023566.[0m
[32m[I 2022-04-13 16:14:17,363][0m Trial 567 finished with value: 0.7479432031847728 and parameters: {'n_estimators': 518, 'min_samples_split': 0.1639316742903048, 'min_samples_leaf': 0.017737817806667354, 'min_weight_fraction_leaf': 0.03863600573708858, 'max_features': 0.5075918110472455, 'bootstrap': False, 'max_samples': 0.8096920801573557}. Best is trial 88 with value: 0.7533408627023566.[0m
[32m[I 2022-04-13 16:14:28,138][0m Trial 568 finished with value: 0.7415325433674538 and parameters: {'n_estimators': 488, 'min_samples_split': 0.1890525988589191, 'min_samples_leaf': 0.00854621042324818, 'min_weight_fraction_leaf': 0.028117164653111544, 'max_features': 0.4975818146121851, 'bootstrap': False, 'max_samples': 0.8295322177581405}. Best is trial 88 with value: 0.7533408627023566.[0m
[32m[I 2022-04-13 16:14:33,771][0m Trial 569 finished with value: 0.7041297674046246 and parameters: {'n_estimators': 425, 'min_samples_split': 0.2051496785091484, 'min_samples_leaf': 0.19281349981863175, 'min_weight_fraction_leaf': 0.0709854100785861, 'max_features': 0.6163397054908446, 'bootstrap': False, 'max_samples': 0.8457980008766295}. Best is trial 88 with value: 0.7533408627023566.[0m
[32m[I 2022-04-13 16:14:48,270][0m Trial 570 finished with value: 0.741538456835247 and parameters: {'n_estimators': 530, 'min_samples_split': 0.1752579207691527, 'min_samples_leaf': 0.020449590563883586, 'min_weight_fraction_leaf': 0.049777729003343554, 'max_features': 0.6436668564817624, 'bootstrap': False, 'max_samples': 0.7825527912662118}. Best is trial 88 with value: 0.7533408627023566.[0m
[32m[I 2022-04-13 16:14:55,954][0m Trial 571 finished with value: 0.7453475942440593 and parameters: {'n_estimators': 320, 'min_samples_split': 0.17962000222996147, 'min_samples_leaf': 0.02513797038102375, 'min_weight_fraction_leaf': 0.05731924427935442, 'max_features': 0.526121996444818, 'bootstrap': False, 'max_samples': 0.88463343934553}. Best is trial 88 with value: 0.7533408627023566.[0m
[32m[I 2022-04-13 16:15:00,007][0m Trial 572 finished with value: 0.7141158993756199 and parameters: {'n_estimators': 293, 'min_samples_split': 0.15261893714197347, 'min_samples_leaf': 0.06989984317921082, 'min_weight_fraction_leaf': 0.03929438112807703, 'max_features': 0.059334355710741804, 'bootstrap': False, 'max_samples': 0.7906209221771061}. Best is trial 88 with value: 0.7533408627023566.[0m
[32m[I 2022-04-13 16:15:09,936][0m Trial 573 finished with value: 0.7472822107558676 and parameters: {'n_estimators': 501, 'min_samples_split': 0.19390520809167197, 'min_samples_leaf': 0.02948011265274244, 'min_weight_fraction_leaf': 0.06569679415186577, 'max_features': 0.5429414765204403, 'bootstrap': False, 'max_samples': 0.8049196770920258}. Best is trial 88 with value: 0.7533408627023566.[0m
[32m[I 2022-04-13 16:15:17,997][0m Trial 574 finished with value: 0.7349651994749405 and parameters: {'n_estimators': 537, 'min_samples_split': 0.2297611628478225, 'min_samples_leaf': 0.122831099226453, 'min_weight_fraction_leaf': 0.08105915360281157, 'max_features': 0.5948451626531502, 'bootstrap': False, 'max_samples': 0.6672369571162036}. Best is trial 88 with value: 0.7533408627023566.[0m
[32m[I 2022-04-13 16:15:23,894][0m Trial 575 finished with value: 0.7490314406059494 and parameters: {'n_estimators': 273, 'min_samples_split': 0.16960428751216408, 'min_samples_leaf': 0.03332430611338607, 'min_weight_fraction_leaf': 0.020098339059737184, 'max_features': 0.48030613287132795, 'bootstrap': False, 'max_samples': 0.816094713420721}. Best is trial 88 with value: 0.7533408627023566.[0m
[32m[I 2022-04-13 16:15:45,133][0m Trial 576 finished with value: 0.7490720998593066 and parameters: {'n_estimators': 943, 'min_samples_split': 0.18515758903750126, 'min_samples_leaf': 0.007011456661453851, 'min_weight_fraction_leaf': 0.04966545527471488, 'max_features': 0.514370678316485, 'bootstrap': False, 'max_samples': 0.762985993431486}. Best is trial 88 with value: 0.7533408627023566.[0m
[32m[I 2022-04-13 16:15:57,993][0m Trial 577 finished with value: 0.7367285362512161 and parameters: {'n_estimators': 506, 'min_samples_split': 0.20898019974661805, 'min_samples_leaf': 0.017256355004353352, 'min_weight_fraction_leaf': 0.032722701553155584, 'max_features': 0.7226612859704713, 'bootstrap': False, 'max_samples': 0.7899970843109034}. Best is trial 88 with value: 0.7533408627023566.[0m
[32m[I 2022-04-13 16:16:04,277][0m Trial 578 finished with value: 0.7477815295660379 and parameters: {'n_estimators': 306, 'min_samples_split': 0.2004765302478291, 'min_samples_leaf': 0.041013116656831536, 'min_weight_fraction_leaf': 0.044745400338827596, 'max_features': 0.5829813995489074, 'bootstrap': False, 'max_samples': 0.6841847496728455}. Best is trial 88 with value: 0.7533408627023566.[0m
[32m[I 2022-04-13 16:16:14,637][0m Trial 579 finished with value: 0.7460054955215313 and parameters: {'n_estimators': 542, 'min_samples_split': 0.19092919560136679, 'min_samples_leaf': 0.06009103982895045, 'min_weight_fraction_leaf': 0.02524055607883368, 'max_features': 0.6170713706653003, 'bootstrap': False, 'max_samples': 0.7656219662043798}. Best is trial 88 with value: 0.7533408627023566.[0m
[32m[I 2022-04-13 16:16:25,255][0m Trial 580 finished with value: 0.7373164670430757 and parameters: {'n_estimators': 459, 'min_samples_split': 0.21588592533564052, 'min_samples_leaf': 0.0014959321261369188, 'min_weight_fraction_leaf': 0.06179528152209252, 'max_features': 0.5355149962864996, 'bootstrap': False, 'max_samples': 0.8003299143299137}. Best is trial 88 with value: 0.7533408627023566.[0m
[32m[I 2022-04-13 16:16:32,912][0m Trial 581 finished with value: 0.750025735096971 and parameters: {'n_estimators': 256, 'min_samples_split': 0.20140556190454492, 'min_samples_leaf': 0.024468271239246935, 'min_weight_fraction_leaf': 0.04083419720064621, 'max_features': 0.5708878506687618, 'bootstrap': False, 'max_samples': 0.6972678102288952}. Best is trial 88 with value: 0.7533408627023566.[0m
[32m[I 2022-04-13 16:16:44,160][0m Trial 582 finished with value: 0.7437880833285293 and parameters: {'n_estimators': 516, 'min_samples_split': 0.22349396615662334, 'min_samples_leaf': 0.05071196959017056, 'min_weight_fraction_leaf': 0.051922384368095535, 'max_features': 0.5567593781411073, 'bootstrap': False, 'max_samples': 0.6444349059227596}. Best is trial 88 with value: 0.7533408627023566.[0m
[32m[I 2022-04-13 16:16:55,921][0m Trial 583 finished with value: 0.745883205125419 and parameters: {'n_estimators': 564, 'min_samples_split': 0.17712747322991593, 'min_samples_leaf': 0.0573753239934834, 'min_weight_fraction_leaf': 0.03394404037705546, 'max_features': 0.5969654795335232, 'bootstrap': False, 'max_samples': 0.7469171545441804}. Best is trial 88 with value: 0.7533408627023566.[0m
[32m[I 2022-04-13 16:16:59,799][0m Trial 584 finished with value: 0.7489392961053084 and parameters: {'n_estimators': 128, 'min_samples_split': 0.15975107392877708, 'min_samples_leaf': 0.03459939484396636, 'min_weight_fraction_leaf': 0.016873227944629796, 'max_features': 0.5594978611016695, 'bootstrap': False, 'max_samples': 0.7253647224246427}. Best is trial 88 with value: 0.7533408627023566.[0m
[32m[I 2022-04-13 16:17:11,039][0m Trial 585 finished with value: 0.7367349703547535 and parameters: {'n_estimators': 480, 'min_samples_split': 0.19708774791404568, 'min_samples_leaf': 0.04247427241449049, 'min_weight_fraction_leaf': 0.0619008689440136, 'max_features': 0.6529521273300749, 'bootstrap': False, 'max_samples': 0.6172320678074283}. Best is trial 88 with value: 0.7533408627023566.[0m
[32m[I 2022-04-13 16:17:22,106][0m Trial 586 finished with value: 0.7392172343545507 and parameters: {'n_estimators': 590, 'min_samples_split': 0.18405560276397664, 'min_samples_leaf': 0.06927364372674572, 'min_weight_fraction_leaf': 0.04247918594107454, 'max_features': 0.6240450820204556, 'bootstrap': False, 'max_samples': 0.7755895379170354}. Best is trial 88 with value: 0.7533408627023566.[0m
[32m[I 2022-04-13 16:17:33,591][0m Trial 587 finished with value: 0.7506771206008374 and parameters: {'n_estimators': 546, 'min_samples_split': 0.16958484902785112, 'min_samples_leaf': 0.051241110786612414, 'min_weight_fraction_leaf': 0.029294473988867597, 'max_features': 0.5725943971996547, 'bootstrap': False, 'max_samples': 0.7128355619720281}. Best is trial 88 with value: 0.7533408627023566.[0m
[32m[I 2022-04-13 16:17:40,240][0m Trial 588 finished with value: 0.744948194624206 and parameters: {'n_estimators': 332, 'min_samples_split': 0.18826839497533324, 'min_samples_leaf': 0.029086126119985234, 'min_weight_fraction_leaf': 0.055631056551077286, 'max_features': 0.5217153297216723, 'bootstrap': False, 'max_samples': 0.7523652597121945}. Best is trial 88 with value: 0.7533408627023566.[0m
[32m[I 2022-04-13 16:17:48,774][0m Trial 589 finished with value: 0.7156962610433912 and parameters: {'n_estimators': 525, 'min_samples_split': 0.21517718716348402, 'min_samples_leaf': 0.01768104609322946, 'min_weight_fraction_leaf': 0.1750744411409151, 'max_features': 0.5519836173559933, 'bootstrap': False, 'max_samples': 0.8145381714309772}. Best is trial 88 with value: 0.7533408627023566.[0m
[32m[I 2022-04-13 16:17:54,675][0m Trial 590 finished with value: 0.7308613435462139 and parameters: {'n_estimators': 286, 'min_samples_split': 0.14345495742012565, 'min_samples_leaf': 0.08065351241975317, 'min_weight_fraction_leaf': 0.04758565406439331, 'max_features': 0.6017021840535338, 'bootstrap': False, 'max_samples': 0.7742364122387918}. Best is trial 88 with value: 0.7533408627023566.[0m
[32m[I 2022-04-13 16:18:01,231][0m Trial 591 finished with value: 0.7125685940330895 and parameters: {'n_estimators': 507, 'min_samples_split': 0.20588190718203764, 'min_samples_leaf': 0.040510678595114855, 'min_weight_fraction_leaf': 0.035646785498573676, 'max_features': 0.2314412658157175, 'bootstrap': False, 'max_samples': 0.6681602968679851}. Best is trial 88 with value: 0.7533408627023566.[0m
[32m[I 2022-04-13 16:18:06,971][0m Trial 592 finished with value: 0.6857244965389218 and parameters: {'n_estimators': 554, 'min_samples_split': 0.25618696035764654, 'min_samples_leaf': 0.26685798816086964, 'min_weight_fraction_leaf': 0.0062801382340057915, 'max_features': 0.4963721483881147, 'bootstrap': False, 'max_samples': 0.7530971463661136}. Best is trial 88 with value: 0.7533408627023566.[0m
[32m[I 2022-04-13 16:18:17,642][0m Trial 593 finished with value: 0.7380437822468694 and parameters: {'n_estimators': 585, 'min_samples_split': 0.177109106467735, 'min_samples_leaf': 0.062106092832771846, 'min_weight_fraction_leaf': 0.07053058771781351, 'max_features': 0.5784758509746849, 'bootstrap': False, 'max_samples': 0.7965302968730634}. Best is trial 88 with value: 0.7533408627023566.[0m
[32m[I 2022-04-13 16:18:27,374][0m Trial 594 finished with value: 0.7450146596101179 and parameters: {'n_estimators': 490, 'min_samples_split': 0.23908881107533592, 'min_samples_leaf': 0.03172559794386702, 'min_weight_fraction_leaf': 0.04475972276159037, 'max_features': 0.5945752336029173, 'bootstrap': False, 'max_samples': 0.6853268514224918}. Best is trial 88 with value: 0.7533408627023566.[0m
[32m[I 2022-04-13 16:18:38,116][0m Trial 595 finished with value: 0.7489688367326514 and parameters: {'n_estimators': 529, 'min_samples_split': 0.19782732665499514, 'min_samples_leaf': 0.04659945197999308, 'min_weight_fraction_leaf': 0.023814762415759853, 'max_features': 0.5363903337554755, 'bootstrap': False, 'max_samples': 0.6550213546545924}. Best is trial 88 with value: 0.7533408627023566.[0m
[32m[I 2022-04-13 16:18:45,839][0m Trial 596 finished with value: 0.7465056396735862 and parameters: {'n_estimators': 312, 'min_samples_split': 0.16123883992665783, 'min_samples_leaf': 0.019203471793482155, 'min_weight_fraction_leaf': 0.10277027402837763, 'max_features': 0.5165586255398754, 'bootstrap': False, 'max_samples': 0.7341952434335959}. Best is trial 88 with value: 0.7533408627023566.[0m
[32m[I 2022-04-13 16:18:55,565][0m Trial 597 finished with value: 0.7337570108785889 and parameters: {'n_estimators': 396, 'min_samples_split': 0.18790781667011003, 'min_samples_leaf': 0.054972720196627446, 'min_weight_fraction_leaf': 0.05552035810465196, 'max_features': 0.6300990792457835, 'bootstrap': False, 'max_samples': 0.7064795954111994}. Best is trial 88 with value: 0.7533408627023566.[0m
[32m[I 2022-04-13 16:19:09,396][0m Trial 598 finished with value: 0.7359661635935004 and parameters: {'n_estimators': 557, 'min_samples_split': 0.17615559025424313, 'min_samples_leaf': 0.03647734349784068, 'min_weight_fraction_leaf': 0.07719742936482872, 'max_features': 0.6971472583237316, 'bootstrap': False, 'max_samples': 0.08313862297757629}. Best is trial 88 with value: 0.7533408627023566.[0m
[32m[I 2022-04-13 16:19:15,429][0m Trial 599 finished with value: 0.7453101093744338 and parameters: {'n_estimators': 269, 'min_samples_split': 0.20898390470110573, 'min_samples_leaf': 0.04595260492353414, 'min_weight_fraction_leaf': 0.036299587052845236, 'max_features': 0.5545599413386024, 'bootstrap': False, 'max_samples': 0.3426032447778169}. Best is trial 88 with value: 0.7533408627023566.[0m
[32m[I 2022-04-13 16:19:26,409][0m Trial 600 finished with value: 0.7430166799116626 and parameters: {'n_estimators': 641, 'min_samples_split': 0.29102029305889504, 'min_samples_leaf': 0.06329466812360593, 'min_weight_fraction_leaf': 0.06675621662434225, 'max_features': 0.5811290691106199, 'bootstrap': False, 'max_samples': 0.7357566408907962}. Best is trial 88 with value: 0.7533408627023566.[0m
[32m[I 2022-04-13 16:19:37,057][0m Trial 601 finished with value: 0.7523120452920695 and parameters: {'n_estimators': 520, 'min_samples_split': 0.19211054712375644, 'min_samples_leaf': 0.05055907804795188, 'min_weight_fraction_leaf': 0.04897220271398481, 'max_features': 0.6087202434360078, 'bootstrap': False, 'max_samples': 0.8304031893051159}. Best is trial 88 with value: 0.7533408627023566.[0m
[32m[I 2022-04-13 16:19:47,881][0m Trial 602 finished with value: 0.7515028788038624 and parameters: {'n_estimators': 448, 'min_samples_split': 0.1950300447120626, 'min_samples_leaf': 0.02584296007278677, 'min_weight_fraction_leaf': 0.051791678905173166, 'max_features': 0.6125753128679916, 'bootstrap': False, 'max_samples': 0.8684616683928916}. Best is trial 88 with value: 0.7533408627023566.[0m
[32m[I 2022-04-13 16:19:54,075][0m Trial 603 finished with value: 0.7113296041618877 and parameters: {'n_estimators': 430, 'min_samples_split': 0.19832535536776466, 'min_samples_leaf': 0.013851492574991194, 'min_weight_fraction_leaf': 0.08752511084767073, 'max_features': 0.0037995061573016797, 'bootstrap': False, 'max_samples': 0.9136040425360806}. Best is trial 88 with value: 0.7533408627023566.[0m
[32m[I 2022-04-13 16:20:04,609][0m Trial 604 finished with value: 0.7373164670430757 and parameters: {'n_estimators': 466, 'min_samples_split': 0.21481178212687066, 'min_samples_leaf': 0.0014441984066846797, 'min_weight_fraction_leaf': 0.06063026331191899, 'max_features': 0.6246007800970712, 'bootstrap': False, 'max_samples': 0.8147976098440249}. Best is trial 88 with value: 0.7533408627023566.[0m
[32m[I 2022-04-13 16:20:16,629][0m Trial 605 finished with value: 0.7342051719937057 and parameters: {'n_estimators': 447, 'min_samples_split': 0.1805008066435343, 'min_samples_leaf': 0.02271043401779657, 'min_weight_fraction_leaf': 0.05419222307477967, 'max_features': 0.6334287952127848, 'bootstrap': False, 'max_samples': 0.8290003752181149}. Best is trial 88 with value: 0.7533408627023566.[0m
[32m[I 2022-04-13 16:20:28,026][0m Trial 606 finished with value: 0.731863863728671 and parameters: {'n_estimators': 486, 'min_samples_split': 0.20147809855398455, 'min_samples_leaf': 0.05230505296656158, 'min_weight_fraction_leaf': 0.07447249309947289, 'max_features': 0.6727363094073893, 'bootstrap': False, 'max_samples': 0.8349408231467632}. Best is trial 88 with value: 0.7533408627023566.[0m
[32m[I 2022-04-13 16:20:40,156][0m Trial 607 finished with value: 0.7430303104273799 and parameters: {'n_estimators': 473, 'min_samples_split': 0.17042598344912907, 'min_samples_leaf': 0.0267859606268697, 'min_weight_fraction_leaf': 0.05197253312529825, 'max_features': 0.6558675404176013, 'bootstrap': False, 'max_samples': 0.8681151830113185}. Best is trial 88 with value: 0.7533408627023566.[0m
[32m[I 2022-04-13 16:20:46,268][0m Trial 608 finished with value: 0.6277700080280587 and parameters: {'n_estimators': 497, 'min_samples_split': 0.1903075032453792, 'min_samples_leaf': 0.012708651507758722, 'min_weight_fraction_leaf': 0.3209430228530039, 'max_features': 0.6122716713106433, 'bootstrap': False, 'max_samples': 0.8639030840009864}. Best is trial 88 with value: 0.7533408627023566.[0m
[32m[I 2022-04-13 16:20:54,989][0m Trial 609 finished with value: 0.7373164670430757 and parameters: {'n_estimators': 460, 'min_samples_split': 0.22207357832645205, 'min_samples_leaf': 0.044297742268546686, 'min_weight_fraction_leaf': 0.06387959687219974, 'max_features': 0.6162930935000124, 'bootstrap': False, 'max_samples': 0.8748294755429913}. Best is trial 88 with value: 0.7533408627023566.[0m
[32m[I 2022-04-13 16:21:03,522][0m Trial 610 finished with value: 0.7409227784690406 and parameters: {'n_estimators': 510, 'min_samples_split': 0.15798231172701288, 'min_samples_leaf': 0.07361450177368903, 'min_weight_fraction_leaf': 0.016893634807312558, 'max_features': 0.478018132538803, 'bootstrap': False, 'max_samples': 0.8653093593497354}. Best is trial 88 with value: 0.7533408627023566.[0m
[32m[I 2022-04-13 16:21:12,130][0m Trial 611 finished with value: 0.7424808698207308 and parameters: {'n_estimators': 495, 'min_samples_split': 0.2090568629834827, 'min_samples_leaf': 0.061619705273516116, 'min_weight_fraction_leaf': 0.034140272339449, 'max_features': 0.449205164017754, 'bootstrap': False, 'max_samples': 0.9151162297920699}. Best is trial 88 with value: 0.7533408627023566.[0m
[32m[I 2022-04-13 16:21:25,028][0m Trial 612 finished with value: 0.7386344061620927 and parameters: {'n_estimators': 518, 'min_samples_split': 0.18104847182767939, 'min_samples_leaf': 0.03535637332129035, 'min_weight_fraction_leaf': 0.04220013780295321, 'max_features': 0.6402768904373924, 'bootstrap': False, 'max_samples': 0.704351585689437}. Best is trial 88 with value: 0.7533408627023566.[0m
[32m[I 2022-04-13 16:21:33,762][0m Trial 613 finished with value: 0.731631614237731 and parameters: {'n_estimators': 471, 'min_samples_split': 0.3506147740720571, 'min_samples_leaf': 0.02624077592438335, 'min_weight_fraction_leaf': 0.02861228167917755, 'max_features': 0.5309859489473477, 'bootstrap': False, 'max_samples': 0.8539205647112389}. Best is trial 88 with value: 0.7533408627023566.[0m
[32m[I 2022-04-13 16:21:45,063][0m Trial 614 finished with value: 0.7520531014685385 and parameters: {'n_estimators': 527, 'min_samples_split': 0.1960120954613526, 'min_samples_leaf': 0.051013161754043544, 'min_weight_fraction_leaf': 0.05053573131135643, 'max_features': 0.5000795930695183, 'bootstrap': False, 'max_samples': 0.8826014663397247}. Best is trial 88 with value: 0.7533408627023566.[0m
[32m[I 2022-04-13 16:21:57,135][0m Trial 615 finished with value: 0.7441579913903256 and parameters: {'n_estimators': 525, 'min_samples_split': 0.16838507705297667, 'min_samples_leaf': 0.05386682085602324, 'min_weight_fraction_leaf': 0.04220919883481229, 'max_features': 0.5893424481970118, 'bootstrap': False, 'max_samples': 0.8823753409386437}. Best is trial 88 with value: 0.7533408627023566.[0m
[32m[I 2022-04-13 16:22:01,404][0m Trial 616 finished with value: 0.7348876957145908 and parameters: {'n_estimators': 214, 'min_samples_split': 0.19335611703279626, 'min_samples_leaf': 0.06967313356950172, 'min_weight_fraction_leaf': 0.0500397502755042, 'max_features': 0.49222965805827495, 'bootstrap': False, 'max_samples': 0.9010957692175524}. Best is trial 88 with value: 0.7533408627023566.[0m
