[32m[I 2022-04-13 13:12:08,347][0m Trial 540 finished with value: 0.8680176440465752 and parameters: {'n_estimators': 557, 'min_samples_split': 0.27182008495579035, 'min_samples_leaf': 0.06162283861917037, 'min_weight_fraction_leaf': 0.05099073933473355, 'max_features': 0.7166109836118358, 'bootstrap': False, 'max_samples': 0.6469544517955369}. Best is trial 480 with value: 0.8778163779435968.[0m
[32m[I 2022-04-13 13:12:20,261][0m Trial 541 finished with value: 0.8766457105894535 and parameters: {'n_estimators': 520, 'min_samples_split': 0.2862992655817646, 'min_samples_leaf': 0.048909893192525165, 'min_weight_fraction_leaf': 0.03654047957913806, 'max_features': 0.7419583296054866, 'bootstrap': False, 'max_samples': 0.9293755949016487}. Best is trial 480 with value: 0.8778163779435968.[0m
[32m[I 2022-04-13 13:12:31,312][0m Trial 542 finished with value: 0.8688984183031471 and parameters: {'n_estimators': 490, 'min_samples_split': 0.31478936013749015, 'min_samples_leaf': 0.05242064292512845, 'min_weight_fraction_leaf': 0.023612230253993453, 'max_features': 0.7561081356766739, 'bootstrap': True, 'max_samples': 0.6846871808995179, 'oob_score': True}. Best is trial 480 with value: 0.8778163779435968.[0m
[32m[I 2022-04-13 13:12:41,927][0m Trial 543 finished with value: 0.8595740355169339 and parameters: {'n_estimators': 517, 'min_samples_split': 0.2912287248621944, 'min_samples_leaf': 0.06558832289537238, 'min_weight_fraction_leaf': 0.037805494166485494, 'max_features': 0.7648874089109508, 'bootstrap': False, 'max_samples': 0.9807193364839155}. Best is trial 480 with value: 0.8778163779435968.[0m
[32m[I 2022-04-13 13:12:54,227][0m Trial 544 finished with value: 0.873441040527035 and parameters: {'n_estimators': 582, 'min_samples_split': 0.30332066377087125, 'min_samples_leaf': 0.052076230544136015, 'min_weight_fraction_leaf': 0.014414718864163853, 'max_features': 0.7487706880747461, 'bootstrap': False, 'max_samples': 0.6074582269086362}. Best is trial 480 with value: 0.8778163779435968.[0m
[32m[I 2022-04-13 13:13:05,543][0m Trial 545 finished with value: 0.8736375328545624 and parameters: {'n_estimators': 454, 'min_samples_split': 0.28485516936285793, 'min_samples_leaf': 0.04881517693082223, 'min_weight_fraction_leaf': 0.028677438195354777, 'max_features': 0.7327769330870083, 'bootstrap': False, 'max_samples': 0.9304353283215353}. Best is trial 480 with value: 0.8778163779435968.[0m
[32m[I 2022-04-13 13:13:16,243][0m Trial 546 finished with value: 0.8681863641725046 and parameters: {'n_estimators': 525, 'min_samples_split': 0.29411113626238794, 'min_samples_leaf': 0.07396450965382254, 'min_weight_fraction_leaf': 0.03537309276057818, 'max_features': 0.7117076975883636, 'bootstrap': False, 'max_samples': 0.8935243935701832}. Best is trial 480 with value: 0.8778163779435968.[0m
[32m[I 2022-04-13 13:13:27,355][0m Trial 547 finished with value: 0.8697526928564592 and parameters: {'n_estimators': 505, 'min_samples_split': 0.2829210717530374, 'min_samples_leaf': 0.06059109044702571, 'min_weight_fraction_leaf': 0.007362376311000011, 'max_features': 0.6563846935618094, 'bootstrap': False, 'max_samples': 0.6294115273037582}. Best is trial 480 with value: 0.8778163779435968.[0m
[32m[I 2022-04-13 13:13:34,137][0m Trial 548 finished with value: 0.8055690566650385 and parameters: {'n_estimators': 577, 'min_samples_split': 0.27992091189758256, 'min_samples_leaf': 0.3510457113013536, 'min_weight_fraction_leaf': 0.042435795279935906, 'max_features': 0.6830200699504504, 'bootstrap': False, 'max_samples': 0.6127054932446127}. Best is trial 480 with value: 0.8778163779435968.[0m
[32m[I 2022-04-13 13:13:45,839][0m Trial 549 finished with value: 0.8740567428184894 and parameters: {'n_estimators': 539, 'min_samples_split': 0.3051900925224325, 'min_samples_leaf': 0.039811111935716514, 'min_weight_fraction_leaf': 0.02867441960860044, 'max_features': 0.7276708714026957, 'bootstrap': False, 'max_samples': 0.9284485489659382}. Best is trial 480 with value: 0.8778163779435968.[0m
[32m[I 2022-04-13 13:13:59,769][0m Trial 550 finished with value: 0.8739066120931822 and parameters: {'n_estimators': 576, 'min_samples_split': 0.2894893373602856, 'min_samples_leaf': 0.036671674302372594, 'min_weight_fraction_leaf': 0.042961287135766656, 'max_features': 0.7052876942993406, 'bootstrap': False, 'max_samples': 0.9764447335022266}. Best is trial 480 with value: 0.8778163779435968.[0m
[32m[I 2022-04-13 13:14:13,745][0m Trial 551 finished with value: 0.8612985157495368 and parameters: {'n_estimators': 514, 'min_samples_split': 0.2728458341914072, 'min_samples_leaf': 0.04613843294201836, 'min_weight_fraction_leaf': 0.018223238472166035, 'max_features': 0.7801611931915459, 'bootstrap': False, 'max_samples': 0.9634908139140956}. Best is trial 480 with value: 0.8778163779435968.[0m
[32m[I 2022-04-13 13:14:22,519][0m Trial 552 finished with value: 0.8132972772365095 and parameters: {'n_estimators': 601, 'min_samples_split': 0.26005835929923865, 'min_samples_leaf': 0.028595489306102187, 'min_weight_fraction_leaf': 0.3380691539708169, 'max_features': 0.6875274436093327, 'bootstrap': False, 'max_samples': 0.9225717961552256}. Best is trial 480 with value: 0.8778163779435968.[0m
[32m[I 2022-04-13 13:14:34,576][0m Trial 553 finished with value: 0.8707447990460162 and parameters: {'n_estimators': 474, 'min_samples_split': 0.24978294969329573, 'min_samples_leaf': 0.03388088892175282, 'min_weight_fraction_leaf': 0.05183976689579447, 'max_features': 0.7433526377495275, 'bootstrap': False, 'max_samples': 0.9652471931656226}. Best is trial 480 with value: 0.8778163779435968.[0m
[32m[I 2022-04-13 13:14:46,386][0m Trial 554 finished with value: 0.8680176440465752 and parameters: {'n_estimators': 541, 'min_samples_split': 0.2663870615141821, 'min_samples_leaf': 0.05615892205419215, 'min_weight_fraction_leaf': 0.034860678413160213, 'max_features': 0.6608706685621379, 'bootstrap': False, 'max_samples': 0.9636953187379348}. Best is trial 480 with value: 0.8778163779435968.[0m
[32m[I 2022-04-13 13:15:03,393][0m Trial 555 finished with value: 0.8652922355373642 and parameters: {'n_estimators': 632, 'min_samples_split': 0.2573834756498277, 'min_samples_leaf': 0.021174548273377218, 'min_weight_fraction_leaf': 0.045441267189941376, 'max_features': 0.8064997661255955, 'bootstrap': False, 'max_samples': 0.9957452117219447}. Best is trial 480 with value: 0.8778163779435968.[0m
[32m[I 2022-04-13 13:15:17,726][0m Trial 556 finished with value: 0.8651706619512829 and parameters: {'n_estimators': 610, 'min_samples_split': 0.26265606502622973, 'min_samples_leaf': 0.04875405657607989, 'min_weight_fraction_leaf': 0.056894499097303736, 'max_features': 0.7162273218066358, 'bootstrap': False, 'max_samples': 0.948909754190492}. Best is trial 480 with value: 0.8778163779435968.[0m
[32m[I 2022-04-13 13:15:29,671][0m Trial 557 finished with value: 0.8688020664639593 and parameters: {'n_estimators': 496, 'min_samples_split': 0.29651363215910204, 'min_samples_leaf': 0.06660309376467193, 'min_weight_fraction_leaf': 0.023982863489572084, 'max_features': 0.6849026450250298, 'bootstrap': False, 'max_samples': 0.6629377013473439}. Best is trial 480 with value: 0.8778163779435968.[0m
[32m[I 2022-04-13 13:15:42,879][0m Trial 558 finished with value: 0.8765008398747394 and parameters: {'n_estimators': 559, 'min_samples_split': 0.2777212578398034, 'min_samples_leaf': 0.042651218143959065, 'min_weight_fraction_leaf': 0.03401219453954904, 'max_features': 0.7016604873410988, 'bootstrap': False, 'max_samples': 0.6364767208450054}. Best is trial 480 with value: 0.8778163779435968.[0m
[32m[I 2022-04-13 13:15:53,896][0m Trial 559 finished with value: 0.8654302268567313 and parameters: {'n_estimators': 556, 'min_samples_split': 0.2829800783951977, 'min_samples_leaf': 0.0854598939815904, 'min_weight_fraction_leaf': 0.013840908269342686, 'max_features': 0.7070514163841187, 'bootstrap': False, 'max_samples': 0.9503330663644913}. Best is trial 480 with value: 0.8778163779435968.[0m
[32m[I 2022-04-13 13:16:06,429][0m Trial 560 finished with value: 0.8702615785618619 and parameters: {'n_estimators': 527, 'min_samples_split': 0.2889701091338939, 'min_samples_leaf': 0.05297172566594808, 'min_weight_fraction_leaf': 0.03253165249772832, 'max_features': 0.7383807204142384, 'bootstrap': False, 'max_samples': 0.934572106622602}. Best is trial 480 with value: 0.8778163779435968.[0m
[32m[I 2022-04-13 13:16:17,809][0m Trial 561 finished with value: 0.8564440895568067 and parameters: {'n_estimators': 560, 'min_samples_split': 0.29909139500521337, 'min_samples_leaf': 0.04047429186780247, 'min_weight_fraction_leaf': 0.16302307603149302, 'max_features': 0.643798315509405, 'bootstrap': False, 'max_samples': 0.9946527549115189}. Best is trial 480 with value: 0.8778163779435968.[0m
[32m[I 2022-04-13 13:16:29,039][0m Trial 562 finished with value: 0.8682444404500901 and parameters: {'n_estimators': 587, 'min_samples_split': 0.2799538933340123, 'min_samples_leaf': 0.03527348509935353, 'min_weight_fraction_leaf': 0.02130797917597752, 'max_features': 0.7610474477082062, 'bootstrap': True, 'max_samples': 0.6336903370290825, 'oob_score': False}. Best is trial 480 with value: 0.8778163779435968.[0m
[32m[I 2022-04-13 13:16:40,272][0m Trial 563 finished with value: 0.8675087583411726 and parameters: {'n_estimators': 481, 'min_samples_split': 0.2752193516968114, 'min_samples_leaf': 0.05889633252806868, 'min_weight_fraction_leaf': 0.03907193291506489, 'max_features': 0.6948005904571554, 'bootstrap': False, 'max_samples': 0.5928428455384814}. Best is trial 480 with value: 0.8778163779435968.[0m
[32m[I 2022-04-13 13:16:51,982][0m Trial 564 finished with value: 0.8753524199859644 and parameters: {'n_estimators': 510, 'min_samples_split': 0.29090167146269325, 'min_samples_leaf': 0.04576462779643566, 'min_weight_fraction_leaf': 0.02839011898080372, 'max_features': 0.7235337394684437, 'bootstrap': False, 'max_samples': 0.5556188564175648}. Best is trial 480 with value: 0.8778163779435968.[0m
[32m[I 2022-04-13 13:17:03,752][0m Trial 565 finished with value: 0.8740567428184894 and parameters: {'n_estimators': 537, 'min_samples_split': 0.30976859459747974, 'min_samples_leaf': 0.04330397940346349, 'min_weight_fraction_leaf': 0.00904721299505596, 'max_features': 0.6692687741526709, 'bootstrap': False, 'max_samples': 0.5332728930921976}. Best is trial 480 with value: 0.8778163779435968.[0m
[32m[I 2022-04-13 13:17:15,988][0m Trial 566 finished with value: 0.8674314301308559 and parameters: {'n_estimators': 550, 'min_samples_split': 0.2780782193977176, 'min_samples_leaf': 0.0780552681403523, 'min_weight_fraction_leaf': 0.04558012772553429, 'max_features': 0.6999444878521983, 'bootstrap': False, 'max_samples': 0.6478011923518995}. Best is trial 480 with value: 0.8778163779435968.[0m
[32m[I 2022-04-13 13:17:24,518][0m Trial 567 finished with value: 0.8297771846250006 and parameters: {'n_estimators': 624, 'min_samples_split': 0.24016878829830252, 'min_samples_leaf': 0.3090307413792678, 'min_weight_fraction_leaf': 0.03573752212924063, 'max_features': 0.673193583532423, 'bootstrap': False, 'max_samples': 0.6147066225132686}. Best is trial 480 with value: 0.8778163779435968.[0m
[32m[I 2022-04-13 13:17:37,454][0m Trial 568 finished with value: 0.8724246628331759 and parameters: {'n_estimators': 514, 'min_samples_split': 0.26153560366134376, 'min_samples_leaf': 0.05175901110368654, 'min_weight_fraction_leaf': 0.027508177413886177, 'max_features': 0.7287496517825581, 'bootstrap': False, 'max_samples': 0.6732375941339417}. Best is trial 480 with value: 0.8778163779435968.[0m
[32m[I 2022-04-13 13:17:48,005][0m Trial 569 finished with value: 0.8432401791151809 and parameters: {'n_estimators': 537, 'min_samples_split': 0.27125308792542885, 'min_samples_leaf': 0.06593813376367266, 'min_weight_fraction_leaf': 0.20540072859985847, 'max_features': 0.7100194664159868, 'bootstrap': False, 'max_samples': 0.6288642561565528}. Best is trial 480 with value: 0.8778163779435968.[0m
[32m[I 2022-04-13 13:18:02,789][0m Trial 570 finished with value: 0.8718089605417214 and parameters: {'n_estimators': 595, 'min_samples_split': 0.25197635806461915, 'min_samples_leaf': 0.029646910137219422, 'min_weight_fraction_leaf': 0.05019223645238595, 'max_features': 0.7465890606230727, 'bootstrap': False, 'max_samples': 0.9426537598672152}. Best is trial 480 with value: 0.8778163779435968.[0m
[32m[I 2022-04-13 13:18:17,146][0m Trial 571 finished with value: 0.8635974993930123 and parameters: {'n_estimators': 574, 'min_samples_split': 0.2872329226295931, 'min_samples_leaf': 0.034796284452892914, 'min_weight_fraction_leaf': 0.04146421353367525, 'max_features': 0.7715428794280527, 'bootstrap': False, 'max_samples': 0.6880426078755622}. Best is trial 480 with value: 0.8778163779435968.[0m
[32m[I 2022-04-13 13:18:29,780][0m Trial 572 finished with value: 0.8680176440465752 and parameters: {'n_estimators': 573, 'min_samples_split': 0.2707359422339276, 'min_samples_leaf': 0.04858935961672019, 'min_weight_fraction_leaf': 0.05301348777198513, 'max_features': 0.6888916911523139, 'bootstrap': False, 'max_samples': 0.9072621482731564}. Best is trial 480 with value: 0.8778163779435968.[0m
[32m[I 2022-04-13 13:18:42,545][0m Trial 573 finished with value: 0.8697526928564592 and parameters: {'n_estimators': 596, 'min_samples_split': 0.28316926102268, 'min_samples_leaf': 0.05916494790347986, 'min_weight_fraction_leaf': 0.015622492971870724, 'max_features': 0.659214451191598, 'bootstrap': False, 'max_samples': 0.5859139743347498}. Best is trial 480 with value: 0.8778163779435968.[0m
[32m[I 2022-04-13 13:18:53,853][0m Trial 574 finished with value: 0.8748979213911264 and parameters: {'n_estimators': 485, 'min_samples_split': 0.2952589671214709, 'min_samples_leaf': 0.04132109875954341, 'min_weight_fraction_leaf': 0.04058488622065241, 'max_features': 0.6435252895373297, 'bootstrap': False, 'max_samples': 0.652881390899348}. Best is trial 480 with value: 0.8778163779435968.[0m
[32m[I 2022-04-13 13:19:02,246][0m Trial 575 finished with value: 0.8421958111136352 and parameters: {'n_estimators': 442, 'min_samples_split': 0.30527286948239274, 'min_samples_leaf': 0.03614583881179516, 'min_weight_fraction_leaf': 0.1859914191336744, 'max_features': 0.7229913780428944, 'bootstrap': False, 'max_samples': 0.6277403906903948}. Best is trial 480 with value: 0.8778163779435968.[0m
[32m[I 2022-04-13 13:19:14,852][0m Trial 576 finished with value: 0.8674314301308559 and parameters: {'n_estimators': 556, 'min_samples_split': 0.2653965867380039, 'min_samples_leaf': 0.0722307936242799, 'min_weight_fraction_leaf': 0.031134029928955663, 'max_features': 0.7484205690277216, 'bootstrap': False, 'max_samples': 0.6461845890404373}. Best is trial 480 with value: 0.8778163779435968.[0m
[32m[I 2022-04-13 13:19:27,333][0m Trial 577 finished with value: 0.8646774875436891 and parameters: {'n_estimators': 523, 'min_samples_split': 0.23483135979872832, 'min_samples_leaf': 0.04591995270574273, 'min_weight_fraction_leaf': 0.05471907309905073, 'max_features': 0.6965874761187805, 'bootstrap': False, 'max_samples': 0.45420109486529214}. Best is trial 480 with value: 0.8778163779435968.[0m
[32m[I 2022-04-13 13:19:43,759][0m Trial 578 finished with value: 0.8648097488347257 and parameters: {'n_estimators': 633, 'min_samples_split': 0.27749822780384137, 'min_samples_leaf': 0.024769373015227296, 'min_weight_fraction_leaf': 0.0009992313107246714, 'max_features': 0.6720428612618533, 'bootstrap': False, 'max_samples': 0.9997790189185062}. Best is trial 480 with value: 0.8778163779435968.[0m
[32m[I 2022-04-13 13:19:54,672][0m Trial 579 finished with value: 0.8664862000201403 and parameters: {'n_estimators': 508, 'min_samples_split': 0.25711496746484547, 'min_samples_leaf': 0.05796139384047077, 'min_weight_fraction_leaf': 0.022347975559976828, 'max_features': 0.725039259907986, 'bootstrap': False, 'max_samples': 0.6048110439014606}. Best is trial 480 with value: 0.8778163779435968.[0m
[32m[I 2022-04-13 13:20:06,112][0m Trial 580 finished with value: 0.8746001547330746 and parameters: {'n_estimators': 459, 'min_samples_split': 0.2910701110961246, 'min_samples_leaf': 0.03775191761117347, 'min_weight_fraction_leaf': 0.04431642400350509, 'max_features': 0.6813732643101661, 'bootstrap': False, 'max_samples': 0.675351445859107}. Best is trial 480 with value: 0.8778163779435968.[0m
[32m[I 2022-04-13 13:20:18,156][0m Trial 581 finished with value: 0.8674314301308559 and parameters: {'n_estimators': 534, 'min_samples_split': 0.2762716409755294, 'min_samples_leaf': 0.03297051238853094, 'min_weight_fraction_leaf': 0.0679159682445355, 'max_features': 0.6426573419867806, 'bootstrap': False, 'max_samples': 0.6306905071373221}. Best is trial 480 with value: 0.8778163779435968.[0m
[32m[I 2022-04-13 13:20:27,258][0m Trial 582 finished with value: 0.65 and parameters: {'n_estimators': 551, 'min_samples_split': 0.26722045492513136, 'min_samples_leaf': 0.4075518495203566, 'min_weight_fraction_leaf': 0.03329916877829328, 'max_features': 0.7071523463365509, 'bootstrap': True, 'max_samples': 0.6856753343573277, 'oob_score': True}. Best is trial 480 with value: 0.8778163779435968.[0m
[32m[I 2022-04-13 13:20:43,997][0m Trial 583 finished with value: 0.864838644702354 and parameters: {'n_estimators': 587, 'min_samples_split': 0.250441256601587, 'min_samples_leaf': 0.024957518713325355, 'min_weight_fraction_leaf': 0.05072619846134686, 'max_features': 0.7556710162088266, 'bootstrap': False, 'max_samples': 0.6452458827068648}. Best is trial 480 with value: 0.8778163779435968.[0m
[32m[I 2022-04-13 13:20:59,795][0m Trial 584 finished with value: 0.8655609891275992 and parameters: {'n_estimators': 616, 'min_samples_split': 0.2621073891065834, 'min_samples_leaf': 0.020157773123961047, 'min_weight_fraction_leaf': 0.03735162180763812, 'max_features': 0.7380384419095644, 'bootstrap': False, 'max_samples': 0.9791879988235856}. Best is trial 480 with value: 0.8778163779435968.[0m
[32m[I 2022-04-13 13:21:12,066][0m Trial 585 finished with value: 0.8702615785618619 and parameters: {'n_estimators': 564, 'min_samples_split': 0.28378076726724977, 'min_samples_leaf': 0.04843784674044414, 'min_weight_fraction_leaf': 0.062074752486561205, 'max_features': 0.707575469360218, 'bootstrap': False, 'max_samples': 0.6071440346729002}. Best is trial 480 with value: 0.8778163779435968.[0m
[32m[I 2022-04-13 13:21:18,315][0m Trial 586 finished with value: 0.8561243130084109 and parameters: {'n_estimators': 190, 'min_samples_split': 0.2723351981172585, 'min_samples_leaf': 0.06081295298667522, 'min_weight_fraction_leaf': 0.05347603192993871, 'max_features': 0.7805339214947059, 'bootstrap': False, 'max_samples': 0.6579950483214296}. Best is trial 480 with value: 0.8778163779435968.[0m
[32m[I 2022-04-13 13:21:30,161][0m Trial 587 finished with value: 0.874204378751234 and parameters: {'n_estimators': 498, 'min_samples_split': 0.30105663290728074, 'min_samples_leaf': 0.041031567030946695, 'min_weight_fraction_leaf': 0.02368668434113189, 'max_features': 0.6516292867023221, 'bootstrap': False, 'max_samples': 0.6634418096354455}. Best is trial 480 with value: 0.8778163779435968.[0m
[32m[I 2022-04-13 13:21:42,320][0m Trial 588 finished with value: 0.8697526928564592 and parameters: {'n_estimators': 581, 'min_samples_split': 0.28561347560732153, 'min_samples_leaf': 0.052722543130027735, 'min_weight_fraction_leaf': 0.04317174840144534, 'max_features': 0.6951856462357948, 'bootstrap': False, 'max_samples': 0.6862555222180423}. Best is trial 480 with value: 0.8778163779435968.[0m
[32m[I 2022-04-13 13:21:53,296][0m Trial 589 finished with value: 0.8725762742792739 and parameters: {'n_estimators': 483, 'min_samples_split': 0.31937252370483293, 'min_samples_leaf': 0.028244218501465065, 'min_weight_fraction_leaf': 0.06160185550621174, 'max_features': 0.6767889956573329, 'bootstrap': False, 'max_samples': 0.6728160277222541}. Best is trial 480 with value: 0.8778163779435968.[0m
[32m[I 2022-04-13 13:22:09,287][0m Trial 590 finished with value: 0.8655383338018854 and parameters: {'n_estimators': 619, 'min_samples_split': 0.2449919056585767, 'min_samples_leaf': 0.02907340531615719, 'min_weight_fraction_leaf': 0.03523871475981459, 'max_features': 0.7273953547719847, 'bootstrap': False, 'max_samples': 0.7056875593864438}. Best is trial 480 with value: 0.8778163779435968.[0m
[32m[I 2022-04-13 13:22:22,345][0m Trial 591 finished with value: 0.8654502622096473 and parameters: {'n_estimators': 524, 'min_samples_split': 0.27612647172150423, 'min_samples_leaf': 0.0379472822178552, 'min_weight_fraction_leaf': 0.017136940292160483, 'max_features': 0.7141727585141864, 'bootstrap': False, 'max_samples': 0.6226265512596478}. Best is trial 480 with value: 0.8778163779435968.[0m
[32m[I 2022-04-13 13:22:29,197][0m Trial 592 finished with value: 0.6980999055000102 and parameters: {'n_estimators': 594, 'min_samples_split': 0.25661965543698306, 'min_samples_leaf': 0.44929791652795675, 'min_weight_fraction_leaf': 0.046321549454206974, 'max_features': 0.6905167831990944, 'bootstrap': False, 'max_samples': 0.6987847562991147}. Best is trial 480 with value: 0.8778163779435968.[0m
[32m[I 2022-04-13 13:22:42,298][0m Trial 593 finished with value: 0.8681347326091771 and parameters: {'n_estimators': 573, 'min_samples_split': 0.29548201869627405, 'min_samples_leaf': 0.028616658181980927, 'min_weight_fraction_leaf': 0.06808299177411141, 'max_features': 0.6342801988805972, 'bootstrap': False, 'max_samples': 0.6392488601334301}. Best is trial 480 with value: 0.8778163779435968.[0m
