[32m[I 2022-04-13 14:47:28,080][0m Trial 26 finished with value: 0.6806404697140966 and parameters: {'n_estimators': 311, 'min_samples_split': 0.15481324965996782, 'min_samples_leaf': 0.12107096522177146, 'min_weight_fraction_leaf': 0.09964873914022503, 'max_features': 0.7072881316334604, 'bootstrap': True, 'max_samples': 0.4967824797598886, 'oob_score': False}. Best is trial 18 with value: 0.7399979366223933.[0m
[32m[I 2022-04-13 14:47:31,234][0m Trial 27 finished with value: 0.6703967784226025 and parameters: {'n_estimators': 154, 'min_samples_split': 0.10828601488693332, 'min_samples_leaf': 0.21800973754134584, 'min_weight_fraction_leaf': 0.035417624658255875, 'max_features': 0.7674105010599619, 'bootstrap': False, 'max_samples': 0.14604734999018631}. Best is trial 18 with value: 0.7399979366223933.[0m
[32m[I 2022-04-13 14:47:35,749][0m Trial 28 finished with value: 0.7202320854648907 and parameters: {'n_estimators': 229, 'min_samples_split': 0.048494569359370805, 'min_samples_leaf': 0.05527521309645614, 'min_weight_fraction_leaf': 0.0790996893846081, 'max_features': 0.3176935438686556, 'bootstrap': False, 'max_samples': 0.4250197476359454}. Best is trial 18 with value: 0.7399979366223933.[0m
[32m[I 2022-04-13 14:47:40,883][0m Trial 29 finished with value: 0.5 and parameters: {'n_estimators': 337, 'min_samples_split': 0.09191444024573062, 'min_samples_leaf': 0.1410860956183944, 'min_weight_fraction_leaf': 0.03244760182940967, 'max_features': 0.3969139971542236, 'bootstrap': True, 'max_samples': 0.20946599225472845, 'oob_score': True}. Best is trial 18 with value: 0.7399979366223933.[0m
[32m[I 2022-04-13 14:47:43,529][0m Trial 30 finished with value: 0.7282495549359274 and parameters: {'n_estimators': 130, 'min_samples_split': 0.1449747133313869, 'min_samples_leaf': 0.14040561015801384, 'min_weight_fraction_leaf': 0.05053162138290131, 'max_features': 0.5091360470274995, 'bootstrap': False, 'max_samples': 0.32097779445861807}. Best is trial 18 with value: 0.7399979366223933.[0m
[32m[I 2022-04-13 14:47:45,865][0m Trial 31 finished with value: 0.6979224641894526 and parameters: {'n_estimators': 114, 'min_samples_split': 0.13452452221480624, 'min_samples_leaf': 0.18681369456047056, 'min_weight_fraction_leaf': 0.05149174095717121, 'max_features': 0.5184115780029632, 'bootstrap': False, 'max_samples': 0.2950811358885598}. Best is trial 18 with value: 0.7399979366223933.[0m
[32m[I 2022-04-13 14:47:49,134][0m Trial 32 finished with value: 0.7325913045902458 and parameters: {'n_estimators': 160, 'min_samples_split': 0.201206076427858, 'min_samples_leaf': 0.1338682501715571, 'min_weight_fraction_leaf': 0.03632353165728946, 'max_features': 0.7335965484034802, 'bootstrap': False, 'max_samples': 0.11311471851310129}. Best is trial 18 with value: 0.7399979366223933.[0m
[32m[I 2022-04-13 14:47:53,023][0m Trial 33 finished with value: 0.7294415426610045 and parameters: {'n_estimators': 164, 'min_samples_split': 0.19885147369443165, 'min_samples_leaf': 0.12639203149223902, 'min_weight_fraction_leaf': 0.10913592913428996, 'max_features': 0.7441947531170403, 'bootstrap': False, 'max_samples': 0.11745805429005945}. Best is trial 18 with value: 0.7399979366223933.[0m
[32m[I 2022-04-13 14:47:57,512][0m Trial 34 finished with value: 0.742732164793956 and parameters: {'n_estimators': 175, 'min_samples_split': 0.1975160433433537, 'min_samples_leaf': 0.0861642992704402, 'min_weight_fraction_leaf': 0.14063746017521694, 'max_features': 0.759401150226942, 'bootstrap': False, 'max_samples': 0.12293486865034703}. Best is trial 34 with value: 0.742732164793956.[0m
[32m[I 2022-04-13 14:47:59,707][0m Trial 35 finished with value: 0.5 and parameters: {'n_estimators': 125, 'min_samples_split': 0.2285072650466284, 'min_samples_leaf': 0.08380421763199802, 'min_weight_fraction_leaf': 0.13626382344345128, 'max_features': 0.8390366667585439, 'bootstrap': True, 'max_samples': 0.0734772440724853, 'oob_score': False}. Best is trial 34 with value: 0.742732164793956.[0m
[32m[I 2022-04-13 14:48:03,494][0m Trial 36 finished with value: 0.660138697225792 and parameters: {'n_estimators': 269, 'min_samples_split': 0.18269538789771655, 'min_samples_leaf': 0.045020710182316834, 'min_weight_fraction_leaf': 0.338771603279319, 'max_features': 0.9310969137195345, 'bootstrap': False, 'max_samples': 0.19597019544838537}. Best is trial 34 with value: 0.742732164793956.[0m
[32m[I 2022-04-13 14:48:06,545][0m Trial 37 finished with value: 0.6502535360241005 and parameters: {'n_estimators': 166, 'min_samples_split': 0.08557197087565843, 'min_samples_leaf': 0.2593442647615447, 'min_weight_fraction_leaf': 0.07360133637650922, 'max_features': 0.7901469928453726, 'bootstrap': False, 'max_samples': 0.5480679809926117}. Best is trial 34 with value: 0.742732164793956.[0m
[32m[I 2022-04-13 14:48:09,293][0m Trial 38 finished with value: 0.5 and parameters: {'n_estimators': 135, 'min_samples_split': 0.1806520172027326, 'min_samples_leaf': 0.09394704516452118, 'min_weight_fraction_leaf': 0.4655630504910999, 'max_features': 0.9100008502634649, 'bootstrap': True, 'max_samples': 0.6990912226951091, 'oob_score': True}. Best is trial 34 with value: 0.742732164793956.[0m
[32m[I 2022-04-13 14:48:12,637][0m Trial 39 finished with value: 0.6986674488208781 and parameters: {'n_estimators': 196, 'min_samples_split': 0.23708032625215217, 'min_samples_leaf': 0.19123867417049, 'min_weight_fraction_leaf': 0.11939044610138899, 'max_features': 0.6020159148840192, 'bootstrap': False, 'max_samples': 0.39591339457342667}. Best is trial 34 with value: 0.742732164793956.[0m
[32m[I 2022-04-13 14:48:14,707][0m Trial 40 finished with value: 0.6822570560968227 and parameters: {'n_estimators': 105, 'min_samples_split': 0.03426544846875168, 'min_samples_leaf': 0.2317985431445337, 'min_weight_fraction_leaf': 0.23261144011764306, 'max_features': 0.6783349279386606, 'bootstrap': False, 'max_samples': 0.07683455916425358}. Best is trial 34 with value: 0.742732164793956.[0m
[32m[I 2022-04-13 14:48:18,520][0m Trial 41 finished with value: 0.7221063332438461 and parameters: {'n_estimators': 165, 'min_samples_split': 0.20884586225506058, 'min_samples_leaf': 0.12382133506767065, 'min_weight_fraction_leaf': 0.10154760077196806, 'max_features': 0.7549110746727884, 'bootstrap': False, 'max_samples': 0.13110881867025564}. Best is trial 34 with value: 0.742732164793956.[0m
[32m[I 2022-04-13 14:48:21,772][0m Trial 42 finished with value: 0.49133375714234206 and parameters: {'n_estimators': 259, 'min_samples_split': 0.1694577347931258, 'min_samples_leaf': 0.30996221462783863, 'min_weight_fraction_leaf': 0.42716902572151505, 'max_features': 0.7130961206870484, 'bootstrap': False, 'max_samples': 0.10522326460819667}. Best is trial 34 with value: 0.742732164793956.[0m
[32m[I 2022-04-13 14:48:24,162][0m Trial 43 finished with value: 0.39867296165974075 and parameters: {'n_estimators': 165, 'min_samples_split': 0.21271149912019, 'min_samples_leaf': 0.48463744253920826, 'min_weight_fraction_leaf': 0.14378093511383397, 'max_features': 0.8617945009114096, 'bootstrap': False, 'max_samples': 0.19839565840549156}. Best is trial 34 with value: 0.742732164793956.[0m
[32m[I 2022-04-13 14:48:27,526][0m Trial 44 finished with value: 0.7259766728141859 and parameters: {'n_estimators': 144, 'min_samples_split': 0.3097310250117934, 'min_samples_leaf': 0.1281657254003446, 'min_weight_fraction_leaf': 0.06887197056835179, 'max_features': 0.6405252823734773, 'bootstrap': False, 'max_samples': 0.15529832565875806}. Best is trial 34 with value: 0.742732164793956.[0m
[32m[I 2022-04-13 14:48:38,478][0m Trial 45 finished with value: 0.6996650440281156 and parameters: {'n_estimators': 288, 'min_samples_split': 0.10915075781756543, 'min_samples_leaf': 0.03144059593524459, 'min_weight_fraction_leaf': 0.029558187116218354, 'max_features': 0.8047946149824726, 'bootstrap': False, 'max_samples': 0.0731406058109399}. Best is trial 34 with value: 0.742732164793956.[0m
[32m[I 2022-04-13 14:48:42,082][0m Trial 46 finished with value: 0.6983978171236239 and parameters: {'n_estimators': 191, 'min_samples_split': 0.19194784872688261, 'min_samples_leaf': 0.07348229828165392, 'min_weight_fraction_leaf': 0.18660038396757897, 'max_features': 0.5683310136499067, 'bootstrap': False, 'max_samples': 0.44614133494244784}. Best is trial 34 with value: 0.742732164793956.[0m
[32m[I 2022-04-13 14:48:46,120][0m Trial 47 finished with value: 0.6989148538024093 and parameters: {'n_estimators': 249, 'min_samples_split': 0.2491721389622275, 'min_samples_leaf': 0.1482574053514787, 'min_weight_fraction_leaf': 0.15301742908481392, 'max_features': 0.7257352840507756, 'bootstrap': True, 'max_samples': 0.881934583608621, 'oob_score': False}. Best is trial 34 with value: 0.742732164793956.[0m
[32m[I 2022-04-13 14:48:49,737][0m Trial 48 finished with value: 0.6826713027471685 and parameters: {'n_estimators': 211, 'min_samples_split': 0.30081752741435064, 'min_samples_leaf': 0.19201506494091247, 'min_weight_fraction_leaf': 0.11873253551703725, 'max_features': 0.6401665467768999, 'bootstrap': False, 'max_samples': 0.6627941677195328}. Best is trial 34 with value: 0.742732164793956.[0m
[32m[I 2022-04-13 14:48:55,037][0m Trial 49 finished with value: 0.49133375714234206 and parameters: {'n_estimators': 615, 'min_samples_split': 0.15975615746964406, 'min_samples_leaf': 0.4223505710905413, 'min_weight_fraction_leaf': 0.09739552425149896, 'max_features': 0.32568815629432063, 'bootstrap': False, 'max_samples': 0.21927099723573293}. Best is trial 34 with value: 0.742732164793956.[0m
[32m[I 2022-04-13 14:48:59,552][0m Trial 50 finished with value: 0.7002789675396162 and parameters: {'n_estimators': 164, 'min_samples_split': 0.1979940821270558, 'min_samples_leaf': 0.10242340445488944, 'min_weight_fraction_leaf': 0.06652180999487206, 'max_features': 0.9672970302437447, 'bootstrap': False, 'max_samples': 0.04751896638944682}. Best is trial 34 with value: 0.742732164793956.[0m
[32m[I 2022-04-13 14:49:02,920][0m Trial 51 finished with value: 0.4253867668652056 and parameters: {'n_estimators': 216, 'min_samples_split': 0.019688726912461315, 'min_samples_leaf': 0.15782924698651987, 'min_weight_fraction_leaf': 0.49990443970273435, 'max_features': 0.8864165835516664, 'bootstrap': False, 'max_samples': 0.5314749885787193}. Best is trial 34 with value: 0.742732164793956.[0m
[32m[I 2022-04-13 14:49:08,082][0m Trial 52 finished with value: 0.7305120953534996 and parameters: {'n_estimators': 280, 'min_samples_split': 0.03178638372727, 'min_samples_leaf': 0.12163203970269065, 'min_weight_fraction_leaf': 0.02249993856572051, 'max_features': 0.5544594509079018, 'bootstrap': False, 'max_samples': 0.11882942823677073}. Best is trial 34 with value: 0.742732164793956.[0m
[32m[I 2022-04-13 14:49:13,827][0m Trial 53 finished with value: 0.726129849642966 and parameters: {'n_estimators': 350, 'min_samples_split': 0.03703317318706542, 'min_samples_leaf': 0.12031988381669209, 'min_weight_fraction_leaf': 0.023559093559136907, 'max_features': 0.5555007051064754, 'bootstrap': False, 'max_samples': 0.11659843153013065}. Best is trial 34 with value: 0.742732164793956.[0m
[32m[I 2022-04-13 14:49:18,808][0m Trial 54 finished with value: 0.7191677514602437 and parameters: {'n_estimators': 173, 'min_samples_split': 0.07003738712315846, 'min_samples_leaf': 0.07218796805002035, 'min_weight_fraction_leaf': 0.03968168719037862, 'max_features': 0.8139601704151795, 'bootstrap': False, 'max_samples': 0.15456881143617834}. Best is trial 34 with value: 0.742732164793956.[0m
[32m[I 2022-04-13 14:49:26,379][0m Trial 55 finished with value: 0.7288276144215627 and parameters: {'n_estimators': 270, 'min_samples_split': 0.1372946717466718, 'min_samples_leaf': 0.03358000319406931, 'min_weight_fraction_leaf': 0.08780968653888124, 'max_features': 0.7422197509652511, 'bootstrap': False, 'max_samples': 0.055085589769130625}. Best is trial 34 with value: 0.742732164793956.[0m
[32m[I 2022-04-13 14:49:30,075][0m Trial 56 finished with value: 0.6916729432817753 and parameters: {'n_estimators': 233, 'min_samples_split': 0.12397804076302109, 'min_samples_leaf': 0.10974688425742488, 'min_weight_fraction_leaf': 0.2647897397459396, 'max_features': 0.6061441319926164, 'bootstrap': False, 'max_samples': 0.2341528664888095}. Best is trial 34 with value: 0.742732164793956.[0m
[32m[I 2022-04-13 14:49:36,143][0m Trial 57 finished with value: 0.735395145686782 and parameters: {'n_estimators': 292, 'min_samples_split': 0.08305204246468001, 'min_samples_leaf': 0.09321514655149396, 'min_weight_fraction_leaf': 0.055667798956368406, 'max_features': 0.6786273773612592, 'bootstrap': False, 'max_samples': 0.1777628127343613}. Best is trial 34 with value: 0.742732164793956.[0m
[32m[I 2022-04-13 14:49:45,360][0m Trial 58 finished with value: 0.7303562693228848 and parameters: {'n_estimators': 284, 'min_samples_split': 0.07426871771880186, 'min_samples_leaf': 0.001088356954688327, 'min_weight_fraction_leaf': 0.056250113586517964, 'max_features': 0.6680987548547099, 'bootstrap': False, 'max_samples': 0.2990160277784544}. Best is trial 34 with value: 0.742732164793956.[0m
[32m[I 2022-04-13 14:49:49,482][0m Trial 59 finished with value: 0.7069769630068571 and parameters: {'n_estimators': 345, 'min_samples_split': 0.04528694885454349, 'min_samples_leaf': 0.06152240336791564, 'min_weight_fraction_leaf': 0.026469148120645714, 'max_features': 0.6736510907410014, 'bootstrap': True, 'max_samples': 0.16863903381950918, 'oob_score': False}. Best is trial 34 with value: 0.742732164793956.[0m
[32m[I 2022-04-13 14:49:54,956][0m Trial 60 finished with value: 0.7394152913899903 and parameters: {'n_estimators': 305, 'min_samples_split': 0.0857989077164046, 'min_samples_leaf': 0.08837033017746271, 'min_weight_fraction_leaf': 0.01495793937103624, 'max_features': 0.4769610569958211, 'bootstrap': False, 'max_samples': 0.34762915907109593}. Best is trial 34 with value: 0.742732164793956.[0m
[32m[I 2022-04-13 14:50:00,621][0m Trial 61 finished with value: 0.7394152913899903 and parameters: {'n_estimators': 308, 'min_samples_split': 0.0941995542155481, 'min_samples_leaf': 0.08913179389327801, 'min_weight_fraction_leaf': 0.01592881875909286, 'max_features': 0.46923698203192044, 'bootstrap': False, 'max_samples': 0.36350327752724393}. Best is trial 34 with value: 0.742732164793956.[0m
[32m[I 2022-04-13 14:50:06,234][0m Trial 62 finished with value: 0.738241839282309 and parameters: {'n_estimators': 315, 'min_samples_split': 0.09242253748399124, 'min_samples_leaf': 0.08559575278978843, 'min_weight_fraction_leaf': 0.049570616672136934, 'max_features': 0.4711642104182595, 'bootstrap': False, 'max_samples': 0.373323025980207}. Best is trial 34 with value: 0.742732164793956.[0m
[32m[I 2022-04-13 14:50:13,589][0m Trial 63 finished with value: 0.7343348763213824 and parameters: {'n_estimators': 451, 'min_samples_split': 0.09225667049190601, 'min_samples_leaf': 0.085665191750477, 'min_weight_fraction_leaf': 0.009129846602407583, 'max_features': 0.4785353950541386, 'bootstrap': False, 'max_samples': 0.36962220489930486}. Best is trial 34 with value: 0.742732164793956.[0m
[32m[I 2022-04-13 14:50:20,886][0m Trial 64 finished with value: 0.7356894879536079 and parameters: {'n_estimators': 413, 'min_samples_split': 0.09905127889705603, 'min_samples_leaf': 0.08560497739394318, 'min_weight_fraction_leaf': 0.0022587242341112913, 'max_features': 0.47626435233221703, 'bootstrap': False, 'max_samples': 0.36483423698872763}. Best is trial 34 with value: 0.742732164793956.[0m
[32m[I 2022-04-13 14:50:30,855][0m Trial 65 finished with value: 0.7409427720488224 and parameters: {'n_estimators': 376, 'min_samples_split': 0.11249227140901882, 'min_samples_leaf': 0.019763928942546596, 'min_weight_fraction_leaf': 0.004602904372878627, 'max_features': 0.4391095786336569, 'bootstrap': False, 'max_samples': 0.46309765524504265}. Best is trial 34 with value: 0.742732164793956.[0m
[32m[I 2022-04-13 14:50:39,632][0m Trial 66 finished with value: 0.7258880362937516 and parameters: {'n_estimators': 403, 'min_samples_split': 0.11009842453372871, 'min_samples_leaf': 0.020995454576257892, 'min_weight_fraction_leaf': 0.001183096529667152, 'max_features': 0.35854102640090446, 'bootstrap': False, 'max_samples': 0.4138998324309242}. Best is trial 34 with value: 0.742732164793956.[0m
[32m[I 2022-04-13 14:50:50,521][0m Trial 67 finished with value: 0.7415904017344304 and parameters: {'n_estimators': 531, 'min_samples_split': 0.12164530297714303, 'min_samples_leaf': 0.04077720878636466, 'min_weight_fraction_leaf': 0.017695080131093284, 'max_features': 0.42525871549359845, 'bootstrap': False, 'max_samples': 0.4702267324584973}. Best is trial 34 with value: 0.742732164793956.[0m
[32m[I 2022-04-13 14:51:01,564][0m Trial 68 finished with value: 0.7416483542096581 and parameters: {'n_estimators': 545, 'min_samples_split': 0.1227489410049093, 'min_samples_leaf': 0.05123258242696576, 'min_weight_fraction_leaf': 0.04780830301106732, 'max_features': 0.41991713066392305, 'bootstrap': False, 'max_samples': 0.45464627611508335}. Best is trial 34 with value: 0.742732164793956.[0m
[32m[I 2022-04-13 14:51:15,314][0m Trial 69 finished with value: 0.7406266675286972 and parameters: {'n_estimators': 676, 'min_samples_split': 0.12395829419140499, 'min_samples_leaf': 0.04596720482239964, 'min_weight_fraction_leaf': 0.019354526160553345, 'max_features': 0.4038178862654034, 'bootstrap': False, 'max_samples': 0.48209462722101754}. Best is trial 34 with value: 0.742732164793956.[0m
[32m[I 2022-04-13 14:51:29,005][0m Trial 70 finished with value: 0.7326770030809062 and parameters: {'n_estimators': 773, 'min_samples_split': 0.12873210691286502, 'min_samples_leaf': 0.04986969324595514, 'min_weight_fraction_leaf': 0.0812319030246064, 'max_features': 0.42424428528734426, 'bootstrap': False, 'max_samples': 0.4713244038002037}. Best is trial 34 with value: 0.742732164793956.[0m
[32m[I 2022-04-13 14:51:41,901][0m Trial 71 finished with value: 0.7448004441568699 and parameters: {'n_estimators': 559, 'min_samples_split': 0.1501782556618701, 'min_samples_leaf': 0.019797404663942503, 'min_weight_fraction_leaf': 0.01907171645942795, 'max_features': 0.38622518221820995, 'bootstrap': False, 'max_samples': 0.46796662484784296}. Best is trial 71 with value: 0.7448004441568699.[0m
[32m[I 2022-04-13 14:51:56,176][0m Trial 72 finished with value: 0.7482195395978766 and parameters: {'n_estimators': 573, 'min_samples_split': 0.14820392264264043, 'min_samples_leaf': 0.02175862515715901, 'min_weight_fraction_leaf': 0.03646645762949798, 'max_features': 0.3881335229131603, 'bootstrap': False, 'max_samples': 0.46367632491317645}. Best is trial 72 with value: 0.7482195395978766.[0m
[32m[I 2022-04-13 14:52:06,400][0m Trial 73 finished with value: 0.7229340758106757 and parameters: {'n_estimators': 547, 'min_samples_split': 0.152669859954288, 'min_samples_leaf': 0.01443651653727722, 'min_weight_fraction_leaf': 0.04260745712680728, 'max_features': 0.2864705938540536, 'bootstrap': False, 'max_samples': 0.4597629255492246}. Best is trial 72 with value: 0.7482195395978766.[0m
[32m[I 2022-04-13 14:52:20,944][0m Trial 74 finished with value: 0.7446589205279169 and parameters: {'n_estimators': 716, 'min_samples_split': 0.1657178504368417, 'min_samples_leaf': 0.036506561140194384, 'min_weight_fraction_leaf': 0.03951669017479634, 'max_features': 0.38683256553996126, 'bootstrap': False, 'max_samples': 0.5162626414359431}. Best is trial 72 with value: 0.7482195395978766.[0m
[32m[I 2022-04-13 14:52:36,851][0m Trial 75 finished with value: 0.7466888216872026 and parameters: {'n_estimators': 765, 'min_samples_split': 0.17236442248456704, 'min_samples_leaf': 0.03814343589025673, 'min_weight_fraction_leaf': 0.039214025605503924, 'max_features': 0.383978230859291, 'bootstrap': False, 'max_samples': 0.5202888940008866}. Best is trial 72 with value: 0.7482195395978766.[0m
[32m[I 2022-04-13 14:52:48,542][0m Trial 76 finished with value: 0.7489529081394675 and parameters: {'n_estimators': 574, 'min_samples_split': 0.17352847670919613, 'min_samples_leaf': 0.02254205552577743, 'min_weight_fraction_leaf': 0.04170155577146973, 'max_features': 0.37871323750558006, 'bootstrap': False, 'max_samples': 0.5145124023949175}. Best is trial 76 with value: 0.7489529081394675.[0m
[32m[I 2022-04-13 14:53:03,439][0m Trial 77 finished with value: 0.7372789556951683 and parameters: {'n_estimators': 912, 'min_samples_split': 0.17547188722051546, 'min_samples_leaf': 0.03345760899492189, 'min_weight_fraction_leaf': 0.0440178765238318, 'max_features': 0.32683729306075204, 'bootstrap': True, 'max_samples': 0.5253818513737932, 'oob_score': True}. Best is trial 76 with value: 0.7489529081394675.[0m
[32m[I 2022-04-13 14:53:14,007][0m Trial 78 finished with value: 0.7329873124906119 and parameters: {'n_estimators': 574, 'min_samples_split': 0.1662081686326475, 'min_samples_leaf': 0.0017275985816853912, 'min_weight_fraction_leaf': 0.09116676297611025, 'max_features': 0.38128015398571574, 'bootstrap': False, 'max_samples': 0.6332824623645645}. Best is trial 76 with value: 0.7489529081394675.[0m
[32m[I 2022-04-13 14:53:25,253][0m Trial 79 finished with value: 0.7295810333120818 and parameters: {'n_estimators': 720, 'min_samples_split': 0.1485423877588742, 'min_samples_leaf': 0.06286161474845785, 'min_weight_fraction_leaf': 0.06068021813244553, 'max_features': 0.2756704993581254, 'bootstrap': False, 'max_samples': 0.5717866692274894}. Best is trial 76 with value: 0.7489529081394675.[0m
