[32m[I 2022-04-13 16:38:05,598][0m Trial 725 finished with value: 0.7415038944009645 and parameters: {'n_estimators': 111, 'min_samples_split': 0.19310734994624384, 'min_samples_leaf': 0.03709496467827827, 'min_weight_fraction_leaf': 0.0427541988247991, 'max_features': 0.4998022757262765, 'bootstrap': False, 'max_samples': 0.715571036822281}. Best is trial 647 with value: 0.7566204211119171.[0m
[32m[I 2022-04-13 16:38:18,284][0m Trial 726 finished with value: 0.7369350795014606 and parameters: {'n_estimators': 679, 'min_samples_split': 0.11982708045384029, 'min_samples_leaf': 0.0715724835512521, 'min_weight_fraction_leaf': 0.023024096898159097, 'max_features': 0.5281013863027822, 'bootstrap': False, 'max_samples': 0.7619979645220005}. Best is trial 647 with value: 0.7566204211119171.[0m
[32m[I 2022-04-13 16:38:24,579][0m Trial 727 finished with value: 0.6111381133300771 and parameters: {'n_estimators': 520, 'min_samples_split': 0.1764197045959051, 'min_samples_leaf': 0.047636808223974404, 'min_weight_fraction_leaf': 0.3516999718516348, 'max_features': 0.6279623639149099, 'bootstrap': False, 'max_samples': 0.7259847235286272}. Best is trial 647 with value: 0.7566204211119171.[0m
[32m[I 2022-04-13 16:38:36,380][0m Trial 728 finished with value: 0.7502455519669878 and parameters: {'n_estimators': 559, 'min_samples_split': 0.20470588379974322, 'min_samples_leaf': 0.02418140359899102, 'min_weight_fraction_leaf': 0.050492610055497315, 'max_features': 0.5983754536319794, 'bootstrap': False, 'max_samples': 0.6863792638803659}. Best is trial 647 with value: 0.7566204211119171.[0m
[32m[I 2022-04-13 16:38:48,748][0m Trial 729 finished with value: 0.7510043795542625 and parameters: {'n_estimators': 611, 'min_samples_split': 0.18535360898883363, 'min_samples_leaf': 0.051643474307209974, 'min_weight_fraction_leaf': 0.0305192693592561, 'max_features': 0.5516792133150609, 'bootstrap': False, 'max_samples': 0.7050807665391724}. Best is trial 647 with value: 0.7566204211119171.[0m
[32m[I 2022-04-13 16:38:59,789][0m Trial 730 finished with value: 0.741757331453562 and parameters: {'n_estimators': 491, 'min_samples_split': 0.1693751460467613, 'min_samples_leaf': 0.03205714378549353, 'min_weight_fraction_leaf': 0.06852197026251239, 'max_features': 0.5838899901543476, 'bootstrap': True, 'max_samples': 0.9370654098649295, 'oob_score': True}. Best is trial 647 with value: 0.7566204211119171.[0m
[32m[I 2022-04-13 16:39:08,999][0m Trial 731 finished with value: 0.7380178594227462 and parameters: {'n_estimators': 531, 'min_samples_split': 0.1913677222543932, 'min_samples_leaf': 0.04296196971200159, 'min_weight_fraction_leaf': 0.01044456101295891, 'max_features': 0.46481934852730517, 'bootstrap': False, 'max_samples': 0.6621352075490401}. Best is trial 647 with value: 0.7566204211119171.[0m
[32m[I 2022-04-13 16:39:20,924][0m Trial 732 finished with value: 0.7226354672259193 and parameters: {'n_estimators': 554, 'min_samples_split': 0.20109449757526177, 'min_samples_leaf': 0.05917730078125795, 'min_weight_fraction_leaf': 0.08424005019630262, 'max_features': 0.8350787049041601, 'bootstrap': False, 'max_samples': 0.7828485423879821}. Best is trial 647 with value: 0.7566204211119171.[0m
[32m[I 2022-04-13 16:39:25,207][0m Trial 733 finished with value: 0.7465879019309212 and parameters: {'n_estimators': 161, 'min_samples_split': 0.18007174200204693, 'min_samples_leaf': 0.028967669237668383, 'min_weight_fraction_leaf': 0.041374705523531924, 'max_features': 0.5254093541037225, 'bootstrap': False, 'max_samples': 0.7512011621757215}. Best is trial 647 with value: 0.7566204211119171.[0m
[32m[I 2022-04-13 16:39:33,739][0m Trial 734 finished with value: 0.7373165402927976 and parameters: {'n_estimators': 502, 'min_samples_split': 0.21662661222258633, 'min_samples_leaf': 0.04178034316873482, 'min_weight_fraction_leaf': 0.055737833123572125, 'max_features': 0.4875764764006003, 'bootstrap': False, 'max_samples': 0.8179631866689925}. Best is trial 647 with value: 0.7566204211119171.[0m
[32m[I 2022-04-13 16:39:36,880][0m Trial 735 finished with value: 0.7293694752674813 and parameters: {'n_estimators': 149, 'min_samples_split': 0.19759237445565736, 'min_samples_leaf': 0.08636498359960947, 'min_weight_fraction_leaf': 0.025385257202981196, 'max_features': 0.5662448781868082, 'bootstrap': False, 'max_samples': 0.7357179700460432}. Best is trial 647 with value: 0.7566204211119171.[0m
[32m[I 2022-04-13 16:39:40,028][0m Trial 736 finished with value: 0.7486851073785654 and parameters: {'n_estimators': 100, 'min_samples_split': 0.16361031809720986, 'min_samples_leaf': 0.015667970589630438, 'min_weight_fraction_leaf': 0.0410462267802612, 'max_features': 0.6114592235376056, 'bootstrap': False, 'max_samples': 0.7082691666476696}. Best is trial 647 with value: 0.7566204211119171.[0m
[32m[I 2022-04-13 16:39:46,980][0m Trial 737 finished with value: 0.7007725281332983 and parameters: {'n_estimators': 531, 'min_samples_split': 0.18520931946036762, 'min_samples_leaf': 0.06949606742219386, 'min_weight_fraction_leaf': 0.18863796998989885, 'max_features': 0.5453399488017879, 'bootstrap': False, 'max_samples': 0.7507244815531915}. Best is trial 647 with value: 0.7566204211119171.[0m
[32m[I 2022-04-13 16:40:01,819][0m Trial 738 finished with value: 0.7512633233777933 and parameters: {'n_estimators': 801, 'min_samples_split': 0.20830177372215805, 'min_samples_leaf': 0.05243394724946297, 'min_weight_fraction_leaf': 0.04952324669104882, 'max_features': 0.5883973678765839, 'bootstrap': False, 'max_samples': 0.6816328353343649}. Best is trial 647 with value: 0.7566204211119171.[0m
[32m[I 2022-04-13 16:40:13,382][0m Trial 739 finished with value: 0.7384477193626999 and parameters: {'n_estimators': 468, 'min_samples_split': 0.07594590462869386, 'min_samples_leaf': 0.03709900910122437, 'min_weight_fraction_leaf': 0.061882250175933115, 'max_features': 0.5356254756296623, 'bootstrap': False, 'max_samples': 0.7746482030336818}. Best is trial 647 with value: 0.7566204211119171.[0m
[32m[I 2022-04-13 16:40:26,296][0m Trial 740 finished with value: 0.7445065885497023 and parameters: {'n_estimators': 570, 'min_samples_split': 0.17400566339376733, 'min_samples_leaf': 0.025278998754707346, 'min_weight_fraction_leaf': 0.0002475544560496361, 'max_features': 0.564183025056863, 'bootstrap': False, 'max_samples': 0.6367679670903379}. Best is trial 647 with value: 0.7566204211119171.[0m
[32m[I 2022-04-13 16:40:41,564][0m Trial 741 finished with value: 0.7419409407841177 and parameters: {'n_estimators': 622, 'min_samples_split': 0.19392769930600157, 'min_samples_leaf': 0.051649438932501346, 'min_weight_fraction_leaf': 0.036458888697458246, 'max_features': 0.6292711694920543, 'bootstrap': False, 'max_samples': 0.7247876954409638}. Best is trial 647 with value: 0.7566204211119171.[0m
[32m[I 2022-04-13 16:40:51,140][0m Trial 742 finished with value: 0.7368703301391881 and parameters: {'n_estimators': 510, 'min_samples_split': 0.18324170467440304, 'min_samples_leaf': 0.06170646306978834, 'min_weight_fraction_leaf': 0.07495729320688259, 'max_features': 0.516746249967116, 'bootstrap': False, 'max_samples': 0.7961321290958165}. Best is trial 647 with value: 0.7566204211119171.[0m
[32m[I 2022-04-13 16:40:59,075][0m Trial 743 finished with value: 0.7337337948920315 and parameters: {'n_estimators': 550, 'min_samples_split': 0.15268269065481654, 'min_samples_leaf': 0.12960598582580976, 'min_weight_fraction_leaf': 0.020830856167065624, 'max_features': 0.6060349175193922, 'bootstrap': False, 'max_samples': 0.6950189326526485}. Best is trial 647 with value: 0.7566204211119171.[0m
[32m[I 2022-04-13 16:41:19,601][0m Trial 744 finished with value: 0.7481377457855942 and parameters: {'n_estimators': 1000, 'min_samples_split': 0.2083543368137007, 'min_samples_leaf': 0.03541512423428334, 'min_weight_fraction_leaf': 0.03087008457825314, 'max_features': 0.5721910030966825, 'bootstrap': False, 'max_samples': 0.6069424771634832}. Best is trial 647 with value: 0.7566204211119171.[0m
[32m[I 2022-04-13 16:41:24,516][0m Trial 745 finished with value: 0.7318790889927431 and parameters: {'n_estimators': 168, 'min_samples_split': 0.13555597975360636, 'min_samples_leaf': 0.04476084379483587, 'min_weight_fraction_leaf': 0.05286847118396701, 'max_features': 0.5034003296178678, 'bootstrap': False, 'max_samples': 0.6590302008578155}. Best is trial 647 with value: 0.7566204211119171.[0m
[32m[I 2022-04-13 16:41:36,837][0m Trial 746 finished with value: 0.7483357858925512 and parameters: {'n_estimators': 486, 'min_samples_split': 0.16743853990169225, 'min_samples_leaf': 0.01205879486594552, 'min_weight_fraction_leaf': 0.04272316514732521, 'max_features': 0.5493987329877068, 'bootstrap': False, 'max_samples': 0.7213564353691143}. Best is trial 647 with value: 0.7566204211119171.[0m
[32m[I 2022-04-13 16:41:47,632][0m Trial 747 finished with value: 0.7389159817956468 and parameters: {'n_estimators': 596, 'min_samples_split': 0.22266274650614043, 'min_samples_leaf': 0.027549798566609805, 'min_weight_fraction_leaf': 0.06633678368438695, 'max_features': 0.5917357196998595, 'bootstrap': False, 'max_samples': 0.7610633164849743}. Best is trial 647 with value: 0.7566204211119171.[0m
[32m[I 2022-04-13 16:41:58,610][0m Trial 748 finished with value: 0.7377242823779652 and parameters: {'n_estimators': 518, 'min_samples_split': 0.193579853344203, 'min_samples_leaf': 0.07632356884658623, 'min_weight_fraction_leaf': 0.017115062500942572, 'max_features': 0.64622710152159, 'bootstrap': False, 'max_samples': 0.9917562728181583}. Best is trial 647 with value: 0.7566204211119171.[0m
[32m[I 2022-04-13 16:42:08,607][0m Trial 749 finished with value: 0.7392666200289104 and parameters: {'n_estimators': 542, 'min_samples_split': 0.2337183288566532, 'min_samples_leaf': 0.05665385706869214, 'min_weight_fraction_leaf': 0.05600313307049523, 'max_features': 0.5310362452753398, 'bootstrap': False, 'max_samples': 0.7390372666351518}. Best is trial 647 with value: 0.7566204211119171.[0m
[32m[I 2022-04-13 16:42:17,956][0m Trial 750 finished with value: 0.7457637884484007 and parameters: {'n_estimators': 585, 'min_samples_split': 0.17785067916307623, 'min_samples_leaf': 0.040600789504060375, 'min_weight_fraction_leaf': 0.031682233281485846, 'max_features': 0.5566131952537402, 'bootstrap': True, 'max_samples': 0.6765180747285753, 'oob_score': False}. Best is trial 647 with value: 0.7566204211119171.[0m
[32m[I 2022-04-13 16:42:25,132][0m Trial 751 finished with value: 0.6737914519605782 and parameters: {'n_estimators': 501, 'min_samples_split': 0.20187228072988478, 'min_samples_leaf': 0.20573796411229184, 'min_weight_fraction_leaf': 0.04666670886847595, 'max_features': 0.8856692192937221, 'bootstrap': False, 'max_samples': 0.7008110606996203}. Best is trial 647 with value: 0.7566204211119171.[0m
[32m[I 2022-04-13 16:42:33,966][0m Trial 752 finished with value: 0.7481540991708904 and parameters: {'n_estimators': 459, 'min_samples_split': 0.18777521739340242, 'min_samples_leaf': 0.048493328965547505, 'min_weight_fraction_leaf': 0.03681769589050514, 'max_features': 0.580610218929203, 'bootstrap': False, 'max_samples': 0.9085984105932656}. Best is trial 647 with value: 0.7566204211119171.[0m
[32m[I 2022-04-13 16:42:45,645][0m Trial 753 finished with value: 0.745883205125419 and parameters: {'n_estimators': 565, 'min_samples_split': 0.174240104816326, 'min_samples_leaf': 0.021433619400159955, 'min_weight_fraction_leaf': 0.062186091863351806, 'max_features': 0.6163012867461869, 'bootstrap': False, 'max_samples': 0.8115592428032493}. Best is trial 647 with value: 0.7566204211119171.[0m
[32m[I 2022-04-13 16:42:56,371][0m Trial 754 finished with value: 0.7497623985493664 and parameters: {'n_estimators': 531, 'min_samples_split': 0.16107169727553047, 'min_samples_leaf': 0.03419623309346856, 'min_weight_fraction_leaf': 0.011720011241771546, 'max_features': 0.4852250684531917, 'bootstrap': False, 'max_samples': 0.7797028050390719}. Best is trial 647 with value: 0.7566204211119171.[0m
[32m[I 2022-04-13 16:43:07,871][0m Trial 755 finished with value: 0.7397215825000185 and parameters: {'n_estimators': 644, 'min_samples_split': 0.21274971260162404, 'min_samples_leaf': 0.06845424599135842, 'min_weight_fraction_leaf': 0.04893010189549546, 'max_features': 0.5157089851632795, 'bootstrap': False, 'max_samples': 0.7165502258036243}. Best is trial 647 with value: 0.7566204211119171.[0m
[32m[I 2022-04-13 16:43:21,218][0m Trial 756 finished with value: 0.7511385931843882 and parameters: {'n_estimators': 744, 'min_samples_split': 0.19715973636797152, 'min_samples_leaf': 0.04836868093596527, 'min_weight_fraction_leaf': 0.03999648540808541, 'max_features': 0.5410756613651252, 'bootstrap': False, 'max_samples': 0.7549388465612983}. Best is trial 647 with value: 0.7566204211119171.[0m
[32m[I 2022-04-13 16:43:23,280][0m Trial 757 finished with value: 0.6718308795497403 and parameters: {'n_estimators': 105, 'min_samples_split': 0.18564283467344808, 'min_samples_leaf': 0.22426475824881387, 'min_weight_fraction_leaf': 0.02538807785253721, 'max_features': 0.5709072724363656, 'bootstrap': False, 'max_samples': 0.7345598941793545}. Best is trial 647 with value: 0.7566204211119171.[0m
[32m[I 2022-04-13 16:43:34,029][0m Trial 758 finished with value: 0.7461017028092259 and parameters: {'n_estimators': 510, 'min_samples_split': 0.20208684584879633, 'min_samples_leaf': 0.060097174141011095, 'min_weight_fraction_leaf': 0.05352273764366594, 'max_features': 0.5988524785922429, 'bootstrap': False, 'max_samples': 0.6861017083959995}. Best is trial 647 with value: 0.7566204211119171.[0m
[32m[I 2022-04-13 16:43:38,978][0m Trial 759 finished with value: 0.7386272870232867 and parameters: {'n_estimators': 187, 'min_samples_split': 0.18065774267704346, 'min_samples_leaf': 0.034743675807340654, 'min_weight_fraction_leaf': 0.07344274122931499, 'max_features': 0.555051447996849, 'bootstrap': False, 'max_samples': 0.5894318298642784}. Best is trial 647 with value: 0.7566204211119171.[0m
[32m[I 2022-04-13 16:43:51,251][0m Trial 760 finished with value: 0.7520515056442197 and parameters: {'n_estimators': 549, 'min_samples_split': 0.19289065842490793, 'min_samples_leaf': 0.04206031675400222, 'min_weight_fraction_leaf': 0.031702319124996235, 'max_features': 0.5797912246252057, 'bootstrap': False, 'max_samples': 0.7126283145163077}. Best is trial 647 with value: 0.7566204211119171.[0m
[32m[I 2022-04-13 16:44:04,851][0m Trial 761 finished with value: 0.7218834766173401 and parameters: {'n_estimators': 480, 'min_samples_split': 0.10737359051071738, 'min_samples_leaf': 0.020361950149739155, 'min_weight_fraction_leaf': 0.017875904503473483, 'max_features': 0.6179755244633787, 'bootstrap': False, 'max_samples': 0.7725645171755692}. Best is trial 647 with value: 0.7566204211119171.[0m
[32m[I 2022-04-13 16:44:20,258][0m Trial 762 finished with value: 0.7495292161967693 and parameters: {'n_estimators': 545, 'min_samples_split': 0.16940228264579074, 'min_samples_leaf': 0.010738155360751928, 'min_weight_fraction_leaf': 0.009394973678030279, 'max_features': 0.6047539771746057, 'bootstrap': False, 'max_samples': 0.7451659028099802}. Best is trial 647 with value: 0.7566204211119171.[0m
[32m[I 2022-04-13 16:44:23,918][0m Trial 763 finished with value: 0.7086424147783766 and parameters: {'n_estimators': 200, 'min_samples_split': 0.22034685995063463, 'min_samples_leaf': 0.17481645156794082, 'min_weight_fraction_leaf': 0.031092767239312025, 'max_features': 0.583106783545291, 'bootstrap': False, 'max_samples': 0.6623329554596518}. Best is trial 647 with value: 0.7566204211119171.[0m
[32m[I 2022-04-13 16:44:35,963][0m Trial 764 finished with value: 0.7486322472400786 and parameters: {'n_estimators': 575, 'min_samples_split': 0.20554961526966145, 'min_samples_leaf': 0.04493503264217326, 'min_weight_fraction_leaf': 0.022924764646807542, 'max_features': 0.5918470826400912, 'bootstrap': False, 'max_samples': 0.7020034068971038}. Best is trial 647 with value: 0.7566204211119171.[0m
[32m[I 2022-04-13 16:44:49,095][0m Trial 765 finished with value: 0.7374823572071628 and parameters: {'n_estimators': 514, 'min_samples_split': 0.19268500628674962, 'min_samples_leaf': 0.03043184975701803, 'min_weight_fraction_leaf': 0.026624370204320732, 'max_features': 0.6365887835544033, 'bootstrap': False, 'max_samples': 0.7934871792585554}. Best is trial 647 with value: 0.7566204211119171.[0m
[32m[I 2022-04-13 16:44:59,206][0m Trial 766 finished with value: 0.7475404135868648 and parameters: {'n_estimators': 531, 'min_samples_split': 0.18368373520223807, 'min_samples_leaf': 0.05324502823771899, 'min_weight_fraction_leaf': 0.033963009307737296, 'max_features': 0.5726123504175795, 'bootstrap': False, 'max_samples': 0.8250184454381366}. Best is trial 647 with value: 0.7566204211119171.[0m
[32m[I 2022-04-13 16:45:04,974][0m Trial 767 finished with value: 0.5742771694775659 and parameters: {'n_estimators': 488, 'min_samples_split': 0.19615012447091595, 'min_samples_leaf': 0.04071007041952658, 'min_weight_fraction_leaf': 0.39140288105643994, 'max_features': 0.6076203347465828, 'bootstrap': False, 'max_samples': 0.6756392250057282}. Best is trial 647 with value: 0.7566204211119171.[0m
[32m[I 2022-04-13 16:45:19,825][0m Trial 768 finished with value: 0.7392659639103403 and parameters: {'n_estimators': 601, 'min_samples_split': 0.16127775182671464, 'min_samples_leaf': 0.06535170979498056, 'min_weight_fraction_leaf': 0.015004386501078631, 'max_features': 0.6594576134845289, 'bootstrap': True, 'max_samples': 0.9275871241459223, 'oob_score': True}. Best is trial 647 with value: 0.7566204211119171.[0m
[32m[I 2022-04-13 16:45:24,023][0m Trial 769 finished with value: 0.7538686529145189 and parameters: {'n_estimators': 132, 'min_samples_split': 0.17420051646065435, 'min_samples_leaf': 0.02637122853869623, 'min_weight_fraction_leaf': 0.046472835951426074, 'max_features': 0.5004665336834018, 'bootstrap': False, 'max_samples': 0.629534910386547}. Best is trial 647 with value: 0.7566204211119171.[0m
[32m[I 2022-04-13 16:45:27,108][0m Trial 770 finished with value: 0.7450919666384687 and parameters: {'n_estimators': 114, 'min_samples_split': 0.1538050532954216, 'min_samples_leaf': 0.014314586461117907, 'min_weight_fraction_leaf': 0.04384263046884833, 'max_features': 0.4853264899823327, 'bootstrap': False, 'max_samples': 0.6010998717167126}. Best is trial 647 with value: 0.7566204211119171.[0m
[32m[I 2022-04-13 16:45:30,706][0m Trial 771 finished with value: 0.7446945327679665 and parameters: {'n_estimators': 120, 'min_samples_split': 0.16632491015118966, 'min_samples_leaf': 0.0014004474270415401, 'min_weight_fraction_leaf': 0.029002181945310145, 'max_features': 0.48266239271794925, 'bootstrap': False, 'max_samples': 0.6266811299868281}. Best is trial 647 with value: 0.7566204211119171.[0m
[32m[I 2022-04-13 16:45:33,876][0m Trial 772 finished with value: 0.7461143434970907 and parameters: {'n_estimators': 129, 'min_samples_split': 0.17341157787209047, 'min_samples_leaf': 0.02232406968617442, 'min_weight_fraction_leaf': 0.061626908752653406, 'max_features': 0.49501388518283956, 'bootstrap': False, 'max_samples': 0.6086214964456501}. Best is trial 647 with value: 0.7566204211119171.[0m
[32m[I 2022-04-13 16:45:37,699][0m Trial 773 finished with value: 0.7414410365779972 and parameters: {'n_estimators': 111, 'min_samples_split': 0.1426151728871964, 'min_samples_leaf': 0.02489265756484088, 'min_weight_fraction_leaf': 0.043608167959027284, 'max_features': 0.5055798999968251, 'bootstrap': False, 'max_samples': 0.6173322144833633}. Best is trial 647 with value: 0.7566204211119171.[0m
[32m[I 2022-04-13 16:45:41,106][0m Trial 774 finished with value: 0.7445688312399531 and parameters: {'n_estimators': 124, 'min_samples_split': 0.16123813184306762, 'min_samples_leaf': 0.007351203242897685, 'min_weight_fraction_leaf': 0.05180795697944763, 'max_features': 0.4324111059982278, 'bootstrap': False, 'max_samples': 0.6643439323262577}. Best is trial 647 with value: 0.7566204211119171.[0m
[32m[I 2022-04-13 16:45:44,905][0m Trial 775 finished with value: 0.7372988030116359 and parameters: {'n_estimators': 133, 'min_samples_split': 0.1747986809228455, 'min_samples_leaf': 0.02895979659013867, 'min_weight_fraction_leaf': 0.06530728221308522, 'max_features': 0.5166268832432038, 'bootstrap': False, 'max_samples': 0.5795214893889337}. Best is trial 647 with value: 0.7566204211119171.[0m
[32m[I 2022-04-13 16:45:48,709][0m Trial 776 finished with value: 0.7426971252181624 and parameters: {'n_estimators': 145, 'min_samples_split': 0.14875097752843378, 'min_samples_leaf': 0.01568429622847951, 'min_weight_fraction_leaf': 0.057572317178896576, 'max_features': 0.46122091474230154, 'bootstrap': False, 'max_samples': 0.6428713948805174}. Best is trial 647 with value: 0.7566204211119171.[0m
[32m[I 2022-04-13 16:45:51,603][0m Trial 777 finished with value: 0.7311458846803665 and parameters: {'n_estimators': 107, 'min_samples_split': 0.17804092545377775, 'min_samples_leaf': 0.035837460572678524, 'min_weight_fraction_leaf': 0.0966242350614627, 'max_features': 0.44991588418266426, 'bootstrap': False, 'max_samples': 0.631501236741555}. Best is trial 647 with value: 0.7566204211119171.[0m
[32m[I 2022-04-13 16:46:00,059][0m Trial 778 finished with value: 0.7404145396632928 and parameters: {'n_estimators': 496, 'min_samples_split': 0.16849424157795284, 'min_samples_leaf': 0.029279936812441763, 'min_weight_fraction_leaf': 0.040244342350251205, 'max_features': 0.471842599044419, 'bootstrap': False, 'max_samples': 0.6448304959548294}. Best is trial 647 with value: 0.7566204211119171.[0m
