[32m[I 2022-04-13 12:33:20,169][0m Trial 324 finished with value: 0.86295936902815 and parameters: {'n_estimators': 620, 'min_samples_split': 0.27957242135987637, 'min_samples_leaf': 0.0011510529136775603, 'min_weight_fraction_leaf': 0.07326496054407527, 'max_features': 0.08369108132116249, 'bootstrap': True, 'max_samples': 0.8086646526263906, 'oob_score': False}. Best is trial 113 with value: 0.8765162386776881.[0m
[32m[I 2022-04-13 12:33:29,267][0m Trial 325 finished with value: 0.8488919454421764 and parameters: {'n_estimators': 649, 'min_samples_split': 0.2595023185130974, 'min_samples_leaf': 0.04723206795084953, 'min_weight_fraction_leaf': 0.1929074264033772, 'max_features': 0.5432050692950764, 'bootstrap': False, 'max_samples': 0.7396437659117504}. Best is trial 113 with value: 0.8765162386776881.[0m
[32m[I 2022-04-13 12:33:34,321][0m Trial 326 finished with value: 0.8651160760820998 and parameters: {'n_estimators': 241, 'min_samples_split': 0.25236426475197493, 'min_samples_leaf': 0.037336679003501495, 'min_weight_fraction_leaf': 0.06246798209672615, 'max_features': 0.49031857813577184, 'bootstrap': False, 'max_samples': 0.7107559364902392}. Best is trial 113 with value: 0.8765162386776881.[0m
[32m[I 2022-04-13 12:33:43,695][0m Trial 327 finished with value: 0.8735971199028748 and parameters: {'n_estimators': 536, 'min_samples_split': 0.29412197558933306, 'min_samples_leaf': 0.017673614697207823, 'min_weight_fraction_leaf': 0.05215764698255717, 'max_features': 0.5135613220026486, 'bootstrap': False, 'max_samples': 0.6266238607741541}. Best is trial 113 with value: 0.8765162386776881.[0m
[32m[I 2022-04-13 12:33:53,239][0m Trial 328 finished with value: 0.8747812947743812 and parameters: {'n_estimators': 499, 'min_samples_split': 0.2706115637600571, 'min_samples_leaf': 0.028099904201632726, 'min_weight_fraction_leaf': 0.055409034201212196, 'max_features': 0.5594597906076054, 'bootstrap': False, 'max_samples': 0.6612435031467719}. Best is trial 113 with value: 0.8765162386776881.[0m
[32m[I 2022-04-13 12:34:03,494][0m Trial 329 finished with value: 0.8722761694847649 and parameters: {'n_estimators': 561, 'min_samples_split': 0.2838853175312737, 'min_samples_leaf': 0.011030724197553094, 'min_weight_fraction_leaf': 0.0720554551531753, 'max_features': 0.5796385253541357, 'bootstrap': False, 'max_samples': 0.6493678512965139}. Best is trial 113 with value: 0.8765162386776881.[0m
[32m[I 2022-04-13 12:34:15,095][0m Trial 330 finished with value: 0.8678189017199726 and parameters: {'n_estimators': 515, 'min_samples_split': 0.29950181074719695, 'min_samples_leaf': 0.025086881045815818, 'min_weight_fraction_leaf': 0.0366694808886418, 'max_features': 0.6277618037913014, 'bootstrap': False, 'max_samples': 0.6882224598571675}. Best is trial 113 with value: 0.8765162386776881.[0m
[32m[I 2022-04-13 12:34:25,963][0m Trial 331 finished with value: 0.8760783367918913 and parameters: {'n_estimators': 556, 'min_samples_split': 0.2816081939683751, 'min_samples_leaf': 0.008832076544373206, 'min_weight_fraction_leaf': 0.05988172766005145, 'max_features': 0.6054400050863156, 'bootstrap': False, 'max_samples': 0.6695983570048339}. Best is trial 113 with value: 0.8765162386776881.[0m
[32m[I 2022-04-13 12:34:32,862][0m Trial 332 finished with value: 0.8532218342060383 and parameters: {'n_estimators': 478, 'min_samples_split': 0.26218066265744444, 'min_samples_leaf': 0.06346905324887626, 'min_weight_fraction_leaf': 0.1716604816345605, 'max_features': 0.6116083348076995, 'bootstrap': False, 'max_samples': 0.7256553855129271}. Best is trial 113 with value: 0.8765162386776881.[0m
[32m[I 2022-04-13 12:34:43,146][0m Trial 333 finished with value: 0.871245756173512 and parameters: {'n_estimators': 545, 'min_samples_split': 0.2889486113194698, 'min_samples_leaf': 0.009979283080434859, 'min_weight_fraction_leaf': 0.09648149956673065, 'max_features': 0.530210592193683, 'bootstrap': False, 'max_samples': 0.6174318118674271}. Best is trial 113 with value: 0.8765162386776881.[0m
[32m[I 2022-04-13 12:34:51,859][0m Trial 334 finished with value: 0.865302837673996 and parameters: {'n_estimators': 514, 'min_samples_split': 0.2762636817416512, 'min_samples_leaf': 0.019607044740388713, 'min_weight_fraction_leaf': 0.06911713749413252, 'max_features': 0.4213524619151281, 'bootstrap': False, 'max_samples': 0.753242844325506}. Best is trial 113 with value: 0.8765162386776881.[0m
[32m[I 2022-04-13 12:35:02,613][0m Trial 335 finished with value: 0.8760783367918913 and parameters: {'n_estimators': 577, 'min_samples_split': 0.2794664156571613, 'min_samples_leaf': 0.026347976411456198, 'min_weight_fraction_leaf': 0.05717249702902255, 'max_features': 0.6014918061679554, 'bootstrap': False, 'max_samples': 0.7669784291802987}. Best is trial 113 with value: 0.8765162386776881.[0m
[32m[I 2022-04-13 12:35:08,829][0m Trial 336 finished with value: 0.8420982270579455 and parameters: {'n_estimators': 567, 'min_samples_split': 0.23506773830062763, 'min_samples_leaf': 0.27215767468970153, 'min_weight_fraction_leaf': 0.07907464023810634, 'max_features': 0.6059164276075953, 'bootstrap': False, 'max_samples': 0.7307077783457274}. Best is trial 113 with value: 0.8765162386776881.[0m
[32m[I 2022-04-13 12:35:16,934][0m Trial 337 finished with value: 0.787138584738783 and parameters: {'n_estimators': 689, 'min_samples_split': 0.2745777328784861, 'min_samples_leaf': 0.002084141096829347, 'min_weight_fraction_leaf': 0.38253074145869537, 'max_features': 0.5538692400442838, 'bootstrap': False, 'max_samples': 0.821045395448543}. Best is trial 113 with value: 0.8765162386776881.[0m
[32m[I 2022-04-13 12:35:25,506][0m Trial 338 finished with value: 0.8589643532708845 and parameters: {'n_estimators': 591, 'min_samples_split': 0.2458473708480996, 'min_samples_leaf': 0.030534737067257785, 'min_weight_fraction_leaf': 0.06288733529912773, 'max_features': 0.28073179668018855, 'bootstrap': False, 'max_samples': 0.6738702588233826}. Best is trial 113 with value: 0.8765162386776881.[0m
[32m[I 2022-04-13 12:35:35,280][0m Trial 339 finished with value: 0.8658771928583138 and parameters: {'n_estimators': 624, 'min_samples_split': 0.2655043449043273, 'min_samples_leaf': 0.02439360306800817, 'min_weight_fraction_leaf': 0.07978382283292056, 'max_features': 0.4697566085655182, 'bootstrap': False, 'max_samples': 0.7849569808282115}. Best is trial 113 with value: 0.8765162386776881.[0m
[32m[I 2022-04-13 12:35:43,864][0m Trial 340 finished with value: 0.8557502302335124 and parameters: {'n_estimators': 582, 'min_samples_split': 0.2806581366128998, 'min_samples_leaf': 0.16275434112185722, 'min_weight_fraction_leaf': 0.058240268958152194, 'max_features': 0.6380690950509721, 'bootstrap': False, 'max_samples': 0.777611397545357}. Best is trial 113 with value: 0.8765162386776881.[0m
[32m[I 2022-04-13 12:35:51,186][0m Trial 341 finished with value: 0.6993364808298704 and parameters: {'n_estimators': 558, 'min_samples_split': 0.2527836546444251, 'min_samples_leaf': 0.050022630654209144, 'min_weight_fraction_leaf': 0.48127970708039536, 'max_features': 0.6334054438117533, 'bootstrap': False, 'max_samples': 0.7068178124418505}. Best is trial 113 with value: 0.8765162386776881.[0m
[32m[I 2022-04-13 12:36:00,962][0m Trial 342 finished with value: 0.8715083399558313 and parameters: {'n_estimators': 589, 'min_samples_split': 0.29150377193517535, 'min_samples_leaf': 0.017982176500608675, 'min_weight_fraction_leaf': 0.06764080487543458, 'max_features': 0.5650467129021074, 'bootstrap': False, 'max_samples': 0.760203687680135}. Best is trial 113 with value: 0.8765162386776881.[0m
[32m[I 2022-04-13 12:36:10,342][0m Trial 343 finished with value: 0.8674105769891745 and parameters: {'n_estimators': 538, 'min_samples_split': 0.26931942059959324, 'min_samples_leaf': 0.03559161505812477, 'min_weight_fraction_leaf': 0.0559026474060448, 'max_features': 0.4990091057035021, 'bootstrap': False, 'max_samples': 0.6342903895195722}. Best is trial 113 with value: 0.8765162386776881.[0m
[32m[I 2022-04-13 12:36:22,761][0m Trial 344 finished with value: 0.8717241691779327 and parameters: {'n_estimators': 612, 'min_samples_split': 0.2598630076745609, 'min_samples_leaf': 0.04455685700714884, 'min_weight_fraction_leaf': 0.07652296344568535, 'max_features': 0.5254383372477189, 'bootstrap': False, 'max_samples': 0.689170873212672}. Best is trial 113 with value: 0.8765162386776881.[0m
[32m[I 2022-04-13 12:36:31,823][0m Trial 345 finished with value: 0.847359232503695 and parameters: {'n_estimators': 504, 'min_samples_split': 0.30113654935485107, 'min_samples_leaf': 0.13897474875317206, 'min_weight_fraction_leaf': 0.12618589701949867, 'max_features': 0.6146682392150816, 'bootstrap': True, 'max_samples': 0.7285476622232997, 'oob_score': True}. Best is trial 113 with value: 0.8765162386776881.[0m
[32m[I 2022-04-13 12:36:42,057][0m Trial 346 finished with value: 0.8748738351372113 and parameters: {'n_estimators': 550, 'min_samples_split': 0.2688400082064387, 'min_samples_leaf': 0.03474744136213033, 'min_weight_fraction_leaf': 0.04740183775474015, 'max_features': 0.5336659760811572, 'bootstrap': False, 'max_samples': 0.7116837573647454}. Best is trial 113 with value: 0.8765162386776881.[0m
[32m[I 2022-04-13 12:36:52,482][0m Trial 347 finished with value: 0.8727380024824483 and parameters: {'n_estimators': 614, 'min_samples_split': 0.24738777615832896, 'min_samples_leaf': 0.05844206213850672, 'min_weight_fraction_leaf': 0.025985395944613028, 'max_features': 0.5447219950452716, 'bootstrap': False, 'max_samples': 0.6863661010586641}. Best is trial 113 with value: 0.8765162386776881.[0m
[32m[I 2022-04-13 12:37:03,767][0m Trial 348 finished with value: 0.8679649410339618 and parameters: {'n_estimators': 649, 'min_samples_split': 0.2729444173141402, 'min_samples_leaf': 0.03470363855517012, 'min_weight_fraction_leaf': 0.0864162187734149, 'max_features': 0.5211256601586538, 'bootstrap': False, 'max_samples': 0.749239286680177}. Best is trial 113 with value: 0.8765162386776881.[0m
[32m[I 2022-04-13 12:37:15,464][0m Trial 349 finished with value: 0.8734898318407401 and parameters: {'n_estimators': 581, 'min_samples_split': 0.258622466326702, 'min_samples_leaf': 0.019485668251787616, 'min_weight_fraction_leaf': 0.043656762008069984, 'max_features': 0.5057087154619693, 'bootstrap': False, 'max_samples': 0.7609407467281211}. Best is trial 113 with value: 0.8765162386776881.[0m
[32m[I 2022-04-13 12:37:27,674][0m Trial 350 finished with value: 0.8754916107380508 and parameters: {'n_estimators': 665, 'min_samples_split': 0.28922110154013864, 'min_samples_leaf': 0.009080199539452067, 'min_weight_fraction_leaf': 0.06406923191729479, 'max_features': 0.5597244368118132, 'bootstrap': False, 'max_samples': 0.6454536437901552}. Best is trial 113 with value: 0.8765162386776881.[0m
[32m[I 2022-04-13 12:37:40,117][0m Trial 351 finished with value: 0.8703809677362662 and parameters: {'n_estimators': 684, 'min_samples_split': 0.3146574074667188, 'min_samples_leaf': 0.011665076854763451, 'min_weight_fraction_leaf': 0.0692998790374381, 'max_features': 0.5587254120427481, 'bootstrap': False, 'max_samples': 0.6356511042452696}. Best is trial 113 with value: 0.8765162386776881.[0m
[32m[I 2022-04-13 12:37:53,125][0m Trial 352 finished with value: 0.8750012210839951 and parameters: {'n_estimators': 719, 'min_samples_split': 0.2656160132474673, 'min_samples_leaf': 0.02622390337871075, 'min_weight_fraction_leaf': 0.06189933480594396, 'max_features': 0.5403862803626576, 'bootstrap': False, 'max_samples': 0.7080345999124836}. Best is trial 113 with value: 0.8765162386776881.[0m
[32m[I 2022-04-13 12:38:06,400][0m Trial 353 finished with value: 0.8698807825913247 and parameters: {'n_estimators': 710, 'min_samples_split': 0.25810642167559994, 'min_samples_leaf': 0.01657059544654925, 'min_weight_fraction_leaf': 0.0906942374738117, 'max_features': 0.5685223988893237, 'bootstrap': False, 'max_samples': 0.8048271073818289}. Best is trial 113 with value: 0.8765162386776881.[0m
[32m[I 2022-04-13 12:38:16,467][0m Trial 354 finished with value: 0.8654168414678403 and parameters: {'n_estimators': 662, 'min_samples_split': 0.2839247980495291, 'min_samples_leaf': 0.025073702564744824, 'min_weight_fraction_leaf': 0.06906982765146377, 'max_features': 0.4823189752057777, 'bootstrap': False, 'max_samples': 0.6625457138656167}. Best is trial 113 with value: 0.8765162386776881.[0m
[32m[I 2022-04-13 12:38:28,648][0m Trial 355 finished with value: 0.8680878828052873 and parameters: {'n_estimators': 725, 'min_samples_split': 0.2748659571132732, 'min_samples_leaf': 0.02546852496218, 'min_weight_fraction_leaf': 0.06139518985718733, 'max_features': 0.45448762519281316, 'bootstrap': False, 'max_samples': 0.6964715172558983}. Best is trial 113 with value: 0.8765162386776881.[0m
[32m[I 2022-04-13 12:38:41,715][0m Trial 356 finished with value: 0.8717241691779327 and parameters: {'n_estimators': 732, 'min_samples_split': 0.2492297886548931, 'min_samples_leaf': 0.0404858734674375, 'min_weight_fraction_leaf': 0.07827754952843846, 'max_features': 0.5383966365591818, 'bootstrap': False, 'max_samples': 0.6799826078386509}. Best is trial 113 with value: 0.8765162386776881.[0m
[32m[I 2022-04-13 12:38:54,069][0m Trial 357 finished with value: 0.8750012210839951 and parameters: {'n_estimators': 690, 'min_samples_split': 0.2679505474736859, 'min_samples_leaf': 0.014982463503423452, 'min_weight_fraction_leaf': 0.058218058422313236, 'max_features': 0.5559869728765876, 'bootstrap': False, 'max_samples': 0.7745786650372903}. Best is trial 113 with value: 0.8765162386776881.[0m
[32m[I 2022-04-13 12:39:07,745][0m Trial 358 finished with value: 0.868655698920316 and parameters: {'n_estimators': 692, 'min_samples_split': 0.23710081460862473, 'min_samples_leaf': 0.023127854517458135, 'min_weight_fraction_leaf': 0.08403427374709274, 'max_features': 0.5501963176581044, 'bootstrap': False, 'max_samples': 0.7338228915183832}. Best is trial 113 with value: 0.8765162386776881.[0m
[32m[I 2022-04-13 12:39:21,590][0m Trial 359 finished with value: 0.8698978237952287 and parameters: {'n_estimators': 749, 'min_samples_split': 0.26107611277739073, 'min_samples_leaf': 0.014491364759610555, 'min_weight_fraction_leaf': 0.10034528004104418, 'max_features': 0.5143067370354986, 'bootstrap': False, 'max_samples': 0.7962361742907549}. Best is trial 113 with value: 0.8765162386776881.[0m
[32m[I 2022-04-13 12:39:36,344][0m Trial 360 finished with value: 0.8744923353785925 and parameters: {'n_estimators': 782, 'min_samples_split': 0.2635882296062038, 'min_samples_leaf': 0.028528073190967465, 'min_weight_fraction_leaf': 0.06270469464268569, 'max_features': 0.560556493929626, 'bootstrap': False, 'max_samples': 0.7734771913520778}. Best is trial 113 with value: 0.8765162386776881.[0m
[32m[I 2022-04-13 12:39:49,580][0m Trial 361 finished with value: 0.8717241691779327 and parameters: {'n_estimators': 701, 'min_samples_split': 0.24754188672822908, 'min_samples_leaf': 0.014770570580908929, 'min_weight_fraction_leaf': 0.06995781904895675, 'max_features': 0.5015050976092943, 'bootstrap': False, 'max_samples': 0.7433567520409174}. Best is trial 113 with value: 0.8765162386776881.[0m
[32m[I 2022-04-13 12:40:02,283][0m Trial 362 finished with value: 0.8750012210839951 and parameters: {'n_estimators': 662, 'min_samples_split': 0.27120451130034373, 'min_samples_leaf': 0.03126053065508916, 'min_weight_fraction_leaf': 0.05716376802985008, 'max_features': 0.588806890801445, 'bootstrap': False, 'max_samples': 0.7249637740255375}. Best is trial 113 with value: 0.8765162386776881.[0m
[32m[I 2022-04-13 12:40:15,058][0m Trial 363 finished with value: 0.8717313635138437 and parameters: {'n_estimators': 650, 'min_samples_split': 0.2654297236317642, 'min_samples_leaf': 0.04322168654076633, 'min_weight_fraction_leaf': 0.07773041183862883, 'max_features': 0.52111292642888, 'bootstrap': False, 'max_samples': 0.7064244773166897}. Best is trial 113 with value: 0.8765162386776881.[0m
[32m[I 2022-04-13 12:40:26,383][0m Trial 364 finished with value: 0.8754916107380508 and parameters: {'n_estimators': 641, 'min_samples_split': 0.2771849211856144, 'min_samples_leaf': 0.053072395264385605, 'min_weight_fraction_leaf': 0.05674550646897657, 'max_features': 0.5936969959946167, 'bootstrap': False, 'max_samples': 0.7445443295399465}. Best is trial 113 with value: 0.8765162386776881.[0m
[32m[I 2022-04-13 12:40:38,656][0m Trial 365 finished with value: 0.8686524122461489 and parameters: {'n_estimators': 642, 'min_samples_split': 0.29230975189900893, 'min_samples_leaf': 0.07356201689739081, 'min_weight_fraction_leaf': 0.05492836523561393, 'max_features': 0.5834868504550224, 'bootstrap': True, 'max_samples': 0.7722700991639188, 'oob_score': True}. Best is trial 113 with value: 0.8765162386776881.[0m
[32m[I 2022-04-13 12:40:48,183][0m Trial 366 finished with value: 0.863239394898577 and parameters: {'n_estimators': 635, 'min_samples_split': 0.4883677611033822, 'min_samples_leaf': 0.052574423860339475, 'min_weight_fraction_leaf': 0.07091493748738999, 'max_features': 0.6029905011807131, 'bootstrap': False, 'max_samples': 0.7201433705474667}. Best is trial 113 with value: 0.8765162386776881.[0m
[32m[I 2022-04-13 12:40:59,270][0m Trial 367 finished with value: 0.8693376969528133 and parameters: {'n_estimators': 673, 'min_samples_split': 0.281886372701415, 'min_samples_leaf': 0.062476092380883315, 'min_weight_fraction_leaf': 0.1138248528075301, 'max_features': 0.5426372451495558, 'bootstrap': False, 'max_samples': 0.7439740790701297}. Best is trial 113 with value: 0.8765162386776881.[0m
[32m[I 2022-04-13 12:41:11,776][0m Trial 368 finished with value: 0.8736788983576027 and parameters: {'n_estimators': 630, 'min_samples_split': 0.25442353355092795, 'min_samples_leaf': 0.01136182623993388, 'min_weight_fraction_leaf': 0.05234081537147636, 'max_features': 0.59235692965176, 'bootstrap': False, 'max_samples': 0.788487552197186}. Best is trial 113 with value: 0.8765162386776881.[0m
[32m[I 2022-04-13 12:41:22,215][0m Trial 369 finished with value: 0.871849401748461 and parameters: {'n_estimators': 605, 'min_samples_split': 0.30341943892338613, 'min_samples_leaf': 0.04245805587917577, 'min_weight_fraction_leaf': 0.056514028602500474, 'max_features': 0.5907463225937222, 'bootstrap': False, 'max_samples': 0.7201001439740998}. Best is trial 113 with value: 0.8765162386776881.[0m
[32m[I 2022-04-13 12:41:34,517][0m Trial 370 finished with value: 0.8729379511335054 and parameters: {'n_estimators': 666, 'min_samples_split': 0.2768977309098416, 'min_samples_leaf': 0.027666504929714005, 'min_weight_fraction_leaf': 0.06644764305661711, 'max_features': 0.5649295984052105, 'bootstrap': False, 'max_samples': 0.7551126927664131}. Best is trial 113 with value: 0.8765162386776881.[0m
[32m[I 2022-04-13 12:41:47,019][0m Trial 371 finished with value: 0.8675681874553112 and parameters: {'n_estimators': 608, 'min_samples_split': 0.2705515651114224, 'min_samples_leaf': 0.05070094286637047, 'min_weight_fraction_leaf': 0.08880771542270034, 'max_features': 0.6562984821392582, 'bootstrap': False, 'max_samples': 0.7333268903498519}. Best is trial 113 with value: 0.8765162386776881.[0m
[32m[I 2022-04-13 12:41:58,250][0m Trial 372 finished with value: 0.8578862350725316 and parameters: {'n_estimators': 741, 'min_samples_split': 0.2863387642336882, 'min_samples_leaf': 0.016549957820005717, 'min_weight_fraction_leaf': 0.0794419801142837, 'max_features': 0.346669145848009, 'bootstrap': False, 'max_samples': 0.8026805109864754}. Best is trial 113 with value: 0.8765162386776881.[0m
[32m[I 2022-04-13 12:42:02,065][0m Trial 373 finished with value: 0.6968328232748361 and parameters: {'n_estimators': 308, 'min_samples_split': 0.029036604949160105, 'min_samples_leaf': 0.43778047557700345, 'min_weight_fraction_leaf': 0.06725370630086865, 'max_features': 0.5254076764840644, 'bootstrap': False, 'max_samples': 0.7046618939462662}. Best is trial 113 with value: 0.8765162386776881.[0m
[32m[I 2022-04-13 12:42:13,123][0m Trial 374 finished with value: 0.8689694409899855 and parameters: {'n_estimators': 627, 'min_samples_split': 0.2547603411771911, 'min_samples_leaf': 0.02966475884157365, 'min_weight_fraction_leaf': 0.059570146491644736, 'max_features': 0.4896233707182246, 'bootstrap': False, 'max_samples': 0.719172089881075}. Best is trial 113 with value: 0.8765162386776881.[0m
[32m[I 2022-04-13 12:42:26,703][0m Trial 375 finished with value: 0.8752690715490659 and parameters: {'n_estimators': 697, 'min_samples_split': 0.29618091152590775, 'min_samples_leaf': 0.0017837508222594452, 'min_weight_fraction_leaf': 0.05025061032510644, 'max_features': 0.572141132606559, 'bootstrap': False, 'max_samples': 0.7662962863342272}. Best is trial 113 with value: 0.8765162386776881.[0m
[32m[I 2022-04-13 12:42:39,903][0m Trial 376 finished with value: 0.8752690715490659 and parameters: {'n_estimators': 705, 'min_samples_split': 0.2970551584846888, 'min_samples_leaf': 0.007071027791448945, 'min_weight_fraction_leaf': 0.049371661540217104, 'max_features': 0.5501328989560649, 'bootstrap': False, 'max_samples': 0.8163034814573262}. Best is trial 113 with value: 0.8765162386776881.[0m
[32m[I 2022-04-13 12:42:53,359][0m Trial 377 finished with value: 0.8687314532482546 and parameters: {'n_estimators': 572, 'min_samples_split': 0.31314132408507556, 'min_samples_leaf': 0.0028971939268802663, 'min_weight_fraction_leaf': 0.036587481970255936, 'max_features': 0.6404608816003199, 'bootstrap': False, 'max_samples': 0.7964761993193633}. Best is trial 113 with value: 0.8765162386776881.[0m
