[32m[I 2022-04-13 14:39:42,317][0m Trial 972 finished with value: 0.8697526928564592 and parameters: {'n_estimators': 488, 'min_samples_split': 0.2873998287939436, 'min_samples_leaf': 0.0520214807402318, 'min_weight_fraction_leaf': 0.058941023400550754, 'max_features': 0.7098656756984532, 'bootstrap': False, 'max_samples': 0.6512136071547514}. Best is trial 480 with value: 0.8778163779435968.[0m
[32m[I 2022-04-13 14:39:54,412][0m Trial 973 finished with value: 0.8765162386776881 and parameters: {'n_estimators': 549, 'min_samples_split': 0.27180200114912084, 'min_samples_leaf': 0.04708675718355807, 'min_weight_fraction_leaf': 0.03202148376162616, 'max_features': 0.6880873124644445, 'bootstrap': False, 'max_samples': 0.6294856604374948}. Best is trial 480 with value: 0.8778163779435968.[0m
[32m[I 2022-04-13 14:40:06,888][0m Trial 974 finished with value: 0.8765162386776881 and parameters: {'n_estimators': 547, 'min_samples_split': 0.2677045420863565, 'min_samples_leaf': 0.04286168537565429, 'min_weight_fraction_leaf': 0.03467405376572655, 'max_features': 0.7286475982602246, 'bootstrap': False, 'max_samples': 0.5782002550099509}. Best is trial 480 with value: 0.8778163779435968.[0m
[32m[I 2022-04-13 14:40:19,786][0m Trial 975 finished with value: 0.8765162386776881 and parameters: {'n_estimators': 537, 'min_samples_split': 0.2744057010100769, 'min_samples_leaf': 0.007522375352556364, 'min_weight_fraction_leaf': 0.05008359620392013, 'max_features': 0.7475917842757663, 'bootstrap': False, 'max_samples': 0.6050698757558618}. Best is trial 480 with value: 0.8778163779435968.[0m
[32m[I 2022-04-13 14:40:33,822][0m Trial 976 finished with value: 0.8582131438070718 and parameters: {'n_estimators': 515, 'min_samples_split': 0.29172705494482293, 'min_samples_leaf': 0.0014246898708641827, 'min_weight_fraction_leaf': 0.02795615804440696, 'max_features': 0.7881577678383328, 'bootstrap': False, 'max_samples': 0.6427962906424719}. Best is trial 480 with value: 0.8778163779435968.[0m
[32m[I 2022-04-13 14:40:50,350][0m Trial 977 finished with value: 0.8498072503545865 and parameters: {'n_estimators': 475, 'min_samples_split': 0.2588010967540831, 'min_samples_leaf': 0.004048056767044561, 'min_weight_fraction_leaf': 0.009289772001732451, 'max_features': 0.7685815493192044, 'bootstrap': False, 'max_samples': 0.602410760869631}. Best is trial 480 with value: 0.8778163779435968.[0m
[32m[I 2022-04-13 14:41:05,063][0m Trial 978 finished with value: 0.867202129048939 and parameters: {'n_estimators': 573, 'min_samples_split': 0.28360922665750804, 'min_samples_leaf': 0.017357759816543233, 'min_weight_fraction_leaf': 0.001012122228120936, 'max_features': 0.7314422853507025, 'bootstrap': False, 'max_samples': 0.9543850713730463}. Best is trial 480 with value: 0.8778163779435968.[0m
[32m[I 2022-04-13 14:41:18,818][0m Trial 979 finished with value: 0.8603480234303362 and parameters: {'n_estimators': 502, 'min_samples_split': 0.3292310318400148, 'min_samples_leaf': 0.01050127545923636, 'min_weight_fraction_leaf': 0.013727150959192698, 'max_features': 0.7569076539107001, 'bootstrap': False, 'max_samples': 0.5886106146020497}. Best is trial 480 with value: 0.8778163779435968.[0m
[32m[I 2022-04-13 14:41:34,629][0m Trial 980 finished with value: 0.866691856898084 and parameters: {'n_estimators': 556, 'min_samples_split': 0.2676557343032638, 'min_samples_leaf': 0.024420602788343487, 'min_weight_fraction_leaf': 0.015391281830708706, 'max_features': 0.6880262745542222, 'bootstrap': False, 'max_samples': 0.5667735985610667}. Best is trial 480 with value: 0.8778163779435968.[0m
[32m[I 2022-04-13 14:41:48,106][0m Trial 981 finished with value: 0.8674314301308559 and parameters: {'n_estimators': 536, 'min_samples_split': 0.27827264394028967, 'min_samples_leaf': 0.00643119369403054, 'min_weight_fraction_leaf': 0.07889381769838029, 'max_features': 0.7412514807618809, 'bootstrap': False, 'max_samples': 0.9161678818091865}. Best is trial 480 with value: 0.8778163779435968.[0m
[32m[I 2022-04-13 14:42:00,126][0m Trial 982 finished with value: 0.8753524199859644 and parameters: {'n_estimators': 522, 'min_samples_split': 0.30144461244636234, 'min_samples_leaf': 0.042073685136779095, 'min_weight_fraction_leaf': 0.025257279894401637, 'max_features': 0.6657546750433075, 'bootstrap': False, 'max_samples': 0.6541414212265336}. Best is trial 480 with value: 0.8778163779435968.[0m
[32m[I 2022-04-13 14:42:12,434][0m Trial 983 finished with value: 0.8597634687871087 and parameters: {'n_estimators': 537, 'min_samples_split': 0.24921826610192405, 'min_samples_leaf': 0.06405912585592713, 'min_weight_fraction_leaf': 0.013805648593565333, 'max_features': 0.7565061184896564, 'bootstrap': False, 'max_samples': 0.6232532832775712}. Best is trial 480 with value: 0.8778163779435968.[0m
[32m[I 2022-04-13 14:42:28,222][0m Trial 984 finished with value: 0.8596094767337055 and parameters: {'n_estimators': 533, 'min_samples_split': 0.24884791405923773, 'min_samples_leaf': 0.008227279805569764, 'min_weight_fraction_leaf': 0.012838122697455028, 'max_features': 0.6480859578240978, 'bootstrap': False, 'max_samples': 0.5795808578165486}. Best is trial 480 with value: 0.8778163779435968.[0m
[32m[I 2022-04-13 14:42:39,536][0m Trial 985 finished with value: 0.868671323508728 and parameters: {'n_estimators': 447, 'min_samples_split': 0.28928892532642375, 'min_samples_leaf': 0.034793278389791384, 'min_weight_fraction_leaf': 0.016712815018653824, 'max_features': 0.67579798343597, 'bootstrap': False, 'max_samples': 0.619692191094715}. Best is trial 480 with value: 0.8778163779435968.[0m
[32m[I 2022-04-13 14:42:52,288][0m Trial 986 finished with value: 0.8680176440465752 and parameters: {'n_estimators': 591, 'min_samples_split': 0.2746904278738908, 'min_samples_leaf': 0.05279621913497026, 'min_weight_fraction_leaf': 0.03682718918625699, 'max_features': 0.7074596282807473, 'bootstrap': False, 'max_samples': 0.9656879482184229}. Best is trial 480 with value: 0.8778163779435968.[0m
[32m[I 2022-04-13 14:43:02,057][0m Trial 987 finished with value: 0.868143146863779 and parameters: {'n_estimators': 498, 'min_samples_split': 0.2840348605317899, 'min_samples_leaf': 0.019360665828331635, 'min_weight_fraction_leaf': 0.05178671821571531, 'max_features': 0.7893288267705555, 'bootstrap': True, 'max_samples': 0.6037570042258762, 'oob_score': False}. Best is trial 480 with value: 0.8778163779435968.[0m
[32m[I 2022-04-13 14:43:10,734][0m Trial 988 finished with value: 0.8559891961011429 and parameters: {'n_estimators': 470, 'min_samples_split': 0.26568911937266637, 'min_samples_leaf': 0.0018060751839571593, 'min_weight_fraction_leaf': 0.028298840229087817, 'max_features': 0.33551695145875476, 'bootstrap': False, 'max_samples': 0.5745288282210339}. Best is trial 480 with value: 0.8778163779435968.[0m
[32m[I 2022-04-13 14:43:21,507][0m Trial 989 finished with value: 0.8675759291322966 and parameters: {'n_estimators': 510, 'min_samples_split': 0.3071713836448231, 'min_samples_leaf': 0.08223967449332663, 'min_weight_fraction_leaf': 0.042488321759518166, 'max_features': 0.6655412886978591, 'bootstrap': False, 'max_samples': 0.6363287888519537}. Best is trial 480 with value: 0.8778163779435968.[0m
[32m[I 2022-04-13 14:43:34,338][0m Trial 990 finished with value: 0.8619553897127747 and parameters: {'n_estimators': 559, 'min_samples_split': 0.22592916030961396, 'min_samples_leaf': 0.07114710199444352, 'min_weight_fraction_leaf': 0.019747725978767765, 'max_features': 0.6896098582069355, 'bootstrap': False, 'max_samples': 0.6549661476282373}. Best is trial 480 with value: 0.8778163779435968.[0m
[32m[I 2022-04-13 14:43:45,427][0m Trial 991 finished with value: 0.8713235815331476 and parameters: {'n_estimators': 491, 'min_samples_split': 0.296078422989056, 'min_samples_leaf': 0.030636973137716326, 'min_weight_fraction_leaf': 0.06346307354840551, 'max_features': 0.6868088921866675, 'bootstrap': False, 'max_samples': 0.5652848510155019}. Best is trial 480 with value: 0.8778163779435968.[0m
[32m[I 2022-04-13 14:43:57,675][0m Trial 992 finished with value: 0.8724246628331759 and parameters: {'n_estimators': 516, 'min_samples_split': 0.2562387809003649, 'min_samples_leaf': 0.04476110958058393, 'min_weight_fraction_leaf': 0.000209531116074739, 'max_features': 0.6590156319577372, 'bootstrap': False, 'max_samples': 0.5194301387064009}. Best is trial 480 with value: 0.8778163779435968.[0m
[32m[I 2022-04-13 14:44:08,569][0m Trial 993 finished with value: 0.864413832037414 and parameters: {'n_estimators': 536, 'min_samples_split': 0.49775893545686584, 'min_samples_leaf': 0.01139950158752601, 'min_weight_fraction_leaf': 0.036869949711509455, 'max_features': 0.823800987019818, 'bootstrap': False, 'max_samples': 0.6128316145618634}. Best is trial 480 with value: 0.8778163779435968.[0m
[32m[I 2022-04-13 14:44:21,303][0m Trial 994 finished with value: 0.8680176440465752 and parameters: {'n_estimators': 561, 'min_samples_split': 0.2698352499221555, 'min_samples_leaf': 0.02889044527027819, 'min_weight_fraction_leaf': 0.060701749421364554, 'max_features': 0.7132337852487132, 'bootstrap': False, 'max_samples': 0.6046462534577499}. Best is trial 480 with value: 0.8778163779435968.[0m
[32m[I 2022-04-13 14:44:34,389][0m Trial 995 finished with value: 0.8716786373085373 and parameters: {'n_estimators': 576, 'min_samples_split': 0.28648338635823534, 'min_samples_leaf': 0.03378056126796747, 'min_weight_fraction_leaf': 0.03395253515238804, 'max_features': 0.6976667140320841, 'bootstrap': False, 'max_samples': 0.5427094980416657}. Best is trial 480 with value: 0.8778163779435968.[0m
[32m[I 2022-04-13 14:44:45,977][0m Trial 996 finished with value: 0.8670301692551858 and parameters: {'n_estimators': 482, 'min_samples_split': 0.2784487879446526, 'min_samples_leaf': 0.02431422790540759, 'min_weight_fraction_leaf': 0.08629039273671177, 'max_features': 0.7147864973722898, 'bootstrap': False, 'max_samples': 0.599133449033889}. Best is trial 480 with value: 0.8778163779435968.[0m
[32m[I 2022-04-13 14:45:00,487][0m Trial 997 finished with value: 0.8619845746613576 and parameters: {'n_estimators': 520, 'min_samples_split': 0.29596442933193073, 'min_samples_leaf': 0.011457574108100351, 'min_weight_fraction_leaf': 0.046640261301212974, 'max_features': 0.7569768793172056, 'bootstrap': False, 'max_samples': 0.5534109502031224}. Best is trial 480 with value: 0.8778163779435968.[0m
[32m[I 2022-04-13 14:45:15,117][0m Trial 998 finished with value: 0.8765154407655287 and parameters: {'n_estimators': 592, 'min_samples_split': 0.27548038510980327, 'min_samples_leaf': 0.021897411694154004, 'min_weight_fraction_leaf': 0.04303937233645413, 'max_features': 0.6667456226381722, 'bootstrap': False, 'max_samples': 0.5363592320469125}. Best is trial 480 with value: 0.8778163779435968.[0m
[32m[I 2022-04-13 14:45:26,395][0m Trial 999 finished with value: 0.8664395849054122 and parameters: {'n_estimators': 595, 'min_samples_split': 0.2869227543670498, 'min_samples_leaf': 0.025574024235487547, 'min_weight_fraction_leaf': 0.04431747950756282, 'max_features': 0.40526153985473357, 'bootstrap': False, 'max_samples': 0.517053289123285}. Best is trial 480 with value: 0.8778163779435968.[0m
[32m[I 2022-04-13 14:45:26,400][0m A new study created in memory with name: no-name-e6716f52-4f24-47e2-b167-e02093c226c7[0m
[32m[I 2022-04-13 14:45:28,654][0m Trial 0 finished with value: 0.5 and parameters: {'n_estimators': 144, 'min_samples_split': 0.34160738448590566, 'min_samples_leaf': 0.14200123967096145, 'min_weight_fraction_leaf': 0.046050908448815375, 'max_features': 0.04243387095642914, 'bootstrap': True, 'max_samples': 0.18420226068881518, 'oob_score': False}. Best is trial 0 with value: 0.5.[0m
[32m[I 2022-04-13 14:45:37,173][0m Trial 1 finished with value: 0.5 and parameters: {'n_estimators': 616, 'min_samples_split': 0.18618527785647287, 'min_samples_leaf': 0.24368284092617082, 'min_weight_fraction_leaf': 0.4109689143853525, 'max_features': 0.27806162941082846, 'bootstrap': True, 'max_samples': 0.6692314457927422, 'oob_score': True}. Best is trial 0 with value: 0.5.[0m
[32m[I 2022-04-13 14:45:39,342][0m Trial 2 finished with value: 0.3785927725305275 and parameters: {'n_estimators': 124, 'min_samples_split': 0.02787186682117858, 'min_samples_leaf': 0.21901103424700874, 'min_weight_fraction_leaf': 0.4640114645980349, 'max_features': 0.3566547360750515, 'bootstrap': False, 'max_samples': 0.6063882296735997}. Best is trial 0 with value: 0.5.[0m
[32m[I 2022-04-13 14:45:42,677][0m Trial 3 finished with value: 0.6108499149035495 and parameters: {'n_estimators': 269, 'min_samples_split': 0.10103198115224839, 'min_samples_leaf': 0.3554707829717071, 'min_weight_fraction_leaf': 0.27665566745641346, 'max_features': 0.8382182353734231, 'bootstrap': False, 'max_samples': 0.7908514747565534}. Best is trial 3 with value: 0.6108499149035495.[0m
[32m[I 2022-04-13 14:45:49,556][0m Trial 4 finished with value: 0.5 and parameters: {'n_estimators': 782, 'min_samples_split': 0.15467765574576167, 'min_samples_leaf': 0.35391198664873874, 'min_weight_fraction_leaf': 0.2748427816566207, 'max_features': 0.5870000969136066, 'bootstrap': True, 'max_samples': 0.43633139725083847, 'oob_score': False}. Best is trial 3 with value: 0.6108499149035495.[0m
[32m[I 2022-04-13 14:45:51,225][0m Trial 5 finished with value: 0.39998919649321485 and parameters: {'n_estimators': 101, 'min_samples_split': 0.26911180597379586, 'min_samples_leaf': 0.4800558541784591, 'min_weight_fraction_leaf': 0.30951488514023273, 'max_features': 0.9636747514860495, 'bootstrap': False, 'max_samples': 0.37222649998677726}. Best is trial 3 with value: 0.6108499149035495.[0m
[32m[I 2022-04-13 14:45:55,503][0m Trial 6 finished with value: 0.5 and parameters: {'n_estimators': 259, 'min_samples_split': 0.4861613060621689, 'min_samples_leaf': 0.3698210325765752, 'min_weight_fraction_leaf': 0.2905528176813929, 'max_features': 0.8444443328255137, 'bootstrap': True, 'max_samples': 0.9603435076811597, 'oob_score': True}. Best is trial 3 with value: 0.6108499149035495.[0m
[32m[I 2022-04-13 14:45:59,189][0m Trial 7 finished with value: 0.5851204349388597 and parameters: {'n_estimators': 304, 'min_samples_split': 0.43214002142012753, 'min_samples_leaf': 0.27430159848602664, 'min_weight_fraction_leaf': 0.3779677392349191, 'max_features': 0.5708421476366569, 'bootstrap': False, 'max_samples': 0.3691380887746616}. Best is trial 3 with value: 0.6108499149035495.[0m
[32m[I 2022-04-13 14:46:06,364][0m Trial 8 finished with value: 0.6731813437037085 and parameters: {'n_estimators': 873, 'min_samples_split': 0.4194912593961116, 'min_samples_leaf': 0.21433043996612794, 'min_weight_fraction_leaf': 0.1280177551355698, 'max_features': 0.04335840289392279, 'bootstrap': False, 'max_samples': 0.4836241816193235}. Best is trial 8 with value: 0.6731813437037085.[0m
[32m[I 2022-04-13 14:46:10,154][0m Trial 9 finished with value: 0.5 and parameters: {'n_estimators': 182, 'min_samples_split': 0.3483231270760271, 'min_samples_leaf': 0.3893114794503619, 'min_weight_fraction_leaf': 0.052180553480804914, 'max_features': 0.63008693490803, 'bootstrap': True, 'max_samples': 0.9553069054597821, 'oob_score': True}. Best is trial 8 with value: 0.6731813437037085.[0m
[32m[I 2022-04-13 14:46:15,633][0m Trial 10 finished with value: 0.7093177894338665 and parameters: {'n_estimators': 521, 'min_samples_split': 0.38769950826613936, 'min_samples_leaf': 0.00964019608508107, 'min_weight_fraction_leaf': 0.1391793240917502, 'max_features': 0.015703946715901123, 'bootstrap': False, 'max_samples': 0.16666013067718038}. Best is trial 10 with value: 0.7093177894338665.[0m
[32m[I 2022-04-13 14:46:21,541][0m Trial 11 finished with value: 0.7099365247702127 and parameters: {'n_estimators': 482, 'min_samples_split': 0.3725176828536618, 'min_samples_leaf': 0.014620737511693337, 'min_weight_fraction_leaf': 0.16048953483543468, 'max_features': 0.020014622343098386, 'bootstrap': False, 'max_samples': 0.08736187594136603}. Best is trial 11 with value: 0.7099365247702127.[0m
[32m[I 2022-04-13 14:46:27,892][0m Trial 12 finished with value: 0.7148072476783838 and parameters: {'n_estimators': 504, 'min_samples_split': 0.3135930203438107, 'min_samples_leaf': 0.006568559931052417, 'min_weight_fraction_leaf': 0.16619468757486647, 'max_features': 0.20539076356872582, 'bootstrap': False, 'max_samples': 0.01438696545832796}. Best is trial 12 with value: 0.7148072476783838.[0m
[32m[I 2022-04-13 14:46:33,418][0m Trial 13 finished with value: 0.7151698525715491 and parameters: {'n_estimators': 434, 'min_samples_split': 0.2796542513920113, 'min_samples_leaf': 0.032167498043057574, 'min_weight_fraction_leaf': 0.17857273194382212, 'max_features': 0.22014211982593868, 'bootstrap': False, 'max_samples': 0.019492988225720657}. Best is trial 13 with value: 0.7151698525715491.[0m
[32m[I 2022-04-13 14:46:38,244][0m Trial 14 finished with value: 0.7228951540043432 and parameters: {'n_estimators': 404, 'min_samples_split': 0.26075188126479487, 'min_samples_leaf': 0.08819709427145514, 'min_weight_fraction_leaf': 0.19980240722483594, 'max_features': 0.24632489322145598, 'bootstrap': False, 'max_samples': 0.013579014616500018}. Best is trial 14 with value: 0.7228951540043432.[0m
[32m[I 2022-04-13 14:46:43,813][0m Trial 15 finished with value: 0.679557704095443 and parameters: {'n_estimators': 387, 'min_samples_split': 0.2179911931213816, 'min_samples_leaf': 0.10848889893288007, 'min_weight_fraction_leaf': 0.21649806078228195, 'max_features': 0.43455913043635086, 'bootstrap': False, 'max_samples': 0.26311370677099805}. Best is trial 14 with value: 0.7228951540043432.[0m
[32m[I 2022-04-13 14:46:47,758][0m Trial 16 finished with value: 0.6784501893170108 and parameters: {'n_estimators': 384, 'min_samples_split': 0.2788174388587361, 'min_samples_leaf': 0.10368298743664625, 'min_weight_fraction_leaf': 0.2160088942263101, 'max_features': 0.172772456231428, 'bootstrap': False, 'max_samples': 0.014289583812927035}. Best is trial 14 with value: 0.7228951540043432.[0m
[32m[I 2022-04-13 14:46:51,085][0m Trial 17 finished with value: 0.7159746266002373 and parameters: {'n_estimators': 216, 'min_samples_split': 0.12188613982818308, 'min_samples_leaf': 0.07178978951683661, 'min_weight_fraction_leaf': 0.11140597000373778, 'max_features': 0.1776353709557413, 'bootstrap': False, 'max_samples': 0.2594569472602717}. Best is trial 14 with value: 0.7228951540043432.[0m
[32m[I 2022-04-13 14:46:55,933][0m Trial 18 finished with value: 0.7399979366223933 and parameters: {'n_estimators': 222, 'min_samples_split': 0.10013282467340602, 'min_samples_leaf': 0.08166811545484952, 'min_weight_fraction_leaf': 0.08230427232215864, 'max_features': 0.4136383534920248, 'bootstrap': False, 'max_samples': 0.2699010496334947}. Best is trial 18 with value: 0.7399979366223933.[0m
[32m[I 2022-04-13 14:46:59,662][0m Trial 19 finished with value: 0.7284966432332514 and parameters: {'n_estimators': 219, 'min_samples_split': 0.013776061959214228, 'min_samples_leaf': 0.1647381815275749, 'min_weight_fraction_leaf': 0.01320601729154669, 'max_features': 0.4156168793385684, 'bootstrap': False, 'max_samples': 0.2604386580816783}. Best is trial 18 with value: 0.7399979366223933.[0m
[32m[I 2022-04-13 14:47:02,841][0m Trial 20 finished with value: 0.726640938980798 and parameters: {'n_estimators': 185, 'min_samples_split': 0.0010518777281349392, 'min_samples_leaf': 0.16894883718960502, 'min_weight_fraction_leaf': 0.0066084135583240056, 'max_features': 0.4548000144303812, 'bootstrap': False, 'max_samples': 0.5877052743808963}. Best is trial 18 with value: 0.7399979366223933.[0m
[32m[I 2022-04-13 14:47:06,580][0m Trial 21 finished with value: 0.7250214397570918 and parameters: {'n_estimators': 181, 'min_samples_split': 0.0053487583762236585, 'min_samples_leaf': 0.16980651302741992, 'min_weight_fraction_leaf': 0.0005586800221758226, 'max_features': 0.47100544322732907, 'bootstrap': False, 'max_samples': 0.5912042587235175}. Best is trial 18 with value: 0.7399979366223933.[0m
[32m[I 2022-04-13 14:47:09,833][0m Trial 22 finished with value: 0.7144298522359512 and parameters: {'n_estimators': 203, 'min_samples_split': 0.06035070219524216, 'min_samples_leaf': 0.16494487466977104, 'min_weight_fraction_leaf': 0.005320343602029959, 'max_features': 0.37456589955137565, 'bootstrap': False, 'max_samples': 0.3433008604636299}. Best is trial 18 with value: 0.7399979366223933.[0m
[32m[I 2022-04-13 14:47:12,294][0m Trial 23 finished with value: 0.6683613411187507 and parameters: {'n_estimators': 148, 'min_samples_split': 0.07033551862826515, 'min_samples_leaf': 0.2800528928574991, 'min_weight_fraction_leaf': 0.08619654557126019, 'max_features': 0.5306350998852514, 'bootstrap': False, 'max_samples': 0.7481645190942672}. Best is trial 18 with value: 0.7399979366223933.[0m
[32m[I 2022-04-13 14:47:17,161][0m Trial 24 finished with value: 0.7308727494028029 and parameters: {'n_estimators': 233, 'min_samples_split': 0.047192065242199994, 'min_samples_leaf': 0.1404958887717026, 'min_weight_fraction_leaf': 0.062357235249168905, 'max_features': 0.683082877054498, 'bootstrap': False, 'max_samples': 0.5495432636429958}. Best is trial 18 with value: 0.7399979366223933.[0m
[32m[I 2022-04-13 14:47:23,679][0m Trial 25 finished with value: 0.7254764400707332 and parameters: {'n_estimators': 240, 'min_samples_split': 0.05682314884863124, 'min_samples_leaf': 0.057513606723119615, 'min_weight_fraction_leaf': 0.07058518025831834, 'max_features': 0.6690797877255943, 'bootstrap': False, 'max_samples': 0.2552974546628931}. Best is trial 18 with value: 0.7399979366223933.[0m
