[32m[I 2022-04-13 15:04:20,483][0m Trial 133 finished with value: 0.728309082837249 and parameters: {'n_estimators': 908, 'min_samples_split': 0.13414884103457406, 'min_samples_leaf': 0.01791135158053512, 'min_weight_fraction_leaf': 0.012690292816917241, 'max_features': 0.6511295715144042, 'bootstrap': True, 'max_samples': 0.8107690461009485, 'oob_score': True}. Best is trial 88 with value: 0.7533408627023566.[0m
[32m[I 2022-04-13 15:04:37,136][0m Trial 134 finished with value: 0.7405575957261716 and parameters: {'n_estimators': 799, 'min_samples_split': 0.16389163006116614, 'min_samples_leaf': 0.05588202226701343, 'min_weight_fraction_leaf': 0.0005714722466813801, 'max_features': 0.5645245971659072, 'bootstrap': True, 'max_samples': 0.9988407570555438, 'oob_score': True}. Best is trial 88 with value: 0.7533408627023566.[0m
[32m[I 2022-04-13 15:04:53,728][0m Trial 135 finished with value: 0.733939437396038 and parameters: {'n_estimators': 656, 'min_samples_split': 0.1483193346321881, 'min_samples_leaf': 0.024183013485952327, 'min_weight_fraction_leaf': 0.02346493549776798, 'max_features': 0.625036478510812, 'bootstrap': True, 'max_samples': 0.8518772023833884, 'oob_score': True}. Best is trial 88 with value: 0.7533408627023566.[0m
[32m[I 2022-04-13 15:05:06,946][0m Trial 136 finished with value: 0.7350012920218152 and parameters: {'n_estimators': 748, 'min_samples_split': 0.36162172032031525, 'min_samples_leaf': 0.035997698788733164, 'min_weight_fraction_leaf': 0.059860456590332414, 'max_features': 0.5304637441093454, 'bootstrap': True, 'max_samples': 0.8971747437149442, 'oob_score': True}. Best is trial 88 with value: 0.7533408627023566.[0m
[32m[I 2022-04-13 15:05:26,103][0m Trial 137 finished with value: 0.7410531668993959 and parameters: {'n_estimators': 817, 'min_samples_split': 0.20228700666214386, 'min_samples_leaf': 0.013018714225992451, 'min_weight_fraction_leaf': 0.04118035044114069, 'max_features': 0.7043613368866835, 'bootstrap': True, 'max_samples': 0.8891966336600489, 'oob_score': True}. Best is trial 88 with value: 0.7533408627023566.[0m
[32m[I 2022-04-13 15:05:41,274][0m Trial 138 finished with value: 0.7397962426523552 and parameters: {'n_estimators': 712, 'min_samples_split': 0.17474618119126972, 'min_samples_leaf': 0.04950328091669912, 'min_weight_fraction_leaf': 0.03002099908115876, 'max_features': 0.5869487834752536, 'bootstrap': True, 'max_samples': 0.9633791652367718, 'oob_score': True}. Best is trial 88 with value: 0.7533408627023566.[0m
[32m[I 2022-04-13 15:05:57,935][0m Trial 139 finished with value: 0.740696874883355 and parameters: {'n_estimators': 933, 'min_samples_split': 0.15720174062654543, 'min_samples_leaf': 0.07596319192410794, 'min_weight_fraction_leaf': 0.01191630605113433, 'max_features': 0.6059699395789648, 'bootstrap': True, 'max_samples': 0.7460423161206192, 'oob_score': True}. Best is trial 88 with value: 0.7533408627023566.[0m
[32m[I 2022-04-13 15:06:14,468][0m Trial 140 finished with value: 0.7390363769760964 and parameters: {'n_estimators': 879, 'min_samples_split': 0.19121080077514385, 'min_samples_leaf': 0.06497004623479544, 'min_weight_fraction_leaf': 0.05455348739651304, 'max_features': 0.5421053531990597, 'bootstrap': True, 'max_samples': 0.9150124245705903, 'oob_score': True}. Best is trial 88 with value: 0.7533408627023566.[0m
[32m[I 2022-04-13 15:06:23,146][0m Trial 141 finished with value: 0.6802529479670747 and parameters: {'n_estimators': 769, 'min_samples_split': 0.17160521967325387, 'min_samples_leaf': 0.20426086479919578, 'min_weight_fraction_leaf': 0.0015436310204088102, 'max_features': 0.7721901843236803, 'bootstrap': True, 'max_samples': 0.9781833199845833, 'oob_score': False}. Best is trial 88 with value: 0.7533408627023566.[0m
[32m[I 2022-04-13 15:06:38,129][0m Trial 142 finished with value: 0.7452889697788947 and parameters: {'n_estimators': 847, 'min_samples_split': 0.23009341689434337, 'min_samples_leaf': 0.04398960929820718, 'min_weight_fraction_leaf': 0.02214915310645757, 'max_features': 0.3625402893425748, 'bootstrap': True, 'max_samples': 0.6045641134234188, 'oob_score': True}. Best is trial 88 with value: 0.7533408627023566.[0m
[32m[I 2022-04-13 15:06:53,250][0m Trial 143 finished with value: 0.7439636935415433 and parameters: {'n_estimators': 842, 'min_samples_split': 0.23077680045858495, 'min_samples_leaf': 0.028630263218266776, 'min_weight_fraction_leaf': 0.019638921856625583, 'max_features': 0.32825341549117026, 'bootstrap': True, 'max_samples': 0.5950941537012131, 'oob_score': True}. Best is trial 88 with value: 0.7533408627023566.[0m
[32m[I 2022-04-13 15:07:09,373][0m Trial 144 finished with value: 0.7427997827697082 and parameters: {'n_estimators': 992, 'min_samples_split': 0.2561307679184631, 'min_samples_leaf': 0.040272856507538854, 'min_weight_fraction_leaf': 0.023152229388958445, 'max_features': 0.3274251554207749, 'bootstrap': True, 'max_samples': 0.6112037406410421, 'oob_score': True}. Best is trial 88 with value: 0.7533408627023566.[0m
[32m[I 2022-04-13 15:07:23,654][0m Trial 145 finished with value: 0.740326709485234 and parameters: {'n_estimators': 943, 'min_samples_split': 0.2698377584767799, 'min_samples_leaf': 0.04339161537093447, 'min_weight_fraction_leaf': 0.03880872950741351, 'max_features': 0.31929036384464105, 'bootstrap': True, 'max_samples': 0.597650762107437, 'oob_score': True}. Best is trial 88 with value: 0.7533408627023566.[0m
[32m[I 2022-04-13 15:07:35,807][0m Trial 146 finished with value: 0.7372904911358579 and parameters: {'n_estimators': 857, 'min_samples_split': 0.2491095691851645, 'min_samples_leaf': 0.055456232984958734, 'min_weight_fraction_leaf': 0.0254251259487723, 'max_features': 0.3498277302837524, 'bootstrap': True, 'max_samples': 0.6251855415182505, 'oob_score': True}. Best is trial 88 with value: 0.7533408627023566.[0m
[32m[I 2022-04-13 15:07:45,557][0m Trial 147 finished with value: 0.7412301682013441 and parameters: {'n_estimators': 899, 'min_samples_split': 0.2883446301619167, 'min_samples_leaf': 0.032637853383530153, 'min_weight_fraction_leaf': 0.06828354723017352, 'max_features': 0.3674233621280412, 'bootstrap': True, 'max_samples': 0.6087047911492433, 'oob_score': False}. Best is trial 88 with value: 0.7533408627023566.[0m
[32m[I 2022-04-13 15:07:59,528][0m Trial 148 finished with value: 0.7391058599747169 and parameters: {'n_estimators': 979, 'min_samples_split': 0.231486775514902, 'min_samples_leaf': 0.038801828107231644, 'min_weight_fraction_leaf': 0.04646191344178184, 'max_features': 0.40353502082304776, 'bootstrap': True, 'max_samples': 0.6413922587284981, 'oob_score': True}. Best is trial 88 with value: 0.7533408627023566.[0m
[32m[I 2022-04-13 15:08:10,672][0m Trial 149 finished with value: 0.7387661293659752 and parameters: {'n_estimators': 683, 'min_samples_split': 0.2573312953816659, 'min_samples_leaf': 0.013582486644171856, 'min_weight_fraction_leaf': 0.03318062908427166, 'max_features': 0.340499917926748, 'bootstrap': True, 'max_samples': 0.581939825852359, 'oob_score': True}. Best is trial 88 with value: 0.7533408627023566.[0m
[32m[I 2022-04-13 15:08:25,274][0m Trial 150 finished with value: 0.5 and parameters: {'n_estimators': 1000, 'min_samples_split': 0.2403608134228619, 'min_samples_leaf': 0.3692760488297526, 'min_weight_fraction_leaf': 0.018267342255722706, 'max_features': 0.3273730077269145, 'bootstrap': True, 'max_samples': 0.67167689126364, 'oob_score': True}. Best is trial 88 with value: 0.7533408627023566.[0m
[32m[I 2022-04-13 15:08:38,440][0m Trial 151 finished with value: 0.7405464773738013 and parameters: {'n_estimators': 789, 'min_samples_split': 0.22146281681788724, 'min_samples_leaf': 0.026785363833801465, 'min_weight_fraction_leaf': 0.022896461203686026, 'max_features': 0.37395818805347425, 'bootstrap': True, 'max_samples': 0.5360527135250087, 'oob_score': True}. Best is trial 88 with value: 0.7533408627023566.[0m
[32m[I 2022-04-13 15:08:49,315][0m Trial 152 finished with value: 0.7438332441501587 and parameters: {'n_estimators': 617, 'min_samples_split': 0.2217106989295651, 'min_samples_leaf': 0.04825714545394499, 'min_weight_fraction_leaf': 0.009117683813584843, 'max_features': 0.30431004598158906, 'bootstrap': True, 'max_samples': 0.6178087318936935, 'oob_score': True}. Best is trial 88 with value: 0.7533408627023566.[0m
[32m[I 2022-04-13 15:08:59,031][0m Trial 153 finished with value: 0.7398843355047744 and parameters: {'n_estimators': 634, 'min_samples_split': 0.23092786656560493, 'min_samples_leaf': 0.04823397909536092, 'min_weight_fraction_leaf': 0.0017699602837114928, 'max_features': 0.3018067368099677, 'bootstrap': True, 'max_samples': 0.6087339670146247, 'oob_score': True}. Best is trial 88 with value: 0.7533408627023566.[0m
[32m[I 2022-04-13 15:09:08,325][0m Trial 154 finished with value: 0.7357386388730939 and parameters: {'n_estimators': 605, 'min_samples_split': 0.26945827021284396, 'min_samples_leaf': 0.06836982727757089, 'min_weight_fraction_leaf': 0.031291067338564606, 'max_features': 0.2682394273138311, 'bootstrap': True, 'max_samples': 0.5687837341640658, 'oob_score': True}. Best is trial 88 with value: 0.7533408627023566.[0m
[32m[I 2022-04-13 15:09:16,348][0m Trial 155 finished with value: 0.7435793101619329 and parameters: {'n_estimators': 579, 'min_samples_split': 0.24987386135843037, 'min_samples_leaf': 0.056838142479341505, 'min_weight_fraction_leaf': 0.042217095154011425, 'max_features': 0.35458759580301036, 'bootstrap': True, 'max_samples': 0.486886145038009, 'oob_score': True}. Best is trial 88 with value: 0.7533408627023566.[0m
[32m[I 2022-04-13 15:09:24,072][0m Trial 156 finished with value: 0.7456781375215092 and parameters: {'n_estimators': 588, 'min_samples_split': 0.2186574957873384, 'min_samples_leaf': 0.05544742853811499, 'min_weight_fraction_leaf': 0.05702596937774175, 'max_features': 0.3552692548971109, 'bootstrap': True, 'max_samples': 0.4880267771154212, 'oob_score': False}. Best is trial 88 with value: 0.7533408627023566.[0m
[32m[I 2022-04-13 15:09:31,691][0m Trial 157 finished with value: 0.731108021015688 and parameters: {'n_estimators': 619, 'min_samples_split': 0.21718695943552274, 'min_samples_leaf': 0.07684537907618952, 'min_weight_fraction_leaf': 0.05417058085645659, 'max_features': 0.3908453379722989, 'bootstrap': True, 'max_samples': 0.5068761246187768, 'oob_score': False}. Best is trial 88 with value: 0.7533408627023566.[0m
[32m[I 2022-04-13 15:09:41,318][0m Trial 158 finished with value: 0.7406352589940309 and parameters: {'n_estimators': 738, 'min_samples_split': 0.2079975694545072, 'min_samples_leaf': 0.032016781819050454, 'min_weight_fraction_leaf': 0.03799074493134295, 'max_features': 0.41151516838091895, 'bootstrap': True, 'max_samples': 0.5529492594163502, 'oob_score': False}. Best is trial 88 with value: 0.7533408627023566.[0m
[32m[I 2022-04-13 15:09:50,030][0m Trial 159 finished with value: 0.7447761951154671 and parameters: {'n_estimators': 653, 'min_samples_split': 0.2197428614825796, 'min_samples_leaf': 0.015679843521339748, 'min_weight_fraction_leaf': 0.0002902198765501775, 'max_features': 0.35820623083880043, 'bootstrap': True, 'max_samples': 0.5894359835519329, 'oob_score': False}. Best is trial 88 with value: 0.7533408627023566.[0m
[32m[I 2022-04-13 15:09:58,573][0m Trial 160 finished with value: 0.7391277270235139 and parameters: {'n_estimators': 695, 'min_samples_split': 0.23979151819641614, 'min_samples_leaf': 0.008040058195049332, 'min_weight_fraction_leaf': 0.07151552157412933, 'max_features': 0.3713228159788983, 'bootstrap': True, 'max_samples': 0.5266814885692487, 'oob_score': False}. Best is trial 88 with value: 0.7533408627023566.[0m
[32m[I 2022-04-13 15:10:07,844][0m Trial 161 finished with value: 0.7415203536895081 and parameters: {'n_estimators': 655, 'min_samples_split': 0.21676238644461499, 'min_samples_leaf': 0.018029740730799576, 'min_weight_fraction_leaf': 0.0002083559122080249, 'max_features': 0.2881476517616187, 'bootstrap': True, 'max_samples': 0.6482194132506027, 'oob_score': False}. Best is trial 88 with value: 0.7533408627023566.[0m
[32m[I 2022-04-13 15:10:16,248][0m Trial 162 finished with value: 0.7460224642336224 and parameters: {'n_estimators': 583, 'min_samples_split': 0.19880874852939634, 'min_samples_leaf': 0.04867764252289393, 'min_weight_fraction_leaf': 0.011293085701753029, 'max_features': 0.3534006197600811, 'bootstrap': True, 'max_samples': 0.5807004804148239, 'oob_score': False}. Best is trial 88 with value: 0.7533408627023566.[0m
[32m[I 2022-04-13 15:10:24,327][0m Trial 163 finished with value: 0.7435381750764829 and parameters: {'n_estimators': 566, 'min_samples_split': 0.20260268759171987, 'min_samples_leaf': 0.030599960063588706, 'min_weight_fraction_leaf': 0.021381015061882683, 'max_features': 0.3960876621253204, 'bootstrap': True, 'max_samples': 0.587081552411155, 'oob_score': False}. Best is trial 88 with value: 0.7533408627023566.[0m
[32m[I 2022-04-13 15:10:32,079][0m Trial 164 finished with value: 0.7422824510318264 and parameters: {'n_estimators': 731, 'min_samples_split': 0.19342603915825, 'min_samples_leaf': 0.014225621362673288, 'min_weight_fraction_leaf': 0.015979337356054137, 'max_features': 0.3546878500807027, 'bootstrap': True, 'max_samples': 0.4232255610198671, 'oob_score': False}. Best is trial 88 with value: 0.7533408627023566.[0m
[32m[I 2022-04-13 15:10:42,259][0m Trial 165 finished with value: 0.7369966943962386 and parameters: {'n_estimators': 772, 'min_samples_split': 0.18417242505128262, 'min_samples_leaf': 0.059745632112481, 'min_weight_fraction_leaf': 0.030875697043415196, 'max_features': 0.37909082621654194, 'bootstrap': True, 'max_samples': 0.5472011199743826, 'oob_score': False}. Best is trial 88 with value: 0.7533408627023566.[0m
[32m[I 2022-04-13 15:10:49,844][0m Trial 166 finished with value: 0.7393075161392425 and parameters: {'n_estimators': 645, 'min_samples_split': 0.19941765644564738, 'min_samples_leaf': 0.04283206603965039, 'min_weight_fraction_leaf': 0.05127461552300596, 'max_features': 0.4218168804604414, 'bootstrap': True, 'max_samples': 0.4912937219953106, 'oob_score': False}. Best is trial 88 with value: 0.7533408627023566.[0m
[32m[I 2022-04-13 15:10:57,346][0m Trial 167 finished with value: 0.7440635109604857 and parameters: {'n_estimators': 583, 'min_samples_split': 0.22801857066061765, 'min_samples_leaf': 0.023584051999696945, 'min_weight_fraction_leaf': 0.0107528441339289, 'max_features': 0.32816133771926437, 'bootstrap': True, 'max_samples': 0.5772720228038647, 'oob_score': False}. Best is trial 88 with value: 0.7533408627023566.[0m
[32m[I 2022-04-13 15:11:04,797][0m Trial 168 finished with value: 0.6576609215413931 and parameters: {'n_estimators': 581, 'min_samples_split': 0.22965630851647156, 'min_samples_leaf': 0.0014593225370239556, 'min_weight_fraction_leaf': 0.23228309924584412, 'max_features': 0.341852633495674, 'bootstrap': True, 'max_samples': 0.5714150971129599, 'oob_score': False}. Best is trial 88 with value: 0.7533408627023566.[0m
[32m[I 2022-04-13 15:11:16,272][0m Trial 169 finished with value: 0.7173597233270386 and parameters: {'n_estimators': 686, 'min_samples_split': 0.2104493184143997, 'min_samples_leaf': 0.032040649361806804, 'min_weight_fraction_leaf': 0.043720472271182864, 'max_features': 0.3243504751037204, 'bootstrap': False, 'max_samples': 0.5169414907739216}. Best is trial 88 with value: 0.7533408627023566.[0m
[32m[I 2022-04-13 15:11:24,617][0m Trial 170 finished with value: 0.7477969724805884 and parameters: {'n_estimators': 600, 'min_samples_split': 0.22880211148639618, 'min_samples_leaf': 0.021765822091347718, 'min_weight_fraction_leaf': 0.01666547934667631, 'max_features': 0.3547060845457113, 'bootstrap': True, 'max_samples': 0.5886360331841967, 'oob_score': False}. Best is trial 88 with value: 0.7533408627023566.[0m
[32m[I 2022-04-13 15:11:31,765][0m Trial 171 finished with value: 0.7426434231963557 and parameters: {'n_estimators': 513, 'min_samples_split': 0.24282390321505296, 'min_samples_leaf': 0.018268157747137772, 'min_weight_fraction_leaf': 0.018752647772232366, 'max_features': 0.3574372058036898, 'bootstrap': True, 'max_samples': 0.5892149544554544, 'oob_score': False}. Best is trial 88 with value: 0.7533408627023566.[0m
[32m[I 2022-04-13 15:11:39,486][0m Trial 172 finished with value: 0.7419590251604454 and parameters: {'n_estimators': 587, 'min_samples_split': 0.22655591248938267, 'min_samples_leaf': 0.023922568821377565, 'min_weight_fraction_leaf': 0.02996513061744234, 'max_features': 0.3691805863783091, 'bootstrap': True, 'max_samples': 0.5374364685344498, 'oob_score': False}. Best is trial 88 with value: 0.7533408627023566.[0m
[32m[I 2022-04-13 15:11:49,176][0m Trial 173 finished with value: 0.74521044178249 and parameters: {'n_estimators': 617, 'min_samples_split': 0.21516234114856814, 'min_samples_leaf': 0.009043611898823169, 'min_weight_fraction_leaf': 0.013541008902117862, 'max_features': 0.391880479238542, 'bootstrap': True, 'max_samples': 0.575923050066127, 'oob_score': False}. Best is trial 88 with value: 0.7533408627023566.[0m
[32m[I 2022-04-13 15:11:58,798][0m Trial 174 finished with value: 0.7399337726542139 and parameters: {'n_estimators': 611, 'min_samples_split': 0.2114241531312325, 'min_samples_leaf': 0.009280187521219653, 'min_weight_fraction_leaf': 0.007979843549686227, 'max_features': 0.40099216463442094, 'bootstrap': True, 'max_samples': 0.5563430426939977, 'oob_score': False}. Best is trial 88 with value: 0.7533408627023566.[0m
[32m[I 2022-04-13 15:12:13,189][0m Trial 175 finished with value: 0.7414657304680172 and parameters: {'n_estimators': 563, 'min_samples_split': 0.18202229801222333, 'min_samples_leaf': 0.011616518300414696, 'min_weight_fraction_leaf': 0.000183196784488842, 'max_features': 0.4314763213705841, 'bootstrap': False, 'max_samples': 0.4558626516300321}. Best is trial 88 with value: 0.7533408627023566.[0m
[32m[I 2022-04-13 15:12:22,479][0m Trial 176 finished with value: 0.7408562771928664 and parameters: {'n_estimators': 648, 'min_samples_split': 0.1939603565970114, 'min_samples_leaf': 0.03863211272109076, 'min_weight_fraction_leaf': 0.03691552775945881, 'max_features': 0.3852584866861748, 'bootstrap': True, 'max_samples': 0.5782408395147205, 'oob_score': False}. Best is trial 88 with value: 0.7533408627023566.[0m
[32m[I 2022-04-13 15:12:30,310][0m Trial 177 finished with value: 0.7378983698544986 and parameters: {'n_estimators': 538, 'min_samples_split': 0.21979393639897782, 'min_samples_leaf': 0.022641766969848254, 'min_weight_fraction_leaf': 0.011374904642710763, 'max_features': 0.40710810203676495, 'bootstrap': True, 'max_samples': 0.47893140467022877, 'oob_score': False}. Best is trial 88 with value: 0.7533408627023566.[0m
[32m[I 2022-04-13 15:12:36,034][0m Trial 178 finished with value: 0.6688007609644722 and parameters: {'n_estimators': 596, 'min_samples_split': 0.20348427172330938, 'min_samples_leaf': 0.2828820214762606, 'min_weight_fraction_leaf': 0.028113601622763176, 'max_features': 0.35149386629844026, 'bootstrap': False, 'max_samples': 0.5248298115340645}. Best is trial 88 with value: 0.7533408627023566.[0m
[32m[I 2022-04-13 15:12:44,004][0m Trial 179 finished with value: 0.744454928175343 and parameters: {'n_estimators': 627, 'min_samples_split': 0.17793165832261273, 'min_samples_leaf': 0.046769954675947446, 'min_weight_fraction_leaf': 0.015237336905858984, 'max_features': 0.38286893830389557, 'bootstrap': True, 'max_samples': 0.6276276998715505, 'oob_score': False}. Best is trial 88 with value: 0.7533408627023566.[0m
[32m[I 2022-04-13 15:12:50,809][0m Trial 180 finished with value: 0.5691154857786918 and parameters: {'n_estimators': 715, 'min_samples_split': 0.14413897866733053, 'min_samples_leaf': 0.4030180311021667, 'min_weight_fraction_leaf': 0.05764258895710408, 'max_features': 0.3819929292127842, 'bootstrap': False, 'max_samples': 0.49977188300168357}. Best is trial 88 with value: 0.7533408627023566.[0m
[32m[I 2022-04-13 15:12:59,304][0m Trial 181 finished with value: 0.7360404161671021 and parameters: {'n_estimators': 629, 'min_samples_split': 0.17467062690428678, 'min_samples_leaf': 0.04838577132368222, 'min_weight_fraction_leaf': 0.018459318050739172, 'max_features': 0.36430822627494874, 'bootstrap': True, 'max_samples': 0.6334890702583518, 'oob_score': False}. Best is trial 88 with value: 0.7533408627023566.[0m
[32m[I 2022-04-13 15:13:08,364][0m Trial 182 finished with value: 0.743496134253108 and parameters: {'n_estimators': 660, 'min_samples_split': 0.18555508062958795, 'min_samples_leaf': 0.0368410758514633, 'min_weight_fraction_leaf': 0.00023698463658424623, 'max_features': 0.3141681964447063, 'bootstrap': True, 'max_samples': 0.666304377467261, 'oob_score': False}. Best is trial 88 with value: 0.7533408627023566.[0m
[32m[I 2022-04-13 15:13:15,591][0m Trial 183 finished with value: 0.7434509531120256 and parameters: {'n_estimators': 553, 'min_samples_split': 0.17456552875282566, 'min_samples_leaf': 0.02009772504510676, 'min_weight_fraction_leaf': 0.013306048218048386, 'max_features': 0.3411066734299764, 'bootstrap': True, 'max_samples': 0.5678336165560725, 'oob_score': False}. Best is trial 88 with value: 0.7533408627023566.[0m
[32m[I 2022-04-13 15:13:25,022][0m Trial 184 finished with value: 0.745094383254766 and parameters: {'n_estimators': 605, 'min_samples_split': 0.19914210132005614, 'min_samples_leaf': 0.009127308443949989, 'min_weight_fraction_leaf': 0.02750042843649403, 'max_features': 0.42636035965874625, 'bootstrap': True, 'max_samples': 0.6289595755573846, 'oob_score': False}. Best is trial 88 with value: 0.7533408627023566.[0m
