[32m[I 2022-04-13 16:04:43,454][0m Trial 509 finished with value: 0.7392751868297784 and parameters: {'n_estimators': 538, 'min_samples_split': 0.17810758317631128, 'min_samples_leaf': 0.028118508501375067, 'min_weight_fraction_leaf': 0.06709259760001643, 'max_features': 0.5127399056989278, 'bootstrap': False, 'max_samples': 0.7869858541275562}. Best is trial 88 with value: 0.7533408627023566.[0m
[32m[I 2022-04-13 16:04:49,470][0m Trial 510 finished with value: 0.7490569818135071 and parameters: {'n_estimators': 286, 'min_samples_split': 0.18767401023060828, 'min_samples_leaf': 0.04666648837790084, 'min_weight_fraction_leaf': 0.05618352768317873, 'max_features': 0.6212396856621345, 'bootstrap': False, 'max_samples': 0.8553049173910722}. Best is trial 88 with value: 0.7533408627023566.[0m
[32m[I 2022-04-13 16:05:00,211][0m Trial 511 finished with value: 0.7384477193626999 and parameters: {'n_estimators': 488, 'min_samples_split': 0.060717365502342274, 'min_samples_leaf': 0.061602130068731366, 'min_weight_fraction_leaf': 0.03444027523239536, 'max_features': 0.5810421501380397, 'bootstrap': False, 'max_samples': 0.8060348217749512}. Best is trial 88 with value: 0.7533408627023566.[0m
[32m[I 2022-04-13 16:05:05,986][0m Trial 512 finished with value: 0.6723182311432545 and parameters: {'n_estimators': 578, 'min_samples_split': 0.40956636073501307, 'min_samples_leaf': 0.2779556629085653, 'min_weight_fraction_leaf': 0.046319653587952904, 'max_features': 0.595313909803197, 'bootstrap': False, 'max_samples': 0.773773857465803}. Best is trial 88 with value: 0.7533408627023566.[0m
[32m[I 2022-04-13 16:05:18,141][0m Trial 513 finished with value: 0.7486603996401526 and parameters: {'n_estimators': 563, 'min_samples_split': 0.22615012238151594, 'min_samples_leaf': 0.03781521111989852, 'min_weight_fraction_leaf': 0.018266913257319693, 'max_features': 0.5593621176646191, 'bootstrap': False, 'max_samples': 0.8713411213547135}. Best is trial 88 with value: 0.7533408627023566.[0m
[32m[I 2022-04-13 16:05:32,070][0m Trial 514 finished with value: 0.7065774888276879 and parameters: {'n_estimators': 510, 'min_samples_split': 0.1481127236599407, 'min_samples_leaf': 0.05451206808441715, 'min_weight_fraction_leaf': 0.07426259232783199, 'max_features': 0.9754058453456664, 'bootstrap': False, 'max_samples': 0.7288921439930771}. Best is trial 88 with value: 0.7533408627023566.[0m
[32m[I 2022-04-13 16:05:37,702][0m Trial 515 finished with value: 0.7242405451207197 and parameters: {'n_estimators': 226, 'min_samples_split': 0.17050643193971793, 'min_samples_leaf': 0.06639087598271812, 'min_weight_fraction_leaf': 0.03629245885510342, 'max_features': 0.6492771598484732, 'bootstrap': False, 'max_samples': 0.7524981786279439}. Best is trial 88 with value: 0.7533408627023566.[0m
[32m[I 2022-04-13 16:05:48,918][0m Trial 516 finished with value: 0.745842758985695 and parameters: {'n_estimators': 525, 'min_samples_split': 0.20239205634776355, 'min_samples_leaf': 0.019036254238719377, 'min_weight_fraction_leaf': 0.0592797627304216, 'max_features': 0.5343922950405464, 'bootstrap': False, 'max_samples': 0.70202617478001}. Best is trial 88 with value: 0.7533408627023566.[0m
[32m[I 2022-04-13 16:05:56,732][0m Trial 517 finished with value: 0.6864420757690901 and parameters: {'n_estimators': 588, 'min_samples_split': 0.18978666494738716, 'min_samples_leaf': 0.04509246708878637, 'min_weight_fraction_leaf': 0.23973350798103327, 'max_features': 0.582987082542943, 'bootstrap': False, 'max_samples': 0.7952020796991892}. Best is trial 88 with value: 0.7533408627023566.[0m
[32m[I 2022-04-13 16:06:08,356][0m Trial 518 finished with value: 0.745883205125419 and parameters: {'n_estimators': 554, 'min_samples_split': 0.1803797367088152, 'min_samples_leaf': 0.05375100006931885, 'min_weight_fraction_leaf': 0.007265455633562734, 'max_features': 0.5629472240668687, 'bootstrap': False, 'max_samples': 0.7781651633276808}. Best is trial 88 with value: 0.7533408627023566.[0m
[32m[I 2022-04-13 16:06:18,294][0m Trial 519 finished with value: 0.7437880833285293 and parameters: {'n_estimators': 492, 'min_samples_split': 0.2114715429357915, 'min_samples_leaf': 0.027107067039428803, 'min_weight_fraction_leaf': 0.045662518138294424, 'max_features': 0.5059109279496993, 'bootstrap': False, 'max_samples': 0.7332867078385532}. Best is trial 88 with value: 0.7533408627023566.[0m
[32m[I 2022-04-13 16:06:26,147][0m Trial 520 finished with value: 0.6788714085304927 and parameters: {'n_estimators': 745, 'min_samples_split': 0.1944063453150622, 'min_samples_leaf': 0.2988210286144058, 'min_weight_fraction_leaf': 0.027054130925020077, 'max_features': 0.5270310395880939, 'bootstrap': False, 'max_samples': 0.7537504620271569}. Best is trial 88 with value: 0.7533408627023566.[0m
[32m[I 2022-04-13 16:06:38,243][0m Trial 521 finished with value: 0.7502455519669878 and parameters: {'n_estimators': 557, 'min_samples_split': 0.2029335896281193, 'min_samples_leaf': 0.039061503670026365, 'min_weight_fraction_leaf': 0.04872699466189199, 'max_features': 0.6118811866247931, 'bootstrap': False, 'max_samples': 0.6604789237551792}. Best is trial 88 with value: 0.7533408627023566.[0m
[32m[I 2022-04-13 16:06:48,449][0m Trial 522 finished with value: 0.7370960367983643 and parameters: {'n_estimators': 457, 'min_samples_split': 0.21872676551193912, 'min_samples_leaf': 0.012032813037983585, 'min_weight_fraction_leaf': 0.0681984067233476, 'max_features': 0.588146338441038, 'bootstrap': False, 'max_samples': 0.6928743251799039}. Best is trial 88 with value: 0.7533408627023566.[0m
[32m[I 2022-04-13 16:06:55,812][0m Trial 523 finished with value: 0.6737568330302841 and parameters: {'n_estimators': 531, 'min_samples_split': 0.15818753301731583, 'min_samples_leaf': 0.07688362782634042, 'min_weight_fraction_leaf': 0.30213562192426013, 'max_features': 0.6304933512680753, 'bootstrap': False, 'max_samples': 0.8344744855869268}. Best is trial 88 with value: 0.7533408627023566.[0m
[32m[I 2022-04-13 16:07:02,902][0m Trial 524 finished with value: 0.7465346992385081 and parameters: {'n_estimators': 298, 'min_samples_split': 0.19528757559593776, 'min_samples_leaf': 0.035653211156114153, 'min_weight_fraction_leaf': 0.05707930867880509, 'max_features': 0.548493025676089, 'bootstrap': False, 'max_samples': 0.7120505457466317}. Best is trial 88 with value: 0.7533408627023566.[0m
[32m[I 2022-04-13 16:07:08,870][0m Trial 525 finished with value: 0.7440027974302478 and parameters: {'n_estimators': 316, 'min_samples_split': 0.1742507846897578, 'min_samples_leaf': 0.045894658193344345, 'min_weight_fraction_leaf': 0.0370512072861609, 'max_features': 0.49042972291432513, 'bootstrap': False, 'max_samples': 0.7480954352952839}. Best is trial 88 with value: 0.7533408627023566.[0m
[32m[I 2022-04-13 16:07:15,696][0m Trial 526 finished with value: 0.5691154857786918 and parameters: {'n_estimators': 600, 'min_samples_split': 0.18355118228868778, 'min_samples_leaf': 0.060695010245195656, 'min_weight_fraction_leaf': 0.3988967610844234, 'max_features': 0.565217654845748, 'bootstrap': False, 'max_samples': 0.722457128992042}. Best is trial 88 with value: 0.7533408627023566.[0m
[32m[I 2022-04-13 16:07:25,840][0m Trial 527 finished with value: 0.7464511217394015 and parameters: {'n_estimators': 475, 'min_samples_split': 0.23216509987982734, 'min_samples_leaf': 0.02216357104202161, 'min_weight_fraction_leaf': 0.026471721156002243, 'max_features': 0.5699486399770338, 'bootstrap': False, 'max_samples': 0.6426744433035445}. Best is trial 88 with value: 0.7533408627023566.[0m
[32m[I 2022-04-13 16:07:31,659][0m Trial 528 finished with value: 0.743986546076953 and parameters: {'n_estimators': 268, 'min_samples_split': 0.20877618362697634, 'min_samples_leaf': 0.04364086456684617, 'min_weight_fraction_leaf': 0.044117226513337694, 'max_features': 0.6044463616628747, 'bootstrap': False, 'max_samples': 0.8194898790104829}. Best is trial 88 with value: 0.7533408627023566.[0m
[32m[I 2022-04-13 16:07:42,897][0m Trial 529 finished with value: 0.7476892165615654 and parameters: {'n_estimators': 620, 'min_samples_split': 0.18719491362205093, 'min_samples_leaf': 0.05414487387463049, 'min_weight_fraction_leaf': 0.01643797016545325, 'max_features': 0.550557084370791, 'bootstrap': False, 'max_samples': 0.7766698303334694}. Best is trial 88 with value: 0.7533408627023566.[0m
[32m[I 2022-04-13 16:07:50,614][0m Trial 530 finished with value: 0.7287443928697191 and parameters: {'n_estimators': 573, 'min_samples_split': 0.16941010026211673, 'min_samples_leaf': 0.029557318726997843, 'min_weight_fraction_leaf': 0.15419098806343498, 'max_features': 0.4523484682963319, 'bootstrap': False, 'max_samples': 0.7469277866867603}. Best is trial 88 with value: 0.7533408627023566.[0m
[32m[I 2022-04-13 16:08:02,658][0m Trial 531 finished with value: 0.7499899117834283 and parameters: {'n_estimators': 506, 'min_samples_split': 0.20024605301104387, 'min_samples_leaf': 0.007597860198430239, 'min_weight_fraction_leaf': 0.031334198043850785, 'max_features': 0.5255280307595591, 'bootstrap': False, 'max_samples': 0.6755692407726345}. Best is trial 88 with value: 0.7533408627023566.[0m
[32m[I 2022-04-13 16:08:13,082][0m Trial 532 finished with value: 0.7325326007483509 and parameters: {'n_estimators': 547, 'min_samples_split': 0.19401972327906755, 'min_samples_leaf': 0.036879644242386114, 'min_weight_fraction_leaf': 0.08004808505831335, 'max_features': 0.5068511846106817, 'bootstrap': False, 'max_samples': 0.6991400514019922}. Best is trial 88 with value: 0.7533408627023566.[0m
[32m[I 2022-04-13 16:08:24,488][0m Trial 533 finished with value: 0.745883205125419 and parameters: {'n_estimators': 525, 'min_samples_split': 0.18105655049984398, 'min_samples_leaf': 0.023604551099530954, 'min_weight_fraction_leaf': 0.05557947424263973, 'max_features': 0.5362776132217472, 'bootstrap': False, 'max_samples': 0.7230638396457714}. Best is trial 88 with value: 0.7533408627023566.[0m
[32m[I 2022-04-13 16:08:37,767][0m Trial 534 finished with value: 0.7369350795014606 and parameters: {'n_estimators': 648, 'min_samples_split': 0.024505548026518137, 'min_samples_leaf': 0.06957577450326854, 'min_weight_fraction_leaf': 0.06475234080584562, 'max_features': 0.5897877098050109, 'bootstrap': False, 'max_samples': 0.676794949006881}. Best is trial 88 with value: 0.7533408627023566.[0m
[32m[I 2022-04-13 16:08:47,962][0m Trial 535 finished with value: 0.7296299389633049 and parameters: {'n_estimators': 563, 'min_samples_split': 0.16412344714013968, 'min_samples_leaf': 0.09028853846156967, 'min_weight_fraction_leaf': 0.04443072731708181, 'max_features': 0.5765736549631534, 'bootstrap': False, 'max_samples': 0.7693523086103343}. Best is trial 88 with value: 0.7533408627023566.[0m
[32m[I 2022-04-13 16:08:54,139][0m Trial 536 finished with value: 0.7410592789691666 and parameters: {'n_estimators': 281, 'min_samples_split': 0.21571011051459915, 'min_samples_leaf': 0.0422369239798116, 'min_weight_fraction_leaf': 0.03721550018891709, 'max_features': 0.5603713811401961, 'bootstrap': False, 'max_samples': 0.6240875459706939}. Best is trial 88 with value: 0.7533408627023566.[0m
[32m[I 2022-04-13 16:09:05,274][0m Trial 537 finished with value: 0.738248035755716 and parameters: {'n_estimators': 497, 'min_samples_split': 0.1395176449583152, 'min_samples_leaf': 0.0520621419384851, 'min_weight_fraction_leaf': 0.051551942530591185, 'max_features': 0.6169420832533584, 'bootstrap': False, 'max_samples': 0.7093943459515888}. Best is trial 88 with value: 0.7533408627023566.[0m
[32m[I 2022-04-13 16:09:17,360][0m Trial 538 finished with value: 0.745883205125419 and parameters: {'n_estimators': 587, 'min_samples_split': 0.17468677212122238, 'min_samples_leaf': 0.059654218820415564, 'min_weight_fraction_leaf': 0.029907355546747248, 'max_features': 0.5870178364861385, 'bootstrap': False, 'max_samples': 0.7881044711238921}. Best is trial 88 with value: 0.7533408627023566.[0m
[32m[I 2022-04-13 16:09:23,362][0m Trial 539 finished with value: 0.7477112798222747 and parameters: {'n_estimators': 306, 'min_samples_split': 0.2674216673173695, 'min_samples_leaf': 0.03142342800003748, 'min_weight_fraction_leaf': 0.03996873060959781, 'max_features': 0.5490234320599376, 'bootstrap': False, 'max_samples': 0.7394062464254296}. Best is trial 88 with value: 0.7533408627023566.[0m
[32m[I 2022-04-13 16:09:33,964][0m Trial 540 finished with value: 0.7452251452281468 and parameters: {'n_estimators': 531, 'min_samples_split': 0.18841945427815907, 'min_samples_leaf': 0.01333881569285485, 'min_weight_fraction_leaf': 0.058006002170824536, 'max_features': 0.4789307575571901, 'bootstrap': False, 'max_samples': 0.7231969484431858}. Best is trial 88 with value: 0.7533408627023566.[0m
[32m[I 2022-04-13 16:09:41,646][0m Trial 541 finished with value: 0.7473501483448997 and parameters: {'n_estimators': 333, 'min_samples_split': 0.15535309447813306, 'min_samples_leaf': 0.04744522215634744, 'min_weight_fraction_leaf': 0.022650693962051188, 'max_features': 0.5248260609883785, 'bootstrap': False, 'max_samples': 0.7600430839451721}. Best is trial 88 with value: 0.7533408627023566.[0m
[32m[I 2022-04-13 16:09:50,098][0m Trial 542 finished with value: 0.7415046651607321 and parameters: {'n_estimators': 443, 'min_samples_split': 0.2070804346807738, 'min_samples_leaf': 0.06776256790038711, 'min_weight_fraction_leaf': 0.04866714292335763, 'max_features': 0.6077593589926505, 'bootstrap': False, 'max_samples': 0.6910909791561394}. Best is trial 88 with value: 0.7533408627023566.[0m
[32m[I 2022-04-13 16:09:53,272][0m Trial 543 finished with value: 0.7365659032089339 and parameters: {'n_estimators': 107, 'min_samples_split': 0.19500196598266972, 'min_samples_leaf': 0.03562478626065363, 'min_weight_fraction_leaf': 0.06937633789720793, 'max_features': 0.5692668831052364, 'bootstrap': False, 'max_samples': 0.2746880649576763}. Best is trial 88 with value: 0.7533408627023566.[0m
[32m[I 2022-04-13 16:10:03,090][0m Trial 544 finished with value: 0.745883205125419 and parameters: {'n_estimators': 477, 'min_samples_split': 0.1829943631628296, 'min_samples_leaf': 0.023772110530174126, 'min_weight_fraction_leaf': 0.06022139809089321, 'max_features': 0.5088693987804415, 'bootstrap': False, 'max_samples': 0.7901969922021034}. Best is trial 88 with value: 0.7533408627023566.[0m
[32m[I 2022-04-13 16:10:19,204][0m Trial 545 finished with value: 0.7428746297305042 and parameters: {'n_estimators': 680, 'min_samples_split': 0.16906422375912808, 'min_samples_leaf': 0.04931634416207136, 'min_weight_fraction_leaf': 0.036077155283649444, 'max_features': 0.6344607081269131, 'bootstrap': False, 'max_samples': 0.7454368282826225}. Best is trial 88 with value: 0.7533408627023566.[0m
[32m[I 2022-04-13 16:10:29,978][0m Trial 546 finished with value: 0.7477953846249701 and parameters: {'n_estimators': 507, 'min_samples_split': 0.20409832950072326, 'min_samples_leaf': 0.039275045065895145, 'min_weight_fraction_leaf': 0.050185524989924464, 'max_features': 0.5435788199963795, 'bootstrap': False, 'max_samples': 0.6661931281318731}. Best is trial 88 with value: 0.7533408627023566.[0m
[32m[I 2022-04-13 16:10:35,607][0m Trial 547 finished with value: 0.7437805317189379 and parameters: {'n_estimators': 243, 'min_samples_split': 0.1944905754544567, 'min_samples_leaf': 0.05647528535611045, 'min_weight_fraction_leaf': 0.012133561592907662, 'max_features': 0.5948226122337181, 'bootstrap': False, 'max_samples': 0.808497822741967}. Best is trial 88 with value: 0.7533408627023566.[0m
[32m[I 2022-04-13 16:10:48,082][0m Trial 548 finished with value: 0.7457177729797955 and parameters: {'n_estimators': 547, 'min_samples_split': 0.21739554675714545, 'min_samples_leaf': 0.028791854402040025, 'min_weight_fraction_leaf': 0.025833454706662186, 'max_features': 0.5650033236032629, 'bootstrap': False, 'max_samples': 0.7027803745225243}. Best is trial 88 with value: 0.7533408627023566.[0m
[32m[I 2022-04-13 16:10:55,521][0m Trial 549 finished with value: 0.7308613435462139 and parameters: {'n_estimators': 291, 'min_samples_split': 0.18006368328994096, 'min_samples_leaf': 0.0014327384817694223, 'min_weight_fraction_leaf': 0.08799413673613146, 'max_features': 0.5264584118819953, 'bootstrap': False, 'max_samples': 0.003354632519795453}. Best is trial 88 with value: 0.7533408627023566.[0m
[32m[I 2022-04-13 16:11:06,962][0m Trial 550 finished with value: 0.7497260684956073 and parameters: {'n_estimators': 603, 'min_samples_split': 0.19018160729198189, 'min_samples_leaf': 0.04601609887960868, 'min_weight_fraction_leaf': 0.043256133212374745, 'max_features': 0.5788205005998227, 'bootstrap': False, 'max_samples': 0.7690207553336864}. Best is trial 88 with value: 0.7533408627023566.[0m
[32m[I 2022-04-13 16:11:22,601][0m Trial 551 finished with value: 0.7446628465419914 and parameters: {'n_estimators': 803, 'min_samples_split': 0.17421078916248897, 'min_samples_leaf': 0.06279783222978341, 'min_weight_fraction_leaf': 0.03557095626065275, 'max_features': 0.551177941945529, 'bootstrap': False, 'max_samples': 0.7344720154414562}. Best is trial 88 with value: 0.7533408627023566.[0m
[32m[I 2022-04-13 16:11:34,301][0m Trial 552 finished with value: 0.7377594782786717 and parameters: {'n_estimators': 524, 'min_samples_split': 0.1625788805179867, 'min_samples_leaf': 0.051341597799915845, 'min_weight_fraction_leaf': 0.06925517420683197, 'max_features': 0.6079471397068548, 'bootstrap': False, 'max_samples': 0.7281643037813367}. Best is trial 88 with value: 0.7533408627023566.[0m
[32m[I 2022-04-13 16:11:46,070][0m Trial 553 finished with value: 0.745842758985695 and parameters: {'n_estimators': 544, 'min_samples_split': 0.205428336729254, 'min_samples_leaf': 0.019803036537466647, 'min_weight_fraction_leaf': 0.05440912654492388, 'max_features': 0.5592374778495693, 'bootstrap': False, 'max_samples': 0.3963072054993312}. Best is trial 88 with value: 0.7533408627023566.[0m
[32m[I 2022-04-13 16:11:57,445][0m Trial 554 finished with value: 0.7270207295698092 and parameters: {'n_estimators': 496, 'min_samples_split': 0.19767771983632898, 'min_samples_leaf': 0.03475515537959657, 'min_weight_fraction_leaf': 0.0636483947331152, 'max_features': 0.6657743995196923, 'bootstrap': False, 'max_samples': 0.6960812862161445}. Best is trial 88 with value: 0.7533408627023566.[0m
[32m[I 2022-04-13 16:12:09,911][0m Trial 555 finished with value: 0.7489549232611171 and parameters: {'n_estimators': 569, 'min_samples_split': 0.1837918882861702, 'min_samples_leaf': 0.04110036759042954, 'min_weight_fraction_leaf': 0.04672973563220372, 'max_features': 0.5043864155306148, 'bootstrap': False, 'max_samples': 0.7583082453828456}. Best is trial 88 with value: 0.7533408627023566.[0m
[32m[I 2022-04-13 16:12:18,559][0m Trial 556 finished with value: 0.7214838146168118 and parameters: {'n_estimators': 510, 'min_samples_split': 0.4913910924206076, 'min_samples_leaf': 0.027010530270472927, 'min_weight_fraction_leaf': 0.07604166790165816, 'max_features': 0.5363459738641355, 'bootstrap': False, 'max_samples': 0.64574422495002}. Best is trial 88 with value: 0.7533408627023566.[0m
[32m[I 2022-04-13 16:12:27,039][0m Trial 557 finished with value: 0.7355158279194309 and parameters: {'n_estimators': 357, 'min_samples_split': 0.21121393967245666, 'min_samples_leaf': 0.013928361323977994, 'min_weight_fraction_leaf': 0.01937641471309571, 'max_features': 0.5200146768135957, 'bootstrap': False, 'max_samples': 0.7121724093285797}. Best is trial 88 with value: 0.7533408627023566.[0m
[32m[I 2022-04-13 16:12:38,638][0m Trial 558 finished with value: 0.7377110090108763 and parameters: {'n_estimators': 621, 'min_samples_split': 0.22265795898226748, 'min_samples_leaf': 0.0563125218656783, 'min_weight_fraction_leaf': 0.03491436456414652, 'max_features': 0.5822318714563272, 'bootstrap': False, 'max_samples': 0.7783604958196566}. Best is trial 88 with value: 0.7533408627023566.[0m
[32m[I 2022-04-13 16:12:56,291][0m Trial 559 finished with value: 0.7253429751386526 and parameters: {'n_estimators': 890, 'min_samples_split': 0.15062012751577245, 'min_samples_leaf': 0.07734761171553044, 'min_weight_fraction_leaf': 0.04295188524221004, 'max_features': 0.630413307507065, 'bootstrap': False, 'max_samples': 0.1396829263206577}. Best is trial 88 with value: 0.7533408627023566.[0m
[32m[I 2022-04-13 16:13:06,465][0m Trial 560 finished with value: 0.7444890640066737 and parameters: {'n_estimators': 470, 'min_samples_split': 0.17390691878889833, 'min_samples_leaf': 0.03886331780705368, 'min_weight_fraction_leaf': 0.055939281578140945, 'max_features': 0.5433133435410727, 'bootstrap': False, 'max_samples': 0.7413226159864125}. Best is trial 88 with value: 0.7533408627023566.[0m
[32m[I 2022-04-13 16:13:11,645][0m Trial 561 finished with value: 0.6243658432171408 and parameters: {'n_estimators': 570, 'min_samples_split': 0.19868058123176283, 'min_samples_leaf': 0.3320994272330525, 'min_weight_fraction_leaf': 0.028366939322688283, 'max_features': 0.5998687026198156, 'bootstrap': False, 'max_samples': 0.6802345528516328}. Best is trial 88 with value: 0.7533408627023566.[0m
[32m[I 2022-04-13 16:13:21,632][0m Trial 562 finished with value: 0.753329816702875 and parameters: {'n_estimators': 530, 'min_samples_split': 0.18613804356823646, 'min_samples_leaf': 0.046672043262880186, 'min_weight_fraction_leaf': 0.048988204027664885, 'max_features': 0.5842408290062145, 'bootstrap': False, 'max_samples': 0.7088585021931354}. Best is trial 88 with value: 0.7533408627023566.[0m
