[32m[I 2022-04-13 13:43:54,383][0m Trial 702 finished with value: 0.8660314616947957 and parameters: {'n_estimators': 971, 'min_samples_split': 0.28799583478120644, 'min_samples_leaf': 0.024862626812883398, 'min_weight_fraction_leaf': 0.019306185674259388, 'max_features': 0.6478080051313204, 'bootstrap': False, 'max_samples': 0.5641194387315573}. Best is trial 480 with value: 0.8778163779435968.[0m
[32m[I 2022-04-13 13:44:00,442][0m Trial 703 finished with value: 0.8555261305422471 and parameters: {'n_estimators': 303, 'min_samples_split': 0.2767868703088685, 'min_samples_leaf': 0.016674684761280943, 'min_weight_fraction_leaf': 0.037630148708639816, 'max_features': 0.31299586817943614, 'bootstrap': False, 'max_samples': 0.6300087891114026}. Best is trial 480 with value: 0.8778163779435968.[0m
[32m[I 2022-04-13 13:44:15,057][0m Trial 704 finished with value: 0.8718089605417214 and parameters: {'n_estimators': 589, 'min_samples_split': 0.25225709342747143, 'min_samples_leaf': 0.03054515558393335, 'min_weight_fraction_leaf': 0.045523732892244415, 'max_features': 0.7247576144136065, 'bootstrap': False, 'max_samples': 0.6191355734987186}. Best is trial 480 with value: 0.8778163779435968.[0m
[32m[I 2022-04-13 13:44:27,613][0m Trial 705 finished with value: 0.870490694038202 and parameters: {'n_estimators': 556, 'min_samples_split': 0.3280653917078098, 'min_samples_leaf': 0.008684645196908095, 'min_weight_fraction_leaf': 0.07102277612557013, 'max_features': 0.697438903890892, 'bootstrap': False, 'max_samples': 0.5933057735347221}. Best is trial 480 with value: 0.8778163779435968.[0m
[32m[I 2022-04-13 13:44:39,941][0m Trial 706 finished with value: 0.8654502622096473 and parameters: {'n_estimators': 520, 'min_samples_split': 0.2663221104260416, 'min_samples_leaf': 0.034351940710025154, 'min_weight_fraction_leaf': 0.010393530813783605, 'max_features': 0.6664790799158512, 'bootstrap': False, 'max_samples': 0.6371843003742447}. Best is trial 480 with value: 0.8778163779435968.[0m
[32m[I 2022-04-13 13:44:53,227][0m Trial 707 finished with value: 0.8678189017199726 and parameters: {'n_estimators': 540, 'min_samples_split': 0.29811766966454395, 'min_samples_leaf': 0.023076591966566265, 'min_weight_fraction_leaf': 0.028535086010848247, 'max_features': 0.6435838184090208, 'bootstrap': False, 'max_samples': 0.6192336068564639}. Best is trial 480 with value: 0.8778163779435968.[0m
[32m[I 2022-04-13 13:45:06,375][0m Trial 708 finished with value: 0.8702615785618619 and parameters: {'n_estimators': 563, 'min_samples_split': 0.2852152875113265, 'min_samples_leaf': 0.04966628111950266, 'min_weight_fraction_leaf': 0.05757987933378417, 'max_features': 0.6698908276364569, 'bootstrap': False, 'max_samples': 0.6039072514102584}. Best is trial 480 with value: 0.8778163779435968.[0m
[32m[I 2022-04-13 13:45:19,690][0m Trial 709 finished with value: 0.8731878655932815 and parameters: {'n_estimators': 601, 'min_samples_split': 0.3146320315177274, 'min_samples_leaf': 0.010700399057334815, 'min_weight_fraction_leaf': 0.04605674552374462, 'max_features': 0.6173687437962545, 'bootstrap': False, 'max_samples': 0.6368640203147362}. Best is trial 480 with value: 0.8778163779435968.[0m
[32m[I 2022-04-13 13:45:31,903][0m Trial 710 finished with value: 0.8659789086395573 and parameters: {'n_estimators': 510, 'min_samples_split': 0.274669007607001, 'min_samples_leaf': 0.03662430566554377, 'min_weight_fraction_leaf': 0.03428153188872267, 'max_features': 0.6794615395725924, 'bootstrap': False, 'max_samples': 0.8752756411636449}. Best is trial 480 with value: 0.8778163779435968.[0m
[32m[I 2022-04-13 13:45:45,090][0m Trial 711 finished with value: 0.8681347326091771 and parameters: {'n_estimators': 568, 'min_samples_split': 0.2919323016367872, 'min_samples_leaf': 0.02484263233221335, 'min_weight_fraction_leaf': 0.06734636032857592, 'max_features': 0.7395927701849756, 'bootstrap': False, 'max_samples': 0.6386275584750506}. Best is trial 480 with value: 0.8778163779435968.[0m
[32m[I 2022-04-13 13:45:58,594][0m Trial 712 finished with value: 0.8778163779435968 and parameters: {'n_estimators': 534, 'min_samples_split': 0.27719674664468297, 'min_samples_leaf': 0.04272381006288592, 'min_weight_fraction_leaf': 0.021386844444756303, 'max_features': 0.6593864599663481, 'bootstrap': False, 'max_samples': 0.608629098705451}. Best is trial 480 with value: 0.8778163779435968.[0m
[32m[I 2022-04-13 13:46:14,246][0m Trial 713 finished with value: 0.8699480387430645 and parameters: {'n_estimators': 586, 'min_samples_split': 0.28419043275388384, 'min_samples_leaf': 0.03228481052192203, 'min_weight_fraction_leaf': 0.010224453822998438, 'max_features': 0.657621204080023, 'bootstrap': False, 'max_samples': 0.5649270186282136}. Best is trial 480 with value: 0.8778163779435968.[0m
[32m[I 2022-04-13 13:46:27,176][0m Trial 714 finished with value: 0.8662536491359545 and parameters: {'n_estimators': 538, 'min_samples_split': 0.3030196278490152, 'min_samples_leaf': 0.013395443577390538, 'min_weight_fraction_leaf': 0.0183631154934552, 'max_features': 0.6206567443762436, 'bootstrap': False, 'max_samples': 0.5841753656530149}. Best is trial 480 with value: 0.8778163779435968.[0m
[32m[I 2022-04-13 13:46:41,285][0m Trial 715 finished with value: 0.8770097255801421 and parameters: {'n_estimators': 568, 'min_samples_split': 0.27799527200474994, 'min_samples_leaf': 0.043024282265892486, 'min_weight_fraction_leaf': 0.009997011755529757, 'max_features': 0.6418558966177564, 'bootstrap': False, 'max_samples': 0.5438754163575072}. Best is trial 480 with value: 0.8778163779435968.[0m
[32m[I 2022-04-13 13:46:51,002][0m Trial 716 finished with value: 0.8675788798752109 and parameters: {'n_estimators': 373, 'min_samples_split': 0.2726307720521897, 'min_samples_leaf': 0.053613215415754034, 'min_weight_fraction_leaf': 0.007976194615529557, 'max_features': 0.6467789402178248, 'bootstrap': False, 'max_samples': 0.5232356660754335}. Best is trial 480 with value: 0.8778163779435968.[0m
[32m[I 2022-04-13 13:47:04,854][0m Trial 717 finished with value: 0.8674314301308559 and parameters: {'n_estimators': 592, 'min_samples_split': 0.2799504175283838, 'min_samples_leaf': 0.06583643497903663, 'min_weight_fraction_leaf': 0.0026597178458664557, 'max_features': 0.629578162006991, 'bootstrap': False, 'max_samples': 0.5304060175893197}. Best is trial 480 with value: 0.8778163779435968.[0m
[32m[I 2022-04-13 13:47:17,663][0m Trial 718 finished with value: 0.8659876538255358 and parameters: {'n_estimators': 568, 'min_samples_split': 0.26727443681789936, 'min_samples_leaf': 0.04164300847125044, 'min_weight_fraction_leaf': 0.012590350494226077, 'max_features': 0.6491563448710046, 'bootstrap': True, 'max_samples': 0.5483608538678119, 'oob_score': True}. Best is trial 480 with value: 0.8778163779435968.[0m
[32m[I 2022-04-13 13:47:29,768][0m Trial 719 finished with value: 0.8712167649470958 and parameters: {'n_estimators': 536, 'min_samples_split': 0.29260242195474623, 'min_samples_leaf': 0.052804638725751626, 'min_weight_fraction_leaf': 0.008206920410380528, 'max_features': 0.6838954490878129, 'bootstrap': False, 'max_samples': 0.5434165962001145}. Best is trial 480 with value: 0.8778163779435968.[0m
[32m[I 2022-04-13 13:47:45,711][0m Trial 720 finished with value: 0.875839058225999 and parameters: {'n_estimators': 592, 'min_samples_split': 0.2790259613527275, 'min_samples_leaf': 0.04127031056705369, 'min_weight_fraction_leaf': 0.004955485357699799, 'max_features': 0.6607917955731782, 'bootstrap': False, 'max_samples': 0.57195172481146}. Best is trial 480 with value: 0.8778163779435968.[0m
[32m[I 2022-04-13 13:48:00,787][0m Trial 721 finished with value: 0.8634206699702013 and parameters: {'n_estimators': 554, 'min_samples_split': 0.14579626790368252, 'min_samples_leaf': 0.06092314577612039, 'min_weight_fraction_leaf': 0.001402234859909951, 'max_features': 0.7009221915922345, 'bootstrap': False, 'max_samples': 0.5460394202323627}. Best is trial 480 with value: 0.8778163779435968.[0m
[32m[I 2022-04-13 13:48:12,999][0m Trial 722 finished with value: 0.8674314301308559 and parameters: {'n_estimators': 526, 'min_samples_split': 0.2880129996268784, 'min_samples_leaf': 0.07847080061054579, 'min_weight_fraction_leaf': 0.022134235331578524, 'max_features': 0.6776235006811807, 'bootstrap': False, 'max_samples': 0.5158056104113169}. Best is trial 480 with value: 0.8778163779435968.[0m
[32m[I 2022-04-13 13:48:20,046][0m Trial 723 finished with value: 0.8718384853915533 and parameters: {'n_estimators': 205, 'min_samples_split': 0.25725741042894984, 'min_samples_leaf': 0.043350537180994055, 'min_weight_fraction_leaf': 0.017919821785462725, 'max_features': 0.6331973323088889, 'bootstrap': False, 'max_samples': 0.5719070882099199}. Best is trial 480 with value: 0.8778163779435968.[0m
[32m[I 2022-04-13 13:48:31,858][0m Trial 724 finished with value: 0.8706008940458803 and parameters: {'n_estimators': 616, 'min_samples_split': 0.3064661430876812, 'min_samples_leaf': 0.05534747301309979, 'min_weight_fraction_leaf': 0.01842758707589296, 'max_features': 0.6177368377965027, 'bootstrap': False, 'max_samples': 0.5531370809064016}. Best is trial 480 with value: 0.8778163779435968.[0m
[32m[I 2022-04-13 13:48:46,382][0m Trial 725 finished with value: 0.8654502622096473 and parameters: {'n_estimators': 547, 'min_samples_split': 0.2699756623812214, 'min_samples_leaf': 0.032595155321560904, 'min_weight_fraction_leaf': 7.915282343206806e-05, 'max_features': 0.6636566451367188, 'bootstrap': False, 'max_samples': 0.5934619138380888}. Best is trial 480 with value: 0.8778163779435968.[0m
[32m[I 2022-04-13 13:48:56,854][0m Trial 726 finished with value: 0.8656872163662811 and parameters: {'n_estimators': 567, 'min_samples_split': 0.29469250432592686, 'min_samples_leaf': 0.046709344903849065, 'min_weight_fraction_leaf': 0.02340394453559832, 'max_features': 0.3923678769590988, 'bootstrap': False, 'max_samples': 0.58332154750336}. Best is trial 480 with value: 0.8778163779435968.[0m
[32m[I 2022-04-13 13:49:12,244][0m Trial 727 finished with value: 0.8650521034221965 and parameters: {'n_estimators': 612, 'min_samples_split': 0.26313459100633396, 'min_samples_leaf': 0.03486551832937118, 'min_weight_fraction_leaf': 0.01510158303903271, 'max_features': 0.6444796560260031, 'bootstrap': False, 'max_samples': 0.5624055912684289}. Best is trial 480 with value: 0.8778163779435968.[0m
[32m[I 2022-04-13 13:49:26,418][0m Trial 728 finished with value: 0.8697526928564592 and parameters: {'n_estimators': 577, 'min_samples_split': 0.2777065383064091, 'min_samples_leaf': 0.05873419008386626, 'min_weight_fraction_leaf': 0.02567501255886166, 'max_features': 0.6324144094379843, 'bootstrap': False, 'max_samples': 0.5062956060837731}. Best is trial 480 with value: 0.8778163779435968.[0m
[32m[I 2022-04-13 13:49:34,207][0m Trial 729 finished with value: 0.8357364988146669 and parameters: {'n_estimators': 513, 'min_samples_split': 0.2876577385663365, 'min_samples_leaf': 0.2365498325636419, 'min_weight_fraction_leaf': 0.02757216172930526, 'max_features': 0.7037681982264987, 'bootstrap': False, 'max_samples': 0.4892288822662785}. Best is trial 480 with value: 0.8778163779435968.[0m
[32m[I 2022-04-13 13:49:49,885][0m Trial 730 finished with value: 0.8711706029245534 and parameters: {'n_estimators': 608, 'min_samples_split': 0.2510254400050554, 'min_samples_leaf': 0.04360781607998037, 'min_weight_fraction_leaf': 0.017728084592717498, 'max_features': 0.6840140286129905, 'bootstrap': False, 'max_samples': 0.6004696182804191}. Best is trial 480 with value: 0.8778163779435968.[0m
[32m[I 2022-04-13 13:50:05,302][0m Trial 731 finished with value: 0.8666172662567254 and parameters: {'n_estimators': 534, 'min_samples_split': 0.2709451187797815, 'min_samples_leaf': 0.0282652262219638, 'min_weight_fraction_leaf': 0.02863859589409365, 'max_features': 0.7121411890804648, 'bootstrap': False, 'max_samples': 0.6003819595307294}. Best is trial 480 with value: 0.8778163779435968.[0m
[32m[I 2022-04-13 13:50:21,253][0m Trial 732 finished with value: 0.875839058225999 and parameters: {'n_estimators': 584, 'min_samples_split': 0.2795020431894706, 'min_samples_leaf': 0.04990394247354841, 'min_weight_fraction_leaf': 0.03522649155146963, 'max_features': 0.6644363769498717, 'bootstrap': False, 'max_samples': 0.6152364115535817}. Best is trial 480 with value: 0.8778163779435968.[0m
[32m[I 2022-04-13 13:50:36,582][0m Trial 733 finished with value: 0.8699528470725504 and parameters: {'n_estimators': 523, 'min_samples_split': 0.29293604109296095, 'min_samples_leaf': 0.019119927110275596, 'min_weight_fraction_leaf': 0.01679391058606996, 'max_features': 0.6953093032958998, 'bootstrap': False, 'max_samples': 0.5776126426254178}. Best is trial 480 with value: 0.8778163779435968.[0m
[32m[I 2022-04-13 13:50:57,292][0m Trial 734 finished with value: 0.8513766608404845 and parameters: {'n_estimators': 555, 'min_samples_split': 0.002973220866932219, 'min_samples_leaf': 0.03355689180282473, 'min_weight_fraction_leaf': 0.010765195926353952, 'max_features': 0.7172659106967677, 'bootstrap': False, 'max_samples': 0.9591558902499446}. Best is trial 480 with value: 0.8778163779435968.[0m
[32m[I 2022-04-13 13:51:08,675][0m Trial 735 finished with value: 0.8711084668864781 and parameters: {'n_estimators': 576, 'min_samples_split': 0.26048738654830894, 'min_samples_leaf': 0.07129212845753402, 'min_weight_fraction_leaf': 0.03276971178522746, 'max_features': 0.6126483652611587, 'bootstrap': False, 'max_samples': 0.6170741927435761}. Best is trial 480 with value: 0.8778163779435968.[0m
[32m[I 2022-04-13 13:51:21,551][0m Trial 736 finished with value: 0.8687145459464102 and parameters: {'n_estimators': 505, 'min_samples_split': 0.24089505212803924, 'min_samples_leaf': 0.008878800039852891, 'min_weight_fraction_leaf': 0.02526763535715702, 'max_features': 0.6816222230694822, 'bootstrap': True, 'max_samples': 0.9355370045083091, 'oob_score': False}. Best is trial 480 with value: 0.8778163779435968.[0m
[32m[I 2022-04-13 13:51:37,824][0m Trial 737 finished with value: 0.8765154407655287 and parameters: {'n_estimators': 619, 'min_samples_split': 0.27473956723654597, 'min_samples_leaf': 0.040142604625233946, 'min_weight_fraction_leaf': 0.03576939831917195, 'max_features': 0.7171211981853606, 'bootstrap': False, 'max_samples': 0.5391976311210972}. Best is trial 480 with value: 0.8778163779435968.[0m
[32m[I 2022-04-13 13:51:51,009][0m Trial 738 finished with value: 0.8478169299866385 and parameters: {'n_estimators': 626, 'min_samples_split': 0.2657123541766145, 'min_samples_leaf': 0.06445106267072165, 'min_weight_fraction_leaf': 0.17455983447236, 'max_features': 0.7186223064836658, 'bootstrap': False, 'max_samples': 0.5354211069975762}. Best is trial 480 with value: 0.8778163779435968.[0m
[32m[I 2022-04-13 13:51:59,053][0m Trial 739 finished with value: 0.838346642837141 and parameters: {'n_estimators': 606, 'min_samples_split': 0.2529260725414434, 'min_samples_leaf': 0.26262231008967096, 'min_weight_fraction_leaf': 0.024047989921471155, 'max_features': 0.7375714490806498, 'bootstrap': False, 'max_samples': 0.5118115979759024}. Best is trial 480 with value: 0.8778163779435968.[0m
[32m[I 2022-04-13 13:52:16,932][0m Trial 740 finished with value: 0.8681340647865028 and parameters: {'n_estimators': 637, 'min_samples_split': 0.22704529418041203, 'min_samples_leaf': 0.05231128607600981, 'min_weight_fraction_leaf': 0.010927500820718524, 'max_features': 0.6996643624685143, 'bootstrap': False, 'max_samples': 0.5478633291177011}. Best is trial 480 with value: 0.8778163779435968.[0m
[32m[I 2022-04-13 13:52:33,250][0m Trial 741 finished with value: 0.875839058225999 and parameters: {'n_estimators': 670, 'min_samples_split': 0.2718003885528949, 'min_samples_leaf': 0.04432894933366616, 'min_weight_fraction_leaf': 0.03361896951918994, 'max_features': 0.7151763861477634, 'bootstrap': False, 'max_samples': 0.5163768516180822}. Best is trial 480 with value: 0.8778163779435968.[0m
[32m[I 2022-04-13 13:52:43,576][0m Trial 742 finished with value: 0.8640419766999653 and parameters: {'n_estimators': 626, 'min_samples_split': 0.2588389362865937, 'min_samples_leaf': 0.1542086755517937, 'min_weight_fraction_leaf': 0.03807374453817241, 'max_features': 0.6838850956016659, 'bootstrap': False, 'max_samples': 0.5875880584364603}. Best is trial 480 with value: 0.8778163779435968.[0m
[32m[I 2022-04-13 13:52:58,143][0m Trial 743 finished with value: 0.8778163779435968 and parameters: {'n_estimators': 548, 'min_samples_split': 0.28151569071390115, 'min_samples_leaf': 0.03979005700716888, 'min_weight_fraction_leaf': 0.020360022035832568, 'max_features': 0.6655973079718327, 'bootstrap': False, 'max_samples': 0.4835485272741334}. Best is trial 480 with value: 0.8778163779435968.[0m
[32m[I 2022-04-13 13:53:12,534][0m Trial 744 finished with value: 0.8718324672385505 and parameters: {'n_estimators': 648, 'min_samples_split': 0.30025248328406495, 'min_samples_leaf': 0.05581432301599296, 'min_weight_fraction_leaf': 0.00014551524326953183, 'max_features': 0.6618294400151845, 'bootstrap': False, 'max_samples': 0.4693668245425078}. Best is trial 480 with value: 0.8778163779435968.[0m
[32m[I 2022-04-13 13:53:24,505][0m Trial 745 finished with value: 0.8674314301308559 and parameters: {'n_estimators': 541, 'min_samples_split': 0.2827973828568338, 'min_samples_leaf': 0.0659240546078873, 'min_weight_fraction_leaf': 0.011174792585068163, 'max_features': 0.6598909689906423, 'bootstrap': False, 'max_samples': 0.5014473601482656}. Best is trial 480 with value: 0.8778163779435968.[0m
[32m[I 2022-04-13 13:53:38,695][0m Trial 746 finished with value: 0.8760065550601259 and parameters: {'n_estimators': 598, 'min_samples_split': 0.27077338898411174, 'min_samples_leaf': 0.04295380036454675, 'min_weight_fraction_leaf': 0.0190916778928595, 'max_features': 0.689582790162457, 'bootstrap': False, 'max_samples': 0.47188760625202714}. Best is trial 480 with value: 0.8778163779435968.[0m
[32m[I 2022-04-13 13:53:51,145][0m Trial 747 finished with value: 0.8697526928564592 and parameters: {'n_estimators': 518, 'min_samples_split': 0.289098070485771, 'min_samples_leaf': 0.05428547042273206, 'min_weight_fraction_leaf': 0.020269786765843352, 'max_features': 0.7028071782635803, 'bootstrap': False, 'max_samples': 0.44401019552668525}. Best is trial 480 with value: 0.8778163779435968.[0m
[32m[I 2022-04-13 13:54:08,627][0m Trial 748 finished with value: 0.8650521034221965 and parameters: {'n_estimators': 660, 'min_samples_split': 0.26211588861085877, 'min_samples_leaf': 0.03865630713004486, 'min_weight_fraction_leaf': 0.00877576314878627, 'max_features': 0.6441931339012935, 'bootstrap': False, 'max_samples': 0.483832549937789}. Best is trial 480 with value: 0.8778163779435968.[0m
[32m[I 2022-04-13 13:54:21,700][0m Trial 749 finished with value: 0.8702615785618619 and parameters: {'n_estimators': 562, 'min_samples_split': 0.27681074384136417, 'min_samples_leaf': 0.06012791503916029, 'min_weight_fraction_leaf': 0.024542186550455605, 'max_features': 0.6701360148110502, 'bootstrap': False, 'max_samples': 0.488576960511967}. Best is trial 480 with value: 0.8778163779435968.[0m
[32m[I 2022-04-13 13:54:37,030][0m Trial 750 finished with value: 0.8707447990460162 and parameters: {'n_estimators': 593, 'min_samples_split': 0.2455891925658849, 'min_samples_leaf': 0.04622749604513488, 'min_weight_fraction_leaf': 0.0162079980015924, 'max_features': 0.7391907411201885, 'bootstrap': False, 'max_samples': 0.5542322162335376}. Best is trial 480 with value: 0.8778163779435968.[0m
[32m[I 2022-04-13 13:54:46,036][0m Trial 751 finished with value: 0.817138486879814 and parameters: {'n_estimators': 541, 'min_samples_split': 0.2689760078080965, 'min_samples_leaf': 0.04029359637687285, 'min_weight_fraction_leaf': 0.32022099510135654, 'max_features': 0.6810347226071809, 'bootstrap': False, 'max_samples': 0.46535697469998455}. Best is trial 480 with value: 0.8778163779435968.[0m
[32m[I 2022-04-13 13:54:58,161][0m Trial 752 finished with value: 0.8642301287985032 and parameters: {'n_estimators': 502, 'min_samples_split': 0.3194286253054794, 'min_samples_leaf': 0.050860585020155974, 'min_weight_fraction_leaf': 0.1381921047256547, 'max_features': 0.7192129088310422, 'bootstrap': False, 'max_samples': 0.5384690908605436}. Best is trial 480 with value: 0.8778163779435968.[0m
[32m[I 2022-04-13 13:55:12,803][0m Trial 753 finished with value: 0.8669225444254531 and parameters: {'n_estimators': 577, 'min_samples_split': 0.2832247864200456, 'min_samples_leaf': 0.07699541376608784, 'min_weight_fraction_leaf': 0.026756456143759783, 'max_features': 0.6465281234542464, 'bootstrap': False, 'max_samples': 0.5220646411476768}. Best is trial 480 with value: 0.8778163779435968.[0m
[32m[I 2022-04-13 13:55:30,264][0m Trial 754 finished with value: 0.8585209949527991 and parameters: {'n_estimators': 615, 'min_samples_split': 0.2975191818640702, 'min_samples_leaf': 0.035629962312126, 'min_weight_fraction_leaf': 0.030859130974966738, 'max_features': 0.7592942473277468, 'bootstrap': False, 'max_samples': 0.5642176908695543}. Best is trial 480 with value: 0.8778163779435968.[0m
[32m[I 2022-04-13 13:55:43,472][0m Trial 755 finished with value: 0.8724246628331759 and parameters: {'n_estimators': 524, 'min_samples_split': 0.25215783728820507, 'min_samples_leaf': 0.04672604221075226, 'min_weight_fraction_leaf': 0.0012536655310011885, 'max_features': 0.6996525261198885, 'bootstrap': False, 'max_samples': 0.4902186305276196}. Best is trial 480 with value: 0.8778163779435968.[0m
