[32m[I 2022-04-13 12:13:51,029][0m Trial 216 finished with value: 0.8750012210839951 and parameters: {'n_estimators': 658, 'min_samples_split': 0.26739942967568076, 'min_samples_leaf': 0.041803707380871795, 'min_weight_fraction_leaf': 0.05630860765340087, 'max_features': 0.5852749347572281, 'bootstrap': False, 'max_samples': 0.6647539547646724}. Best is trial 113 with value: 0.8765162386776881.[0m
[32m[I 2022-04-13 12:14:00,466][0m Trial 217 finished with value: 0.8664286958945846 and parameters: {'n_estimators': 446, 'min_samples_split': 0.26097494834605667, 'min_samples_leaf': 0.0633095955569155, 'min_weight_fraction_leaf': 0.06887762582729814, 'max_features': 0.63293221720682, 'bootstrap': False, 'max_samples': 0.6530558638453307}. Best is trial 113 with value: 0.8765162386776881.[0m
[32m[I 2022-04-13 12:14:11,991][0m Trial 218 finished with value: 0.8739865101850294 and parameters: {'n_estimators': 665, 'min_samples_split': 0.25113887821918535, 'min_samples_leaf': 0.04311498014728025, 'min_weight_fraction_leaf': 0.05464021025665056, 'max_features': 0.6012963524322139, 'bootstrap': False, 'max_samples': 0.7946177279273009}. Best is trial 113 with value: 0.8765162386776881.[0m
[32m[I 2022-04-13 12:14:21,362][0m Trial 219 finished with value: 0.8672678704745891 and parameters: {'n_estimators': 477, 'min_samples_split': 0.2703782399353847, 'min_samples_leaf': 0.044281635442264114, 'min_weight_fraction_leaf': 0.08105921134674236, 'max_features': 0.5262590178940761, 'bootstrap': False, 'max_samples': 0.6685751263674086}. Best is trial 113 with value: 0.8765162386776881.[0m
[32m[I 2022-04-13 12:14:33,552][0m Trial 220 finished with value: 0.8729113577015017 and parameters: {'n_estimators': 777, 'min_samples_split': 0.2916465833576055, 'min_samples_leaf': 0.055465234213164405, 'min_weight_fraction_leaf': 0.014714481193397095, 'max_features': 0.5516148038673309, 'bootstrap': False, 'max_samples': 0.6131154279332508}. Best is trial 113 with value: 0.8765162386776881.[0m
[32m[I 2022-04-13 12:14:46,091][0m Trial 221 finished with value: 0.8748738351372113 and parameters: {'n_estimators': 603, 'min_samples_split': 0.2795909641954079, 'min_samples_leaf': 0.0013772724441237644, 'min_weight_fraction_leaf': 0.04042559268419271, 'max_features': 0.5782540099220846, 'bootstrap': False, 'max_samples': 0.6902571166807827}. Best is trial 113 with value: 0.8765162386776881.[0m
[32m[I 2022-04-13 12:14:57,465][0m Trial 222 finished with value: 0.8708995372694306 and parameters: {'n_estimators': 604, 'min_samples_split': 0.28407332426067344, 'min_samples_leaf': 0.0036361703610603606, 'min_weight_fraction_leaf': 0.03854498322029961, 'max_features': 0.5864185291805274, 'bootstrap': False, 'max_samples': 0.6728909795546949}. Best is trial 113 with value: 0.8765162386776881.[0m
[32m[I 2022-04-13 12:15:06,797][0m Trial 223 finished with value: 0.8686001777772901 and parameters: {'n_estimators': 542, 'min_samples_split': 0.391933971847812, 'min_samples_leaf': 0.014170064071911376, 'min_weight_fraction_leaf': 0.025695109131158186, 'max_features': 0.609162277803251, 'bootstrap': False, 'max_samples': 0.7508998457176003}. Best is trial 113 with value: 0.8765162386776881.[0m
[32m[I 2022-04-13 12:15:19,009][0m Trial 224 finished with value: 0.8760968328432387 and parameters: {'n_estimators': 611, 'min_samples_split': 0.26737711795116326, 'min_samples_leaf': 0.0013677594286627109, 'min_weight_fraction_leaf': 0.05858278657701289, 'max_features': 0.5861510369447065, 'bootstrap': False, 'max_samples': 0.7078592230076923}. Best is trial 113 with value: 0.8765162386776881.[0m
[32m[I 2022-04-13 12:15:30,946][0m Trial 225 finished with value: 0.8755879471378358 and parameters: {'n_estimators': 605, 'min_samples_split': 0.2661326861640194, 'min_samples_leaf': 0.002613684972467119, 'min_weight_fraction_leaf': 0.06238498962612997, 'max_features': 0.5594204100189143, 'bootstrap': False, 'max_samples': 0.7085917973671914}. Best is trial 113 with value: 0.8765162386776881.[0m
[32m[I 2022-04-13 12:15:42,405][0m Trial 226 finished with value: 0.8698807825913247 and parameters: {'n_estimators': 597, 'min_samples_split': 0.26311730941719524, 'min_samples_leaf': 0.002753993395606901, 'min_weight_fraction_leaf': 0.0872672269486263, 'max_features': 0.5801991866900323, 'bootstrap': False, 'max_samples': 0.7105789929847776}. Best is trial 113 with value: 0.8765162386776881.[0m
[32m[I 2022-04-13 12:15:56,637][0m Trial 227 finished with value: 0.8659287799998083 and parameters: {'n_estimators': 622, 'min_samples_split': 0.24923126600111217, 'min_samples_leaf': 0.0015144864671153245, 'min_weight_fraction_leaf': 0.05708987570873361, 'max_features': 0.6271637937121172, 'bootstrap': False, 'max_samples': 0.7382074260568534}. Best is trial 113 with value: 0.8765162386776881.[0m
[32m[I 2022-04-13 12:16:08,975][0m Trial 228 finished with value: 0.8750012210839951 and parameters: {'n_estimators': 670, 'min_samples_split': 0.26427888021086654, 'min_samples_leaf': 0.013501302795290382, 'min_weight_fraction_leaf': 0.06565183246864682, 'max_features': 0.5504606133073319, 'bootstrap': False, 'max_samples': 0.6854232843024232}. Best is trial 113 with value: 0.8765162386776881.[0m
[32m[I 2022-04-13 12:16:21,960][0m Trial 229 finished with value: 0.8723180895676844 and parameters: {'n_estimators': 667, 'min_samples_split': 0.2701751536677633, 'min_samples_leaf': 0.014738038234371616, 'min_weight_fraction_leaf': 0.07040275808032101, 'max_features': 0.5522898609923194, 'bootstrap': False, 'max_samples': 0.7000188026645214}. Best is trial 113 with value: 0.8765162386776881.[0m
[32m[I 2022-04-13 12:16:34,757][0m Trial 230 finished with value: 0.8692576897137775 and parameters: {'n_estimators': 706, 'min_samples_split': 0.2625467257915041, 'min_samples_leaf': 0.011155876105613846, 'min_weight_fraction_leaf': 0.09516390906996694, 'max_features': 0.544290018622531, 'bootstrap': False, 'max_samples': 0.6884008655147268}. Best is trial 113 with value: 0.8765162386776881.[0m
[32m[I 2022-04-13 12:16:46,462][0m Trial 231 finished with value: 0.873324728536289 and parameters: {'n_estimators': 573, 'min_samples_split': 0.2552722532741406, 'min_samples_leaf': 0.021029520772189555, 'min_weight_fraction_leaf': 0.06121544800633512, 'max_features': 0.5678423799454928, 'bootstrap': False, 'max_samples': 0.6422723534861636}. Best is trial 113 with value: 0.8765162386776881.[0m
[32m[I 2022-04-13 12:16:58,460][0m Trial 232 finished with value: 0.8729233102621246 and parameters: {'n_estimators': 623, 'min_samples_split': 0.2718585208100748, 'min_samples_leaf': 0.012182436148009759, 'min_weight_fraction_leaf': 0.050664797674267376, 'max_features': 0.5980100306324375, 'bootstrap': False, 'max_samples': 0.7174416560101096}. Best is trial 113 with value: 0.8765162386776881.[0m
[32m[I 2022-04-13 12:17:10,343][0m Trial 233 finished with value: 0.8719313501189937 and parameters: {'n_estimators': 587, 'min_samples_split': 0.24613247245252518, 'min_samples_leaf': 0.03153670710225035, 'min_weight_fraction_leaf': 0.06251229410364934, 'max_features': 0.581237584912476, 'bootstrap': False, 'max_samples': 0.6715552088245019}. Best is trial 113 with value: 0.8765162386776881.[0m
[32m[I 2022-04-13 12:17:24,174][0m Trial 234 finished with value: 0.8723512250796647 and parameters: {'n_estimators': 681, 'min_samples_split': 0.2799792352202194, 'min_samples_leaf': 0.020891568515974353, 'min_weight_fraction_leaf': 0.07202657448907472, 'max_features': 0.6160362695100154, 'bootstrap': False, 'max_samples': 0.6638786965104355}. Best is trial 113 with value: 0.8765162386776881.[0m
[32m[I 2022-04-13 12:17:35,710][0m Trial 235 finished with value: 0.8724246628331759 and parameters: {'n_estimators': 523, 'min_samples_split': 0.26103907901317364, 'min_samples_leaf': 0.009416668718466538, 'min_weight_fraction_leaf': 0.04312577228910568, 'max_features': 0.6540670592145058, 'bootstrap': False, 'max_samples': 0.718346497050986}. Best is trial 113 with value: 0.8765162386776881.[0m
[32m[I 2022-04-13 12:17:45,812][0m Trial 236 finished with value: 0.8748738351372113 and parameters: {'n_estimators': 552, 'min_samples_split': 0.2691844185975674, 'min_samples_leaf': 0.03423153799210675, 'min_weight_fraction_leaf': 0.05029701070974705, 'max_features': 0.5335234286402571, 'bootstrap': False, 'max_samples': 0.6781820430836756}. Best is trial 113 with value: 0.8765162386776881.[0m
[32m[I 2022-04-13 12:17:55,553][0m Trial 237 finished with value: 0.8719392418327138 and parameters: {'n_estimators': 559, 'min_samples_split': 0.29335579699475184, 'min_samples_leaf': 0.023024970480933778, 'min_weight_fraction_leaf': 0.057515215160670485, 'max_features': 0.5410597239152476, 'bootstrap': False, 'max_samples': 0.6867613569085995}. Best is trial 113 with value: 0.8765162386776881.[0m
[32m[I 2022-04-13 12:18:06,622][0m Trial 238 finished with value: 0.8680546702016898 and parameters: {'n_estimators': 609, 'min_samples_split': 0.28206144347271067, 'min_samples_leaf': 0.0014389481088333909, 'min_weight_fraction_leaf': 0.049988689501398384, 'max_features': 0.5029378713621074, 'bootstrap': True, 'max_samples': 0.6488663613536406, 'oob_score': True}. Best is trial 113 with value: 0.8765162386776881.[0m
[32m[I 2022-04-13 12:18:17,002][0m Trial 239 finished with value: 0.8755879471378358 and parameters: {'n_estimators': 553, 'min_samples_split': 0.2713120596358255, 'min_samples_leaf': 0.03662548791365443, 'min_weight_fraction_leaf': 0.06473479439271325, 'max_features': 0.5233049177492423, 'bootstrap': False, 'max_samples': 0.6249482797055893}. Best is trial 113 with value: 0.8765162386776881.[0m
[32m[I 2022-04-13 12:18:27,251][0m Trial 240 finished with value: 0.8679649410339618 and parameters: {'n_estimators': 558, 'min_samples_split': 0.2708353138310434, 'min_samples_leaf': 0.033920441040870115, 'min_weight_fraction_leaf': 0.08209088405044113, 'max_features': 0.5319096194692655, 'bootstrap': False, 'max_samples': 0.6810921787573252}. Best is trial 113 with value: 0.8765162386776881.[0m
[32m[I 2022-04-13 12:18:37,093][0m Trial 241 finished with value: 0.8747812947743812 and parameters: {'n_estimators': 531, 'min_samples_split': 0.2741298462425701, 'min_samples_leaf': 0.03678354019420901, 'min_weight_fraction_leaf': 0.06467755156178977, 'max_features': 0.5223775081170896, 'bootstrap': False, 'max_samples': 0.6259086330067997}. Best is trial 113 with value: 0.8765162386776881.[0m
[32m[I 2022-04-13 12:18:46,120][0m Trial 242 finished with value: 0.865302837673996 and parameters: {'n_estimators': 529, 'min_samples_split': 0.2759653446105162, 'min_samples_leaf': 0.018678880582308224, 'min_weight_fraction_leaf': 0.07592454540915367, 'max_features': 0.48393937901309636, 'bootstrap': False, 'max_samples': 0.6283866953310344}. Best is trial 113 with value: 0.8765162386776881.[0m
[32m[I 2022-04-13 12:18:54,287][0m Trial 243 finished with value: 0.8633586134221852 and parameters: {'n_estimators': 512, 'min_samples_split': 0.45073700174852693, 'min_samples_leaf': 0.03437871136227196, 'min_weight_fraction_leaf': 0.06290726326568097, 'max_features': 0.4958327584099897, 'bootstrap': False, 'max_samples': 0.6587143409730221}. Best is trial 113 with value: 0.8765162386776881.[0m
[32m[I 2022-04-13 12:19:05,364][0m Trial 244 finished with value: 0.8715083399558313 and parameters: {'n_estimators': 577, 'min_samples_split': 0.2895644199540477, 'min_samples_leaf': 0.012091749550260442, 'min_weight_fraction_leaf': 0.06858760517771637, 'max_features': 0.5159966912882041, 'bootstrap': False, 'max_samples': 0.6379535714152417}. Best is trial 113 with value: 0.8765162386776881.[0m
[32m[I 2022-04-13 12:19:16,379][0m Trial 245 finished with value: 0.8755879471378358 and parameters: {'n_estimators': 544, 'min_samples_split': 0.26957786087576896, 'min_samples_leaf': 0.02365234072769995, 'min_weight_fraction_leaf': 0.05766890617006282, 'max_features': 0.5172723380781284, 'bootstrap': False, 'max_samples': 0.7001155705824645}. Best is trial 113 with value: 0.8765162386776881.[0m
[32m[I 2022-04-13 12:19:27,449][0m Trial 246 finished with value: 0.8755879471378358 and parameters: {'n_estimators': 543, 'min_samples_split': 0.2691807707428298, 'min_samples_leaf': 0.024043284684285425, 'min_weight_fraction_leaf': 0.05978539458038266, 'max_features': 0.5223001183347327, 'bootstrap': False, 'max_samples': 0.7027509721210268}. Best is trial 113 with value: 0.8765162386776881.[0m
[32m[I 2022-04-13 12:19:38,203][0m Trial 247 finished with value: 0.8755879471378358 and parameters: {'n_estimators': 537, 'min_samples_split': 0.2680549671597376, 'min_samples_leaf': 0.013195770855841284, 'min_weight_fraction_leaf': 0.06323660019956652, 'max_features': 0.5204380531919693, 'bootstrap': False, 'max_samples': 0.7051595628817438}. Best is trial 113 with value: 0.8765162386776881.[0m
[32m[I 2022-04-13 12:19:47,772][0m Trial 248 finished with value: 0.8653262617055679 and parameters: {'n_estimators': 537, 'min_samples_split': 0.2826775063201031, 'min_samples_leaf': 0.011564966137571343, 'min_weight_fraction_leaf': 0.07660832577032493, 'max_features': 0.46264888057558373, 'bootstrap': False, 'max_samples': 0.7041122398872282}. Best is trial 113 with value: 0.8765162386776881.[0m
[32m[I 2022-04-13 12:19:54,627][0m Trial 249 finished with value: 0.8494583673564348 and parameters: {'n_estimators': 545, 'min_samples_split': 0.27164306877337785, 'min_samples_leaf': 0.20149167907461904, 'min_weight_fraction_leaf': 0.06452065318887443, 'max_features': 0.5225017094621339, 'bootstrap': False, 'max_samples': 0.7323387684379115}. Best is trial 113 with value: 0.8765162386776881.[0m
[32m[I 2022-04-13 12:20:04,370][0m Trial 250 finished with value: 0.8634076353946668 and parameters: {'n_estimators': 558, 'min_samples_split': 0.28314391405264916, 'min_samples_leaf': 0.0011603932579617214, 'min_weight_fraction_leaf': 0.0827733245198209, 'max_features': 0.4953519954503519, 'bootstrap': False, 'max_samples': 0.7142896316771433}. Best is trial 113 with value: 0.8765162386776881.[0m
[32m[I 2022-04-13 12:20:14,061][0m Trial 251 finished with value: 0.8747812947743812 and parameters: {'n_estimators': 506, 'min_samples_split': 0.2683067662170948, 'min_samples_leaf': 0.02193248412972282, 'min_weight_fraction_leaf': 0.05913980829930257, 'max_features': 0.519208486595917, 'bootstrap': False, 'max_samples': 0.6947970025633966}. Best is trial 113 with value: 0.8765162386776881.[0m
[32m[I 2022-04-13 12:20:23,359][0m Trial 252 finished with value: 0.8681784553096067 and parameters: {'n_estimators': 520, 'min_samples_split': 0.2969201371980162, 'min_samples_leaf': 0.017466856851381985, 'min_weight_fraction_leaf': 0.09360404570959849, 'max_features': 0.5017296146309855, 'bootstrap': False, 'max_samples': 0.6923247317021001}. Best is trial 113 with value: 0.8765162386776881.[0m
[32m[I 2022-04-13 12:20:33,866][0m Trial 253 finished with value: 0.8722761694847649 and parameters: {'n_estimators': 501, 'min_samples_split': 0.2764293924107327, 'min_samples_leaf': 0.029076607391691545, 'min_weight_fraction_leaf': 0.06684452543807053, 'max_features': 0.5199991221643198, 'bootstrap': False, 'max_samples': 0.7027477920081935}. Best is trial 113 with value: 0.8765162386776881.[0m
[32m[I 2022-04-13 12:20:46,266][0m Trial 254 finished with value: 0.8755879471378358 and parameters: {'n_estimators': 584, 'min_samples_split': 0.2676740476109612, 'min_samples_leaf': 0.009019193042244415, 'min_weight_fraction_leaf': 0.057378865134162044, 'max_features': 0.5201463886551915, 'bootstrap': False, 'max_samples': 0.7329132512169272}. Best is trial 113 with value: 0.8765162386776881.[0m
[32m[I 2022-04-13 12:20:57,993][0m Trial 255 finished with value: 0.8755879471378358 and parameters: {'n_estimators': 600, 'min_samples_split': 0.2650669825868587, 'min_samples_leaf': 0.008045568974628497, 'min_weight_fraction_leaf': 0.05812956751620822, 'max_features': 0.5174332530546335, 'bootstrap': False, 'max_samples': 0.7307201377048924}. Best is trial 113 with value: 0.8765162386776881.[0m
[32m[I 2022-04-13 12:21:08,386][0m Trial 256 finished with value: 0.866641925138849 and parameters: {'n_estimators': 583, 'min_samples_split': 0.2654373550405279, 'min_samples_leaf': 0.011313358835105675, 'min_weight_fraction_leaf': 0.07200687638435936, 'max_features': 0.4772878413567233, 'bootstrap': False, 'max_samples': 0.7350860054685439}. Best is trial 113 with value: 0.8765162386776881.[0m
[32m[I 2022-04-13 12:21:20,128][0m Trial 257 finished with value: 0.8725180761728343 and parameters: {'n_estimators': 606, 'min_samples_split': 0.2578434314528925, 'min_samples_leaf': 0.01995315584556067, 'min_weight_fraction_leaf': 0.058539853161058496, 'max_features': 0.5143789019778314, 'bootstrap': False, 'max_samples': 0.724115741529285}. Best is trial 113 with value: 0.8765162386776881.[0m
[32m[I 2022-04-13 12:21:29,968][0m Trial 258 finished with value: 0.8652154112095733 and parameters: {'n_estimators': 576, 'min_samples_split': 0.26790659328502264, 'min_samples_leaf': 0.0020015139491882383, 'min_weight_fraction_leaf': 0.08702983816940553, 'max_features': 0.45306940133022966, 'bootstrap': False, 'max_samples': 0.7035896867058825}. Best is trial 113 with value: 0.8765162386776881.[0m
[32m[I 2022-04-13 12:21:39,700][0m Trial 259 finished with value: 0.8669016912837716 and parameters: {'n_estimators': 548, 'min_samples_split': 0.2697894753313526, 'min_samples_leaf': 0.012414980556077905, 'min_weight_fraction_leaf': 0.056291771344292155, 'max_features': 0.4856429943717053, 'bootstrap': False, 'max_samples': 0.7434039034604825}. Best is trial 113 with value: 0.8765162386776881.[0m
[32m[I 2022-04-13 12:21:47,173][0m Trial 260 finished with value: 0.6968328232748361 and parameters: {'n_estimators': 623, 'min_samples_split': 0.25626795458944507, 'min_samples_leaf': 0.03518754741635495, 'min_weight_fraction_leaf': 0.4419356310196434, 'max_features': 0.5283853243071979, 'bootstrap': False, 'max_samples': 0.6796571205085077}. Best is trial 113 with value: 0.8765162386776881.[0m
[32m[I 2022-04-13 12:21:59,075][0m Trial 261 finished with value: 0.8717313635138437 and parameters: {'n_estimators': 586, 'min_samples_split': 0.27482297532304495, 'min_samples_leaf': 0.021644528886453497, 'min_weight_fraction_leaf': 0.0743945435687307, 'max_features': 0.5087467635674303, 'bootstrap': False, 'max_samples': 0.7194005376136224}. Best is trial 113 with value: 0.8765162386776881.[0m
[32m[I 2022-04-13 12:22:05,718][0m Trial 262 finished with value: 0.8047621678298974 and parameters: {'n_estimators': 547, 'min_samples_split': 0.2938469087135796, 'min_samples_leaf': 0.01137198020838269, 'min_weight_fraction_leaf': 0.34960031739677105, 'max_features': 0.5331800772956131, 'bootstrap': False, 'max_samples': 0.6939005878868311}. Best is trial 113 with value: 0.8765162386776881.[0m
[32m[I 2022-04-13 12:22:16,639][0m Trial 263 finished with value: 0.873324728536289 and parameters: {'n_estimators': 566, 'min_samples_split': 0.26247570294750333, 'min_samples_leaf': 0.026924095102314263, 'min_weight_fraction_leaf': 0.05608449540671845, 'max_features': 0.5508601203358579, 'bootstrap': False, 'max_samples': 0.7351181392175805}. Best is trial 113 with value: 0.8765162386776881.[0m
[32m[I 2022-04-13 12:22:28,911][0m Trial 264 finished with value: 0.8727850551901678 and parameters: {'n_estimators': 602, 'min_samples_split': 0.2886716795641324, 'min_samples_leaf': 0.0010202762466732943, 'min_weight_fraction_leaf': 0.06803663656613365, 'max_features': 0.5103001086044519, 'bootstrap': False, 'max_samples': 0.7109066626265542}. Best is trial 113 with value: 0.8765162386776881.[0m
[32m[I 2022-04-13 12:22:39,473][0m Trial 265 finished with value: 0.8747812947743812 and parameters: {'n_estimators': 529, 'min_samples_split': 0.2756820404566215, 'min_samples_leaf': 0.0178127062269174, 'min_weight_fraction_leaf': 0.055473068654913464, 'max_features': 0.5312744778892289, 'bootstrap': False, 'max_samples': 0.6810801745913815}. Best is trial 113 with value: 0.8765162386776881.[0m
[32m[I 2022-04-13 12:22:47,307][0m Trial 266 finished with value: 0.8679475391140352 and parameters: {'n_estimators': 529, 'min_samples_split': 0.2793597636437087, 'min_samples_leaf': 0.03629537493098678, 'min_weight_fraction_leaf': 0.04960600894327465, 'max_features': 0.5387016431134413, 'bootstrap': True, 'max_samples': 0.6797910563779563, 'oob_score': False}. Best is trial 113 with value: 0.8765162386776881.[0m
[32m[I 2022-04-13 12:22:58,061][0m Trial 267 finished with value: 0.868382714936145 and parameters: {'n_estimators': 619, 'min_samples_split': 0.2531977445571227, 'min_samples_leaf': 0.01789585732599719, 'min_weight_fraction_leaf': 0.05466106305079688, 'max_features': 0.4823238511161235, 'bootstrap': False, 'max_samples': 0.6899370900601904}. Best is trial 113 with value: 0.8765162386776881.[0m
[32m[I 2022-04-13 12:23:11,335][0m Trial 268 finished with value: 0.8717313635138437 and parameters: {'n_estimators': 649, 'min_samples_split': 0.26358405074703795, 'min_samples_leaf': 0.013619105262611673, 'min_weight_fraction_leaf': 0.07685967773008784, 'max_features': 0.557362072834918, 'bootstrap': False, 'max_samples': 0.6666568540981529}. Best is trial 113 with value: 0.8765162386776881.[0m
[32m[I 2022-04-13 12:23:21,993][0m Trial 269 finished with value: 0.8755879471378358 and parameters: {'n_estimators': 569, 'min_samples_split': 0.2690152510473585, 'min_samples_leaf': 0.029297565491985214, 'min_weight_fraction_leaf': 0.06279467688541095, 'max_features': 0.5565059515451165, 'bootstrap': False, 'max_samples': 0.7480899530398301}. Best is trial 113 with value: 0.8765162386776881.[0m
