[32m[I 2022-04-13 12:03:42,247][0m Trial 162 finished with value: 0.8655267447124914 and parameters: {'n_estimators': 393, 'min_samples_split': 0.27670570668395095, 'min_samples_leaf': 0.02085562564821148, 'min_weight_fraction_leaf': 0.02086593260895776, 'max_features': 0.6253914712446524, 'bootstrap': False, 'max_samples': 0.733660461002111}. Best is trial 113 with value: 0.8765162386776881.[0m
[32m[I 2022-04-13 12:03:49,003][0m Trial 163 finished with value: 0.767307320268665 and parameters: {'n_estimators': 763, 'min_samples_split': 0.28890932084565674, 'min_samples_leaf': 0.415047359458358, 'min_weight_fraction_leaf': 0.37118015836071594, 'max_features': 0.6010451575350443, 'bootstrap': False, 'max_samples': 0.536265908466791}. Best is trial 113 with value: 0.8765162386776881.[0m
[32m[I 2022-04-13 12:03:57,959][0m Trial 164 finished with value: 0.8680344487118046 and parameters: {'n_estimators': 431, 'min_samples_split': 0.30523093638484355, 'min_samples_leaf': 0.03652773755698695, 'min_weight_fraction_leaf': 0.020049995221612785, 'max_features': 0.6459577436892928, 'bootstrap': False, 'max_samples': 0.7723635819280353}. Best is trial 113 with value: 0.8765162386776881.[0m
[32m[I 2022-04-13 12:04:20,621][0m Trial 165 finished with value: 0.8617364824690299 and parameters: {'n_estimators': 867, 'min_samples_split': 0.23303471803272352, 'min_samples_leaf': 0.013042116039316654, 'min_weight_fraction_leaf': 0.05406867787901321, 'max_features': 0.6667955573923166, 'bootstrap': False, 'max_samples': 0.734584933148245}. Best is trial 113 with value: 0.8765162386776881.[0m
[32m[I 2022-04-13 12:04:32,201][0m Trial 166 finished with value: 0.8688703223949734 and parameters: {'n_estimators': 552, 'min_samples_split': 0.25789726720633527, 'min_samples_leaf': 0.05438978682823067, 'min_weight_fraction_leaf': 0.09244897491446674, 'max_features': 0.6261618909626624, 'bootstrap': False, 'max_samples': 0.8525976324904393}. Best is trial 113 with value: 0.8765162386776881.[0m
[32m[I 2022-04-13 12:04:46,742][0m Trial 167 finished with value: 0.8743870639664669 and parameters: {'n_estimators': 711, 'min_samples_split': 0.24313887688381436, 'min_samples_leaf': 0.024107708399021186, 'min_weight_fraction_leaf': 0.04046749829264598, 'max_features': 0.5791829620520375, 'bootstrap': False, 'max_samples': 0.6113834473483015}. Best is trial 113 with value: 0.8765162386776881.[0m
[32m[I 2022-04-13 12:05:00,243][0m Trial 168 finished with value: 0.8674106584305685 and parameters: {'n_estimators': 704, 'min_samples_split': 0.21463156792596622, 'min_samples_leaf': 0.02603376498257874, 'min_weight_fraction_leaf': 0.04431609591451287, 'max_features': 0.6017240023982028, 'bootstrap': True, 'max_samples': 0.6053332808476819, 'oob_score': True}. Best is trial 113 with value: 0.8765162386776881.[0m
[32m[I 2022-04-13 12:05:13,425][0m Trial 169 finished with value: 0.8719313501189937 and parameters: {'n_estimators': 725, 'min_samples_split': 0.24454043975845546, 'min_samples_leaf': 0.002345612312441925, 'min_weight_fraction_leaf': 0.06487028722486707, 'max_features': 0.5821404330722052, 'bootstrap': False, 'max_samples': 0.6754224224833555}. Best is trial 113 with value: 0.8765162386776881.[0m
[32m[I 2022-04-13 12:05:26,128][0m Trial 170 finished with value: 0.8689224246259816 and parameters: {'n_estimators': 676, 'min_samples_split': 0.3507435726152431, 'min_samples_leaf': 0.017799983202605694, 'min_weight_fraction_leaf': 0.030797075306361416, 'max_features': 0.7133217978294217, 'bootstrap': False, 'max_samples': 0.5817267764175358}. Best is trial 113 with value: 0.8765162386776881.[0m
[32m[I 2022-04-13 12:05:45,883][0m Trial 171 finished with value: 0.8673080533493807 and parameters: {'n_estimators': 931, 'min_samples_split': 0.2697536924662011, 'min_samples_leaf': 0.037455456438810056, 'min_weight_fraction_leaf': 0.025980138637169907, 'max_features': 0.6441517281021149, 'bootstrap': False, 'max_samples': 0.7563644543421246}. Best is trial 113 with value: 0.8765162386776881.[0m
[32m[I 2022-04-13 12:05:54,205][0m Trial 172 finished with value: 0.8395742715536898 and parameters: {'n_estimators': 610, 'min_samples_split': 0.2510797637972603, 'min_samples_leaf': 0.04956213962934611, 'min_weight_fraction_leaf': 0.2614343265837904, 'max_features': 0.6130031030365193, 'bootstrap': False, 'max_samples': 0.7836689961591755}. Best is trial 113 with value: 0.8765162386776881.[0m
[32m[I 2022-04-13 12:06:02,878][0m Trial 173 finished with value: 0.869479066169659 and parameters: {'n_estimators': 421, 'min_samples_split': 0.2725354591394367, 'min_samples_leaf': 0.02848248144274849, 'min_weight_fraction_leaf': 0.03797862830067602, 'max_features': 0.5483465591815833, 'bootstrap': False, 'max_samples': 0.6423313056092262}. Best is trial 113 with value: 0.8765162386776881.[0m
[32m[I 2022-04-13 12:06:17,568][0m Trial 174 finished with value: 0.8617364824690299 and parameters: {'n_estimators': 770, 'min_samples_split': 0.23137705331379982, 'min_samples_leaf': 0.06534593896849339, 'min_weight_fraction_leaf': 0.017353710253977365, 'max_features': 0.6894591533142355, 'bootstrap': False, 'max_samples': 0.8109076805849478}. Best is trial 113 with value: 0.8765162386776881.[0m
[32m[I 2022-04-13 12:06:25,774][0m Trial 175 finished with value: 0.871507008086349 and parameters: {'n_estimators': 363, 'min_samples_split': 0.26147143006939866, 'min_samples_leaf': 0.03920863363407143, 'min_weight_fraction_leaf': 0.054987765561620924, 'max_features': 0.5813376861244397, 'bootstrap': False, 'max_samples': 0.6850467915965631}. Best is trial 113 with value: 0.8765162386776881.[0m
[32m[I 2022-04-13 12:06:33,218][0m Trial 176 finished with value: 0.8697273900237332 and parameters: {'n_estimators': 386, 'min_samples_split': 0.2941748278179056, 'min_samples_leaf': 0.05333395817066167, 'min_weight_fraction_leaf': 0.030895099089151896, 'max_features': 0.5265447099665665, 'bootstrap': False, 'max_samples': 0.6263138225017301}. Best is trial 113 with value: 0.8765162386776881.[0m
[32m[I 2022-04-13 12:06:52,506][0m Trial 177 finished with value: 0.8650735241541382 and parameters: {'n_estimators': 841, 'min_samples_split': 0.24226554508948142, 'min_samples_leaf': 0.019243488126204022, 'min_weight_fraction_leaf': 0.01126502323024322, 'max_features': 0.6574850359832064, 'bootstrap': False, 'max_samples': 0.7009609377327306}. Best is trial 113 with value: 0.8765162386776881.[0m
[32m[I 2022-04-13 12:07:03,737][0m Trial 178 finished with value: 0.8748738351372113 and parameters: {'n_estimators': 553, 'min_samples_split': 0.2820767271637289, 'min_samples_leaf': 0.03430158764984478, 'min_weight_fraction_leaf': 0.04462094599493541, 'max_features': 0.6138712840802713, 'bootstrap': False, 'max_samples': 0.7271827589805557}. Best is trial 113 with value: 0.8765162386776881.[0m
[32m[I 2022-04-13 12:07:14,596][0m Trial 179 finished with value: 0.8748738351372113 and parameters: {'n_estimators': 549, 'min_samples_split': 0.2845424859221624, 'min_samples_leaf': 0.007385728742973441, 'min_weight_fraction_leaf': 0.04715078087449476, 'max_features': 0.5962000436489218, 'bootstrap': False, 'max_samples': 0.6649106090774013}. Best is trial 113 with value: 0.8765162386776881.[0m
[32m[I 2022-04-13 12:07:24,552][0m Trial 180 finished with value: 0.8748738351372113 and parameters: {'n_estimators': 511, 'min_samples_split': 0.2869638224311537, 'min_samples_leaf': 0.009290931017833709, 'min_weight_fraction_leaf': 0.045132480737519166, 'max_features': 0.5892081314839045, 'bootstrap': False, 'max_samples': 0.6608155959854749}. Best is trial 113 with value: 0.8765162386776881.[0m
[32m[I 2022-04-13 12:07:34,680][0m Trial 181 finished with value: 0.8748738351372113 and parameters: {'n_estimators': 554, 'min_samples_split': 0.28199049148408367, 'min_samples_leaf': 0.006426509074177836, 'min_weight_fraction_leaf': 0.0497464768131875, 'max_features': 0.578689080527798, 'bootstrap': False, 'max_samples': 0.6619386291000289}. Best is trial 113 with value: 0.8765162386776881.[0m
[32m[I 2022-04-13 12:07:44,614][0m Trial 182 finished with value: 0.8747781975259828 and parameters: {'n_estimators': 509, 'min_samples_split': 0.28373645890446303, 'min_samples_leaf': 0.006161222934272209, 'min_weight_fraction_leaf': 0.06060506674800229, 'max_features': 0.5898758740146004, 'bootstrap': False, 'max_samples': 0.6609416396941413}. Best is trial 113 with value: 0.8765162386776881.[0m
[32m[I 2022-04-13 12:07:54,861][0m Trial 183 finished with value: 0.8719392418327138 and parameters: {'n_estimators': 503, 'min_samples_split': 0.29946280165550915, 'min_samples_leaf': 0.005358212325903016, 'min_weight_fraction_leaf': 0.05368043026411846, 'max_features': 0.5951057015023428, 'bootstrap': False, 'max_samples': 0.6709217174465876}. Best is trial 113 with value: 0.8765162386776881.[0m
[32m[I 2022-04-13 12:08:04,651][0m Trial 184 finished with value: 0.8722761694847649 and parameters: {'n_estimators': 531, 'min_samples_split': 0.2838729217748974, 'min_samples_leaf': 0.00437798067544368, 'min_weight_fraction_leaf': 0.06634782762562971, 'max_features': 0.5883181177125472, 'bootstrap': False, 'max_samples': 0.7191970248424607}. Best is trial 113 with value: 0.8765162386776881.[0m
[32m[I 2022-04-13 12:08:13,577][0m Trial 185 finished with value: 0.8679649410339618 and parameters: {'n_estimators': 488, 'min_samples_split': 0.28820834364831033, 'min_samples_leaf': 0.017834831124533372, 'min_weight_fraction_leaf': 0.07970716491007325, 'max_features': 0.579035916673574, 'bootstrap': False, 'max_samples': 0.6555765879993445}. Best is trial 113 with value: 0.8765162386776881.[0m
[32m[I 2022-04-13 12:08:22,544][0m Trial 186 finished with value: 0.8718277541811723 and parameters: {'n_estimators': 554, 'min_samples_split': 0.3141529692508029, 'min_samples_leaf': 0.02665138827015926, 'min_weight_fraction_leaf': 0.059328531361023625, 'max_features': 0.6098902260190938, 'bootstrap': False, 'max_samples': 0.7090393410243231}. Best is trial 113 with value: 0.8765162386776881.[0m
[32m[I 2022-04-13 12:08:34,112][0m Trial 187 finished with value: 0.8748738351372113 and parameters: {'n_estimators': 582, 'min_samples_split': 0.27856822488215843, 'min_samples_leaf': 0.009684401281369019, 'min_weight_fraction_leaf': 0.04352772443906188, 'max_features': 0.5746121426531098, 'bootstrap': False, 'max_samples': 0.761304842382692}. Best is trial 113 with value: 0.8765162386776881.[0m
[32m[I 2022-04-13 12:08:45,540][0m Trial 188 finished with value: 0.8735971199028748 and parameters: {'n_estimators': 581, 'min_samples_split': 0.30219997545941324, 'min_samples_leaf': 0.0024160994558291293, 'min_weight_fraction_leaf': 0.04052665781506582, 'max_features': 0.6207423923990357, 'bootstrap': False, 'max_samples': 0.7712456413564548}. Best is trial 113 with value: 0.8765162386776881.[0m
[32m[I 2022-04-13 12:08:55,875][0m Trial 189 finished with value: 0.8680696073812634 and parameters: {'n_estimators': 509, 'min_samples_split': 0.3286873958948448, 'min_samples_leaf': 0.010788156261522902, 'min_weight_fraction_leaf': 0.03477165537785222, 'max_features': 0.5700236227827024, 'bootstrap': False, 'max_samples': 0.7293239628225574}. Best is trial 113 with value: 0.8765162386776881.[0m
[32m[I 2022-04-13 12:09:06,813][0m Trial 190 finished with value: 0.8722761694847649 and parameters: {'n_estimators': 537, 'min_samples_split': 0.28028802595757574, 'min_samples_leaf': 0.016109032077744116, 'min_weight_fraction_leaf': 0.06997454850543416, 'max_features': 0.5940536180490849, 'bootstrap': False, 'max_samples': 0.7552452178557656}. Best is trial 113 with value: 0.8765162386776881.[0m
[32m[I 2022-04-13 12:09:18,602][0m Trial 191 finished with value: 0.874008535854475 and parameters: {'n_estimators': 637, 'min_samples_split': 0.28029310414696607, 'min_samples_leaf': 0.028787471359399266, 'min_weight_fraction_leaf': 0.04772465194296341, 'max_features': 0.5669776856298326, 'bootstrap': False, 'max_samples': 0.690847543005535}. Best is trial 113 with value: 0.8765162386776881.[0m
[32m[I 2022-04-13 12:09:31,443][0m Trial 192 finished with value: 0.874008535854475 and parameters: {'n_estimators': 647, 'min_samples_split': 0.28347194692813277, 'min_samples_leaf': 0.026975802275000266, 'min_weight_fraction_leaf': 0.04675717312711108, 'max_features': 0.5689728889846534, 'bootstrap': False, 'max_samples': 0.6973840787165997}. Best is trial 113 with value: 0.8765162386776881.[0m
[32m[I 2022-04-13 12:09:43,122][0m Trial 193 finished with value: 0.8698301342952973 and parameters: {'n_estimators': 589, 'min_samples_split': 0.2930836870803099, 'min_samples_leaf': 0.01039073320945529, 'min_weight_fraction_leaf': 0.030924736333965957, 'max_features': 0.6134232437523669, 'bootstrap': False, 'max_samples': 0.8027550020853518}. Best is trial 113 with value: 0.8765162386776881.[0m
[32m[I 2022-04-13 12:09:49,842][0m Trial 194 finished with value: 0.7126933834326028 and parameters: {'n_estimators': 684, 'min_samples_split': 0.2734904499199177, 'min_samples_leaf': 0.4992823185608501, 'min_weight_fraction_leaf': 0.060671046410441395, 'max_features': 0.6361552052279483, 'bootstrap': False, 'max_samples': 0.7036763900937508}. Best is trial 113 with value: 0.8765162386776881.[0m
[32m[I 2022-04-13 12:10:02,072][0m Trial 195 finished with value: 0.8735971199028748 and parameters: {'n_estimators': 572, 'min_samples_split': 0.29187897624585685, 'min_samples_leaf': 0.020067118702305077, 'min_weight_fraction_leaf': 0.041149491610181235, 'max_features': 0.5372167748072612, 'bootstrap': False, 'max_samples': 0.666047765415633}. Best is trial 113 with value: 0.8765162386776881.[0m
[32m[I 2022-04-13 12:10:14,973][0m Trial 196 finished with value: 0.8717061896328853 and parameters: {'n_estimators': 621, 'min_samples_split': 0.27862352453804223, 'min_samples_leaf': 0.03233680868993926, 'min_weight_fraction_leaf': 0.027362699886070894, 'max_features': 0.5966159691056144, 'bootstrap': False, 'max_samples': 0.7562523047379501}. Best is trial 113 with value: 0.8765162386776881.[0m
[32m[I 2022-04-13 12:10:21,763][0m Trial 197 finished with value: 0.8341307503481026 and parameters: {'n_estimators': 598, 'min_samples_split': 0.30134788463306506, 'min_samples_leaf': 0.2889855554503791, 'min_weight_fraction_leaf': 0.04367223423076984, 'max_features': 0.5758343250528831, 'bootstrap': False, 'max_samples': 0.6855411621102119}. Best is trial 113 with value: 0.8765162386776881.[0m
[32m[I 2022-04-13 12:10:31,729][0m Trial 198 finished with value: 0.868912431705047 and parameters: {'n_estimators': 484, 'min_samples_split': 0.31249073305152913, 'min_samples_leaf': 0.02511708946697755, 'min_weight_fraction_leaf': 0.056595166706620306, 'max_features': 0.6686937800964866, 'bootstrap': False, 'max_samples': 0.727718339284025}. Best is trial 113 with value: 0.8765162386776881.[0m
[32m[I 2022-04-13 12:10:40,084][0m Trial 199 finished with value: 0.868608990084474 and parameters: {'n_estimators': 514, 'min_samples_split': 0.27460806472350396, 'min_samples_leaf': 0.004343215354603181, 'min_weight_fraction_leaf': 0.03653656317322426, 'max_features': 0.5109794441633689, 'bootstrap': True, 'max_samples': 0.6504654706694453, 'oob_score': False}. Best is trial 113 with value: 0.8765162386776881.[0m
[32m[I 2022-04-13 12:10:47,476][0m Trial 200 finished with value: 0.852291848031214 and parameters: {'n_estimators': 548, 'min_samples_split': 0.28550137878603254, 'min_samples_leaf': 0.03504858943660244, 'min_weight_fraction_leaf': 0.02139302141146112, 'max_features': 0.19580218594200544, 'bootstrap': False, 'max_samples': 0.9550467245086088}. Best is trial 113 with value: 0.8765162386776881.[0m
[32m[I 2022-04-13 12:10:59,058][0m Trial 201 finished with value: 0.874008535854475 and parameters: {'n_estimators': 647, 'min_samples_split': 0.27778947974991935, 'min_samples_leaf': 0.024864912223497924, 'min_weight_fraction_leaf': 0.04891605624959918, 'max_features': 0.5730603011382502, 'bootstrap': False, 'max_samples': 0.6896568169376607}. Best is trial 113 with value: 0.8765162386776881.[0m
[32m[I 2022-04-13 12:11:11,140][0m Trial 202 finished with value: 0.8732018834910203 and parameters: {'n_estimators': 643, 'min_samples_split': 0.28667430825574275, 'min_samples_leaf': 0.01514534266981128, 'min_weight_fraction_leaf': 0.046468608002709855, 'max_features': 0.554654000926554, 'bootstrap': False, 'max_samples': 0.7034982938788952}. Best is trial 113 with value: 0.8765162386776881.[0m
[32m[I 2022-04-13 12:11:25,739][0m Trial 203 finished with value: 0.8704530166607304 and parameters: {'n_estimators': 691, 'min_samples_split': 0.2637293787153051, 'min_samples_leaf': 0.0013310075847972822, 'min_weight_fraction_leaf': 0.031091888889604614, 'max_features': 0.6150711210389843, 'bootstrap': False, 'max_samples': 0.6663529572882092}. Best is trial 113 with value: 0.8765162386776881.[0m
[32m[I 2022-04-13 12:11:36,653][0m Trial 204 finished with value: 0.8713525157788731 and parameters: {'n_estimators': 628, 'min_samples_split': 0.29787981122727797, 'min_samples_leaf': 0.027431726372920642, 'min_weight_fraction_leaf': 0.06297115924246462, 'max_features': 0.5674079640357075, 'bootstrap': False, 'max_samples': 0.7830259910242512}. Best is trial 113 with value: 0.8765162386776881.[0m
[32m[I 2022-04-13 12:11:48,422][0m Trial 205 finished with value: 0.8755879471378358 and parameters: {'n_estimators': 568, 'min_samples_split': 0.2710755900142625, 'min_samples_leaf': 0.01740060529247643, 'min_weight_fraction_leaf': 0.0548266980028438, 'max_features': 0.5857936932092865, 'bootstrap': False, 'max_samples': 0.6870969267533585}. Best is trial 113 with value: 0.8765162386776881.[0m
[32m[I 2022-04-13 12:11:58,426][0m Trial 206 finished with value: 0.8717313635138437 and parameters: {'n_estimators': 525, 'min_samples_split': 0.2633819325408116, 'min_samples_leaf': 0.013248377778476029, 'min_weight_fraction_leaf': 0.07678123411302784, 'max_features': 0.5962347473658053, 'bootstrap': False, 'max_samples': 0.7448471401603126}. Best is trial 113 with value: 0.8765162386776881.[0m
[32m[I 2022-04-13 12:12:11,741][0m Trial 207 finished with value: 0.8680176440465752 and parameters: {'n_estimators': 567, 'min_samples_split': 0.2726526212278972, 'min_samples_leaf': 0.020320012329599586, 'min_weight_fraction_leaf': 0.05422734828207112, 'max_features': 0.6393974999881481, 'bootstrap': False, 'max_samples': 0.6789548249531635}. Best is trial 113 with value: 0.8765162386776881.[0m
[32m[I 2022-04-13 12:12:23,452][0m Trial 208 finished with value: 0.8711808809899318 and parameters: {'n_estimators': 546, 'min_samples_split': 0.25505207020239357, 'min_samples_leaf': 0.03132537037618717, 'min_weight_fraction_leaf': 0.019928803469102974, 'max_features': 0.6190085959689116, 'bootstrap': False, 'max_samples': 0.6519221931876695}. Best is trial 113 with value: 0.8765162386776881.[0m
[32m[I 2022-04-13 12:12:32,990][0m Trial 209 finished with value: 0.8729814176114203 and parameters: {'n_estimators': 499, 'min_samples_split': 0.29005612082411897, 'min_samples_leaf': 0.009909383762810637, 'min_weight_fraction_leaf': 0.04112592288268119, 'max_features': 0.5972908815829725, 'bootstrap': False, 'max_samples': 0.719903229876503}. Best is trial 113 with value: 0.8765162386776881.[0m
[32m[I 2022-04-13 12:12:40,276][0m Trial 210 finished with value: 0.8442542845470857 and parameters: {'n_estimators': 593, 'min_samples_split': 0.2680347447200446, 'min_samples_leaf': 0.24745966972615394, 'min_weight_fraction_leaf': 0.029909178831688595, 'max_features': 0.5422886653657429, 'bootstrap': False, 'max_samples': 0.8659165846625224}. Best is trial 113 with value: 0.8765162386776881.[0m
[32m[I 2022-04-13 12:12:55,059][0m Trial 211 finished with value: 0.873729962625579 and parameters: {'n_estimators': 740, 'min_samples_split': 0.2793935472926473, 'min_samples_leaf': 0.02107235050822572, 'min_weight_fraction_leaf': 0.049282031793351416, 'max_features': 0.577107131476138, 'bootstrap': False, 'max_samples': 0.6972474355952394}. Best is trial 113 with value: 0.8765162386776881.[0m
[32m[I 2022-04-13 12:13:08,898][0m Trial 212 finished with value: 0.8750012210839951 and parameters: {'n_estimators': 669, 'min_samples_split': 0.27403784344621285, 'min_samples_leaf': 0.03749893289654989, 'min_weight_fraction_leaf': 0.0629143423516146, 'max_features': 0.5819937827301548, 'bootstrap': False, 'max_samples': 0.6881194380722157}. Best is trial 113 with value: 0.8765162386776881.[0m
[32m[I 2022-04-13 12:13:19,914][0m Trial 213 finished with value: 0.8717313635138437 and parameters: {'n_estimators': 568, 'min_samples_split': 0.2723924372226759, 'min_samples_leaf': 0.04043137500734849, 'min_weight_fraction_leaf': 0.07160710114483566, 'max_features': 0.5917829432889912, 'bootstrap': False, 'max_samples': 0.6118815329988373}. Best is trial 113 with value: 0.8765162386776881.[0m
[32m[I 2022-04-13 12:13:26,263][0m Trial 214 finished with value: 0.8650752539570652 and parameters: {'n_estimators': 266, 'min_samples_split': 0.257261021580906, 'min_samples_leaf': 0.05191608824443273, 'min_weight_fraction_leaf': 0.06179305314574052, 'max_features': 0.6523511424282853, 'bootstrap': False, 'max_samples': 0.7246359626026734}. Best is trial 113 with value: 0.8765162386776881.[0m
[32m[I 2022-04-13 12:13:38,918][0m Trial 215 finished with value: 0.8695089436056733 and parameters: {'n_estimators': 715, 'min_samples_split': 0.3064978754058708, 'min_samples_leaf': 0.03419085270788391, 'min_weight_fraction_leaf': 0.03765801109463027, 'max_features': 0.621206938139276, 'bootstrap': False, 'max_samples': 0.7661701991147329}. Best is trial 113 with value: 0.8765162386776881.[0m
