[32m[I 2022-04-13 14:07:53,429][0m Trial 810 finished with value: 0.8678189017199726 and parameters: {'n_estimators': 528, 'min_samples_split': 0.2907623109934755, 'min_samples_leaf': 0.02535646652368827, 'min_weight_fraction_leaf': 0.03611191009869658, 'max_features': 0.7184036744857129, 'bootstrap': False, 'max_samples': 0.5244750333441414}. Best is trial 480 with value: 0.8778163779435968.[0m
[32m[I 2022-04-13 14:08:01,544][0m Trial 811 finished with value: 0.7456668785711711 and parameters: {'n_estimators': 558, 'min_samples_split': 0.2674091265702913, 'min_samples_leaf': 0.04250209642920789, 'min_weight_fraction_leaf': 0.42449074212045185, 'max_features': 0.6334789079124848, 'bootstrap': False, 'max_samples': 0.602735783180555}. Best is trial 480 with value: 0.8778163779435968.[0m
[32m[I 2022-04-13 14:08:14,439][0m Trial 812 finished with value: 0.8715960586024529 and parameters: {'n_estimators': 471, 'min_samples_split': 0.25793446719576424, 'min_samples_leaf': 0.0332200916991925, 'min_weight_fraction_leaf': 0.04557488610613064, 'max_features': 0.6618048613326054, 'bootstrap': False, 'max_samples': 0.5955915039563507}. Best is trial 480 with value: 0.8778163779435968.[0m
[32m[I 2022-04-13 14:08:26,545][0m Trial 813 finished with value: 0.8656795476566856 and parameters: {'n_estimators': 520, 'min_samples_split': 0.23836709654754942, 'min_samples_leaf': 0.0585641137914581, 'min_weight_fraction_leaf': 0.02094741572315737, 'max_features': 0.6921073725329414, 'bootstrap': False, 'max_samples': 0.6179057242208396}. Best is trial 480 with value: 0.8778163779435968.[0m
[32m[I 2022-04-13 14:08:40,924][0m Trial 814 finished with value: 0.8718089605417214 and parameters: {'n_estimators': 582, 'min_samples_split': 0.2523755602981968, 'min_samples_leaf': 0.046780291382409106, 'min_weight_fraction_leaf': 0.05250688841333832, 'max_features': 0.6779994068978651, 'bootstrap': False, 'max_samples': 0.5794078769755248}. Best is trial 480 with value: 0.8778163779435968.[0m
[32m[I 2022-04-13 14:08:49,955][0m Trial 815 finished with value: 0.8567978788105467 and parameters: {'n_estimators': 549, 'min_samples_split': 0.30576330616311376, 'min_samples_leaf': 0.07235263280524973, 'min_weight_fraction_leaf': 0.009257284232246636, 'max_features': 0.7548149652890134, 'bootstrap': True, 'max_samples': 0.33012327226277904, 'oob_score': True}. Best is trial 480 with value: 0.8778163779435968.[0m
[32m[I 2022-04-13 14:09:02,271][0m Trial 816 finished with value: 0.8724246628331759 and parameters: {'n_estimators': 497, 'min_samples_split': 0.26215332816855885, 'min_samples_leaf': 0.050358677109219804, 'min_weight_fraction_leaf': 0.0266351748566592, 'max_features': 0.656211737216332, 'bootstrap': False, 'max_samples': 0.591992333499195}. Best is trial 480 with value: 0.8778163779435968.[0m
[32m[I 2022-04-13 14:09:17,664][0m Trial 817 finished with value: 0.8765162386776881 and parameters: {'n_estimators': 573, 'min_samples_split': 0.2698769973664776, 'min_samples_leaf': 0.02571064596056845, 'min_weight_fraction_leaf': 0.039502235932724325, 'max_features': 0.702017975635266, 'bootstrap': False, 'max_samples': 0.5692623914601421}. Best is trial 480 with value: 0.8778163779435968.[0m
[32m[I 2022-04-13 14:09:32,183][0m Trial 818 finished with value: 0.867202129048939 and parameters: {'n_estimators': 533, 'min_samples_split': 0.28279077155767085, 'min_samples_leaf': 0.02275787875134253, 'min_weight_fraction_leaf': 0.01980178365350522, 'max_features': 0.7348795710591037, 'bootstrap': False, 'max_samples': 0.5527385801166307}. Best is trial 480 with value: 0.8778163779435968.[0m
[32m[I 2022-04-13 14:09:47,555][0m Trial 819 finished with value: 0.8765162386776881 and parameters: {'n_estimators': 567, 'min_samples_split': 0.273572072375258, 'min_samples_leaf': 0.024652171502296604, 'min_weight_fraction_leaf': 0.04916402777086862, 'max_features': 0.7054613532314289, 'bootstrap': False, 'max_samples': 0.6023610036480049}. Best is trial 480 with value: 0.8778163779435968.[0m
[32m[I 2022-04-13 14:10:00,746][0m Trial 820 finished with value: 0.8697526928564592 and parameters: {'n_estimators': 511, 'min_samples_split': 0.28325376590612, 'min_samples_leaf': 0.026374710170262286, 'min_weight_fraction_leaf': 0.05307555911377235, 'max_features': 0.702899339556288, 'bootstrap': False, 'max_samples': 0.5729307702040155}. Best is trial 480 with value: 0.8778163779435968.[0m
[32m[I 2022-04-13 14:10:04,756][0m Trial 821 finished with value: 0.8309057573130282 and parameters: {'n_estimators': 174, 'min_samples_split': 0.2995426833819317, 'min_samples_leaf': 0.29189415381121375, 'min_weight_fraction_leaf': 0.049702498626252964, 'max_features': 0.7652570934237161, 'bootstrap': False, 'max_samples': 0.5406463516579917}. Best is trial 480 with value: 0.8778163779435968.[0m
[32m[I 2022-04-13 14:10:13,408][0m Trial 822 finished with value: 0.8735859012912346 and parameters: {'n_estimators': 282, 'min_samples_split': 0.2737285303937103, 'min_samples_leaf': 0.020758263132201082, 'min_weight_fraction_leaf': 0.051159374638481164, 'max_features': 0.7039845280055232, 'bootstrap': False, 'max_samples': 0.5754815699743513}. Best is trial 480 with value: 0.8778163779435968.[0m
[32m[I 2022-04-13 14:10:28,087][0m Trial 823 finished with value: 0.8710402796913691 and parameters: {'n_estimators': 551, 'min_samples_split': 0.28755227606563855, 'min_samples_leaf': 0.024016674487061702, 'min_weight_fraction_leaf': 0.03437304334188776, 'max_features': 0.7297520962469576, 'bootstrap': False, 'max_samples': 0.5461734218808941}. Best is trial 480 with value: 0.8778163779435968.[0m
[32m[I 2022-04-13 14:10:42,475][0m Trial 824 finished with value: 0.8773074922381939 and parameters: {'n_estimators': 523, 'min_samples_split': 0.27818286602931874, 'min_samples_leaf': 0.022050711574204174, 'min_weight_fraction_leaf': 0.04368937849818929, 'max_features': 0.7215855701263562, 'bootstrap': False, 'max_samples': 0.5615556532405562}. Best is trial 480 with value: 0.8778163779435968.[0m
[32m[I 2022-04-13 14:10:55,229][0m Trial 825 finished with value: 0.8748979213911264 and parameters: {'n_estimators': 486, 'min_samples_split': 0.29560759258062635, 'min_samples_leaf': 0.019550194536405052, 'min_weight_fraction_leaf': 0.05119487249669749, 'max_features': 0.7465883060556268, 'bootstrap': False, 'max_samples': 0.533344740113076}. Best is trial 480 with value: 0.8778163779435968.[0m
[32m[I 2022-04-13 14:11:08,321][0m Trial 826 finished with value: 0.8740567428184894 and parameters: {'n_estimators': 500, 'min_samples_split': 0.31117155823665543, 'min_samples_leaf': 0.019414797421370953, 'min_weight_fraction_leaf': 0.04515922570298966, 'max_features': 0.7261377167649788, 'bootstrap': False, 'max_samples': 0.4977224067680209}. Best is trial 480 with value: 0.8778163779435968.[0m
[32m[I 2022-04-13 14:11:21,686][0m Trial 827 finished with value: 0.8596610206877319 and parameters: {'n_estimators': 463, 'min_samples_split': 0.28225605015334987, 'min_samples_leaf': 0.022864083239455074, 'min_weight_fraction_leaf': 0.05936745217988687, 'max_features': 0.77126104863415, 'bootstrap': False, 'max_samples': 0.5893040817508153}. Best is trial 480 with value: 0.8778163779435968.[0m
[32m[I 2022-04-13 14:11:36,829][0m Trial 828 finished with value: 0.8699240545075535 and parameters: {'n_estimators': 516, 'min_samples_split': 0.19553386704070952, 'min_samples_leaf': 0.02675766042838143, 'min_weight_fraction_leaf': 0.04518986042171423, 'max_features': 0.7402044882282871, 'bootstrap': False, 'max_samples': 0.6119214466706308}. Best is trial 480 with value: 0.8778163779435968.[0m
[32m[I 2022-04-13 14:11:50,385][0m Trial 829 finished with value: 0.8778163779435968 and parameters: {'n_estimators': 533, 'min_samples_split': 0.28810037959604234, 'min_samples_leaf': 0.017640534738531763, 'min_weight_fraction_leaf': 0.05235212201715992, 'max_features': 0.6841776584216044, 'bootstrap': False, 'max_samples': 0.5607629207144382}. Best is trial 480 with value: 0.8778163779435968.[0m
[32m[I 2022-04-13 14:12:03,177][0m Trial 830 finished with value: 0.868912431705047 and parameters: {'n_estimators': 478, 'min_samples_split': 0.30503378704944856, 'min_samples_leaf': 0.016328037253882998, 'min_weight_fraction_leaf': 0.05905295077576528, 'max_features': 0.6912075607536161, 'bootstrap': False, 'max_samples': 0.22087942735203908}. Best is trial 480 with value: 0.8778163779435968.[0m
[32m[I 2022-04-13 14:12:16,910][0m Trial 831 finished with value: 0.8712167649470958 and parameters: {'n_estimators': 525, 'min_samples_split': 0.29549203189254963, 'min_samples_leaf': 0.014362351979886716, 'min_weight_fraction_leaf': 0.05270455700600547, 'max_features': 0.717658931016737, 'bootstrap': False, 'max_samples': 0.5642982121874742}. Best is trial 480 with value: 0.8778163779435968.[0m
[32m[I 2022-04-13 14:12:24,249][0m Trial 832 finished with value: 0.8693828286539844 and parameters: {'n_estimators': 232, 'min_samples_split': 0.3049345130828852, 'min_samples_leaf': 0.018818963863592227, 'min_weight_fraction_leaf': 0.05505207734313186, 'max_features': 0.6890474210974816, 'bootstrap': False, 'max_samples': 0.5575912368586917}. Best is trial 480 with value: 0.8778163779435968.[0m
[32m[I 2022-04-13 14:12:35,913][0m Trial 833 finished with value: 0.8688373761101472 and parameters: {'n_estimators': 499, 'min_samples_split': 0.3155696618697526, 'min_samples_leaf': 0.025327669338926412, 'min_weight_fraction_leaf': 0.059953523548279535, 'max_features': 0.7114131971838665, 'bootstrap': False, 'max_samples': 0.5658330501298854}. Best is trial 480 with value: 0.8778163779435968.[0m
[32m[I 2022-04-13 14:12:49,525][0m Trial 834 finished with value: 0.8747132644566367 and parameters: {'n_estimators': 529, 'min_samples_split': 0.29025124207822717, 'min_samples_leaf': 0.015584367572408404, 'min_weight_fraction_leaf': 0.0448983546185131, 'max_features': 0.7484797403226261, 'bootstrap': False, 'max_samples': 0.46583413583177574}. Best is trial 480 with value: 0.8778163779435968.[0m
[32m[I 2022-04-13 14:13:04,604][0m Trial 835 finished with value: 0.8609114042502755 and parameters: {'n_estimators': 435, 'min_samples_split': 0.11274553981158517, 'min_samples_leaf': 0.028941234450327778, 'min_weight_fraction_leaf': 0.06803355733466698, 'max_features': 0.8119195043383715, 'bootstrap': False, 'max_samples': 0.576121593858059}. Best is trial 480 with value: 0.8778163779435968.[0m
[32m[I 2022-04-13 14:13:13,663][0m Trial 836 finished with value: 0.8643277767009472 and parameters: {'n_estimators': 491, 'min_samples_split': 0.28850263029731965, 'min_samples_leaf': 0.017314325373729643, 'min_weight_fraction_leaf': 0.05075492644204138, 'max_features': 0.6920318272549818, 'bootstrap': True, 'max_samples': 0.5593419511244759, 'oob_score': False}. Best is trial 480 with value: 0.8778163779435968.[0m
[32m[I 2022-04-13 14:13:21,754][0m Trial 837 finished with value: 0.8502921155689519 and parameters: {'n_estimators': 518, 'min_samples_split': 0.3009977842221803, 'min_samples_leaf': 0.03013590359169421, 'min_weight_fraction_leaf': 0.042704047199928374, 'max_features': 0.008099909425828944, 'bootstrap': False, 'max_samples': 0.5938176514611513}. Best is trial 480 with value: 0.8778163779435968.[0m
[32m[I 2022-04-13 14:13:34,325][0m Trial 838 finished with value: 0.8716786373085373 and parameters: {'n_estimators': 541, 'min_samples_split': 0.2825617621047953, 'min_samples_leaf': 0.029747159176684065, 'min_weight_fraction_leaf': 0.03656462839631068, 'max_features': 0.7242884357469506, 'bootstrap': False, 'max_samples': 0.5964032068507737}. Best is trial 480 with value: 0.8778163779435968.[0m
[32m[I 2022-04-13 14:13:46,262][0m Trial 839 finished with value: 0.8719392838246021 and parameters: {'n_estimators': 461, 'min_samples_split': 0.292870682928311, 'min_samples_leaf': 0.010974459221039623, 'min_weight_fraction_leaf': 0.0629098953742304, 'max_features': 0.7061312640919581, 'bootstrap': False, 'max_samples': 0.435905947270455}. Best is trial 480 with value: 0.8778163779435968.[0m
[32m[I 2022-04-13 14:13:59,011][0m Trial 840 finished with value: 0.8685396210617107 and parameters: {'n_estimators': 508, 'min_samples_split': 0.323563246293163, 'min_samples_leaf': 0.022231828410113525, 'min_weight_fraction_leaf': 0.05288158354386086, 'max_features': 0.7601896064375817, 'bootstrap': False, 'max_samples': 0.5575684226661013}. Best is trial 480 with value: 0.8778163779435968.[0m
[32m[I 2022-04-13 14:14:12,175][0m Trial 841 finished with value: 0.8778163779435968 and parameters: {'n_estimators': 539, 'min_samples_split': 0.28057524579502996, 'min_samples_leaf': 0.032393346954826756, 'min_weight_fraction_leaf': 0.03952886233560895, 'max_features': 0.6848500844756786, 'bootstrap': False, 'max_samples': 0.5792436677426477}. Best is trial 480 with value: 0.8778163779435968.[0m
[32m[I 2022-04-13 14:14:25,433][0m Trial 842 finished with value: 0.8687314532482546 and parameters: {'n_estimators': 546, 'min_samples_split': 0.3090799025340687, 'min_samples_leaf': 0.01917247259168131, 'min_weight_fraction_leaf': 0.033681433080656964, 'max_features': 0.683484531252768, 'bootstrap': False, 'max_samples': 0.5200901442621741}. Best is trial 480 with value: 0.8778163779435968.[0m
[32m[I 2022-04-13 14:14:34,423][0m Trial 843 finished with value: 0.8368784165151422 and parameters: {'n_estimators': 527, 'min_samples_split': 0.29654199337402554, 'min_samples_leaf': 0.03050633923956903, 'min_weight_fraction_leaf': 0.29116007932370613, 'max_features': 0.7261600819223275, 'bootstrap': False, 'max_samples': 0.5794481137238461}. Best is trial 480 with value: 0.8778163779435968.[0m
[32m[I 2022-04-13 14:14:46,651][0m Trial 844 finished with value: 0.8766457105894535 and parameters: {'n_estimators': 499, 'min_samples_split': 0.2844117787775705, 'min_samples_leaf': 0.010082713512255526, 'min_weight_fraction_leaf': 0.050769744693498396, 'max_features': 0.7082422756020739, 'bootstrap': False, 'max_samples': 0.6063514356819122}. Best is trial 480 with value: 0.8778163779435968.[0m
[32m[I 2022-04-13 14:14:57,978][0m Trial 845 finished with value: 0.8719392838246021 and parameters: {'n_estimators': 466, 'min_samples_split': 0.2997542269207783, 'min_samples_leaf': 0.015279499528093564, 'min_weight_fraction_leaf': 0.06388805779054378, 'max_features': 0.7455923263143994, 'bootstrap': False, 'max_samples': 0.6004919348079452}. Best is trial 480 with value: 0.8778163779435968.[0m
[32m[I 2022-04-13 14:15:11,606][0m Trial 846 finished with value: 0.8748005987953504 and parameters: {'n_estimators': 482, 'min_samples_split': 0.2849606678562066, 'min_samples_leaf': 0.004993784800096842, 'min_weight_fraction_leaf': 0.04324248432164532, 'max_features': 0.6808813964749967, 'bootstrap': False, 'max_samples': 0.5562126377301408}. Best is trial 480 with value: 0.8778163779435968.[0m
[32m[I 2022-04-13 14:15:25,479][0m Trial 847 finished with value: 0.8562709027986021 and parameters: {'n_estimators': 493, 'min_samples_split': 0.31210812537429916, 'min_samples_leaf': 0.012081265816651709, 'min_weight_fraction_leaf': 0.06925514551955393, 'max_features': 0.7760555938013846, 'bootstrap': False, 'max_samples': 0.6101674169627566}. Best is trial 480 with value: 0.8778163779435968.[0m
[32m[I 2022-04-13 14:15:36,963][0m Trial 848 finished with value: 0.8716717365793457 and parameters: {'n_estimators': 450, 'min_samples_split': 0.29041375997040464, 'min_samples_leaf': 0.0060992084961400475, 'min_weight_fraction_leaf': 0.05695991668009917, 'max_features': 0.7153493379401819, 'bootstrap': False, 'max_samples': 0.5846100020063713}. Best is trial 480 with value: 0.8778163779435968.[0m
[32m[I 2022-04-13 14:15:43,611][0m Trial 849 finished with value: 0.7925602174694297 and parameters: {'n_estimators': 504, 'min_samples_split': 0.2819460611478688, 'min_samples_leaf': 0.37383524700116455, 'min_weight_fraction_leaf': 0.047525016481487915, 'max_features': 0.6730019815652925, 'bootstrap': False, 'max_samples': 0.5813440053485034}. Best is trial 480 with value: 0.8778163779435968.[0m
[32m[I 2022-04-13 14:15:56,148][0m Trial 850 finished with value: 0.8688020664639593 and parameters: {'n_estimators': 492, 'min_samples_split': 0.2988029145927231, 'min_samples_leaf': 0.00909012839223304, 'min_weight_fraction_leaf': 0.0738061144480158, 'max_features': 0.6902209558378541, 'bootstrap': False, 'max_samples': 0.6059743516394439}. Best is trial 480 with value: 0.8778163779435968.[0m
[32m[I 2022-04-13 14:16:07,366][0m Trial 851 finished with value: 0.8682678995000062 and parameters: {'n_estimators': 514, 'min_samples_split': 0.3363199458238799, 'min_samples_leaf': 0.01936125643278596, 'min_weight_fraction_leaf': 0.03213139783211829, 'max_features': 0.7373569437537528, 'bootstrap': False, 'max_samples': 0.5255282252267199}. Best is trial 480 with value: 0.8778163779435968.[0m
[32m[I 2022-04-13 14:16:25,205][0m Trial 852 finished with value: 0.8667309703006107 and parameters: {'n_estimators': 475, 'min_samples_split': 0.059761393820827124, 'min_samples_leaf': 0.009127638033088675, 'min_weight_fraction_leaf': 0.054686553420426644, 'max_features': 0.6980552767352228, 'bootstrap': False, 'max_samples': 0.9814278868989219}. Best is trial 480 with value: 0.8778163779435968.[0m
[32m[I 2022-04-13 14:16:37,125][0m Trial 853 finished with value: 0.8671424167821218 and parameters: {'n_estimators': 525, 'min_samples_split': 0.4201582172876204, 'min_samples_leaf': 0.031980563726989375, 'min_weight_fraction_leaf': 0.04304168448427244, 'max_features': 0.7188537949346415, 'bootstrap': False, 'max_samples': 0.5475960709418635}. Best is trial 480 with value: 0.8778163779435968.[0m
[32m[I 2022-04-13 14:16:49,716][0m Trial 854 finished with value: 0.8661122635225157 and parameters: {'n_estimators': 504, 'min_samples_split': 0.2913427545060238, 'min_samples_leaf': 0.034766690501105035, 'min_weight_fraction_leaf': 0.031057819116390648, 'max_features': 0.6756947177451049, 'bootstrap': True, 'max_samples': 0.5773299369690496, 'oob_score': True}. Best is trial 480 with value: 0.8778163779435968.[0m
[32m[I 2022-04-13 14:17:03,531][0m Trial 855 finished with value: 0.8702615785618619 and parameters: {'n_estimators': 529, 'min_samples_split': 0.28040185181689964, 'min_samples_leaf': 0.036736175651050494, 'min_weight_fraction_leaf': 0.05799786225843438, 'max_features': 0.6760656150251803, 'bootstrap': False, 'max_samples': 0.6174749993868343}. Best is trial 480 with value: 0.8778163779435968.[0m
[32m[I 2022-04-13 14:17:15,324][0m Trial 856 finished with value: 0.8356280565187191 and parameters: {'n_estimators': 548, 'min_samples_split': 0.3046509340815001, 'min_samples_leaf': 0.02153896792715533, 'min_weight_fraction_leaf': 0.21624199836017194, 'max_features': 0.7101004269021496, 'bootstrap': False, 'max_samples': 0.3062130201111556}. Best is trial 480 with value: 0.8778163779435968.[0m
[32m[I 2022-04-13 14:17:19,981][0m Trial 857 finished with value: 0.8667950078248488 and parameters: {'n_estimators': 108, 'min_samples_split': 0.2783632939439791, 'min_samples_leaf': 0.012013151907559617, 'min_weight_fraction_leaf': 0.03648223765517045, 'max_features': 0.7349237137090036, 'bootstrap': False, 'max_samples': 0.5572360488493512}. Best is trial 480 with value: 0.8778163779435968.[0m
[32m[I 2022-04-13 14:17:34,608][0m Trial 858 finished with value: 0.8594700706157317 and parameters: {'n_estimators': 560, 'min_samples_split': 0.28822305655884484, 'min_samples_leaf': 0.021641923343971095, 'min_weight_fraction_leaf': 0.06232902113919017, 'max_features': 0.7504272775382845, 'bootstrap': False, 'max_samples': 0.4839529270732838}. Best is trial 480 with value: 0.8778163779435968.[0m
[32m[I 2022-04-13 14:17:46,828][0m Trial 859 finished with value: 0.8702853601248741 and parameters: {'n_estimators': 483, 'min_samples_split': 0.2788870451325454, 'min_samples_leaf': 0.03091169543537148, 'min_weight_fraction_leaf': 0.028044933112380332, 'max_features': 0.7065263868644631, 'bootstrap': False, 'max_samples': 0.5303667347313441}. Best is trial 480 with value: 0.8778163779435968.[0m
[32m[I 2022-04-13 14:17:59,144][0m Trial 860 finished with value: 0.8753524199859644 and parameters: {'n_estimators': 515, 'min_samples_split': 0.2962098084216036, 'min_samples_leaf': 0.017615594581834756, 'min_weight_fraction_leaf': 0.048859310844820814, 'max_features': 0.7329977955514226, 'bootstrap': False, 'max_samples': 0.576918227007571}. Best is trial 480 with value: 0.8778163779435968.[0m
[32m[I 2022-04-13 14:18:12,476][0m Trial 861 finished with value: 0.8596569415196942 and parameters: {'n_estimators': 457, 'min_samples_split': 0.28831022920759486, 'min_samples_leaf': 0.028482595721441246, 'min_weight_fraction_leaf': 0.02922057050993599, 'max_features': 0.77140003239642, 'bootstrap': False, 'max_samples': 0.5383929143662574}. Best is trial 480 with value: 0.8778163779435968.[0m
[32m[I 2022-04-13 14:18:24,334][0m Trial 862 finished with value: 0.8570042901421351 and parameters: {'n_estimators': 543, 'min_samples_split': 0.31718720251791493, 'min_samples_leaf': 0.0019100388624030996, 'min_weight_fraction_leaf': 0.1633085502840623, 'max_features': 0.7099992017054637, 'bootstrap': False, 'max_samples': 0.5621544192471917}. Best is trial 480 with value: 0.8778163779435968.[0m
[32m[I 2022-04-13 14:18:39,228][0m Trial 863 finished with value: 0.8582956275925454 and parameters: {'n_estimators': 507, 'min_samples_split': 0.2747552933854308, 'min_samples_leaf': 0.021401600838933617, 'min_weight_fraction_leaf': 0.03805120185682192, 'max_features': 0.7541601041119557, 'bootstrap': False, 'max_samples': 0.5032385963481716}. Best is trial 480 with value: 0.8778163779435968.[0m
