[32m[I 2022-04-13 13:22:55,412][0m Trial 594 finished with value: 0.8683426382858492 and parameters: {'n_estimators': 639, 'min_samples_split': 0.39314981478617034, 'min_samples_leaf': 0.050303428718839846, 'min_weight_fraction_leaf': 0.03072881570873265, 'max_features': 0.6640119502503771, 'bootstrap': False, 'max_samples': 0.6162524672500143}. Best is trial 480 with value: 0.8778163779435968.[0m
[32m[I 2022-04-13 13:23:04,803][0m Trial 595 finished with value: 0.8636043745111207 and parameters: {'n_estimators': 534, 'min_samples_split': 0.48124924972242866, 'min_samples_leaf': 0.0697791289606378, 'min_weight_fraction_leaf': 0.055457705565147626, 'max_features': 0.7436417785235362, 'bootstrap': False, 'max_samples': 0.6796836008132046}. Best is trial 480 with value: 0.8778163779435968.[0m
[32m[I 2022-04-13 13:23:19,242][0m Trial 596 finished with value: 0.8635974993930123 and parameters: {'n_estimators': 548, 'min_samples_split': 0.2825154896463972, 'min_samples_leaf': 0.041134916779099216, 'min_weight_fraction_leaf': 0.04935663755827138, 'max_features': 0.7687360680823374, 'bootstrap': False, 'max_samples': 0.6480979651204681}. Best is trial 480 with value: 0.8778163779435968.[0m
[32m[I 2022-04-13 13:23:30,671][0m Trial 597 finished with value: 0.8680176440465752 and parameters: {'n_estimators': 523, 'min_samples_split': 0.2690521487034025, 'min_samples_leaf': 0.05825995191963561, 'min_weight_fraction_leaf': 0.04422535046930124, 'max_features': 0.7151591711255652, 'bootstrap': False, 'max_samples': 0.6536592892831302}. Best is trial 480 with value: 0.8778163779435968.[0m
[32m[I 2022-04-13 13:23:42,915][0m Trial 598 finished with value: 0.8697526928564592 and parameters: {'n_estimators': 503, 'min_samples_split': 0.28715300028190865, 'min_samples_leaf': 0.04708473242324466, 'min_weight_fraction_leaf': 0.058213285464581405, 'max_features': 0.6521403206304309, 'bootstrap': False, 'max_samples': 0.6683358795974886}. Best is trial 480 with value: 0.8778163779435968.[0m
[32m[I 2022-04-13 13:23:53,741][0m Trial 599 finished with value: 0.8688970175246069 and parameters: {'n_estimators': 570, 'min_samples_split': 0.276712150251804, 'min_samples_leaf': 0.020748132740707043, 'min_weight_fraction_leaf': 0.02487010102283254, 'max_features': 0.6914404250828958, 'bootstrap': True, 'max_samples': 0.6932556233993116, 'oob_score': False}. Best is trial 480 with value: 0.8778163779435968.[0m
[32m[I 2022-04-13 13:24:07,106][0m Trial 600 finished with value: 0.8666172662567254 and parameters: {'n_estimators': 563, 'min_samples_split': 0.26613557682273925, 'min_samples_leaf': 0.033407441780674646, 'min_weight_fraction_leaf': 0.013273965065254356, 'max_features': 0.734162171031584, 'bootstrap': False, 'max_samples': 0.5737888337492929}. Best is trial 480 with value: 0.8778163779435968.[0m
[32m[I 2022-04-13 13:24:16,978][0m Trial 601 finished with value: 0.8710897204016048 and parameters: {'n_estimators': 463, 'min_samples_split': 0.2946163476344026, 'min_samples_leaf': 0.0660607088623266, 'min_weight_fraction_leaf': 0.035932993686040735, 'max_features': 0.6758277351338391, 'bootstrap': False, 'max_samples': 0.6315786724184144}. Best is trial 480 with value: 0.8778163779435968.[0m
[32m[I 2022-04-13 13:24:32,729][0m Trial 602 finished with value: 0.8643290263322051 and parameters: {'n_estimators': 612, 'min_samples_split': 0.3095059676351167, 'min_samples_leaf': 0.021211918140255144, 'min_weight_fraction_leaf': 0.04250221382121328, 'max_features': 0.7521477513476912, 'bootstrap': False, 'max_samples': 0.661852770371333}. Best is trial 480 with value: 0.8778163779435968.[0m
[32m[I 2022-04-13 13:24:47,575][0m Trial 603 finished with value: 0.8664862000201403 and parameters: {'n_estimators': 594, 'min_samples_split': 0.25544546308400695, 'min_samples_leaf': 0.021109786489489774, 'min_weight_fraction_leaf': 0.054114430799232276, 'max_features': 0.707701304316851, 'bootstrap': False, 'max_samples': 0.7179093113053624}. Best is trial 480 with value: 0.8778163779435968.[0m
[32m[I 2022-04-13 13:25:03,523][0m Trial 604 finished with value: 0.8751999026966713 and parameters: {'n_estimators': 652, 'min_samples_split': 0.26714757985895893, 'min_samples_leaf': 0.04593601658374338, 'min_weight_fraction_leaf': 0.032290337948405565, 'max_features': 0.6657743275473003, 'bootstrap': False, 'max_samples': 0.6418293124545789}. Best is trial 480 with value: 0.8778163779435968.[0m
[32m[I 2022-04-13 13:25:15,235][0m Trial 605 finished with value: 0.8674314301308559 and parameters: {'n_estimators': 497, 'min_samples_split': 0.27954252344004393, 'min_samples_leaf': 0.029977480949082615, 'min_weight_fraction_leaf': 0.06579343577552928, 'max_features': 0.7312993139784852, 'bootstrap': False, 'max_samples': 0.5883892568300707}. Best is trial 480 with value: 0.8778163779435968.[0m
[32m[I 2022-04-13 13:25:26,585][0m Trial 606 finished with value: 0.8675681874553112 and parameters: {'n_estimators': 547, 'min_samples_split': 0.27201796184778165, 'min_samples_leaf': 0.08045091516504854, 'min_weight_fraction_leaf': 0.05455369740315649, 'max_features': 0.690112812750882, 'bootstrap': False, 'max_samples': 0.6758844139313309}. Best is trial 480 with value: 0.8778163779435968.[0m
[32m[I 2022-04-13 13:25:39,786][0m Trial 607 finished with value: 0.8707447990460162 and parameters: {'n_estimators': 521, 'min_samples_split': 0.2471059203591787, 'min_samples_leaf': 0.018915669057553187, 'min_weight_fraction_leaf': 0.04401872340665626, 'max_features': 0.7140493746837255, 'bootstrap': False, 'max_samples': 0.6972479515351528}. Best is trial 480 with value: 0.8778163779435968.[0m
[32m[I 2022-04-13 13:25:52,065][0m Trial 608 finished with value: 0.8724246628331759 and parameters: {'n_estimators': 537, 'min_samples_split': 0.25822513670566805, 'min_samples_leaf': 0.04128133007922797, 'min_weight_fraction_leaf': 0.021163061621138443, 'max_features': 0.6395858395193131, 'bootstrap': False, 'max_samples': 0.6650547742997149}. Best is trial 480 with value: 0.8778163779435968.[0m
[32m[I 2022-04-13 13:26:00,908][0m Trial 609 finished with value: 0.8343284188707573 and parameters: {'n_estimators': 480, 'min_samples_split': 0.28977147479639137, 'min_samples_leaf': 0.05495037085359865, 'min_weight_fraction_leaf': 0.22752098288337602, 'max_features': 0.6282648763074892, 'bootstrap': False, 'max_samples': 0.6182521786252928}. Best is trial 480 with value: 0.8778163779435968.[0m
[32m[I 2022-04-13 13:26:14,983][0m Trial 610 finished with value: 0.859363578492774 and parameters: {'n_estimators': 519, 'min_samples_split': 0.28164360321238185, 'min_samples_leaf': 0.038573936010735325, 'min_weight_fraction_leaf': 0.037570267106139026, 'max_features': 0.7749818120060273, 'bootstrap': False, 'max_samples': 0.6365946633607624}. Best is trial 480 with value: 0.8778163779435968.[0m
[32m[I 2022-04-13 13:26:28,892][0m Trial 611 finished with value: 0.8740567428184894 and parameters: {'n_estimators': 579, 'min_samples_split': 0.3043970123860718, 'min_samples_leaf': 0.01935062032597453, 'min_weight_fraction_leaf': 0.05157024486744989, 'max_features': 0.656847568159208, 'bootstrap': False, 'max_samples': 0.6910766662176971}. Best is trial 480 with value: 0.8778163779435968.[0m
[32m[I 2022-04-13 13:26:44,326][0m Trial 612 finished with value: 0.8628206889955112 and parameters: {'n_estimators': 616, 'min_samples_split': 0.2287201050491987, 'min_samples_leaf': 0.029607340737983996, 'min_weight_fraction_leaf': 0.06887376125388328, 'max_features': 0.7339351531161922, 'bootstrap': False, 'max_samples': 0.5963771389843702}. Best is trial 480 with value: 0.8778163779435968.[0m
[32m[I 2022-04-13 13:26:57,780][0m Trial 613 finished with value: 0.8765162386776881 and parameters: {'n_estimators': 577, 'min_samples_split': 0.27113027679119245, 'min_samples_leaf': 0.05018054033669587, 'min_weight_fraction_leaf': 0.027888187676461014, 'max_features': 0.7033613832605845, 'bootstrap': False, 'max_samples': 0.6371330738167756}. Best is trial 480 with value: 0.8778163779435968.[0m
[32m[I 2022-04-13 13:27:09,851][0m Trial 614 finished with value: 0.8679403158362586 and parameters: {'n_estimators': 553, 'min_samples_split': 0.2632646619461256, 'min_samples_leaf': 0.06850442540122358, 'min_weight_fraction_leaf': 0.005544907868723012, 'max_features': 0.6937295917580535, 'bootstrap': False, 'max_samples': 0.6409267112751631}. Best is trial 480 with value: 0.8778163779435968.[0m
[32m[I 2022-04-13 13:27:20,741][0m Trial 615 finished with value: 0.8697526928564592 and parameters: {'n_estimators': 497, 'min_samples_split': 0.2876618509081331, 'min_samples_leaf': 0.05733930383856045, 'min_weight_fraction_leaf': 0.013284703748411723, 'max_features': 0.7083512168254223, 'bootstrap': False, 'max_samples': 0.607093396350341}. Best is trial 480 with value: 0.8778163779435968.[0m
[32m[I 2022-04-13 13:27:33,838][0m Trial 616 finished with value: 0.8680176440465752 and parameters: {'n_estimators': 596, 'min_samples_split': 0.27498197153459714, 'min_samples_leaf': 0.052664723950669984, 'min_weight_fraction_leaf': 0.03240172127914405, 'max_features': 0.6774523423280185, 'bootstrap': False, 'max_samples': 0.6226775131470103}. Best is trial 480 with value: 0.8778163779435968.[0m
[32m[I 2022-04-13 13:27:46,979][0m Trial 617 finished with value: 0.8679282065531332 and parameters: {'n_estimators': 576, 'min_samples_split': 0.3440723252531734, 'min_samples_leaf': 0.047889630688471546, 'min_weight_fraction_leaf': 0.02359731768899975, 'max_features': 0.7552723704636799, 'bootstrap': False, 'max_samples': 0.5494752339640239}. Best is trial 480 with value: 0.8778163779435968.[0m
[32m[I 2022-04-13 13:27:59,280][0m Trial 618 finished with value: 0.8680176440465752 and parameters: {'n_estimators': 548, 'min_samples_split': 0.26386228527217914, 'min_samples_leaf': 0.062358540000644, 'min_weight_fraction_leaf': 0.010228484811650833, 'max_features': 0.7209309875829533, 'bootstrap': False, 'max_samples': 0.656166471700208}. Best is trial 480 with value: 0.8778163779435968.[0m
[32m[I 2022-04-13 13:28:13,621][0m Trial 619 finished with value: 0.870242233268422 and parameters: {'n_estimators': 642, 'min_samples_split': 0.2977667006876509, 'min_samples_leaf': 0.03984005925522437, 'min_weight_fraction_leaf': 0.02049204153472296, 'max_features': 0.8116463136968579, 'bootstrap': True, 'max_samples': 0.6206689232981085, 'oob_score': True}. Best is trial 480 with value: 0.8778163779435968.[0m
[32m[I 2022-04-13 13:28:27,472][0m Trial 620 finished with value: 0.8534594166083316 and parameters: {'n_estimators': 512, 'min_samples_split': 0.2805987269520394, 'min_samples_leaf': 0.051709397801170266, 'min_weight_fraction_leaf': 0.028569557883072468, 'max_features': 0.8872967266341367, 'bootstrap': False, 'max_samples': 0.5937358706537873}. Best is trial 480 with value: 0.8778163779435968.[0m
[32m[I 2022-04-13 13:28:41,369][0m Trial 621 finished with value: 0.8765162386776881 and parameters: {'n_estimators': 578, 'min_samples_split': 0.2738945115660584, 'min_samples_leaf': 0.040903921171658676, 'min_weight_fraction_leaf': 0.03505514604766258, 'max_features': 0.6946136420598308, 'bootstrap': False, 'max_samples': 0.64524239348614}. Best is trial 480 with value: 0.8778163779435968.[0m
[32m[I 2022-04-13 13:28:49,757][0m Trial 622 finished with value: 0.8370207400390474 and parameters: {'n_estimators': 574, 'min_samples_split': 0.28930698356132517, 'min_samples_leaf': 0.2491702781351722, 'min_weight_fraction_leaf': 0.02476490106514693, 'max_features': 0.6817623309685347, 'bootstrap': False, 'max_samples': 0.6492025085678564}. Best is trial 480 with value: 0.8778163779435968.[0m
[32m[I 2022-04-13 13:28:57,639][0m Trial 623 finished with value: 0.6927139000869064 and parameters: {'n_estimators': 539, 'min_samples_split': 0.27258535468584605, 'min_samples_leaf': 0.07201087211016334, 'min_weight_fraction_leaf': 0.4658288116411474, 'max_features': 0.6965681385859662, 'bootstrap': False, 'max_samples': 0.6352922569866004}. Best is trial 480 with value: 0.8778163779435968.[0m
[32m[I 2022-04-13 13:29:07,323][0m Trial 624 finished with value: 0.8563659325249668 and parameters: {'n_estimators': 609, 'min_samples_split': 0.29798426846889814, 'min_samples_leaf': 0.16560034351401395, 'min_weight_fraction_leaf': 0.0318990654933905, 'max_features': 0.6647139585788916, 'bootstrap': False, 'max_samples': 0.13324250797831}. Best is trial 480 with value: 0.8778163779435968.[0m
[32m[I 2022-04-13 13:29:20,328][0m Trial 625 finished with value: 0.8697526928564592 and parameters: {'n_estimators': 571, 'min_samples_split': 0.28377811629516275, 'min_samples_leaf': 0.06161632786072571, 'min_weight_fraction_leaf': 0.01669953865921358, 'max_features': 0.7089821325359538, 'bootstrap': False, 'max_samples': 0.6064632128784258}. Best is trial 480 with value: 0.8778163779435968.[0m
[32m[I 2022-04-13 13:29:31,663][0m Trial 626 finished with value: 0.8693856122826753 and parameters: {'n_estimators': 602, 'min_samples_split': 0.27642539921716097, 'min_samples_leaf': 0.10449229525737411, 'min_weight_fraction_leaf': 0.03818840976139512, 'max_features': 0.7350610476723822, 'bootstrap': False, 'max_samples': 0.6670590903769338}. Best is trial 480 with value: 0.8778163779435968.[0m
[32m[I 2022-04-13 13:29:46,177][0m Trial 627 finished with value: 0.867072926073981 and parameters: {'n_estimators': 633, 'min_samples_split': 0.25378271882896813, 'min_samples_leaf': 0.05374693268379598, 'min_weight_fraction_leaf': 0.009563698916699063, 'max_features': 0.6861554397332464, 'bootstrap': False, 'max_samples': 0.9738845956226592}. Best is trial 480 with value: 0.8778163779435968.[0m
[32m[I 2022-04-13 13:30:00,222][0m Trial 628 finished with value: 0.8765154407655287 and parameters: {'n_estimators': 593, 'min_samples_split': 0.26355224714953923, 'min_samples_leaf': 0.04567710586700133, 'min_weight_fraction_leaf': 0.024141626409251323, 'max_features': 0.7055907122831484, 'bootstrap': False, 'max_samples': 0.6332765160604165}. Best is trial 480 with value: 0.8778163779435968.[0m
[32m[I 2022-04-13 13:30:07,330][0m Trial 629 finished with value: 0.7981659439859992 and parameters: {'n_estimators': 657, 'min_samples_split': 0.24583344841077825, 'min_samples_leaf': 0.3866214998855153, 'min_weight_fraction_leaf': 0.020750675395102877, 'max_features': 0.9585227450367085, 'bootstrap': False, 'max_samples': 0.578076590958885}. Best is trial 480 with value: 0.8778163779435968.[0m
[32m[I 2022-04-13 13:30:21,746][0m Trial 630 finished with value: 0.8718089605417214 and parameters: {'n_estimators': 593, 'min_samples_split': 0.2617213498588949, 'min_samples_leaf': 0.04666693237892351, 'min_weight_fraction_leaf': 0.0052224102372041455, 'max_features': 0.7135341584085013, 'bootstrap': False, 'max_samples': 0.6297266194797251}. Best is trial 480 with value: 0.8778163779435968.[0m
[32m[I 2022-04-13 13:30:34,447][0m Trial 631 finished with value: 0.8680768031039783 and parameters: {'n_estimators': 611, 'min_samples_split': 0.2906484481977163, 'min_samples_leaf': 0.07654140573770997, 'min_weight_fraction_leaf': 0.02713405803144183, 'max_features': 0.6988130561774558, 'bootstrap': False, 'max_samples': 0.6098563703549369}. Best is trial 480 with value: 0.8778163779435968.[0m
[32m[I 2022-04-13 13:30:47,265][0m Trial 632 finished with value: 0.8586614728517195 and parameters: {'n_estimators': 563, 'min_samples_split': 0.27052309671482705, 'min_samples_leaf': 0.06214685048536085, 'min_weight_fraction_leaf': 0.013938310765374051, 'max_features': 0.7509657218305336, 'bootstrap': False, 'max_samples': 0.6427272489578452}. Best is trial 480 with value: 0.8778163779435968.[0m
[32m[I 2022-04-13 13:30:56,942][0m Trial 633 finished with value: 0.8713464616111709 and parameters: {'n_estimators': 437, 'min_samples_split': 0.257886559702076, 'min_samples_leaf': 0.04258556959098513, 'min_weight_fraction_leaf': 0.030863399019595124, 'max_features': 0.6711691159577273, 'bootstrap': False, 'max_samples': 0.8866371224238235}. Best is trial 480 with value: 0.8778163779435968.[0m
[32m[I 2022-04-13 13:31:08,855][0m Trial 634 finished with value: 0.8674900770501376 and parameters: {'n_estimators': 584, 'min_samples_split': 0.31339912451999935, 'min_samples_leaf': 0.0539342801467948, 'min_weight_fraction_leaf': 0.021210715875156508, 'max_features': 0.7290958801109327, 'bootstrap': False, 'max_samples': 0.6210849129223479}. Best is trial 480 with value: 0.8778163779435968.[0m
[32m[I 2022-04-13 13:31:21,510][0m Trial 635 finished with value: 0.8701170653785877 and parameters: {'n_estimators': 468, 'min_samples_split': 0.28154480310915825, 'min_samples_leaf': 0.03746549238230293, 'min_weight_fraction_leaf': 0.037618912352326145, 'max_features': 0.651853450649747, 'bootstrap': False, 'max_samples': 0.6439205597638291}. Best is trial 480 with value: 0.8778163779435968.[0m
[32m[I 2022-04-13 13:31:29,753][0m Trial 636 finished with value: 0.8432401791151809 and parameters: {'n_estimators': 536, 'min_samples_split': 0.2421384394150995, 'min_samples_leaf': 0.19781679014548137, 'min_weight_fraction_leaf': 0.02845079585457905, 'max_features': 0.719482688929582, 'bootstrap': False, 'max_samples': 0.0003411005872318018}. Best is trial 480 with value: 0.8778163779435968.[0m
[32m[I 2022-04-13 13:31:43,688][0m Trial 637 finished with value: 0.8751999026966713 and parameters: {'n_estimators': 632, 'min_samples_split': 0.2702602163480423, 'min_samples_leaf': 0.04685773760671486, 'min_weight_fraction_leaf': 0.004588917117158163, 'max_features': 0.6935804718795627, 'bootstrap': False, 'max_samples': 0.08581660689603676}. Best is trial 480 with value: 0.8778163779435968.[0m
[32m[I 2022-04-13 13:31:56,346][0m Trial 638 finished with value: 0.8539898557051357 and parameters: {'n_estimators': 569, 'min_samples_split': 0.3003963527008283, 'min_samples_leaf': 0.06640742901154706, 'min_weight_fraction_leaf': 0.017663781596228632, 'max_features': 0.7605552617445729, 'bootstrap': False, 'max_samples': 0.6559897367566275}. Best is trial 480 with value: 0.8778163779435968.[0m
[32m[I 2022-04-13 13:32:01,828][0m Trial 639 finished with value: 0.8720521185636567 and parameters: {'n_estimators': 222, 'min_samples_split': 0.2515575271790951, 'min_samples_leaf': 0.036464431532280656, 'min_weight_fraction_leaf': 0.03965256216546605, 'max_features': 0.6756353447809376, 'bootstrap': False, 'max_samples': 0.6008313739790186}. Best is trial 480 with value: 0.8778163779435968.[0m
[32m[I 2022-04-13 13:32:12,863][0m Trial 640 finished with value: 0.865661961376141 and parameters: {'n_estimators': 508, 'min_samples_split': 0.28259913678708865, 'min_samples_leaf': 0.05090368624246389, 'min_weight_fraction_leaf': 0.0006189803385356907, 'max_features': 0.7029463314754699, 'bootstrap': True, 'max_samples': 0.6334917679333203, 'oob_score': True}. Best is trial 480 with value: 0.8778163779435968.[0m
[32m[I 2022-04-13 13:32:23,984][0m Trial 641 finished with value: 0.8680176440465752 and parameters: {'n_estimators': 556, 'min_samples_split': 0.2642650114983444, 'min_samples_leaf': 0.05887488411077328, 'min_weight_fraction_leaf': 0.03079224835804787, 'max_features': 0.7421707342718616, 'bootstrap': False, 'max_samples': 0.669048619043596}. Best is trial 480 with value: 0.8778163779435968.[0m
[32m[I 2022-04-13 13:32:35,860][0m Trial 642 finished with value: 0.8730999597297275 and parameters: {'n_estimators': 596, 'min_samples_split': 0.29139222707060486, 'min_samples_leaf': 0.04295189487322906, 'min_weight_fraction_leaf': 0.038115431092240235, 'max_features': 0.730470824448702, 'bootstrap': False, 'max_samples': 0.617254616908666}. Best is trial 480 with value: 0.8778163779435968.[0m
[32m[I 2022-04-13 13:32:42,931][0m Trial 643 finished with value: 0.7925602174694297 and parameters: {'n_estimators': 530, 'min_samples_split': 0.27625192274832133, 'min_samples_leaf': 0.033007154844052665, 'min_weight_fraction_leaf': 0.37109409671175, 'max_features': 0.646271373602367, 'bootstrap': False, 'max_samples': 0.6525610647086685}. Best is trial 480 with value: 0.8778163779435968.[0m
[32m[I 2022-04-13 13:32:55,321][0m Trial 644 finished with value: 0.8711706029245534 and parameters: {'n_estimators': 620, 'min_samples_split': 0.2565939141432928, 'min_samples_leaf': 0.046164701436189726, 'min_weight_fraction_leaf': 0.04436000508146015, 'max_features': 0.7149431700281761, 'bootstrap': False, 'max_samples': 0.564069220015111}. Best is trial 480 with value: 0.8778163779435968.[0m
[32m[I 2022-04-13 13:33:09,292][0m Trial 645 finished with value: 0.8667269774439837 and parameters: {'n_estimators': 659, 'min_samples_split': 0.2737972102730665, 'min_samples_leaf': 0.035006908141191534, 'min_weight_fraction_leaf': 0.02337135683940246, 'max_features': 0.6866758427453381, 'bootstrap': False, 'max_samples': 0.49672992597929355}. Best is trial 480 with value: 0.8778163779435968.[0m
[32m[I 2022-04-13 13:33:20,867][0m Trial 646 finished with value: 0.8594700706157317 and parameters: {'n_estimators': 560, 'min_samples_split': 0.2879752994879878, 'min_samples_leaf': 0.057555044638671116, 'min_weight_fraction_leaf': 0.04292824466952552, 'max_features': 0.7878470617121703, 'bootstrap': False, 'max_samples': 0.628680984119935}. Best is trial 480 with value: 0.8778163779435968.[0m
[32m[I 2022-04-13 13:33:31,646][0m Trial 647 finished with value: 0.8679403158362586 and parameters: {'n_estimators': 587, 'min_samples_split': 0.2666002105036415, 'min_samples_leaf': 0.07458243999541331, 'min_weight_fraction_leaf': 0.013975312685466736, 'max_features': 0.6713024303724957, 'bootstrap': False, 'max_samples': 0.6717013142249779}. Best is trial 480 with value: 0.8778163779435968.[0m
