[32m[I 2022-04-13 14:30:15,118][0m Trial 918 finished with value: 0.8679403158362586 and parameters: {'n_estimators': 585, 'min_samples_split': 0.27414177449386745, 'min_samples_leaf': 0.03267423812953978, 'min_weight_fraction_leaf': 0.0662825704128314, 'max_features': 0.7346800244719016, 'bootstrap': False, 'max_samples': 0.2759577737103005}. Best is trial 480 with value: 0.8778163779435968.[0m
[32m[I 2022-04-13 14:30:26,292][0m Trial 919 finished with value: 0.8748979213911264 and parameters: {'n_estimators': 482, 'min_samples_split': 0.2897580549243019, 'min_samples_leaf': 0.04424141410272112, 'min_weight_fraction_leaf': 0.013347682066046512, 'max_features': 0.6550929675320897, 'bootstrap': False, 'max_samples': 0.632189442161122}. Best is trial 480 with value: 0.8778163779435968.[0m
[32m[I 2022-04-13 14:30:40,661][0m Trial 920 finished with value: 0.8654899047625211 and parameters: {'n_estimators': 578, 'min_samples_split': 0.2658605823031847, 'min_samples_leaf': 0.017189195776159225, 'min_weight_fraction_leaf': 0.023157597814657482, 'max_features': 0.7175480547464874, 'bootstrap': False, 'max_samples': 0.5730899784269354}. Best is trial 480 with value: 0.8778163779435968.[0m
[32m[I 2022-04-13 14:30:50,572][0m Trial 921 finished with value: 0.8742544783211983 and parameters: {'n_estimators': 425, 'min_samples_split': 0.2787909528634204, 'min_samples_leaf': 0.04845830028923113, 'min_weight_fraction_leaf': 0.04307144717660413, 'max_features': 0.6695039307131438, 'bootstrap': False, 'max_samples': 0.9311223481868852}. Best is trial 480 with value: 0.8778163779435968.[0m
[32m[I 2022-04-13 14:31:01,481][0m Trial 922 finished with value: 0.8707447990460162 and parameters: {'n_estimators': 464, 'min_samples_split': 0.24668083301879176, 'min_samples_leaf': 0.04014703398786752, 'min_weight_fraction_leaf': 0.05113565365200491, 'max_features': 0.6336995109155565, 'bootstrap': False, 'max_samples': 0.45531870496761023}. Best is trial 480 with value: 0.8778163779435968.[0m
[32m[I 2022-04-13 14:31:08,934][0m Trial 923 finished with value: 0.767307320268665 and parameters: {'n_estimators': 513, 'min_samples_split': 0.32370863740551503, 'min_samples_leaf': 0.059746511119911375, 'min_weight_fraction_leaf': 0.410226804359463, 'max_features': 0.6973157833810958, 'bootstrap': False, 'max_samples': 0.5860700514020264}. Best is trial 480 with value: 0.8778163779435968.[0m
[32m[I 2022-04-13 14:31:20,054][0m Trial 924 finished with value: 0.8681402848152189 and parameters: {'n_estimators': 501, 'min_samples_split': 0.30478680788525836, 'min_samples_leaf': 0.05375501621795692, 'min_weight_fraction_leaf': 0.07153759786091494, 'max_features': 0.6740568743372464, 'bootstrap': False, 'max_samples': 0.6181227817681952}. Best is trial 480 with value: 0.8778163779435968.[0m
[32m[I 2022-04-13 14:31:35,712][0m Trial 925 finished with value: 0.8680176440465752 and parameters: {'n_estimators': 583, 'min_samples_split': 0.26580049051504745, 'min_samples_leaf': 0.0011923052362905404, 'min_weight_fraction_leaf': 0.05813492796983875, 'max_features': 0.7265202508780723, 'bootstrap': False, 'max_samples': 0.6353658336730515}. Best is trial 480 with value: 0.8778163779435968.[0m
[32m[I 2022-04-13 14:31:48,749][0m Trial 926 finished with value: 0.8590651498115311 and parameters: {'n_estimators': 538, 'min_samples_split': 0.29274564333305625, 'min_samples_leaf': 0.0647530145830872, 'min_weight_fraction_leaf': 0.048166923014044016, 'max_features': 0.7697700219303136, 'bootstrap': False, 'max_samples': 0.6174763185146305}. Best is trial 480 with value: 0.8778163779435968.[0m
[32m[I 2022-04-13 14:32:01,349][0m Trial 927 finished with value: 0.8766457105894535 and parameters: {'n_estimators': 518, 'min_samples_split': 0.28008057249741286, 'min_samples_leaf': 0.04399829309197032, 'min_weight_fraction_leaf': 0.008696496754562896, 'max_features': 0.6493220060225378, 'bootstrap': False, 'max_samples': 0.6434026290557863}. Best is trial 480 with value: 0.8778163779435968.[0m
[32m[I 2022-04-13 14:32:07,943][0m Trial 928 finished with value: 0.817138486879814 and parameters: {'n_estimators': 533, 'min_samples_split': 0.29642794155379415, 'min_samples_leaf': 0.32596613863412693, 'min_weight_fraction_leaf': 0.006211073589000082, 'max_features': 0.6836780976167154, 'bootstrap': False, 'max_samples': 0.6102260318176812}. Best is trial 480 with value: 0.8778163779435968.[0m
[32m[I 2022-04-13 14:32:20,281][0m Trial 929 finished with value: 0.8596569415196942 and parameters: {'n_estimators': 447, 'min_samples_split': 0.283842083749259, 'min_samples_leaf': 0.027015733913120208, 'min_weight_fraction_leaf': 0.00014952887189396968, 'max_features': 0.7947216257042009, 'bootstrap': False, 'max_samples': 0.5185134268635523}. Best is trial 480 with value: 0.8778163779435968.[0m
[32m[I 2022-04-13 14:32:31,455][0m Trial 930 finished with value: 0.8647367603429753 and parameters: {'n_estimators': 523, 'min_samples_split': 0.25594737725879396, 'min_samples_leaf': 0.05378182630895547, 'min_weight_fraction_leaf': 0.007724420829999766, 'max_features': 0.6305801452889278, 'bootstrap': True, 'max_samples': 0.6420620721818127, 'oob_score': True}. Best is trial 480 with value: 0.8778163779435968.[0m
[32m[I 2022-04-13 14:32:39,302][0m Trial 931 finished with value: 0.842227754547228 and parameters: {'n_estimators': 478, 'min_samples_split': 0.30508576655194686, 'min_samples_leaf': 0.19154971705387397, 'min_weight_fraction_leaf': 0.008496096274478605, 'max_features': 0.6756987497420173, 'bootstrap': False, 'max_samples': 0.49336113931401976}. Best is trial 480 with value: 0.8778163779435968.[0m
[32m[I 2022-04-13 14:32:49,613][0m Trial 932 finished with value: 0.8716378118675967 and parameters: {'n_estimators': 498, 'min_samples_split': 0.2836238945721616, 'min_samples_leaf': 0.0659691799926425, 'min_weight_fraction_leaf': 0.005024086565351924, 'max_features': 0.620174510472987, 'bootstrap': False, 'max_samples': 0.6439473364672154}. Best is trial 480 with value: 0.8778163779435968.[0m
[32m[I 2022-04-13 14:33:00,041][0m Trial 933 finished with value: 0.8455041688058007 and parameters: {'n_estimators': 560, 'min_samples_split': 0.275675799512742, 'min_samples_leaf': 0.01647812842704951, 'min_weight_fraction_leaf': 0.18567004195772785, 'max_features': 0.7461492946719499, 'bootstrap': False, 'max_samples': 0.3894125778457418}. Best is trial 480 with value: 0.8778163779435968.[0m
[32m[I 2022-04-13 14:33:11,300][0m Trial 934 finished with value: 0.8740912690276719 and parameters: {'n_estimators': 478, 'min_samples_split': 0.2911632582435107, 'min_samples_leaf': 0.042654629523593515, 'min_weight_fraction_leaf': 0.015219704934661099, 'max_features': 0.6451869775794158, 'bootstrap': False, 'max_samples': 0.5973433004966947}. Best is trial 480 with value: 0.8778163779435968.[0m
[32m[I 2022-04-13 14:33:25,082][0m Trial 935 finished with value: 0.8660886198268155 and parameters: {'n_estimators': 555, 'min_samples_split': 0.2719912542292941, 'min_samples_leaf': 0.027719767228516372, 'min_weight_fraction_leaf': 0.015141378156091508, 'max_features': 0.6963190562805468, 'bootstrap': False, 'max_samples': 0.6125861943448387}. Best is trial 480 with value: 0.8778163779435968.[0m
[32m[I 2022-04-13 14:33:35,893][0m Trial 936 finished with value: 0.874115329709612 and parameters: {'n_estimators': 501, 'min_samples_split': 0.3175545117930446, 'min_samples_leaf': 0.04508056785364981, 'min_weight_fraction_leaf': 0.0008964925631982992, 'max_features': 0.6636529266110464, 'bootstrap': False, 'max_samples': 0.5337023339589679}. Best is trial 480 with value: 0.8778163779435968.[0m
[32m[I 2022-04-13 14:33:41,070][0m Trial 937 finished with value: 0.8685015503685127 and parameters: {'n_estimators': 164, 'min_samples_split': 0.298779991635787, 'min_samples_leaf': 0.03324023930310705, 'min_weight_fraction_leaf': 0.023219089380585, 'max_features': 0.6548286083590321, 'bootstrap': False, 'max_samples': 0.5956235718312721}. Best is trial 480 with value: 0.8778163779435968.[0m
[32m[I 2022-04-13 14:33:52,193][0m Trial 938 finished with value: 0.8697526928564592 and parameters: {'n_estimators': 514, 'min_samples_split': 0.2825650859460185, 'min_samples_leaf': 0.05641706647786825, 'min_weight_fraction_leaf': 0.017063279544239685, 'max_features': 0.7033195841951437, 'bootstrap': False, 'max_samples': 0.6441507453807437}. Best is trial 480 with value: 0.8778163779435968.[0m
[32m[I 2022-04-13 14:34:03,603][0m Trial 939 finished with value: 0.8696128923650834 and parameters: {'n_estimators': 516, 'min_samples_split': 0.2899026746611622, 'min_samples_leaf': 0.03904432107552191, 'min_weight_fraction_leaf': 0.11046943408848248, 'max_features': 0.6981282523881122, 'bootstrap': False, 'max_samples': 0.638423908596038}. Best is trial 480 with value: 0.8778163779435968.[0m
[32m[I 2022-04-13 14:34:12,399][0m Trial 940 finished with value: 0.8705670412051486 and parameters: {'n_estimators': 459, 'min_samples_split': 0.2615877607206001, 'min_samples_leaf': 0.09640305377093976, 'min_weight_fraction_leaf': 0.01696823610622012, 'max_features': 0.6212916773276322, 'bootstrap': False, 'max_samples': 0.9779424394259321}. Best is trial 480 with value: 0.8778163779435968.[0m
[32m[I 2022-04-13 14:34:24,018][0m Trial 941 finished with value: 0.8697526928564592 and parameters: {'n_estimators': 498, 'min_samples_split': 0.277460712132067, 'min_samples_leaf': 0.03623406253328155, 'min_weight_fraction_leaf': 0.0652271217471954, 'max_features': 0.7247802637023565, 'bootstrap': False, 'max_samples': 0.5632310578221871}. Best is trial 480 with value: 0.8778163779435968.[0m
[32m[I 2022-04-13 14:34:32,016][0m Trial 942 finished with value: 0.6980999055000102 and parameters: {'n_estimators': 547, 'min_samples_split': 0.2750209814036876, 'min_samples_leaf': 0.049232844765746214, 'min_weight_fraction_leaf': 0.45263541238698835, 'max_features': 0.706418183984425, 'bootstrap': False, 'max_samples': 0.6292495701882439}. Best is trial 480 with value: 0.8778163779435968.[0m
[32m[I 2022-04-13 14:34:45,687][0m Trial 943 finished with value: 0.8765162386776881 and parameters: {'n_estimators': 552, 'min_samples_split': 0.26633346210032094, 'min_samples_leaf': 0.04386615505177053, 'min_weight_fraction_leaf': 0.008257611734599619, 'max_features': 0.6901427914749397, 'bootstrap': False, 'max_samples': 0.6178999617023935}. Best is trial 480 with value: 0.8778163779435968.[0m
[32m[I 2022-04-13 14:34:54,909][0m Trial 944 finished with value: 0.8716428844308215 and parameters: {'n_estimators': 354, 'min_samples_split': 0.3011718263597488, 'min_samples_leaf': 0.009483734392778725, 'min_weight_fraction_leaf': 0.04136636371292397, 'max_features': 0.6818980298710953, 'bootstrap': False, 'max_samples': 0.5790012868310549}. Best is trial 480 with value: 0.8778163779435968.[0m
[32m[I 2022-04-13 14:35:07,955][0m Trial 945 finished with value: 0.8694787077614194 and parameters: {'n_estimators': 486, 'min_samples_split': 0.28780757560670184, 'min_samples_leaf': 0.022015055410002506, 'min_weight_fraction_leaf': 0.026416787445432643, 'max_features': 0.6330294574550601, 'bootstrap': False, 'max_samples': 0.5981362896100539}. Best is trial 480 with value: 0.8778163779435968.[0m
[32m[I 2022-04-13 14:35:14,619][0m Trial 946 finished with value: 0.8368784165151422 and parameters: {'n_estimators': 520, 'min_samples_split': 0.28129800118815823, 'min_samples_leaf': 0.30073797027422683, 'min_weight_fraction_leaf': 0.026320904818954858, 'max_features': 0.6456430580972645, 'bootstrap': False, 'max_samples': 0.5150072378546221}. Best is trial 480 with value: 0.8778163779435968.[0m
[32m[I 2022-04-13 14:35:26,997][0m Trial 947 finished with value: 0.8724246628331759 and parameters: {'n_estimators': 543, 'min_samples_split': 0.25397498650548567, 'min_samples_leaf': 0.046004762681111734, 'min_weight_fraction_leaf': 0.01957784625395846, 'max_features': 0.674378547779128, 'bootstrap': False, 'max_samples': 0.5888588869806232}. Best is trial 480 with value: 0.8778163779435968.[0m
[32m[I 2022-04-13 14:35:39,559][0m Trial 948 finished with value: 0.8666172662567254 and parameters: {'n_estimators': 530, 'min_samples_split': 0.273244369207693, 'min_samples_leaf': 0.030251999677454712, 'min_weight_fraction_leaf': 0.006997648900613031, 'max_features': 0.7123243578086527, 'bootstrap': False, 'max_samples': 0.6141105727288515}. Best is trial 480 with value: 0.8778163779435968.[0m
[32m[I 2022-04-13 14:35:53,724][0m Trial 949 finished with value: 0.8717863052160076 and parameters: {'n_estimators': 559, 'min_samples_split': 0.26213219371769736, 'min_samples_leaf': 0.04317486245903488, 'min_weight_fraction_leaf': 0.007754053216255531, 'max_features': 0.7424676151432995, 'bootstrap': False, 'max_samples': 0.6203100621152969}. Best is trial 480 with value: 0.8778163779435968.[0m
[32m[I 2022-04-13 14:36:06,464][0m Trial 950 finished with value: 0.8588449533464043 and parameters: {'n_estimators': 476, 'min_samples_split': 0.30960036234723354, 'min_samples_leaf': 0.018831034297230362, 'min_weight_fraction_leaf': 0.06076861643586204, 'max_features': 0.7614132135776817, 'bootstrap': False, 'max_samples': 0.5538587863062654}. Best is trial 480 with value: 0.8778163779435968.[0m
[32m[I 2022-04-13 14:36:12,815][0m Trial 951 finished with value: 0.65 and parameters: {'n_estimators': 506, 'min_samples_split': 0.2647401188595074, 'min_samples_leaf': 0.39631642868198635, 'min_weight_fraction_leaf': 0.006233118571561841, 'max_features': 0.6717582691808623, 'bootstrap': True, 'max_samples': 0.6524936929102074, 'oob_score': False}. Best is trial 480 with value: 0.8778163779435968.[0m
[32m[I 2022-04-13 14:36:21,909][0m Trial 952 finished with value: 0.8376986808510356 and parameters: {'n_estimators': 431, 'min_samples_split': 0.2943349943313405, 'min_samples_leaf': 0.01239910919754035, 'min_weight_fraction_leaf': 0.25027734587250416, 'max_features': 0.6565359725976938, 'bootstrap': False, 'max_samples': 0.6082134187502942}. Best is trial 480 with value: 0.8778163779435968.[0m
[32m[I 2022-04-13 14:36:35,713][0m Trial 953 finished with value: 0.8586634182522772 and parameters: {'n_estimators': 523, 'min_samples_split': 0.28307530245520823, 'min_samples_leaf': 0.057266054883571435, 'min_weight_fraction_leaf': 0.05424418816117262, 'max_features': 0.8098502725130581, 'bootstrap': False, 'max_samples': 0.5391013770835476}. Best is trial 480 with value: 0.8778163779435968.[0m
[32m[I 2022-04-13 14:36:42,644][0m Trial 954 finished with value: 0.8344338369324579 and parameters: {'n_estimators': 489, 'min_samples_split': 0.24776832751710653, 'min_samples_leaf': 0.28101911237939153, 'min_weight_fraction_leaf': 0.03225071653444238, 'max_features': 0.6693847775407074, 'bootstrap': False, 'max_samples': 0.6462015382937072}. Best is trial 480 with value: 0.8778163779435968.[0m
[32m[I 2022-04-13 14:36:55,152][0m Trial 955 finished with value: 0.8674314301308559 and parameters: {'n_estimators': 530, 'min_samples_split': 0.2747377235465237, 'min_samples_leaf': 0.024318654776532233, 'min_weight_fraction_leaf': 0.07726164966532403, 'max_features': 0.7304276036927071, 'bootstrap': False, 'max_samples': 0.5570485684598554}. Best is trial 480 with value: 0.8778163779435968.[0m
[32m[I 2022-04-13 14:37:06,675][0m Trial 956 finished with value: 0.8655633966118481 and parameters: {'n_estimators': 549, 'min_samples_split': 0.2517466226787959, 'min_samples_leaf': 0.06973051595644936, 'min_weight_fraction_leaf': 0.0006161522545628517, 'max_features': 0.7269407724104819, 'bootstrap': False, 'max_samples': 0.5655048304450302}. Best is trial 480 with value: 0.8778163779435968.[0m
[32m[I 2022-04-13 14:37:13,730][0m Trial 957 finished with value: 0.7664860329106927 and parameters: {'n_estimators': 510, 'min_samples_split': 0.2901499584098789, 'min_samples_leaf': 0.41903207666890385, 'min_weight_fraction_leaf': 0.05417028558488956, 'max_features': 0.7609749939674528, 'bootstrap': False, 'max_samples': 0.49345804837992235}. Best is trial 480 with value: 0.8778163779435968.[0m
[32m[I 2022-04-13 14:37:28,481][0m Trial 958 finished with value: 0.865751966973989 and parameters: {'n_estimators': 582, 'min_samples_split': 0.2668061840972601, 'min_samples_leaf': 0.036834497164830116, 'min_weight_fraction_leaf': 0.018133114665890026, 'max_features': 0.6942054946806271, 'bootstrap': False, 'max_samples': 0.6337661576766692}. Best is trial 480 with value: 0.8778163779435968.[0m
[32m[I 2022-04-13 14:37:39,066][0m Trial 959 finished with value: 0.8742437411557408 and parameters: {'n_estimators': 458, 'min_samples_split': 0.2962224343007988, 'min_samples_leaf': 0.0262682177977466, 'min_weight_fraction_leaf': 0.04867852415716716, 'max_features': 0.6612323672804149, 'bootstrap': False, 'max_samples': 0.5922044697933633}. Best is trial 480 with value: 0.8778163779435968.[0m
[32m[I 2022-04-13 14:37:51,686][0m Trial 960 finished with value: 0.8651976768198466 and parameters: {'n_estimators': 499, 'min_samples_split': 0.2621105456753113, 'min_samples_leaf': 0.034879577679606706, 'min_weight_fraction_leaf': 0.03292550219478553, 'max_features': 0.6881928557716587, 'bootstrap': False, 'max_samples': 0.571819172463714}. Best is trial 480 with value: 0.8778163779435968.[0m
[32m[I 2022-04-13 14:37:57,101][0m Trial 961 finished with value: 0.7126933834326028 and parameters: {'n_estimators': 468, 'min_samples_split': 0.2822612793408176, 'min_samples_leaf': 0.4887573235482107, 'min_weight_fraction_leaf': 0.13241266948239436, 'max_features': 0.6431823804202353, 'bootstrap': False, 'max_samples': 0.5296877617039872}. Best is trial 480 with value: 0.8778163779435968.[0m
[32m[I 2022-04-13 14:38:10,857][0m Trial 962 finished with value: 0.8565302138087747 and parameters: {'n_estimators': 538, 'min_samples_split': 0.25931758815485595, 'min_samples_leaf': 0.07699709609872793, 'min_weight_fraction_leaf': 0.02484195788980887, 'max_features': 0.7756430886442807, 'bootstrap': False, 'max_samples': 0.8690386387779114}. Best is trial 480 with value: 0.8778163779435968.[0m
[32m[I 2022-04-13 14:38:19,668][0m Trial 963 finished with value: 0.85504413475659 and parameters: {'n_estimators': 576, 'min_samples_split': 0.23739669336505043, 'min_samples_leaf': 0.06430986618302018, 'min_weight_fraction_leaf': 0.016235137835978346, 'max_features': 0.23904534149280376, 'bootstrap': False, 'max_samples': 0.6489781122738535}. Best is trial 480 with value: 0.8778163779435968.[0m
[32m[I 2022-04-13 14:38:32,016][0m Trial 964 finished with value: 0.8675245825237644 and parameters: {'n_estimators': 526, 'min_samples_split': 0.30382789427774515, 'min_samples_leaf': 0.03135322728986985, 'min_weight_fraction_leaf': 0.07143256399880152, 'max_features': 0.7184333589599315, 'bootstrap': False, 'max_samples': 0.617057128345256}. Best is trial 480 with value: 0.8778163779435968.[0m
[32m[I 2022-04-13 14:38:42,779][0m Trial 965 finished with value: 0.8697526928564592 and parameters: {'n_estimators': 491, 'min_samples_split': 0.27961262536970555, 'min_samples_leaf': 0.05531572395468665, 'min_weight_fraction_leaf': 0.029864836091817566, 'max_features': 0.673211218136176, 'bootstrap': False, 'max_samples': 0.5936889279086698}. Best is trial 480 with value: 0.8778163779435968.[0m
[32m[I 2022-04-13 14:38:50,158][0m Trial 966 finished with value: 0.8749213294677756 and parameters: {'n_estimators': 312, 'min_samples_split': 0.27039315710723244, 'min_samples_leaf': 0.0525124831176769, 'min_weight_fraction_leaf': 0.008990043031995415, 'max_features': 0.7435268211426085, 'bootstrap': False, 'max_samples': 0.5507294854794353}. Best is trial 480 with value: 0.8778163779435968.[0m
[32m[I 2022-04-13 14:38:54,295][0m Trial 967 finished with value: 0.8713784891662429 and parameters: {'n_estimators': 115, 'min_samples_split': 0.2895345575144086, 'min_samples_leaf': 0.048249802308631365, 'min_weight_fraction_leaf': 0.03930857057475835, 'max_features': 0.6297733086070731, 'bootstrap': False, 'max_samples': 0.6499968370866042}. Best is trial 480 with value: 0.8778163779435968.[0m
[32m[I 2022-04-13 14:38:57,918][0m Trial 968 finished with value: 0.8702537697022057 and parameters: {'n_estimators': 100, 'min_samples_split': 0.3140186477908818, 'min_samples_leaf': 0.03553045345693476, 'min_weight_fraction_leaf': 0.04150874434906517, 'max_features': 0.6195649858566747, 'bootstrap': False, 'max_samples': 0.48057821609144497}. Best is trial 480 with value: 0.8778163779435968.[0m
[32m[I 2022-04-13 14:39:09,474][0m Trial 969 finished with value: 0.8664080583101855 and parameters: {'n_estimators': 511, 'min_samples_split': 0.2791710051266587, 'min_samples_leaf': 0.01903654326766008, 'min_weight_fraction_leaf': 0.0647574889547452, 'max_features': 0.6458520663512688, 'bootstrap': True, 'max_samples': 0.621134906462943, 'oob_score': True}. Best is trial 480 with value: 0.8778163779435968.[0m
[32m[I 2022-04-13 14:39:21,096][0m Trial 970 finished with value: 0.8747132644566367 and parameters: {'n_estimators': 552, 'min_samples_split': 0.299175461567364, 'min_samples_leaf': 0.04154581789531972, 'min_weight_fraction_leaf': 0.0002070430596005559, 'max_features': 0.6958119075205561, 'bootstrap': False, 'max_samples': 0.6277035364925146}. Best is trial 480 with value: 0.8778163779435968.[0m
[32m[I 2022-04-13 14:39:31,603][0m Trial 971 finished with value: 0.8688396155153131 and parameters: {'n_estimators': 522, 'min_samples_split': 0.38124066548314123, 'min_samples_leaf': 0.0607948878798711, 'min_weight_fraction_leaf': 0.05243106840407681, 'max_features': 0.7099283884030734, 'bootstrap': False, 'max_samples': 0.6404470068215635}. Best is trial 480 with value: 0.8778163779435968.[0m
