[32m[I 2022-04-13 17:19:33,640][0m Trial 995 finished with value: 0.6268796246126972 and parameters: {'n_estimators': 463, 'min_samples_split': 0.2086816250321294, 'min_samples_leaf': 0.06676947373046394, 'min_weight_fraction_leaf': 0.3029892648925636, 'max_features': 0.18698128659900926, 'bootstrap': False, 'max_samples': 0.5529647148053087}. Best is trial 647 with value: 0.7566204211119171.[0m
[32m[I 2022-04-13 17:19:44,670][0m Trial 996 finished with value: 0.7394487775872036 and parameters: {'n_estimators': 557, 'min_samples_split': 0.18665223253235924, 'min_samples_leaf': 0.04513971431056017, 'min_weight_fraction_leaf': 0.08784468207568993, 'max_features': 0.5604776083889416, 'bootstrap': True, 'max_samples': 0.6774933653692701, 'oob_score': True}. Best is trial 647 with value: 0.7566204211119171.[0m
[32m[I 2022-04-13 17:19:55,108][0m Trial 997 finished with value: 0.7298513901389365 and parameters: {'n_estimators': 525, 'min_samples_split': 0.19967816621676798, 'min_samples_leaf': 0.05721556453889608, 'min_weight_fraction_leaf': 0.026869868963539625, 'max_features': 0.62620139086143, 'bootstrap': False, 'max_samples': 0.7319332375398071}. Best is trial 647 with value: 0.7566204211119171.[0m
[32m[I 2022-04-13 17:20:05,592][0m Trial 998 finished with value: 0.7350886219255901 and parameters: {'n_estimators': 643, 'min_samples_split': 0.15571188589828647, 'min_samples_leaf': 0.0402374383549661, 'min_weight_fraction_leaf': 0.07514920825371729, 'max_features': 0.5720850213972247, 'bootstrap': False, 'max_samples': 0.7013297724717585}. Best is trial 647 with value: 0.7566204211119171.[0m
[32m[I 2022-04-13 17:20:10,571][0m Trial 999 finished with value: 0.7122288322510316 and parameters: {'n_estimators': 309, 'min_samples_split': 0.20856464851744974, 'min_samples_leaf': 0.05250188439623969, 'min_weight_fraction_leaf': 0.181307921030117, 'max_features': 0.6036868437418518, 'bootstrap': False, 'max_samples': 0.6232463962862059}. Best is trial 647 with value: 0.7566204211119171.[0m
RandomSurvivalForest
Running Optimizer with LogRank binary scoring
{'n_estimators': 528, 'min_samples_split': 0.2785372539864237, 'min_samples_leaf': 0.030808333109961134, 'min_weight_fraction_leaf': 0.04090745074272355, 'max_features': 0.7038678988047188, 'bootstrap': False, 'max_samples': 0.6183698914942392, 'UnoC_LR': 0.8778163779435968}
Running Optimizer normaly
{'n_estimators': 100, 'min_samples_split': 0.1823316131264906, 'min_samples_leaf': 0.050091665904561135, 'min_weight_fraction_leaf': 0.023184957262683298, 'max_features': 0.6029199291777201, 'bootstrap': False, 'max_samples': 0.9086856608815692, 'UnoC': 0.7566204211119171}
