[32m[I 2022-04-13 13:02:26,069][0m Trial 486 finished with value: 0.8654502622096473 and parameters: {'n_estimators': 521, 'min_samples_split': 0.2705101301545442, 'min_samples_leaf': 0.03331732047360808, 'min_weight_fraction_leaf': 0.036911317457084016, 'max_features': 0.696381479639134, 'bootstrap': False, 'max_samples': 0.6014248745836274}. Best is trial 480 with value: 0.8778163779435968.[0m
[32m[I 2022-04-13 13:02:40,010][0m Trial 487 finished with value: 0.8567269199374172 and parameters: {'n_estimators': 488, 'min_samples_split': 0.048124556639196986, 'min_samples_leaf': 0.050159995034463445, 'min_weight_fraction_leaf': 0.03015863480183046, 'max_features': 0.7454414748821855, 'bootstrap': False, 'max_samples': 0.6253496807679718}. Best is trial 480 with value: 0.8778163779435968.[0m
[32m[I 2022-04-13 13:02:47,860][0m Trial 488 finished with value: 0.8368784165151422 and parameters: {'n_estimators': 526, 'min_samples_split': 0.2624143715412757, 'min_samples_leaf': 0.057099174096516575, 'min_weight_fraction_leaf': 0.30085685726586264, 'max_features': 0.7032859852347887, 'bootstrap': False, 'max_samples': 0.5757275762594015}. Best is trial 480 with value: 0.8778163779435968.[0m
[32m[I 2022-04-13 13:02:59,857][0m Trial 489 finished with value: 0.8659789086395573 and parameters: {'n_estimators': 506, 'min_samples_split': 0.27228464777616534, 'min_samples_leaf': 0.029262873408165864, 'min_weight_fraction_leaf': 0.00862770325365492, 'max_features': 0.7197503915514121, 'bootstrap': False, 'max_samples': 0.5826605009075101}. Best is trial 480 with value: 0.8778163779435968.[0m
[32m[I 2022-04-13 13:03:11,463][0m Trial 490 finished with value: 0.8664579798076677 and parameters: {'n_estimators': 572, 'min_samples_split': 0.4328918457302565, 'min_samples_leaf': 0.04335672224334582, 'min_weight_fraction_leaf': 0.03157107960933995, 'max_features': 0.7428698827374939, 'bootstrap': False, 'max_samples': 0.6094882693554026}. Best is trial 480 with value: 0.8778163779435968.[0m
[32m[I 2022-04-13 13:03:25,239][0m Trial 491 finished with value: 0.8751999026966713 and parameters: {'n_estimators': 600, 'min_samples_split': 0.2809864401332573, 'min_samples_leaf': 0.026296058792037377, 'min_weight_fraction_leaf': 0.04014807631188303, 'max_features': 0.7190967513539868, 'bootstrap': False, 'max_samples': 0.5537086358274595}. Best is trial 480 with value: 0.8778163779435968.[0m
[32m[I 2022-04-13 13:03:37,730][0m Trial 492 finished with value: 0.8704535536375284 and parameters: {'n_estimators': 526, 'min_samples_split': 0.2893402736053401, 'min_samples_leaf': 0.02740343246163177, 'min_weight_fraction_leaf': 0.026883232317802135, 'max_features': 0.684547771673102, 'bootstrap': False, 'max_samples': 0.6395881367783129}. Best is trial 480 with value: 0.8778163779435968.[0m
[32m[I 2022-04-13 13:03:50,630][0m Trial 493 finished with value: 0.8680176440465752 and parameters: {'n_estimators': 551, 'min_samples_split': 0.27607521429706927, 'min_samples_leaf': 0.06507798109778468, 'min_weight_fraction_leaf': 0.039029166268012096, 'max_features': 0.7067762999026059, 'bootstrap': False, 'max_samples': 0.6234190266548256}. Best is trial 480 with value: 0.8778163779435968.[0m
[32m[I 2022-04-13 13:04:02,359][0m Trial 494 finished with value: 0.8765162386776881 and parameters: {'n_estimators': 541, 'min_samples_split': 0.2745802884870903, 'min_samples_leaf': 0.041372314326632895, 'min_weight_fraction_leaf': 0.046520680124260395, 'max_features': 0.682911542271734, 'bootstrap': False, 'max_samples': 0.6271729304287911}. Best is trial 480 with value: 0.8778163779435968.[0m
[32m[I 2022-04-13 13:04:14,867][0m Trial 495 finished with value: 0.867072926073981 and parameters: {'n_estimators': 543, 'min_samples_split': 0.25052489110712806, 'min_samples_leaf': 0.062162876027153646, 'min_weight_fraction_leaf': 0.019359012458620525, 'max_features': 0.6844442199526022, 'bootstrap': False, 'max_samples': 0.5930685305407928}. Best is trial 480 with value: 0.8778163779435968.[0m
[32m[I 2022-04-13 13:04:28,450][0m Trial 496 finished with value: 0.875839058225999 and parameters: {'n_estimators': 582, 'min_samples_split': 0.2855904832292746, 'min_samples_leaf': 0.04108391169379254, 'min_weight_fraction_leaf': 0.04491428418033866, 'max_features': 0.723042619850172, 'bootstrap': False, 'max_samples': 0.6266590310675196}. Best is trial 480 with value: 0.8778163779435968.[0m
[32m[I 2022-04-13 13:04:39,392][0m Trial 497 finished with value: 0.8712167649470958 and parameters: {'n_estimators': 581, 'min_samples_split': 0.29195048085553177, 'min_samples_leaf': 0.05310647482698626, 'min_weight_fraction_leaf': 0.013630190932492632, 'max_features': 0.730086903398132, 'bootstrap': False, 'max_samples': 0.6139059624875277}. Best is trial 480 with value: 0.8778163779435968.[0m
[32m[I 2022-04-13 13:04:52,396][0m Trial 498 finished with value: 0.8635974993930123 and parameters: {'n_estimators': 516, 'min_samples_split': 0.2857002700312834, 'min_samples_leaf': 0.044428683448595754, 'min_weight_fraction_leaf': 0.030514714934315137, 'max_features': 0.8013229980464426, 'bootstrap': False, 'max_samples': 0.6366515950292528}. Best is trial 480 with value: 0.8778163779435968.[0m
[32m[I 2022-04-13 13:05:05,109][0m Trial 499 finished with value: 0.8720234173105504 and parameters: {'n_estimators': 610, 'min_samples_split': 0.29384969105775105, 'min_samples_leaf': 0.05575645784713687, 'min_weight_fraction_leaf': 0.04213484216055693, 'max_features': 0.702220921029152, 'bootstrap': False, 'max_samples': 0.6090624946470412}. Best is trial 480 with value: 0.8778163779435968.[0m
[32m[I 2022-04-13 13:05:19,509][0m Trial 500 finished with value: 0.8627908470295577 and parameters: {'n_estimators': 596, 'min_samples_split': 0.2805041772954865, 'min_samples_leaf': 0.03666904029797853, 'min_weight_fraction_leaf': 0.04275707490351368, 'max_features': 0.7514150051053465, 'bootstrap': False, 'max_samples': 0.5621967283284423}. Best is trial 480 with value: 0.8778163779435968.[0m
[32m[I 2022-04-13 13:05:24,961][0m Trial 501 finished with value: 0.7126933834326028 and parameters: {'n_estimators': 557, 'min_samples_split': 0.2774923865030942, 'min_samples_leaf': 0.49746921693311363, 'min_weight_fraction_leaf': 0.02936958174563597, 'max_features': 0.7201899826382839, 'bootstrap': False, 'max_samples': 0.6215232264090049}. Best is trial 480 with value: 0.8778163779435968.[0m
[32m[I 2022-04-13 13:05:33,452][0m Trial 502 finished with value: 0.8671458535327858 and parameters: {'n_estimators': 569, 'min_samples_split': 0.3003474993340331, 'min_samples_leaf': 0.046195079061851795, 'min_weight_fraction_leaf': 0.046927823207389946, 'max_features': 0.6672305636678785, 'bootstrap': True, 'max_samples': 0.6309477965949322, 'oob_score': False}. Best is trial 480 with value: 0.8778163779435968.[0m
[32m[I 2022-04-13 13:05:43,765][0m Trial 503 finished with value: 0.873993946431896 and parameters: {'n_estimators': 478, 'min_samples_split': 0.2887073688069565, 'min_samples_leaf': 0.04272833123571652, 'min_weight_fraction_leaf': 0.03556048235614057, 'max_features': 0.6852225704980554, 'bootstrap': False, 'max_samples': 0.6509289023701095}. Best is trial 480 with value: 0.8778163779435968.[0m
[32m[I 2022-04-13 13:05:58,669][0m Trial 504 finished with value: 0.8647055094835236 and parameters: {'n_estimators': 617, 'min_samples_split': 0.2622487296381569, 'min_samples_leaf': 0.02693319862195101, 'min_weight_fraction_leaf': 0.04699316326328626, 'max_features': 0.7571712848111095, 'bootstrap': False, 'max_samples': 0.5089432951143177}. Best is trial 480 with value: 0.8778163779435968.[0m
[32m[I 2022-04-13 13:06:08,994][0m Trial 505 finished with value: 0.8674314301308559 and parameters: {'n_estimators': 519, 'min_samples_split': 0.26545124603133485, 'min_samples_leaf': 0.0730286755875185, 'min_weight_fraction_leaf': 0.017904187596087348, 'max_features': 0.7136962740544311, 'bootstrap': False, 'max_samples': 0.5920321596107739}. Best is trial 480 with value: 0.8778163779435968.[0m
[32m[I 2022-04-13 13:06:18,759][0m Trial 506 finished with value: 0.8647390472593379 and parameters: {'n_estimators': 532, 'min_samples_split': 0.2790279857384608, 'min_samples_leaf': 0.03238536379192481, 'min_weight_fraction_leaf': 0.15371543524760264, 'max_features': 0.6913410536306711, 'bootstrap': False, 'max_samples': 0.6424461514430174}. Best is trial 480 with value: 0.8778163779435968.[0m
[32m[I 2022-04-13 13:06:30,025][0m Trial 507 finished with value: 0.8760073529722853 and parameters: {'n_estimators': 494, 'min_samples_split': 0.2713363143061908, 'min_samples_leaf': 0.038381702373384896, 'min_weight_fraction_leaf': 0.049456194704748366, 'max_features': 0.7383570608752278, 'bootstrap': False, 'max_samples': 0.6553579507732686}. Best is trial 480 with value: 0.8778163779435968.[0m
[32m[I 2022-04-13 13:06:41,562][0m Trial 508 finished with value: 0.8628513759629193 and parameters: {'n_estimators': 448, 'min_samples_split': 0.24288916150022458, 'min_samples_leaf': 0.03437059507671825, 'min_weight_fraction_leaf': 0.0311003003057079, 'max_features': 0.7146836597142118, 'bootstrap': False, 'max_samples': 0.6071815374468268}. Best is trial 480 with value: 0.8778163779435968.[0m
[32m[I 2022-04-13 13:06:51,727][0m Trial 509 finished with value: 0.8664862000201403 and parameters: {'n_estimators': 459, 'min_samples_split': 0.2579824907779637, 'min_samples_leaf': 0.06368518558505937, 'min_weight_fraction_leaf': 0.0388892878165023, 'max_features': 0.7332663911429301, 'bootstrap': False, 'max_samples': 0.6353974260856627}. Best is trial 480 with value: 0.8778163779435968.[0m
[32m[I 2022-04-13 13:07:02,646][0m Trial 510 finished with value: 0.8594681252151741 and parameters: {'n_estimators': 477, 'min_samples_split': 0.2689921576816367, 'min_samples_leaf': 0.05529451785441791, 'min_weight_fraction_leaf': 0.0485438506137301, 'max_features': 0.7606353625530757, 'bootstrap': False, 'max_samples': 0.652650457695198}. Best is trial 480 with value: 0.8778163779435968.[0m
[32m[I 2022-04-13 13:07:15,466][0m Trial 511 finished with value: 0.859363578492774 and parameters: {'n_estimators': 496, 'min_samples_split': 0.28779564106235445, 'min_samples_leaf': 0.035031191389062674, 'min_weight_fraction_leaf': 0.026377837147180744, 'max_features': 0.7886380556532216, 'bootstrap': False, 'max_samples': 0.6262443012514282}. Best is trial 480 with value: 0.8778163779435968.[0m
[32m[I 2022-04-13 13:07:26,439][0m Trial 512 finished with value: 0.8760073529722853 and parameters: {'n_estimators': 503, 'min_samples_split': 0.27403156043776705, 'min_samples_leaf': 0.047202677014293315, 'min_weight_fraction_leaf': 0.04814320742585422, 'max_features': 0.6711783318620742, 'bootstrap': False, 'max_samples': 0.6557720957545704}. Best is trial 480 with value: 0.8778163779435968.[0m
[32m[I 2022-04-13 13:07:35,770][0m Trial 513 finished with value: 0.8677611780998502 and parameters: {'n_estimators': 497, 'min_samples_split': 0.2994158541134923, 'min_samples_leaf': 0.0951048970585846, 'min_weight_fraction_leaf': 0.03634576372553849, 'max_features': 0.6722809713839507, 'bootstrap': False, 'max_samples': 0.6707211773013113}. Best is trial 480 with value: 0.8778163779435968.[0m
[32m[I 2022-04-13 13:07:43,263][0m Trial 514 finished with value: 0.8465918463156299 and parameters: {'n_estimators': 484, 'min_samples_split': 0.2819798592039495, 'min_samples_leaf': 0.17814715054266034, 'min_weight_fraction_leaf': 0.010188684194218662, 'max_features': 0.6948120479006747, 'bootstrap': False, 'max_samples': 0.6002705186338966}. Best is trial 480 with value: 0.8778163779435968.[0m
[32m[I 2022-04-13 13:07:53,296][0m Trial 515 finished with value: 0.8740912690276719 and parameters: {'n_estimators': 469, 'min_samples_split': 0.29256313666410494, 'min_samples_leaf': 0.04766698966408004, 'min_weight_fraction_leaf': 0.02021403349478765, 'max_features': 0.7372628879274139, 'bootstrap': False, 'max_samples': 0.6268464740790325}. Best is trial 480 with value: 0.8778163779435968.[0m
[32m[I 2022-04-13 13:08:03,281][0m Trial 516 finished with value: 0.8709853406145497 and parameters: {'n_estimators': 427, 'min_samples_split': 0.27654180978515314, 'min_samples_leaf': 0.057586830337427744, 'min_weight_fraction_leaf': 0.04545159539276221, 'max_features': 0.6540795015110699, 'bootstrap': False, 'max_samples': 0.5885858184699404}. Best is trial 480 with value: 0.8778163779435968.[0m
[32m[I 2022-04-13 13:08:10,631][0m Trial 517 finished with value: 0.8416754087032009 and parameters: {'n_estimators': 499, 'min_samples_split': 0.2597185797787467, 'min_samples_leaf': 0.20856938320781615, 'min_weight_fraction_leaf': 0.04913772877987325, 'max_features': 0.6697787289516269, 'bootstrap': False, 'max_samples': 0.640224579454069}. Best is trial 480 with value: 0.8778163779435968.[0m
[32m[I 2022-04-13 13:08:21,133][0m Trial 518 finished with value: 0.8655633966118481 and parameters: {'n_estimators': 520, 'min_samples_split': 0.24987492414458162, 'min_samples_leaf': 0.06962420547613768, 'min_weight_fraction_leaf': 0.03280415656600511, 'max_features': 0.6970069710890734, 'bootstrap': False, 'max_samples': 0.6625048041694948}. Best is trial 480 with value: 0.8778163779435968.[0m
[32m[I 2022-04-13 13:08:32,785][0m Trial 519 finished with value: 0.8771780203264286 and parameters: {'n_estimators': 530, 'min_samples_split': 0.2678371263439212, 'min_samples_leaf': 0.04668211818045395, 'min_weight_fraction_leaf': 0.04856169215514124, 'max_features': 0.7131505021145458, 'bootstrap': False, 'max_samples': 0.6496235273820258}. Best is trial 480 with value: 0.8778163779435968.[0m
[32m[I 2022-04-13 13:08:43,043][0m Trial 520 finished with value: 0.8754397543246781 and parameters: {'n_estimators': 490, 'min_samples_split': 0.28607401406573046, 'min_samples_leaf': 0.048944694043061225, 'min_weight_fraction_leaf': 0.03908685593065364, 'max_features': 0.7397757551557995, 'bootstrap': False, 'max_samples': 0.6191711877982771}. Best is trial 480 with value: 0.8778163779435968.[0m
[32m[I 2022-04-13 13:08:53,005][0m Trial 521 finished with value: 0.8675087583411726 and parameters: {'n_estimators': 508, 'min_samples_split': 0.269367245016763, 'min_samples_leaf': 0.06052628414244084, 'min_weight_fraction_leaf': 0.028660266655048533, 'max_features': 0.7098622955447766, 'bootstrap': False, 'max_samples': 0.6467125651470621}. Best is trial 480 with value: 0.8778163779435968.[0m
[32m[I 2022-04-13 13:09:01,734][0m Trial 522 finished with value: 0.8673706061255679 and parameters: {'n_estimators': 440, 'min_samples_split': 0.2777563215002053, 'min_samples_leaf': 0.05004609148373231, 'min_weight_fraction_leaf': 0.04840641808766324, 'max_features': 0.6830818766186885, 'bootstrap': True, 'max_samples': 0.6330533220716633, 'oob_score': False}. Best is trial 480 with value: 0.8778163779435968.[0m
[32m[I 2022-04-13 13:09:13,882][0m Trial 523 finished with value: 0.8724246628331759 and parameters: {'n_estimators': 529, 'min_samples_split': 0.25642388295182234, 'min_samples_leaf': 0.04216992802459484, 'min_weight_fraction_leaf': 0.02016891770929655, 'max_features': 0.7199710914774686, 'bootstrap': False, 'max_samples': 0.6566332251317835}. Best is trial 480 with value: 0.8778163779435968.[0m
[32m[I 2022-04-13 13:09:27,423][0m Trial 524 finished with value: 0.8648278275499323 and parameters: {'n_estimators': 531, 'min_samples_split': 0.30598469992122745, 'min_samples_leaf': 0.035592765679594525, 'min_weight_fraction_leaf': 0.04028817527149027, 'max_features': 0.7660930217843464, 'bootstrap': False, 'max_samples': 0.6056235371955433}. Best is trial 480 with value: 0.8778163779435968.[0m
[32m[I 2022-04-13 13:09:33,317][0m Trial 525 finished with value: 0.8641233740995571 and parameters: {'n_estimators': 271, 'min_samples_split': 0.2865645596990219, 'min_samples_leaf': 0.08537216149819332, 'min_weight_fraction_leaf': 0.051593306914181666, 'max_features': 0.6635796758875901, 'bootstrap': False, 'max_samples': 0.6809325852181082}. Best is trial 480 with value: 0.8778163779435968.[0m
[32m[I 2022-04-13 13:09:37,811][0m Trial 526 finished with value: 0.7126933834326028 and parameters: {'n_estimators': 246, 'min_samples_split': 0.27553481791935824, 'min_samples_leaf': 0.05672340824545751, 'min_weight_fraction_leaf': 0.49775527827568966, 'max_features': 0.7407924515482228, 'bootstrap': False, 'max_samples': 0.5719458697423971}. Best is trial 480 with value: 0.8778163779435968.[0m
[32m[I 2022-04-13 13:09:47,175][0m Trial 527 finished with value: 0.8682967294135923 and parameters: {'n_estimators': 467, 'min_samples_split': 0.26370187887921814, 'min_samples_leaf': 0.0740304412642546, 'min_weight_fraction_leaf': 0.027427590611651356, 'max_features': 0.705646221334169, 'bootstrap': False, 'max_samples': 0.6473686234350222}. Best is trial 480 with value: 0.8778163779435968.[0m
[32m[I 2022-04-13 13:09:57,804][0m Trial 528 finished with value: 0.8747911048050746 and parameters: {'n_estimators': 496, 'min_samples_split': 0.2939107624404212, 'min_samples_leaf': 0.0426989470806808, 'min_weight_fraction_leaf': 0.045267283889878294, 'max_features': 0.6768784553177538, 'bootstrap': False, 'max_samples': 0.6581648505328329}. Best is trial 480 with value: 0.8778163779435968.[0m
[32m[I 2022-04-13 13:10:12,456][0m Trial 529 finished with value: 0.8641641488137463 and parameters: {'n_estimators': 592, 'min_samples_split': 0.23977598060952346, 'min_samples_leaf': 0.027896479758515412, 'min_weight_fraction_leaf': 0.0029227979882333333, 'max_features': 0.656813645971492, 'bootstrap': False, 'max_samples': 0.6668454985162144}. Best is trial 480 with value: 0.8778163779435968.[0m
[32m[I 2022-04-13 13:10:22,379][0m Trial 530 finished with value: 0.8648000947484908 and parameters: {'n_estimators': 619, 'min_samples_split': 0.2538713651761095, 'min_samples_leaf': 0.1465373240037781, 'min_weight_fraction_leaf': 0.03517133385606189, 'max_features': 0.6964057614459743, 'bootstrap': False, 'max_samples': 0.6184157004293077}. Best is trial 480 with value: 0.8778163779435968.[0m
[32m[I 2022-04-13 13:10:35,772][0m Trial 531 finished with value: 0.8765162386776881 and parameters: {'n_estimators': 549, 'min_samples_split': 0.26564365081000546, 'min_samples_leaf': 0.05194454398398527, 'min_weight_fraction_leaf': 0.05089947063266534, 'max_features': 0.714321065663293, 'bootstrap': False, 'max_samples': 0.9737170086834259}. Best is trial 480 with value: 0.8778163779435968.[0m
[32m[I 2022-04-13 13:10:48,950][0m Trial 532 finished with value: 0.8626726007895315 and parameters: {'n_estimators': 547, 'min_samples_split': 0.22060965809583377, 'min_samples_leaf': 0.05456473402881936, 'min_weight_fraction_leaf': 0.017766608294540312, 'max_features': 0.725560443818313, 'bootstrap': False, 'max_samples': 0.6272709628766547}. Best is trial 480 with value: 0.8778163779435968.[0m
[32m[I 2022-04-13 13:10:59,025][0m Trial 533 finished with value: 0.8674314301308559 and parameters: {'n_estimators': 519, 'min_samples_split': 0.27702324664905503, 'min_samples_leaf': 0.06764949003415488, 'min_weight_fraction_leaf': 0.051230253964833654, 'max_features': 0.717532173610686, 'bootstrap': False, 'max_samples': 0.6461783244358743}. Best is trial 480 with value: 0.8778163779435968.[0m
[32m[I 2022-04-13 13:11:06,851][0m Trial 534 finished with value: 0.7845577428893459 and parameters: {'n_estimators': 512, 'min_samples_split': 0.26701953365893155, 'min_samples_leaf': 0.060651096425062515, 'min_weight_fraction_leaf': 0.40010972917582366, 'max_features': 0.7483096123108305, 'bootstrap': False, 'max_samples': 0.9187866237716378}. Best is trial 480 with value: 0.8778163779435968.[0m
[32m[I 2022-04-13 13:11:19,056][0m Trial 535 finished with value: 0.8724246628331759 and parameters: {'n_estimators': 537, 'min_samples_split': 0.25900905659571655, 'min_samples_leaf': 0.04906848380701047, 'min_weight_fraction_leaf': 0.035928581986347394, 'max_features': 0.689842994847204, 'bootstrap': False, 'max_samples': 0.6659629564689099}. Best is trial 480 with value: 0.8778163779435968.[0m
[32m[I 2022-04-13 13:11:25,941][0m Trial 536 finished with value: 0.6993364808298704 and parameters: {'n_estimators': 549, 'min_samples_split': 0.2706064360706852, 'min_samples_leaf': 0.045531201042202346, 'min_weight_fraction_leaf': 0.477943886389428, 'max_features': 0.7322774960785455, 'bootstrap': False, 'max_samples': 0.594956906032462}. Best is trial 480 with value: 0.8778163779435968.[0m
[32m[I 2022-04-13 13:11:36,387][0m Trial 537 finished with value: 0.8701290967545617 and parameters: {'n_estimators': 472, 'min_samples_split': 0.24742500476669058, 'min_samples_leaf': 0.039907398279198925, 'min_weight_fraction_leaf': 0.04935553235188441, 'max_features': 0.699240331088149, 'bootstrap': False, 'max_samples': 0.6684494899602077}. Best is trial 480 with value: 0.8778163779435968.[0m
[32m[I 2022-04-13 13:11:43,212][0m Trial 538 finished with value: 0.8297530602579208 and parameters: {'n_estimators': 496, 'min_samples_split': 0.2826239715827411, 'min_samples_leaf': 0.28274745936066814, 'min_weight_fraction_leaf': 0.0423709479493647, 'max_features': 0.7841915274717564, 'bootstrap': False, 'max_samples': 0.8974772095132194}. Best is trial 480 with value: 0.8778163779435968.[0m
[32m[I 2022-04-13 13:11:56,094][0m Trial 539 finished with value: 0.8670122493565181 and parameters: {'n_estimators': 564, 'min_samples_split': 0.29838371654865176, 'min_samples_leaf': 0.03740869527543171, 'min_weight_fraction_leaf': 0.026233905687689005, 'max_features': 0.6723107344161072, 'bootstrap': False, 'max_samples': 0.5749939961593874}. Best is trial 480 with value: 0.8778163779435968.[0m
