[32m[I 2022-04-13 12:52:38,965][0m Trial 432 finished with value: 0.8737097581503541 and parameters: {'n_estimators': 550, 'min_samples_split': 0.24158110946352793, 'min_samples_leaf': 0.04820395006654606, 'min_weight_fraction_leaf': 0.04759479132867274, 'max_features': 0.6204615555764126, 'bootstrap': False, 'max_samples': 0.7547644043779386}. Best is trial 113 with value: 0.8765162386776881.[0m
[32m[I 2022-04-13 12:52:53,026][0m Trial 433 finished with value: 0.8688815588188404 and parameters: {'n_estimators': 589, 'min_samples_split': 0.29269691411224735, 'min_samples_leaf': 0.010309663282265595, 'min_weight_fraction_leaf': 0.009544559827925937, 'max_features': 0.5218087301307005, 'bootstrap': False, 'max_samples': 0.6942488731130154}. Best is trial 113 with value: 0.8765162386776881.[0m
[32m[I 2022-04-13 12:52:58,891][0m Trial 434 finished with value: 0.8426233586069166 and parameters: {'n_estimators': 487, 'min_samples_split': 0.27464574823693955, 'min_samples_leaf': 0.2586242411830724, 'min_weight_fraction_leaf': 0.05626433774976285, 'max_features': 0.5565882866417905, 'bootstrap': False, 'max_samples': 0.7243305737429937}. Best is trial 113 with value: 0.8765162386776881.[0m
[32m[I 2022-04-13 12:53:11,308][0m Trial 435 finished with value: 0.8677515958228204 and parameters: {'n_estimators': 608, 'min_samples_split': 0.28832496623767295, 'min_samples_leaf': 0.020478807615320383, 'min_weight_fraction_leaf': 0.02200091273218309, 'max_features': 0.5448300192705168, 'bootstrap': False, 'max_samples': 0.6518358680850851}. Best is trial 113 with value: 0.8765162386776881.[0m
[32m[I 2022-04-13 12:53:21,997][0m Trial 436 finished with value: 0.8722001405394316 and parameters: {'n_estimators': 513, 'min_samples_split': 0.25620699234310246, 'min_samples_leaf': 0.009885381102739593, 'min_weight_fraction_leaf': 0.06557921480992834, 'max_features': 0.5161716959628193, 'bootstrap': False, 'max_samples': 0.8466443743895512}. Best is trial 113 with value: 0.8765162386776881.[0m
[32m[I 2022-04-13 12:53:34,809][0m Trial 437 finished with value: 0.8724927008813683 and parameters: {'n_estimators': 657, 'min_samples_split': 0.3041891515930675, 'min_samples_leaf': 0.029979398135450412, 'min_weight_fraction_leaf': 0.04138584986174926, 'max_features': 0.5801210763574449, 'bootstrap': False, 'max_samples': 0.7684638121072638}. Best is trial 113 with value: 0.8765162386776881.[0m
[32m[I 2022-04-13 12:53:45,230][0m Trial 438 finished with value: 0.8679649410339618 and parameters: {'n_estimators': 570, 'min_samples_split': 0.26688937174365523, 'min_samples_leaf': 0.01720596499768046, 'min_weight_fraction_leaf': 0.08126567142948507, 'max_features': 0.5662250597163679, 'bootstrap': False, 'max_samples': 0.7090416825650436}. Best is trial 113 with value: 0.8765162386776881.[0m
[32m[I 2022-04-13 12:53:57,381][0m Trial 439 finished with value: 0.8760004964434536 and parameters: {'n_estimators': 623, 'min_samples_split': 0.28046636106122524, 'min_samples_leaf': 0.03850797545428966, 'min_weight_fraction_leaf': 0.05540350389380951, 'max_features': 0.5411272175275151, 'bootstrap': False, 'max_samples': 0.6713604195436735}. Best is trial 113 with value: 0.8765162386776881.[0m
[32m[I 2022-04-13 12:54:06,917][0m Trial 440 finished with value: 0.8654168414678403 and parameters: {'n_estimators': 619, 'min_samples_split': 0.27926246423949025, 'min_samples_leaf': 0.07708233719843535, 'min_weight_fraction_leaf': 0.07011510007247088, 'max_features': 0.4964566528041039, 'bootstrap': False, 'max_samples': 0.6739076075897701}. Best is trial 113 with value: 0.8765162386776881.[0m
[32m[I 2022-04-13 12:54:14,852][0m Trial 441 finished with value: 0.8605224933827429 and parameters: {'n_estimators': 587, 'min_samples_split': 0.2599006103357247, 'min_samples_leaf': 0.05587685477606855, 'min_weight_fraction_leaf': 0.13650694647780956, 'max_features': 0.04289355625964164, 'bootstrap': True, 'max_samples': 0.6474323423149058, 'oob_score': False}. Best is trial 113 with value: 0.8765162386776881.[0m
[32m[I 2022-04-13 12:54:25,294][0m Trial 442 finished with value: 0.8755879471378358 and parameters: {'n_estimators': 548, 'min_samples_split': 0.2707087879209246, 'min_samples_leaf': 0.04035206501686718, 'min_weight_fraction_leaf': 0.05885928186637319, 'max_features': 0.529381134478953, 'bootstrap': False, 'max_samples': 0.6846142901878418}. Best is trial 113 with value: 0.8765162386776881.[0m
[32m[I 2022-04-13 12:54:31,149][0m Trial 443 finished with value: 0.8655020663217275 and parameters: {'n_estimators': 325, 'min_samples_split': 0.2706742827349194, 'min_samples_leaf': 0.04646482299537945, 'min_weight_fraction_leaf': 0.08441737284083882, 'max_features': 0.47649799915523466, 'bootstrap': False, 'max_samples': 0.676073723049657}. Best is trial 113 with value: 0.8765162386776881.[0m
[32m[I 2022-04-13 12:54:38,992][0m Trial 444 finished with value: 0.854774887905514 and parameters: {'n_estimators': 544, 'min_samples_split': 0.24946769976281324, 'min_samples_leaf': 0.06093767372056297, 'min_weight_fraction_leaf': 0.07465078408914741, 'max_features': 0.15748583699611107, 'bootstrap': False, 'max_samples': 0.6859776725544349}. Best is trial 113 with value: 0.8765162386776881.[0m
[32m[I 2022-04-13 12:54:49,932][0m Trial 445 finished with value: 0.8755879471378358 and parameters: {'n_estimators': 549, 'min_samples_split': 0.2644373427468932, 'min_samples_leaf': 0.041809472529452704, 'min_weight_fraction_leaf': 0.060849835332762274, 'max_features': 0.5140836447141829, 'bootstrap': False, 'max_samples': 0.6607417314409759}. Best is trial 113 with value: 0.8765162386776881.[0m
[32m[I 2022-04-13 12:55:00,459][0m Trial 446 finished with value: 0.8727185376709692 and parameters: {'n_estimators': 541, 'min_samples_split': 0.2558563126770717, 'min_samples_leaf': 0.04216534075120663, 'min_weight_fraction_leaf': 0.09732999520565325, 'max_features': 0.5075400652065346, 'bootstrap': False, 'max_samples': 0.6273536056683254}. Best is trial 113 with value: 0.8765162386776881.[0m
[32m[I 2022-04-13 12:55:10,315][0m Trial 447 finished with value: 0.866974596523866 and parameters: {'n_estimators': 566, 'min_samples_split': 0.24318222423692315, 'min_samples_leaf': 0.03973155680316709, 'min_weight_fraction_leaf': 0.06318909252351286, 'max_features': 0.4838268148845521, 'bootstrap': False, 'max_samples': 0.6548550807587901}. Best is trial 113 with value: 0.8765162386776881.[0m
[32m[I 2022-04-13 12:55:20,707][0m Trial 448 finished with value: 0.8747812947743812 and parameters: {'n_estimators': 515, 'min_samples_split': 0.2654864129463648, 'min_samples_leaf': 0.05021862130653502, 'min_weight_fraction_leaf': 0.05908793868748766, 'max_features': 0.5214469487803465, 'bootstrap': False, 'max_samples': 0.6671886426875566}. Best is trial 113 with value: 0.8765162386776881.[0m
[32m[I 2022-04-13 12:55:31,577][0m Trial 449 finished with value: 0.8711084668864781 and parameters: {'n_estimators': 553, 'min_samples_split': 0.25724184198419225, 'min_samples_leaf': 0.0368076546734374, 'min_weight_fraction_leaf': 0.07560622381928098, 'max_features': 0.5132386273620358, 'bootstrap': False, 'max_samples': 0.6427600136700515}. Best is trial 113 with value: 0.8765162386776881.[0m
[32m[I 2022-04-13 12:55:42,072][0m Trial 450 finished with value: 0.8672286511926895 and parameters: {'n_estimators': 593, 'min_samples_split': 0.26883513907065737, 'min_samples_leaf': 0.03389666455926768, 'min_weight_fraction_leaf': 0.06768318118825986, 'max_features': 0.4608611451774599, 'bootstrap': False, 'max_samples': 0.6147607182663543}. Best is trial 113 with value: 0.8765162386776881.[0m
[32m[I 2022-04-13 12:55:54,358][0m Trial 451 finished with value: 0.8593664496300868 and parameters: {'n_estimators': 533, 'min_samples_split': 0.23318384345968518, 'min_samples_leaf': 0.043184889528469196, 'min_weight_fraction_leaf': 0.05490799926864164, 'max_features': 0.7677927770782768, 'bootstrap': False, 'max_samples': 0.6656278543501883}. Best is trial 113 with value: 0.8765162386776881.[0m
[32m[I 2022-04-13 12:56:04,325][0m Trial 452 finished with value: 0.868655698920316 and parameters: {'n_estimators': 575, 'min_samples_split': 0.24758011710883532, 'min_samples_leaf': 0.030353908044803916, 'min_weight_fraction_leaf': 0.08155640975873932, 'max_features': 0.530913841388379, 'bootstrap': False, 'max_samples': 0.6899577279010434}. Best is trial 113 with value: 0.8765162386776881.[0m
[32m[I 2022-04-13 12:56:14,644][0m Trial 453 finished with value: 0.8675011567514466 and parameters: {'n_estimators': 622, 'min_samples_split': 0.27458087132602743, 'min_samples_leaf': 0.02928716742278348, 'min_weight_fraction_leaf': 0.06399961286434551, 'max_features': 0.49571592768288214, 'bootstrap': False, 'max_samples': 0.6956329664768264}. Best is trial 113 with value: 0.8765162386776881.[0m
[32m[I 2022-04-13 12:56:23,203][0m Trial 454 finished with value: 0.868626722682702 and parameters: {'n_estimators': 493, 'min_samples_split': 0.2593774676898206, 'min_samples_leaf': 0.04937809223644279, 'min_weight_fraction_leaf': 0.08886522122181745, 'max_features': 0.530765252599052, 'bootstrap': False, 'max_samples': 0.5939420247315971}. Best is trial 113 with value: 0.8765162386776881.[0m
[32m[I 2022-04-13 12:56:34,004][0m Trial 455 finished with value: 0.8755879471378358 and parameters: {'n_estimators': 555, 'min_samples_split': 0.2705735204037892, 'min_samples_leaf': 0.04158695398151628, 'min_weight_fraction_leaf': 0.05553273279286979, 'max_features': 0.5126507594727759, 'bootstrap': False, 'max_samples': 0.6508487756110205}. Best is trial 113 with value: 0.8765162386776881.[0m
[32m[I 2022-04-13 12:56:42,982][0m Trial 456 finished with value: 0.8685572271262263 and parameters: {'n_estimators': 524, 'min_samples_split': 0.26312717584768824, 'min_samples_leaf': 0.05704286187243439, 'min_weight_fraction_leaf': 0.051864898284796346, 'max_features': 0.48166451285113077, 'bootstrap': False, 'max_samples': 0.667334187138504}. Best is trial 113 with value: 0.8765162386776881.[0m
[32m[I 2022-04-13 12:56:53,390][0m Trial 457 finished with value: 0.8711084668864781 and parameters: {'n_estimators': 545, 'min_samples_split': 0.2511864993637547, 'min_samples_leaf': 0.04170943361634953, 'min_weight_fraction_leaf': 0.07209175033171616, 'max_features': 0.5073669048013043, 'bootstrap': False, 'max_samples': 0.6285715226629851}. Best is trial 113 with value: 0.8765162386776881.[0m
[32m[I 2022-04-13 12:57:03,007][0m Trial 458 finished with value: 0.8674105769891745 and parameters: {'n_estimators': 568, 'min_samples_split': 0.27139914057782677, 'min_samples_leaf': 0.05414440811444904, 'min_weight_fraction_leaf': 0.06426601725086958, 'max_features': 0.43225644231896554, 'bootstrap': False, 'max_samples': 0.6465741128590309}. Best is trial 113 with value: 0.8765162386776881.[0m
[32m[I 2022-04-13 12:57:13,094][0m Trial 459 finished with value: 0.8719313501189937 and parameters: {'n_estimators': 503, 'min_samples_split': 0.24180534063663342, 'min_samples_leaf': 0.025029931088831343, 'min_weight_fraction_leaf': 0.055470219911586384, 'max_features': 0.5189125090890753, 'bootstrap': False, 'max_samples': 0.6356328597651741}. Best is trial 113 with value: 0.8765162386776881.[0m
[32m[I 2022-04-13 12:57:23,696][0m Trial 460 finished with value: 0.8611289015260055 and parameters: {'n_estimators': 591, 'min_samples_split': 0.2638765111691048, 'min_samples_leaf': 0.03925446230051559, 'min_weight_fraction_leaf': 0.10520112367316864, 'max_features': 0.4978583170362153, 'bootstrap': False, 'max_samples': 0.6846192079880488}. Best is trial 113 with value: 0.8765162386776881.[0m
[32m[I 2022-04-13 12:57:30,084][0m Trial 461 finished with value: 0.8081573875343337 and parameters: {'n_estimators': 549, 'min_samples_split': 0.281642088846077, 'min_samples_leaf': 0.22716167343556418, 'min_weight_fraction_leaf': 0.043179515683742675, 'max_features': 0.46561079431756874, 'bootstrap': True, 'max_samples': 0.6621690228138923, 'oob_score': False}. Best is trial 113 with value: 0.8765162386776881.[0m
[32m[I 2022-04-13 12:57:39,253][0m Trial 462 finished with value: 0.8667487953404341 and parameters: {'n_estimators': 528, 'min_samples_split': 0.2723726378942229, 'min_samples_leaf': 0.04805764552584372, 'min_weight_fraction_leaf': 0.0547403193914595, 'max_features': 0.48894969039454905, 'bootstrap': False, 'max_samples': 0.7078153542775576}. Best is trial 113 with value: 0.8765162386776881.[0m
[32m[I 2022-04-13 12:57:49,159][0m Trial 463 finished with value: 0.8677059630656341 and parameters: {'n_estimators': 569, 'min_samples_split': 0.3664059043496393, 'min_samples_leaf': 0.03461765309920435, 'min_weight_fraction_leaf': 0.04230383638012363, 'max_features': 0.5397052170365318, 'bootstrap': False, 'max_samples': 0.6999572039238782}. Best is trial 113 with value: 0.8765162386776881.[0m
[32m[I 2022-04-13 12:58:00,330][0m Trial 464 finished with value: 0.8711084668864781 and parameters: {'n_estimators': 557, 'min_samples_split': 0.2536969938247335, 'min_samples_leaf': 0.06242807126484645, 'min_weight_fraction_leaf': 0.07498571831813004, 'max_features': 0.5187611386244907, 'bootstrap': False, 'max_samples': 0.6432682444496826}. Best is trial 113 with value: 0.8765162386776881.[0m
[32m[I 2022-04-13 12:58:10,169][0m Trial 465 finished with value: 0.8727090262448345 and parameters: {'n_estimators': 525, 'min_samples_split': 0.2631450693246854, 'min_samples_leaf': 0.028586294235021795, 'min_weight_fraction_leaf': 0.0654484027089143, 'max_features': 0.5374608857265122, 'bootstrap': False, 'max_samples': 0.6135507472696761}. Best is trial 113 with value: 0.8765162386776881.[0m
[32m[I 2022-04-13 12:58:22,295][0m Trial 466 finished with value: 0.875839058225999 and parameters: {'n_estimators': 596, 'min_samples_split': 0.2767445064983789, 'min_samples_leaf': 0.04309933366510526, 'min_weight_fraction_leaf': 0.05104961188108608, 'max_features': 0.6976869280134523, 'bootstrap': False, 'max_samples': 0.6783801074290364}. Best is trial 113 with value: 0.8765162386776881.[0m
[32m[I 2022-04-13 12:58:34,631][0m Trial 467 finished with value: 0.8765154407655287 and parameters: {'n_estimators': 594, 'min_samples_split': 0.2710303432869804, 'min_samples_leaf': 0.03959420168345079, 'min_weight_fraction_leaf': 0.03643882213450045, 'max_features': 0.7054228369895004, 'bootstrap': False, 'max_samples': 0.6796121936888219}. Best is trial 113 with value: 0.8765162386776881.[0m
[32m[I 2022-04-13 12:58:49,311][0m Trial 468 finished with value: 0.8663188142104328 and parameters: {'n_estimators': 570, 'min_samples_split': 0.252640678457396, 'min_samples_leaf': 0.04402078221083359, 'min_weight_fraction_leaf': 0.034229803918980894, 'max_features': 0.8036592534411303, 'bootstrap': False, 'max_samples': 0.678810432343461}. Best is trial 113 with value: 0.8765162386776881.[0m
[32m[I 2022-04-13 12:59:00,048][0m Trial 469 finished with value: 0.8679403158362586 and parameters: {'n_estimators': 589, 'min_samples_split': 0.26779036076229873, 'min_samples_leaf': 0.07121678466736957, 'min_weight_fraction_leaf': 0.027504462493843102, 'max_features': 0.727543720364634, 'bootstrap': False, 'max_samples': 0.6709644689556495}. Best is trial 113 with value: 0.8765162386776881.[0m
[32m[I 2022-04-13 12:59:12,619][0m Trial 470 finished with value: 0.8724246628331759 and parameters: {'n_estimators': 543, 'min_samples_split': 0.25897678028934135, 'min_samples_leaf': 0.039765567079816336, 'min_weight_fraction_leaf': 0.03364337262999548, 'max_features': 0.7051896953981787, 'bootstrap': False, 'max_samples': 0.683250289602176}. Best is trial 113 with value: 0.8765162386776881.[0m
[32m[I 2022-04-13 12:59:25,072][0m Trial 471 finished with value: 0.8707447990460162 and parameters: {'n_estimators': 510, 'min_samples_split': 0.24366649160765252, 'min_samples_leaf': 0.03286230548633136, 'min_weight_fraction_leaf': 0.04552118636673358, 'max_features': 0.677333207891617, 'bootstrap': False, 'max_samples': 0.659597576887443}. Best is trial 113 with value: 0.8765162386776881.[0m
[32m[I 2022-04-13 12:59:36,890][0m Trial 472 finished with value: 0.8604918633860821 and parameters: {'n_estimators': 591, 'min_samples_split': 0.273887333190893, 'min_samples_leaf': 0.04808151531239121, 'min_weight_fraction_leaf': 0.03943824059714904, 'max_features': 0.7781848077788028, 'bootstrap': False, 'max_samples': 0.6947841173662689}. Best is trial 113 with value: 0.8765162386776881.[0m
[32m[I 2022-04-13 12:59:47,073][0m Trial 473 finished with value: 0.8760073529722853 and parameters: {'n_estimators': 484, 'min_samples_split': 0.264225075422968, 'min_samples_leaf': 0.041046945865116924, 'min_weight_fraction_leaf': 0.04742252527558947, 'max_features': 0.7300760034408907, 'bootstrap': False, 'max_samples': 0.6684966739994663}. Best is trial 113 with value: 0.8765162386776881.[0m
[32m[I 2022-04-13 12:59:58,807][0m Trial 474 finished with value: 0.8594681252151741 and parameters: {'n_estimators': 473, 'min_samples_split': 0.2760137421153725, 'min_samples_leaf': 0.06461862214366325, 'min_weight_fraction_leaf': 0.03418143983940558, 'max_features': 0.7685861722377483, 'bootstrap': False, 'max_samples': 0.6569604091816722}. Best is trial 113 with value: 0.8765162386776881.[0m
[32m[I 2022-04-13 13:00:09,398][0m Trial 475 finished with value: 0.8664862000201403 and parameters: {'n_estimators': 505, 'min_samples_split': 0.2591508736301282, 'min_samples_leaf': 0.05650385905365211, 'min_weight_fraction_leaf': 0.046886043167484945, 'max_features': 0.7296579961098317, 'bootstrap': False, 'max_samples': 0.6741708954094273}. Best is trial 113 with value: 0.8765162386776881.[0m
[32m[I 2022-04-13 13:00:25,258][0m Trial 476 finished with value: 0.8559745585264047 and parameters: {'n_estimators': 541, 'min_samples_split': 0.07343234852523631, 'min_samples_leaf': 0.04251644552861089, 'min_weight_fraction_leaf': 0.02617505021212681, 'max_features': 0.6775855726698596, 'bootstrap': False, 'max_samples': 0.645620868575734}. Best is trial 113 with value: 0.8765162386776881.[0m
[32m[I 2022-04-13 13:00:36,190][0m Trial 477 finished with value: 0.8623232085228707 and parameters: {'n_estimators': 486, 'min_samples_split': 0.23232002223164283, 'min_samples_leaf': 0.05292630129491166, 'min_weight_fraction_leaf': 0.048176699161076336, 'max_features': 0.7329323281238415, 'bootstrap': False, 'max_samples': 0.6826311443225579}. Best is trial 113 with value: 0.8765162386776881.[0m
[32m[I 2022-04-13 13:00:49,573][0m Trial 478 finished with value: 0.8765162386776881 and parameters: {'n_estimators': 558, 'min_samples_split': 0.2692205280630241, 'min_samples_leaf': 0.03678552535770406, 'min_weight_fraction_leaf': 0.04519956130524258, 'max_features': 0.6911925987681914, 'bootstrap': False, 'max_samples': 0.6242698981848622}. Best is trial 113 with value: 0.8765162386776881.[0m
[32m[I 2022-04-13 13:01:03,737][0m Trial 479 finished with value: 0.8658947473792191 and parameters: {'n_estimators': 564, 'min_samples_split': 0.2533567263450467, 'min_samples_leaf': 0.037366054427370676, 'min_weight_fraction_leaf': 0.03741957726353062, 'max_features': 0.7209083015895028, 'bootstrap': False, 'max_samples': 0.6615892637728498}. Best is trial 113 with value: 0.8765162386776881.[0m
[32m[I 2022-04-13 13:01:16,404][0m Trial 480 finished with value: 0.8778163779435968 and parameters: {'n_estimators': 528, 'min_samples_split': 0.2785372539864237, 'min_samples_leaf': 0.030808333109961134, 'min_weight_fraction_leaf': 0.04090745074272355, 'max_features': 0.7038678988047188, 'bootstrap': False, 'max_samples': 0.6183698914942392}. Best is trial 480 with value: 0.8778163779435968.[0m
[32m[I 2022-04-13 13:01:28,028][0m Trial 481 finished with value: 0.8766457105894535 and parameters: {'n_estimators': 507, 'min_samples_split': 0.28232564742391963, 'min_samples_leaf': 0.04656865773453723, 'min_weight_fraction_leaf': 0.019264456666348947, 'max_features': 0.738060521228128, 'bootstrap': False, 'max_samples': 0.6177274808364203}. Best is trial 480 with value: 0.8778163779435968.[0m
[32m[I 2022-04-13 13:01:39,493][0m Trial 482 finished with value: 0.863391782640816 and parameters: {'n_estimators': 470, 'min_samples_split': 0.28233690601693834, 'min_samples_leaf': 0.05205266629917033, 'min_weight_fraction_leaf': 0.02179208636325911, 'max_features': 0.7443972693051021, 'bootstrap': True, 'max_samples': 0.5828336146390436, 'oob_score': True}. Best is trial 480 with value: 0.8778163779435968.[0m
[32m[I 2022-04-13 13:01:50,937][0m Trial 483 finished with value: 0.8674314301308559 and parameters: {'n_estimators': 495, 'min_samples_split': 0.279530384414469, 'min_samples_leaf': 0.06948993499143163, 'min_weight_fraction_leaf': 0.013579611457351199, 'max_features': 0.6952598286113937, 'bootstrap': False, 'max_samples': 0.6229396479772856}. Best is trial 480 with value: 0.8778163779435968.[0m
[32m[I 2022-04-13 13:02:01,524][0m Trial 484 finished with value: 0.8662543766844826 and parameters: {'n_estimators': 509, 'min_samples_split': 0.28411222740885694, 'min_samples_leaf': 0.0811157685715944, 'min_weight_fraction_leaf': 0.021593397500431488, 'max_features': 0.7046814543498702, 'bootstrap': False, 'max_samples': 0.6129156746841066}. Best is trial 480 with value: 0.8778163779435968.[0m
[32m[I 2022-04-13 13:02:13,315][0m Trial 485 finished with value: 0.8683864931640937 and parameters: {'n_estimators': 454, 'min_samples_split': 0.28463401598095206, 'min_samples_leaf': 0.045153321221068195, 'min_weight_fraction_leaf': 0.022958941518525226, 'max_features': 0.7557376456402723, 'bootstrap': False, 'max_samples': 0.5974826799623041}. Best is trial 480 with value: 0.8778163779435968.[0m
