[32m[I 2022-04-13 13:55:56,296][0m Trial 756 finished with value: 0.8690125918242803 and parameters: {'n_estimators': 639, 'min_samples_split': 0.2744213323140745, 'min_samples_leaf': 0.060385724335691116, 'min_weight_fraction_leaf': 0.03396786910969912, 'max_features': 0.6671391047703727, 'bootstrap': True, 'max_samples': 0.5184175026831577, 'oob_score': True}. Best is trial 480 with value: 0.8778163779435968.[0m
[32m[I 2022-04-13 13:56:11,694][0m Trial 757 finished with value: 0.8658947473792191 and parameters: {'n_estimators': 549, 'min_samples_split': 0.26204385924452206, 'min_samples_leaf': 0.03638602264737367, 'min_weight_fraction_leaf': 0.018797015994663057, 'max_features': 0.7304265109658403, 'bootstrap': False, 'max_samples': 0.45431057101884786}. Best is trial 480 with value: 0.8778163779435968.[0m
[32m[I 2022-04-13 13:56:25,931][0m Trial 758 finished with value: 0.8670122493565181 and parameters: {'n_estimators': 569, 'min_samples_split': 0.290397351283715, 'min_samples_leaf': 0.031164707432238686, 'min_weight_fraction_leaf': 0.03676408868813813, 'max_features': 0.7102793685125575, 'bootstrap': False, 'max_samples': 0.5726725853911745}. Best is trial 480 with value: 0.8778163779435968.[0m
[32m[I 2022-04-13 13:56:38,851][0m Trial 759 finished with value: 0.8740567428184894 and parameters: {'n_estimators': 518, 'min_samples_split': 0.3029195625413311, 'min_samples_leaf': 0.05149019766359049, 'min_weight_fraction_leaf': 0.009626881525917518, 'max_features': 0.6871538504705424, 'bootstrap': False, 'max_samples': 0.4977052030998499}. Best is trial 480 with value: 0.8778163779435968.[0m
[32m[I 2022-04-13 13:56:51,570][0m Trial 760 finished with value: 0.8674314301308559 and parameters: {'n_estimators': 492, 'min_samples_split': 0.2807001614433638, 'min_samples_leaf': 0.06746646622407733, 'min_weight_fraction_leaf': 0.0262891476602421, 'max_features': 0.6450597770684623, 'bootstrap': False, 'max_samples': 0.5321881625426009}. Best is trial 480 with value: 0.8778163779435968.[0m
[32m[I 2022-04-13 13:57:05,797][0m Trial 761 finished with value: 0.8765154407655287 and parameters: {'n_estimators': 605, 'min_samples_split': 0.2678887841173562, 'min_samples_leaf': 0.04033796885041735, 'min_weight_fraction_leaf': 0.039809262514062645, 'max_features': 0.665775082791748, 'bootstrap': False, 'max_samples': 0.5946550619881787}. Best is trial 480 with value: 0.8778163779435968.[0m
[32m[I 2022-04-13 13:57:24,014][0m Trial 762 finished with value: 0.8687207908403435 and parameters: {'n_estimators': 653, 'min_samples_split': 0.23634474796658786, 'min_samples_leaf': 0.04632543534161564, 'min_weight_fraction_leaf': 0.029970268126721298, 'max_features': 0.6704672029510707, 'bootstrap': False, 'max_samples': 0.5584946486664549}. Best is trial 480 with value: 0.8778163779435968.[0m
[32m[I 2022-04-13 13:57:39,398][0m Trial 763 finished with value: 0.8664376657052111 and parameters: {'n_estimators': 621, 'min_samples_split': 0.2477468338488842, 'min_samples_leaf': 0.05738997266439236, 'min_weight_fraction_leaf': 0.03890481196920008, 'max_features': 0.6904207992499498, 'bootstrap': False, 'max_samples': 0.5785442412311588}. Best is trial 480 with value: 0.8778163779435968.[0m
[32m[I 2022-04-13 13:57:55,904][0m Trial 764 finished with value: 0.8716187139281667 and parameters: {'n_estimators': 674, 'min_samples_split': 0.2570913234021098, 'min_samples_leaf': 0.04255163142408515, 'min_weight_fraction_leaf': 0.019558611089205466, 'max_features': 0.7081380007585105, 'bootstrap': False, 'max_samples': 0.5373531767169546}. Best is trial 480 with value: 0.8778163779435968.[0m
[32m[I 2022-04-13 13:58:10,173][0m Trial 765 finished with value: 0.8623276098059884 and parameters: {'n_estimators': 608, 'min_samples_split': 0.17047189189665923, 'min_samples_leaf': 0.08731967362351542, 'min_weight_fraction_leaf': 0.026972819696133035, 'max_features': 0.6747714221737435, 'bootstrap': False, 'max_samples': 0.5869656143033628}. Best is trial 480 with value: 0.8778163779435968.[0m
[32m[I 2022-04-13 13:58:21,267][0m Trial 766 finished with value: 0.8231397653757166 and parameters: {'n_estimators': 595, 'min_samples_split': 0.2666848375890608, 'min_samples_leaf': 0.05842349113196217, 'min_weight_fraction_leaf': 0.24368213497894878, 'max_features': 0.7533959883377856, 'bootstrap': False, 'max_samples': 0.5996826755614725}. Best is trial 480 with value: 0.8778163779435968.[0m
[32m[I 2022-04-13 13:58:42,844][0m Trial 767 finished with value: 0.8722344162196212 and parameters: {'n_estimators': 913, 'min_samples_split': 0.25540084641424715, 'min_samples_leaf': 0.040135670328232065, 'min_weight_fraction_leaf': 0.013294054796012452, 'max_features': 0.7311881337000427, 'bootstrap': False, 'max_samples': 0.5530612379375524}. Best is trial 480 with value: 0.8778163779435968.[0m
[32m[I 2022-04-13 13:58:57,592][0m Trial 768 finished with value: 0.8765154407655287 and parameters: {'n_estimators': 622, 'min_samples_split': 0.26803813971770474, 'min_samples_leaf': 0.048872685649740795, 'min_weight_fraction_leaf': 0.03920244681394514, 'max_features': 0.6624662164144814, 'bootstrap': False, 'max_samples': 0.5705604798751919}. Best is trial 480 with value: 0.8778163779435968.[0m
[32m[I 2022-04-13 13:59:12,000][0m Trial 769 finished with value: 0.8688056151189951 and parameters: {'n_estimators': 642, 'min_samples_split': 0.2687674911479782, 'min_samples_leaf': 0.07004918929626758, 'min_weight_fraction_leaf': 0.03387577282587489, 'max_features': 0.6881671877882857, 'bootstrap': False, 'max_samples': 0.564066468111006}. Best is trial 480 with value: 0.8778163779435968.[0m
[32m[I 2022-04-13 13:59:25,137][0m Trial 770 finished with value: 0.8656795476566856 and parameters: {'n_estimators': 585, 'min_samples_split': 0.24381729493814525, 'min_samples_leaf': 0.053956539432281736, 'min_weight_fraction_leaf': 0.020669554698142936, 'max_features': 0.6635526774542362, 'bootstrap': False, 'max_samples': 0.5708980231181959}. Best is trial 480 with value: 0.8778163779435968.[0m
[32m[I 2022-04-13 13:59:31,979][0m Trial 771 finished with value: 0.8543432856782409 and parameters: {'n_estimators': 341, 'min_samples_split': 0.27204649693811683, 'min_samples_leaf': 0.06268421730873838, 'min_weight_fraction_leaf': 0.03794991388398473, 'max_features': 0.36781559118424756, 'bootstrap': False, 'max_samples': 0.5459108878413403}. Best is trial 480 with value: 0.8778163779435968.[0m
[32m[I 2022-04-13 13:59:48,515][0m Trial 772 finished with value: 0.8652922355373642 and parameters: {'n_estimators': 620, 'min_samples_split': 0.2564257022085555, 'min_samples_leaf': 0.050161296304392186, 'min_weight_fraction_leaf': 0.00867150242121174, 'max_features': 0.77409015392536, 'bootstrap': False, 'max_samples': 0.5919488185810863}. Best is trial 480 with value: 0.8778163779435968.[0m
[32m[I 2022-04-13 14:00:01,929][0m Trial 773 finished with value: 0.8671466122969811 and parameters: {'n_estimators': 668, 'min_samples_split': 0.36975640541870386, 'min_samples_leaf': 0.07465815977249579, 'min_weight_fraction_leaf': 0.027306301180835282, 'max_features': 0.7045322658096912, 'bootstrap': False, 'max_samples': 0.5267153077151547}. Best is trial 480 with value: 0.8778163779435968.[0m
[32m[I 2022-04-13 14:00:07,739][0m Trial 774 finished with value: 0.8757514058628022 and parameters: {'n_estimators': 255, 'min_samples_split': 0.2752309581920224, 'min_samples_leaf': 0.04492652128556708, 'min_weight_fraction_leaf': 0.04116091202068302, 'max_features': 0.6570787454227962, 'bootstrap': False, 'max_samples': 0.40548043424644786}. Best is trial 480 with value: 0.8778163779435968.[0m
[32m[I 2022-04-13 14:00:18,899][0m Trial 775 finished with value: 0.8669950857255431 and parameters: {'n_estimators': 566, 'min_samples_split': 0.2631219020673576, 'min_samples_leaf': 0.052774328709988515, 'min_weight_fraction_leaf': 0.019701684384636937, 'max_features': 0.6807636546535618, 'bootstrap': False, 'max_samples': 0.5572475916594462}. Best is trial 480 with value: 0.8778163779435968.[0m
[32m[I 2022-04-13 14:00:29,350][0m Trial 776 finished with value: 0.8667208424128632 and parameters: {'n_estimators': 595, 'min_samples_split': 0.2841083014209655, 'min_samples_leaf': 0.037538906664594876, 'min_weight_fraction_leaf': 0.03263355755915029, 'max_features': 0.7215009679810247, 'bootstrap': True, 'max_samples': 0.5801530393698802, 'oob_score': False}. Best is trial 480 with value: 0.8778163779435968.[0m
[32m[I 2022-04-13 14:00:40,067][0m Trial 777 finished with value: 0.8702615785618619 and parameters: {'n_estimators': 538, 'min_samples_split': 0.2763341214539333, 'min_samples_leaf': 0.05941025710117294, 'min_weight_fraction_leaf': 0.04183347118801463, 'max_features': 0.7455427321515434, 'bootstrap': False, 'max_samples': 0.600877674448088}. Best is trial 480 with value: 0.8778163779435968.[0m
[32m[I 2022-04-13 14:00:55,042][0m Trial 778 finished with value: 0.8757087884020741 and parameters: {'n_estimators': 627, 'min_samples_split': 0.26531703449129646, 'min_samples_leaf': 0.045488457412647315, 'min_weight_fraction_leaf': 0.0002879962386451787, 'max_features': 0.6955846910453892, 'bootstrap': False, 'max_samples': 0.5780751629389846}. Best is trial 480 with value: 0.8778163779435968.[0m
[32m[I 2022-04-13 14:01:11,496][0m Trial 779 finished with value: 0.859363578492774 and parameters: {'n_estimators': 558, 'min_samples_split': 0.2883659892776597, 'min_samples_leaf': 0.03546808320776589, 'min_weight_fraction_leaf': 0.02455755682450366, 'max_features': 0.8606834838314321, 'bootstrap': False, 'max_samples': 0.6055310127017619}. Best is trial 480 with value: 0.8778163779435968.[0m
[32m[I 2022-04-13 14:01:25,226][0m Trial 780 finished with value: 0.8602027586237174 and parameters: {'n_estimators': 497, 'min_samples_split': 0.25357342658608906, 'min_samples_leaf': 0.06435321643061767, 'min_weight_fraction_leaf': 0.01361891526791153, 'max_features': 0.7908665098046925, 'bootstrap': False, 'max_samples': 0.5426392727695821}. Best is trial 480 with value: 0.8778163779435968.[0m
[32m[I 2022-04-13 14:01:39,551][0m Trial 781 finished with value: 0.875839058225999 and parameters: {'n_estimators': 583, 'min_samples_split': 0.2767738889849079, 'min_samples_leaf': 0.04961827338745345, 'min_weight_fraction_leaf': 0.041984705670464, 'max_features': 0.6612903216542665, 'bootstrap': False, 'max_samples': 0.6165812728302734}. Best is trial 480 with value: 0.8778163779435968.[0m
[32m[I 2022-04-13 14:01:53,876][0m Trial 782 finished with value: 0.8678189017199726 and parameters: {'n_estimators': 530, 'min_samples_split': 0.29374139939305605, 'min_samples_leaf': 0.037537907669926186, 'min_weight_fraction_leaf': 0.031358613379028726, 'max_features': 0.7166297785601792, 'bootstrap': False, 'max_samples': 0.5245191412725423}. Best is trial 480 with value: 0.8778163779435968.[0m
[32m[I 2022-04-13 14:02:05,306][0m Trial 783 finished with value: 0.8765162386776881 and parameters: {'n_estimators': 547, 'min_samples_split': 0.26406483627971045, 'min_samples_leaf': 0.04514142363260016, 'min_weight_fraction_leaf': 0.02591632956395959, 'max_features': 0.6821245856201321, 'bootstrap': False, 'max_samples': 0.5733077766021981}. Best is trial 480 with value: 0.8778163779435968.[0m
[32m[I 2022-04-13 14:02:15,475][0m Trial 784 finished with value: 0.8656795476566856 and parameters: {'n_estimators': 505, 'min_samples_split': 0.24100000332142682, 'min_samples_leaf': 0.05371429477710495, 'min_weight_fraction_leaf': 0.01679536791887638, 'max_features': 0.6462538252670526, 'bootstrap': False, 'max_samples': 0.559220688187192}. Best is trial 480 with value: 0.8778163779435968.[0m
[32m[I 2022-04-13 14:02:27,542][0m Trial 785 finished with value: 0.8663215146603737 and parameters: {'n_estimators': 538, 'min_samples_split': 0.24622955033534266, 'min_samples_leaf': 0.073273594937625, 'min_weight_fraction_leaf': 0.009673274314047117, 'max_features': 0.6774870053270934, 'bootstrap': False, 'max_samples': 0.5660673083914602}. Best is trial 480 with value: 0.8778163779435968.[0m
[32m[I 2022-04-13 14:02:35,701][0m Trial 786 finished with value: 0.8343284188707573 and parameters: {'n_estimators': 480, 'min_samples_split': 0.26592125505178726, 'min_samples_leaf': 0.034862701864944216, 'min_weight_fraction_leaf': 0.2246881469528602, 'max_features': 0.6634742475459618, 'bootstrap': False, 'max_samples': 0.596692207073116}. Best is trial 480 with value: 0.8778163779435968.[0m
[32m[I 2022-04-13 14:02:50,117][0m Trial 787 finished with value: 0.8664862000201403 and parameters: {'n_estimators': 600, 'min_samples_split': 0.2559264264939553, 'min_samples_leaf': 0.06215717865705017, 'min_weight_fraction_leaf': 0.02450936840238002, 'max_features': 0.6871333135319716, 'bootstrap': False, 'max_samples': 0.5406532825761147}. Best is trial 480 with value: 0.8778163779435968.[0m
[32m[I 2022-04-13 14:03:02,246][0m Trial 788 finished with value: 0.8475970036770246 and parameters: {'n_estimators': 838, 'min_samples_split': 0.25906119735259964, 'min_samples_leaf': 0.17811928322638104, 'min_weight_fraction_leaf': 0.024775275180986208, 'max_features': 0.6437805623932868, 'bootstrap': False, 'max_samples': 0.5882193028466722}. Best is trial 480 with value: 0.8778163779435968.[0m
[32m[I 2022-04-13 14:03:14,991][0m Trial 789 finished with value: 0.8681340647865028 and parameters: {'n_estimators': 519, 'min_samples_split': 0.23171645877259908, 'min_samples_leaf': 0.046118586248451304, 'min_weight_fraction_leaf': 0.04109614420337846, 'max_features': 0.6761370397246277, 'bootstrap': False, 'max_samples': 0.574618598489901}. Best is trial 480 with value: 0.8778163779435968.[0m
[32m[I 2022-04-13 14:03:28,601][0m Trial 790 finished with value: 0.8666172662567254 and parameters: {'n_estimators': 573, 'min_samples_split': 0.2663437903511572, 'min_samples_leaf': 0.029554317883466418, 'min_weight_fraction_leaf': 0.000293489868382589, 'max_features': 0.7241230442138114, 'bootstrap': False, 'max_samples': 0.18433493271063822}. Best is trial 480 with value: 0.8778163779435968.[0m
[32m[I 2022-04-13 14:03:43,256][0m Trial 791 finished with value: 0.8707447990460162 and parameters: {'n_estimators': 547, 'min_samples_split': 0.24892608994875548, 'min_samples_leaf': 0.05215357142960187, 'min_weight_fraction_leaf': 0.011989221558660761, 'max_features': 0.6985085819431853, 'bootstrap': False, 'max_samples': 0.5073439166628418}. Best is trial 480 with value: 0.8778163779435968.[0m
[32m[I 2022-04-13 14:03:56,900][0m Trial 792 finished with value: 0.8724246628331759 and parameters: {'n_estimators': 513, 'min_samples_split': 0.2612678673441216, 'min_samples_leaf': 0.03970866021228316, 'min_weight_fraction_leaf': 0.03217189416622096, 'max_features': 0.6589096038709826, 'bootstrap': False, 'max_samples': 0.5851484529768244}. Best is trial 480 with value: 0.8778163779435968.[0m
[32m[I 2022-04-13 14:04:13,390][0m Trial 793 finished with value: 0.8623516529185082 and parameters: {'n_estimators': 638, 'min_samples_split': 0.21453479091850378, 'min_samples_leaf': 0.08148656063146437, 'min_weight_fraction_leaf': 0.02023333165126805, 'max_features': 0.757907138300583, 'bootstrap': False, 'max_samples': 0.5356564683601511}. Best is trial 480 with value: 0.8778163779435968.[0m
[32m[I 2022-04-13 14:04:28,677][0m Trial 794 finished with value: 0.8765162386776881 and parameters: {'n_estimators': 576, 'min_samples_split': 0.2720241170487051, 'min_samples_leaf': 0.029272618404823307, 'min_weight_fraction_leaf': 0.04204668387278672, 'max_features': 0.7342475216692593, 'bootstrap': False, 'max_samples': 0.5526419772569185}. Best is trial 480 with value: 0.8778163779435968.[0m
[32m[I 2022-04-13 14:04:39,762][0m Trial 795 finished with value: 0.8673949376258268 and parameters: {'n_estimators': 468, 'min_samples_split': 0.2831376683725109, 'min_samples_leaf': 0.02885785642906538, 'min_weight_fraction_leaf': 0.043891402532373586, 'max_features': 0.7747411981651858, 'bootstrap': True, 'max_samples': 0.51467291650718, 'oob_score': True}. Best is trial 480 with value: 0.8778163779435968.[0m
[32m[I 2022-04-13 14:04:56,694][0m Trial 796 finished with value: 0.8583175794598139 and parameters: {'n_estimators': 540, 'min_samples_split': 0.2740070943005846, 'min_samples_leaf': 0.02778358428442741, 'min_weight_fraction_leaf': 0.02976156563073086, 'max_features': 0.753436413412971, 'bootstrap': False, 'max_samples': 0.4847092603837895}. Best is trial 480 with value: 0.8778163779435968.[0m
[32m[I 2022-04-13 14:05:10,733][0m Trial 797 finished with value: 0.8740567428184894 and parameters: {'n_estimators': 567, 'min_samples_split': 0.3107149972371783, 'min_samples_leaf': 0.031290181690977234, 'min_weight_fraction_leaf': 0.045823282744527176, 'max_features': 0.7358601849008259, 'bootstrap': False, 'max_samples': 0.5536785677058759}. Best is trial 480 with value: 0.8778163779435968.[0m
[32m[I 2022-04-13 14:05:24,546][0m Trial 798 finished with value: 0.8707447990460162 and parameters: {'n_estimators': 491, 'min_samples_split': 0.24969572772322843, 'min_samples_leaf': 0.04498804839831276, 'min_weight_fraction_leaf': 0.04588161335546789, 'max_features': 0.6421432972779617, 'bootstrap': False, 'max_samples': 0.607743294346112}. Best is trial 480 with value: 0.8778163779435968.[0m
[32m[I 2022-04-13 14:05:37,689][0m Trial 799 finished with value: 0.8704535536375284 and parameters: {'n_estimators': 528, 'min_samples_split': 0.2872696368852671, 'min_samples_leaf': 0.0282256783428983, 'min_weight_fraction_leaf': 0.016995710993361772, 'max_features': 0.7366766006161687, 'bootstrap': False, 'max_samples': 0.6141154374499336}. Best is trial 480 with value: 0.8778163779435968.[0m
[32m[I 2022-04-13 14:05:48,029][0m Trial 800 finished with value: 0.838346642837141 and parameters: {'n_estimators': 557, 'min_samples_split': 0.2702782418513049, 'min_samples_leaf': 0.03805122722918686, 'min_weight_fraction_leaf': 0.26227557695204284, 'max_features': 0.7157343161662106, 'bootstrap': False, 'max_samples': 0.5607323687396927}. Best is trial 480 with value: 0.8778163779435968.[0m
[32m[I 2022-04-13 14:05:59,842][0m Trial 801 finished with value: 0.8718324672385505 and parameters: {'n_estimators': 517, 'min_samples_split': 0.2977394635870723, 'min_samples_leaf': 0.06348517541119797, 'min_weight_fraction_leaf': 0.030399328792625777, 'max_features': 0.739191241283071, 'bootstrap': False, 'max_samples': 0.5492359131126072}. Best is trial 480 with value: 0.8778163779435968.[0m
[32m[I 2022-04-13 14:06:08,486][0m Trial 802 finished with value: 0.8512448434548597 and parameters: {'n_estimators': 581, 'min_samples_split': 0.28046878206074055, 'min_samples_leaf': 0.0506730519733211, 'min_weight_fraction_leaf': 0.011166847107164318, 'max_features': 0.11946864093744469, 'bootstrap': False, 'max_samples': 0.5302435786864786}. Best is trial 480 with value: 0.8778163779435968.[0m
[32m[I 2022-04-13 14:06:22,278][0m Trial 803 finished with value: 0.8765162386776881 and parameters: {'n_estimators': 548, 'min_samples_split': 0.2725762086528528, 'min_samples_leaf': 0.0358166134632843, 'min_weight_fraction_leaf': 0.04149545812968397, 'max_features': 0.6859635021501805, 'bootstrap': False, 'max_samples': 0.5758184317456764}. Best is trial 480 with value: 0.8778163779435968.[0m
[32m[I 2022-04-13 14:06:37,147][0m Trial 804 finished with value: 0.8754397543246781 and parameters: {'n_estimators': 490, 'min_samples_split': 0.28834918297524414, 'min_samples_leaf': 0.02699472984203268, 'min_weight_fraction_leaf': 0.04801798333010817, 'max_features': 0.7028626428985023, 'bootstrap': False, 'max_samples': 0.5695770565659705}. Best is trial 480 with value: 0.8778163779435968.[0m
[32m[I 2022-04-13 14:06:45,559][0m Trial 805 finished with value: 0.8055690566650385 and parameters: {'n_estimators': 512, 'min_samples_split': 0.2787833182992218, 'min_samples_leaf': 0.3453834075029105, 'min_weight_fraction_leaf': 0.041879960174330544, 'max_features': 0.6745953954003212, 'bootstrap': False, 'max_samples': 0.5607165383916044}. Best is trial 480 with value: 0.8778163779435968.[0m
[32m[I 2022-04-13 14:06:57,667][0m Trial 806 finished with value: 0.8463327730365237 and parameters: {'n_estimators': 537, 'min_samples_split': 0.2619447055195515, 'min_samples_leaf': 0.03609788165583029, 'min_weight_fraction_leaf': 0.19670852155236254, 'max_features': 0.7222825323338368, 'bootstrap': False, 'max_samples': 0.5734017245092997}. Best is trial 480 with value: 0.8778163779435968.[0m
[32m[I 2022-04-13 14:07:12,441][0m Trial 807 finished with value: 0.8590651498115311 and parameters: {'n_estimators': 542, 'min_samples_split': 0.2948533941505861, 'min_samples_leaf': 0.05503364713484729, 'min_weight_fraction_leaf': 0.025604014814164123, 'max_features': 0.7911788166115731, 'bootstrap': False, 'max_samples': 0.539465151687969}. Best is trial 480 with value: 0.8778163779435968.[0m
[32m[I 2022-04-13 14:07:31,307][0m Trial 808 finished with value: 0.8567269199374172 and parameters: {'n_estimators': 504, 'min_samples_split': 0.01927962738546979, 'min_samples_leaf': 0.02525636967938082, 'min_weight_fraction_leaf': 0.04698022290180739, 'max_features': 0.6917512802008217, 'bootstrap': False, 'max_samples': 0.5859792694492855}. Best is trial 480 with value: 0.8778163779435968.[0m
[32m[I 2022-04-13 14:07:40,182][0m Trial 809 finished with value: 0.8516924386129905 and parameters: {'n_estimators': 554, 'min_samples_split': 0.27283449271712445, 'min_samples_leaf': 0.03556506561875562, 'min_weight_fraction_leaf': 0.03755592479962225, 'max_features': 0.17730924583329516, 'bootstrap': False, 'max_samples': 0.5109197714589746}. Best is trial 480 with value: 0.8778163779435968.[0m
