[32m[I 2022-04-13 14:18:52,203][0m Trial 864 finished with value: 0.8748005987953504 and parameters: {'n_estimators': 489, 'min_samples_split': 0.28429879061698216, 'min_samples_leaf': 0.014291618990100268, 'min_weight_fraction_leaf': 0.051996361668864614, 'max_features': 0.6521429219660807, 'bootstrap': False, 'max_samples': 0.5975576169980887}. Best is trial 480 with value: 0.8778163779435968.[0m
[32m[I 2022-04-13 14:19:04,835][0m Trial 865 finished with value: 0.8681863641725046 and parameters: {'n_estimators': 529, 'min_samples_split': 0.3009924788618084, 'min_samples_leaf': 0.023810423511651066, 'min_weight_fraction_leaf': 0.07468413837573738, 'max_features': 0.6935938482030608, 'bootstrap': False, 'max_samples': 0.6097627331676636}. Best is trial 480 with value: 0.8778163779435968.[0m
[32m[I 2022-04-13 14:19:19,907][0m Trial 866 finished with value: 0.867202129048939 and parameters: {'n_estimators': 559, 'min_samples_split': 0.2794714659716464, 'min_samples_leaf': 0.010572469492659817, 'min_weight_fraction_leaf': 0.01982829262989563, 'max_features': 0.7188452263694135, 'bootstrap': False, 'max_samples': 0.5478902255776343}. Best is trial 480 with value: 0.8778163779435968.[0m
[32m[I 2022-04-13 14:19:33,598][0m Trial 867 finished with value: 0.8739066120931822 and parameters: {'n_estimators': 566, 'min_samples_split': 0.2912727509332498, 'min_samples_leaf': 0.03216520019693357, 'min_weight_fraction_leaf': 0.04243059578941842, 'max_features': 0.6893676337170402, 'bootstrap': False, 'max_samples': 0.581279564214909}. Best is trial 480 with value: 0.8778163779435968.[0m
[32m[I 2022-04-13 14:19:44,713][0m Trial 868 finished with value: 0.8738058276008488 and parameters: {'n_estimators': 395, 'min_samples_split': 0.2749323642055291, 'min_samples_leaf': 0.0388326604795643, 'min_weight_fraction_leaf': 0.0524754363845667, 'max_features': 0.6966683401411374, 'bootstrap': False, 'max_samples': 0.620967115587068}. Best is trial 480 with value: 0.8778163779435968.[0m
[32m[I 2022-04-13 14:19:58,059][0m Trial 869 finished with value: 0.8661051308442435 and parameters: {'n_estimators': 524, 'min_samples_split': 0.27043879795634057, 'min_samples_leaf': 0.024586454992125768, 'min_weight_fraction_leaf': 0.008723576023278445, 'max_features': 0.7315683314771945, 'bootstrap': False, 'max_samples': 0.5728324240762507}. Best is trial 480 with value: 0.8778163779435968.[0m
[32m[I 2022-04-13 14:20:09,902][0m Trial 870 finished with value: 0.8596266721663838 and parameters: {'n_estimators': 544, 'min_samples_split': 0.3071361843433495, 'min_samples_leaf': 0.11322242120935842, 'min_weight_fraction_leaf': 0.06246826458426072, 'max_features': 0.9219755796031619, 'bootstrap': False, 'max_samples': 0.623248107551296}. Best is trial 480 with value: 0.8778163779435968.[0m
[32m[I 2022-04-13 14:20:24,738][0m Trial 871 finished with value: 0.8670122493565181 and parameters: {'n_estimators': 568, 'min_samples_split': 0.2902639422090281, 'min_samples_leaf': 0.009613473162399964, 'min_weight_fraction_leaf': 0.03567993065783939, 'max_features': 0.6781384053555533, 'bootstrap': False, 'max_samples': 0.592470309001468}. Best is trial 480 with value: 0.8778163779435968.[0m
[32m[I 2022-04-13 14:20:37,820][0m Trial 872 finished with value: 0.864404151756467 and parameters: {'n_estimators': 505, 'min_samples_split': 0.2787401048136545, 'min_samples_leaf': 0.03460205865728129, 'min_weight_fraction_leaf': 0.04999244888506458, 'max_features': 0.7943970293592996, 'bootstrap': False, 'max_samples': 0.9974861838602531}. Best is trial 480 with value: 0.8778163779435968.[0m
[32m[I 2022-04-13 14:20:45,412][0m Trial 873 finished with value: 0.867779838864522 and parameters: {'n_estimators': 536, 'min_samples_split': 0.29530428594499436, 'min_samples_leaf': 0.02137206546978571, 'min_weight_fraction_leaf': 0.0622403314991949, 'max_features': 0.7036068823497911, 'bootstrap': True, 'max_samples': 0.3722524699187004, 'oob_score': False}. Best is trial 480 with value: 0.8778163779435968.[0m
[32m[I 2022-04-13 14:20:56,890][0m Trial 874 finished with value: 0.873993946431896 and parameters: {'n_estimators': 477, 'min_samples_split': 0.28344850332971333, 'min_samples_leaf': 0.040033860845768626, 'min_weight_fraction_leaf': 0.047506899949904965, 'max_features': 0.7258618286229956, 'bootstrap': False, 'max_samples': 0.24907984250705167}. Best is trial 480 with value: 0.8778163779435968.[0m
[32m[I 2022-04-13 14:21:11,984][0m Trial 875 finished with value: 0.8659789086395573 and parameters: {'n_estimators': 511, 'min_samples_split': 0.26908153467454704, 'min_samples_leaf': 0.0010392707724212868, 'min_weight_fraction_leaf': 0.02764941213516652, 'max_features': 0.6605658736188663, 'bootstrap': False, 'max_samples': 0.6241946718898408}. Best is trial 480 with value: 0.8778163779435968.[0m
[32m[I 2022-04-13 14:21:19,696][0m Trial 876 finished with value: 0.8055690566650385 and parameters: {'n_estimators': 530, 'min_samples_split': 0.2767320701256373, 'min_samples_leaf': 0.030622624102288554, 'min_weight_fraction_leaf': 0.3424961768377822, 'max_features': 0.7496506891894843, 'bootstrap': False, 'max_samples': 0.621272954313609}. Best is trial 480 with value: 0.8778163779435968.[0m
[32m[I 2022-04-13 14:21:31,196][0m Trial 877 finished with value: 0.8694787077614194 and parameters: {'n_estimators': 486, 'min_samples_split': 0.28721843112597323, 'min_samples_leaf': 0.03504078654928712, 'min_weight_fraction_leaf': 0.018074372419840112, 'max_features': 0.6452625257467873, 'bootstrap': False, 'max_samples': 0.5678942634534977}. Best is trial 480 with value: 0.8778163779435968.[0m
[32m[I 2022-04-13 14:21:48,520][0m Trial 878 finished with value: 0.866691856898084 and parameters: {'n_estimators': 569, 'min_samples_split': 0.26368424538293617, 'min_samples_leaf': 0.01665922033658276, 'min_weight_fraction_leaf': 0.00018379889853443326, 'max_features': 0.7143893586196433, 'bootstrap': False, 'max_samples': 0.5188243538669195}. Best is trial 480 with value: 0.8778163779435968.[0m
[32m[I 2022-04-13 14:22:02,642][0m Trial 879 finished with value: 0.8681347326091771 and parameters: {'n_estimators': 563, 'min_samples_split': 0.298270894125169, 'min_samples_leaf': 0.024274039781694262, 'min_weight_fraction_leaf': 0.06922888006318006, 'max_features': 0.7340854101429581, 'bootstrap': False, 'max_samples': 0.5909881542254146}. Best is trial 480 with value: 0.8778163779435968.[0m
[32m[I 2022-04-13 14:22:19,420][0m Trial 880 finished with value: 0.8583175794598139 and parameters: {'n_estimators': 537, 'min_samples_split': 0.2711987511770501, 'min_samples_leaf': 0.015855784303145593, 'min_weight_fraction_leaf': 0.0390103544941363, 'max_features': 0.7639513968863728, 'bootstrap': False, 'max_samples': 0.905624063978349}. Best is trial 480 with value: 0.8778163779435968.[0m
[32m[I 2022-04-13 14:22:27,359][0m Trial 881 finished with value: 0.8343622887137512 and parameters: {'n_estimators': 499, 'min_samples_split': 0.12655148792808074, 'min_samples_leaf': 0.21492948069507775, 'min_weight_fraction_leaf': 0.042735002245196524, 'max_features': 0.6735731977705055, 'bootstrap': False, 'max_samples': 0.9488745165940818}. Best is trial 480 with value: 0.8778163779435968.[0m
[32m[I 2022-04-13 14:22:40,319][0m Trial 882 finished with value: 0.8697526928564592 and parameters: {'n_estimators': 572, 'min_samples_split': 0.2830524704576919, 'min_samples_leaf': 0.039248409833253395, 'min_weight_fraction_leaf': 0.05407929456095281, 'max_features': 0.7073632551638276, 'bootstrap': False, 'max_samples': 0.5436636289360985}. Best is trial 480 with value: 0.8778163779435968.[0m
[32m[I 2022-04-13 14:22:50,332][0m Trial 883 finished with value: 0.8713464616111709 and parameters: {'n_estimators': 445, 'min_samples_split': 0.26019867359123744, 'min_samples_leaf': 0.044168996130804036, 'min_weight_fraction_leaf': 0.029485238841291422, 'max_features': 0.6747862373478396, 'bootstrap': False, 'max_samples': 0.6027463735491494}. Best is trial 480 with value: 0.8778163779435968.[0m
[32m[I 2022-04-13 14:23:02,749][0m Trial 884 finished with value: 0.8682225675428515 and parameters: {'n_estimators': 519, 'min_samples_split': 0.3055780965945365, 'min_samples_leaf': 0.02662249518358256, 'min_weight_fraction_leaf': 0.023511184989517365, 'max_features': 0.6849092007143266, 'bootstrap': False, 'max_samples': 0.5659877379586821}. Best is trial 480 with value: 0.8778163779435968.[0m
[32m[I 2022-04-13 14:23:18,198][0m Trial 885 finished with value: 0.8716786373085373 and parameters: {'n_estimators': 548, 'min_samples_split': 0.27632811917408323, 'min_samples_leaf': 0.011641789470407936, 'min_weight_fraction_leaf': 0.036353537825547594, 'max_features': 0.7233980006985482, 'bootstrap': False, 'max_samples': 0.5466084021085964}. Best is trial 480 with value: 0.8778163779435968.[0m
[32m[I 2022-04-13 14:23:34,060][0m Trial 886 finished with value: 0.8583175794598139 and parameters: {'n_estimators': 536, 'min_samples_split': 0.2672263966966494, 'min_samples_leaf': 0.030120963980029322, 'min_weight_fraction_leaf': 0.018987454707025606, 'max_features': 0.7598475162070152, 'bootstrap': False, 'max_samples': 0.5863472690953763}. Best is trial 480 with value: 0.8778163779435968.[0m
[32m[I 2022-04-13 14:23:47,146][0m Trial 887 finished with value: 0.8720234173105504 and parameters: {'n_estimators': 562, 'min_samples_split': 0.29142458916017294, 'min_samples_leaf': 0.02306632243221489, 'min_weight_fraction_leaf': 0.058461431804230024, 'max_features': 0.7009352189115979, 'bootstrap': False, 'max_samples': 0.5057878759864678}. Best is trial 480 with value: 0.8778163779435968.[0m
[32m[I 2022-04-13 14:23:59,634][0m Trial 888 finished with value: 0.8765162386776881 and parameters: {'n_estimators': 504, 'min_samples_split': 0.2762711488899604, 'min_samples_leaf': 0.029959859920473512, 'min_weight_fraction_leaf': 0.045179385720890204, 'max_features': 0.6599804033319666, 'bootstrap': False, 'max_samples': 0.5595990702982229}. Best is trial 480 with value: 0.8778163779435968.[0m
[32m[I 2022-04-13 14:24:11,861][0m Trial 889 finished with value: 0.8670301692551858 and parameters: {'n_estimators': 490, 'min_samples_split': 0.28718040080327356, 'min_samples_leaf': 0.008462235536196194, 'min_weight_fraction_leaf': 0.08047525548954755, 'max_features': 0.7322903817454175, 'bootstrap': False, 'max_samples': 0.47136943070808174}. Best is trial 480 with value: 0.8778163779435968.[0m
[32m[I 2022-04-13 14:24:23,826][0m Trial 890 finished with value: 0.8740540342589223 and parameters: {'n_estimators': 440, 'min_samples_split': 0.2986006466824487, 'min_samples_leaf': 0.01903735855870762, 'min_weight_fraction_leaf': 0.04961115215426438, 'max_features': 0.6360553293955589, 'bootstrap': False, 'max_samples': 0.6119195737118224}. Best is trial 480 with value: 0.8778163779435968.[0m
[32m[I 2022-04-13 14:24:35,824][0m Trial 891 finished with value: 0.8701757783207921 and parameters: {'n_estimators': 459, 'min_samples_split': 0.2809728451665689, 'min_samples_leaf': 0.035678304188677436, 'min_weight_fraction_leaf': 0.0118818535642491, 'max_features': 0.6568384489981378, 'bootstrap': False, 'max_samples': 0.6293312222516255}. Best is trial 480 with value: 0.8778163779435968.[0m
[32m[I 2022-04-13 14:24:47,505][0m Trial 892 finished with value: 0.8659981202720317 and parameters: {'n_estimators': 571, 'min_samples_split': 0.2687585826026725, 'min_samples_leaf': 0.0012763124135430695, 'min_weight_fraction_leaf': 0.06645151546970252, 'max_features': 0.7056121945982673, 'bootstrap': True, 'max_samples': 0.6009581199069199, 'oob_score': True}. Best is trial 480 with value: 0.8778163779435968.[0m
[32m[I 2022-04-13 14:25:01,497][0m Trial 893 finished with value: 0.8652802437553649 and parameters: {'n_estimators': 465, 'min_samples_split': 0.2538344132587062, 'min_samples_leaf': 0.025600238090553475, 'min_weight_fraction_leaf': 0.057905611338157394, 'max_features': 0.6609989136308456, 'bootstrap': False, 'max_samples': 0.5808458511821423}. Best is trial 480 with value: 0.8778163779435968.[0m
[32m[I 2022-04-13 14:25:12,422][0m Trial 894 finished with value: 0.8715960586024529 and parameters: {'n_estimators': 474, 'min_samples_split': 0.26153378935181326, 'min_samples_leaf': 0.042932024198983544, 'min_weight_fraction_leaf': 0.031127760706743095, 'max_features': 0.6871536409555821, 'bootstrap': False, 'max_samples': 0.5228195995841651}. Best is trial 480 with value: 0.8778163779435968.[0m
[32m[I 2022-04-13 14:25:35,283][0m Trial 895 finished with value: 0.8498623398467192 and parameters: {'n_estimators': 519, 'min_samples_split': 0.035512351684492016, 'min_samples_leaf': 0.015405015506750585, 'min_weight_fraction_leaf': 0.047847692956854294, 'max_features': 0.7794504578786542, 'bootstrap': False, 'max_samples': 0.6065842738689807}. Best is trial 480 with value: 0.8778163779435968.[0m
[32m[I 2022-04-13 14:25:44,948][0m Trial 896 finished with value: 0.8747020557634528 and parameters: {'n_estimators': 415, 'min_samples_split': 0.3162145580141432, 'min_samples_leaf': 0.025711328657916074, 'min_weight_fraction_leaf': 0.04039828745029561, 'max_features': 0.7476023338242971, 'bootstrap': False, 'max_samples': 0.5505564841009088}. Best is trial 480 with value: 0.8778163779435968.[0m
[32m[I 2022-04-13 14:25:52,917][0m Trial 897 finished with value: 0.8486444313551166 and parameters: {'n_estimators': 540, 'min_samples_split': 0.28675157828958775, 'min_samples_leaf': 0.03417784277022414, 'min_weight_fraction_leaf': 0.05966164978425459, 'max_features': 0.06507577500246459, 'bootstrap': False, 'max_samples': 0.5761756059486889}. Best is trial 480 with value: 0.8778163779435968.[0m
[32m[I 2022-04-13 14:26:05,939][0m Trial 898 finished with value: 0.8773074922381939 and parameters: {'n_estimators': 524, 'min_samples_split': 0.27707938723816433, 'min_samples_leaf': 0.03803583024172461, 'min_weight_fraction_leaf': 0.0487856630899725, 'max_features': 0.7189879296130001, 'bootstrap': False, 'max_samples': 0.6274386568964399}. Best is trial 480 with value: 0.8778163779435968.[0m
[32m[I 2022-04-13 14:26:18,743][0m Trial 899 finished with value: 0.8748979213911264 and parameters: {'n_estimators': 493, 'min_samples_split': 0.29858658401692245, 'min_samples_leaf': 0.010873456799021759, 'min_weight_fraction_leaf': 0.04485943067656078, 'max_features': 0.740379085746259, 'bootstrap': False, 'max_samples': 0.553874751776283}. Best is trial 480 with value: 0.8778163779435968.[0m
[32m[I 2022-04-13 14:26:32,880][0m Trial 900 finished with value: 0.8670122493565181 and parameters: {'n_estimators': 508, 'min_samples_split': 0.2924892089857545, 'min_samples_leaf': 0.03931514578433677, 'min_weight_fraction_leaf': 0.03802600782173594, 'max_features': 0.6903901525378268, 'bootstrap': False, 'max_samples': 0.6187629311595065}. Best is trial 480 with value: 0.8778163779435968.[0m
[32m[I 2022-04-13 14:26:46,187][0m Trial 901 finished with value: 0.8674314301308559 and parameters: {'n_estimators': 525, 'min_samples_split': 0.28042284777195786, 'min_samples_leaf': 0.021422213357499838, 'min_weight_fraction_leaf': 0.06995145846692222, 'max_features': 0.7230825106282348, 'bootstrap': False, 'max_samples': 0.5925809337670348}. Best is trial 480 with value: 0.8778163779435968.[0m
[32m[I 2022-04-13 14:26:58,344][0m Trial 902 finished with value: 0.8654971653078635 and parameters: {'n_estimators': 555, 'min_samples_split': 0.27430607431478254, 'min_samples_leaf': 0.038513615493773336, 'min_weight_fraction_leaf': 0.1464149368199907, 'max_features': 0.7158541747784537, 'bootstrap': False, 'max_samples': 0.530521916625362}. Best is trial 480 with value: 0.8778163779435968.[0m
[32m[I 2022-04-13 14:27:10,763][0m Trial 903 finished with value: 0.8746434688723301 and parameters: {'n_estimators': 475, 'min_samples_split': 0.3097491628471972, 'min_samples_leaf': 0.02817902665870973, 'min_weight_fraction_leaf': 0.04985139989503445, 'max_features': 0.6365402532777645, 'bootstrap': False, 'max_samples': 0.6301331025076635}. Best is trial 480 with value: 0.8778163779435968.[0m
[32m[I 2022-04-13 14:27:23,160][0m Trial 904 finished with value: 0.8680176440465752 and parameters: {'n_estimators': 519, 'min_samples_split': 0.2671565465123035, 'min_samples_leaf': 0.04980749993264187, 'min_weight_fraction_leaf': 0.058753454603468154, 'max_features': 0.7036565958348053, 'bootstrap': False, 'max_samples': 0.6023481218012489}. Best is trial 480 with value: 0.8778163779435968.[0m
[32m[I 2022-04-13 14:27:35,865][0m Trial 905 finished with value: 0.8695952697107462 and parameters: {'n_estimators': 504, 'min_samples_split': 0.28815904668057585, 'min_samples_leaf': 0.015885918936544563, 'min_weight_fraction_leaf': 0.03743281896814694, 'max_features': 0.6733952975993198, 'bootstrap': False, 'max_samples': 0.5733317897786624}. Best is trial 480 with value: 0.8778163779435968.[0m
[32m[I 2022-04-13 14:27:49,683][0m Trial 906 finished with value: 0.8539898557051357 and parameters: {'n_estimators': 537, 'min_samples_split': 0.30053389879379183, 'min_samples_leaf': 0.03006995225176163, 'min_weight_fraction_leaf': 0.06958815147358693, 'max_features': 0.7536809343204169, 'bootstrap': False, 'max_samples': 0.5860846221101751}. Best is trial 480 with value: 0.8778163779435968.[0m
[32m[I 2022-04-13 14:28:01,133][0m Trial 907 finished with value: 0.8694787077614194 and parameters: {'n_estimators': 486, 'min_samples_split': 0.2844903871436764, 'min_samples_leaf': 0.032419041287817044, 'min_weight_fraction_leaf': 0.022931780622089122, 'max_features': 0.6322118946661985, 'bootstrap': False, 'max_samples': 0.539623662068027}. Best is trial 480 with value: 0.8778163779435968.[0m
[32m[I 2022-04-13 14:28:16,870][0m Trial 908 finished with value: 0.858265179190628 and parameters: {'n_estimators': 540, 'min_samples_split': 0.2584135366732792, 'min_samples_leaf': 0.008959202920641555, 'min_weight_fraction_leaf': 0.03596202450000027, 'max_features': 0.8440578864320819, 'bootstrap': False, 'max_samples': 0.5625692595626459}. Best is trial 480 with value: 0.8778163779435968.[0m
[32m[I 2022-04-13 14:28:29,339][0m Trial 909 finished with value: 0.8602767229791863 and parameters: {'n_estimators': 503, 'min_samples_split': 0.2769627508919268, 'min_samples_leaf': 0.018462990855857373, 'min_weight_fraction_leaf': 0.05393534694949551, 'max_features': 0.7842655340903507, 'bootstrap': False, 'max_samples': 0.42083074759809697}. Best is trial 480 with value: 0.8778163779435968.[0m
[32m[I 2022-04-13 14:28:41,151][0m Trial 910 finished with value: 0.8679361554514966 and parameters: {'n_estimators': 555, 'min_samples_split': 0.29462609833611453, 'min_samples_leaf': 0.048121913462353845, 'min_weight_fraction_leaf': 0.07967430546231953, 'max_features': 0.7333012857527536, 'bootstrap': False, 'max_samples': 0.635003874777647}. Best is trial 480 with value: 0.8778163779435968.[0m
[32m[I 2022-04-13 14:28:49,483][0m Trial 911 finished with value: 0.8665185674096033 and parameters: {'n_estimators': 483, 'min_samples_split': 0.2774790256338556, 'min_samples_leaf': 0.04160764563584729, 'min_weight_fraction_leaf': 0.050688286291066975, 'max_features': 0.7432185609326074, 'bootstrap': True, 'max_samples': 0.606264910928329, 'oob_score': False}. Best is trial 480 with value: 0.8778163779435968.[0m
[32m[I 2022-04-13 14:28:59,642][0m Trial 912 finished with value: 0.868912431705047 and parameters: {'n_estimators': 461, 'min_samples_split': 0.30816846560374245, 'min_samples_leaf': 0.03649171743227328, 'min_weight_fraction_leaf': 0.060523764149775436, 'max_features': 0.6513201747623952, 'bootstrap': False, 'max_samples': 0.9598873467146131}. Best is trial 480 with value: 0.8778163779435968.[0m
[32m[I 2022-04-13 14:29:13,049][0m Trial 913 finished with value: 0.8666172662567254 and parameters: {'n_estimators': 526, 'min_samples_split': 0.2709002178150346, 'min_samples_leaf': 0.024494957828850177, 'min_weight_fraction_leaf': 0.030578592239687643, 'max_features': 0.6828049784408151, 'bootstrap': False, 'max_samples': 0.591880183388085}. Best is trial 480 with value: 0.8778163779435968.[0m
[32m[I 2022-04-13 14:29:22,130][0m Trial 914 finished with value: 0.872532519148705 and parameters: {'n_estimators': 496, 'min_samples_split': 0.28646453349374323, 'min_samples_leaf': 0.14230740922798069, 'min_weight_fraction_leaf': 0.043009704558108756, 'max_features': 0.7595785075610624, 'bootstrap': False, 'max_samples': 0.5044389148832287}. Best is trial 480 with value: 0.8778163779435968.[0m
[32m[I 2022-04-13 14:29:35,704][0m Trial 915 finished with value: 0.8724246628331759 and parameters: {'n_estimators': 515, 'min_samples_split': 0.25681173836968446, 'min_samples_leaf': 0.0103040280070038, 'min_weight_fraction_leaf': 0.044894666495801545, 'max_features': 0.6552774237622284, 'bootstrap': False, 'max_samples': 0.5565506648541434}. Best is trial 480 with value: 0.8778163779435968.[0m
[32m[I 2022-04-13 14:29:47,283][0m Trial 916 finished with value: 0.8719392838246021 and parameters: {'n_estimators': 506, 'min_samples_split': 0.29614701482408856, 'min_samples_leaf': 0.056001439772311125, 'min_weight_fraction_leaf': 0.030828419997144568, 'max_features': 0.7177804965075008, 'bootstrap': False, 'max_samples': 0.541718981720379}. Best is trial 480 with value: 0.8778163779435968.[0m
[32m[I 2022-04-13 14:30:01,225][0m Trial 917 finished with value: 0.8716786373085373 and parameters: {'n_estimators': 573, 'min_samples_split': 0.28343684405279185, 'min_samples_leaf': 0.02385364742363131, 'min_weight_fraction_leaf': 0.03767152609827809, 'max_features': 0.7066085467251798, 'bootstrap': False, 'max_samples': 0.6310966561875547}. Best is trial 480 with value: 0.8778163779435968.[0m
