[32m[I 2022-04-13 12:42:59,343][0m Trial 378 finished with value: 0.836677584644249 and parameters: {'n_estimators': 602, 'min_samples_split': 0.32205259087038635, 'min_samples_leaf': 0.29768377319140543, 'min_weight_fraction_leaf': 0.04876325623637129, 'max_features': 0.6198305738308889, 'bootstrap': False, 'max_samples': 0.8271592748928469}. Best is trial 113 with value: 0.8765162386776881.[0m
[32m[I 2022-04-13 12:43:12,253][0m Trial 379 finished with value: 0.8752690715490659 and parameters: {'n_estimators': 709, 'min_samples_split': 0.28964928383574384, 'min_samples_leaf': 0.0011474273169035153, 'min_weight_fraction_leaf': 0.04772750807552811, 'max_features': 0.5692196045895415, 'bootstrap': False, 'max_samples': 0.834035344730003}. Best is trial 113 with value: 0.8765162386776881.[0m
[32m[I 2022-04-13 12:43:31,254][0m Trial 380 finished with value: 0.858646304164089 and parameters: {'n_estimators': 761, 'min_samples_split': 0.3074148904537145, 'min_samples_leaf': 0.001128194327141716, 'min_weight_fraction_leaf': 0.02843163321370019, 'max_features': 0.8362164322517864, 'bootstrap': False, 'max_samples': 0.8467781843088462}. Best is trial 113 with value: 0.8765162386776881.[0m
[32m[I 2022-04-13 12:43:42,993][0m Trial 381 finished with value: 0.8696772383519598 and parameters: {'n_estimators': 573, 'min_samples_split': 0.3037748751682204, 'min_samples_leaf': 0.00127075217481967, 'min_weight_fraction_leaf': 0.0361835751604549, 'max_features': 0.5598528368217185, 'bootstrap': False, 'max_samples': 0.8296457409635836}. Best is trial 113 with value: 0.8765162386776881.[0m
[32m[I 2022-04-13 12:43:56,732][0m Trial 382 finished with value: 0.8752690715490659 and parameters: {'n_estimators': 706, 'min_samples_split': 0.2978818579300783, 'min_samples_leaf': 0.009050816902769496, 'min_weight_fraction_leaf': 0.0465136018519201, 'max_features': 0.5730848419225182, 'bootstrap': False, 'max_samples': 0.7987696813794604}. Best is trial 113 with value: 0.8765162386776881.[0m
[32m[I 2022-04-13 12:44:11,379][0m Trial 383 finished with value: 0.8704477201418894 and parameters: {'n_estimators': 781, 'min_samples_split': 0.30161541492855265, 'min_samples_leaf': 0.01073603735285897, 'min_weight_fraction_leaf': 0.038571908626362665, 'max_features': 0.5715964243620965, 'bootstrap': False, 'max_samples': 0.8611218524312864}. Best is trial 113 with value: 0.8765162386776881.[0m
[32m[I 2022-04-13 12:44:22,670][0m Trial 384 finished with value: 0.8668158063646558 and parameters: {'n_estimators': 706, 'min_samples_split': 0.29703599931813673, 'min_samples_leaf': 0.0018903059939259564, 'min_weight_fraction_leaf': 0.04538989086174127, 'max_features': 0.6051158242593334, 'bootstrap': True, 'max_samples': 0.8153846924304311, 'oob_score': False}. Best is trial 113 with value: 0.8765162386776881.[0m
[32m[I 2022-04-13 12:44:31,932][0m Trial 385 finished with value: 0.8505480744701502 and parameters: {'n_estimators': 733, 'min_samples_split': 0.3334050999027121, 'min_samples_leaf': 0.18952690205243863, 'min_weight_fraction_leaf': 0.046582226193215115, 'max_features': 0.5737503481574898, 'bootstrap': False, 'max_samples': 0.8029747653681634}. Best is trial 113 with value: 0.8765162386776881.[0m
[32m[I 2022-04-13 12:44:42,115][0m Trial 386 finished with value: 0.8691606150206894 and parameters: {'n_estimators': 532, 'min_samples_split': 0.3073260017517907, 'min_samples_leaf': 0.009152558443337374, 'min_weight_fraction_leaf': 0.028773160249333546, 'max_features': 0.5080401108530178, 'bootstrap': False, 'max_samples': 0.8354664982156256}. Best is trial 113 with value: 0.8765162386776881.[0m
[32m[I 2022-04-13 12:44:51,869][0m Trial 387 finished with value: 0.8641601354348044 and parameters: {'n_estimators': 561, 'min_samples_split': 0.295242197627394, 'min_samples_leaf': 0.0014519360819246513, 'min_weight_fraction_leaf': 0.047694218344095, 'max_features': 0.4767233589036612, 'bootstrap': False, 'max_samples': 0.8152707322107778}. Best is trial 113 with value: 0.8765162386776881.[0m
[32m[I 2022-04-13 12:45:06,302][0m Trial 388 finished with value: 0.8710200636407379 and parameters: {'n_estimators': 804, 'min_samples_split': 0.32340440598698506, 'min_samples_leaf': 0.009306008957215617, 'min_weight_fraction_leaf': 0.03284837919911007, 'max_features': 0.5398698945851977, 'bootstrap': False, 'max_samples': 0.7859551096397865}. Best is trial 113 with value: 0.8765162386776881.[0m
[32m[I 2022-04-13 12:45:16,080][0m Trial 389 finished with value: 0.8632738577511828 and parameters: {'n_estimators': 709, 'min_samples_split': 0.3151184727677198, 'min_samples_leaf': 0.12511350060955734, 'min_weight_fraction_leaf': 0.018589441459974668, 'max_features': 0.5233814461845583, 'bootstrap': False, 'max_samples': 0.871658262180149}. Best is trial 113 with value: 0.8765162386776881.[0m
[32m[I 2022-04-13 12:45:26,932][0m Trial 390 finished with value: 0.8735971199028748 and parameters: {'n_estimators': 534, 'min_samples_split': 0.29383389053691283, 'min_samples_leaf': 0.018811207090989768, 'min_weight_fraction_leaf': 0.05262966361348819, 'max_features': 0.599927177366858, 'bootstrap': False, 'max_samples': 0.7752321624860468}. Best is trial 113 with value: 0.8765162386776881.[0m
[32m[I 2022-04-13 12:45:40,275][0m Trial 391 finished with value: 0.8703390200007002 and parameters: {'n_estimators': 594, 'min_samples_split': 0.2919437303314603, 'min_samples_leaf': 0.01146197579770529, 'min_weight_fraction_leaf': 0.03840688879852884, 'max_features': 0.5717899018635942, 'bootstrap': False, 'max_samples': 0.8813406364325991}. Best is trial 113 with value: 0.8765162386776881.[0m
[32m[I 2022-04-13 12:45:48,836][0m Trial 392 finished with value: 0.873788069974875 and parameters: {'n_estimators': 479, 'min_samples_split': 0.2976686274962193, 'min_samples_leaf': 0.01932900841069304, 'min_weight_fraction_leaf': 0.05107424630559962, 'max_features': 0.5545918264126306, 'bootstrap': False, 'max_samples': 0.8090081911299798}. Best is trial 113 with value: 0.8765162386776881.[0m
[32m[I 2022-04-13 12:45:59,609][0m Trial 393 finished with value: 0.8635217778176362 and parameters: {'n_estimators': 638, 'min_samples_split': 0.2911253693967766, 'min_samples_leaf': 0.001063241766754871, 'min_weight_fraction_leaf': 0.04805629288224732, 'max_features': 0.49936439640596797, 'bootstrap': False, 'max_samples': 0.7571059409641285}. Best is trial 113 with value: 0.8765162386776881.[0m
[32m[I 2022-04-13 12:46:11,370][0m Trial 394 finished with value: 0.8677515958228204 and parameters: {'n_estimators': 578, 'min_samples_split': 0.2851516453284805, 'min_samples_leaf': 0.019876976600939778, 'min_weight_fraction_leaf': 0.026103726754143353, 'max_features': 0.62097963484264, 'bootstrap': False, 'max_samples': 0.8526581527620891}. Best is trial 113 with value: 0.8765162386776881.[0m
[32m[I 2022-04-13 12:46:24,032][0m Trial 395 finished with value: 0.8703809677362662 and parameters: {'n_estimators': 685, 'min_samples_split': 0.3114663148784528, 'min_samples_leaf': 0.007530925148627719, 'min_weight_fraction_leaf': 0.07099773554671183, 'max_features': 0.5410837533961597, 'bootstrap': False, 'max_samples': 0.7837491410212312}. Best is trial 113 with value: 0.8765162386776881.[0m
[32m[I 2022-04-13 12:46:35,089][0m Trial 396 finished with value: 0.8754916107380508 and parameters: {'n_estimators': 608, 'min_samples_split': 0.2835553323024744, 'min_samples_leaf': 0.010671592393581363, 'min_weight_fraction_leaf': 0.0569161745002614, 'max_features': 0.5924272405470874, 'bootstrap': False, 'max_samples': 0.7618298978294017}. Best is trial 113 with value: 0.8765162386776881.[0m
[32m[I 2022-04-13 12:46:43,300][0m Trial 397 finished with value: 0.817138486879814 and parameters: {'n_estimators': 555, 'min_samples_split': 0.28333596767282926, 'min_samples_leaf': 0.02170742285364563, 'min_weight_fraction_leaf': 0.3262654859167287, 'max_features': 0.6331921720182582, 'bootstrap': False, 'max_samples': 0.7569883553954219}. Best is trial 113 with value: 0.8765162386776881.[0m
[32m[I 2022-04-13 12:46:54,857][0m Trial 398 finished with value: 0.8713525157788731 and parameters: {'n_estimators': 609, 'min_samples_split': 0.2901374427790572, 'min_samples_leaf': 0.014484327686337305, 'min_weight_fraction_leaf': 0.06042736147327975, 'max_features': 0.598877481791205, 'bootstrap': False, 'max_samples': 0.7379667482968234}. Best is trial 113 with value: 0.8765162386776881.[0m
[32m[I 2022-04-13 12:47:07,774][0m Trial 399 finished with value: 0.8674314301308559 and parameters: {'n_estimators': 590, 'min_samples_split': 0.2787512023436606, 'min_samples_leaf': 0.023761524302626444, 'min_weight_fraction_leaf': 0.07371683270156684, 'max_features': 0.6549401654362502, 'bootstrap': False, 'max_samples': 0.8261324826390154}. Best is trial 113 with value: 0.8765162386776881.[0m
[32m[I 2022-04-13 12:47:17,907][0m Trial 400 finished with value: 0.8707657897250325 and parameters: {'n_estimators': 517, 'min_samples_split': 0.30213497347459495, 'min_samples_leaf': 0.011199817876136171, 'min_weight_fraction_leaf': 0.05675757119534331, 'max_features': 0.5903585978849188, 'bootstrap': False, 'max_samples': 0.7654191138556963}. Best is trial 113 with value: 0.8765162386776881.[0m
[32m[I 2022-04-13 12:47:23,312][0m Trial 401 finished with value: 0.873968193113639 and parameters: {'n_estimators': 213, 'min_samples_split': 0.2788745584327502, 'min_samples_leaf': 0.010273938019222252, 'min_weight_fraction_leaf': 0.06347389477151724, 'max_features': 0.5254660171856846, 'bootstrap': False, 'max_samples': 0.7518515927410787}. Best is trial 113 with value: 0.8765162386776881.[0m
[32m[I 2022-04-13 12:47:35,365][0m Trial 402 finished with value: 0.8734468368389082 and parameters: {'n_estimators': 637, 'min_samples_split': 0.2836099672311132, 'min_samples_leaf': 0.025794876225984257, 'min_weight_fraction_leaf': 0.0783336838944492, 'max_features': 0.5553203530120933, 'bootstrap': False, 'max_samples': 0.7436016662412395}. Best is trial 113 with value: 0.8765162386776881.[0m
[32m[I 2022-04-13 12:47:44,006][0m Trial 403 finished with value: 0.8373757221478424 and parameters: {'n_estimators': 564, 'min_samples_split': 0.28177785228240565, 'min_samples_leaf': 0.01863709454673583, 'min_weight_fraction_leaf': 0.25561906815147567, 'max_features': 0.6153762103992781, 'bootstrap': True, 'max_samples': 0.826912940111668, 'oob_score': False}. Best is trial 113 with value: 0.8765162386776881.[0m
[32m[I 2022-04-13 12:47:54,062][0m Trial 404 finished with value: 0.8668841971470398 and parameters: {'n_estimators': 616, 'min_samples_split': 0.30837978459128906, 'min_samples_leaf': 0.03195751574286977, 'min_weight_fraction_leaf': 0.038352339266635345, 'max_features': 0.46088144526683, 'bootstrap': False, 'max_samples': 0.78298406956104}. Best is trial 113 with value: 0.8765162386776881.[0m
[32m[I 2022-04-13 12:48:05,205][0m Trial 405 finished with value: 0.8748738351372113 and parameters: {'n_estimators': 534, 'min_samples_split': 0.2748664102253769, 'min_samples_leaf': 0.01068511547940131, 'min_weight_fraction_leaf': 0.041093163258403204, 'max_features': 0.5788311932802516, 'bootstrap': False, 'max_samples': 0.023787473738283438}. Best is trial 113 with value: 0.8765162386776881.[0m
[32m[I 2022-04-13 12:48:14,857][0m Trial 406 finished with value: 0.8376364423305018 and parameters: {'n_estimators': 599, 'min_samples_split': 0.289539554651415, 'min_samples_leaf': 0.0010742343542332236, 'min_weight_fraction_leaf': 0.2395989613789703, 'max_features': 0.6737803924758965, 'bootstrap': False, 'max_samples': 0.76533245083307}. Best is trial 113 with value: 0.8765162386776881.[0m
[32m[I 2022-04-13 12:48:26,561][0m Trial 407 finished with value: 0.8755879471378358 and parameters: {'n_estimators': 566, 'min_samples_split': 0.2761312226644213, 'min_samples_leaf': 0.0190241784116893, 'min_weight_fraction_leaf': 0.055542935718808556, 'max_features': 0.5067334044255646, 'bootstrap': False, 'max_samples': 0.7416373255600932}. Best is trial 113 with value: 0.8765162386776881.[0m
[32m[I 2022-04-13 12:48:35,009][0m Trial 408 finished with value: 0.8626511437862655 and parameters: {'n_estimators': 564, 'min_samples_split': 0.27597225250465357, 'min_samples_leaf': 0.10940740690896414, 'min_weight_fraction_leaf': 0.06506564722463622, 'max_features': 0.4888212456723698, 'bootstrap': False, 'max_samples': 0.7414993150016282}. Best is trial 113 with value: 0.8765162386776881.[0m
[32m[I 2022-04-13 12:48:43,339][0m Trial 409 finished with value: 0.8341581836320551 and parameters: {'n_estimators': 542, 'min_samples_split': 0.2623495717756522, 'min_samples_leaf': 0.034223562006110514, 'min_weight_fraction_leaf': 0.21091926929855875, 'max_features': 0.5101065187606183, 'bootstrap': False, 'max_samples': 0.7377319403163826}. Best is trial 113 with value: 0.8765162386776881.[0m
[32m[I 2022-04-13 12:48:52,658][0m Trial 410 finished with value: 0.8642695910114551 and parameters: {'n_estimators': 503, 'min_samples_split': 0.27585711325922424, 'min_samples_leaf': 0.025101532851247603, 'min_weight_fraction_leaf': 0.07323830856277548, 'max_features': 0.489899787107842, 'bootstrap': False, 'max_samples': 0.7591328939079227}. Best is trial 113 with value: 0.8765162386776881.[0m
[32m[I 2022-04-13 12:49:03,870][0m Trial 411 finished with value: 0.8699268619486107 and parameters: {'n_estimators': 581, 'min_samples_split': 0.2555147971813952, 'min_samples_leaf': 0.021263486866408304, 'min_weight_fraction_leaf': 0.08895589857107845, 'max_features': 0.5177789771077713, 'bootstrap': False, 'max_samples': 0.4777011460464841}. Best is trial 113 with value: 0.8765162386776881.[0m
[32m[I 2022-04-13 12:49:09,700][0m Trial 412 finished with value: 0.8121829216085704 and parameters: {'n_estimators': 519, 'min_samples_split': 0.28603980191807027, 'min_samples_leaf': 0.3370570659529793, 'min_weight_fraction_leaf': 0.05621723247462608, 'max_features': 0.4706646988265984, 'bootstrap': False, 'max_samples': 0.7183540550863847}. Best is trial 113 with value: 0.8765162386776881.[0m
[32m[I 2022-04-13 12:49:22,123][0m Trial 413 finished with value: 0.8680176440465752 and parameters: {'n_estimators': 561, 'min_samples_split': 0.27053901482862525, 'min_samples_leaf': 0.03776171095340716, 'min_weight_fraction_leaf': 0.0645304337089562, 'max_features': 0.6364122629370935, 'bootstrap': False, 'max_samples': 0.6034889158143775}. Best is trial 113 with value: 0.8765162386776881.[0m
[32m[I 2022-04-13 12:49:35,491][0m Trial 414 finished with value: 0.8677515958228204 and parameters: {'n_estimators': 599, 'min_samples_split': 0.279101384884856, 'min_samples_leaf': 0.017666387085401525, 'min_weight_fraction_leaf': 0.01835399119876556, 'max_features': 0.6018122040218692, 'bootstrap': False, 'max_samples': 0.7286932845048272}. Best is trial 113 with value: 0.8765162386776881.[0m
[32m[I 2022-04-13 12:49:42,496][0m Trial 415 finished with value: 0.8723931451625841 and parameters: {'n_estimators': 287, 'min_samples_split': 0.23818034983637845, 'min_samples_leaf': 0.0013140374698369425, 'min_weight_fraction_leaf': 0.05438841330061059, 'max_features': 0.528792294826446, 'bootstrap': False, 'max_samples': 0.7033518948484198}. Best is trial 113 with value: 0.8765162386776881.[0m
[32m[I 2022-04-13 12:49:52,481][0m Trial 416 finished with value: 0.871222477808441 and parameters: {'n_estimators': 543, 'min_samples_split': 0.2645386011959834, 'min_samples_leaf': 0.02917167332767894, 'min_weight_fraction_leaf': 0.07782587053717333, 'max_features': 0.5058180440995146, 'bootstrap': False, 'max_samples': 0.0557721277902114}. Best is trial 113 with value: 0.8765162386776881.[0m
[32m[I 2022-04-13 12:50:03,052][0m Trial 417 finished with value: 0.8689138913191021 and parameters: {'n_estimators': 626, 'min_samples_split': 0.24939751610861974, 'min_samples_leaf': 0.01866180309762358, 'min_weight_fraction_leaf': 0.06364764114777283, 'max_features': 0.445435063290753, 'bootstrap': False, 'max_samples': 0.6451478131846613}. Best is trial 113 with value: 0.8765162386776881.[0m
[32m[I 2022-04-13 12:50:13,280][0m Trial 418 finished with value: 0.8748738351372113 and parameters: {'n_estimators': 580, 'min_samples_split': 0.2708320091368981, 'min_samples_leaf': 0.0460670720763177, 'min_weight_fraction_leaf': 0.03209904337130916, 'max_features': 0.5454505683438708, 'bootstrap': False, 'max_samples': 0.6971198390368064}. Best is trial 113 with value: 0.8765162386776881.[0m
[32m[I 2022-04-13 12:50:23,288][0m Trial 419 finished with value: 0.8709303970621821 and parameters: {'n_estimators': 524, 'min_samples_split': 0.285192715024721, 'min_samples_leaf': 0.03499946471454975, 'min_weight_fraction_leaf': 0.00013340172714232032, 'max_features': 0.5362573238166217, 'bootstrap': False, 'max_samples': 0.7421071856645942}. Best is trial 113 with value: 0.8765162386776881.[0m
[32m[I 2022-04-13 12:50:33,042][0m Trial 420 finished with value: 0.8702529481777261 and parameters: {'n_estimators': 465, 'min_samples_split': 0.2578872129685488, 'min_samples_leaf': 0.013594181856391172, 'min_weight_fraction_leaf': 0.05329891101066184, 'max_features': 0.5038210400378554, 'bootstrap': False, 'max_samples': 0.5296925902138303}. Best is trial 113 with value: 0.8765162386776881.[0m
[32m[I 2022-04-13 12:50:39,690][0m Trial 421 finished with value: 0.8414598694407772 and parameters: {'n_estimators': 496, 'min_samples_split': 0.2982953770916314, 'min_samples_leaf': 0.055684102941876035, 'min_weight_fraction_leaf': 0.2724438176022863, 'max_features': 0.6199415096054525, 'bootstrap': False, 'max_samples': 0.7620327650455108}. Best is trial 113 with value: 0.8765162386776881.[0m
[32m[I 2022-04-13 12:50:51,207][0m Trial 422 finished with value: 0.8675217467934491 and parameters: {'n_estimators': 607, 'min_samples_split': 0.273063930328439, 'min_samples_leaf': 0.02631780483042185, 'min_weight_fraction_leaf': 0.04011393779667592, 'max_features': 0.5829436078462507, 'bootstrap': True, 'max_samples': 0.7843900309999272, 'oob_score': True}. Best is trial 113 with value: 0.8765162386776881.[0m
[32m[I 2022-04-13 12:51:03,363][0m Trial 423 finished with value: 0.8722761694847649 and parameters: {'n_estimators': 563, 'min_samples_split': 0.28699368558466914, 'min_samples_leaf': 0.01203572183443244, 'min_weight_fraction_leaf': 0.07217102941426355, 'max_features': 0.5679274744279357, 'bootstrap': False, 'max_samples': 0.7218901252402923}. Best is trial 113 with value: 0.8765162386776881.[0m
[32m[I 2022-04-13 12:51:14,172][0m Trial 424 finished with value: 0.8705425642400652 and parameters: {'n_estimators': 643, 'min_samples_split': 0.25970453193819887, 'min_samples_leaf': 0.06747727310368147, 'min_weight_fraction_leaf': 0.08362237988521265, 'max_features': 0.6037191757650126, 'bootstrap': False, 'max_samples': 0.7722856765574659}. Best is trial 113 with value: 0.8765162386776881.[0m
[32m[I 2022-04-13 12:51:30,259][0m Trial 425 finished with value: 0.8534594166083316 and parameters: {'n_estimators': 585, 'min_samples_split': 0.27720409642132693, 'min_samples_leaf': 0.038719610969205655, 'min_weight_fraction_leaf': 0.04492918664392315, 'max_features': 0.9964615824554048, 'bootstrap': False, 'max_samples': 0.7513630639472065}. Best is trial 113 with value: 0.8765162386776881.[0m
[32m[I 2022-04-13 12:51:36,307][0m Trial 426 finished with value: 0.767307320268665 and parameters: {'n_estimators': 538, 'min_samples_split': 0.2669901209337508, 'min_samples_leaf': 0.024898792013036835, 'min_weight_fraction_leaf': 0.4158970801772942, 'max_features': 0.4743460998504363, 'bootstrap': False, 'max_samples': 0.6728998742582487}. Best is trial 113 with value: 0.8765162386776881.[0m
[32m[I 2022-04-13 12:51:41,456][0m Trial 427 finished with value: 0.7925602174694297 and parameters: {'n_estimators': 558, 'min_samples_split': 0.2275910132126478, 'min_samples_leaf': 0.3724291928954897, 'min_weight_fraction_leaf': 0.06264197364869739, 'max_features': 0.5300458014104854, 'bootstrap': False, 'max_samples': 0.7344798206848361}. Best is trial 113 with value: 0.8765162386776881.[0m
[32m[I 2022-04-13 12:51:55,466][0m Trial 428 finished with value: 0.8659287799998083 and parameters: {'n_estimators': 610, 'min_samples_split': 0.24963286372591462, 'min_samples_leaf': 0.012325091987379215, 'min_weight_fraction_leaf': 0.05634076380055213, 'max_features': 0.647672869723882, 'bootstrap': False, 'max_samples': 0.7874237385256834}. Best is trial 113 with value: 0.8765162386776881.[0m
[32m[I 2022-04-13 12:52:07,388][0m Trial 429 finished with value: 0.8715083399558313 and parameters: {'n_estimators': 637, 'min_samples_split': 0.2946376480682802, 'min_samples_leaf': 0.001080776013006688, 'min_weight_fraction_leaf': 0.07190100733258546, 'max_features': 0.5493240375632993, 'bootstrap': False, 'max_samples': 0.7137892823340032}. Best is trial 113 with value: 0.8765162386776881.[0m
[32m[I 2022-04-13 12:52:19,054][0m Trial 430 finished with value: 0.8703906515640277 and parameters: {'n_estimators': 578, 'min_samples_split': 0.27924537328786997, 'min_samples_leaf': 0.021061147959884112, 'min_weight_fraction_leaf': 0.031521317812774535, 'max_features': 0.588310675505664, 'bootstrap': False, 'max_samples': 0.5700591252961318}. Best is trial 113 with value: 0.8765162386776881.[0m
[32m[I 2022-04-13 12:52:27,848][0m Trial 431 finished with value: 0.8627333989906516 and parameters: {'n_estimators': 524, 'min_samples_split': 0.2645759438681395, 'min_samples_leaf': 0.03349891878496146, 'min_weight_fraction_leaf': 0.09465253288815742, 'max_features': 0.49563513840972684, 'bootstrap': False, 'max_samples': 0.6223314261320847}. Best is trial 113 with value: 0.8765162386776881.[0m
