[32m[I 2022-04-13 17:02:23,725][0m Trial 887 finished with value: 0.6277700080280587 and parameters: {'n_estimators': 623, 'min_samples_split': 0.14957421574432078, 'min_samples_leaf': 0.32033076314167874, 'min_weight_fraction_leaf': 0.016302885051608255, 'max_features': 0.587912108940636, 'bootstrap': False, 'max_samples': 0.7184832227075214}. Best is trial 647 with value: 0.7566204211119171.[0m
[32m[I 2022-04-13 17:02:27,915][0m Trial 888 finished with value: 0.7327938533301804 and parameters: {'n_estimators': 153, 'min_samples_split': 0.18149171725812716, 'min_samples_leaf': 0.06613705115712301, 'min_weight_fraction_leaf': 0.024860658903972297, 'max_features': 0.6317397337076623, 'bootstrap': False, 'max_samples': 0.8021118368513778}. Best is trial 647 with value: 0.7566204211119171.[0m
[32m[I 2022-04-13 17:02:37,420][0m Trial 889 finished with value: 0.7399126019956386 and parameters: {'n_estimators': 589, 'min_samples_split': 0.17154913550390988, 'min_samples_leaf': 0.10843431505089357, 'min_weight_fraction_leaf': 0.010984479815195902, 'max_features': 0.5604864434556277, 'bootstrap': False, 'max_samples': 0.7598531564900839}. Best is trial 647 with value: 0.7566204211119171.[0m
[32m[I 2022-04-13 17:02:52,709][0m Trial 890 finished with value: 0.7468287227132117 and parameters: {'n_estimators': 712, 'min_samples_split': 0.18666673697779573, 'min_samples_leaf': 0.02808127632684737, 'min_weight_fraction_leaf': 0.02816336732411272, 'max_features': 0.5753736845841904, 'bootstrap': False, 'max_samples': 0.6569319193085709}. Best is trial 647 with value: 0.7566204211119171.[0m
[32m[I 2022-04-13 17:03:04,000][0m Trial 891 finished with value: 0.7478519530974017 and parameters: {'n_estimators': 598, 'min_samples_split': 0.19585938386716675, 'min_samples_leaf': 0.0534055156943372, 'min_weight_fraction_leaf': 0.01630505104477771, 'max_features': 0.6069477830070409, 'bootstrap': False, 'max_samples': 0.6983643946353872}. Best is trial 647 with value: 0.7566204211119171.[0m
[32m[I 2022-04-13 17:03:17,696][0m Trial 892 finished with value: 0.7502316384954535 and parameters: {'n_estimators': 674, 'min_samples_split': 0.18253003583001193, 'min_samples_leaf': 0.049614786972037625, 'min_weight_fraction_leaf': 0.0346522157045193, 'max_features': 0.5363512449847193, 'bootstrap': False, 'max_samples': 0.6838471667581647}. Best is trial 647 with value: 0.7566204211119171.[0m
[32m[I 2022-04-13 17:03:30,704][0m Trial 893 finished with value: 0.7487800657998812 and parameters: {'n_estimators': 597, 'min_samples_split': 0.1698091368177272, 'min_samples_leaf': 0.038725920495812964, 'min_weight_fraction_leaf': 0.033617183568619466, 'max_features': 0.5029027325405535, 'bootstrap': False, 'max_samples': 0.859007715038017}. Best is trial 647 with value: 0.7566204211119171.[0m
[32m[I 2022-04-13 17:03:42,476][0m Trial 894 finished with value: 0.7347548341359234 and parameters: {'n_estimators': 771, 'min_samples_split': 0.23915909006717212, 'min_samples_leaf': 0.06885778313590832, 'min_weight_fraction_leaf': 0.026598185962486864, 'max_features': 0.48555245595382424, 'bootstrap': False, 'max_samples': 0.8777729954075519}. Best is trial 647 with value: 0.7566204211119171.[0m
[32m[I 2022-04-13 17:03:57,914][0m Trial 895 finished with value: 0.744602933259709 and parameters: {'n_estimators': 597, 'min_samples_split': 0.16151913796062373, 'min_samples_leaf': 0.021827896108641776, 'min_weight_fraction_leaf': 0.0009069522875557196, 'max_features': 0.5841338855572177, 'bootstrap': False, 'max_samples': 0.7510189297756438}. Best is trial 647 with value: 0.7566204211119171.[0m
[32m[I 2022-04-13 17:04:09,847][0m Trial 896 finished with value: 0.7460054955215313 and parameters: {'n_estimators': 641, 'min_samples_split': 0.19195868552727083, 'min_samples_leaf': 0.05478871792295537, 'min_weight_fraction_leaf': 0.03043592703924318, 'max_features': 0.554736469482655, 'bootstrap': False, 'max_samples': 0.6669113137779218}. Best is trial 647 with value: 0.7566204211119171.[0m
[32m[I 2022-04-13 17:04:17,974][0m Trial 897 finished with value: 0.745247894229119 and parameters: {'n_estimators': 282, 'min_samples_split': 0.17959974457974281, 'min_samples_leaf': 0.009889121852195005, 'min_weight_fraction_leaf': 0.017956323599410774, 'max_features': 0.6022691927191848, 'bootstrap': False, 'max_samples': 0.7300835790905534}. Best is trial 647 with value: 0.7566204211119171.[0m
[32m[I 2022-04-13 17:04:29,076][0m Trial 898 finished with value: 0.7319800229765324 and parameters: {'n_estimators': 567, 'min_samples_split': 0.20854495545447635, 'min_samples_leaf': 0.07773201164574921, 'min_weight_fraction_leaf': 0.03880985846012319, 'max_features': 0.6517542623457174, 'bootstrap': False, 'max_samples': 0.7089251043883511}. Best is trial 647 with value: 0.7566204211119171.[0m
[32m[I 2022-04-13 17:04:32,134][0m Trial 899 finished with value: 0.7393524842050427 and parameters: {'n_estimators': 106, 'min_samples_split': 0.2022534681155235, 'min_samples_leaf': 0.05989964873999118, 'min_weight_fraction_leaf': 0.02790810502222204, 'max_features': 0.5782787141219217, 'bootstrap': False, 'max_samples': 0.5957946522684698}. Best is trial 647 with value: 0.7566204211119171.[0m
[32m[I 2022-04-13 17:04:35,453][0m Trial 900 finished with value: 0.7396085549509944 and parameters: {'n_estimators': 123, 'min_samples_split': 0.18886573311729238, 'min_samples_leaf': 0.03470355355032117, 'min_weight_fraction_leaf': 0.010596547675445843, 'max_features': 0.5576558989404957, 'bootstrap': False, 'max_samples': 0.7727063126147743}. Best is trial 647 with value: 0.7566204211119171.[0m
[32m[I 2022-04-13 17:04:46,787][0m Trial 901 finished with value: 0.7481431072254712 and parameters: {'n_estimators': 580, 'min_samples_split': 0.1543257628216454, 'min_samples_leaf': 0.0437551763524481, 'min_weight_fraction_leaf': 0.03949590569521883, 'max_features': 0.5378589474954169, 'bootstrap': False, 'max_samples': 0.695379214439219}. Best is trial 647 with value: 0.7566204211119171.[0m
[32m[I 2022-04-13 17:04:52,221][0m Trial 902 finished with value: 0.7474459149874034 and parameters: {'n_estimators': 612, 'min_samples_split': 0.49854097896523414, 'min_samples_leaf': 0.021875762536526136, 'min_weight_fraction_leaf': 0.021644735786492203, 'max_features': 0.5281225025757814, 'bootstrap': True, 'max_samples': 0.6343309915950031, 'oob_score': False}. Best is trial 647 with value: 0.7566204211119171.[0m
[32m[I 2022-04-13 17:04:55,286][0m Trial 903 finished with value: 0.5851204349388597 and parameters: {'n_estimators': 244, 'min_samples_split': 0.17394973532777794, 'min_samples_leaf': 0.3720086612826846, 'min_weight_fraction_leaf': 0.0406316174211312, 'max_features': 0.5422502189234703, 'bootstrap': False, 'max_samples': 0.6778086782984225}. Best is trial 647 with value: 0.7566204211119171.[0m
[32m[I 2022-04-13 17:05:01,727][0m Trial 904 finished with value: 0.7329638825441525 and parameters: {'n_estimators': 392, 'min_samples_split': 0.21620635851293976, 'min_samples_leaf': 0.050628622988445254, 'min_weight_fraction_leaf': 0.03132575523044919, 'max_features': 0.4584423075570005, 'bootstrap': False, 'max_samples': 0.8145259608045463}. Best is trial 647 with value: 0.7566204211119171.[0m
[32m[I 2022-04-13 17:05:08,547][0m Trial 905 finished with value: 0.6841964541158907 and parameters: {'n_estimators': 578, 'min_samples_split': 0.17898601182038362, 'min_samples_leaf': 0.03306564988599078, 'min_weight_fraction_leaf': 0.26452822105436885, 'max_features': 0.617252018491552, 'bootstrap': False, 'max_samples': 0.7396997272794837}. Best is trial 647 with value: 0.7566204211119171.[0m
[32m[I 2022-04-13 17:05:15,605][0m Trial 906 finished with value: 0.7464314361118529 and parameters: {'n_estimators': 322, 'min_samples_split': 0.19545531175749478, 'min_samples_leaf': 0.06240844336481855, 'min_weight_fraction_leaf': 0.04210255338078202, 'max_features': 0.5117394213104607, 'bootstrap': False, 'max_samples': 0.8422639060153707}. Best is trial 647 with value: 0.7566204211119171.[0m
[32m[I 2022-04-13 17:05:22,080][0m Trial 907 finished with value: 0.7486425964338821 and parameters: {'n_estimators': 264, 'min_samples_split': 0.16614087587413012, 'min_samples_leaf': 0.027432658478370543, 'min_weight_fraction_leaf': 0.008097475933006453, 'max_features': 0.5566465205077519, 'bootstrap': False, 'max_samples': 0.7077133945684733}. Best is trial 647 with value: 0.7566204211119171.[0m
[32m[I 2022-04-13 17:05:32,987][0m Trial 908 finished with value: 0.7507747904098834 and parameters: {'n_estimators': 559, 'min_samples_split': 0.18773305661424303, 'min_samples_leaf': 0.04433923328864268, 'min_weight_fraction_leaf': 0.0476600594252587, 'max_features': 0.5132326036445766, 'bootstrap': False, 'max_samples': 0.9147594346226312}. Best is trial 647 with value: 0.7566204211119171.[0m
[32m[I 2022-04-13 17:05:36,365][0m Trial 909 finished with value: 0.7381321256216153 and parameters: {'n_estimators': 111, 'min_samples_split': 0.20318178047930177, 'min_samples_leaf': 0.056342866993189474, 'min_weight_fraction_leaf': 0.030794422228554424, 'max_features': 0.5969011345194003, 'bootstrap': False, 'max_samples': 0.71569152099617}. Best is trial 647 with value: 0.7566204211119171.[0m
[32m[I 2022-04-13 17:05:46,625][0m Trial 910 finished with value: 0.7316337409329948 and parameters: {'n_estimators': 663, 'min_samples_split': 0.19539822601706658, 'min_samples_leaf': 0.07263843691708068, 'min_weight_fraction_leaf': 0.038847998986857236, 'max_features': 0.47886752454467196, 'bootstrap': False, 'max_samples': 0.7885873204294004}. Best is trial 647 with value: 0.7566204211119171.[0m
[32m[I 2022-04-13 17:06:01,230][0m Trial 911 finished with value: 0.7457833037840387 and parameters: {'n_estimators': 599, 'min_samples_split': 0.1777283745849821, 'min_samples_leaf': 0.01316936654992466, 'min_weight_fraction_leaf': 0.02261994982861181, 'max_features': 0.5397804636697573, 'bootstrap': False, 'max_samples': 0.6673029947624007}. Best is trial 647 with value: 0.7566204211119171.[0m
[32m[I 2022-04-13 17:06:05,294][0m Trial 912 finished with value: 0.7501127482129897 and parameters: {'n_estimators': 134, 'min_samples_split': 0.15831596307360346, 'min_samples_leaf': 0.03576422677658717, 'min_weight_fraction_leaf': 0.015841257437210234, 'max_features': 0.576091361813665, 'bootstrap': False, 'max_samples': 0.7560849348448186}. Best is trial 647 with value: 0.7566204211119171.[0m
[32m[I 2022-04-13 17:06:19,850][0m Trial 913 finished with value: 0.7460054955215313 and parameters: {'n_estimators': 730, 'min_samples_split': 0.19148616925715028, 'min_samples_leaf': 0.046424797095948336, 'min_weight_fraction_leaf': 0.05520716432030039, 'max_features': 0.5580791704917062, 'bootstrap': False, 'max_samples': 0.6899860870103568}. Best is trial 647 with value: 0.7566204211119171.[0m
[32m[I 2022-04-13 17:06:35,969][0m Trial 914 finished with value: 0.7284733402393704 and parameters: {'n_estimators': 551, 'min_samples_split': 0.14571094299693046, 'min_samples_leaf': 0.0394635490497678, 'min_weight_fraction_leaf': 0.029797685388980505, 'max_features': 0.6380570024090919, 'bootstrap': False, 'max_samples': 0.7309746178168374}. Best is trial 647 with value: 0.7566204211119171.[0m
[32m[I 2022-04-13 17:06:51,187][0m Trial 915 finished with value: 0.7467243211543375 and parameters: {'n_estimators': 626, 'min_samples_split': 0.1704024358874073, 'min_samples_leaf': 0.025484491518151395, 'min_weight_fraction_leaf': 0.04145519511990428, 'max_features': 0.5242551866078078, 'bootstrap': False, 'max_samples': 0.6601990180734186}. Best is trial 647 with value: 0.7566204211119171.[0m
[32m[I 2022-04-13 17:07:00,363][0m Trial 916 finished with value: 0.7337296466648755 and parameters: {'n_estimators': 526, 'min_samples_split': 0.22598131972510577, 'min_samples_leaf': 0.05310764188137773, 'min_weight_fraction_leaf': 0.04838431457908662, 'max_features': 0.4918215393015817, 'bootstrap': False, 'max_samples': 0.8924564303468439}. Best is trial 647 with value: 0.7566204211119171.[0m
[32m[I 2022-04-13 17:07:10,413][0m Trial 917 finished with value: 0.727019971998786 and parameters: {'n_estimators': 579, 'min_samples_split': 0.41493551424892067, 'min_samples_leaf': 0.04400829514454779, 'min_weight_fraction_leaf': 0.06574558996910572, 'max_features': 0.5578207051527255, 'bootstrap': False, 'max_samples': 0.6957523134290984}. Best is trial 647 with value: 0.7566204211119171.[0m
[32m[I 2022-04-13 17:07:18,868][0m Trial 918 finished with value: 0.6989167347128697 and parameters: {'n_estimators': 552, 'min_samples_split': 0.18244081296661507, 'min_samples_leaf': 0.004397091720613193, 'min_weight_fraction_leaf': 0.20027727766157968, 'max_features': 0.5360174753276878, 'bootstrap': False, 'max_samples': 0.6451321093515664}. Best is trial 647 with value: 0.7566204211119171.[0m
[32m[I 2022-04-13 17:07:26,313][0m Trial 919 finished with value: 0.7428107348126685 and parameters: {'n_estimators': 286, 'min_samples_split': 0.1862332795110921, 'min_samples_leaf': 0.0333111329143504, 'min_weight_fraction_leaf': 0.021186527638345234, 'max_features': 0.5962380326454408, 'bootstrap': False, 'max_samples': 0.7812803116160121}. Best is trial 647 with value: 0.7566204211119171.[0m
[32m[I 2022-04-13 17:07:37,323][0m Trial 920 finished with value: 0.7361170420833963 and parameters: {'n_estimators': 514, 'min_samples_split': 0.29707525655120115, 'min_samples_leaf': 0.029616596071183124, 'min_weight_fraction_leaf': 0.03523565093903826, 'max_features': 0.5782346985553841, 'bootstrap': True, 'max_samples': 0.7596616441231309, 'oob_score': True}. Best is trial 647 with value: 0.7566204211119171.[0m
[32m[I 2022-04-13 17:07:50,746][0m Trial 921 finished with value: 0.7491166552924541 and parameters: {'n_estimators': 576, 'min_samples_split': 0.16705876012274395, 'min_samples_leaf': 0.03860529503579168, 'min_weight_fraction_leaf': 0.011078894428974147, 'max_features': 0.6170133182012213, 'bootstrap': False, 'max_samples': 0.7406218444391696}. Best is trial 647 with value: 0.7566204211119171.[0m
[32m[I 2022-04-13 17:08:02,573][0m Trial 922 finished with value: 0.7362141726732777 and parameters: {'n_estimators': 695, 'min_samples_split': 0.20831666629288245, 'min_samples_leaf': 0.06209880781655891, 'min_weight_fraction_leaf': 0.0789499485576162, 'max_features': 0.5850879405989096, 'bootstrap': False, 'max_samples': 0.7179155816840673}. Best is trial 647 with value: 0.7566204211119171.[0m
[32m[I 2022-04-13 17:08:15,163][0m Trial 923 finished with value: 0.7425237694909821 and parameters: {'n_estimators': 542, 'min_samples_split': 0.20371023185291146, 'min_samples_leaf': 0.05163270067274608, 'min_weight_fraction_leaf': 0.04939701450406421, 'max_features': 0.6254956155112072, 'bootstrap': False, 'max_samples': 0.9422667183686492}. Best is trial 647 with value: 0.7566204211119171.[0m
[32m[I 2022-04-13 17:08:26,725][0m Trial 924 finished with value: 0.745883205125419 and parameters: {'n_estimators': 475, 'min_samples_split': 0.1779465715370594, 'min_samples_leaf': 0.018689091659077294, 'min_weight_fraction_leaf': 0.05939807294611007, 'max_features': 0.5118408320436786, 'bootstrap': False, 'max_samples': 0.6187496530790682}. Best is trial 647 with value: 0.7566204211119171.[0m
[32m[I 2022-04-13 17:08:31,896][0m Trial 925 finished with value: 0.7480460444631226 and parameters: {'n_estimators': 207, 'min_samples_split': 0.18920289031604254, 'min_samples_leaf': 0.041117094159655705, 'min_weight_fraction_leaf': 0.033088192047031215, 'max_features': 0.5673575840874335, 'bootstrap': False, 'max_samples': 0.7704950003289135}. Best is trial 647 with value: 0.7566204211119171.[0m
[32m[I 2022-04-13 17:08:38,637][0m Trial 926 finished with value: 0.7396791239456089 and parameters: {'n_estimators': 306, 'min_samples_split': 0.05266674540030786, 'min_samples_leaf': 0.05141098095077968, 'min_weight_fraction_leaf': 0.05388986791205933, 'max_features': 0.548901034067703, 'bootstrap': False, 'max_samples': 0.7025226268080549}. Best is trial 647 with value: 0.7566204211119171.[0m
[32m[I 2022-04-13 17:08:50,867][0m Trial 927 finished with value: 0.7484858970823506 and parameters: {'n_estimators': 501, 'min_samples_split': 0.1579579081981224, 'min_samples_leaf': 0.019315391407009417, 'min_weight_fraction_leaf': 0.04385045828013372, 'max_features': 0.5052011148750579, 'bootstrap': False, 'max_samples': 0.8305485513293251}. Best is trial 647 with value: 0.7566204211119171.[0m
[32m[I 2022-04-13 17:08:54,057][0m Trial 928 finished with value: 0.7389112864903431 and parameters: {'n_estimators': 117, 'min_samples_split': 0.19911158880212657, 'min_samples_leaf': 0.0676399486924993, 'min_weight_fraction_leaf': 0.024026915156652784, 'max_features': 0.6026978324922414, 'bootstrap': False, 'max_samples': 0.9678804913272322}. Best is trial 647 with value: 0.7566204211119171.[0m
[32m[I 2022-04-13 17:09:05,298][0m Trial 929 finished with value: 0.7401473863785557 and parameters: {'n_estimators': 609, 'min_samples_split': 0.21145046585706911, 'min_samples_leaf': 0.05551496117591324, 'min_weight_fraction_leaf': 0.06835402636586048, 'max_features': 0.5358026593431443, 'bootstrap': False, 'max_samples': 0.6795185429667772}. Best is trial 647 with value: 0.7566204211119171.[0m
[32m[I 2022-04-13 17:09:16,380][0m Trial 930 finished with value: 0.7493491262284993 and parameters: {'n_estimators': 529, 'min_samples_split': 0.17346069561850389, 'min_samples_leaf': 0.03280902580905413, 'min_weight_fraction_leaf': 0.03764710997888544, 'max_features': 0.5782040503284448, 'bootstrap': False, 'max_samples': 0.7285363135776627}. Best is trial 647 with value: 0.7566204211119171.[0m
[32m[I 2022-04-13 17:09:28,837][0m Trial 931 finished with value: 0.7447750571334373 and parameters: {'n_estimators': 639, 'min_samples_split': 0.21984195335737172, 'min_samples_leaf': 0.04579641025710954, 'min_weight_fraction_leaf': 0.026649630225468037, 'max_features': 0.5648857404970257, 'bootstrap': False, 'max_samples': 0.7191469279172321}. Best is trial 647 with value: 0.7566204211119171.[0m
[32m[I 2022-04-13 17:09:31,947][0m Trial 932 finished with value: 0.7414863745749884 and parameters: {'n_estimators': 104, 'min_samples_split': 0.1843023523222765, 'min_samples_leaf': 0.030566123622137654, 'min_weight_fraction_leaf': 0.01201387309938444, 'max_features': 0.6005838151108956, 'bootstrap': False, 'max_samples': 0.7967408547664945}. Best is trial 647 with value: 0.7566204211119171.[0m
[32m[I 2022-04-13 17:09:42,731][0m Trial 933 finished with value: 0.7266044190984949 and parameters: {'n_estimators': 555, 'min_samples_split': 0.1966041223981876, 'min_samples_leaf': 0.08675338243272386, 'min_weight_fraction_leaf': 0.04570945596055284, 'max_features': 0.6430482464116476, 'bootstrap': False, 'max_samples': 0.8862197381071806}. Best is trial 647 with value: 0.7566204211119171.[0m
[32m[I 2022-04-13 17:09:51,804][0m Trial 934 finished with value: 0.7320195444255466 and parameters: {'n_estimators': 450, 'min_samples_split': 0.20512989768264803, 'min_samples_leaf': 0.07504200903305289, 'min_weight_fraction_leaf': 0.035389272611996966, 'max_features': 0.6798950241737792, 'bootstrap': False, 'max_samples': 0.8619499296926503}. Best is trial 647 with value: 0.7566204211119171.[0m
[32m[I 2022-04-13 17:10:02,071][0m Trial 935 finished with value: 0.7428812761559891 and parameters: {'n_estimators': 577, 'min_samples_split': 0.16604351915339233, 'min_samples_leaf': 0.06308798970838264, 'min_weight_fraction_leaf': 0.05855401101455601, 'max_features': 0.5496543925450726, 'bootstrap': False, 'max_samples': 0.7014931468760874}. Best is trial 647 with value: 0.7566204211119171.[0m
[32m[I 2022-04-13 17:10:04,786][0m Trial 936 finished with value: 0.6670846258844142 and parameters: {'n_estimators': 141, 'min_samples_split': 0.17867930755928885, 'min_samples_leaf': 0.04283131574849755, 'min_weight_fraction_leaf': 0.28628337317724195, 'max_features': 0.5866987722675161, 'bootstrap': False, 'max_samples': 0.7266328187839933}. Best is trial 647 with value: 0.7566204211119171.[0m
[32m[I 2022-04-13 17:10:12,954][0m Trial 937 finished with value: 0.7445521397599576 and parameters: {'n_estimators': 488, 'min_samples_split': 0.18620931057501264, 'min_samples_leaf': 0.05921659939727692, 'min_weight_fraction_leaf': 0.045939673011924816, 'max_features': 0.48443131198387746, 'bootstrap': False, 'max_samples': 0.8210934609801401}. Best is trial 647 with value: 0.7566204211119171.[0m
[32m[I 2022-04-13 17:10:25,092][0m Trial 938 finished with value: 0.7510043795542625 and parameters: {'n_estimators': 597, 'min_samples_split': 0.19283994599279766, 'min_samples_leaf': 0.04310414337500965, 'min_weight_fraction_leaf': 0.01906269262494722, 'max_features': 0.5698523161649739, 'bootstrap': False, 'max_samples': 0.711351671402115}. Best is trial 647 with value: 0.7566204211119171.[0m
[32m[I 2022-04-13 17:10:29,364][0m Trial 939 finished with value: 0.7376588580269811 and parameters: {'n_estimators': 295, 'min_samples_split': 0.2119329680723943, 'min_samples_leaf': 0.051922433111082564, 'min_weight_fraction_leaf': 0.05470782133085352, 'max_features': 0.6146847448115471, 'bootstrap': True, 'max_samples': 0.7449206879570384, 'oob_score': False}. Best is trial 647 with value: 0.7566204211119171.[0m
[32m[I 2022-04-13 17:10:47,317][0m Trial 940 finished with value: 0.749504806925375 and parameters: {'n_estimators': 821, 'min_samples_split': 0.17569203176538808, 'min_samples_leaf': 0.03899295811001538, 'min_weight_fraction_leaf': 0.032584089021440846, 'max_features': 0.5884786813640754, 'bootstrap': False, 'max_samples': 0.6833465960195395}. Best is trial 647 with value: 0.7566204211119171.[0m
