[32m[I 2022-04-13 13:33:41,941][0m Trial 648 finished with value: 0.8746434688723301 and parameters: {'n_estimators': 480, 'min_samples_split': 0.3044225222205199, 'min_samples_leaf': 0.0431936900286517, 'min_weight_fraction_leaf': 0.032467505076537784, 'max_features': 0.6990050536332126, 'bootstrap': False, 'max_samples': 0.6501191460220682}. Best is trial 480 with value: 0.8778163779435968.[0m
[32m[I 2022-04-13 13:33:47,178][0m Trial 649 finished with value: 0.7456668785711711 and parameters: {'n_estimators': 523, 'min_samples_split': 0.280885561857005, 'min_samples_leaf': 0.4274967354313386, 'min_weight_fraction_leaf': 0.04596650534194843, 'max_features': 0.6341519889782441, 'bootstrap': False, 'max_samples': 0.5888609024115411}. Best is trial 480 with value: 0.8778163779435968.[0m
[32m[I 2022-04-13 13:33:57,527][0m Trial 650 finished with value: 0.8672859478099845 and parameters: {'n_estimators': 543, 'min_samples_split': 0.2601753718983858, 'min_samples_leaf': 0.08500779990610052, 'min_weight_fraction_leaf': 0.026459035330878827, 'max_features': 0.7373393929134853, 'bootstrap': False, 'max_samples': 0.9507522352171545}. Best is trial 480 with value: 0.8778163779435968.[0m
[32m[I 2022-04-13 13:34:08,430][0m Trial 651 finished with value: 0.8670122493565181 and parameters: {'n_estimators': 499, 'min_samples_split': 0.2927150985969553, 'min_samples_leaf': 0.03258521585595341, 'min_weight_fraction_leaf': 0.036290913643132465, 'max_features': 0.6604104977667832, 'bootstrap': False, 'max_samples': 0.6061636564037509}. Best is trial 480 with value: 0.8778163779435968.[0m
[32m[I 2022-04-13 13:34:22,640][0m Trial 652 finished with value: 0.8641414095490958 and parameters: {'n_estimators': 612, 'min_samples_split': 0.24023467027617837, 'min_samples_leaf': 0.05126143718331859, 'min_weight_fraction_leaf': 0.044071421519582675, 'max_features': 0.7586876536831848, 'bootstrap': False, 'max_samples': 0.6390898254600756}. Best is trial 480 with value: 0.8778163779435968.[0m
[32m[I 2022-04-13 13:34:34,260][0m Trial 653 finished with value: 0.8680176440465752 and parameters: {'n_estimators': 572, 'min_samples_split': 0.27407317808474774, 'min_samples_leaf': 0.063576878405605, 'min_weight_fraction_leaf': 0.018165732336120535, 'max_features': 0.720571071578098, 'bootstrap': False, 'max_samples': 0.6737262389739483}. Best is trial 480 with value: 0.8778163779435968.[0m
[32m[I 2022-04-13 13:34:44,870][0m Trial 654 finished with value: 0.8628513759629193 and parameters: {'n_estimators': 451, 'min_samples_split': 0.24920167673984125, 'min_samples_leaf': 0.035506442176198576, 'min_weight_fraction_leaf': 0.030736615348627615, 'max_features': 0.6815910721071089, 'bootstrap': False, 'max_samples': 0.6199610188587571}. Best is trial 480 with value: 0.8778163779435968.[0m
[32m[I 2022-04-13 13:34:58,784][0m Trial 655 finished with value: 0.8751999026966713 and parameters: {'n_estimators': 643, 'min_samples_split': 0.26644758303131927, 'min_samples_leaf': 0.047714573997564985, 'min_weight_fraction_leaf': 0.04333367456535157, 'max_features': 0.7056996439911127, 'bootstrap': False, 'max_samples': 0.6554156610354896}. Best is trial 480 with value: 0.8778163779435968.[0m
[32m[I 2022-04-13 13:35:10,816][0m Trial 656 finished with value: 0.8778163779435968 and parameters: {'n_estimators': 552, 'min_samples_split': 0.28164142391898256, 'min_samples_leaf': 0.02980150755536485, 'min_weight_fraction_leaf': 0.05004111225250671, 'max_features': 0.723437456557801, 'bootstrap': False, 'max_samples': 0.6733824060878155}. Best is trial 480 with value: 0.8778163779435968.[0m
[32m[I 2022-04-13 13:35:18,816][0m Trial 657 finished with value: 0.8530134755574441 and parameters: {'n_estimators': 516, 'min_samples_split': 0.2751426838636384, 'min_samples_leaf': 0.03061407414961099, 'min_weight_fraction_leaf': 0.05443523349625517, 'max_features': 0.20579216034880116, 'bootstrap': False, 'max_samples': 0.6823892276027085}. Best is trial 480 with value: 0.8778163779435968.[0m
[32m[I 2022-04-13 13:35:28,418][0m Trial 658 finished with value: 0.8678508429018216 and parameters: {'n_estimators': 532, 'min_samples_split': 0.2973091090299489, 'min_samples_leaf': 0.029196118592374032, 'min_weight_fraction_leaf': 0.025403043297827665, 'max_features': 0.7444536092341592, 'bootstrap': True, 'max_samples': 0.9133754225756786, 'oob_score': False}. Best is trial 480 with value: 0.8778163779435968.[0m
[32m[I 2022-04-13 13:35:36,750][0m Trial 659 finished with value: 0.8318567687571703 and parameters: {'n_estimators': 488, 'min_samples_split': 0.286253451195987, 'min_samples_leaf': 0.024873386048235538, 'min_weight_fraction_leaf': 0.3036295806023366, 'max_features': 0.7702869542740685, 'bootstrap': False, 'max_samples': 0.6335490756938571}. Best is trial 480 with value: 0.8778163779435968.[0m
[32m[I 2022-04-13 13:35:49,101][0m Trial 660 finished with value: 0.8687314532482546 and parameters: {'n_estimators': 553, 'min_samples_split': 0.3131005433377245, 'min_samples_leaf': 0.03659950644776527, 'min_weight_fraction_leaf': 0.036550716219342624, 'max_features': 0.7286192231901878, 'bootstrap': False, 'max_samples': 0.5865000954945178}. Best is trial 480 with value: 0.8778163779435968.[0m
[32m[I 2022-04-13 13:36:00,292][0m Trial 661 finished with value: 0.8766457105894535 and parameters: {'n_estimators': 509, 'min_samples_split': 0.2858352658663125, 'min_samples_leaf': 0.025027810744692434, 'min_weight_fraction_leaf': 0.04825243324903422, 'max_features': 0.7190142797338306, 'bootstrap': False, 'max_samples': 0.6530621664675247}. Best is trial 480 with value: 0.8778163779435968.[0m
[32m[I 2022-04-13 13:36:11,320][0m Trial 662 finished with value: 0.8577501826813998 and parameters: {'n_estimators': 413, 'min_samples_split': 0.2975636487792489, 'min_samples_leaf': 0.025902635921593486, 'min_weight_fraction_leaf': 0.014247670144986076, 'max_features': 0.750233170244977, 'bootstrap': False, 'max_samples': 0.6602863220378969}. Best is trial 480 with value: 0.8778163779435968.[0m
[32m[I 2022-04-13 13:36:24,859][0m Trial 663 finished with value: 0.8724246628331759 and parameters: {'n_estimators': 511, 'min_samples_split': 0.26204437479886333, 'min_samples_leaf': 0.02230921915179204, 'min_weight_fraction_leaf': 0.045289268389697976, 'max_features': 0.7135645203695358, 'bootstrap': False, 'max_samples': 0.6590814726987637}. Best is trial 480 with value: 0.8778163779435968.[0m
[32m[I 2022-04-13 13:36:38,225][0m Trial 664 finished with value: 0.8694787077614194 and parameters: {'n_estimators': 477, 'min_samples_split': 0.28441442447331683, 'min_samples_leaf': 0.02005142948810429, 'min_weight_fraction_leaf': 0.030790218980140217, 'max_features': 0.6573419499306149, 'bootstrap': False, 'max_samples': 0.6829639359738762}. Best is trial 480 with value: 0.8778163779435968.[0m
[32m[I 2022-04-13 13:36:52,234][0m Trial 665 finished with value: 0.8724246628331759 and parameters: {'n_estimators': 497, 'min_samples_split': 0.2519853587165861, 'min_samples_leaf': 0.030786842324060724, 'min_weight_fraction_leaf': 0.04860980194620958, 'max_features': 0.6311368226242331, 'bootstrap': False, 'max_samples': 0.6434680650696007}. Best is trial 480 with value: 0.8778163779435968.[0m
[32m[I 2022-04-13 13:37:01,403][0m Trial 666 finished with value: 0.8682292952276894 and parameters: {'n_estimators': 474, 'min_samples_split': 0.32298025263892793, 'min_samples_leaf': 0.12090543369809989, 'min_weight_fraction_leaf': 0.01955580599519974, 'max_features': 0.6901953804385519, 'bootstrap': False, 'max_samples': 0.670500469794646}. Best is trial 480 with value: 0.8778163779435968.[0m
[32m[I 2022-04-13 13:37:08,512][0m Trial 667 finished with value: 0.6980999055000102 and parameters: {'n_estimators': 503, 'min_samples_split': 0.2696164160242359, 'min_samples_leaf': 0.02112261294787862, 'min_weight_fraction_leaf': 0.4488925720074449, 'max_features': 0.725302476221843, 'bootstrap': False, 'max_samples': 0.4286546007387938}. Best is trial 480 with value: 0.8778163779435968.[0m
[32m[I 2022-04-13 13:37:22,636][0m Trial 668 finished with value: 0.8594700706157317 and parameters: {'n_estimators': 529, 'min_samples_split': 0.2792752370790513, 'min_samples_leaf': 0.03681972763862275, 'min_weight_fraction_leaf': 0.0547677571332216, 'max_features': 0.7693387663340645, 'bootstrap': False, 'max_samples': 0.6525984982054038}. Best is trial 480 with value: 0.8778163779435968.[0m
[32m[I 2022-04-13 13:37:33,378][0m Trial 669 finished with value: 0.8680176440465752 and parameters: {'n_estimators': 520, 'min_samples_split': 0.26427946558605325, 'min_samples_leaf': 0.053994742693060246, 'min_weight_fraction_leaf': 0.03616573620074976, 'max_features': 0.6710703560055676, 'bootstrap': False, 'max_samples': 0.69163712205331}. Best is trial 480 with value: 0.8778163779435968.[0m
[32m[I 2022-04-13 13:37:44,222][0m Trial 670 finished with value: 0.8687314532482546 and parameters: {'n_estimators': 491, 'min_samples_split': 0.3058459247691191, 'min_samples_leaf': 0.028790886341172935, 'min_weight_fraction_leaf': 0.010916717261642155, 'max_features': 0.7062143991589959, 'bootstrap': False, 'max_samples': 0.6331160311474726}. Best is trial 480 with value: 0.8778163779435968.[0m
[32m[I 2022-04-13 13:37:52,508][0m Trial 671 finished with value: 0.8716428844308215 and parameters: {'n_estimators': 332, 'min_samples_split': 0.294589142458976, 'min_samples_leaf': 0.04076973177436284, 'min_weight_fraction_leaf': 0.036415390929193346, 'max_features': 0.7448968689746418, 'bootstrap': False, 'max_samples': 0.6692036981821373}. Best is trial 480 with value: 0.8778163779435968.[0m
[32m[I 2022-04-13 13:37:57,774][0m Trial 672 finished with value: 0.6993364808298704 and parameters: {'n_estimators': 458, 'min_samples_split': 0.2564920115330693, 'min_samples_leaf': 0.4743545165324582, 'min_weight_fraction_leaf': 0.05136024483279789, 'max_features': 0.6867868303406318, 'bootstrap': False, 'max_samples': 0.6144743594854882}. Best is trial 480 with value: 0.8778163779435968.[0m
[32m[I 2022-04-13 13:38:07,182][0m Trial 673 finished with value: 0.8579106615945603 and parameters: {'n_estimators': 540, 'min_samples_split': 0.23544133574217385, 'min_samples_leaf': 0.0177837168500742, 'min_weight_fraction_leaf': 0.059507345115961174, 'max_features': 0.25338984845041107, 'bootstrap': False, 'max_samples': 0.6451500760325017}. Best is trial 480 with value: 0.8778163779435968.[0m
[32m[I 2022-04-13 13:38:21,169][0m Trial 674 finished with value: 0.864404151756467 and parameters: {'n_estimators': 549, 'min_samples_split': 0.2799439629479952, 'min_samples_leaf': 0.048238395102043134, 'min_weight_fraction_leaf': 0.023760166713538686, 'max_features': 0.8244174801620805, 'bootstrap': False, 'max_samples': 0.6918711713988214}. Best is trial 480 with value: 0.8778163779435968.[0m
[32m[I 2022-04-13 13:38:30,551][0m Trial 675 finished with value: 0.8648992842717872 and parameters: {'n_estimators': 506, 'min_samples_split': 0.46725475544627426, 'min_samples_leaf': 0.09514121207339848, 'min_weight_fraction_leaf': 0.12109347211293961, 'max_features': 0.7878533259151721, 'bootstrap': False, 'max_samples': 0.6636800618234987}. Best is trial 480 with value: 0.8778163779435968.[0m
[32m[I 2022-04-13 13:38:43,584][0m Trial 676 finished with value: 0.8765162386776881 and parameters: {'n_estimators': 534, 'min_samples_split': 0.2716816039626236, 'min_samples_leaf': 0.03194156579567741, 'min_weight_fraction_leaf': 0.04002529697317923, 'max_features': 0.6485833115460109, 'bootstrap': False, 'max_samples': 0.609268164607003}. Best is trial 480 with value: 0.8778163779435968.[0m
[32m[I 2022-04-13 13:38:54,653][0m Trial 677 finished with value: 0.8658947473792191 and parameters: {'n_estimators': 522, 'min_samples_split': 0.2522455247367786, 'min_samples_leaf': 0.025995890085581577, 'min_weight_fraction_leaf': 0.02958694396942474, 'max_features': 0.6510733930651843, 'bootstrap': False, 'max_samples': 0.6045580564742886}. Best is trial 480 with value: 0.8778163779435968.[0m
[32m[I 2022-04-13 13:39:06,525][0m Trial 678 finished with value: 0.8673434776475977 and parameters: {'n_estimators': 477, 'min_samples_split': 0.2674711800165814, 'min_samples_leaf': 0.0193068754861503, 'min_weight_fraction_leaf': 0.0385491225215764, 'max_features': 0.67876424666772, 'bootstrap': False, 'max_samples': 0.5449767016201605}. Best is trial 480 with value: 0.8778163779435968.[0m
[32m[I 2022-04-13 13:39:13,751][0m Trial 679 finished with value: 0.8010343520238014 and parameters: {'n_estimators': 530, 'min_samples_split': 0.26958077954970633, 'min_samples_leaf': 0.031162761992123558, 'min_weight_fraction_leaf': 0.35747934615600485, 'max_features': 0.6570154235529165, 'bootstrap': False, 'max_samples': 0.5837031132727917}. Best is trial 480 with value: 0.8778163779435968.[0m
[32m[I 2022-04-13 13:39:23,642][0m Trial 680 finished with value: 0.8496228657695509 and parameters: {'n_estimators': 503, 'min_samples_split': 0.25986182855033485, 'min_samples_leaf': 0.1333409748436047, 'min_weight_fraction_leaf': 0.023229824530689475, 'max_features': 0.6321534628106412, 'bootstrap': True, 'max_samples': 0.6097446527893732, 'oob_score': True}. Best is trial 480 with value: 0.8778163779435968.[0m
[32m[I 2022-04-13 13:39:36,384][0m Trial 681 finished with value: 0.8664376657052111 and parameters: {'n_estimators': 554, 'min_samples_split': 0.24509139232365337, 'min_samples_leaf': 0.057723465983155184, 'min_weight_fraction_leaf': 0.012991215441240742, 'max_features': 0.6325751373223092, 'bootstrap': False, 'max_samples': 0.5966540537887169}. Best is trial 480 with value: 0.8778163779435968.[0m
[32m[I 2022-04-13 13:39:48,004][0m Trial 682 finished with value: 0.8704530166607304 and parameters: {'n_estimators': 538, 'min_samples_split': 0.27359340965576406, 'min_samples_leaf': 0.01487934158533202, 'min_weight_fraction_leaf': 0.03924868119145387, 'max_features': 0.6187893245075774, 'bootstrap': False, 'max_samples': 0.6272634172286295}. Best is trial 480 with value: 0.8778163779435968.[0m
[32m[I 2022-04-13 13:40:00,987][0m Trial 683 finished with value: 0.8710402796913691 and parameters: {'n_estimators': 512, 'min_samples_split': 0.28830844428818886, 'min_samples_leaf': 0.03710031045395786, 'min_weight_fraction_leaf': 0.0013587490501260485, 'max_features': 0.7021262512312624, 'bootstrap': False, 'max_samples': 0.9822222788365514}. Best is trial 480 with value: 0.8778163779435968.[0m
[32m[I 2022-04-13 13:40:11,230][0m Trial 684 finished with value: 0.8713464616111709 and parameters: {'n_estimators': 449, 'min_samples_split': 0.25948205787359907, 'min_samples_leaf': 0.04536261415544838, 'min_weight_fraction_leaf': 0.029021461516642, 'max_features': 0.6465806203965827, 'bootstrap': False, 'max_samples': 0.6353795630487558}. Best is trial 480 with value: 0.8778163779435968.[0m
[32m[I 2022-04-13 13:40:22,344][0m Trial 685 finished with value: 0.8674314301308559 and parameters: {'n_estimators': 481, 'min_samples_split': 0.2723742810670727, 'min_samples_leaf': 0.06869637076237856, 'min_weight_fraction_leaf': 0.04393598222783317, 'max_features': 0.6700678406212759, 'bootstrap': False, 'max_samples': 0.601138169525164}. Best is trial 480 with value: 0.8778163779435968.[0m
[32m[I 2022-04-13 13:40:35,160][0m Trial 686 finished with value: 0.8770097255801421 and parameters: {'n_estimators': 561, 'min_samples_split': 0.28923788332073885, 'min_samples_leaf': 0.026294928876699264, 'min_weight_fraction_leaf': 0.04997123270522532, 'max_features': 0.7179876232940241, 'bootstrap': False, 'max_samples': 0.5684955455209908}. Best is trial 480 with value: 0.8778163779435968.[0m
[32m[I 2022-04-13 13:40:48,920][0m Trial 687 finished with value: 0.8669651350017483 and parameters: {'n_estimators': 566, 'min_samples_split': 0.3059125562988643, 'min_samples_leaf': 0.019846892996899033, 'min_weight_fraction_leaf': 0.02200474464936656, 'max_features': 0.710426598686785, 'bootstrap': False, 'max_samples': 0.565955212857414}. Best is trial 480 with value: 0.8778163779435968.[0m
[32m[I 2022-04-13 13:40:58,350][0m Trial 688 finished with value: 0.8336580443617546 and parameters: {'n_estimators': 565, 'min_samples_split': 0.29678406765841353, 'min_samples_leaf': 0.014166232604066156, 'min_weight_fraction_leaf': 0.2806967233460361, 'max_features': 0.6784646910928829, 'bootstrap': False, 'max_samples': 0.5951178697799694}. Best is trial 480 with value: 0.8778163779435968.[0m
[32m[I 2022-04-13 13:41:05,897][0m Trial 689 finished with value: 0.8356280565187191 and parameters: {'n_estimators': 544, 'min_samples_split': 0.28665920471248535, 'min_samples_leaf': 0.22358781276674433, 'min_weight_fraction_leaf': 0.03380540948647327, 'max_features': 0.6979093932783131, 'bootstrap': False, 'max_samples': 0.5542903176880374}. Best is trial 480 with value: 0.8778163779435968.[0m
[32m[I 2022-04-13 13:41:18,785][0m Trial 690 finished with value: 0.8739066120931822 and parameters: {'n_estimators': 561, 'min_samples_split': 0.29479057238100936, 'min_samples_leaf': 0.026913685385947204, 'min_weight_fraction_leaf': 0.04988048012663659, 'max_features': 0.6529019891084186, 'bootstrap': False, 'max_samples': 0.5120059666247254}. Best is trial 480 with value: 0.8778163779435968.[0m
[32m[I 2022-04-13 13:41:30,852][0m Trial 691 finished with value: 0.8740567428184894 and parameters: {'n_estimators': 534, 'min_samples_split': 0.3115115386362719, 'min_samples_leaf': 0.027961518553838455, 'min_weight_fraction_leaf': 0.03975806166578577, 'max_features': 0.7217702911448711, 'bootstrap': False, 'max_samples': 0.5837239270720674}. Best is trial 480 with value: 0.8778163779435968.[0m
[32m[I 2022-04-13 13:41:45,689][0m Trial 692 finished with value: 0.8697526928564592 and parameters: {'n_estimators': 579, 'min_samples_split': 0.28411511171190285, 'min_samples_leaf': 0.016354842374770716, 'min_weight_fraction_leaf': 0.060540623220523594, 'max_features': 0.7475570375796385, 'bootstrap': False, 'max_samples': 0.614814639753767}. Best is trial 480 with value: 0.8778163779435968.[0m
[32m[I 2022-04-13 13:41:58,306][0m Trial 693 finished with value: 0.8678189017199726 and parameters: {'n_estimators': 542, 'min_samples_split': 0.3016638664003763, 'min_samples_leaf': 0.031863137455080834, 'min_weight_fraction_leaf': 0.01396055359610855, 'max_features': 0.724962550028691, 'bootstrap': False, 'max_samples': 0.5728073549960757}. Best is trial 480 with value: 0.8778163779435968.[0m
[32m[I 2022-04-13 13:42:12,195][0m Trial 694 finished with value: 0.8708719849450827 and parameters: {'n_estimators': 566, 'min_samples_split': 0.2888057920926268, 'min_samples_leaf': 0.02512290258269936, 'min_weight_fraction_leaf': 0.026725234574070555, 'max_features': 0.6882273686837456, 'bootstrap': False, 'max_samples': 0.5701108066944595}. Best is trial 480 with value: 0.8778163779435968.[0m
[32m[I 2022-04-13 13:42:25,054][0m Trial 695 finished with value: 0.8773074922381939 and parameters: {'n_estimators': 522, 'min_samples_split': 0.2786926015784573, 'min_samples_leaf': 0.014204105777652753, 'min_weight_fraction_leaf': 0.05058618952067113, 'max_features': 0.6662869872938271, 'bootstrap': False, 'max_samples': 0.6166123033005676}. Best is trial 480 with value: 0.8778163779435968.[0m
[32m[I 2022-04-13 13:42:37,092][0m Trial 696 finished with value: 0.8711973039274824 and parameters: {'n_estimators': 554, 'min_samples_split': 0.28095152878880997, 'min_samples_leaf': 0.013246845224448077, 'min_weight_fraction_leaf': 0.03919570202763763, 'max_features': 0.6184411656361093, 'bootstrap': False, 'max_samples': 0.5853286863174236}. Best is trial 480 with value: 0.8778163779435968.[0m
[32m[I 2022-04-13 13:42:47,169][0m Trial 697 finished with value: 0.8681637159292179 and parameters: {'n_estimators': 582, 'min_samples_split': 0.29328989862913246, 'min_samples_leaf': 0.012519731360508869, 'min_weight_fraction_leaf': 0.06291990950490738, 'max_features': 0.6339333013324744, 'bootstrap': True, 'max_samples': 0.6102884198852175, 'oob_score': False}. Best is trial 480 with value: 0.8778163779435968.[0m
[32m[I 2022-04-13 13:43:00,084][0m Trial 698 finished with value: 0.8702615785618619 and parameters: {'n_estimators': 527, 'min_samples_split': 0.279310378001541, 'min_samples_leaf': 0.01650409584797074, 'min_weight_fraction_leaf': 0.05551660237386373, 'max_features': 0.7074114033886664, 'bootstrap': False, 'max_samples': 0.6190604362692559}. Best is trial 480 with value: 0.8778163779435968.[0m
[32m[I 2022-04-13 13:43:08,150][0m Trial 699 finished with value: 0.787138584738783 and parameters: {'n_estimators': 586, 'min_samples_split': 0.0903575083130897, 'min_samples_leaf': 0.010094294398768529, 'min_weight_fraction_leaf': 0.39025729454086927, 'max_features': 0.6668700107829526, 'bootstrap': False, 'max_samples': 0.5875137094520978}. Best is trial 480 with value: 0.8778163779435968.[0m
[32m[I 2022-04-13 13:43:23,660][0m Trial 700 finished with value: 0.8622823413194094 and parameters: {'n_estimators': 552, 'min_samples_split': 0.30229220731161893, 'min_samples_leaf': 0.020337601317299964, 'min_weight_fraction_leaf': 0.049507351517131336, 'max_features': 0.7617938661954081, 'bootstrap': False, 'max_samples': 0.5349143018584408}. Best is trial 480 with value: 0.8778163779435968.[0m
[32m[I 2022-04-13 13:43:30,405][0m Trial 701 finished with value: 0.817138486879814 and parameters: {'n_estimators': 524, 'min_samples_split': 0.2625892184893529, 'min_samples_leaf': 0.31870806654723954, 'min_weight_fraction_leaf': 0.030262238772245563, 'max_features': 0.6902791413253747, 'bootstrap': False, 'max_samples': 0.6051471637905979}. Best is trial 480 with value: 0.8778163779435968.[0m
