[32m[I 2022-04-13 15:40:50,156][0m Trial 347 finished with value: 0.7404271760153854 and parameters: {'n_estimators': 310, 'min_samples_split': 0.21956101587349508, 'min_samples_leaf': 0.058057760076994654, 'min_weight_fraction_leaf': 0.05288889523155826, 'max_features': 0.5075472039253499, 'bootstrap': False, 'max_samples': 0.7627008181479253}. Best is trial 88 with value: 0.7533408627023566.[0m
[32m[I 2022-04-13 15:40:54,432][0m Trial 348 finished with value: 0.6990045421819435 and parameters: {'n_estimators': 292, 'min_samples_split': 0.20691600981086186, 'min_samples_leaf': 0.20168892672288838, 'min_weight_fraction_leaf': 0.04510382184746564, 'max_features': 0.5179050775194678, 'bootstrap': False, 'max_samples': 0.7634880326491165}. Best is trial 88 with value: 0.7533408627023566.[0m
[32m[I 2022-04-13 15:40:59,519][0m Trial 349 finished with value: 0.7342530919095763 and parameters: {'n_estimators': 281, 'min_samples_split': 0.20363075264040326, 'min_samples_leaf': 0.07283757683059508, 'min_weight_fraction_leaf': 0.06019453411657455, 'max_features': 0.4948466991807765, 'bootstrap': False, 'max_samples': 0.7071944986818203}. Best is trial 88 with value: 0.7533408627023566.[0m
[32m[I 2022-04-13 15:41:07,007][0m Trial 350 finished with value: 0.7475016250928789 and parameters: {'n_estimators': 329, 'min_samples_split': 0.1970506512214312, 'min_samples_leaf': 0.029690596268508417, 'min_weight_fraction_leaf': 0.05570853516946208, 'max_features': 0.5309483873050111, 'bootstrap': False, 'max_samples': 0.8074087684114797}. Best is trial 88 with value: 0.7533408627023566.[0m
[32m[I 2022-04-13 15:41:13,396][0m Trial 351 finished with value: 0.7323808433591361 and parameters: {'n_estimators': 348, 'min_samples_split': 0.22128555765942276, 'min_samples_leaf': 0.04898687098598854, 'min_weight_fraction_leaf': 0.07323736001285908, 'max_features': 0.4741506842222593, 'bootstrap': False, 'max_samples': 0.8314728793290954}. Best is trial 88 with value: 0.7533408627023566.[0m
[32m[I 2022-04-13 15:41:20,394][0m Trial 352 finished with value: 0.7521112651012268 and parameters: {'n_estimators': 290, 'min_samples_split': 0.20982046894015724, 'min_samples_leaf': 0.027312320640977626, 'min_weight_fraction_leaf': 0.053909588094745844, 'max_features': 0.5400024882404287, 'bootstrap': False, 'max_samples': 0.7789991998092094}. Best is trial 88 with value: 0.7533408627023566.[0m
[32m[I 2022-04-13 15:41:26,918][0m Trial 353 finished with value: 0.7405136798254711 and parameters: {'n_estimators': 289, 'min_samples_split': 0.21283297397907133, 'min_samples_leaf': 0.0570259967308314, 'min_weight_fraction_leaf': 0.11040682392004994, 'max_features': 0.5404468837811015, 'bootstrap': False, 'max_samples': 0.7746642575357348}. Best is trial 88 with value: 0.7533408627023566.[0m
[32m[I 2022-04-13 15:41:34,017][0m Trial 354 finished with value: 0.7453021420361143 and parameters: {'n_estimators': 301, 'min_samples_split': 0.20834350036412888, 'min_samples_leaf': 0.046806690192535444, 'min_weight_fraction_leaf': 0.0681364760416125, 'max_features': 0.514763948986166, 'bootstrap': False, 'max_samples': 0.7583748296467}. Best is trial 88 with value: 0.7533408627023566.[0m
[32m[I 2022-04-13 15:41:40,167][0m Trial 355 finished with value: 0.7345810516006057 and parameters: {'n_estimators': 322, 'min_samples_split': 0.23503203081082735, 'min_samples_leaf': 0.08932767370146465, 'min_weight_fraction_leaf': 0.04943869624716289, 'max_features': 0.5486431317916569, 'bootstrap': False, 'max_samples': 0.7717436028752626}. Best is trial 88 with value: 0.7533408627023566.[0m
[32m[I 2022-04-13 15:41:46,720][0m Trial 356 finished with value: 0.7397080868364656 and parameters: {'n_estimators': 293, 'min_samples_split': 0.1998756624256199, 'min_samples_leaf': 0.02155964299124812, 'min_weight_fraction_leaf': 0.060144272574171834, 'max_features': 0.4857496654748544, 'bootstrap': False, 'max_samples': 0.7994066675304211}. Best is trial 88 with value: 0.7533408627023566.[0m
[32m[I 2022-04-13 15:41:54,936][0m Trial 357 finished with value: 0.7377563196623037 and parameters: {'n_estimators': 353, 'min_samples_split': 0.22348037582827243, 'min_samples_leaf': 0.02660704263385055, 'min_weight_fraction_leaf': 0.053502417313074556, 'max_features': 0.529531496341895, 'bootstrap': False, 'max_samples': 0.7832113507240199}. Best is trial 88 with value: 0.7533408627023566.[0m
[32m[I 2022-04-13 15:42:00,896][0m Trial 358 finished with value: 0.7440394755424687 and parameters: {'n_estimators': 270, 'min_samples_split': 0.19226524106937787, 'min_samples_leaf': 0.06411244765985077, 'min_weight_fraction_leaf': 0.036681778719283215, 'max_features': 0.5076052587823211, 'bootstrap': False, 'max_samples': 0.7439449183553156}. Best is trial 88 with value: 0.7533408627023566.[0m
[32m[I 2022-04-13 15:42:07,633][0m Trial 359 finished with value: 0.7477815295660379 and parameters: {'n_estimators': 309, 'min_samples_split': 0.19958973930944257, 'min_samples_leaf': 0.04418080892817242, 'min_weight_fraction_leaf': 0.04418884587430413, 'max_features': 0.5461014124753663, 'bootstrap': False, 'max_samples': 0.7393693317069144}. Best is trial 88 with value: 0.7533408627023566.[0m
[32m[I 2022-04-13 15:42:14,484][0m Trial 360 finished with value: 0.7406721867100052 and parameters: {'n_estimators': 281, 'min_samples_split': 0.21158976422044148, 'min_samples_leaf': 0.01575901629078063, 'min_weight_fraction_leaf': 0.08525751160146255, 'max_features': 0.5398041973782198, 'bootstrap': False, 'max_samples': 0.8246348338909832}. Best is trial 88 with value: 0.7533408627023566.[0m
[32m[I 2022-04-13 15:42:22,147][0m Trial 361 finished with value: 0.7491464504968772 and parameters: {'n_estimators': 318, 'min_samples_split': 0.1909435444561457, 'min_samples_leaf': 0.030603913546725665, 'min_weight_fraction_leaf': 0.07282561537435835, 'max_features': 0.5214551109456266, 'bootstrap': False, 'max_samples': 0.7944630971864419}. Best is trial 88 with value: 0.7533408627023566.[0m
[32m[I 2022-04-13 15:42:28,273][0m Trial 362 finished with value: 0.749390897752642 and parameters: {'n_estimators': 281, 'min_samples_split': 0.2064885807697261, 'min_samples_leaf': 0.0400807537957579, 'min_weight_fraction_leaf': 0.05999124011936453, 'max_features': 0.5641941813993862, 'bootstrap': False, 'max_samples': 0.7575521223910153}. Best is trial 88 with value: 0.7533408627023566.[0m
[32m[I 2022-04-13 15:42:34,126][0m Trial 363 finished with value: 0.7450572469532742 and parameters: {'n_estimators': 255, 'min_samples_split': 0.18841841678074153, 'min_samples_leaf': 0.05283228876009654, 'min_weight_fraction_leaf': 0.026022003158835887, 'max_features': 0.5568966594869068, 'bootstrap': False, 'max_samples': 0.6662132394248756}. Best is trial 88 with value: 0.7533408627023566.[0m
[32m[I 2022-04-13 15:42:37,394][0m Trial 364 finished with value: 0.6111381133300771 and parameters: {'n_estimators': 297, 'min_samples_split': 0.21759649961330332, 'min_samples_leaf': 0.3439459279291701, 'min_weight_fraction_leaf': 0.03516939112365272, 'max_features': 0.6495175852618038, 'bootstrap': False, 'max_samples': 0.6954290105809933}. Best is trial 88 with value: 0.7533408627023566.[0m
[32m[I 2022-04-13 15:42:47,712][0m Trial 365 finished with value: 0.7476452734351706 and parameters: {'n_estimators': 490, 'min_samples_split': 0.19889107457312283, 'min_samples_leaf': 0.03844870467337413, 'min_weight_fraction_leaf': 0.045400623780550875, 'max_features': 0.5713468923554711, 'bootstrap': False, 'max_samples': 0.7327013123031247}. Best is trial 88 with value: 0.7533408627023566.[0m
[32m[I 2022-04-13 15:42:53,691][0m Trial 366 finished with value: 0.7465346992385081 and parameters: {'n_estimators': 298, 'min_samples_split': 0.18729943545709402, 'min_samples_leaf': 0.06424022583958475, 'min_weight_fraction_leaf': 0.04972050555312046, 'max_features': 0.6053105152149013, 'bootstrap': False, 'max_samples': 0.7151675708470433}. Best is trial 88 with value: 0.7533408627023566.[0m
[32m[I 2022-04-13 15:42:59,411][0m Trial 367 finished with value: 0.7397549933122118 and parameters: {'n_estimators': 314, 'min_samples_split': 0.2040115439912307, 'min_samples_leaf': 0.03713038649163813, 'min_weight_fraction_leaf': 0.06306646884045114, 'max_features': 0.4992370459027761, 'bootstrap': False, 'max_samples': 0.7517779234969839}. Best is trial 88 with value: 0.7533408627023566.[0m
[32m[I 2022-04-13 15:43:04,106][0m Trial 368 finished with value: 0.6581958955227176 and parameters: {'n_estimators': 475, 'min_samples_split': 0.18752026982359532, 'min_samples_leaf': 0.2988233887935429, 'min_weight_fraction_leaf': 0.05462074437605005, 'max_features': 0.19459390538250937, 'bootstrap': False, 'max_samples': 0.7814232267567142}. Best is trial 88 with value: 0.7533408627023566.[0m
[32m[I 2022-04-13 15:43:10,704][0m Trial 369 finished with value: 0.73809398924068 and parameters: {'n_estimators': 271, 'min_samples_split': 0.21248983815542435, 'min_samples_leaf': 0.014417171847863376, 'min_weight_fraction_leaf': 0.06670026365580989, 'max_features': 0.5429136592890479, 'bootstrap': False, 'max_samples': 0.7694675145092333}. Best is trial 88 with value: 0.7533408627023566.[0m
[32m[I 2022-04-13 15:43:22,766][0m Trial 370 finished with value: 0.7446113544027859 and parameters: {'n_estimators': 524, 'min_samples_split': 0.19609876076213126, 'min_samples_leaf': 0.025329529475280985, 'min_weight_fraction_leaf': 0.05336884208537612, 'max_features': 0.5879251051466726, 'bootstrap': False, 'max_samples': 0.8230253906090383}. Best is trial 88 with value: 0.7533408627023566.[0m
[32m[I 2022-04-13 15:43:28,375][0m Trial 371 finished with value: 0.7481744757095197 and parameters: {'n_estimators': 326, 'min_samples_split': 0.18397175828073659, 'min_samples_leaf': 0.05242485412379894, 'min_weight_fraction_leaf': 0.033779070231700146, 'max_features': 0.5209084890536282, 'bootstrap': False, 'max_samples': 0.7283007908798221}. Best is trial 88 with value: 0.7533408627023566.[0m
[32m[I 2022-04-13 15:43:31,803][0m Trial 372 finished with value: 0.6526093080568375 and parameters: {'n_estimators': 303, 'min_samples_split': 0.22879283263283623, 'min_samples_leaf': 0.07334031456294474, 'min_weight_fraction_leaf': 0.31541361628405856, 'max_features': 0.5498761473465054, 'bootstrap': False, 'max_samples': 0.6906535261632177}. Best is trial 88 with value: 0.7533408627023566.[0m
[32m[I 2022-04-13 15:43:40,269][0m Trial 373 finished with value: 0.7441541490842676 and parameters: {'n_estimators': 450, 'min_samples_split': 0.20075338979192114, 'min_samples_leaf': 0.04171395137755066, 'min_weight_fraction_leaf': 0.02382059918198, 'max_features': 0.570040853722642, 'bootstrap': False, 'max_samples': 0.7376001471997157}. Best is trial 88 with value: 0.7533408627023566.[0m
[32m[I 2022-04-13 15:43:51,515][0m Trial 374 finished with value: 0.7418936766924721 and parameters: {'n_estimators': 510, 'min_samples_split': 0.19433478733283702, 'min_samples_leaf': 0.028869670302164804, 'min_weight_fraction_leaf': 0.0759822222964758, 'max_features': 0.6136400542922467, 'bootstrap': False, 'max_samples': 0.8068190626098309}. Best is trial 88 with value: 0.7533408627023566.[0m
[32m[I 2022-04-13 15:44:01,986][0m Trial 375 finished with value: 0.745842758985695 and parameters: {'n_estimators': 527, 'min_samples_split': 0.20833973952019055, 'min_samples_leaf': 0.0566769381399049, 'min_weight_fraction_leaf': 0.03984370462476281, 'max_features': 0.5330184122684326, 'bootstrap': False, 'max_samples': 0.7073412961738664}. Best is trial 88 with value: 0.7533408627023566.[0m
[32m[I 2022-04-13 15:44:13,085][0m Trial 376 finished with value: 0.7489529081394675 and parameters: {'n_estimators': 598, 'min_samples_split': 0.17594788811543793, 'min_samples_leaf': 0.048216017207455726, 'min_weight_fraction_leaf': 0.020617621399973755, 'max_features': 0.4621042624901085, 'bootstrap': False, 'max_samples': 0.6697595882235741}. Best is trial 88 with value: 0.7533408627023566.[0m
[32m[I 2022-04-13 15:44:17,269][0m Trial 377 finished with value: 0.7368358620639087 and parameters: {'n_estimators': 202, 'min_samples_split': 0.1875655097701951, 'min_samples_leaf': 0.08354463298312625, 'min_weight_fraction_leaf': 0.04530579338935523, 'max_features': 0.4827599743355483, 'bootstrap': False, 'max_samples': 0.7525016922425402}. Best is trial 88 with value: 0.7533408627023566.[0m
[32m[I 2022-04-13 15:44:25,066][0m Trial 378 finished with value: 0.731948498704404 and parameters: {'n_estimators': 496, 'min_samples_split': 0.4273029671407281, 'min_samples_leaf': 0.06595959236089616, 'min_weight_fraction_leaf': 0.03230182690239701, 'max_features': 0.5963236760666926, 'bootstrap': False, 'max_samples': 0.7156315742019425}. Best is trial 88 with value: 0.7533408627023566.[0m
[32m[I 2022-04-13 15:44:31,306][0m Trial 379 finished with value: 0.739735715671686 and parameters: {'n_estimators': 289, 'min_samples_split': 0.21494025137629189, 'min_samples_leaf': 0.049571129649075014, 'min_weight_fraction_leaf': 0.04252679700371334, 'max_features': 0.512325329005666, 'bootstrap': False, 'max_samples': 0.6842735216155026}. Best is trial 88 with value: 0.7533408627023566.[0m
[32m[I 2022-04-13 15:44:41,907][0m Trial 380 finished with value: 0.745842758985695 and parameters: {'n_estimators': 529, 'min_samples_split': 0.19891111089331692, 'min_samples_leaf': 0.033974767719057906, 'min_weight_fraction_leaf': 0.06125360842148936, 'max_features': 0.5651056242473971, 'bootstrap': False, 'max_samples': 0.746804507247612}. Best is trial 88 with value: 0.7533408627023566.[0m
[32m[I 2022-04-13 15:44:49,749][0m Trial 381 finished with value: 0.7496857157210719 and parameters: {'n_estimators': 342, 'min_samples_split': 0.18083880494915666, 'min_samples_leaf': 0.03837150030039013, 'min_weight_fraction_leaf': 0.033548657284608485, 'max_features': 0.546016346415688, 'bootstrap': False, 'max_samples': 0.7287295972850459}. Best is trial 88 with value: 0.7533408627023566.[0m
[32m[I 2022-04-13 15:45:00,440][0m Trial 382 finished with value: 0.7385096168135178 and parameters: {'n_estimators': 539, 'min_samples_split': 0.22347304173073873, 'min_samples_leaf': 0.018585175298063836, 'min_weight_fraction_leaf': 0.05400319398131958, 'max_features': 0.5807081956777662, 'bootstrap': False, 'max_samples': 0.7900602568970526}. Best is trial 88 with value: 0.7533408627023566.[0m
[32m[I 2022-04-13 15:45:09,331][0m Trial 383 finished with value: 0.7354125740633094 and parameters: {'n_estimators': 496, 'min_samples_split': 0.17015712299634073, 'min_samples_leaf': 0.02923278262095594, 'min_weight_fraction_leaf': 0.06814350268162127, 'max_features': 0.6204460080419352, 'bootstrap': False, 'max_samples': 0.7658000531665853}. Best is trial 88 with value: 0.7533408627023566.[0m
[32m[I 2022-04-13 15:45:12,932][0m Trial 384 finished with value: 0.7403141161102033 and parameters: {'n_estimators': 151, 'min_samples_split': 0.18809622318574004, 'min_samples_leaf': 0.05906010020525753, 'min_weight_fraction_leaf': 0.021916819583940702, 'max_features': 0.5296540328359082, 'bootstrap': False, 'max_samples': 0.7017349188904027}. Best is trial 88 with value: 0.7533408627023566.[0m
[32m[I 2022-04-13 15:45:22,622][0m Trial 385 finished with value: 0.7316626106865275 and parameters: {'n_estimators': 542, 'min_samples_split': 0.4503755689029621, 'min_samples_leaf': 0.045077199293071614, 'min_weight_fraction_leaf': 0.049552388087373486, 'max_features': 0.6399491829414243, 'bootstrap': False, 'max_samples': 0.7785841809342378}. Best is trial 88 with value: 0.7533408627023566.[0m
[32m[I 2022-04-13 15:45:28,406][0m Trial 386 finished with value: 0.747528719691809 and parameters: {'n_estimators': 265, 'min_samples_split': 0.2070991931184342, 'min_samples_leaf': 0.040550898726081155, 'min_weight_fraction_leaf': 0.03920199635561973, 'max_features': 0.5599377040146696, 'bootstrap': False, 'max_samples': 0.722853313676209}. Best is trial 88 with value: 0.7533408627023566.[0m
[32m[I 2022-04-13 15:45:33,789][0m Trial 387 finished with value: 0.5742771694775659 and parameters: {'n_estimators': 588, 'min_samples_split': 0.1967806414232836, 'min_samples_leaf': 0.39192483860531213, 'min_weight_fraction_leaf': 0.04498286830699425, 'max_features': 0.5048349693077822, 'bootstrap': False, 'max_samples': 0.748203539198002}. Best is trial 88 with value: 0.7533408627023566.[0m
[32m[I 2022-04-13 15:45:40,420][0m Trial 388 finished with value: 0.7470723385476673 and parameters: {'n_estimators': 309, 'min_samples_split': 0.17375659978555066, 'min_samples_leaf': 0.053590360431834606, 'min_weight_fraction_leaf': 0.03058904715051814, 'max_features': 0.5833878106500323, 'bootstrap': False, 'max_samples': 0.6878393397992715}. Best is trial 88 with value: 0.7533408627023566.[0m
[32m[I 2022-04-13 15:45:51,680][0m Trial 389 finished with value: 0.7444890640066737 and parameters: {'n_estimators': 471, 'min_samples_split': 0.18329270566211778, 'min_samples_leaf': 0.019838186441410895, 'min_weight_fraction_leaf': 0.053431792559687497, 'max_features': 0.5450392411985491, 'bootstrap': False, 'max_samples': 0.7679257921059346}. Best is trial 88 with value: 0.7533408627023566.[0m
[32m[I 2022-04-13 15:46:02,241][0m Trial 390 finished with value: 0.7418936766924721 and parameters: {'n_estimators': 511, 'min_samples_split': 0.19166547280748755, 'min_samples_leaf': 0.02750776578658365, 'min_weight_fraction_leaf': 0.07774129193621632, 'max_features': 0.6006563035989674, 'bootstrap': False, 'max_samples': 0.8085325326220771}. Best is trial 88 with value: 0.7533408627023566.[0m
[32m[I 2022-04-13 15:46:13,601][0m Trial 391 finished with value: 0.7339151698179089 and parameters: {'n_estimators': 583, 'min_samples_split': 0.15647193278870386, 'min_samples_leaf': 0.07151252799263333, 'min_weight_fraction_leaf': 0.04166376453165027, 'max_features': 0.5308767802828166, 'bootstrap': False, 'max_samples': 0.6538809773038906}. Best is trial 88 with value: 0.7533408627023566.[0m
[32m[I 2022-04-13 15:46:18,962][0m Trial 392 finished with value: 0.7444837622669679 and parameters: {'n_estimators': 235, 'min_samples_split': 0.20307227489078988, 'min_samples_leaf': 0.058768419168153646, 'min_weight_fraction_leaf': 0.09967212566113537, 'max_features': 0.5590507137763272, 'bootstrap': False, 'max_samples': 0.7130827109517145}. Best is trial 88 with value: 0.7533408627023566.[0m
[32m[I 2022-04-13 15:46:25,614][0m Trial 393 finished with value: 0.7386965774499126 and parameters: {'n_estimators': 282, 'min_samples_split': 0.2171041279047586, 'min_samples_leaf': 0.013480606888822196, 'min_weight_fraction_leaf': 0.0622547027760624, 'max_features': 0.5842742463981329, 'bootstrap': False, 'max_samples': 0.7852036180006368}. Best is trial 88 with value: 0.7533408627023566.[0m
[32m[I 2022-04-13 15:46:34,479][0m Trial 394 finished with value: 0.723635763567592 and parameters: {'n_estimators': 625, 'min_samples_split': 0.18026283862701187, 'min_samples_leaf': 0.03369279272748264, 'min_weight_fraction_leaf': 0.1797925091663517, 'max_features': 0.48667097892248984, 'bootstrap': False, 'max_samples': 0.7574414344572619}. Best is trial 88 with value: 0.7533408627023566.[0m
[32m[I 2022-04-13 15:46:46,451][0m Trial 395 finished with value: 0.7472829262218353 and parameters: {'n_estimators': 566, 'min_samples_split': 0.23674364496006603, 'min_samples_leaf': 0.046803635385856635, 'min_weight_fraction_leaf': 0.02474796239711895, 'max_features': 0.6133894881003094, 'bootstrap': False, 'max_samples': 0.7362516681736051}. Best is trial 88 with value: 0.7533408627023566.[0m
[32m[I 2022-04-13 15:46:57,746][0m Trial 396 finished with value: 0.7441579913903256 and parameters: {'n_estimators': 539, 'min_samples_split': 0.16610570074803407, 'min_samples_leaf': 0.0633205344869267, 'min_weight_fraction_leaf': 0.0350466940780341, 'max_features': 0.5151073393303758, 'bootstrap': False, 'max_samples': 0.7065903240628642}. Best is trial 88 with value: 0.7533408627023566.[0m
[32m[I 2022-04-13 15:47:01,582][0m Trial 397 finished with value: 0.7468940594221912 and parameters: {'n_estimators': 137, 'min_samples_split': 0.19322092100299273, 'min_samples_leaf': 0.040693685816155775, 'min_weight_fraction_leaf': 0.04770263876163227, 'max_features': 0.5668650486377912, 'bootstrap': False, 'max_samples': 0.7345771241252417}. Best is trial 88 with value: 0.7533408627023566.[0m
[32m[I 2022-04-13 15:47:09,002][0m Trial 398 finished with value: 0.684073265106152 and parameters: {'n_estimators': 507, 'min_samples_split': 0.20793336031490756, 'min_samples_leaf': 0.027448335466246688, 'min_weight_fraction_leaf': 0.2506859564896123, 'max_features': 0.5450378554951437, 'bootstrap': False, 'max_samples': 0.8550770836326064}. Best is trial 88 with value: 0.7533408627023566.[0m
[32m[I 2022-04-13 15:47:21,472][0m Trial 399 finished with value: 0.736846002943092 and parameters: {'n_estimators': 555, 'min_samples_split': 0.14508755999731612, 'min_samples_leaf': 0.0442829006458473, 'min_weight_fraction_leaf': 0.059523493957112386, 'max_features': 0.5742488656353721, 'bootstrap': False, 'max_samples': 0.6764909060764831}. Best is trial 88 with value: 0.7533408627023566.[0m
[32m[I 2022-04-13 15:47:30,681][0m Trial 400 finished with value: 0.74455233896953 and parameters: {'n_estimators': 526, 'min_samples_split': 0.28364984252641323, 'min_samples_leaf': 0.03491102364547588, 'min_weight_fraction_leaf': 0.06843130330350755, 'max_features': 0.5976991545497556, 'bootstrap': False, 'max_samples': 0.7621460541099034}. Best is trial 88 with value: 0.7533408627023566.[0m
