[32m[I 2022-04-13 12:23:33,126][0m Trial 270 finished with value: 0.8709216139019909 and parameters: {'n_estimators': 575, 'min_samples_split': 0.3013713817643889, 'min_samples_leaf': 0.036161237941891335, 'min_weight_fraction_leaf': 0.06676327867451658, 'max_features': 0.5561401213813061, 'bootstrap': False, 'max_samples': 0.7461657324916952}. Best is trial 113 with value: 0.8765162386776881.[0m
[32m[I 2022-04-13 12:23:43,959][0m Trial 271 finished with value: 0.8704391038100573 and parameters: {'n_estimators': 590, 'min_samples_split': 0.28688118184888206, 'min_samples_leaf': 0.028233008851101374, 'min_weight_fraction_leaf': 0.0990458648050831, 'max_features': 0.5609160838678107, 'bootstrap': False, 'max_samples': 0.7581552892904122}. Best is trial 113 with value: 0.8765162386776881.[0m
[32m[I 2022-04-13 12:23:56,320][0m Trial 272 finished with value: 0.8723163797330589 and parameters: {'n_estimators': 561, 'min_samples_split': 0.2511297937876779, 'min_samples_leaf': 0.01050361700858151, 'min_weight_fraction_leaf': 0.04329066311378842, 'max_features': 0.534769037469738, 'bootstrap': False, 'max_samples': 0.7262700357669101}. Best is trial 113 with value: 0.8765162386776881.[0m
[32m[I 2022-04-13 12:24:08,901][0m Trial 273 finished with value: 0.875510106789398 and parameters: {'n_estimators': 635, 'min_samples_split': 0.26418791140463066, 'min_samples_leaf': 0.0010122850734422652, 'min_weight_fraction_leaf': 0.05919140232010144, 'max_features': 0.50133039568852, 'bootstrap': False, 'max_samples': 0.7107206184947582}. Best is trial 113 with value: 0.8765162386776881.[0m
[32m[I 2022-04-13 12:24:21,437][0m Trial 274 finished with value: 0.866539003713355 and parameters: {'n_estimators': 659, 'min_samples_split': 0.2589822090913544, 'min_samples_leaf': 0.004176761590762586, 'min_weight_fraction_leaf': 0.08487705348558183, 'max_features': 0.4667440653214465, 'bootstrap': False, 'max_samples': 0.7130785376326166}. Best is trial 113 with value: 0.8765162386776881.[0m
[32m[I 2022-04-13 12:24:33,352][0m Trial 275 finished with value: 0.8662360672714161 and parameters: {'n_estimators': 631, 'min_samples_split': 0.2672931473283369, 'min_samples_leaf': 0.0023184748216278778, 'min_weight_fraction_leaf': 0.04820079170237381, 'max_features': 0.4940932173925296, 'bootstrap': False, 'max_samples': 0.7346929018341524}. Best is trial 113 with value: 0.8765162386776881.[0m
[32m[I 2022-04-13 12:24:46,145][0m Trial 276 finished with value: 0.871151904752318 and parameters: {'n_estimators': 612, 'min_samples_split': 0.25024986905326935, 'min_samples_leaf': 0.010490987502091024, 'min_weight_fraction_leaf': 0.03898277391571226, 'max_features': 0.5620825820249495, 'bootstrap': False, 'max_samples': 0.7536746183732177}. Best is trial 113 with value: 0.8765162386776881.[0m
[32m[I 2022-04-13 12:24:55,662][0m Trial 277 finished with value: 0.8689400863974004 and parameters: {'n_estimators': 594, 'min_samples_split': 0.28516305830968486, 'min_samples_leaf': 0.0257337369846759, 'min_weight_fraction_leaf': 0.1493940434922903, 'max_features': 0.5455929658513816, 'bootstrap': False, 'max_samples': 0.7122624423661452}. Best is trial 113 with value: 0.8765162386776881.[0m
[32m[I 2022-04-13 12:25:09,707][0m Trial 278 finished with value: 0.8725641555301202 and parameters: {'n_estimators': 648, 'min_samples_split': 0.25939188845607436, 'min_samples_leaf': 0.010403225327185728, 'min_weight_fraction_leaf': 0.06363055446954324, 'max_features': 0.5697704878557746, 'bootstrap': False, 'max_samples': 0.6578222592309135}. Best is trial 113 with value: 0.8765162386776881.[0m
[32m[I 2022-04-13 12:25:22,009][0m Trial 279 finished with value: 0.8717313635138437 and parameters: {'n_estimators': 558, 'min_samples_split': 0.2753247423259941, 'min_samples_leaf': 0.019529647570966088, 'min_weight_fraction_leaf': 0.07630523106482578, 'max_features': 0.506334558503631, 'bootstrap': False, 'max_samples': 0.7302747276303417}. Best is trial 113 with value: 0.8765162386776881.[0m
[32m[I 2022-04-13 12:25:32,700][0m Trial 280 finished with value: 0.8735971199028748 and parameters: {'n_estimators': 594, 'min_samples_split': 0.29619071411648257, 'min_samples_leaf': 0.0015026467164349535, 'min_weight_fraction_leaf': 0.052411334573232056, 'max_features': 0.5779911107838952, 'bootstrap': False, 'max_samples': 0.7020337620487567}. Best is trial 113 with value: 0.8765162386776881.[0m
[32m[I 2022-04-13 12:25:43,762][0m Trial 281 finished with value: 0.873729962625579 and parameters: {'n_estimators': 625, 'min_samples_split': 0.2666917626437001, 'min_samples_leaf': 0.04250720511067795, 'min_weight_fraction_leaf': 0.0403920932319205, 'max_features': 0.5517517691632864, 'bootstrap': False, 'max_samples': 0.7672825767071597}. Best is trial 113 with value: 0.8765162386776881.[0m
[32m[I 2022-04-13 12:25:54,804][0m Trial 282 finished with value: 0.8722761694847649 and parameters: {'n_estimators': 564, 'min_samples_split': 0.2802692568879542, 'min_samples_leaf': 0.02889812109099535, 'min_weight_fraction_leaf': 0.06843393017213259, 'max_features': 0.5871666507650547, 'bootstrap': False, 'max_samples': 0.6775413909495037}. Best is trial 113 with value: 0.8765162386776881.[0m
[32m[I 2022-04-13 12:26:13,874][0m Trial 283 finished with value: 0.8697283975643743 and parameters: {'n_estimators': 665, 'min_samples_split': 0.008919694422402119, 'min_samples_leaf': 0.0116003838557153, 'min_weight_fraction_leaf': 0.05281337132220586, 'max_features': 0.534921167274142, 'bootstrap': True, 'max_samples': 0.7448224093693022, 'oob_score': True}. Best is trial 113 with value: 0.8765162386776881.[0m
[32m[I 2022-04-13 12:26:27,828][0m Trial 284 finished with value: 0.8709243580550184 and parameters: {'n_estimators': 551, 'min_samples_split': 0.24643873832067986, 'min_samples_leaf': 0.0011627982594406665, 'min_weight_fraction_leaf': 0.025212728796180726, 'max_features': 0.560081470819802, 'bootstrap': False, 'max_samples': 0.7145800320952441}. Best is trial 113 with value: 0.8765162386776881.[0m
[32m[I 2022-04-13 12:26:34,720][0m Trial 285 finished with value: 0.8121829216085704 and parameters: {'n_estimators': 589, 'min_samples_split': 0.25885252848918827, 'min_samples_leaf': 0.3316868256884181, 'min_weight_fraction_leaf': 0.22835754237349776, 'max_features': 0.6018089901587536, 'bootstrap': False, 'max_samples': 0.6932670082378165}. Best is trial 113 with value: 0.8765162386776881.[0m
[32m[I 2022-04-13 12:26:45,845][0m Trial 286 finished with value: 0.8680512011941179 and parameters: {'n_estimators': 630, 'min_samples_split': 0.29025819522567536, 'min_samples_leaf': 0.019796214699429524, 'min_weight_fraction_leaf': 0.03393179901183337, 'max_features': 0.4973841858646077, 'bootstrap': False, 'max_samples': 0.7251529187829058}. Best is trial 113 with value: 0.8765162386776881.[0m
[32m[I 2022-04-13 12:26:56,374][0m Trial 287 finished with value: 0.8755879471378358 and parameters: {'n_estimators': 539, 'min_samples_split': 0.27240712534864164, 'min_samples_leaf': 0.027427749610937326, 'min_weight_fraction_leaf': 0.06271787669750814, 'max_features': 0.5716720483636305, 'bootstrap': False, 'max_samples': 0.6608556678245859}. Best is trial 113 with value: 0.8765162386776881.[0m
[32m[I 2022-04-13 12:27:06,245][0m Trial 288 finished with value: 0.8672678704745891 and parameters: {'n_estimators': 496, 'min_samples_split': 0.26716273250439, 'min_samples_leaf': 0.04621231550929006, 'min_weight_fraction_leaf': 0.08520801244233017, 'max_features': 0.5421308043596021, 'bootstrap': False, 'max_samples': 0.6478301795286991}. Best is trial 113 with value: 0.8765162386776881.[0m
[32m[I 2022-04-13 12:27:17,009][0m Trial 289 finished with value: 0.871849401748461 and parameters: {'n_estimators': 579, 'min_samples_split': 0.30270790735409975, 'min_samples_leaf': 0.023521700242531935, 'min_weight_fraction_leaf': 0.06267867145617213, 'max_features': 0.5778933133618522, 'bootstrap': False, 'max_samples': 0.6628162105761355}. Best is trial 113 with value: 0.8765162386776881.[0m
[32m[I 2022-04-13 12:27:26,359][0m Trial 290 finished with value: 0.8717313635138437 and parameters: {'n_estimators': 526, 'min_samples_split': 0.27605948537880876, 'min_samples_leaf': 0.013203646798538714, 'min_weight_fraction_leaf': 0.07392610129421244, 'max_features': 0.519957718617677, 'bootstrap': False, 'max_samples': 0.6727234346751757}. Best is trial 113 with value: 0.8765162386776881.[0m
[32m[I 2022-04-13 12:27:35,486][0m Trial 291 finished with value: 0.8662126432398439 and parameters: {'n_estimators': 539, 'min_samples_split': 0.28592653315086564, 'min_samples_leaf': 0.031580852144512304, 'min_weight_fraction_leaf': 0.047970072266464284, 'max_features': 0.4407040265336107, 'bootstrap': False, 'max_samples': 0.6953690997218241}. Best is trial 113 with value: 0.8765162386776881.[0m
[32m[I 2022-04-13 12:27:44,800][0m Trial 292 finished with value: 0.8689694409899855 and parameters: {'n_estimators': 606, 'min_samples_split': 0.2542290888503734, 'min_samples_leaf': 0.04127160932891467, 'min_weight_fraction_leaf': 0.05781290836952857, 'max_features': 0.4784256081672211, 'bootstrap': False, 'max_samples': 0.7459184231742428}. Best is trial 113 with value: 0.8765162386776881.[0m
[32m[I 2022-04-13 12:27:54,633][0m Trial 293 finished with value: 0.871222477808441 and parameters: {'n_estimators': 547, 'min_samples_split': 0.2678700299426362, 'min_samples_leaf': 0.055611397404379495, 'min_weight_fraction_leaf': 0.07328925921532914, 'max_features': 0.6042322774071868, 'bootstrap': False, 'max_samples': 0.6543279326475979}. Best is trial 113 with value: 0.8765162386776881.[0m
[32m[I 2022-04-13 12:28:08,091][0m Trial 294 finished with value: 0.8745952619083155 and parameters: {'n_estimators': 674, 'min_samples_split': 0.2791332624656875, 'min_samples_leaf': 0.0013359787365667761, 'min_weight_fraction_leaf': 0.042635138667610685, 'max_features': 0.5628183809480163, 'bootstrap': False, 'max_samples': 0.6785762652467516}. Best is trial 113 with value: 0.8765162386776881.[0m
[32m[I 2022-04-13 12:28:19,103][0m Trial 295 finished with value: 0.8719313501189937 and parameters: {'n_estimators': 575, 'min_samples_split': 0.2461545853205988, 'min_samples_leaf': 0.017732267010216057, 'min_weight_fraction_leaf': 0.06354130321122842, 'max_features': 0.5422298308192989, 'bootstrap': False, 'max_samples': 0.7078298663495955}. Best is trial 113 with value: 0.8765162386776881.[0m
[32m[I 2022-04-13 12:28:28,776][0m Trial 296 finished with value: 0.8694179353759065 and parameters: {'n_estimators': 504, 'min_samples_split': 0.25864768999863064, 'min_samples_leaf': 0.03327471549898323, 'min_weight_fraction_leaf': 0.008619867323096924, 'max_features': 0.5125926417983726, 'bootstrap': False, 'max_samples': 0.6400957302182904}. Best is trial 113 with value: 0.8765162386776881.[0m
[32m[I 2022-04-13 12:28:37,746][0m Trial 297 finished with value: 0.835544900535974 and parameters: {'n_estimators': 633, 'min_samples_split': 0.2725858763431638, 'min_samples_leaf': 0.02896783010362842, 'min_weight_fraction_leaf': 0.28491458276547704, 'max_features': 0.5759897362385924, 'bootstrap': False, 'max_samples': 0.7721373104480078}. Best is trial 113 with value: 0.8765162386776881.[0m
[32m[I 2022-04-13 12:28:50,307][0m Trial 298 finished with value: 0.873729962625579 and parameters: {'n_estimators': 606, 'min_samples_split': 0.2650609055320465, 'min_samples_leaf': 0.046874907019217, 'min_weight_fraction_leaf': 0.03223115590269195, 'max_features': 0.526434406226221, 'bootstrap': False, 'max_samples': 0.7283173128745425}. Best is trial 113 with value: 0.8765162386776881.[0m
[32m[I 2022-04-13 12:29:01,808][0m Trial 299 finished with value: 0.8718811622087829 and parameters: {'n_estimators': 549, 'min_samples_split': 0.2913664614769727, 'min_samples_leaf': 0.010652961298902787, 'min_weight_fraction_leaf': 0.05313629682433713, 'max_features': 0.5597240925618484, 'bootstrap': False, 'max_samples': 0.6678949948091835}. Best is trial 113 with value: 0.8765162386776881.[0m
[32m[I 2022-04-13 12:29:08,114][0m Trial 300 finished with value: 0.7845577428893459 and parameters: {'n_estimators': 650, 'min_samples_split': 0.2736209338883759, 'min_samples_leaf': 0.40299828078736394, 'min_weight_fraction_leaf': 0.10705116816647794, 'max_features': 0.497453243578796, 'bootstrap': False, 'max_samples': 0.7000228887601542}. Best is trial 113 with value: 0.8765162386776881.[0m
[32m[I 2022-04-13 12:29:19,130][0m Trial 301 finished with value: 0.8705425642400652 and parameters: {'n_estimators': 577, 'min_samples_split': 0.254737190252148, 'min_samples_leaf': 0.020381426539891282, 'min_weight_fraction_leaf': 0.08027945697247163, 'max_features': 0.5900891408999175, 'bootstrap': False, 'max_samples': 0.67985955641395}. Best is trial 113 with value: 0.8765162386776881.[0m
[32m[I 2022-04-13 12:29:28,351][0m Trial 302 finished with value: 0.8699408888614231 and parameters: {'n_estimators': 511, 'min_samples_split': 0.3073592648402652, 'min_samples_leaf': 0.008814229645685057, 'min_weight_fraction_leaf': 0.06370120734264431, 'max_features': 0.600952338993194, 'bootstrap': False, 'max_samples': 0.7186577977567585}. Best is trial 113 with value: 0.8765162386776881.[0m
[32m[I 2022-04-13 12:29:38,546][0m Trial 303 finished with value: 0.871151904752318 and parameters: {'n_estimators': 485, 'min_samples_split': 0.24307869459068984, 'min_samples_leaf': 0.03699151857337271, 'min_weight_fraction_leaf': 0.018197174008632265, 'max_features': 0.6124187998772618, 'bootstrap': False, 'max_samples': 0.6962924743428492}. Best is trial 113 with value: 0.8765162386776881.[0m
[32m[I 2022-04-13 12:29:46,853][0m Trial 304 finished with value: 0.8666103344732111 and parameters: {'n_estimators': 544, 'min_samples_split': 0.28550782002167574, 'min_samples_leaf': 0.027892186133242697, 'min_weight_fraction_leaf': 0.052577322884093704, 'max_features': 0.5442902232285987, 'bootstrap': True, 'max_samples': 0.6590253618739281, 'oob_score': False}. Best is trial 113 with value: 0.8765162386776881.[0m
[32m[I 2022-04-13 12:29:56,932][0m Trial 305 finished with value: 0.8717313635138437 and parameters: {'n_estimators': 564, 'min_samples_split': 0.2652665731754895, 'min_samples_leaf': 0.05869147095342153, 'min_weight_fraction_leaf': 0.0670960530215393, 'max_features': 0.5789639690264334, 'bootstrap': False, 'max_samples': 0.6401873685031081}. Best is trial 113 with value: 0.8765162386776881.[0m
[32m[I 2022-04-13 12:30:09,531][0m Trial 306 finished with value: 0.871039742714571 and parameters: {'n_estimators': 606, 'min_samples_split': 0.27595777127273746, 'min_samples_leaf': 0.03917676387891008, 'min_weight_fraction_leaf': 0.03913485446253785, 'max_features': 0.5640500057682215, 'bootstrap': False, 'max_samples': 0.7523571088564214}. Best is trial 113 with value: 0.8765162386776881.[0m
[32m[I 2022-04-13 12:30:18,176][0m Trial 307 finished with value: 0.8652484213571301 and parameters: {'n_estimators': 526, 'min_samples_split': 0.29571423524658363, 'min_samples_leaf': 0.02136345078912366, 'min_weight_fraction_leaf': 0.08582958806904464, 'max_features': 0.4690577956756883, 'bootstrap': False, 'max_samples': 0.7021221936381229}. Best is trial 113 with value: 0.8765162386776881.[0m
[32m[I 2022-04-13 12:30:32,011][0m Trial 308 finished with value: 0.8556356099129518 and parameters: {'n_estimators': 566, 'min_samples_split': 0.2584485711483589, 'min_samples_leaf': 0.050241401181299744, 'min_weight_fraction_leaf': 0.05849821141183997, 'max_features': 0.9182518638213435, 'bootstrap': False, 'max_samples': 0.7354058403268695}. Best is trial 113 with value: 0.8765162386776881.[0m
[32m[I 2022-04-13 12:30:44,599][0m Trial 309 finished with value: 0.8716894434309242 and parameters: {'n_estimators': 693, 'min_samples_split': 0.2837413767820911, 'min_samples_leaf': 0.001040306924154668, 'min_weight_fraction_leaf': 0.07241558853844322, 'max_features': 0.5158099371282044, 'bootstrap': False, 'max_samples': 0.6791586150393414}. Best is trial 113 with value: 0.8765162386776881.[0m
[32m[I 2022-04-13 12:30:56,925][0m Trial 310 finished with value: 0.871039742714571 and parameters: {'n_estimators': 630, 'min_samples_split': 0.26943828403912856, 'min_samples_leaf': 0.02751545960094643, 'min_weight_fraction_leaf': 0.024882515388924165, 'max_features': 0.5321067423995494, 'bootstrap': False, 'max_samples': 0.7180196462488526}. Best is trial 113 with value: 0.8765162386776881.[0m
[32m[I 2022-04-13 12:31:08,522][0m Trial 311 finished with value: 0.8736788983576027 and parameters: {'n_estimators': 598, 'min_samples_split': 0.2527062785604699, 'min_samples_leaf': 0.019465905736059944, 'min_weight_fraction_leaf': 0.04343773976100046, 'max_features': 0.5950800936576263, 'bootstrap': False, 'max_samples': 0.7690052854013999}. Best is trial 113 with value: 0.8765162386776881.[0m
[32m[I 2022-04-13 12:31:21,718][0m Trial 312 finished with value: 0.873729962625579 and parameters: {'n_estimators': 654, 'min_samples_split': 0.2730543694421367, 'min_samples_leaf': 0.010786212079859782, 'min_weight_fraction_leaf': 0.05174401409741246, 'max_features': 0.5519142666836993, 'bootstrap': False, 'max_samples': 0.6575250933365789}. Best is trial 113 with value: 0.8765162386776881.[0m
[32m[I 2022-04-13 12:31:32,882][0m Trial 313 finished with value: 0.8734898318407401 and parameters: {'n_estimators': 581, 'min_samples_split': 0.2619703378146035, 'min_samples_leaf': 0.040782244394748327, 'min_weight_fraction_leaf': 0.033774003651580495, 'max_features': 0.5736479961698228, 'bootstrap': False, 'max_samples': 0.7398297718930312}. Best is trial 113 with value: 0.8765162386776881.[0m
[32m[I 2022-04-13 12:31:43,420][0m Trial 314 finished with value: 0.8682918850123753 and parameters: {'n_estimators': 621, 'min_samples_split': 0.24115644647336074, 'min_samples_leaf': 0.032737204508652196, 'min_weight_fraction_leaf': 0.01220997429369948, 'max_features': 0.48960613981073087, 'bootstrap': False, 'max_samples': 0.7186417712581176}. Best is trial 113 with value: 0.8765162386776881.[0m
[32m[I 2022-04-13 12:31:52,926][0m Trial 315 finished with value: 0.873788069974875 and parameters: {'n_estimators': 519, 'min_samples_split': 0.2976637447077613, 'min_samples_leaf': 0.01172240995476782, 'min_weight_fraction_leaf': 0.0472284294338911, 'max_features': 0.615810548818068, 'bootstrap': False, 'max_samples': 0.6844889707252441}. Best is trial 113 with value: 0.8765162386776881.[0m
[32m[I 2022-04-13 12:32:02,041][0m Trial 316 finished with value: 0.8747781975259828 and parameters: {'n_estimators': 486, 'min_samples_split': 0.2788684116552184, 'min_samples_leaf': 0.025497431201844167, 'min_weight_fraction_leaf': 0.061113920280472064, 'max_features': 0.5084358061739703, 'bootstrap': False, 'max_samples': 0.7019523896092319}. Best is trial 113 with value: 0.8765162386776881.[0m
[32m[I 2022-04-13 12:32:12,397][0m Trial 317 finished with value: 0.8748738351372113 and parameters: {'n_estimators': 535, 'min_samples_split': 0.28823117232395834, 'min_samples_leaf': 0.0011163501206445192, 'min_weight_fraction_leaf': 0.04176821717793507, 'max_features': 0.5356672520473997, 'bootstrap': False, 'max_samples': 0.6379815491535993}. Best is trial 113 with value: 0.8765162386776881.[0m
[32m[I 2022-04-13 12:32:22,409][0m Trial 318 finished with value: 0.8760783367918913 and parameters: {'n_estimators': 556, 'min_samples_split': 0.2830076135939801, 'min_samples_leaf': 0.014729019940696262, 'min_weight_fraction_leaf': 0.05706089407520877, 'max_features': 0.5593068809512832, 'bootstrap': False, 'max_samples': 0.7821312716884146}. Best is trial 113 with value: 0.8765162386776881.[0m
[32m[I 2022-04-13 12:32:31,311][0m Trial 319 finished with value: 0.8691324600336852 and parameters: {'n_estimators': 527, 'min_samples_split': 0.306951223839682, 'min_samples_leaf': 0.01028111708302849, 'min_weight_fraction_leaf': 0.06840472158308399, 'max_features': 0.5518167158275695, 'bootstrap': False, 'max_samples': 0.7836938032065472}. Best is trial 113 with value: 0.8765162386776881.[0m
[32m[I 2022-04-13 12:32:43,403][0m Trial 320 finished with value: 0.8704905685450258 and parameters: {'n_estimators': 675, 'min_samples_split': 0.290188516196816, 'min_samples_leaf': 0.017342887884821474, 'min_weight_fraction_leaf': 0.07868875021871215, 'max_features': 0.5854440045542834, 'bootstrap': False, 'max_samples': 0.7879895835200912}. Best is trial 113 with value: 0.8765162386776881.[0m
[32m[I 2022-04-13 12:32:53,996][0m Trial 321 finished with value: 0.8760783367918913 and parameters: {'n_estimators': 551, 'min_samples_split': 0.27842782017007756, 'min_samples_leaf': 0.019171851136167328, 'min_weight_fraction_leaf': 0.056720362418052624, 'max_features': 0.5350868173130647, 'bootstrap': False, 'max_samples': 0.6651666125231488}. Best is trial 113 with value: 0.8765162386776881.[0m
[32m[I 2022-04-13 12:33:00,828][0m Trial 322 finished with value: 0.836761602943764 and parameters: {'n_estimators': 597, 'min_samples_split': 0.31819646469444696, 'min_samples_leaf': 0.2344170760660611, 'min_weight_fraction_leaf': 0.060542607922451426, 'max_features': 0.5282129414548651, 'bootstrap': False, 'max_samples': 0.7690469700882155}. Best is trial 113 with value: 0.8765162386776881.[0m
[32m[I 2022-04-13 12:33:11,903][0m Trial 323 finished with value: 0.8679649410339618 and parameters: {'n_estimators': 579, 'min_samples_split': 0.268886139542658, 'min_samples_leaf': 0.01841384449343903, 'min_weight_fraction_leaf': 0.08928535802641273, 'max_features': 0.5090575421275875, 'bootstrap': False, 'max_samples': 0.7540191362132302}. Best is trial 113 with value: 0.8765162386776881.[0m
