[32m[I 2022-04-13 15:13:35,078][0m Trial 185 finished with value: 0.7422618211858519 and parameters: {'n_estimators': 686, 'min_samples_split': 0.1931088575285815, 'min_samples_leaf': 0.005638904606123456, 'min_weight_fraction_leaf': 0.04616329788069454, 'max_features': 0.4099549188060248, 'bootstrap': True, 'max_samples': 0.6558227350042274, 'oob_score': False}. Best is trial 88 with value: 0.7533408627023566.[0m
[32m[I 2022-04-13 15:13:44,401][0m Trial 186 finished with value: 0.7400006174802984 and parameters: {'n_estimators': 630, 'min_samples_split': 0.20853822243074732, 'min_samples_leaf': 0.01155655404202829, 'min_weight_fraction_leaf': 0.026305164074830984, 'max_features': 0.42767483482423685, 'bootstrap': True, 'max_samples': 0.6837677661676744, 'oob_score': False}. Best is trial 88 with value: 0.7533408627023566.[0m
[32m[I 2022-04-13 15:13:57,810][0m Trial 187 finished with value: 0.7461059617484317 and parameters: {'n_estimators': 612, 'min_samples_split': 0.14906982807307165, 'min_samples_leaf': 0.034412909877738714, 'min_weight_fraction_leaf': 0.036465760149828046, 'max_features': 0.3970536751687547, 'bootstrap': False, 'max_samples': 0.6040291354739104}. Best is trial 88 with value: 0.7533408627023566.[0m
[32m[I 2022-04-13 15:14:09,723][0m Trial 188 finished with value: 0.7399049090315957 and parameters: {'n_estimators': 605, 'min_samples_split': 0.15256059822934462, 'min_samples_leaf': 0.044979709321134306, 'min_weight_fraction_leaf': 0.03600775267023376, 'max_features': 0.39217120931450755, 'bootstrap': False, 'max_samples': 0.6297454913028481}. Best is trial 88 with value: 0.7533408627023566.[0m
[32m[I 2022-04-13 15:14:20,838][0m Trial 189 finished with value: 0.7362451147725102 and parameters: {'n_estimators': 555, 'min_samples_split': 0.13202860459259252, 'min_samples_leaf': 0.056954496376409355, 'min_weight_fraction_leaf': 0.05036986419358691, 'max_features': 0.4564906615712249, 'bootstrap': False, 'max_samples': 0.601654773037054}. Best is trial 88 with value: 0.7533408627023566.[0m
[32m[I 2022-04-13 15:14:31,212][0m Trial 190 finished with value: 0.7374185668801914 and parameters: {'n_estimators': 524, 'min_samples_split': 0.1436971496119294, 'min_samples_leaf': 0.0016855659025590865, 'min_weight_fraction_leaf': 0.06141872193131448, 'max_features': 0.43830549978183736, 'bootstrap': False, 'max_samples': 0.6124145503025138}. Best is trial 88 with value: 0.7533408627023566.[0m
[32m[I 2022-04-13 15:14:42,014][0m Trial 191 finished with value: 0.7295291320180723 and parameters: {'n_estimators': 663, 'min_samples_split': 0.16737629637707074, 'min_samples_leaf': 0.03181697684337119, 'min_weight_fraction_leaf': 0.028670159025768242, 'max_features': 0.3718806735630581, 'bootstrap': False, 'max_samples': 0.5449123972872221}. Best is trial 88 with value: 0.7533408627023566.[0m
[32m[I 2022-04-13 15:14:55,354][0m Trial 192 finished with value: 0.7521094581194474 and parameters: {'n_estimators': 616, 'min_samples_split': 0.17918922914078392, 'min_samples_leaf': 0.040011968837959336, 'min_weight_fraction_leaf': 0.03877490800894234, 'max_features': 0.5608403867543507, 'bootstrap': False, 'max_samples': 0.6291316931659038}. Best is trial 88 with value: 0.7533408627023566.[0m
[32m[I 2022-04-13 15:15:07,189][0m Trial 193 finished with value: 0.7463218320017526 and parameters: {'n_estimators': 615, 'min_samples_split': 0.17856726982509843, 'min_samples_leaf': 0.019564583419429425, 'min_weight_fraction_leaf': 0.04064641463054826, 'max_features': 0.3922757246106372, 'bootstrap': False, 'max_samples': 0.6339205293101277}. Best is trial 88 with value: 0.7533408627023566.[0m
[32m[I 2022-04-13 15:15:19,929][0m Trial 194 finished with value: 0.7399049090315957 and parameters: {'n_estimators': 581, 'min_samples_split': 0.15571794169677705, 'min_samples_leaf': 0.018477623889942923, 'min_weight_fraction_leaf': 0.042041629678205156, 'max_features': 0.41263479379477414, 'bootstrap': False, 'max_samples': 0.645346060675192}. Best is trial 88 with value: 0.7533408627023566.[0m
[32m[I 2022-04-13 15:15:33,668][0m Trial 195 finished with value: 0.7480021748208929 and parameters: {'n_estimators': 606, 'min_samples_split': 0.18590524941008515, 'min_samples_leaf': 0.024287879244594118, 'min_weight_fraction_leaf': 0.03694191092922102, 'max_features': 0.5181166851233451, 'bootstrap': False, 'max_samples': 0.5962511575682841}. Best is trial 88 with value: 0.7533408627023566.[0m
[32m[I 2022-04-13 15:15:46,499][0m Trial 196 finished with value: 0.7454574171042936 and parameters: {'n_estimators': 606, 'min_samples_split': 0.18417397416815448, 'min_samples_leaf': 0.012769515088472856, 'min_weight_fraction_leaf': 0.03524071570488882, 'max_features': 0.48979332673638487, 'bootstrap': False, 'max_samples': 0.5967475884016176}. Best is trial 88 with value: 0.7533408627023566.[0m
[32m[I 2022-04-13 15:15:57,807][0m Trial 197 finished with value: 0.7478519530974017 and parameters: {'n_estimators': 591, 'min_samples_split': 0.18938603881860666, 'min_samples_leaf': 0.024764780656605867, 'min_weight_fraction_leaf': 0.05446243223100822, 'max_features': 0.5157879539150336, 'bootstrap': False, 'max_samples': 0.6223607056722008}. Best is trial 88 with value: 0.7533408627023566.[0m
[32m[I 2022-04-13 15:16:08,555][0m Trial 198 finished with value: 0.7478519530974017 and parameters: {'n_estimators': 603, 'min_samples_split': 0.18482515956251502, 'min_samples_leaf': 0.027638742731904965, 'min_weight_fraction_leaf': 0.06444436978018288, 'max_features': 0.5215847272302895, 'bootstrap': False, 'max_samples': 0.6190132108164683}. Best is trial 88 with value: 0.7533408627023566.[0m
[32m[I 2022-04-13 15:16:19,597][0m Trial 199 finished with value: 0.7343045972860766 and parameters: {'n_estimators': 599, 'min_samples_split': 0.18453388739570284, 'min_samples_leaf': 0.026100997100455704, 'min_weight_fraction_leaf': 0.06719524519786656, 'max_features': 0.48372099421120707, 'bootstrap': False, 'max_samples': 0.6078042952943851}. Best is trial 88 with value: 0.7533408627023566.[0m
[32m[I 2022-04-13 15:16:30,268][0m Trial 200 finished with value: 0.746527506687763 and parameters: {'n_estimators': 504, 'min_samples_split': 0.19869196894181407, 'min_samples_leaf': 0.03694214161218996, 'min_weight_fraction_leaf': 0.05874645237010252, 'max_features': 0.531394952782198, 'bootstrap': False, 'max_samples': 0.6223730243558921}. Best is trial 88 with value: 0.7533408627023566.[0m
[32m[I 2022-04-13 15:16:41,350][0m Trial 201 finished with value: 0.7485605218145229 and parameters: {'n_estimators': 496, 'min_samples_split': 0.19648800214484663, 'min_samples_leaf': 0.03838444099144912, 'min_weight_fraction_leaf': 0.058971193830628384, 'max_features': 0.5240534800650513, 'bootstrap': False, 'max_samples': 0.6228885421122308}. Best is trial 88 with value: 0.7533408627023566.[0m
[32m[I 2022-04-13 15:16:52,754][0m Trial 202 finished with value: 0.7325326007483509 and parameters: {'n_estimators': 504, 'min_samples_split': 0.1906847930125798, 'min_samples_leaf': 0.038918730763577936, 'min_weight_fraction_leaf': 0.0806045973763272, 'max_features': 0.513104267088668, 'bootstrap': False, 'max_samples': 0.5967413047796797}. Best is trial 88 with value: 0.7533408627023566.[0m
[32m[I 2022-04-13 15:17:03,078][0m Trial 203 finished with value: 0.745883205125419 and parameters: {'n_estimators': 525, 'min_samples_split': 0.1805590784563747, 'min_samples_leaf': 0.052919584718506704, 'min_weight_fraction_leaf': 0.05873036752356774, 'max_features': 0.5145197780406601, 'bootstrap': False, 'max_samples': 0.6440759460372678}. Best is trial 88 with value: 0.7533408627023566.[0m
[32m[I 2022-04-13 15:17:13,920][0m Trial 204 finished with value: 0.7461462724681197 and parameters: {'n_estimators': 491, 'min_samples_split': 0.1815933372034575, 'min_samples_leaf': 0.06262382321630658, 'min_weight_fraction_leaf': 0.0570095231939871, 'max_features': 0.5220532228523612, 'bootstrap': False, 'max_samples': 0.6519412600388184}. Best is trial 88 with value: 0.7533408627023566.[0m
[32m[I 2022-04-13 15:17:24,554][0m Trial 205 finished with value: 0.7449728203604384 and parameters: {'n_estimators': 523, 'min_samples_split': 0.1776054307026273, 'min_samples_leaf': 0.05442352913963333, 'min_weight_fraction_leaf': 0.06162687198938736, 'max_features': 0.5201023323838467, 'bootstrap': False, 'max_samples': 0.6546886053309138}. Best is trial 88 with value: 0.7533408627023566.[0m
[32m[I 2022-04-13 15:17:34,895][0m Trial 206 finished with value: 0.7418936766924721 and parameters: {'n_estimators': 494, 'min_samples_split': 0.18887441360880694, 'min_samples_leaf': 0.05664353884644907, 'min_weight_fraction_leaf': 0.07732189706370689, 'max_features': 0.5520230857835555, 'bootstrap': False, 'max_samples': 0.6382201022670105}. Best is trial 88 with value: 0.7533408627023566.[0m
[32m[I 2022-04-13 15:17:45,505][0m Trial 207 finished with value: 0.745883205125419 and parameters: {'n_estimators': 487, 'min_samples_split': 0.18111095025479607, 'min_samples_leaf': 0.03133896978982988, 'min_weight_fraction_leaf': 0.05527293291803278, 'max_features': 0.5078428665470365, 'bootstrap': False, 'max_samples': 0.6542389147728954}. Best is trial 88 with value: 0.7533408627023566.[0m
[32m[I 2022-04-13 15:17:54,726][0m Trial 208 finished with value: 0.7332712523525238 and parameters: {'n_estimators': 479, 'min_samples_split': 0.1729997593294714, 'min_samples_leaf': 0.06773836058409888, 'min_weight_fraction_leaf': 0.07258704419887733, 'max_features': 0.5177825944623966, 'bootstrap': False, 'max_samples': 0.6649320695279944}. Best is trial 88 with value: 0.7533408627023566.[0m
[32m[I 2022-04-13 15:18:06,090][0m Trial 209 finished with value: 0.7472822107558676 and parameters: {'n_estimators': 499, 'min_samples_split': 0.1915559691502819, 'min_samples_leaf': 0.0313690904739712, 'min_weight_fraction_leaf': 0.05460469379547836, 'max_features': 0.5334926357692822, 'bootstrap': False, 'max_samples': 0.714906941330125}. Best is trial 88 with value: 0.7533408627023566.[0m
[32m[I 2022-04-13 15:18:15,238][0m Trial 210 finished with value: 0.731080507154378 and parameters: {'n_estimators': 474, 'min_samples_split': 0.19123927723788817, 'min_samples_leaf': 0.035760957403096705, 'min_weight_fraction_leaf': 0.08604082869571004, 'max_features': 0.5204963534589052, 'bootstrap': False, 'max_samples': 0.7169141502601649}. Best is trial 88 with value: 0.7533408627023566.[0m
[32m[I 2022-04-13 15:18:26,594][0m Trial 211 finished with value: 0.7472822107558676 and parameters: {'n_estimators': 511, 'min_samples_split': 0.19659158214367267, 'min_samples_leaf': 0.04852029078050816, 'min_weight_fraction_leaf': 0.05725261719718646, 'max_features': 0.5574809018925588, 'bootstrap': False, 'max_samples': 0.6925754791412592}. Best is trial 88 with value: 0.7533408627023566.[0m
[32m[I 2022-04-13 15:18:37,341][0m Trial 212 finished with value: 0.746527506687763 and parameters: {'n_estimators': 506, 'min_samples_split': 0.1991668964780453, 'min_samples_leaf': 0.029406308828517858, 'min_weight_fraction_leaf': 0.05772918741907725, 'max_features': 0.5610141161235854, 'bootstrap': False, 'max_samples': 0.7055571856870458}. Best is trial 88 with value: 0.7533408627023566.[0m
[32m[I 2022-04-13 15:18:48,271][0m Trial 213 finished with value: 0.7403438548768513 and parameters: {'n_estimators': 495, 'min_samples_split': 0.19941288450444797, 'min_samples_leaf': 0.03031937424364938, 'min_weight_fraction_leaf': 0.06591919360285683, 'max_features': 0.5587662501703695, 'bootstrap': False, 'max_samples': 0.706501365079077}. Best is trial 88 with value: 0.7533408627023566.[0m
[32m[I 2022-04-13 15:18:58,746][0m Trial 214 finished with value: 0.7489688367326514 and parameters: {'n_estimators': 536, 'min_samples_split': 0.19972604046838766, 'min_samples_leaf': 0.0435307129741972, 'min_weight_fraction_leaf': 0.04869352009025339, 'max_features': 0.5329833816403108, 'bootstrap': False, 'max_samples': 0.6782416454565526}. Best is trial 88 with value: 0.7533408627023566.[0m
[32m[I 2022-04-13 15:19:07,150][0m Trial 215 finished with value: 0.7435844067427335 and parameters: {'n_estimators': 432, 'min_samples_split': 0.1992413639026767, 'min_samples_leaf': 0.04297535528479684, 'min_weight_fraction_leaf': 0.04899300274753848, 'max_features': 0.5340711260364013, 'bootstrap': False, 'max_samples': 0.6913017073409533}. Best is trial 88 with value: 0.7533408627023566.[0m
[32m[I 2022-04-13 15:19:17,720][0m Trial 216 finished with value: 0.7507747904098834 and parameters: {'n_estimators': 546, 'min_samples_split': 0.19701756220675812, 'min_samples_leaf': 0.04242453240906428, 'min_weight_fraction_leaf': 0.04783305862368023, 'max_features': 0.5749019003046348, 'bootstrap': False, 'max_samples': 0.6866163562636469}. Best is trial 88 with value: 0.7533408627023566.[0m
[32m[I 2022-04-13 15:19:29,890][0m Trial 217 finished with value: 0.7506771206008374 and parameters: {'n_estimators': 536, 'min_samples_split': 0.1704481681018484, 'min_samples_leaf': 0.02786583211432618, 'min_weight_fraction_leaf': 0.05186216026696018, 'max_features': 0.5715718184300961, 'bootstrap': False, 'max_samples': 0.7372143895948158}. Best is trial 88 with value: 0.7533408627023566.[0m
[32m[I 2022-04-13 15:19:42,509][0m Trial 218 finished with value: 0.7392172343545507 and parameters: {'n_estimators': 534, 'min_samples_split': 0.17277735420076087, 'min_samples_leaf': 0.02583823245675834, 'min_weight_fraction_leaf': 0.07034911252408604, 'max_features': 0.5736661445508467, 'bootstrap': False, 'max_samples': 0.7298805571458368}. Best is trial 88 with value: 0.7533408627023566.[0m
[32m[I 2022-04-13 15:19:52,776][0m Trial 219 finished with value: 0.753329816702875 and parameters: {'n_estimators': 507, 'min_samples_split': 0.19117149196810734, 'min_samples_leaf': 0.04015933538439298, 'min_weight_fraction_leaf': 0.04944673483529316, 'max_features': 0.5505740378003323, 'bootstrap': False, 'max_samples': 0.6850140421226376}. Best is trial 88 with value: 0.7533408627023566.[0m
[32m[I 2022-04-13 15:20:03,629][0m Trial 220 finished with value: 0.7520531014685385 and parameters: {'n_estimators': 544, 'min_samples_split': 0.19089070434988936, 'min_samples_leaf': 0.0395812978763116, 'min_weight_fraction_leaf': 0.04986887750829865, 'max_features': 0.5541112143396114, 'bootstrap': False, 'max_samples': 0.7116084940442264}. Best is trial 88 with value: 0.7533408627023566.[0m
[32m[I 2022-04-13 15:20:14,897][0m Trial 221 finished with value: 0.7520531014685385 and parameters: {'n_estimators': 544, 'min_samples_split': 0.1904558038569919, 'min_samples_leaf': 0.040767216014555255, 'min_weight_fraction_leaf': 0.04916301937555558, 'max_features': 0.5484292303954182, 'bootstrap': False, 'max_samples': 0.7094345498320576}. Best is trial 88 with value: 0.7533408627023566.[0m
[32m[I 2022-04-13 15:20:26,800][0m Trial 222 finished with value: 0.7520515056442197 and parameters: {'n_estimators': 549, 'min_samples_split': 0.1932284187211491, 'min_samples_leaf': 0.04403663869295938, 'min_weight_fraction_leaf': 0.05155459944597516, 'max_features': 0.5505246826333949, 'bootstrap': False, 'max_samples': 0.7077344772259387}. Best is trial 88 with value: 0.7533408627023566.[0m
[32m[I 2022-04-13 15:20:38,636][0m Trial 223 finished with value: 0.7486322472400786 and parameters: {'n_estimators': 547, 'min_samples_split': 0.20545732803037192, 'min_samples_leaf': 0.043456829555390084, 'min_weight_fraction_leaf': 0.04897692792120231, 'max_features': 0.5497107130261345, 'bootstrap': False, 'max_samples': 0.7469485307834836}. Best is trial 88 with value: 0.7533408627023566.[0m
[32m[I 2022-04-13 15:20:49,676][0m Trial 224 finished with value: 0.7507747904098834 and parameters: {'n_estimators': 546, 'min_samples_split': 0.18987776389745964, 'min_samples_leaf': 0.04181237741322116, 'min_weight_fraction_leaf': 0.05011783806050849, 'max_features': 0.5444775861290756, 'bootstrap': False, 'max_samples': 0.729868997685589}. Best is trial 88 with value: 0.7533408627023566.[0m
[32m[I 2022-04-13 15:21:00,439][0m Trial 225 finished with value: 0.753329816702875 and parameters: {'n_estimators': 531, 'min_samples_split': 0.19207332515078968, 'min_samples_leaf': 0.04494530528164339, 'min_weight_fraction_leaf': 0.04934148495992987, 'max_features': 0.5420828750076188, 'bootstrap': False, 'max_samples': 0.7368655475914884}. Best is trial 88 with value: 0.7533408627023566.[0m
[32m[I 2022-04-13 15:21:09,422][0m Trial 226 finished with value: 0.737539407972114 and parameters: {'n_estimators': 555, 'min_samples_split': 0.3967223773514895, 'min_samples_leaf': 0.04674571166106477, 'min_weight_fraction_leaf': 0.04997022167502951, 'max_features': 0.5494449326036801, 'bootstrap': False, 'max_samples': 0.7163409127081297}. Best is trial 88 with value: 0.7533408627023566.[0m
[32m[I 2022-04-13 15:21:21,908][0m Trial 227 finished with value: 0.7520515056442197 and parameters: {'n_estimators': 549, 'min_samples_split': 0.19095700339975685, 'min_samples_leaf': 0.04364729595038398, 'min_weight_fraction_leaf': 0.04886953113457881, 'max_features': 0.5421978080433976, 'bootstrap': False, 'max_samples': 0.7444853440620782}. Best is trial 88 with value: 0.7533408627023566.[0m
[32m[I 2022-04-13 15:21:33,631][0m Trial 228 finished with value: 0.7489688367326514 and parameters: {'n_estimators': 533, 'min_samples_split': 0.20751548280682997, 'min_samples_leaf': 0.04789909419221934, 'min_weight_fraction_leaf': 0.04725153949841928, 'max_features': 0.5842638455539289, 'bootstrap': False, 'max_samples': 0.754872258867143}. Best is trial 88 with value: 0.7533408627023566.[0m
[32m[I 2022-04-13 15:21:44,747][0m Trial 229 finished with value: 0.745842758985695 and parameters: {'n_estimators': 545, 'min_samples_split': 0.20742425891116842, 'min_samples_leaf': 0.0633417747841944, 'min_weight_fraction_leaf': 0.046309275689513894, 'max_features': 0.5865888685823635, 'bootstrap': False, 'max_samples': 0.7496480814625412}. Best is trial 88 with value: 0.7533408627023566.[0m
[32m[I 2022-04-13 15:21:49,898][0m Trial 230 finished with value: 0.6832859450864409 and parameters: {'n_estimators': 544, 'min_samples_split': 0.20640620698055692, 'min_samples_leaf': 0.2451831644405944, 'min_weight_fraction_leaf': 0.07034763574477226, 'max_features': 0.5481692134805812, 'bootstrap': False, 'max_samples': 0.7535962704989639}. Best is trial 88 with value: 0.7533408627023566.[0m
[32m[I 2022-04-13 15:22:01,375][0m Trial 231 finished with value: 0.7507747904098834 and parameters: {'n_estimators': 560, 'min_samples_split': 0.19134714686978777, 'min_samples_leaf': 0.04089355662160478, 'min_weight_fraction_leaf': 0.04468275452071355, 'max_features': 0.5409393228255115, 'bootstrap': False, 'max_samples': 0.7402171513856873}. Best is trial 88 with value: 0.7533408627023566.[0m
[32m[I 2022-04-13 15:22:11,150][0m Trial 232 finished with value: 0.7507747904098834 and parameters: {'n_estimators': 559, 'min_samples_split': 0.19178670109096294, 'min_samples_leaf': 0.044506453926789785, 'min_weight_fraction_leaf': 0.04695366345431196, 'max_features': 0.5681078592353654, 'bootstrap': False, 'max_samples': 0.7350357108276917}. Best is trial 88 with value: 0.7533408627023566.[0m
[32m[I 2022-04-13 15:22:23,135][0m Trial 233 finished with value: 0.7497570189990779 and parameters: {'n_estimators': 552, 'min_samples_split': 0.1885474261875879, 'min_samples_leaf': 0.04467774941021565, 'min_weight_fraction_leaf': 0.04670146804276046, 'max_features': 0.5722204656831723, 'bootstrap': False, 'max_samples': 0.7496026248579194}. Best is trial 88 with value: 0.7533408627023566.[0m
[32m[I 2022-04-13 15:22:36,359][0m Trial 234 finished with value: 0.7487082970848016 and parameters: {'n_estimators': 564, 'min_samples_split': 0.19435607923074757, 'min_samples_leaf': 0.04604690894011058, 'min_weight_fraction_leaf': 0.047345049155436886, 'max_features': 0.5761783700837104, 'bootstrap': False, 'max_samples': 0.7364949036621109}. Best is trial 88 with value: 0.7533408627023566.[0m
[32m[I 2022-04-13 15:22:48,426][0m Trial 235 finished with value: 0.7507747904098834 and parameters: {'n_estimators': 561, 'min_samples_split': 0.1902653306763756, 'min_samples_leaf': 0.050126221134360015, 'min_weight_fraction_leaf': 0.047198994926457974, 'max_features': 0.5817657460397447, 'bootstrap': False, 'max_samples': 0.7432350305103343}. Best is trial 88 with value: 0.7533408627023566.[0m
[32m[I 2022-04-13 15:22:59,597][0m Trial 236 finished with value: 0.743014711229933 and parameters: {'n_estimators': 560, 'min_samples_split': 0.18643486345915938, 'min_samples_leaf': 0.06822867463357196, 'min_weight_fraction_leaf': 0.04635704404534535, 'max_features': 0.5769006092499301, 'bootstrap': False, 'max_samples': 0.7412185434333861}. Best is trial 88 with value: 0.7533408627023566.[0m
[32m[I 2022-04-13 15:23:10,946][0m Trial 237 finished with value: 0.7472822107558676 and parameters: {'n_estimators': 538, 'min_samples_split': 0.18969595537374698, 'min_samples_leaf': 0.054178733668694135, 'min_weight_fraction_leaf': 0.04853443162364562, 'max_features': 0.5663732830378104, 'bootstrap': False, 'max_samples': 0.7637972598378967}. Best is trial 88 with value: 0.7533408627023566.[0m
[32m[I 2022-04-13 15:23:22,060][0m Trial 238 finished with value: 0.7487082970848016 and parameters: {'n_estimators': 568, 'min_samples_split': 0.1920897173231674, 'min_samples_leaf': 0.04596280016374, 'min_weight_fraction_leaf': 0.04846081790265263, 'max_features': 0.605787041781846, 'bootstrap': False, 'max_samples': 0.733849472216236}. Best is trial 88 with value: 0.7533408627023566.[0m
