[32m[I 2022-04-13 16:53:23,526][0m Trial 833 finished with value: 0.7362340687730287 and parameters: {'n_estimators': 494, 'min_samples_split': 0.14130833661982414, 'min_samples_leaf': 0.031111963042503923, 'min_weight_fraction_leaf': 0.06460975681900705, 'max_features': 0.4858048259453429, 'bootstrap': False, 'max_samples': 0.7547695925100835}. Best is trial 647 with value: 0.7566204211119171.[0m
[32m[I 2022-04-13 16:53:31,961][0m Trial 834 finished with value: 0.7433707735706301 and parameters: {'n_estimators': 407, 'min_samples_split': 0.2008954586045689, 'min_samples_leaf': 0.04067427386806241, 'min_weight_fraction_leaf': 0.014932476349976166, 'max_features': 0.6161592333297611, 'bootstrap': False, 'max_samples': 0.7134727284550901}. Best is trial 647 with value: 0.7566204211119171.[0m
[32m[I 2022-04-13 16:53:43,667][0m Trial 835 finished with value: 0.7322426939189725 and parameters: {'n_estimators': 767, 'min_samples_split': 0.16682198725575176, 'min_samples_leaf': 0.05760420834261176, 'min_weight_fraction_leaf': 0.12771527968551105, 'max_features': 0.5893436728740089, 'bootstrap': False, 'max_samples': 0.7153432305500892}. Best is trial 647 with value: 0.7566204211119171.[0m
[32m[I 2022-04-13 16:53:48,189][0m Trial 836 finished with value: 0.737773239754186 and parameters: {'n_estimators': 143, 'min_samples_split': 0.15352216369010716, 'min_samples_leaf': 0.019027277712580046, 'min_weight_fraction_leaf': 0.007655638716656102, 'max_features': 0.5834627275762206, 'bootstrap': False, 'max_samples': 0.6061332675313561}. Best is trial 647 with value: 0.7566204211119171.[0m
[32m[I 2022-04-13 16:53:58,644][0m Trial 837 finished with value: 0.7530199911543629 and parameters: {'n_estimators': 526, 'min_samples_split': 0.18175854107680361, 'min_samples_leaf': 0.050189580311226674, 'min_weight_fraction_leaf': 0.04467724605475562, 'max_features': 0.555496188577224, 'bootstrap': False, 'max_samples': 0.7723573624834896}. Best is trial 647 with value: 0.7566204211119171.[0m
[32m[I 2022-04-13 16:54:07,553][0m Trial 838 finished with value: 0.7270043932616507 and parameters: {'n_estimators': 507, 'min_samples_split': 0.16663486746062664, 'min_samples_leaf': 0.08193462615165098, 'min_weight_fraction_leaf': 0.029969514702970247, 'max_features': 0.5597101133540051, 'bootstrap': False, 'max_samples': 0.8214606432514563}. Best is trial 647 with value: 0.7566204211119171.[0m
[32m[I 2022-04-13 16:54:17,251][0m Trial 839 finished with value: 0.738199462943745 and parameters: {'n_estimators': 459, 'min_samples_split': 0.1792958446747482, 'min_samples_leaf': 0.0698807569815744, 'min_weight_fraction_leaf': 0.04370757420250234, 'max_features': 0.5488759945598803, 'bootstrap': False, 'max_samples': 0.8016728913181873}. Best is trial 647 with value: 0.7566204211119171.[0m
[32m[I 2022-04-13 16:54:28,482][0m Trial 840 finished with value: 0.7441579913903256 and parameters: {'n_estimators': 524, 'min_samples_split': 0.17016514351507223, 'min_samples_leaf': 0.06257819670152702, 'min_weight_fraction_leaf': 0.03668524893399788, 'max_features': 0.6040719531189472, 'bootstrap': False, 'max_samples': 0.7781068241966752}. Best is trial 647 with value: 0.7566204211119171.[0m
[32m[I 2022-04-13 16:54:35,138][0m Trial 841 finished with value: 0.7101864960051681 and parameters: {'n_estimators': 493, 'min_samples_split': 0.18199301243474575, 'min_samples_leaf': 0.0526522290532335, 'min_weight_fraction_leaf': 0.02231162640951828, 'max_features': 0.08328321246674653, 'bootstrap': False, 'max_samples': 0.8070144024795092}. Best is trial 647 with value: 0.7566204211119171.[0m
[32m[I 2022-04-13 16:54:45,228][0m Trial 842 finished with value: 0.7440023106934499 and parameters: {'n_estimators': 471, 'min_samples_split': 0.1639368772640899, 'min_samples_leaf': 0.04692725730462428, 'min_weight_fraction_leaf': 0.056067753468060436, 'max_features': 0.5644529892543251, 'bootstrap': False, 'max_samples': 0.8402677690369036}. Best is trial 647 with value: 0.7566204211119171.[0m
[32m[I 2022-04-13 16:54:56,087][0m Trial 843 finished with value: 0.7289101795248407 and parameters: {'n_estimators': 541, 'min_samples_split': 0.1545989807344574, 'min_samples_leaf': 0.0695683798553755, 'min_weight_fraction_leaf': 0.04543862914327013, 'max_features': 0.6431229889190732, 'bootstrap': False, 'max_samples': 0.7727647727556443}. Best is trial 647 with value: 0.7566204211119171.[0m
[32m[I 2022-04-13 16:54:59,360][0m Trial 844 finished with value: 0.725453966926979 and parameters: {'n_estimators': 119, 'min_samples_split': 0.1895184309275755, 'min_samples_leaf': 0.05668355429326341, 'min_weight_fraction_leaf': 0.03214741506391209, 'max_features': 0.5422430864452782, 'bootstrap': True, 'max_samples': 0.8658120448200854, 'oob_score': True}. Best is trial 647 with value: 0.7566204211119171.[0m
[32m[I 2022-04-13 16:55:10,789][0m Trial 845 finished with value: 0.7461462724681197 and parameters: {'n_estimators': 516, 'min_samples_split': 0.1763492390763474, 'min_samples_leaf': 0.032959664210250206, 'min_weight_fraction_leaf': 0.05500610347158444, 'max_features': 0.5792516350315599, 'bootstrap': False, 'max_samples': 0.7920976250899417}. Best is trial 647 with value: 0.7566204211119171.[0m
[32m[I 2022-04-13 16:55:15,805][0m Trial 846 finished with value: 0.7344665178525214 and parameters: {'n_estimators': 165, 'min_samples_split': 0.002471670385953001, 'min_samples_leaf': 0.04589882095474761, 'min_weight_fraction_leaf': 0.040896173352286215, 'max_features': 0.5048294596072016, 'bootstrap': False, 'max_samples': 0.8133574766452536}. Best is trial 647 with value: 0.7566204211119171.[0m
[32m[I 2022-04-13 16:55:32,376][0m Trial 847 finished with value: 0.750328969304081 and parameters: {'n_estimators': 818, 'min_samples_split': 0.19928332650487032, 'min_samples_leaf': 0.028764890755646994, 'min_weight_fraction_leaf': 0.021013843473233845, 'max_features': 0.6205839107657187, 'bootstrap': False, 'max_samples': 0.775104037503156}. Best is trial 647 with value: 0.7566204211119171.[0m
[32m[I 2022-04-13 16:55:43,578][0m Trial 848 finished with value: 0.7372894137700232 and parameters: {'n_estimators': 483, 'min_samples_split': 0.18638513848553895, 'min_samples_leaf': 0.011424566647861855, 'min_weight_fraction_leaf': 0.06608524982140446, 'max_features': 0.5307459874564942, 'bootstrap': False, 'max_samples': 0.6317302564271265}. Best is trial 647 with value: 0.7566204211119171.[0m
[32m[I 2022-04-13 16:55:54,315][0m Trial 849 finished with value: 0.743601605025756 and parameters: {'n_estimators': 567, 'min_samples_split': 0.2213806826394124, 'min_samples_leaf': 0.03725466217545171, 'min_weight_fraction_leaf': 0.0516990823947123, 'max_features': 0.5927176918220313, 'bootstrap': False, 'max_samples': 0.8896082010685692}. Best is trial 647 with value: 0.7566204211119171.[0m
[32m[I 2022-04-13 16:56:02,398][0m Trial 850 finished with value: 0.7336093891997199 and parameters: {'n_estimators': 529, 'min_samples_split': 0.15898723915370094, 'min_samples_leaf': 0.05285435832605717, 'min_weight_fraction_leaf': 0.17020201320031308, 'max_features': 0.5546937878159468, 'bootstrap': False, 'max_samples': 0.8409834228939758}. Best is trial 647 with value: 0.7566204211119171.[0m
[32m[I 2022-04-13 16:56:05,605][0m Trial 851 finished with value: 0.7282495549359274 and parameters: {'n_estimators': 130, 'min_samples_split': 0.20548896108911185, 'min_samples_leaf': 0.06334390009598985, 'min_weight_fraction_leaf': 0.1443261383945187, 'max_features': 0.5717392880721937, 'bootstrap': False, 'max_samples': 0.7548702027253263}. Best is trial 647 with value: 0.7566204211119171.[0m
[32m[I 2022-04-13 16:56:10,792][0m Trial 852 finished with value: 0.6526093080568375 and parameters: {'n_estimators': 431, 'min_samples_split': 0.17719599027357935, 'min_samples_leaf': 0.025956918652651366, 'min_weight_fraction_leaf': 0.3104539253952821, 'max_features': 0.6030136571371062, 'bootstrap': False, 'max_samples': 0.954056080801806}. Best is trial 647 with value: 0.7566204211119171.[0m
[32m[I 2022-04-13 16:56:21,087][0m Trial 853 finished with value: 0.7418936766924721 and parameters: {'n_estimators': 509, 'min_samples_split': 0.19271002790680478, 'min_samples_leaf': 0.07690739227201657, 'min_weight_fraction_leaf': 0.000566637832548969, 'max_features': 0.5263372110874709, 'bootstrap': False, 'max_samples': 0.7355260230221611}. Best is trial 647 with value: 0.7566204211119171.[0m
[32m[I 2022-04-13 16:56:27,960][0m Trial 854 finished with value: 0.7319960844728107 and parameters: {'n_estimators': 542, 'min_samples_split': 0.23284616980781034, 'min_samples_leaf': 0.16324254515069786, 'min_weight_fraction_leaf': 0.03221330256696705, 'max_features': 0.5645375971218981, 'bootstrap': False, 'max_samples': 0.9136043293718734}. Best is trial 647 with value: 0.7566204211119171.[0m
[32m[I 2022-04-13 16:56:37,716][0m Trial 855 finished with value: 0.7439769097396368 and parameters: {'n_estimators': 499, 'min_samples_split': 0.17274650947984396, 'min_samples_leaf': 0.04423959348848227, 'min_weight_fraction_leaf': 0.043635487564196655, 'max_features': 0.49415193857022244, 'bootstrap': False, 'max_samples': 0.7793996443392188}. Best is trial 647 with value: 0.7566204211119171.[0m
[32m[I 2022-04-13 16:56:49,792][0m Trial 856 finished with value: 0.7460054955215313 and parameters: {'n_estimators': 568, 'min_samples_split': 0.1843232892021944, 'min_samples_leaf': 0.03820516493058738, 'min_weight_fraction_leaf': 0.06050725927170787, 'max_features': 0.623114599846048, 'bootstrap': False, 'max_samples': 0.458256053247643}. Best is trial 647 with value: 0.7566204211119171.[0m
[32m[I 2022-04-13 16:57:01,021][0m Trial 857 finished with value: 0.7476892165615654 and parameters: {'n_estimators': 592, 'min_samples_split': 0.20990045916975805, 'min_samples_leaf': 0.05393042510827649, 'min_weight_fraction_leaf': 0.01563779759650759, 'max_features': 0.5448221311958059, 'bootstrap': False, 'max_samples': 0.7992238810380232}. Best is trial 647 with value: 0.7566204211119171.[0m
[32m[I 2022-04-13 16:57:04,483][0m Trial 858 finished with value: 0.7439365419170061 and parameters: {'n_estimators': 100, 'min_samples_split': 0.19597886859289204, 'min_samples_leaf': 0.019746168887327685, 'min_weight_fraction_leaf': 0.029147016199666143, 'max_features': 0.5889309237665911, 'bootstrap': False, 'max_samples': 0.8632106122519388}. Best is trial 647 with value: 0.7566204211119171.[0m
[32m[I 2022-04-13 16:57:16,280][0m Trial 859 finished with value: 0.7342391219556281 and parameters: {'n_estimators': 545, 'min_samples_split': 0.16946553696702343, 'min_samples_leaf': 0.032253758883161635, 'min_weight_fraction_leaf': 0.07412298584255878, 'max_features': 0.518269142759391, 'bootstrap': False, 'max_samples': 0.7620945898945266}. Best is trial 647 with value: 0.7566204211119171.[0m
[32m[I 2022-04-13 16:57:25,156][0m Trial 860 finished with value: 0.7459929285880965 and parameters: {'n_estimators': 478, 'min_samples_split': 0.18897159567091332, 'min_samples_leaf': 0.06029421172784215, 'min_weight_fraction_leaf': 0.04596340759352268, 'max_features': 0.5654491163115801, 'bootstrap': False, 'max_samples': 0.6480582502035506}. Best is trial 647 with value: 0.7566204211119171.[0m
[32m[I 2022-04-13 16:57:36,165][0m Trial 861 finished with value: 0.748626863579236 and parameters: {'n_estimators': 532, 'min_samples_split': 0.14735604078768677, 'min_samples_leaf': 0.04961887637445516, 'min_weight_fraction_leaf': 0.03769290904785767, 'max_features': 0.6010915827424722, 'bootstrap': False, 'max_samples': 0.7313868351932734}. Best is trial 647 with value: 0.7566204211119171.[0m
[32m[I 2022-04-13 16:57:47,764][0m Trial 862 finished with value: 0.7461017028092259 and parameters: {'n_estimators': 512, 'min_samples_split': 0.2024341249430156, 'min_samples_leaf': 0.008215253035219992, 'min_weight_fraction_leaf': 0.05534213403651422, 'max_features': 0.5371920241067893, 'bootstrap': False, 'max_samples': 0.8242416075300618}. Best is trial 647 with value: 0.7566204211119171.[0m
[32m[I 2022-04-13 16:57:59,358][0m Trial 863 finished with value: 0.7382474284765883 and parameters: {'n_estimators': 727, 'min_samples_split': 0.13086843423353278, 'min_samples_leaf': 0.041440819783369706, 'min_weight_fraction_leaf': 0.024060091337274693, 'max_features': 0.6397475866358916, 'bootstrap': True, 'max_samples': 0.5659928338295837, 'oob_score': False}. Best is trial 647 with value: 0.7566204211119171.[0m
[32m[I 2022-04-13 16:58:08,777][0m Trial 864 finished with value: 0.7380437822468694 and parameters: {'n_estimators': 565, 'min_samples_split': 0.18279292637315464, 'min_samples_leaf': 0.06778756853837621, 'min_weight_fraction_leaf': 0.04861760349968518, 'max_features': 0.5086636461436064, 'bootstrap': False, 'max_samples': 0.9345558074134839}. Best is trial 647 with value: 0.7566204211119171.[0m
[32m[I 2022-04-13 16:58:16,905][0m Trial 865 finished with value: 0.7489609745955783 and parameters: {'n_estimators': 304, 'min_samples_split': 0.16142483433351315, 'min_samples_leaf': 0.025844387627762984, 'min_weight_fraction_leaf': 0.037107096086775704, 'max_features': 0.5720912338599096, 'bootstrap': False, 'max_samples': 0.7412925429936764}. Best is trial 647 with value: 0.7566204211119171.[0m
[32m[I 2022-04-13 16:58:28,515][0m Trial 866 finished with value: 0.7336368745363858 and parameters: {'n_estimators': 904, 'min_samples_split': 0.3829472795808796, 'min_samples_leaf': 0.048371914482844364, 'min_weight_fraction_leaf': 0.0636014997086447, 'max_features': 0.5492506057733889, 'bootstrap': False, 'max_samples': 0.6919744349802582}. Best is trial 647 with value: 0.7566204211119171.[0m
[32m[I 2022-04-13 16:58:41,056][0m Trial 867 finished with value: 0.7324742601630685 and parameters: {'n_estimators': 685, 'min_samples_split': 0.22080509671259807, 'min_samples_leaf': 0.03776598216777672, 'min_weight_fraction_leaf': 0.048769841393785124, 'max_features': 0.46783554946018047, 'bootstrap': False, 'max_samples': 0.6554733889068157}. Best is trial 647 with value: 0.7566204211119171.[0m
[32m[I 2022-04-13 16:58:46,045][0m Trial 868 finished with value: 0.7278165846326348 and parameters: {'n_estimators': 173, 'min_samples_split': 0.1792335167939284, 'min_samples_leaf': 0.01908839179073817, 'min_weight_fraction_leaf': 0.09013076474197751, 'max_features': 0.6646207309605037, 'bootstrap': False, 'max_samples': 0.7640675886626399}. Best is trial 647 with value: 0.7566204211119171.[0m
[32m[I 2022-04-13 16:58:54,585][0m Trial 869 finished with value: 0.748339832803459 and parameters: {'n_estimators': 456, 'min_samples_split': 0.1951012710571852, 'min_samples_leaf': 0.05804550295506293, 'min_weight_fraction_leaf': 0.0369872474709197, 'max_features': 0.6050764424367376, 'bootstrap': False, 'max_samples': 0.9047839638240543}. Best is trial 647 with value: 0.7566204211119171.[0m
[32m[I 2022-04-13 16:59:02,636][0m Trial 870 finished with value: 0.7270043932616507 and parameters: {'n_estimators': 491, 'min_samples_split': 0.16801458499530736, 'min_samples_leaf': 0.08140696037156961, 'min_weight_fraction_leaf': 0.020440139202010696, 'max_features': 0.5853138441671331, 'bootstrap': False, 'max_samples': 0.7848525326280783}. Best is trial 647 with value: 0.7566204211119171.[0m
[32m[I 2022-04-13 16:59:09,538][0m Trial 871 finished with value: 0.7361430149353945 and parameters: {'n_estimators': 331, 'min_samples_split': 0.21232947071575253, 'min_samples_leaf': 0.0343421967841346, 'min_weight_fraction_leaf': 0.05643012801987943, 'max_features': 0.5300795187188482, 'bootstrap': False, 'max_samples': 0.5372340281605625}. Best is trial 647 with value: 0.7566204211119171.[0m
[32m[I 2022-04-13 16:59:21,015][0m Trial 872 finished with value: 0.752281094788599 and parameters: {'n_estimators': 612, 'min_samples_split': 0.18934148140327842, 'min_samples_leaf': 0.04861863335733545, 'min_weight_fraction_leaf': 0.029938986031194173, 'max_features': 0.5582021240579471, 'bootstrap': False, 'max_samples': 0.7241391385606063}. Best is trial 647 with value: 0.7566204211119171.[0m
[32m[I 2022-04-13 16:59:32,566][0m Trial 873 finished with value: 0.741394099935216 and parameters: {'n_estimators': 626, 'min_samples_split': 0.20094590740311452, 'min_samples_leaf': 0.06966609676251805, 'min_weight_fraction_leaf': 0.00558088398673846, 'max_features': 0.5733061535151556, 'bootstrap': False, 'max_samples': 0.7056481686048418}. Best is trial 647 with value: 0.7566204211119171.[0m
[32m[I 2022-04-13 16:59:46,227][0m Trial 874 finished with value: 0.7521094581194474 and parameters: {'n_estimators': 624, 'min_samples_split': 0.17506616353448476, 'min_samples_leaf': 0.04675496834843792, 'min_weight_fraction_leaf': 0.013375680569786066, 'max_features': 0.5427156280796989, 'bootstrap': False, 'max_samples': 0.6938494150907425}. Best is trial 647 with value: 0.7566204211119171.[0m
[32m[I 2022-04-13 16:59:59,629][0m Trial 875 finished with value: 0.7350839355306718 and parameters: {'n_estimators': 664, 'min_samples_split': 0.15345250446370612, 'min_samples_leaf': 0.057831249327490106, 'min_weight_fraction_leaf': 0.009825547207545476, 'max_features': 0.552193246440129, 'bootstrap': False, 'max_samples': 0.6756825826479083}. Best is trial 647 with value: 0.7566204211119171.[0m
[32m[I 2022-04-13 17:00:13,668][0m Trial 876 finished with value: 0.7466774146785913 and parameters: {'n_estimators': 678, 'min_samples_split': 0.16637089619479328, 'min_samples_leaf': 0.0462679496326505, 'min_weight_fraction_leaf': 0.007283054151667828, 'max_features': 0.5825327928985019, 'bootstrap': False, 'max_samples': 0.723395641516335}. Best is trial 647 with value: 0.7566204211119171.[0m
[32m[I 2022-04-13 17:00:24,538][0m Trial 877 finished with value: 0.7369350795014606 and parameters: {'n_estimators': 642, 'min_samples_split': 0.1575885765688565, 'min_samples_leaf': 0.07501315820548277, 'min_weight_fraction_leaf': 0.011587645411254746, 'max_features': 0.6239545931975283, 'bootstrap': False, 'max_samples': 0.692145065642189}. Best is trial 647 with value: 0.7566204211119171.[0m
[32m[I 2022-04-13 17:00:37,749][0m Trial 878 finished with value: 0.7448654337146132 and parameters: {'n_estimators': 661, 'min_samples_split': 0.1734486795111503, 'min_samples_leaf': 0.06084087692922255, 'min_weight_fraction_leaf': 0.015525936455629236, 'max_features': 0.5635140380261741, 'bootstrap': False, 'max_samples': 0.7133723345868475}. Best is trial 647 with value: 0.7566204211119171.[0m
[32m[I 2022-04-13 17:00:51,032][0m Trial 879 finished with value: 0.7502316384954535 and parameters: {'n_estimators': 650, 'min_samples_split': 0.17467739020286494, 'min_samples_leaf': 0.052436526974918525, 'min_weight_fraction_leaf': 0.0007818843919173216, 'max_features': 0.5945761883272702, 'bootstrap': False, 'max_samples': 0.6788895094057595}. Best is trial 647 with value: 0.7566204211119171.[0m
[32m[I 2022-04-13 17:01:00,154][0m Trial 880 finished with value: 0.7321111791553364 and parameters: {'n_estimators': 619, 'min_samples_split': 0.16030377753593625, 'min_samples_leaf': 0.09008455732875671, 'min_weight_fraction_leaf': 0.012813634244032594, 'max_features': 0.4934216504412539, 'bootstrap': False, 'max_samples': 0.6199599703282658}. Best is trial 647 with value: 0.7566204211119171.[0m
[32m[I 2022-04-13 17:01:14,442][0m Trial 881 finished with value: 0.7357978684136983 and parameters: {'n_estimators': 641, 'min_samples_split': 0.13979204063902145, 'min_samples_leaf': 0.043713634011924025, 'min_weight_fraction_leaf': 0.018652565560434466, 'max_features': 0.5140869710575916, 'bootstrap': False, 'max_samples': 0.6693677316460519}. Best is trial 647 with value: 0.7566204211119171.[0m
[32m[I 2022-04-13 17:01:27,525][0m Trial 882 finished with value: 0.7483313548176938 and parameters: {'n_estimators': 618, 'min_samples_split': 0.18027879129396526, 'min_samples_leaf': 0.0271070152201134, 'min_weight_fraction_leaf': 0.02157633179759604, 'max_features': 0.5419159630875349, 'bootstrap': False, 'max_samples': 0.7450032763368593}. Best is trial 647 with value: 0.7566204211119171.[0m
[32m[I 2022-04-13 17:01:39,398][0m Trial 883 finished with value: 0.7366215404880905 and parameters: {'n_estimators': 696, 'min_samples_split': 0.16480430087596137, 'min_samples_leaf': 0.03558006056112889, 'min_weight_fraction_leaf': 0.020050859205270277, 'max_features': 0.5266949396639863, 'bootstrap': True, 'max_samples': 0.48801305700958786, 'oob_score': True}. Best is trial 647 with value: 0.7566204211119171.[0m
[32m[I 2022-04-13 17:01:54,198][0m Trial 884 finished with value: 0.7457833037840387 and parameters: {'n_estimators': 615, 'min_samples_split': 0.17286211287482636, 'min_samples_leaf': 0.015078765979745806, 'min_weight_fraction_leaf': 0.0012004289021051561, 'max_features': 0.5474042474235595, 'bootstrap': False, 'max_samples': 0.6942465736890364}. Best is trial 647 with value: 0.7566204211119171.[0m
[32m[I 2022-04-13 17:02:05,445][0m Trial 885 finished with value: 0.7450361523456686 and parameters: {'n_estimators': 601, 'min_samples_split': 0.25902395336213974, 'min_samples_leaf': 0.062408155734907815, 'min_weight_fraction_leaf': 0.028366470710366538, 'max_features': 0.6126613241095066, 'bootstrap': False, 'max_samples': 0.6424980397260269}. Best is trial 647 with value: 0.7566204211119171.[0m
[32m[I 2022-04-13 17:02:18,438][0m Trial 886 finished with value: 0.7498293316222624 and parameters: {'n_estimators': 640, 'min_samples_split': 0.1863074972369956, 'min_samples_leaf': 0.04517750842094706, 'min_weight_fraction_leaf': 0.02633067864930228, 'max_features': 0.5685829715881343, 'bootstrap': False, 'max_samples': 0.7331256904851002}. Best is trial 647 with value: 0.7566204211119171.[0m
