[32m[I 2022-04-13 17:10:57,510][0m Trial 941 finished with value: 0.7416205701111878 and parameters: {'n_estimators': 515, 'min_samples_split': 0.19791178399754733, 'min_samples_leaf': 0.07046860131399393, 'min_weight_fraction_leaf': 0.007337852188474787, 'max_features': 0.5179163533646, 'bootstrap': False, 'max_samples': 0.7920787540044266}. Best is trial 647 with value: 0.7566204211119171.[0m
[32m[I 2022-04-13 17:11:06,589][0m Trial 942 finished with value: 0.7381407849777496 and parameters: {'n_estimators': 538, 'min_samples_split': 0.34767923063977274, 'min_samples_leaf': 0.022590707557041543, 'min_weight_fraction_leaf': 0.04142397181568752, 'max_features': 0.5611360540150485, 'bootstrap': False, 'max_samples': 0.7495936733045477}. Best is trial 647 with value: 0.7566204211119171.[0m
[32m[I 2022-04-13 17:11:13,603][0m Trial 943 finished with value: 0.7365974013582435 and parameters: {'n_estimators': 274, 'min_samples_split': 0.1635246130306461, 'min_samples_leaf': 0.011358720119491761, 'min_weight_fraction_leaf': 0.07031694259250308, 'max_features': 0.5189058131803238, 'bootstrap': False, 'max_samples': 0.6090296607306581}. Best is trial 647 with value: 0.7566204211119171.[0m
[32m[I 2022-04-13 17:11:24,551][0m Trial 944 finished with value: 0.7384477193626999 and parameters: {'n_estimators': 507, 'min_samples_split': 0.09646294397945712, 'min_samples_leaf': 0.05392636992996518, 'min_weight_fraction_leaf': 0.02289136019284387, 'max_features': 0.5084847757309915, 'bootstrap': False, 'max_samples': 0.9070952379483049}. Best is trial 647 with value: 0.7566204211119171.[0m
[32m[I 2022-04-13 17:11:31,804][0m Trial 945 finished with value: 0.7192532062777939 and parameters: {'n_estimators': 480, 'min_samples_split': 0.21723104018718972, 'min_samples_leaf': 0.062204146263474897, 'min_weight_fraction_leaf': 0.0005177596010014374, 'max_features': 0.26033302900884037, 'bootstrap': False, 'max_samples': 0.7728599060867966}. Best is trial 647 with value: 0.7566204211119171.[0m
[32m[I 2022-04-13 17:11:45,425][0m Trial 946 finished with value: 0.7452613053011563 and parameters: {'n_estimators': 571, 'min_samples_split': 0.14808046094911131, 'min_samples_leaf': 0.02698853949625911, 'min_weight_fraction_leaf': 0.030537256992536285, 'max_features': 0.5378962021273184, 'bootstrap': False, 'max_samples': 0.7704710869036013}. Best is trial 647 with value: 0.7566204211119171.[0m
[32m[I 2022-04-13 17:11:58,582][0m Trial 947 finished with value: 0.7460054955215313 and parameters: {'n_estimators': 662, 'min_samples_split': 0.19119806578877369, 'min_samples_leaf': 0.048302407986575265, 'min_weight_fraction_leaf': 0.06285997991934918, 'max_features': 0.5464037039807645, 'bootstrap': False, 'max_samples': 0.6565841189729572}. Best is trial 647 with value: 0.7566204211119171.[0m
[32m[I 2022-04-13 17:12:08,034][0m Trial 948 finished with value: 0.7427001945053003 and parameters: {'n_estimators': 535, 'min_samples_split': 0.17870112533093113, 'min_samples_leaf': 0.0022694799558506985, 'min_weight_fraction_leaf': 0.04833975164900417, 'max_features': 0.4971175872351306, 'bootstrap': False, 'max_samples': 0.5784762901498195}. Best is trial 647 with value: 0.7566204211119171.[0m
[32m[I 2022-04-13 17:12:20,236][0m Trial 949 finished with value: 0.7489549232611171 and parameters: {'n_estimators': 556, 'min_samples_split': 0.17128296432123055, 'min_samples_leaf': 0.030254458340869803, 'min_weight_fraction_leaf': 0.05078007444977646, 'max_features': 0.5218688295251223, 'bootstrap': False, 'max_samples': 0.6397573559222525}. Best is trial 647 with value: 0.7566204211119171.[0m
[32m[I 2022-04-13 17:12:25,398][0m Trial 950 finished with value: 0.3854278001738127 and parameters: {'n_estimators': 508, 'min_samples_split': 0.23107541598329448, 'min_samples_leaf': 0.05177838726129695, 'min_weight_fraction_leaf': 0.46345122458128757, 'max_features': 0.6200485405157076, 'bootstrap': False, 'max_samples': 0.9310565512693142}. Best is trial 647 with value: 0.7566204211119171.[0m
[32m[I 2022-04-13 17:12:36,060][0m Trial 951 finished with value: 0.7454574171042936 and parameters: {'n_estimators': 619, 'min_samples_split': 0.18366700635812522, 'min_samples_leaf': 0.036614389115272844, 'min_weight_fraction_leaf': 0.038055544781338345, 'max_features': 0.46487920141061373, 'bootstrap': False, 'max_samples': 0.21888728688759895}. Best is trial 647 with value: 0.7566204211119171.[0m
[32m[I 2022-04-13 17:12:44,610][0m Trial 952 finished with value: 0.7321616181265457 and parameters: {'n_estimators': 530, 'min_samples_split': 0.18980607737352634, 'min_samples_leaf': 0.020527964237646648, 'min_weight_fraction_leaf': 0.07910570932196923, 'max_features': 0.44731555300907816, 'bootstrap': False, 'max_samples': 0.8386963367640071}. Best is trial 647 with value: 0.7566204211119171.[0m
[32m[I 2022-04-13 17:12:51,937][0m Trial 953 finished with value: 0.7483264553534035 and parameters: {'n_estimators': 363, 'min_samples_split': 0.20297573858256626, 'min_samples_leaf': 0.04060035995658603, 'min_weight_fraction_leaf': 0.022682450839976994, 'max_features': 0.5756269156654604, 'bootstrap': False, 'max_samples': 0.7197321904541528}. Best is trial 647 with value: 0.7566204211119171.[0m
[32m[I 2022-04-13 17:13:00,836][0m Trial 954 finished with value: 0.7351918850522454 and parameters: {'n_estimators': 470, 'min_samples_split': 0.15581179578298776, 'min_samples_leaf': 0.07004409458826716, 'min_weight_fraction_leaf': 0.04096961991328661, 'max_features': 0.525370238290418, 'bootstrap': False, 'max_samples': 0.8055117942184574}. Best is trial 647 with value: 0.7566204211119171.[0m
[32m[I 2022-04-13 17:13:13,712][0m Trial 955 finished with value: 0.750348059875363 and parameters: {'n_estimators': 557, 'min_samples_split': 0.16689126916723473, 'min_samples_leaf': 0.03083150750336664, 'min_weight_fraction_leaf': 0.015299243152465156, 'max_features': 0.5925967820405659, 'bootstrap': False, 'max_samples': 0.2811374721078834}. Best is trial 647 with value: 0.7566204211119171.[0m
[32m[I 2022-04-13 17:13:24,035][0m Trial 956 finished with value: 0.7291621833264401 and parameters: {'n_estimators': 498, 'min_samples_split': 0.19857498797607961, 'min_samples_leaf': 0.06095350443689012, 'min_weight_fraction_leaf': 0.05582786083447479, 'max_features': 0.6509117955435377, 'bootstrap': False, 'max_samples': 0.8850248734463443}. Best is trial 647 with value: 0.7566204211119171.[0m
[32m[I 2022-04-13 17:13:31,226][0m Trial 957 finished with value: 0.7439149384011676 and parameters: {'n_estimators': 342, 'min_samples_split': 0.20235683436437266, 'min_samples_leaf': 0.048006229594972985, 'min_weight_fraction_leaf': 0.06531230722403593, 'max_features': 0.6083322259805993, 'bootstrap': False, 'max_samples': 0.737447454171521}. Best is trial 647 with value: 0.7566204211119171.[0m
[32m[I 2022-04-13 17:13:44,947][0m Trial 958 finished with value: 0.7514050906031348 and parameters: {'n_estimators': 592, 'min_samples_split': 0.1775128986774549, 'min_samples_leaf': 0.01564549757171236, 'min_weight_fraction_leaf': 0.04133129622011216, 'max_features': 0.5497769030478005, 'bootstrap': False, 'max_samples': 0.6607679760802765}. Best is trial 647 with value: 0.7566204211119171.[0m
[32m[I 2022-04-13 17:13:57,252][0m Trial 959 finished with value: 0.7427060998276316 and parameters: {'n_estimators': 586, 'min_samples_split': 0.1375670152383057, 'min_samples_leaf': 0.04304368181140036, 'min_weight_fraction_leaf': 0.030024008185699207, 'max_features': 0.5547817093316978, 'bootstrap': True, 'max_samples': 0.6875757817913843, 'oob_score': True}. Best is trial 647 with value: 0.7566204211119171.[0m
[32m[I 2022-04-13 17:14:00,508][0m Trial 960 finished with value: 0.7452970973171813 and parameters: {'n_estimators': 110, 'min_samples_split': 0.1857849234355815, 'min_samples_leaf': 0.025483449154015018, 'min_weight_fraction_leaf': 0.03020204065293702, 'max_features': 0.5715653320665272, 'bootstrap': False, 'max_samples': 0.7561569440914533}. Best is trial 647 with value: 0.7566204211119171.[0m
[32m[I 2022-04-13 17:14:03,675][0m Trial 961 finished with value: 0.7338711568258037 and parameters: {'n_estimators': 124, 'min_samples_split': 0.21071094366522702, 'min_samples_leaf': 0.038489176256449084, 'min_weight_fraction_leaf': 0.05295961487259234, 'max_features': 0.583699876048455, 'bootstrap': False, 'max_samples': 0.7067300373214698}. Best is trial 647 with value: 0.7566204211119171.[0m
[32m[I 2022-04-13 17:14:14,355][0m Trial 962 finished with value: 0.7460054955215313 and parameters: {'n_estimators': 561, 'min_samples_split': 0.1911579656525827, 'min_samples_leaf': 0.05700621025788627, 'min_weight_fraction_leaf': 0.05960212192804225, 'max_features': 0.536232408912096, 'bootstrap': False, 'max_samples': 0.6889673570141921}. Best is trial 647 with value: 0.7566204211119171.[0m
[32m[I 2022-04-13 17:14:17,813][0m Trial 963 finished with value: 0.7195881784464115 and parameters: {'n_estimators': 319, 'min_samples_split': 0.1715207439272019, 'min_samples_leaf': 0.19879755179912662, 'min_weight_fraction_leaf': 0.017539579499763577, 'max_features': 0.21269740369033424, 'bootstrap': False, 'max_samples': 0.7353707232982081}. Best is trial 647 with value: 0.7566204211119171.[0m
[32m[I 2022-04-13 17:14:24,796][0m Trial 964 finished with value: 0.7303691327223805 and parameters: {'n_estimators': 515, 'min_samples_split': 0.22206367994628945, 'min_samples_leaf': 0.07992649839797708, 'min_weight_fraction_leaf': 0.04360176673199949, 'max_features': 0.43628929974089237, 'bootstrap': False, 'max_samples': 0.8586899823405466}. Best is trial 647 with value: 0.7566204211119171.[0m
[32m[I 2022-04-13 17:14:32,296][0m Trial 965 finished with value: 0.7298276447383871 and parameters: {'n_estimators': 443, 'min_samples_split': 0.1942036271298363, 'min_samples_leaf': 0.09783229316341811, 'min_weight_fraction_leaf': 0.03426578422228857, 'max_features': 0.49000036739060815, 'bootstrap': False, 'max_samples': 0.7859241472469956}. Best is trial 647 with value: 0.7566204211119171.[0m
[32m[I 2022-04-13 17:14:47,802][0m Trial 966 finished with value: 0.7478977732620188 and parameters: {'n_estimators': 635, 'min_samples_split': 0.15793314599422814, 'min_samples_leaf': 0.012829746887179458, 'min_weight_fraction_leaf': 0.04791019791693764, 'max_features': 0.5380149212304766, 'bootstrap': False, 'max_samples': 0.41030800977188375}. Best is trial 647 with value: 0.7566204211119171.[0m
[32m[I 2022-04-13 17:14:57,195][0m Trial 967 finished with value: 0.744025426801778 and parameters: {'n_estimators': 536, 'min_samples_split': 0.20897980572130803, 'min_samples_leaf': 0.06611058470762961, 'min_weight_fraction_leaf': 0.06699197683118596, 'max_features': 0.6000279573165039, 'bootstrap': False, 'max_samples': 0.7257580003742787}. Best is trial 647 with value: 0.7566204211119171.[0m
[32m[I 2022-04-13 17:15:03,508][0m Trial 968 finished with value: 0.7452081820074867 and parameters: {'n_estimators': 257, 'min_samples_split': 0.1770592502394111, 'min_samples_leaf': 0.03241037524014088, 'min_weight_fraction_leaf': 0.007010404879447377, 'max_features': 0.5581695151081618, 'bootstrap': False, 'max_samples': 0.6696010413638847}. Best is trial 647 with value: 0.7566204211119171.[0m
[32m[I 2022-04-13 17:15:08,640][0m Trial 969 finished with value: 0.7352872848324108 and parameters: {'n_estimators': 189, 'min_samples_split': 0.1865391533189028, 'min_samples_leaf': 0.05020734539574723, 'min_weight_fraction_leaf': 0.025520564334199688, 'max_features': 0.6333374525271971, 'bootstrap': False, 'max_samples': 0.8009510045717407}. Best is trial 647 with value: 0.7566204211119171.[0m
[32m[I 2022-04-13 17:15:17,769][0m Trial 970 finished with value: 0.7421476671626452 and parameters: {'n_estimators': 495, 'min_samples_split': 0.1995125119330232, 'min_samples_leaf': 0.054937173326144534, 'min_weight_fraction_leaf': 0.1036725754975259, 'max_features': 0.6132635956572723, 'bootstrap': False, 'max_samples': 0.6292038657789637}. Best is trial 647 with value: 0.7566204211119171.[0m
[32m[I 2022-04-13 17:15:22,923][0m Trial 971 finished with value: 0.6699798125339688 and parameters: {'n_estimators': 417, 'min_samples_split': 0.16367587304589976, 'min_samples_leaf': 0.28685635718730407, 'min_weight_fraction_leaf': 0.04070581781747587, 'max_features': 0.5004338346850105, 'bootstrap': False, 'max_samples': 0.7650668916340473}. Best is trial 647 with value: 0.7566204211119171.[0m
[32m[I 2022-04-13 17:15:35,163][0m Trial 972 finished with value: 0.7404486389374597 and parameters: {'n_estimators': 608, 'min_samples_split': 0.17907246043565767, 'min_samples_leaf': 0.0408354471298667, 'min_weight_fraction_leaf': 0.07581714391783054, 'max_features': 0.5751771301071914, 'bootstrap': False, 'max_samples': 0.7045970635556933}. Best is trial 647 with value: 0.7566204211119171.[0m
[32m[I 2022-04-13 17:15:50,371][0m Trial 973 finished with value: 0.7306238894045325 and parameters: {'n_estimators': 737, 'min_samples_split': 0.19557662915517504, 'min_samples_leaf': 0.06312468169695953, 'min_weight_fraction_leaf': 0.050230164599050574, 'max_features': 0.6668314018427813, 'bootstrap': False, 'max_samples': 0.8728911691633728}. Best is trial 647 with value: 0.7566204211119171.[0m
[32m[I 2022-04-13 17:16:01,501][0m Trial 974 finished with value: 0.7361430149353945 and parameters: {'n_estimators': 523, 'min_samples_split': 0.21670019397027496, 'min_samples_leaf': 0.04774043925092589, 'min_weight_fraction_leaf': 0.057997715980658684, 'max_features': 0.5927356740315296, 'bootstrap': False, 'max_samples': 0.028882059371661606}. Best is trial 647 with value: 0.7566204211119171.[0m
[32m[I 2022-04-13 17:16:15,074][0m Trial 975 finished with value: 0.7336965908300968 and parameters: {'n_estimators': 689, 'min_samples_split': 0.2074253012159992, 'min_samples_leaf': 0.07485671017908581, 'min_weight_fraction_leaf': 0.01491745008226817, 'max_features': 0.6280909352384889, 'bootstrap': False, 'max_samples': 0.897546819070764}. Best is trial 647 with value: 0.7566204211119171.[0m
[32m[I 2022-04-13 17:16:28,421][0m Trial 976 finished with value: 0.7516843234092462 and parameters: {'n_estimators': 546, 'min_samples_split': 0.17048507754735043, 'min_samples_leaf': 0.022866706442646535, 'min_weight_fraction_leaf': 0.02948127617283533, 'max_features': 0.5260882137233911, 'bootstrap': False, 'max_samples': 0.8470548739744563}. Best is trial 647 with value: 0.7566204211119171.[0m
[32m[I 2022-04-13 17:16:34,384][0m Trial 977 finished with value: 0.5 and parameters: {'n_estimators': 571, 'min_samples_split': 0.1841586785814618, 'min_samples_leaf': 0.0319450824717822, 'min_weight_fraction_leaf': 0.03757770580200402, 'max_features': 0.556587481204071, 'bootstrap': True, 'max_samples': 0.06102352967282948, 'oob_score': False}. Best is trial 647 with value: 0.7566204211119171.[0m
[32m[I 2022-04-13 17:16:37,695][0m Trial 978 finished with value: 0.6920822281454109 and parameters: {'n_estimators': 297, 'min_samples_split': 0.18919907504558608, 'min_samples_leaf': 0.26335620456120745, 'min_weight_fraction_leaf': 0.05738585223371537, 'max_features': 0.5400459456859011, 'bootstrap': False, 'max_samples': 0.675028452421731}. Best is trial 647 with value: 0.7566204211119171.[0m
[32m[I 2022-04-13 17:16:50,105][0m Trial 979 finished with value: 0.7478977732620188 and parameters: {'n_estimators': 575, 'min_samples_split': 0.1683985077048027, 'min_samples_leaf': 0.04527143922125228, 'min_weight_fraction_leaf': 0.04819760077498711, 'max_features': 0.5624004163857652, 'bootstrap': False, 'max_samples': 0.6910163496920709}. Best is trial 647 with value: 0.7566204211119171.[0m
[32m[I 2022-04-13 17:17:02,863][0m Trial 980 finished with value: 0.7129636214366553 and parameters: {'n_estimators': 484, 'min_samples_split': 0.20219840264276903, 'min_samples_leaf': 0.05689677886361931, 'min_weight_fraction_leaf': 0.020987408626639798, 'max_features': 0.9955992279521111, 'bootstrap': False, 'max_samples': 0.9188314850142806}. Best is trial 647 with value: 0.7566204211119171.[0m
[32m[I 2022-04-13 17:17:16,243][0m Trial 981 finished with value: 0.7483313548176938 and parameters: {'n_estimators': 544, 'min_samples_split': 0.17921440464214972, 'min_samples_leaf': 0.017816876109565095, 'min_weight_fraction_leaf': 0.034599632587100866, 'max_features': 0.5307937822044765, 'bootstrap': False, 'max_samples': 0.6542843947641852}. Best is trial 647 with value: 0.7566204211119171.[0m
[32m[I 2022-04-13 17:17:19,711][0m Trial 982 finished with value: 0.7386928058706907 and parameters: {'n_estimators': 115, 'min_samples_split': 0.24443581814676407, 'min_samples_leaf': 0.06467712704758186, 'min_weight_fraction_leaf': 0.06813881627163565, 'max_features': 0.6021129411981936, 'bootstrap': False, 'max_samples': 0.7403804413767824}. Best is trial 647 with value: 0.7566204211119171.[0m
[32m[I 2022-04-13 17:17:35,457][0m Trial 983 finished with value: 0.74620143104292 and parameters: {'n_estimators': 606, 'min_samples_split': 0.1504996661307396, 'min_samples_leaf': 0.0076355426005223145, 'min_weight_fraction_leaf': 0.02713421398836506, 'max_features': 0.5597780910073563, 'bootstrap': False, 'max_samples': 0.5986012881129913}. Best is trial 647 with value: 0.7566204211119171.[0m
[32m[I 2022-04-13 17:17:54,646][0m Trial 984 finished with value: 0.7504058346666622 and parameters: {'n_estimators': 871, 'min_samples_split': 0.16199002557770084, 'min_samples_leaf': 0.03393675101677754, 'min_weight_fraction_leaf': 0.044034511678881644, 'max_features': 0.5413924358860925, 'bootstrap': False, 'max_samples': 0.7073760693704276}. Best is trial 647 with value: 0.7566204211119171.[0m
[32m[I 2022-04-13 17:18:07,655][0m Trial 985 finished with value: 0.7480724109941628 and parameters: {'n_estimators': 522, 'min_samples_split': 0.18202342792675996, 'min_samples_leaf': 0.029556212541707018, 'min_weight_fraction_leaf': 0.009326631447566236, 'max_features': 0.5247654332604981, 'bootstrap': False, 'max_samples': 0.6411169379088539}. Best is trial 647 with value: 0.7566204211119171.[0m
[32m[I 2022-04-13 17:18:11,550][0m Trial 986 finished with value: 0.741280471744921 and parameters: {'n_estimators': 132, 'min_samples_split': 0.1927501356370134, 'min_samples_leaf': 0.03853542034142725, 'min_weight_fraction_leaf': 0.037510979536238415, 'max_features': 0.5727445045298316, 'bootstrap': False, 'max_samples': 0.7644940012593175}. Best is trial 647 with value: 0.7566204211119171.[0m
[32m[I 2022-04-13 17:18:20,405][0m Trial 987 finished with value: 0.7374185955790289 and parameters: {'n_estimators': 465, 'min_samples_split': 0.22879298933272313, 'min_samples_leaf': 0.050848428102725496, 'min_weight_fraction_leaf': 0.05535438111929436, 'max_features': 0.5886309474119964, 'bootstrap': False, 'max_samples': 0.727900309376003}. Best is trial 647 with value: 0.7566204211119171.[0m
[32m[I 2022-04-13 17:18:31,653][0m Trial 988 finished with value: 0.7514066864274538 and parameters: {'n_estimators': 506, 'min_samples_split': 0.17296783558806833, 'min_samples_leaf': 0.03831637495220317, 'min_weight_fraction_leaf': 0.047275462269588925, 'max_features': 0.5023001240652399, 'bootstrap': False, 'max_samples': 0.8153404532930879}. Best is trial 647 with value: 0.7566204211119171.[0m
[32m[I 2022-04-13 17:18:44,916][0m Trial 989 finished with value: 0.7429550034082959 and parameters: {'n_estimators': 548, 'min_samples_split': 0.18400459115266754, 'min_samples_leaf': 0.022197748396052285, 'min_weight_fraction_leaf': 0.020991141872235653, 'max_features': 0.58242687612444, 'bootstrap': False, 'max_samples': 0.7507990013596478}. Best is trial 647 with value: 0.7566204211119171.[0m
[32m[I 2022-04-13 17:18:51,897][0m Trial 990 finished with value: 0.7275488702777867 and parameters: {'n_estimators': 484, 'min_samples_split': 0.2803933977562072, 'min_samples_leaf': 0.08080276933775249, 'min_weight_fraction_leaf': 0.034791864095708516, 'max_features': 0.4761691604998481, 'bootstrap': False, 'max_samples': 0.783424409148525}. Best is trial 647 with value: 0.7566204211119171.[0m
[32m[I 2022-04-13 17:18:58,684][0m Trial 991 finished with value: 0.7422152014965647 and parameters: {'n_estimators': 279, 'min_samples_split': 0.19353613452291857, 'min_samples_leaf': 0.027876836623131347, 'min_weight_fraction_leaf': 0.0014760377362546904, 'max_features': 0.6193376347073228, 'bootstrap': False, 'max_samples': 0.7472964683729683}. Best is trial 647 with value: 0.7566204211119171.[0m
[32m[I 2022-04-13 17:19:05,853][0m Trial 992 finished with value: 0.53461464053733 and parameters: {'n_estimators': 663, 'min_samples_split': 0.21628799749633545, 'min_samples_leaf': 0.056379331397341026, 'min_weight_fraction_leaf': 0.4108782600439689, 'max_features': 0.5957321399060476, 'bootstrap': False, 'max_samples': 0.7128746543546356}. Best is trial 647 with value: 0.7566204211119171.[0m
[32m[I 2022-04-13 17:19:18,926][0m Trial 993 finished with value: 0.745883205125419 and parameters: {'n_estimators': 581, 'min_samples_split': 0.17135196129693397, 'min_samples_leaf': 0.015209906035897135, 'min_weight_fraction_leaf': 0.060991823132567693, 'max_features': 0.5524582679160396, 'bootstrap': False, 'max_samples': 0.33721969745927605}. Best is trial 647 with value: 0.7566204211119171.[0m
[32m[I 2022-04-13 17:19:29,239][0m Trial 994 finished with value: 0.7489688367326514 and parameters: {'n_estimators': 518, 'min_samples_split': 0.2009167660413013, 'min_samples_leaf': 0.048602379195950444, 'min_weight_fraction_leaf': 0.04367686015928035, 'max_features': 0.5140439882281587, 'bootstrap': False, 'max_samples': 0.8097117548157383}. Best is trial 647 with value: 0.7566204211119171.[0m
