[32m[I 2022-04-13 16:22:12,936][0m Trial 617 finished with value: 0.7514066864274538 and parameters: {'n_estimators': 501, 'min_samples_split': 0.18329689246012737, 'min_samples_leaf': 0.04255083757801784, 'min_weight_fraction_leaf': 0.026070391180161575, 'max_features': 0.5648021072424498, 'bootstrap': False, 'max_samples': 0.8634199193464674}. Best is trial 88 with value: 0.7533408627023566.[0m
[32m[I 2022-04-13 16:22:23,871][0m Trial 618 finished with value: 0.7485209923280033 and parameters: {'n_estimators': 487, 'min_samples_split': 0.19549559094281777, 'min_samples_leaf': 0.032861524591282575, 'min_weight_fraction_leaf': 0.061118256215309814, 'max_features': 0.6075703128807158, 'bootstrap': False, 'max_samples': 0.8368580344437442}. Best is trial 88 with value: 0.7533408627023566.[0m
[32m[I 2022-04-13 16:22:41,657][0m Trial 619 finished with value: 0.7191968390960931 and parameters: {'n_estimators': 521, 'min_samples_split': 0.13043403432368056, 'min_samples_leaf': 0.011120479919238115, 'min_weight_fraction_leaf': 0.037971768439402726, 'max_features': 0.6522586702876682, 'bootstrap': False, 'max_samples': 0.9152802258444199}. Best is trial 88 with value: 0.7533408627023566.[0m
[32m[I 2022-04-13 16:22:53,075][0m Trial 620 finished with value: 0.7530199911543629 and parameters: {'n_estimators': 524, 'min_samples_split': 0.17350422759994766, 'min_samples_leaf': 0.04446310056974939, 'min_weight_fraction_leaf': 0.009223781498490728, 'max_features': 0.5477242979644514, 'bootstrap': False, 'max_samples': 0.901945605759102}. Best is trial 88 with value: 0.7533408627023566.[0m
[32m[I 2022-04-13 16:22:58,171][0m Trial 621 finished with value: 0.5851204349388597 and parameters: {'n_estimators': 531, 'min_samples_split': 0.14863300416234088, 'min_samples_leaf': 0.38109188328036614, 'min_weight_fraction_leaf': 0.006949269053971377, 'max_features': 0.5077157377120148, 'bootstrap': False, 'max_samples': 0.9038281205161127}. Best is trial 88 with value: 0.7533408627023566.[0m
[32m[I 2022-04-13 16:23:05,957][0m Trial 622 finished with value: 0.729035477875066 and parameters: {'n_estimators': 452, 'min_samples_split': 0.1845182268880614, 'min_samples_leaf': 0.1452450589560346, 'min_weight_fraction_leaf': 0.01992983310378873, 'max_features': 0.5332948749999614, 'bootstrap': False, 'max_samples': 0.8882731764083427}. Best is trial 88 with value: 0.7533408627023566.[0m
[32m[I 2022-04-13 16:23:18,364][0m Trial 623 finished with value: 0.7493988095421821 and parameters: {'n_estimators': 541, 'min_samples_split': 0.17018762842531854, 'min_samples_leaf': 0.05180387149260657, 'min_weight_fraction_leaf': 0.008270669575298277, 'max_features': 0.5393440440725558, 'bootstrap': False, 'max_samples': 0.951971199223767}. Best is trial 88 with value: 0.7533408627023566.[0m
[32m[I 2022-04-13 16:23:29,779][0m Trial 624 finished with value: 0.7355676918844367 and parameters: {'n_estimators': 542, 'min_samples_split': 0.15696532632303095, 'min_samples_leaf': 0.061675729712540706, 'min_weight_fraction_leaf': 0.01700836835832406, 'max_features': 0.5546437297318819, 'bootstrap': False, 'max_samples': 0.9206471833475254}. Best is trial 88 with value: 0.7533408627023566.[0m
[32m[I 2022-04-13 16:23:38,569][0m Trial 625 finished with value: 0.7341607645982932 and parameters: {'n_estimators': 516, 'min_samples_split': 0.16567776432174633, 'min_samples_leaf': 0.08031450746483751, 'min_weight_fraction_leaf': 0.011103626365692149, 'max_features': 0.4688695060406519, 'bootstrap': False, 'max_samples': 0.903820916383731}. Best is trial 88 with value: 0.7533408627023566.[0m
[32m[I 2022-04-13 16:23:50,112][0m Trial 626 finished with value: 0.7470910171086574 and parameters: {'n_estimators': 497, 'min_samples_split': 0.20120386251385353, 'min_samples_leaf': 0.04725021153125843, 'min_weight_fraction_leaf': 0.008163177449186345, 'max_features': 0.5126820818671971, 'bootstrap': False, 'max_samples': 0.9443206604138377}. Best is trial 88 with value: 0.7533408627023566.[0m
[32m[I 2022-04-13 16:24:02,140][0m Trial 627 finished with value: 0.7448654337146132 and parameters: {'n_estimators': 577, 'min_samples_split': 0.17446806644933793, 'min_samples_leaf': 0.05511445846052006, 'min_weight_fraction_leaf': 0.01581381272208826, 'max_features': 0.5499473882438646, 'bootstrap': False, 'max_samples': 0.8824032128960579}. Best is trial 88 with value: 0.7533408627023566.[0m
[32m[I 2022-04-13 16:24:15,021][0m Trial 628 finished with value: 0.7431634097355622 and parameters: {'n_estimators': 484, 'min_samples_split': 0.18956557857127276, 'min_samples_leaf': 0.02084336225462905, 'min_weight_fraction_leaf': 0.00034307980748823734, 'max_features': 0.5246252547267507, 'bootstrap': False, 'max_samples': 0.9270445272241796}. Best is trial 88 with value: 0.7533408627023566.[0m
[32m[I 2022-04-13 16:24:24,314][0m Trial 629 finished with value: 0.7367036070663463 and parameters: {'n_estimators': 550, 'min_samples_split': 0.17540586991393758, 'min_samples_leaf': 0.11304481084572268, 'min_weight_fraction_leaf': 0.02594920321135278, 'max_features': 0.570233584973316, 'bootstrap': False, 'max_samples': 0.8948174751789638}. Best is trial 88 with value: 0.7533408627023566.[0m
[32m[I 2022-04-13 16:24:33,368][0m Trial 630 finished with value: 0.730315813812528 and parameters: {'n_estimators': 530, 'min_samples_split': 0.2003740894340067, 'min_samples_leaf': 0.09037857016604889, 'min_weight_fraction_leaf': 0.03038522422949542, 'max_features': 0.4955007510613246, 'bootstrap': False, 'max_samples': 0.857783309643974}. Best is trial 88 with value: 0.7533408627023566.[0m
[32m[I 2022-04-13 16:24:48,063][0m Trial 631 finished with value: 0.7511849224904714 and parameters: {'n_estimators': 699, 'min_samples_split': 0.16389421106627988, 'min_samples_leaf': 0.039446577265043734, 'min_weight_fraction_leaf': 0.0016239769982806518, 'max_features': 0.5460908716387288, 'bootstrap': False, 'max_samples': 0.963739731706299}. Best is trial 88 with value: 0.7533408627023566.[0m
[32m[I 2022-04-13 16:25:03,631][0m Trial 632 finished with value: 0.7472369001044402 and parameters: {'n_estimators': 764, 'min_samples_split': 0.19085138121011364, 'min_samples_leaf': 0.06250870990874288, 'min_weight_fraction_leaf': 0.023859456477305942, 'max_features': 0.5270707656066198, 'bootstrap': False, 'max_samples': 0.8936477132692537}. Best is trial 88 with value: 0.7533408627023566.[0m
[32m[I 2022-04-13 16:25:07,354][0m Trial 633 finished with value: 0.7521052369978101 and parameters: {'n_estimators': 121, 'min_samples_split': 0.17748631188256545, 'min_samples_leaf': 0.04303941393650787, 'min_weight_fraction_leaf': 0.03624283636234377, 'max_features': 0.5745553261347052, 'bootstrap': False, 'max_samples': 0.8750282110051242}. Best is trial 88 with value: 0.7533408627023566.[0m
[32m[I 2022-04-13 16:25:10,106][0m Trial 634 finished with value: 0.7347036075552003 and parameters: {'n_estimators': 125, 'min_samples_split': 0.4469292017980913, 'min_samples_leaf': 0.06734842325926016, 'min_weight_fraction_leaf': 0.038676855545981145, 'max_features': 0.5671745142685698, 'bootstrap': False, 'max_samples': 0.861772879304281}. Best is trial 88 with value: 0.7533408627023566.[0m
[32m[I 2022-04-13 16:25:13,337][0m Trial 635 finished with value: 0.7030017553014605 and parameters: {'n_estimators': 170, 'min_samples_split': 0.20803809443489615, 'min_samples_leaf': 0.04733614693977178, 'min_weight_fraction_leaf': 0.2032269629649015, 'max_features': 0.5430697582672174, 'bootstrap': False, 'max_samples': 0.889072559351292}. Best is trial 88 with value: 0.7533408627023566.[0m
[32m[I 2022-04-13 16:25:18,136][0m Trial 636 finished with value: 0.7445951691433119 and parameters: {'n_estimators': 207, 'min_samples_split': 0.18616271707823392, 'min_samples_leaf': 0.05739772881684864, 'min_weight_fraction_leaf': 0.07222727833431543, 'max_features': 0.5142661044593101, 'bootstrap': False, 'max_samples': 0.8919203348283281}. Best is trial 88 with value: 0.7533408627023566.[0m
[32m[I 2022-04-13 16:25:20,276][0m Trial 637 finished with value: 0.6733298892221277 and parameters: {'n_estimators': 107, 'min_samples_split': 0.19715441083753138, 'min_samples_leaf': 0.24275128999156104, 'min_weight_fraction_leaf': 0.04951644318158849, 'max_features': 0.5719528247788999, 'bootstrap': False, 'max_samples': 0.8758199636433424}. Best is trial 88 with value: 0.7533408627023566.[0m
[32m[I 2022-04-13 16:25:25,181][0m Trial 638 finished with value: 0.7463982476291038 and parameters: {'n_estimators': 195, 'min_samples_split': 0.17994782065088502, 'min_samples_leaf': 0.03686501290604534, 'min_weight_fraction_leaf': 0.034833167668616695, 'max_features': 0.48669563791632114, 'bootstrap': False, 'max_samples': 0.9279505578984714}. Best is trial 88 with value: 0.7533408627023566.[0m
[32m[I 2022-04-13 16:25:29,438][0m Trial 639 finished with value: 0.7411362575457032 and parameters: {'n_estimators': 159, 'min_samples_split': 0.20267617252868092, 'min_samples_leaf': 0.04970702931645338, 'min_weight_fraction_leaf': 0.01618768083902522, 'max_features': 0.5494504666566203, 'bootstrap': False, 'max_samples': 0.8787364563739257}. Best is trial 88 with value: 0.7533408627023566.[0m
[32m[I 2022-04-13 16:25:43,035][0m Trial 640 finished with value: 0.7380194550507733 and parameters: {'n_estimators': 575, 'min_samples_split': 0.15301881009022048, 'min_samples_leaf': 0.04033010020343389, 'min_weight_fraction_leaf': 0.0627084764287723, 'max_features': 0.5227319086821623, 'bootstrap': False, 'max_samples': 0.8817707380388287}. Best is trial 88 with value: 0.7533408627023566.[0m
[32m[I 2022-04-13 16:25:52,104][0m Trial 641 finished with value: 0.7330505633414597 and parameters: {'n_estimators': 423, 'min_samples_split': 0.17400497553525332, 'min_samples_leaf': 0.07308823524388547, 'min_weight_fraction_leaf': 0.044877270755727165, 'max_features': 0.5878146696236992, 'bootstrap': False, 'max_samples': 0.8476896013962816}. Best is trial 88 with value: 0.7533408627023566.[0m
[32m[I 2022-04-13 16:26:06,560][0m Trial 642 finished with value: 0.7490833576803106 and parameters: {'n_estimators': 611, 'min_samples_split': 0.1919584168498002, 'min_samples_leaf': 0.03168815511661091, 'min_weight_fraction_leaf': 0.05328493653421436, 'max_features': 0.5566068039464291, 'bootstrap': False, 'max_samples': 0.8416387857723758}. Best is trial 88 with value: 0.7533408627023566.[0m
[32m[I 2022-04-13 16:26:10,481][0m Trial 643 finished with value: 0.7343242039795116 and parameters: {'n_estimators': 146, 'min_samples_split': 0.18144828299074695, 'min_samples_leaf': 0.05691532589778292, 'min_weight_fraction_leaf': 0.02996875167462652, 'max_features': 0.5340901735327445, 'bootstrap': False, 'max_samples': 0.8498047510422363}. Best is trial 88 with value: 0.7533408627023566.[0m
[32m[I 2022-04-13 16:26:14,540][0m Trial 644 finished with value: 0.7299763524901183 and parameters: {'n_estimators': 178, 'min_samples_split': 0.21163000282086, 'min_samples_leaf': 0.044908250799034266, 'min_weight_fraction_leaf': 0.0407395972645835, 'max_features': 0.4962838894186579, 'bootstrap': False, 'max_samples': 0.1902584798504396}. Best is trial 88 with value: 0.7533408627023566.[0m
[32m[I 2022-04-13 16:26:24,048][0m Trial 645 finished with value: 0.7407933157641575 and parameters: {'n_estimators': 379, 'min_samples_split': 0.16326555921370112, 'min_samples_leaf': 0.03827861107768828, 'min_weight_fraction_leaf': 0.0573666973720182, 'max_features': 0.5717961595150037, 'bootstrap': False, 'max_samples': 0.9035443566696091}. Best is trial 88 with value: 0.7533408627023566.[0m
[32m[I 2022-04-13 16:26:27,332][0m Trial 646 finished with value: 0.7283669808203361 and parameters: {'n_estimators': 141, 'min_samples_split': 0.1947956339939541, 'min_samples_leaf': 0.06478715758741163, 'min_weight_fraction_leaf': 0.13759609441170506, 'max_features': 0.5108233457906751, 'bootstrap': False, 'max_samples': 0.8673416571364853}. Best is trial 88 with value: 0.7533408627023566.[0m
[32m[I 2022-04-13 16:26:30,898][0m Trial 647 finished with value: 0.7566204211119171 and parameters: {'n_estimators': 100, 'min_samples_split': 0.1823316131264906, 'min_samples_leaf': 0.050091665904561135, 'min_weight_fraction_leaf': 0.023184957262683298, 'max_features': 0.6029199291777201, 'bootstrap': False, 'max_samples': 0.9086856608815692}. Best is trial 647 with value: 0.7566204211119171.[0m
[32m[I 2022-04-13 16:26:34,137][0m Trial 648 finished with value: 0.7403233491401021 and parameters: {'n_estimators': 117, 'min_samples_split': 0.20184591316111397, 'min_samples_leaf': 0.05376540984940674, 'min_weight_fraction_leaf': 0.014458865438281012, 'max_features': 0.6215609009054328, 'bootstrap': False, 'max_samples': 0.9142761422899522}. Best is trial 647 with value: 0.7566204211119171.[0m
[32m[I 2022-04-13 16:26:37,449][0m Trial 649 finished with value: 0.7331837071602025 and parameters: {'n_estimators': 119, 'min_samples_split': 0.18723666248644974, 'min_samples_leaf': 0.07904129843454889, 'min_weight_fraction_leaf': 0.02307047933246333, 'max_features': 0.6030645228433228, 'bootstrap': False, 'max_samples': 0.8810750027440237}. Best is trial 647 with value: 0.7566204211119171.[0m
[32m[I 2022-04-13 16:26:39,836][0m Trial 650 finished with value: 0.6758833595772683 and parameters: {'n_estimators': 110, 'min_samples_split': 0.21953812995206054, 'min_samples_leaf': 0.06103612691717945, 'min_weight_fraction_leaf': 0.25952331608473156, 'max_features': 0.6400429838980888, 'bootstrap': False, 'max_samples': 0.9623730714660792}. Best is trial 647 with value: 0.7566204211119171.[0m
[32m[I 2022-04-13 16:26:43,213][0m Trial 651 finished with value: 0.7425323076288857 and parameters: {'n_estimators': 100, 'min_samples_split': 0.19579134794104053, 'min_samples_leaf': 0.04867027455057954, 'min_weight_fraction_leaf': 0.013923427063936185, 'max_features': 0.6855954129733811, 'bootstrap': False, 'max_samples': 0.9063619508269297}. Best is trial 647 with value: 0.7566204211119171.[0m
[32m[I 2022-04-13 16:26:47,715][0m Trial 652 finished with value: 0.6243658432171408 and parameters: {'n_estimators': 406, 'min_samples_split': 0.1818284566834405, 'min_samples_leaf': 0.07181063134491147, 'min_weight_fraction_leaf': 0.33328787101223434, 'max_features': 0.602862654361094, 'bootstrap': False, 'max_samples': 0.8969836921183502}. Best is trial 647 with value: 0.7566204211119171.[0m
[32m[I 2022-04-13 16:27:01,155][0m Trial 653 finished with value: 0.7400456050591566 and parameters: {'n_estimators': 733, 'min_samples_split': 0.20989030642641102, 'min_samples_leaf': 0.05776892301057934, 'min_weight_fraction_leaf': 0.06748303874679869, 'max_features': 0.5913758183347997, 'bootstrap': False, 'max_samples': 0.8511797854658512}. Best is trial 647 with value: 0.7566204211119171.[0m
[32m[I 2022-04-13 16:27:04,122][0m Trial 654 finished with value: 0.7375432057008947 and parameters: {'n_estimators': 100, 'min_samples_split': 0.22884879220046975, 'min_samples_leaf': 0.04626317886837712, 'min_weight_fraction_leaf': 0.002666201448149004, 'max_features': 0.6170962376664942, 'bootstrap': False, 'max_samples': 0.8745739486085253}. Best is trial 647 with value: 0.7566204211119171.[0m
[32m[I 2022-04-13 16:27:12,111][0m Trial 655 finished with value: 0.6748467691850085 and parameters: {'n_estimators': 560, 'min_samples_split': 0.18971462244641818, 'min_samples_leaf': 0.029410904977382548, 'min_weight_fraction_leaf': 0.22955409135891425, 'max_features': 0.5804092583851845, 'bootstrap': False, 'max_samples': 0.9119820318120253}. Best is trial 647 with value: 0.7566204211119171.[0m
[32m[I 2022-04-13 16:27:14,471][0m Trial 656 finished with value: 0.670251576178237 and parameters: {'n_estimators': 107, 'min_samples_split': 0.03985731149799368, 'min_samples_leaf': 0.043475372943898485, 'min_weight_fraction_leaf': 0.2784973805389853, 'max_features': 0.6386241535908904, 'bootstrap': False, 'max_samples': 0.8999008980888388}. Best is trial 647 with value: 0.7566204211119171.[0m
[32m[I 2022-04-13 16:27:25,469][0m Trial 657 finished with value: 0.747074163568604 and parameters: {'n_estimators': 598, 'min_samples_split': 0.2056558057299074, 'min_samples_leaf': 0.054762549786673075, 'min_weight_fraction_leaf': 0.02598563027112731, 'max_features': 0.6141643096646984, 'bootstrap': False, 'max_samples': 0.8537002996886002}. Best is trial 647 with value: 0.7566204211119171.[0m
[32m[I 2022-04-13 16:27:29,002][0m Trial 658 finished with value: 0.7267467210834782 and parameters: {'n_estimators': 136, 'min_samples_split': 0.1756891189823093, 'min_samples_leaf': 0.03151080158028484, 'min_weight_fraction_leaf': 0.07948277684731136, 'max_features': 0.5826533232566755, 'bootstrap': False, 'max_samples': 0.9328481851498817}. Best is trial 647 with value: 0.7566204211119171.[0m
[32m[I 2022-04-13 16:27:31,860][0m Trial 659 finished with value: 0.3961998110000204 and parameters: {'n_estimators': 155, 'min_samples_split': 0.19661564790619881, 'min_samples_leaf': 0.06966706561225276, 'min_weight_fraction_leaf': 0.4485307005652166, 'max_features': 0.655531149818151, 'bootstrap': False, 'max_samples': 0.9476807987399639}. Best is trial 647 with value: 0.7566204211119171.[0m
[32m[I 2022-04-13 16:27:34,857][0m Trial 660 finished with value: 0.7510154839663461 and parameters: {'n_estimators': 115, 'min_samples_split': 0.18546855513794502, 'min_samples_leaf': 0.0420727562280552, 'min_weight_fraction_leaf': 0.041700129981309585, 'max_features': 0.562998487180755, 'bootstrap': False, 'max_samples': 0.8737140213335248}. Best is trial 647 with value: 0.7566204211119171.[0m
[32m[I 2022-04-13 16:27:46,890][0m Trial 661 finished with value: 0.7508287676358762 and parameters: {'n_estimators': 537, 'min_samples_split': 0.1760004486473737, 'min_samples_leaf': 0.026802045804266265, 'min_weight_fraction_leaf': 0.05143192131523802, 'max_features': 0.6026267975575238, 'bootstrap': False, 'max_samples': 0.834662877976207}. Best is trial 647 with value: 0.7566204211119171.[0m
[32m[I 2022-04-13 16:27:50,434][0m Trial 662 finished with value: 0.7439898777648526 and parameters: {'n_estimators': 120, 'min_samples_split': 0.20369942009562172, 'min_samples_leaf': 0.05262568787943893, 'min_weight_fraction_leaf': 0.03195966095529445, 'max_features': 0.5770069861542637, 'bootstrap': False, 'max_samples': 0.9268531760296164}. Best is trial 647 with value: 0.7566204211119171.[0m
[32m[I 2022-04-13 16:27:53,808][0m Trial 663 finished with value: 0.7415487743300464 and parameters: {'n_estimators': 130, 'min_samples_split': 0.19158122880386835, 'min_samples_leaf': 0.06417405261708667, 'min_weight_fraction_leaf': 0.022007219831499742, 'max_features': 0.5528484816388969, 'bootstrap': False, 'max_samples': 0.944268482841021}. Best is trial 647 with value: 0.7566204211119171.[0m
[32m[I 2022-04-13 16:27:58,737][0m Trial 664 finished with value: 0.7259510544614869 and parameters: {'n_estimators': 190, 'min_samples_split': 0.21360064844339163, 'min_samples_leaf': 0.036977250039666267, 'min_weight_fraction_leaf': 0.05930505958833987, 'max_features': 0.6252991332617038, 'bootstrap': False, 'max_samples': 0.9286492264679426}. Best is trial 647 with value: 0.7566204211119171.[0m
[32m[I 2022-04-13 16:28:03,333][0m Trial 665 finished with value: 0.49133375714234206 and parameters: {'n_estimators': 521, 'min_samples_split': 0.18345562784492703, 'min_samples_leaf': 0.4294797214020664, 'min_weight_fraction_leaf': 0.045777044914166426, 'max_features': 0.5959110987077189, 'bootstrap': False, 'max_samples': 0.8926602702514103}. Best is trial 647 with value: 0.7566204211119171.[0m
[32m[I 2022-04-13 16:28:14,842][0m Trial 666 finished with value: 0.7486322472400786 and parameters: {'n_estimators': 571, 'min_samples_split': 0.19903422809961255, 'min_samples_leaf': 0.05042426013930694, 'min_weight_fraction_leaf': 0.03677718965541443, 'max_features': 0.5654352951493726, 'bootstrap': False, 'max_samples': 0.8652927134452286}. Best is trial 647 with value: 0.7566204211119171.[0m
[32m[I 2022-04-13 16:28:18,148][0m Trial 667 finished with value: 0.7430159684437043 and parameters: {'n_estimators': 104, 'min_samples_split': 0.2200752295410455, 'min_samples_leaf': 0.02638451712656229, 'min_weight_fraction_leaf': 0.06874913155929183, 'max_features': 0.5450918458208323, 'bootstrap': False, 'max_samples': 0.912603319408812}. Best is trial 647 with value: 0.7566204211119171.[0m
[32m[I 2022-04-13 16:28:21,015][0m Trial 668 finished with value: 0.7373391237619922 and parameters: {'n_estimators': 103, 'min_samples_split': 0.17247068166948834, 'min_samples_leaf': 0.08608873642885334, 'min_weight_fraction_leaf': 0.05156614498840279, 'max_features': 0.588348202682216, 'bootstrap': False, 'max_samples': 0.633614985072435}. Best is trial 647 with value: 0.7566204211119171.[0m
[32m[I 2022-04-13 16:28:24,399][0m Trial 669 finished with value: 0.7296481122848263 and parameters: {'n_estimators': 125, 'min_samples_split': 0.19079284821818837, 'min_samples_leaf': 0.04009435368677978, 'min_weight_fraction_leaf': 0.09154007845866094, 'max_features': 0.6115339831835505, 'bootstrap': False, 'max_samples': 0.5599883894210085}. Best is trial 647 with value: 0.7566204211119171.[0m
[32m[I 2022-04-13 16:28:35,474][0m Trial 670 finished with value: 0.745842758985695 and parameters: {'n_estimators': 547, 'min_samples_split': 0.2058640858307638, 'min_samples_leaf': 0.062113352056373944, 'min_weight_fraction_leaf': 0.012704859408158811, 'max_features': 0.5746475021643601, 'bootstrap': False, 'max_samples': 0.846596212209323}. Best is trial 647 with value: 0.7566204211119171.[0m
