[32m[I 2022-04-13 14:53:43,656][0m Trial 80 finished with value: 0.7304684640993548 and parameters: {'n_estimators': 994, 'min_samples_split': 0.14119972881222287, 'min_samples_leaf': 0.03613458622463151, 'min_weight_fraction_leaf': 0.03578262425280188, 'max_features': 0.3650008670827809, 'bootstrap': False, 'max_samples': 0.5215840725054395}. Best is trial 76 with value: 0.7489529081394675.[0m
[32m[I 2022-04-13 14:53:49,065][0m Trial 81 finished with value: 0.6228933348447476 and parameters: {'n_estimators': 485, 'min_samples_split': 0.47660281142937744, 'min_samples_leaf': 0.02528482441797117, 'min_weight_fraction_leaf': 0.32553305036668073, 'max_features': 0.4431640216278391, 'bootstrap': False, 'max_samples': 0.4351128095159159}. Best is trial 76 with value: 0.7489529081394675.[0m
[32m[I 2022-04-13 14:53:58,494][0m Trial 82 finished with value: 0.7260255485672806 and parameters: {'n_estimators': 625, 'min_samples_split': 0.18560040853618484, 'min_samples_leaf': 0.01622935457533682, 'min_weight_fraction_leaf': 0.07375500635689074, 'max_features': 0.34466327183837064, 'bootstrap': False, 'max_samples': 0.5022531624485346}. Best is trial 76 with value: 0.7489529081394675.[0m
[32m[I 2022-04-13 14:54:06,935][0m Trial 83 finished with value: 0.7137972436793854 and parameters: {'n_estimators': 524, 'min_samples_split': 0.22227287925519654, 'min_samples_leaf': 0.0448619175039789, 'min_weight_fraction_leaf': 0.028825491083301895, 'max_features': 0.2893721134389374, 'bootstrap': False, 'max_samples': 0.6082976423638764}. Best is trial 76 with value: 0.7489529081394675.[0m
[32m[I 2022-04-13 14:54:20,590][0m Trial 84 finished with value: 0.738364931182111 and parameters: {'n_estimators': 640, 'min_samples_split': 0.16363768366300563, 'min_samples_leaf': 0.014086194949924101, 'min_weight_fraction_leaf': 0.013161326392333238, 'max_features': 0.39142118631677353, 'bootstrap': False, 'max_samples': 0.5567467998522121}. Best is trial 76 with value: 0.7489529081394675.[0m
[32m[I 2022-04-13 14:54:35,044][0m Trial 85 finished with value: 0.7346880634700902 and parameters: {'n_estimators': 788, 'min_samples_split': 0.11427137426618014, 'min_samples_leaf': 0.06280653303538432, 'min_weight_fraction_leaf': 0.04173839129290231, 'max_features': 0.436819624553404, 'bootstrap': False, 'max_samples': 0.40212145324648996}. Best is trial 76 with value: 0.7489529081394675.[0m
[32m[I 2022-04-13 14:54:42,780][0m Trial 86 finished with value: 0.7065927465085148 and parameters: {'n_estimators': 562, 'min_samples_split': 0.13309681435495369, 'min_samples_leaf': 0.03931284097907128, 'min_weight_fraction_leaf': 0.06411738208864015, 'max_features': 0.2292832336808346, 'bootstrap': False, 'max_samples': 0.4987145442509522}. Best is trial 76 with value: 0.7489529081394675.[0m
[32m[I 2022-04-13 14:54:52,465][0m Trial 87 finished with value: 0.7280170750193473 and parameters: {'n_estimators': 593, 'min_samples_split': 0.1530624085510052, 'min_samples_leaf': 0.024134069710267193, 'min_weight_fraction_leaf': 0.00032031466983894336, 'max_features': 0.11305560086481936, 'bootstrap': False, 'max_samples': 0.45473721274563794}. Best is trial 76 with value: 0.7489529081394675.[0m
[32m[I 2022-04-13 14:55:07,338][0m Trial 88 finished with value: 0.7533408627023566 and parameters: {'n_estimators': 753, 'min_samples_split': 0.17371966000344163, 'min_samples_leaf': 0.05105747024997283, 'min_weight_fraction_leaf': 0.050445833898901754, 'max_features': 0.5080799142026632, 'bootstrap': False, 'max_samples': 0.6005890852352572}. Best is trial 88 with value: 0.7533408627023566.[0m
[32m[I 2022-04-13 14:55:15,290][0m Trial 89 finished with value: 0.7360770900477072 and parameters: {'n_estimators': 691, 'min_samples_split': 0.24235057114184513, 'min_samples_leaf': 0.05202973399155353, 'min_weight_fraction_leaf': 0.05193623817648206, 'max_features': 0.49926953440417454, 'bootstrap': True, 'max_samples': 0.6232506508364403, 'oob_score': False}. Best is trial 88 with value: 0.7533408627023566.[0m
[32m[I 2022-04-13 14:55:26,378][0m Trial 90 finished with value: 0.7305574186685087 and parameters: {'n_estimators': 824, 'min_samples_split': 0.1739181266952296, 'min_samples_leaf': 0.057866599312314526, 'min_weight_fraction_leaf': 0.1066085546322226, 'max_features': 0.4110736783333469, 'bootstrap': False, 'max_samples': 0.6940695439049718}. Best is trial 88 with value: 0.7533408627023566.[0m
[32m[I 2022-04-13 14:55:36,277][0m Trial 91 finished with value: 0.724255452919488 and parameters: {'n_estimators': 723, 'min_samples_split': 0.18807884188225912, 'min_samples_leaf': 0.07213794886156878, 'min_weight_fraction_leaf': 0.029602816842843674, 'max_features': 0.3384558321708443, 'bootstrap': False, 'max_samples': 0.5090751906417713}. Best is trial 88 with value: 0.7533408627023566.[0m
[32m[I 2022-04-13 14:55:45,595][0m Trial 92 finished with value: 0.7475535643512631 and parameters: {'n_estimators': 449, 'min_samples_split': 0.20881076355704556, 'min_samples_leaf': 0.02537256441692897, 'min_weight_fraction_leaf': 0.015070049825053588, 'max_features': 0.3753741612459623, 'bootstrap': False, 'max_samples': 0.5639010674922967}. Best is trial 88 with value: 0.7533408627023566.[0m
[32m[I 2022-04-13 14:55:53,221][0m Trial 93 finished with value: 0.7203127850310633 and parameters: {'n_estimators': 452, 'min_samples_split': 0.21421544758698538, 'min_samples_leaf': 0.006568714500047248, 'min_weight_fraction_leaf': 0.0753481256471599, 'max_features': 0.2995901683700185, 'bootstrap': False, 'max_samples': 0.5799366012563029}. Best is trial 88 with value: 0.7533408627023566.[0m
[32m[I 2022-04-13 14:56:00,208][0m Trial 94 finished with value: 0.7147166943895076 and parameters: {'n_estimators': 518, 'min_samples_split': 0.26050852949697145, 'min_samples_leaf': 0.02807638538718565, 'min_weight_fraction_leaf': 0.019239250910812036, 'max_features': 0.251281391160998, 'bootstrap': False, 'max_samples': 0.5513556143546495}. Best is trial 88 with value: 0.7533408627023566.[0m
[32m[I 2022-04-13 14:56:07,869][0m Trial 95 finished with value: 0.7162032810431522 and parameters: {'n_estimators': 643, 'min_samples_split': 0.20490742458158123, 'min_samples_leaf': 0.04196170242971817, 'min_weight_fraction_leaf': 0.17138555500121463, 'max_features': 0.3646124753916067, 'bootstrap': False, 'max_samples': 0.6327897060704284}. Best is trial 88 with value: 0.7533408627023566.[0m
[32m[I 2022-04-13 14:56:15,498][0m Trial 96 finished with value: 0.7299521549933058 and parameters: {'n_estimators': 478, 'min_samples_split': 0.23496731665145976, 'min_samples_leaf': 0.0694117219125368, 'min_weight_fraction_leaf': 0.04571225286438819, 'max_features': 0.3884939772997484, 'bootstrap': False, 'max_samples': 0.5349625529861717}. Best is trial 88 with value: 0.7533408627023566.[0m
[32m[I 2022-04-13 14:56:20,452][0m Trial 97 finished with value: 0.3854278001738127 and parameters: {'n_estimators': 590, 'min_samples_split': 0.1602608286690094, 'min_samples_leaf': 0.46600075385363704, 'min_weight_fraction_leaf': 0.059989579996292786, 'max_features': 0.31018126967928145, 'bootstrap': False, 'max_samples': 0.7923668847626106}. Best is trial 88 with value: 0.7533408627023566.[0m
[32m[I 2022-04-13 14:56:30,916][0m Trial 98 finished with value: 0.7308557937495455 and parameters: {'n_estimators': 670, 'min_samples_split': 0.1735473708492782, 'min_samples_leaf': 0.05331729281107128, 'min_weight_fraction_leaf': 0.03293180224077499, 'max_features': 0.3463903801527163, 'bootstrap': False, 'max_samples': 0.654574231955058}. Best is trial 88 with value: 0.7533408627023566.[0m
[32m[I 2022-04-13 14:56:41,790][0m Trial 99 finished with value: 0.7178176392935923 and parameters: {'n_estimators': 879, 'min_samples_split': 0.19111327542785142, 'min_samples_leaf': 0.038155914508656325, 'min_weight_fraction_leaf': 0.19960369178516732, 'max_features': 0.417739492303004, 'bootstrap': False, 'max_samples': 0.6043474190025461}. Best is trial 88 with value: 0.7533408627023566.[0m
[32m[I 2022-04-13 14:56:54,191][0m Trial 100 finished with value: 0.7418727972555754 and parameters: {'n_estimators': 538, 'min_samples_split': 0.14209428810580305, 'min_samples_leaf': 0.006731090160975367, 'min_weight_fraction_leaf': 0.09363678613371292, 'max_features': 0.5012931068224926, 'bootstrap': False, 'max_samples': 0.5660208242634315}. Best is trial 88 with value: 0.7533408627023566.[0m
[32m[I 2022-04-13 14:57:04,996][0m Trial 101 finished with value: 0.7349651994749405 and parameters: {'n_estimators': 536, 'min_samples_split': 0.13979457957360159, 'min_samples_leaf': 0.00973377221918647, 'min_weight_fraction_leaf': 0.1229689923787656, 'max_features': 0.5274647994211195, 'bootstrap': False, 'max_samples': 0.5633369117572482}. Best is trial 88 with value: 0.7533408627023566.[0m
[32m[I 2022-04-13 14:57:14,659][0m Trial 102 finished with value: 0.7285473765754845 and parameters: {'n_estimators': 504, 'min_samples_split': 0.14914662035670798, 'min_samples_leaf': 0.029349839764233124, 'min_weight_fraction_leaf': 0.09520553561551542, 'max_features': 0.49613656478929996, 'bootstrap': False, 'max_samples': 0.4873171038670768}. Best is trial 88 with value: 0.7533408627023566.[0m
[32m[I 2022-04-13 14:57:21,243][0m Trial 103 finished with value: 0.6548271468746684 and parameters: {'n_estimators': 740, 'min_samples_split': 0.19746918776307357, 'min_samples_leaf': 0.31314997778075393, 'min_weight_fraction_leaf': 0.06409538771247898, 'max_features': 0.45465644094853125, 'bootstrap': False, 'max_samples': 0.4356972654326643}. Best is trial 88 with value: 0.7533408627023566.[0m
[32m[I 2022-04-13 14:57:31,493][0m Trial 104 finished with value: 0.7318650338700146 and parameters: {'n_estimators': 602, 'min_samples_split': 0.22552833159197377, 'min_samples_leaf': 0.019561961291501964, 'min_weight_fraction_leaf': 0.08175975607022799, 'max_features': 0.3906841426429021, 'bootstrap': False, 'max_samples': 0.5884251990695873}. Best is trial 88 with value: 0.7533408627023566.[0m
[32m[I 2022-04-13 14:57:39,342][0m Trial 105 finished with value: 0.7241006829931736 and parameters: {'n_estimators': 493, 'min_samples_split': 0.18313514629423114, 'min_samples_leaf': 0.008780327895436861, 'min_weight_fraction_leaf': 0.13439864957579092, 'max_features': 0.378573550962193, 'bootstrap': False, 'max_samples': 0.5203571021645451}. Best is trial 88 with value: 0.7533408627023566.[0m
[32m[I 2022-04-13 14:57:51,378][0m Trial 106 finished with value: 0.7424214510972489 and parameters: {'n_estimators': 456, 'min_samples_split': 0.12089471708575539, 'min_samples_leaf': 0.0013930779280405883, 'min_weight_fraction_leaf': 0.02222895186272713, 'max_features': 0.45051801722259294, 'bootstrap': False, 'max_samples': 0.47282268094353214}. Best is trial 88 with value: 0.7533408627023566.[0m
[32m[I 2022-04-13 14:57:56,152][0m Trial 107 finished with value: 0.5867776434003057 and parameters: {'n_estimators': 440, 'min_samples_split': 0.15946296537379984, 'min_samples_leaf': 0.002999406490461407, 'min_weight_fraction_leaf': 0.37871954443546374, 'max_features': 0.2642300950912836, 'bootstrap': False, 'max_samples': 0.5423562202552799}. Best is trial 88 with value: 0.7533408627023566.[0m
[32m[I 2022-04-13 14:58:06,207][0m Trial 108 finished with value: 0.7422218761456781 and parameters: {'n_estimators': 465, 'min_samples_split': 0.16837277343390275, 'min_samples_leaf': 0.02531008350286281, 'min_weight_fraction_leaf': 0.04967240638592012, 'max_features': 0.4548773635053426, 'bootstrap': True, 'max_samples': 0.7005096722216355, 'oob_score': True}. Best is trial 88 with value: 0.7533408627023566.[0m
[32m[I 2022-04-13 14:58:15,513][0m Trial 109 finished with value: 0.7367493497039848 and parameters: {'n_estimators': 426, 'min_samples_split': 0.1697664335715842, 'min_samples_leaf': 0.025449597176407924, 'min_weight_fraction_leaf': 0.03309519404359634, 'max_features': 0.5396352307985808, 'bootstrap': True, 'max_samples': 0.7350077548837817, 'oob_score': True}. Best is trial 88 with value: 0.7533408627023566.[0m
[32m[I 2022-04-13 14:58:24,074][0m Trial 110 finished with value: 0.7401512318099883 and parameters: {'n_estimators': 466, 'min_samples_split': 0.2050540404431513, 'min_samples_leaf': 0.013726529916377931, 'min_weight_fraction_leaf': 0.025110751094694482, 'max_features': 0.4505285088437413, 'bootstrap': True, 'max_samples': 0.7282928555282919, 'oob_score': True}. Best is trial 88 with value: 0.7533408627023566.[0m
[32m[I 2022-04-13 14:58:34,259][0m Trial 111 finished with value: 0.7194433646346245 and parameters: {'n_estimators': 556, 'min_samples_split': 0.14174417155636088, 'min_samples_leaf': 0.05221611005528443, 'min_weight_fraction_leaf': 0.05039671894033256, 'max_features': 0.9975876074315568, 'bootstrap': True, 'max_samples': 0.5085186385002186, 'oob_score': True}. Best is trial 88 with value: 0.7533408627023566.[0m
[32m[I 2022-04-13 14:58:42,593][0m Trial 112 finished with value: 0.7416941779783223 and parameters: {'n_estimators': 370, 'min_samples_split': 0.13220825764944755, 'min_samples_leaf': 0.0012348275143281642, 'min_weight_fraction_leaf': 0.04224414718965274, 'max_features': 0.4934733606436515, 'bootstrap': True, 'max_samples': 0.6980003258798271, 'oob_score': True}. Best is trial 88 with value: 0.7533408627023566.[0m
[32m[I 2022-04-13 14:58:50,626][0m Trial 113 finished with value: 0.7377030990966985 and parameters: {'n_estimators': 384, 'min_samples_split': 0.1793690770579799, 'min_samples_leaf': 0.03224251985447538, 'min_weight_fraction_leaf': 0.03966357195842292, 'max_features': 0.5036792469077722, 'bootstrap': True, 'max_samples': 0.854513413621723, 'oob_score': True}. Best is trial 88 with value: 0.7533408627023566.[0m
[32m[I 2022-04-13 14:59:06,841][0m Trial 114 finished with value: 0.7473844252165066 and parameters: {'n_estimators': 833, 'min_samples_split': 0.15643759573717003, 'min_samples_leaf': 0.021353836990956478, 'min_weight_fraction_leaf': 0.011068178991652688, 'max_features': 0.5808789486382697, 'bootstrap': True, 'max_samples': 0.7021837773472756, 'oob_score': True}. Best is trial 88 with value: 0.7533408627023566.[0m
[32m[I 2022-04-13 14:59:24,279][0m Trial 115 finished with value: 0.742748489901697 and parameters: {'n_estimators': 822, 'min_samples_split': 0.1634605584851568, 'min_samples_leaf': 0.024151965537171992, 'min_weight_fraction_leaf': 0.012434630829743262, 'max_features': 0.6056117055254019, 'bootstrap': True, 'max_samples': 0.7804260610338312, 'oob_score': True}. Best is trial 88 with value: 0.7533408627023566.[0m
[32m[I 2022-04-13 14:59:41,798][0m Trial 116 finished with value: 0.742748489901697 and parameters: {'n_estimators': 820, 'min_samples_split': 0.16506110658523504, 'min_samples_leaf': 0.023324119673835065, 'min_weight_fraction_leaf': 0.012596248286487782, 'max_features': 0.6160959521936498, 'bootstrap': True, 'max_samples': 0.7794884964378949, 'oob_score': True}. Best is trial 88 with value: 0.7533408627023566.[0m
[32m[I 2022-04-13 14:59:57,467][0m Trial 117 finished with value: 0.7439218885128546 and parameters: {'n_estimators': 823, 'min_samples_split': 0.15851141886481346, 'min_samples_leaf': 0.07728006504659964, 'min_weight_fraction_leaf': 0.009649323297233801, 'max_features': 0.5875630365177446, 'bootstrap': True, 'max_samples': 0.7837066132635754, 'oob_score': True}. Best is trial 88 with value: 0.7533408627023566.[0m
[32m[I 2022-04-13 15:00:12,199][0m Trial 118 finished with value: 0.740160190998916 and parameters: {'n_estimators': 825, 'min_samples_split': 0.18955155407148494, 'min_samples_leaf': 0.07601240446544669, 'min_weight_fraction_leaf': 0.010614686028107981, 'max_features': 0.5805946450521156, 'bootstrap': True, 'max_samples': 0.795674862815926, 'oob_score': True}. Best is trial 88 with value: 0.7533408627023566.[0m
[32m[I 2022-04-13 15:00:29,319][0m Trial 119 finished with value: 0.7357451613243683 and parameters: {'n_estimators': 924, 'min_samples_split': 0.15661607145088266, 'min_samples_leaf': 0.06435091117363648, 'min_weight_fraction_leaf': 0.011571204673350818, 'max_features': 0.6122318458240912, 'bootstrap': True, 'max_samples': 0.8218737937930809, 'oob_score': True}. Best is trial 88 with value: 0.7533408627023566.[0m
[32m[I 2022-04-13 15:00:43,211][0m Trial 120 finished with value: 0.732567342433376 and parameters: {'n_estimators': 838, 'min_samples_split': 0.17750406537735142, 'min_samples_leaf': 0.09929388859686894, 'min_weight_fraction_leaf': 0.01035862956998028, 'max_features': 0.6182602675743298, 'bootstrap': True, 'max_samples': 0.7601055488794254, 'oob_score': True}. Best is trial 88 with value: 0.7533408627023566.[0m
[32m[I 2022-04-13 15:00:57,259][0m Trial 121 finished with value: 0.7360577973921725 and parameters: {'n_estimators': 767, 'min_samples_split': 0.1501622765213333, 'min_samples_leaf': 0.0400697876680294, 'min_weight_fraction_leaf': 0.0234326476262488, 'max_features': 0.5922753642398825, 'bootstrap': True, 'max_samples': 0.7654594582188097, 'oob_score': True}. Best is trial 88 with value: 0.7533408627023566.[0m
[32m[I 2022-04-13 15:01:16,649][0m Trial 122 finished with value: 0.7449382315572464 and parameters: {'n_estimators': 868, 'min_samples_split': 0.16373592928717584, 'min_samples_leaf': 0.01881330600133122, 'min_weight_fraction_leaf': 0.0184649160105755, 'max_features': 0.5429163316953614, 'bootstrap': True, 'max_samples': 0.6783099683761782, 'oob_score': True}. Best is trial 88 with value: 0.7533408627023566.[0m
[32m[I 2022-04-13 15:01:37,428][0m Trial 123 finished with value: 0.7395836886202235 and parameters: {'n_estimators': 961, 'min_samples_split': 0.16313353810106987, 'min_samples_leaf': 0.04699051987348146, 'min_weight_fraction_leaf': 0.005523724010342831, 'max_features': 0.5523947585556845, 'bootstrap': True, 'max_samples': 0.8268589567260839, 'oob_score': True}. Best is trial 88 with value: 0.7533408627023566.[0m
[32m[I 2022-04-13 15:01:57,258][0m Trial 124 finished with value: 0.733997963185926 and parameters: {'n_estimators': 868, 'min_samples_split': 0.19569576459309873, 'min_samples_leaf': 0.018833322401729843, 'min_weight_fraction_leaf': 0.03495000844805706, 'max_features': 0.6339180675977081, 'bootstrap': True, 'max_samples': 0.7743125180754454, 'oob_score': True}. Best is trial 88 with value: 0.7533408627023566.[0m
[32m[I 2022-04-13 15:02:13,823][0m Trial 125 finished with value: 0.7440696843050905 and parameters: {'n_estimators': 765, 'min_samples_split': 0.2093093118597505, 'min_samples_leaf': 0.033404378204783855, 'min_weight_fraction_leaf': 0.00024159765318539257, 'max_features': 0.5694624806105316, 'bootstrap': True, 'max_samples': 0.9346804453807838, 'oob_score': True}. Best is trial 88 with value: 0.7533408627023566.[0m
[32m[I 2022-04-13 15:02:28,798][0m Trial 126 finished with value: 0.7371606284948395 and parameters: {'n_estimators': 796, 'min_samples_split': 0.1794199868817574, 'min_samples_leaf': 0.029515257897756993, 'min_weight_fraction_leaf': 0.01654963976360356, 'max_features': 0.6515554416987674, 'bootstrap': True, 'max_samples': 0.6518768867158946, 'oob_score': True}. Best is trial 88 with value: 0.7533408627023566.[0m
[32m[I 2022-04-13 15:02:45,417][0m Trial 127 finished with value: 0.7424784369339574 and parameters: {'n_estimators': 730, 'min_samples_split': 0.21542320590773845, 'min_samples_leaf': 0.016965290239397423, 'min_weight_fraction_leaf': 0.0035919067799151873, 'max_features': 0.5406521308619779, 'bootstrap': True, 'max_samples': 0.9418601842472354, 'oob_score': True}. Best is trial 88 with value: 0.7533408627023566.[0m
[32m[I 2022-04-13 15:03:01,152][0m Trial 128 finished with value: 0.7463635240092155 and parameters: {'n_estimators': 687, 'min_samples_split': 0.16748004462565338, 'min_samples_leaf': 0.038538121762175165, 'min_weight_fraction_leaf': 0.0275684107577326, 'max_features': 0.5701744084112197, 'bootstrap': True, 'max_samples': 0.9873498996160819, 'oob_score': True}. Best is trial 88 with value: 0.7533408627023566.[0m
[32m[I 2022-04-13 15:03:14,057][0m Trial 129 finished with value: 0.7369051974573944 and parameters: {'n_estimators': 674, 'min_samples_split': 0.20906612532534105, 'min_samples_leaf': 0.061209281790109316, 'min_weight_fraction_leaf': 0.027631191361199188, 'max_features': 0.5687959833989024, 'bootstrap': True, 'max_samples': 0.925922236931272, 'oob_score': True}. Best is trial 88 with value: 0.7533408627023566.[0m
[32m[I 2022-04-13 15:03:25,209][0m Trial 130 finished with value: 0.6850256324824125 and parameters: {'n_estimators': 701, 'min_samples_split': 0.15321665240541807, 'min_samples_leaf': 0.03830086212823661, 'min_weight_fraction_leaf': 0.2953740214942682, 'max_features': 0.5828363748972561, 'bootstrap': True, 'max_samples': 0.9888689457739547, 'oob_score': True}. Best is trial 88 with value: 0.7533408627023566.[0m
[32m[I 2022-04-13 15:03:40,938][0m Trial 131 finished with value: 0.7397923619468701 and parameters: {'n_estimators': 759, 'min_samples_split': 0.1676657294482801, 'min_samples_leaf': 0.045216403829675, 'min_weight_fraction_leaf': 0.018892263934155558, 'max_features': 0.5984333637504812, 'bootstrap': True, 'max_samples': 0.6782416945336939, 'oob_score': True}. Best is trial 88 with value: 0.7533408627023566.[0m
[32m[I 2022-04-13 15:03:59,217][0m Trial 132 finished with value: 0.7410344486983023 and parameters: {'n_estimators': 861, 'min_samples_split': 0.18618064209914606, 'min_samples_leaf': 0.032429305425247065, 'min_weight_fraction_leaf': 0.03410946034488417, 'max_features': 0.5191952211069094, 'bootstrap': True, 'max_samples': 0.7204085291294529, 'oob_score': True}. Best is trial 88 with value: 0.7533408627023566.[0m
