[32m[I 2022-04-13 15:32:44,241][0m Trial 293 finished with value: 0.7407933157641575 and parameters: {'n_estimators': 335, 'min_samples_split': 0.17000926294484847, 'min_samples_leaf': 0.061970854253853624, 'min_weight_fraction_leaf': 0.04232531707398744, 'max_features': 0.5972338956004251, 'bootstrap': False, 'max_samples': 0.7295983438122323}. Best is trial 88 with value: 0.7533408627023566.[0m
[32m[I 2022-04-13 15:32:53,628][0m Trial 294 finished with value: 0.7370687247589592 and parameters: {'n_estimators': 441, 'min_samples_split': 0.19062298119033383, 'min_samples_leaf': 0.04857090407916152, 'min_weight_fraction_leaf': 0.07081815065191449, 'max_features': 0.5017293120242062, 'bootstrap': False, 'max_samples': 0.7754285902216013}. Best is trial 88 with value: 0.7533408627023566.[0m
[32m[I 2022-04-13 15:33:04,161][0m Trial 295 finished with value: 0.7505682279880264 and parameters: {'n_estimators': 549, 'min_samples_split': 0.17856126800123887, 'min_samples_leaf': 0.03030985552853788, 'min_weight_fraction_leaf': 0.052397079128706676, 'max_features': 0.5858419130348294, 'bootstrap': False, 'max_samples': 0.7951982098381972}. Best is trial 88 with value: 0.7533408627023566.[0m
[32m[I 2022-04-13 15:33:16,846][0m Trial 296 finished with value: 0.7428812761559891 and parameters: {'n_estimators': 550, 'min_samples_split': 0.1606953254461313, 'min_samples_leaf': 0.032442981380862226, 'min_weight_fraction_leaf': 0.0569226720732353, 'max_features': 0.5404387221062585, 'bootstrap': False, 'max_samples': 0.8059450698591872}. Best is trial 88 with value: 0.7533408627023566.[0m
[32m[I 2022-04-13 15:33:27,212][0m Trial 297 finished with value: 0.7478519530974017 and parameters: {'n_estimators': 587, 'min_samples_split': 0.1914051024572691, 'min_samples_leaf': 0.0564439684993589, 'min_weight_fraction_leaf': 0.05267935974842494, 'max_features': 0.5638766175308569, 'bootstrap': False, 'max_samples': 0.7178799635786526}. Best is trial 88 with value: 0.7533408627023566.[0m
[32m[I 2022-04-13 15:33:36,995][0m Trial 298 finished with value: 0.7296299389633049 and parameters: {'n_estimators': 555, 'min_samples_split': 0.17701498695193774, 'min_samples_leaf': 0.07898723316799904, 'min_weight_fraction_leaf': 0.06677378829870943, 'max_features': 0.61398469055318, 'bootstrap': False, 'max_samples': 0.7471594178883328}. Best is trial 88 with value: 0.7533408627023566.[0m
[32m[I 2022-04-13 15:33:43,437][0m Trial 299 finished with value: 0.7447106008090951 and parameters: {'n_estimators': 247, 'min_samples_split': 0.19569423917448095, 'min_samples_leaf': 0.026839430934635915, 'min_weight_fraction_leaf': 0.04954112472925577, 'max_features': 0.5770163499173392, 'bootstrap': False, 'max_samples': 0.694326054838548}. Best is trial 88 with value: 0.7533408627023566.[0m
[32m[I 2022-04-13 15:33:55,197][0m Trial 300 finished with value: 0.7493535573033567 and parameters: {'n_estimators': 525, 'min_samples_split': 0.16841903388927035, 'min_samples_leaf': 0.04750012109467297, 'min_weight_fraction_leaf': 0.0417692147824245, 'max_features': 0.5519324047237277, 'bootstrap': False, 'max_samples': 0.7906691122135996}. Best is trial 88 with value: 0.7533408627023566.[0m
[32m[I 2022-04-13 15:34:06,220][0m Trial 301 finished with value: 0.7294780945186761 and parameters: {'n_estimators': 571, 'min_samples_split': 0.18403750464175447, 'min_samples_leaf': 0.03042682383007194, 'min_weight_fraction_leaf': 0.14732417085738575, 'max_features': 0.6283604532038493, 'bootstrap': False, 'max_samples': 0.7326451814770503}. Best is trial 88 with value: 0.7533408627023566.[0m
[32m[I 2022-04-13 15:34:09,931][0m Trial 302 finished with value: 0.739028712374752 and parameters: {'n_estimators': 113, 'min_samples_split': 0.19511130383609138, 'min_samples_leaf': 0.04292016721858032, 'min_weight_fraction_leaf': 0.07638835425155208, 'max_features': 0.5848614882885653, 'bootstrap': False, 'max_samples': 0.7111054811456257}. Best is trial 88 with value: 0.7533408627023566.[0m
[32m[I 2022-04-13 15:34:20,037][0m Trial 303 finished with value: 0.7380437822468694 and parameters: {'n_estimators': 547, 'min_samples_split': 0.17877038111030663, 'min_samples_leaf': 0.06664186290404357, 'min_weight_fraction_leaf': 0.060607426735399234, 'max_features': 0.5300711868741159, 'bootstrap': False, 'max_samples': 0.755139017951881}. Best is trial 88 with value: 0.7533408627023566.[0m
[32m[I 2022-04-13 15:34:30,112][0m Trial 304 finished with value: 0.7380194550507733 and parameters: {'n_estimators': 526, 'min_samples_split': 0.1568769898522778, 'min_samples_leaf': 0.05789299692565934, 'min_weight_fraction_leaf': 0.026332671911120743, 'max_features': 0.5625521749690852, 'bootstrap': False, 'max_samples': 0.7300303704986637}. Best is trial 88 with value: 0.7533408627023566.[0m
[32m[I 2022-04-13 15:34:41,899][0m Trial 305 finished with value: 0.743601605025756 and parameters: {'n_estimators': 587, 'min_samples_split': 0.21359382702012328, 'min_samples_leaf': 0.031392765750246285, 'min_weight_fraction_leaf': 0.04930243213501474, 'max_features': 0.6051127529274901, 'bootstrap': False, 'max_samples': 0.6709821613860694}. Best is trial 88 with value: 0.7533408627023566.[0m
[32m[I 2022-04-13 15:34:52,683][0m Trial 306 finished with value: 0.7484858970823506 and parameters: {'n_estimators': 509, 'min_samples_split': 0.17061652855970952, 'min_samples_leaf': 0.04770582231205877, 'min_weight_fraction_leaf': 0.039789699662830226, 'max_features': 0.5425794968214264, 'bootstrap': False, 'max_samples': 0.831487274023337}. Best is trial 88 with value: 0.7533408627023566.[0m
[32m[I 2022-04-13 15:35:04,496][0m Trial 307 finished with value: 0.7460054955215313 and parameters: {'n_estimators': 556, 'min_samples_split': 0.18698762564736618, 'min_samples_leaf': 0.0393507302577529, 'min_weight_fraction_leaf': 0.06363261462838554, 'max_features': 0.5008664018839963, 'bootstrap': False, 'max_samples': 0.693620850964814}. Best is trial 88 with value: 0.7533408627023566.[0m
[32m[I 2022-04-13 15:35:12,690][0m Trial 308 finished with value: 0.7307646798899017 and parameters: {'n_estimators': 517, 'min_samples_split': 0.19788272748735944, 'min_samples_leaf': 0.054653941884412575, 'min_weight_fraction_leaf': 0.16250169088237343, 'max_features': 0.5779700755905107, 'bootstrap': False, 'max_samples': 0.7550270801168809}. Best is trial 88 with value: 0.7533408627023566.[0m
[32m[I 2022-04-13 15:35:22,207][0m Trial 309 finished with value: 0.7441881633376142 and parameters: {'n_estimators': 587, 'min_samples_split': 0.1853613486017318, 'min_samples_leaf': 0.07130582919780765, 'min_weight_fraction_leaf': 0.051798200349376065, 'max_features': 0.5905441227381679, 'bootstrap': False, 'max_samples': 0.7201798280080239}. Best is trial 88 with value: 0.7533408627023566.[0m
[32m[I 2022-04-13 15:35:35,097][0m Trial 310 finished with value: 0.7493491262284993 and parameters: {'n_estimators': 543, 'min_samples_split': 0.174359581625425, 'min_samples_leaf': 0.026929721938166562, 'min_weight_fraction_leaf': 0.03530346075532603, 'max_features': 0.5554153546964241, 'bootstrap': False, 'max_samples': 0.7833306817956855}. Best is trial 88 with value: 0.7533408627023566.[0m
[32m[I 2022-04-13 15:35:45,825][0m Trial 311 finished with value: 0.7342001211413409 and parameters: {'n_estimators': 493, 'min_samples_split': 0.21889613893513013, 'min_samples_leaf': 0.04173205137044249, 'min_weight_fraction_leaf': 0.044337749271365606, 'max_features': 0.6254429650361514, 'bootstrap': False, 'max_samples': 0.7416467946142578}. Best is trial 88 with value: 0.7533408627023566.[0m
[32m[I 2022-04-13 15:35:53,444][0m Trial 312 finished with value: 0.6698657851238338 and parameters: {'n_estimators': 557, 'min_samples_split': 0.19378589753759104, 'min_samples_leaf': 0.05286634133737813, 'min_weight_fraction_leaf': 0.21676462166332433, 'max_features': 0.53569812856668, 'bootstrap': False, 'max_samples': 0.7041795243895874}. Best is trial 88 with value: 0.7533408627023566.[0m
[32m[I 2022-04-13 15:35:58,450][0m Trial 313 finished with value: 0.7021877788291713 and parameters: {'n_estimators': 526, 'min_samples_split': 0.20319526146518074, 'min_samples_leaf': 0.14896566572764502, 'min_weight_fraction_leaf': 0.02584174803944762, 'max_features': 0.09230051586424859, 'bootstrap': False, 'max_samples': 0.7653782568342283}. Best is trial 88 with value: 0.7533408627023566.[0m
[32m[I 2022-04-13 15:36:11,197][0m Trial 314 finished with value: 0.7428812761559891 and parameters: {'n_estimators': 585, 'min_samples_split': 0.16135096441251126, 'min_samples_leaf': 0.03465821285236982, 'min_weight_fraction_leaf': 0.05826085895436063, 'max_features': 0.5686109725247936, 'bootstrap': False, 'max_samples': 0.6817061433366208}. Best is trial 88 with value: 0.7533408627023566.[0m
[32m[I 2022-04-13 15:36:24,994][0m Trial 315 finished with value: 0.7404486389374597 and parameters: {'n_estimators': 617, 'min_samples_split': 0.17835898400146916, 'min_samples_leaf': 0.024216114501475865, 'min_weight_fraction_leaf': 0.07078977924300978, 'max_features': 0.6019076722183329, 'bootstrap': False, 'max_samples': 0.724107259123728}. Best is trial 88 with value: 0.7533408627023566.[0m
[32m[I 2022-04-13 15:36:30,305][0m Trial 316 finished with value: 0.3936656465496721 and parameters: {'n_estimators': 544, 'min_samples_split': 0.1866316434380789, 'min_samples_leaf': 0.4450434376526884, 'min_weight_fraction_leaf': 0.03465189780300682, 'max_features': 0.5080965028680744, 'bootstrap': False, 'max_samples': 0.745250509944869}. Best is trial 88 with value: 0.7533408627023566.[0m
[32m[I 2022-04-13 15:36:42,292][0m Trial 317 finished with value: 0.7277488181306657 and parameters: {'n_estimators': 511, 'min_samples_split': 0.1684767456467532, 'min_samples_leaf': 0.06119456060574068, 'min_weight_fraction_leaf': 0.05073043380782311, 'max_features': 0.6622104599684826, 'bootstrap': False, 'max_samples': 0.8032500146204483}. Best is trial 88 with value: 0.7533408627023566.[0m
[32m[I 2022-04-13 15:36:51,753][0m Trial 318 finished with value: 0.7441541490842676 and parameters: {'n_estimators': 476, 'min_samples_split': 0.20705698259395156, 'min_samples_leaf': 0.04031918390930449, 'min_weight_fraction_leaf': 0.04139357876346974, 'max_features': 0.5702921403927207, 'bootstrap': False, 'max_samples': 0.7078888637945113}. Best is trial 88 with value: 0.7533408627023566.[0m
[32m[I 2022-04-13 15:37:03,223][0m Trial 319 finished with value: 0.7487082970848016 and parameters: {'n_estimators': 571, 'min_samples_split': 0.19649697342159997, 'min_samples_leaf': 0.043382881263356474, 'min_weight_fraction_leaf': 0.025758563573690968, 'max_features': 0.5474318181568532, 'bootstrap': False, 'max_samples': 0.7716381341499196}. Best is trial 88 with value: 0.7533408627023566.[0m
[32m[I 2022-04-13 15:37:09,602][0m Trial 320 finished with value: 0.39867296165974075 and parameters: {'n_estimators': 533, 'min_samples_split': 0.18108031421812232, 'min_samples_leaf': 0.051184271659272466, 'min_weight_fraction_leaf': 0.47506044316632756, 'max_features': 0.5965340197524388, 'bootstrap': False, 'max_samples': 0.7293399533585806}. Best is trial 88 with value: 0.7533408627023566.[0m
[32m[I 2022-04-13 15:37:20,755][0m Trial 321 finished with value: 0.7325326007483509 and parameters: {'n_estimators': 497, 'min_samples_split': 0.19260440179520635, 'min_samples_leaf': 0.01939551098721832, 'min_weight_fraction_leaf': 0.09131125407683557, 'max_features': 0.5310845651122659, 'bootstrap': False, 'max_samples': 0.6709043372582622}. Best is trial 88 with value: 0.7533408627023566.[0m
[32m[I 2022-04-13 15:37:35,072][0m Trial 322 finished with value: 0.7278591113512081 and parameters: {'n_estimators': 595, 'min_samples_split': 0.15679485298327306, 'min_samples_leaf': 0.03308947201457988, 'min_weight_fraction_leaf': 0.056373456800984975, 'max_features': 0.6309367330001637, 'bootstrap': False, 'max_samples': 0.7527836428644455}. Best is trial 88 with value: 0.7533408627023566.[0m
[32m[I 2022-04-13 15:37:45,987][0m Trial 323 finished with value: 0.745883205125419 and parameters: {'n_estimators': 567, 'min_samples_split': 0.1712579085487541, 'min_samples_leaf': 0.06493793886820605, 'min_weight_fraction_leaf': 0.04380687304086369, 'max_features': 0.5755249134719811, 'bootstrap': False, 'max_samples': 0.6922290994100031}. Best is trial 88 with value: 0.7533408627023566.[0m
[32m[I 2022-04-13 15:37:54,887][0m Trial 324 finished with value: 0.6977838908843529 and parameters: {'n_estimators': 635, 'min_samples_split': 0.2144073025006871, 'min_samples_leaf': 0.04776548435247596, 'min_weight_fraction_leaf': 0.19178512264081632, 'max_features': 0.6155540904556822, 'bootstrap': False, 'max_samples': 0.785671684942202}. Best is trial 88 with value: 0.7533408627023566.[0m
[32m[I 2022-04-13 15:38:03,967][0m Trial 325 finished with value: 0.7366979290270425 and parameters: {'n_estimators': 516, 'min_samples_split': 0.20194285898182524, 'min_samples_leaf': 0.07979741475525659, 'min_weight_fraction_leaf': 0.06521923204738159, 'max_features': 0.5504466270868569, 'bootstrap': False, 'max_samples': 0.7203572252547111}. Best is trial 88 with value: 0.7533408627023566.[0m
[32m[I 2022-04-13 15:38:15,891][0m Trial 326 finished with value: 0.7483313548176938 and parameters: {'n_estimators': 544, 'min_samples_split': 0.18395713601687835, 'min_samples_leaf': 0.0283900527128543, 'min_weight_fraction_leaf': 0.03153379895386579, 'max_features': 0.5879089001773686, 'bootstrap': False, 'max_samples': 0.7485118302457784}. Best is trial 88 with value: 0.7533408627023566.[0m
[32m[I 2022-04-13 15:38:24,407][0m Trial 327 finished with value: 0.748339832803459 and parameters: {'n_estimators': 463, 'min_samples_split': 0.1924782248942099, 'min_samples_leaf': 0.0574450272034738, 'min_weight_fraction_leaf': 0.05201073408555566, 'max_features': 0.516736946614371, 'bootstrap': False, 'max_samples': 0.7060465874351892}. Best is trial 88 with value: 0.7533408627023566.[0m
[32m[I 2022-04-13 15:38:29,952][0m Trial 328 finished with value: 0.7315101702998404 and parameters: {'n_estimators': 369, 'min_samples_split': 0.17524967959458956, 'min_samples_leaf': 0.09602908975309865, 'min_weight_fraction_leaf': 0.08220225591031724, 'max_features': 0.48160544160906327, 'bootstrap': False, 'max_samples': 0.7647827043320718}. Best is trial 88 with value: 0.7533408627023566.[0m
[32m[I 2022-04-13 15:38:42,511][0m Trial 329 finished with value: 0.750348059875363 and parameters: {'n_estimators': 562, 'min_samples_split': 0.16484453844989544, 'min_samples_leaf': 0.03896360995383656, 'min_weight_fraction_leaf': 0.03755837349223247, 'max_features': 0.5615367032577967, 'bootstrap': False, 'max_samples': 0.7355233985318153}. Best is trial 88 with value: 0.7533408627023566.[0m
[32m[I 2022-04-13 15:38:50,107][0m Trial 330 finished with value: 0.6812918445494093 and parameters: {'n_estimators': 578, 'min_samples_split': 0.15222136403280637, 'min_samples_leaf': 0.02318586703787808, 'min_weight_fraction_leaf': 0.2909270015892686, 'max_features': 0.5572923190401824, 'bootstrap': False, 'max_samples': 0.7262251731095083}. Best is trial 88 with value: 0.7533408627023566.[0m
[32m[I 2022-04-13 15:39:03,620][0m Trial 331 finished with value: 0.7356106119143347 and parameters: {'n_estimators': 521, 'min_samples_split': 0.16277705808168855, 'min_samples_leaf': 0.03623518394536003, 'min_weight_fraction_leaf': 0.020909855047296828, 'max_features': 0.6954697820716951, 'bootstrap': False, 'max_samples': 0.6871861047121441}. Best is trial 88 with value: 0.7533408627023566.[0m
[32m[I 2022-04-13 15:39:10,887][0m Trial 332 finished with value: 0.7514237837613964 and parameters: {'n_estimators': 292, 'min_samples_split': 0.16707084579167122, 'min_samples_leaf': 0.03871128559636797, 'min_weight_fraction_leaf': 0.03453926833485868, 'max_features': 0.5313419091068358, 'bootstrap': False, 'max_samples': 0.7369819957514376}. Best is trial 88 with value: 0.7533408627023566.[0m
[32m[I 2022-04-13 15:39:23,064][0m Trial 333 finished with value: 0.74696965511779 and parameters: {'n_estimators': 614, 'min_samples_split': 0.150729979981284, 'min_samples_leaf': 0.05077941609621216, 'min_weight_fraction_leaf': 0.03537650909854969, 'max_features': 0.5354724191758701, 'bootstrap': False, 'max_samples': 0.8096409971458806}. Best is trial 88 with value: 0.7533408627023566.[0m
[32m[I 2022-04-13 15:39:29,191][0m Trial 334 finished with value: 0.7495615609893044 and parameters: {'n_estimators': 296, 'min_samples_split': 0.1791370564413377, 'min_samples_leaf': 0.04176594926285048, 'min_weight_fraction_leaf': 0.03970239828326951, 'max_features': 0.5251391873318352, 'bootstrap': False, 'max_samples': 0.7365808293245591}. Best is trial 88 with value: 0.7533408627023566.[0m
[32m[I 2022-04-13 15:39:34,734][0m Trial 335 finished with value: 0.7427442052735792 and parameters: {'n_estimators': 276, 'min_samples_split': 0.16124900374960321, 'min_samples_leaf': 0.06645666127410063, 'min_weight_fraction_leaf': 0.058983220232636975, 'max_features': 0.49883116767769037, 'bootstrap': False, 'max_samples': 0.773047455069105}. Best is trial 88 with value: 0.7533408627023566.[0m
[32m[I 2022-04-13 15:39:41,192][0m Trial 336 finished with value: 0.7532349474470523 and parameters: {'n_estimators': 286, 'min_samples_split': 0.20659924406306648, 'min_samples_leaf': 0.054993818333816016, 'min_weight_fraction_leaf': 0.04612935305520411, 'max_features': 0.5462981884330873, 'bootstrap': False, 'max_samples': 0.7064585028982214}. Best is trial 88 with value: 0.7533408627023566.[0m
[32m[I 2022-04-13 15:39:46,826][0m Trial 337 finished with value: 0.7422614022851104 and parameters: {'n_estimators': 258, 'min_samples_split': 0.20551589526652125, 'min_samples_leaf': 0.05601260944848078, 'min_weight_fraction_leaf': 0.07113373465351958, 'max_features': 0.5100137566712206, 'bootstrap': False, 'max_samples': 0.6990268657601584}. Best is trial 88 with value: 0.7533408627023566.[0m
[32m[I 2022-04-13 15:39:52,493][0m Trial 338 finished with value: 0.7430600218813603 and parameters: {'n_estimators': 289, 'min_samples_split': 0.18253875170732486, 'min_samples_leaf': 0.07562471815704493, 'min_weight_fraction_leaf': 0.04916755900483515, 'max_features': 0.543373888267789, 'bootstrap': False, 'max_samples': 0.665265040614677}. Best is trial 88 with value: 0.7533408627023566.[0m
[32m[I 2022-04-13 15:40:00,351][0m Trial 339 finished with value: 0.7476842593612419 and parameters: {'n_estimators': 313, 'min_samples_split': 0.16902552676981208, 'min_samples_leaf': 0.01795379929135085, 'min_weight_fraction_leaf': 0.032772325647947756, 'max_features': 0.5278996273421037, 'bootstrap': False, 'max_samples': 0.709724019684665}. Best is trial 88 with value: 0.7533408627023566.[0m
[32m[I 2022-04-13 15:40:06,513][0m Trial 340 finished with value: 0.7382114141792571 and parameters: {'n_estimators': 275, 'min_samples_split': 0.21664306055293422, 'min_samples_leaf': 0.036260252451825264, 'min_weight_fraction_leaf': 0.062220894675301654, 'max_features': 0.557482952752845, 'bootstrap': False, 'max_samples': 0.7904406139418089}. Best is trial 88 with value: 0.7533408627023566.[0m
[32m[I 2022-04-13 15:40:11,676][0m Trial 341 finished with value: 0.5691154857786918 and parameters: {'n_estimators': 499, 'min_samples_split': 0.19292874466203822, 'min_samples_leaf': 0.11329545575951203, 'min_weight_fraction_leaf': 0.4014328198739291, 'max_features': 0.4718842274408939, 'bootstrap': False, 'max_samples': 0.7439235149048784}. Best is trial 88 with value: 0.7533408627023566.[0m
[32m[I 2022-04-13 15:40:17,284][0m Trial 342 finished with value: 0.7460801050818684 and parameters: {'n_estimators': 265, 'min_samples_split': 0.1782965722220499, 'min_samples_leaf': 0.059210303405098474, 'min_weight_fraction_leaf': 0.02427582651374657, 'max_features': 0.5614660204272891, 'bootstrap': False, 'max_samples': 0.6798872771812807}. Best is trial 88 with value: 0.7533408627023566.[0m
[32m[I 2022-04-13 15:40:23,676][0m Trial 343 finished with value: 0.7525615177330595 and parameters: {'n_estimators': 306, 'min_samples_split': 0.20727646066964658, 'min_samples_leaf': 0.04828601534846212, 'min_weight_fraction_leaf': 0.05458993441654851, 'max_features': 0.5291093050147282, 'bootstrap': False, 'max_samples': 0.7658749370875196}. Best is trial 88 with value: 0.7533408627023566.[0m
[32m[I 2022-04-13 15:40:30,774][0m Trial 344 finished with value: 0.751284802498723 and parameters: {'n_estimators': 315, 'min_samples_split': 0.21027835850034501, 'min_samples_leaf': 0.048533424376143906, 'min_weight_fraction_leaf': 0.054773203776850424, 'max_features': 0.5098724648045195, 'bootstrap': False, 'max_samples': 0.7708301040650686}. Best is trial 88 with value: 0.7533408627023566.[0m
[32m[I 2022-04-13 15:40:36,666][0m Trial 345 finished with value: 0.7313630719483306 and parameters: {'n_estimators': 304, 'min_samples_split': 0.22332720119457783, 'min_samples_leaf': 0.06697904887461185, 'min_weight_fraction_leaf': 0.07883974127578695, 'max_features': 0.49618957975389544, 'bootstrap': False, 'max_samples': 0.7890178422212194}. Best is trial 88 with value: 0.7533408627023566.[0m
[32m[I 2022-04-13 15:40:43,560][0m Trial 346 finished with value: 0.7392709942769276 and parameters: {'n_estimators': 321, 'min_samples_split': 0.21125539058419318, 'min_samples_leaf': 0.0492288960487198, 'min_weight_fraction_leaf': 0.06626560745667599, 'max_features': 0.5273157252410672, 'bootstrap': False, 'max_samples': 0.8605594372561151}. Best is trial 88 with value: 0.7533408627023566.[0m
